Device Intialization started * 15-04-2025 11:01:17.957
Command Sent (SeqNo: 0, Retry: 0) SET TEMPERATURE - With RA:0 - #0,10,37*84ca  * 15-04-2025 11:01:18.16
CRC-Response (SeqNo: 0) - 0,10,F000*1ae9 * 15-04-2025 11:01:18.265
Command Sent (SeqNo: 1, Retry: 0) WATER VALVE - 1 CONTROL ON - With RA:0 - #1,13,1,1*7feb  * 15-04-2025 11:01:20.82
CRC-Response (SeqNo: 1) - 1,13,F000*b9e4 * 15-04-2025 11:01:20.195
Command Sent (SeqNo: 2, Retry: 0) WATER VALVE - 2 CONTROL ON - With RA:0 - #2,13,2,1*6a5b  * 15-04-2025 11:01:20.774
CRC-Response (SeqNo: 2) - 2,13,F000*49f0 * 15-04-2025 11:01:20.894
Command Sent (SeqNo: 3, Retry: 0) WATER VALVE - 3 CONTROL ON - With RA:0 - #3,13,3,1*66cb  * 15-04-2025 11:01:21.477
CRC-Response (SeqNo: 3) - 3,13,F000*d9fd * 15-04-2025 11:01:21.598
Command Sent (SeqNo: 4, Retry: 0) WATER VALVE - 4 CONTROL ON - With RA:0 - #4,13,4,1*413b  * 15-04-2025 11:01:22.180
CRC-Response (SeqNo: 4) - 4,13,F000*e9db * 15-04-2025 11:01:22.301
Command Sent (SeqNo: 5, Retry: 0) WATER VALVE - 5 CONTROL ON - With RA:0 - #5,13,5,1*4dab  * 15-04-2025 11:01:22.884
CRC-Response (SeqNo: 5) - 5,13,F000*79d6 * 15-04-2025 11:01:23.6
Command Sent (SeqNo: 6, Retry: 0) WATER VALVE - 6 CONTROL ON - With RA:0 - #6,13,6,1*581b  * 15-04-2025 11:01:23.586
CRC-Response (SeqNo: 6) - 6,13,F000*89c2 * 15-04-2025 11:01:23.704
Command Sent (SeqNo: 7, Retry: 0) Home Command - With RA:0 - #7,5,01111111*7248  * 15-04-2025 11:01:24.288
CRC-Response (SeqNo: 7) - 7,5,I001,01111111*9f02 * 15-04-2025 11:01:24.408
CRC-Response (SeqNo: 7) - 7,5,F000*0b7a * 15-04-2025 11:01:24.411
Command Sent (SeqNo: 8, Retry: 0) Home Command - With RA:0 - #8,5,01111111*665c  * 15-04-2025 11:01:26.500
CRC-Response (SeqNo: 8) - 8,5,I001,01111111*6c37 * 15-04-2025 11:01:26.622
CRC-Response (SeqNo: 8) - 8,5,F000*4b3a * 15-04-2025 11:01:26.625
Command Sent (SeqNo: 9, Retry: 0) Level Sensing For U1 - With RA:0 - #9,4,61124,16380,0,0*18e8  * 15-04-2025 11:01:27.706
CRC-Response (SeqNo: 9) - 9,4,I001*8238 * 15-04-2025 11:01:27.819
CRC-Response (SeqNo: 9) - 9,4,F000,959*17df * 15-04-2025 11:01:31.956
U1 Value - 959 * 15-04-2025 11:01:31.989
Command Sent (SeqNo: 10, Retry: 0) Level Sensing For U2 - With RA:0 - #10,4,57494,16380,0,0*46e3  * 15-04-2025 11:01:32.557
CRC-Response (SeqNo: 10) - 10,4,I001*82eb * 15-04-2025 11:01:32.677
CRC-Response (SeqNo: 10) - 10,4,F000,972*34a7 * 15-04-2025 11:01:34.952
U2 Value - 972 * 15-04-2025 11:01:34.974
Command Sent (SeqNo: 11, Retry: 0) Level Sensing For U3 - With RA:0 - #11,4,53864,16380,0,0*a6de  * 15-04-2025 11:01:35.536
CRC-Response (SeqNo: 11) - 11,4,I001*4e2a * 15-04-2025 11:01:35.656
CRC-Response (SeqNo: 11) - 11,4,F000,965*a51a * 15-04-2025 11:01:37.933
U3 Value - 965 * 15-04-2025 11:01:37.954
Command Sent (SeqNo: 12, Retry: 0) Level Sensing For U4 - With RA:0 - #12,4,50234,16380,0,0*e78d  * 15-04-2025 11:01:38.499
CRC-Response (SeqNo: 12) - 12,4,I001*5b6a * 15-04-2025 11:01:38.620
CRC-Response (SeqNo: 12) - 12,4,F000,960*a2de * 15-04-2025 11:01:40.905
U4 Value - 960 * 15-04-2025 11:01:40.923
Command Sent (SeqNo: 13, Retry: 0) Level Sensing For U5 - With RA:0 - #13,4,46604,16380,0,0*9d7d  * 15-04-2025 11:01:41.486
CRC-Response (SeqNo: 13) - 13,4,I001*97ab * 15-04-2025 11:01:41.605
CRC-Response (SeqNo: 13) - 13,4,F000,956*93a3 * 15-04-2025 11:01:43.886
U5 Value - 956 * 15-04-2025 11:01:43.901
Command Sent (SeqNo: 14, Retry: 0) Level Sensing For U6 - With RA:0 - #14,4,42974,16380,0,0*e92c  * 15-04-2025 11:01:44.456
CRC-Response (SeqNo: 14) - 14,4,I001*71ea * 15-04-2025 11:01:44.574
CRC-Response (SeqNo: 14) - 14,4,F000,967*6897 * 15-04-2025 11:01:46.861
U6 Value - 967 * 15-04-2025 11:01:46.883
Command Sent (SeqNo: 0, Retry: 0) SET TEMPERATURE - With RA:0 - #0,10,32*870a  * 15-04-2025 11:03:10.534
CRC-Response (SeqNo: 0) - 0,10,F000*1ae9 * 15-04-2025 11:03:10.755
Command Sent (SeqNo: 1, Retry: 0) HEATER ON - With RA:0 - #1,12,1*dbe7  * 15-04-2025 11:03:11.864
CRC-Response (SeqNo: 1) - 1,12,F000*68e5 * 15-04-2025 11:03:11.975
Command Sent (SeqNo: 2, Retry: 0) HEATER DOOR CLOSE - With RA:0 - #2,8,1,0*21eb  * 15-04-2025 11:03:12.548
CRC-Response (SeqNo: 2) - 2,8,I001*fd79 * 15-04-2025 11:03:12.669
CRC-Response (SeqNo: 2) - 2,8,F000*29bb * 15-04-2025 11:03:13.13
Command Sent (SeqNo: 3, Retry: 0) READ TEMPERATURE - With RA:0 - #3,11*ed1a  * 15-04-2025 11:03:13.603
CRC-Response (SeqNo: 3) - 3,11,F000,-273*7032 * 15-04-2025 11:03:13.718
Command Sent (SeqNo: 4, Retry: 0) READ TEMPERATURE - With RA:0 - #4,11*991b  * 15-04-2025 11:03:28.810
CRC-Response (SeqNo: 4) - 4,11,F000,545*9384 * 15-04-2025 11:03:28.936
Command Sent (SeqNo: 5, Retry: 0) READ TEMPERATURE - With RA:0 - #5,11*651a  * 15-04-2025 11:03:32.560
CRC-Response (SeqNo: 5) - 5,11,F000,545*1286 * 15-04-2025 11:03:32.679
Command Sent (SeqNo: 6, Retry: 0) WATER VALVE - 1 CONTROL OFF - With RA:0 - #6,13,1,0*596b  * 15-04-2025 11:03:44.12
CRC-Response (SeqNo: 6) - 6,13,F000*89c2 * 15-04-2025 11:03:44.124
Command Sent (SeqNo: 7, Retry: 0) WATER VALVE - 2 CONTROL OFF - With RA:0 - #7,13,2,0*955a  * 15-04-2025 11:03:44.704
CRC-Response (SeqNo: 7) - 7,13,F000*19cf * 15-04-2025 11:03:44.812
Command Sent (SeqNo: 8, Retry: 0) WATER VALVE - 3 CONTROL OFF - With RA:0 - #8,13,3,0*154b  * 15-04-2025 11:03:45.376
CRC-Response (SeqNo: 8) - 8,13,F000*e98e * 15-04-2025 11:03:45.498
Command Sent (SeqNo: 9, Retry: 0) WATER VALVE - 4 CONTROL OFF - With RA:0 - #9,13,4,0*183b  * 15-04-2025 11:03:46.70
CRC-Response (SeqNo: 9) - 9,13,F000*7983 * 15-04-2025 11:03:46.189
Command Sent (SeqNo: 10, Retry: 0) WATER VALVE - 5 CONTROL OFF - With RA:0 - #10,13,5,0*d8b9  * 15-04-2025 11:03:46.768
CRC-Response (SeqNo: 10) - 10,13,F000*e4c2 * 15-04-2025 11:03:46.887
Command Sent (SeqNo: 11, Retry: 0) WATER VALVE - 6 CONTROL OFF - With RA:0 - #11,13,6,0*1488  * 15-04-2025 11:03:47.452
CRC-Response (SeqNo: 11) - 11,13,F000*74cf * 15-04-2025 11:03:47.560
Command Sent (SeqNo: 12, Retry: 0) Home Command - With RA:0 - #12,5,01111111*e660  * 15-04-2025 11:03:48.123
CRC-Response (SeqNo: 12) - 12,5,I001,01111111*a94e * 15-04-2025 11:03:48.233
CRC-Response (SeqNo: 12) - 12,5,F000*5ea9 * 15-04-2025 11:03:48.237
Command Sent (SeqNo: 13, Retry: 0) Home Command - With RA:0 - #13,5,01111111*259d  * 15-04-2025 11:03:50.329
CRC-Response (SeqNo: 13) - 13,5,I001,01111111*391f * 15-04-2025 11:03:50.494
CRC-Response (SeqNo: 13) - 13,5,F000*9268 * 15-04-2025 11:03:50.501
Command Sent (SeqNo: 14, Retry: 0) Level Sensing For L1 - With RA:0 - #14,4,17564,16380,0,0*e000  * 15-04-2025 11:03:51.580
CRC-Response (SeqNo: 14) - 14,4,I001*71ea * 15-04-2025 11:03:51.696
CRC-Response (SeqNo: 14) - 14,4,F000,959*5c16 * 15-04-2025 11:03:59.992
L1 Value - 959 * 15-04-2025 11:04:00.17
Command Sent (SeqNo: 15, Retry: 0) Level Sensing For L2 - With RA:0 - #15,4,13934,16380,0,0*1825  * 15-04-2025 11:04:00.589
CRC-Response (SeqNo: 15) - 15,4,I001*bd2b * 15-04-2025 11:04:00.706
CRC-Response (SeqNo: 15) - 15,4,F000,964*aa2a * 15-04-2025 11:04:02.988
L2 Value - 964 * 15-04-2025 11:04:03.6
Command Sent (SeqNo: 16, Retry: 0) Level Sensing For L3 - With RA:0 - #16,4,10304,16380,0,0*517e  * 15-04-2025 11:04:03.571
CRC-Response (SeqNo: 16) - 16,4,I001*a86b * 15-04-2025 11:04:03.691
CRC-Response (SeqNo: 16) - 16,4,F000,958*5b2e * 15-04-2025 11:04:05.967
L3 Value - 958 * 15-04-2025 11:04:05.989
Command Sent (SeqNo: 17, Retry: 0) Home Command - With RA:0 - #17,5,01111111*ea6c  * 15-04-2025 11:04:06.551
CRC-Response (SeqNo: 17) - 17,5,I001,01111111*f85d * 15-04-2025 11:04:06.666
CRC-Response (SeqNo: 17) - 17,5,F000*6169 * 15-04-2025 11:04:06.671
Command Sent (SeqNo: 18, Retry: 0) Home Command - With RA:0 - #18,5,01111111*fe78  * 15-04-2025 11:04:08.263
CRC-Response (SeqNo: 18) - 18,5,I001,01111111*0b68 * 15-04-2025 11:04:08.382
CRC-Response (SeqNo: 18) - 18,5,F000*2129 * 15-04-2025 11:04:08.386
Rack - 1Protocol Started * 15-04-2025 11:04:09.680
Command Sent (SeqNo: 19, Retry: 0) Rack-1 Picked from L1 - With RA:2 - #19,2,2,17564,16380,0,0*e7b4  * 15-04-2025 11:04:09.787
CRC-Response (SeqNo: 19) - 19,2,I001,2*8103 * 15-04-2025 11:04:09.910
CRC-Response (SeqNo: 19) - 19,2,F000,2*be52 * 15-04-2025 11:04:17.81
RA Picked Rack From L1 * 15-04-2025 11:04:17.88
Command Sent (SeqNo: 20, Retry: 0) Rack-1 Placed in H1 - With RA:2 - #20,3,2,2688,1000,0,1*a10c  * 15-04-2025 11:04:17.418
CRC-Response (SeqNo: 20) - 20,3,I001,2*261d * 15-04-2025 11:04:17.546
CRC-Response (SeqNo: 20) - 20,3,F000,2*194c * 15-04-2025 11:04:24.417
RA Placed Rack in H1 * 15-04-2025 11:04:24.420
Command Sent (SeqNo: 21, Retry: 0) HEATER DOOR CLOSE - With RA:0 - #21,8,1,0*e701  * 15-04-2025 11:04:25.13
CRC-Response (SeqNo: 21) - 21,8,I001*723e * 15-04-2025 11:04:25.135
CRC-Response (SeqNo: 21) - 21,8,F000*a6fc * 15-04-2025 11:04:25.477
Command Sent (SeqNo: 22, Retry: 0) READ TEMPERATURE - With RA:0 - #22,11*f106  * 15-04-2025 11:04:26.58
CRC-Response (SeqNo: 22) - 22,11,F000,-273*1a6b * 15-04-2025 11:04:26.178
Command Sent (SeqNo: 23, Retry: 0) READ TEMPERATURE - With RA:0 - #23,11*0d07  * 15-04-2025 11:04:41.256
CRC-Response (SeqNo: 23) - 23,11,F000,545*cc14 * 15-04-2025 11:04:41.380
Command Sent (SeqNo: 24, Retry: 0) READ TEMPERATURE - With RA:0 - #24,11*7906  * 15-04-2025 11:04:45.69
CRC-Response (SeqNo: 24) - 24,11,F000,545*8b1f * 15-04-2025 11:04:45.187
Command Sent (SeqNo: 25, Retry: 0) READ TEMPERATURE - With RA:0 - #25,11*8507  * 15-04-2025 11:04:56.455
CRC-Response (SeqNo: 25) - 25,11,F000,545*0a1d * 15-04-2025 11:04:56.563
Command Sent (SeqNo: 26, Retry: 0) READ TEMPERATURE - With RA:0 - #26,11*c107  * 15-04-2025 11:05:11.620
CRC-Response (SeqNo: 26) - 26,11,F000,545*c918 * 15-04-2025 11:05:11.742
Command Sent (SeqNo: 27, Retry: 0) READ TEMPERATURE - With RA:0 - #27,11*3d06  * 15-04-2025 11:05:26.816
CRC-Response (SeqNo: 27) - 27,11,F000,545*481a * 15-04-2025 11:05:26.946
Command Sent (SeqNo: 28, Retry: 0) READ TEMPERATURE - With RA:0 - #28,11*2905  * 15-04-2025 11:05:42.20
CRC-Response (SeqNo: 28) - 28,11,F000,545*470e * 15-04-2025 11:05:42.137
Command Sent (SeqNo: 29, Retry: 0) READ TEMPERATURE - With RA:0 - #29,11*d504  * 15-04-2025 11:05:57.219
CRC-Response (SeqNo: 29) - 29,11,F000,545*c60c * 15-04-2025 11:05:57.346
Command Sent (SeqNo: 30, Retry: 0) READ TEMPERATURE - With RA:0 - #30,11*893a  * 15-04-2025 11:06:12.415
CRC-Response (SeqNo: 30) - 30,11,F000,545*ce11 * 15-04-2025 11:06:12.542
Command Sent (SeqNo: 31, Retry: 0) READ TEMPERATURE - With RA:0 - #31,11*753b  * 15-04-2025 11:06:27.605
CRC-Response (SeqNo: 31) - 31,11,F000,545*4f13 * 15-04-2025 11:06:27.733
Command Sent (SeqNo: 32, Retry: 0) READ TEMPERATURE - With RA:0 - #32,11*313b  * 15-04-2025 11:06:42.809
CRC-Response (SeqNo: 32) - 32,11,F000,-273*1aaa * 15-04-2025 11:06:42.929
Command Sent (SeqNo: 33, Retry: 0) READ TEMPERATURE - With RA:0 - #33,11*cd3a  * 15-04-2025 11:06:58.11
CRC-Response (SeqNo: 33) - 33,11,F000,447*0cc4 * 15-04-2025 11:06:58.134
Command Sent (SeqNo: 34, Retry: 0) READ TEMPERATURE - With RA:0 - #34,11*b93b  * 15-04-2025 11:07:13.208
CRC-Response (SeqNo: 34) - 34,11,F000,545*4a1f * 15-04-2025 11:07:13.334
Command Sent (SeqNo: 35, Retry: 0) READ TEMPERATURE - With RA:0 - #35,11*453a  * 15-04-2025 11:07:28.402
CRC-Response (SeqNo: 35) - 35,11,F000,-273*ddac * 15-04-2025 11:07:28.524
Command Sent (SeqNo: 36, Retry: 0) READ TEMPERATURE - With RA:0 - #36,11*013a  * 15-04-2025 11:07:43.595
CRC-Response (SeqNo: 36) - 36,11,F000,545*0818 * 15-04-2025 11:07:43.710
Command Sent (SeqNo: 37, Retry: 0) READ TEMPERATURE - With RA:0 - #37,11*fd3b  * 15-04-2025 11:07:58.784
CRC-Response (SeqNo: 37) - 37,11,F000,545*891a * 15-04-2025 11:07:58.905
Command Sent (SeqNo: 38, Retry: 0) READ TEMPERATURE - With RA:0 - #38,11*e938  * 15-04-2025 11:08:13.988
CRC-Response (SeqNo: 38) - 38,11,F000,447*87de * 15-04-2025 11:08:14.114
Command Sent (SeqNo: 39, Retry: 0) READ TEMPERATURE - With RA:0 - #39,11*1539  * 15-04-2025 11:08:29.191
CRC-Response (SeqNo: 39) - 39,11,F000,545*070c * 15-04-2025 11:08:29.318
Command Sent (SeqNo: 40, Retry: 0) READ TEMPERATURE - With RA:0 - #40,11*498f  * 15-04-2025 11:08:44.396
CRC-Response (SeqNo: 40) - 40,11,F000,545*0917 * 15-04-2025 11:08:44.515
Command Sent (SeqNo: 41, Retry: 0) READ TEMPERATURE - With RA:0 - #41,11*b58e  * 15-04-2025 11:08:59.590
CRC-Response (SeqNo: 41) - 41,11,F000,447*89c5 * 15-04-2025 11:08:59.703
Command Sent (SeqNo: 42, Retry: 0) READ TEMPERATURE - With RA:0 - #42,11*f18e  * 15-04-2025 11:09:14.779
CRC-Response (SeqNo: 42) - 42,11,F000,545*4b10 * 15-04-2025 11:09:14.902
Command Sent (SeqNo: 43, Retry: 0) READ TEMPERATURE - With RA:0 - #43,11*0d8f  * 15-04-2025 11:09:29.965
CRC-Response (SeqNo: 43) - 43,11,F000,545*ca12 * 15-04-2025 11:09:30.79
Command Sent (SeqNo: 44, Retry: 0) READ TEMPERATURE - With RA:0 - #44,11*798e  * 15-04-2025 11:09:45.137
CRC-Response (SeqNo: 44) - 44,11,F000,545*8d19 * 15-04-2025 11:09:45.260
Command Sent (SeqNo: 45, Retry: 0) READ TEMPERATURE - With RA:0 - #45,11*858f  * 15-04-2025 11:10:00.347
CRC-Response (SeqNo: 45) - 45,11,F000,545*0c1b * 15-04-2025 11:10:00.479
Command Sent (SeqNo: 46, Retry: 0) READ TEMPERATURE - With RA:0 - #46,11*c18f  * 15-04-2025 11:10:15.547
CRC-Response (SeqNo: 46) - 46,11,F000,545*cf1e * 15-04-2025 11:10:15.667
Command Sent (SeqNo: 47, Retry: 0) HEATER DOOR OPEN - With RA:0 - #47,8,1,1*0d26  * 15-04-2025 11:10:29.519
CRC-Response (SeqNo: 47) - 47,8,I001*f895 * 15-04-2025 11:10:29.640
CRC-Response (SeqNo: 47) - 47,8,F000*2c57 * 15-04-2025 11:10:29.983
Rack - 2Protocol Started * 15-04-2025 11:10:30.516
Command Sent (SeqNo: 48, Retry: 0) Rack-2 Picked from L2 - With RA:2 - #48,2,2,13934,16380,0,0*0d29  * 15-04-2025 11:10:30.595
CRC-Response (SeqNo: 48) - 48,2,I001,2*8843 * 15-04-2025 11:10:30.714
CRC-Response (SeqNo: 48) - 48,2,F000,2*b712 * 15-04-2025 11:10:37.189
RA Picked Rack From L2 * 15-04-2025 11:10:37.192
Command Sent (SeqNo: 49, Retry: 0) Rack-2 Placed in H2 - With RA:2 - #49,3,2,2688,8700,0,1*f0ed  * 15-04-2025 11:10:37.764
CRC-Response (SeqNo: 49) - 49,3,I001,2*81d3 * 15-04-2025 11:10:37.906
CRC-Response (SeqNo: 49) - 49,3,F000,2*be82 * 15-04-2025 11:10:44.372
RA Placed Rack in H2 * 15-04-2025 11:10:44.375
Command Sent (SeqNo: 50, Retry: 0) HEATER DOOR CLOSE - With RA:0 - #50,8,1,0*c150  * 15-04-2025 11:10:45.409
CRC-Response (SeqNo: 50) - 50,8,I001*8ed9 * 15-04-2025 11:10:45.531
CRC-Response (SeqNo: 50) - 50,8,F000*5a1b * 15-04-2025 11:10:45.876
Command Sent (SeqNo: 51, Retry: 0) READ TEMPERATURE - With RA:0 - #51,11*75b3  * 15-04-2025 11:10:46.457
CRC-Response (SeqNo: 51) - 51,11,F000,-273*1b2f * 15-04-2025 11:10:46.578
Command Sent (SeqNo: 52, Retry: 0) READ TEMPERATURE - With RA:0 - #52,11*31b3  * 15-04-2025 11:11:01.679
CRC-Response (SeqNo: 52) - 52,11,F000,-273*182c * 15-04-2025 11:11:01.802
Command Sent (SeqNo: 53, Retry: 0) READ TEMPERATURE - With RA:0 - #53,11*cdb2  * 15-04-2025 11:11:06.340
CRC-Response (SeqNo: 53) - 53,11,F000,545*0b12 * 15-04-2025 11:11:06.491
Command Sent (SeqNo: 54, Retry: 0) READ TEMPERATURE - With RA:0 - #54,11*b9b3  * 15-04-2025 11:11:16.872
CRC-Response (SeqNo: 54) - 54,11,F000,545*4c19 * 15-04-2025 11:11:16.992
Command Sent (SeqNo: 55, Retry: 0) READ TEMPERATURE - With RA:0 - #55,11*45b2  * 15-04-2025 11:11:32.67
CRC-Response (SeqNo: 55) - 55,11,F000,545*cd1b * 15-04-2025 11:11:32.196
Command Sent (SeqNo: 56, Retry: 0) READ TEMPERATURE - With RA:0 - #56,11*01b2  * 15-04-2025 11:11:47.270
CRC-Response (SeqNo: 56) - 56,11,F000,-273*dc29 * 15-04-2025 11:11:47.395
Command Sent (SeqNo: 57, Retry: 0) READ TEMPERATURE - With RA:0 - #57,11*fdb3  * 15-04-2025 11:12:02.470
CRC-Response (SeqNo: 57) - 57,11,F000,545*8f1c * 15-04-2025 11:12:02.599
Command Sent (SeqNo: 58, Retry: 0) READ TEMPERATURE - With RA:0 - #58,11*e9b0  * 15-04-2025 11:12:17.669
CRC-Response (SeqNo: 58) - 58,11,F000,545*8008 * 15-04-2025 11:12:17.790
Command Sent (SeqNo: 59, Retry: 0) READ TEMPERATURE - With RA:0 - #59,11*15b1  * 15-04-2025 11:12:32.859
CRC-Response (SeqNo: 59) - 59,11,F000,545*010a * 15-04-2025 11:12:32.966
Command Sent (SeqNo: 60, Retry: 0) READ TEMPERATURE - With RA:0 - #60,11*89f6  * 15-04-2025 11:12:48.37
CRC-Response (SeqNo: 60) - 60,11,F000,545*cb14 * 15-04-2025 11:12:48.164
Command Sent (SeqNo: 61, Retry: 0) READ TEMPERATURE - With RA:0 - #61,11*75f7  * 15-04-2025 11:13:03.232
CRC-Response (SeqNo: 61) - 61,11,F000,545*4a16 * 15-04-2025 11:13:03.351
Command Sent (SeqNo: 62, Retry: 0) READ TEMPERATURE - With RA:0 - #62,11*31f7  * 15-04-2025 11:13:18.419
CRC-Response (SeqNo: 62) - 62,11,F000,545*8913 * 15-04-2025 11:13:18.539
Command Sent (SeqNo: 63, Retry: 0) READ TEMPERATURE - With RA:0 - #63,11*cdf6  * 15-04-2025 11:13:33.606
CRC-Response (SeqNo: 63) - 63,11,F000,545*0811 * 15-04-2025 11:13:33.724
Command Sent (SeqNo: 64, Retry: 0) READ TEMPERATURE - With RA:0 - #64,11*b9f7  * 15-04-2025 11:13:48.811
CRC-Response (SeqNo: 64) - 64,11,F000,-273*1f69 * 15-04-2025 11:13:48.931
Command Sent (SeqNo: 65, Retry: 0) READ TEMPERATURE - With RA:0 - #65,11*45f6  * 15-04-2025 11:14:03.996
CRC-Response (SeqNo: 65) - 65,11,F000,545*ce18 * 15-04-2025 11:14:04.115
Command Sent (SeqNo: 66, Retry: 0) READ TEMPERATURE - With RA:0 - #66,11*01f6  * 15-04-2025 11:14:20.192
CRC-Response (SeqNo: 66) - 66,11,F000,447*0ccd * 15-04-2025 11:14:20.321
Command Sent (SeqNo: 67, Retry: 0) HEATER DOOR OPEN - With RA:0 - #67,8,1,1*d4a7  * 15-04-2025 11:14:25.69
CRC-Response (SeqNo: 67) - 67,8,I001*988c * 15-04-2025 11:14:25.181
CRC-Response (SeqNo: 67) - 67,8,F000*4c4e * 15-04-2025 11:14:25.527
Command Sent (SeqNo: 68, Retry: 0) Rack-1 Picked from H1 - With RA:2 - #68,2,2,2688,1000,0,1*d44e  * 15-04-2025 11:14:26.90
CRC-Response (SeqNo: 68) - 68,2,I001,2*3048 * 15-04-2025 11:14:26.212
CRC-Response (SeqNo: 68) - 68,2,F000,2*0f19 * 15-04-2025 11:14:31.987
RA Picked Rack From H1 * 15-04-2025 11:14:31.990
Command Sent (SeqNo: 69, Retry: 0) HEATER DOOR CLOSE - With RA:0 - #69,8,1,0*d489  * 15-04-2025 11:14:32.199
CRC-Response (SeqNo: 69) - 69,8,I001*140d * 15-04-2025 11:14:32.330
CRC-Response (SeqNo: 69) - 69,8,F000*c0cf * 15-04-2025 11:14:32.672
Command Sent (SeqNo: 70, Retry: 0) Rack-1 Placed in J1 - With RA:2 - #70,3,2,10304,800,0,0*644b  * 15-04-2025 11:14:33.253
CRC-Response (SeqNo: 70) - 70,3,I001,2*ea0c * 15-04-2025 11:14:33.376
CRC-Response (SeqNo: 70) - 70,3,F000,2*d55d * 15-04-2025 11:14:39.429
RA Placed Rack in J1 * 15-04-2025 11:14:39.431
Command Sent (SeqNo: 71, Retry: 0) READ TEMPERATURE - With RA:0 - #71,11*b5ca  * 15-04-2025 11:14:44.113
CRC-Response (SeqNo: 71) - 71,11,F000,545*8b16 * 15-04-2025 11:14:44.230
Command Sent (SeqNo: 72, Retry: 0) READ TEMPERATURE - With RA:0 - #72,11*f1ca  * 15-04-2025 11:14:59.295
CRC-Response (SeqNo: 72) - 72,11,F000,545*4813 * 15-04-2025 11:14:59.418
Command Sent (SeqNo: 73, Retry: 0) READ TEMPERATURE - With RA:0 - #73,11*0dcb  * 15-04-2025 11:15:14.492
CRC-Response (SeqNo: 73) - 73,11,F000,545*c911 * 15-04-2025 11:15:14.620
Command Sent (SeqNo: 74, Retry: 0) READ TEMPERATURE - With RA:0 - #74,11*79ca  * 15-04-2025 11:15:29.692
CRC-Response (SeqNo: 74) - 74,11,F000,545*8e1a * 15-04-2025 11:15:29.818
Command Sent (SeqNo: 75, Retry: 0) READ TEMPERATURE - With RA:0 - #75,11*85cb  * 15-04-2025 11:15:44.890
CRC-Response (SeqNo: 75) - 75,11,F000,-273*dea8 * 15-04-2025 11:15:45.14
Command Sent (SeqNo: 76, Retry: 0) READ TEMPERATURE - With RA:0 - #76,11*c1cb  * 15-04-2025 11:16:00.75
CRC-Response (SeqNo: 76) - 76,11,F000,545*cc1d * 15-04-2025 11:16:00.187
Command Sent (SeqNo: 77, Retry: 0) READ TEMPERATURE - With RA:0 - #77,11*3dca  * 15-04-2025 11:16:15.263
CRC-Response (SeqNo: 77) - 77,11,F000,545*4d1f * 15-04-2025 11:16:15.384
Command Sent (SeqNo: 78, Retry: 0) READ TEMPERATURE - With RA:0 - #78,11*29c9  * 15-04-2025 11:16:31.472
CRC-Response (SeqNo: 78) - 78,11,F000,545*420b * 15-04-2025 11:16:31.599
Command Sent (SeqNo: 79, Retry: 0) Rack-1 Picked from J1 - With RA:2 - #79,2,2,10304,800,0,0*69c5  * 15-04-2025 11:16:39.937
CRC-Response (SeqNo: 79) - 79,2,I001,2*091d * 15-04-2025 11:16:40.60
CRC-Response (SeqNo: 79) - 79,2,F000,2*364c * 15-04-2025 11:16:45.143
RA Picked Rack From J1 * 15-04-2025 11:16:45.144
Command Sent (SeqNo: 80, Retry: 0) Rack-1 Placed in J2 - With RA:2 - #80,3,2,13934,800,0,0*49ca  * 15-04-2025 11:16:45.508
CRC-Response (SeqNo: 80) - 80,3,I001,2*fe3c * 15-04-2025 11:16:45.645
CRC-Response (SeqNo: 80) - 80,3,F000,2*c16d * 15-04-2025 11:16:51.241
RA Placed Rack in J2 * 15-04-2025 11:16:51.242
Command Sent (SeqNo: 81, Retry: 0) READ TEMPERATURE - With RA:0 - #81,11*b49e  * 15-04-2025 11:16:55.944
CRC-Response (SeqNo: 81) - 81,11,F000,545*8419 * 15-04-2025 11:16:56.62
Command Sent (SeqNo: 82, Retry: 0) HEATER DOOR OPEN - With RA:0 - #82,8,1,1*5873  * 15-04-2025 11:17:01.163
CRC-Response (SeqNo: 82) - 82,8,I001*c700 * 15-04-2025 11:17:01.284
CRC-Response (SeqNo: 82) - 82,8,F000*13c2 * 15-04-2025 11:17:01.624
Rack - R3Protocol Started * 15-04-2025 11:17:02.159
Command Sent (SeqNo: 83, Retry: 0) Rack-3 Picked from L3 - With RA:2 - #83,2,2,10304,16380,0,0*2e40  * 15-04-2025 11:17:02.231
CRC-Response (SeqNo: 83) - 83,2,I001,2*3d0d * 15-04-2025 11:17:02.359
CRC-Response (SeqNo: 83) - 83,2,F000,2*025c * 15-04-2025 11:17:08.771
RA Picked Rack From L3 * 15-04-2025 11:17:08.773
Command Sent (SeqNo: 84, Retry: 0) Rack-3 Placed in H1 - With RA:2 - #84,3,2,2688,1000,0,1*3a65  * 15-04-2025 11:17:09.334
CRC-Response (SeqNo: 84) - 84,3,I001,2*2b7d * 15-04-2025 11:17:09.457
CRC-Response (SeqNo: 84) - 84,3,F000,2*142c * 15-04-2025 11:17:15.867
RA Placed Rack in H1 * 15-04-2025 11:17:15.869
Command Sent (SeqNo: 85, Retry: 0) HEATER DOOR CLOSE - With RA:0 - #85,8,1,0*58c4  * 15-04-2025 11:17:16.463
CRC-Response (SeqNo: 85) - 85,8,I001*2141 * 15-04-2025 11:17:16.584
CRC-Response (SeqNo: 85) - 85,8,F000*f583 * 15-04-2025 11:17:16.928
Command Sent (SeqNo: 86, Retry: 0) READ TEMPERATURE - With RA:0 - #86,11*c09f  * 15-04-2025 11:17:17.511
CRC-Response (SeqNo: 86) - 86,11,F000,-273*d9e4 * 15-04-2025 11:17:17.631
Command Sent (SeqNo: 87, Retry: 0) READ TEMPERATURE - With RA:0 - #87,11*3c9e  * 15-04-2025 11:17:32.704
CRC-Response (SeqNo: 87) - 87,11,F000,545*4210 * 15-04-2025 11:17:32.823
Command Sent (SeqNo: 88, Retry: 0) READ TEMPERATURE - With RA:0 - #88,11*289d  * 15-04-2025 11:17:36.990
CRC-Response (SeqNo: 88) - 88,11,F000,545*4d04 * 15-04-2025 11:17:37.114
Command Sent (SeqNo: 89, Retry: 0) READ TEMPERATURE - With RA:0 - #89,11*d49c  * 15-04-2025 11:17:47.892
CRC-Response (SeqNo: 89) - 89,11,F000,545*cc06 * 15-04-2025 11:17:48.12
Command Sent (SeqNo: 90, Retry: 0) READ TEMPERATURE - With RA:0 - #90,11*88a2  * 15-04-2025 11:18:03.99
CRC-Response (SeqNo: 90) - 90,11,F000,-273*df23 * 15-04-2025 11:18:03.220
Command Sent (SeqNo: 91, Retry: 0) READ TEMPERATURE - With RA:0 - #91,11*74a3  * 15-04-2025 11:18:18.283
CRC-Response (SeqNo: 91) - 91,11,F000,545*4519 * 15-04-2025 11:18:18.410
Command Sent (SeqNo: 92, Retry: 0) READ TEMPERATURE - With RA:0 - #92,11*30a3  * 15-04-2025 11:18:33.481
CRC-Response (SeqNo: 92) - 92,11,F000,447*87cc * 15-04-2025 11:18:33.599
Command Sent (SeqNo: 93, Retry: 0) READ TEMPERATURE - With RA:0 - #93,11*cca2  * 15-04-2025 11:18:49.667
CRC-Response (SeqNo: 93) - 93,11,F000,545*071e * 15-04-2025 11:18:49.790
Command Sent (SeqNo: 94, Retry: 0) Rack-1 Picked from J2 - With RA:2 - #94,2,2,13934,800,0,0*3857  * 15-04-2025 11:18:51.736
CRC-Response (SeqNo: 94) - 94,2,I001,2*1bb8 * 15-04-2025 11:18:51.849
CRC-Response (SeqNo: 94) - 94,2,F000,2*24e9 * 15-04-2025 11:18:58.319
RA Picked Rack From J2 * 15-04-2025 11:18:58.320
Command Sent (SeqNo: 95, Retry: 0) Rack-1 Placed in J4 - With RA:2 - #95,3,2,21194,800,0,0*10cd  * 15-04-2025 11:18:58.822
CRC-Response (SeqNo: 95) - 95,3,I001,2*1228 * 15-04-2025 11:18:58.946
CRC-Response (SeqNo: 95) - 95,3,F000,2*2d79 * 15-04-2025 11:19:04.955
RA Placed Rack in J4 * 15-04-2025 11:19:04.956
Command Sent (SeqNo: 96, Retry: 0) READ TEMPERATURE - With RA:0 - #96,11*00a2  * 15-04-2025 11:19:09.732
CRC-Response (SeqNo: 96) - 96,11,F000,545*0212 * 15-04-2025 11:19:09.858
Command Sent (SeqNo: 97, Retry: 0) READ TEMPERATURE - With RA:0 - #97,11*fca3  * 15-04-2025 11:19:24.935
CRC-Response (SeqNo: 97) - 97,11,F000,545*8310 * 15-04-2025 11:19:25.54
Command Sent (SeqNo: 98, Retry: 0) READ TEMPERATURE - With RA:0 - #98,11*e8a0  * 15-04-2025 11:19:40.122
CRC-Response (SeqNo: 98) - 98,11,F000,545*8c04 * 15-04-2025 11:19:40.250
Command Sent (SeqNo: 99, Retry: 0) READ TEMPERATURE - With RA:0 - #99,11*14a1  * 15-04-2025 11:19:55.307
CRC-Response (SeqNo: 99) - 99,11,F000,545*0d06 * 15-04-2025 11:19:55.433
Command Sent (SeqNo: 100, Retry: 0) READ TEMPERATURE - With RA:0 - #100,11*b35e  * 15-04-2025 11:20:10.499
CRC-Response (SeqNo: 100) - 100,11,F000,545*6708 * 15-04-2025 11:20:10.618
Command Sent (SeqNo: 101, Retry: 0) READ TEMPERATURE - With RA:0 - #101,11*4f5f  * 15-04-2025 11:20:25.696
CRC-Response (SeqNo: 101) - 101,11,F000,545*e60a * 15-04-2025 11:20:25.820
Command Sent (SeqNo: 102, Retry: 0) READ TEMPERATURE - With RA:0 - #102,11*0b5f  * 15-04-2025 11:20:41.889
CRC-Response (SeqNo: 102) - 102,11,F000,545*250f * 15-04-2025 11:20:42.10
Command Sent (SeqNo: 103, Retry: 0) HEATER DOOR OPEN - With RA:0 - #103,8,1,1*5471  * 15-04-2025 11:20:45.396
CRC-Response (SeqNo: 103) - 103,8,I001*068d * 15-04-2025 11:20:45.516
CRC-Response (SeqNo: 103) - 103,8,F000*d24f * 15-04-2025 11:20:45.856
Command Sent (SeqNo: 104, Retry: 0) Rack-2 Picked from H2 - With RA:2 - #104,2,2,2688,8700,0,1*6b79  * 15-04-2025 11:20:46.420
CRC-Response (SeqNo: 104) - 104,2,I001,2*e249 * 15-04-2025 11:20:46.537
CRC-Response (SeqNo: 104) - 104,2,F000,2*dd18 * 15-04-2025 11:20:53.811
RA Picked Rack From H2 * 15-04-2025 11:20:53.813
Command Sent (SeqNo: 105, Retry: 0) HEATER DOOR CLOSE - With RA:0 - #105,8,1,0*94d6  * 15-04-2025 11:20:54.5
CRC-Response (SeqNo: 105) - 105,8,I001*2c0d * 15-04-2025 11:20:54.123
CRC-Response (SeqNo: 105) - 105,8,F000*f8cf * 15-04-2025 11:20:54.466
Command Sent (SeqNo: 106, Retry: 0) Rack-2 Placed in J1 - With RA:2 - #106,3,2,10304,800,0,0*796c  * 15-04-2025 11:20:55.32
CRC-Response (SeqNo: 106) - 106,3,I001,2*e429 * 15-04-2025 11:20:55.152
CRC-Response (SeqNo: 106) - 106,3,F000,2*db78 * 15-04-2025 11:21:01.208
RA Placed Rack in J1 * 15-04-2025 11:21:01.210
Command Sent (SeqNo: 107, Retry: 0) READ TEMPERATURE - With RA:0 - #107,11*c75f  * 15-04-2025 11:21:05.453
5 Seconds Timer increments in Jar J4 for R1 as Command Execution under process in other function and timer updated for tmr_r1_incub() * 15-04-2025 11:21:05.465
CRC-Response (SeqNo: 107) - 107,11,F000,545*2003 * 15-04-2025 11:21:05.572
Command Sent (SeqNo: 108, Retry: 0) Rack-1 Picked from J4 - With RA:2 - #108,2,2,21194,800,0,0*9774  * 15-04-2025 11:21:10.522
CRC-Response (SeqNo: 108) - 108,2,I001,2*dd89 * 15-04-2025 11:21:10.640
CRC-Response (SeqNo: 108) - 108,2,F000,2*e2d8 * 15-04-2025 11:21:17.56
RA Picked Rack From J4 * 15-04-2025 11:21:17.57
Command Sent (SeqNo: 109, Retry: 0) Rack-1 Placed in J5 - With RA:2 - #109,3,2,24824,800,0,0*8e4b  * 15-04-2025 11:21:17.626
CRC-Response (SeqNo: 109) - 109,3,I001,2*d419 * 15-04-2025 11:21:17.769
CRC-Response (SeqNo: 109) - 109,3,F000,2*eb48 * 15-04-2025 11:21:23.376
RA Placed Rack in J5 * 15-04-2025 11:21:23.379
Command Sent (SeqNo: 110, Retry: 0) READ TEMPERATURE - With RA:0 - #110,11*7363  * 15-04-2025 11:21:28.517
CRC-Response (SeqNo: 110) - 110,11,F000,447*a7d8 * 15-04-2025 11:21:28.629
Command Sent (SeqNo: 111, Retry: 0) READ TEMPERATURE - With RA:0 - #111,11*8f62  * 15-04-2025 11:21:43.705
CRC-Response (SeqNo: 111) - 111,11,F000,545*270a * 15-04-2025 11:21:43.815
Command Sent (SeqNo: 112, Retry: 0) READ TEMPERATURE - With RA:0 - #112,11*cb62  * 15-04-2025 11:21:58.899
CRC-Response (SeqNo: 112) - 112,11,F000,545*e40f * 15-04-2025 11:21:59.25
Command Sent (SeqNo: 113, Retry: 0) READ TEMPERATURE - With RA:0 - #113,11*3763  * 15-04-2025 11:22:14.87
CRC-Response (SeqNo: 113) - 113,11,F000,545*650d * 15-04-2025 11:22:14.210
Command Sent (SeqNo: 114, Retry: 0) READ TEMPERATURE - With RA:0 - #114,11*4362  * 15-04-2025 11:22:29.279
CRC-Response (SeqNo: 114) - 114,11,F000,545*2206 * 15-04-2025 11:22:29.399
Command Sent (SeqNo: 115, Retry: 0) READ TEMPERATURE - With RA:0 - #115,11*bf63  * 15-04-2025 11:22:45.467
CRC-Response (SeqNo: 115) - 115,11,F000,545*a304 * 15-04-2025 11:22:45.577
Command Sent (SeqNo: 116, Retry: 0) READ TEMPERATURE - With RA:0 - #116,11*fb63  * 15-04-2025 11:23:00.657
CRC-Response (SeqNo: 116) - 116,11,F000,545*6001 * 15-04-2025 11:23:00.775
Command Sent (SeqNo: 117, Retry: 0) Rack-2 Picked from J1 - With RA:2 - #117,2,2,10304,800,0,0*c43d  * 15-04-2025 11:23:01.730
CRC-Response (SeqNo: 117) - 117,2,I001,2*11bd * 15-04-2025 11:23:01.860
CRC-Response (SeqNo: 117) - 117,2,F000,2*2eec * 15-04-2025 11:23:08.674
RA Picked Rack From J1 * 15-04-2025 11:23:08.676
Command Sent (SeqNo: 118, Retry: 0) Rack-2 Placed in J2 - With RA:2 - #118,3,2,13934,800,0,0*92ee  * 15-04-2025 11:23:08.878
CRC-Response (SeqNo: 118) - 118,3,I001,2*ed4c * 15-04-2025 11:23:09.4
CRC-Response (SeqNo: 118) - 118,3,F000,2*d21d * 15-04-2025 11:23:14.601
RA Placed Rack in J2 * 15-04-2025 11:23:14.603
Command Sent (SeqNo: 119, Retry: 0) READ TEMPERATURE - With RA:0 - #119,11*ef60  * 15-04-2025 11:23:19.734
CRC-Response (SeqNo: 119) - 119,11,F000,545*6f15 * 15-04-2025 11:23:19.855
Command Sent (SeqNo: 120, Retry: 0) Rack-1 Picked from J5 - With RA:2 - #120,2,2,24824,800,0,0*61bc  * 15-04-2025 11:23:23.838
CRC-Response (SeqNo: 120) - 120,2,I001,2*8f03 * 15-04-2025 11:23:23.954
CRC-Response (SeqNo: 120) - 120,2,F000,2*b052 * 15-04-2025 11:23:30.367
RA Picked Rack From J5 * 15-04-2025 11:23:30.369
Command Sent (SeqNo: 121, Retry: 0) Rack-1 Placed in J6 - With RA:2 - #121,3,2,28454,800,0,0*974e  * 15-04-2025 11:23:30.905
CRC-Response (SeqNo: 121) - 121,3,I001,2*8693 * 15-04-2025 11:23:31.37
CRC-Response (SeqNo: 121) - 121,3,F000,2*b9c2 * 15-04-2025 11:23:36.651
RA Placed Rack in J6 * 15-04-2025 11:23:36.770
Command Sent (SeqNo: 122, Retry: 0) READ TEMPERATURE - With RA:0 - #122,11*cb26  * 15-04-2025 11:23:41.905
CRC-Response (SeqNo: 122) - 122,11,F000,545*e70c * 15-04-2025 11:23:42.22
Command Sent (SeqNo: 123, Retry: 0) Home Command - With RA:0 - #123,5,00111111*3d10  * 15-04-2025 11:23:48.115
CRC-Response (SeqNo: 123) - 123,5,I001,00111111*85d8 * 15-04-2025 11:23:48.228
CRC-Response (SeqNo: 123) - 123,5,F000*af57 * 15-04-2025 11:23:48.230
Command Sent (SeqNo: 124, Retry: 0) HEATER DOOR OPEN - With RA:0 - #124,8,1,1*4d86  * 15-04-2025 11:23:48.794
CRC-Response (SeqNo: 124) - 124,8,I001*80d5 * 15-04-2025 11:23:48.917
CRC-Response (SeqNo: 124) - 124,8,F000*5417 * 15-04-2025 11:23:49.261
Command Sent (SeqNo: 125, Retry: 0) Level Sensing For L1 - With RA:0 - #125,4,17564,16380,0,0*0d63  * 15-04-2025 11:23:49.843
CRC-Response (SeqNo: 125) - 125,4,I001*8014 * 15-04-2025 11:23:49.961
CRC-Response (SeqNo: 125) - 125,4,F000,953*40f6 * 15-04-2025 11:23:58.244
L1 Value - 953 * 15-04-2025 11:23:58.266
Command Sent (SeqNo: 126, Retry: 0) Level Sensing For L2 - With RA:0 - #126,4,13934,16380,0,0*4d3f  * 15-04-2025 11:23:58.831
CRC-Response (SeqNo: 126) - 126,4,I001*9554 * 15-04-2025 11:23:58.949
CRC-Response (SeqNo: 126) - 126,4,F000,955*4672 * 15-04-2025 11:24:01.239
L2 Value - 955 * 15-04-2025 11:24:01.260
Command Sent (SeqNo: 127, Retry: 0) Level Sensing For L3 - With RA:0 - #127,4,10304,16380,0,0*bc1d  * 15-04-2025 11:24:01.822
CRC-Response (SeqNo: 127) - 127,4,I001*5995 * 15-04-2025 11:24:01.943
CRC-Response (SeqNo: 127) - 127,4,F000,959*808f * 15-04-2025 11:24:04.222
L3 Value - 959 * 15-04-2025 11:24:04.243
Command Sent (SeqNo: 128, Retry: 0) Home Command - With RA:0 - #128,5,01111111*26e5  * 15-04-2025 11:24:04.803
CRC-Response (SeqNo: 128) - 128,5,I001,01111111*77bf * 15-04-2025 11:24:04.925
CRC-Response (SeqNo: 128) - 128,5,F000*1c16 * 15-04-2025 11:24:04.928
Command Sent (SeqNo: 129, Retry: 0) Home Command - With RA:0 - #129,5,01111111*e518  * 15-04-2025 11:24:06.508
CRC-Response (SeqNo: 129) - 129,5,I001,01111111*e7ee * 15-04-2025 11:24:06.645
CRC-Response (SeqNo: 129) - 129,5,F000*d0d7 * 15-04-2025 11:24:06.649
Rack - 4Protocol Started * 15-04-2025 11:24:07.943
Command Sent (SeqNo: 130, Retry: 0) Rack-4 Picked from L1 - With RA:2 - #130,2,2,17564,16380,0,0*de05  * 15-04-2025 11:24:08.47
CRC-Response (SeqNo: 130) - 130,2,I001,2*7307 * 15-04-2025 11:24:08.175
CRC-Response (SeqNo: 130) - 130,2,F000,2*4c56 * 15-04-2025 11:24:15.351
RA Picked Rack From L1 * 15-04-2025 11:24:15.352
Command Sent (SeqNo: 131, Retry: 0) Rack-4 Placed in H2 - With RA:2 - #131,3,2,2688,8700,0,1*04a0  * 15-04-2025 11:24:15.628
CRC-Response (SeqNo: 131) - 131,3,I001,2*7a97 * 15-04-2025 11:24:15.757
CRC-Response (SeqNo: 131) - 131,3,F000,2*45c6 * 15-04-2025 11:24:22.632
RA Placed Rack in H2 * 15-04-2025 11:24:22.634
Command Sent (SeqNo: 132, Retry: 0) HEATER DOOR CLOSE - With RA:0 - #132,8,1,0*41e0  * 15-04-2025 11:24:23.265
CRC-Response (SeqNo: 132) - 132,8,I001*3a58 * 15-04-2025 11:24:23.400
CRC-Response (SeqNo: 132) - 132,8,F000*ee9a * 15-04-2025 11:24:23.746
Command Sent (SeqNo: 133, Retry: 0) READ TEMPERATURE - With RA:0 - #133,11*f71a  * 15-04-2025 11:24:24.333
CRC-Response (SeqNo: 133) - 133,11,F000,545*a70e * 15-04-2025 11:24:24.455
Command Sent (SeqNo: 134, Retry: 0) READ TEMPERATURE - With RA:0 - #134,11*831b  * 15-04-2025 11:24:39.541
CRC-Response (SeqNo: 134) - 134,11,F000,545*e005 * 15-04-2025 11:24:39.659
Command Sent (SeqNo: 135, Retry: 0) READ TEMPERATURE - With RA:0 - #135,11*7f1a  * 15-04-2025 11:24:43.991
CRC-Response (SeqNo: 135) - 135,11,F000,545*6107 * 15-04-2025 11:24:44.117
Command Sent (SeqNo: 136, Retry: 0) READ TEMPERATURE - With RA:0 - #136,11*3b1a  * 15-04-2025 11:24:54.736
CRC-Response (SeqNo: 136) - 136,11,F000,545*a202 * 15-04-2025 11:24:54.859
Command Sent (SeqNo: 137, Retry: 0) READ TEMPERATURE - With RA:0 - #137,11*c71b  * 15-04-2025 11:25:10.930
CRC-Response (SeqNo: 137) - 137,11,F000,545*2300 * 15-04-2025 11:25:11.49
Command Sent (SeqNo: 138, Retry: 0) Rack-2 Picked from J2 - With RA:2 - #138,2,2,13934,800,0,0*e0c6  * 15-04-2025 11:25:15.146
CRC-Response (SeqNo: 138) - 138,2,I001,2*9986 * 15-04-2025 11:25:15.278
CRC-Response (SeqNo: 138) - 138,2,F000,2*a6d7 * 15-04-2025 11:25:21.728
RA Picked Rack From J2 * 15-04-2025 11:25:21.731
Command Sent (SeqNo: 139, Retry: 0) Rack-2 Placed in J4 - With RA:2 - #139,3,2,21194,800,0,0*c85c  * 15-04-2025 11:25:22.264
CRC-Response (SeqNo: 139) - 139,3,I001,2*9016 * 15-04-2025 11:25:22.396
CRC-Response (SeqNo: 139) - 139,3,F000,2*af47 * 15-04-2025 11:25:28.395
RA Placed Rack in J4 * 15-04-2025 11:25:28.397
Command Sent (SeqNo: 140, Retry: 0) WATER VALVE - 1 CONTROL ON - With RA:2 - #140,13,1,1*442d  * 15-04-2025 11:25:29.373
CRC-Response (SeqNo: 140) - 140,13,F000*eb5f * 15-04-2025 11:25:29.494
Command Sent (SeqNo: 141, Retry: 0) Rack-1 Picked from J6 - With RA:2 - #141,2,2,28454,800,0,0*6197  * 15-04-2025 11:25:37.149
CRC-Response (SeqNo: 141) - 141,2,I001,2*c24c * 15-04-2025 11:25:37.270
CRC-Response (SeqNo: 141) - 141,2,F000,2*fd1d * 15-04-2025 11:25:43.273
RA Picked Rack From J6 * 15-04-2025 11:25:43.275
Command Sent (SeqNo: 142, Retry: 0) RA-1 Movement - With RA:0 - #142,5,00000111*d5d9  * 15-04-2025 11:25:43.761
CRC-Response (SeqNo: 142) - 142,5,I001,00000111*7154 * 15-04-2025 11:25:43.888
CRC-Response (SeqNo: 142) - 142,5,F000*c3bd * 15-04-2025 11:25:43.892
Command Sent (SeqNo: 143, Retry: 0) Rack-1 Placed in W1 - With RA:2 - #143,3,2,42974,800,0,0*f134  * 15-04-2025 11:25:44.830
CRC-Response (SeqNo: 143) - 143,3,I001,2*c42c * 15-04-2025 11:25:44.962
CRC-Response (SeqNo: 143) - 143,3,F000,2*fb7d * 15-04-2025 11:25:51.778
RA Placed Rack in W1 * 15-04-2025 11:25:51.780
Command Sent (SeqNo: 144, Retry: 0) RA2 Home Command - With RA:0 - #144,5,00111000*a07d  * 15-04-2025 11:25:51.911
CRC-Response (SeqNo: 144) - 144,5,I001,00111000*ad1b * 15-04-2025 11:25:52.40
CRC-Response (SeqNo: 144) - 144,5,F000*e93d * 15-04-2025 11:25:52.432
Command Sent (SeqNo: 145, Retry: 0) READ TEMPERATURE - With RA:0 - #145,11*bfaf  * 15-04-2025 11:25:55.164
CRC-Response (SeqNo: 145) - 145,11,F000,545*a601 * 15-04-2025 11:25:55.281
Command Sent (SeqNo: 146, Retry: 0) READ TEMPERATURE - With RA:0 - #146,11*fbaf  * 15-04-2025 11:26:10.364
CRC-Response (SeqNo: 146) - 146,11,F000,545*6504 * 15-04-2025 11:26:10.489
Command Sent (SeqNo: 147, Retry: 0) READ TEMPERATURE - With RA:0 - #147,11*07ae  * 15-04-2025 11:26:25.573
CRC-Response (SeqNo: 147) - 147,11,F000,-273*d6c3 * 15-04-2025 11:26:25.690
Command Sent (SeqNo: 148, Retry: 0) READ TEMPERATURE - With RA:0 - #148,11*13ad  * 15-04-2025 11:26:40.771
CRC-Response (SeqNo: 148) - 148,11,F000,545*eb12 * 15-04-2025 11:26:40.892
Command Sent (SeqNo: 149, Retry: 0) READ TEMPERATURE - With RA:0 - #149,11*efac  * 15-04-2025 11:26:55.963
CRC-Response (SeqNo: 149) - 149,11,F000,545*6a10 * 15-04-2025 11:26:56.82
Command Sent (SeqNo: 150, Retry: 0) READ TEMPERATURE - With RA:0 - #150,11*b392  * 15-04-2025 11:27:12.169
CRC-Response (SeqNo: 150) - 150,11,F000,545*620d * 15-04-2025 11:27:12.295
Command Sent (SeqNo: 151, Retry: 0) HEATER DOOR OPEN - With RA:0 - #151,8,1,1*ab92  * 15-04-2025 11:27:16.645
CRC-Response (SeqNo: 151) - 151,8,I001*8f33 * 15-04-2025 11:27:16.762
CRC-Response (SeqNo: 151) - 151,8,F000*5bf1 * 15-04-2025 11:27:17.102
Command Sent (SeqNo: 152, Retry: 0) Rack-3 Picked from H1 - With RA:2 - #152,2,2,2688,1000,0,1*1c8b  * 15-04-2025 11:27:17.683
CRC-Response (SeqNo: 152) - 152,2,I001,2*31b8 * 15-04-2025 11:27:17.801
CRC-Response (SeqNo: 152) - 152,2,F000,2*0ee9 * 15-04-2025 11:27:23.304
RA Picked Rack From H1 * 15-04-2025 11:27:23.306
Command Sent (SeqNo: 153, Retry: 0) HEATER DOOR CLOSE - With RA:0 - #153,8,1,0*ab70  * 15-04-2025 11:27:23.761
CRC-Response (SeqNo: 153) - 153,8,I001*56b2 * 15-04-2025 11:27:23.892
CRC-Response (SeqNo: 153) - 153,8,F000*8270 * 15-04-2025 11:27:24.231
Command Sent (SeqNo: 154, Retry: 0) Rack-3 Placed in J1 - With RA:2 - #154,3,2,10304,800,0,0*94d9  * 15-04-2025 11:27:24.797
CRC-Response (SeqNo: 154) - 154,3,I001,2*e299 * 15-04-2025 11:27:24.915
5 Seconds Timer increments in Jar J4 for R2 as Command Execution under process in other function and timer updated for tmr_r2_incub() * 15-04-2025 11:27:28.900
CRC-Response (SeqNo: 154) - 154,3,F000,2*ddc8 * 15-04-2025 11:27:30.975
RA Placed Rack in J1 * 15-04-2025 11:27:30.978
Command Sent (SeqNo: 155, Retry: 0) Rack-2 Picked from J4 - With RA:2 - #155,2,2,21194,800,0,0*6f96  * 15-04-2025 11:27:33.963
CRC-Response (SeqNo: 155) - 155,2,I001,2*eb09 * 15-04-2025 11:27:34.78
CRC-Response (SeqNo: 155) - 155,2,F000,2*d458 * 15-04-2025 11:27:40.508
RA Picked Rack From J4 * 15-04-2025 11:27:40.511
Command Sent (SeqNo: 156, Retry: 0) Rack-2 Placed in J5 - With RA:2 - #156,3,2,24824,800,0,0*ced0  * 15-04-2025 11:27:41.81
CRC-Response (SeqNo: 156) - 156,3,I001,2*2838 * 15-04-2025 11:27:41.226
CRC-Response (SeqNo: 156) - 156,3,F000,2*1769 * 15-04-2025 11:27:46.827
RA Placed Rack in J5 * 15-04-2025 11:27:46.827
Command Sent (SeqNo: 157, Retry: 0) READ TEMPERATURE - With RA:0 - #157,11*c793  * 15-04-2025 11:27:51.639
CRC-Response (SeqNo: 157) - 157,11,F000,545*2506 * 15-04-2025 11:27:51.760
Command Sent (SeqNo: 158, Retry: 0) WATER VALVE - 1 CONTROL OFF - With RA:0 - #158,13,1,0*b2e0  * 15-04-2025 11:27:52.154
CRC-Response (SeqNo: 158) - 158,13,F000*ee69 * 15-04-2025 11:27:52.272
Command Sent (SeqNo: 159, Retry: 0) Rack-1 Picked from W1 - With RA:1 - #159,2,1,42974,800,0,0*6880  * 15-04-2025 11:27:52.344
CRC-Response (SeqNo: 159) - 159,2,I001,1*d589 * 15-04-2025 11:27:52.459
CRC-Response (SeqNo: 159) - 159,2,F000,1*ead8 * 15-04-2025 11:28:00.244
RA Picked Rack From W1 * 15-04-2025 11:28:00.246
Command Sent (SeqNo: 160, Retry: 0) RA-2 Movement - With RA:0 - #160,5,00111000*2d8b  * 15-04-2025 11:28:00.751
CRC-Response (SeqNo: 160) - 160,5,I001,00111000*d4f8 * 15-04-2025 11:28:00.882
CRC-Response (SeqNo: 160) - 160,5,F000*7a25 * 15-04-2025 11:28:00.887
Command Sent (SeqNo: 161, Retry: 0) Rack-1 Placed in J8 - With RA:1 - #161,3,1,35714,800,0,0*d15d  * 15-04-2025 11:28:01.821
CRC-Response (SeqNo: 161) - 161,3,I001,1*b7c6 * 15-04-2025 11:28:01.939
CRC-Response (SeqNo: 161) - 161,3,F000,1*8897 * 15-04-2025 11:28:07.962
RA Placed Rack in J8 * 15-04-2025 11:28:07.968
Command Sent (SeqNo: 162, Retry: 0) RA1 Home Command - With RA:0 - #162,5,00000111*97de  * 15-04-2025 11:28:08.401
CRC-Response (SeqNo: 162) - 162,5,I001,00000111*c9f5 * 15-04-2025 11:28:08.537
CRC-Response (SeqNo: 162) - 162,5,F000*a3a4 * 15-04-2025 11:28:08.939
Command Sent (SeqNo: 163, Retry: 0) READ TEMPERATURE - With RA:0 - #163,11*f7d6  * 15-04-2025 11:28:12.195
CRC-Response (SeqNo: 163) - 163,11,F000,-273*1344 * 15-04-2025 11:28:12.314
Command Sent (SeqNo: 164, Retry: 0) READ TEMPERATURE - With RA:0 - #164,11*83d7  * 15-04-2025 11:28:27.390
CRC-Response (SeqNo: 164) - 164,11,F000,545*e500 * 15-04-2025 11:28:27.511
Command Sent (SeqNo: 165, Retry: 0) READ TEMPERATURE - With RA:0 - #165,11*7fd6  * 15-04-2025 11:28:42.598
CRC-Response (SeqNo: 165) - 165,11,F000,545*6402 * 15-04-2025 11:28:42.723
Command Sent (SeqNo: 166, Retry: 0) READ TEMPERATURE - With RA:0 - #166,11*3bd6  * 15-04-2025 11:28:57.783
CRC-Response (SeqNo: 166) - 166,11,F000,545*a707 * 15-04-2025 11:28:57.905
Command Sent (SeqNo: 167, Retry: 0) READ TEMPERATURE - With RA:0 - #167,11*c7d7  * 15-04-2025 11:29:12.968
CRC-Response (SeqNo: 167) - 167,11,F000,545*2605 * 15-04-2025 11:29:13.86
Command Sent (SeqNo: 168, Retry: 0) READ TEMPERATURE - With RA:0 - #168,11*d3d4  * 15-04-2025 11:29:29.194
CRC-Response (SeqNo: 168) - 168,11,F000,545*2911 * 15-04-2025 11:29:29.319
Command Sent (SeqNo: 169, Retry: 0) Rack-3 Picked from J1 - With RA:2 - #169,2,2,10304,800,0,0*9ae2  * 15-04-2025 11:29:31.685
CRC-Response (SeqNo: 169) - 169,2,I001,2*90c6 * 15-04-2025 11:29:31.795
CRC-Response (SeqNo: 169) - 169,2,F000,2*af97 * 15-04-2025 11:29:38.154
RA Picked Rack From J1 * 15-04-2025 11:29:38.156
Command Sent (SeqNo: 170, Retry: 0) Rack-3 Placed in J2 - With RA:2 - #170,3,2,13934,800,0,0*9584  * 15-04-2025 11:29:38.255
CRC-Response (SeqNo: 170) - 170,3,I001,2*8fd3 * 15-04-2025 11:29:38.388
CRC-Response (SeqNo: 170) - 170,3,F000,2*b082 * 15-04-2025 11:29:43.987
RA Placed Rack in J2 * 15-04-2025 11:29:43.990
Command Sent (SeqNo: 171, Retry: 0) Rack-2 Picked from J5 - With RA:2 - #171,2,2,24824,800,0,0*c84d  * 15-04-2025 11:29:47.390
CRC-Response (SeqNo: 171) - 171,2,I001,2*8643 * 15-04-2025 11:29:47.521
CRC-Response (SeqNo: 171) - 171,2,F000,2*b912 * 15-04-2025 11:29:53.931
RA Picked Rack From J5 * 15-04-2025 11:29:53.935
Command Sent (SeqNo: 172, Retry: 0) Rack-2 Placed in J6 - With RA:2 - #172,3,2,28454,800,0,0*86c6  * 15-04-2025 11:29:54.511
CRC-Response (SeqNo: 172) - 172,3,I001,2*4572 * 15-04-2025 11:29:54.642
CRC-Response (SeqNo: 172) - 172,3,F000,2*7a23 * 15-04-2025 11:30:00.243
RA Placed Rack in J6 * 15-04-2025 11:30:00.246
Command Sent (SeqNo: 173, Retry: 0) READ TEMPERATURE - With RA:0 - #173,11*37eb  * 15-04-2025 11:30:04.738
CRC-Response (SeqNo: 173) - 173,11,F000,545*630b * 15-04-2025 11:30:04.857
Command Sent (SeqNo: 174, Retry: 0) READ TEMPERATURE - With RA:0 - #174,11*43ea  * 15-04-2025 11:30:19.941
CRC-Response (SeqNo: 174) - 174,11,F000,545*2400 * 15-04-2025 11:30:20.62
Command Sent (SeqNo: 175, Retry: 0) READ TEMPERATURE - With RA:0 - #175,11*bfeb  * 15-04-2025 11:30:33.64
CRC-Response (SeqNo: 175) - 175,11,F000,545*a502 * 15-04-2025 11:30:33.181
Command Sent (SeqNo: 176, Retry: 0) HEATER DOOR OPEN - With RA:0 - #176,8,1,1*b265  * 15-04-2025 11:30:38.985
CRC-Response (SeqNo: 176) - 176,8,I001*096b * 15-04-2025 11:30:39.109
CRC-Response (SeqNo: 176) - 176,8,F000*dda9 * 15-04-2025 11:30:39.434
Rack - 5Protocol Started * 15-04-2025 11:30:39.950
Command Sent (SeqNo: 177, Retry: 0) Rack-5 Picked from L2 - With RA:2 - #177,2,2,13934,16380,0,0*9e2e  * 15-04-2025 11:30:40.21
CRC-Response (SeqNo: 177) - 177,2,I001,2*99a3 * 15-04-2025 11:30:40.134
CRC-Response (SeqNo: 177) - 177,2,F000,2*a6f2 * 15-04-2025 11:30:46.982
RA Picked Rack From L2 * 15-04-2025 11:30:46.983
Command Sent (SeqNo: 178, Retry: 0) Rack-5 Placed in H1 - With RA:2 - #178,3,2,2688,1000,0,1*b738  * 15-04-2025 11:30:47.101
CRC-Response (SeqNo: 178) - 178,3,I001,2*6552 * 15-04-2025 11:30:47.218
CRC-Response (SeqNo: 178) - 178,3,F000,2*5a03 * 15-04-2025 11:30:53.689
RA Placed Rack in H1 * 15-04-2025 11:30:53.690
Command Sent (SeqNo: 179, Retry: 0) HEATER DOOR CLOSE - With RA:0 - #179,8,1,0*725b  * 15-04-2025 11:30:54.700
CRC-Response (SeqNo: 179) - 179,8,I001*492b * 15-04-2025 11:30:54.835
CRC-Response (SeqNo: 179) - 179,8,F000*9de9 * 15-04-2025 11:30:55.176
Command Sent (SeqNo: 180, Retry: 0) READ TEMPERATURE - With RA:0 - #180,11*72bf  * 15-04-2025 11:30:55.754
CRC-Response (SeqNo: 180) - 180,11,F000,545*af01 * 15-04-2025 11:30:55.873
Command Sent (SeqNo: 181, Retry: 0) Rack-1 Picked from J8 - With RA:2 - #181,2,2,35714,800,0,0*6f26  * 15-04-2025 11:31:08.681
CRC-Response (SeqNo: 181) - 181,2,I001,2*9273 * 15-04-2025 11:31:08.805
CRC-Response (SeqNo: 181) - 181,2,F000,2*ad22 * 15-04-2025 11:31:17.688
RA Picked Rack From J8 * 15-04-2025 11:31:17.688
Command Sent (SeqNo: 182, Retry: 0) RA-1 Movement - With RA:0 - #182,5,00000111*19c8  * 15-04-2025 11:31:17.816
CRC-Response (SeqNo: 182) - 182,5,I001,00000111*2297 * 15-04-2025 11:31:17.936
CRC-Response (SeqNo: 182) - 182,5,F000*c3e8 * 15-04-2025 11:31:17.938
Command Sent (SeqNo: 183, Retry: 0) Rack-1 Placed in W2 - With RA:2 - #183,3,2,46604,800,0,0*3d54  * 15-04-2025 11:31:18.874
CRC-Response (SeqNo: 183) - 183,3,I001,2*9413 * 15-04-2025 11:31:18.993
CRC-Response (SeqNo: 183) - 183,3,F000,2*ab42 * 15-04-2025 11:31:25.416
RA Placed Rack in W2 * 15-04-2025 11:31:25.417
Command Sent (SeqNo: 184, Retry: 0) RA2 Home Command - With RA:0 - #184,5,00111000*6c6c  * 15-04-2025 11:31:25.965
CRC-Response (SeqNo: 184) - 184,5,I001,00111000*fed8 * 15-04-2025 11:31:26.86
CRC-Response (SeqNo: 184) - 184,5,F000*e968 * 15-04-2025 11:31:26.496
Command Sent (SeqNo: 185, Retry: 0) READ TEMPERATURE - With RA:0 - #185,11*bebf  * 15-04-2025 11:31:28.886
CRC-Response (SeqNo: 185) - 185,11,F000,545*aa0d * 15-04-2025 11:31:28.992
Command Sent (SeqNo: 186, Retry: 0) WATER VALVE - 1 CONTROL ON - With RA:0 - #186,13,1,1*6ef8  * 15-04-2025 11:31:43.745
CRC-Response (SeqNo: 186) - 186,13,F000*74b4 * 15-04-2025 11:31:43.866
Command Sent (SeqNo: 187, Retry: 0) Rack-3 Picked from J2 - With RA:2 - #187,2,2,13934,800,0,0*8f34  * 15-04-2025 11:31:44.428
CRC-Response (SeqNo: 187) - 187,2,I001,2*8d93 * 15-04-2025 11:31:44.550
CRC-Response (SeqNo: 187) - 187,2,F000,2*b2c2 * 15-04-2025 11:31:51.294
RA Picked Rack From J2 * 15-04-2025 11:31:51.294
Command Sent (SeqNo: 188, Retry: 0) Rack-3 Placed in J4 - With RA:2 - #188,3,2,21194,800,0,0*4ec4  * 15-04-2025 11:31:51.513
CRC-Response (SeqNo: 188) - 188,3,I001,2*7162 * 15-04-2025 11:31:51.637
CRC-Response (SeqNo: 188) - 188,3,F000,2*4e33 * 15-04-2025 11:31:57.644
RA Placed Rack in J4 * 15-04-2025 11:31:57.646
Command Sent (SeqNo: 189, Retry: 0) Rack-2 Picked from J6 - With RA:2 - #189,2,2,28454,800,0,0*cd65  * 15-04-2025 11:32:00.751
CRC-Response (SeqNo: 189) - 189,2,I001,2*78f2 * 15-04-2025 11:32:00.873
CRC-Response (SeqNo: 189) - 189,2,F000,2*47a3 * 15-04-2025 11:32:06.890
RA Picked Rack From J6 * 15-04-2025 11:32:06.891
Command Sent (SeqNo: 190, Retry: 0) RA-1 Movement - With RA:0 - #190,5,00000111*5f33  * 15-04-2025 11:32:07.311
CRC-Response (SeqNo: 190) - 190,5,I001,00000111*be67 * 15-04-2025 11:32:07.467
CRC-Response (SeqNo: 190) - 190,5,F000*8a64 * 15-04-2025 11:32:07.469
Command Sent (SeqNo: 191, Retry: 0) Rack-2 Placed in W1 - With RA:2 - #191,3,2,42974,800,0,0*5560  * 15-04-2025 11:32:08.386
CRC-Response (SeqNo: 191) - 191,3,I001,2*a2b6 * 15-04-2025 11:32:08.508
CRC-Response (SeqNo: 191) - 191,3,F000,2*9de7 * 15-04-2025 11:32:15.333
RA Placed Rack in W1 * 15-04-2025 11:32:15.335
Command Sent (SeqNo: 192, Retry: 0) RA2 Home Command - With RA:0 - #192,5,00111000*e566  * 15-04-2025 11:32:15.525
CRC-Response (SeqNo: 192) - 192,5,I001,00111000*a36a * 15-04-2025 11:32:15.645
CRC-Response (SeqNo: 192) - 192,5,F000*53e5 * 15-04-2025 11:32:16.57
Command Sent (SeqNo: 193, Retry: 0) READ TEMPERATURE - With RA:0 - #193,11*f682  * 15-04-2025 11:32:18.750
CRC-Response (SeqNo: 193) - 193,11,F000,545*ad04 * 15-04-2025 11:32:18.869
Command Sent (SeqNo: 194, Retry: 0) WATER VALVE - 2 CONTROL OFF - With RA:0 - #194,13,2,0*e745  * 15-04-2025 11:32:26.3
CRC-Response (SeqNo: 194) - 194,13,F000*d1fc * 15-04-2025 11:32:26.122
Command Sent (SeqNo: 195, Retry: 0) Rack-1 Picked from W2 - With RA:1 - #195,2,1,46604,800,0,0*f5f3  * 15-04-2025 11:32:26.196
CRC-Response (SeqNo: 195) - 195,2,I001,1*ba76 * 15-04-2025 11:32:26.309
CRC-Response (SeqNo: 195) - 195,2,F000,1*8527 * 15-04-2025 11:32:33.676
RA Picked Rack From W2 * 15-04-2025 11:32:33.678
Command Sent (SeqNo: 196, Retry: 0) Rack-1 Placed in J9 - With RA:1 - #196,3,1,39344,800,0,0*6ba9  * 15-04-2025 11:32:34.97
CRC-Response (SeqNo: 196) - 196,3,I001,1*7947 * 15-04-2025 11:32:34.217
CRC-Response (SeqNo: 196) - 196,3,F000,1*4616 * 15-04-2025 11:32:40.246
RA Placed Rack in J9 * 15-04-2025 11:32:40.250
Command Sent (SeqNo: 197, Retry: 0) READ TEMPERATURE - With RA:0 - #197,11*c683  * 15-04-2025 11:32:45.48
CRC-Response (SeqNo: 197) - 197,11,F000,-273*d30e * 15-04-2025 11:32:45.168
Command Sent (SeqNo: 198, Retry: 0) READ TEMPERATURE - With RA:0 - #198,11*d280  * 15-04-2025 11:33:00.241
CRC-Response (SeqNo: 198) - 198,11,F000,545*261e * 15-04-2025 11:33:00.360
Command Sent (SeqNo: 199, Retry: 0) READ TEMPERATURE - With RA:0 - #199,11*2e81  * 15-04-2025 11:33:15.425
CRC-Response (SeqNo: 199) - 199,11,F000,545*a71c * 15-04-2025 11:33:15.531
Command Sent (SeqNo: 200, Retry: 0) WATER VALVE - 2 CONTROL ON - With RA:0 - #200,13,2,1*8b1f  * 15-04-2025 11:33:23.757
CRC-Response (SeqNo: 200) - 200,13,F000*7a11 * 15-04-2025 11:33:23.882
Command Sent (SeqNo: 201, Retry: 0) Rack-1 Picked from J9 - With RA:1 - #201,2,1,39344,800,0,0*24a2  * 15-04-2025 11:33:40.757
CRC-Response (SeqNo: 201) - 201,2,I001,1*f71d * 15-04-2025 11:33:40.884
CRC-Response (SeqNo: 201) - 201,2,F000,1*c84c * 15-04-2025 11:33:45.967
RA Picked Rack From J9 * 15-04-2025 11:33:45.969
Command Sent (SeqNo: 202, Retry: 0) Rack-1 Placed in W2 - With RA:1 - #202,3,1,46604,800,0,0*baf8  * 15-04-2025 11:33:46.354
CRC-Response (SeqNo: 202) - 202,3,I001,1*342c * 15-04-2025 11:33:46.489
CRC-Response (SeqNo: 202) - 202,3,F000,1*0b7d * 15-04-2025 11:33:52.492
RA Placed Rack in W2 * 15-04-2025 11:33:52.493
Command Sent (SeqNo: 203, Retry: 0) READ TEMPERATURE - With RA:0 - #203,11*c45e  * 15-04-2025 11:33:56.810
CRC-Response (SeqNo: 203) - 203,11,F000,545*a54e * 15-04-2025 11:33:56.929
Command Sent (SeqNo: 204, Retry: 0) Rack-3 Picked from J4 - With RA:2 - #204,2,2,21194,800,0,0*f554  * 15-04-2025 11:33:58.206
CRC-Response (SeqNo: 204) - 204,2,I001,2*e64d * 15-04-2025 11:33:58.319
CRC-Response (SeqNo: 204) - 204,2,F000,2*d91c * 15-04-2025 11:34:05.889
RA Picked Rack From J4 * 15-04-2025 11:34:05.890
Command Sent (SeqNo: 205, Retry: 0) Rack-3 Placed in J5 - With RA:2 - #205,3,2,24824,800,0,0*ec6b  * 15-04-2025 11:34:06.292
CRC-Response (SeqNo: 205) - 205,3,I001,2*efdd * 15-04-2025 11:34:06.414
CRC-Response (SeqNo: 205) - 205,3,F000,2*d08c * 15-04-2025 11:34:12.17
RA Placed Rack in J5 * 15-04-2025 11:34:12.18
18 Seconds Timer increments in Jar W1 for R2 as Command Execution under process in other function and timer updated for tmr_r2_incub() * 15-04-2025 11:34:15.662
Command Sent (SeqNo: 206, Retry: 0) HEATER DOOR OPEN - With RA:0 - #206,8,1,1*a430  * 15-04-2025 11:34:23.430
CRC-Response (SeqNo: 206) - 206,8,I001*36bd * 15-04-2025 11:34:23.551
CRC-Response (SeqNo: 206) - 206,8,F000*e27f * 15-04-2025 11:34:23.887
Command Sent (SeqNo: 207, Retry: 0) Rack-4 Picked from H2 - With RA:2 - #207,2,2,2688,8700,0,1*1c0e  * 15-04-2025 11:34:24.466
CRC-Response (SeqNo: 207) - 207,2,I001,2*e9bd * 15-04-2025 11:34:24.583
CRC-Response (SeqNo: 207) - 207,2,F000,2*d6ec * 15-04-2025 11:34:32.259
RA Picked Rack From H2 * 15-04-2025 11:34:32.260
Command Sent (SeqNo: 208, Retry: 0) HEATER DOOR CLOSE - With RA:0 - #208,8,1,0*a41e  * 15-04-2025 11:34:32.559
CRC-Response (SeqNo: 208) - 208,8,I001*ba3c * 15-04-2025 11:34:32.679
CRC-Response (SeqNo: 208) - 208,8,F000*6efe * 15-04-2025 11:34:33.33
Command Sent (SeqNo: 209, Retry: 0) Rack-4 Placed in J1 - With RA:2 - #209,3,2,10304,800,0,0*5f08  * 15-04-2025 11:34:33.595
5 Seconds Timer increments in Jar W1 for R2 as Command Execution under process in other function and timer updated for tmr_r2_incub() * 15-04-2025 11:34:33.668
CRC-Response (SeqNo: 209) - 209,3,I001,2*d01d * 15-04-2025 11:34:33.714
5 Seconds Timer increments in Jar W1 for R2 as Command Execution under process in other function and timer updated for tmr_r2_incub() * 15-04-2025 11:34:38.698
CRC-Response (SeqNo: 209) - 209,3,F000,2*ef4c * 15-04-2025 11:34:39.769
RA Placed Rack in J1 * 15-04-2025 11:34:39.770
Command Sent (SeqNo: 210, Retry: 0) WATER VALVE - 1 CONTROL OFF - With RA:2 - #210,13,1,0*db23  * 15-04-2025 11:34:43.758
CRC-Response (SeqNo: 210) - 210,13,F000*bf40 * 15-04-2025 11:34:43.877
Command Sent (SeqNo: 211, Retry: 0) Rack-2 Picked from W1 - With RA:1 - #211,2,1,42974,800,0,0*bea0  * 15-04-2025 11:34:43.944
CRC-Response (SeqNo: 211) - 211,2,I001,1*0b19 * 15-04-2025 11:34:44.59
CRC-Response (SeqNo: 211) - 211,2,F000,1*3448 * 15-04-2025 11:34:49.658
RA Picked Rack From W1 * 15-04-2025 11:34:49.659
Command Sent (SeqNo: 212, Retry: 0) RA-2 Movement - With RA:0 - #212,5,00111000*ae7a  * 15-04-2025 11:34:49.854
CRC-Response (SeqNo: 212) - 212,5,I001,00111000*85ac * 15-04-2025 11:34:49.986
CRC-Response (SeqNo: 212) - 212,5,F000*9c72 * 15-04-2025 11:34:49.988
Command Sent (SeqNo: 213, Retry: 0) Rack-2 Placed in J8 - With RA:1 - #213,3,1,35714,800,0,0*eda2  * 15-04-2025 11:34:50.909
CRC-Response (SeqNo: 213) - 213,3,I001,1*0d79 * 15-04-2025 11:34:51.19
5 Seconds Timer increments in Jar W2 for R1 as Command Execution under process in other function and timer updated for tmr_r1_incub() * 15-04-2025 11:34:53.24
CRC-Response (SeqNo: 213) - 213,3,F000,1*3228 * 15-04-2025 11:34:57.40
RA Placed Rack in J8 * 15-04-2025 11:34:57.47
Command Sent (SeqNo: 214, Retry: 0) RA1 Home Command - With RA:0 - #214,5,00000111*dbde  * 15-04-2025 11:34:57.482
CRC-Response (SeqNo: 214) - 214,5,I001,00000111*59e3 * 15-04-2025 11:34:57.600
CRC-Response (SeqNo: 214) - 214,5,F000*b6f2 * 15-04-2025 11:34:58.4
Command Sent (SeqNo: 215, Retry: 0) WATER VALVE - 2 CONTROL OFF - With RA:0 - #215,13,2,0*e413  * 15-04-2025 11:34:58.85
CRC-Response (SeqNo: 215) - 215,13,F000*ef7f * 15-04-2025 11:34:58.204
Command Sent (SeqNo: 216, Retry: 0) Rack-1 Picked from W2 - With RA:1 - #216,2,1,46604,800,0,0*cb65  * 15-04-2025 11:34:58.270
CRC-Response (SeqNo: 216) - 216,2,I001,1*d1a8 * 15-04-2025 11:34:58.391
CRC-Response (SeqNo: 216) - 216,2,F000,1*eef9 * 15-04-2025 11:35:05.755
RA Picked Rack From J18 * 15-04-2025 11:35:05.757
Command Sent (SeqNo: 217, Retry: 0) Rack-1 Placed in J18 - With RA:1 - #217,3,1,39344,8590,0,0*2b26  * 15-04-2025 11:35:05.809
CRC-Response (SeqNo: 217) - 217,3,I001,1*d838 * 15-04-2025 11:35:05.923
CRC-Response (SeqNo: 217) - 217,3,F000,1*e769 * 15-04-2025 11:35:11.956
RA Placed Rack in J18 * 15-04-2025 11:35:11.958
Command Sent (SeqNo: 218, Retry: 0) READ TEMPERATURE - With RA:0 - #218,11*2061  * 15-04-2025 11:35:14.296
CRC-Response (SeqNo: 218) - 218,11,F000,545*ef54 * 15-04-2025 11:35:14.415
Command Sent (SeqNo: 219, Retry: 0) READ TEMPERATURE - With RA:0 - #219,11*dc60  * 15-04-2025 11:35:29.485
CRC-Response (SeqNo: 219) - 219,11,F000,545*6e56 * 15-04-2025 11:35:29.612
Command Sent (SeqNo: 220, Retry: 0) WATER VALVE - 6 CONTROL ON - With RA:0 - #220,13,6,1*2a47  * 15-04-2025 11:35:42.209
CRC-Response (SeqNo: 220) - 220,13,F000*b0b0 * 15-04-2025 11:35:42.326
Command Sent (SeqNo: 221, Retry: 0) Rack-1 Picked from J18 - With RA:1 - #221,2,1,39344,8590,0,0*82cc  * 15-04-2025 11:35:59.205
CRC-Response (SeqNo: 221) - 221,2,I001,1*4f16 * 15-04-2025 11:35:59.328
CRC-Response (SeqNo: 221) - 221,2,F000,1*7047 * 15-04-2025 11:36:04.417
RA Picked Rack From W6 * 15-04-2025 11:36:04.418
Command Sent (SeqNo: 222, Retry: 0) Rack-1 Placed in W6 - With RA:1 - #222,3,1,42974,8590,0,0*5dd2  * 15-04-2025 11:36:04.470
CRC-Response (SeqNo: 222) - 222,3,I001,1*8c27 * 15-04-2025 11:36:04.582
CRC-Response (SeqNo: 222) - 222,3,F000,1*b376 * 15-04-2025 11:36:10.191
RA Placed Rack in W6 * 15-04-2025 11:36:10.193
Command Sent (SeqNo: 223, Retry: 0) Rack-3 Picked from J5 - With RA:2 - #223,2,2,24824,800,0,0*16cb  * 15-04-2025 11:36:12.588
CRC-Response (SeqNo: 223) - 223,2,I001,2*84f7 * 15-04-2025 11:36:12.707
CRC-Response (SeqNo: 223) - 223,2,F000,2*bba6 * 15-04-2025 11:36:20.685
RA Picked Rack From J6 * 15-04-2025 11:36:20.687
Command Sent (SeqNo: 224, Retry: 0) Rack-3 Placed in J6 - With RA:2 - #224,3,2,28454,800,0,0*68b1  * 15-04-2025 11:36:20.740
CRC-Response (SeqNo: 224) - 224,3,I001,2*9287 * 15-04-2025 11:36:20.856
CRC-Response (SeqNo: 224) - 224,3,F000,2*add6 * 15-04-2025 11:36:26.460
RA Placed Rack in J6 * 15-04-2025 11:36:26.462
Command Sent (SeqNo: 225, Retry: 0) READ TEMPERATURE - With RA:0 - #225,11*8c27  * 15-04-2025 11:36:28.222
CRC-Response (SeqNo: 225) - 225,11,F000,545*a144 * 15-04-2025 11:36:28.341
Command Sent (SeqNo: 226, Retry: 0) Rack-4 Picked from J1 - With RA:2 - #226,2,2,10304,800,0,0*3877  * 15-04-2025 11:36:40.383
CRC-Response (SeqNo: 226) - 226,2,I001,2*94e7 * 15-04-2025 11:36:40.514
CRC-Response (SeqNo: 226) - 226,2,F000,2*abb6 * 15-04-2025 11:36:47.721
RA Picked Rack From J2 * 15-04-2025 11:36:47.722
Command Sent (SeqNo: 227, Retry: 0) Rack-4 Placed in J2 - With RA:2 - #227,3,2,13934,800,0,0*87ce  * 15-04-2025 11:36:47.775
CRC-Response (SeqNo: 227) - 227,3,I001,2*9d77 * 15-04-2025 11:36:47.892
CRC-Response (SeqNo: 227) - 227,3,F000,2*a226 * 15-04-2025 11:36:53.497
RA Placed Rack in J2 * 15-04-2025 11:36:53.498
Command Sent (SeqNo: 228, Retry: 0) READ TEMPERATURE - With RA:0 - #228,11*2025  * 15-04-2025 11:36:56.429
CRC-Response (SeqNo: 228) - 228,11,F000,545*ec57 * 15-04-2025 11:36:56.548
Command Sent (SeqNo: 229, Retry: 0) WATER VALVE - 6 CONTROL OFF - With RA:0 - #229,13,6,0*8046  * 15-04-2025 11:37:00.439
CRC-Response (SeqNo: 229) - 229,13,F000*e0da * 15-04-2025 11:37:00.554
Command Sent (SeqNo: 230, Retry: 0) Rack-1 Picked from W6 - With RA:1 - #230,2,1,42974,8590,0,0*92ea  * 15-04-2025 11:37:00.628
CRC-Response (SeqNo: 230) - 230,2,I001,1*7643 * 15-04-2025 11:37:00.757
CRC-Response (SeqNo: 230) - 230,2,F000,1*4912 * 15-04-2025 11:37:05.850
RA Picked Rack From W6 * 15-04-2025 11:37:05.854
Command Sent (SeqNo: 231, Retry: 0) RA-2 Movement - With RA:0 - #231,5,00111000*e879  * 15-04-2025 11:37:05.907
CRC-Response (SeqNo: 231) - 231,5,I001,00111000*cdfd * 15-04-2025 11:37:06.21
CRC-Response (SeqNo: 231) - 231,5,F000*e92b * 15-04-2025 11:37:06.23
11 Seconds Timer increments in Jar J8 for R2 as Command Execution under process in other function and timer updated for tmr_r2_incub() * 15-04-2025 11:37:57.672
11 Seconds Timer increments in Jar J8 for R2 as Command Execution under process in other function and timer updated for tmr_r2_incub() * 15-04-2025 11:38:08.703
11 Secconds Timer increments in Jar J6 for R3 as Command Execution under process in other function and timer upadted for tmr_r3_incub() * 15-04-2025 11:38:13.827
11 Seconds Timer increments in Jar J8 for R2 as Command Execution under process in other function and timer updated for tmr_r2_incub() * 15-04-2025 11:38:19.719
11 Secconds Timer increments in Jar J6 for R3 as Command Execution under process in other function and timer upadted for tmr_r3_incub() * 15-04-2025 11:38:24.859
11 Seconds Timer increments in Jar J8 for R2 as Command Execution under process in other function and timer updated for tmr_r2_incub() * 15-04-2025 11:38:30.749
11 Secconds Timer increments in Jar J6 for R3 as Command Execution under process in other function and timer upadted for tmr_r3_incub() * 15-04-2025 11:38:35.880
11 Secconds Timer increments in Jar J2 for R4 as Command Execution under process in other function and timer updated for tmr_r4_incub() * 15-04-2025 11:38:41.735
11 Seconds Timer increments in Jar J8 for R2 as Command Execution under process in other function and timer updated for tmr_r2_incub() * 15-04-2025 11:38:41.746
11 Secconds Timer increments in Jar J6 for R3 as Command Execution under process in other function and timer upadted for tmr_r3_incub() * 15-04-2025 11:38:46.877
11 Seconds Timer increments in Jar J8 for R2 as Command Execution under process in other function and timer updated for tmr_r2_incub() * 15-04-2025 11:38:52.749
11 Secconds Timer increments in Jar J2 for R4 as Command Execution under process in other function and timer updated for tmr_r4_incub() * 15-04-2025 11:38:52.751
11 Secconds Timer increments in Jar J6 for R3 as Command Execution under process in other function and timer upadted for tmr_r3_incub() * 15-04-2025 11:38:57.905
11 Secconds Timer increments in Jar J2 for R4 as Command Execution under process in other function and timer updated for tmr_r4_incub() * 15-04-2025 11:39:03.764
11 Seconds Timer increments in Jar J8 for R2 as Command Execution under process in other function and timer updated for tmr_r2_incub() * 15-04-2025 11:39:03.765
11 Secconds Timer increments in Jar J6 for R3 as Command Execution under process in other function and timer upadted for tmr_r3_incub() * 15-04-2025 11:39:08.915
11 Seconds Timer increments in Jar J8 for R2 as Command Execution under process in other function and timer updated for tmr_r2_incub() * 15-04-2025 11:39:14.782
11 Secconds Timer increments in Jar J2 for R4 as Command Execution under process in other function and timer updated for tmr_r4_incub() * 15-04-2025 11:39:14.783
11 Secconds Timer increments in Jar J6 for R3 as Command Execution under process in other function and timer upadted for tmr_r3_incub() * 15-04-2025 11:39:19.960
11 Secconds Timer increments in Jar J2 for R4 as Command Execution under process in other function and timer updated for tmr_r4_incub() * 15-04-2025 11:39:25.783
11 Seconds Timer increments in Jar J8 for R2 as Command Execution under process in other function and timer updated for tmr_r2_incub() * 15-04-2025 11:39:25.783
11 Secconds Timer increments in Jar J6 for R3 as Command Execution under process in other function and timer upadted for tmr_r3_incub() * 15-04-2025 11:39:30.968
11 Seconds Timer increments in Jar J8 for R2 as Command Execution under process in other function and timer updated for tmr_r2_incub() * 15-04-2025 11:39:36.792
11 Secconds Timer increments in Jar J2 for R4 as Command Execution under process in other function and timer updated for tmr_r4_incub() * 15-04-2025 11:39:36.793
11 Secconds Timer increments in Jar J6 for R3 as Command Execution under process in other function and timer upadted for tmr_r3_incub() * 15-04-2025 11:39:41.991
11 Secconds Timer increments in Jar J2 for R4 as Command Execution under process in other function and timer updated for tmr_r4_incub() * 15-04-2025 11:39:47.826
11 Seconds Timer increments in Jar J8 for R2 as Command Execution under process in other function and timer updated for tmr_r2_incub() * 15-04-2025 11:39:47.827
11 Secconds Timer increments in Jar J6 for R3 as Command Execution under process in other function and timer upadted for tmr_r3_incub() * 15-04-2025 11:39:52.999
11 Seconds Timer increments in Jar J8 for R2 as Command Execution under process in other function and timer updated for tmr_r2_incub() * 15-04-2025 11:39:58.824
11 Secconds Timer increments in Jar J2 for R4 as Command Execution under process in other function and timer updated for tmr_r4_incub() * 15-04-2025 11:39:58.825
11 Secconds Timer increments in Jar J6 for R3 as Command Execution under process in other function and timer upadted for tmr_r3_incub() * 15-04-2025 11:40:03.996
11 Secconds Timer increments in Jar J2 for R4 as Command Execution under process in other function and timer updated for tmr_r4_incub() * 15-04-2025 11:40:09.832
11 Seconds Timer increments in Jar J8 for R2 as Command Execution under process in other function and timer updated for tmr_r2_incub() * 15-04-2025 11:40:09.835
User Aborted / Stopped the application forcefully  * 15-04-2025 11:40:09.970
Command Sent (SeqNo: 232, Retry: 0) HEATER OFF - With RA:0 - #232,12,0*f6e7  * 15-04-2025 11:40:13.41
CRC-Response (SeqNo: 232) - 232,12,F000*c4f9 * 15-04-2025 11:40:13.175
