Device Intialization started * 18-01-2025 11:04:43.824
Command * DOOR STATUS - #0,9*1dad
 * 18-01-2025 11:05:49.927
Response  - 0,9,F000,11*107c * 18-01-2025 11:05:50.91
Command * HEATER ON - #1,12,1*dbe7
 * 18-01-2025 11:05:52.246
Response  - 1,12,F000*68e5 * 18-01-2025 11:05:52.407
Command * HEATER OFF - #2,12,0*2826
 * 18-01-2025 11:05:58.211
Response  - 2,12,F000*98f1 * 18-01-2025 11:05:58.378
Device Intialization started * 18-01-2025 11:06:07.63
Command * SET TEMPERATURE - #3,10,37*84f9
 * 18-01-2025 11:06:07.935
CRC-Response  - 3,10,F000*eafd * 18-01-2025 11:06:08.54
Command * WATER VALVE - 1 CONTROL ON - #4,13,1,1*402b
 * 18-01-2025 11:06:09.106
CRC-Response  - 4,13,F000*e9db * 18-01-2025 11:06:09.220
Command * WATER VALVE - 2 CONTROL ON - #5,13,2,1*8c1a
 * 18-01-2025 11:06:09.773
CRC-Response  - 5,13,F000*79d6 * 18-01-2025 11:06:09.891
Command * WATER VALVE - 3 CONTROL ON - #6,13,3,1*590b
 * 18-01-2025 11:06:10.445
CRC-Response  - 6,13,F000*89c2 * 18-01-2025 11:06:10.561
Command * WATER VALVE - 4 CONTROL ON - #7,13,4,1*547b
 * 18-01-2025 11:06:11.113
CRC-Response  - 7,13,F000*19cf * 18-01-2025 11:06:11.232
Command * WATER VALVE - 5 CONTROL ON - #8,13,5,1*d46a
 * 18-01-2025 11:06:11.797
CRC-Response  - 8,13,F000*e98e * 18-01-2025 11:06:11.912
Command * WATER VALVE - 6 CONTROL ON - #9,13,6,1*185b
 * 18-01-2025 11:06:12.467
CRC-Response  - 9,13,F000*7983 * 18-01-2025 11:06:12.571
Command * Home Command - #10,5,00100100*8d75
 * 18-01-2025 11:06:13.122
CRC-Response  - 10,5,I001,00100100*6503 * 18-01-2025 11:06:13.385
CRC-Response  - 10,5,F000*8728 * 18-01-2025 11:06:13.387
Command * Home Command - #11,5,01111111*e264
 * 18-01-2025 11:06:15.950
CRC-Response  - 11,5,I001,01111111*59be * 18-01-2025 11:06:16.66
CRC-Response  - 11,5,F000*4be9 * 18-01-2025 11:06:28.538
Command * Home Command - #12,5,01111111*e660
 * 18-01-2025 11:06:30.691
CRC-Response  - 12,5,I001,01111111*a94e * 18-01-2025 11:06:30.796
CRC-Response  - 12,5,F000*5ea9 * 18-01-2025 11:06:30.799
Command * Level Sensing For U1 - #13,4,61124,16380,0,0*db0b
 * 18-01-2025 11:06:33.397
CRC-Response  - 13,4,I001*97ab * 18-01-2025 11:06:33.506
CRC-Response  - 13,4,F000,2843*eb01 * 18-01-2025 11:06:37.659
U1 Value - 2843 * 18-01-2025 11:06:37.686
Command * Level Sensing For U2 - #14,4,57494,16380,0,0*7612
 * 18-01-2025 11:06:38.65
CRC-Response  - 14,4,I001*71ea * 18-01-2025 11:06:38.185
CRC-Response  - 14,4,F000,2832*5cc9 * 18-01-2025 11:06:40.458
U2 Value - 2832 * 18-01-2025 11:06:40.476
Command * Level Sensing For U3 - #15,4,53864,16380,0,0*962f
 * 18-01-2025 11:06:40.762
CRC-Response  - 15,4,I001*bd2b * 18-01-2025 11:06:40.880
CRC-Response  - 15,4,F000,2834*df4b * 18-01-2025 11:06:43.164
U3 Value - 2834 * 18-01-2025 11:06:43.181
Command * Level Sensing For U4 - #16,4,50234,16380,0,0*d77c
 * 18-01-2025 11:06:43.448
CRC-Response  - 16,4,I001*a86b * 18-01-2025 11:06:43.562
CRC-Response  - 16,4,F000,2833*de0f * 18-01-2025 11:06:45.860
U4 Value - 2833 * 18-01-2025 11:06:45.875
Command * Level Sensing For U5 - #17,4,46604,16380,0,0*ad8c
 * 18-01-2025 11:06:46.131
CRC-Response  - 17,4,I001*64aa * 18-01-2025 11:06:46.239
CRC-Response  - 17,4,F000,2831*9e8c * 18-01-2025 11:06:48.542
U5 Value - 2831 * 18-01-2025 11:06:48.558
Command * Level Sensing For U6 - #18,4,42974,16380,0,0*b83f
 * 18-01-2025 11:06:48.831
CRC-Response  - 18,4,I001*24ea * 18-01-2025 11:06:48.945
CRC-Response  - 18,4,F000,2859*f79a * 18-01-2025 11:06:51.238
U6 Value - 2859 * 18-01-2025 11:06:51.253
Command * Level Sensing For J1 - #19,4,10304,800,0,0*1697
 * 18-01-2025 11:06:51.513
CRC-Response  - 19,4,I001*e82b * 18-01-2025 11:06:51.626
CRC-Response  - 19,4,F000,2857*b219 * 18-01-2025 11:06:57.167
J1 Value - 2857 * 18-01-2025 11:06:57.183
Command * Level Sensing For J2 - #20,4,13934,800 ,0,0*680c
 * 18-01-2025 11:06:57.704
CRC-Response  - 20,4,I001*72ff * 18-01-2025 11:06:57.821
CRC-Response  - 20,4,F000,2860*4a46 * 18-01-2025 11:07:00.101
J2 Value - 2860 * 18-01-2025 11:07:00.115
Command * Level Sensing For J3 - #21,4,17564,800 ,0,0*cc52
 * 18-01-2025 11:07:00.376
CRC-Response  - 21,4,I001*be3e * 18-01-2025 11:07:00.488
CRC-Response  - 21,4,F000,2864*0845 * 18-01-2025 11:07:02.776
J3 Value - 2864 * 18-01-2025 11:07:02.790
Command * Level Sensing For J4 - #22,4,21194,800 ,0,0*9669
 * 18-01-2025 11:07:03.61
CRC-Response  - 22,4,I001*ab7e * 18-01-2025 11:07:03.167
CRC-Response  - 22,4,F000,2868*ce40 * 18-01-2025 11:07:05.471
J4 Value - 2868 * 18-01-2025 11:07:05.482
Command * Level Sensing For J5 - #23,4,24824,800 ,0,0*570d
 * 18-01-2025 11:07:05.736
CRC-Response  - 23,4,I001*67bf * 18-01-2025 11:07:05.848
CRC-Response  - 23,4,F000,2875*1a82 * 18-01-2025 11:07:08.142
J5 Value - 2875 * 18-01-2025 11:07:08.156
Command * Level Sensing For J6 - #24,4,28454,800 ,0,0*8aa7
 * 18-01-2025 11:07:08.426
CRC-Response  - 24,4,I001*81fe * 18-01-2025 11:07:08.535
CRC-Response  - 24,4,F000,2855*3d88 * 18-01-2025 11:07:10.835
J6 Value - 2855 * 18-01-2025 11:07:10.848
Command * Level Sensing For J7 - #25,4,32084,800 ,0,0*de24
 * 18-01-2025 11:07:11.106
CRC-Response  - 25,4,I001*4d3f * 18-01-2025 11:07:11.224
CRC-Response  - 25,4,F000,2848*e94a * 18-01-2025 11:07:13.509
J7 Value - 2848 * 18-01-2025 11:07:13.525
Command * Level Sensing For J8 - #26,4,35714,800 ,0,0*8a04
 * 18-01-2025 11:07:13.796
CRC-Response  - 26,4,I001*587f * 18-01-2025 11:07:13.914
CRC-Response  - 26,4,F000,2851*bc8e * 18-01-2025 11:07:16.193
J8 Value - 2851 * 18-01-2025 11:07:16.209
Command * Level Sensing For J9 - #27,4,39344,800 ,0,0*b9a4
 * 18-01-2025 11:07:16.465
CRC-Response  - 27,4,I001*94be * 18-01-2025 11:07:16.584
CRC-Response  - 27,4,F000,2863*0c0d * 18-01-2025 11:07:18.868
J9 Value - 2863 * 18-01-2025 11:07:18.879
Command * Level Sensing For J10 - #28,4,53864,800 ,0,0*c167
 * 18-01-2025 11:07:19.138
CRC-Response  - 28,4,I001*d4fe * 18-01-2025 11:07:19.258
CRC-Response  - 28,4,F000,2851*3298 * 18-01-2025 11:07:22.745
J11 Value - 2851 * 18-01-2025 11:07:22.762
Command * Level Sensing For J11 - #29,4,57494,800 ,0,0*bd18
 * 18-01-2025 11:07:22.816
CRC-Response  - 29,4,I001*183f * 18-01-2025 11:07:28.81
CRC-Response  - 29,4,F000,2849*e59a * 18-01-2025 11:07:28.85
J11 Value - 2849 * 18-01-2025 11:07:28.97
Command * Level Sensing For J12 - #30,4,61124,800 ,0,0*32d5
 * 18-01-2025 11:07:28.381
CRC-Response  - 30,4,I001*e2f2 * 18-01-2025 11:07:28.487
CRC-Response  - 30,4,F000,2848*2d46 * 18-01-2025 11:07:30.780
J12 Value - 2848 * 18-01-2025 11:07:30.794
Command * Level Sensing For J13 - #31,4,64754,800 ,0,0*b79a
 * 18-01-2025 11:07:31.68
CRC-Response  - 31,4,I001*2e33 * 18-01-2025 11:07:31.189
CRC-Response  - 31,4,F000,2822*0bc7 * 18-01-2025 11:07:33.481
J13 Value - 2822 * 18-01-2025 11:07:33.498
Command * Level Sensing For J14 - #32,4,64754,8590,0,0*a9fe
 * 18-01-2025 11:07:33.740
CRC-Response  - 32,4,I001*3b73 * 18-01-2025 11:07:33.860
CRC-Response  - 32,4,F000,2848*6f41 * 18-01-2025 11:07:36.322
J14 Value - 2848 * 18-01-2025 11:07:36.356
Command * Level Sensing For J15 - #33,4,61124,8590,0,0*2cb1
 * 18-01-2025 11:07:36.438
CRC-Response  - 33,4,I001*f7b2 * 18-01-2025 11:07:36.555
CRC-Response  - 33,4,F000,2864*8b42 * 18-01-2025 11:07:38.833
J15 Value - 2864 * 18-01-2025 11:07:38.853
Command * Level Sensing For J16 - #34,4,57494,8590,0,0*b423
 * 18-01-2025 11:07:39.118
CRC-Response  - 34,4,I001*11f3 * 18-01-2025 11:07:39.238
CRC-Response  - 34,4,F000,2851*3f89 * 18-01-2025 11:07:41.523
J16 Value - 2851 * 18-01-2025 11:07:41.536
Command * Level Sensing For J17 - #35,4,53864,8590,0,0*c85c
 * 18-01-2025 11:07:41.813
CRC-Response  - 35,4,I001*dd32 * 18-01-2025 11:07:41.928
CRC-Response  - 35,4,F000,2849*e88b * 18-01-2025 11:07:44.219
J17 Value - 2849 * 18-01-2025 11:07:44.234
Command * Level Sensing For J18 - #36,4,39344,8590,0,0*e35c
 * 18-01-2025 11:07:44.484
CRC-Response  - 36,4,I001*c872 * 18-01-2025 11:07:44.595
CRC-Response  - 36,4,F000,2859*bb8f * 18-01-2025 11:07:48.89
J18 Value - 2859 * 18-01-2025 11:07:48.108
Command * Level Sensing For J19 - #37,4,35714,8590,0,0*d0fc
 * 18-01-2025 11:07:48.642
CRC-Response  - 37,4,I001*04b3 * 18-01-2025 11:07:48.748
CRC-Response  - 37,4,F000,2854*ff4c * 18-01-2025 11:07:51.45
J19 Value - 2854 * 18-01-2025 11:07:51.61
Command * Level Sensing For J20 - #38,4,32084,8590,0,0*d71f
 * 18-01-2025 11:07:51.314
CRC-Response  - 38,4,I001*44f3 * 18-01-2025 11:07:51.418
CRC-Response  - 38,4,F000,2837*511b * 18-01-2025 11:07:53.721
J20 Value - 2837 * 18-01-2025 11:07:53.734
Command * Level Sensing For J21 - #39,4,28454,8590,0,0*839c
 * 18-01-2025 11:07:53.981
CRC-Response  - 39,4,I001*8832 * 18-01-2025 11:07:54.99
CRC-Response  - 39,4,F000,2861*829a * 18-01-2025 11:07:56.379
J21 Value - 2861 * 18-01-2025 11:07:56.394
Command * Level Sensing For J22 - #40,4,24824,8590,0,0*c1e1
 * 18-01-2025 11:07:56.679
CRC-Response  - 40,4,I001*d2d4 * 18-01-2025 11:07:56.787
CRC-Response  - 40,4,F000,2859*ba80 * 18-01-2025 11:07:59.91
J22 Value - 2859 * 18-01-2025 11:07:59.106
Command * Level Sensing For J23 - #41,4,21194,8590,0,0*0085
 * 18-01-2025 11:07:59.361
CRC-Response  - 41,4,I001*1e15 * 18-01-2025 11:07:59.479
CRC-Response  - 41,4,F000,2860*cd42 * 18-01-2025 11:08:01.760
J23 Value - 2860 * 18-01-2025 11:08:01.776
Command * Level Sensing For J24 - #42,4,17564,8590,0,0*5abe
 * 18-01-2025 11:08:02.49
CRC-Response  - 42,4,I001*0b55 * 18-01-2025 11:08:02.166
CRC-Response  - 42,4,F000,2868*c846 * 18-01-2025 11:08:04.445
J24 Value - 2868 * 18-01-2025 11:08:04.465
Command * Level Sensing For J25 - #43,4,13934,8590,0,0*fee0
 * 18-01-2025 11:08:04.751
CRC-Response  - 43,4,I001*c794 * 18-01-2025 11:08:04.869
CRC-Response  - 43,4,F000,2877*dd05 * 18-01-2025 11:08:07.151
J25 Value - 2877 * 18-01-2025 11:08:07.164
Command * Level Sensing For J26 - #44,4,10304,8590,0,0*1443
 * 18-01-2025 11:08:07.470
CRC-Response  - 44,4,I001*21d5 * 18-01-2025 11:08:07.588
CRC-Response  - 44,4,F000,2862*09cf * 18-01-2025 11:08:09.869
J26 Value - 2862 * 18-01-2025 11:08:09.883
Command * Level Sensing For J27 - #45,4,21194,16380,0,0*deae
 * 18-01-2025 11:08:10.137
CRC-Response  - 45,4,I001*ed14 * 18-01-2025 11:08:10.253
CRC-Response  - 45,4,F000,2922*889e * 18-01-2025 11:08:13.360
J27 Value - 2922 * 18-01-2025 11:08:13.375
Command * Level Sensing For J28 - #46,4,24824,16380,0,0*8d17
 * 18-01-2025 11:08:13.824
CRC-Response  - 46,4,I001*f854 * 18-01-2025 11:08:13.942
CRC-Response  - 46,4,F000,2910*7a1a * 18-01-2025 11:08:16.227
J28 Value - 2910 * 18-01-2025 11:08:16.246
Command * Level Sensing For J29 - #47,4,28454,16380,0,0*7ac2
 * 18-01-2025 11:08:16.530
CRC-Response  - 47,4,I001*3495 * 18-01-2025 11:08:16.648
CRC-Response  - 47,4,F000,2884*a84e * 18-01-2025 11:08:18.940
J29 Value - 2884 * 18-01-2025 11:08:18.957
Command * Level Sensing For J30 - #48,4,32084,16380,0,0*32bd
 * 18-01-2025 11:08:19.243
CRC-Response  - 48,4,I001*74d5 * 18-01-2025 11:08:19.360
CRC-Response  - 48,4,F000,2883*651b * 18-01-2025 11:08:21.652
J30 Value - 2883 * 18-01-2025 11:08:21.666
Command * Level Sensing For J31 - #49,4,35714,16380,0,0*5291
 * 18-01-2025 11:08:21.941
CRC-Response  - 49,4,I001*b814 * 18-01-2025 11:08:22.61
CRC-Response  - 49,4,F000,2884*2658 * 18-01-2025 11:08:24.350
J31 Value - 2884 * 18-01-2025 11:08:24.366
Command * Level Sensing For J32 - #50,4,39344,16380,0,0*9a7d
 * 18-01-2025 11:08:24.605
CRC-Response  - 50,4,I001*42d9 * 18-01-2025 11:08:24.721
CRC-Response  - 50,4,F000,2025*8c03 * 18-01-2025 11:08:27.14
J32 Value - 2025 * 18-01-2025 11:08:27.33
Command * Level Sensing For J33 - #51,4,64754,16380,0,0*ef7a
 * 18-01-2025 11:08:27.270
CRC-Response  - 51,4,I001*8e18 * 18-01-2025 11:08:27.385
CRC-Response  - 51,4,F000,2814*ff41 * 18-01-2025 11:08:32.90
J33 Value - 2814 * 18-01-2025 11:08:32.103
Command * Level Sensing For W1 - #52,4,42974,800 ,0,0*100a
 * 18-01-2025 11:08:32.486
CRC-Response  - 52,4,I001*9b58 * 18-01-2025 11:08:32.606
CRC-Response  - 52,4,F000,2846*adc6 * 18-01-2025 11:08:36.920
W1 Value - 2846 * 18-01-2025 11:08:36.933
Command * Level Sensing For W2 - #53,4,46604,800 ,0,0*085b
 * 18-01-2025 11:08:37.187
CRC-Response  - 53,4,I001*5799 * 18-01-2025 11:08:37.307
CRC-Response  - 53,4,F000,2844*ed45 * 18-01-2025 11:08:39.599
W2 Value - 2844 * 18-01-2025 11:08:39.615
Command * Level Sensing For W3 - #54,4,50234,800 ,0,0*f11d
 * 18-01-2025 11:08:39.887
CRC-Response  - 54,4,I001*b1d8 * 18-01-2025 11:08:40.7
CRC-Response  - 54,4,F000,2825*ca8c * 18-01-2025 11:08:42.293
W3 Value - 2825 * 18-01-2025 11:08:42.312
Command * Level Sensing For W4 - #55,4,50234,8590,0,0*57d8
 * 18-01-2025 11:08:42.568
CRC-Response  - 55,4,I001*7d19 * 18-01-2025 11:08:42.684
CRC-Response  - 55,4,F000,2843*e90d * 18-01-2025 11:08:45.149
W4 Value - 2843 * 18-01-2025 11:08:45.171
Command * Level Sensing For W5 - #56,4,46604,8590,0,0*9fdf
 * 18-01-2025 11:08:45.265
CRC-Response  - 56,4,I001*6859 * 18-01-2025 11:08:45.381
CRC-Response  - 56,4,F000,2843*2a08 * 18-01-2025 11:08:47.657
W5 Value - 2843 * 18-01-2025 11:08:47.677
Command * Level Sensing For W6 - #57,4,42974,8590,0,0*878e
 * 18-01-2025 11:08:47.936
CRC-Response  - 57,4,I001*a498 * 18-01-2025 11:08:48.46
CRC-Response  - 57,4,F000,2845*a98a * 18-01-2025 11:08:50.341
W6 Value - 2845 * 18-01-2025 11:08:50.357
Command * Level Sensing For H1 - #58,4,2688,1000,0,1*270c
 * 18-01-2025 11:08:50.614
CRC-Response  - 58,4,I001*e4d8 * 18-01-2025 11:08:50.731
CRC-Response  - 58,4,F000,3960*f90f * 18-01-2025 11:08:57.91
H1 Value - 3960 * 18-01-2025 11:08:57.108
Command * Level Sensing For H2 - #59,4,2688,8700,0,1*1deb
 * 18-01-2025 11:08:57.317
CRC-Response  - 59,4,I001*2819 * 18-01-2025 11:08:57.435
CRC-Response  - 59,4,F000,3937*ea4f * 18-01-2025 11:08:59.887
H2 Value - 3937 * 18-01-2025 11:08:59.904
Command * Level Sensing For H3 - #60,4,2688,16380,0,1*518c
 * 18-01-2025 11:09:00.16
CRC-Response  - 60,4,I001*b2cd * 18-01-2025 11:09:00.134
CRC-Response  - 60,4,F000,3921*b2d0 * 18-01-2025 11:09:02.582
H3 Value - 3921 * 18-01-2025 11:09:02.596
Command * Home Command - #61,5,01111111*a56f
 * 18-01-2025 11:09:02.731
CRC-Response  - 61,5,I001,01111111*2c0f * 18-01-2025 11:09:02.845
CRC-Response  - 61,5,F000*7bcf * 18-01-2025 11:09:15.367
Command * Home Command - #62,5,01111111*a16b
 * 18-01-2025 11:09:18.538
CRC-Response  - 62,5,I001,01111111*dcff * 18-01-2025 11:09:18.654
CRC-Response  - 62,5,F000*6e8f * 18-01-2025 11:09:18.658
Command * SET TEMPERATURE - #0,10,32*870a
 * 18-01-2025 11:09:46.512
CRC-Response  - 0,10,F000*1ae9 * 18-01-2025 11:09:46.632
Command * HEATER ON - #1,12,1*dbe7
 * 18-01-2025 11:09:47.686
CRC-Response  - 1,12,F000*68e5 * 18-01-2025 11:09:47.801
Command * HEATER DOOR CLOSE - #2,8,1,0*21eb
 * 18-01-2025 11:09:48.672
CRC-Response  - 2,8,I001*fd79 * 18-01-2025 11:09:48.785
CRC-Response  - 2,8,F000*29bb * 18-01-2025 11:09:49.129
Command * READ TEMPERATURE - #3,11*ed1a
 * 18-01-2025 11:09:49.337
CRC-Response  - 3,11,F000,30*2d06 * 18-01-2025 11:09:49.441
Command * WATER VALVE - 1 CONTROL OFF - #4,13,1,0*80ea
 * 18-01-2025 11:09:54.504
CRC-Response  - 4,13,F000*e9db * 18-01-2025 11:09:54.620
Command * WATER VALVE - 2 CONTROL OFF - #5,13,2,0*4cdb
 * 18-01-2025 11:09:55.171
CRC-Response  - 5,13,F000*79d6 * 18-01-2025 11:09:55.289
Command * WATER VALVE - 3 CONTROL OFF - #6,13,3,0*99ca
 * 18-01-2025 11:09:55.843
CRC-Response  - 6,13,F000*89c2 * 18-01-2025 11:09:55.960
Command * WATER VALVE - 4 CONTROL OFF - #7,13,4,0*94ba
 * 18-01-2025 11:09:56.525
CRC-Response  - 7,13,F000*19cf * 18-01-2025 11:09:56.642
Command * WATER VALVE - 5 CONTROL OFF - #8,13,5,0*14ab
 * 18-01-2025 11:09:57.196
CRC-Response  - 8,13,F000*e98e * 18-01-2025 11:09:57.309
Command * WATER VALVE - 6 CONTROL OFF - #9,13,6,0*d89a
 * 18-01-2025 11:09:57.865
CRC-Response  - 9,13,F000*7983 * 18-01-2025 11:09:57.969
Command * Home Command - #10,5,01111111*2199
 * 18-01-2025 11:09:58.520
CRC-Response  - 10,5,I001,01111111*c9ef * 18-01-2025 11:09:58.640
CRC-Response  - 10,5,F000*8728 * 18-01-2025 11:09:59.434
Command * Home Command - #11,5,01111111*e264
 * 18-01-2025 11:10:01.696
CRC-Response  - 11,5,I001,01111111*59be * 18-01-2025 11:10:01.815
CRC-Response  - 11,5,F000*4be9 * 18-01-2025 11:10:01.819
Command * Level Sensing For H1 - #12,4,2688,1000,0,1*b46b
 * 18-01-2025 11:10:03.368
CRC-Response  - 12,4,I001*5b6a * 18-01-2025 11:10:03.486
CRC-Response  - 12,4,F000,3947*9552 * 18-01-2025 11:10:13.398
H1 Value - 3947 * 18-01-2025 11:10:13.410
Command * Level Sensing For H2 - #13,4,2688,8700,0,1*8e8c
 * 18-01-2025 11:10:13.610
CRC-Response  - 13,4,I001*97ab * 18-01-2025 11:10:13.719
CRC-Response  - 13,4,F000,3944*1510 * 18-01-2025 11:10:16.192
H2 Value - 3944 * 18-01-2025 11:10:16.207
Command * Level Sensing For H3 - #14,4,2688,16380,0,1*1478
 * 18-01-2025 11:10:16.264
CRC-Response  - 14,4,I001*71ea * 18-01-2025 11:10:16.378
CRC-Response  - 14,4,F000,3923*3059 * 18-01-2025 11:10:18.843
H3 Value - 3923 * 18-01-2025 11:10:18.857
Command * Level Sensing For L1 - #15,4,17564,16380,0,0*1c3d
 * 18-01-2025 11:10:18.942
CRC-Response  - 15,4,I001*bd2b * 18-01-2025 11:10:19.62
CRC-Response  - 15,4,F000,246*c9db * 18-01-2025 11:10:22.605
L1 Value - 246 * 18-01-2025 11:10:22.625
Command * Level Sensing For L2 - #16,4,13934,16380,0,0*5c61
 * 18-01-2025 11:10:23.112
CRC-Response  - 16,4,I001*a86b * 18-01-2025 11:10:23.231
CRC-Response  - 16,4,F000,274*fc5e * 18-01-2025 11:10:25.520
L2 Value - 274 * 18-01-2025 11:10:25.539
Command * Level Sensing For L3 - #17,4,10304,16380,0,0*ad43
 * 18-01-2025 11:10:25.823
CRC-Response  - 17,4,I001*64aa * 18-01-2025 11:10:25.938
CRC-Response  - 17,4,F000,279*fa62 * 18-01-2025 11:10:28.242
L3 Value - 279 * 18-01-2025 11:10:28.261
Command * Home Command - #18,5,01111111*fe78
 * 18-01-2025 11:10:28.528
CRC-Response  - 18,5,I001,01111111*0b68 * 18-01-2025 11:10:28.645
CRC-Response  - 18,5,F000*2129 * 18-01-2025 11:10:39.684
Command * Home Command - #19,5,01111111*3d85
 * 18-01-2025 11:10:42.275
CRC-Response  - 19,5,I001,01111111*9b39 * 18-01-2025 11:10:42.393
CRC-Response  - 19,5,F000*ede8 * 18-01-2025 11:10:42.396
Rack - 1Protocol Started * 18-01-2025 11:10:45.418
Command * Rack-1 Picked from L1 - #20,2,1,17564,16380,0,0*9bae
 * 18-01-2025 11:10:45.521
CRC-Response  - 20,2,I001,1*eb9c * 18-01-2025 11:10:45.637
CRC-Response  - 20,2,F000,1*d4cd * 18-01-2025 11:10:56.304
Command * Rack-1 Placed in H1 - #21,3,1,2688,1000,0,1*5c72
 * 18-01-2025 11:10:56.714
CRC-Response  - 21,3,I001,1*e20c * 18-01-2025 11:10:56.820
CRC-Response  - 21,3,F000,1*dd5d * 18-01-2025 11:11:03.763
Command * HEATER DOOR CLOSE - #22,8,1,0*e732
 * 18-01-2025 11:11:03.919
CRC-Response  - 22,8,I001*677e * 18-01-2025 11:11:04.29
CRC-Response  - 22,8,F000*b3bc * 18-01-2025 11:11:04.375
Command * READ TEMPERATURE - #23,11*0d07
 * 18-01-2025 11:11:04.588
CRC-Response  - 23,11,F000,30*7627 * 18-01-2025 11:11:04.699
Command * READ TEMPERATURE - #24,11*7906
 * 18-01-2025 11:11:09.758
CRC-Response  - 24,11,F000,29*2b13 * 18-01-2025 11:11:09.863
Command * READ TEMPERATURE - #25,11*8507
 * 18-01-2025 11:11:14.936
CRC-Response  - 25,11,F000,30*7e2f * 18-01-2025 11:11:15.48
Command * READ TEMPERATURE - #26,11*c107
 * 18-01-2025 11:11:20.93
CRC-Response  - 26,11,F000,30*7a2b * 18-01-2025 11:11:20.212
Command * READ TEMPERATURE - #27,11*3d06
 * 18-01-2025 11:11:25.263
CRC-Response  - 27,11,F000,30*b9d6 * 18-01-2025 11:11:25.380
Command * READ TEMPERATURE - #28,11*2905
 * 18-01-2025 11:11:30.442
CRC-Response  - 28,11,F000,30*adc2 * 18-01-2025 11:11:30.558
Command * READ TEMPERATURE - #29,11*d504
 * 18-01-2025 11:11:35.615
CRC-Response  - 29,11,F000,30*6e3f * 18-01-2025 11:11:35.732
Command * READ TEMPERATURE - #30,11*893a
 * 18-01-2025 11:11:40.787
CRC-Response  - 30,11,F000,30*f321 * 18-01-2025 11:11:40.892
Command * READ TEMPERATURE - #31,11*753b
 * 18-01-2025 11:11:45.937
CRC-Response  - 31,11,F000,30*30dc * 18-01-2025 11:11:46.54
Command * READ TEMPERATURE - #32,11*313b
 * 18-01-2025 11:11:51.133
CRC-Response  - 32,11,F000,30*34d8 * 18-01-2025 11:11:51.251
Command * READ TEMPERATURE - #33,11*cd3a
 * 18-01-2025 11:11:56.314
CRC-Response  - 33,11,F000,30*f725 * 18-01-2025 11:11:56.433
Command * READ TEMPERATURE - #34,11*b93b
 * 18-01-2025 11:12:01.481
CRC-Response  - 34,11,F000,30*3cd0 * 18-01-2025 11:12:01.592
Command * READ TEMPERATURE - #35,11*453a
 * 18-01-2025 11:12:06.643
CRC-Response  - 35,11,F000,30*ff2d * 18-01-2025 11:12:06.762
Command * READ TEMPERATURE - #36,11*013a
 * 18-01-2025 11:12:11.826
CRC-Response  - 36,11,F000,30*fb29 * 18-01-2025 11:12:11.931
Command * READ TEMPERATURE - #37,11*fd3b
 * 18-01-2025 11:12:16.998
CRC-Response  - 37,11,F000,30*38d4 * 18-01-2025 11:12:17.101
Command * READ TEMPERATURE - #38,11*e938
 * 18-01-2025 11:12:22.151
CRC-Response  - 38,11,F000,30*2cc0 * 18-01-2025 11:12:22.270
Command * READ TEMPERATURE - #39,11*1539
 * 18-01-2025 11:12:27.341
CRC-Response  - 39,11,F000,30*ef3d * 18-01-2025 11:12:27.464
Command * READ TEMPERATURE - #40,11*498f
 * 18-01-2025 11:12:32.514
CRC-Response  - 40,11,F000,30*b42a * 18-01-2025 11:12:32.624
Command * READ TEMPERATURE - #41,11*b58e
 * 18-01-2025 11:12:37.685
CRC-Response  - 41,11,F000,30*77d7 * 18-01-2025 11:12:37.793
Command * READ TEMPERATURE - #42,11*f18e
 * 18-01-2025 11:12:42.848
CRC-Response  - 42,11,F000,30*73d3 * 18-01-2025 11:12:42.966
Command * READ TEMPERATURE - #43,11*0d8f
 * 18-01-2025 11:12:48.22
CRC-Response  - 43,11,F000,30*b02e * 18-01-2025 11:12:48.144
Command * READ TEMPERATURE - #44,11*798e
 * 18-01-2025 11:12:53.183
CRC-Response  - 44,11,F000,30*7bdb * 18-01-2025 11:12:53.299
Command * READ TEMPERATURE - #45,11*858f
 * 18-01-2025 11:12:58.341
CRC-Response  - 45,11,F000,30*b826 * 18-01-2025 11:12:58.447
Command * READ TEMPERATURE - #46,11*c18f
 * 18-01-2025 11:13:03.503
CRC-Response  - 46,11,F000,30*bc22 * 18-01-2025 11:13:03.614
Command * READ TEMPERATURE - #47,11*3d8e
 * 18-01-2025 11:13:08.690
CRC-Response  - 47,11,F000,30*7fdf * 18-01-2025 11:13:08.799
Command * READ TEMPERATURE - #48,11*298d
 * 18-01-2025 11:13:13.840
CRC-Response  - 48,11,F000,30*6bcb * 18-01-2025 11:13:13.945
Command * READ TEMPERATURE - #49,11*d58c
 * 18-01-2025 11:13:18.998
CRC-Response  - 49,11,F000,30*a836 * 18-01-2025 11:13:19.115
Command * READ TEMPERATURE - #50,11*89b2
 * 18-01-2025 11:13:24.184
CRC-Response  - 50,11,F000,30*3528 * 18-01-2025 11:13:24.300
Command * READ TEMPERATURE - #51,11*75b3
 * 18-01-2025 11:13:29.363
CRC-Response  - 51,11,F000,30*f6d5 * 18-01-2025 11:13:29.486
Command * READ TEMPERATURE - #52,11*31b3
 * 18-01-2025 11:13:34.538
CRC-Response  - 52,11,F000,30*f2d1 * 18-01-2025 11:13:34.649
Command * READ TEMPERATURE - #53,11*cdb2
 * 18-01-2025 11:13:39.708
CRC-Response  - 53,11,F000,30*312c * 18-01-2025 11:13:39.813
Command * READ TEMPERATURE - #54,11*b9b3
 * 18-01-2025 11:13:44.871
CRC-Response  - 54,11,F000,31*3a18 * 18-01-2025 11:13:44.974
Command * READ TEMPERATURE - #55,11*45b2
 * 18-01-2025 11:13:50.31
CRC-Response  - 55,11,F000,30*3924 * 18-01-2025 11:13:50.136
Command * READ TEMPERATURE - #56,11*01b2
 * 18-01-2025 11:13:55.195
CRC-Response  - 56,11,F000,30*3d20 * 18-01-2025 11:13:55.312
Command * READ TEMPERATURE - #57,11*fdb3
 * 18-01-2025 11:14:00.375
CRC-Response  - 57,11,F000,30*fedd * 18-01-2025 11:14:00.493
Command * READ TEMPERATURE - #58,11*e9b0
 * 18-01-2025 11:14:05.567
CRC-Response  - 58,11,F000,30*eac9 * 18-01-2025 11:14:05.716
Command * READ TEMPERATURE - #59,11*15b1
 * 18-01-2025 11:14:10.768
CRC-Response  - 59,11,F000,30*2934 * 18-01-2025 11:14:10.880
Command * READ TEMPERATURE - #60,11*89f6
 * 18-01-2025 11:14:15.940
CRC-Response  - 60,11,F000,30*f62d * 18-01-2025 11:14:16.45
Command * READ TEMPERATURE - #61,11*75f7
 * 18-01-2025 11:14:21.91
CRC-Response  - 61,11,F000,30*35d0 * 18-01-2025 11:14:21.207
Command * READ TEMPERATURE - #62,11*31f7
 * 18-01-2025 11:14:26.263
CRC-Response  - 62,11,F000,30*31d4 * 18-01-2025 11:14:26.367
Command * READ TEMPERATURE - #63,11*cdf6
 * 18-01-2025 11:14:31.418
CRC-Response  - 63,11,F000,30*f229 * 18-01-2025 11:14:31.536
Command * READ TEMPERATURE - #64,11*b9f7
 * 18-01-2025 11:14:36.603
CRC-Response  - 64,11,F000,30*39dc * 18-01-2025 11:14:36.718
Command * READ TEMPERATURE - #65,11*45f6
 * 18-01-2025 11:14:41.764
CRC-Response  - 65,11,F000,30*fa21 * 18-01-2025 11:14:41.882
Command * READ TEMPERATURE - #66,11*01f6
 * 18-01-2025 11:14:46.943
CRC-Response  - 66,11,F000,30*fe25 * 18-01-2025 11:14:47.77
Command * READ TEMPERATURE - #67,11*fdf7
 * 18-01-2025 11:14:52.139
CRC-Response  - 67,11,F000,30*3dd8 * 18-01-2025 11:14:52.243
Command * READ TEMPERATURE - #68,11*e9f4
 * 18-01-2025 11:14:57.302
CRC-Response  - 68,11,F000,30*29cc * 18-01-2025 11:14:57.419
Command * READ TEMPERATURE - #69,11*15f5
 * 18-01-2025 11:15:02.479
CRC-Response  - 69,11,F000,30*ea31 * 18-01-2025 11:15:02.585
Command * READ TEMPERATURE - #70,11*49cb
 * 18-01-2025 11:15:07.646
CRC-Response  - 70,11,F000,30*772f * 18-01-2025 11:15:07.764
Command * READ TEMPERATURE - #71,11*b5ca
 * 18-01-2025 11:15:12.822
CRC-Response  - 71,11,F000,30*b4d2 * 18-01-2025 11:15:12.940
Command * READ TEMPERATURE - #72,11*f1ca
 * 18-01-2025 11:15:17.998
CRC-Response  - 72,11,F000,30*b0d6 * 18-01-2025 11:15:18.115
Command * READ TEMPERATURE - #73,11*0dcb
 * 18-01-2025 11:15:23.169
CRC-Response  - 73,11,F000,30*732b * 18-01-2025 11:15:23.286
Command * READ TEMPERATURE - #74,11*79ca
 * 18-01-2025 11:15:28.347
CRC-Response  - 74,11,F000,30*b8de * 18-01-2025 11:15:28.452
Command * READ TEMPERATURE - #75,11*85cb
 * 18-01-2025 11:15:33.503
CRC-Response  - 75,11,F000,30*7b23 * 18-01-2025 11:15:33.621
Command * READ TEMPERATURE - #76,11*c1cb
 * 18-01-2025 11:15:38.692
CRC-Response  - 76,11,F000,30*7f27 * 18-01-2025 11:15:38.797
Command * READ TEMPERATURE - #77,11*3dca
 * 18-01-2025 11:15:43.853
CRC-Response  - 77,11,F000,30*bcda * 18-01-2025 11:15:43.971
Command * READ TEMPERATURE - #78,11*29c9
 * 18-01-2025 11:15:49.15
CRC-Response  - 78,11,F000,30*a8ce * 18-01-2025 11:15:49.133
Command * READ TEMPERATURE - #79,11*d5c8
 * 18-01-2025 11:15:54.194
CRC-Response  - 79,11,F000,30*6b33 * 18-01-2025 11:15:54.313
Command * READ TEMPERATURE - #80,11*489f
 * 18-01-2025 11:15:59.377
CRC-Response  - 80,11,F000,30*783b * 18-01-2025 11:15:59.602
Command * READ TEMPERATURE - #81,11*b49e
 * 18-01-2025 11:16:04.657
CRC-Response  - 81,11,F000,30*bbc6 * 18-01-2025 11:16:04.764
Command * READ TEMPERATURE - #82,11*f09e
 * 18-01-2025 11:16:09.818
CRC-Response  - 82,11,F000,30*bfc2 * 18-01-2025 11:16:09.929
Command * READ TEMPERATURE - #83,11*0c9f
 * 18-01-2025 11:16:14.989
CRC-Response  - 83,11,F000,30*7c3f * 18-01-2025 11:16:15.106
Command * READ TEMPERATURE - #84,11*789e
 * 18-01-2025 11:16:20.157
CRC-Response  - 84,11,F000,30*b7ca * 18-01-2025 11:16:20.270
Command * READ TEMPERATURE - #85,11*849f
 * 18-01-2025 11:16:25.339
CRC-Response  - 85,11,F000,30*7437 * 18-01-2025 11:16:25.443
Command * READ TEMPERATURE - #86,11*c09f
 * 18-01-2025 11:16:30.498
CRC-Response  - 86,11,F000,31*b0f2 * 18-01-2025 11:16:30.615
Command * READ TEMPERATURE - #87,11*3c9e
 * 18-01-2025 11:16:35.678
CRC-Response  - 87,11,F000,30*b3ce * 18-01-2025 11:16:35.786
Command * READ TEMPERATURE - #88,11*289d
 * 18-01-2025 11:16:40.859
CRC-Response  - 88,11,F000,30*a7da * 18-01-2025 11:16:40.976
Command * READ TEMPERATURE - #89,11*d49c
 * 18-01-2025 11:16:46.46
CRC-Response  - 89,11,F000,30*6427 * 18-01-2025 11:16:46.160
Command * READ TEMPERATURE - #90,11*88a2
 * 18-01-2025 11:16:51.215
CRC-Response  - 90,11,F000,30*f939 * 18-01-2025 11:16:51.330
Command * READ TEMPERATURE - #91,11*74a3
 * 18-01-2025 11:16:56.392
CRC-Response  - 91,11,F000,30*3ac4 * 18-01-2025 11:16:56.508
Command * READ TEMPERATURE - #92,11*30a3
 * 18-01-2025 11:17:01.586
CRC-Response  - 92,11,F000,31*fe01 * 18-01-2025 11:17:01.705
Command * READ TEMPERATURE - #93,11*cca2
 * 18-01-2025 11:17:06.773
CRC-Response  - 93,11,F000,31*3dfc * 18-01-2025 11:17:06.890
Command * READ TEMPERATURE - #94,11*b8a3
 * 18-01-2025 11:17:11.948
CRC-Response  - 94,11,F000,31*f609 * 18-01-2025 11:17:12.64
Command * READ TEMPERATURE - #95,11*44a2
 * 18-01-2025 11:17:17.115
CRC-Response  - 95,11,F000,31*35f4 * 18-01-2025 11:17:17.335
Command * READ TEMPERATURE - #96,11*00a2
 * 18-01-2025 11:17:22.297
CRC-Response  - 96,11,F000,31*31f0 * 18-01-2025 11:17:22.411
Command * READ TEMPERATURE - #97,11*fca3
 * 18-01-2025 11:17:27.470
CRC-Response  - 97,11,F000,31*f20d * 18-01-2025 11:17:27.586
Command * READ TEMPERATURE - #98,11*e8a0
 * 18-01-2025 11:17:32.640
CRC-Response  - 98,11,F000,31*e619 * 18-01-2025 11:17:32.756
Command * READ TEMPERATURE - #99,11*14a1
 * 18-01-2025 11:17:37.828
CRC-Response  - 99,11,F000,31*25e4 * 18-01-2025 11:17:37.945
Command * READ TEMPERATURE - #100,11*b35e
 * 18-01-2025 11:17:43.5
CRC-Response  - 100,11,F000,31*eb7d * 18-01-2025 11:17:43.121
Command * READ TEMPERATURE - #101,11*4f5f
 * 18-01-2025 11:17:48.170
CRC-Response  - 101,11,F000,31*2880 * 18-01-2025 11:17:48.288
Command * READ TEMPERATURE - #102,11*0b5f
 * 18-01-2025 11:17:53.361
CRC-Response  - 102,11,F000,31*2c84 * 18-01-2025 11:17:53.469
Command * READ TEMPERATURE - #103,11*f75e
 * 18-01-2025 11:17:58.531
CRC-Response  - 103,11,F000,31*ef79 * 18-01-2025 11:17:58.649
Command * READ TEMPERATURE - #104,11*835f
 * 18-01-2025 11:18:03.699
CRC-Response  - 104,11,F000,31*248c * 18-01-2025 11:18:03.814
Command * READ TEMPERATURE - #105,11*7f5e
 * 18-01-2025 11:18:08.856
CRC-Response  - 105,11,F000,31*e771 * 18-01-2025 11:18:08.974
Command * READ TEMPERATURE - #106,11*3b5e
 * 18-01-2025 11:18:14.31
CRC-Response  - 106,11,F000,31*e375 * 18-01-2025 11:18:14.147
Command * READ TEMPERATURE - #107,11*c75f
 * 18-01-2025 11:18:19.203
CRC-Response  - 107,11,F000,31*2088 * 18-01-2025 11:18:19.310
Command * READ TEMPERATURE - #108,11*d35c
 * 18-01-2025 11:18:24.359
CRC-Response  - 108,11,F000,31*349c * 18-01-2025 11:18:24.474
Command * READ TEMPERATURE - #109,11*2f5d
 * 18-01-2025 11:18:29.544
CRC-Response  - 109,11,F000,31*f761 * 18-01-2025 11:18:29.661
Command * READ TEMPERATURE - #110,11*7363
 * 18-01-2025 11:18:34.730
CRC-Response  - 110,11,F000,31*6a7f * 18-01-2025 11:18:34.844
Command * READ TEMPERATURE - #111,11*8f62
 * 18-01-2025 11:18:39.898
CRC-Response  - 111,11,F000,31*a982 * 18-01-2025 11:18:40.16
Command * READ TEMPERATURE - #112,11*cb62
 * 18-01-2025 11:18:45.82
CRC-Response  - 112,11,F000,31*ad86 * 18-01-2025 11:18:45.197
Command * READ TEMPERATURE - #113,11*3763
 * 18-01-2025 11:18:50.249
CRC-Response  - 113,11,F000,31*6e7b * 18-01-2025 11:18:50.368
Command * READ TEMPERATURE - #114,11*4362
 * 18-01-2025 11:18:55.441
CRC-Response  - 114,11,F000,31*a58e * 18-01-2025 11:18:55.558
Command * READ TEMPERATURE - #115,11*bf63
 * 18-01-2025 11:19:00.614
CRC-Response  - 115,11,F000,31*6673 * 18-01-2025 11:19:00.729
Command * READ TEMPERATURE - #116,11*fb63
 * 18-01-2025 11:19:05.798
CRC-Response  - 116,11,F000,31*6277 * 18-01-2025 11:19:05.903
Command * READ TEMPERATURE - #117,11*0762
 * 18-01-2025 11:19:10.964
CRC-Response  - 117,11,F000,31*a18a * 18-01-2025 11:19:11.83
Command * READ TEMPERATURE - #118,11*1361
 * 18-01-2025 11:19:16.151
CRC-Response  - 118,11,F000,31*b59e * 18-01-2025 11:19:16.273
Command * READ TEMPERATURE - #119,11*ef60
 * 18-01-2025 11:19:21.351
CRC-Response  - 119,11,F000,31*7663 * 18-01-2025 11:19:21.469
Command * READ TEMPERATURE - #120,11*7327
 * 18-01-2025 11:19:26.545
CRC-Response  - 120,11,F000,31*a97a * 18-01-2025 11:19:26.657
Command * READ TEMPERATURE - #121,11*8f26
 * 18-01-2025 11:19:31.718
CRC-Response  - 121,11,F000,31*6a87 * 18-01-2025 11:19:31.834
Command * READ TEMPERATURE - #122,11*cb26
 * 18-01-2025 11:19:36.887
CRC-Response  - 122,11,F000,30*ae42 * 18-01-2025 11:19:37.5
Command * READ TEMPERATURE - #123,11*3727
 * 18-01-2025 11:19:42.69
CRC-Response  - 123,11,F000,31*ad7e * 18-01-2025 11:19:42.188
Command * READ TEMPERATURE - #124,11*4326
 * 18-01-2025 11:19:47.231
CRC-Response  - 124,11,F000,31*668b * 18-01-2025 11:19:47.343
Command * READ TEMPERATURE - #125,11*bf27
 * 18-01-2025 11:19:52.397
CRC-Response  - 125,11,F000,31*a576 * 18-01-2025 11:19:52.500
Command * READ TEMPERATURE - #126,11*fb27
 * 18-01-2025 11:19:57.571
CRC-Response  - 126,11,F000,31*a172 * 18-01-2025 11:19:57.704
Command * READ TEMPERATURE - #127,11*0726
 * 18-01-2025 11:20:02.759
CRC-Response  - 127,11,F000,31*628f * 18-01-2025 11:20:02.876
Command * READ TEMPERATURE - #128,11*1325
 * 18-01-2025 11:20:07.940
CRC-Response  - 128,11,F000,31*769b * 18-01-2025 11:20:08.45
Command * READ TEMPERATURE - #129,11*ef24
 * 18-01-2025 11:20:13.113
CRC-Response  - 129,11,F000,31*b566 * 18-01-2025 11:20:13.230
Command * READ TEMPERATURE - #130,11*b31a
 * 18-01-2025 11:20:18.287
CRC-Response  - 130,11,F000,31*2878 * 18-01-2025 11:20:18.405
Command * READ TEMPERATURE - #131,11*4f1b
 * 18-01-2025 11:20:23.454
CRC-Response  - 131,11,F000,31*eb85 * 18-01-2025 11:20:23.571
Command * READ TEMPERATURE - #132,11*0b1b
 * 18-01-2025 11:20:28.628
CRC-Response  - 132,11,F000,31*ef81 * 18-01-2025 11:20:28.746
Command * READ TEMPERATURE - #133,11*f71a
 * 18-01-2025 11:20:33.807
CRC-Response  - 133,11,F000,31*2c7c * 18-01-2025 11:20:33.926
Command * READ TEMPERATURE - #134,11*831b
 * 18-01-2025 11:20:38.982
CRC-Response  - 134,11,F000,31*e789 * 18-01-2025 11:20:39.86
Command * READ TEMPERATURE - #135,11*7f1a
 * 18-01-2025 11:20:44.158
CRC-Response  - 135,11,F000,32*2534 * 18-01-2025 11:20:44.263
Command * READ TEMPERATURE - #136,11*3b1a
 * 18-01-2025 11:20:49.323
CRC-Response  - 136,11,F000,31*2070 * 18-01-2025 11:20:49.530
Command * READ TEMPERATURE - #137,11*c71b
 * 18-01-2025 11:20:54.607
CRC-Response  - 137,11,F000,31*e38d * 18-01-2025 11:20:54.717
Command * READ TEMPERATURE - #138,11*d318
 * 18-01-2025 11:20:59.763
CRC-Response  - 138,11,F000,31*f799 * 18-01-2025 11:20:59.879
Command * READ TEMPERATURE - #139,11*2f19
 * 18-01-2025 11:21:04.935
CRC-Response  - 139,11,F000,31*3464 * 18-01-2025 11:21:05.51
Command * READ TEMPERATURE - #140,11*73af
 * 18-01-2025 11:21:10.110
CRC-Response  - 140,11,F000,31*6f73 * 18-01-2025 11:21:10.218
Command * READ TEMPERATURE - #141,11*8fae
 * 18-01-2025 11:21:15.265
CRC-Response  - 141,11,F000,31*ac8e * 18-01-2025 11:21:15.382
Command * READ TEMPERATURE - #142,11*cbae
 * 18-01-2025 11:21:20.441
CRC-Response  - 142,11,F000,31*a88a * 18-01-2025 11:21:20.549
Command * READ TEMPERATURE - #143,11*37af
 * 18-01-2025 11:21:25.594
CRC-Response  - 143,11,F000,31*6b77 * 18-01-2025 11:21:25.713
Command * READ TEMPERATURE - #144,11*43ae
 * 18-01-2025 11:21:30.776
CRC-Response  - 144,11,F000,32*a1c2 * 18-01-2025 11:21:30.892
Command * READ TEMPERATURE - #145,11*bfaf
 * 18-01-2025 11:21:35.935
CRC-Response  - 145,11,F000,31*637f * 18-01-2025 11:21:36.53
Command * READ TEMPERATURE - #146,11*fbaf
 * 18-01-2025 11:21:41.111
CRC-Response  - 146,11,F000,31*677b * 18-01-2025 11:21:41.228
Command * READ TEMPERATURE - #147,11*07ae
 * 18-01-2025 11:21:46.305
CRC-Response  - 147,11,F000,31*a486 * 18-01-2025 11:21:46.422
Command * READ TEMPERATURE - #148,11*13ad
 * 18-01-2025 11:21:51.491
CRC-Response  - 148,11,F000,31*b092 * 18-01-2025 11:21:51.609
Command * READ TEMPERATURE - #149,11*efac
 * 18-01-2025 11:21:56.664
CRC-Response  - 149,11,F000,32*722f * 18-01-2025 11:21:56.782
Command * READ TEMPERATURE - #150,11*b392
 * 18-01-2025 11:22:01.837
CRC-Response  - 150,11,F000,31*ee71 * 18-01-2025 11:22:01.954
Command * READ TEMPERATURE - #151,11*4f93
 * 18-01-2025 11:22:07.20
CRC-Response  - 151,11,F000,31*2d8c * 18-01-2025 11:22:07.142
Command * HEATER DOOR OPEN - #152,8,1,1*aba1
 * 18-01-2025 11:22:08.973
CRC-Response  - 152,8,I001*9a73 * 18-01-2025 11:22:09.88
CRC-Response  - 152,8,F000*4eb1 * 18-01-2025 11:22:09.428
Rack - 2Protocol Started * 18-01-2025 11:22:10.95
Command * Rack-2 Picked from L2 - #153,2,1,13934,16380,0,0*3338
 * 18-01-2025 11:22:14.950
CRC-Response  - 153,2,I001,1*f5a9 * 18-01-2025 11:22:15.65
CRC-Response  - 153,2,F000,1*caf8 * 18-01-2025 11:22:21.596
Command * Rack-2 Placed in H2 - #154,3,1,2688,8700,0,1*afa7
 * 18-01-2025 11:22:22.870
CRC-Response  - 154,3,I001,1*e3d9 * 18-01-2025 11:22:22.988
CRC-Response  - 154,3,F000,1*dc88 * 18-01-2025 11:22:29.497
Command * HEATER DOOR CLOSE - #155,8,1,0*ab16
 * 18-01-2025 11:22:29.597
CRC-Response  - 155,8,I001*7c32 * 18-01-2025 11:22:29.702
CRC-Response  - 155,8,F000*a8f0 * 18-01-2025 11:22:30.43
Command * READ TEMPERATURE - #156,11*3b92
 * 18-01-2025 11:22:30.270
CRC-Response  - 156,11,F000,31*e679 * 18-01-2025 11:22:30.386
Command * READ TEMPERATURE - #157,11*c793
 * 18-01-2025 11:22:35.442
CRC-Response  - 157,11,F000,31*2584 * 18-01-2025 11:22:35.558
Command * READ TEMPERATURE - #158,11*d390
 * 18-01-2025 11:22:40.620
CRC-Response  - 158,11,F000,31*3190 * 18-01-2025 11:22:40.737
Command * READ TEMPERATURE - #159,11*2f91
 * 18-01-2025 11:22:45.781
CRC-Response  - 159,11,F000,32*f32d * 18-01-2025 11:22:45.885
Command * READ TEMPERATURE - #160,11*b3d6
 * 18-01-2025 11:22:50.944
CRC-Response  - 160,11,F000,31*2d74 * 18-01-2025 11:22:51.48
Command * READ TEMPERATURE - #161,11*4fd7
 * 18-01-2025 11:22:56.99
CRC-Response  - 161,11,F000,31*ee89 * 18-01-2025 11:22:56.204
Command * READ TEMPERATURE - #162,11*0bd7
 * 18-01-2025 11:23:01.261
CRC-Response  - 162,11,F000,31*ea8d * 18-01-2025 11:23:01.364
Command * READ TEMPERATURE - #163,11*f7d6
 * 18-01-2025 11:23:06.422
CRC-Response  - 163,11,F000,31*2970 * 18-01-2025 11:23:06.541
Command * READ TEMPERATURE - #164,11*83d7
 * 18-01-2025 11:23:11.601
CRC-Response  - 164,11,F000,31*e285 * 18-01-2025 11:23:11.719
Command * READ TEMPERATURE - #165,11*7fd6
 * 18-01-2025 11:23:16.777
CRC-Response  - 165,11,F000,32*2038 * 18-01-2025 11:23:16.894
Command * READ TEMPERATURE - #166,11*3bd6
 * 18-01-2025 11:23:21.977
CRC-Response  - 166,11,F000,32*243c * 18-01-2025 11:23:22.92
Command * READ TEMPERATURE - #167,11*c7d7
 * 18-01-2025 11:23:27.162
CRC-Response  - 167,11,F000,32*e7c1 * 18-01-2025 11:23:27.278
Command * READ TEMPERATURE - #168,11*d3d4
 * 18-01-2025 11:23:32.325
CRC-Response  - 168,11,F000,31*f295 * 18-01-2025 11:23:32.432
Command * READ TEMPERATURE - #169,11*2fd5
 * 18-01-2025 11:23:37.490
CRC-Response  - 169,11,F000,31*3168 * 18-01-2025 11:23:37.610
Command * READ TEMPERATURE - #170,11*73eb
 * 18-01-2025 11:23:42.665
CRC-Response  - 170,11,F000,32*ad36 * 18-01-2025 11:23:42.783
Command * READ TEMPERATURE - #171,11*8fea
 * 18-01-2025 11:23:47.831
CRC-Response  - 171,11,F000,32*6ecb * 18-01-2025 11:23:47.948
Command * READ TEMPERATURE - #172,11*cbea
 * 18-01-2025 11:23:53.24
CRC-Response  - 172,11,F000,32*6acf * 18-01-2025 11:23:53.134
Command * READ TEMPERATURE - #173,11*37eb
 * 18-01-2025 11:23:58.197
CRC-Response  - 173,11,F000,31*a872 * 18-01-2025 11:23:58.317
Command * READ TEMPERATURE - #174,11*43ea
 * 18-01-2025 11:24:03.387
CRC-Response  - 174,11,F000,32*62c7 * 18-01-2025 11:24:03.506
Command * READ TEMPERATURE - #175,11*bfeb
 * 18-01-2025 11:24:08.563
CRC-Response  - 175,11,F000,31*a07a * 18-01-2025 11:24:08.681
Command * READ TEMPERATURE - #176,11*fbeb
 * 18-01-2025 11:24:13.740
CRC-Response  - 176,11,F000,32*a53e * 18-01-2025 11:24:13.855
Command * READ TEMPERATURE - #177,11*07ea
 * 18-01-2025 11:24:18.916
CRC-Response  - 177,11,F000,32*66c3 * 18-01-2025 11:24:19.20
Command * READ TEMPERATURE - #178,11*13e9
 * 18-01-2025 11:24:24.86
CRC-Response  - 178,11,F000,32*72d7 * 18-01-2025 11:24:24.204
Command * READ TEMPERATURE - #179,11*efe8
 * 18-01-2025 11:24:29.256
CRC-Response  - 179,11,F000,32*b12a * 18-01-2025 11:24:29.372
Command * READ TEMPERATURE - #180,11*72bf
 * 18-01-2025 11:24:34.448
CRC-Response  - 180,11,F000,32*a222 * 18-01-2025 11:24:34.563
Command * READ TEMPERATURE - #181,11*8ebe
 * 18-01-2025 11:24:39.606
CRC-Response  - 181,11,F000,32*61df * 18-01-2025 11:24:39.711
Command * READ TEMPERATURE - #182,11*cabe
 * 18-01-2025 11:24:44.776
CRC-Response  - 182,11,F000,32*65db * 18-01-2025 11:24:44.880
Command * READ TEMPERATURE - #183,11*36bf
 * 18-01-2025 11:24:49.943
CRC-Response  - 183,11,F000,32*a626 * 18-01-2025 11:24:50.56
Command * READ TEMPERATURE - #184,11*42be
 * 18-01-2025 11:24:55.106
CRC-Response  - 184,11,F000,32*6dd3 * 18-01-2025 11:24:55.224
Command * READ TEMPERATURE - #185,11*bebf
 * 18-01-2025 11:25:00.282
CRC-Response  - 185,11,F000,32*ae2e * 18-01-2025 11:25:00.399
Command * READ TEMPERATURE - #186,11*fabf
 * 18-01-2025 11:25:05.476
CRC-Response  - 186,11,F000,32*aa2a * 18-01-2025 11:25:05.594
Command * READ TEMPERATURE - #187,11*06be
 * 18-01-2025 11:25:10.639
CRC-Response  - 187,11,F000,32*69d7 * 18-01-2025 11:25:10.757
Command * READ TEMPERATURE - #188,11*12bd
 * 18-01-2025 11:25:15.814
CRC-Response  - 188,11,F000,32*7dc3 * 18-01-2025 11:25:15.918
Command * READ TEMPERATURE - #189,11*eebc
 * 18-01-2025 11:25:20.982
CRC-Response  - 189,11,F000,32*be3e * 18-01-2025 11:25:21.99
Command * READ TEMPERATURE - #190,11*b282
 * 18-01-2025 11:25:26.182
CRC-Response  - 190,11,F000,32*2320 * 18-01-2025 11:25:26.298
Command * READ TEMPERATURE - #191,11*4e83
 * 18-01-2025 11:25:31.349
CRC-Response  - 191,11,F000,32*e0dd * 18-01-2025 11:25:31.514
Command * READ TEMPERATURE - #192,11*0a83
 * 18-01-2025 11:25:36.566
CRC-Response  - 192,11,F000,32*e4d9 * 18-01-2025 11:25:36.692
Command * READ TEMPERATURE - #193,11*f682
 * 18-01-2025 11:25:41.748
CRC-Response  - 193,11,F000,32*2724 * 18-01-2025 11:25:41.862
Command * READ TEMPERATURE - #194,11*8283
 * 18-01-2025 11:25:46.911
CRC-Response  - 194,11,F000,32*ecd1 * 18-01-2025 11:25:47.28
Command * READ TEMPERATURE - #195,11*7e82
 * 18-01-2025 11:25:52.105
CRC-Response  - 195,11,F000,32*2f2c * 18-01-2025 11:25:52.221
Command * READ TEMPERATURE - #196,11*3a82
 * 18-01-2025 11:25:57.280
CRC-Response  - 196,11,F000,32*2b28 * 18-01-2025 11:25:57.384
Command * READ TEMPERATURE - #197,11*c683
 * 18-01-2025 11:26:02.437
CRC-Response  - 197,11,F000,32*e8d5 * 18-01-2025 11:26:02.552
Command * READ TEMPERATURE - #198,11*d280
 * 18-01-2025 11:26:07.621
CRC-Response  - 198,11,F000,32*fcc1 * 18-01-2025 11:26:07.736
Command * READ TEMPERATURE - #199,11*2e81
 * 18-01-2025 11:26:12.794
CRC-Response  - 199,11,F000,32*3f3c * 18-01-2025 11:26:12.913
Command * READ TEMPERATURE - #200,11*805e
 * 18-01-2025 11:26:17.969
CRC-Response  - 200,11,F000,32*e93e * 18-01-2025 11:26:18.102
Command * READ TEMPERATURE - #201,11*7c5f
 * 18-01-2025 11:26:23.154
CRC-Response  - 201,11,F000,32*2ac3 * 18-01-2025 11:26:23.273
Command * READ TEMPERATURE - #202,11*385f
 * 18-01-2025 11:26:28.331
CRC-Response  - 202,11,F000,32*2ec7 * 18-01-2025 11:26:28.450
Command * READ TEMPERATURE - #203,11*c45e
 * 18-01-2025 11:26:33.497
CRC-Response  - 203,11,F000,32*ed3a * 18-01-2025 11:26:33.609
Command * READ TEMPERATURE - #204,11*b05f
 * 18-01-2025 11:26:38.661
CRC-Response  - 204,11,F000,32*26cf * 18-01-2025 11:26:38.776
Command * READ TEMPERATURE - #205,11*4c5e
 * 18-01-2025 11:26:43.830
CRC-Response  - 205,11,F000,32*e532 * 18-01-2025 11:26:43.946
Command * READ TEMPERATURE - #206,11*085e
 * 18-01-2025 11:26:49.12
CRC-Response  - 206,11,F000,32*e136 * 18-01-2025 11:26:49.127
Command * READ TEMPERATURE - #207,11*f45f
 * 18-01-2025 11:26:54.178
CRC-Response  - 207,11,F000,32*22cb * 18-01-2025 11:26:54.283
Command * READ TEMPERATURE - #208,11*e05c
 * 18-01-2025 11:26:59.336
CRC-Response  - 208,11,F000,32*36df * 18-01-2025 11:26:59.451
Command * READ TEMPERATURE - #209,11*1c5d
 * 18-01-2025 11:27:24.757
CRC-Response  - 209,11,F000,32*f522 * 18-01-2025 11:27:24.874
Command * READ TEMPERATURE - #210,11*4063
 * 18-01-2025 11:27:29.930
CRC-Response  - 210,11,F000,32*683c * 18-01-2025 11:27:30.43
Command * READ TEMPERATURE - #211,11*bc62
 * 18-01-2025 11:27:35.93
CRC-Response  - 211,11,F000,32*abc1 * 18-01-2025 11:27:35.212
Command * READ TEMPERATURE - #212,11*f862
 * 18-01-2025 11:27:40.271
CRC-Response  - 212,11,F000,32*afc5 * 18-01-2025 11:27:40.389
Command * READ TEMPERATURE - #213,11*0463
 * 18-01-2025 11:28:04.356
CRC-Response  - 213,11,F000,32*6c38 * 18-01-2025 11:28:04.604
Command * READ TEMPERATURE - #214,11*7062
 * 18-01-2025 11:28:09.676
CRC-Response  - 214,11,F000,32*a7cd * 18-01-2025 11:28:09.792
Command * READ TEMPERATURE - #215,11*8c63
 * 18-01-2025 11:28:14.856
CRC-Response  - 215,11,F000,33*a4f1 * 18-01-2025 11:28:14.972
Command * READ TEMPERATURE - #216,11*c863
 * 18-01-2025 11:28:20.42
CRC-Response  - 216,11,F000,32*6034 * 18-01-2025 11:28:20.150
Command * READ TEMPERATURE - #217,11*3462
 * 18-01-2025 11:28:25.225
CRC-Response  - 217,11,F000,32*a3c9 * 18-01-2025 11:28:25.343
Command * READ TEMPERATURE - #218,11*2061
 * 18-01-2025 11:28:30.396
CRC-Response  - 218,11,F000,32*b7dd * 18-01-2025 11:28:30.507
Command * READ TEMPERATURE - #219,11*dc60
 * 18-01-2025 11:28:35.586
CRC-Response  - 219,11,F000,32*7420 * 18-01-2025 11:28:35.704
Command * READ TEMPERATURE - #220,11*4027
 * 18-01-2025 11:28:40.749
CRC-Response  - 220,11,F000,33*6bf8 * 18-01-2025 11:28:40.862
Command * READ TEMPERATURE - #221,11*bc26
 * 18-01-2025 11:28:45.912
CRC-Response  - 221,11,F000,32*68c4 * 18-01-2025 11:28:46.30
Command * READ TEMPERATURE - #222,11*f826
 * 18-01-2025 11:28:51.99
CRC-Response  - 222,11,F000,32*6cc0 * 18-01-2025 11:28:51.216
Command * READ TEMPERATURE - #223,11*0427
 * 18-01-2025 11:28:56.267
CRC-Response  - 223,11,F000,33*6ffc * 18-01-2025 11:28:56.379
Command * READ TEMPERATURE - #224,11*7026
 * 18-01-2025 11:29:01.443
CRC-Response  - 224,11,F000,33*a409 * 18-01-2025 11:29:01.550
Command * READ TEMPERATURE - #225,11*8c27
 * 18-01-2025 11:29:06.592
CRC-Response  - 225,11,F000,33*67f4 * 18-01-2025 11:29:06.710
Command * READ TEMPERATURE - #226,11*c827
 * 18-01-2025 11:29:11.772
CRC-Response  - 226,11,F000,33*63f0 * 18-01-2025 11:29:11.888
Command * READ TEMPERATURE - #227,11*3426
 * 18-01-2025 11:29:16.933
CRC-Response  - 227,11,F000,33*a00d * 18-01-2025 11:29:17.40
Command * READ TEMPERATURE - #228,11*2025
 * 18-01-2025 11:29:22.95
CRC-Response  - 228,11,F000,33*b419 * 18-01-2025 11:29:22.214
Command * READ TEMPERATURE - #229,11*dc24
 * 18-01-2025 11:29:27.283
CRC-Response  - 229,11,F000,33*77e4 * 18-01-2025 11:29:27.399
Command * READ TEMPERATURE - #230,11*801a
 * 18-01-2025 11:29:32.461
CRC-Response  - 230,11,F000,33*eafa * 18-01-2025 11:29:32.584
Command * READ TEMPERATURE - #231,11*7c1b
 * 18-01-2025 11:29:37.642
CRC-Response  - 231,11,F000,32*e9c6 * 18-01-2025 11:29:37.753
Command * READ TEMPERATURE - #232,11*381b
 * 18-01-2025 11:29:42.823
CRC-Response  - 232,11,F000,33*2d03 * 18-01-2025 11:29:42.936
Command * READ TEMPERATURE - #233,11*c41a
 * 18-01-2025 11:29:47.984
CRC-Response  - 233,11,F000,33*eefe * 18-01-2025 11:29:48.101
Command * READ TEMPERATURE - #234,11*b01b
 * 18-01-2025 11:29:53.165
CRC-Response  - 234,11,F000,33*250b * 18-01-2025 11:29:53.284
Command * READ TEMPERATURE - #235,11*4c1a
 * 18-01-2025 11:29:58.331
CRC-Response  - 235,11,F000,33*e6f6 * 18-01-2025 11:29:58.448
Command * READ TEMPERATURE - #236,11*081a
 * 18-01-2025 11:30:03.511
CRC-Response  - 236,11,F000,33*e2f2 * 18-01-2025 11:30:03.629
Command * READ TEMPERATURE - #237,11*f41b
 * 18-01-2025 11:30:08.681
CRC-Response  - 237,11,F000,33*210f * 18-01-2025 11:30:08.796
Command * READ TEMPERATURE - #238,11*e018
 * 18-01-2025 11:30:13.873
CRC-Response  - 238,11,F000,33*351b * 18-01-2025 11:30:13.988
Command * READ TEMPERATURE - #239,11*1c19
 * 18-01-2025 11:30:19.51
CRC-Response  - 239,11,F000,33*f6e6 * 18-01-2025 11:30:19.170
Command * READ TEMPERATURE - #240,11*40af
 * 18-01-2025 11:30:24.248
CRC-Response  - 240,11,F000,33*adf1 * 18-01-2025 11:30:24.357
Command * READ TEMPERATURE - #241,11*bcae
 * 18-01-2025 11:30:29.408
CRC-Response  - 241,11,F000,33*6e0c * 18-01-2025 11:30:29.518
Command * READ TEMPERATURE - #242,11*f8ae
 * 18-01-2025 11:30:34.570
CRC-Response  - 242,11,F000,33*6a08 * 18-01-2025 11:30:34.682
Command * READ TEMPERATURE - #243,11*04af
 * 18-01-2025 11:30:39.757
CRC-Response  - 243,11,F000,33*a9f5 * 18-01-2025 11:30:39.875
Command * READ TEMPERATURE - #244,11*70ae
 * 18-01-2025 11:30:44.939
CRC-Response  - 244,11,F000,33*6200 * 18-01-2025 11:30:45.48
Command * HEATER DOOR OPEN - #245,8,1,1*5702
 * 18-01-2025 11:31:04.251
CRC-Response  - 245,8,I001*e3cf * 18-01-2025 11:31:04.394
CRC-Response  - 245,8,F000*370d * 18-01-2025 11:31:04.706
Command * Rack-1 Picked from H1 - #246,2,1,2688,1000,0,1*cf37
 * 18-01-2025 11:31:07.304
CRC-Response  - 246,2,I001,1*1db9 * 18-01-2025 11:31:07.413
CRC-Response  - 246,2,F000,1*22e8 * 18-01-2025 11:31:13.257
Command * HEATER DOOR CLOSE - #247,8,1,0*57e0
 * 18-01-2025 11:31:13.504
CRC-Response  - 247,8,I001*3a4e * 18-01-2025 11:31:13.619
CRC-Response  - 247,8,F000*ee8c * 18-01-2025 11:31:16.58
Command * Rack-1 Placed in J1 - #248,3,1,10304,800,0,0*2687
 * 18-01-2025 11:31:16.500
CRC-Response  - 248,3,I001,1*2419 * 18-01-2025 11:31:16.615
CRC-Response  - 248,3,F000,1*1b48 * 18-01-2025 11:31:22.713
Command * HEATER DOOR OPEN - #249,8,1,1*57ce
 * 18-01-2025 11:35:34.259
CRC-Response  - 249,8,I001*b6cf * 18-01-2025 11:35:34.408
CRC-Response  - 249,8,F000*620d * 18-01-2025 11:35:34.714
Rack - R3Protocol Started * 18-01-2025 11:35:35.414
Command * Rack-3 Picked from L3 - #250,2,1,10304,16380,0,0*e840
 * 18-01-2025 11:35:38.71
CRC-Response  - 250,2,I001,1*fe5d * 18-01-2025 11:35:38.184
CRC-Response  - 250,2,F000,1*c10c * 18-01-2025 11:35:44.707
Command * Rack-3 Placed in H3 - #251,3,1,2688,16380,0,1*3e17
 * 18-01-2025 11:35:47.409
CRC-Response  - 251,3,I001,1*f7cd * 18-01-2025 11:35:47.516
CRC-Response  - 251,3,F000,1*c89c * 18-01-2025 11:35:53.637
Command * HEATER DOOR CLOSE - #252,8,1,0*9b74
 * 18-01-2025 11:35:56.163
CRC-Response  - 252,8,I001*9583 * 18-01-2025 11:35:56.274
CRC-Response  - 252,8,F000*4141 * 18-01-2025 11:35:56.613
Command * READ TEMPERATURE - #253,11*c492
 * 18-01-2025 11:35:56.833
CRC-Response  - 253,11,F000,33*28f7 * 18-01-2025 11:35:56.950
Command * READ TEMPERATURE - #254,11*b093
 * 18-01-2025 11:36:02.3
CRC-Response  - 254,11,F000,33*e302 * 18-01-2025 11:36:02.120
Command * Rack-1 Picked from J1 - #255,2,1,10304,800,0,0*cac5
 * 18-01-2025 11:36:24.386
CRC-Response  - 255,2,I001,1*ee4d * 18-01-2025 11:36:24.501
CRC-Response  - 255,2,F000,1*d11c * 18-01-2025 11:36:30.975
Command * Rack-1 Placed in J2 - #0,3,1,13934,800 ,0,0*9ed4
 * 18-01-2025 11:36:31.146
CRC-Response  - 0,3,I001,1*7cdf * 18-01-2025 11:36:31.254
CRC-Response  - 0,3,F000,1*438e * 18-01-2025 11:36:36.929
Command * Rack-1 Picked from J2 - #1,2,1,13934,800 ,0,0*b3b8
 * 18-01-2025 11:41:37.846
CRC-Response  - 1,2,I001,1*754f * 18-01-2025 11:41:38.26
CRC-Response  - 1,2,F000,1*4a1e * 18-01-2025 11:41:43.100
Command * Rack-1 Placed in J3 - #2,3,1,17564,800 ,0,0*24a2
 * 18-01-2025 11:41:43.641
CRC-Response  - 2,3,I001,1*b67e * 18-01-2025 11:41:43.748
CRC-Response  - 2,3,F000,1*892f * 18-01-2025 11:41:49.416
Command * HEATER DOOR OPEN - #3,8,1,1*213a
 * 18-01-2025 11:42:37.793
CRC-Response  - 3,8,I001*31b8 * 18-01-2025 11:42:37.910
CRC-Response  - 3,8,F000*e57a * 18-01-2025 11:42:40.159
Command * Rack-2 Picked from H2 - #4,2,1,2688,8700,0,1*8365
 * 18-01-2025 11:42:45.759
CRC-Response  - 4,2,I001,1*655f * 18-01-2025 11:42:45.875
CRC-Response  - 4,2,F000,1*5a0e * 18-01-2025 11:42:52.801
Command * HEATER DOOR CLOSE - #5,8,1,0*e19d
 * 18-01-2025 11:42:56.515
CRC-Response  - 5,8,I001*1b38 * 18-01-2025 11:42:56.634
CRC-Response  - 5,8,F000*cffa * 18-01-2025 11:43:00.297
Command * Rack-2 Placed in J1 - #6,3,1,10304,800,0,0*9170
 * 18-01-2025 11:43:01.587
CRC-Response  - 6,3,I001,1*633f * 18-01-2025 11:43:01.700
CRC-Response  - 6,3,F000,1*5c6e * 18-01-2025 11:43:07.824
Command * Rack-1 Picked from J3 - #7,2,1,17564,800 ,0,0*8d3f
 * 18-01-2025 11:46:50.465
CRC-Response  - 7,2,I001,1*6aaf * 18-01-2025 11:46:50.636
CRC-Response  - 7,2,F000,1*55fe * 18-01-2025 11:46:56.651
Command * Rack-1 Placed in J4 - #8,3,1,21194,800 ,0,0*91f1
 * 18-01-2025 11:46:57.233
CRC-Response  - 8,3,I001,1*965e * 18-01-2025 11:46:57.351
CRC-Response  - 8,3,F000,1*a90f * 18-01-2025 11:47:03.2
Command * Rack-2 Picked from J1 - #9,2,1,10304,800,0,0*1476
 * 18-01-2025 11:48:08.792
CRC-Response  - 9,2,I001,1*9fce * 18-01-2025 11:48:08.993
CRC-Response  - 9,2,F000,1*a09f * 18-01-2025 11:48:15.376
Command * Rack-2 Placed in J2 - #10,3,1,13934,800 ,0,0*bcce
 * 18-01-2025 11:48:15.649
CRC-Response  - 10,3,I001,1*6352 * 18-01-2025 11:48:15.766
CRC-Response  - 10,3,F000,1*5c03 * 18-01-2025 11:48:21.428
Command * HEATER DOOR OPEN - #11,8,1,1*3280
 * 18-01-2025 11:49:56.782
CRC-Response  - 11,8,I001*822a * 18-01-2025 11:49:56.914
CRC-Response  - 11,8,F000*56e8 * 18-01-2025 11:49:57.236
Command * Level Sensing For L1 - #12,4,17564,16380,0,0*6888
 * 18-01-2025 11:49:57.474
CRC-Response  - 12,4,I001*5b6a * 18-01-2025 11:49:57.590
CRC-Response  - 12,4,F000,322*a17d * 18-01-2025 11:50:01.656
L1 Value - 322 * 18-01-2025 11:50:01.674
Command * Rack-1 Picked from J4 - #13,2,1,21194,800 ,0,0*351f
 * 18-01-2025 11:50:04.699
CRC-Response  - 13,2,I001,1*a063 * 18-01-2025 11:50:04.815
CRC-Response  - 13,2,F000,1*9f32 * 18-01-2025 11:50:11.279
Command * Rack-1 Placed in J5 - #14,3,1,24824,800 ,0,0*43ce
 * 18-01-2025 11:50:11.403
CRC-Response  - 14,3,I001,1*b613 * 18-01-2025 11:50:11.511
CRC-Response  - 14,3,F000,1*8942 * 18-01-2025 11:50:17.185
Command * HEATER OFF - #15,12,0*471c
 * 18-01-2025 11:50:57.551
CRC-Response  - 15,12,F000*65fc * 18-01-2025 11:50:57.664
Command * WATER VALVE - 1 CONTROL OFF - #16,13,1,0*3378
 * 18-01-2025 11:50:58.527
CRC-Response  - 16,13,F000*44e9 * 18-01-2025 11:50:58.645
Command * WATER VALVE - 2 CONTROL OFF - #17,13,2,0*ff49
 * 18-01-2025 11:50:59.210
CRC-Response  - 17,13,F000*d4e4 * 18-01-2025 11:50:59.334
Command * WATER VALVE - 3 CONTROL OFF - #18,13,3,0*7f58
 * 18-01-2025 11:50:59.889
CRC-Response  - 18,13,F000*24a5 * 18-01-2025 11:51:00.5
Command * WATER VALVE - 4 CONTROL OFF - #19,13,4,0*7228
 * 18-01-2025 11:51:00.566
CRC-Response  - 19,13,F000*b4a8 * 18-01-2025 11:51:00.673
Command * WATER VALVE - 5 CONTROL OFF - #20,13,5,0*28ad
 * 18-01-2025 11:51:01.221
CRC-Response  - 20,13,F000*eb32 * 18-01-2025 11:51:01.333
Command * WATER VALVE - 6 CONTROL OFF - #21,13,6,0*e49c
 * 18-01-2025 11:51:01.898
CRC-Response  - 21,13,F000*7b3f * 18-01-2025 11:51:02.15
