Device Intialization started * 23-08-2024 15:16:17.679
Command * Home Command - #0,5,11111111*757c
 * 23-08-2024 15:16:17.784
Response  - 0,5,I001,11111111*6271 * 23-08-2024 15:16:18.59
Response  - 0,5,F000*ed3b * 23-08-2024 15:16:29.892
Command * Home Command - #1,5,11111111*b681
 * 23-08-2024 15:16:31.995
Response  - 1,5,I001,11111111*f220 * 23-08-2024 15:16:32.160
Response  - 1,5,F000*21fa * 23-08-2024 15:16:32.162
Response  - 0,16,F000*7ce9 * 23-08-2024 15:16:32.184
Command * Level Sensing For U1 - #2,4,64754,16380,0,0*35b7
 * 23-08-2024 15:16:34.558
Response  - 2,4,I001*3179 * 23-08-2024 15:16:34.718
Response  - 2,4,F000,2457*215b * 23-08-2024 15:16:38.882
U1 Value - 2457 * 23-08-2024 15:16:38.903
Command * Level Sensing For U2 - #3,4,61124,16380,0,0*c173
 * 23-08-2024 15:16:39.104
Response  - 3,4,I001*fdb8 * 23-08-2024 15:16:39.270
Response  - 3,4,F000,2462*5399 * 23-08-2024 15:16:41.571
U2 Value - 2462 * 23-08-2024 15:16:41.590
Command * Level Sensing For U3 - #4,4,57494,16380,0,0*6c6a
 * 23-08-2024 15:16:41.652
Response  - 4,4,I001*1bf9 * 23-08-2024 15:16:41.822
Response  - 4,4,F000,2459*23d3 * 23-08-2024 15:16:44.119
U3 Value - 2459 * 23-08-2024 15:16:44.143
Command * Level Sensing For U4 - #5,4,53864,16380,0,0*8c57
 * 23-08-2024 15:16:44.234
Response  - 5,4,I001*d738 * 23-08-2024 15:16:44.397
Response  - 5,4,F000,2457*6650 * 23-08-2024 15:16:46.701
U4 Value - 2457 * 23-08-2024 15:16:46.740
Command * Level Sensing For U5 - #6,4,50234,16380,0,0*cd04
 * 23-08-2024 15:16:46.918
Response  - 6,4,I001*c278 * 23-08-2024 15:16:47.88
Response  - 6,4,F000,2466*9594 * 23-08-2024 15:16:49.388
U5 Value - 2466 * 23-08-2024 15:16:49.405
Command * Level Sensing For U6 - #7,4,46604,16380,0,0*b7f4
 * 23-08-2024 15:16:49.482
Response  - 7,4,I001*0eb9 * 23-08-2024 15:16:49.651
Response  - 7,4,F000,2454*2517 * 23-08-2024 15:16:51.949
U6 Value - 2454 * 23-08-2024 15:16:51.964
Command * Level Sensing For J1 - #8,4,10304,800,0,0*e199
 * 23-08-2024 15:16:52.45
Response  - 8,4,I001*4ef9 * 23-08-2024 15:16:52.213
Response  - 8,4,F000,2461*d9c3 * 23-08-2024 15:16:58.260
J1 Value - 2461 * 23-08-2024 15:16:58.281
Command * Level Sensing For J2 - #9,4,13934,800 ,0,0*8abc
 * 23-08-2024 15:16:58.652
Response  - 9,4,I001*8238 * 23-08-2024 15:16:58.819
Response  - 9,4,F000,2467*5a41 * 23-08-2024 15:17:01.121
J2 Value - 2467 * 23-08-2024 15:17:01.140
Command * Level Sensing For J3 - #10,4,17564,800 ,0,0*7447
 * 23-08-2024 15:17:01.232
Response  - 10,4,I001*82eb * 23-08-2024 15:17:01.400
Response  - 10,4,F000,2464*8984 * 23-08-2024 15:17:03.704
J3 Value - 2464 * 23-08-2024 15:17:03.718
Command * Level Sensing For J4 - #11,4,21194,800 ,0,0*96dd
 * 23-08-2024 15:17:03.811
Response  - 11,4,I001*4e2a * 23-08-2024 15:17:03.980
Response  - 11,4,F000,2468*0d86 * 23-08-2024 15:17:06.281
J4 Value - 2468 * 23-08-2024 15:17:06.299
Command * Level Sensing For J5 - #12,4,24824,800 ,0,0*ef18
 * 23-08-2024 15:17:06.391
Response  - 12,4,I001*5b6a * 23-08-2024 15:17:06.559
Response  - 12,4,F000,2469*0e42 * 23-08-2024 15:17:08.848
J5 Value - 2469 * 23-08-2024 15:17:08.868
Command * Level Sensing For J6 - #13,4,28454,800 ,0,0*bb52
 * 23-08-2024 15:17:08.967
Response  - 13,4,I001*97ab * 23-08-2024 15:17:09.126
Response  - 13,4,F000,2464*4a81 * 23-08-2024 15:17:11.441
J6 Value - 2464 * 23-08-2024 15:17:11.455
Command * Level Sensing For J7 - #14,4,32084,800 ,0,0*6631
 * 23-08-2024 15:17:11.567
Response  - 14,4,I001*71ea * 23-08-2024 15:17:11.736
Response  - 14,4,F000,2469*c84b * 23-08-2024 15:17:14.34
J7 Value - 2469 * 23-08-2024 15:17:14.52
Command * Level Sensing For J8 - #15,4,35714,800 ,0,0*8ab0
 * 23-08-2024 15:17:14.131
Response  - 15,4,I001*bd2b * 23-08-2024 15:17:14.303
Response  - 15,4,F000,2479*d948 * 23-08-2024 15:17:16.597
J8 Value - 2479 * 23-08-2024 15:17:16.612
Command * Level Sensing For J9 - #16,4,39344,800 ,0,0*01b1
 * 23-08-2024 15:17:16.700
Response  - 16,4,I001*a86b * 23-08-2024 15:17:16.859
Response  - 16,4,F000,2470*1c8d * 23-08-2024 15:17:19.170
J9 Value - 2470 * 23-08-2024 15:17:19.187
Command * Level Sensing For W1 - #17,4,42974,800 ,0,0*edeb
 * 23-08-2024 15:17:19.282
Response  - 17,4,I001*64aa * 23-08-2024 15:17:19.447
Response  - 17,4,F000,2447*afce * 23-08-2024 15:17:21.747
W1 Value - 2447 * 23-08-2024 15:17:21.764
Command * Level Sensing For W2 - #18,4,46604,800 ,0,0*1ed8
 * 23-08-2024 15:17:21.858
Response  - 18,4,I001*24ea * 23-08-2024 15:17:22.25
Response  - 18,4,F000,2457*30db * 23-08-2024 15:17:24.330
W2 Value - 2457 * 23-08-2024 15:17:24.346
Command * Level Sensing For W3 - #19,4,50234,800 ,0,0*6e7e
 * 23-08-2024 15:17:24.455
Response  - 19,4,I001*e82b * 23-08-2024 15:17:24.624
Response  - 19,4,F000,2424*809b * 23-08-2024 15:17:26.914
W3 Value - 2424 * 23-08-2024 15:17:26.928
Command * Level Sensing For J10 - #20,4,53864,800 ,0,0*a3e5
 * 23-08-2024 15:17:27.26
Response  - 20,4,I001*72ff * 23-08-2024 15:17:27.192
Response  - 20,4,F000,2457*7bc7 * 23-08-2024 15:17:29.495
J10 Value - 2457 * 23-08-2024 15:17:29.513
Command * Level Sensing For J11 - #21,4,57494,800 ,0,0*df9a
 * 23-08-2024 15:17:29.574
Response  - 21,4,I001*be3e * 23-08-2024 15:17:29.743
Response  - 21,4,F000,2459*3e44 * 23-08-2024 15:17:32.46
J11 Value - 2459 * 23-08-2024 15:17:32.62
Command * Level Sensing For J12 - #22,4,61124,800 ,0,0*7649
 * 23-08-2024 15:17:32.156
Response  - 22,4,I001*ab7e * 23-08-2024 15:17:32.324
Response  - 22,4,F000,2419*3d43 * 23-08-2024 15:17:34.624
J12 Value - 2419 * 23-08-2024 15:17:34.638
Command * Level Sensing For J13 - #23,4,64754,800 ,0,0*f306
 * 23-08-2024 15:17:34.734
Response  - 23,4,I001*67bf * 23-08-2024 15:17:34.904
Response  - 23,4,F000,2455*7943 * 23-08-2024 15:17:37.195
J13 Value - 2455 * 23-08-2024 15:17:37.212
Command * Level Sensing For J14 - #24,4,64754,8590,0,0*dc23
 * 23-08-2024 15:17:37.310
Response  - 24,4,I001*81fe * 23-08-2024 15:17:37.478
Response  - 24,4,F000,2465*ce48 * 23-08-2024 15:17:39.957
J14 Value - 2465 * 23-08-2024 15:17:39.976
Command * Level Sensing For J15 - #25,4,61124,8590,0,0*596c
 * 23-08-2024 15:17:40.392
Response  - 25,4,I001*4d3f * 23-08-2024 15:17:40.558
Response  - 25,4,F000,2472*1d0a * 23-08-2024 15:17:42.862
J15 Value - 2472 * 23-08-2024 15:17:42.878
Command * Level Sensing For J16 - #26,4,57494,8590,0,0*f0bf
 * 23-08-2024 15:17:42.958
Response  - 26,4,I001*587f * 23-08-2024 15:17:43.122
Response  - 26,4,F000,2468*498e * 23-08-2024 15:17:45.427
J16 Value - 2468 * 23-08-2024 15:17:45.440
Command * Level Sensing For J17 - #27,4,53864,8590,0,0*8cc0
 * 23-08-2024 15:17:45.539
Response  - 27,4,I001*94be * 23-08-2024 15:17:45.706
Response  - 27,4,F000,2462*cf0c * 23-08-2024 15:17:48.8
J17 Value - 2462 * 23-08-2024 15:17:48.27
Command * Level Sensing For W4 - #28,4,50234,8590,0,0*8cff
 * 23-08-2024 15:17:48.105
Response  - 28,4,I001*d4fe * 23-08-2024 15:17:48.270
Response  - 28,4,F000,2457*33d8 * 23-08-2024 15:17:50.569
W4 Value - 2457 * 23-08-2024 15:17:50.587
Command * Level Sensing For W5 - #29,4,46604,8590,0,0*fc59
 * 23-08-2024 15:17:50.680
Response  - 29,4,I001*183f * 23-08-2024 15:17:50.846
Response  - 29,4,F000,2444*239b * 23-08-2024 15:17:53.150
W5 Value - 2444 * 23-08-2024 15:17:53.170
Command * Level Sensing For W6 - #30,4,42974,8590,0,0*7ab7
 * 23-08-2024 15:17:53.248
Response  - 30,4,I001*e2f2 * 23-08-2024 15:17:53.412
Response  - 30,4,F000,2460*8886 * 23-08-2024 15:17:55.711
W6 Value - 2460 * 23-08-2024 15:17:55.729
Command * Level Sensing For J18 - #31,4,39344,8590,0,0*96ed
 * 23-08-2024 15:17:55.821
Response  - 31,4,I001*2e33 * 23-08-2024 15:17:55.987
Response  - 31,4,F000,2464*ca85 * 23-08-2024 15:17:58.289
J18 Value - 2464 * 23-08-2024 15:17:58.307
Command * Level Sensing For J19 - #32,4,35714,8590,0,0*1dec
 * 23-08-2024 15:17:58.368
Response  - 32,4,I001*3b73 * 23-08-2024 15:17:58.536
Response  - 32,4,F000,2435*9942 * 23-08-2024 15:18:00.837
J19 Value - 2435 * 23-08-2024 15:18:00.851
Command * Level Sensing For J20 - #33,4,32084,8590,0,0*f16d
 * 23-08-2024 15:18:00.934
Response  - 33,4,I001*f7b2 * 23-08-2024 15:18:01.101
Response  - 33,4,F000,2455*b843 * 23-08-2024 15:18:03.403
J20 Value - 2455 * 23-08-2024 15:18:03.420
Command * Level Sensing For J21 - #34,4,28454,8590,0,0*2c0e
 * 23-08-2024 15:18:03.500
Response  - 34,4,I001*11f3 * 23-08-2024 15:18:03.667
Response  - 34,4,F000,2474*5f88 * 23-08-2024 15:18:05.963
J21 Value - 2474 * 23-08-2024 15:18:05.985
Command * Level Sensing For J22 - #35,4,24824,8590,0,0*7844
 * 23-08-2024 15:18:06.75
Response  - 35,4,I001*dd32 * 23-08-2024 15:18:06.241
Response  - 35,4,F000,2469*8b4a * 23-08-2024 15:18:08.546
J22 Value - 2469 * 23-08-2024 15:18:08.562
Command * Level Sensing For J23 - #36,4,21194,8590,0,0*0181
 * 23-08-2024 15:18:08.636
Response  - 36,4,I001*c872 * 23-08-2024 15:18:08.808
Response  - 36,4,F000,2473*dfce * 23-08-2024 15:18:11.102
J23 Value - 2473 * 23-08-2024 15:18:11.119
Command * Level Sensing For J24 - #37,4,17564,8590,0,0*e31b
 * 23-08-2024 15:18:11.214
Response  - 37,4,I001*04b3 * 23-08-2024 15:18:11.383
Response  - 37,4,F000,2469*c94d * 23-08-2024 15:18:13.688
J24 Value - 2469 * 23-08-2024 15:18:13.705
Command * Level Sensing For J25 - #38,4,13934,8590,0,0*ac27
 * 23-08-2024 15:18:13.777
Response  - 38,4,I001*44f3 * 23-08-2024 15:18:13.934
Response  - 38,4,F000,2470*5098 * 23-08-2024 15:18:16.247
J25 Value - 2470 * 23-08-2024 15:18:16.266
Command * Level Sensing For J26 - #39,4,10304,8590,0,0*cf64
 * 23-08-2024 15:18:16.357
Response  - 39,4,I001*8832 * 23-08-2024 15:18:16.523
Response  - 39,4,F000,2448*e79b * 23-08-2024 15:18:18.819
J26 Value - 2448 * 23-08-2024 15:18:18.838
Command * Level Sensing For J27 - #40,4,42974,16380,0,0*8c11
 * 23-08-2024 15:18:18.945
Response  - 40,4,I001*d2d4 * 23-08-2024 15:18:19.111
Response  - 40,4,F000,2462*8e01 * 23-08-2024 15:18:24.750
J27 Value - 2462 * 23-08-2024 15:18:24.770
Command * Level Sensing For J28 - #41,4,39344,16380,0,0*b77d
 * 23-08-2024 15:18:25.42
Response  - 41,4,I001*1e15 * 23-08-2024 15:18:25.209
Response  - 41,4,F000,2508*68d1 * 23-08-2024 15:18:27.515
J28 Value - 2508 * 23-08-2024 15:18:27.532
Command * Level Sensing For J29 - #42,4,35714,16380,0,0*7737
 * 23-08-2024 15:18:27.621
Response  - 42,4,I001*0b55 * 23-08-2024 15:18:27.780
Response  - 42,4,F000,2482*ac02 * 23-08-2024 15:18:30.81
J29 Value - 2482 * 23-08-2024 15:18:30.99
Command * Level Sensing For J30 - #43,4,32084,16380,0,0*171b
 * 23-08-2024 15:18:30.202
Response  - 43,4,I001*c794 * 23-08-2024 15:18:30.391
Response  - 43,4,F000,2482*2d00 * 23-08-2024 15:18:32.688
J30 Value - 2482 * 23-08-2024 15:18:32.703
Command * Level Sensing For J31 - #44,4,28454,16380,0,0*3e86
 * 23-08-2024 15:18:32.815
Response  - 44,4,I001*21d5 * 23-08-2024 15:18:32.981
Response  - 44,4,F000,2496*390b * 23-08-2024 15:18:35.279
J31 Value - 2496 * 23-08-2024 15:18:35.302
Command * Level Sensing For J32 - #45,4,24824,16380,0,0*c953
 * 23-08-2024 15:18:35.391
Response  - 45,4,I001*ed14 * 23-08-2024 15:18:35.557
Response  - 45,4,F000,2520*4adf * 23-08-2024 15:18:37.852
J32 Value - 2520 * 23-08-2024 15:18:37.870
Command * Level Sensing For J33 - #46,4,21194,16380,0,0*9aea
 * 23-08-2024 15:18:37.980
Response  - 46,4,I001*f854 * 23-08-2024 15:18:38.145
Response  - 46,4,F000,2521*491b * 23-08-2024 15:18:40.449
J33 Value - 2521 * 23-08-2024 15:18:40.460
Command * Level Sensing For H1 - #47,4,2688,1000,0,1*2868
 * 23-08-2024 15:18:40.578
Response  - 47,4,I001*3495 * 23-08-2024 15:18:40.744
Response  - 47,4,F000,3411*0449 * 23-08-2024 15:18:44.744
H1 Value - 3411 * 23-08-2024 15:18:44.760
Command * Level Sensing For H2 - #48,4,2688,8700,0,1*71eb
 * 23-08-2024 15:18:45.148
Response  - 48,4,I001*74d5 * 23-08-2024 15:18:45.316
Response  - 48,4,F000,3401*9b5c * 23-08-2024 15:18:47.786
H2 Value - 3401 * 23-08-2024 15:18:47.803
Command * Level Sensing For H3 - #49,4,2688,16380,0,1*7726
 * 23-08-2024 15:18:48.221
Response  - 49,4,I001*b814 * 23-08-2024 15:18:48.392
Response  - 49,4,F000,3386*d9a9 * 23-08-2024 15:18:50.861
H3 Value - 3386 * 23-08-2024 15:18:50.878
Command * Home Command - #50,5,11111111*6956
 * 23-08-2024 15:18:51.314
Response  - 50,5,I001,11111111*346f * 23-08-2024 15:18:51.481
Response  - 50,5,F000*471a * 23-08-2024 15:19:04.127
Command * Home Command - #51,5,11111111*aaab
 * 23-08-2024 15:19:09.528
Response  - 51,5,I001,11111111*a43e * 23-08-2024 15:19:09.698
Response  - 51,5,F000*8bdb * 23-08-2024 15:19:09.700
Command * Home Command - #0,5,11111111*757c
 * 23-08-2024 15:19:49.479
Response  - 0,5,I001,11111111*6271 * 23-08-2024 15:19:49.703
Response  - 0,5,F000*ed3b * 23-08-2024 15:19:49.707
Response  - 0,16,F000*7ce9 * 23-08-2024 15:19:49.721
Command * Home Command - #1,5,11111111*b681
 * 23-08-2024 15:19:53.95
Response  - 1,5,I001,11111111*f220 * 23-08-2024 15:19:53.263
Response  - 1,5,F000*21fa * 23-08-2024 15:19:53.264
Response  - 0,16,F000*7ce9 * 23-08-2024 15:19:53.281
Command * Level Sensing For H1 - #2,4,2688,1000,0,1*d334
 * 23-08-2024 15:19:56.676
Response  - 2,4,I001*3179 * 23-08-2024 15:19:56.840
Response  - 2,4,F000,3400*4f18 * 23-08-2024 15:20:06.984
H1 Value - 3400 * 23-08-2024 15:20:07.1
Command * Level Sensing For H2 - #3,4,2688,8700,0,1*e9d3
 * 23-08-2024 15:20:07.264
Response  - 3,4,I001*fdb8 * 23-08-2024 15:20:07.492
Response  - 3,4,F000,3399*596d * 23-08-2024 15:20:09.905
H2 Value - 3399 * 23-08-2024 15:20:09.925
Command * Level Sensing For H3 - #4,4,2688,16380,0,1*2c5f
 * 23-08-2024 15:20:10.401
Response  - 4,4,I001*1bf9 * 23-08-2024 15:20:10.571
Response  - 4,4,F000,3389*8e67 * 23-08-2024 15:20:13.36
H3 Value - 3389 * 23-08-2024 15:20:13.57
Command * Level Sensing For L1 - #5,4,17564,16380,0,0*0645
 * 23-08-2024 15:20:13.471
Response  - 5,4,I001*d738 * 23-08-2024 15:20:13.637
Response  - 5,4,F000,249*55bf * 23-08-2024 15:20:17.225
L1 Value - 249 * 23-08-2024 15:20:17.242
Command * Level Sensing For L2 - #6,4,13934,16380,0,0*4619
 * 23-08-2024 15:20:17.536
Response  - 6,4,I001*c278 * 23-08-2024 15:20:17.704
Response  - 6,4,F000,265*34ba * 23-08-2024 15:20:19.999
L2 Value - 265 * 23-08-2024 15:20:20.20
Command * Level Sensing For L3 - #7,4,10304,16380,0,0*b73b
 * 23-08-2024 15:20:20.113
Response  - 7,4,I001*0eb9 * 23-08-2024 15:20:20.278
Response  - 7,4,F000,251*c446 * 23-08-2024 15:20:22.583
L3 Value - 251 * 23-08-2024 15:20:22.601
Command * Home Command - #8,5,11111111*aa9d
 * 23-08-2024 15:20:22.722
Response  - 8,5,I001,11111111*a0f6 * 23-08-2024 15:20:22.892
Response  - 8,5,F000*4b3a * 23-08-2024 15:20:34.20
Command * HOME STATUS - #9,6*1b3d
 * 23-08-2024 15:20:34.348
Response  - 9,6,F000,11111111*fba1 * 23-08-2024 15:20:34.514
Command * Home Command - #10,5,11111111*ed58
 * 23-08-2024 15:20:35.913
Response  - 10,5,I001,11111111*052e * 23-08-2024 15:20:36.81
Response  - 10,5,F000*8728 * 23-08-2024 15:20:36.84
Response  - 0,16,F000*7ce9 * 23-08-2024 15:20:36.100
Command * L1 - Picked - #11,2,1,17564,16380,0,0*5fcd
 * 23-08-2024 15:20:37.423
Response  - 11,2,I001,1*6ac2 * 23-08-2024 15:20:37.581
Response  - 11,2,F000,1*5593 * 23-08-2024 15:20:48.408
Command * H1 - Placed - #12,3,1,2688,1000,0,1*2b72
 * 23-08-2024 15:20:48.650
Response  - 12,3,I001,1*a9f3 * 23-08-2024 15:20:48.811
Response  - 12,3,F000,1*96a2 * 23-08-2024 15:20:55.783
Command * L2 - Picked - #13,2,1,13934,16380,0,0*b9f6
 * 23-08-2024 15:20:56.283
Response  - 13,2,I001,1*a063 * 23-08-2024 15:20:56.444
Response  - 13,2,F000,1*9f32 * 23-08-2024 15:21:02.999
Command * H2 - Placed - #14,3,1,2688,8700,0,1*094c
 * 23-08-2024 15:21:03.378
Response  - 14,3,I001,1*b613 * 23-08-2024 15:21:03.578
Response  - 14,3,F000,1*8942 * 23-08-2024 15:21:10.85
Command * L3 - Picked - #15,2,1,10304,16380,0,0*d28f
 * 23-08-2024 15:21:10.504
Response  - 15,2,I001,1*bf83 * 23-08-2024 15:21:10.671
Response  - 15,2,F000,1*80d2 * 23-08-2024 15:21:16.801
Command * H3 - Placed - #16,3,1,2688,16380,0,1*d337
 * 23-08-2024 15:21:17.112
Response  - 16,3,I001,1*7cb2 * 23-08-2024 15:21:17.276
Response  - 16,3,F000,1*43e3 * 23-08-2024 15:21:23.405
Racks Loaded to Heater * 23-08-2024 15:21:23.749
Command * HEATER DOOR CLOSE - #17,8,1,0*f227
 * 23-08-2024 15:21:23.753
Response  - 17,8,I001*a8aa * 23-08-2024 15:21:23.915
Response  - 17,8,F000*7c68 * 23-08-2024 15:21:24.258
Command * HEATER ON - #18,12,1*9adc
 * 23-08-2024 15:21:24.309
Response  - 18,12,F000*f5a4 * 23-08-2024 15:21:24.475
Command * SET TEMPERATURE - #19,10,37*57ca
 * 23-08-2024 15:21:24.685
Response  - 19,10,F000*87a8 * 23-08-2024 15:21:24.844
Command * READ TEMPERATURE - #20,11*4907
 * 23-08-2024 15:21:25.248
Response  - 20,11,F000,32*b3a2 * 23-08-2024 15:21:25.414
Command * READ TEMPERATURE - #21,11*b506
 * 23-08-2024 15:21:30.354
Response  - 21,11,F000,32*705f * 23-08-2024 15:21:30.522
Command * READ TEMPERATURE - #22,11*f106
 * 23-08-2024 15:21:35.402
Response  - 22,11,F000,32*745b * 23-08-2024 15:21:35.573
Command * READ TEMPERATURE - #23,11*0d07
 * 23-08-2024 15:21:40.476
Response  - 23,11,F000,32*b7a6 * 23-08-2024 15:21:40.642
Command * READ TEMPERATURE - #24,11*7906
 * 23-08-2024 15:21:45.549
Response  - 24,11,F000,32*7c53 * 23-08-2024 15:21:45.717
Command * READ TEMPERATURE - #25,11*8507
 * 23-08-2024 15:21:50.602
Response  - 25,11,F000,32*bfae * 23-08-2024 15:21:50.769
Command * READ TEMPERATURE - #26,11*c107
 * 23-08-2024 15:21:55.659
Response  - 26,11,F000,33*7b6b * 23-08-2024 15:21:55.824
Command * READ TEMPERATURE - #27,11*3d06
 * 23-08-2024 15:22:00.730
Response  - 27,11,F000,33*b896 * 23-08-2024 15:22:00.897
Command * READ TEMPERATURE - #28,11*2905
 * 23-08-2024 15:22:05.798
Response  - 28,11,F000,33*ac82 * 23-08-2024 15:22:05.967
Command * READ TEMPERATURE - #29,11*d504
 * 23-08-2024 15:22:10.875
Response  - 29,11,F000,33*6f7f * 23-08-2024 15:22:11.40
Command * READ TEMPERATURE - #30,11*893a
 * 23-08-2024 15:22:15.950
Response  - 30,11,F000,34*3020 * 23-08-2024 15:22:16.119
Command * READ TEMPERATURE - #31,11*753b
 * 23-08-2024 15:22:21.16
Response  - 31,11,F000,33*319c * 23-08-2024 15:22:21.180
Command * READ TEMPERATURE - #32,11*313b
 * 23-08-2024 15:22:26.74
Response  - 32,11,F000,34*f7d9 * 23-08-2024 15:22:26.231
Command * READ TEMPERATURE - #33,11*cd3a
 * 23-08-2024 15:22:31.138
Response  - 33,11,F000,35*f4e5 * 23-08-2024 15:22:31.304
Command * READ TEMPERATURE - #34,11*b93b
 * 23-08-2024 15:22:41.209
Response  - 34,11,F000,35*3f10 * 23-08-2024 15:22:41.371
Command * READ TEMPERATURE - #35,11*453a
 * 23-08-2024 15:22:46.199
Response  - 35,11,F000,35*fced * 23-08-2024 15:22:46.366
Command * READ TEMPERATURE - #36,11*013a
 * 23-08-2024 15:22:51.204
Response  - 36,11,F000,35*f8e9 * 23-08-2024 15:22:51.371
Command * READ TEMPERATURE - #37,11*fd3b
 * 23-08-2024 15:22:56.209
Response  - 37,11,F000,36*3a54 * 23-08-2024 15:22:56.374
Command * READ TEMPERATURE - #38,11*e938
 * 23-08-2024 15:23:01.208
Response  - 38,11,F000,35*2f00 * 23-08-2024 15:23:01.376
Command * READ TEMPERATURE - #39,11*1539
 * 23-08-2024 15:23:06.205
Response  - 39,11,F000,36*edbd * 23-08-2024 15:23:06.374
Command * READ TEMPERATURE - #40,11*498f
 * 23-08-2024 15:23:11.213
Response  - 40,11,F000,36*b6aa * 23-08-2024 15:23:11.377
Command * READ TEMPERATURE - #41,11*b58e
 * 23-08-2024 15:23:16.215
Response  - 41,11,F000,36*7557 * 23-08-2024 15:23:16.379
Command * READ TEMPERATURE - #42,11*f18e
 * 23-08-2024 15:23:21.198
Response  - 42,11,F000,36*7153 * 23-08-2024 15:23:21.362
Command * READ TEMPERATURE - #43,11*0d8f
 * 23-08-2024 15:23:26.197
Response  - 43,11,F000,37*726f * 23-08-2024 15:23:26.355
Command * READ TEMPERATURE - #44,11*798e
 * 23-08-2024 15:23:31.199
Response  - 44,11,F000,36*795b * 23-08-2024 15:23:31.367
Command * READ TEMPERATURE - #45,11*858f
 * 23-08-2024 15:23:36.196
Response  - 45,11,F000,37*7a67 * 23-08-2024 15:23:36.362
Command * READ TEMPERATURE - #46,11*c18f
 * 23-08-2024 15:23:41.211
Response  - 46,11,F000,37*7e63 * 23-08-2024 15:23:41.376
Command * READ TEMPERATURE - #47,11*3d8e
 * 23-08-2024 15:23:46.213
Response  - 47,11,F000,37*bd9e * 23-08-2024 15:23:46.379
Command * READ TEMPERATURE - #48,11*298d
 * 23-08-2024 15:23:51.225
Response  - 48,11,F000,37*a98a * 23-08-2024 15:23:51.392
Command * READ TEMPERATURE - #49,11*d58c
 * 23-08-2024 15:23:56.220
Response  - 49,11,F000,37*6a77 * 23-08-2024 15:23:56.378
Command * READ TEMPERATURE - #50,11*89b2
 * 23-08-2024 15:24:01.213
Response  - 50,11,F000,37*f769 * 23-08-2024 15:24:01.377
Command * READ TEMPERATURE - #51,11*75b3
 * 23-08-2024 15:24:06.212
Response  - 51,11,F000,36*f455 * 23-08-2024 15:24:06.378
Command * READ TEMPERATURE - #52,11*31b3
 * 23-08-2024 15:24:11.224
Response  - 52,11,F000,37*3090 * 23-08-2024 15:24:11.393
Command * READ TEMPERATURE - #53,11*cdb2
 * 23-08-2024 15:24:16.220
Response  - 53,11,F000,36*33ac * 23-08-2024 15:24:16.387
Command * READ TEMPERATURE - #54,11*b9b3
 * 23-08-2024 15:24:21.215
Response  - 54,11,F000,36*f859 * 23-08-2024 15:24:21.383
Command * READ TEMPERATURE - #55,11*45b2
 * 23-08-2024 15:24:26.220
Response  - 55,11,F000,36*3ba4 * 23-08-2024 15:24:26.386
Command * READ TEMPERATURE - #56,11*01b2
 * 23-08-2024 15:24:31.213
Response  - 56,11,F000,36*3fa0 * 23-08-2024 15:24:31.379
Command * READ TEMPERATURE - #57,11*fdb3
 * 23-08-2024 15:24:36.242
Response  - 57,11,F000,36*fc5d * 23-08-2024 15:24:36.409
Command * READ TEMPERATURE - #58,11*e9b0
 * 23-08-2024 15:24:41.236
Response  - 58,11,F000,36*e849 * 23-08-2024 15:24:41.403
Command * READ TEMPERATURE - #59,11*15b1
 * 23-08-2024 15:24:46.242
Response  - 59,11,F000,37*eb75 * 23-08-2024 15:24:46.405
Command * READ TEMPERATURE - #60,11*89f6
 * 23-08-2024 15:24:51.230
Response  - 60,11,F000,36*f4ad * 23-08-2024 15:24:51.396
Command * READ TEMPERATURE - #61,11*75f7
 * 23-08-2024 15:24:56.232
Response  - 61,11,F000,36*3750 * 23-08-2024 15:24:56.401
Command * READ TEMPERATURE - #62,11*31f7
 * 23-08-2024 15:25:01.238
Response  - 62,11,F000,37*f395 * 23-08-2024 15:25:01.399
Command * READ TEMPERATURE - #63,11*cdf6
 * 23-08-2024 15:25:06.237
Response  - 63,11,F000,36*f0a9 * 23-08-2024 15:25:06.395
Command * READ TEMPERATURE - #64,11*b9f7
 * 23-08-2024 15:25:11.236
Response  - 64,11,F000,37*fb9d * 23-08-2024 15:25:11.404
Command * READ TEMPERATURE - #65,11*45f6
 * 23-08-2024 15:25:16.238
Response  - 65,11,F000,37*3860 * 23-08-2024 15:25:16.398
Command * READ TEMPERATURE - #66,11*01f6
 * 23-08-2024 15:25:21.233
Response  - 66,11,F000,36*fca5 * 23-08-2024 15:25:21.390
Command * READ TEMPERATURE - #67,11*fdf7
 * 23-08-2024 15:25:26.228
Response  - 67,11,F000,36*3f58 * 23-08-2024 15:25:26.393
Command * READ TEMPERATURE - #68,11*e9f4
 * 23-08-2024 15:25:31.239
Response  - 68,11,F000,36*2b4c * 23-08-2024 15:25:31.407
Command * READ TEMPERATURE - #69,11*15f5
 * 23-08-2024 15:25:36.231
Response  - 69,11,F000,36*e8b1 * 23-08-2024 15:25:36.396
Command * READ TEMPERATURE - #70,11*49cb
 * 23-08-2024 15:25:41.252
Response  - 70,11,F000,36*75af * 23-08-2024 15:25:41.416
Command * READ TEMPERATURE - #71,11*b5ca
 * 23-08-2024 15:25:46.249
Response  - 71,11,F000,36*b652 * 23-08-2024 15:25:46.415
Command * READ TEMPERATURE - #72,11*f1ca
 * 23-08-2024 15:25:51.268
Response  - 72,11,F000,36*b256 * 23-08-2024 15:25:51.434
Command * READ TEMPERATURE - #73,11*0dcb
 * 23-08-2024 15:25:56.265
Response  - 73,11,F000,36*71ab * 23-08-2024 15:25:56.423
Command * READ TEMPERATURE - #74,11*79ca
 * 23-08-2024 15:26:01.276
Response  - 74,11,F000,36*ba5e * 23-08-2024 15:26:01.439
Command * READ TEMPERATURE - #75,11*85cb
 * 23-08-2024 15:26:06.271
Response  - 75,11,F000,36*79a3 * 23-08-2024 15:26:06.445
Command * READ TEMPERATURE - #76,11*c1cb
 * 23-08-2024 15:26:11.271
Response  - 76,11,F000,36*7da7 * 23-08-2024 15:26:11.440
Command * READ TEMPERATURE - #77,11*3dca
 * 23-08-2024 15:26:16.269
Response  - 77,11,F000,36*be5a * 23-08-2024 15:26:16.436
Command * READ TEMPERATURE - #78,11*29c9
 * 23-08-2024 15:26:21.287
Response  - 78,11,F000,36*aa4e * 23-08-2024 15:26:21.453
Command * READ TEMPERATURE - #79,11*d5c8
 * 23-08-2024 15:26:26.277
Response  - 79,11,F000,36*69b3 * 23-08-2024 15:26:26.442
Command * READ TEMPERATURE - #80,11*489f
 * 23-08-2024 15:26:31.274
Response  - 80,11,F000,36*7abb * 23-08-2024 15:26:31.443
Command * READ TEMPERATURE - #81,11*b49e
 * 23-08-2024 15:26:36.296
Response  - 81,11,F000,35*b806 * 23-08-2024 15:26:36.460
Command * READ TEMPERATURE - #82,11*f09e
 * 23-08-2024 15:26:41.298
Response  - 82,11,F000,36*bd42 * 23-08-2024 15:26:41.466
Command * READ TEMPERATURE - #83,11*0c9f
 * 23-08-2024 15:26:46.296
Response  - 83,11,F000,36*7ebf * 23-08-2024 15:26:46.465
Command * READ TEMPERATURE - #84,11*789e
 * 23-08-2024 15:26:51.299
Response  - 84,11,F000,36*b54a * 23-08-2024 15:26:51.462
Command * READ TEMPERATURE - #85,11*849f
 * 23-08-2024 15:26:56.307
Response  - 85,11,F000,36*76b7 * 23-08-2024 15:26:56.475
Command * READ TEMPERATURE - #86,11*c09f
 * 23-08-2024 15:27:01.323
Response  - 86,11,F000,36*72b3 * 23-08-2024 15:27:01.490
Command * READ TEMPERATURE - #87,11*3c9e
 * 23-08-2024 15:27:06.323
Response  - 87,11,F000,36*b14e * 23-08-2024 15:27:06.489
Command * READ TEMPERATURE - #88,11*289d
 * 23-08-2024 15:27:11.326
Response  - 88,11,F000,35*a41a * 23-08-2024 15:27:11.483
Command * READ TEMPERATURE - #89,11*d49c
 * 23-08-2024 15:27:16.324
Response  - 89,11,F000,36*66a7 * 23-08-2024 15:27:16.492
Command * READ TEMPERATURE - #90,11*88a2
 * 23-08-2024 15:27:21.335
Response  - 90,11,F000,36*fbb9 * 23-08-2024 15:27:21.501
Command * READ TEMPERATURE - #91,11*74a3
 * 23-08-2024 15:27:26.341
Response  - 91,11,F000,36*3844 * 23-08-2024 15:27:26.507
Command * READ TEMPERATURE - #92,11*30a3
 * 23-08-2024 15:27:31.343
Response  - 92,11,F000,36*3c40 * 23-08-2024 15:27:31.511
Command * HEATER OFF - #93,12,0*e195
 * 23-08-2024 15:27:36.355
Response  - 93,12,F000*2f56 * 23-08-2024 15:27:36.521
Command * HEATER DOOR OPEN - #94,8,1,1*94d4
 * 23-08-2024 15:27:37.227
Response  - 94,8,I001*7d8d * 23-08-2024 15:27:37.393
Response  - 94,8,F000*a94f * 23-08-2024 15:27:37.721
Rack - 1Protocol Started * 23-08-2024 15:27:38.338
Command * Rack-1 Picked from H1 - #95,2,1,2688,1000,0,1*8677
 * 23-08-2024 15:27:38.424
Response  - 95,2,I001,1*dfa9 * 23-08-2024 15:27:38.588
Response  - 95,2,F000,1*e0f8 * 23-08-2024 15:27:45.55
Command * HEATER DOOR CLOSE - #96,8,1,0*9436
 * 23-08-2024 15:27:45.513
Response  - 96,8,I001*a40c * 23-08-2024 15:27:45.671
Response  - 96,8,F000*70ce * 23-08-2024 15:27:46.9
Command * Rack-1 Placed in J1 - #97,3,1,10304,800,0,0*3ed4
 * 23-08-2024 15:27:46.84
Response  - 97,3,I001,1*d9c9 * 23-08-2024 15:27:46.242
Response  - 97,3,F000,1*e698 * 23-08-2024 15:27:52.385
Command * Rack-1 Picked from J1 - #98,2,1,10304,800,0,0*bbd2
 * 23-08-2024 15:32:53.695
Response  - 98,2,I001,1*2538 * 23-08-2024 15:32:53.897
Response  - 98,2,F000,1*1a69 * 23-08-2024 15:32:59.5
Command * Rack-1 Placed in J2 - #99,3,1,13934,800 ,0,0*6c9b
 * 23-08-2024 15:32:59.348
Response  - 99,3,I001,1*2ca8 * 23-08-2024 15:32:59.514
Response  - 99,3,F000,1*13f9 * 23-08-2024 15:33:05.187
Command * HEATER DOOR OPEN - #100,8,1,1*5442
 * 23-08-2024 15:37:07.591
Response  - 100,8,I001*13cd * 23-08-2024 15:37:07.906
Response  - 100,8,F000*c70f * 23-08-2024 15:37:08.90
Rack - 2Protocol Started * 23-08-2024 15:37:14.917
Command * Rack-2 Picked from H2 - #101,2,1,2688,8700,0,1*a6f6
 * 23-08-2024 15:37:14.953
Response  - 101,2,I001,1*f319 * 23-08-2024 15:37:15.119
Response  - 101,2,F000,1*cc48 * 23-08-2024 15:37:21.673
Command * HEATER DOOR CLOSE - #102,8,1,0*54a0
 * 23-08-2024 15:37:22.214
Response  - 102,8,I001*ca4c * 23-08-2024 15:37:22.374
Response  - 102,8,F000*1e8e * 23-08-2024 15:37:22.716
Command * Rack-2 Placed in J1 - #103,3,1,10304,800,0,0*b4e3
 * 23-08-2024 15:37:22.785
Response  - 103,3,I001,1*f579 * 23-08-2024 15:37:22.948
Response  - 103,3,F000,1*ca28 * 23-08-2024 15:37:29.77
Command * Rack-1 Picked from J2 - #104,2,1,13934,800 ,0,0*dedd
 * 23-08-2024 15:38:06.467
Response  - 104,2,I001,1*e309 * 23-08-2024 15:38:06.761
Response  - 104,2,F000,1*dc58 * 23-08-2024 15:38:12.314
Command * Rack-1 Placed in J3 - #105,3,1,17564,800 ,0,0*abbe
 * 23-08-2024 15:38:12.725
Response  - 105,3,I001,1*ea99 * 23-08-2024 15:38:12.890
Response  - 105,3,F000,1*d5c8 * 23-08-2024 15:38:18.558
Command * Rack-2 Picked from J1 - #106,2,1,10304,800,0,0*e87e
 * 23-08-2024 15:42:30.106
Response  - 106,2,I001,1*29a8 * 23-08-2024 15:42:30.276
Response  - 106,2,F000,1*16f9 * 23-08-2024 15:42:36.368
Command * Rack-2 Placed in J2 - #107,3,1,13934,800 ,0,0*11c8
 * 23-08-2024 15:42:36.722
Response  - 107,3,I001,1*2038 * 23-08-2024 15:42:36.883
Response  - 107,3,F000,1*1f69 * 23-08-2024 15:42:42.564
Command * Rack-1 Picked from J3 - #108,2,1,17564,800 ,0,0*4bc2
 * 23-08-2024 15:43:19.720
Response  - 108,2,I001,1*dcc9 * 23-08-2024 15:43:19.972
Response  - 108,2,F000,1*e398 * 23-08-2024 15:43:25.567
Command * Rack-1 Placed in J4 - #109,3,1,21194,800 ,0,0*7865
 * 23-08-2024 15:43:25.979
Response  - 109,3,I001,1*d559 * 23-08-2024 15:43:26.142
Response  - 109,3,F000,1*ea08 * 23-08-2024 15:43:31.820
Command * Rack-1 Picked from J4 - #110,2,1,21194,800 ,0,0*cdf8
 * 23-08-2024 15:46:32.839
Response  - 110,2,I001,1*ca4c * 23-08-2024 15:46:33.10
Response  - 110,2,F000,1*f51d * 23-08-2024 15:46:38.154
Command * Rack-1 Placed in J5 - #111,3,1,24824,800 ,0,0*dda1
 * 23-08-2024 15:46:38.464
Response  - 111,3,I001,1*c3dc * 23-08-2024 15:46:38.633
Response  - 111,3,F000,1*fc8d * 23-08-2024 15:46:44.300
Command * Rack-2 Picked from J2 - #112,2,1,13934,800 ,0,0*6945
 * 23-08-2024 15:47:43.841
Response  - 112,2,I001,1*00ed * 23-08-2024 15:47:44.9
Response  - 112,2,F000,1*3fbc * 23-08-2024 15:47:50.516
Command * Rack-2 Placed in J3 - #113,3,1,17564,800 ,0,0*1c26
 * 23-08-2024 15:47:51.82
Response  - 113,3,I001,1*097d * 23-08-2024 15:47:51.367
Response  - 113,3,F000,1*362c * 23-08-2024 15:47:57.42
Command * HEATER DOOR OPEN - #114,8,1,1*58c6
 * 23-08-2024 15:48:22.585
Response  - 114,8,I001*70c1 * 23-08-2024 15:48:22.768
Response  - 114,8,F000*a403 * 23-08-2024 15:48:23.91
Command * Rack-1 Picked from J5 - #115,2,1,24824,800 ,0,0*a501
 * 23-08-2024 15:49:45.221
Response  - 115,2,I001,1*da5c * 23-08-2024 15:49:45.387
Response  - 115,2,F000,1*e50d * 23-08-2024 15:49:51.483
Command * Rack-1 Placed in J6 - #116,3,1,28454,800 ,0,0*c20f
 * 23-08-2024 15:49:51.971
Response  - 116,3,I001,1*196d * 23-08-2024 15:49:52.134
Response  - 116,3,F000,1*263c * 23-08-2024 15:49:57.819
