Command Sent SET TEMPERATURE - #0,10,32*870a  * 20-03-2025 10:23:24.164
CRC-Response  - 0,10,F000*1ae9 * 20-03-2025 10:23:24.403
Command Sent HEATER ON - #1,12,1*dbe7  * 20-03-2025 10:23:25.475
CRC-Response  - 1,12,F000*68e5 * 20-03-2025 10:23:25.696
Command Sent HEATER DOOR CLOSE - #2,8,1,0*21eb  * 20-03-2025 10:23:26.258
CRC-Response  - 2,8,I001*fd79 * 20-03-2025 10:23:26.480
CRC-Response  - 2,8,F000*29bb * 20-03-2025 10:23:26.809
Command Sent READ TEMPERATURE - #3,11*ed1a  * 20-03-2025 10:23:27.35
CRC-Response  - 3,11,F000,-273*7032 * 20-03-2025 10:23:27.244
Command Sent READ TEMPERATURE - #4,11*991b  * 20-03-2025 10:23:37.296
CRC-Response  - 4,11,F000,545*9384 * 20-03-2025 10:23:37.504
Command Sent WATER VALVE - 1 CONTROL OFF - #5,13,1,0*4c2b  * 20-03-2025 10:23:47.569
CRC-Response  - 5,13,F000*79d6 * 20-03-2025 10:23:47.777
Command Sent WATER VALVE - 2 CONTROL OFF - #6,13,2,0*599b  * 20-03-2025 10:23:48.332
CRC-Response  - 6,13,F000*89c2 * 20-03-2025 10:23:48.543
Command Sent WATER VALVE - 3 CONTROL OFF - #7,13,3,0*550b  * 20-03-2025 10:23:49.109
CRC-Response  - 7,13,F000*19cf * 20-03-2025 10:23:49.317
Command Sent WATER VALVE - 4 CONTROL OFF - #8,13,4,0*d4fa  * 20-03-2025 10:23:49.868
CRC-Response  - 8,13,F000*e98e * 20-03-2025 10:23:50.77
Command Sent WATER VALVE - 5 CONTROL OFF - #9,13,5,0*d86a  * 20-03-2025 10:23:50.627
CRC-Response  - 9,13,F000*7983 * 20-03-2025 10:23:50.837
Command Sent WATER VALVE - 6 CONTROL OFF - #10,13,6,0*d849  * 20-03-2025 10:23:51.386
CRC-Response  - 10,13,F000*e4c2 * 20-03-2025 10:23:51.597
Command Sent HEATER OFF - #11,12,0*c31d  * 20-03-2025 10:23:52.155
CRC-Response  - 11,12,F000*a5ce * 20-03-2025 10:23:52.365
Command Sent Home Command - #12,5,01111111*e660  * 20-03-2025 10:23:52.922
CRC-Response  - 12,5,I001,01111111*a94e * 20-03-2025 10:23:53.132
CRC-Response  - 12,5,F000*5ea9 * 20-03-2025 10:24:06.381
Command Sent Home Command - #13,5,01111111*259d  * 20-03-2025 10:24:08.686
CRC-Response  - 13,5,I001,01111111*391f * 20-03-2025 10:24:08.895
CRC-Response  - 13,5,F000*9268 * 20-03-2025 10:24:22.145
Command Sent Level Sensing For L1 - #14,4,17564,16380,0,0*e000  * 20-03-2025 10:24:23.453
CRC-Response  - 14,4,I001*71ea * 20-03-2025 10:24:23.672
CRC-Response  - 14,4,F000,843*0bc6 * 20-03-2025 10:24:31.968
L1 Value - 200 * 20-03-2025 10:24:32.2
Command Sent Level Sensing For L2 - #15,4,13934,16380,0,0*1825  * 20-03-2025 10:24:32.223
CRC-Response  - 15,4,I001*bd2b * 20-03-2025 10:24:32.429
CRC-Response  - 15,4,F000,759*5c8a * 20-03-2025 10:24:37.438
L2 Value - 200 * 20-03-2025 10:24:37.469
Command Sent Level Sensing For L3 - #16,4,10304,16380,0,0*517e  * 20-03-2025 10:24:37.770
CRC-Response  - 16,4,I001*a86b * 20-03-2025 10:24:37.984
CRC-Response  - 16,4,F000,781*0e8b * 20-03-2025 10:24:40.310
L3 Value - 200 * 20-03-2025 10:24:40.341
Command Sent Home Command - #17,5,01111111*ea6c  * 20-03-2025 10:24:40.539
CRC-Response  - 17,5,I001,01111111*f85d * 20-03-2025 10:24:40.759
CRC-Response  - 17,5,F000*6169 * 20-03-2025 10:24:54.3
Command Sent Home Command - #18,5,01111111*fe78  * 20-03-2025 10:24:55.322
CRC-Response  - 18,5,I001,01111111*0b68 * 20-03-2025 10:24:55.529
CRC-Response  - 18,5,F000*2129 * 20-03-2025 10:25:08.783
Rack - 1Protocol Started * 20-03-2025 10:25:09.797
Command Sent Rack-1 Picked from L1 - #19,2,1,17564,16380,0,0*1744  * 20-03-2025 10:25:09.930
CRC-Response  - 19,2,I001,1*8043 * 20-03-2025 10:25:10.148
CRC-Response  - 19,2,F000,1*bf12 * 20-03-2025 10:25:16.153
RA Picked Rack From L1 * 20-03-2025 10:25:16.157
Command Sent Rack-1 Placed in H1 - #20,3,1,2688,1000,0,1*a04f  * 20-03-2025 10:25:16.785
CRC-Response  - 20,3,I001,1*275d * 20-03-2025 10:25:16.992
CRC-Response  - 20,3,F000,1*180c * 20-03-2025 10:25:23.862
RA Placed Rack in H1 * 20-03-2025 10:25:23.866
Command Sent HEATER ON - #21,12,1*03ef  * 20-03-2025 10:25:24.94
CRC-Response  - 21,12,F000*aa3e * 20-03-2025 10:25:24.299
Command Sent HEATER DOOR CLOSE - #22,8,1,0*e732  * 20-03-2025 10:25:24.881
CRC-Response  - 22,8,I001*677e * 20-03-2025 10:25:25.95
CRC-Response  - 22,8,F000*b3bc * 20-03-2025 10:25:25.439
Command Sent READ TEMPERATURE - #23,11*0d07  * 20-03-2025 10:25:25.649
CRC-Response  - 23,11,F000,447*cdc4 * 20-03-2025 10:25:25.859
Command Sent READ TEMPERATURE - #24,11*7906  * 20-03-2025 10:25:35.917
CRC-Response  - 24,11,F000,447*8acf * 20-03-2025 10:25:36.127
Command Sent READ TEMPERATURE - #25,11*8507  * 20-03-2025 10:25:46.183
CRC-Response  - 25,11,F000,545*0a1d * 20-03-2025 10:25:46.398
Command Sent READ TEMPERATURE - #26,11*c107  * 20-03-2025 10:25:55.278
CRC-Response  - 26,11,F000,545*c918 * 20-03-2025 10:25:55.488
Command Sent READ TEMPERATURE - #27,11*3d06  * 20-03-2025 10:25:56.453
CRC-Response  - 27,11,F000,545*481a * 20-03-2025 10:25:56.662
Command Sent READ TEMPERATURE - #28,11*2905  * 20-03-2025 10:26:06.712
CRC-Response  - 28,11,F000,545*470e * 20-03-2025 10:26:06.921
Command Sent READ TEMPERATURE - #29,11*d504  * 20-03-2025 10:26:16.981
CRC-Response  - 29,11,F000,545*c60c * 20-03-2025 10:26:17.190
Command Sent READ TEMPERATURE - #30,11*893a  * 20-03-2025 10:26:27.240
CRC-Response  - 30,11,F000,545*ce11 * 20-03-2025 10:26:27.456
Command Sent READ TEMPERATURE - #31,11*753b  * 20-03-2025 10:26:37.508
CRC-Response  - 31,11,F000,447*4ec3 * 20-03-2025 10:26:37.724
Command Sent READ TEMPERATURE - #32,11*313b  * 20-03-2025 10:26:47.772
CRC-Response  - 32,11,F000,545*8c16 * 20-03-2025 10:26:47.981
Command Sent READ TEMPERATURE - #33,11*cd3a  * 20-03-2025 10:26:58.45
CRC-Response  - 33,11,F000,545*0d14 * 20-03-2025 10:26:58.257
Command Sent READ TEMPERATURE - #34,11*b93b  * 20-03-2025 10:27:08.305
CRC-Response  - 34,11,F000,545*4a1f * 20-03-2025 10:27:08.515
Command Sent READ TEMPERATURE - #35,11*453a  * 20-03-2025 10:27:18.576
CRC-Response  - 35,11,F000,545*cb1d * 20-03-2025 10:27:18.785
Command Sent READ TEMPERATURE - #36,11*013a  * 20-03-2025 10:27:28.834
CRC-Response  - 36,11,F000,447*09c8 * 20-03-2025 10:27:29.43
Command Sent READ TEMPERATURE - #37,11*fd3b  * 20-03-2025 10:27:39.106
CRC-Response  - 37,11,F000,545*891a * 20-03-2025 10:27:39.332
Command Sent READ TEMPERATURE - #38,11*e938  * 20-03-2025 10:27:49.390
CRC-Response  - 38,11,F000,545*860e * 20-03-2025 10:27:49.599
Command Sent READ TEMPERATURE - #39,11*1539  * 20-03-2025 10:27:59.646
CRC-Response  - 39,11,F000,545*070c * 20-03-2025 10:27:59.865
Command Sent READ TEMPERATURE - #40,11*498f  * 20-03-2025 10:28:09.922
CRC-Response  - 40,11,F000,545*0917 * 20-03-2025 10:28:10.132
Command Sent READ TEMPERATURE - #41,11*b58e  * 20-03-2025 10:28:20.185
CRC-Response  - 41,11,F000,-273*1bee * 20-03-2025 10:28:20.400
Command Sent READ TEMPERATURE - #42,11*f18e  * 20-03-2025 10:28:30.447
CRC-Response  - 42,11,F000,447*4ac0 * 20-03-2025 10:28:30.656
Command Sent READ TEMPERATURE - #43,11*0d8f  * 20-03-2025 10:28:40.713
CRC-Response  - 43,11,F000,447*cbc2 * 20-03-2025 10:28:40.922
Command Sent READ TEMPERATURE - #44,11*798e  * 20-03-2025 10:28:50.980
CRC-Response  - 44,11,F000,447*8cc9 * 20-03-2025 10:28:51.235
Command Sent READ TEMPERATURE - #45,11*858f  * 20-03-2025 10:29:01.288
CRC-Response  - 45,11,F000,545*0c1b * 20-03-2025 10:29:01.499
Command Sent READ TEMPERATURE - #46,11*c18f  * 20-03-2025 10:29:11.557
CRC-Response  - 46,11,F000,-273*dce8 * 20-03-2025 10:29:11.775
Command Sent READ TEMPERATURE - #47,11*3d8e  * 20-03-2025 10:29:21.820
CRC-Response  - 47,11,F000,545*4e1c * 20-03-2025 10:29:22.29
Command Sent READ TEMPERATURE - #48,11*298d  * 20-03-2025 10:29:32.84
CRC-Response  - 48,11,F000,545*4108 * 20-03-2025 10:29:32.326
Command Sent READ TEMPERATURE - #49,11*d58c  * 20-03-2025 10:29:42.389
CRC-Response  - 49,11,F000,545*c00a * 20-03-2025 10:29:42.598
Command Sent READ TEMPERATURE - #50,11*89b2  * 20-03-2025 10:29:52.648
CRC-Response  - 50,11,F000,545*c817 * 20-03-2025 10:29:52.860
Command Sent READ TEMPERATURE - #51,11*75b3  * 20-03-2025 10:30:02.909
CRC-Response  - 51,11,F000,545*4915 * 20-03-2025 10:30:03.119
Command Sent HEATER OFF - #52,12,0*3058  * 20-03-2025 10:30:04.112
CRC-Response  - 52,12,F000*809b * 20-03-2025 10:30:04.321
Command Sent HEATER DOOR OPEN - #53,8,1,1*01a2  * 20-03-2025 10:30:24.114
CRC-Response  - 53,8,I001*9b99 * 20-03-2025 10:30:24.336
CRC-Response  - 53,8,F000*4f5b * 20-03-2025 10:30:24.665
Command Sent Rack-1 Picked from H1 - #54,2,1,2688,1000,0,1*b75a  * 20-03-2025 10:30:24.889
CRC-Response  - 54,2,I001,1*4ac7 * 20-03-2025 10:30:25.100
CRC-Response  - 54,2,F000,1*7596 * 20-03-2025 10:30:30.192
RA Picked Rack From H1 * 20-03-2025 10:30:30.198
Command Sent HEATER DOOR CLOSE - #55,8,1,0*c105  * 20-03-2025 10:30:30.693
CRC-Response  - 55,8,I001*b119 * 20-03-2025 10:30:30.907
CRC-Response  - 55,8,F000*65db * 20-03-2025 10:30:31.253
Command Sent Rack-1 Placed in J1 - #56,3,1,10304,800,0,0*0ff9  * 20-03-2025 10:30:31.462
CRC-Response  - 56,3,I001,1*4ca7 * 20-03-2025 10:30:31.670
CRC-Response  - 56,3,F000,1*73f6 * 20-03-2025 10:30:37.724
RA Placed Rack in J1 * 20-03-2025 10:30:37.729
Command Sent HEATER ON - #57,12,1*a599  * 20-03-2025 10:30:38.287
CRC-Response  - 57,12,F000*d0a4 * 20-03-2025 10:30:38.505
Command Sent HEATER OFF - #58,12,0*9a58  * 20-03-2025 10:30:53.416
CRC-Response  - 58,12,F000*20e5 * 20-03-2025 10:30:53.740
Command Sent HEATER DOOR OPEN - #59,8,1,1*0108  * 20-03-2025 10:30:54.298
CRC-Response  - 59,8,I001*e419 * 20-03-2025 10:30:54.504
CRC-Response  - 59,8,F000*30db * 20-03-2025 10:30:54.847
Rack - 2Protocol Started * 20-03-2025 10:30:55.13
Command Sent Rack-2 Picked from L2 - #60,2,1,13934,16380,0,0*6cf3  * 20-03-2025 10:30:55.129
CRC-Response  - 60,2,I001,1*db89 * 20-03-2025 10:30:55.345
CRC-Response  - 60,2,F000,1*e4d8 * 20-03-2025 10:31:01.753
RA Picked Rack From L2 * 20-03-2025 10:31:01.756
Command Sent Rack-2 Placed in H1 - #61,3,1,2688,1000,0,1*d883  * 20-03-2025 10:31:01.958
CRC-Response  - 61,3,I001,1*d219 * 20-03-2025 10:31:02.175
CRC-Response  - 61,3,F000,1*ed48 * 20-03-2025 10:31:08.628
RA Placed Rack in H1 * 20-03-2025 10:31:08.632
Command Sent HEATER ON - #62,12,1*f0aa  * 20-03-2025 10:31:08.785
CRC-Response  - 62,12,F000*8f6b * 20-03-2025 10:31:08.999
Command Sent HEATER DOOR CLOSE - #63,8,1,0*d423  * 20-03-2025 10:31:09.584
CRC-Response  - 63,8,I001*6b8d * 20-03-2025 10:31:09.791
CRC-Response  - 63,8,F000*bf4f * 20-03-2025 10:31:10.137
Command Sent READ TEMPERATURE - #64,11*b9f7  * 20-03-2025 10:31:10.353
CRC-Response  - 64,11,F000,447*4eca * 20-03-2025 10:31:10.559
Command Sent READ TEMPERATURE - #65,11*45f6  * 20-03-2025 10:31:20.616
CRC-Response  - 65,11,F000,447*cfc8 * 20-03-2025 10:31:20.828
Command Sent READ TEMPERATURE - #66,11*01f6  * 20-03-2025 10:31:30.880
CRC-Response  - 66,11,F000,545*0d1d * 20-03-2025 10:31:31.91
Command Sent READ TEMPERATURE - #67,11*fdf7  * 20-03-2025 10:31:40.85
CRC-Response  - 67,11,F000,545*8c1f * 20-03-2025 10:31:40.294
Command Sent READ TEMPERATURE - #68,11*e9f4  * 20-03-2025 10:31:41.159
CRC-Response  - 68,11,F000,545*830b * 20-03-2025 10:31:41.371
Command Sent READ TEMPERATURE - #69,11*15f5  * 20-03-2025 10:31:51.440
CRC-Response  - 69,11,F000,447*03d9 * 20-03-2025 10:31:51.651
Command Sent READ TEMPERATURE - #70,11*49cb  * 20-03-2025 10:32:01.699
CRC-Response  - 70,11,F000,545*0a14 * 20-03-2025 10:32:01.909
Command Sent READ TEMPERATURE - #71,11*b5ca  * 20-03-2025 10:32:11.971
CRC-Response  - 71,11,F000,447*8ac6 * 20-03-2025 10:32:12.187
Command Sent HEATER OFF - #72,12,0*f07b  * 20-03-2025 10:32:18.279
CRC-Response  - 72,12,F000*4a3a * 20-03-2025 10:32:18.489
Command Sent Rack-1 Picked from J1 - #73,2,1,10304,800,0,0*b11d  * 20-03-2025 10:32:38.271
CRC-Response  - 73,2,I001,1*287d * 20-03-2025 10:32:38.496
CRC-Response  - 73,2,F000,1*172c * 20-03-2025 10:32:44.549
RA Picked Rack From J1 * 20-03-2025 10:32:44.553
Command Sent Rack-1 Placed in J2 - #74,3,1,13934,800 ,0,0*5e59  * 20-03-2025 10:32:45.108
CRC-Response  - 74,3,I001,1*3e0d * 20-03-2025 10:32:45.325
CRC-Response  - 74,3,F000,1*015c * 20-03-2025 10:32:50.922
RA Placed Rack in J2 * 20-03-2025 10:32:50.927
Command Sent HEATER ON - #75,12,1*87bb  * 20-03-2025 10:32:51.446
CRC-Response  - 75,12,F000*7a1c * 20-03-2025 10:32:51.656
Command Sent READ TEMPERATURE - #76,11*c1cb  * 20-03-2025 10:33:22.251
CRC-Response  - 76,11,F000,545*cc1d * 20-03-2025 10:33:22.479
Command Sent READ TEMPERATURE - #77,11*3dca  * 20-03-2025 10:33:32.526
CRC-Response  - 77,11,F000,447*4ccf * 20-03-2025 10:33:32.739
Command Sent READ TEMPERATURE - #78,11*29c9  * 20-03-2025 10:33:42.792
CRC-Response  - 78,11,F000,545*420b * 20-03-2025 10:33:43.0
Command Sent READ TEMPERATURE - #79,11*d5c8  * 20-03-2025 10:33:53.65
CRC-Response  - 79,11,F000,545*c309 * 20-03-2025 10:33:53.273
Command Sent READ TEMPERATURE - #80,11*489f  * 20-03-2025 10:34:03.331
CRC-Response  - 80,11,F000,545*051b * 20-03-2025 10:34:03.544
Command Sent READ TEMPERATURE - #81,11*b49e  * 20-03-2025 10:34:13.602
CRC-Response  - 81,11,F000,545*8419 * 20-03-2025 10:34:13.813
Command Sent READ TEMPERATURE - #82,11*f09e  * 20-03-2025 10:34:23.865
CRC-Response  - 82,11,F000,447*46cc * 20-03-2025 10:34:24.76
Command Sent HEATER OFF - #83,12,0*2185  * 20-03-2025 10:34:32.418
CRC-Response  - 83,12,F000*ea07 * 20-03-2025 10:34:32.633
Command Sent Rack-1 Picked from J2 - #84,2,1,13934,800 ,0,0*5df7  * 20-03-2025 10:34:52.423
CRC-Response  - 84,2,I001,1*e6fc * 20-03-2025 10:34:52.634
CRC-Response  - 84,2,F000,1*d9ad * 20-03-2025 10:34:57.713
RA Picked Rack From J2 * 20-03-2025 10:34:57.717
Command Sent Rack-1 Placed in J4 - #85,3,1,21194,800 ,0,0*365f  * 20-03-2025 10:34:58.231
CRC-Response  - 85,3,I001,1*ef6c * 20-03-2025 10:34:58.459
CRC-Response  - 85,3,F000,1*d03d * 20-03-2025 10:35:04.445
RA Placed Rack in J4 * 20-03-2025 10:35:04.452
Command Sent HEATER ON - #86,12,1*b444  * 20-03-2025 10:35:04.573
CRC-Response  - 86,12,F000*ba38 * 20-03-2025 10:35:04.788
Command Sent READ TEMPERATURE - #87,11*3c9e  * 20-03-2025 10:35:36.379
CRC-Response  - 87,11,F000,545*4210 * 20-03-2025 10:35:36.601
Command Sent READ TEMPERATURE - #88,11*289d  * 20-03-2025 10:35:46.651
CRC-Response  - 88,11,F000,447*4cd4 * 20-03-2025 10:35:46.867
Command Sent HEATER OFF - #89,12,0*8b85  * 20-03-2025 10:35:48.774
CRC-Response  - 89,12,F000*4a79 * 20-03-2025 10:35:48.984
Command Sent HEATER DOOR OPEN - #90,8,1,1*5491  * 20-03-2025 10:36:08.771
CRC-Response  - 90,8,I001*8e8c * 20-03-2025 10:36:08.981
CRC-Response  - 90,8,F000*5a4e * 20-03-2025 10:36:09.324
Command Sent Rack-2 Picked from H1 - #91,2,1,2688,1000,0,1*b686  * 20-03-2025 10:36:09.559
CRC-Response  - 91,2,I001,1*0ae8 * 20-03-2025 10:36:09.776
CRC-Response  - 91,2,F000,1*35b9 * 20-03-2025 10:36:17.57
RA Picked Rack From H1 * 20-03-2025 10:36:17.61
Command Sent HEATER DOOR CLOSE - #92,8,1,0*5473  * 20-03-2025 10:36:17.383
CRC-Response  - 92,8,I001*570d * 20-03-2025 10:36:17.601
CRC-Response  - 92,8,F000*83cf * 20-03-2025 10:36:17.927
Command Sent Rack-2 Placed in J1 - #93,3,1,10304,800,0,0*0e25  * 20-03-2025 10:36:18.157
CRC-Response  - 93,3,I001,1*0c88 * 20-03-2025 10:36:18.364
CRC-Response  - 93,3,F000,1*33d9 * 20-03-2025 10:36:24.419
RA Placed Rack in J1 * 20-03-2025 10:36:24.423
Command Sent HEATER ON - #94,12,1*9655  * 20-03-2025 10:36:24.973
CRC-Response  - 94,12,F000*1f70 * 20-03-2025 10:36:25.181
Command Sent HEATER OFF - #95,12,0*8795  * 20-03-2025 10:36:38.105
CRC-Response  - 95,12,F000*8f7d * 20-03-2025 10:36:38.323
Command Sent HEATER DOOR OPEN - #96,8,1,1*54f7  * 20-03-2025 10:36:38.865
CRC-Response  - 96,8,I001*a40c * 20-03-2025 10:36:39.85
CRC-Response  - 96,8,F000*70ce * 20-03-2025 10:36:39.409
Rack - R3Protocol Started * 20-03-2025 10:36:39.584
Command Sent Rack-3 Picked from L3 - #97,2,1,10304,16380,0,0*9625  * 20-03-2025 10:36:39.682
CRC-Response  - 97,2,I001,1*1508 * 20-03-2025 10:36:39.893
CRC-Response  - 97,2,F000,1*2a59 * 20-03-2025 10:36:46.287
RA Picked Rack From L3 * 20-03-2025 10:36:46.291
Command Sent Rack-3 Placed in H1 - #98,3,1,2688,1000,0,1*bb08  * 20-03-2025 10:36:46.505
CRC-Response  - 98,3,I001,1*e9f9 * 20-03-2025 10:36:46.724
CRC-Response  - 98,3,F000,1*d6a8 * 20-03-2025 10:36:53.98
RA Placed Rack in H1 * 20-03-2025 10:36:53.103
Command Sent HEATER ON - #99,12,1*8b54  * 20-03-2025 10:36:53.332
CRC-Response  - 99,12,F000*8f28 * 20-03-2025 10:36:53.550
Command Sent HEATER DOOR CLOSE - #100,8,1,0*9483  * 20-03-2025 10:36:54.142
CRC-Response  - 100,8,I001*13cd * 20-03-2025 10:36:54.360
11 Secconds Timer incrementes in Jar J1 for R2 as other racks picking by RA in tmr_r2_incub() * 20-03-2025 10:38:24.903
11 Secconds Timer incrementes in Jar J1 for R2 as other racks picking by RA in tmr_r2_incub() * 20-03-2025 10:38:35.912
11 Secconds Timer incrementes in Jar J1 for R2 as other racks picking by RA in tmr_r2_incub() * 20-03-2025 10:38:46.907
11 Secconds Timer incrementes in Jar J1 for R2 as other racks picking by RA in tmr_r2_incub() * 20-03-2025 10:38:57.904
11 Secconds Timer incrementes in Jar J1 for R2 as other racks picking by RA in tmr_r2_incub() * 20-03-2025 10:39:08.910
Command Sent SET TEMPERATURE - #0,10,32*870a  * 20-03-2025 15:08:40.39
CRC-Response  - 0,10,F000*1ae9 * 20-03-2025 15:08:40.437
Command Sent HEATER ON - #1,12,1*dbe7  * 20-03-2025 15:08:41.613
CRC-Response  - 1,12,F000*68e5 * 20-03-2025 15:08:41.824
Command Sent HEATER DOOR CLOSE - #2,8,1,0*21eb  * 20-03-2025 15:08:42.498
CRC-Response  - 2,8,I001*fd79 * 20-03-2025 15:08:42.709
CRC-Response  - 2,8,F000*29bb * 20-03-2025 15:08:43.46
Command Sent READ TEMPERATURE - #3,11*ed1a  * 20-03-2025 15:08:43.378
CRC-Response  - 3,11,F000,-273*7032 * 20-03-2025 15:08:43.585
Command Sent READ TEMPERATURE - #4,11*991b  * 20-03-2025 15:08:53.765
CRC-Response  - 4,11,F000,545*9384 * 20-03-2025 15:08:53.980
Command Sent WATER VALVE - 1 CONTROL OFF - #5,13,1,0*4c2b  * 20-03-2025 15:09:04.149
CRC-Response  - 5,13,F000*79d6 * 20-03-2025 15:09:04.360
Command Sent WATER VALVE - 2 CONTROL OFF - #6,13,2,0*599b  * 20-03-2025 15:09:05.26
CRC-Response  - 6,13,F000*89c2 * 20-03-2025 15:09:05.242
Command Sent WATER VALVE - 3 CONTROL OFF - #7,13,3,0*550b  * 20-03-2025 15:09:05.894
CRC-Response  - 7,13,F000*19cf * 20-03-2025 15:09:06.113
Command Sent WATER VALVE - 4 CONTROL OFF - #8,13,4,0*d4fa  * 20-03-2025 15:09:06.764
CRC-Response  - 8,13,F000*e98e * 20-03-2025 15:09:06.981
Command Sent WATER VALVE - 5 CONTROL OFF - #9,13,5,0*d86a  * 20-03-2025 15:09:07.643
CRC-Response  - 9,13,F000*7983 * 20-03-2025 15:09:07.861
Command Sent WATER VALVE - 6 CONTROL OFF - #10,13,6,0*d849  * 20-03-2025 15:09:08.523
CRC-Response  - 10,13,F000*e4c2 * 20-03-2025 15:09:08.735
Command Sent HEATER OFF - #11,12,0*c31d  * 20-03-2025 15:09:09.396
CRC-Response  - 11,12,F000*a5ce * 20-03-2025 15:09:09.614
Command Sent Home Command - #12,5,01111111*e660  * 20-03-2025 15:09:10.266
CRC-Response  - 12,5,I001,01111111*a94e * 20-03-2025 15:09:10.480
CRC-Response  - 12,5,F000*5ea9 * 20-03-2025 15:09:23.717
Command Sent Home Command - #13,5,01111111*259d  * 20-03-2025 15:09:26.238
CRC-Response  - 13,5,I001,01111111*391f * 20-03-2025 15:09:26.480
CRC-Response  - 13,5,F000*9268 * 20-03-2025 15:09:39.687
Command Sent Level Sensing For L1 - #14,4,17564,16380,0,0*e000  * 20-03-2025 15:09:41.253
CRC-Response  - 14,4,I001*71ea * 20-03-2025 15:09:41.463
CRC-Response  - 14,4,F000,832*fb05 * 20-03-2025 15:09:49.773
L1 Value - 200 * 20-03-2025 15:09:49.799
Command Sent Level Sensing For L2 - #15,4,13934,16380,0,0*1825  * 20-03-2025 15:09:50.147
CRC-Response  - 15,4,I001*bd2b * 20-03-2025 15:09:50.359
CRC-Response  - 15,4,F000,782*0bcf * 20-03-2025 15:09:52.653
L2 Value - 200 * 20-03-2025 15:09:52.670
Command Sent Level Sensing For L3 - #16,4,10304,16380,0,0*517e  * 20-03-2025 15:09:53.30
CRC-Response  - 16,4,I001*a86b * 20-03-2025 15:09:53.242
CRC-Response  - 16,4,F000,776*3ccf * 20-03-2025 15:09:55.535
L3 Value - 200 * 20-03-2025 15:09:55.555
Command Sent Home Command - #17,5,01111111*ea6c  * 20-03-2025 15:09:55.920
CRC-Response  - 17,5,I001,01111111*f85d * 20-03-2025 15:09:56.136
CRC-Response  - 17,5,F000*6169 * 20-03-2025 15:10:09.377
Command Sent READ TEMPERATURE - #18,5,01111111*fe78  * 20-03-2025 15:10:10.918
CRC-Response  - 18,5,I001,01111111*0b68 * 20-03-2025 15:10:11.132
CRC-Response  - 18,5,F000*2129 * 20-03-2025 15:10:24.374
Rack - 1Protocol Started * 20-03-2025 15:10:25.431
Command Sent Rack-1 Picked from L1 - #19,2,1,17564,16380,0,0*1744  * 20-03-2025 15:10:25.645
CRC-Response  - 19,2,I001,1*8043 * 20-03-2025 15:10:25.861
CRC-Response  - 19,2,F000,1*bf12 * 20-03-2025 15:10:36.342
RA Picked Rack From L1 * 20-03-2025 15:10:36.347
Command Sent Rack-1 Placed in H1 - #20,3,1,2688,1000,0,1*a04f  * 20-03-2025 15:10:36.541
CRC-Response  - 20,3,I001,1*275d * 20-03-2025 15:10:36.759
CRC-Response  - 20,3,F000,1*180c * 20-03-2025 15:10:43.625
RA Placed Rack in H1 * 20-03-2025 15:10:43.629
Command Sent HEATER ON - #21,12,1*03ef  * 20-03-2025 15:10:43.982
CRC-Response  - 21,12,F000*aa3e * 20-03-2025 15:10:44.196
Command Sent HEATER DOOR CLOSE - #22,8,1,0*e732  * 20-03-2025 15:10:48.389
CRC-Response  - 22,8,I001*677e * 20-03-2025 15:10:48.597
CRC-Response  - 22,8,F000*b3bc * 20-03-2025 15:10:48.937
Command Sent READ TEMPERATURE - #23,11*0d07  * 20-03-2025 15:10:49.263
CRC-Response  - 23,11,F000,545*cc14 * 20-03-2025 15:10:49.479
Command Sent READ TEMPERATURE - #24,11*7906  * 20-03-2025 15:10:59.649
CRC-Response  - 24,11,F000,545*8b1f * 20-03-2025 15:10:59.863
Command Sent READ TEMPERATURE - #25,11*8507  * 20-03-2025 15:11:10.41
CRC-Response  - 25,11,F000,545*0a1d * 20-03-2025 15:11:10.260
Command Sent READ TEMPERATURE - #26,11*c107  * 20-03-2025 15:11:15.655
CRC-Response  - 26,11,F000,545*c918 * 20-03-2025 15:11:15.871
Command Sent READ TEMPERATURE - #27,11*3d06  * 20-03-2025 15:11:20.444
CRC-Response  - 27,11,F000,545*481a * 20-03-2025 15:11:20.661
Command Sent READ TEMPERATURE - #28,11*2905  * 20-03-2025 15:11:30.838
CRC-Response  - 28,11,F000,545*470e * 20-03-2025 15:11:31.56
Command Sent READ TEMPERATURE - #29,11*d504  * 20-03-2025 15:11:41.228
CRC-Response  - 29,11,F000,-273*d161 * 20-03-2025 15:11:41.439
Command Sent READ TEMPERATURE - #30,11*893a  * 20-03-2025 15:11:51.618
CRC-Response  - 30,11,F000,545*ce11 * 20-03-2025 15:11:51.828
Command Sent READ TEMPERATURE - #31,11*753b  * 20-03-2025 15:12:01.980
CRC-Response  - 31,11,F000,447*4ec3 * 20-03-2025 15:12:02.198
Command Sent READ TEMPERATURE - #32,11*313b  * 20-03-2025 15:12:12.360
CRC-Response  - 32,11,F000,545*8c16 * 20-03-2025 15:12:12.571
Command Sent READ TEMPERATURE - #33,11*cd3a  * 20-03-2025 15:12:22.751
CRC-Response  - 33,11,F000,545*0d14 * 20-03-2025 15:12:22.967
Command Sent READ TEMPERATURE - #34,11*b93b  * 20-03-2025 15:12:33.131
CRC-Response  - 34,11,F000,545*4a1f * 20-03-2025 15:12:33.344
Command Sent READ TEMPERATURE - #35,11*453a  * 20-03-2025 15:12:43.517
CRC-Response  - 35,11,F000,545*cb1d * 20-03-2025 15:12:43.730
Command Sent READ TEMPERATURE - #36,11*013a  * 20-03-2025 15:12:53.905
CRC-Response  - 36,11,F000,545*0818 * 20-03-2025 15:12:54.116
Command Sent READ TEMPERATURE - #37,11*fd3b  * 20-03-2025 15:13:04.277
CRC-Response  - 37,11,F000,545*891a * 20-03-2025 15:13:04.520
Command Sent READ TEMPERATURE - #38,11*e938  * 20-03-2025 15:13:14.672
CRC-Response  - 38,11,F000,447*87de * 20-03-2025 15:13:14.888
Command Sent READ TEMPERATURE - #39,11*1539  * 20-03-2025 15:13:25.64
CRC-Response  - 39,11,F000,545*070c * 20-03-2025 15:13:25.276
Command Sent READ TEMPERATURE - #40,11*498f  * 20-03-2025 15:13:35.439
CRC-Response  - 40,11,F000,545*0917 * 20-03-2025 15:13:35.648
Command Sent READ TEMPERATURE - #41,11*b58e  * 20-03-2025 15:13:45.815
CRC-Response  - 41,11,F000,-273*1bee * 20-03-2025 15:13:46.59
Command Sent READ TEMPERATURE - #42,11*f18e  * 20-03-2025 15:13:56.240
CRC-Response  - 42,11,F000,545*4b10 * 20-03-2025 15:13:56.446
Command Sent READ TEMPERATURE - #43,11*0d8f  * 20-03-2025 15:14:06.615
CRC-Response  - 43,11,F000,545*ca12 * 20-03-2025 15:14:06.830
Command Sent READ TEMPERATURE - #44,11*798e  * 20-03-2025 15:14:17.0
CRC-Response  - 44,11,F000,545*8d19 * 20-03-2025 15:14:17.210
Command Sent READ TEMPERATURE - #45,11*858f  * 20-03-2025 15:14:27.378
CRC-Response  - 45,11,F000,545*0c1b * 20-03-2025 15:14:27.584
Command Sent READ TEMPERATURE - #46,11*c18f  * 20-03-2025 15:14:37.740
CRC-Response  - 46,11,F000,447*cece * 20-03-2025 15:14:37.953
Command Sent READ TEMPERATURE - #47,11*3d8e  * 20-03-2025 15:14:48.133
CRC-Response  - 47,11,F000,447*4fcc * 20-03-2025 15:14:48.562
Command Sent READ TEMPERATURE - #48,11*298d  * 20-03-2025 15:14:58.727
CRC-Response  - 48,11,F000,545*4108 * 20-03-2025 15:14:58.941
Command Sent READ TEMPERATURE - #49,11*d58c  * 20-03-2025 15:15:09.98
CRC-Response  - 49,11,F000,545*c00a * 20-03-2025 15:15:09.310
Command Sent READ TEMPERATURE - #50,11*89b2  * 20-03-2025 15:15:19.490
CRC-Response  - 50,11,F000,545*c817 * 20-03-2025 15:15:19.703
Command Sent HEATER OFF - #51,12,0*0358  * 20-03-2025 15:15:24.676
CRC-Response  - 51,12,F000*708f * 20-03-2025 15:15:24.890
Command Sent HEATER DOOR OPEN - #52,8,1,1*c1b2  * 20-03-2025 15:15:44.736
CRC-Response  - 52,8,I001*5758 * 20-03-2025 15:15:45.62
CRC-Response  - 52,8,F000*839a * 20-03-2025 15:15:45.293
Command Sent Rack-1 Picked from H1 - #53,2,1,2688,1000,0,1*c3ef  * 20-03-2025 15:15:45.738
CRC-Response  - 53,2,I001,1*9076 * 20-03-2025 15:15:45.953
CRC-Response  - 53,2,F000,1*af27 * 20-03-2025 15:15:51.32
RA Picked Rack From H1 * 20-03-2025 15:15:51.37
Command Sent HEATER DOOR CLOSE - #54,8,1,0*0115  * 20-03-2025 15:15:51.684
CRC-Response  - 54,8,I001*7dd8 * 20-03-2025 15:15:51.889
CRC-Response  - 54,8,F000*a91a * 20-03-2025 15:15:52.243
Command Sent Rack-1 Placed in J1 - #55,3,1,10304,800,0,0*4bbd  * 20-03-2025 15:15:52.583
CRC-Response  - 55,3,I001,1*4357 * 20-03-2025 15:15:52.798
CRC-Response  - 55,3,F000,1*7c06 * 20-03-2025 15:15:58.836
RA Placed Rack in J1 * 20-03-2025 15:15:58.839
Command Sent HEATER ON - #56,12,1*7498  * 20-03-2025 15:15:59.507
CRC-Response  - 56,12,F000*40a9 * 20-03-2025 15:15:59.719
Command Sent HEATER OFF - #57,12,0*6558  * 20-03-2025 15:16:17.581
CRC-Response  - 57,12,F000*d0a4 * 20-03-2025 15:16:17.824
Command Sent HEATER DOOR OPEN - #58,8,1,1*c118  * 20-03-2025 15:16:18.504
CRC-Response  - 58,8,I001*28d8 * 20-03-2025 15:16:18.719
CRC-Response  - 58,8,F000*fc1a * 20-03-2025 15:16:19.48
Rack - 2Protocol Started * 20-03-2025 15:16:19.221
Command Sent Rack-2 Picked from L2 - #59,2,1,13934,16380,0,0*e019  * 20-03-2025 15:16:19.413
CRC-Response  - 59,2,I001,1*b056 * 20-03-2025 15:16:19.622
CRC-Response  - 59,2,F000,1*8f07 * 20-03-2025 15:16:26.41
RA Picked Rack From L2 * 20-03-2025 15:16:26.45
Command Sent Rack-2 Placed in H1 - #60,3,1,2688,1000,0,1*24be  * 20-03-2025 15:16:26.383
CRC-Response  - 60,3,I001,1*1748 * 20-03-2025 15:16:26.592
CRC-Response  - 60,3,F000,1*2819 * 20-03-2025 15:16:33.54
RA Placed Rack in H1 * 20-03-2025 15:16:33.57
Command Sent HEATER ON - #61,12,1*c3aa  * 20-03-2025 15:16:33.353
CRC-Response  - 61,12,F000*7f7f * 20-03-2025 15:16:33.563
Command Sent HEATER DOOR CLOSE - #62,8,1,0*1433  * 20-03-2025 15:16:34.246
CRC-Response  - 62,8,I001*a74c * 20-03-2025 15:16:34.458
CRC-Response  - 62,8,F000*738e * 20-03-2025 15:16:34.801
Command Sent READ TEMPERATURE - #63,11*cdf6  * 20-03-2025 15:16:35.110
CRC-Response  - 63,11,F000,545*0811 * 20-03-2025 15:16:35.322
Command Sent READ TEMPERATURE - #64,11*b9f7  * 20-03-2025 15:16:45.478
CRC-Response  - 64,11,F000,545*4f1a * 20-03-2025 15:16:45.686
Command Sent READ TEMPERATURE - #65,11*45f6  * 20-03-2025 15:16:55.857
CRC-Response  - 65,11,F000,447*cfc8 * 20-03-2025 15:16:56.70
Command Sent READ TEMPERATURE - #66,11*01f6  * 20-03-2025 15:17:04.557
CRC-Response  - 66,11,F000,545*0d1d * 20-03-2025 15:17:04.764
Command Sent READ TEMPERATURE - #67,11*fdf7  * 20-03-2025 15:17:06.235
CRC-Response  - 67,11,F000,545*8c1f * 20-03-2025 15:17:06.444
Command Sent READ TEMPERATURE - #68,11*e9f4  * 20-03-2025 15:17:16.623
CRC-Response  - 68,11,F000,545*830b * 20-03-2025 15:17:16.830
Command Sent READ TEMPERATURE - #69,11*15f5  * 20-03-2025 15:17:26.994
CRC-Response  - 69,11,F000,545*0209 * 20-03-2025 15:17:27.205
Command Sent READ TEMPERATURE - #70,11*49cb  * 20-03-2025 15:17:37.375
CRC-Response  - 70,11,F000,545*0a14 * 20-03-2025 15:17:37.580
Command Sent HEATER OFF - #71,12,0*c37b  * 20-03-2025 15:17:39.778
CRC-Response  - 71,12,F000*ba2e * 20-03-2025 15:17:39.991
Command Sent Rack-1 Picked from J1 - #72,2,1,10304,800,0,0*4d20  * 20-03-2025 15:17:59.839
CRC-Response  - 72,2,I001,1*ed2c * 20-03-2025 15:18:00.100
CRC-Response  - 72,2,F000,1*d27d * 20-03-2025 15:18:06.113
RA Picked Rack From J1 * 20-03-2025 15:18:06.119
Command Sent Rack-1 Placed in J2 - #73,3,1,13934,800 ,0,0*e9ec  * 20-03-2025 15:18:06.802
CRC-Response  - 73,3,I001,1*e4bc * 20-03-2025 15:18:07.15
CRC-Response  - 73,3,F000,1*dbed * 20-03-2025 15:18:12.619
RA Placed Rack in J2 * 20-03-2025 15:18:12.624
Command Sent HEATER ON - #74,12,1*56ba  * 20-03-2025 15:18:13.226
CRC-Response  - 74,12,F000*ea11 * 20-03-2025 15:18:13.438
Command Sent READ TEMPERATURE - #75,11*85cb  * 20-03-2025 15:18:44.202
CRC-Response  - 75,11,F000,545*0f18 * 20-03-2025 15:18:44.458
Command Sent READ TEMPERATURE - #76,11*c1cb  * 20-03-2025 15:18:54.630
CRC-Response  - 76,11,F000,545*cc1d * 20-03-2025 15:18:54.846
Command Sent READ TEMPERATURE - #77,11*3dca  * 20-03-2025 15:19:05.16
CRC-Response  - 77,11,F000,545*4d1f * 20-03-2025 15:19:05.232
Command Sent READ TEMPERATURE - #78,11*29c9  * 20-03-2025 15:19:15.396
CRC-Response  - 78,11,F000,545*420b * 20-03-2025 15:19:15.610
Command Sent READ TEMPERATURE - #79,11*d5c8  * 20-03-2025 15:19:25.777
CRC-Response  - 79,11,F000,545*c309 * 20-03-2025 15:19:25.991
Command Sent READ TEMPERATURE - #80,11*489f  * 20-03-2025 15:19:36.143
CRC-Response  - 80,11,F000,-273*dfe2 * 20-03-2025 15:19:36.356
Command Sent READ TEMPERATURE - #81,11*b49e  * 20-03-2025 15:19:46.523
CRC-Response  - 81,11,F000,545*8419 * 20-03-2025 15:19:46.735
Command Sent HEATER OFF - #82,12,0*f084  * 20-03-2025 15:19:53.427
CRC-Response  - 82,12,F000*7a0a * 20-03-2025 15:19:53.640
Command Sent Rack-1 Picked from J2 - #83,2,1,13934,800 ,0,0*ea42  * 20-03-2025 15:20:13.578
CRC-Response  - 83,2,I001,1*3c4d * 20-03-2025 15:20:13.797
CRC-Response  - 83,2,F000,1*031c * 20-03-2025 15:20:18.880
RA Picked Rack From J2 * 20-03-2025 15:20:18.886
Command Sent Rack-1 Placed in J4 - #84,3,1,21194,800 ,0,0*e762  * 20-03-2025 15:20:19.502
CRC-Response  - 84,3,I001,1*2a3d * 20-03-2025 15:20:19.718
CRC-Response  - 84,3,F000,1*156c * 20-03-2025 15:20:25.728
RA Placed Rack in J4 * 20-03-2025 15:20:25.731
Command Sent HEATER ON - #85,12,1*8744  * 20-03-2025 15:20:25.976
CRC-Response  - 85,12,F000*4a2c * 20-03-2025 15:20:26.190
Command Sent READ TEMPERATURE - #86,11*c09f  * 20-03-2025 15:20:56.965
CRC-Response  - 86,11,F000,545*c312 * 20-03-2025 15:20:57.174
Command Sent READ TEMPERATURE - #87,11*3c9e  * 20-03-2025 15:21:07.338
CRC-Response  - 87,11,F000,545*4210 * 20-03-2025 15:21:07.549
Command Sent HEATER OFF - #88,12,0*5a84  * 20-03-2025 15:21:13.966
CRC-Response  - 88,12,F000*da74 * 20-03-2025 15:21:14.177
11 Secconds Timer incrementes in Jar J4 for R1 as other racks picking by RA in tmr_r1_incub() * 20-03-2025 15:22:26.35
11 Secconds Timer incrementes in Jar J4 for R1 as other racks picking by RA in tmr_r1_incub() * 20-03-2025 15:22:37.83
11 Secconds Timer incrementes in Jar J4 for R1 as other racks picking by RA in tmr_r1_incub() * 20-03-2025 15:22:48.158
11 Secconds Timer incrementes in Jar J4 for R1 as other racks picking by RA in tmr_r1_incub() * 20-03-2025 15:22:59.165
11 Secconds Timer incrementes in Jar J4 for R1 as other racks picking by RA in tmr_r1_incub() * 20-03-2025 15:23:10.174
11 Secconds Timer incrementes in Jar J4 for R1 as other racks picking by RA in tmr_r1_incub() * 20-03-2025 15:23:21.237
11 Secconds Timer incrementes in Jar J4 for R1 as other racks picking by RA in tmr_r1_incub() * 20-03-2025 15:23:32.241
11 Secconds Timer incrementes in Jar J4 for R1 as other racks picking by RA in tmr_r1_incub() * 20-03-2025 15:23:43.287
11 Secconds Timer incrementes in Jar J4 for R1 as other racks picking by RA in tmr_r1_incub() * 20-03-2025 15:23:54.285
11 Secconds Timer incrementes in Jar J4 for R1 as other racks picking by RA in tmr_r1_incub() * 20-03-2025 15:24:05.317
11 Secconds Timer incrementes in Jar J4 for R1 as other racks picking by RA in tmr_r1_incub() * 20-03-2025 15:24:16.369
11 Secconds Timer incrementes in Jar J4 for R1 as other racks picking by RA in tmr_r1_incub() * 20-03-2025 15:24:27.432
11 Secconds Timer incrementes in Jar J4 for R1 as other racks picking by RA in tmr_r1_incub() * 20-03-2025 15:24:38.444
11 Secconds Timer incrementes in Jar J4 for R1 as other racks picking by RA in tmr_r1_incub() * 20-03-2025 15:24:49.451
11 Secconds Timer incrementes in Jar J4 for R1 as other racks picking by RA in tmr_r1_incub() * 20-03-2025 15:25:00.472
11 Secconds Timer incrementes in Jar J4 for R1 as other racks picking by RA in tmr_r1_incub() * 20-03-2025 15:25:11.501
11 Secconds Timer incrementes in Jar J4 for R1 as other racks picking by RA in tmr_r1_incub() * 20-03-2025 15:25:22.546
11 Secconds Timer incrementes in Jar J4 for R1 as other racks picking by RA in tmr_r1_incub() * 20-03-2025 15:25:33.565
11 Secconds Timer incrementes in Jar J4 for R1 as other racks picking by RA in tmr_r1_incub() * 20-03-2025 15:25:44.596
11 Secconds Timer incrementes in Jar J4 for R1 as other racks picking by RA in tmr_r1_incub() * 20-03-2025 15:25:55.614
11 Secconds Timer incrementes in Jar J4 for R1 as other racks picking by RA in tmr_r1_incub() * 20-03-2025 15:26:06.644
11 Secconds Timer incrementes in Jar J4 for R1 as other racks picking by RA in tmr_r1_incub() * 20-03-2025 15:26:17.662
11 Secconds Timer incrementes in Jar J4 for R1 as other racks picking by RA in tmr_r1_incub() * 20-03-2025 15:26:28.706
11 Secconds Timer incrementes in Jar J4 for R1 as other racks picking by RA in tmr_r1_incub() * 20-03-2025 15:26:39.771
User Aborted / Stopped the application forcefully  * 20-03-2025 15:26:43.894
Command Sent SET TEMPERATURE - #0,10,32*870a  * 20-03-2025 15:50:57.693
CRC-Response  - 0,10,F000*1ae9 * 20-03-2025 15:50:57.953
Command Sent HEATER ON - #1,12,1*dbe7  * 20-03-2025 15:50:59.138
CRC-Response  - 1,12,F000*68e5 * 20-03-2025 15:50:59.347
Command Sent HEATER DOOR CLOSE - #2,8,1,0*21eb  * 20-03-2025 15:51:00.13
CRC-Response  - 2,8,I001*fd79 * 20-03-2025 15:51:00.257
CRC-Response  - 2,8,F000*29bb * 20-03-2025 15:51:00.566
Command Sent READ TEMPERATURE - #3,11*ed1a  * 20-03-2025 15:51:00.911
CRC-Response  - 3,11,F000,447*d55f * 20-03-2025 15:51:01.127
Command Sent WATER VALVE - 1 CONTROL OFF - #4,13,1,0*80ea  * 20-03-2025 15:51:11.290
CRC-Response  - 4,13,F000*e9db * 20-03-2025 15:51:11.507
Command Sent WATER VALVE - 2 CONTROL OFF - #5,13,2,0*4cdb  * 20-03-2025 15:51:12.165
CRC-Response  - 5,13,F000*79d6 * 20-03-2025 15:51:12.376
Command Sent WATER VALVE - 3 CONTROL OFF - #6,13,3,0*99ca  * 20-03-2025 15:51:13.34
CRC-Response  - 6,13,F000*89c2 * 20-03-2025 15:51:13.241
Command Sent WATER VALVE - 4 CONTROL OFF - #7,13,4,0*94ba  * 20-03-2025 15:51:13.910
CRC-Response  - 7,13,F000*19cf * 20-03-2025 15:51:14.121
Command Sent WATER VALVE - 5 CONTROL OFF - #8,13,5,0*14ab  * 20-03-2025 15:51:14.820
CRC-Response  - 8,13,F000*e98e * 20-03-2025 15:51:15.34
Command Sent WATER VALVE - 6 CONTROL OFF - #9,13,6,0*d89a  * 20-03-2025 15:51:15.690
CRC-Response  - 9,13,F000*7983 * 20-03-2025 15:51:15.906
Command Sent HEATER OFF - #10,12,0*121c  * 20-03-2025 15:51:16.562
CRC-Response  - 10,12,F000*35c3 * 20-03-2025 15:51:16.776
Command Sent Home Command - #11,5,01111111*e264  * 20-03-2025 15:51:17.445
CRC-Response  - 11,5,I001,01111111*59be * 20-03-2025 15:51:17.658
CRC-Response  - 11,5,F000*4be9 * 20-03-2025 15:51:30.900
Command Sent Home Command - #12,5,01111111*e660  * 20-03-2025 15:51:33.425
CRC-Response  - 12,5,I001,01111111*a94e * 20-03-2025 15:51:33.637
CRC-Response  - 12,5,F000*5ea9 * 20-03-2025 15:51:46.882
Command Sent Level Sensing For L1 - #13,4,17564,16380,0,0*94b5  * 20-03-2025 15:51:48.424
CRC-Response  - 13,4,I001*97ab * 20-03-2025 15:51:48.639
CRC-Response  - 13,4,F000,746*c0c3 * 20-03-2025 15:51:52.724
L1 Value - 200 * 20-03-2025 15:51:52.749
Command Sent Level Sensing For L2 - #14,4,13934,16380,0,0*e418  * 20-03-2025 15:51:53.328
CRC-Response  - 14,4,I001*71ea * 20-03-2025 15:51:53.541
CRC-Response  - 14,4,F000,713*58f5 * 20-03-2025 15:51:55.827
L2 Value - 200 * 20-03-2025 15:51:55.848
Command Sent Level Sensing For L3 - #15,4,10304,16380,0,0*153a  * 20-03-2025 15:51:56.228
CRC-Response  - 15,4,I001*bd2b * 20-03-2025 15:51:56.441
CRC-Response  - 15,4,F000,704*c948 * 20-03-2025 15:51:58.741
L3 Value - 200 * 20-03-2025 15:51:58.760
Command Sent Home Command - #16,5,01111111*2991  * 20-03-2025 15:51:59.99
CRC-Response  - 16,5,I001,01111111*680c * 20-03-2025 15:51:59.314
CRC-Response  - 16,5,F000*ada8 * 20-03-2025 15:52:12.556
Command Sent Home Command - #17,5,01111111*ea6c  * 20-03-2025 15:52:14.9
CRC-Response  - 17,5,I001,01111111*f85d * 20-03-2025 15:52:14.226
CRC-Response  - 17,5,F000*6169 * 20-03-2025 15:52:27.470
Rack - 1Protocol Started * 20-03-2025 15:52:28.495
Command Sent Rack-1 Picked from L1 - #18,2,1,17564,16380,0,0*c654  * 20-03-2025 15:52:28.712
CRC-Response  - 18,2,I001,1*4512 * 20-03-2025 15:52:28.955
CRC-Response  - 18,2,F000,1*7a43 * 20-03-2025 15:52:34.931
RA Picked Rack From L1 * 20-03-2025 15:52:34.935
Command Sent Rack-1 Placed in H1 - #19,3,1,2688,1000,0,1*0ed4  * 20-03-2025 15:52:35.199
CRC-Response  - 19,3,I001,1*4c82 * 20-03-2025 15:52:35.411
CRC-Response  - 19,3,F000,1*73d3 * 20-03-2025 15:52:42.276
RA Placed Rack in H1 * 20-03-2025 15:52:42.279
Command Sent HEATER ON - #20,12,1*d2ee  * 20-03-2025 15:52:42.605
CRC-Response  - 20,12,F000*3a33 * 20-03-2025 15:52:42.818
Command Sent HEATER DOOR CLOSE - #21,8,1,0*e701  * 20-03-2025 15:52:43.517
CRC-Response  - 21,8,I001*723e * 20-03-2025 15:52:43.724
CRC-Response  - 21,8,F000*a6fc * 20-03-2025 15:52:44.64
Command Sent READ TEMPERATURE - #22,11*f106  * 20-03-2025 15:52:44.377
CRC-Response  - 22,11,F000,447*4cc6 * 20-03-2025 15:52:44.592
Command Sent READ TEMPERATURE - #23,11*0d07  * 20-03-2025 15:52:54.759
CRC-Response  - 23,11,F000,545*cc14 * 20-03-2025 15:52:54.968
Command Sent READ TEMPERATURE - #24,11*7906  * 20-03-2025 15:53:05.139
CRC-Response  - 24,11,F000,-273*1c6d * 20-03-2025 15:53:05.443
Command Sent READ TEMPERATURE - #25,11*8507  * 20-03-2025 15:53:13.836
CRC-Response  - 25,11,F000,447*0bcd * 20-03-2025 15:53:14.47
Command Sent READ TEMPERATURE - #26,11*c107  * 20-03-2025 15:53:15.611
CRC-Response  - 26,11,F000,447*c8c8 * 20-03-2025 15:53:15.821
Command Sent READ TEMPERATURE - #27,11*3d06  * 20-03-2025 15:53:25.979
CRC-Response  - 27,11,F000,-273*1f6e * 20-03-2025 15:53:26.193
Command Sent READ TEMPERATURE - #28,11*2905  * 20-03-2025 15:53:36.343
CRC-Response  - 28,11,F000,545*470e * 20-03-2025 15:53:36.586
Command Sent READ TEMPERATURE - #29,11*d504  * 20-03-2025 15:53:46.762
CRC-Response  - 29,11,F000,545*c60c * 20-03-2025 15:53:46.977
Command Sent READ TEMPERATURE - #30,11*893a  * 20-03-2025 15:53:57.157
CRC-Response  - 30,11,F000,545*ce11 * 20-03-2025 15:53:57.365
Command Sent READ TEMPERATURE - #31,11*753b  * 20-03-2025 15:54:07.527
CRC-Response  - 31,11,F000,545*4f13 * 20-03-2025 15:54:07.742
Command Sent READ TEMPERATURE - #32,11*313b  * 20-03-2025 15:54:17.906
CRC-Response  - 32,11,F000,-273*1aaa * 20-03-2025 15:54:18.124
Command Sent READ TEMPERATURE - #33,11*cd3a  * 20-03-2025 15:54:28.303
CRC-Response  - 33,11,F000,545*0d14 * 20-03-2025 15:54:28.518
Command Sent READ TEMPERATURE - #34,11*b93b  * 20-03-2025 15:54:38.703
CRC-Response  - 34,11,F000,545*4a1f * 20-03-2025 15:54:38.919
Command Sent READ TEMPERATURE - #35,11*453a  * 20-03-2025 15:54:49.114
CRC-Response  - 35,11,F000,545*cb1d * 20-03-2025 15:54:49.329
Command Sent READ TEMPERATURE - #36,11*013a  * 20-03-2025 15:54:59.502
CRC-Response  - 36,11,F000,545*0818 * 20-03-2025 15:54:59.713
Command Sent READ TEMPERATURE - #37,11*fd3b  * 20-03-2025 15:55:09.875
CRC-Response  - 37,11,F000,545*891a * 20-03-2025 15:55:10.90
Command Sent READ TEMPERATURE - #38,11*e938  * 20-03-2025 15:55:20.263
CRC-Response  - 38,11,F000,545*860e * 20-03-2025 15:55:20.474
Command Sent READ TEMPERATURE - #39,11*1539  * 20-03-2025 15:55:30.628
CRC-Response  - 39,11,F000,447*06dc * 20-03-2025 15:55:30.839
Command Sent READ TEMPERATURE - #40,11*498f  * 20-03-2025 15:55:41.13
CRC-Response  - 40,11,F000,447*08c7 * 20-03-2025 15:55:41.231
Command Sent READ TEMPERATURE - #41,11*b58e  * 20-03-2025 15:55:51.402
CRC-Response  - 41,11,F000,545*8815 * 20-03-2025 15:55:51.616
Command Sent READ TEMPERATURE - #42,11*f18e  * 20-03-2025 15:56:01.773
CRC-Response  - 42,11,F000,545*4b10 * 20-03-2025 15:56:02.30
Command Sent READ TEMPERATURE - #43,11*0d8f  * 20-03-2025 15:56:12.193
CRC-Response  - 43,11,F000,447*cbc2 * 20-03-2025 15:56:12.413
Command Sent READ TEMPERATURE - #44,11*798e  * 20-03-2025 15:56:22.567
CRC-Response  - 44,11,F000,-273*1eeb * 20-03-2025 15:56:22.777
Command Sent READ TEMPERATURE - #45,11*858f  * 20-03-2025 15:56:32.938
CRC-Response  - 45,11,F000,545*0c1b * 20-03-2025 15:56:33.150
Command Sent READ TEMPERATURE - #46,11*c18f  * 20-03-2025 15:56:43.318
CRC-Response  - 46,11,F000,545*cf1e * 20-03-2025 15:56:43.522
Command Sent READ TEMPERATURE - #47,11*3d8e  * 20-03-2025 15:56:53.670
CRC-Response  - 47,11,F000,545*4e1c * 20-03-2025 15:56:53.882
Command Sent READ TEMPERATURE - #48,11*298d  * 20-03-2025 15:57:04.32
CRC-Response  - 48,11,F000,545*4108 * 20-03-2025 15:57:04.236
Command Sent READ TEMPERATURE - #49,11*d58c  * 20-03-2025 15:57:14.392
CRC-Response  - 49,11,F000,545*c00a * 20-03-2025 15:57:14.612
Command Sent READ TEMPERATURE - #50,11*89b2  * 20-03-2025 15:57:24.778
CRC-Response  - 50,11,F000,545*c817 * 20-03-2025 15:57:25.73
Command Sent READ TEMPERATURE - #51,11*75b3  * 20-03-2025 15:57:35.228
CRC-Response  - 51,11,F000,545*4915 * 20-03-2025 15:57:35.443
Command Sent READ TEMPERATURE - #52,11*31b3  * 20-03-2025 15:57:45.597
CRC-Response  - 52,11,F000,545*8a10 * 20-03-2025 15:57:45.810
Command Sent READ TEMPERATURE - #53,11*cdb2  * 20-03-2025 15:57:55.970
CRC-Response  - 53,11,F000,545*0b12 * 20-03-2025 15:57:56.370
Command Sent READ TEMPERATURE - #54,11*b9b3  * 20-03-2025 15:58:06.530
CRC-Response  - 54,11,F000,545*4c19 * 20-03-2025 15:58:06.747
Command Sent READ TEMPERATURE - #55,11*45b2  * 20-03-2025 15:58:16.911
CRC-Response  - 55,11,F000,545*cd1b * 20-03-2025 15:58:17.126
Command Sent READ TEMPERATURE - #56,11*01b2  * 20-03-2025 15:58:27.289
CRC-Response  - 56,11,F000,545*0e1e * 20-03-2025 15:58:27.564
Command Sent READ TEMPERATURE - #57,11*fdb3  * 20-03-2025 15:58:37.730
CRC-Response  - 57,11,F000,545*8f1c * 20-03-2025 15:58:37.943
Command Sent READ TEMPERATURE - #58,11*e9b0  * 20-03-2025 15:58:48.94
CRC-Response  - 58,11,F000,545*8008 * 20-03-2025 15:58:48.310
Command Sent READ TEMPERATURE - #59,11*15b1  * 20-03-2025 15:58:58.468
CRC-Response  - 59,11,F000,545*010a * 20-03-2025 15:58:58.682
Command Sent READ TEMPERATURE - #60,11*89f6  * 20-03-2025 15:59:08.826
CRC-Response  - 60,11,F000,545*cb14 * 20-03-2025 15:59:09.39
Command Sent READ TEMPERATURE - #61,11*75f7  * 20-03-2025 15:59:19.187
CRC-Response  - 61,11,F000,545*4a16 * 20-03-2025 15:59:19.403
Command Sent READ TEMPERATURE - #62,11*31f7  * 20-03-2025 15:59:29.576
CRC-Response  - 62,11,F000,545*8913 * 20-03-2025 15:59:29.792
Command Sent READ TEMPERATURE - #63,11*cdf6  * 20-03-2025 15:59:39.967
CRC-Response  - 63,11,F000,545*0811 * 20-03-2025 15:59:40.184
Command Sent READ TEMPERATURE - #64,11*b9f7  * 20-03-2025 15:59:50.349
CRC-Response  - 64,11,F000,545*4f1a * 20-03-2025 15:59:50.566
Command Sent READ TEMPERATURE - #65,11*45f6  * 20-03-2025 16:00:00.728
CRC-Response  - 65,11,F000,545*ce18 * 20-03-2025 16:00:00.943
Command Sent READ TEMPERATURE - #66,11*01f6  * 20-03-2025 16:00:11.90
CRC-Response  - 66,11,F000,447*0ccd * 20-03-2025 16:00:11.305
Command Sent READ TEMPERATURE - #67,11*fdf7  * 20-03-2025 16:00:21.459
CRC-Response  - 67,11,F000,545*8c1f * 20-03-2025 16:00:21.674
Command Sent READ TEMPERATURE - #68,11*e9f4  * 20-03-2025 16:00:31.839
CRC-Response  - 68,11,F000,545*830b * 20-03-2025 16:00:32.58
Command Sent READ TEMPERATURE - #69,11*15f5  * 20-03-2025 16:00:42.256
CRC-Response  - 69,11,F000,545*0209 * 20-03-2025 16:00:42.472
Command Sent READ TEMPERATURE - #70,11*49cb  * 20-03-2025 16:00:52.629
CRC-Response  - 70,11,F000,545*0a14 * 20-03-2025 16:00:52.846
Command Sent READ TEMPERATURE - #71,11*b5ca  * 20-03-2025 16:01:03.0
CRC-Response  - 71,11,F000,545*8b16 * 20-03-2025 16:01:03.215
Command Sent READ TEMPERATURE - #72,11*f1ca  * 20-03-2025 16:01:13.380
CRC-Response  - 72,11,F000,447*49c3 * 20-03-2025 16:01:13.602
Command Sent READ TEMPERATURE - #73,11*0dcb  * 20-03-2025 16:01:23.755
CRC-Response  - 73,11,F000,545*c911 * 20-03-2025 16:01:23.968
Command Sent READ TEMPERATURE - #74,11*79ca  * 20-03-2025 16:01:34.124
CRC-Response  - 74,11,F000,545*8e1a * 20-03-2025 16:01:34.336
Command Sent READ TEMPERATURE - #75,11*85cb  * 20-03-2025 16:01:44.520
CRC-Response  - 75,11,F000,545*0f18 * 20-03-2025 16:01:44.738
Command Sent READ TEMPERATURE - #76,11*c1cb  * 20-03-2025 16:01:54.917
CRC-Response  - 76,11,F000,-273*ddab * 20-03-2025 16:01:55.131
Command Sent READ TEMPERATURE - #77,11*3dca  * 20-03-2025 16:02:05.296
CRC-Response  - 77,11,F000,545*4d1f * 20-03-2025 16:02:05.506
Command Sent READ TEMPERATURE - #78,11*29c9  * 20-03-2025 16:02:15.663
CRC-Response  - 78,11,F000,545*420b * 20-03-2025 16:02:15.875
Command Sent READ TEMPERATURE - #79,11*d5c8  * 20-03-2025 16:02:26.35
CRC-Response  - 79,11,F000,545*c309 * 20-03-2025 16:02:26.252
Command Sent READ TEMPERATURE - #80,11*489f  * 20-03-2025 16:02:36.418
CRC-Response  - 80,11,F000,545*051b * 20-03-2025 16:02:36.629
Command Sent READ TEMPERATURE - #81,11*b49e  * 20-03-2025 16:02:46.790
CRC-Response  - 81,11,F000,545*8419 * 20-03-2025 16:02:47.5
Command Sent READ TEMPERATURE - #82,11*f09e  * 20-03-2025 16:02:57.178
CRC-Response  - 82,11,F000,545*471c * 20-03-2025 16:02:57.387
Command Sent READ TEMPERATURE - #83,11*0c9f  * 20-03-2025 16:03:07.564
CRC-Response  - 83,11,F000,545*c61e * 20-03-2025 16:03:07.778
Command Sent READ TEMPERATURE - #84,11*789e  * 20-03-2025 16:03:17.951
CRC-Response  - 84,11,F000,447*80c5 * 20-03-2025 16:03:18.198
Command Sent READ TEMPERATURE - #85,11*849f  * 20-03-2025 16:03:28.347
CRC-Response  - 85,11,F000,545*0017 * 20-03-2025 16:03:28.553
Command Sent HEATER OFF - #86,12,0*7485  * 20-03-2025 16:03:30.789
CRC-Response  - 86,12,F000*ba38 * 20-03-2025 16:03:31.7
Command Sent HEATER DOOR OPEN - #87,8,1,1*5826  * 20-03-2025 16:03:31.692
CRC-Response  - 87,8,I001*f8c0 * 20-03-2025 16:03:31.906
CRC-Response  - 87,8,F000*2c02 * 20-03-2025 16:03:32.245
Rack - 2Protocol Started * 20-03-2025 16:03:32.423
Command Sent Rack-2 Picked from L2 - #88,2,1,13934,16380,0,0*a815  * 20-03-2025 16:03:32.602
CRC-Response  - 88,2,I001,1*d93c * 20-03-2025 16:03:32.817
CRC-Response  - 88,2,F000,1*e66d * 20-03-2025 16:03:39.269
RA Picked Rack From L2 * 20-03-2025 16:03:39.273
Command Sent Rack-2 Placed in H2 - #89,3,1,2688,8700,0,1*3cbe  * 20-03-2025 16:03:39.559
CRC-Response  - 89,3,I001,1*d0ac * 20-03-2025 16:03:39.772
CRC-Response  - 89,3,F000,1*effd * 20-03-2025 16:03:46.232
RA Placed Rack in H2 * 20-03-2025 16:03:46.236
Command Sent HEATER ON - #90,12,1*1254  * 20-03-2025 16:03:46.471
CRC-Response  - 90,12,F000*df42 * 20-03-2025 16:03:46.684
Command Sent HEATER DOOR CLOSE - #91,8,1,0*5440  * 20-03-2025 16:03:47.382
CRC-Response  - 91,8,I001*424d * 20-03-2025 16:03:47.601
CRC-Response  - 91,8,F000*968f * 20-03-2025 16:03:47.938
Command Sent READ TEMPERATURE - #92,11*30a3  * 20-03-2025 16:03:48.249
CRC-Response  - 92,11,F000,545*861c * 20-03-2025 16:03:48.463
Command Sent READ TEMPERATURE - #93,11*cca2  * 20-03-2025 16:03:58.647
CRC-Response  - 93,11,F000,545*071e * 20-03-2025 16:03:58.858
Command Sent READ TEMPERATURE - #94,11*b8a3  * 20-03-2025 16:04:09.17
CRC-Response  - 94,11,F000,545*4015 * 20-03-2025 16:04:09.229
Command Sent READ TEMPERATURE - #95,11*44a2  * 20-03-2025 16:04:17.723
CRC-Response  - 95,11,F000,545*c117 * 20-03-2025 16:04:17.931
Command Sent READ TEMPERATURE - #96,11*00a2  * 20-03-2025 16:04:19.421
CRC-Response  - 96,11,F000,545*0212 * 20-03-2025 16:04:19.644
Command Sent READ TEMPERATURE - #97,11*fca3  * 20-03-2025 16:04:29.821
CRC-Response  - 97,11,F000,545*8310 * 20-03-2025 16:04:30.33
Command Sent READ TEMPERATURE - #98,11*e8a0  * 20-03-2025 16:04:40.200
CRC-Response  - 98,11,F000,447*8dd4 * 20-03-2025 16:04:40.412
Command Sent READ TEMPERATURE - #99,11*14a1  * 20-03-2025 16:04:50.586
CRC-Response  - 99,11,F000,545*0d06 * 20-03-2025 16:04:50.796
Command Sent READ TEMPERATURE - #100,11*b35e  * 20-03-2025 16:05:00.973
CRC-Response  - 100,11,F000,545*6708 * 20-03-2025 16:05:01.190
Command Sent READ TEMPERATURE - #101,11*4f5f  * 20-03-2025 16:05:11.360
CRC-Response  - 101,11,F000,545*e60a * 20-03-2025 16:05:11.576
Command Sent READ TEMPERATURE - #102,11*0b5f  * 20-03-2025 16:05:21.750
CRC-Response  - 102,11,F000,545*250f * 20-03-2025 16:05:21.957
Command Sent READ TEMPERATURE - #103,11*f75e  * 20-03-2025 16:05:32.136
CRC-Response  - 103,11,F000,545*a40d * 20-03-2025 16:05:32.345
Command Sent READ TEMPERATURE - #104,11*835f  * 20-03-2025 16:05:42.512
CRC-Response  - 104,11,F000,447*e2d6 * 20-03-2025 16:05:42.729
Command Sent READ TEMPERATURE - #105,11*7f5e  * 20-03-2025 16:05:52.889
CRC-Response  - 105,11,F000,545*6204 * 20-03-2025 16:05:53.97
Command Sent READ TEMPERATURE - #106,11*3b5e  * 20-03-2025 16:06:03.255
CRC-Response  - 106,11,F000,545*a101 * 20-03-2025 16:06:03.465
Command Sent READ TEMPERATURE - #107,11*c75f  * 20-03-2025 16:06:13.628
CRC-Response  - 107,11,F000,545*2003 * 20-03-2025 16:06:13.840
Command Sent READ TEMPERATURE - #108,11*d35c  * 20-03-2025 16:06:24.8
CRC-Response  - 108,11,F000,545*2f17 * 20-03-2025 16:06:24.223
Command Sent READ TEMPERATURE - #109,11*2f5d  * 20-03-2025 16:06:34.386
CRC-Response  - 109,11,F000,-273*1bc8 * 20-03-2025 16:06:34.599
Command Sent READ TEMPERATURE - #110,11*7363  * 20-03-2025 16:06:44.761
CRC-Response  - 110,11,F000,545*a608 * 20-03-2025 16:06:44.978
Command Sent READ TEMPERATURE - #111,11*8f62  * 20-03-2025 16:06:55.149
CRC-Response  - 111,11,F000,545*270a * 20-03-2025 16:06:55.360
Command Sent READ TEMPERATURE - #112,11*cb62  * 20-03-2025 16:07:05.522
CRC-Response  - 112,11,F000,545*e40f * 20-03-2025 16:07:05.741
Command Sent READ TEMPERATURE - #113,11*3763  * 20-03-2025 16:07:15.902
CRC-Response  - 113,11,F000,545*650d * 20-03-2025 16:07:16.184
Command Sent READ TEMPERATURE - #114,11*4362  * 20-03-2025 16:07:26.341
CRC-Response  - 114,11,F000,447*23d6 * 20-03-2025 16:07:26.558
Command Sent READ TEMPERATURE - #115,11*bf63  * 20-03-2025 16:07:36.723
CRC-Response  - 115,11,F000,545*a304 * 20-03-2025 16:07:36.937
Command Sent READ TEMPERATURE - #116,11*fb63  * 20-03-2025 16:07:47.102
CRC-Response  - 116,11,F000,545*6001 * 20-03-2025 16:07:47.311
Command Sent READ TEMPERATURE - #117,11*0762  * 20-03-2025 16:07:57.472
CRC-Response  - 117,11,F000,545*e103 * 20-03-2025 16:07:57.692
Command Sent READ TEMPERATURE - #118,11*1361  * 20-03-2025 16:08:07.850
CRC-Response  - 118,11,F000,545*ee17 * 20-03-2025 16:08:08.67
Command Sent READ TEMPERATURE - #119,11*ef60  * 20-03-2025 16:08:18.230
CRC-Response  - 119,11,F000,545*6f15 * 20-03-2025 16:08:18.445
Command Sent READ TEMPERATURE - #120,11*7327  * 20-03-2025 16:08:28.606
CRC-Response  - 120,11,F000,545*a50b * 20-03-2025 16:08:28.824
Command Sent READ TEMPERATURE - #121,11*8f26  * 20-03-2025 16:08:38.994
CRC-Response  - 121,11,F000,447*25d9 * 20-03-2025 16:08:39.213
Command Sent READ TEMPERATURE - #122,11*cb26  * 20-03-2025 16:08:49.374
CRC-Response  - 122,11,F000,545*e70c * 20-03-2025 16:08:49.587
Command Sent READ TEMPERATURE - #123,11*3727  * 20-03-2025 16:08:59.753
CRC-Response  - 123,11,F000,545*660e * 20-03-2025 16:08:59.967
Command Sent READ TEMPERATURE - #124,11*4326  * 20-03-2025 16:09:10.131
CRC-Response  - 124,11,F000,545*2105 * 20-03-2025 16:09:10.348
Command Sent READ TEMPERATURE - #125,11*bf27  * 20-03-2025 16:09:20.498
CRC-Response  - 125,11,F000,545*a007 * 20-03-2025 16:09:20.716
Command Sent READ TEMPERATURE - #126,11*fb27  * 20-03-2025 16:09:30.876
CRC-Response  - 126,11,F000,447*62d2 * 20-03-2025 16:09:31.88
Command Sent READ TEMPERATURE - #127,11*0726  * 20-03-2025 16:09:41.252
CRC-Response  - 127,11,F000,545*e200 * 20-03-2025 16:09:41.468
Command Sent READ TEMPERATURE - #128,11*1325  * 20-03-2025 16:09:51.621
CRC-Response  - 128,11,F000,545*ed14 * 20-03-2025 16:09:51.835
Command Sent READ TEMPERATURE - #129,11*ef24  * 20-03-2025 16:10:02.12
CRC-Response  - 129,11,F000,545*6c16 * 20-03-2025 16:10:02.225
Command Sent READ TEMPERATURE - #130,11*b31a  * 20-03-2025 16:10:12.383
CRC-Response  - 130,11,F000,447*65db * 20-03-2025 16:10:12.594
Command Sent READ TEMPERATURE - #131,11*4f1b  * 20-03-2025 16:10:22.757
CRC-Response  - 131,11,F000,545*e509 * 20-03-2025 16:10:22.971
Command Sent READ TEMPERATURE - #132,11*0b1b  * 20-03-2025 16:10:33.128
CRC-Response  - 132,11,F000,545*260c * 20-03-2025 16:10:33.342
Command Sent READ TEMPERATURE - #133,11*f71a  * 20-03-2025 16:10:43.550
CRC-Response  - 133,11,F000,447*a6de * 20-03-2025 16:10:43.765
Command Sent READ TEMPERATURE - #134,11*831b  * 20-03-2025 16:10:53.940
CRC-Response  - 134,11,F000,545*e005 * 20-03-2025 16:10:54.154
Command Sent READ TEMPERATURE - #135,11*7f1a  * 20-03-2025 16:11:04.315
CRC-Response  - 135,11,F000,545*6107 * 20-03-2025 16:11:04.531
Command Sent READ TEMPERATURE - #136,11*3b1a  * 20-03-2025 16:11:14.701
CRC-Response  - 136,11,F000,545*a202 * 20-03-2025 16:11:14.911
Command Sent READ TEMPERATURE - #137,11*c71b  * 20-03-2025 16:11:25.59
CRC-Response  - 137,11,F000,447*22d0 * 20-03-2025 16:11:25.275
Command Sent READ TEMPERATURE - #138,11*d318  * 20-03-2025 16:11:35.449
CRC-Response  - 138,11,F000,545*2c14 * 20-03-2025 16:11:35.660
Command Sent READ TEMPERATURE - #139,11*2f19  * 20-03-2025 16:11:45.826
CRC-Response  - 139,11,F000,545*ad16 * 20-03-2025 16:11:46.39
Command Sent READ TEMPERATURE - #140,11*73af  * 20-03-2025 16:11:56.215
CRC-Response  - 140,11,F000,545*a30d * 20-03-2025 16:11:56.430
Command Sent READ TEMPERATURE - #141,11*8fae  * 20-03-2025 16:12:06.605
CRC-Response  - 141,11,F000,545*220f * 20-03-2025 16:12:06.812
Command Sent READ TEMPERATURE - #142,11*cbae  * 20-03-2025 16:12:16.973
CRC-Response  - 142,11,F000,545*e10a * 20-03-2025 16:12:17.185
Command Sent HEATER OFF - #143,12,0*f2d0  * 20-03-2025 16:12:22.769
CRC-Response  - 143,12,F000*ca4a * 20-03-2025 16:12:22.981
Command Sent HEATER DOOR OPEN - #144,8,1,1*6706  * 20-03-2025 16:12:42.846
CRC-Response  - 144,8,I001*20fe * 20-03-2025 16:12:43.85
CRC-Response  - 144,8,F000*f43c * 20-03-2025 16:12:43.403
Command Sent Rack-1 Picked from H1 - #145,2,1,2688,1000,0,1*b840  * 20-03-2025 16:12:43.739
CRC-Response  - 145,2,I001,1*164d * 20-03-2025 16:12:43.960
CRC-Response  - 145,2,F000,1*291c * 20-03-2025 16:12:49.733
RA Picked Rack From H1 * 20-03-2025 16:12:49.737
Command Sent HEATER DOOR CLOSE - #146,8,1,0*67e4  * 20-03-2025 16:12:50.167
CRC-Response  - 146,8,I001*f97f * 20-03-2025 16:12:50.379
CRC-Response  - 146,8,F000*2dbd * 20-03-2025 16:12:50.720
Command Sent Rack-1 Placed in J1 - #147,3,1,10304,800,0,0*00e3  * 20-03-2025 16:12:51.43
CRC-Response  - 147,3,I001,1*102d * 20-03-2025 16:12:51.254
CRC-Response  - 147,3,F000,1*2f7c * 20-03-2025 16:12:57.309
RA Placed Rack in J1 * 20-03-2025 16:12:57.314
Command Sent HEATER ON - #148,12,1*4910  * 20-03-2025 16:12:57.976
CRC-Response  - 148,12,F000*fa39 * 20-03-2025 16:12:58.188
Command Sent READ TEMPERATURE - #149,11*efac  * 20-03-2025 16:13:28.982
CRC-Response  - 149,11,F000,545*6a10 * 20-03-2025 16:13:29.230
Command Sent READ TEMPERATURE - #150,11*b392  * 20-03-2025 16:13:39.407
CRC-Response  - 150,11,F000,545*620d * 20-03-2025 16:13:39.621
Command Sent READ TEMPERATURE - #151,11*4f93  * 20-03-2025 16:13:49.802
CRC-Response  - 151,11,F000,545*e30f * 20-03-2025 16:13:50.8
Command Sent READ TEMPERATURE - #152,11*0b93  * 20-03-2025 16:14:00.157
CRC-Response  - 152,11,F000,545*200a * 20-03-2025 16:14:00.368
Command Sent READ TEMPERATURE - #153,11*f792  * 20-03-2025 16:14:10.527
CRC-Response  - 153,11,F000,545*a108 * 20-03-2025 16:14:10.743
Command Sent READ TEMPERATURE - #154,11*8393  * 20-03-2025 16:14:20.897
CRC-Response  - 154,11,F000,545*e603 * 20-03-2025 16:14:21.103
Command Sent READ TEMPERATURE - #155,11*7f92  * 20-03-2025 16:14:31.251
CRC-Response  - 155,11,F000,545*6701 * 20-03-2025 16:14:31.460
Command Sent READ TEMPERATURE - #156,11*3b92  * 20-03-2025 16:14:41.618
CRC-Response  - 156,11,F000,-273*1702 * 20-03-2025 16:14:41.831
Command Sent HEATER OFF - #157,12,0*b6c1  * 20-03-2025 16:14:45.376
CRC-Response  - 157,12,F000*cf29 * 20-03-2025 16:14:45.587
Command Sent HEATER DOOR OPEN - #158,8,1,1*ab0b  * 20-03-2025 16:14:46.251
CRC-Response  - 158,8,I001*e5f3 * 20-03-2025 16:14:46.465
CRC-Response  - 158,8,F000*3131 * 20-03-2025 16:14:46.806
Rack - R3Protocol Started * 20-03-2025 16:14:46.970
Command Sent Rack-3 Picked from L3 - #159,2,1,10304,16380,0,0*948d  * 20-03-2025 16:14:47.166
CRC-Response  - 159,2,I001,1*d589 * 20-03-2025 16:14:47.383
CRC-Response  - 159,2,F000,1*ead8 * 20-03-2025 16:14:53.782
RA Picked Rack From L3 * 20-03-2025 16:14:53.787
Command Sent Rack-3 Placed in H1 - #160,3,1,2688,1000,0,1*06a4  * 20-03-2025 16:14:54.116
CRC-Response  - 160,3,I001,1*7297 * 20-03-2025 16:14:54.327
CRC-Response  - 160,3,F000,1*4dc6 * 20-03-2025 16:15:00.718
RA Placed Rack in H1 * 20-03-2025 16:15:00.722
Command Sent HEATER ON - #161,12,1*1033  * 20-03-2025 16:15:01.72
CRC-Response  - 161,12,F000*60f2 * 20-03-2025 16:15:01.279
Command Sent HEATER DOOR CLOSE - #162,8,1,0*7e20  * 20-03-2025 16:15:01.970
CRC-Response  - 162,8,I001*6a67 * 20-03-2025 16:15:02.179
CRC-Response  - 162,8,F000*bea5 * 20-03-2025 16:15:02.516
Command Sent READ TEMPERATURE - #163,11*f7d6  * 20-03-2025 16:15:02.828
CRC-Response  - 163,11,F000,545*a20b * 20-03-2025 16:15:03.45
Command Sent READ TEMPERATURE - #164,11*83d7  * 20-03-2025 16:15:13.218
CRC-Response  - 164,11,F000,545*e500 * 20-03-2025 16:15:13.424
Command Sent READ TEMPERATURE - #165,11*7fd6  * 20-03-2025 16:15:23.590
CRC-Response  - 165,11,F000,545*6402 * 20-03-2025 16:15:23.904
Command Sent READ TEMPERATURE - #166,11*3bd6  * 20-03-2025 16:15:32.349
CRC-Response  - 166,11,F000,545*a707 * 20-03-2025 16:15:32.560
Command Sent READ TEMPERATURE - #167,11*c7d7  * 20-03-2025 16:15:33.955
CRC-Response  - 167,11,F000,545*2605 * 20-03-2025 16:15:34.165
Command Sent READ TEMPERATURE - #168,11*d3d4  * 20-03-2025 16:15:44.324
CRC-Response  - 168,11,F000,545*2911 * 20-03-2025 16:15:44.530
Command Sent READ TEMPERATURE - #169,11*2fd5  * 20-03-2025 16:15:54.703
CRC-Response  - 169,11,F000,545*a813 * 20-03-2025 16:15:54.916
Command Sent READ TEMPERATURE - #170,11*73eb  * 20-03-2025 16:16:05.59
CRC-Response  - 170,11,F000,-273*1086 * 20-03-2025 16:16:05.273
Command Sent READ TEMPERATURE - #171,11*8fea  * 20-03-2025 16:16:15.438
CRC-Response  - 171,11,F000,447*20dc * 20-03-2025 16:16:15.652
Command Sent READ TEMPERATURE - #172,11*cbea  * 20-03-2025 16:16:25.832
CRC-Response  - 172,11,F000,545*e209 * 20-03-2025 16:16:26.43
Command Sent READ TEMPERATURE - #173,11*37eb  * 20-03-2025 16:16:36.244
CRC-Response  - 173,11,F000,-273*1385 * 20-03-2025 16:16:36.456
Command Sent READ TEMPERATURE - #174,11*43ea  * 20-03-2025 16:16:46.636
CRC-Response  - 174,11,F000,545*2400 * 20-03-2025 16:16:46.849
Command Sent READ TEMPERATURE - #175,11*bfeb  * 20-03-2025 16:16:57.21
CRC-Response  - 175,11,F000,545*a502 * 20-03-2025 16:16:57.359
Command Sent READ TEMPERATURE - #176,11*fbeb  * 20-03-2025 16:17:07.551
CRC-Response  - 176,11,F000,545*6607 * 20-03-2025 16:17:07.763
Command Sent READ TEMPERATURE - #177,11*07ea  * 20-03-2025 16:17:17.920
CRC-Response  - 177,11,F000,-273*d780 * 20-03-2025 16:17:18.136
Command Sent READ TEMPERATURE - #178,11*13e9  * 20-03-2025 16:17:28.319
CRC-Response  - 178,11,F000,-273*d88f * 20-03-2025 16:17:28.527
Command Sent HEATER OFF - #179,12,0*58e3  * 20-03-2025 16:17:38.575
CRC-Response  - 179,12,F000*65c4 * 20-03-2025 16:17:38.787
Command Sent Rack-1 Picked from J1 - #180,2,1,10304,800,0,0*2917  * 20-03-2025 16:17:58.598
CRC-Response  - 180,2,I001,1*5662 * 20-03-2025 16:17:58.810
CRC-Response  - 180,2,F000,1*6933 * 20-03-2025 16:18:04.856
RA Picked Rack From J1 * 20-03-2025 16:18:04.861
Command Sent Rack-1 Placed in J2 - #181,3,1,13934,800 ,0,0*3fc9  * 20-03-2025 16:18:05.524
CRC-Response  - 181,3,I001,1*5ff2 * 20-03-2025 16:18:05.734
CRC-Response  - 181,3,F000,1*60a3 * 20-03-2025 16:18:11.335
RA Placed Rack in J2 * 20-03-2025 16:18:11.340
Command Sent HEATER ON - #182,12,1*e3dc  * 20-03-2025 16:18:11.923
CRC-Response  - 182,12,F000*6587 * 20-03-2025 16:18:12.133
Command Sent READ TEMPERATURE - #183,11*36bf  * 20-03-2025 16:18:42.966
CRC-Response  - 183,11,F000,545*6c04 * 20-03-2025 16:18:43.222
Command Sent READ TEMPERATURE - #184,11*42be  * 20-03-2025 16:18:53.382
CRC-Response  - 184,11,F000,545*2b0f * 20-03-2025 16:18:53.596
Command Sent READ TEMPERATURE - #185,11*bebf  * 20-03-2025 16:19:03.774
CRC-Response  - 185,11,F000,545*aa0d * 20-03-2025 16:19:03.983
Command Sent READ TEMPERATURE - #186,11*fabf  * 20-03-2025 16:19:14.150
CRC-Response  - 186,11,F000,545*6908 * 20-03-2025 16:19:14.425
Command Sent READ TEMPERATURE - #187,11*06be  * 20-03-2025 16:19:24.582
CRC-Response  - 187,11,F000,545*e80a * 20-03-2025 16:19:24.791
Command Sent READ TEMPERATURE - #188,11*12bd  * 20-03-2025 16:19:34.949
CRC-Response  - 188,11,F000,447*e6ce * 20-03-2025 16:19:35.154
Command Sent READ TEMPERATURE - #189,11*eebc  * 20-03-2025 16:19:45.336
CRC-Response  - 189,11,F000,545*661c * 20-03-2025 16:19:45.549
Command Sent READ TEMPERATURE - #190,11*b282  * 20-03-2025 16:19:55.734
CRC-Response  - 190,11,F000,545*6e01 * 20-03-2025 16:19:56.15
Command Sent READ TEMPERATURE - #191,11*4e83  * 20-03-2025 16:20:06.181
CRC-Response  - 191,11,F000,545*ef03 * 20-03-2025 16:20:06.394
Command Sent READ TEMPERATURE - #192,11*0a83  * 20-03-2025 16:20:16.555
CRC-Response  - 192,11,F000,545*2c06 * 20-03-2025 16:20:16.773
Command Sent READ TEMPERATURE - #193,11*f682  * 20-03-2025 16:20:26.922
CRC-Response  - 193,11,F000,545*ad04 * 20-03-2025 16:20:27.137
Command Sent READ TEMPERATURE - #194,11*8283  * 20-03-2025 16:20:37.300
CRC-Response  - 194,11,F000,447*ebdf * 20-03-2025 16:20:37.527
Command Sent READ TEMPERATURE - #195,11*7e82  * 20-03-2025 16:20:47.695
CRC-Response  - 195,11,F000,545*6b0d * 20-03-2025 16:20:47.997
Command Sent READ TEMPERATURE - #196,11*3a82  * 20-03-2025 16:20:58.175
CRC-Response  - 196,11,F000,545*a808 * 20-03-2025 16:20:58.387
Command Sent READ TEMPERATURE - #197,11*c683  * 20-03-2025 16:21:08.569
CRC-Response  - 197,11,F000,545*290a * 20-03-2025 16:21:08.783
Command Sent READ TEMPERATURE - #198,11*d280  * 20-03-2025 16:21:18.963
CRC-Response  - 198,11,F000,545*261e * 20-03-2025 16:21:19.171
Command Sent READ TEMPERATURE - #199,11*2e81  * 20-03-2025 16:21:29.331
CRC-Response  - 199,11,F000,545*a71c * 20-03-2025 16:21:29.547
Command Sent READ TEMPERATURE - #200,11*805e  * 20-03-2025 16:21:39.714
CRC-Response  - 200,11,F000,545*664b * 20-03-2025 16:21:39.932
Command Sent READ TEMPERATURE - #201,11*7c5f  * 20-03-2025 16:21:50.91
CRC-Response  - 201,11,F000,545*e749 * 20-03-2025 16:21:50.302
Command Sent READ TEMPERATURE - #202,11*385f  * 20-03-2025 16:22:00.454
CRC-Response  - 202,11,F000,447*259c * 20-03-2025 16:22:00.668
Command Sent READ TEMPERATURE - #203,11*c45e  * 20-03-2025 16:22:10.840
CRC-Response  - 203,11,F000,447*a49e * 20-03-2025 16:22:11.122
Command Sent READ TEMPERATURE - #204,11*b05f  * 20-03-2025 16:22:21.289
CRC-Response  - 204,11,F000,545*e245 * 20-03-2025 16:22:21.498
Command Sent READ TEMPERATURE - #205,11*4c5e  * 20-03-2025 16:22:31.653
CRC-Response  - 205,11,F000,545*6347 * 20-03-2025 16:22:31.869
Command Sent READ TEMPERATURE - #206,11*085e  * 20-03-2025 16:22:42.31
CRC-Response  - 206,11,F000,545*a042 * 20-03-2025 16:22:42.248
Command Sent HEATER OFF - #207,12,0*a3d4  * 20-03-2025 16:22:52.164
CRC-Response  - 207,12,F000*9b36 * 20-03-2025 16:22:52.386
Command Sent Rack-1 Picked from J2 - #208,2,1,13934,800 ,0,0*06be  * 20-03-2025 16:23:12.227
CRC-Response  - 208,2,I001,1*d8cd * 20-03-2025 16:23:12.501
CRC-Response  - 208,2,F000,1*e79c * 20-03-2025 16:23:17.519
RA Picked Rack From J2 * 20-03-2025 16:23:17.523
Command Sent Rack-1 Placed in J3 - #209,3,1,17564,800 ,0,0*73dd  * 20-03-2025 16:23:18.215
CRC-Response  - 209,3,I001,1*d15d * 20-03-2025 16:23:18.431
CRC-Response  - 209,3,F000,1*ee0c * 20-03-2025 16:23:24.27
RA Placed Rack in J3 * 20-03-2025 16:23:24.29
Command Sent HEATER ON - #210,12,1*1404  * 20-03-2025 16:23:24.631
CRC-Response  - 210,12,F000*6e41 * 20-03-2025 16:23:24.841
Command Sent HEATER OFF - #211,12,0*05c4  * 20-03-2025 16:23:26.960
CRC-Response  - 211,12,F000*fe4c * 20-03-2025 16:23:27.170
11 Secconds Timer incrementes in Jar J3 for R1 as other racks picking by RA in tmr_r1_incub() * 20-03-2025 16:28:25.138
11 Secconds Timer incrementes in Jar J3 for R1 as other racks picking by RA in tmr_r1_incub() * 20-03-2025 16:28:36.168
11 Secconds Timer incrementes in Jar J3 for R1 as other racks picking by RA in tmr_r1_incub() * 20-03-2025 16:28:47.207
11 Secconds Timer incrementes in Jar J3 for R1 as other racks picking by RA in tmr_r1_incub() * 20-03-2025 16:28:58.234
11 Secconds Timer incrementes in Jar J3 for R1 as other racks picking by RA in tmr_r1_incub() * 20-03-2025 16:29:09.251
11 Secconds Timer incrementes in Jar J3 for R1 as other racks picking by RA in tmr_r1_incub() * 20-03-2025 16:29:20.282
11 Secconds Timer incrementes in Jar J3 for R1 as other racks picking by RA in tmr_r1_incub() * 20-03-2025 16:29:31.310
11 Secconds Timer incrementes in Jar J3 for R1 as other racks picking by RA in tmr_r1_incub() * 20-03-2025 16:29:42.336
11 Secconds Timer incrementes in Jar J3 for R1 as other racks picking by RA in tmr_r1_incub() * 20-03-2025 16:29:53.360
11 Secconds Timer incrementes in Jar J3 for R1 as other racks picking by RA in tmr_r1_incub() * 20-03-2025 16:30:04.372
11 Secconds Timer incrementes in Jar J3 for R1 as other racks picking by RA in tmr_r1_incub() * 20-03-2025 16:30:15.426
11 Secconds Timer incrementes in Jar J3 for R1 as other racks picking by RA in tmr_r1_incub() * 20-03-2025 16:30:26.440
11 Secconds Timer incrementes in Jar J3 for R1 as other racks picking by RA in tmr_r1_incub() * 20-03-2025 16:30:37.441
11 Secconds Timer incrementes in Jar J3 for R1 as other racks picking by RA in tmr_r1_incub() * 20-03-2025 16:30:47.461
11 Secconds Timer incrementes in Jar J3 for R1 as other racks picking by RA in tmr_r1_incub() * 20-03-2025 16:30:58.513
11 Secconds Timer incrementes in Jar J3 for R1 as other racks picking by RA in tmr_r1_incub() * 20-03-2025 16:31:09.533
11 Secconds Timer incrementes in Jar J3 for R1 as other racks picking by RA in tmr_r1_incub() * 20-03-2025 16:31:20.574
11 Secconds Timer incrementes in Jar J3 for R1 as other racks picking by RA in tmr_r1_incub() * 20-03-2025 16:31:31.648
11 Secconds Timer incrementes in Jar J3 for R1 as other racks picking by RA in tmr_r1_incub() * 20-03-2025 16:31:42.673
11 Secconds Timer incrementes in Jar J3 for R1 as other racks picking by RA in tmr_r1_incub() * 20-03-2025 16:31:53.687
11 Secconds Timer incrementes in Jar J3 for R1 as other racks picking by RA in tmr_r1_incub() * 20-03-2025 16:32:04.728
11 Secconds Timer incrementes in Jar J3 for R1 as other racks picking by RA in tmr_r1_incub() * 20-03-2025 16:32:15.740
11 Secconds Timer incrementes in Jar J3 for R1 as other racks picking by RA in tmr_r1_incub() * 20-03-2025 16:32:26.758
11 Secconds Timer incrementes in Jar J3 for R1 as other racks picking by RA in tmr_r1_incub() * 20-03-2025 16:32:37.790
11 Secconds Timer incrementes in Jar J3 for R1 as other racks picking by RA in tmr_r1_incub() * 20-03-2025 16:32:48.805
11 Secconds Timer incrementes in Jar J3 for R1 as other racks picking by RA in tmr_r1_incub() * 20-03-2025 16:32:59.866
11 Secconds Timer incrementes in Jar J3 for R1 as other racks picking by RA in tmr_r1_incub() * 20-03-2025 16:33:10.862
11 Secconds Timer incrementes in Jar J3 for R1 as other racks picking by RA in tmr_r1_incub() * 20-03-2025 16:33:21.879
11 Secconds Timer incrementes in Jar J3 for R1 as other racks picking by RA in tmr_r1_incub() * 20-03-2025 16:33:32.923
11 Secconds Timer incrementes in Jar J3 for R1 as other racks picking by RA in tmr_r1_incub() * 20-03-2025 16:33:43.946
11 Secconds Timer incrementes in Jar J3 for R1 as other racks picking by RA in tmr_r1_incub() * 20-03-2025 16:33:54.947
11 Secconds Timer incrementes in Jar J3 for R1 as other racks picking by RA in tmr_r1_incub() * 20-03-2025 16:34:05.943
11 Secconds Timer incrementes in Jar J3 for R1 as other racks picking by RA in tmr_r1_incub() * 20-03-2025 16:34:16.959
11 Secconds Timer incrementes in Jar J3 for R1 as other racks picking by RA in tmr_r1_incub() * 20-03-2025 16:34:27.999
11 Secconds Timer incrementes in Jar J3 for R1 as other racks picking by RA in tmr_r1_incub() * 20-03-2025 16:34:39.39
11 Secconds Timer incrementes in Jar J3 for R1 as other racks picking by RA in tmr_r1_incub() * 20-03-2025 16:34:50.34
11 Secconds Timer incrementes in Jar H1 for R3 as other racks picking by RA in tmr_r3_incub() * 20-03-2025 16:35:01.0
11 Secconds Timer incrementes in Jar J3 for R1 as other racks picking by RA in tmr_r1_incub() * 20-03-2025 16:35:01.68
11 Secconds Timer incrementes in Jar H1 for R3 as other racks picking by RA in tmr_r3_incub() * 20-03-2025 16:35:12.42
11 Secconds Timer incrementes in Jar J3 for R1 as other racks picking by RA in tmr_r1_incub() * 20-03-2025 16:35:12.111
11 Secconds Timer incrementes in Jar H1 for R3 as other racks picking by RA in tmr_r3_incub() * 20-03-2025 16:35:23.77
11 Secconds Timer incrementes in Jar J3 for R1 as other racks picking by RA in tmr_r1_incub() * 20-03-2025 16:35:23.114
11 Secconds Timer incrementes in Jar H1 for R3 as other racks picking by RA in tmr_r3_incub() * 20-03-2025 16:35:34.127
11 Secconds Timer incrementes in Jar J3 for R1 as other racks picking by RA in tmr_r1_incub() * 20-03-2025 16:35:34.160
11 Secconds Timer incrementes in Jar H1 for R3 as other racks picking by RA in tmr_r3_incub() * 20-03-2025 16:35:45.160
11 Secconds Timer incrementes in Jar J3 for R1 as other racks picking by RA in tmr_r1_incub() * 20-03-2025 16:35:45.163
11 Secconds Timer incrementes in Jar J3 for R1 as other racks picking by RA in tmr_r1_incub() * 20-03-2025 16:35:56.160
11 Secconds Timer incrementes in Jar H1 for R3 as other racks picking by RA in tmr_r3_incub() * 20-03-2025 16:35:56.164
11 Secconds Timer incrementes in Jar H1 for R3 as other racks picking by RA in tmr_r3_incub() * 20-03-2025 16:36:07.206
11 Secconds Timer incrementes in Jar J3 for R1 as other racks picking by RA in tmr_r1_incub() * 20-03-2025 16:36:07.209
11 Secconds Timer incrementes in Jar J3 for R1 as other racks picking by RA in tmr_r1_incub() * 20-03-2025 16:36:18.289
11 Secconds Timer incrementes in Jar H1 for R3 as other racks picking by RA in tmr_r3_incub() * 20-03-2025 16:36:18.291
11 Secconds Timer incrementes in Jar H1 for R3 as other racks picking by RA in tmr_r3_incub() * 20-03-2025 16:36:29.355
11 Secconds Timer incrementes in Jar J3 for R1 as other racks picking by RA in tmr_r1_incub() * 20-03-2025 16:36:29.358
11 Secconds Timer incrementes in Jar J3 for R1 as other racks picking by RA in tmr_r1_incub() * 20-03-2025 16:36:40.365
11 Secconds Timer incrementes in Jar H1 for R3 as other racks picking by RA in tmr_r3_incub() * 20-03-2025 16:36:40.366
11 Secconds Timer incrementes in Jar H1 for R3 as other racks picking by RA in tmr_r3_incub() * 20-03-2025 16:36:51.401
11 Secconds Timer incrementes in Jar J3 for R1 as other racks picking by RA in tmr_r1_incub() * 20-03-2025 16:36:51.403
11 Secconds Timer incrementes in Jar H1 for R3 as other racks picking by RA in tmr_r3_incub() * 20-03-2025 16:37:02.407
11 Secconds Timer incrementes in Jar J3 for R1 as other racks picking by RA in tmr_r1_incub() * 20-03-2025 16:37:02.408
11 Secconds Timer incrementes in Jar J3 for R1 as other racks picking by RA in tmr_r1_incub() * 20-03-2025 16:37:13.439
11 Secconds Timer incrementes in Jar H1 for R3 as other racks picking by RA in tmr_r3_incub() * 20-03-2025 16:37:13.440
11 Secconds Timer incrementes in Jar J3 for R1 as other racks picking by RA in tmr_r1_incub() * 20-03-2025 16:37:23.476
11 Secconds Timer incrementes in Jar H1 for R3 as other racks picking by RA in tmr_r3_incub() * 20-03-2025 16:37:24.507
11 Secconds Timer incrementes in Jar J3 for R1 as other racks picking by RA in tmr_r1_incub() * 20-03-2025 16:37:34.505
11 Secconds Timer incrementes in Jar H1 for R3 as other racks picking by RA in tmr_r3_incub() * 20-03-2025 16:37:35.536
11 Secconds Timer incrementes in Jar J3 for R1 as other racks picking by RA in tmr_r1_incub() * 20-03-2025 16:37:45.547
11 Secconds Timer incrementes in Jar H1 for R3 as other racks picking by RA in tmr_r3_incub() * 20-03-2025 16:37:46.551
11 Secconds Timer incrementes in Jar J3 for R1 as other racks picking by RA in tmr_r1_incub() * 20-03-2025 16:37:56.564
11 Secconds Timer incrementes in Jar H1 for R3 as other racks picking by RA in tmr_r3_incub() * 20-03-2025 16:37:57.579
11 Secconds Timer incrementes in Jar J3 for R1 as other racks picking by RA in tmr_r1_incub() * 20-03-2025 16:38:07.568
11 Secconds Timer incrementes in Jar H1 for R3 as other racks picking by RA in tmr_r3_incub() * 20-03-2025 16:38:08.597
11 Secconds Timer incrementes in Jar J3 for R1 as other racks picking by RA in tmr_r1_incub() * 20-03-2025 16:38:18.596
11 Secconds Timer incrementes in Jar H1 for R3 as other racks picking by RA in tmr_r3_incub() * 20-03-2025 16:38:19.622
11 Secconds Timer incrementes in Jar J3 for R1 as other racks picking by RA in tmr_r1_incub() * 20-03-2025 16:38:29.636
11 Secconds Timer incrementes in Jar H1 for R3 as other racks picking by RA in tmr_r3_incub() * 20-03-2025 16:38:30.663
11 Secconds Timer incrementes in Jar J3 for R1 as other racks picking by RA in tmr_r1_incub() * 20-03-2025 16:38:40.713
11 Secconds Timer incrementes in Jar H1 for R3 as other racks picking by RA in tmr_r3_incub() * 20-03-2025 16:38:41.718
11 Secconds Timer incrementes in Jar J3 for R1 as other racks picking by RA in tmr_r1_incub() * 20-03-2025 16:38:51.799
11 Secconds Timer incrementes in Jar H1 for R3 as other racks picking by RA in tmr_r3_incub() * 20-03-2025 16:38:52.794
11 Secconds Timer incrementes in Jar J3 for R1 as other racks picking by RA in tmr_r1_incub() * 20-03-2025 16:39:02.830
11 Secconds Timer incrementes in Jar H1 for R3 as other racks picking by RA in tmr_r3_incub() * 20-03-2025 16:39:03.829
11 Secconds Timer incrementes in Jar J3 for R1 as other racks picking by RA in tmr_r1_incub() * 20-03-2025 16:39:13.869
11 Secconds Timer incrementes in Jar H1 for R3 as other racks picking by RA in tmr_r3_incub() * 20-03-2025 16:39:14.879
11 Secconds Timer incrementes in Jar J3 for R1 as other racks picking by RA in tmr_r1_incub() * 20-03-2025 16:39:24.905
11 Secconds Timer incrementes in Jar H1 for R3 as other racks picking by RA in tmr_r3_incub() * 20-03-2025 16:39:24.907
11 Secconds Timer incrementes in Jar H1 for R3 as other racks picking by RA in tmr_r3_incub() * 20-03-2025 16:39:35.911
11 Secconds Timer incrementes in Jar J3 for R1 as other racks picking by RA in tmr_r1_incub() * 20-03-2025 16:39:35.912
11 Secconds Timer incrementes in Jar J3 for R1 as other racks picking by RA in tmr_r1_incub() * 20-03-2025 16:39:46.924
11 Secconds Timer incrementes in Jar H1 for R3 as other racks picking by RA in tmr_r3_incub() * 20-03-2025 16:39:46.926
11 Secconds Timer incrementes in Jar H1 for R3 as other racks picking by RA in tmr_r3_incub() * 20-03-2025 16:39:57.944
11 Secconds Timer incrementes in Jar J3 for R1 as other racks picking by RA in tmr_r1_incub() * 20-03-2025 16:39:57.947
11 Secconds Timer incrementes in Jar J3 for R1 as other racks picking by RA in tmr_r1_incub() * 20-03-2025 16:40:08.942
11 Secconds Timer incrementes in Jar H1 for R3 as other racks picking by RA in tmr_r3_incub() * 20-03-2025 16:40:08.945
11 Secconds Timer incrementes in Jar H1 for R3 as other racks picking by RA in tmr_r3_incub() * 20-03-2025 16:40:19.935
11 Secconds Timer incrementes in Jar J3 for R1 as other racks picking by RA in tmr_r1_incub() * 20-03-2025 16:40:19.935
11 Secconds Timer incrementes in Jar J3 for R1 as other racks picking by RA in tmr_r1_incub() * 20-03-2025 16:40:30.939
11 Secconds Timer incrementes in Jar H1 for R3 as other racks picking by RA in tmr_r3_incub() * 20-03-2025 16:40:30.942
11 Secconds Timer incrementes in Jar H1 for R3 as other racks picking by RA in tmr_r3_incub() * 20-03-2025 16:40:41.952
11 Secconds Timer incrementes in Jar J3 for R1 as other racks picking by RA in tmr_r1_incub() * 20-03-2025 16:40:41.953
11 Secconds Timer incrementes in Jar J3 for R1 as other racks picking by RA in tmr_r1_incub() * 20-03-2025 16:40:52.974
11 Secconds Timer incrementes in Jar H1 for R3 as other racks picking by RA in tmr_r3_incub() * 20-03-2025 16:40:52.976
11 Secconds Timer incrementes in Jar H1 for R3 as other racks picking by RA in tmr_r3_incub() * 20-03-2025 16:41:04.22
11 Secconds Timer incrementes in Jar J3 for R1 as other racks picking by RA in tmr_r1_incub() * 20-03-2025 16:41:04.24
11 Secconds Timer incrementes in Jar J3 for R1 as other racks picking by RA in tmr_r1_incub() * 20-03-2025 16:41:15.30
11 Secconds Timer incrementes in Jar H1 for R3 as other racks picking by RA in tmr_r3_incub() * 20-03-2025 16:41:15.31
11 Secconds Timer incrementes in Jar H1 for R3 as other racks picking by RA in tmr_r3_incub() * 20-03-2025 16:41:26.58
11 Secconds Timer incrementes in Jar J3 for R1 as other racks picking by RA in tmr_r1_incub() * 20-03-2025 16:41:26.60
11 Secconds Timer incrementes in Jar J3 for R1 as other racks picking by RA in tmr_r1_incub() * 20-03-2025 16:41:37.64
11 Secconds Timer incrementes in Jar H1 for R3 as other racks picking by RA in tmr_r3_incub() * 20-03-2025 16:41:37.65
11 Secconds Timer incrementes in Jar H1 for R3 as other racks picking by RA in tmr_r3_incub() * 20-03-2025 16:41:48.70
11 Secconds Timer incrementes in Jar J3 for R1 as other racks picking by RA in tmr_r1_incub() * 20-03-2025 16:41:48.71
11 Secconds Timer incrementes in Jar J3 for R1 as other racks picking by RA in tmr_r1_incub() * 20-03-2025 16:41:59.74
11 Secconds Timer incrementes in Jar H1 for R3 as other racks picking by RA in tmr_r3_incub() * 20-03-2025 16:41:59.77
11 Secconds Timer incrementes in Jar H1 for R3 as other racks picking by RA in tmr_r3_incub() * 20-03-2025 16:42:10.100
11 Secconds Timer incrementes in Jar J3 for R1 as other racks picking by RA in tmr_r1_incub() * 20-03-2025 16:42:10.101
11 Secconds Timer incrementes in Jar J3 for R1 as other racks picking by RA in tmr_r1_incub() * 20-03-2025 16:42:21.159
11 Secconds Timer incrementes in Jar H1 for R3 as other racks picking by RA in tmr_r3_incub() * 20-03-2025 16:42:21.161
11 Secconds Timer incrementes in Jar H1 for R3 as other racks picking by RA in tmr_r3_incub() * 20-03-2025 16:42:32.184
11 Secconds Timer incrementes in Jar J3 for R1 as other racks picking by RA in tmr_r1_incub() * 20-03-2025 16:42:32.185
11 Secconds Timer incrementes in Jar J3 for R1 as other racks picking by RA in tmr_r1_incub() * 20-03-2025 16:42:43.223
11 Secconds Timer incrementes in Jar H1 for R3 as other racks picking by RA in tmr_r3_incub() * 20-03-2025 16:42:43.224
11 Secconds Timer incrementes in Jar H1 for R3 as other racks picking by RA in tmr_r3_incub() * 20-03-2025 16:42:54.248
11 Secconds Timer incrementes in Jar J3 for R1 as other racks picking by RA in tmr_r1_incub() * 20-03-2025 16:42:54.250
11 Secconds Timer incrementes in Jar J3 for R1 as other racks picking by RA in tmr_r1_incub() * 20-03-2025 16:43:05.286
11 Secconds Timer incrementes in Jar H1 for R3 as other racks picking by RA in tmr_r3_incub() * 20-03-2025 16:43:05.287
11 Secconds Timer incrementes in Jar H1 for R3 as other racks picking by RA in tmr_r3_incub() * 20-03-2025 16:43:16.292
11 Secconds Timer incrementes in Jar J3 for R1 as other racks picking by RA in tmr_r1_incub() * 20-03-2025 16:43:16.295
11 Secconds Timer incrementes in Jar J3 for R1 as other racks picking by RA in tmr_r1_incub() * 20-03-2025 16:43:27.319
11 Secconds Timer incrementes in Jar H1 for R3 as other racks picking by RA in tmr_r3_incub() * 20-03-2025 16:43:27.320
11 Secconds Timer incrementes in Jar H1 for R3 as other racks picking by RA in tmr_r3_incub() * 20-03-2025 16:43:38.364
11 Secconds Timer incrementes in Jar J3 for R1 as other racks picking by RA in tmr_r1_incub() * 20-03-2025 16:43:38.365
11 Secconds Timer incrementes in Jar J3 for R1 as other racks picking by RA in tmr_r1_incub() * 20-03-2025 16:43:49.368
11 Secconds Timer incrementes in Jar H1 for R3 as other racks picking by RA in tmr_r3_incub() * 20-03-2025 16:43:49.369
11 Secconds Timer incrementes in Jar H1 for R3 as other racks picking by RA in tmr_r3_incub() * 20-03-2025 16:44:00.358
11 Secconds Timer incrementes in Jar J3 for R1 as other racks picking by RA in tmr_r1_incub() * 20-03-2025 16:44:00.359
11 Secconds Timer incrementes in Jar J3 for R1 as other racks picking by RA in tmr_r1_incub() * 20-03-2025 16:44:11.371
11 Secconds Timer incrementes in Jar H1 for R3 as other racks picking by RA in tmr_r3_incub() * 20-03-2025 16:44:11.374
11 Secconds Timer incrementes in Jar J3 for R1 as other racks picking by RA in tmr_r1_incub() * 20-03-2025 16:44:22.393
11 Secconds Timer incrementes in Jar H1 for R3 as other racks picking by RA in tmr_r3_incub() * 20-03-2025 16:44:22.394
11 Secconds Timer incrementes in Jar H1 for R3 as other racks picking by RA in tmr_r3_incub() * 20-03-2025 16:44:33.400
11 Secconds Timer incrementes in Jar J3 for R1 as other racks picking by RA in tmr_r1_incub() * 20-03-2025 16:44:33.402
11 Secconds Timer incrementes in Jar H1 for R3 as other racks picking by RA in tmr_r3_incub() * 20-03-2025 16:44:44.405
11 Secconds Timer incrementes in Jar J3 for R1 as other racks picking by RA in tmr_r1_incub() * 20-03-2025 16:44:44.406
11 Secconds Timer incrementes in Jar J3 for R1 as other racks picking by RA in tmr_r1_incub() * 20-03-2025 16:44:55.445
11 Secconds Timer incrementes in Jar H1 for R3 as other racks picking by RA in tmr_r3_incub() * 20-03-2025 16:44:55.446
11 Secconds Timer incrementes in Jar J3 for R1 as other racks picking by RA in tmr_r1_incub() * 20-03-2025 16:45:05.461
11 Secconds Timer incrementes in Jar H1 for R3 as other racks picking by RA in tmr_r3_incub() * 20-03-2025 16:45:06.489
11 Secconds Timer incrementes in Jar J3 for R1 as other racks picking by RA in tmr_r1_incub() * 20-03-2025 16:45:16.519
11 Secconds Timer incrementes in Jar H1 for R3 as other racks picking by RA in tmr_r3_incub() * 20-03-2025 16:45:17.507
11 Secconds Timer incrementes in Jar J3 for R1 as other racks picking by RA in tmr_r1_incub() * 20-03-2025 16:45:27.531
11 Secconds Timer incrementes in Jar H1 for R3 as other racks picking by RA in tmr_r3_incub() * 20-03-2025 16:45:28.533
11 Secconds Timer incrementes in Jar J3 for R1 as other racks picking by RA in tmr_r1_incub() * 20-03-2025 16:45:38.538
11 Secconds Timer incrementes in Jar H1 for R3 as other racks picking by RA in tmr_r3_incub() * 20-03-2025 16:45:39.559
11 Secconds Timer incrementes in Jar J3 for R1 as other racks picking by RA in tmr_r1_incub() * 20-03-2025 16:45:49.543
11 Secconds Timer incrementes in Jar H1 for R3 as other racks picking by RA in tmr_r3_incub() * 20-03-2025 16:45:50.562
11 Secconds Timer incrementes in Jar J3 for R1 as other racks picking by RA in tmr_r1_incub() * 20-03-2025 16:46:00.562
11 Secconds Timer incrementes in Jar H1 for R3 as other racks picking by RA in tmr_r3_incub() * 20-03-2025 16:46:01.580
11 Secconds Timer incrementes in Jar J3 for R1 as other racks picking by RA in tmr_r1_incub() * 20-03-2025 16:46:11.577
11 Secconds Timer incrementes in Jar H1 for R3 as other racks picking by RA in tmr_r3_incub() * 20-03-2025 16:46:12.611
11 Secconds Timer incrementes in Jar J3 for R1 as other racks picking by RA in tmr_r1_incub() * 20-03-2025 16:46:22.577
11 Secconds Timer incrementes in Jar H1 for R3 as other racks picking by RA in tmr_r3_incub() * 20-03-2025 16:46:23.611
11 Secconds Timer incrementes in Jar J3 for R1 as other racks picking by RA in tmr_r1_incub() * 20-03-2025 16:46:33.623
11 Secconds Timer incrementes in Jar H1 for R3 as other racks picking by RA in tmr_r3_incub() * 20-03-2025 16:46:34.612
11 Secconds Timer incrementes in Jar J3 for R1 as other racks picking by RA in tmr_r1_incub() * 20-03-2025 16:46:44.664
11 Secconds Timer incrementes in Jar H1 for R3 as other racks picking by RA in tmr_r3_incub() * 20-03-2025 16:46:45.638
11 Secconds Timer incrementes in Jar J3 for R1 as other racks picking by RA in tmr_r1_incub() * 20-03-2025 16:46:55.669
11 Secconds Timer incrementes in Jar H1 for R3 as other racks picking by RA in tmr_r3_incub() * 20-03-2025 16:46:56.640
11 Secconds Timer incrementes in Jar J3 for R1 as other racks picking by RA in tmr_r1_incub() * 20-03-2025 16:47:06.702
11 Secconds Timer incrementes in Jar H1 for R3 as other racks picking by RA in tmr_r3_incub() * 20-03-2025 16:47:07.658
11 Secconds Timer incrementes in Jar J3 for R1 as other racks picking by RA in tmr_r1_incub() * 20-03-2025 16:47:17.740
11 Secconds Timer incrementes in Jar H1 for R3 as other racks picking by RA in tmr_r3_incub() * 20-03-2025 16:47:18.658
11 Secconds Timer incrementes in Jar J3 for R1 as other racks picking by RA in tmr_r1_incub() * 20-03-2025 16:47:28.764
11 Secconds Timer incrementes in Jar H1 for R3 as other racks picking by RA in tmr_r3_incub() * 20-03-2025 16:47:29.691
11 Secconds Timer incrementes in Jar J3 for R1 as other racks picking by RA in tmr_r1_incub() * 20-03-2025 16:47:39.788
11 Secconds Timer incrementes in Jar H1 for R3 as other racks picking by RA in tmr_r3_incub() * 20-03-2025 16:47:40.703
11 Secconds Timer incrementes in Jar J3 for R1 as other racks picking by RA in tmr_r1_incub() * 20-03-2025 16:47:50.788
11 Secconds Timer incrementes in Jar H1 for R3 as other racks picking by RA in tmr_r3_incub() * 20-03-2025 16:47:51.739
11 Secconds Timer incrementes in Jar J3 for R1 as other racks picking by RA in tmr_r1_incub() * 20-03-2025 16:48:01.784
11 Secconds Timer incrementes in Jar H1 for R3 as other racks picking by RA in tmr_r3_incub() * 20-03-2025 16:48:02.745
11 Secconds Timer incrementes in Jar J3 for R1 as other racks picking by RA in tmr_r1_incub() * 20-03-2025 16:48:12.814
11 Secconds Timer incrementes in Jar H1 for R3 as other racks picking by RA in tmr_r3_incub() * 20-03-2025 16:48:13.765
11 Secconds Timer incrementes in Jar J3 for R1 as other racks picking by RA in tmr_r1_incub() * 20-03-2025 16:48:23.819
11 Secconds Timer incrementes in Jar H1 for R3 as other racks picking by RA in tmr_r3_incub() * 20-03-2025 16:48:24.806
11 Secconds Timer incrementes in Jar J3 for R1 as other racks picking by RA in tmr_r1_incub() * 20-03-2025 16:48:34.824
11 Secconds Timer incrementes in Jar H1 for R3 as other racks picking by RA in tmr_r3_incub() * 20-03-2025 16:48:35.816
11 Secconds Timer incrementes in Jar J3 for R1 as other racks picking by RA in tmr_r1_incub() * 20-03-2025 16:48:45.876
11 Secconds Timer incrementes in Jar H1 for R3 as other racks picking by RA in tmr_r3_incub() * 20-03-2025 16:48:46.860
11 Secconds Timer incrementes in Jar H1 for R3 as other racks picking by RA in tmr_r3_incub() * 20-03-2025 16:48:56.915
11 Secconds Timer incrementes in Jar J3 for R1 as other racks picking by RA in tmr_r1_incub() * 20-03-2025 16:48:56.917
11 Secconds Timer incrementes in Jar J3 for R1 as other racks picking by RA in tmr_r1_incub() * 20-03-2025 16:49:07.944
11 Secconds Timer incrementes in Jar H1 for R3 as other racks picking by RA in tmr_r3_incub() * 20-03-2025 16:49:07.946
11 Secconds Timer incrementes in Jar H1 for R3 as other racks picking by RA in tmr_r3_incub() * 20-03-2025 16:49:18.939
11 Secconds Timer incrementes in Jar J3 for R1 as other racks picking by RA in tmr_r1_incub() * 20-03-2025 16:49:18.941
11 Secconds Timer incrementes in Jar J3 for R1 as other racks picking by RA in tmr_r1_incub() * 20-03-2025 16:49:30.27
11 Secconds Timer incrementes in Jar H1 for R3 as other racks picking by RA in tmr_r3_incub() * 20-03-2025 16:49:30.29
11 Secconds Timer incrementes in Jar H1 for R3 as other racks picking by RA in tmr_r3_incub() * 20-03-2025 16:49:41.113
11 Secconds Timer incrementes in Jar J3 for R1 as other racks picking by RA in tmr_r1_incub() * 20-03-2025 16:49:41.116
11 Secconds Timer incrementes in Jar J3 for R1 as other racks picking by RA in tmr_r1_incub() * 20-03-2025 16:49:52.139
11 Secconds Timer incrementes in Jar H1 for R3 as other racks picking by RA in tmr_r3_incub() * 20-03-2025 16:49:52.141
11 Secconds Timer incrementes in Jar H1 for R3 as other racks picking by RA in tmr_r3_incub() * 20-03-2025 16:50:03.183
11 Secconds Timer incrementes in Jar J3 for R1 as other racks picking by RA in tmr_r1_incub() * 20-03-2025 16:50:03.187
11 Secconds Timer incrementes in Jar H1 for R3 as other racks picking by RA in tmr_r3_incub() * 20-03-2025 16:50:14.222
11 Secconds Timer incrementes in Jar J3 for R1 as other racks picking by RA in tmr_r1_incub() * 20-03-2025 16:50:14.223
11 Secconds Timer incrementes in Jar J3 for R1 as other racks picking by RA in tmr_r1_incub() * 20-03-2025 16:50:25.241
11 Secconds Timer incrementes in Jar H1 for R3 as other racks picking by RA in tmr_r3_incub() * 20-03-2025 16:50:25.243
11 Secconds Timer incrementes in Jar H1 for R3 as other racks picking by RA in tmr_r3_incub() * 20-03-2025 16:50:36.272
11 Secconds Timer incrementes in Jar J3 for R1 as other racks picking by RA in tmr_r1_incub() * 20-03-2025 16:50:36.274
11 Secconds Timer incrementes in Jar J3 for R1 as other racks picking by RA in tmr_r1_incub() * 20-03-2025 16:50:47.265
11 Secconds Timer incrementes in Jar H1 for R3 as other racks picking by RA in tmr_r3_incub() * 20-03-2025 16:50:47.267
11 Secconds Timer incrementes in Jar H1 for R3 as other racks picking by RA in tmr_r3_incub() * 20-03-2025 16:50:58.282
11 Secconds Timer incrementes in Jar J3 for R1 as other racks picking by RA in tmr_r1_incub() * 20-03-2025 16:50:58.284
11 Secconds Timer incrementes in Jar J3 for R1 as other racks picking by RA in tmr_r1_incub() * 20-03-2025 16:51:09.314
11 Secconds Timer incrementes in Jar H1 for R3 as other racks picking by RA in tmr_r3_incub() * 20-03-2025 16:51:09.315
11 Secconds Timer incrementes in Jar H1 for R3 as other racks picking by RA in tmr_r3_incub() * 20-03-2025 16:51:20.336
11 Secconds Timer incrementes in Jar J3 for R1 as other racks picking by RA in tmr_r1_incub() * 20-03-2025 16:51:20.339
11 Secconds Timer incrementes in Jar J3 for R1 as other racks picking by RA in tmr_r1_incub() * 20-03-2025 16:51:31.354
11 Secconds Timer incrementes in Jar H1 for R3 as other racks picking by RA in tmr_r3_incub() * 20-03-2025 16:51:31.355
11 Secconds Timer incrementes in Jar J3 for R1 as other racks picking by RA in tmr_r1_incub() * 20-03-2025 16:51:42.390
11 Secconds Timer incrementes in Jar H1 for R3 as other racks picking by RA in tmr_r3_incub() * 20-03-2025 16:51:42.392
11 Secconds Timer incrementes in Jar H1 for R3 as other racks picking by RA in tmr_r3_incub() * 20-03-2025 16:51:53.406
11 Secconds Timer incrementes in Jar J3 for R1 as other racks picking by RA in tmr_r1_incub() * 20-03-2025 16:51:53.409
11 Secconds Timer incrementes in Jar J3 for R1 as other racks picking by RA in tmr_r1_incub() * 20-03-2025 16:52:04.414
11 Secconds Timer incrementes in Jar H1 for R3 as other racks picking by RA in tmr_r3_incub() * 20-03-2025 16:52:04.415
11 Secconds Timer incrementes in Jar H1 for R3 as other racks picking by RA in tmr_r3_incub() * 20-03-2025 16:52:15.441
11 Secconds Timer incrementes in Jar J3 for R1 as other racks picking by RA in tmr_r1_incub() * 20-03-2025 16:52:15.442
11 Secconds Timer incrementes in Jar J3 for R1 as other racks picking by RA in tmr_r1_incub() * 20-03-2025 16:52:26.453
11 Secconds Timer incrementes in Jar H1 for R3 as other racks picking by RA in tmr_r3_incub() * 20-03-2025 16:52:26.455
11 Secconds Timer incrementes in Jar J3 for R1 as other racks picking by RA in tmr_r1_incub() * 20-03-2025 16:52:36.491
11 Secconds Timer incrementes in Jar H1 for R3 as other racks picking by RA in tmr_r3_incub() * 20-03-2025 16:52:37.499
11 Secconds Timer incrementes in Jar J3 for R1 as other racks picking by RA in tmr_r1_incub() * 20-03-2025 16:52:47.495
11 Secconds Timer incrementes in Jar H1 for R3 as other racks picking by RA in tmr_r3_incub() * 20-03-2025 16:52:48.528
11 Secconds Timer incrementes in Jar J3 for R1 as other racks picking by RA in tmr_r1_incub() * 20-03-2025 16:52:58.482
11 Secconds Timer incrementes in Jar H1 for R3 as other racks picking by RA in tmr_r3_incub() * 20-03-2025 16:52:59.568
11 Secconds Timer incrementes in Jar J3 for R1 as other racks picking by RA in tmr_r1_incub() * 20-03-2025 16:53:09.533
11 Secconds Timer incrementes in Jar H1 for R3 as other racks picking by RA in tmr_r3_incub() * 20-03-2025 16:53:10.608
11 Secconds Timer incrementes in Jar J3 for R1 as other racks picking by RA in tmr_r1_incub() * 20-03-2025 16:53:20.549
11 Secconds Timer incrementes in Jar H1 for R3 as other racks picking by RA in tmr_r3_incub() * 20-03-2025 16:53:21.658
11 Secconds Timer incrementes in Jar J3 for R1 as other racks picking by RA in tmr_r1_incub() * 20-03-2025 16:53:31.597
11 Secconds Timer incrementes in Jar H1 for R3 as other racks picking by RA in tmr_r3_incub() * 20-03-2025 16:53:32.662
11 Secconds Timer incrementes in Jar J3 for R1 as other racks picking by RA in tmr_r1_incub() * 20-03-2025 16:53:42.628
11 Secconds Timer incrementes in Jar H1 for R3 as other racks picking by RA in tmr_r3_incub() * 20-03-2025 16:53:43.667
11 Secconds Timer incrementes in Jar J3 for R1 as other racks picking by RA in tmr_r1_incub() * 20-03-2025 16:53:53.629
11 Secconds Timer incrementes in Jar H1 for R3 as other racks picking by RA in tmr_r3_incub() * 20-03-2025 16:53:54.691
11 Secconds Timer incrementes in Jar J3 for R1 as other racks picking by RA in tmr_r1_incub() * 20-03-2025 16:54:04.677
11 Secconds Timer incrementes in Jar H1 for R3 as other racks picking by RA in tmr_r3_incub() * 20-03-2025 16:54:05.711
User Aborted / Stopped the application forcefully  * 20-03-2025 16:54:07.51
