CRC-Response  - 8,5,F000*4b3a * 15-01-2025 14:44:46.301
Command * Home Command - #9,5,01111111*a5a1
 * 15-01-2025 14:44:48.598
CRC-Response  - 9,5,I001,01111111*fc66 * 15-01-2025 14:44:48.716
CRC-Response  - 9,5,F000*87fb * 15-01-2025 14:44:48.728
Command * Level Sensing For U1 - #10,4,61124,16380,0,0*9f4f
 * 15-01-2025 14:44:51.285
CRC-Response  - 10,4,I001*82eb * 15-01-2025 14:44:51.397
CRC-Response  - 10,4,F000,2484*e980 * 15-01-2025 14:44:55.541
U1 Value - 2484 * 15-01-2025 14:44:55.572
Command * Level Sensing For U2 - #11,4,57494,16380,0,0*bade
 * 15-01-2025 14:44:55.955
CRC-Response  - 11,4,I001*4e2a * 15-01-2025 14:44:56.75
CRC-Response  - 11,4,F000,2481*6b42 * 15-01-2025 14:44:58.364
U2 Value - 2481 * 15-01-2025 14:44:58.390
Command * Level Sensing For U3 - #12,4,53864,16380,0,0*e29a
 * 15-01-2025 14:44:58.635
CRC-Response  - 12,4,I001*5b6a * 15-01-2025 14:44:58.753
CRC-Response  - 12,4,F000,2481*a847 * 15-01-2025 14:45:01.39
U3 Value - 2481 * 15-01-2025 14:45:01.61
Command * Level Sensing For U4 - #13,4,50234,16380,0,0*1bb0
 * 15-01-2025 14:45:01.299
CRC-Response  - 13,4,I001*97ab * 15-01-2025 14:45:01.416
CRC-Response  - 13,4,F000,2476*1b01 * 15-01-2025 14:45:03.706
U4 Value - 2476 * 15-01-2025 14:45:03.720
Command * Level Sensing For U5 - #14,4,46604,16380,0,0*e9c8
 * 15-01-2025 14:45:03.968
CRC-Response  - 14,4,I001*71ea * 15-01-2025 14:45:04.80
CRC-Response  - 14,4,F000,2472*9f0b * 15-01-2025 14:45:06.378
U5 Value - 2472 * 15-01-2025 14:45:06.403
Command * Level Sensing For U6 - #15,4,42974,16380,0,0*1511
 * 15-01-2025 14:45:06.625
CRC-Response  - 15,4,I001*bd2b * 15-01-2025 14:45:06.737
CRC-Response  - 15,4,F000,2475*dc48 * 15-01-2025 14:45:09.28
U6 Value - 2475 * 15-01-2025 14:45:09.54
Command * Level Sensing For J1 - #16,4,10304,800,0,0*e5a2
 * 15-01-2025 14:45:09.287
CRC-Response  - 16,4,I001*a86b * 15-01-2025 14:45:09.402
CRC-Response  - 16,4,F000,2488*2a89 * 15-01-2025 14:45:14.935
J1 Value - 2488 * 15-01-2025 14:45:14.958
Command * Level Sensing For J2 - #17,4,13934,800 ,0,0*59f9
 * 15-01-2025 14:45:15.456
CRC-Response  - 17,4,I001*64aa * 15-01-2025 14:45:15.571
CRC-Response  - 17,4,F000,2479*9b4f * 15-01-2025 14:45:17.862
J2 Value - 2479 * 15-01-2025 14:45:17.880
Command * Level Sensing For J3 - #18,4,17564,800 ,0,0*16c5
 * 15-01-2025 14:45:18.132
CRC-Response  - 18,4,I001*24ea * 15-01-2025 14:45:18.250
CRC-Response  - 18,4,F000,2488*a49f * 15-01-2025 14:45:20.528
J3 Value - 2488 * 15-01-2025 14:45:20.551
Command * Level Sensing For J4 - #19,4,21194,800 ,0,0*f45f
 * 15-01-2025 14:45:20.798
CRC-Response  - 19,4,I001*e82b * 15-01-2025 14:45:20.917
CRC-Response  - 19,4,F000,2493*72dd * 15-01-2025 14:45:23.203
J4 Value - 2493 * 15-01-2025 14:45:23.224
Command * Level Sensing For J5 - #20,4,24824,800 ,0,0*13fd
 * 15-01-2025 14:45:23.476
CRC-Response  - 20,4,I001*72ff * 15-01-2025 14:45:23.591
CRC-Response  - 20,4,F000,2497*7bc2 * 15-01-2025 14:45:25.878
J5 Value - 2497 * 15-01-2025 14:45:25.906
Command * Level Sensing For J6 - #21,4,28454,800 ,0,0*47b7
 * 15-01-2025 14:45:26.147
CRC-Response  - 21,4,I001*be3e * 15-01-2025 14:45:26.252
CRC-Response  - 21,4,F000,2490*3881 * 15-01-2025 14:45:28.546
J6 Value - 2490 * 15-01-2025 14:45:28.567
Command * Level Sensing For J7 - #22,4,32084,800 ,0,0*ab95
 * 15-01-2025 14:45:28.804
CRC-Response  - 22,4,I001*ab7e * 15-01-2025 14:45:28.918
CRC-Response  - 22,4,F000,2487*a9c4 * 15-01-2025 14:45:31.211
J7 Value - 2487 * 15-01-2025 14:45:31.233
Command * Level Sensing For J8 - #23,4,35714,800 ,0,0*4714
 * 15-01-2025 14:45:31.466
CRC-Response  - 23,4,I001*67bf * 15-01-2025 14:45:31.584
CRC-Response  - 23,4,F000,2487*28c6 * 15-01-2025 14:45:33.866
J8 Value - 2487 * 15-01-2025 14:45:33.883
Command * Level Sensing For J9 - #24,4,39344,800 ,0,0*fd54
 * 15-01-2025 14:45:34.137
CRC-Response  - 24,4,I001*81fe * 15-01-2025 14:45:34.243
CRC-Response  - 24,4,F000,2491*fd4c * 15-01-2025 14:45:36.536
J9 Value - 2491 * 15-01-2025 14:45:36.551
Command * Level Sensing For J10 - #25,4,53864,800 ,0,0*6ef5
 * 15-01-2025 14:45:36.822
CRC-Response  - 25,4,I001*4d3f * 15-01-2025 14:45:36.939
CRC-Response  - 25,4,F000,2486*2e0e * 15-01-2025 14:45:40.437
J10 Value - 2486 * 15-01-2025 14:45:40.452
Command * Level Sensing For J11 - #26,4,57494,800 ,0,0*aa2b
 * 15-01-2025 14:45:40.993
CRC-Response  - 26,4,I001*587f * 15-01-2025 14:45:41.111
CRC-Response  - 26,4,F000,2482*2e0a * 15-01-2025 14:45:43.391
J11 Value - 2482 * 15-01-2025 14:45:43.406
Command * Level Sensing For J12 - #27,4,61124,800 ,0,0*bb59
 * 15-01-2025 14:45:43.660
CRC-Response  - 27,4,I001*94be * 15-01-2025 14:45:43.780
CRC-Response  - 27,4,F000,2484*ad88 * 15-01-2025 14:45:46.62
J12 Value - 2484 * 15-01-2025 14:45:46.81
Command * Level Sensing For J13 - #28,4,64754,800 ,0,0*d574
 * 15-01-2025 14:45:46.337
CRC-Response  - 28,4,I001*d4fe * 15-01-2025 14:45:46.453
CRC-Response  - 28,4,F000,2458*3798 * 15-01-2025 14:45:48.734
J13 Value - 2458 * 15-01-2025 14:45:48.753
Command * Level Sensing For J14 - #29,4,64754,8590,0,0*73b1
 * 15-01-2025 14:45:49.5
CRC-Response  - 29,4,I001*183f * 15-01-2025 14:45:49.121
CRC-Response  - 29,4,F000,2480*e09f * 15-01-2025 14:45:51.580
J14 Value - 2480 * 15-01-2025 14:45:51.599
Command * Level Sensing For J15 - #30,4,61124,8590,0,0*6841
 * 15-01-2025 14:45:51.677
CRC-Response  - 30,4,I001*e2f2 * 15-01-2025 14:45:51.785
CRC-Response  - 30,4,F000,2496*7a03 * 15-01-2025 14:45:54.84
J15 Value - 2496 * 15-01-2025 14:45:54.106
Command * Level Sensing For J16 - #31,4,57494,8590,0,0*7933
 * 15-01-2025 14:45:54.342
CRC-Response  - 31,4,I001*2e33 * 15-01-2025 14:45:54.449
CRC-Response  - 31,4,F000,2485*6a40 * 15-01-2025 14:45:56.742
J16 Value - 2485 * 15-01-2025 14:45:56.765
Command * Level Sensing For J17 - #32,4,53864,8590,0,0*bded
 * 15-01-2025 14:45:57.0
CRC-Response  - 32,4,I001*3b73 * 15-01-2025 14:45:57.118
CRC-Response  - 32,4,F000,2481*6a44 * 15-01-2025 14:45:59.409
J17 Value - 2481 * 15-01-2025 14:45:59.434
Command * Level Sensing For J18 - #33,4,39344,8590,0,0*2e4c
 * 15-01-2025 14:45:59.682
CRC-Response  - 33,4,I001*f7b2 * 15-01-2025 14:45:59.800
CRC-Response  - 33,4,F000,2491*7b47 * 15-01-2025 14:46:03.291
J19 Value - 2491 * 15-01-2025 14:46:03.311
Command * Level Sensing For J19 - #34,4,35714,8590,0,0*940c
 * 15-01-2025 14:46:03.364
CRC-Response  - 34,4,I001*11f3 * 15-01-2025 14:46:08.480
CRC-Response  - 34,4,F000,2485*6f4c * 15-01-2025 14:46:08.483
J19 Value - 2485 * 15-01-2025 14:46:08.503
Command * Level Sensing For J20 - #35,4,32084,8590,0,0*788d
 * 15-01-2025 14:46:08.929
CRC-Response  - 35,4,I001*dd32 * 15-01-2025 14:46:09.45
CRC-Response  - 35,4,F000,2466*8f0a * 15-01-2025 14:46:11.338
J20 Value - 2466 * 15-01-2025 14:46:11.360
Command * Level Sensing For J21 - #36,4,28454,8590,0,0*94af
 * 15-01-2025 14:46:11.599
CRC-Response  - 36,4,I001*c872 * 15-01-2025 14:46:11.714
CRC-Response  - 36,4,F000,2487*ecca * 15-01-2025 14:46:14.8
J21 Value - 2487 * 15-01-2025 14:46:14.31
Command * Level Sensing For J22 - #37,4,24824,8590,0,0*c0e5
 * 15-01-2025 14:46:14.266
CRC-Response  - 37,4,I001*04b3 * 15-01-2025 14:46:14.383
CRC-Response  - 37,4,F000,2496*3d08 * 15-01-2025 14:46:16.674
J22 Value - 2496 * 15-01-2025 14:46:16.695
Command * Level Sensing For J23 - #38,4,21194,8590,0,0*eae3
 * 15-01-2025 14:46:16.935
CRC-Response  - 38,4,I001*44f3 * 15-01-2025 14:46:17.51
CRC-Response  - 38,4,F000,2495*335c * 15-01-2025 14:46:19.339
J23 Value - 2495 * 15-01-2025 14:46:19.357
Command * Level Sensing For J24 - #39,4,17564,8590,0,0*0879
 * 15-01-2025 14:46:19.615
CRC-Response  - 39,4,I001*8832 * 15-01-2025 14:46:19.732
CRC-Response  - 39,4,F000,2489*275f * 15-01-2025 14:46:22.13
J24 Value - 2489 * 15-01-2025 14:46:22.33
Command * Level Sensing For J25 - #40,4,13934,8590,0,0*ba10
 * 15-01-2025 14:46:22.282
CRC-Response  - 40,4,I001*d2d4 * 15-01-2025 14:46:22.389
CRC-Response  - 40,4,F000,2491*7f44 * 15-01-2025 14:46:24.688
J25 Value - 2491 * 15-01-2025 14:46:24.706
Command * Level Sensing For J26 - #41,4,10304,8590,0,0*d953
 * 15-01-2025 14:46:24.944
CRC-Response  - 41,4,I001*1e15 * 15-01-2025 14:46:25.61
CRC-Response  - 41,4,F000,2494*fd86 * 15-01-2025 14:46:27.358
J26 Value - 2494 * 15-01-2025 14:46:27.381
Command * Level Sensing For J27 - #42,4,21194,16380,0,0*aa1b
 * 15-01-2025 14:46:27.614
CRC-Response  - 42,4,I001*0b55 * 15-01-2025 14:46:27.731
CRC-Response  - 42,4,F000,2532*5c54 * 15-01-2025 14:46:30.831
J27 Value - 2532 * 15-01-2025 14:46:30.854
Command * Level Sensing For J28 - #43,4,24824,16380,0,0*41db
 * 15-01-2025 14:46:31.278
CRC-Response  - 43,4,I001*c794 * 15-01-2025 14:46:31.391
CRC-Response  - 43,4,F000,2540*2cd5 * 15-01-2025 14:46:33.676
J28 Value - 2540 * 15-01-2025 14:46:33.698
Command * Level Sensing For J29 - #44,4,28454,16380,0,0*3e86
 * 15-01-2025 14:46:33.935
CRC-Response  - 44,4,I001*21d5 * 15-01-2025 14:46:34.52
CRC-Response  - 44,4,F000,2519*3d1d * 15-01-2025 14:46:36.338
J29 Value - 2519 * 15-01-2025 14:46:36.359
Command * Level Sensing For J30 - #45,4,32084,16380,0,0*9f93
 * 15-01-2025 14:46:36.611
CRC-Response  - 45,4,I001*ed14 * 15-01-2025 14:46:36.727
CRC-Response  - 45,4,F000,2513*bb9f * 15-01-2025 14:46:39.18
J30 Value - 2513 * 15-01-2025 14:46:39.45
Command * Level Sensing For J31 - #46,4,35714,16380,0,0*47c6
 * 15-01-2025 14:46:39.280
CRC-Response  - 46,4,I001*f854 * 15-01-2025 14:46:39.397
CRC-Response  - 46,4,F000,2502*285a * 15-01-2025 14:46:41.685
J31 Value - 2502 * 15-01-2025 14:46:41.711
Command * Level Sensing For J32 - #47,4,39344,16380,0,0*3ff5
 * 15-01-2025 14:46:41.958
CRC-Response  - 47,4,I001*3495 * 15-01-2025 14:46:42.77
CRC-Response  - 47,4,F000,2518*3ed9 * 15-01-2025 14:46:44.365
J32 Value - 2518 * 15-01-2025 14:46:44.389
Command * Level Sensing For J33 - #48,4,64754,16380,0,0*a398
 * 15-01-2025 14:46:44.627
CRC-Response  - 48,4,I001*74d5 * 15-01-2025 14:46:44.741
CRC-Response  - 48,4,F000,2450*f79f * 15-01-2025 14:46:49.447
J33 Value - 2450 * 15-01-2025 14:46:49.470
Command * Level Sensing For W1 - #49,4,42974,800 ,0,0*ca45
 * 15-01-2025 14:46:49.799
CRC-Response  - 49,4,I001*b814 * 15-01-2025 14:46:49.918
CRC-Response  - 49,4,F000,2474*d59d * 15-01-2025 14:46:54.235
W1 Value - 2474 * 15-01-2025 14:46:54.256
Command * Level Sensing For W2 - #50,4,46604,800 ,0,0*4cab
 * 15-01-2025 14:46:54.475
CRC-Response  - 50,4,I001*42d9 * 15-01-2025 14:46:54.596
CRC-Response  - 50,4,F000,2475*1d41 * 15-01-2025 14:46:56.888
W2 Value - 2475 * 15-01-2025 14:46:56.909
Command * Level Sensing For W3 - #51,4,50234,800 ,0,0*3c0d
 * 15-01-2025 14:46:57.145
CRC-Response  - 51,4,I001*8e18 * 15-01-2025 14:46:57.262
CRC-Response  - 51,4,F000,2463*0ec2 * 15-01-2025 14:46:59.545
W3 Value - 2463 * 15-01-2025 14:46:59.572
Command * Level Sensing For W4 - #52,4,50234,8590,0,0*2269
 * 15-01-2025 14:46:59.823
CRC-Response  - 52,4,I001*9b58 * 15-01-2025 14:46:59.937
CRC-Response  - 52,4,F000,2479*5a46 * 15-01-2025 14:47:02.411
W5 Value - 2479 * 15-01-2025 14:47:02.437
Command * Level Sensing For W5 - #53,4,46604,8590,0,0*52cf
 * 15-01-2025 14:47:02.491
CRC-Response  - 53,4,I001*5799 * 15-01-2025 14:47:07.607
CRC-Response  - 53,4,F000,2477*1fc5 * 15-01-2025 14:47:07.611
W5 Value - 2477 * 15-01-2025 14:47:07.633
Command * Level Sensing For W6 - #54,4,42974,8590,0,0*c37e
 * 15-01-2025 14:47:08.51
CRC-Response  - 54,4,I001*b1d8 * 15-01-2025 14:47:08.169
CRC-Response  - 54,4,F000,2480*6a8a * 15-01-2025 14:47:10.449
W6 Value - 2480 * 15-01-2025 14:47:10.471
Command * Level Sensing For H1 - #55,4,2688,1000,0,1*b498
 * 15-01-2025 14:47:10.724
CRC-Response  - 55,4,I001*7d19 * 15-01-2025 14:47:10.841
CRC-Response  - 55,4,F000,3425*b44f * 15-01-2025 14:47:17.196
H1 Value - 3425 * 15-01-2025 14:47:17.220
Command * Level Sensing For H2 - #56,4,2688,8700,0,1*eede
 * 15-01-2025 14:47:17.388
CRC-Response  - 56,4,I001*6859 * 15-01-2025 14:47:17.494
CRC-Response  - 56,4,F000,3416*860a * 15-01-2025 14:47:19.972
H2 Value - 3416 * 15-01-2025 14:47:19.992
Command * Level Sensing For H3 - #57,4,2688,16380,0,1*6079
 * 15-01-2025 14:47:20.60
CRC-Response  - 57,4,I001*a498 * 15-01-2025 14:47:20.177
CRC-Response  - 57,4,F000,3408*5388 * 15-01-2025 14:47:22.629
H3 Value - 3408 * 15-01-2025 14:47:22.654
Command * Home Command - #58,5,01111111*7a76
 * 15-01-2025 14:47:22.739
CRC-Response  - 58,5,I001,01111111*3a29 * 15-01-2025 14:47:22.847
CRC-Response  - 58,5,F000*e11b * 15-01-2025 14:47:35.360
Command * Home Command - #59,5,01111111*b98b
 * 15-01-2025 14:47:38.931
CRC-Response  - 59,5,I001,01111111*aa78 * 15-01-2025 14:47:39.44
CRC-Response  - 59,5,F000*2dda * 15-01-2025 14:47:39.49
Command * SET TEMPERATURE - #0,10,32*870a
 * 15-01-2025 14:47:56.527
CRC-Response  - 0,10,F000*1ae9 * 15-01-2025 14:47:56.633
Command * HEATER ON - #1,12,1*dbe7
 * 15-01-2025 14:47:57.741
CRC-Response  - 1,12,F000*68e5 * 15-01-2025 14:47:57.847
Command * HEATER DOOR CLOSE - #2,8,1,0*21eb
 * 15-01-2025 14:47:58.714
CRC-Response  - 2,8,I001*fd79 * 15-01-2025 14:47:58.831
CRC-Response  - 2,8,F000*29bb * 15-01-2025 14:47:59.161
Command * READ TEMPERATURE - #3,11*ed1a
 * 15-01-2025 14:47:59.391
CRC-Response  - 3,11,F000,34*ee07 * 15-01-2025 14:47:59.504
Command * WATER VALVE - 1 CONTROL OFF - #4,13,1,0*80ea
 * 15-01-2025 14:48:04.567
CRC-Response  - 4,13,F000*e9db * 15-01-2025 14:48:04.682
Command * WATER VALVE - 2 CONTROL OFF - #5,13,2,0*4cdb
 * 15-01-2025 14:48:05.236
CRC-Response  - 5,13,F000*79d6 * 15-01-2025 14:48:05.354
Command * WATER VALVE - 3 CONTROL OFF - #6,13,3,0*99ca
 * 15-01-2025 14:48:05.917
CRC-Response  - 6,13,F000*89c2 * 15-01-2025 14:48:06.25
Command * WATER VALVE - 4 CONTROL OFF - #7,13,4,0*94ba
 * 15-01-2025 14:48:06.579
CRC-Response  - 7,13,F000*19cf * 15-01-2025 14:48:06.693
Command * WATER VALVE - 5 CONTROL OFF - #8,13,5,0*14ab
 * 15-01-2025 14:48:07.250
CRC-Response  - 8,13,F000*e98e * 15-01-2025 14:48:07.365
Command * WATER VALVE - 6 CONTROL OFF - #9,13,6,0*d89a
 * 15-01-2025 14:48:07.921
CRC-Response  - 9,13,F000*7983 * 15-01-2025 14:48:08.39
Command * Home Command - #10,5,01111111*2199
 * 15-01-2025 14:48:08.607
CRC-Response  - 10,5,I001,01111111*c9ef * 15-01-2025 14:48:08.721
CRC-Response  - 10,5,F000*8728 * 15-01-2025 14:48:09.515
Command * Home Command - #11,5,01111111*e264
 * 15-01-2025 14:48:11.773
CRC-Response  - 11,5,I001,01111111*59be * 15-01-2025 14:48:11.886
CRC-Response  - 11,5,F000*4be9 * 15-01-2025 14:48:11.888
Command * Level Sensing For H1 - #12,4,2688,1000,0,1*b46b
 * 15-01-2025 14:48:13.452
CRC-Response  - 12,4,I001*5b6a * 15-01-2025 14:48:13.568
CRC-Response  - 12,4,F000,3422*f500 * 15-01-2025 14:48:23.488
H1 Value - 3422 * 15-01-2025 14:48:23.512
Command * Level Sensing For H2 - #13,4,2688,8700,0,1*8e8c
 * 15-01-2025 14:48:23.636
CRC-Response  - 13,4,I001*97ab * 15-01-2025 14:48:23.754
CRC-Response  - 13,4,F000,3412*8402 * 15-01-2025 14:48:26.219
H2 Value - 3412 * 15-01-2025 14:48:26.244
Command * Level Sensing For H3 - #14,4,2688,16380,0,1*1478
 * 15-01-2025 14:48:26.322
CRC-Response  - 14,4,I001*71ea * 15-01-2025 14:48:26.440
CRC-Response  - 14,4,F000,3408*5488 * 15-01-2025 14:48:28.902
H3 Value - 3408 * 15-01-2025 14:48:28.923
Command * Level Sensing For L1 - #15,4,17564,16380,0,0*1c3d
 * 15-01-2025 14:48:29.5
CRC-Response  - 15,4,I001*bd2b * 15-01-2025 14:48:29.120
CRC-Response  - 15,4,F000,257*991b * 15-01-2025 14:48:32.668
L1 Value - 257 * 15-01-2025 14:48:32.700
Command * Level Sensing For L2 - #16,4,13934,16380,0,0*5c61
 * 15-01-2025 14:48:33.174
CRC-Response  - 16,4,I001*a86b * 15-01-2025 14:48:33.291
CRC-Response  - 16,4,F000,244*0c5e * 15-01-2025 14:48:35.579
L2 Value - 244 * 15-01-2025 14:48:35.606
Command * Level Sensing For L3 - #17,4,10304,16380,0,0*ad43
 * 15-01-2025 14:48:35.850
CRC-Response  - 17,4,I001*64aa * 15-01-2025 14:48:35.969
CRC-Response  - 17,4,F000,247*cee3 * 15-01-2025 14:48:38.254
L3 Value - 247 * 15-01-2025 14:48:38.278
Command * Home Command - #18,5,01111111*fe78
 * 15-01-2025 14:48:38.518
CRC-Response  - 18,5,I001,01111111*0b68 * 15-01-2025 14:48:38.628
CRC-Response  - 18,5,F000*2129 * 15-01-2025 14:48:49.671
Command * Home Command - #19,5,01111111*3d85
 * 15-01-2025 14:48:52.184
CRC-Response  - 19,5,I001,01111111*9b39 * 15-01-2025 14:48:52.302
CRC-Response  - 19,5,F000*ede8 * 15-01-2025 14:48:52.306
Rack - 1Protocol Started * 15-01-2025 14:48:55.340
Command * Rack-1 Picked from L1 - #20,2,1,17564,16380,0,0*9bae
 * 15-01-2025 14:48:55.447
CRC-Response  - 20,2,I001,1*eb9c * 15-01-2025 14:48:55.557
CRC-Response  - 20,2,F000,1*d4cd * 15-01-2025 14:49:06.241
Command * Rack-1 Placed in H1 - #21,3,1,2688,1000,0,1*5c72
 * 15-01-2025 14:49:06.639
CRC-Response  - 21,3,I001,1*e20c * 15-01-2025 14:49:06.746
CRC-Response  - 21,3,F000,1*dd5d * 15-01-2025 14:49:13.687
Command * HEATER DOOR CLOSE - #22,8,1,0*e732
 * 15-01-2025 14:49:13.838
CRC-Response  - 22,8,I001*677e * 15-01-2025 14:49:13.953
CRC-Response  - 22,8,F000*b3bc * 15-01-2025 14:49:14.295
Command * READ TEMPERATURE - #23,11*0d07
 * 15-01-2025 14:49:14.501
CRC-Response  - 23,11,F000,33*7767 * 15-01-2025 14:49:14.621
Command * READ TEMPERATURE - #24,11*7906
 * 15-01-2025 14:49:19.670
CRC-Response  - 24,11,F000,33*bc92 * 15-01-2025 14:49:19.790
Command * READ TEMPERATURE - #25,11*8507
 * 15-01-2025 14:49:24.849
CRC-Response  - 25,11,F000,33*7f6f * 15-01-2025 14:49:24.967
Command * READ TEMPERATURE - #26,11*c107
 * 15-01-2025 14:49:30.30
CRC-Response  - 26,11,F000,33*7b6b * 15-01-2025 14:49:30.145
Command * READ TEMPERATURE - #27,11*3d06
 * 15-01-2025 14:49:35.214
CRC-Response  - 27,11,F000,33*b896 * 15-01-2025 14:49:35.332
Command * READ TEMPERATURE - #28,11*2905
 * 15-01-2025 14:49:40.400
CRC-Response  - 28,11,F000,33*ac82 * 15-01-2025 14:49:40.505
Command * READ TEMPERATURE - #29,11*d504
 * 15-01-2025 14:49:45.573
CRC-Response  - 29,11,F000,33*6f7f * 15-01-2025 14:49:45.690
Command * READ TEMPERATURE - #30,11*893a
 * 15-01-2025 14:49:50.746
CRC-Response  - 30,11,F000,33*f261 * 15-01-2025 14:49:50.862
Command * READ TEMPERATURE - #31,11*753b
 * 15-01-2025 14:49:55.923
CRC-Response  - 31,11,F000,34*f3dd * 15-01-2025 14:49:56.39
Command * READ TEMPERATURE - #32,11*313b
 * 15-01-2025 14:50:01.93
CRC-Response  - 32,11,F000,33*3598 * 15-01-2025 14:50:01.206
Command * READ TEMPERATURE - #33,11*cd3a
 * 15-01-2025 14:50:06.272
CRC-Response  - 33,11,F000,33*f665 * 15-01-2025 14:50:06.390
Command * READ TEMPERATURE - #34,11*b93b
 * 15-01-2025 14:50:11.444
CRC-Response  - 34,11,F000,34*ffd1 * 15-01-2025 14:50:11.561
Command * READ TEMPERATURE - #35,11*453a
 * 15-01-2025 14:50:16.607
CRC-Response  - 35,11,F000,33*fe6d * 15-01-2025 14:50:16.717
Command * READ TEMPERATURE - #36,11*013a
 * 15-01-2025 14:50:21.769
CRC-Response  - 36,11,F000,34*3828 * 15-01-2025 14:50:21.886
Command * READ TEMPERATURE - #37,11*fd3b
 * 15-01-2025 14:50:26.947
CRC-Response  - 37,11,F000,34*fbd5 * 15-01-2025 14:50:27.62
Command * READ TEMPERATURE - #38,11*e938
 * 15-01-2025 14:50:32.117
CRC-Response  - 38,11,F000,34*efc1 * 15-01-2025 14:50:32.234
Command * READ TEMPERATURE - #39,11*1539
 * 15-01-2025 14:50:37.281
CRC-Response  - 39,11,F000,34*2c3c * 15-01-2025 14:50:37.399
Command * READ TEMPERATURE - #40,11*498f
 * 15-01-2025 14:50:42.464
CRC-Response  - 40,11,F000,34*772b * 15-01-2025 14:50:42.583
Command * READ TEMPERATURE - #41,11*b58e
 * 15-01-2025 14:50:47.638
CRC-Response  - 41,11,F000,34*b4d6 * 15-01-2025 14:50:47.755
Command * READ TEMPERATURE - #42,11*f18e
 * 15-01-2025 14:50:52.814
CRC-Response  - 42,11,F000,34*b0d2 * 15-01-2025 14:50:52.931
Command * READ TEMPERATURE - #43,11*0d8f
 * 15-01-2025 14:50:57.995
CRC-Response  - 43,11,F000,34*732f * 15-01-2025 14:50:58.114
Command * READ TEMPERATURE - #44,11*798e
 * 15-01-2025 14:51:03.184
CRC-Response  - 44,11,F000,34*b8da * 15-01-2025 14:51:03.302
Command * READ TEMPERATURE - #45,11*858f
 * 15-01-2025 14:51:08.358
CRC-Response  - 45,11,F000,34*7b27 * 15-01-2025 14:51:08.474
Command * READ TEMPERATURE - #46,11*c18f
 * 15-01-2025 14:51:13.535
CRC-Response  - 46,11,F000,34*7f23 * 15-01-2025 14:51:13.653
Command * READ TEMPERATURE - #47,11*3d8e
 * 15-01-2025 14:51:18.699
CRC-Response  - 47,11,F000,34*bcde * 15-01-2025 14:51:18.818
Command * READ TEMPERATURE - #48,11*298d
 * 15-01-2025 14:51:23.886
CRC-Response  - 48,11,F000,34*a8ca * 15-01-2025 14:51:24.4
Command * READ TEMPERATURE - #49,11*d58c
 * 15-01-2025 14:51:29.75
CRC-Response  - 49,11,F000,34*6b37 * 15-01-2025 14:51:29.192
Command * READ TEMPERATURE - #50,11*89b2
 * 15-01-2025 14:51:34.251
CRC-Response  - 50,11,F000,34*f629 * 15-01-2025 14:51:34.367
Command * READ TEMPERATURE - #51,11*75b3
 * 15-01-2025 14:51:39.431
CRC-Response  - 51,11,F000,34*35d4 * 15-01-2025 14:51:39.544
Command * READ TEMPERATURE - #52,11*31b3
 * 15-01-2025 14:51:44.604
CRC-Response  - 52,11,F000,34*31d0 * 15-01-2025 14:51:44.717
Command * READ TEMPERATURE - #53,11*cdb2
 * 15-01-2025 14:51:49.780
CRC-Response  - 53,11,F000,34*f22d * 15-01-2025 14:51:49.883
Command * READ TEMPERATURE - #54,11*b9b3
 * 15-01-2025 14:51:54.940
CRC-Response  - 54,11,F000,34*39d8 * 15-01-2025 14:51:55.60
Command * READ TEMPERATURE - #55,11*45b2
 * 15-01-2025 14:52:00.115
CRC-Response  - 55,11,F000,33*3864 * 15-01-2025 14:52:00.232
Command * READ TEMPERATURE - #56,11*01b2
 * 15-01-2025 14:52:05.292
CRC-Response  - 56,11,F000,34*fe21 * 15-01-2025 14:52:05.408
Command * READ TEMPERATURE - #57,11*fdb3
 * 15-01-2025 14:52:10.461
CRC-Response  - 57,11,F000,34*3ddc * 15-01-2025 14:52:10.579
Command * READ TEMPERATURE - #58,11*e9b0
 * 15-01-2025 14:52:15.628
CRC-Response  - 58,11,F000,34*29c8 * 15-01-2025 14:52:15.732
Command * READ TEMPERATURE - #59,11*15b1
 * 15-01-2025 14:52:20.793
CRC-Response  - 59,11,F000,34*ea35 * 15-01-2025 14:52:20.910
Command * READ TEMPERATURE - #60,11*89f6
 * 15-01-2025 14:52:25.975
CRC-Response  - 60,11,F000,34*352c * 15-01-2025 14:52:26.94
Command * READ TEMPERATURE - #61,11*75f7
 * 15-01-2025 14:52:31.142
CRC-Response  - 61,11,F000,35*3610 * 15-01-2025 14:52:31.247
Command * READ TEMPERATURE - #62,11*31f7
 * 15-01-2025 14:52:36.298
CRC-Response  - 62,11,F000,34*f2d5 * 15-01-2025 14:52:36.415
Command * READ TEMPERATURE - #63,11*cdf6
 * 15-01-2025 14:52:41.472
CRC-Response  - 63,11,F000,34*3128 * 15-01-2025 14:52:41.588
Command * READ TEMPERATURE - #64,11*b9f7
 * 15-01-2025 14:52:46.645
CRC-Response  - 64,11,F000,34*fadd * 15-01-2025 14:52:46.760
Command * READ TEMPERATURE - #65,11*45f6
 * 15-01-2025 14:52:51.819
CRC-Response  - 65,11,F000,34*3920 * 15-01-2025 14:52:51.936
Command * READ TEMPERATURE - #66,11*01f6
 * 15-01-2025 14:52:56.989
CRC-Response  - 66,11,F000,34*3d24 * 15-01-2025 14:52:57.109
Command * READ TEMPERATURE - #67,11*fdf7
 * 15-01-2025 14:53:02.157
CRC-Response  - 67,11,F000,34*fed9 * 15-01-2025 14:53:02.273
Command * READ TEMPERATURE - #68,11*e9f4
 * 15-01-2025 14:53:07.338
CRC-Response  - 68,11,F000,34*eacd * 15-01-2025 14:53:07.457
Command * READ TEMPERATURE - #69,11*15f5
 * 15-01-2025 14:53:12.516
CRC-Response  - 69,11,F000,34*2930 * 15-01-2025 14:53:12.626
Command * READ TEMPERATURE - #70,11*49cb
 * 15-01-2025 14:53:17.680
CRC-Response  - 70,11,F000,34*b42e * 15-01-2025 14:53:17.799
Command * READ TEMPERATURE - #71,11*b5ca
 * 15-01-2025 14:53:22.850
CRC-Response  - 71,11,F000,34*77d3 * 15-01-2025 14:53:22.966
Command * READ TEMPERATURE - #72,11*f1ca
 * 15-01-2025 14:53:28.25
CRC-Response  - 72,11,F000,34*73d7 * 15-01-2025 14:53:28.129
Command * READ TEMPERATURE - #73,11*0dcb
 * 15-01-2025 14:53:33.188
CRC-Response  - 73,11,F000,34*b02a * 15-01-2025 14:53:33.301
Command * READ TEMPERATURE - #74,11*79ca
 * 15-01-2025 14:53:38.368
CRC-Response  - 74,11,F000,34*7bdf * 15-01-2025 14:53:38.484
Command * READ TEMPERATURE - #75,11*85cb
 * 15-01-2025 14:53:43.535
CRC-Response  - 75,11,F000,34*b822 * 15-01-2025 14:53:43.652
Command * READ TEMPERATURE - #76,11*c1cb
 * 15-01-2025 14:53:48.703
CRC-Response  - 76,11,F000,34*bc26 * 15-01-2025 14:53:48.822
Command * READ TEMPERATURE - #77,11*3dca
 * 15-01-2025 14:53:53.882
CRC-Response  - 77,11,F000,34*7fdb * 15-01-2025 14:53:53.996
Command * READ TEMPERATURE - #78,11*29c9
 * 15-01-2025 14:53:59.58
CRC-Response  - 78,11,F000,34*6bcf * 15-01-2025 14:53:59.173
Command * READ TEMPERATURE - #79,11*d5c8
 * 15-01-2025 14:54:04.221
CRC-Response  - 79,11,F000,34*a832 * 15-01-2025 14:54:04.324
Command * READ TEMPERATURE - #80,11*489f
 * 15-01-2025 14:54:09.385
CRC-Response  - 80,11,F000,34*bb3a * 15-01-2025 14:54:09.504
Command * READ TEMPERATURE - #81,11*b49e
 * 15-01-2025 14:54:14.562
CRC-Response  - 81,11,F000,34*78c7 * 15-01-2025 14:54:14.675
Command * READ TEMPERATURE - #82,11*f09e
 * 15-01-2025 14:54:19.745
CRC-Response  - 82,11,F000,33*be82 * 15-01-2025 14:54:19.859
Command * READ TEMPERATURE - #83,11*0c9f
 * 15-01-2025 14:54:24.910
CRC-Response  - 83,11,F000,34*bf3e * 15-01-2025 14:54:25.27
Command * READ TEMPERATURE - #84,11*789e
 * 15-01-2025 14:54:30.75
CRC-Response  - 84,11,F000,34*74cb * 15-01-2025 14:54:30.194
Command * READ TEMPERATURE - #85,11*849f
 * 15-01-2025 14:54:35.260
CRC-Response  - 85,11,F000,34*b736 * 15-01-2025 14:54:35.379
Command * READ TEMPERATURE - #86,11*c09f
 * 15-01-2025 14:54:40.444
CRC-Response  - 86,11,F000,34*b332 * 15-01-2025 14:54:40.559
Command * READ TEMPERATURE - #87,11*3c9e
 * 15-01-2025 14:54:45.614
CRC-Response  - 87,11,F000,34*70cf * 15-01-2025 14:54:45.729
Command * READ TEMPERATURE - #88,11*289d
 * 15-01-2025 14:54:50.789
CRC-Response  - 88,11,F000,34*64db * 15-01-2025 14:54:50.894
Command * READ TEMPERATURE - #89,11*d49c
 * 15-01-2025 14:54:55.946
CRC-Response  - 89,11,F000,34*a726 * 15-01-2025 14:54:56.64
Command * READ TEMPERATURE - #90,11*88a2
 * 15-01-2025 14:55:01.106
CRC-Response  - 90,11,F000,34*3a38 * 15-01-2025 14:55:01.211
Command * READ TEMPERATURE - #91,11*74a3
 * 15-01-2025 14:55:06.267
CRC-Response  - 91,11,F000,34*f9c5 * 15-01-2025 14:55:06.385
Command * READ TEMPERATURE - #92,11*30a3
 * 15-01-2025 14:55:11.441
CRC-Response  - 92,11,F000,34*fdc1 * 15-01-2025 14:55:11.560
Command * READ TEMPERATURE - #93,11*cca2
 * 15-01-2025 14:55:16.617
CRC-Response  - 93,11,F000,34*3e3c * 15-01-2025 14:55:16.736
Command * READ TEMPERATURE - #94,11*b8a3
 * 15-01-2025 14:55:21.784
CRC-Response  - 94,11,F000,34*f5c9 * 15-01-2025 14:55:21.890
Command * READ TEMPERATURE - #95,11*44a2
 * 15-01-2025 14:55:26.946
CRC-Response  - 95,11,F000,34*3634 * 15-01-2025 14:55:27.65
Command * READ TEMPERATURE - #96,11*00a2
 * 15-01-2025 14:55:32.115
CRC-Response  - 96,11,F000,34*3230 * 15-01-2025 14:55:32.233
Command * READ TEMPERATURE - #97,11*fca3
 * 15-01-2025 14:55:37.282
CRC-Response  - 97,11,F000,34*f1cd * 15-01-2025 14:55:37.398
Command * READ TEMPERATURE - #98,11*e8a0
 * 15-01-2025 14:55:42.455
CRC-Response  - 98,11,F000,34*e5d9 * 15-01-2025 14:55:42.560
Command * READ TEMPERATURE - #99,11*14a1
 * 15-01-2025 14:55:47.615
CRC-Response  - 99,11,F000,34*2624 * 15-01-2025 14:55:47.731
Command * READ TEMPERATURE - #100,11*b35e
 * 15-01-2025 14:55:52.788
CRC-Response  - 100,11,F000,35*287c * 15-01-2025 14:55:52.907
Command * READ TEMPERATURE - #101,11*4f5f
 * 15-01-2025 14:55:57.961
CRC-Response  - 101,11,F000,35*eb81 * 15-01-2025 14:55:58.79
Command * READ TEMPERATURE - #102,11*0b5f
 * 15-01-2025 14:56:03.125
CRC-Response  - 102,11,F000,34*2f44 * 15-01-2025 14:56:03.244
Command * READ TEMPERATURE - #103,11*f75e
 * 15-01-2025 14:56:08.297
CRC-Response  - 103,11,F000,34*ecb9 * 15-01-2025 14:56:08.415
Command * READ TEMPERATURE - #104,11*835f
 * 15-01-2025 14:56:13.467
CRC-Response  - 104,11,F000,34*274c * 15-01-2025 14:56:13.586
Command * READ TEMPERATURE - #105,11*7f5e
 * 15-01-2025 14:56:18.641
CRC-Response  - 105,11,F000,34*e4b1 * 15-01-2025 14:56:18.757
Command * READ TEMPERATURE - #106,11*3b5e
 * 15-01-2025 14:56:23.821
CRC-Response  - 106,11,F000,34*e0b5 * 15-01-2025 14:56:23.938
Command * READ TEMPERATURE - #107,11*c75f
 * 15-01-2025 14:56:28.996
CRC-Response  - 107,11,F000,34*2348 * 15-01-2025 14:56:29.111
Command * READ TEMPERATURE - #108,11*d35c
 * 15-01-2025 14:56:34.185
CRC-Response  - 108,11,F000,34*375c * 15-01-2025 14:56:34.385
Command * READ TEMPERATURE - #109,11*2f5d
 * 15-01-2025 14:56:39.440
CRC-Response  - 109,11,F000,34*f4a1 * 15-01-2025 14:56:39.558
Command * READ TEMPERATURE - #110,11*7363
 * 15-01-2025 14:56:44.611
CRC-Response  - 110,11,F000,34*69bf * 15-01-2025 14:56:44.729
Command * READ TEMPERATURE - #111,11*8f62
 * 15-01-2025 14:56:49.782
CRC-Response  - 111,11,F000,34*aa42 * 15-01-2025 14:56:49.901
Command * READ TEMPERATURE - #112,11*cb62
 * 15-01-2025 14:56:54.960
CRC-Response  - 112,11,F000,34*ae46 * 15-01-2025 14:56:55.74
Command * READ TEMPERATURE - #113,11*3763
 * 15-01-2025 14:57:00.130
CRC-Response  - 113,11,F000,34*6dbb * 15-01-2025 14:57:00.247
Command * READ TEMPERATURE - #114,11*4362
 * 15-01-2025 14:57:05.299
CRC-Response  - 114,11,F000,34*a64e * 15-01-2025 14:57:05.415
Command * READ TEMPERATURE - #115,11*bf63
 * 15-01-2025 14:57:10.472
CRC-Response  - 115,11,F000,34*65b3 * 15-01-2025 14:57:10.587
Command * READ TEMPERATURE - #116,11*fb63
 * 15-01-2025 14:57:15.652
CRC-Response  - 116,11,F000,34*61b7 * 15-01-2025 14:57:15.770
Command * READ TEMPERATURE - #117,11*0762
 * 15-01-2025 14:57:20.833
CRC-Response  - 117,11,F000,34*a24a * 15-01-2025 14:57:20.952
Command * READ TEMPERATURE - #118,11*1361
 * 15-01-2025 14:57:26.4
CRC-Response  - 118,11,F000,34*b65e * 15-01-2025 14:57:26.111
Command * READ TEMPERATURE - #119,11*ef60
 * 15-01-2025 14:57:31.161
CRC-Response  - 119,11,F000,34*75a3 * 15-01-2025 14:57:31.279
Command * READ TEMPERATURE - #120,11*7327
 * 15-01-2025 14:57:36.328
CRC-Response  - 120,11,F000,35*6a7b * 15-01-2025 14:57:36.447
Command * READ TEMPERATURE - #121,11*8f26
 * 15-01-2025 14:57:41.510
CRC-Response  - 121,11,F000,34*6947 * 15-01-2025 14:57:41.627
Command * READ TEMPERATURE - #122,11*cb26
 * 15-01-2025 14:57:46.700
CRC-Response  - 122,11,F000,34*6d43 * 15-01-2025 14:57:46.812
Command * READ TEMPERATURE - #123,11*3727
 * 15-01-2025 14:57:51.860
CRC-Response  - 123,11,F000,34*aebe * 15-01-2025 14:57:51.964
Command * READ TEMPERATURE - #124,11*4326
 * 15-01-2025 14:57:57.10
CRC-Response  - 124,11,F000,34*654b * 15-01-2025 14:57:57.127
Command * READ TEMPERATURE - #125,11*bf27
 * 15-01-2025 14:58:02.177
CRC-Response  - 125,11,F000,34*a6b6 * 15-01-2025 14:58:02.292
Command * READ TEMPERATURE - #126,11*fb27
 * 15-01-2025 14:58:07.356
CRC-Response  - 126,11,F000,34*a2b2 * 15-01-2025 14:58:07.470
Command * READ TEMPERATURE - #127,11*0726
 * 15-01-2025 14:58:12.516
CRC-Response  - 127,11,F000,35*a18e * 15-01-2025 14:58:12.632
Command * READ TEMPERATURE - #128,11*1325
 * 15-01-2025 14:58:17.698
CRC-Response  - 128,11,F000,35*b59a * 15-01-2025 14:58:17.861
Command * READ TEMPERATURE - #129,11*ef24
 * 15-01-2025 14:58:22.906
CRC-Response  - 129,11,F000,34*b6a6 * 15-01-2025 14:58:23.64
Command * READ TEMPERATURE - #130,11*b31a
 * 15-01-2025 14:58:28.116
CRC-Response  - 130,11,F000,35*eb79 * 15-01-2025 14:58:28.231
Command * READ TEMPERATURE - #131,11*4f1b
 * 15-01-2025 14:58:33.288
CRC-Response  - 131,11,F000,35*2884 * 15-01-2025 14:58:33.405
Command * READ TEMPERATURE - #132,11*0b1b
 * 15-01-2025 14:58:38.449
CRC-Response  - 132,11,F000,35*2c80 * 15-01-2025 14:58:38.564
Command * READ TEMPERATURE - #133,11*f71a
 * 15-01-2025 14:58:43.613
CRC-Response  - 133,11,F000,35*ef7d * 15-01-2025 14:58:43.728
Command * READ TEMPERATURE - #134,11*831b
 * 15-01-2025 14:58:48.783
CRC-Response  - 134,11,F000,35*2488 * 15-01-2025 14:58:48.899
Command * READ TEMPERATURE - #135,11*7f1a
 * 15-01-2025 14:58:53.956
CRC-Response  - 135,11,F000,35*e775 * 15-01-2025 14:58:54.103
Command * READ TEMPERATURE - #136,11*3b1a
 * 15-01-2025 14:58:59.151
CRC-Response  - 136,11,F000,35*e371 * 15-01-2025 14:58:59.269
Command * READ TEMPERATURE - #137,11*c71b
 * 15-01-2025 14:59:04.330
CRC-Response  - 137,11,F000,34*e04d * 15-01-2025 14:59:04.448
Command * READ TEMPERATURE - #138,11*d318
 * 15-01-2025 14:59:09.508
CRC-Response  - 138,11,F000,34*f459 * 15-01-2025 14:59:09.625
Command * READ TEMPERATURE - #139,11*2f19
 * 15-01-2025 14:59:14.672
CRC-Response  - 139,11,F000,35*f765 * 15-01-2025 14:59:14.777
Command * READ TEMPERATURE - #140,11*73af
 * 15-01-2025 14:59:19.831
CRC-Response  - 140,11,F000,34*6cb3 * 15-01-2025 14:59:19.948
Command * READ TEMPERATURE - #141,11*8fae
 * 15-01-2025 14:59:25.8
CRC-Response  - 141,11,F000,35*6f8f * 15-01-2025 14:59:25.144
Command * READ TEMPERATURE - #142,11*cbae
 * 15-01-2025 14:59:30.208
CRC-Response  - 142,11,F000,35*6b8b * 15-01-2025 14:59:30.322
Command * READ TEMPERATURE - #143,11*37af
 * 15-01-2025 14:59:35.378
CRC-Response  - 143,11,F000,35*a876 * 15-01-2025 14:59:35.496
Command * READ TEMPERATURE - #144,11*43ae
 * 15-01-2025 14:59:40.547
CRC-Response  - 144,11,F000,35*6383 * 15-01-2025 14:59:40.664
Command * READ TEMPERATURE - #145,11*bfaf
 * 15-01-2025 14:59:45.725
CRC-Response  - 145,11,F000,35*a07e * 15-01-2025 14:59:45.829
Command * READ TEMPERATURE - #146,11*fbaf
 * 15-01-2025 14:59:50.878
CRC-Response  - 146,11,F000,35*a47a * 15-01-2025 14:59:50.997
Command * READ TEMPERATURE - #147,11*07ae
 * 15-01-2025 14:59:56.56
CRC-Response  - 147,11,F000,35*6787 * 15-01-2025 14:59:56.175
Command * READ TEMPERATURE - #148,11*13ad
 * 15-01-2025 15:00:01.232
CRC-Response  - 148,11,F000,35*7393 * 15-01-2025 15:00:01.336
Command * READ TEMPERATURE - #149,11*efac
 * 15-01-2025 15:00:06.390
CRC-Response  - 149,11,F000,35*b06e * 15-01-2025 15:00:06.507
Command * READ TEMPERATURE - #150,11*b392
 * 15-01-2025 15:00:11.571
CRC-Response  - 150,11,F000,35*2d70 * 15-01-2025 15:00:11.689
Command * READ TEMPERATURE - #151,11*4f93
 * 15-01-2025 15:00:16.736
CRC-Response  - 151,11,F000,35*ee8d * 15-01-2025 15:00:16.840
Command * HEATER DOOR OPEN - #152,8,1,1*aba1
 * 15-01-2025 15:00:18.275
CRC-Response  - 152,8,I001*9a73 * 15-01-2025 15:00:18.395
CRC-Response  - 152,8,F000*4eb1 * 15-01-2025 15:00:18.722
Rack - 2Protocol Started * 15-01-2025 15:00:19.416
Command * Rack-2 Picked from L2 - #153,2,1,13934,16380,0,0*3338
 * 15-01-2025 15:00:19.495
CRC-Response  - 153,2,I001,1*f5a9 * 15-01-2025 15:00:19.602
CRC-Response  - 153,2,F000,1*caf8 * 15-01-2025 15:00:26.139
Command * Rack-2 Placed in H2 - #154,3,1,2688,8700,0,1*afa7
 * 15-01-2025 15:00:26.687
CRC-Response  - 154,3,I001,1*e3d9 * 15-01-2025 15:00:26.793
CRC-Response  - 154,3,F000,1*dc88 * 15-01-2025 15:00:33.325
Command * HEATER DOOR CLOSE - #155,8,1,0*ab16
 * 15-01-2025 15:00:33.868
CRC-Response  - 155,8,I001*7c32 * 15-01-2025 15:00:33.982
CRC-Response  - 155,8,F000*a8f0 * 15-01-2025 15:00:34.320
Command * READ TEMPERATURE - #156,11*3b92
 * 15-01-2025 15:00:34.532
CRC-Response  - 156,11,F000,34*e5b9 * 15-01-2025 15:00:34.649
Command * READ TEMPERATURE - #157,11*c793
 * 15-01-2025 15:00:39.701
CRC-Response  - 157,11,F000,34*2644 * 15-01-2025 15:00:39.818
Command * READ TEMPERATURE - #158,11*d390
 * 15-01-2025 15:00:44.880
CRC-Response  - 158,11,F000,34*3250 * 15-01-2025 15:00:44.998
Command * READ TEMPERATURE - #159,11*2f91
 * 15-01-2025 15:00:50.54
CRC-Response  - 159,11,F000,34*f1ad * 15-01-2025 15:00:50.171
Command * READ TEMPERATURE - #160,11*b3d6
 * 15-01-2025 15:00:55.219
CRC-Response  - 160,11,F000,34*2eb4 * 15-01-2025 15:00:55.328
Command * READ TEMPERATURE - #161,11*4fd7
 * 15-01-2025 15:01:00.371
CRC-Response  - 161,11,F000,34*ed49 * 15-01-2025 15:01:00.477
Command * READ TEMPERATURE - #162,11*0bd7
 * 15-01-2025 15:01:05.536
CRC-Response  - 162,11,F000,35*298c * 15-01-2025 15:01:05.652
Command * READ TEMPERATURE - #163,11*f7d6
 * 15-01-2025 15:01:10.705
CRC-Response  - 163,11,F000,34*2ab0 * 15-01-2025 15:01:10.820
Command * READ TEMPERATURE - #164,11*83d7
 * 15-01-2025 15:01:15.876
CRC-Response  - 164,11,F000,34*e145 * 15-01-2025 15:01:15.992
Command * READ TEMPERATURE - #165,11*7fd6
 * 15-01-2025 15:01:21.55
CRC-Response  - 165,11,F000,35*e279 * 15-01-2025 15:01:21.173
Command * READ TEMPERATURE - #166,11*3bd6
 * 15-01-2025 15:01:26.225
CRC-Response  - 166,11,F000,35*e67d * 15-01-2025 15:01:26.330
Command * READ TEMPERATURE - #167,11*c7d7
 * 15-01-2025 15:01:31.379
CRC-Response  - 167,11,F000,35*2580 * 15-01-2025 15:01:31.496
Command * READ TEMPERATURE - #168,11*d3d4
 * 15-01-2025 15:01:36.545
CRC-Response  - 168,11,F000,34*f155 * 15-01-2025 15:01:36.662
Command * READ TEMPERATURE - #169,11*2fd5
 * 15-01-2025 15:01:41.728
CRC-Response  - 169,11,F000,35*f269 * 15-01-2025 15:01:41.847
Command * READ TEMPERATURE - #170,11*73eb
 * 15-01-2025 15:01:46.911
CRC-Response  - 170,11,F000,35*6f77 * 15-01-2025 15:01:47.27
Command * READ TEMPERATURE - #171,11*8fea
 * 15-01-2025 15:01:52.88
CRC-Response  - 171,11,F000,35*ac8a * 15-01-2025 15:01:52.192
Command * READ TEMPERATURE - #172,11*cbea
 * 15-01-2025 15:01:57.256
CRC-Response  - 172,11,F000,35*a88e * 15-01-2025 15:01:57.373
Command * READ TEMPERATURE - #173,11*37eb
 * 15-01-2025 15:02:02.424
CRC-Response  - 173,11,F000,35*6b73 * 15-01-2025 15:02:02.540
Command * READ TEMPERATURE - #174,11*43ea
 * 15-01-2025 15:02:07.598
CRC-Response  - 174,11,F000,35*a086 * 15-01-2025 15:02:07.716
Command * READ TEMPERATURE - #175,11*bfeb
 * 15-01-2025 15:02:12.775
CRC-Response  - 175,11,F000,35*637b * 15-01-2025 15:02:12.894
Command * READ TEMPERATURE - #176,11*fbeb
 * 15-01-2025 15:02:17.961
CRC-Response  - 176,11,F000,35*677f * 15-01-2025 15:02:18.80
Command * READ TEMPERATURE - #177,11*07ea
 * 15-01-2025 15:02:23.128
CRC-Response  - 177,11,F000,35*a482 * 15-01-2025 15:02:23.248
Command * READ TEMPERATURE - #178,11*13e9
 * 15-01-2025 15:02:28.298
CRC-Response  - 178,11,F000,36*b1d6 * 15-01-2025 15:02:28.410
Command * READ TEMPERATURE - #179,11*efe8
 * 15-01-2025 15:02:33.470
CRC-Response  - 179,11,F000,35*736b * 15-01-2025 15:02:33.587
Command * READ TEMPERATURE - #180,11*72bf
 * 15-01-2025 15:02:38.647
CRC-Response  - 180,11,F000,35*6063 * 15-01-2025 15:02:38.762
Command * READ TEMPERATURE - #181,11*8ebe
 * 15-01-2025 15:02:43.815
CRC-Response  - 181,11,F000,35*a39e * 15-01-2025 15:02:43.933
Command * READ TEMPERATURE - #182,11*cabe
 * 15-01-2025 15:02:48.986
CRC-Response  - 182,11,F000,35*a79a * 15-01-2025 15:02:49.95
Command * READ TEMPERATURE - #183,11*36bf
 * 15-01-2025 15:02:54.136
CRC-Response  - 183,11,F000,35*6467 * 15-01-2025 15:02:54.255
Command * READ TEMPERATURE - #184,11*42be
 * 15-01-2025 15:02:59.310
CRC-Response  - 184,11,F000,35*af92 * 15-01-2025 15:02:59.428
Command * READ TEMPERATURE - #185,11*bebf
 * 15-01-2025 15:03:04.500
CRC-Response  - 185,11,F000,35*6c6f * 15-01-2025 15:03:04.611
Command * READ TEMPERATURE - #186,11*fabf
 * 15-01-2025 15:03:09.668
CRC-Response  - 186,11,F000,35*686b * 15-01-2025 15:03:09.779
Command * READ TEMPERATURE - #187,11*06be
 * 15-01-2025 15:03:14.832
CRC-Response  - 187,11,F000,35*ab96 * 15-01-2025 15:03:14.951
Command * READ TEMPERATURE - #188,11*12bd
 * 15-01-2025 15:03:20.3
CRC-Response  - 188,11,F000,35*bf82 * 15-01-2025 15:03:20.113
Command * READ TEMPERATURE - #189,11*eebc
 * 15-01-2025 15:03:25.171
CRC-Response  - 189,11,F000,35*7c7f * 15-01-2025 15:03:25.290
Command * READ TEMPERATURE - #190,11*b282
 * 15-01-2025 15:03:30.347
CRC-Response  - 190,11,F000,35*e161 * 15-01-2025 15:03:30.464
Command * READ TEMPERATURE - #191,11*4e83
 * 15-01-2025 15:03:35.515
CRC-Response  - 191,11,F000,35*229c * 15-01-2025 15:03:35.635
Command * READ TEMPERATURE - #192,11*0a83
 * 15-01-2025 15:03:40.696
CRC-Response  - 192,11,F000,35*2698 * 15-01-2025 15:03:40.810
Command * READ TEMPERATURE - #193,11*f682
 * 15-01-2025 15:03:45.864
CRC-Response  - 193,11,F000,35*e565 * 15-01-2025 15:03:45.983
Command * READ TEMPERATURE - #194,11*8283
 * 15-01-2025 15:03:51.34
CRC-Response  - 194,11,F000,35*2e90 * 15-01-2025 15:03:51.182
Command * READ TEMPERATURE - #195,11*7e82
 * 15-01-2025 15:03:56.242
CRC-Response  - 195,11,F000,35*ed6d * 15-01-2025 15:03:56.361
Command * READ TEMPERATURE - #196,11*3a82
 * 15-01-2025 15:04:01.406
CRC-Response  - 196,11,F000,35*e969 * 15-01-2025 15:04:01.524
Command * READ TEMPERATURE - #197,11*c683
 * 15-01-2025 15:04:06.578
CRC-Response  - 197,11,F000,35*2a94 * 15-01-2025 15:04:06.695
Command * READ TEMPERATURE - #198,11*d280
 * 15-01-2025 15:04:11.750
CRC-Response  - 198,11,F000,35*3e80 * 15-01-2025 15:04:11.868
Command * READ TEMPERATURE - #199,11*2e81
 * 15-01-2025 15:04:16.923
CRC-Response  - 199,11,F000,35*fd7d * 15-01-2025 15:04:17.39
Command * READ TEMPERATURE - #200,11*805e
 * 15-01-2025 15:04:22.96
CRC-Response  - 200,11,F000,35*2b7f * 15-01-2025 15:04:22.209
Command * READ TEMPERATURE - #201,11*7c5f
 * 15-01-2025 15:04:27.262
CRC-Response  - 201,11,F000,35*e882 * 15-01-2025 15:04:27.380
Command * READ TEMPERATURE - #202,11*385f
 * 15-01-2025 15:04:32.435
CRC-Response  - 202,11,F000,35*ec86 * 15-01-2025 15:04:32.551
Command * READ TEMPERATURE - #203,11*c45e
 * 15-01-2025 15:04:37.617
CRC-Response  - 203,11,F000,35*2f7b * 15-01-2025 15:04:37.734
Command * READ TEMPERATURE - #204,11*b05f
 * 15-01-2025 15:04:42.788
CRC-Response  - 204,11,F000,35*e48e * 15-01-2025 15:04:42.893
Command * READ TEMPERATURE - #205,11*4c5e
 * 15-01-2025 15:04:47.939
CRC-Response  - 205,11,F000,35*2773 * 15-01-2025 15:04:48.49
Command * READ TEMPERATURE - #206,11*085e
 * 15-01-2025 15:04:53.103
CRC-Response  - 206,11,F000,35*2377 * 15-01-2025 15:04:53.211
Command * READ TEMPERATURE - #207,11*f45f
 * 15-01-2025 15:04:58.269
CRC-Response  - 207,11,F000,35*e08a * 15-01-2025 15:04:58.388
Command * READ TEMPERATURE - #208,11*e05c
 * 15-01-2025 15:05:03.446
CRC-Response  - 208,11,F000,35*f49e * 15-01-2025 15:05:03.561
Command * READ TEMPERATURE - #209,11*1c5d
 * 15-01-2025 15:05:08.612
CRC-Response  - 209,11,F000,35*3763 * 15-01-2025 15:05:08.728
Command * READ TEMPERATURE - #210,11*4063
 * 15-01-2025 15:05:13.789
CRC-Response  - 210,11,F000,35*aa7d * 15-01-2025 15:05:13.921
Command * READ TEMPERATURE - #211,11*bc62
 * 15-01-2025 15:05:18.975
CRC-Response  - 211,11,F000,35*6980 * 15-01-2025 15:05:19.85
Command * READ TEMPERATURE - #212,11*f862
 * 15-01-2025 15:05:24.146
CRC-Response  - 212,11,F000,35*6d84 * 15-01-2025 15:05:24.251
Command * READ TEMPERATURE - #213,11*0463
 * 15-01-2025 15:05:29.304
CRC-Response  - 213,11,F000,35*ae79 * 15-01-2025 15:05:29.421
Command * READ TEMPERATURE - #214,11*7062
 * 15-01-2025 15:05:34.470
CRC-Response  - 214,11,F000,35*658c * 15-01-2025 15:05:34.576
Command * READ TEMPERATURE - #215,11*8c63
 * 15-01-2025 15:05:39.633
CRC-Response  - 215,11,F000,35*a671 * 15-01-2025 15:05:39.752
Command * READ TEMPERATURE - #216,11*c863
 * 15-01-2025 15:05:44.800
CRC-Response  - 216,11,F000,35*a275 * 15-01-2025 15:05:44.919
Command * READ TEMPERATURE - #217,11*3462
 * 15-01-2025 15:05:49.975
CRC-Response  - 217,11,F000,35*6188 * 15-01-2025 15:05:50.88
Command * READ TEMPERATURE - #218,11*2061
 * 15-01-2025 15:05:55.141
CRC-Response  - 218,11,F000,35*759c * 15-01-2025 15:05:55.245
Command * READ TEMPERATURE - #219,11*dc60
 * 15-01-2025 15:06:00.307
CRC-Response  - 219,11,F000,35*b661 * 15-01-2025 15:06:00.425
Command * READ TEMPERATURE - #220,11*4027
 * 15-01-2025 15:06:05.474
CRC-Response  - 220,11,F000,35*6978 * 15-01-2025 15:06:05.592
Command * READ TEMPERATURE - #221,11*bc26
 * 15-01-2025 15:06:10.644
CRC-Response  - 221,11,F000,35*aa85 * 15-01-2025 15:06:10.749
Command * READ TEMPERATURE - #222,11*f826
 * 15-01-2025 15:06:15.796
CRC-Response  - 222,11,F000,36*afc1 * 15-01-2025 15:06:15.911
Command * READ TEMPERATURE - #223,11*0427
 * 15-01-2025 15:06:20.977
CRC-Response  - 223,11,F000,35*6d7c * 15-01-2025 15:06:21.91
Command * READ TEMPERATURE - #224,11*7026
 * 15-01-2025 15:06:26.136
CRC-Response  - 224,11,F000,35*a689 * 15-01-2025 15:06:26.254
Command * READ TEMPERATURE - #225,11*8c27
 * 15-01-2025 15:06:31.324
CRC-Response  - 225,11,F000,35*6574 * 15-01-2025 15:06:31.444
Command * READ TEMPERATURE - #226,11*c827
 * 15-01-2025 15:06:36.505
CRC-Response  - 226,11,F000,35*6170 * 15-01-2025 15:06:36.622
Command * READ TEMPERATURE - #227,11*3426
 * 15-01-2025 15:06:41.674
CRC-Response  - 227,11,F000,36*a3cd * 15-01-2025 15:06:41.978
Command * READ TEMPERATURE - #228,11*2025
 * 15-01-2025 15:06:47.37
CRC-Response  - 228,11,F000,36*b7d9 * 15-01-2025 15:06:47.153
Command * READ TEMPERATURE - #229,11*dc24
 * 15-01-2025 15:06:52.200
CRC-Response  - 229,11,F000,35*7564 * 15-01-2025 15:06:52.319
Command * READ TEMPERATURE - #230,11*801a
 * 15-01-2025 15:06:57.378
CRC-Response  - 230,11,F000,35*e87a * 15-01-2025 15:06:57.495
Command * READ TEMPERATURE - #231,11*7c1b
 * 15-01-2025 15:07:02.552
CRC-Response  - 231,11,F000,35*2b87 * 15-01-2025 15:07:02.670
Command * READ TEMPERATURE - #232,11*381b
 * 15-01-2025 15:07:07.724
CRC-Response  - 232,11,F000,36*2ec3 * 15-01-2025 15:07:07.829
Command * READ TEMPERATURE - #233,11*c41a
 * 15-01-2025 15:07:12.880
CRC-Response  - 233,11,F000,36*ed3e * 15-01-2025 15:07:12.994
Command * READ TEMPERATURE - #234,11*b01b
 * 15-01-2025 15:07:18.51
CRC-Response  - 234,11,F000,35*278b * 15-01-2025 15:07:18.194
Command * READ TEMPERATURE - #235,11*4c1a
 * 15-01-2025 15:07:23.272
CRC-Response  - 235,11,F000,35*e476 * 15-01-2025 15:07:23.379
Command * READ TEMPERATURE - #236,11*081a
 * 15-01-2025 15:07:28.444
CRC-Response  - 236,11,F000,35*e072 * 15-01-2025 15:07:28.561
Command * READ TEMPERATURE - #237,11*f41b
 * 15-01-2025 15:07:33.610
CRC-Response  - 237,11,F000,35*238f * 15-01-2025 15:07:33.727
Command * READ TEMPERATURE - #238,11*e018
 * 15-01-2025 15:07:38.782
CRC-Response  - 238,11,F000,36*36db * 15-01-2025 15:07:38.898
Command * READ TEMPERATURE - #239,11*1c19
 * 15-01-2025 15:07:43.953
CRC-Response  - 239,11,F000,35*f466 * 15-01-2025 15:07:44.58
Command * READ TEMPERATURE - #240,11*40af
 * 15-01-2025 15:07:49.116
CRC-Response  - 240,11,F000,35*af71 * 15-01-2025 15:07:49.231
Command * READ TEMPERATURE - #241,11*bcae
 * 15-01-2025 15:07:54.281
CRC-Response  - 241,11,F000,35*6c8c * 15-01-2025 15:07:54.399
Command * READ TEMPERATURE - #242,11*f8ae
 * 15-01-2025 15:07:59.452
CRC-Response  - 242,11,F000,35*6888 * 15-01-2025 15:07:59.600
Command * READ TEMPERATURE - #243,11*04af
 * 15-01-2025 15:08:04.664
CRC-Response  - 243,11,F000,35*ab75 * 15-01-2025 15:08:04.775
Command * READ TEMPERATURE - #244,11*70ae
 * 15-01-2025 15:08:09.839
CRC-Response  - 244,11,F000,35*6080 * 15-01-2025 15:08:09.957
Command * READ TEMPERATURE - #245,11*8caf
 * 15-01-2025 15:08:15.15
CRC-Response  - 245,11,F000,36*a23d * 15-01-2025 15:08:15.125
Command * READ TEMPERATURE - #246,11*c8af
 * 15-01-2025 15:08:20.175
CRC-Response  - 246,11,F000,35*a779 * 15-01-2025 15:08:20.313
Command * READ TEMPERATURE - #247,11*34ae
 * 15-01-2025 15:08:25.357
CRC-Response  - 247,11,F000,35*6484 * 15-01-2025 15:08:25.474
Command * READ TEMPERATURE - #248,11*20ad
 * 15-01-2025 15:08:30.532
CRC-Response  - 248,11,F000,35*7090 * 15-01-2025 15:08:30.649
Command * READ TEMPERATURE - #249,11*dcac
 * 15-01-2025 15:08:35.709
CRC-Response  - 249,11,F000,35*b36d * 15-01-2025 15:08:35.825
Command * READ TEMPERATURE - #250,11*8092
 * 15-01-2025 15:08:40.876
CRC-Response  - 250,11,F000,35*2e73 * 15-01-2025 15:08:40.993
Command * READ TEMPERATURE - #251,11*7c93
 * 15-01-2025 15:08:46.62
CRC-Response  - 251,11,F000,35*ed8e * 15-01-2025 15:08:46.175
Command * READ TEMPERATURE - #252,11*3893
 * 15-01-2025 15:08:51.234
CRC-Response  - 252,11,F000,35*e98a * 15-01-2025 15:08:51.353
Command * HEATER DOOR OPEN - #253,8,1,1*9ba5
 * 15-01-2025 15:09:14.222
CRC-Response  - 253,8,I001*5942 * 15-01-2025 15:09:14.513
CRC-Response  - 253,8,F000*8d80 * 15-01-2025 15:09:14.665
Command * Rack-1 Picked from H1 - #254,2,1,2688,1000,0,1*a673
 * 15-01-2025 15:09:15.65
CRC-Response  - 254,2,I001,1*2b1c * 15-01-2025 15:09:15.181
CRC-Response  - 254,2,F000,1*144d * 15-01-2025 15:09:21.10
Command * HEATER DOOR CLOSE - #255,8,1,0*5b02
 * 15-01-2025 15:09:21.274
CRC-Response  - 255,8,I001*73c2 * 15-01-2025 15:09:21.384
CRC-Response  - 255,8,F000*a700 * 15-01-2025 15:09:21.725
Command * Rack-1 Placed in J1 - #0,3,1,10304,800,0,0*19f8
 * 15-01-2025 15:09:21.938
CRC-Response  - 0,3,I001,1*7cdf * 15-01-2025 15:09:22.56
CRC-Response  - 0,3,F000,1*438e * 15-01-2025 15:09:28.163
Command * HEATER DOOR OPEN - #1,8,1,1*e119
 * 15-01-2025 15:13:38.301
CRC-Response  - 1,8,I001*e839 * 15-01-2025 15:13:38.420
CRC-Response  - 1,8,F000*3cfb * 15-01-2025 15:13:38.745
Rack - R3Protocol Started * 15-01-2025 15:13:39.432
Command * Rack-3 Picked from L3 - #2,2,1,10304,16380,0,0*ae5a
 * 15-01-2025 15:13:39.510
CRC-Response  - 2,2,I001,1*7abf * 15-01-2025 15:13:39.620
CRC-Response  - 2,2,F000,1*45ee * 15-01-2025 15:13:46.78
Command * Rack-3 Placed in H3 - #3,3,1,2688,16380,0,1*a4e1
 * 15-01-2025 15:13:46.207
CRC-Response  - 3,3,I001,1*732f * 15-01-2025 15:13:46.326
CRC-Response  - 3,3,F000,1*4c7e * 15-01-2025 15:13:52.418
Command * Rack-1 Picked from J1 - #4,2,1,10304,800,0,0*b958
 * 15-01-2025 15:14:28.855
CRC-Response  - 4,2,I001,1*655f * 15-01-2025 15:14:29.40
CRC-Response  - 4,2,F000,1*5a0e * 15-01-2025 15:14:35.435
Command * Rack-1 Placed in J2 - #5,3,1,13934,800 ,0,0*cb18
 * 15-01-2025 15:14:35.638
CRC-Response  - 5,3,I001,1*6ccf * 15-01-2025 15:14:35.747
CRC-Response  - 5,3,F000,1*539e * 15-01-2025 15:14:41.415
Command * Rack-1 Picked from J2 - #6,2,1,13934,800 ,0,0*040d
 * 15-01-2025 15:19:42.56
CRC-Response  - 6,2,I001,1*affe * 15-01-2025 15:19:42.180
CRC-Response  - 6,2,F000,1*90af * 15-01-2025 15:19:47.304
Command * Rack-1 Placed in J3 - #7,3,1,17564,800 ,0,0*716e
 * 15-01-2025 15:19:47.768
CRC-Response  - 7,3,I001,1*a66e * 15-01-2025 15:19:47.882
CRC-Response  - 7,3,F000,1*993f * 15-01-2025 15:19:53.540
Command * HEATER DOOR OPEN - #8,8,1,1*e180
 * 15-01-2025 15:20:34.163
CRC-Response  - 8,8,I001*82f9 * 15-01-2025 15:20:34.341
CRC-Response  - 8,8,F000*563b * 15-01-2025 15:20:34.608
Command * Rack-2 Picked from H2 - #9,2,1,2688,8700,0,1*2e4b
 * 15-01-2025 15:20:34.894
CRC-Response  - 9,2,I001,1*9fce * 15-01-2025 15:20:35.10
CRC-Response  - 9,2,F000,1*a09f * 15-01-2025 15:20:41.930
Command * Rack-2 Placed in J1 - #10,3,1,10304,800,0,0*0380
 * 15-01-2025 15:20:42.92
CRC-Response  - 10,3,I001,1*6352 * 15-01-2025 15:20:42.212
CRC-Response  - 10,3,F000,1*5c03 * 15-01-2025 15:20:48.312
Command * Rack-1 Picked from J3 - #11,2,1,17564,800 ,0,0*c9ad
 * 15-01-2025 15:24:54.201
CRC-Response  - 11,2,I001,1*6ac2 * 15-01-2025 15:24:54.310
CRC-Response  - 11,2,F000,1*5593 * 15-01-2025 15:25:00.384
Command * Rack-1 Placed in J4 - #12,3,1,21194,800 ,0,0*1873
 * 15-01-2025 15:25:00.898
CRC-Response  - 12,3,I001,1*a9f3 * 15-01-2025 15:25:01.7
CRC-Response  - 12,3,F000,1*96a2 * 15-01-2025 15:25:06.683
Command * Rack-2 Picked from J1 - #13,2,1,10304,800,0,0*d795
 * 15-01-2025 15:25:49.31
CRC-Response  - 13,2,I001,1*a063 * 15-01-2025 15:25:49.195
CRC-Response  - 13,2,F000,1*9f32 * 15-01-2025 15:25:55.625
Command * Rack-2 Placed in J2 - #14,3,1,13934,800 ,0,0*383f
 * 15-01-2025 15:25:55.791
CRC-Response  - 14,3,I001,1*b613 * 15-01-2025 15:25:55.908
CRC-Response  - 14,3,F000,1*8942 * 15-01-2025 15:26:01.563
Command * HEATER DOOR OPEN - #15,8,1,1*f2c5
 * 15-01-2025 15:27:02.154
CRC-Response  - 15,8,I001*712b * 15-01-2025 15:27:02.267
CRC-Response  - 15,8,F000*a5e9 * 15-01-2025 15:27:02.605
Command * Level Sensing For L1 - #16,4,17564,16380,0,0*5879
 * 15-01-2025 15:27:02.812
CRC-Response  - 16,4,I001*a86b * 15-01-2025 15:27:02.918
CRC-Response  - 16,4,F000,277*fd1e * 15-01-2025 15:27:07.3
L1 Value - 277 * 15-01-2025 15:27:07.27
Command * Level Sensing For L2 - #17,4,13934,16380,0,0*a05c
 * 15-01-2025 15:27:07.481
CRC-Response  - 17,4,I001*64aa * 15-01-2025 15:27:07.598
CRC-Response  - 17,4,F000,280*0ca7 * 15-01-2025 15:27:09.876
L2 Value - 280 * 15-01-2025 15:27:09.901
Command * Level Sensing For L3 - #18,4,10304,16380,0,0*b814
 * 15-01-2025 15:27:10.162
CRC-Response  - 18,4,I001*24ea * 15-01-2025 15:27:10.282
CRC-Response  - 18,4,F000,274*2bb7 * 15-01-2025 15:27:12.561
L3 Value - 274 * 15-01-2025 15:27:12.590
Command * Home Command - #19,5,01111111*3d85
 * 15-01-2025 15:27:12.837
CRC-Response  - 19,5,I001,01111111*9b39 * 15-01-2025 15:27:12.950
CRC-Response  - 19,5,F000*ede8 * 15-01-2025 15:27:23.977
Command * Home Command - #20,5,01111111*e29c
 * 15-01-2025 15:27:26.522
CRC-Response  - 20,5,I001,01111111*8d1f * 15-01-2025 15:27:26.692
CRC-Response  - 20,5,F000*773c * 15-01-2025 15:27:26.694
Rack - 4Protocol Started * 15-01-2025 15:27:29.722
Command * Rack-4 Picked from L1 - #21,2,1,17564,16380,0,0*4abe
 * 15-01-2025 15:27:29.813
CRC-Response  - 21,2,I001,1*2ecd * 15-01-2025 15:27:29.928
CRC-Response  - 21,2,F000,1*119c * 15-01-2025 15:27:40.608
Command * Rack-4 Placed in H1 - #22,3,1,2688,1000,0,1*1836
 * 15-01-2025 15:27:41.18
CRC-Response  - 22,3,I001,1*edfc * 15-01-2025 15:27:41.125
CRC-Response  - 22,3,F000,1*d2ad * 15-01-2025 15:27:48.68
Command * HEATER DOOR CLOSE - #23,8,1,0*2722
 * 15-01-2025 15:27:48.196
CRC-Response  - 23,8,I001*abbf * 15-01-2025 15:27:48.302
CRC-Response  - 23,8,F000*7f7d * 15-01-2025 15:27:48.643
Command * READ TEMPERATURE - #24,11*7906
 * 15-01-2025 15:27:48.865
CRC-Response  - 24,11,F000,33*bc92 * 15-01-2025 15:27:48.971
Command * Rack-1 Picked from J4 - #25,2,1,21194,800 ,0,0*60a4
 * 15-01-2025 15:28:07.307
CRC-Response  - 25,2,I001,1*fb8c * 15-01-2025 15:28:07.416
CRC-Response  - 25,2,F000,1*c4dd * 15-01-2025 15:28:14.742
Command * Rack-1 Placed in J5 - #26,3,1,24824,800 ,0,0*9284
 * 15-01-2025 15:28:15.10
CRC-Response  - 26,3,I001,1*38bd * 15-01-2025 15:28:15.116
CRC-Response  - 26,3,F000,1*07ec * 15-01-2025 15:28:20.787
Command * Rack-2 Picked from J2 - #27,2,1,13934,800 ,0,0*c419
 * 15-01-2025 15:31:02.228
CRC-Response  - 27,2,I001,1*312d * 15-01-2025 15:31:02.364
CRC-Response  - 27,2,F000,1*0e7c * 15-01-2025 15:31:08.826
Command * Rack-2 Placed in J3 - #28,3,1,17564,800 ,0,0*9e13
 * 15-01-2025 15:31:08.964
CRC-Response  - 28,3,I001,1*cddc * 15-01-2025 15:31:09.74
CRC-Response  - 28,3,F000,1*f28d * 15-01-2025 15:31:14.742
Command * Rack-1 Picked from J5 - #29,2,1,24824,800 ,0,0*9081
 * 15-01-2025 15:31:22.395
CRC-Response  - 29,2,I001,1*c44c * 15-01-2025 15:31:22.508
CRC-Response  - 29,2,F000,1*fb1d * 15-01-2025 15:31:28.573
Command * Rack-1 Placed in J6 - #30,3,1,28454,800 ,0,0*8d07
 * 15-01-2025 15:31:29.91
CRC-Response  - 30,3,I001,1*db59 * 15-01-2025 15:31:29.197
CRC-Response  - 30,3,F000,1*e408 * 15-01-2025 15:31:34.866
Command * HEATER DOOR OPEN - #31,8,1,1*eb01
 * 15-01-2025 15:33:53.198
CRC-Response  - 31,8,I001*e233 * 15-01-2025 15:33:53.338
CRC-Response  - 31,8,F000*36f1 * 15-01-2025 15:33:53.648
Command * Rack-4 Picked from H1 - #32,2,1,2688,1000,0,1*595a
 * 15-01-2025 15:33:53.891
CRC-Response  - 32,2,I001,1*dd39 * 15-01-2025 15:33:54.8
CRC-Response  - 32,2,F000,1*e268 * 15-01-2025 15:34:02.142
Command * Rack-4 Placed in J1 - #33,3,1,10304,800,0,0*a5bd
 * 15-01-2025 15:34:02.614
CRC-Response  - 33,3,I001,1*d4a9 * 15-01-2025 15:34:02.735
CRC-Response  - 33,3,F000,1*ebf8 * 15-01-2025 15:34:08.830
Command * HEATER OFF - #34,12,0*563e
 * 15-01-2025 15:34:19.419
CRC-Response  - 34,12,F000*3f50 * 15-01-2025 15:34:19.553
Command * WATER VALVE - 1 CONTROL OFF - #35,13,1,0*4621
 * 15-01-2025 15:34:20.418
CRC-Response  - 35,13,F000*7e5c * 15-01-2025 15:34:20.536
Command * WATER VALVE - 2 CONTROL OFF - #36,13,2,0*5391
 * 15-01-2025 15:34:21.104
CRC-Response  - 36,13,F000*8e48 * 15-01-2025 15:34:21.219
Command * WATER VALVE - 3 CONTROL OFF - #37,13,3,0*5f01
 * 15-01-2025 15:34:21.772
CRC-Response  - 37,13,F000*1e45 * 15-01-2025 15:34:21.889
Command * WATER VALVE - 4 CONTROL OFF - #38,13,4,0*def0
 * 15-01-2025 15:34:22.455
CRC-Response  - 38,13,F000*ee04 * 15-01-2025 15:34:22.559
Command * WATER VALVE - 5 CONTROL OFF - #39,13,5,0*d260
 * 15-01-2025 15:34:23.116
CRC-Response  - 39,13,F000*7e09 * 15-01-2025 15:34:23.231
Command * WATER VALVE - 6 CONTROL OFF - #40,13,6,0*8876
 * 15-01-2025 15:34:23.784
CRC-Response  - 40,13,F000*f4d2 * 15-01-2025 15:34:23.902
