Device Intialization started * 27-11-2024 18:12:30.799
Device Intialization started * 27-11-2024 18:13:08.700
Command * SET TEMPERATURE - #0,10,37*84ca
 * 27-11-2024 18:13:08.862
CRC-Response  - 0,10,F000*1ae9 * 27-11-2024 18:13:09.21
Command * WATER VALVE - 1 CONTROL ON - #1,13,1,1*7feb
 * 27-11-2024 18:13:16.229
CRC-Response  - 1,13,F000*b9e4 * 27-11-2024 18:13:21.364
Command * WATER VALVE - 2 CONTROL ON - #2,13,2,1*6a5b
 * 27-11-2024 18:13:21.791
CRC-Response  - 2,13,F000*49f0 * 27-11-2024 18:13:21.905
Command * WATER VALVE - 3 CONTROL ON - #3,13,3,1*66cb
 * 27-11-2024 18:13:22.472
CRC-Response  - 3,13,F000*d9fd * 27-11-2024 18:13:22.588
Command * WATER VALVE - 4 CONTROL ON - #4,13,4,1*413b
 * 27-11-2024 18:13:23.144
CRC-Response  - 4,13,F000*e9db * 27-11-2024 18:13:23.253
Command * WATER VALVE - 5 CONTROL ON - #5,13,5,1*4dab
 * 27-11-2024 18:13:23.802
CRC-Response  - 5,13,F000*79d6 * 27-11-2024 18:13:23.920
Command * WATER VALVE - 6 CONTROL ON - #6,13,6,1*581b
 * 27-11-2024 18:13:24.499
CRC-Response  - 6,13,F000*89c2 * 27-11-2024 18:13:24.615
Command * Home Command - #7,5,00100100*dea4
 * 27-11-2024 18:13:25.169
CRC-Response  - 7,5,I001,00100100*33ee * 27-11-2024 18:13:25.285
CRC-Response  - 7,5,F000*0b7a * 27-11-2024 18:13:25.287
Command * Home Command - #8,5,01111111*665c
 * 27-11-2024 18:13:27.848
CRC-Response  - 8,5,I001,01111111*6c37 * 27-11-2024 18:13:27.954
CRC-Response  - 8,5,F000*4b3a * 27-11-2024 18:13:27.963
Command * Home Command - #9,5,01111111*a5a1
 * 27-11-2024 18:13:30.545
CRC-Response  - 9,5,I001,01111111*fc66 * 27-11-2024 18:13:30.654
CRC-Response  - 9,5,F000*87fb * 27-11-2024 18:13:30.659
Command * Level Sensing For U1 - #10,4,61124,16380,0,0*9f4f
 * 27-11-2024 18:13:33.266
CRC-Response  - 10,4,I001*82eb * 27-11-2024 18:13:33.383
CRC-Response  - 10,4,F000,2590*7ad1 * 27-11-2024 18:13:37.529
U1 Value - 2590 * 27-11-2024 18:13:37.571
Command * Level Sensing For U2 - #11,4,57494,16380,0,0*bade
 * 27-11-2024 18:13:37.954
CRC-Response  - 11,4,I001*4e2a * 27-11-2024 18:13:38.68
CRC-Response  - 11,4,F000,2576*9957 * 27-11-2024 18:13:40.364
U2 Value - 2576 * 27-11-2024 18:13:40.394
Command * Level Sensing For U3 - #12,4,53864,16380,0,0*e29a
 * 27-11-2024 18:13:40.617
CRC-Response  - 12,4,I001*5b6a * 27-11-2024 18:13:40.733
CRC-Response  - 12,4,F000,2570*58d2 * 27-11-2024 18:13:43.21
U3 Value - 2570 * 27-11-2024 18:13:43.49
Command * Level Sensing For U4 - #13,4,50234,16380,0,0*1bb0
 * 27-11-2024 18:13:43.289
CRC-Response  - 13,4,I001*97ab * 27-11-2024 18:13:43.409
CRC-Response  - 13,4,F000,2606*eba2 * 27-11-2024 18:13:45.698
U4 Value - 2606 * 27-11-2024 18:13:45.717
Command * Level Sensing For U5 - #14,4,46604,16380,0,0*e9c8
 * 27-11-2024 18:13:45.971
CRC-Response  - 14,4,I001*71ea * 27-11-2024 18:13:46.84
CRC-Response  - 14,4,F000,2599*f81f * 27-11-2024 18:13:48.375
U5 Value - 2599 * 27-11-2024 18:13:48.404
Command * Level Sensing For U6 - #15,4,42974,16380,0,0*1511
 * 27-11-2024 18:13:48.636
CRC-Response  - 15,4,I001*bd2b * 27-11-2024 18:13:48.747
CRC-Response  - 15,4,F000,2654*bc29 * 27-11-2024 18:13:51.44
U6 Value - 2654 * 27-11-2024 18:13:51.75
Command * Level Sensing For J1 - #16,4,10304,800,0,0*e5a2
 * 27-11-2024 18:13:51.345
CRC-Response  - 16,4,I001*a86b * 27-11-2024 18:13:51.459
CRC-Response  - 16,4,F000,2668*8a2c * 27-11-2024 18:13:56.998
J1 Value - 2668 * 27-11-2024 18:13:57.21
Command * Level Sensing For J2 - #17,4,13934,800 ,0,0*59f9
 * 27-11-2024 18:13:57.521
CRC-Response  - 17,4,I001*64aa * 27-11-2024 18:13:57.636
CRC-Response  - 17,4,F000,2663*cc6f * 27-11-2024 18:13:59.927
J2 Value - 2663 * 27-11-2024 18:13:59.962
Command * Level Sensing For J3 - #18,4,17564,800 ,0,0*16c5
 * 27-11-2024 18:14:00.191
CRC-Response  - 18,4,I001*24ea * 27-11-2024 18:14:00.300
CRC-Response  - 18,4,F000,2677*907b * 27-11-2024 18:14:02.597
J3 Value - 2677 * 27-11-2024 18:14:02.625
Command * Level Sensing For J4 - #19,4,21194,800 ,0,0*f45f
 * 27-11-2024 18:14:02.881
CRC-Response  - 19,4,I001*e82b * 27-11-2024 18:14:02.999
CRC-Response  - 19,4,F000,2680*233d * 27-11-2024 18:14:05.292
J4 Value - 2680 * 27-11-2024 18:14:05.323
Command * Level Sensing For J5 - #20,4,24824,800 ,0,0*13fd
 * 27-11-2024 18:14:05.556
CRC-Response  - 20,4,I001*72ff * 27-11-2024 18:14:05.664
CRC-Response  - 20,4,F000,2693*7862 * 27-11-2024 18:14:07.964
J5 Value - 2693 * 27-11-2024 18:14:07.995
Command * Level Sensing For J6 - #21,4,28454,800 ,0,0*47b7
 * 27-11-2024 18:14:08.236
CRC-Response  - 21,4,I001*be3e * 27-11-2024 18:14:08.349
CRC-Response  - 21,4,F000,2715*fbb6 * 27-11-2024 18:14:10.650
J6 Value - 2715 * 27-11-2024 18:14:10.679
Command * Level Sensing For J7 - #22,4,32084,800 ,0,0*ab95
 * 27-11-2024 18:14:10.922
CRC-Response  - 22,4,I001*ab7e * 27-11-2024 18:14:11.37
CRC-Response  - 22,4,F000,2713*3a33 * 27-11-2024 18:14:13.334
J7 Value - 2713 * 27-11-2024 18:14:13.362
Command * Level Sensing For J8 - #23,4,35714,800 ,0,0*4714
 * 27-11-2024 18:14:13.599
CRC-Response  - 23,4,I001*67bf * 27-11-2024 18:14:13.708
CRC-Response  - 23,4,F000,2702*ebf1 * 27-11-2024 18:14:16.6
J8 Value - 2702 * 27-11-2024 18:14:16.40
Command * Level Sensing For J9 - #24,4,39344,800 ,0,0*fd54
 * 27-11-2024 18:14:16.256
CRC-Response  - 24,4,I001*81fe * 27-11-2024 18:14:16.364
CRC-Response  - 24,4,F000,2707*af3a * 27-11-2024 18:14:18.662
J9 Value - 2707 * 27-11-2024 18:14:18.702
Command * Level Sensing For J10 - #25,4,53864,800 ,0,0*6ef5
 * 27-11-2024 18:14:18.934
CRC-Response  - 25,4,I001*4d3f * 27-11-2024 18:14:19.50
CRC-Response  - 25,4,F000,2697*be6f * 27-11-2024 18:14:22.549
J11 Value - 2697 * 27-11-2024 18:14:22.578
Command * Level Sensing For J11 - #26,4,57494,800 ,0,0*aa2b
 * 27-11-2024 18:14:22.634
CRC-Response  - 26,4,I001*587f * 27-11-2024 18:14:27.768
CRC-Response  - 26,4,F000,2727*8d3c * 27-11-2024 18:14:27.771
J11 Value - 2727 * 27-11-2024 18:14:27.801
Command * Level Sensing For J12 - #27,4,61124,800 ,0,0*bb59
 * 27-11-2024 18:14:28.196
CRC-Response  - 27,4,I001*94be * 27-11-2024 18:14:28.313
CRC-Response  - 27,4,F000,2736*5cfe * 27-11-2024 18:14:30.608
J12 Value - 2736 * 27-11-2024 18:14:30.635
Command * Level Sensing For J13 - #28,4,64754,800 ,0,0*d574
 * 27-11-2024 18:14:30.881
CRC-Response  - 28,4,I001*d4fe * 27-11-2024 18:14:30.994
CRC-Response  - 28,4,F000,2734*926b * 27-11-2024 18:14:33.284
J13 Value - 2734 * 27-11-2024 18:14:33.314
Command * Level Sensing For J14 - #29,4,64754,8590,0,0*73b1
 * 27-11-2024 18:14:33.571
CRC-Response  - 29,4,I001*183f * 27-11-2024 18:14:33.686
CRC-Response  - 29,4,F000,2736*d2e8 * 27-11-2024 18:14:36.154
J14 Value - 2736 * 27-11-2024 18:14:36.186
Command * Level Sensing For J15 - #30,4,61124,8590,0,0*6841
 * 27-11-2024 18:14:36.250
CRC-Response  - 30,4,I001*e2f2 * 27-11-2024 18:14:36.356
CRC-Response  - 30,4,F000,3107*17d5 * 27-11-2024 18:14:38.661
J15 Value - 3107 * 27-11-2024 18:14:38.689
Command * Level Sensing For J16 - #31,4,57494,8590,0,0*7933
 * 27-11-2024 18:14:38.927
CRC-Response  - 31,4,I001*2e33 * 27-11-2024 18:14:39.34
CRC-Response  - 31,4,F000,3081*9401 * 27-11-2024 18:14:41.329
J16 Value - 3081 * 27-11-2024 18:14:41.359
Command * Level Sensing For J17 - #32,4,53864,8590,0,0*bded
 * 27-11-2024 18:14:41.602
CRC-Response  - 32,4,I001*3b73 * 27-11-2024 18:14:41.721
CRC-Response  - 32,4,F000,3084*54c4 * 27-11-2024 18:14:44.14
J17 Value - 3084 * 27-11-2024 18:14:44.42
Command * Level Sensing For J18 - #33,4,39344,8590,0,0*2e4c
 * 27-11-2024 18:14:44.302
CRC-Response  - 33,4,I001*f7b2 * 27-11-2024 18:14:44.420
CRC-Response  - 33,4,F000,3086*1447 * 27-11-2024 18:14:47.917
J18 Value - 3086 * 27-11-2024 18:14:47.948
Command * Level Sensing For J19 - #34,4,35714,8590,0,0*940c
 * 27-11-2024 18:14:48.7
CRC-Response  - 34,4,I001*11f3 * 27-11-2024 18:14:48.119
CRC-Response  - 34,4,F000,3056*c348 * 27-11-2024 18:14:50.415
J19 Value - 3056 * 27-11-2024 18:14:50.447
Command * Level Sensing For J20 - #35,4,32084,8590,0,0*788d
 * 27-11-2024 18:14:50.692
CRC-Response  - 35,4,I001*dd32 * 27-11-2024 18:14:50.802
CRC-Response  - 35,4,F000,3039*e609 * 27-11-2024 18:14:53.96
J20 Value - 3039 * 27-11-2024 18:14:53.129
Command * Level Sensing For J21 - #36,4,28454,8590,0,0*94af
 * 27-11-2024 18:14:53.369
CRC-Response  - 36,4,I001*c872 * 27-11-2024 18:14:53.483
CRC-Response  - 36,4,F000,3007*118d * 27-11-2024 18:14:55.781
J21 Value - 3007 * 27-11-2024 18:14:55.810
Command * Level Sensing For J22 - #37,4,24824,8590,0,0*c0e5
 * 27-11-2024 18:14:56.36
CRC-Response  - 37,4,I001*04b3 * 27-11-2024 18:14:56.151
CRC-Response  - 37,4,F000,3133*63df * 27-11-2024 18:14:58.445
J22 Value - 3133 * 27-11-2024 18:14:58.473
Command * Level Sensing For J23 - #38,4,21194,8590,0,0*eae3
 * 27-11-2024 18:14:58.707
CRC-Response  - 38,4,I001*44f3 * 27-11-2024 18:14:58.814
CRC-Response  - 38,4,F000,3133*6ccb * 27-11-2024 18:15:01.109
J23 Value - 3133 * 27-11-2024 18:15:01.142
Command * Level Sensing For J24 - #39,4,17564,8590,0,0*0879
 * 27-11-2024 18:15:01.398
CRC-Response  - 39,4,I001*8832 * 27-11-2024 18:15:01.516
CRC-Response  - 39,4,F000,3069*7a1b * 27-11-2024 18:15:03.799
J24 Value - 3069 * 27-11-2024 18:15:03.827
Command * Level Sensing For J25 - #40,4,13934,8590,0,0*ba10
 * 27-11-2024 18:15:04.71
CRC-Response  - 40,4,I001*d2d4 * 27-11-2024 18:15:04.176
CRC-Response  - 40,4,F000,3072*2340 * 27-11-2024 18:15:06.476
J25 Value - 3072 * 27-11-2024 18:15:06.508
Command * Level Sensing For J26 - #41,4,10304,8590,0,0*d953
 * 27-11-2024 18:15:06.752
CRC-Response  - 41,4,I001*1e15 * 27-11-2024 18:15:06.866
CRC-Response  - 41,4,F000,3031*6300 * 27-11-2024 18:15:09.150
J26 Value - 3031 * 27-11-2024 18:15:09.180
Command * Level Sensing For J27 - #42,4,21194,16380,0,0*aa1b
 * 27-11-2024 18:15:09.449
CRC-Response  - 42,4,I001*0b55 * 27-11-2024 18:15:09.555
CRC-Response  - 42,4,F000,3080*50c3 * 27-11-2024 18:15:12.674
J27 Value - 3080 * 27-11-2024 18:15:12.710
Command * Level Sensing For J28 - #43,4,24824,16380,0,0*41db
 * 27-11-2024 18:15:13.133
CRC-Response  - 43,4,I001*c794 * 27-11-2024 18:15:13.250
CRC-Response  - 43,4,F000,3096*4340 * 27-11-2024 18:15:15.532
J28 Value - 3096 * 27-11-2024 18:15:15.561
Command * Level Sensing For J29 - #44,4,28454,16380,0,0*3e86
 * 27-11-2024 18:15:15.803
CRC-Response  - 44,4,I001*21d5 * 27-11-2024 18:15:15.921
CRC-Response  - 44,4,F000,2870*584f * 27-11-2024 18:15:18.212
J29 Value - 2870 * 27-11-2024 18:15:18.243
Command * Level Sensing For J30 - #45,4,32084,16380,0,0*9f93
 * 27-11-2024 18:15:18.501
CRC-Response  - 45,4,I001*ed14 * 27-11-2024 18:15:18.618
CRC-Response  - 45,4,F000,3048*d1cc * 27-11-2024 18:15:20.902
J30 Value - 3048 * 27-11-2024 18:15:20.934
Command * Level Sensing For J31 - #46,4,35714,16380,0,0*47c6
 * 27-11-2024 18:15:21.194
CRC-Response  - 46,4,I001*f854 * 27-11-2024 18:15:21.307
CRC-Response  - 46,4,F000,3022*b54a * 27-11-2024 18:15:23.602
J31 Value - 3022 * 27-11-2024 18:15:23.630
Command * Level Sensing For J32 - #47,4,39344,16380,0,0*3ff5
 * 27-11-2024 18:15:23.891
CRC-Response  - 47,4,I001*3495 * 27-11-2024 18:15:24.5
CRC-Response  - 47,4,F000,2758*3e7a * 27-11-2024 18:15:26.294
J32 Value - 2758 * 27-11-2024 18:15:26.317
Command * Level Sensing For J33 - #48,4,64754,16380,0,0*a398
 * 27-11-2024 18:15:26.567
CRC-Response  - 48,4,I001*74d5 * 27-11-2024 18:15:26.680
CRC-Response  - 48,4,F000,2977*964e * 27-11-2024 18:15:31.393
J33 Value - 2977 * 27-11-2024 18:15:31.421
Command * Level Sensing For W1 - #49,4,42974,800 ,0,0*ca45
 * 27-11-2024 18:15:31.740
CRC-Response  - 49,4,I001*b814 * 27-11-2024 18:15:31.859
CRC-Response  - 49,4,F000,2744*256d * 27-11-2024 18:15:36.188
W1 Value - 2744 * 27-11-2024 18:15:36.216
Command * Level Sensing For W2 - #50,4,46604,800 ,0,0*4cab
 * 27-11-2024 18:15:36.414
CRC-Response  - 50,4,I001*42d9 * 27-11-2024 18:15:36.533
CRC-Response  - 50,4,F000,2640*2e20 * 27-11-2024 18:15:38.827
W2 Value - 2640 * 27-11-2024 18:15:38.854
Command * Level Sensing For W3 - #51,4,50234,800 ,0,0*3c0d
 * 27-11-2024 18:15:39.84
CRC-Response  - 51,4,I001*8e18 * 27-11-2024 18:15:39.201
CRC-Response  - 51,4,F000,2990*3c16 * 27-11-2024 18:15:41.497
W3 Value - 2990 * 27-11-2024 18:15:41.528
Command * Level Sensing For W4 - #52,4,50234,8590,0,0*2269
 * 27-11-2024 18:15:41.768
CRC-Response  - 52,4,I001*9b58 * 27-11-2024 18:15:41.885
CRC-Response  - 52,4,F000,2771*9cb7 * 27-11-2024 18:15:44.352
W4 Value - 2771 * 27-11-2024 18:15:44.386
Command * Level Sensing For W5 - #53,4,46604,8590,0,0*52cf
 * 27-11-2024 18:15:44.453
CRC-Response  - 53,4,I001*5799 * 27-11-2024 18:15:44.567
CRC-Response  - 53,4,F000,2844*ed45 * 27-11-2024 18:15:46.859
W5 Value - 2844 * 27-11-2024 18:15:46.886
Command * Level Sensing For W6 - #54,4,42974,8590,0,0*c37e
 * 27-11-2024 18:15:47.128
CRC-Response  - 54,4,I001*b1d8 * 27-11-2024 18:15:47.247
CRC-Response  - 54,4,F000,2749*6cbf * 27-11-2024 18:15:49.531
W6 Value - 2749 * 27-11-2024 18:15:49.563
Command * Level Sensing For H1 - #55,4,2688,1000,0,1*b498
 * 27-11-2024 18:15:49.821
CRC-Response  - 55,4,I001*7d19 * 27-11-2024 18:15:49.938
CRC-Response  - 55,4,F000,3686*d5a8 * 27-11-2024 18:15:56.318
H1 Value - 3686 * 27-11-2024 18:15:56.363
Command * Level Sensing For H2 - #56,4,2688,8700,0,1*eede
 * 27-11-2024 18:15:56.541
CRC-Response  - 56,4,I001*6859 * 27-11-2024 18:15:56.658
CRC-Response  - 56,4,F000,315*d8c3 * 27-11-2024 18:15:59.114
H2 Value - 315 * 27-11-2024 18:15:59.147
Command * Level Sensing For H3 - #57,4,2688,16380,0,1*6079
 * 27-11-2024 18:15:59.228
CRC-Response  - 57,4,I001*a498 * 27-11-2024 18:15:59.346
CRC-Response  - 57,4,F000,383*49b8 * 27-11-2024 18:16:01.807
H3 Value - 383 * 27-11-2024 18:16:01.836
Command * Home Command - #58,5,00110110*86a6
 * 27-11-2024 18:16:01.910
CRC-Response  - 58,5,I001,00110110*c6f9 * 27-11-2024 18:16:02.25
CRC-Response  - 58,5,F000*e11b * 27-11-2024 18:16:04.646
Command * Home Command - #59,5,00110110*455b
 * 27-11-2024 18:16:08.151
CRC-Response  - 59,5,I001,00110110*56a8 * 27-11-2024 18:16:08.265
CRC-Response  - 59,5,F000*2dda * 27-11-2024 18:16:08.269
Command * H2 - Picked - #60,2,1,2688,8700,0,1*1e59
 * 27-11-2024 18:16:11.827
CRC-Response  - 60,2,I001,1*db89 * 27-11-2024 18:16:11.948
CRC-Response  - 60,2,F000,1*e4d8 * 27-11-2024 18:16:17.871
Command * U1 - Placed - #61,3,1,61124,16380,0,0*0a78
 * 27-11-2024 18:16:18.88
CRC-Response  - 61,3,I001,1*d219 * 27-11-2024 18:16:18.196
CRC-Response  - 61,3,F000,1*ed48 * 27-11-2024 18:16:29.968
Command * H3 - Picked - #62,2,1,2688,16380,0,1*1ce1
 * 27-11-2024 18:16:30.350
CRC-Response  - 62,2,I001,1*1128 * 27-11-2024 18:16:30.456
CRC-Response  - 62,2,F000,1*2e79 * 27-11-2024 18:16:42.214
Command * U2 - Placed - #63,3,1,57494,16380,0,0*31f7
 * 27-11-2024 18:16:42.630
CRC-Response  - 63,3,I001,1*18b8 * 27-11-2024 18:16:42.742
CRC-Response  - 63,3,F000,1*27e9 * 27-11-2024 18:16:54.93
Protocol End Time * 27-11-2024 18:16:54.315
Command * Home Command - #64,5,01111111*a963
 * 27-11-2024 18:16:56.756
CRC-Response  - 64,5,I001,01111111*7d1c * 27-11-2024 18:16:56.869
CRC-Response  - 64,5,F000*440f * 27-11-2024 18:17:00.169
Command * SET TEMPERATURE - #0,10,32*870a
 * 27-11-2024 18:17:31.851
CRC-Response  - 0,10,F000*1ae9 * 27-11-2024 18:17:31.964
Command * HEATER ON - #1,12,1*dbe7
 * 27-11-2024 18:17:33.6
CRC-Response  - 1,12,F000*68e5 * 27-11-2024 18:17:33.109
Command * HEATER OFF - #2,12,0*2826
 * 27-11-2024 18:18:17.384
CRC-Response  - 2,12,F000*98f1 * 27-11-2024 18:18:17.517
Command * WATER VALVE - 1 CONTROL OFF - #3,13,1,0*66ab
 * 27-11-2024 18:18:18.389
CRC-Response  - 3,13,F000*d9fd * 27-11-2024 18:18:18.504
Command * WATER VALVE - 2 CONTROL OFF - #4,13,2,0*801a
 * 27-11-2024 18:18:19.56
CRC-Response  - 4,13,F000*e9db * 27-11-2024 18:18:19.168
Command * WATER VALVE - 3 CONTROL OFF - #5,13,3,0*8c8a
 * 27-11-2024 18:18:19.732
CRC-Response  - 5,13,F000*79d6 * 27-11-2024 18:18:19.847
Command * WATER VALVE - 4 CONTROL OFF - #6,13,4,0*587b
 * 27-11-2024 18:18:20.397
CRC-Response  - 6,13,F000*89c2 * 27-11-2024 18:18:20.515
Command * WATER VALVE - 5 CONTROL OFF - #7,13,5,0*54eb
 * 27-11-2024 18:18:21.76
CRC-Response  - 7,13,F000*19cf * 27-11-2024 18:18:21.194
Command * WATER VALVE - 6 CONTROL OFF - #8,13,6,0*145b
 * 27-11-2024 18:18:21.743
CRC-Response  - 8,13,F000*e98e * 27-11-2024 18:18:21.861
