Device Intialization started * 03-10-2024 18:49:14.796
Command * Home Command - #0,5,11111111*757c
 * 03-10-2024 18:49:14.911
Raw Resp -#0,5,I001,11111111*6271
 * 03-10-2024 18:49:15.141
CRC-Response  - 0,5,I001,11111111*6271 * 03-10-2024 18:49:15.141
Raw Resp -#0,5,F000*ed3b
 * 03-10-2024 18:49:18.921
CRC-Response  - 0,5,F000*ed3b * 03-10-2024 18:49:18.922
Command * Home Command - #1,5,11111111*b681
 * 03-10-2024 18:49:21.153
Raw Resp -#1,5,I001,11111111*f220
#1,5,F000*21fa
#0,16,F000*7ce9
 * 03-10-2024 18:49:21.320
CRC-Response  - 1,5,I001,11111111*f220 * 03-10-2024 18:49:21.320
CRC-Response  - 1,5,F000*21fa * 03-10-2024 18:49:21.326
CRC-Response  - 0,16,F000*7ce9 * 03-10-2024 18:49:21.348
Command * Level Sensing For U1 - #2,4,64754,16380,0,0*35b7
 * 03-10-2024 18:49:23.837
Raw Resp -#2,4,I001*3179
 * 03-10-2024 18:49:23.998
CRC-Response  - 2,4,I001*3179 * 03-10-2024 18:49:23.998
Raw Resp -#2,4,F000,2405*b0d9
 * 03-10-2024 18:49:28.929
CRC-Response  - 2,4,F000,2405*b0d9 * 03-10-2024 18:49:28.930
U1 Value - 2405 * 03-10-2024 18:49:28.975
Command * Level Sensing For U2 - #3,4,61124,16380,0,0*c173
 * 03-10-2024 18:49:28.996
Raw Resp -#3,4,I001*fdb8
 * 03-10-2024 18:49:29.162
CRC-Response  - 3,4,I001*fdb8 * 03-10-2024 18:49:29.163
Raw Resp -#3,4,F000,2415*a1da
 * 03-10-2024 18:49:33.211
CRC-Response  - 3,4,F000,2415*a1da * 03-10-2024 18:49:33.211
U2 Value - 2415 * 03-10-2024 18:49:33.239
Command * Level Sensing For U3 - #4,4,57494,16380,0,0*6c6a
 * 03-10-2024 18:49:33.666
Raw Resp -#4,4,I001*1bf9
 * 03-10-2024 18:49:33.831
CRC-Response  - 4,4,I001*1bf9 * 03-10-2024 18:49:33.832
Raw Resp -#4,4,F000,2399*e267
 * 03-10-2024 18:49:37.894
CRC-Response  - 4,4,F000,2399*e267 * 03-10-2024 18:49:37.894
U3 Value - 2399 * 03-10-2024 18:49:37.920
Command * Level Sensing For U4 - #5,4,53864,16380,0,0*8c57
 * 03-10-2024 18:49:38.344
Raw Resp -#5,4,I001*d738
 * 03-10-2024 18:49:38.516
CRC-Response  - 5,4,I001*d738 * 03-10-2024 18:49:38.516
Command * DOOR STATUS - #6,9*1c4d
 * 03-10-2024 18:51:10.173
Response  - 6,9,F000,11*9862 * 03-10-2024 18:51:10.415
Command * Home Command - #7,5,11111111*be89
 * 03-10-2024 18:51:20.261
Response  - 7,5,I001,11111111*53c3 * 03-10-2024 18:51:20.422
Response  - 7,5,F000*0b7a * 03-10-2024 18:51:23.722
Device Intialization started * 03-10-2024 18:53:32.759
Command * Home Command - #0,5,11111111*757c
 * 03-10-2024 18:53:32.893
Raw Resp -#0,5,I001,11111111*6271
#0,5,F000*ed3b
 * 03-10-2024 18:53:33.98
CRC-Response  - 0,5,I001,11111111*6271 * 03-10-2024 18:53:33.99
CRC-Response  - 0,5,F000*ed3b * 03-10-2024 18:53:34.322
Command * Home Command - #1,5,11111111*b681
 * 03-10-2024 18:53:36.637
Raw Resp -#1,5,I001,11111111*f220
#1,5,F000*21fa
#0,16,F000*7ce9
 * 03-10-2024 18:53:36.800
CRC-Response  - 1,5,I001,11111111*f220 * 03-10-2024 18:53:36.801
CRC-Response  - 1,5,F000*21fa * 03-10-2024 18:53:36.807
CRC-Response  - 0,16,F000*7ce9 * 03-10-2024 18:53:36.835
Command * Level Sensing For U1 - #2,4,64754,16380,0,0*35b7
 * 03-10-2024 18:53:39.328
Raw Resp -#2,4,I001*3179
 * 03-10-2024 18:53:39.491
CRC-Response  - 2,4,I001*3179 * 03-10-2024 18:53:39.492
Raw Resp -#2,4,F000,2408*7518
 * 03-10-2024 18:53:44.415
CRC-Response  - 2,4,F000,2408*7518 * 03-10-2024 18:53:44.416
U1 Value - 2408 * 03-10-2024 18:53:44.456
Command * Level Sensing For U2 - #3,4,61124,16380,0,0*c173
 * 03-10-2024 18:53:44.498
Raw Resp -#3,4,I001*fdb8
 * 03-10-2024 18:53:44.666
CRC-Response  - 3,4,I001*fdb8 * 03-10-2024 18:53:44.666
Raw Resp -#3,4,F000,2421*92db
 * 03-10-2024 18:53:48.717
CRC-Response  - 3,4,F000,2421*92db * 03-10-2024 18:53:48.718
U2 Value - 2421 * 03-10-2024 18:53:48.745
Command * Level Sensing For U3 - #4,4,57494,16380,0,0*6c6a
 * 03-10-2024 18:53:49.176
Raw Resp -#4,4,I001*1bf9
 * 03-10-2024 18:53:49.336
CRC-Response  - 4,4,I001*1bf9 * 03-10-2024 18:53:49.336
Raw Resp -#4,4,F000,2401*b5d1
 * 03-10-2024 18:53:53.395
CRC-Response  - 4,4,F000,2401*b5d1 * 03-10-2024 18:53:53.396
U3 Value - 2401 * 03-10-2024 18:53:53.425
Command * Level Sensing For U4 - #5,4,53864,16380,0,0*8c57
 * 03-10-2024 18:53:53.850
Raw Resp -#5,4,I001*d738
 * 03-10-2024 18:53:54.17
CRC-Response  - 5,4,I001*d738 * 03-10-2024 18:53:54.17
Raw Resp -#5,4,F000,2404*3713
 * 03-10-2024 18:53:58.62
CRC-Response  - 5,4,F000,2404*3713 * 03-10-2024 18:53:58.62
U4 Value - 2404 * 03-10-2024 18:53:58.92
Command * Level Sensing For U5 - #6,4,50234,16380,0,0*cd04
 * 03-10-2024 18:53:58.527
Raw Resp -#6,4,I001*c278
 * 03-10-2024 18:53:58.699
CRC-Response  - 6,4,I001*c278 * 03-10-2024 18:53:58.699
Raw Resp -#6,4,F000,2400*3717
 * 03-10-2024 18:54:02.757
CRC-Response  - 6,4,F000,2400*3717 * 03-10-2024 18:54:02.757
U5 Value - 2400 * 03-10-2024 18:54:02.789
Command * Level Sensing For U6 - #7,4,46604,16380,0,0*b7f4
 * 03-10-2024 18:54:03.195
Raw Resp -#7,4,I001*0eb9
 * 03-10-2024 18:54:03.360
CRC-Response  - 7,4,I001*0eb9 * 03-10-2024 18:54:03.360
Raw Resp -#7,4,F000,2401*76d4
 * 03-10-2024 18:54:07.420
CRC-Response  - 7,4,F000,2401*76d4 * 03-10-2024 18:54:07.420
U6 Value - 2401 * 03-10-2024 18:54:07.448
Command * Level Sensing For J1 - #8,4,10304,800,0,0*e199
 * 03-10-2024 18:54:07.877
Raw Resp -#8,4,I001*4ef9
 * 03-10-2024 18:54:08.41
CRC-Response  - 8,4,I001*4ef9 * 03-10-2024 18:54:08.41
Raw Resp -#8,4,F000,2411*e9c1
 * 03-10-2024 18:54:15.773
CRC-Response  - 8,4,F000,2411*e9c1 * 03-10-2024 18:54:15.773
J1 Value - 2411 * 03-10-2024 18:54:15.799
Command * Level Sensing For J2 - #9,4,13934,800 ,0,0*8abc
 * 03-10-2024 18:54:16.48
Raw Resp -#9,4,I001*8238
 * 03-10-2024 18:54:16.303
CRC-Response  - 9,4,I001*8238 * 03-10-2024 18:54:16.303
Raw Resp -#9,4,F000,2410*a802
 * 03-10-2024 18:54:20.357
CRC-Response  - 9,4,F000,2410*a802 * 03-10-2024 18:54:20.358
J2 Value - 2410 * 03-10-2024 18:54:20.389
Command * Level Sensing For J3 - #10,4,17564,800 ,0,0*7447
 * 03-10-2024 18:54:20.813
Raw Resp -#10,4,I001*82eb
 * 03-10-2024 18:54:20.978
CRC-Response  - 10,4,I001*82eb * 03-10-2024 18:54:20.979
Raw Resp -#10,4,F000,2409*ec46
 * 03-10-2024 18:54:25.26
CRC-Response  - 10,4,F000,2409*ec46 * 03-10-2024 18:54:25.26
J3 Value - 2409 * 03-10-2024 18:54:25.57
Command * Level Sensing For J4 - #11,4,21194,800 ,0,0*96dd
 * 03-10-2024 18:54:25.485
Raw Resp -#11,4,I001*4e2a
 * 03-10-2024 18:54:25.649
CRC-Response  - 11,4,I001*4e2a * 03-10-2024 18:54:25.651
Raw Resp -#11,4,F000,2413*fac5
 * 03-10-2024 18:54:29.700
CRC-Response  - 11,4,F000,2413*fac5 * 03-10-2024 18:54:29.700
J4 Value - 2413 * 03-10-2024 18:54:29.721
Command * Level Sensing For J5 - #12,4,24824,800 ,0,0*ef18
 * 03-10-2024 18:54:30.156
Raw Resp -#12,4,I001*5b6a
 * 03-10-2024 18:54:30.322
CRC-Response  - 12,4,I001*5b6a * 03-10-2024 18:54:30.322
