Command * WATER VALVE - 1 CONTROL OFF - #0,13,1,0*73eb
 * 25-02-2025 17:41:46.811
CRC-Response  - 0,13,F000*29e9 * 25-02-2025 17:41:47.70
Command * WATER VALVE - 2 CONTROL OFF - #1,13,2,0*bfda
 * 25-02-2025 17:41:47.634
CRC-Response  - 1,13,F000*b9e4 * 25-02-2025 17:41:47.845
Command * WATER VALVE - 3 CONTROL OFF - #2,13,3,0*6acb
 * 25-02-2025 17:41:48.412
CRC-Response  - 2,13,F000*49f0 * 25-02-2025 17:41:48.618
Command * WATER VALVE - 4 CONTROL OFF - #3,13,4,0*67bb
 * 25-02-2025 17:41:49.168
CRC-Response  - 3,13,F000*d9fd * 25-02-2025 17:41:49.379
Command * WATER VALVE - 5 CONTROL OFF - #4,13,5,0*41ab
 * 25-02-2025 17:41:49.940
CRC-Response  - 4,13,F000*e9db * 25-02-2025 17:41:50.146
Command * WATER VALVE - 6 CONTROL OFF - #5,13,6,0*8d9a
 * 25-02-2025 17:41:50.698
CRC-Response  - 5,13,F000*79d6 * 25-02-2025 17:41:50.908
Command * Home Command - #6,5,01111111*b1b5
 * 25-02-2025 17:41:51.465
CRC-Response  - 6,5,I001,01111111*0f53 * 25-02-2025 17:41:51.670
CRC-Response  - 6,5,F000*c7bb * 25-02-2025 17:42:04.945
Command * Home Command - #7,5,01111111*7248
 * 25-02-2025 17:42:07.254
CRC-Response  - 7,5,I001,01111111*9f02 * 25-02-2025 17:42:07.473
CRC-Response  - 7,5,F000*0b7a * 25-02-2025 17:42:20.725
Command * Level Sensing For L1 - #8,4,17564,16380,0,0*ab6b
 * 25-02-2025 17:42:22.64
CRC-Response  - 8,4,I001*4ef9 * 25-02-2025 17:42:22.269
CRC-Response  - 8,4,F000,710*d181 * 25-02-2025 17:42:26.354
L1 Value - 600 * 25-02-2025 17:42:26.378
Command * Level Sensing For L2 - #9,4,13934,16380,0,0*534e
 * 25-02-2025 17:42:26.830
CRC-Response  - 9,4,I001*8238 * 25-02-2025 17:42:27.49
CRC-Response  - 9,4,F000,717*d03d * 25-02-2025 17:42:29.326
L2 Value - 600 * 25-02-2025 17:42:29.348
Command * Level Sensing For L3 - #10,4,10304,16380,0,0*d9f6
 * 25-02-2025 17:42:29.602
CRC-Response  - 10,4,I001*82eb * 25-02-2025 17:42:29.821
CRC-Response  - 10,4,F000,715*9584 * 25-02-2025 17:42:32.108
L3 Value - 600 * 25-02-2025 17:42:32.132
Command * Home Command - #11,5,01111111*e264
 * 25-02-2025 17:42:32.383
CRC-Response  - 11,5,I001,01111111*59be * 25-02-2025 17:42:32.602
CRC-Response  - 11,5,F000*4be9 * 25-02-2025 17:42:45.864
Command * Home Command - #12,5,01111111*e660
 * 25-02-2025 17:42:48.173
CRC-Response  - 12,5,I001,01111111*a94e * 25-02-2025 17:42:48.397
CRC-Response  - 12,5,F000*5ea9 * 25-02-2025 17:43:01.645
Rack - 1Protocol Started * 25-02-2025 17:43:03.410
Command * Rack-1 Picked from L1 - #13,2,1,17564,16380,0,0*bdee
 * 25-02-2025 17:43:03.527
CRC-Response  - 13,2,I001,1*a063 * 25-02-2025 17:43:03.748
CRC-Response  - 13,2,F000,1*9f32 * 25-02-2025 17:43:09.764
Command * Rack-1 Placed in J1 - #14,3,1,10304,800,0,0*3371
 * 25-02-2025 17:43:10.353
CRC-Response  - 14,3,I001,1*b613 * 25-02-2025 17:43:10.568
CRC-Response  - 14,3,F000,1*8942 * 25-02-2025 17:43:16.990
Command * Rack-1 Picked from J1 - #15,2,1,10304,800,0,0*5f1d
 * 25-02-2025 17:45:18.152
CRC-Response  - 15,2,I001,1*bf83 * 25-02-2025 17:45:18.371
CRC-Response  - 15,2,F000,1*80d2 * 25-02-2025 17:45:23.453
Command * Rack-1 Placed in J2 - #16,3,1,13934,800 ,0,0*da46
 * 25-02-2025 17:45:23.949
CRC-Response  - 16,3,I001,1*7cb2 * 25-02-2025 17:45:24.164
CRC-Response  - 16,3,F000,1*43e3 * 25-02-2025 17:45:29.770
Rack - 2Protocol Started * 25-02-2025 17:46:32.818
Rack R1delayed by 11 seconds due to Higher priority rack detected in Jar J2 in tmr_r1_incub() function * 25-02-2025 17:46:32.849
Command * Rack-2 Picked from L2 - #17,2,1,13934,16380,0,0*3db3
 * 25-02-2025 17:46:32.908
CRC-Response  - 17,2,I001,1*7522 * 25-02-2025 17:46:33.161
Rack R1delayed by 11 seconds due to Higher priority rack detected in Jar J2 in tmr_r1_incub() function * 25-02-2025 17:46:33.204
Rack R1delayed by 11 seconds due to Higher priority rack detected in Jar J2 in tmr_r1_incub() function * 25-02-2025 17:46:34.213
Rack R1delayed by 11 seconds due to Higher priority rack detected in Jar J2 in tmr_r1_incub() function * 25-02-2025 17:46:35.218
Rack R1delayed by 11 seconds due to Higher priority rack detected in Jar J2 in tmr_r1_incub() function * 25-02-2025 17:46:36.205
Rack R1delayed by 11 seconds due to Higher priority rack detected in Jar J2 in tmr_r1_incub() function * 25-02-2025 17:46:37.207
Rack R1delayed by 11 seconds due to Higher priority rack detected in Jar J2 in tmr_r1_incub() function * 25-02-2025 17:46:38.212
Rack R1delayed by 11 seconds due to Higher priority rack detected in Jar J2 in tmr_r1_incub() function * 25-02-2025 17:46:39.203
CRC-Response  - 17,2,F000,1*4a73 * 25-02-2025 17:46:39.544
Command * Rack-2 Placed in J1 - #18,3,1,10304,800,0,0*6262
 * 25-02-2025 17:46:39.762
CRC-Response  - 18,3,I001,1*89d3 * 25-02-2025 17:46:39.978
Rack R1delayed by 11 seconds due to Higher priority rack detected in Jar J2 in tmr_r1_incub() function * 25-02-2025 17:46:40.209
Rack R1delayed by 11 seconds due to Higher priority rack detected in Jar J2 in tmr_r1_incub() function * 25-02-2025 17:46:41.207
Rack R1delayed by 11 seconds due to Higher priority rack detected in Jar J2 in tmr_r1_incub() function * 25-02-2025 17:46:42.210
Rack R1delayed by 11 seconds due to Higher priority rack detected in Jar J2 in tmr_r1_incub() function * 25-02-2025 17:46:43.213
Rack R1delayed by 11 seconds due to Higher priority rack detected in Jar J2 in tmr_r1_incub() function * 25-02-2025 17:46:44.203
Rack R1delayed by 11 seconds due to Higher priority rack detected in Jar J2 in tmr_r1_incub() function * 25-02-2025 17:46:45.211
Rack R1delayed by 11 seconds due to Higher priority rack detected in Jar J2 in tmr_r1_incub() function * 25-02-2025 17:46:46.217
CRC-Response  - 18,3,F000,1*b682 * 25-02-2025 17:46:46.386
