Command * SET TEMPERATURE - #0,10,32*870a
 * 27-11-2024 18:41:48.630
CRC-Response  - 0,10,F000*1ae9 * 27-11-2024 18:41:48.817
Command * HEATER ON - #1,12,1*dbe7
 * 27-11-2024 18:42:01.136
CRC-Response  - 1,12,F000*68e5 * 27-11-2024 18:42:01.247
Command * WATER VALVE - 1 CONTROL OFF - #2,13,1,0*aa6a
 * 27-11-2024 18:42:02.125
CRC-Response  - 2,13,F000*49f0 * 27-11-2024 18:42:02.227
Command * WATER VALVE - 2 CONTROL OFF - #3,13,2,0*665b
 * 27-11-2024 18:42:05.822
CRC-Response  - 3,13,F000*d9fd * 27-11-2024 18:42:10.956
Command * WATER VALVE - 3 CONTROL OFF - #4,13,3,0*404b
 * 27-11-2024 18:42:16.33
CRC-Response  - 4,13,F000*e9db * 27-11-2024 18:42:16.142
Command * WATER VALVE - 4 CONTROL OFF - #5,13,4,0*4d3b
 * 27-11-2024 18:42:16.691
CRC-Response  - 5,13,F000*79d6 * 27-11-2024 18:42:16.805
Command * WATER VALVE - 5 CONTROL OFF - #6,13,5,0*982a
 * 27-11-2024 18:42:17.355
CRC-Response  - 6,13,F000*89c2 * 27-11-2024 18:42:17.472
Command * WATER VALVE - 6 CONTROL OFF - #7,13,6,0*541b
 * 27-11-2024 18:42:18.40
CRC-Response  - 7,13,F000*19cf * 27-11-2024 18:42:18.145
Command * Home Command - #8,5,01111111*665c
 * 27-11-2024 18:42:18.696
CRC-Response  - 8,5,I001,01111111*6c37 * 27-11-2024 18:42:18.807
CRC-Response  - 8,5,F000*4b3a * 27-11-2024 18:42:18.810
Command * Home Command - #9,5,01111111*a5a1
 * 27-11-2024 18:42:21.380
CRC-Response  - 9,5,I001,01111111*fc66 * 27-11-2024 18:42:21.493
CRC-Response  - 9,5,F000*87fb * 27-11-2024 18:42:21.496
Command * Level Sensing For H1 - #10,4,2688,1000,0,1*d4ca
 * 27-11-2024 18:42:23.76
CRC-Response  - 10,4,I001*82eb * 27-11-2024 18:42:23.184
CRC-Response  - 10,4,F000,3583*1791 * 27-11-2024 18:42:33.121
H1 Value - 3583 * 27-11-2024 18:42:33.159
Command * Level Sensing For H2 - #11,4,2688,8700,0,1*ee2d
 * 27-11-2024 18:42:33.345
CRC-Response  - 11,4,I001*4e2a * 27-11-2024 18:42:33.456
CRC-Response  - 11,4,F000,3587*5592 * 27-11-2024 18:42:35.920
H2 Value - 3587 * 27-11-2024 18:42:35.948
Command * Level Sensing For H3 - #12,4,2688,16380,0,1*9d98
 * 27-11-2024 18:42:36.24
CRC-Response  - 12,4,I001*5b6a * 27-11-2024 18:42:36.140
CRC-Response  - 12,4,F000,3564*f7d3 * 27-11-2024 18:42:38.592
H3 Value - 3564 * 27-11-2024 18:42:38.621
Command * Level Sensing For L1 - #13,4,17564,16380,0,0*94b5
 * 27-11-2024 18:42:38.712
CRC-Response  - 13,4,I001*97ab * 27-11-2024 18:42:38.826
CRC-Response  - 13,4,F000,263*a212 * 27-11-2024 18:42:42.371
L2 Value - 263 * 27-11-2024 18:42:42.408
Command * Level Sensing For L2 - #14,4,13934,16380,0,0*e418
 * 27-11-2024 18:42:42.461
CRC-Response  - 14,4,I001*71ea * 27-11-2024 18:42:47.572
CRC-Response  - 14,4,F000,293*99e2 * 27-11-2024 18:42:47.575
L2 Value - 293 * 27-11-2024 18:42:47.605
Command * Level Sensing For L3 - #15,4,10304,16380,0,0*153a
 * 27-11-2024 18:42:48.12
CRC-Response  - 15,4,I001*bd2b * 27-11-2024 18:42:48.129
CRC-Response  - 15,4,F000,288*0d5f * 27-11-2024 18:42:50.420
L3 Value - 288 * 27-11-2024 18:42:50.453
Command * Home Command - #16,5,01111111*2991
 * 27-11-2024 18:42:50.691
CRC-Response  - 16,5,I001,01111111*680c * 27-11-2024 18:42:50.807
CRC-Response  - 16,5,F000*ada8 * 27-11-2024 18:43:01.849
Command * Home Command - #17,5,01111111*ea6c
 * 27-11-2024 18:43:04.414
CRC-Response  - 17,5,I001,01111111*f85d * 27-11-2024 18:43:04.528
CRC-Response  - 17,5,F000*6169 * 27-11-2024 18:43:08.141
Rack - 1Protocol Started * 27-11-2024 18:50:58.811
Command * SET TEMPERATURE - #0,10,32*870a
 * 27-11-2024 18:53:36.771
CRC-Response  - 0,10,F000*1ae9 * 27-11-2024 18:53:37.39
Command * HEATER ON - #1,12,1*dbe7
 * 27-11-2024 18:53:46.32
CRC-Response  - 1,12,F000*68e5 * 27-11-2024 18:53:46.141
Command * WATER VALVE - 1 CONTROL OFF - #2,13,1,0*aa6a
 * 27-11-2024 18:53:48.217
CRC-Response  - 2,13,F000*49f0 * 27-11-2024 18:53:48.329
Command * WATER VALVE - 2 CONTROL OFF - #3,13,2,0*665b
 * 27-11-2024 18:53:48.386
CRC-Response  - 3,13,F000*d9fd * 27-11-2024 18:53:53.510
Command * WATER VALVE - 3 CONTROL OFF - #4,13,3,0*404b
 * 27-11-2024 18:53:53.950
CRC-Response  - 4,13,F000*e9db * 27-11-2024 18:53:54.68
Command * WATER VALVE - 4 CONTROL OFF - #5,13,4,0*4d3b
 * 27-11-2024 18:53:54.623
CRC-Response  - 5,13,F000*79d6 * 27-11-2024 18:53:54.732
Command * WATER VALVE - 5 CONTROL OFF - #6,13,5,0*982a
 * 27-11-2024 18:53:55.292
CRC-Response  - 6,13,F000*89c2 * 27-11-2024 18:53:55.400
Command * WATER VALVE - 6 CONTROL OFF - #7,13,6,0*541b
 * 27-11-2024 18:53:55.955
CRC-Response  - 7,13,F000*19cf * 27-11-2024 18:53:56.71
Command * Home Command - #8,5,01111111*665c
 * 27-11-2024 18:53:56.621
CRC-Response  - 8,5,I001,01111111*6c37 * 27-11-2024 18:53:56.735
CRC-Response  - 8,5,F000*4b3a * 27-11-2024 18:53:58.789
Command * Home Command - #9,5,01111111*a5a1
 * 27-11-2024 18:54:03.365
CRC-Response  - 9,5,I001,01111111*fc66 * 27-11-2024 18:54:03.480
CRC-Response  - 9,5,F000*87fb * 27-11-2024 18:54:05.166
Command * Level Sensing For H1 - #10,4,2688,1000,0,1*d4ca
 * 27-11-2024 18:54:08.573
CRC-Response  - 10,4,I001*82eb * 27-11-2024 18:54:08.682
CRC-Response  - 10,4,F000,3692*47a1 * 27-11-2024 18:54:18.628
H1 Value - 3692 * 27-11-2024 18:54:18.671
Command * Level Sensing For H2 - #11,4,2688,8700,0,1*ee2d
 * 27-11-2024 18:54:18.831
CRC-Response  - 11,4,I001*4e2a * 27-11-2024 18:54:18.947
CRC-Response  - 11,4,F000,3631*67e5 * 27-11-2024 18:54:21.405
H2 Value - 3631 * 27-11-2024 18:54:21.424
Command * Level Sensing For H3 - #12,4,2688,16380,0,1*9d98
 * 27-11-2024 18:54:21.539
CRC-Response  - 12,4,I001*5b6a * 27-11-2024 18:54:21.654
CRC-Response  - 12,4,F000,3604*5720 * 27-11-2024 18:54:24.108
H3 Value - 3604 * 27-11-2024 18:54:24.139
Command * Level Sensing For L1 - #13,4,17564,16380,0,0*94b5
 * 27-11-2024 18:54:24.210
CRC-Response  - 13,4,I001*97ab * 27-11-2024 18:54:24.325
CRC-Response  - 13,4,F000,2655*bae1 * 27-11-2024 18:54:27.871
L1 Value - 2655 * 27-11-2024 18:54:27.900
Command * Level Sensing For L2 - #14,4,13934,16380,0,0*e418
 * 27-11-2024 18:54:28.442
CRC-Response  - 14,4,I001*71ea * 27-11-2024 18:54:28.556
CRC-Response  - 14,4,F000,2654*3d2b * 27-11-2024 18:54:30.852
L2 Value - 2654 * 27-11-2024 18:54:30.884
Command * Level Sensing For L3 - #15,4,10304,16380,0,0*153a
 * 27-11-2024 18:54:31.155
CRC-Response  - 15,4,I001*bd2b * 27-11-2024 18:54:31.270
CRC-Response  - 15,4,F000,2642*2ea8 * 27-11-2024 18:54:33.566
L3 Value - 2642 * 27-11-2024 18:54:33.595
Command * Home Command - #16,5,01111111*2991
 * 27-11-2024 18:54:33.908
CRC-Response  - 16,5,I001,01111111*680c * 27-11-2024 18:54:34.17
CRC-Response  - 16,5,F000*ada8 * 27-11-2024 18:54:45.71
Command * Home Command - #17,5,01111111*ea6c
 * 27-11-2024 18:54:51.271
CRC-Response  - 17,5,I001,01111111*f85d * 27-11-2024 18:54:51.380
CRC-Response  - 17,5,F000*6169 * 27-11-2024 18:54:51.644
Command * HEATER DOOR OPEN - #18,8,1,1*3219
 * 27-11-2024 18:55:03.744
CRC-Response  - 18,8,I001*e8ea * 27-11-2024 18:55:03.863
CRC-Response  - 18,8,F000*3c28 * 27-11-2024 18:55:04.188
Command * Level Sensing For L1 - #19,4,17564,16380,0,0*4d2e
 * 27-11-2024 18:55:04.414
CRC-Response  - 19,4,I001*e82b * 27-11-2024 18:55:04.527
CRC-Response  - 19,4,F000,3*5413 * 27-11-2024 18:55:12.819
L1 Value - 3 * 27-11-2024 18:55:12.847
Command * Level Sensing For L2 - #20,4,13934,16380,0,0*e7ad
 * 27-11-2024 18:55:13.167
CRC-Response  - 20,4,I001*72ff * 27-11-2024 18:55:13.283
