Command Sent WATER VALVE - 1 CONTROL OFF - #0,13,1,0*73eb  * 01-04-2025 15:45:43.353
CRC-Response  - 0,13,F000*29e9 * 01-04-2025 15:45:43.641
Command Sent WATER VALVE - 2 CONTROL OFF - #1,13,2,0*bfda  * 01-04-2025 15:45:44.310
CRC-Response  - 1,13,F000*b9e4 * 01-04-2025 15:45:44.519
Command Sent WATER VALVE - 3 CONTROL OFF - #2,13,3,0*6acb  * 01-04-2025 15:45:51.15
CRC-Response  - 2,13,F000*49f0 * 01-04-2025 15:45:51.233
Command Sent WATER VALVE - 4 CONTROL OFF - #3,13,4,0*67bb  * 01-04-2025 15:45:51.899
CRC-Response  - 3,13,F000*d9fd * 01-04-2025 15:45:52.115
Command Sent WATER VALVE - 5 CONTROL OFF - #4,13,5,0*41ab  * 01-04-2025 15:45:52.782
CRC-Response  - 4,13,F000*e9db * 01-04-2025 15:45:52.996
Command Sent WATER VALVE - 6 CONTROL OFF - #5,13,6,0*8d9a  * 01-04-2025 15:45:53.646
CRC-Response  - 5,13,F000*79d6 * 01-04-2025 15:45:53.861
Command Sent Home Command - #6,5,01111111*b1b5  * 01-04-2025 15:45:54.517
CRC-Response  - 6,5,I001,01111111*0f53 * 01-04-2025 15:45:54.728
CRC-Response  - 6,5,F000*c7bb * 01-04-2025 15:45:54.737
Command Sent Home Command - #7,5,01111111*7248  * 01-04-2025 15:45:57.406
CRC-Response  - 7,5,I001,01111111*9f02 * 01-04-2025 15:45:57.616
CRC-Response  - 7,5,F000*0b7a * 01-04-2025 15:45:57.619
Command Sent Level Sensing For L1 - #8,4,17564,16380,0,0*ab6b  * 01-04-2025 15:45:59.329
CRC-Response  - 8,4,I001*4ef9 * 01-04-2025 15:45:59.541
CRC-Response  - 8,4,F000,967*e0a3 * 01-04-2025 15:46:07.833
L1 Value - 967 * 01-04-2025 15:46:07.860
Command Sent Level Sensing For L2 - #9,4,13934,16380,0,0*534e  * 01-04-2025 15:46:08.208
CRC-Response  - 9,4,I001*8238 * 01-04-2025 15:46:08.419
CRC-Response  - 9,4,F000,974*b21f * 01-04-2025 15:46:10.713
L2 Value - 974 * 01-04-2025 15:46:10.733
Command Sent Level Sensing For L3 - #10,4,10304,16380,0,0*d9f6  * 01-04-2025 15:46:11.87
CRC-Response  - 10,4,I001*82eb * 01-04-2025 15:46:11.301
CRC-Response  - 10,4,F000,953*9467 * 01-04-2025 15:46:13.586
L3 Value - 953 * 01-04-2025 15:46:13.600
Command Sent Home Command - #11,5,01111111*e264  * 01-04-2025 15:46:13.990
CRC-Response  - 11,5,I001,01111111*59be * 01-04-2025 15:46:14.204
CRC-Response  - 11,5,F000*4be9 * 01-04-2025 15:46:14.208
Command Sent Home Command - #12,5,01111111*e660  * 01-04-2025 15:46:15.877
CRC-Response  - 12,5,I001,01111111*a94e * 01-04-2025 15:46:16.91
CRC-Response  - 12,5,F000*5ea9 * 01-04-2025 15:46:16.98
Rack - 1Protocol Started * 01-04-2025 15:46:17.353
Command Sent Rack-1 Picked from L1 - #13,2,2,17564,16380,0,0*4d1e  * 01-04-2025 15:46:17.569
CRC-Response  - 13,2,I001,2*a123 * 01-04-2025 15:46:17.781
CRC-Response  - 13,2,F000,2*9e72 * 01-04-2025 15:46:24.961
RA Picked Rack From L1 * 01-04-2025 15:46:24.967
Command Sent Rack-1 Placed in J13 - #14,3,2,64754,800,0,0*9acd  * 01-04-2025 15:46:25.494
CRC-Response  - 14,3,I001,2*b753 * 01-04-2025 15:46:25.705
CRC-Response  - 14,3,F000,2*8802 * 01-04-2025 15:46:36.204
RA Placed Rack in J13 * 01-04-2025 15:46:36.210
Command Sent RA-2 Movement - #15,1,2,2688,800 ,0*3aa1  * 01-04-2025 15:46:36.913
CRC-Response  - 15,1,I001,2*ab83 * 01-04-2025 15:46:37.126
CRC-Response  - 15,1,F000,2*94d2 * 01-04-2025 15:46:44.916
RA Moved to assigned Location * 01-04-2025 15:46:44.921
Command Sent Rack-1 Picked from J13 - #16,2,1,64754,800,0,0*b3a6  * 01-04-2025 15:48:36.564
CRC-Response  - 16,2,I001,1*b073 * 01-04-2025 15:48:36.807
CRC-Response  - 16,2,F000,1*8f22 * 01-04-2025 15:48:42.140
RA Picked Rack From J13 * 01-04-2025 15:48:42.144
Command Sent Rack-1 Placed in J12 - #17,3,1,61124,800,0,0*8169  * 01-04-2025 15:48:42.502
CRC-Response  - 17,3,I001,1*b9e3 * 01-04-2025 15:48:42.710
CRC-Response  - 17,3,F000,1*86b2 * 01-04-2025 15:48:48.329
RA Placed Rack in J12 * 01-04-2025 15:48:48.336
Command Sent Rack-1 Picked from J12 - #18,2,1,61124,800,0,0*046f  * 01-04-2025 15:50:48.983
CRC-Response  - 18,2,I001,1*4512 * 01-04-2025 15:50:49.198
CRC-Response  - 18,2,F000,1*7a43 * 01-04-2025 15:50:54.287
RA Picked Rack From J12 * 01-04-2025 15:50:54.292
Command Sent Rack-1 Placed in J11 - #19,3,1,57494,800,0,0*8a6e  * 01-04-2025 15:50:54.885
CRC-Response  - 19,3,I001,1*4c82 * 01-04-2025 15:50:55.99
CRC-Response  - 19,3,F000,1*73d3 * 01-04-2025 15:51:00.704
RA Placed Rack in J11 * 01-04-2025 15:51:00.707
Command Sent Home Command - #20,5,00111111*228c  * 01-04-2025 15:51:01.689
CRC-Response  - 20,5,I001,00111111*4d0f * 01-04-2025 15:51:01.902
CRC-Response  - 20,5,F000*773c * 01-04-2025 15:51:01.907
Rack - 2Protocol Started * 01-04-2025 15:51:02.405
Command Sent Rack-2 Picked from L2 - #21,2,2,13934,16380,0,0*be56  * 01-04-2025 15:51:02.580
CRC-Response  - 21,2,I001,2*2f8d * 01-04-2025 15:51:02.793
CRC-Response  - 21,2,F000,2*10dc * 01-04-2025 15:51:09.570
RA Picked Rack From L2 * 01-04-2025 15:51:09.575
Command Sent Rack-2 Placed in J13 - #22,3,2,64754,800,0,0*2101  * 01-04-2025 15:51:09.987
CRC-Response  - 22,3,I001,2*ecbc * 01-04-2025 15:51:10.201
CRC-Response  - 22,3,F000,2*d3ed * 01-04-2025 15:51:21.97
RA Placed Rack in J13 * 01-04-2025 15:51:21.104
Command Sent RA-2 Movement - #23,1,2,2688,800 ,0*dfb2  * 01-04-2025 15:51:21.933
CRC-Response  - 23,1,I001,2*f06c * 01-04-2025 15:51:22.146
Command Sent RA-2 Movement - #23,1,2,2688,800 ,0*dfb2  * 01-04-2025 15:52:01.43
CRC-Response  - 23,1,I001,2*f06c * 01-04-2025 15:52:01.254
CRC-Response  - 23,1,F000,2*cf3d * 01-04-2025 15:52:01.996
RA Moved to assigned Location * 01-04-2025 15:52:02.3
Command Sent Rack-1 Picked from J11 - #24,2,1,57494,800,0,0*8455  * 01-04-2025 15:53:01.373
CRC-Response  - 24,2,I001,1*3edd * 01-04-2025 15:53:01.655
CRC-Response  - 24,2,F000,1*018c * 01-04-2025 15:53:07.742
RA Picked Rack From J11 * 01-04-2025 15:53:07.747
Command Sent Rack-1 Placed in J10 - #25,3,1,53864,800,0,0*47c7  * 01-04-2025 15:53:08.382
CRC-Response  - 25,3,I001,1*374d * 01-04-2025 15:53:08.599
CRC-Response  - 25,3,F000,1*081c * 01-04-2025 15:53:14.209
RA Placed Rack in J10 * 01-04-2025 15:53:14.215
Command Sent Rack-2 Picked from J13 - #26,2,1,64754,800,0,0*80e2  * 01-04-2025 15:53:21.497
CRC-Response  - 26,2,I001,1*f47c * 01-04-2025 15:53:21.711
CRC-Response  - 26,2,F000,1*cb2d * 01-04-2025 15:53:28.128
RA Picked Rack From J13 * 01-04-2025 15:53:28.134
Command Sent Rack-2 Placed in J12 - #27,3,1,61124,800,0,0*b22d  * 01-04-2025 15:53:28.418
CRC-Response  - 27,3,I001,1*fdec * 01-04-2025 15:53:28.624
CRC-Response  - 27,3,F000,1*c2bd * 01-04-2025 15:53:34.252
RA Placed Rack in J12 * 01-04-2025 15:53:34.257
Command Sent Rack-1 Picked from J10 - #28,2,1,53864,800,0,0*7ab8  * 01-04-2025 15:55:14.893
CRC-Response  - 28,2,I001,1*011d * 01-04-2025 15:55:15.107
CRC-Response  - 28,2,F000,1*3e4c * 01-04-2025 15:55:21.126
RA Picked Rack From J10 * 01-04-2025 15:55:21.130
Command Sent Rack-1 Placed in J9 - #29,3,1,39344,800,0,0*2641  * 01-04-2025 15:55:21.799
CRC-Response  - 29,3,I001,1*088d * 01-04-2025 15:55:22.11
CRC-Response  - 29,3,F000,1*37dc * 01-04-2025 15:55:28.844
RA Placed Rack in J9 * 01-04-2025 15:55:28.852
Command Sent Rack-2 Picked from J12 - #30,2,1,61124,800,0,0*87f4  * 01-04-2025 15:55:34.904
CRC-Response  - 30,2,I001,1*1798 * 01-04-2025 15:55:35.121
CRC-Response  - 30,2,F000,1*28c9 * 01-04-2025 15:55:42.769
RA Picked Rack From J12 * 01-04-2025 15:55:42.774
Command Sent Rack-2 Placed in J11 - #31,3,1,57494,800,0,0*09f5  * 01-04-2025 15:55:43.313
CRC-Response  - 31,3,I001,1*1e08 * 01-04-2025 15:55:43.529
CRC-Response  - 31,3,F000,1*2159 * 01-04-2025 15:55:49.136
RA Placed Rack in J11 * 01-04-2025 15:55:49.138
Command Sent Home Command - #32,5,00111111*6477  * 01-04-2025 15:56:04.524
CRC-Response  - 32,5,I001,00111111*d1ff * 01-04-2025 15:56:04.800
CRC-Response  - 32,5,F000*3eb0 * 01-04-2025 15:56:04.807
Rack - R3Protocol Started * 01-04-2025 15:56:05.312
Command Sent Rack-3 Picked from L3 - #33,2,2,10304,16380,0,0*9dba  * 01-04-2025 15:56:05.501
CRC-Response  - 33,2,I001,2*1928 * 01-04-2025 15:56:05.710
CRC-Response  - 33,2,F000,2*2679 * 01-04-2025 15:56:12.193
RA Picked Rack From L3 * 01-04-2025 15:56:12.199
Command Sent Rack-3 Placed in J13 - #34,3,2,64754,800,0,0*78b4  * 01-04-2025 15:56:12.394
CRC-Response  - 34,3,I001,2*0f58 * 01-04-2025 15:56:12.608
CRC-Response  - 34,3,F000,2*3009 * 01-04-2025 15:56:23.909
RA Placed Rack in J13 * 01-04-2025 15:56:23.917
Command Sent RA-2 Movement - #35,1,2,2688,800 ,0*8200  * 01-04-2025 15:56:24.779
CRC-Response  - 35,1,I001,2*1388 * 01-04-2025 15:56:24.992
CRC-Response  - 35,1,F000,2*2cd9 * 01-04-2025 15:56:32.778
RA Moved to assigned Location * 01-04-2025 15:56:32.782
Command Sent WATER VALVE - 3 CONTROL ON - #36,13,3,1*5301  * 01-04-2025 15:57:11.210
CRC-Response  - 36,13,F000*8e48 * 01-04-2025 15:57:11.492
Command Sent Rack-1 Picked from J9 - #37,2,1,39344,800,0,0*8e47  * 01-04-2025 15:57:29.230
CRC-Response  - 37,2,I001,1*cd29 * 01-04-2025 15:57:29.452
CRC-Response  - 37,2,F000,1*f278 * 01-04-2025 15:57:37.628
RA Picked Rack From J9 * 01-04-2025 15:57:37.634
Command Sent Rack-1 Placed in W3 - #38,3,1,50234,800,0,0*f7e1  * 01-04-2025 15:57:38.152
CRC-Response  - 38,3,I001,1*31d8 * 01-04-2025 15:57:38.359
CRC-Response  - 38,3,F000,1*0e89 * 01-04-2025 15:57:44.787
RA Placed Rack in W3 * 01-04-2025 15:57:44.793
Command Sent Rack-2 Picked from J11 - #39,2,1,57494,800,0,0*f846  * 01-04-2025 15:57:49.732
CRC-Response  - 39,2,I001,1*3848 * 01-04-2025 15:57:49.948
CRC-Response  - 39,2,F000,1*0719 * 01-04-2025 15:57:55.955
RA Picked Rack From J11 * 01-04-2025 15:57:55.960
Command Sent Rack-2 Placed in J10 - #40,3,1,53864,800,0,0*ed83  * 01-04-2025 15:57:56.643
CRC-Response  - 40,3,I001,1*af43 * 01-04-2025 15:57:56.856
CRC-Response  - 40,3,F000,1*9012 * 01-04-2025 15:58:02.466
RA Placed Rack in J10 * 01-04-2025 15:58:02.473
Command Sent Rack-3 Picked from J13 - #41,2,1,64754,800,0,0*92df  * 01-04-2025 15:58:24.293
CRC-Response  - 41,2,I001,1*a6d3 * 01-04-2025 15:58:24.555
CRC-Response  - 41,2,F000,1*9982 * 01-04-2025 15:58:30.939
RA Picked Rack From J13 * 01-04-2025 15:58:30.944
Command Sent Rack-3 Placed in J12 - #42,3,1,61124,800,0,0*1869  * 01-04-2025 15:58:31.253
CRC-Response  - 42,3,I001,1*65e2 * 01-04-2025 15:58:31.466
CRC-Response  - 42,3,F000,1*5ab3 * 01-04-2025 15:58:37.91
RA Placed Rack in J12 * 01-04-2025 15:58:37.97
Command Sent WATER VALVE - 3 CONTROL OFF - #43,13,3,0*9c26  * 01-04-2025 15:59:45.89
CRC-Response  - 43,13,F000*04c6 * 01-04-2025 15:59:45.361
Command Sent Rack-1 Picked from W3 - #44,2,1,50234,800,0,0*8116  * 01-04-2025 15:59:45.537
CRC-Response  - 44,2,I001,1*b6c3 * 01-04-2025 15:59:45.745
CRC-Response  - 44,2,F000,1*8992 * 01-04-2025 15:59:52.172
RA Picked Rack From W3 * 01-04-2025 15:59:52.177
Command Sent RA-2 Movement - #45,1,2,2688,800 ,0*f7b1  * 01-04-2025 15:59:52.437
CRC-Response  - 45,1,I001,2*6792 * 01-04-2025 15:59:52.650
CRC-Response  - 45,1,F000,2*58c3 * 01-04-2025 15:59:53.381
RA Moved to assigned Location * 01-04-2025 15:59:53.384
Command Sent Rack-1 Placed in J8 - #46,3,1,35714,800,0,0*658b  * 01-04-2025 15:59:53.828
CRC-Response  - 46,3,I001,1*b0a3 * 01-04-2025 15:59:54.44
CRC-Response  - 46,3,F000,1*8ff2 * 01-04-2025 16:00:00.885
RA Placed Rack in J8 * 01-04-2025 16:00:00.890
11 Seconds Timer increments in Jar J10 for R2 as Command Execution under process in other function and timer updated for tmr_r2_incub() * 01-04-2025 16:00:02.945
11 Seconds Timer increments in Jar J10 for R2 as Command Execution under process in other function and timer updated for tmr_r2_incub() * 01-04-2025 16:00:13.961
11 Seconds Timer increments in Jar J10 for R2 as Command Execution under process in other function and timer updated for tmr_r2_incub() * 01-04-2025 16:00:24.966
11 Seconds Timer increments in Jar J10 for R2 as Command Execution under process in other function and timer updated for tmr_r2_incub() * 01-04-2025 16:00:35.968
11 Secconds Timer increments in Jar J12 for R3 as Command Execution under process in other function and timer upadted for tmr_r3_incub() * 01-04-2025 16:00:37.562
11 Seconds Timer increments in Jar J10 for R2 as Command Execution under process in other function and timer updated for tmr_r2_incub() * 01-04-2025 16:00:46.967
11 Secconds Timer increments in Jar J12 for R3 as Command Execution under process in other function and timer upadted for tmr_r3_incub() * 01-04-2025 16:00:48.571
11 Seconds Timer increments in Jar J10 for R2 as Command Execution under process in other function and timer updated for tmr_r2_incub() * 01-04-2025 16:00:57.966
11 Secconds Timer increments in Jar J12 for R3 as Command Execution under process in other function and timer upadted for tmr_r3_incub() * 01-04-2025 16:00:59.603
11 Seconds Timer increments in Jar J10 for R2 as Command Execution under process in other function and timer updated for tmr_r2_incub() * 01-04-2025 16:01:08.961
11 Secconds Timer increments in Jar J12 for R3 as Command Execution under process in other function and timer upadted for tmr_r3_incub() * 01-04-2025 16:01:10.607
11 Seconds Timer increments in Jar J10 for R2 as Command Execution under process in other function and timer updated for tmr_r2_incub() * 01-04-2025 16:01:19.975
11 Secconds Timer increments in Jar J12 for R3 as Command Execution under process in other function and timer upadted for tmr_r3_incub() * 01-04-2025 16:01:21.602
11 Seconds Timer increments in Jar J10 for R2 as Command Execution under process in other function and timer updated for tmr_r2_incub() * 01-04-2025 16:01:31.27
11 Secconds Timer increments in Jar J12 for R3 as Command Execution under process in other function and timer upadted for tmr_r3_incub() * 01-04-2025 16:01:32.606
11 Seconds Timer increments in Jar J10 for R2 as Command Execution under process in other function and timer updated for tmr_r2_incub() * 01-04-2025 16:01:42.39
11 Secconds Timer increments in Jar J12 for R3 as Command Execution under process in other function and timer upadted for tmr_r3_incub() * 01-04-2025 16:01:43.613
11 Seconds Timer increments in Jar J10 for R2 as Command Execution under process in other function and timer updated for tmr_r2_incub() * 01-04-2025 16:01:53.48
11 Secconds Timer increments in Jar J12 for R3 as Command Execution under process in other function and timer upadted for tmr_r3_incub() * 01-04-2025 16:01:54.606
11 Seconds Timer increments in Jar J10 for R2 as Command Execution under process in other function and timer updated for tmr_r2_incub() * 01-04-2025 16:02:04.56
11 Secconds Timer increments in Jar J12 for R3 as Command Execution under process in other function and timer upadted for tmr_r3_incub() * 01-04-2025 16:02:05.605
11 Seconds Timer increments in Jar J10 for R2 as Command Execution under process in other function and timer updated for tmr_r2_incub() * 01-04-2025 16:02:15.86
11 Secconds Timer increments in Jar J12 for R3 as Command Execution under process in other function and timer upadted for tmr_r3_incub() * 01-04-2025 16:02:16.602
