Command * WATER VALVE - 1 CONTROL OFF - #0,13,1,0*73eb
 * 25-02-2025 15:53:22.803
CRC-Response  - 0,13,F000*29e9 * 25-02-2025 15:53:23.184
Command * WATER VALVE - 2 CONTROL OFF - #1,13,2,0*bfda
 * 25-02-2025 15:53:23.733
CRC-Response  - 1,13,F000*b9e4 * 25-02-2025 15:53:23.938
Command * WATER VALVE - 3 CONTROL OFF - #2,13,3,0*6acb
 * 25-02-2025 15:53:24.493
CRC-Response  - 2,13,F000*49f0 * 25-02-2025 15:53:24.698
Command * WATER VALVE - 4 CONTROL OFF - #3,13,4,0*67bb
 * 25-02-2025 15:53:25.253
CRC-Response  - 3,13,F000*d9fd * 25-02-2025 15:53:25.459
Command * WATER VALVE - 5 CONTROL OFF - #4,13,5,0*41ab
 * 25-02-2025 15:53:26.14
CRC-Response  - 4,13,F000*e9db * 25-02-2025 15:53:26.220
Command * WATER VALVE - 6 CONTROL OFF - #5,13,6,0*8d9a
 * 25-02-2025 15:53:26.790
CRC-Response  - 5,13,F000*79d6 * 25-02-2025 15:53:26.993
Command * Home Command - #6,5,01111111*b1b5
 * 25-02-2025 15:53:27.544
CRC-Response  - 6,5,I001,01111111*0f53 * 25-02-2025 15:53:27.749
CRC-Response  - 6,5,F000*c7bb * 25-02-2025 15:53:41.27
Command * Home Command - #7,5,01111111*7248
 * 25-02-2025 15:53:43.326
CRC-Response  - 7,5,I001,01111111*9f02 * 25-02-2025 15:53:43.545
CRC-Response  - 7,5,F000*0b7a * 25-02-2025 15:53:56.804
Command * Level Sensing For L1 - #8,4,17564,16380,0,0*ab6b
 * 25-02-2025 15:53:58.129
CRC-Response  - 8,4,I001*4ef9 * 25-02-2025 15:53:58.347
CRC-Response  - 8,4,F000,714*1280 * 25-02-2025 15:54:02.428
L1 Value - 600 * 25-02-2025 15:54:02.457
Command * Level Sensing For L2 - #9,4,13934,16380,0,0*534e
 * 25-02-2025 15:54:02.898
CRC-Response  - 9,4,I001*8238 * 25-02-2025 15:54:03.105
CRC-Response  - 9,4,F000,708*447c * 25-02-2025 15:54:05.404
L2 Value - 600 * 25-02-2025 15:54:05.424
Command * Level Sensing For L3 - #10,4,10304,16380,0,0*d9f6
 * 25-02-2025 15:54:05.653
CRC-Response  - 10,4,I001*82eb * 25-02-2025 15:54:05.867
CRC-Response  - 10,4,F000,705*0585 * 25-02-2025 15:54:08.155
L3 Value - 600 * 25-02-2025 15:54:08.169
Command * Home Command - #11,5,01111111*e264
 * 25-02-2025 15:54:08.422
CRC-Response  - 11,5,I001,01111111*59be * 25-02-2025 15:54:08.636
CRC-Response  - 11,5,F000*4be9 * 25-02-2025 15:54:21.913
Command * Home Command - #12,5,01111111*e660
 * 25-02-2025 15:54:24.199
CRC-Response  - 12,5,I001,01111111*a94e * 25-02-2025 15:54:24.572
CRC-Response  - 12,5,F000*5ea9 * 25-02-2025 15:54:37.687
Rack - 1Protocol Started * 25-02-2025 15:54:39.589
Command * Rack-1 Picked from L1 - #13,2,1,17564,16380,0,0*bdee
 * 25-02-2025 15:54:39.693
CRC-Response  - 13,2,I001,1*a063 * 25-02-2025 15:54:39.902
CRC-Response  - 13,2,F000,1*9f32 * 25-02-2025 15:54:45.929
Command * Rack-1 Placed in J1 - #14,3,1,10304,800,0,0*3371
 * 25-02-2025 15:54:46.492
CRC-Response  - 14,3,I001,1*b613 * 25-02-2025 15:54:46.706
CRC-Response  - 14,3,F000,1*8942 * 25-02-2025 15:54:53.110
Command * Rack-1 Picked from J1 - #15,2,1,10304,800,0,0*5f1d
 * 25-02-2025 15:56:54.281
CRC-Response  - 15,2,I001,1*bf83 * 25-02-2025 15:56:54.538
CRC-Response  - 15,2,F000,1*80d2 * 25-02-2025 15:56:59.582
Command * Rack-1 Placed in J2 - #16,3,1,13934,800 ,0,0*da46
 * 25-02-2025 15:57:00.120
CRC-Response  - 16,3,I001,1*7cb2 * 25-02-2025 15:57:00.338
CRC-Response  - 16,3,F000,1*43e3 * 25-02-2025 15:57:05.953
Rack - 2Protocol Started * 25-02-2025 15:58:08.953
Command * Rack-2 Picked from L2 - #17,2,1,13934,16380,0,0*3db3
 * 25-02-2025 15:58:09.44
CRC-Response  - 17,2,I001,1*7522 * 25-02-2025 15:58:09.262
CRC-Response  - 17,2,F000,1*4a73 * 25-02-2025 15:58:15.673
Command * Rack-2 Placed in J1 - #18,3,1,10304,800,0,0*6262
 * 25-02-2025 15:58:15.836
CRC-Response  - 18,3,I001,1*89d3 * 25-02-2025 15:58:16.53
CRC-Response  - 18,3,F000,1*b682 * 25-02-2025 15:58:22.463
Command * Rack-1 Picked from J2 - #19,2,1,13934,800 ,0,0*d843
 * 25-02-2025 15:59:06.448
CRC-Response  - 19,2,I001,1*8043 * 25-02-2025 15:59:06.733
CRC-Response  - 19,2,F000,1*bf12 * 25-02-2025 15:59:12.283
Command * Rack-1 Placed in J3 - #20,3,1,17564,800 ,0,0*d7f2
 * 25-02-2025 15:59:12.828
CRC-Response  - 20,3,I001,1*275d * 25-02-2025 15:59:13.36
CRC-Response  - 20,3,F000,1*180c * 25-02-2025 15:59:18.662
Command * Rack-2 Picked from J1 - #21,2,1,10304,800,0,0*5ca8
 * 25-02-2025 16:00:22.670
CRC-Response  - 21,2,I001,1*2ecd * 25-02-2025 16:00:22.952
CRC-Response  - 21,2,F000,1*119c * 25-02-2025 16:00:28.905
Command * Rack-2 Placed in J2 - #22,3,1,13934,800 ,0,0*6d84
 * 25-02-2025 16:00:29.33
CRC-Response  - 22,3,I001,1*edfc * 25-02-2025 16:00:29.246
CRC-Response  - 22,3,F000,1*d2ad * 25-02-2025 16:00:34.868
Command * Rack-1 Picked from J3 - #23,2,1,17564,800 ,0,0*18e7
 * 25-02-2025 16:01:19.131
CRC-Response  - 23,2,I001,1*e46c * 25-02-2025 16:01:19.351
CRC-Response  - 23,2,F000,1*db3d * 25-02-2025 16:01:24.958
Command * Rack-1 Placed in J4 - #24,3,1,21194,800 ,0,0*4dc8
 * 25-02-2025 16:01:25.436
CRC-Response  - 24,3,I001,1*f21c * 25-02-2025 16:01:25.639
CRC-Response  - 24,3,F000,1*cd4d * 25-02-2025 16:01:31.257
Rack - R3Protocol Started * 25-02-2025 16:01:37.337
Command * Rack-3 Picked from L3 - #25,2,1,10304,16380,0,0*c7fc
 * 25-02-2025 16:01:37.424
CRC-Response  - 25,2,I001,1*fb8c * 25-02-2025 16:01:37.631
CRC-Response  - 25,2,F000,1*c4dd * 25-02-2025 16:01:44.59
Command * Rack-3 Placed in J1 - #26,3,1,10304,800,0,0*b84c
 * 25-02-2025 16:01:44.215
CRC-Response  - 26,3,I001,1*38bd * 25-02-2025 16:01:44.431
CRC-Response  - 26,3,F000,1*07ec * 25-02-2025 16:01:50.849
Command * Rack-2 Picked from J2 - #27,2,1,13934,800 ,0,0*c419
 * 25-02-2025 16:02:35.313
CRC-Response  - 27,2,I001,1*312d * 25-02-2025 16:02:35.587
CRC-Response  - 27,2,F000,1*0e7c * 25-02-2025 16:02:41.149
Command * Rack-2 Placed in J3 - #28,3,1,17564,800 ,0,0*9e13
 * 25-02-2025 16:02:41.664
CRC-Response  - 28,3,I001,1*cddc * 25-02-2025 16:02:41.880
CRC-Response  - 28,3,F000,1*f28d * 25-02-2025 16:02:47.495
Command * Rack-1 Picked from J4 - #29,2,1,21194,800 ,0,0*adb4
 * 25-02-2025 16:03:31.750
CRC-Response  - 29,2,I001,1*c44c * 25-02-2025 16:03:32.42
CRC-Response  - 29,2,F000,1*fb1d * 25-02-2025 16:03:37.584
Command * Rack-1 Placed in J5 - #30,3,1,24824,800 ,0,0*251c
 * 25-02-2025 16:03:38.115
CRC-Response  - 30,3,I001,1*db59 * 25-02-2025 16:03:38.330
CRC-Response  - 30,3,F000,1*e408 * 25-02-2025 16:03:43.943
Command * Rack-3 Picked from J1 - #31,2,1,10304,800,0,0*8d95
 * 25-02-2025 16:03:50.995
CRC-Response  - 31,2,I001,1*d2c9 * 25-02-2025 16:03:51.209
CRC-Response  - 31,2,F000,1*ed98 * 25-02-2025 16:03:58.51
Command * Rack-3 Placed in J2 - #32,3,1,13934,800 ,0,0*bc94
 * 25-02-2025 16:03:58.278
CRC-Response  - 32,3,I001,1*11f8 * 25-02-2025 16:03:58.497
CRC-Response  - 32,3,F000,1*2ea9 * 25-02-2025 16:04:04.102
Command * Rack-2 Picked from J3 - #33,2,1,17564,800 ,0,0*c9f7
 * 25-02-2025 16:04:47.979
CRC-Response  - 33,2,I001,1*1868 * 25-02-2025 16:04:48.220
CRC-Response  - 33,2,F000,1*2739 * 25-02-2025 16:04:53.802
Command * Rack-2 Placed in J4 - #34,3,1,21194,800 ,0,0*9cd8
 * 25-02-2025 16:04:54.308
CRC-Response  - 34,3,I001,1*0e18 * 25-02-2025 16:04:54.516
CRC-Response  - 34,3,F000,1*3149 * 25-02-2025 16:05:00.130
Command * Level Sensing For L1 - #35,4,17564,16380,0,0*fe44
 * 25-02-2025 16:05:08.245
CRC-Response  - 35,4,I001*dd32 * 25-02-2025 16:05:08.461
CRC-Response  - 35,4,F000,743*890c * 25-02-2025 16:05:12.539
L1 Value - 600 * 25-02-2025 16:05:12.559
Command * Level Sensing For L2 - #36,4,13934,16380,0,0*be18
 * 25-02-2025 16:05:13.14
CRC-Response  - 36,4,I001*c872 * 25-02-2025 16:05:13.235
CRC-Response  - 36,4,F000,727*ee0a * 25-02-2025 16:05:15.528
L2 Value - 600 * 25-02-2025 16:05:15.545
Command * Level Sensing For L3 - #37,4,10304,16380,0,0*4f3a
 * 25-02-2025 16:05:15.790
CRC-Response  - 37,4,I001*04b3 * 25-02-2025 16:05:16.9
CRC-Response  - 37,4,F000,746*4d35 * 25-02-2025 16:05:18.303
L3 Value - 600 * 25-02-2025 16:05:18.319
Command * Home Command - #38,5,01111111*bc7f
 * 25-02-2025 16:05:18.559
CRC-Response  - 38,5,I001,01111111*b3c9 * 25-02-2025 16:05:18.765
CRC-Response  - 38,5,F000*4130 * 25-02-2025 16:05:32.30
Command * Home Command - #39,5,01111111*7f82
 * 25-02-2025 16:05:34.365
CRC-Response  - 39,5,I001,01111111*2398 * 25-02-2025 16:05:34.585
CRC-Response  - 39,5,F000*8df1 * 25-02-2025 16:05:47.844
Rack - 4Protocol Started * 25-02-2025 16:05:49.605
Command * Rack-4 Picked from L1 - #40,2,1,17564,16380,0,0*b148
 * 25-02-2025 16:05:49.699
CRC-Response  - 40,2,I001,1*6382 * 25-02-2025 16:05:49.911
CRC-Response  - 40,2,F000,1*5cd3 * 25-02-2025 16:05:55.933
Command * Rack-4 Placed in J1 - #42,3,1,10304,800,0,0*ee35
 * 25-02-2025 16:05:56.496
CRC-Response  - 42,3,I001,1*65e2 * 25-02-2025 16:05:56.711
CRC-Response  - 42,3,F000,1*5ab3 * 25-02-2025 16:06:03.126
Command * Rack-3 Picked from J2 - #43,2,1,13934,800 ,0,0*268e
 * 25-02-2025 16:06:05.572
CRC-Response  - 43,2,I001,1*6c72 * 25-02-2025 16:06:05.793
CRC-Response  - 43,2,F000,1*5323 * 25-02-2025 16:06:11.398
Command * Rack-1 Placed in J6 - #44,3,1,28454,800 ,0,0*be80
 * 25-02-2025 16:06:11.498
CRC-Response  - 44,3,I001,1*7a02 * 25-02-2025 16:06:11.709
CRC-Response  - 44,3,F000,1*4553 * 25-02-2025 16:06:18.540
Command * Rack-2 Picked from J4 - #45,2,1,21194,800 ,0,0*06c2
 * 25-02-2025 16:07:01.595
CRC-Response  - 45,2,I001,1*7392 * 25-02-2025 16:07:01.968
CRC-Response  - 45,2,F000,1*4cc3 * 25-02-2025 16:07:07.827
Command * Rack-2 Placed in J5 - #46,3,1,24824,800 ,0,0*f4e2
 * 25-02-2025 16:07:08.54
CRC-Response  - 46,3,I001,1*b0a3 * 25-02-2025 16:07:08.262
CRC-Response  - 46,3,F000,1*8ff2 * 25-02-2025 16:07:13.875
Command * Rack-4 Picked from J1 - #47,2,1,10304,800,0,0*b2a8
 * 25-02-2025 16:08:03.292
CRC-Response  - 47,2,I001,1*b933 * 25-02-2025 16:08:03.562
CRC-Response  - 47,2,F000,1*8662 * 25-02-2025 16:08:10.345
Command * Rack-4 Placed in J2 - #48,3,1,13934,800 ,0,0*a07a
 * 25-02-2025 16:08:10.644
CRC-Response  - 48,3,I001,1*45c2 * 25-02-2025 16:08:10.857
CRC-Response  - 48,3,F000,1*7a93 * 25-02-2025 16:08:16.466
Command * Rack-3 Placed in J3 - #49,3,1,17564,800 ,0,0*2948
 * 25-02-2025 16:08:16.875
CRC-Response  - 49,3,I001,1*8093 * 25-02-2025 16:08:17.85
CRC-Response  - 49,3,F000,1*bfc2 * 25-02-2025 16:08:22.702
User Aborted / Stopped the application forcefully  * 25-02-2025 16:09:00.700
Command * WATER VALVE - 1 CONTROL OFF - #51,13,1,0*150b
 * 25-02-2025 16:09:03.921
CRC-Response  - 51,13,F000*a18e * 25-02-2025 16:09:04.141
