Command * SET TEMPERATURE - #0,10,32*870a
 * 24-02-2025 17:28:38.805
CRC-Response  - 0,10,F000*1ae9 * 24-02-2025 17:28:39.69
Command * HEATER ON - #1,12,1*dbe7
 * 24-02-2025 17:28:40.133
CRC-Response  - 1,12,F000*68e5 * 24-02-2025 17:28:40.344
Command * HEATER DOOR CLOSE - #2,8,1,0*21eb
 * 24-02-2025 17:28:41.222
CRC-Response  - 2,8,I001*fd79 * 24-02-2025 17:28:41.429
CRC-Response  - 2,8,F000*29bb * 24-02-2025 17:28:41.768
Command * READ TEMPERATURE - #3,11*ed1a
 * 24-02-2025 17:28:41.986
CRC-Response  - 3,11,F000,545*d48f * 24-02-2025 17:28:42.201
Command * WATER VALVE - 1 CONTROL OFF - #4,13,1,0*80ea
 * 24-02-2025 17:28:47.261
CRC-Response  - 4,13,F000*e9db * 24-02-2025 17:28:47.469
Command * WATER VALVE - 2 CONTROL OFF - #5,13,2,0*4cdb
 * 24-02-2025 17:28:48.32
CRC-Response  - 5,13,F000*79d6 * 24-02-2025 17:28:48.239
Command * WATER VALVE - 3 CONTROL OFF - #6,13,3,0*99ca
 * 24-02-2025 17:28:48.795
CRC-Response  - 6,13,F000*89c2 * 24-02-2025 17:28:49.11
Command * WATER VALVE - 4 CONTROL OFF - #7,13,4,0*94ba
 * 24-02-2025 17:28:49.573
CRC-Response  - 7,13,F000*19cf * 24-02-2025 17:28:49.783
Command * WATER VALVE - 5 CONTROL OFF - #8,13,5,0*14ab
 * 24-02-2025 17:28:50.353
CRC-Response  - 8,13,F000*e98e * 24-02-2025 17:28:50.570
Command * WATER VALVE - 6 CONTROL OFF - #9,13,6,0*d89a
 * 24-02-2025 17:28:51.128
CRC-Response  - 9,13,F000*7983 * 24-02-2025 17:28:51.343
Command * Home Command - #10,5,01111111*2199
 * 24-02-2025 17:28:51.919
CRC-Response  - 10,5,I001,01111111*c9ef * 24-02-2025 17:28:52.132
CRC-Response  - 10,5,F000*8728 * 24-02-2025 17:29:05.401
Command * Home Command - #11,5,01111111*e264
 * 24-02-2025 17:29:07.704
CRC-Response  - 11,5,I001,01111111*59be * 24-02-2025 17:29:07.918
CRC-Response  - 11,5,F000*4be9 * 24-02-2025 17:29:21.169
Command * Level Sensing For L1 - #12,4,17564,16380,0,0*6888
 * 24-02-2025 17:29:26.371
CRC-Response  - 12,4,I001*5b6a * 24-02-2025 17:29:26.589
CRC-Response  - 12,4,F000,851*524e * 24-02-2025 17:29:34.903
L1 Value - 851 * 24-02-2025 17:29:34.925
Command * Level Sensing For L2 - #13,4,13934,16380,0,0*90ad
 * 24-02-2025 17:29:40.9
CRC-Response  - 13,4,I001*97ab * 24-02-2025 17:29:40.226
CRC-Response  - 13,4,F000,854*9273 * 24-02-2025 17:29:42.519
L2 Value - 854 * 24-02-2025 17:29:42.541
Command * Level Sensing For L3 - #14,4,10304,16380,0,0*e907
 * 24-02-2025 17:29:42.777
CRC-Response  - 14,4,I001*71ea * 24-02-2025 17:29:42.995
CRC-Response  - 14,4,F000,861*aa46 * 24-02-2025 17:29:45.279
L3 Value - 861 * 24-02-2025 17:29:45.304
Command * Home Command - #15,5,01111111*2d95
 * 24-02-2025 17:29:45.642
CRC-Response  - 15,5,I001,01111111*98fc * 24-02-2025 17:29:45.852
CRC-Response  - 15,5,F000*b8e8 * 24-02-2025 17:29:59.102
Command * Home Command - #16,5,01111111*2991
 * 24-02-2025 17:30:01.420
CRC-Response  - 16,5,I001,01111111*680c * 24-02-2025 17:30:01.644
CRC-Response  - 16,5,F000*ada8 * 24-02-2025 17:30:14.882
Command * SET TEMPERATURE - #0,10,32*870a
 * 24-02-2025 17:32:53.599
CRC-Response  - 0,10,F000*1ae9 * 24-02-2025 17:32:53.850
Command * HEATER ON - #1,12,1*dbe7
 * 24-02-2025 17:32:54.916
CRC-Response  - 1,12,F000*68e5 * 24-02-2025 17:32:55.123
Command * HEATER DOOR CLOSE - #2,8,1,0*21eb
 * 24-02-2025 17:32:56.9
CRC-Response  - 2,8,I001*fd79 * 24-02-2025 17:32:56.227
CRC-Response  - 2,8,F000*29bb * 24-02-2025 17:32:56.553
Command * READ TEMPERATURE - #3,11*ed1a
 * 24-02-2025 17:32:56.779
CRC-Response  - 3,11,F000,39*2bc6 * 24-02-2025 17:32:56.985
Command * WATER VALVE - 1 CONTROL OFF - #4,13,1,0*80ea
 * 24-02-2025 17:33:02.91
CRC-Response  - 4,13,F000*e9db * 24-02-2025 17:33:02.258
Command * WATER VALVE - 2 CONTROL OFF - #5,13,2,0*4cdb
 * 24-02-2025 17:33:02.811
CRC-Response  - 5,13,F000*79d6 * 24-02-2025 17:33:03.29
Command * WATER VALVE - 3 CONTROL OFF - #6,13,3,0*99ca
 * 24-02-2025 17:33:03.596
CRC-Response  - 6,13,F000*89c2 * 24-02-2025 17:33:03.805
Command * WATER VALVE - 4 CONTROL OFF - #7,13,4,0*94ba
 * 24-02-2025 17:33:04.362
CRC-Response  - 7,13,F000*19cf * 24-02-2025 17:33:04.577
Command * WATER VALVE - 5 CONTROL OFF - #8,13,5,0*14ab
 * 24-02-2025 17:33:05.149
CRC-Response  - 8,13,F000*e98e * 24-02-2025 17:33:05.366
Command * WATER VALVE - 6 CONTROL OFF - #9,13,6,0*d89a
 * 24-02-2025 17:33:05.922
CRC-Response  - 9,13,F000*7983 * 24-02-2025 17:33:06.141
Command * Home Command - #10,5,01111111*2199
 * 24-02-2025 17:33:06.696
CRC-Response  - 10,5,I001,01111111*c9ef * 24-02-2025 17:33:06.914
CRC-Response  - 10,5,F000*8728 * 24-02-2025 17:33:11.506
Command * Home Command - #11,5,01111111*e264
 * 24-02-2025 17:33:13.975
CRC-Response  - 11,5,I001,01111111*59be * 24-02-2025 17:33:14.185
CRC-Response  - 11,5,F000*4be9 * 24-02-2025 17:33:14.191
Command * Level Sensing For L1 - #12,4,17564,16380,0,0*6888
 * 24-02-2025 17:33:15.762
CRC-Response  - 12,4,I001*5b6a * 24-02-2025 17:33:15.975
CRC-Response  - 12,4,F000,322*a17d * 24-02-2025 17:33:24.334
L1 Value - 322 * 24-02-2025 17:33:24.371
Command * Level Sensing For L2 - #13,4,13934,16380,0,0*90ad
 * 24-02-2025 17:33:24.529
CRC-Response  - 13,4,I001*97ab * 24-02-2025 17:33:24.738
CRC-Response  - 13,4,F000,332*f281 * 24-02-2025 17:33:27.41
L2 Value - 332 * 24-02-2025 17:33:27.66
Command * Level Sensing For L3 - #14,4,10304,16380,0,0*e907
 * 24-02-2025 17:33:27.301
CRC-Response  - 14,4,I001*71ea * 24-02-2025 17:33:27.521
CRC-Response  - 14,4,F000,313*99b4 * 24-02-2025 17:33:29.814
L3 Value - 313 * 24-02-2025 17:33:29.837
Command * Home Command - #15,5,01111111*2d95
 * 24-02-2025 17:33:30.87
CRC-Response  - 15,5,I001,01111111*98fc * 24-02-2025 17:33:30.294
CRC-Response  - 15,5,F000*b8e8 * 24-02-2025 17:33:41.470
Command * Home Command - #16,5,01111111*2991
 * 24-02-2025 17:33:43.841
CRC-Response  - 16,5,I001,01111111*680c * 24-02-2025 17:33:44.48
CRC-Response  - 16,5,F000*ada8 * 24-02-2025 17:33:44.56
Rack - 1Protocol Started * 24-02-2025 17:33:46.77
Command * Rack-1 Picked from L1 - #17,2,1,17564,16380,0,0*39ab
 * 24-02-2025 17:33:46.223
CRC-Response  - 17,2,I001,1*7522 * 24-02-2025 17:33:46.433
CRC-Response  - 17,2,F000,1*4a73 * 24-02-2025 17:33:57.131
Command * Rack-1 Placed in H1 - #18,3,1,2688,1000,0,1*f2e9
 * 24-02-2025 17:33:57.560
CRC-Response  - 18,3,I001,1*89d3 * 24-02-2025 17:33:57.767
CRC-Response  - 18,3,F000,1*b682 * 24-02-2025 17:34:04.679
Command * HEATER DOOR CLOSE - #19,8,1,0*32c8
 * 24-02-2025 17:34:33.946
CRC-Response  - 19,8,I001*242b * 24-02-2025 17:34:34.289
CRC-Response  - 19,8,F000*f0e9 * 24-02-2025 17:34:34.303
Command * READ TEMPERATURE - #20,11*4907
 * 24-02-2025 17:34:34.902
CRC-Response  - 20,11,F000,37*b062 * 24-02-2025 17:34:35.65
Command * HEATER DOOR OPEN - #21,8,1,1*27c0
 * 24-02-2025 17:34:35.155
CRC-Response  - 21,8,I001*723e * 24-02-2025 17:34:35.360
CRC-Response  - 21,8,F000*a6fc * 24-02-2025 17:34:35.700
Command * Rack-1 Picked from H1 - #22,2,1,2688,1000,0,1*8867
 * 24-02-2025 17:34:35.923
CRC-Response  - 22,2,I001,1*213d * 24-02-2025 17:34:36.130
CRC-Response  - 22,2,F000,1*1e6c * 24-02-2025 17:34:41.241
Command * HEATER DOOR CLOSE - #23,8,1,0*2722
 * 24-02-2025 17:34:41.764
CRC-Response  - 23,8,I001*abbf * 24-02-2025 17:34:41.970
CRC-Response  - 23,8,F000*7f7d * 24-02-2025 17:34:42.312
Command * Rack-1 Placed in J1 - #24,3,1,10304,800,0,0*0035
 * 24-02-2025 17:34:42.530
CRC-Response  - 24,3,I001,1*f21c * 24-02-2025 17:34:42.747
CRC-Response  - 24,3,F000,1*cd4d * 24-02-2025 17:34:48.820
User Aborted / Stopped the application forcefully  * 24-02-2025 17:36:48.609
Command * HEATER OFF - #25,12,0*472f
 * 24-02-2025 17:36:51.800
CRC-Response  - 25,12,F000*6a0c * 24-02-2025 17:36:52.53
Command * WATER VALVE - 1 CONTROL OFF - #26,13,1,0*c36c
 * 24-02-2025 17:36:52.928
CRC-Response  - 26,13,F000*4b19 * 24-02-2025 17:36:53.146
Command * WATER VALVE - 2 CONTROL OFF - #27,13,2,0*0f5d
 * 24-02-2025 17:36:53.706
CRC-Response  - 27,13,F000*db14 * 24-02-2025 17:36:53.922
Command * WATER VALVE - 3 CONTROL OFF - #28,13,3,0*8f4c
 * 24-02-2025 17:36:54.480
CRC-Response  - 28,13,F000*2b55 * 24-02-2025 17:36:54.696
Command * WATER VALVE - 4 CONTROL OFF - #29,13,4,0*823c
 * 24-02-2025 17:36:55.252
CRC-Response  - 29,13,F000*bb58 * 24-02-2025 17:36:55.467
Command * WATER VALVE - 5 CONTROL OFF - #30,13,5,0*b8a0
 * 24-02-2025 17:36:56.24
CRC-Response  - 30,13,F000*2e63 * 24-02-2025 17:36:56.242
Command * WATER VALVE - 6 CONTROL OFF - #31,13,6,0*7491
 * 24-02-2025 17:36:56.794
CRC-Response  - 31,13,F000*be6e * 24-02-2025 17:36:57.11
Command * SET TEMPERATURE - #0,10,32*870a
 * 24-02-2025 17:38:29.126
CRC-Response  - 0,10,F000*1ae9 * 24-02-2025 17:38:29.411
Command * HEATER ON - #1,12,1*dbe7
 * 24-02-2025 17:38:30.480
CRC-Response  - 1,12,F000*68e5 * 24-02-2025 17:38:30.735
Command * HEATER DOOR CLOSE - #2,8,1,0*21eb
 * 24-02-2025 17:38:31.601
CRC-Response  - 2,8,I001*fd79 * 24-02-2025 17:38:31.810
CRC-Response  - 2,8,F000*29bb * 24-02-2025 17:38:32.152
Command * READ TEMPERATURE - #3,11*ed1a
 * 24-02-2025 17:38:32.377
CRC-Response  - 3,11,F000,38*eb07 * 24-02-2025 17:38:32.585
Command * WATER VALVE - 1 CONTROL OFF - #4,13,1,0*80ea
 * 24-02-2025 17:38:37.642
CRC-Response  - 4,13,F000*e9db * 24-02-2025 17:38:37.860
Command * WATER VALVE - 2 CONTROL OFF - #5,13,2,0*4cdb
 * 24-02-2025 17:38:38.428
CRC-Response  - 5,13,F000*79d6 * 24-02-2025 17:38:38.632
Command * WATER VALVE - 3 CONTROL OFF - #6,13,3,0*99ca
 * 24-02-2025 17:38:39.184
CRC-Response  - 6,13,F000*89c2 * 24-02-2025 17:38:39.388
Command * WATER VALVE - 4 CONTROL OFF - #7,13,4,0*94ba
 * 24-02-2025 17:38:39.954
CRC-Response  - 7,13,F000*19cf * 24-02-2025 17:38:40.160
Command * WATER VALVE - 5 CONTROL OFF - #8,13,5,0*14ab
 * 24-02-2025 17:38:40.714
CRC-Response  - 8,13,F000*e98e * 24-02-2025 17:38:40.930
Command * WATER VALVE - 6 CONTROL OFF - #9,13,6,0*d89a
 * 24-02-2025 17:38:41.480
CRC-Response  - 9,13,F000*7983 * 24-02-2025 17:38:41.699
Command * Home Command - #10,5,01111111*2199
 * 24-02-2025 17:38:42.252
CRC-Response  - 10,5,I001,01111111*c9ef * 24-02-2025 17:38:42.471
CRC-Response  - 10,5,F000*8728 * 24-02-2025 17:38:53.613
Command * Home Command - #11,5,01111111*e264
 * 24-02-2025 17:38:56.42
CRC-Response  - 11,5,I001,01111111*59be * 24-02-2025 17:38:56.257
CRC-Response  - 11,5,F000*4be9 * 24-02-2025 17:38:56.265
Command * Level Sensing For L1 - #12,4,17564,16380,0,0*6888
 * 24-02-2025 17:38:57.831
CRC-Response  - 12,4,I001*5b6a * 24-02-2025 17:38:58.37
CRC-Response  - 12,4,F000,472*30cf * 24-02-2025 17:39:06.386
L1 Value - 472 * 24-02-2025 17:39:06.441
Command * Level Sensing For L2 - #13,4,13934,16380,0,0*90ad
 * 24-02-2025 17:39:06.596
CRC-Response  - 13,4,I001*97ab * 24-02-2025 17:39:06.805
CRC-Response  - 13,4,F000,502*0361 * 24-02-2025 17:39:09.114
L2 Value - 502 * 24-02-2025 17:39:09.157
Command * Level Sensing For L3 - #14,4,10304,16380,0,0*e907
 * 24-02-2025 17:39:09.360
CRC-Response  - 14,4,I001*71ea * 24-02-2025 17:39:09.574
CRC-Response  - 14,4,F000,466*6bc7 * 24-02-2025 17:39:11.868
L3 Value - 466 * 24-02-2025 17:39:11.899
Command * Home Command - #15,5,01111111*2d95
 * 24-02-2025 17:39:12.143
CRC-Response  - 15,5,I001,01111111*98fc * 24-02-2025 17:39:12.362
CRC-Response  - 15,5,F000*b8e8 * 24-02-2025 17:39:23.507
Command * Home Command - #16,5,01111111*2991
 * 24-02-2025 17:39:25.931
CRC-Response  - 16,5,I001,01111111*680c * 24-02-2025 17:39:26.148
CRC-Response  - 16,5,F000*ada8 * 24-02-2025 17:39:26.155
Rack - 1Protocol Started * 24-02-2025 17:39:28.171
Command * Rack-1 Picked from L1 - #17,2,1,17564,16380,0,0*39ab
 * 24-02-2025 17:39:28.345
CRC-Response  - 17,2,I001,1*7522 * 24-02-2025 17:39:28.559
CRC-Response  - 17,2,F000,1*4a73 * 24-02-2025 17:39:39.247
Command * Rack-1 Placed in H1 - #18,3,1,2688,1000,0,1*f2e9
 * 24-02-2025 17:39:39.673
CRC-Response  - 18,3,I001,1*89d3 * 24-02-2025 17:39:39.886
CRC-Response  - 18,3,F000,1*b682 * 24-02-2025 17:39:46.761
Command * HEATER DOOR CLOSE - #19,8,1,0*32c8
 * 24-02-2025 17:40:55.389
CRC-Response  - 19,8,I001*242b * 24-02-2025 17:40:55.616
CRC-Response  - 19,8,F000*f0e9 * 24-02-2025 17:40:56.20
Command * READ TEMPERATURE - #20,11*4907
 * 24-02-2025 17:40:56.166
CRC-Response  - 20,11,F000,36*70a3 * 24-02-2025 17:40:56.375
Command * HEATER DOOR OPEN - #21,8,1,1*27c0
 * 24-02-2025 17:40:56.549
CRC-Response  - 21,8,I001*723e * 24-02-2025 17:41:01.785
CRC-Response  - 21,8,F000*a6fc * 24-02-2025 17:41:01.788
Command * Rack-1 Picked from H1 - #22,2,1,2688,1000,0,1*8867
 * 24-02-2025 17:41:06.788
CRC-Response  - 22,2,I001,1*213d * 24-02-2025 17:41:07.4
CRC-Response  - 22,2,F000,1*1e6c * 24-02-2025 17:41:12.99
Command * HEATER DOOR CLOSE - #23,8,1,0*2722
 * 24-02-2025 17:41:34.598
CRC-Response  - 23,8,I001*abbf * 24-02-2025 17:41:34.856
CRC-Response  - 23,8,F000*7f7d * 24-02-2025 17:41:43.191
Command * Rack-1 Placed in J1 - #24,3,1,10304,800,0,0*0035
 * 24-02-2025 17:42:17.301
CRC-Response  - 24,3,I001,1*f21c * 24-02-2025 17:42:17.673
CRC-Response  - 24,3,F000,1*cd4d * 24-02-2025 17:42:23.593
User Aborted / Stopped the application forcefully  * 24-02-2025 17:42:58.119
Command * HEATER OFF - #25,12,0*472f
 * 24-02-2025 17:43:01.310
CRC-Response  - 25,12,F000*6a0c * 24-02-2025 17:43:01.562
Command * WATER VALVE - 1 CONTROL OFF - #26,13,1,0*c36c
 * 24-02-2025 17:43:02.449
CRC-Response  - 26,13,F000*4b19 * 24-02-2025 17:43:02.657
Command * WATER VALVE - 2 CONTROL OFF - #27,13,2,0*0f5d
 * 24-02-2025 17:43:03.232
CRC-Response  - 27,13,F000*db14 * 24-02-2025 17:43:03.436
Command * WATER VALVE - 3 CONTROL OFF - #28,13,3,0*8f4c
 * 24-02-2025 17:43:04.4
CRC-Response  - 28,13,F000*2b55 * 24-02-2025 17:43:04.221
Command * WATER VALVE - 4 CONTROL OFF - #29,13,4,0*823c
 * 24-02-2025 17:43:04.773
CRC-Response  - 29,13,F000*bb58 * 24-02-2025 17:43:04.993
Command * WATER VALVE - 5 CONTROL OFF - #30,13,5,0*b8a0
 * 24-02-2025 17:43:05.543
CRC-Response  - 30,13,F000*2e63 * 24-02-2025 17:43:05.750
Command * WATER VALVE - 6 CONTROL OFF - #31,13,6,0*7491
 * 24-02-2025 17:43:06.314
CRC-Response  - 31,13,F000*be6e * 24-02-2025 17:43:06.525
Command * SET TEMPERATURE - #0,10,32*870a
 * 24-02-2025 17:47:26.970
CRC-Response  - 0,10,F000*1ae9 * 24-02-2025 17:47:27.344
Command * HEATER ON - #1,12,1*dbe7
 * 24-02-2025 17:47:28.407
CRC-Response  - 1,12,F000*68e5 * 24-02-2025 17:47:28.622
Command * HEATER DOOR CLOSE - #2,8,1,0*21eb
 * 24-02-2025 17:47:29.500
CRC-Response  - 2,8,I001*fd79 * 24-02-2025 17:47:29.719
CRC-Response  - 2,8,F000*29bb * 24-02-2025 17:47:30.57
Command * READ TEMPERATURE - #3,11*ed1a
 * 24-02-2025 17:47:30.276
CRC-Response  - 3,11,F000,37*ef47 * 24-02-2025 17:47:30.493
Command * WATER VALVE - 1 CONTROL OFF - #4,13,1,0*80ea
 * 24-02-2025 17:47:35.545
CRC-Response  - 4,13,F000*e9db * 24-02-2025 17:47:35.760
Command * WATER VALVE - 2 CONTROL OFF - #5,13,2,0*4cdb
 * 24-02-2025 17:47:36.306
CRC-Response  - 5,13,F000*79d6 * 24-02-2025 17:47:36.522
Command * WATER VALVE - 3 CONTROL OFF - #6,13,3,0*99ca
 * 24-02-2025 17:47:37.76
CRC-Response  - 6,13,F000*89c2 * 24-02-2025 17:47:37.295
Command * WATER VALVE - 4 CONTROL OFF - #7,13,4,0*94ba
 * 24-02-2025 17:47:37.869
CRC-Response  - 7,13,F000*19cf * 24-02-2025 17:47:38.83
Command * WATER VALVE - 5 CONTROL OFF - #8,13,5,0*14ab
 * 24-02-2025 17:47:38.651
CRC-Response  - 8,13,F000*e98e * 24-02-2025 17:47:38.870
Command * WATER VALVE - 6 CONTROL OFF - #9,13,6,0*d89a
 * 24-02-2025 17:47:39.422
CRC-Response  - 9,13,F000*7983 * 24-02-2025 17:47:39.628
Command * Home Command - #10,5,01111111*2199
 * 24-02-2025 17:47:40.182
CRC-Response  - 10,5,I001,01111111*c9ef * 24-02-2025 17:47:40.402
CRC-Response  - 10,5,F000*8728 * 24-02-2025 17:47:51.549
Command * Home Command - #11,5,01111111*e264
 * 24-02-2025 17:47:53.985
CRC-Response  - 11,5,I001,01111111*59be * 24-02-2025 17:47:54.205
CRC-Response  - 11,5,F000*4be9 * 24-02-2025 17:47:54.211
Command * Level Sensing For L1 - #12,4,17564,16380,0,0*6888
 * 24-02-2025 17:47:55.769
CRC-Response  - 12,4,I001*5b6a * 24-02-2025 17:47:55.985
CRC-Response  - 12,4,F000,344*03fe * 24-02-2025 17:48:04.327
L1 Value - 344 * 24-02-2025 17:48:04.359
Command * Level Sensing For L2 - #13,4,13934,16380,0,0*90ad
 * 24-02-2025 17:48:04.553
CRC-Response  - 13,4,I001*97ab * 24-02-2025 17:48:04.773
CRC-Response  - 13,4,F000,314*9000 * 24-02-2025 17:48:07.60
L2 Value - 314 * 24-02-2025 17:48:07.92
Command * Level Sensing For L3 - #14,4,10304,16380,0,0*e907
 * 24-02-2025 17:48:07.338
CRC-Response  - 14,4,I001*71ea * 24-02-2025 17:48:07.557
CRC-Response  - 14,4,F000,323*69b4 * 24-02-2025 17:48:09.842
L3 Value - 323 * 24-02-2025 17:48:09.873
Command * Home Command - #15,5,01111111*2d95
 * 24-02-2025 17:48:10.119
CRC-Response  - 15,5,I001,01111111*98fc * 24-02-2025 17:48:10.331
CRC-Response  - 15,5,F000*b8e8 * 24-02-2025 17:48:21.482
Command * Home Command - #16,5,01111111*2991
 * 24-02-2025 17:48:23.904
CRC-Response  - 16,5,I001,01111111*680c * 24-02-2025 17:48:24.124
CRC-Response  - 16,5,F000*ada8 * 24-02-2025 17:48:24.130
Rack - 1Protocol Started * 24-02-2025 17:48:35.976
Command * Rack-1 Picked from L1 - #17,2,1,17564,16380,0,0*39ab
 * 24-02-2025 17:50:13.672
CRC-Response  - 17,2,I001,1*7522 * 24-02-2025 17:50:13.882
CRC-Response  - 17,2,F000,1*4a73 * 24-02-2025 17:50:24.572
Command * Rack-1 Placed in H1 - #18,3,1,2688,1000,0,1*f2e9
 * 24-02-2025 17:54:52.602
CRC-Response  - 18,3,I001,1*89d3 * 24-02-2025 17:54:52.838
CRC-Response  - 18,3,F000,1*b682 * 24-02-2025 17:54:59.710
Command * HEATER DOOR CLOSE - #19,8,1,0*32c8
 * 24-02-2025 17:55:40.59
CRC-Response  - 19,8,I001*242b * 24-02-2025 17:55:40.308
CRC-Response  - 19,8,F000*f0e9 * 24-02-2025 17:55:45.361
Command * READ TEMPERATURE - #20,11*4907
 * 24-02-2025 17:55:45.626
CRC-Response  - 20,11,F000,36*70a3 * 24-02-2025 17:55:45.831
Command * READ TEMPERATURE - #21,11*b506
 * 24-02-2025 17:55:50.889
CRC-Response  - 21,11,F000,36*b35e * 24-02-2025 17:55:51.107
Command * READ TEMPERATURE - #22,11*f106
 * 24-02-2025 17:55:56.174
CRC-Response  - 22,11,F000,36*b75a * 24-02-2025 17:55:56.393
Command * READ TEMPERATURE - #23,11*0d07
 * 24-02-2025 17:56:01.455
CRC-Response  - 23,11,F000,36*74a7 * 24-02-2025 17:56:01.663
Command * READ TEMPERATURE - #24,11*7906
 * 24-02-2025 17:56:06.718
CRC-Response  - 24,11,F000,36*bf52 * 24-02-2025 17:56:06.926
Command * READ TEMPERATURE - #25,11*8507
 * 24-02-2025 17:56:11.983
CRC-Response  - 25,11,F000,36*7caf * 24-02-2025 17:56:12.189
Command * READ TEMPERATURE - #26,11*c107
 * 24-02-2025 17:56:17.253
CRC-Response  - 26,11,F000,36*78ab * 24-02-2025 17:56:17.465
Command * READ TEMPERATURE - #27,11*3d06
 * 24-02-2025 17:56:22.515
CRC-Response  - 27,11,F000,36*bb56 * 24-02-2025 17:56:22.732
Command * READ TEMPERATURE - #28,11*2905
 * 24-02-2025 17:56:27.799
CRC-Response  - 28,11,F000,36*af42 * 24-02-2025 17:56:28.16
Command * READ TEMPERATURE - #29,11*d504
 * 24-02-2025 17:56:33.77
CRC-Response  - 29,11,F000,36*6cbf * 24-02-2025 17:56:33.294
Command * READ TEMPERATURE - #30,11*893a
 * 24-02-2025 17:56:38.356
CRC-Response  - 30,11,F000,36*f1a1 * 24-02-2025 17:56:38.571
Command * READ TEMPERATURE - #31,11*753b
 * 24-02-2025 17:56:43.626
CRC-Response  - 31,11,F000,36*325c * 24-02-2025 17:56:43.831
Command * READ TEMPERATURE - #32,11*313b
 * 24-02-2025 17:56:48.886
CRC-Response  - 32,11,F000,36*3658 * 24-02-2025 17:56:49.104
Command * READ TEMPERATURE - #33,11*cd3a
 * 24-02-2025 17:56:54.165
CRC-Response  - 33,11,F000,37*3564 * 24-02-2025 17:56:54.383
Command * READ TEMPERATURE - #34,11*b93b
 * 24-02-2025 17:56:59.432
CRC-Response  - 34,11,F000,37*fe91 * 24-02-2025 17:56:59.639
Command * READ TEMPERATURE - #35,11*453a
 * 24-02-2025 17:57:04.707
CRC-Response  - 35,11,F000,36*fdad * 24-02-2025 17:57:04.913
Command * READ TEMPERATURE - #36,11*013a
 * 24-02-2025 17:57:09.975
CRC-Response  - 36,11,F000,36*f9a9 * 24-02-2025 17:57:10.180
Command * READ TEMPERATURE - #37,11*fd3b
 * 24-02-2025 17:57:15.236
CRC-Response  - 37,11,F000,37*fa95 * 24-02-2025 17:57:15.441
Command * READ TEMPERATURE - #38,11*e938
 * 24-02-2025 17:57:20.506
CRC-Response  - 38,11,F000,37*ee81 * 24-02-2025 17:57:20.710
Command * READ TEMPERATURE - #39,11*1539
 * 24-02-2025 17:57:25.763
CRC-Response  - 39,11,F000,36*edbd * 24-02-2025 17:57:25.983
Command * READ TEMPERATURE - #40,11*498f
 * 24-02-2025 17:57:31.58
CRC-Response  - 40,11,F000,36*b6aa * 24-02-2025 17:57:31.273
Command * READ TEMPERATURE - #41,11*b58e
 * 24-02-2025 17:57:36.326
CRC-Response  - 41,11,F000,37*b596 * 24-02-2025 17:57:36.536
Command * READ TEMPERATURE - #42,11*f18e
 * 24-02-2025 17:57:41.587
CRC-Response  - 42,11,F000,37*b192 * 24-02-2025 17:57:41.806
Command * READ TEMPERATURE - #43,11*0d8f
 * 24-02-2025 17:57:46.852
CRC-Response  - 43,11,F000,37*726f * 24-02-2025 17:57:47.71
Command * READ TEMPERATURE - #44,11*798e
 * 24-02-2025 17:57:52.142
CRC-Response  - 44,11,F000,37*b99a * 24-02-2025 17:57:52.355
Command * READ TEMPERATURE - #45,11*858f
 * 24-02-2025 17:57:57.415
CRC-Response  - 45,11,F000,37*7a67 * 24-02-2025 17:57:57.634
Command * READ TEMPERATURE - #46,11*c18f
 * 24-02-2025 17:58:02.697
CRC-Response  - 46,11,F000,37*7e63 * 24-02-2025 17:58:02.915
Command * READ TEMPERATURE - #47,11*3d8e
 * 24-02-2025 17:58:07.972
CRC-Response  - 47,11,F000,36*7d5f * 24-02-2025 17:58:08.183
Command * READ TEMPERATURE - #48,11*298d
 * 24-02-2025 17:58:13.227
CRC-Response  - 48,11,F000,36*694b * 24-02-2025 17:58:13.446
Command * READ TEMPERATURE - #49,11*d58c
 * 24-02-2025 17:58:18.505
CRC-Response  - 49,11,F000,37*6a77 * 24-02-2025 17:58:18.719
Command * READ TEMPERATURE - #50,11*89b2
 * 24-02-2025 17:58:23.787
CRC-Response  - 50,11,F000,37*f769 * 24-02-2025 17:58:24.0
Command * READ TEMPERATURE - #51,11*75b3
 * 24-02-2025 17:58:29.59
CRC-Response  - 51,11,F000,37*3494 * 24-02-2025 17:58:29.278
Command * READ TEMPERATURE - #52,11*31b3
 * 24-02-2025 17:58:34.352
CRC-Response  - 52,11,F000,37*3090 * 24-02-2025 17:58:34.567
Command * READ TEMPERATURE - #53,11*cdb2
 * 24-02-2025 17:58:39.620
CRC-Response  - 53,11,F000,37*f36d * 24-02-2025 17:58:39.825
Command * READ TEMPERATURE - #54,11*b9b3
 * 24-02-2025 17:58:44.886
CRC-Response  - 54,11,F000,37*3898 * 24-02-2025 17:58:45.104
Command * READ TEMPERATURE - #55,11*45b2
 * 24-02-2025 17:58:50.155
CRC-Response  - 55,11,F000,37*fb65 * 24-02-2025 17:58:50.358
Command * READ TEMPERATURE - #56,11*01b2
 * 24-02-2025 17:58:55.419
CRC-Response  - 56,11,F000,37*ff61 * 24-02-2025 17:58:55.638
Command * READ TEMPERATURE - #57,11*fdb3
 * 24-02-2025 17:59:00.708
CRC-Response  - 57,11,F000,37*3c9c * 24-02-2025 17:59:00.926
Command * READ TEMPERATURE - #58,11*e9b0
 * 24-02-2025 17:59:05.996
CRC-Response  - 58,11,F000,37*2888 * 24-02-2025 17:59:06.201
Command * READ TEMPERATURE - #59,11*15b1
 * 24-02-2025 17:59:11.268
CRC-Response  - 59,11,F000,37*eb75 * 24-02-2025 17:59:11.473
Command * READ TEMPERATURE - #60,11*89f6
 * 24-02-2025 17:59:16.535
CRC-Response  - 60,11,F000,37*346c * 24-02-2025 17:59:16.752
Command * READ TEMPERATURE - #61,11*75f7
 * 24-02-2025 17:59:21.826
CRC-Response  - 61,11,F000,37*f791 * 24-02-2025 17:59:22.38
Command * READ TEMPERATURE - #62,11*31f7
 * 24-02-2025 17:59:27.92
CRC-Response  - 62,11,F000,37*f395 * 24-02-2025 17:59:27.306
Command * READ TEMPERATURE - #63,11*cdf6
 * 24-02-2025 17:59:32.364
CRC-Response  - 63,11,F000,37*3068 * 24-02-2025 17:59:32.584
Command * READ TEMPERATURE - #64,11*b9f7
 * 24-02-2025 17:59:37.643
CRC-Response  - 64,11,F000,37*fb9d * 24-02-2025 17:59:37.861
Command * READ TEMPERATURE - #65,11*45f6
 * 24-02-2025 17:59:42.937
CRC-Response  - 65,11,F000,37*3860 * 24-02-2025 17:59:43.148
Command * READ TEMPERATURE - #66,11*01f6
 * 24-02-2025 17:59:48.197
CRC-Response  - 66,11,F000,36*fca5 * 24-02-2025 17:59:48.414
Command * READ TEMPERATURE - #67,11*fdf7
 * 24-02-2025 17:59:53.466
CRC-Response  - 67,11,F000,37*ff99 * 24-02-2025 17:59:53.675
Command * READ TEMPERATURE - #68,11*e9f4
 * 24-02-2025 17:59:58.741
CRC-Response  - 68,11,F000,37*eb8d * 24-02-2025 17:59:58.946
Command * READ TEMPERATURE - #69,11*15f5
 * 24-02-2025 18:00:03.995
CRC-Response  - 69,11,F000,37*2870 * 24-02-2025 18:00:04.206
Command * READ TEMPERATURE - #70,11*49cb
 * 24-02-2025 18:00:09.258
CRC-Response  - 70,11,F000,37*b56e * 24-02-2025 18:00:09.481
Command * READ TEMPERATURE - #71,11*b5ca
 * 24-02-2025 18:00:14.522
CRC-Response  - 71,11,F000,37*7693 * 24-02-2025 18:00:14.736
Command * READ TEMPERATURE - #72,11*f1ca
 * 24-02-2025 18:00:19.783
CRC-Response  - 72,11,F000,37*7297 * 24-02-2025 18:00:20.6
Command * READ TEMPERATURE - #73,11*0dcb
 * 24-02-2025 18:00:25.54
CRC-Response  - 73,11,F000,37*b16a * 24-02-2025 18:00:25.266
Command * READ TEMPERATURE - #74,11*79ca
 * 24-02-2025 18:00:30.321
CRC-Response  - 74,11,F000,37*7a9f * 24-02-2025 18:00:30.539
Command * READ TEMPERATURE - #75,11*85cb
 * 24-02-2025 18:00:35.592
CRC-Response  - 75,11,F000,37*b962 * 24-02-2025 18:00:35.811
User Aborted / Stopped the application forcefully  * 24-02-2025 18:37:38.173
Command * WATER VALVE - 1 CONTROL OFF - #0,13,1,0*73eb
 * 24-02-2025 18:38:24.377
CRC-Response  - 0,13,F000*29e9 * 24-02-2025 18:38:24.763
Command * WATER VALVE - 2 CONTROL OFF - #1,13,2,0*bfda
 * 24-02-2025 18:38:25.325
CRC-Response  - 1,13,F000*b9e4 * 24-02-2025 18:38:25.529
Command * WATER VALVE - 3 CONTROL OFF - #2,13,3,0*6acb
 * 24-02-2025 18:38:26.99
CRC-Response  - 2,13,F000*49f0 * 24-02-2025 18:38:26.313
Command * WATER VALVE - 4 CONTROL OFF - #3,13,4,0*67bb
 * 24-02-2025 18:38:26.882
CRC-Response  - 3,13,F000*d9fd * 24-02-2025 18:38:27.98
Command * WATER VALVE - 5 CONTROL OFF - #4,13,5,0*41ab
 * 24-02-2025 18:38:27.654
CRC-Response  - 4,13,F000*e9db * 24-02-2025 18:38:27.860
Command * WATER VALVE - 6 CONTROL OFF - #5,13,6,0*8d9a
 * 24-02-2025 18:38:28.417
CRC-Response  - 5,13,F000*79d6 * 24-02-2025 18:38:28.623
Command * Home Command - #6,5,01111111*b1b5
 * 24-02-2025 18:38:29.195
CRC-Response  - 6,5,I001,01111111*0f53 * 24-02-2025 18:38:29.415
CRC-Response  - 6,5,F000*c7bb * 24-02-2025 18:38:42.100
Command * Home Command - #7,5,01111111*7248
 * 24-02-2025 18:38:44.495
CRC-Response  - 7,5,I001,01111111*9f02 * 24-02-2025 18:38:44.713
CRC-Response  - 7,5,F000*0b7a * 24-02-2025 18:38:44.717
Command * Level Sensing For L1 - #8,4,17564,16380,0,0*ab6b
 * 24-02-2025 18:38:46.279
CRC-Response  - 8,4,I001*4ef9 * 24-02-2025 18:38:46.497
CRC-Response  - 8,4,F000,342*8142 * 24-02-2025 18:38:54.834
L1 Value - 342 * 24-02-2025 18:38:54.880
Command * Level Sensing For L2 - #9,4,13934,16380,0,0*534e
 * 24-02-2025 18:38:55.61
CRC-Response  - 9,4,I001*8238 * 24-02-2025 18:38:55.281
CRC-Response  - 9,4,F000,301*83fd * 24-02-2025 18:38:57.569
L2 Value - 301 * 24-02-2025 18:38:57.600
Command * Level Sensing For L3 - #10,4,10304,16380,0,0*d9f6
 * 24-02-2025 18:38:57.843
CRC-Response  - 10,4,I001*82eb * 24-02-2025 18:38:58.63
CRC-Response  - 10,4,F000,326*a585 * 24-02-2025 18:39:00.353
L3 Value - 326 * 24-02-2025 18:39:00.386
Command * Home Command - #11,5,01111111*e264
 * 24-02-2025 18:39:00.626
CRC-Response  - 11,5,I001,01111111*59be * 24-02-2025 18:39:00.834
CRC-Response  - 11,5,F000*4be9 * 24-02-2025 18:39:12.0
Command * Home Command - #12,5,01111111*e660
 * 24-02-2025 18:39:14.392
CRC-Response  - 12,5,I001,01111111*a94e * 24-02-2025 18:39:14.611
CRC-Response  - 12,5,F000*5ea9 * 24-02-2025 18:39:14.617
Rack - 1Protocol Started * 24-02-2025 18:39:20.3
Command * Rack-1 Picked from L1 - #13,2,1,17564,16380,0,0*bdee
 * 24-02-2025 18:39:22.82
CRC-Response  - 13,2,I001,1*a063 * 24-02-2025 18:39:22.291
CRC-Response  - 13,2,F000,1*9f32 * 24-02-2025 18:39:32.991
Command * Rack-1 Placed in J1 - #14,3,1,10304,800,0,0*3371
 * 24-02-2025 18:39:51.954
CRC-Response  - 14,3,I001,1*b613 * 24-02-2025 18:39:52.198
CRC-Response  - 14,3,F000,1*8942 * 24-02-2025 18:39:58.597
Command * Rack-1 Picked from J1 - #15,2,1,10304,800,0,0*5f1d
 * 24-02-2025 18:42:03.453
CRC-Response  - 15,2,I001,1*bf83 * 24-02-2025 18:42:03.672
CRC-Response  - 15,2,F000,1*80d2 * 24-02-2025 18:42:08.762
Command * Rack-1 Placed in J2 - #16,3,1,13934,800 ,0,0*da46
 * 24-02-2025 18:42:09.301
CRC-Response  - 16,3,I001,1*7cb2 * 24-02-2025 18:42:09.507
CRC-Response  - 16,3,F000,1*43e3 * 24-02-2025 18:42:15.145
Rack - 2Protocol Started * 24-02-2025 18:43:18.103
Command * Rack-2 Picked from L2 - #17,2,1,13934,16380,0,0*3db3
 * 24-02-2025 18:43:18.216
CRC-Response  - 17,2,I001,1*7522 * 24-02-2025 18:43:18.534
CRC-Response  - 17,2,F000,1*4a73 * 24-02-2025 18:43:24.863
Command * Rack-2 Placed in J1 - #18,3,1,10304,800,0,0*6262
 * 24-02-2025 18:43:25.163
CRC-Response  - 18,3,I001,1*89d3 * 24-02-2025 18:43:25.371
CRC-Response  - 18,3,F000,1*b682 * 24-02-2025 18:43:31.810
Command * Rack-2 Picked from J1 - #19,2,1,10304,800,0,0*0e0e
 * 24-02-2025 18:43:32.240
CRC-Response  - 19,2,I001,1*8043 * 24-02-2025 18:43:32.459
CRC-Response  - 19,2,F000,1*bf12 * 24-02-2025 18:43:37.552
Command * Rack-2 Placed in J2 - #20,3,1,13934,800 ,0,0*8ffd
 * 24-02-2025 18:43:38.66
CRC-Response  - 20,3,I001,1*275d * 24-02-2025 18:43:38.280
CRC-Response  - 20,3,F000,1*180c * 24-02-2025 18:43:43.908
Command * Rack-2 Picked from J2 - #21,2,1,13934,800 ,0,0*a291
 * 24-02-2025 18:45:32.266
CRC-Response  - 21,2,I001,1*2ecd * 24-02-2025 18:45:32.480
CRC-Response  - 21,2,F000,1*119c * 24-02-2025 18:45:37.582
Command * Rack-2 Placed in J3 - #22,3,1,17564,800 ,0,0*358b
 * 24-02-2025 18:45:38.125
CRC-Response  - 22,3,I001,1*edfc * 24-02-2025 18:45:38.346
CRC-Response  - 22,3,F000,1*d2ad * 24-02-2025 18:45:43.966
Command * WATER VALVE - 1 CONTROL OFF - #0,13,1,0*73eb
 * 24-02-2025 18:48:24.269
CRC-Response  - 0,13,F000*29e9 * 24-02-2025 18:48:24.534
Command * WATER VALVE - 2 CONTROL OFF - #1,13,2,0*bfda
 * 24-02-2025 18:48:25.110
CRC-Response  - 1,13,F000*b9e4 * 24-02-2025 18:48:25.316
Command * WATER VALVE - 3 CONTROL OFF - #2,13,3,0*6acb
 * 24-02-2025 18:48:25.871
CRC-Response  - 2,13,F000*49f0 * 24-02-2025 18:48:26.92
Command * WATER VALVE - 4 CONTROL OFF - #3,13,4,0*67bb
 * 24-02-2025 18:48:26.657
CRC-Response  - 3,13,F000*d9fd * 24-02-2025 18:48:26.869
Command * WATER VALVE - 5 CONTROL OFF - #4,13,5,0*41ab
 * 24-02-2025 18:48:27.424
CRC-Response  - 4,13,F000*e9db * 24-02-2025 18:48:27.630
Command * WATER VALVE - 6 CONTROL OFF - #5,13,6,0*8d9a
 * 24-02-2025 18:48:28.191
CRC-Response  - 5,13,F000*79d6 * 24-02-2025 18:48:28.406
Command * Home Command - #6,5,01111111*b1b5
 * 24-02-2025 18:48:28.976
CRC-Response  - 6,5,I001,01111111*0f53 * 24-02-2025 18:48:29.191
CRC-Response  - 6,5,F000*c7bb * 24-02-2025 18:48:38.904
Command * Home Command - #7,5,01111111*7248
 * 24-02-2025 18:48:41.267
CRC-Response  - 7,5,I001,01111111*9f02 * 24-02-2025 18:48:41.487
CRC-Response  - 7,5,F000*0b7a * 24-02-2025 18:48:41.491
Command * Level Sensing For L1 - #8,4,17564,16380,0,0*ab6b
 * 24-02-2025 18:48:43.57
CRC-Response  - 8,4,I001*4ef9 * 24-02-2025 18:48:43.275
CRC-Response  - 8,4,F000,311*d001 * 24-02-2025 18:48:51.608
L1 Value - 311 * 24-02-2025 18:48:51.655
Command * Level Sensing For L2 - #9,4,13934,16380,0,0*534e
 * 24-02-2025 18:48:51.838
CRC-Response  - 9,4,I001*8238 * 24-02-2025 18:48:52.45
CRC-Response  - 9,4,F000,4095*2284 * 24-02-2025 18:48:54.347
L2 Value - 4095 * 24-02-2025 18:48:54.376
Command * Level Sensing For L3 - #10,4,10304,16380,0,0*d9f6
 * 24-02-2025 18:48:54.606
CRC-Response  - 10,4,I001*82eb * 24-02-2025 18:48:54.826
CRC-Response  - 10,4,F000,322*6684 * 24-02-2025 18:48:57.117
L3 Value - 322 * 24-02-2025 18:48:57.145
Command * Home Command - #11,5,01111111*e264
 * 24-02-2025 18:48:57.398
CRC-Response  - 11,5,I001,01111111*59be * 24-02-2025 18:48:57.613
CRC-Response  - 11,5,F000*4be9 * 24-02-2025 18:49:08.773
Command * Home Command - #12,5,01111111*e660
 * 24-02-2025 18:49:11.182
CRC-Response  - 12,5,I001,01111111*a94e * 24-02-2025 18:49:11.402
CRC-Response  - 12,5,F000*5ea9 * 24-02-2025 18:49:11.411
Rack - 1Protocol Started * 24-02-2025 18:49:13.432
Command * Rack-1 Picked from L1 - #13,2,1,17564,16380,0,0*bdee
 * 24-02-2025 18:49:13.574
CRC-Response  - 13,2,I001,1*a063 * 24-02-2025 18:49:13.788
CRC-Response  - 13,2,F000,1*9f32 * 24-02-2025 18:49:24.479
Command * Rack-1 Placed in J1 - #14,3,1,10304,800,0,0*3371
 * 24-02-2025 18:49:24.905
CRC-Response  - 14,3,I001,1*b613 * 24-02-2025 18:49:25.112
CRC-Response  - 14,3,F000,1*8942 * 24-02-2025 18:49:31.548
Command * Rack-1 Picked from J1 - #15,2,1,10304,800,0,0*5f1d
 * 24-02-2025 18:51:32.714
CRC-Response  - 15,2,I001,1*bf83 * 24-02-2025 18:51:32.944
CRC-Response  - 15,2,F000,1*80d2 * 24-02-2025 18:51:38.33
Command * Rack-1 Placed in J2 - #16,3,1,13934,800 ,0,0*da46
 * 24-02-2025 18:51:38.554
CRC-Response  - 16,3,I001,1*7cb2 * 24-02-2025 18:51:38.775
CRC-Response  - 16,3,F000,1*43e3 * 24-02-2025 18:51:44.398
Rack - R2Protocol Started * 24-02-2025 18:52:47.367
Command * Rack-2 Picked from L3 - #17,2,1,10304,16380,0,0*30ac
 * 24-02-2025 18:52:47.507
CRC-Response  - 17,2,I001,1*7522 * 24-02-2025 18:52:47.754
CRC-Response  - 17,2,F000,1*4a73 * 24-02-2025 18:52:54.153
Command * Rack-2 Placed in J1 - #18,3,1,10304,800,0,0*6262
 * 24-02-2025 18:52:54.387
CRC-Response  - 18,3,I001,1*89d3 * 24-02-2025 18:52:54.597
CRC-Response  - 18,3,F000,1*b682 * 24-02-2025 18:53:01.23
Command * Rack-1 Picked from J2 - #19,2,1,13934,800 ,0,0*d843
 * 24-02-2025 18:53:44.880
CRC-Response  - 19,2,I001,1*8043 * 24-02-2025 18:53:45.287
CRC-Response  - 19,2,F000,1*bf12 * 24-02-2025 18:53:50.712
Command * Rack-1 Placed in J3 - #20,3,1,17564,800 ,0,0*d7f2
 * 24-02-2025 18:53:50.879
CRC-Response  - 20,3,I001,1*275d * 24-02-2025 18:53:51.102
CRC-Response  - 20,3,F000,1*180c * 24-02-2025 18:53:56.726
Command * Rack-2 Picked from J1 - #21,2,1,10304,800,0,0*5ca8
 * 24-02-2025 18:55:01.203
CRC-Response  - 21,2,I001,1*2ecd * 24-02-2025 18:55:01.427
CRC-Response  - 21,2,F000,1*119c * 24-02-2025 18:55:07.454
Command * Rack-2 Placed in J2 - #22,3,1,13934,800 ,0,0*6d84
 * 24-02-2025 18:55:08.23
CRC-Response  - 22,3,I001,1*edfc * 24-02-2025 18:55:08.237
CRC-Response  - 22,3,F000,1*d2ad * 24-02-2025 18:55:13.871
Command * Rack-1 Picked from J3 - #23,2,1,17564,800 ,0,0*18e7
 * 24-02-2025 18:55:57.191
CRC-Response  - 23,2,I001,1*e46c * 24-02-2025 18:55:57.411
CRC-Response  - 23,2,F000,1*db3d * 24-02-2025 18:56:03.21
Command * Rack-1 Placed in J4 - #24,3,1,21194,800 ,0,0*4dc8
 * 24-02-2025 18:56:03.520
CRC-Response  - 24,3,I001,1*f21c * 24-02-2025 18:56:03.733
CRC-Response  - 24,3,F000,1*cd4d * 24-02-2025 18:56:09.356
Command * Level Sensing For L1 - #25,4,17564,16380,0,0*2f79
 * 24-02-2025 18:56:18.433
CRC-Response  - 25,4,I001*4d3f * 24-02-2025 18:56:18.643
CRC-Response  - 25,4,F000,297*5a1b * 24-02-2025 18:56:22.733
L1 Value - 297 * 24-02-2025 18:56:22.764
Command * Level Sensing For L2 - #26,4,13934,16380,0,0*6f25
 * 24-02-2025 18:56:23.212
CRC-Response  - 26,4,I001*587f * 24-02-2025 18:56:23.429
CRC-Response  - 26,4,F000,309*0ac9 * 24-02-2025 18:56:25.720
L2 Value - 309 * 24-02-2025 18:56:25.744
Command * Level Sensing For L3 - #27,4,10304,16380,0,0*9e07
 * 24-02-2025 18:56:25.979
CRC-Response  - 27,4,I001*94be * 24-02-2025 18:56:26.188
CRC-Response  - 27,4,F000,321*6f34 * 24-02-2025 18:56:28.491
L3 Value - 321 * 24-02-2025 18:56:28.519
Command * Home Command - #28,5,01111111*3d7d
 * 24-02-2025 18:56:28.754
CRC-Response  - 28,5,I001,01111111*4f98 * 24-02-2025 18:56:28.973
CRC-Response  - 28,5,F000*d13d * 24-02-2025 18:56:40.130
Command * Home Command - #29,5,01111111*fe80
 * 24-02-2025 18:56:42.558
CRC-Response  - 29,5,I001,01111111*dfc9 * 24-02-2025 18:56:42.771
CRC-Response  - 29,5,F000*1dfc * 24-02-2025 18:56:42.778
Rack - 3Protocol Started * 24-02-2025 18:56:44.782
Command * Rack-3 Picked from L1 - #30,2,1,17564,16380,0,0*577e
 * 24-02-2025 18:56:44.880
CRC-Response  - 30,2,I001,1*1798 * 24-02-2025 18:56:45.94
CRC-Response  - 30,2,F000,1*28c9 * 24-02-2025 18:56:55.775
Command * Rack-3 Placed in J1 - #31,3,1,10304,800,0,0*1dc4
 * 24-02-2025 18:56:56.207
CRC-Response  - 31,3,I001,1*1e08 * 24-02-2025 18:56:56.422
CRC-Response  - 31,3,F000,1*2159 * 24-02-2025 18:57:02.849
Command * Rack-2 Picked from J2 - #32,2,1,13934,800 ,0,0*40c5
 * 24-02-2025 18:57:15.334
CRC-Response  - 32,2,I001,1*dd39 * 24-02-2025 18:57:15.553
CRC-Response  - 32,2,F000,1*e268 * 24-02-2025 18:57:21.181
Command * Rack-2 Placed in J3 - #33,3,1,17564,800 ,0,0*35a6
 * 24-02-2025 18:57:21.653
CRC-Response  - 33,3,I001,1*d4a9 * 24-02-2025 18:57:21.862
CRC-Response  - 33,3,F000,1*ebf8 * 24-02-2025 18:57:27.489
Command * Rack-1 Picked from J4 - #34,2,1,21194,800 ,0,0*6089
 * 24-02-2025 18:58:09.855
CRC-Response  - 34,2,I001,1*c2d9 * 24-02-2025 18:58:10.143
CRC-Response  - 34,2,F000,1*fd88 * 24-02-2025 18:58:15.687
Command * Rack-1 Placed in J5 - #35,3,1,24824,800 ,0,0*70d0
 * 24-02-2025 18:58:16.278
CRC-Response  - 35,3,I001,1*cb49 * 24-02-2025 18:58:16.494
CRC-Response  - 35,3,F000,1*f418 * 24-02-2025 18:58:22.115
Command * Rack-3 Picked from J1 - #36,2,1,10304,800,0,0*f920
 * 24-02-2025 18:59:03.72
CRC-Response  - 36,2,I001,1*0878 * 24-02-2025 18:59:03.311
CRC-Response  - 36,2,F000,1*3729 * 24-02-2025 18:59:10.142
Command * Rack-3 Placed in J2 - #37,3,1,13934,800 ,0,0*e958
 * 24-02-2025 18:59:10.443
CRC-Response  - 37,3,I001,1*01e8 * 24-02-2025 18:59:10.652
CRC-Response  - 37,3,F000,1*3eb9 * 24-02-2025 18:59:16.291
Command * Rack-2 Picked from J3 - #38,2,1,17564,800 ,0,0*b352
 * 24-02-2025 18:59:28.946
CRC-Response  - 38,2,I001,1*fd19 * 24-02-2025 18:59:29.153
CRC-Response  - 38,2,F000,1*c248 * 24-02-2025 18:59:34.781
Command * Rack-2 Placed in J4 - #39,3,1,21194,800 ,0,0*80f5
 * 24-02-2025 18:59:35.265
CRC-Response  - 39,3,I001,1*f489 * 24-02-2025 18:59:35.478
CRC-Response  - 39,3,F000,1*cbd8 * 24-02-2025 18:59:41.93
Command * Rack-1 Picked from J5 - #40,2,1,24824,800 ,0,0*6e3b
 * 24-02-2025 19:00:22.585
CRC-Response  - 40,2,I001,1*6382 * 24-02-2025 19:00:22.869
CRC-Response  - 40,2,F000,1*5cd3 * 24-02-2025 19:00:28.430
Command * Rack-1 Placed in J6 - #41,3,1,28454,800 ,0,0*eb4c
 * 24-02-2025 19:00:28.961
CRC-Response  - 41,3,I001,1*6a12 * 24-02-2025 19:00:29.174
CRC-Response  - 41,3,F000,1*5543 * 24-02-2025 19:00:34.797
Rack - 4Protocol Started * 24-02-2025 19:00:35.947
Command * Rack-4 Picked from L2 - #42,2,1,13934,16380,0,0*5773
 * 24-02-2025 19:00:36.51
CRC-Response  - 42,2,I001,1*a923 * 24-02-2025 19:00:36.269
CRC-Response  - 42,2,F000,1*9672 * 24-02-2025 19:00:43.122
Command * Rack-4 Placed in J1 - #43,3,1,10304,800,0,0*1208
 * 24-02-2025 19:00:43.373
CRC-Response  - 43,3,I001,1*a0b3 * 24-02-2025 19:00:43.588
CRC-Response  - 43,3,F000,1*9fe2 * 24-02-2025 19:00:50.17
Command * Rack-3 Picked from J2 - #44,2,1,13934,800 ,0,0*913b
 * 24-02-2025 19:01:17.734
CRC-Response  - 44,2,I001,1*b6c3 * 24-02-2025 19:01:17.962
CRC-Response  - 44,2,F000,1*8992 * 24-02-2025 19:01:23.576
Command * Rack-3 Placed in J3 - #45,3,1,17564,800 ,0,0*e458
 * 24-02-2025 19:01:24.57
CRC-Response  - 45,3,I001,1*bf53 * 24-02-2025 19:01:24.268
CRC-Response  - 45,3,F000,1*8002 * 24-02-2025 19:01:29.898
Command * Rack-2 Picked from J4 - #46,2,1,21194,800 ,0,0*3586
 * 24-02-2025 19:01:41.614
CRC-Response  - 46,2,I001,1*7c62 * 24-02-2025 19:01:41.828
CRC-Response  - 46,2,F000,1*4333 * 24-02-2025 19:01:47.446
Command * Rack-2 Placed in J5 - #47,3,1,24824,800 ,0,0*25df
 * 24-02-2025 19:01:47.921
CRC-Response  - 47,3,I001,1*75f2 * 24-02-2025 19:01:48.126
CRC-Response  - 47,3,F000,1*4aa3 * 24-02-2025 19:01:53.754
Command * Rack-1 Picked from J6 - #48,2,1,28454,800 ,0,0*8fc1
 * 24-02-2025 19:02:36.265
CRC-Response  - 48,2,I001,1*8903 * 24-02-2025 19:02:36.488
CRC-Response  - 48,2,F000,1*b652 * 24-02-2025 19:02:42.95
Command * Rack-1 Placed in J7 - #49,3,1,32084,800 ,0,0*0a7f
 * 24-02-2025 19:02:42.592
CRC-Response  - 49,3,I001,1*8093 * 24-02-2025 19:02:42.807
CRC-Response  - 49,3,F000,1*bfc2 * 24-02-2025 19:02:48.433
Command * Rack-4 Picked from J1 - #50,2,1,10304,800,0,0*1720
 * 24-02-2025 19:02:50.167
CRC-Response  - 50,2,I001,1*9f86 * 24-02-2025 19:02:50.377
CRC-Response  - 50,2,F000,1*a0d7 * 24-02-2025 19:02:58.50
Command * Rack-4 Placed in J2 - #51,3,1,13934,800 ,0,0*e9b6
 * 24-02-2025 19:02:58.499
CRC-Response  - 51,3,I001,1*9616 * 24-02-2025 19:02:58.716
CRC-Response  - 51,3,F000,1*a947 * 24-02-2025 19:03:04.332
Command * Rack-3 Picked from J3 - #52,2,1,17564,800 ,0,0*7eac
 * 24-02-2025 19:03:30.371
CRC-Response  - 52,2,I001,1*5527 * 24-02-2025 19:03:30.606
CRC-Response  - 52,2,F000,1*6a76 * 24-02-2025 19:03:36.208
Command * Rack-3 Placed in J4 - #53,3,1,21194,800 ,0,0*4d0b
 * 24-02-2025 19:03:36.711
CRC-Response  - 53,3,I001,1*5cb7 * 24-02-2025 19:03:36.922
CRC-Response  - 53,3,F000,1*63e6 * 24-02-2025 19:03:42.537
Command * Rack-2 Picked from J5 - #54,2,1,24824,800 ,0,0*3bda
 * 24-02-2025 19:03:54.211
CRC-Response  - 54,2,I001,1*4ac7 * 24-02-2025 19:03:54.432
CRC-Response  - 54,2,F000,1*7596 * 24-02-2025 19:04:00.48
Command * Rack-2 Placed in J6 - #55,3,1,28454,800 ,0,0*bead
 * 24-02-2025 19:04:00.540
CRC-Response  - 55,3,I001,1*4357 * 24-02-2025 19:04:00.749
CRC-Response  - 55,3,F000,1*7c06 * 24-02-2025 19:04:06.372
Rack - 5Protocol Started * 24-02-2025 19:04:12.343
Command * Rack-5 Picked from L3 - #56,2,1,10304,16380,0,0*12f9
 * 24-02-2025 19:04:12.723
CRC-Response  - 56,2,I001,1*8066 * 24-02-2025 19:04:12.929
CRC-Response  - 56,2,F000,1*bf37 * 24-02-2025 19:04:20.200
Command * Rack-5 Placed in J1 - #57,3,1,10304,800,0,0*f3c4
 * 24-02-2025 19:04:20.764
CRC-Response  - 57,3,I001,1*89f6 * 24-02-2025 19:04:20.974
CRC-Response  - 57,3,F000,1*b6a7 * 24-02-2025 19:04:27.401
Command * Rack-1 Picked from J7 - #58,2,1,32084,800 ,0,0*f603
 * 24-02-2025 19:04:48.945
CRC-Response  - 58,2,I001,1*7507 * 24-02-2025 19:04:49.195
CRC-Response  - 58,2,F000,1*4a56 * 24-02-2025 19:04:56.834
Command * Rack-1 Placed in U1 - #59,3,1,61124,16380,0,0*5782
 * 24-02-2025 19:04:57.292
CRC-Response  - 59,3,I001,1*7c97 * 24-02-2025 19:04:57.512
CRC-Response  - 59,3,F000,1*43c6 * 24-02-2025 19:05:06.2
Rack - 1Protocol Ended * 24-02-2025 19:05:07.540
Command * Rack-3 Picked from J4 - #61,2,1,21194,800 ,0,0*6010
 * 24-02-2025 19:05:43.59
CRC-Response  - 61,2,I001,1*1ed8 * 24-02-2025 19:05:43.444
CRC-Response  - 61,2,F000,1*2189 * 24-02-2025 19:05:52.992
Command * Rack-4 Placed in J3 - #62,3,1,17564,800 ,0,0*b1ce
 * 24-02-2025 19:05:53.109
CRC-Response  - 62,3,I001,1*dde9 * 24-02-2025 19:05:53.317
CRC-Response  - 62,3,F000,1*e2b8 * 24-02-2025 19:05:58.944
Command * Rack-2 Picked from J6 - #63,2,1,28454,800 ,0,0*1747
 * 24-02-2025 19:06:06.885
CRC-Response  - 63,2,I001,1*d479 * 24-02-2025 19:06:07.97
CRC-Response  - 63,2,F000,1*eb28 * 24-02-2025 19:06:13.537
Command * Rack-2 Placed in J7 - #64,3,1,32084,800 ,0,0*f471
 * 24-02-2025 19:06:13.704
CRC-Response  - 64,3,I001,1*c209 * 24-02-2025 19:06:13.911
CRC-Response  - 64,3,F000,1*fd58 * 24-02-2025 19:06:19.537
Command * Rack-5 Picked from J1 - #65,2,1,10304,800,0,0*e8a8
 * 24-02-2025 19:06:27.803
CRC-Response  - 65,2,I001,1*cb99 * 24-02-2025 19:06:28.23
CRC-Response  - 65,2,F000,1*f4c8 * 24-02-2025 19:06:35.700
Command * Rack-3 Placed in J5 - #66,3,1,24824,800 ,0,0*16c1
 * 24-02-2025 19:06:36.49
CRC-Response  - 66,3,I001,1*08a8 * 24-02-2025 19:06:36.269
CRC-Response  - 66,3,F000,1*37f9 * 24-02-2025 19:06:43.111
User Aborted / Stopped the application forcefully  * 24-02-2025 19:07:15.577
Command * WATER VALVE - 1 CONTROL OFF - #67,13,1,0*cf9f
 * 24-02-2025 19:07:18.709
CRC-Response  - 67,13,F000*0e55 * 24-02-2025 19:07:19.36
Command * WATER VALVE - 2 CONTROL OFF - #68,13,2,0*8f2f
 * 24-02-2025 19:07:19.596
CRC-Response  - 68,13,F000*fe14 * 24-02-2025 19:07:19.802
Command * WATER VALVE - 3 CONTROL OFF - #69,13,3,0*83bf
 * 24-02-2025 19:07:20.351
CRC-Response  - 69,13,F000*6e19 * 24-02-2025 19:07:20.561
Command * WATER VALVE - 4 CONTROL OFF - #70,13,4,0*b8c3
 * 24-02-2025 19:07:21.124
CRC-Response  - 70,13,F000*fb22 * 24-02-2025 19:07:21.333
Command * WATER VALVE - 5 CONTROL OFF - #71,13,5,0*b453
 * 24-02-2025 19:07:21.907
CRC-Response  - 71,13,F000*6b2f * 24-02-2025 19:07:22.122
Command * WATER VALVE - 6 CONTROL OFF - #72,13,6,0*a1e3
 * 24-02-2025 19:07:22.674
CRC-Response  - 72,13,F000*9b3b * 24-02-2025 19:07:22.885
