Command * RACK HOLDING STATUS - #0,7*d92c
 * 17-06-2024 16:22:40.164
Response  - 0,7,F000,11*7030 * 17-06-2024 16:22:40.405
Command * GET HOME STATUS - #1,6*d9bc
 * 17-06-2024 16:23:43.982
Response  - 1,6,F000,10001100*b8ca * 17-06-2024 16:23:44.361
Command * Home Command - #2,5,11111111*b285
 * 17-06-2024 16:23:56.820
Response  - 2,5,I001,11111111*02d0 * 17-06-2024 16:23:56.978
Response  - 2,5,F000*34ba * 17-06-2024 16:24:03.788
Command * DOOR STATUS - #3,9*1d5d
 * 17-06-2024 16:24:22.740
Response  - 3,9,F000,01*c472 * 17-06-2024 16:24:22.904
Command * CLOSE HEATER DOOR - #4,8,1,0*218d
 * 17-06-2024 16:24:34.17
Response  - 4,8,I001*d7f9 * 17-06-2024 16:24:34.181
Response  - 4,8,F000*033b * 17-06-2024 16:24:34.522
Command * OPEN HEATER DOOR - #5,8,1,1*215c
 * 17-06-2024 16:24:39.711
Response  - 5,8,I001*1b38 * 17-06-2024 16:24:39.875
Response  - 5,8,F000*cffa * 17-06-2024 16:24:40.218
Command * CLOSE HEATER DOOR - #6,8,1,0*e1ae
 * 17-06-2024 16:24:42.259
Response  - 6,8,I001*0e78 * 17-06-2024 16:24:42.420
Response  - 6,8,F000*daba * 17-06-2024 16:24:42.761
Command * OPEN HEATER DOOR - #7,8,1,1*e17f
 * 17-06-2024 16:24:44.171
Response  - 7,8,I001*c2b9 * 17-06-2024 16:24:44.340
Response  - 7,8,F000*167b * 17-06-2024 16:24:44.666
Command * CLOSE HEATER DOOR - #8,8,1,0*2141
 * 17-06-2024 16:26:43.136
Response  - 8,8,I001*82f9 * 17-06-2024 16:26:43.350
Response  - 8,8,F000*563b * 17-06-2024 16:26:43.631
Command * OPEN HEATER DOOR - #9,8,1,1*2190
 * 17-06-2024 16:26:45.813
Response  - 9,8,I001*4e38 * 17-06-2024 16:26:45.978
Response  - 9,8,F000*9afa * 17-06-2024 16:26:46.315
