Command * SET TEMPERATURE - #0,10,32*870a
 * 22-01-2025 14:11:29.64
CRC-Response  - 0,10,F000*1ae9 * 22-01-2025 14:11:29.183
Command * HEATER ON - #1,12,1*dbe7
 * 22-01-2025 14:11:30.235
CRC-Response  - 1,12,F000*68e5 * 22-01-2025 14:11:30.375
Command * HEATER DOOR CLOSE - #2,8,1,0*21eb
 * 22-01-2025 14:11:31.239
CRC-Response  - 2,8,I001*fd79 * 22-01-2025 14:11:31.355
CRC-Response  - 2,8,F000*29bb * 22-01-2025 14:11:31.685
Command * READ TEMPERATURE - #3,11*ed1a
 * 22-01-2025 14:11:31.912
CRC-Response  - 3,11,F000,38*eb07 * 22-01-2025 14:11:32.27
Command * WATER VALVE - 1 CONTROL OFF - #4,13,1,0*80ea
 * 22-01-2025 14:11:37.79
CRC-Response  - 4,13,F000*e9db * 22-01-2025 14:11:37.192
Command * WATER VALVE - 2 CONTROL OFF - #5,13,2,0*4cdb
 * 22-01-2025 14:11:37.746
CRC-Response  - 5,13,F000*79d6 * 22-01-2025 14:11:37.864
Command * WATER VALVE - 3 CONTROL OFF - #6,13,3,0*99ca
 * 22-01-2025 14:11:38.429
CRC-Response  - 6,13,F000*89c2 * 22-01-2025 14:11:38.542
Command * WATER VALVE - 4 CONTROL OFF - #7,13,4,0*94ba
 * 22-01-2025 14:11:39.99
CRC-Response  - 7,13,F000*19cf * 22-01-2025 14:11:39.206
Command * WATER VALVE - 5 CONTROL OFF - #8,13,5,0*14ab
 * 22-01-2025 14:11:39.750
CRC-Response  - 8,13,F000*e98e * 22-01-2025 14:11:39.855
Command * WATER VALVE - 6 CONTROL OFF - #9,13,6,0*d89a
 * 22-01-2025 14:11:40.415
CRC-Response  - 9,13,F000*7983 * 22-01-2025 14:11:40.519
Command * Home Command - #10,5,01111111*2199
 * 22-01-2025 14:11:41.64
CRC-Response  - 10,5,I001,01111111*c9ef * 22-01-2025 14:11:41.182
CRC-Response  - 10,5,F000*8728 * 22-01-2025 14:11:44.483
Command * Home Command - #11,5,01111111*e264
 * 22-01-2025 14:11:46.754
CRC-Response  - 11,5,I001,01111111*59be * 22-01-2025 14:11:46.868
CRC-Response  - 11,5,F000*4be9 * 22-01-2025 14:11:46.871
Command * Level Sensing For H1 - #12,4,2688,1000,0,1*b46b
 * 22-01-2025 14:11:48.430
CRC-Response  - 12,4,I001*5b6a * 22-01-2025 14:11:48.544
CRC-Response  - 12,4,F000,3472*a503 * 22-01-2025 14:11:58.472
H1 Value - 3472 * 22-01-2025 14:11:58.492
Command * Level Sensing For H2 - #13,4,2688,8700,0,1*8e8c
 * 22-01-2025 14:11:58.600
CRC-Response  - 13,4,I001*97ab * 22-01-2025 14:11:58.718
CRC-Response  - 13,4,F000,3468*b380 * 22-01-2025 14:12:01.180
H2 Value - 3468 * 22-01-2025 14:12:01.195
User Aborted / Stopped the application forcefully  * 22-01-2025 14:12:20.15
Command * HEATER OFF - #14,12,0*961d
 * 22-01-2025 14:12:23.108
CRC-Response  - 14,12,F000*f5f1 * 22-01-2025 14:12:23.224
Command * WATER VALVE - 1 CONTROL OFF - #15,13,1,0*2638
 * 22-01-2025 14:12:24.99
CRC-Response  - 15,13,F000*b4fd * 22-01-2025 14:12:24.213
Command * WATER VALVE - 2 CONTROL OFF - #16,13,2,0*3388
 * 22-01-2025 14:12:24.767
CRC-Response  - 16,13,F000*44e9 * 22-01-2025 14:12:24.880
Command * WATER VALVE - 3 CONTROL OFF - #17,13,3,0*3f18
 * 22-01-2025 14:12:25.448
CRC-Response  - 17,13,F000*d4e4 * 22-01-2025 14:12:25.561
Command * WATER VALVE - 4 CONTROL OFF - #18,13,4,0*bee9
 * 22-01-2025 14:12:26.113
CRC-Response  - 18,13,F000*24a5 * 22-01-2025 14:12:26.224
Command * WATER VALVE - 5 CONTROL OFF - #19,13,5,0*b279
 * 22-01-2025 14:12:26.782
CRC-Response  - 19,13,F000*b4a8 * 22-01-2025 14:12:26.893
Command * WATER VALVE - 6 CONTROL OFF - #20,13,6,0*285d
 * 22-01-2025 14:12:27.458
CRC-Response  - 20,13,F000*eb32 * 22-01-2025 14:12:27.573
Device Intialization started * 22-01-2025 14:12:39.868
Command * SET TEMPERATURE - #21,10,37*8203
 * 22-01-2025 14:12:40.620
CRC-Response  - 21,10,F000*483f * 22-01-2025 14:12:40.727
Command * WATER VALVE - 1 CONTROL ON - #22,13,1,1*f0ac
 * 22-01-2025 14:12:41.783
CRC-Response  - 22,13,F000*8b2b * 22-01-2025 14:12:41.899
Command * WATER VALVE - 2 CONTROL ON - #23,13,2,1*3c9d
 * 22-01-2025 14:12:41.955
CRC-Response  - 23,13,F000*1b26 * 22-01-2025 14:12:47.68
Command * WATER VALVE - 3 CONTROL ON - #24,13,3,1*1a8d
 * 22-01-2025 14:12:47.511
CRC-Response  - 24,13,F000*2b00 * 22-01-2025 14:12:47.625
Command * WATER VALVE - 4 CONTROL ON - #25,13,4,1*17fd
 * 22-01-2025 14:12:48.177
CRC-Response  - 25,13,F000*bb0d * 22-01-2025 14:12:48.292
Command * WATER VALVE - 5 CONTROL ON - #26,13,5,1*c2ec
 * 22-01-2025 14:12:48.842
CRC-Response  - 26,13,F000*4b19 * 22-01-2025 14:12:48.957
Command * WATER VALVE - 6 CONTROL ON - #27,13,6,1*0edd
 * 22-01-2025 14:12:49.501
CRC-Response  - 27,13,F000*db14 * 22-01-2025 14:12:49.609
Command * Home Command - #28,5,00100100*9191
 * 22-01-2025 14:12:50.165
CRC-Response  - 28,5,I001,00100100*e374 * 22-01-2025 14:12:50.279
CRC-Response  - 28,5,F000*d13d * 22-01-2025 14:12:51.656
Command * Home Command - #29,5,01111111*fe80
 * 22-01-2025 14:12:53.842
CRC-Response  - 29,5,I001,01111111*dfc9 * 22-01-2025 14:12:53.955
CRC-Response  - 29,5,F000*1dfc * 22-01-2025 14:13:06.459
Command * Home Command - #30,5,01111111*639e
 * 22-01-2025 14:13:09.23
CRC-Response  - 30,5,I001,01111111*714e * 22-01-2025 14:13:09.255
CRC-Response  - 30,5,F000*e731 * 22-01-2025 14:13:09.260
Command * Level Sensing For U1 - #31,4,61124,16380,0,0*810b
 * 22-01-2025 14:13:11.830
CRC-Response  - 31,4,I001*2e33 * 22-01-2025 14:13:11.939
CRC-Response  - 31,4,F000,2528*cfd6 * 22-01-2025 14:13:16.85
U1 Value - 2528 * 22-01-2025 14:13:16.102
Command * Level Sensing For U2 - #32,4,57494,16380,0,0*1ce3
 * 22-01-2025 14:13:16.510
CRC-Response  - 32,4,I001*3b73 * 22-01-2025 14:13:16.625
CRC-Response  - 32,4,F000,2506*a853 * 22-01-2025 14:13:18.916
U2 Value - 2506 * 22-01-2025 14:13:18.931
Command * Level Sensing For U3 - #33,4,53864,16380,0,0*fcde
 * 22-01-2025 14:13:19.172
CRC-Response  - 33,4,I001*f7b2 * 22-01-2025 14:13:19.286
CRC-Response  - 33,4,F000,2507*e990 * 22-01-2025 14:13:21.585
U3 Value - 2507 * 22-01-2025 14:13:21.603
Command * Level Sensing For U4 - #34,4,50234,16380,0,0*8d7c
 * 22-01-2025 14:13:21.843
CRC-Response  - 34,4,I001*11f3 * 22-01-2025 14:13:21.957
CRC-Response  - 34,4,F000,2504*afdb * 22-01-2025 14:13:24.243
U4 Value - 2504 * 22-01-2025 14:13:24.262
Command * Level Sensing For U5 - #35,4,46604,16380,0,0*f78c
 * 22-01-2025 14:13:24.498
CRC-Response  - 35,4,I001*dd32 * 22-01-2025 14:13:24.614
CRC-Response  - 35,4,F000,2506*ef58 * 22-01-2025 14:13:26.906
U5 Value - 2506 * 22-01-2025 14:13:26.925
Command * Level Sensing For U6 - #36,4,42974,16380,0,0*b32c
 * 22-01-2025 14:13:27.174
CRC-Response  - 36,4,I001*c872 * 22-01-2025 14:13:27.292
CRC-Response  - 36,4,F000,2514*7ddd * 22-01-2025 14:13:29.578
U6 Value - 2514 * 22-01-2025 14:13:29.593
Command * Level Sensing For J1 - #37,4,10304,800,0,0*cd52
 * 22-01-2025 14:13:29.846
CRC-Response  - 37,4,I001*04b3 * 22-01-2025 14:13:29.962
CRC-Response  - 37,4,F000,2526*cd5e * 22-01-2025 14:13:35.528
J1 Value - 2526 * 22-01-2025 14:13:35.545
Command * Level Sensing For J2 - #38,4,13934,800 ,0,0*f6b3
 * 22-01-2025 14:13:36.17
CRC-Response  - 38,4,I001*44f3 * 22-01-2025 14:13:36.132
CRC-Response  - 38,4,F000,2525*c30a * 22-01-2025 14:13:38.416
J2 Value - 2525 * 22-01-2025 14:13:38.435
Command * Level Sensing For J3 - #39,4,17564,800 ,0,0*52ed
 * 22-01-2025 14:13:38.684
CRC-Response  - 39,4,I001*8832 * 22-01-2025 14:13:38.803
CRC-Response  - 39,4,F000,2713*7029 * 22-01-2025 14:13:41.90
J3 Value - 2713 * 22-01-2025 14:13:41.109
Command * Level Sensing For J4 - #40,4,21194,800 ,0,0*a640
 * 22-01-2025 14:13:41.367
CRC-Response  - 40,4,I001*d2d4 * 22-01-2025 14:13:41.478
CRC-Response  - 40,4,F000,2710*7f72 * 22-01-2025 14:13:43.771
J4 Value - 2710 * 22-01-2025 14:13:43.788
Command * Level Sensing For J5 - #41,4,24824,800 ,0,0*6724
 * 22-01-2025 14:13:44.47
CRC-Response  - 41,4,I001*1e15 * 22-01-2025 14:13:44.159
CRC-Response  - 41,4,F000,2709*68b1 * 22-01-2025 14:13:46.447
J5 Value - 2709 * 22-01-2025 14:13:46.460
Command * Level Sensing For J6 - #42,4,28454,800 ,0,0*8bcf
 * 22-01-2025 14:13:46.702
CRC-Response  - 42,4,I001*0b55 * 22-01-2025 14:13:46.819
CRC-Response  - 42,4,F000,2709*abb4 * 22-01-2025 14:13:49.110
J6 Value - 2709 * 22-01-2025 14:13:49.125
Command * Level Sensing For J7 - #43,4,32084,800 ,0,0*df4c
 * 22-01-2025 14:13:49.377
CRC-Response  - 43,4,I001*c794 * 22-01-2025 14:13:49.555
CRC-Response  - 43,4,F000,2706*2ef6 * 22-01-2025 14:13:51.777
J7 Value - 2706 * 22-01-2025 14:13:51.794
Command * Level Sensing For J8 - #44,4,35714,800 ,0,0*ba2d
 * 22-01-2025 14:13:52.111
CRC-Response  - 44,4,I001*21d5 * 22-01-2025 14:13:52.227
CRC-Response  - 44,4,F000,2708*ad7c * 22-01-2025 14:13:54.522
J8 Value - 2708 * 22-01-2025 14:13:54.539
Command * Level Sensing For J9 - #45,4,39344,800 ,0,0*898d
 * 22-01-2025 14:13:54.785
CRC-Response  - 45,4,I001*ed14 * 22-01-2025 14:13:54.900
CRC-Response  - 45,4,F000,2707*283e * 22-01-2025 14:14:00.9
J9 Value - 2707 * 22-01-2025 14:14:00.30
Command * Level Sensing For J10 - #46,4,53864,800 ,0,0*a28d
 * 22-01-2025 14:14:00.453
CRC-Response  - 46,4,I001*f854 * 22-01-2025 14:14:00.570
CRC-Response  - 46,4,F000,2696*bbad * 22-01-2025 14:14:04.70
J10 Value - 2696 * 22-01-2025 14:14:04.88
Command * Level Sensing For J11 - #47,4,57494,800 ,0,0*def2
 * 22-01-2025 14:14:04.631
CRC-Response  - 47,4,I001*3495 * 22-01-2025 14:14:04.750
CRC-Response  - 47,4,F000,2703*a938 * 22-01-2025 14:14:07.30
J11 Value - 2703 * 22-01-2025 14:14:07.40
Command * Level Sensing For J12 - #48,4,61124,800 ,0,0*24e2
 * 22-01-2025 14:14:07.298
CRC-Response  - 48,4,I001*74d5 * 22-01-2025 14:14:07.417
CRC-Response  - 48,4,F000,2696*35bb * 22-01-2025 14:14:09.706
J12 Value - 2696 * 22-01-2025 14:14:09.724
Command * Level Sensing For J13 - #49,4,64754,800 ,0,0*a1ad
 * 22-01-2025 14:14:09.980
CRC-Response  - 49,4,I001*b814 * 22-01-2025 14:14:10.90
CRC-Response  - 49,4,F000,2673*d77d * 22-01-2025 14:14:12.379
J13 Value - 2673 * 22-01-2025 14:14:12.397
Command * Level Sensing For J14 - #50,4,64754,8590,0,0*99d7
 * 22-01-2025 14:14:12.646
CRC-Response  - 50,4,I001*42d9 * 22-01-2025 14:14:12.766
CRC-Response  - 50,4,F000,2702*eff2 * 22-01-2025 14:14:15.235
J14 Value - 2702 * 22-01-2025 14:14:15.249
Command * Level Sensing For J15 - #51,4,61124,8590,0,0*1c98
 * 22-01-2025 14:14:15.310
CRC-Response  - 51,4,I001*8e18 * 22-01-2025 14:14:15.419
CRC-Response  - 51,4,F000,2721*0fb1 * 22-01-2025 14:14:17.716
J15 Value - 2721 * 22-01-2025 14:14:17.732
Command * Level Sensing For J16 - #52,4,57494,8590,0,0*b54b
 * 22-01-2025 14:14:17.976
CRC-Response  - 52,4,I001*9b58 * 22-01-2025 14:14:18.89
CRC-Response  - 52,4,F000,2696*fea3 * 22-01-2025 14:14:20.386
J16 Value - 2696 * 22-01-2025 14:14:20.407
Command * Level Sensing For J17 - #53,4,53864,8590,0,0*c934
 * 22-01-2025 14:14:20.645
CRC-Response  - 53,4,I001*5799 * 22-01-2025 14:14:20.760
CRC-Response  - 53,4,F000,2701*2db7 * 22-01-2025 14:14:23.47
J17 Value - 2701 * 22-01-2025 14:14:23.63
Command * Level Sensing For J18 - #54,4,39344,8590,0,0*d375
 * 22-01-2025 14:14:23.312
CRC-Response  - 54,4,I001*b1d8 * 22-01-2025 14:14:23.419
CRC-Response  - 54,4,F000,2701*6abc * 22-01-2025 14:14:26.915
J18 Value - 2701 * 22-01-2025 14:14:26.931
Command * Level Sensing For J19 - #55,4,35714,8590,0,0*e0d5
 * 22-01-2025 14:14:27.467
CRC-Response  - 55,4,I001*7d19 * 22-01-2025 14:14:27.580
CRC-Response  - 55,4,F000,2699*bde8 * 22-01-2025 14:14:29.873
J19 Value - 2699 * 22-01-2025 14:14:29.890
Command * Level Sensing For J20 - #56,4,32084,8590,0,0*b4f5
 * 22-01-2025 14:14:30.122
CRC-Response  - 56,4,I001*6859 * 22-01-2025 14:14:30.242
CRC-Response  - 56,4,F000,2684*2b2d * 22-01-2025 14:14:32.522
J20 Value - 2684 * 22-01-2025 14:14:32.536
Command * Level Sensing For J21 - #57,4,28454,8590,0,0*e076
 * 22-01-2025 14:14:32.797
CRC-Response  - 57,4,I001*a498 * 22-01-2025 14:14:32.908
CRC-Response  - 57,4,F000,2712*38f8 * 22-01-2025 14:14:35.211
J21 Value - 2712 * 22-01-2025 14:14:35.225
Command * Level Sensing For J22 - #58,4,24824,8590,0,0*5f5e
 * 22-01-2025 14:14:35.466
CRC-Response  - 58,4,I001*e4d8 * 22-01-2025 14:14:35.581
CRC-Response  - 58,4,F000,2715*f5ad * 22-01-2025 14:14:37.873
J22 Value - 2715 * 22-01-2025 14:14:37.888
Command * Level Sensing For J23 - #59,4,21194,8590,0,0*9e3a
 * 22-01-2025 14:14:38.141
CRC-Response  - 59,4,I001*2819 * 22-01-2025 14:14:38.257
CRC-Response  - 59,4,F000,2705*e4ae * 22-01-2025 14:14:40.540
J23 Value - 2705 * 22-01-2025 14:14:40.558
Command * Level Sensing For J24 - #60,4,17564,8590,0,0*5a66
 * 22-01-2025 14:14:40.813
CRC-Response  - 60,4,I001*b2cd * 22-01-2025 14:14:40.927
CRC-Response  - 60,4,F000,2708*eb71 * 22-01-2025 14:14:43.222
J24 Value - 2708 * 22-01-2025 14:14:43.242
Command * Level Sensing For J25 - #61,4,13934,8590,0,0*fe38
 * 22-01-2025 14:14:43.492
CRC-Response  - 61,4,I001*7e0c * 22-01-2025 14:14:43.608
CRC-Response  - 61,4,F000,2714*ff72 * 22-01-2025 14:14:45.892
J25 Value - 2714 * 22-01-2025 14:14:45.903
Command * Level Sensing For J26 - #62,4,10304,8590,0,0*25da
 * 22-01-2025 14:14:46.170
CRC-Response  - 62,4,I001*6b4c * 22-01-2025 14:14:46.281
CRC-Response  - 62,4,F000,2707*ad36 * 22-01-2025 14:14:48.572
J26 Value - 2707 * 22-01-2025 14:14:48.590
Command * Level Sensing For J27 - #63,4,21194,16380,0,0*b45f
 * 22-01-2025 14:14:48.831
CRC-Response  - 63,4,I001*a78d * 22-01-2025 14:14:48.944
CRC-Response  - 63,4,F000,2757*7c37 * 22-01-2025 14:14:52.52
J27 Value - 2757 * 22-01-2025 14:14:52.70
Command * Level Sensing For J28 - #64,4,24824,16380,0,0*d717
 * 22-01-2025 14:14:52.514
CRC-Response  - 64,4,I001*41cc * 22-01-2025 14:14:52.626
CRC-Response  - 64,4,F000,2759*ffbd * 22-01-2025 14:14:54.921
J28 Value - 2759 * 22-01-2025 14:14:54.939
Command * Level Sensing For J29 - #65,4,28454,16380,0,0*20c2
 * 22-01-2025 14:14:55.178
CRC-Response  - 65,4,I001*8d0d * 22-01-2025 14:14:55.289
CRC-Response  - 65,4,F000,2728*8e7c * 22-01-2025 14:14:57.589
J29 Value - 2728 * 22-01-2025 14:14:57.608
Command * Level Sensing For J30 - #66,4,32084,16380,0,0*39ae
 * 22-01-2025 14:14:57.847
CRC-Response  - 66,4,I001*984d * 22-01-2025 14:14:57.959
CRC-Response  - 66,4,F000,2731*dbb8 * 22-01-2025 14:15:00.254
J30 Value - 2731 * 22-01-2025 14:15:00.272
Command * Level Sensing For J31 - #67,4,35714,16380,0,0*5982
 * 22-01-2025 14:15:00.515
CRC-Response  - 67,4,I001*548c * 22-01-2025 14:15:00.626
CRC-Response  - 67,4,F000,2726*08fa * 22-01-2025 14:15:02.923
J31 Value - 2726 * 22-01-2025 14:15:02.944
Command * Level Sensing For J32 - #68,4,39344,16380,0,0*c8db
 * 22-01-2025 14:15:03.185
CRC-Response  - 68,4,I001*14cc * 22-01-2025 14:15:03.297
CRC-Response  - 68,4,F000,2723*042e * 22-01-2025 14:15:05.583
J32 Value - 2723 * 22-01-2025 14:15:05.606
Command * Level Sensing For J33 - #69,4,64754,16380,0,0*bddc
 * 22-01-2025 14:15:05.856
CRC-Response  - 69,4,I001*d80d * 22-01-2025 14:15:05.968
CRC-Response  - 69,4,F000,2670*143e * 22-01-2025 14:15:10.673
J33 Value - 2670 * 22-01-2025 14:15:10.691
Command * Level Sensing For W1 - #70,4,42974,800 ,0,0*10d2
 * 22-01-2025 14:15:11.23
CRC-Response  - 70,4,I001*22c0 * 22-01-2025 14:15:11.138
CRC-Response  - 70,4,F000,2682*2da7 * 22-01-2025 14:15:15.470
W1 Value - 2682 * 22-01-2025 14:15:15.488
Command * Level Sensing For W2 - #71,4,46604,800 ,0,0*0883
 * 22-01-2025 14:15:15.699
CRC-Response  - 71,4,I001*ee01 * 22-01-2025 14:15:15.810
CRC-Response  - 71,4,F000,2696*ffa5 * 22-01-2025 14:15:18.96
W2 Value - 2696 * 22-01-2025 14:15:18.115
Command * Level Sensing For W3 - #72,4,50234,800 ,0,0*c084
 * 22-01-2025 14:15:18.358
CRC-Response  - 72,4,I001*fb41 * 22-01-2025 14:15:18.471
CRC-Response  - 72,4,F000,2675*5de4 * 22-01-2025 14:15:20.766
W3 Value - 2675 * 22-01-2025 14:15:20.784
Command * Level Sensing For W4 - #73,4,50234,8590,0,0*6641
 * 22-01-2025 14:15:21.23
CRC-Response  - 73,4,I001*3780 * 22-01-2025 14:15:21.138
CRC-Response  - 73,4,F000,2694*7c23 * 22-01-2025 14:15:23.601
W4 Value - 2694 * 22-01-2025 14:15:23.617
Command * Level Sensing For W5 - #74,4,46604,8590,0,0*9f07
 * 22-01-2025 14:15:23.688
CRC-Response  - 74,4,I001*d1c1 * 22-01-2025 14:15:23.802
CRC-Response  - 74,4,F000,2685*6be8 * 22-01-2025 14:15:26.102
W5 Value - 2685 * 22-01-2025 14:15:26.120
Command * Level Sensing For W6 - #75,4,42974,8590,0,0*8756
 * 22-01-2025 14:15:26.363
CRC-Response  - 75,4,I001*1d00 * 22-01-2025 14:15:26.469
CRC-Response  - 75,4,F000,2693*786b * 22-01-2025 14:15:28.773
W6 Value - 2693 * 22-01-2025 14:15:28.792
Command * Level Sensing For H1 - #76,4,2688,1000,0,1*fcc9
 * 22-01-2025 14:15:29.17
CRC-Response  - 76,4,I001*0840 * 22-01-2025 14:15:29.129
CRC-Response  - 76,4,F000,3712*87f8 * 22-01-2025 14:15:35.496
H1 Value - 3712 * 22-01-2025 14:15:35.517
Command * Level Sensing For H2 - #77,4,2688,8700,0,1*c62e
 * 22-01-2025 14:15:35.693
CRC-Response  - 77,4,I001*c481 * 22-01-2025 14:15:35.805
CRC-Response  - 77,4,F000,3719*c1bb * 22-01-2025 14:15:38.269
H2 Value - 3719 * 22-01-2025 14:15:38.285
Command * Level Sensing For H3 - #78,4,2688,16380,0,1*cf33
 * 22-01-2025 14:15:38.358
CRC-Response  - 78,4,I001*84c1 * 22-01-2025 14:15:38.472
CRC-Response  - 78,4,F000,3696*cab9 * 22-01-2025 14:15:40.931
H3 Value - 3696 * 22-01-2025 14:15:40.952
Command * Home Command - #79,5,01111111*fb8c
 * 22-01-2025 14:15:41.21
CRC-Response  - 79,5,I001,01111111*12d9 * 22-01-2025 14:15:41.131
CRC-Response  - 79,5,F000*4dc3 * 22-01-2025 14:15:53.675
Command * Home Command - #80,5,01111111*e884
 * 22-01-2025 14:15:57.199
CRC-Response  - 80,5,I001,01111111*573c * 22-01-2025 14:15:57.315
CRC-Response  - 80,5,F000*d742 * 22-01-2025 14:15:57.321
Command * SET TEMPERATURE - #0,10,32*870a
 * 22-01-2025 14:16:13.577
CRC-Response  - 0,10,F000*1ae9 * 22-01-2025 14:16:14.79
Command * HEATER ON - #1,12,1*dbe7
 * 22-01-2025 14:16:15.132
CRC-Response  - 1,12,F000*68e5 * 22-01-2025 14:16:15.241
Command * HEATER DOOR CLOSE - #2,8,1,0*21eb
 * 22-01-2025 14:16:16.109
CRC-Response  - 2,8,I001*fd79 * 22-01-2025 14:16:16.222
CRC-Response  - 2,8,F000*29bb * 22-01-2025 14:16:16.565
Command * READ TEMPERATURE - #3,11*ed1a
 * 22-01-2025 14:16:16.776
CRC-Response  - 3,11,F000,38*eb07 * 22-01-2025 14:16:16.890
Command * WATER VALVE - 1 CONTROL OFF - #4,13,1,0*80ea
 * 22-01-2025 14:16:21.938
CRC-Response  - 4,13,F000*e9db * 22-01-2025 14:16:22.50
Command * WATER VALVE - 2 CONTROL OFF - #5,13,2,0*4cdb
 * 22-01-2025 14:16:22.603
CRC-Response  - 5,13,F000*79d6 * 22-01-2025 14:16:22.717
Command * WATER VALVE - 3 CONTROL OFF - #6,13,3,0*99ca
 * 22-01-2025 14:16:23.267
CRC-Response  - 6,13,F000*89c2 * 22-01-2025 14:16:23.382
Command * WATER VALVE - 4 CONTROL OFF - #7,13,4,0*94ba
 * 22-01-2025 14:16:23.937
CRC-Response  - 7,13,F000*19cf * 22-01-2025 14:16:24.54
Command * WATER VALVE - 5 CONTROL OFF - #8,13,5,0*14ab
 * 22-01-2025 14:16:24.621
CRC-Response  - 8,13,F000*e98e * 22-01-2025 14:16:24.735
Command * WATER VALVE - 6 CONTROL OFF - #9,13,6,0*d89a
 * 22-01-2025 14:16:25.290
CRC-Response  - 9,13,F000*7983 * 22-01-2025 14:16:25.404
Command * Home Command - #10,5,01111111*2199
 * 22-01-2025 14:16:25.958
CRC-Response  - 10,5,I001,01111111*c9ef * 22-01-2025 14:16:26.73
CRC-Response  - 10,5,F000*8728 * 22-01-2025 14:16:26.878
Command * Home Command - #11,5,01111111*e264
 * 22-01-2025 14:16:29.132
CRC-Response  - 11,5,I001,01111111*59be * 22-01-2025 14:16:29.247
CRC-Response  - 11,5,F000*4be9 * 22-01-2025 14:16:29.251
Command * Level Sensing For H1 - #12,4,2688,1000,0,1*b46b
 * 22-01-2025 14:16:30.807
CRC-Response  - 12,4,I001*5b6a * 22-01-2025 14:16:30.919
CRC-Response  - 12,4,F000,3725*37b1 * 22-01-2025 14:16:40.854
H1 Value - 3725 * 22-01-2025 14:16:40.875
Command * Level Sensing For H2 - #13,4,2688,8700,0,1*8e8c
 * 22-01-2025 14:16:40.969
CRC-Response  - 13,4,I001*97ab * 22-01-2025 14:16:41.87
CRC-Response  - 13,4,F000,3713*4433 * 22-01-2025 14:16:43.544
H2 Value - 3713 * 22-01-2025 14:16:43.557
Command * Level Sensing For H3 - #14,4,2688,16380,0,1*1478
 * 22-01-2025 14:16:43.644
CRC-Response  - 14,4,I001*71ea * 22-01-2025 14:16:43.759
CRC-Response  - 14,4,F000,3713*0338 * 22-01-2025 14:16:46.224
H3 Value - 3713 * 22-01-2025 14:16:46.242
Command * Level Sensing For L1 - #15,4,17564,16380,0,0*1c3d
 * 22-01-2025 14:16:46.310
CRC-Response  - 15,4,I001*bd2b * 22-01-2025 14:16:46.424
CRC-Response  - 15,4,F000,284*085f * 22-01-2025 14:16:49.964
L1 Value - 284 * 22-01-2025 14:16:49.980
Command * Level Sensing For L2 - #16,4,13934,16380,0,0*5c61
 * 22-01-2025 14:16:50.470
CRC-Response  - 16,4,I001*a86b * 22-01-2025 14:16:50.585
CRC-Response  - 16,4,F000,269*a99e * 22-01-2025 14:16:52.879
L2 Value - 269 * 22-01-2025 14:16:52.897
Command * Level Sensing For L3 - #17,4,10304,16380,0,0*ad43
 * 22-01-2025 14:16:53.141
CRC-Response  - 17,4,I001*64aa * 22-01-2025 14:16:53.252
CRC-Response  - 17,4,F000,268*aaa2 * 22-01-2025 14:16:55.550
L3 Value - 268 * 22-01-2025 14:16:55.573
Command * Home Command - #18,5,01111111*fe78
 * 22-01-2025 14:16:55.807
CRC-Response  - 18,5,I001,01111111*0b68 * 22-01-2025 14:16:55.921
CRC-Response  - 18,5,F000*2129 * 22-01-2025 14:17:06.965
Command * Home Command - #19,5,01111111*3d85
 * 22-01-2025 14:17:09.483
CRC-Response  - 19,5,I001,01111111*9b39 * 22-01-2025 14:17:09.593
CRC-Response  - 19,5,F000*ede8 * 22-01-2025 14:17:09.596
Rack - 1Protocol Started * 22-01-2025 14:17:12.608
Command * Rack-1 Picked from L1 - #20,2,1,17564,16380,0,0*9bae
 * 22-01-2025 14:17:12.676
CRC-Response  - 20,2,I001,1*eb9c * 22-01-2025 14:17:12.795
CRC-Response  - 20,2,F000,1*d4cd * 22-01-2025 14:17:23.463
Command * Rack-1 Placed in H1 - #21,3,1,2688,1000,0,1*5c72
 * 22-01-2025 14:17:23.859
CRC-Response  - 21,3,I001,1*e20c * 22-01-2025 14:17:23.973
CRC-Response  - 21,3,F000,1*dd5d * 22-01-2025 14:17:30.910
Command * HEATER DOOR CLOSE - #22,8,1,0*e732
 * 22-01-2025 14:17:31.68
CRC-Response  - 22,8,I001*677e * 22-01-2025 14:17:31.187
CRC-Response  - 22,8,F000*b3bc * 22-01-2025 14:17:31.514
Command * READ TEMPERATURE - #23,11*0d07
 * 22-01-2025 14:17:31.739
CRC-Response  - 23,11,F000,35*75e7 * 22-01-2025 14:17:31.855
Command * READ TEMPERATURE - #24,11*7906
 * 22-01-2025 14:17:36.908
CRC-Response  - 24,11,F000,36*bf52 * 22-01-2025 14:17:37.21
Command * READ TEMPERATURE - #25,11*8507
 * 22-01-2025 14:17:42.86
CRC-Response  - 25,11,F000,36*7caf * 22-01-2025 14:17:42.200
Command * READ TEMPERATURE - #26,11*c107
 * 22-01-2025 14:17:47.255
CRC-Response  - 26,11,F000,36*78ab * 22-01-2025 14:17:47.369
Command * READ TEMPERATURE - #27,11*3d06
 * 22-01-2025 14:17:52.429
CRC-Response  - 27,11,F000,37*7b97 * 22-01-2025 14:17:52.546
Command * READ TEMPERATURE - #28,11*2905
 * 22-01-2025 14:17:57.592
CRC-Response  - 28,11,F000,36*af42 * 22-01-2025 14:17:57.708
Command * READ TEMPERATURE - #29,11*d504
 * 22-01-2025 14:18:02.772
CRC-Response  - 29,11,F000,37*ac7e * 22-01-2025 14:18:02.878
Command * READ TEMPERATURE - #30,11*893a
 * 22-01-2025 14:18:07.923
CRC-Response  - 30,11,F000,37*3160 * 22-01-2025 14:18:08.31
Command * READ TEMPERATURE - #31,11*753b
 * 22-01-2025 14:18:13.75
CRC-Response  - 31,11,F000,37*f29d * 22-01-2025 14:18:13.181
Command * READ TEMPERATURE - #32,11*313b
 * 22-01-2025 14:18:18.238
CRC-Response  - 32,11,F000,37*f699 * 22-01-2025 14:18:18.355
Command * READ TEMPERATURE - #33,11*cd3a
 * 22-01-2025 14:18:23.411
CRC-Response  - 33,11,F000,37*3564 * 22-01-2025 14:18:23.527
Command * READ TEMPERATURE - #34,11*b93b
 * 22-01-2025 14:18:28.582
CRC-Response  - 34,11,F000,37*fe91 * 22-01-2025 14:18:28.728
Command * READ TEMPERATURE - #35,11*453a
 * 22-01-2025 14:18:33.779
CRC-Response  - 35,11,F000,37*3d6c * 22-01-2025 14:18:33.894
Command * READ TEMPERATURE - #36,11*013a
 * 22-01-2025 14:18:38.950
CRC-Response  - 36,11,F000,37*3968 * 22-01-2025 14:18:39.64
Command * READ TEMPERATURE - #37,11*fd3b
 * 22-01-2025 14:18:44.107
CRC-Response  - 37,11,F000,37*fa95 * 22-01-2025 14:18:44.219
Command * READ TEMPERATURE - #38,11*e938
 * 22-01-2025 14:18:49.270
CRC-Response  - 38,11,F000,37*ee81 * 22-01-2025 14:18:49.380
Command * READ TEMPERATURE - #39,11*1539
 * 22-01-2025 14:18:54.448
CRC-Response  - 39,11,F000,37*2d7c * 22-01-2025 14:18:54.562
Command * READ TEMPERATURE - #40,11*498f
 * 22-01-2025 14:18:59.619
CRC-Response  - 40,11,F000,37*766b * 22-01-2025 14:18:59.732
Command * READ TEMPERATURE - #41,11*b58e
 * 22-01-2025 14:19:04.788
CRC-Response  - 41,11,F000,37*b596 * 22-01-2025 14:19:04.904
Command * READ TEMPERATURE - #42,11*f18e
 * 22-01-2025 14:19:09.959
CRC-Response  - 42,11,F000,37*b192 * 22-01-2025 14:19:10.78
Command * READ TEMPERATURE - #43,11*0d8f
 * 22-01-2025 14:19:15.122
CRC-Response  - 43,11,F000,37*726f * 22-01-2025 14:19:15.238
Command * READ TEMPERATURE - #44,11*798e
 * 22-01-2025 14:19:20.305
CRC-Response  - 44,11,F000,37*b99a * 22-01-2025 14:19:20.419
Command * READ TEMPERATURE - #45,11*858f
 * 22-01-2025 14:19:25.477
CRC-Response  - 45,11,F000,37*7a67 * 22-01-2025 14:19:25.594
Command * READ TEMPERATURE - #46,11*c18f
 * 22-01-2025 14:19:30.654
CRC-Response  - 46,11,F000,37*7e63 * 22-01-2025 14:19:30.772
Command * READ TEMPERATURE - #47,11*3d8e
 * 22-01-2025 14:19:35.835
CRC-Response  - 47,11,F000,37*bd9e * 22-01-2025 14:19:35.952
Command * READ TEMPERATURE - #48,11*298d
 * 22-01-2025 14:19:41.13
CRC-Response  - 48,11,F000,37*a98a * 22-01-2025 14:19:41.126
Command * READ TEMPERATURE - #49,11*d58c
 * 22-01-2025 14:19:46.171
CRC-Response  - 49,11,F000,37*6a77 * 22-01-2025 14:19:46.289
Command * READ TEMPERATURE - #50,11*89b2
 * 22-01-2025 14:19:51.352
CRC-Response  - 50,11,F000,37*f769 * 22-01-2025 14:19:51.469
Command * READ TEMPERATURE - #51,11*75b3
 * 22-01-2025 14:19:56.512
CRC-Response  - 51,11,F000,37*3494 * 22-01-2025 14:19:56.625
Command * READ TEMPERATURE - #52,11*31b3
 * 22-01-2025 14:20:01.676
CRC-Response  - 52,11,F000,37*3090 * 22-01-2025 14:20:01.789
Command * READ TEMPERATURE - #53,11*cdb2
 * 22-01-2025 14:20:06.853
CRC-Response  - 53,11,F000,37*f36d * 22-01-2025 14:20:06.968
Command * READ TEMPERATURE - #54,11*b9b3
 * 22-01-2025 14:20:12.31
CRC-Response  - 54,11,F000,37*3898 * 22-01-2025 14:20:12.148
Command * READ TEMPERATURE - #55,11*45b2
 * 22-01-2025 14:20:17.207
CRC-Response  - 55,11,F000,37*fb65 * 22-01-2025 14:20:17.314
Command * READ TEMPERATURE - #56,11*01b2
 * 22-01-2025 14:20:22.358
CRC-Response  - 56,11,F000,37*ff61 * 22-01-2025 14:20:22.467
Command * READ TEMPERATURE - #57,11*fdb3
 * 22-01-2025 14:20:27.530
CRC-Response  - 57,11,F000,37*3c9c * 22-01-2025 14:20:27.642
Command * READ TEMPERATURE - #58,11*e9b0
 * 22-01-2025 14:20:32.702
CRC-Response  - 58,11,F000,37*2888 * 22-01-2025 14:20:32.816
Command * READ TEMPERATURE - #59,11*15b1
 * 22-01-2025 14:20:37.866
CRC-Response  - 59,11,F000,38*ef35 * 22-01-2025 14:20:37.978
Command * READ TEMPERATURE - #60,11*89f6
 * 22-01-2025 14:20:43.33
CRC-Response  - 60,11,F000,37*346c * 22-01-2025 14:20:43.146
Command * READ TEMPERATURE - #61,11*75f7
 * 22-01-2025 14:20:48.208
CRC-Response  - 61,11,F000,37*f791 * 22-01-2025 14:20:48.323
Command * READ TEMPERATURE - #62,11*31f7
 * 22-01-2025 14:20:53.384
CRC-Response  - 62,11,F000,37*f395 * 22-01-2025 14:20:53.497
Command * READ TEMPERATURE - #63,11*cdf6
 * 22-01-2025 14:20:58.548
CRC-Response  - 63,11,F000,37*3068 * 22-01-2025 14:20:58.662
Command * READ TEMPERATURE - #64,11*b9f7
 * 22-01-2025 14:21:03.723
CRC-Response  - 64,11,F000,37*fb9d * 22-01-2025 14:21:03.840
Command * READ TEMPERATURE - #65,11*45f6
 * 22-01-2025 14:21:08.900
CRC-Response  - 65,11,F000,37*3860 * 22-01-2025 14:21:09.14
Command * READ TEMPERATURE - #66,11*01f6
 * 22-01-2025 14:21:14.68
CRC-Response  - 66,11,F000,37*3c64 * 22-01-2025 14:21:14.183
Command * READ TEMPERATURE - #67,11*fdf7
 * 22-01-2025 14:21:19.240
CRC-Response  - 67,11,F000,37*ff99 * 22-01-2025 14:21:19.358
Command * READ TEMPERATURE - #68,11*e9f4
 * 22-01-2025 14:21:24.416
CRC-Response  - 68,11,F000,37*eb8d * 22-01-2025 14:21:24.528
Command * READ TEMPERATURE - #69,11*15f5
 * 22-01-2025 14:21:29.577
CRC-Response  - 69,11,F000,37*2870 * 22-01-2025 14:21:29.693
Command * READ TEMPERATURE - #70,11*49cb
 * 22-01-2025 14:21:34.759
CRC-Response  - 70,11,F000,37*b56e * 22-01-2025 14:21:34.878
Command * READ TEMPERATURE - #71,11*b5ca
 * 22-01-2025 14:21:39.924
CRC-Response  - 71,11,F000,37*7693 * 22-01-2025 14:21:40.31
Command * READ TEMPERATURE - #72,11*f1ca
 * 22-01-2025 14:21:45.84
CRC-Response  - 72,11,F000,37*7297 * 22-01-2025 14:21:45.198
Command * READ TEMPERATURE - #73,11*0dcb
 * 22-01-2025 14:21:50.252
CRC-Response  - 73,11,F000,37*b16a * 22-01-2025 14:21:50.368
Command * READ TEMPERATURE - #74,11*79ca
 * 22-01-2025 14:21:55.434
CRC-Response  - 74,11,F000,37*7a9f * 22-01-2025 14:21:55.547
Command * READ TEMPERATURE - #75,11*85cb
 * 22-01-2025 14:22:00.601
CRC-Response  - 75,11,F000,37*b962 * 22-01-2025 14:22:00.712
Command * READ TEMPERATURE - #76,11*c1cb
 * 22-01-2025 14:22:05.773
CRC-Response  - 76,11,F000,37*bd66 * 22-01-2025 14:22:05.881
Command * READ TEMPERATURE - #77,11*3dca
 * 22-01-2025 14:22:10.949
CRC-Response  - 77,11,F000,37*7e9b * 22-01-2025 14:22:11.64
Command * READ TEMPERATURE - #78,11*29c9
 * 22-01-2025 14:22:16.111
CRC-Response  - 78,11,F000,38*6ecf * 22-01-2025 14:22:16.221
Command * READ TEMPERATURE - #79,11*d5c8
 * 22-01-2025 14:22:21.270
CRC-Response  - 79,11,F000,37*a972 * 22-01-2025 14:22:21.382
Command * READ TEMPERATURE - #80,11*489f
 * 22-01-2025 14:22:26.445
CRC-Response  - 80,11,F000,38*be3a * 22-01-2025 14:22:26.558
Command * READ TEMPERATURE - #81,11*b49e
 * 22-01-2025 14:22:31.620
CRC-Response  - 81,11,F000,37*7987 * 22-01-2025 14:22:31.735
Command * READ TEMPERATURE - #82,11*f09e
 * 22-01-2025 14:22:36.789
CRC-Response  - 82,11,F000,37*7d83 * 22-01-2025 14:22:36.904
Command * READ TEMPERATURE - #83,11*0c9f
 * 22-01-2025 14:22:41.958
CRC-Response  - 83,11,F000,37*be7e * 22-01-2025 14:22:42.73
Command * READ TEMPERATURE - #84,11*789e
 * 22-01-2025 14:22:47.136
CRC-Response  - 84,11,F000,37*758b * 22-01-2025 14:22:47.251
Command * READ TEMPERATURE - #85,11*849f
 * 22-01-2025 14:22:52.294
CRC-Response  - 85,11,F000,37*b676 * 22-01-2025 14:22:52.409
Command * READ TEMPERATURE - #86,11*c09f
 * 22-01-2025 14:22:57.472
CRC-Response  - 86,11,F000,37*b272 * 22-01-2025 14:22:57.585
Command * READ TEMPERATURE - #87,11*3c9e
 * 22-01-2025 14:23:02.644
CRC-Response  - 87,11,F000,37*718f * 22-01-2025 14:23:02.757
Command * READ TEMPERATURE - #88,11*289d
 * 22-01-2025 14:23:07.824
CRC-Response  - 88,11,F000,37*659b * 22-01-2025 14:23:07.936
Command * READ TEMPERATURE - #89,11*d49c
 * 22-01-2025 14:23:12.987
CRC-Response  - 89,11,F000,37*a666 * 22-01-2025 14:23:13.100
Command * READ TEMPERATURE - #90,11*88a2
 * 22-01-2025 14:23:18.168
CRC-Response  - 90,11,F000,37*3b78 * 22-01-2025 14:23:18.282
Command * READ TEMPERATURE - #91,11*74a3
 * 22-01-2025 14:23:23.326
CRC-Response  - 91,11,F000,37*f885 * 22-01-2025 14:23:23.442
Command * READ TEMPERATURE - #92,11*30a3
 * 22-01-2025 14:23:28.508
CRC-Response  - 92,11,F000,37*fc81 * 22-01-2025 14:23:28.617
Command * READ TEMPERATURE - #93,11*cca2
 * 22-01-2025 14:23:33.672
CRC-Response  - 93,11,F000,37*3f7c * 22-01-2025 14:23:33.778
Command * READ TEMPERATURE - #94,11*b8a3
 * 22-01-2025 14:23:38.825
CRC-Response  - 94,11,F000,37*f489 * 22-01-2025 14:23:38.930
Command * READ TEMPERATURE - #95,11*44a2
 * 22-01-2025 14:23:43.994
CRC-Response  - 95,11,F000,37*3774 * 22-01-2025 14:23:44.109
Command * READ TEMPERATURE - #96,11*00a2
 * 22-01-2025 14:23:49.155
CRC-Response  - 96,11,F000,37*3370 * 22-01-2025 14:23:49.282
Command * READ TEMPERATURE - #97,11*fca3
 * 22-01-2025 14:23:54.335
CRC-Response  - 97,11,F000,37*f08d * 22-01-2025 14:23:54.450
Command * READ TEMPERATURE - #98,11*e8a0
 * 22-01-2025 14:23:59.499
CRC-Response  - 98,11,F000,37*e499 * 22-01-2025 14:23:59.611
Command * READ TEMPERATURE - #99,11*14a1
 * 22-01-2025 14:24:04.660
CRC-Response  - 99,11,F000,37*2764 * 22-01-2025 14:24:04.776
Command * READ TEMPERATURE - #100,11*b35e
 * 22-01-2025 14:24:09.831
CRC-Response  - 100,11,F000,37*e9fd * 22-01-2025 14:24:09.948
Command * READ TEMPERATURE - #101,11*4f5f
 * 22-01-2025 14:24:15.1
CRC-Response  - 101,11,F000,37*2a00 * 22-01-2025 14:24:15.116
Command * READ TEMPERATURE - #102,11*0b5f
 * 22-01-2025 14:24:20.188
CRC-Response  - 102,11,F000,37*2e04 * 22-01-2025 14:24:20.301
Command * READ TEMPERATURE - #103,11*f75e
 * 22-01-2025 14:24:25.369
CRC-Response  - 103,11,F000,38*e9b9 * 22-01-2025 14:24:25.507
Command * READ TEMPERATURE - #104,11*835f
 * 22-01-2025 14:24:30.575
CRC-Response  - 104,11,F000,38*224c * 22-01-2025 14:24:30.688
Command * READ TEMPERATURE - #105,11*7f5e
 * 22-01-2025 14:24:35.736
CRC-Response  - 105,11,F000,37*e5f1 * 22-01-2025 14:24:35.850
Command * READ TEMPERATURE - #106,11*3b5e
 * 22-01-2025 14:24:40.911
CRC-Response  - 106,11,F000,38*e5b5 * 22-01-2025 14:24:41.21
Command * READ TEMPERATURE - #107,11*c75f
 * 22-01-2025 14:24:46.79
CRC-Response  - 107,11,F000,37*2208 * 22-01-2025 14:24:46.189
Command * READ TEMPERATURE - #108,11*d35c
 * 22-01-2025 14:24:51.242
CRC-Response  - 108,11,F000,38*325c * 22-01-2025 14:24:51.356
Command * READ TEMPERATURE - #109,11*2f5d
 * 22-01-2025 14:24:56.406
CRC-Response  - 109,11,F000,37*f5e1 * 22-01-2025 14:24:56.581
Command * READ TEMPERATURE - #110,11*7363
 * 22-01-2025 14:25:01.624
CRC-Response  - 110,11,F000,37*68ff * 22-01-2025 14:25:01.738
Command * READ TEMPERATURE - #111,11*8f62
 * 22-01-2025 14:25:06.788
CRC-Response  - 111,11,F000,38*af42 * 22-01-2025 14:25:06.902
Command * READ TEMPERATURE - #112,11*cb62
 * 22-01-2025 14:25:11.952
CRC-Response  - 112,11,F000,37*af06 * 22-01-2025 14:25:12.69
Command * READ TEMPERATURE - #113,11*3763
 * 22-01-2025 14:25:17.135
CRC-Response  - 113,11,F000,37*6cfb * 22-01-2025 14:25:17.247
Command * READ TEMPERATURE - #114,11*4362
 * 22-01-2025 14:25:22.318
CRC-Response  - 114,11,F000,37*a70e * 22-01-2025 14:25:22.425
Command * READ TEMPERATURE - #115,11*bf63
 * 22-01-2025 14:25:27.497
CRC-Response  - 115,11,F000,37*64f3 * 22-01-2025 14:25:27.612
Command * READ TEMPERATURE - #116,11*fb63
 * 22-01-2025 14:25:32.677
CRC-Response  - 116,11,F000,37*60f7 * 22-01-2025 14:25:32.790
Command * READ TEMPERATURE - #117,11*0762
 * 22-01-2025 14:25:37.849
CRC-Response  - 117,11,F000,38*a74a * 22-01-2025 14:25:37.967
Command * READ TEMPERATURE - #118,11*1361
 * 22-01-2025 14:25:43.24
CRC-Response  - 118,11,F000,37*b71e * 22-01-2025 14:25:43.136
Command * READ TEMPERATURE - #119,11*ef60
 * 22-01-2025 14:25:48.184
CRC-Response  - 119,11,F000,37*74e3 * 22-01-2025 14:25:48.300
Command * READ TEMPERATURE - #120,11*7327
 * 22-01-2025 14:25:53.365
CRC-Response  - 120,11,F000,38*afba * 22-01-2025 14:25:53.475
Command * READ TEMPERATURE - #121,11*8f26
 * 22-01-2025 14:25:58.543
CRC-Response  - 121,11,F000,37*6807 * 22-01-2025 14:25:58.658
Command * READ TEMPERATURE - #122,11*cb26
 * 22-01-2025 14:26:03.717
CRC-Response  - 122,11,F000,37*6c03 * 22-01-2025 14:26:03.831
Command * READ TEMPERATURE - #123,11*3727
 * 22-01-2025 14:26:08.899
CRC-Response  - 123,11,F000,38*abbe * 22-01-2025 14:26:09.38
Command * READ TEMPERATURE - #124,11*4326
 * 22-01-2025 14:26:14.93
CRC-Response  - 124,11,F000,38*604b * 22-01-2025 14:26:14.205
Command * READ TEMPERATURE - #125,11*bf27
 * 22-01-2025 14:26:19.266
CRC-Response  - 125,11,F000,37*a7f6 * 22-01-2025 14:26:19.381
Command * READ TEMPERATURE - #126,11*fb27
 * 22-01-2025 14:26:24.452
CRC-Response  - 126,11,F000,37*a3f2 * 22-01-2025 14:26:24.563
Command * READ TEMPERATURE - #127,11*0726
 * 22-01-2025 14:26:29.616
CRC-Response  - 127,11,F000,38*644f * 22-01-2025 14:26:29.730
Command * READ TEMPERATURE - #128,11*1325
 * 22-01-2025 14:26:34.782
CRC-Response  - 128,11,F000,37*741b * 22-01-2025 14:26:34.894
Command * READ TEMPERATURE - #129,11*ef24
 * 22-01-2025 14:26:39.964
CRC-Response  - 129,11,F000,37*b7e6 * 22-01-2025 14:26:40.79
Command * READ TEMPERATURE - #130,11*b31a
 * 22-01-2025 14:26:45.139
CRC-Response  - 130,11,F000,37*2af8 * 22-01-2025 14:26:45.248
Command * READ TEMPERATURE - #131,11*4f1b
 * 22-01-2025 14:26:50.309
CRC-Response  - 131,11,F000,37*e905 * 22-01-2025 14:26:50.421
Command * READ TEMPERATURE - #132,11*0b1b
 * 22-01-2025 14:26:55.472
CRC-Response  - 132,11,F000,38*e941 * 22-01-2025 14:26:55.680
Command * READ TEMPERATURE - #133,11*f71a
 * 22-01-2025 14:27:00.743
CRC-Response  - 133,11,F000,38*2abc * 22-01-2025 14:27:00.856
Command * READ TEMPERATURE - #134,11*831b
 * 22-01-2025 14:27:05.908
CRC-Response  - 134,11,F000,38*e149 * 22-01-2025 14:27:06.24
Command * READ TEMPERATURE - #135,11*7f1a
 * 22-01-2025 14:27:11.78
CRC-Response  - 135,11,F000,38*22b4 * 22-01-2025 14:27:11.192
Command * READ TEMPERATURE - #136,11*3b1a
 * 22-01-2025 14:27:16.261
CRC-Response  - 136,11,F000,38*26b0 * 22-01-2025 14:27:16.495
Command * READ TEMPERATURE - #137,11*c71b
 * 22-01-2025 14:27:21.548
CRC-Response  - 137,11,F000,38*e54d * 22-01-2025 14:27:21.665
Command * READ TEMPERATURE - #138,11*d318
 * 22-01-2025 14:27:26.722
CRC-Response  - 138,11,F000,38*f159 * 22-01-2025 14:27:26.889
Command * READ TEMPERATURE - #139,11*2f19
 * 22-01-2025 14:27:31.939
CRC-Response  - 139,11,F000,37*36e4 * 22-01-2025 14:27:32.58
Command * READ TEMPERATURE - #140,11*73af
 * 22-01-2025 14:27:37.111
CRC-Response  - 140,11,F000,38*69b3 * 22-01-2025 14:27:37.228
Command * READ TEMPERATURE - #141,11*8fae
 * 22-01-2025 14:27:42.282
CRC-Response  - 141,11,F000,38*aa4e * 22-01-2025 14:27:42.398
Command * READ TEMPERATURE - #142,11*cbae
 * 22-01-2025 14:27:47.459
CRC-Response  - 142,11,F000,38*ae4a * 22-01-2025 14:27:47.573
Command * READ TEMPERATURE - #143,11*37af
 * 22-01-2025 14:27:52.631
CRC-Response  - 143,11,F000,38*6db7 * 22-01-2025 14:27:52.748
Command * READ TEMPERATURE - #144,11*43ae
 * 22-01-2025 14:27:57.800
CRC-Response  - 144,11,F000,38*a642 * 22-01-2025 14:27:57.918
Command * READ TEMPERATURE - #145,11*bfaf
 * 22-01-2025 14:28:02.968
CRC-Response  - 145,11,F000,38*65bf * 22-01-2025 14:28:03.82
Command * READ TEMPERATURE - #146,11*fbaf
 * 22-01-2025 14:28:08.161
CRC-Response  - 146,11,F000,38*61bb * 22-01-2025 14:28:08.360
Command * READ TEMPERATURE - #147,11*07ae
 * 22-01-2025 14:28:13.405
CRC-Response  - 147,11,F000,38*a246 * 22-01-2025 14:28:13.520
Command * READ TEMPERATURE - #148,11*13ad
 * 22-01-2025 14:28:18.578
CRC-Response  - 148,11,F000,38*b652 * 22-01-2025 14:28:18.692
Command * READ TEMPERATURE - #149,11*efac
 * 22-01-2025 14:28:23.755
CRC-Response  - 149,11,F000,38*75af * 22-01-2025 14:28:23.867
Command * READ TEMPERATURE - #150,11*b392
 * 22-01-2025 14:28:28.929
CRC-Response  - 150,11,F000,38*e8b1 * 22-01-2025 14:28:29.46
Command * READ TEMPERATURE - #151,11*4f93
 * 22-01-2025 14:28:34.100
CRC-Response  - 151,11,F000,38*2b4c * 22-01-2025 14:28:34.215
Command * READ TEMPERATURE - #152,11*0b93
 * 22-01-2025 14:28:39.274
CRC-Response  - 152,11,F000,38*2f48 * 22-01-2025 14:28:39.388
Command * READ TEMPERATURE - #153,11*f792
 * 22-01-2025 14:28:44.439
CRC-Response  - 153,11,F000,38*ecb5 * 22-01-2025 14:28:44.552
Command * READ TEMPERATURE - #154,11*8393
 * 22-01-2025 14:28:49.613
CRC-Response  - 154,11,F000,38*2740 * 22-01-2025 14:28:49.727
Command * READ TEMPERATURE - #155,11*7f92
 * 22-01-2025 14:28:54.783
CRC-Response  - 155,11,F000,38*e4bd * 22-01-2025 14:28:54.894
Command * READ TEMPERATURE - #156,11*3b92
 * 22-01-2025 14:28:59.955
CRC-Response  - 156,11,F000,37*e4f9 * 22-01-2025 14:29:00.71
Command * READ TEMPERATURE - #157,11*c793
 * 22-01-2025 14:29:05.134
CRC-Response  - 157,11,F000,38*2344 * 22-01-2025 14:29:05.240
Command * READ TEMPERATURE - #158,11*d390
 * 22-01-2025 14:29:10.310
CRC-Response  - 158,11,F000,38*3750 * 22-01-2025 14:29:10.427
Command * READ TEMPERATURE - #159,11*2f91
 * 22-01-2025 14:29:15.483
CRC-Response  - 159,11,F000,38*f4ad * 22-01-2025 14:29:15.599
Command * READ TEMPERATURE - #160,11*b3d6
 * 22-01-2025 14:29:20.661
CRC-Response  - 160,11,F000,38*2bb4 * 22-01-2025 14:29:20.780
Command * READ TEMPERATURE - #161,11*4fd7
 * 22-01-2025 14:29:25.829
CRC-Response  - 161,11,F000,38*e849 * 22-01-2025 14:29:25.947
Command * READ TEMPERATURE - #162,11*0bd7
 * 22-01-2025 14:29:31.2
CRC-Response  - 162,11,F000,38*ec4d * 22-01-2025 14:29:31.118
Command * READ TEMPERATURE - #163,11*f7d6
 * 22-01-2025 14:29:36.182
CRC-Response  - 163,11,F000,38*2fb0 * 22-01-2025 14:29:36.298
Command * READ TEMPERATURE - #164,11*83d7
 * 22-01-2025 14:29:41.347
CRC-Response  - 164,11,F000,38*e445 * 22-01-2025 14:29:41.462
Command * READ TEMPERATURE - #165,11*7fd6
 * 22-01-2025 14:29:46.527
CRC-Response  - 165,11,F000,38*27b8 * 22-01-2025 14:29:46.644
Command * READ TEMPERATURE - #166,11*3bd6
 * 22-01-2025 14:29:51.707
CRC-Response  - 166,11,F000,38*23bc * 22-01-2025 14:29:51.820
Command * READ TEMPERATURE - #167,11*c7d7
 * 22-01-2025 14:29:56.872
CRC-Response  - 167,11,F000,38*e041 * 22-01-2025 14:29:56.986
Command * READ TEMPERATURE - #168,11*d3d4
 * 22-01-2025 14:30:02.30
CRC-Response  - 168,11,F000,38*f455 * 22-01-2025 14:30:02.144
Command * READ TEMPERATURE - #169,11*2fd5
 * 22-01-2025 14:30:07.193
CRC-Response  - 169,11,F000,38*37a8 * 22-01-2025 14:30:07.310
Command * READ TEMPERATURE - #170,11*73eb
 * 22-01-2025 14:30:12.360
CRC-Response  - 170,11,F000,38*aab6 * 22-01-2025 14:30:12.475
Command * READ TEMPERATURE - #171,11*8fea
 * 22-01-2025 14:30:17.536
CRC-Response  - 171,11,F000,38*694b * 22-01-2025 14:30:17.741
Command * READ TEMPERATURE - #172,11*cbea
 * 22-01-2025 14:30:22.808
CRC-Response  - 172,11,F000,38*6d4f * 22-01-2025 14:30:22.922
Command * READ TEMPERATURE - #173,11*37eb
 * 22-01-2025 14:30:27.981
CRC-Response  - 173,11,F000,38*aeb2 * 22-01-2025 14:30:28.96
Command * READ TEMPERATURE - #174,11*43ea
 * 22-01-2025 14:30:33.138
CRC-Response  - 174,11,F000,38*6547 * 22-01-2025 14:30:33.254
Command * READ TEMPERATURE - #175,11*bfeb
 * 22-01-2025 14:30:38.326
CRC-Response  - 175,11,F000,38*a6ba * 22-01-2025 14:30:38.439
Command * READ TEMPERATURE - #176,11*fbeb
 * 22-01-2025 14:30:43.490
CRC-Response  - 176,11,F000,38*a2be * 22-01-2025 14:30:43.605
Command * READ TEMPERATURE - #177,11*07ea
 * 22-01-2025 14:30:48.658
CRC-Response  - 177,11,F000,38*6143 * 22-01-2025 14:30:48.763
Command * READ TEMPERATURE - #178,11*13e9
 * 22-01-2025 14:30:53.819
CRC-Response  - 178,11,F000,38*7557 * 22-01-2025 14:30:53.934
Command * READ TEMPERATURE - #179,11*efe8
 * 22-01-2025 14:30:58.982
CRC-Response  - 179,11,F000,38*b6aa * 22-01-2025 14:30:59.99
Command * READ TEMPERATURE - #180,11*72bf
 * 22-01-2025 14:31:04.162
CRC-Response  - 180,11,F000,38*a5a2 * 22-01-2025 14:31:04.273
Command * READ TEMPERATURE - #181,11*8ebe
 * 22-01-2025 14:31:09.333
CRC-Response  - 181,11,F000,38*665f * 22-01-2025 14:31:09.445
Command * READ TEMPERATURE - #182,11*cabe
 * 22-01-2025 14:31:14.506
CRC-Response  - 182,11,F000,38*625b * 22-01-2025 14:31:14.612
Command * READ TEMPERATURE - #183,11*36bf
 * 22-01-2025 14:31:19.662
CRC-Response  - 183,11,F000,38*a1a6 * 22-01-2025 14:31:19.776
Command * READ TEMPERATURE - #184,11*42be
 * 22-01-2025 14:31:24.830
CRC-Response  - 184,11,F000,38*6a53 * 22-01-2025 14:31:24.942
Command * READ TEMPERATURE - #185,11*bebf
 * 22-01-2025 14:31:29.999
CRC-Response  - 185,11,F000,38*a9ae * 22-01-2025 14:31:30.114
Command * READ TEMPERATURE - #186,11*fabf
 * 22-01-2025 14:31:35.178
CRC-Response  - 186,11,F000,38*adaa * 22-01-2025 14:31:35.294
Command * HEATER DOOR OPEN - #187,8,1,1*3235
 * 22-01-2025 14:31:35.571
CRC-Response  - 187,8,I001*35eb * 22-01-2025 14:31:35.680
CRC-Response  - 187,8,F000*e129 * 22-01-2025 14:31:36.24
Rack - 2Protocol Started * 22-01-2025 14:31:36.705
Command * Rack-2 Picked from L2 - #188,2,1,13934,16380,0,0*d19e
 * 22-01-2025 14:31:36.776
CRC-Response  - 188,2,I001,1*bce3 * 22-01-2025 14:31:36.890
CRC-Response  - 188,2,F000,1*83b2 * 22-01-2025 14:31:43.426
Command * Rack-2 Placed in H2 - #189,3,1,2688,8700,0,1*1ea4
 * 22-01-2025 14:31:43.973
CRC-Response  - 189,3,I001,1*b573 * 22-01-2025 14:31:44.81
CRC-Response  - 189,3,F000,1*8a22 * 22-01-2025 14:31:50.613
Command * HEATER DOOR CLOSE - #190,8,1,0*fe43
 * 22-01-2025 14:31:51.204
CRC-Response  - 190,8,I001*43a7 * 22-01-2025 14:31:51.325
CRC-Response  - 190,8,F000*9765 * 22-01-2025 14:31:51.653
Command * READ TEMPERATURE - #191,11*4e83
 * 22-01-2025 14:31:51.876
CRC-Response  - 191,11,F000,37*e31d * 22-01-2025 14:31:51.994
Command * READ TEMPERATURE - #192,11*0a83
 * 22-01-2025 14:31:57.49
CRC-Response  - 192,11,F000,37*e719 * 22-01-2025 14:31:57.163
Command * READ TEMPERATURE - #193,11*f682
 * 22-01-2025 14:32:02.226
CRC-Response  - 193,11,F000,37*24e4 * 22-01-2025 14:32:02.343
Command * READ TEMPERATURE - #194,11*8283
 * 22-01-2025 14:32:07.394
CRC-Response  - 194,11,F000,37*ef11 * 22-01-2025 14:32:07.509
Command * READ TEMPERATURE - #195,11*7e82
 * 22-01-2025 14:32:12.561
CRC-Response  - 195,11,F000,37*2cec * 22-01-2025 14:32:12.677
Command * READ TEMPERATURE - #196,11*3a82
 * 22-01-2025 14:32:17.738
CRC-Response  - 196,11,F000,37*28e8 * 22-01-2025 14:32:17.852
Command * READ TEMPERATURE - #197,11*c683
 * 22-01-2025 14:32:22.919
CRC-Response  - 197,11,F000,37*eb15 * 22-01-2025 14:32:23.31
Command * READ TEMPERATURE - #198,11*d280
 * 22-01-2025 14:32:28.84
CRC-Response  - 198,11,F000,38*fb41 * 22-01-2025 14:32:28.198
Command * READ TEMPERATURE - #199,11*2e81
 * 22-01-2025 14:32:33.259
CRC-Response  - 199,11,F000,38*38bc * 22-01-2025 14:32:33.371
Command * READ TEMPERATURE - #200,11*805e
 * 22-01-2025 14:32:38.421
CRC-Response  - 200,11,F000,38*eebe * 22-01-2025 14:32:38.535
Command * READ TEMPERATURE - #201,11*7c5f
 * 22-01-2025 14:32:43.597
CRC-Response  - 201,11,F000,37*2903 * 22-01-2025 14:32:43.746
Command * READ TEMPERATURE - #202,11*385f
 * 22-01-2025 14:32:48.807
CRC-Response  - 202,11,F000,38*2947 * 22-01-2025 14:32:48.920
Command * READ TEMPERATURE - #203,11*c45e
 * 22-01-2025 14:32:53.972
CRC-Response  - 203,11,F000,37*eefa * 22-01-2025 14:32:54.87
Command * READ TEMPERATURE - #204,11*b05f
 * 22-01-2025 14:32:59.150
CRC-Response  - 204,11,F000,38*214f * 22-01-2025 14:32:59.260
Command * READ TEMPERATURE - #205,11*4c5e
 * 22-01-2025 14:33:04.322
CRC-Response  - 205,11,F000,38*e2b2 * 22-01-2025 14:33:04.438
Command * READ TEMPERATURE - #206,11*085e
 * 22-01-2025 14:33:09.487
CRC-Response  - 206,11,F000,38*e6b6 * 22-01-2025 14:33:09.603
Command * READ TEMPERATURE - #207,11*f45f
 * 22-01-2025 14:33:14.661
CRC-Response  - 207,11,F000,38*254b * 22-01-2025 14:33:14.775
Command * READ TEMPERATURE - #208,11*e05c
 * 22-01-2025 14:33:19.834
CRC-Response  - 208,11,F000,38*315f * 22-01-2025 14:33:20.43
Command * READ TEMPERATURE - #209,11*1c5d
 * 22-01-2025 14:33:25.103
CRC-Response  - 209,11,F000,38*f2a2 * 22-01-2025 14:33:25.215
Command * READ TEMPERATURE - #210,11*4063
 * 22-01-2025 14:33:30.274
CRC-Response  - 210,11,F000,38*6fbc * 22-01-2025 14:33:30.389
Command * READ TEMPERATURE - #211,11*bc62
 * 22-01-2025 14:33:35.440
CRC-Response  - 211,11,F000,38*ac41 * 22-01-2025 14:33:35.552
Command * READ TEMPERATURE - #212,11*f862
 * 22-01-2025 14:33:40.608
CRC-Response  - 212,11,F000,38*a845 * 22-01-2025 14:33:40.725
Command * READ TEMPERATURE - #213,11*0463
 * 22-01-2025 14:33:45.782
CRC-Response  - 213,11,F000,38*6bb8 * 22-01-2025 14:33:45.895
Command * READ TEMPERATURE - #214,11*7062
 * 22-01-2025 14:33:50.964
CRC-Response  - 214,11,F000,38*a04d * 22-01-2025 14:33:51.76
Command * READ TEMPERATURE - #215,11*8c63
 * 22-01-2025 14:33:56.127
CRC-Response  - 215,11,F000,38*63b0 * 22-01-2025 14:33:56.242
Command * READ TEMPERATURE - #216,11*c863
 * 22-01-2025 14:34:01.295
CRC-Response  - 216,11,F000,38*67b4 * 22-01-2025 14:34:01.411
Command * READ TEMPERATURE - #217,11*3462
 * 22-01-2025 14:34:06.475
CRC-Response  - 217,11,F000,38*a449 * 22-01-2025 14:34:06.589
Command * READ TEMPERATURE - #218,11*2061
 * 22-01-2025 14:34:11.647
CRC-Response  - 218,11,F000,38*b05d * 22-01-2025 14:34:11.761
Command * READ TEMPERATURE - #219,11*dc60
 * 22-01-2025 14:34:16.824
CRC-Response  - 219,11,F000,38*73a0 * 22-01-2025 14:34:16.937
Command * READ TEMPERATURE - #220,11*4027
 * 22-01-2025 14:34:21.998
CRC-Response  - 220,11,F000,38*acb9 * 22-01-2025 14:34:22.110
Command * READ TEMPERATURE - #221,11*bc26
 * 22-01-2025 14:34:27.166
CRC-Response  - 221,11,F000,38*6f44 * 22-01-2025 14:34:27.394
Command * READ TEMPERATURE - #222,11*f826
 * 22-01-2025 14:34:32.442
CRC-Response  - 222,11,F000,38*6b40 * 22-01-2025 14:34:32.554
Command * READ TEMPERATURE - #223,11*0427
 * 22-01-2025 14:34:37.610
CRC-Response  - 223,11,F000,38*a8bd * 22-01-2025 14:34:37.725
Command * READ TEMPERATURE - #224,11*7026
 * 22-01-2025 14:34:42.786
CRC-Response  - 224,11,F000,38*6348 * 22-01-2025 14:34:42.903
Command * READ TEMPERATURE - #225,11*8c27
 * 22-01-2025 14:34:47.952
CRC-Response  - 225,11,F000,38*a0b5 * 22-01-2025 14:34:48.113
Command * READ TEMPERATURE - #226,11*c827
 * 22-01-2025 14:34:53.180
CRC-Response  - 226,11,F000,38*a4b1 * 22-01-2025 14:34:53.290
Command * READ TEMPERATURE - #227,11*3426
 * 22-01-2025 14:34:58.351
CRC-Response  - 227,11,F000,38*674c * 22-01-2025 14:34:58.466
Command * READ TEMPERATURE - #228,11*2025
 * 22-01-2025 14:35:03.519
CRC-Response  - 228,11,F000,38*7358 * 22-01-2025 14:35:03.634
Command * READ TEMPERATURE - #229,11*dc24
 * 22-01-2025 14:35:08.685
CRC-Response  - 229,11,F000,38*b0a5 * 22-01-2025 14:35:08.802
Command * READ TEMPERATURE - #230,11*801a
 * 22-01-2025 14:35:13.859
CRC-Response  - 230,11,F000,38*2dbb * 22-01-2025 14:35:13.972
Command * READ TEMPERATURE - #231,11*7c1b
 * 22-01-2025 14:35:19.44
CRC-Response  - 231,11,F000,38*ee46 * 22-01-2025 14:35:19.155
Command * READ TEMPERATURE - #232,11*381b
 * 22-01-2025 14:35:24.218
CRC-Response  - 232,11,F000,38*ea42 * 22-01-2025 14:35:24.329
Command * READ TEMPERATURE - #233,11*c41a
 * 22-01-2025 14:35:29.378
CRC-Response  - 233,11,F000,38*29bf * 22-01-2025 14:35:29.492
Command * READ TEMPERATURE - #234,11*b01b
 * 22-01-2025 14:35:34.548
CRC-Response  - 234,11,F000,38*e24a * 22-01-2025 14:35:34.662
Command * READ TEMPERATURE - #235,11*4c1a
 * 22-01-2025 14:35:39.726
CRC-Response  - 235,11,F000,38*21b7 * 22-01-2025 14:35:39.844
Command * READ TEMPERATURE - #236,11*081a
 * 22-01-2025 14:35:44.892
CRC-Response  - 236,11,F000,38*25b3 * 22-01-2025 14:35:45.9
Command * READ TEMPERATURE - #237,11*f41b
 * 22-01-2025 14:35:50.60
CRC-Response  - 237,11,F000,38*e64e * 22-01-2025 14:35:50.177
Command * READ TEMPERATURE - #238,11*e018
 * 22-01-2025 14:35:55.237
CRC-Response  - 238,11,F000,38*f25a * 22-01-2025 14:35:55.351
Command * READ TEMPERATURE - #239,11*1c19
 * 22-01-2025 14:36:00.407
CRC-Response  - 239,11,F000,38*31a7 * 22-01-2025 14:36:00.522
Command * READ TEMPERATURE - #240,11*40af
 * 22-01-2025 14:36:05.579
CRC-Response  - 240,11,F000,38*6ab0 * 22-01-2025 14:36:05.725
Command * READ TEMPERATURE - #241,11*bcae
 * 22-01-2025 14:36:10.789
CRC-Response  - 241,11,F000,38*a94d * 22-01-2025 14:36:10.906
Command * READ TEMPERATURE - #242,11*f8ae
 * 22-01-2025 14:36:15.962
CRC-Response  - 242,11,F000,38*ad49 * 22-01-2025 14:36:16.75
Command * READ TEMPERATURE - #243,11*04af
 * 22-01-2025 14:36:21.125
CRC-Response  - 243,11,F000,38*6eb4 * 22-01-2025 14:36:21.239
Command * READ TEMPERATURE - #244,11*70ae
 * 22-01-2025 14:36:26.298
CRC-Response  - 244,11,F000,38*a541 * 22-01-2025 14:36:26.415
Command * READ TEMPERATURE - #245,11*8caf
 * 22-01-2025 14:36:31.476
CRC-Response  - 245,11,F000,39*a67d * 22-01-2025 14:36:31.590
Command * READ TEMPERATURE - #246,11*c8af
 * 22-01-2025 14:36:36.639
CRC-Response  - 246,11,F000,38*62b8 * 22-01-2025 14:36:36.756
Command * READ TEMPERATURE - #247,11*34ae
 * 22-01-2025 14:36:41.824
CRC-Response  - 247,11,F000,38*a145 * 22-01-2025 14:36:41.936
Command * READ TEMPERATURE - #248,11*20ad
 * 22-01-2025 14:36:46.989
CRC-Response  - 248,11,F000,39*7590 * 22-01-2025 14:36:47.107
Command * READ TEMPERATURE - #249,11*dcac
 * 22-01-2025 14:36:52.158
CRC-Response  - 249,11,F000,38*76ac * 22-01-2025 14:36:52.364
Command * READ TEMPERATURE - #250,11*8092
 * 22-01-2025 14:36:57.422
CRC-Response  - 250,11,F000,38*ebb2 * 22-01-2025 14:36:57.529
Command * READ TEMPERATURE - #251,11*7c93
 * 22-01-2025 14:37:02.581
CRC-Response  - 251,11,F000,38*284f * 22-01-2025 14:37:02.696
Command * READ TEMPERATURE - #252,11*3893
 * 22-01-2025 14:37:07.763
CRC-Response  - 252,11,F000,38*2c4b * 22-01-2025 14:37:07.882
Command * READ TEMPERATURE - #253,11*c492
 * 22-01-2025 14:37:12.945
CRC-Response  - 253,11,F000,38*efb6 * 22-01-2025 14:37:13.61
Command * HEATER DOOR OPEN - #254,8,1,1*5bd3
 * 22-01-2025 14:37:31.364
CRC-Response  - 254,8,I001*bf03 * 22-01-2025 14:37:31.472
CRC-Response  - 254,8,F000*6bc1 * 22-01-2025 14:37:31.813
Command * Rack-1 Picked from H1 - #255,2,1,2688,1000,0,1*5a4e
 * 22-01-2025 14:37:32.40
CRC-Response  - 255,2,I001,1*ee4d * 22-01-2025 14:37:32.155
CRC-Response  - 255,2,F000,1*d11c * 22-01-2025 14:37:37.991
Command * HEATER DOOR CLOSE - #0,8,1,0*e1c8
 * 22-01-2025 14:37:38.272
CRC-Response  - 0,8,I001*24f8 * 22-01-2025 14:37:38.378
CRC-Response  - 0,8,F000*f03a * 22-01-2025 14:37:38.722
Command * Rack-1 Placed in J1 - #1,3,1,10304,800,0,0*e5c5
 * 22-01-2025 14:37:38.944
CRC-Response  - 1,3,I001,1*b98e * 22-01-2025 14:37:39.61
CRC-Response  - 1,3,F000,1*86df * 22-01-2025 14:37:45.170
Command * Rack-1 Picked from J1 - #2,2,1,10304,800,0,0*31d0
 * 22-01-2025 14:42:45.898
CRC-Response  - 2,2,I001,1*7abf * 22-01-2025 14:42:46.42
CRC-Response  - 2,2,F000,1*45ee * 22-01-2025 14:42:51.154
Command * Rack-1 Placed in J2 - #3,3,1,13934,800 ,0,0*ad90
 * 22-01-2025 14:42:51.651
CRC-Response  - 3,3,I001,1*732f * 22-01-2025 14:42:51.757
CRC-Response  - 3,3,F000,1*4c7e * 22-01-2025 14:42:57.425
Command * HEATER DOOR OPEN - #4,8,1,1*e14c
 * 22-01-2025 14:45:55.639
CRC-Response  - 4,8,I001*d7f9 * 22-01-2025 14:45:55.861
CRC-Response  - 4,8,F000*033b * 22-01-2025 14:45:56.95
Rack - R3Protocol Started * 22-01-2025 14:45:56.866
Command * Rack-3 Picked from L3 - #5,2,1,10304,16380,0,0*192c
 * 22-01-2025 14:45:56.945
CRC-Response  - 5,2,I001,1*a00e * 22-01-2025 14:45:57.52
CRC-Response  - 5,2,F000,1*9f5f * 22-01-2025 14:46:03.518
Command * Rack-3 Placed in H3 - #6,3,1,2688,16380,0,1*f12d
 * 22-01-2025 14:46:03.651
CRC-Response  - 6,3,I001,1*633f * 22-01-2025 14:46:03.763
CRC-Response  - 6,3,F000,1*5c6e * 22-01-2025 14:46:09.875
Command * HEATER DOOR CLOSE - #7,8,1,0*21be
 * 22-01-2025 14:46:10.366
CRC-Response  - 7,8,I001*c2b9 * 22-01-2025 14:46:10.476
CRC-Response  - 7,8,F000*167b * 22-01-2025 14:46:10.818
Command * READ TEMPERATURE - #8,11*c918
 * 22-01-2025 14:46:11.39
CRC-Response  - 8,11,F000,38*30e2 * 22-01-2025 14:46:11.142
Command * READ TEMPERATURE - #9,11*3519
 * 22-01-2025 14:46:16.186
CRC-Response  - 9,11,F000,38*f31f * 22-01-2025 14:46:16.302
Command * READ TEMPERATURE - #10,11*4943
 * 22-01-2025 14:46:21.374
CRC-Response  - 10,11,F000,38*7727 * 22-01-2025 14:46:21.481
Command * READ TEMPERATURE - #11,11*b542
 * 22-01-2025 14:46:26.534
CRC-Response  - 11,11,F000,38*b4da * 22-01-2025 14:46:26.651
Command * READ TEMPERATURE - #12,11*f142
 * 22-01-2025 14:46:31.708
CRC-Response  - 12,11,F000,38*b0de * 22-01-2025 14:46:31.824
Command * READ TEMPERATURE - #13,11*0d43
 * 22-01-2025 14:46:36.885
CRC-Response  - 13,11,F000,40*8520 * 22-01-2025 14:46:36.995
Command * READ TEMPERATURE - #14,11*7942
 * 22-01-2025 14:46:42.50
CRC-Response  - 14,11,F000,38*b8d6 * 22-01-2025 14:46:42.166
Command * READ TEMPERATURE - #15,11*8543
 * 22-01-2025 14:46:47.222
CRC-Response  - 15,11,F000,39*bbea * 22-01-2025 14:46:47.337
Command * READ TEMPERATURE - #16,11*c143
 * 22-01-2025 14:46:52.394
CRC-Response  - 16,11,F000,38*7f2f * 22-01-2025 14:46:52.512
Command * READ TEMPERATURE - #17,11*3d42
 * 22-01-2025 14:46:57.565
CRC-Response  - 17,11,F000,38*bcd2 * 22-01-2025 14:46:57.679
Command * READ TEMPERATURE - #18,11*2941
 * 22-01-2025 14:47:02.743
CRC-Response  - 18,11,F000,38*a8c6 * 22-01-2025 14:47:02.857
Command * READ TEMPERATURE - #19,11*d540
 * 22-01-2025 14:47:07.912
CRC-Response  - 19,11,F000,38*6b3b * 22-01-2025 14:47:08.26
Command * READ TEMPERATURE - #20,11*4907
 * 22-01-2025 14:47:13.82
CRC-Response  - 20,11,F000,39*74e3 * 22-01-2025 14:47:13.200
Command * READ TEMPERATURE - #21,11*b506
 * 22-01-2025 14:47:18.264
CRC-Response  - 21,11,F000,39*b71e * 22-01-2025 14:47:18.374
Command * READ TEMPERATURE - #22,11*f106
 * 22-01-2025 14:47:23.421
CRC-Response  - 22,11,F000,39*b31a * 22-01-2025 14:47:23.533
Command * READ TEMPERATURE - #23,11*0d07
 * 22-01-2025 14:47:28.592
CRC-Response  - 23,11,F000,38*b026 * 22-01-2025 14:47:28.706
Command * READ TEMPERATURE - #24,11*7906
 * 22-01-2025 14:47:33.755
CRC-Response  - 24,11,F000,39*bb12 * 22-01-2025 14:47:33.870
Command * READ TEMPERATURE - #25,11*8507
 * 22-01-2025 14:47:38.938
CRC-Response  - 25,11,F000,39*78ef * 22-01-2025 14:47:39.52
Command * Rack-1 Picked from J2 - #26,2,1,13934,800 ,0,0*1524
 * 22-01-2025 14:47:58.63
CRC-Response  - 26,2,I001,1*f47c * 22-01-2025 14:47:58.180
CRC-Response  - 26,2,F000,1*cb2d * 22-01-2025 14:48:04.706
Command * Rack-1 Placed in J3 - #27,3,1,17564,800 ,0,0*6047
 * 22-01-2025 14:48:05.282
CRC-Response  - 27,3,I001,1*fdec * 22-01-2025 14:48:05.403
CRC-Response  - 27,3,F000,1*c2bd * 22-01-2025 14:48:11.64
Command * HEATER DOOR OPEN - #28,8,1,1*2759
 * 22-01-2025 14:51:51.559
CRC-Response  - 28,8,I001*18fe * 22-01-2025 14:51:51.727
CRC-Response  - 28,8,F000*cc3c * 22-01-2025 14:51:52.3
Command * Rack-2 Picked from H2 - #29,2,1,2688,8700,0,1*0777
 * 22-01-2025 14:51:52.287
CRC-Response  - 29,2,I001,1*c44c * 22-01-2025 14:51:52.393
CRC-Response  - 29,2,F000,1*fb1d * 22-01-2025 14:51:59.327
Command * HEATER DOOR CLOSE - #30,8,1,0*ebd0
 * 22-01-2025 14:51:59.497
CRC-Response  - 30,8,I001*2ef2 * 22-01-2025 14:51:59.608
CRC-Response  - 30,8,F000*fa30 * 22-01-2025 14:51:59.949
Command * Rack-2 Placed in J1 - #31,3,1,10304,800,0,0*1dc4
 * 22-01-2025 14:52:00.159
CRC-Response  - 31,3,I001,1*1e08 * 22-01-2025 14:52:00.274
CRC-Response  - 31,3,F000,1*2159 * 22-01-2025 14:52:06.386
Command * Rack-1 Picked from J3 - #32,2,1,17564,800 ,0,0*18ca
 * 22-01-2025 14:53:12.717
CRC-Response  - 32,2,I001,1*dd39 * 22-01-2025 14:53:12.843
CRC-Response  - 32,2,F000,1*e268 * 22-01-2025 14:53:18.892
Command * Rack-1 Placed in J4 - #33,3,1,21194,800 ,0,0*2b6d
 * 22-01-2025 14:53:19.448
CRC-Response  - 33,3,I001,1*d4a9 * 22-01-2025 14:53:19.563
CRC-Response  - 33,3,F000,1*ebf8 * 22-01-2025 14:53:25.219
Command * Rack-1 Picked from J4 - #34,2,1,21194,800 ,0,0*6089
 * 22-01-2025 14:56:25.862
CRC-Response  - 34,2,I001,1*c2d9 * 22-01-2025 14:56:26.184
CRC-Response  - 34,2,F000,1*fd88 * 22-01-2025 14:56:31.112
Command * Rack-1 Placed in J5 - #35,3,1,24824,800 ,0,0*70d0
 * 22-01-2025 14:56:31.338
CRC-Response  - 35,3,I001,1*cb49 * 22-01-2025 14:56:31.453
CRC-Response  - 35,3,F000,1*f418 * 22-01-2025 14:56:37.108
Command * Rack-2 Picked from J1 - #36,2,1,10304,800,0,0*f920
 * 22-01-2025 14:57:07.139
CRC-Response  - 36,2,I001,1*0878 * 22-01-2025 14:57:07.354
CRC-Response  - 36,2,F000,1*3729 * 22-01-2025 14:57:14.133
Command * Rack-2 Placed in J2 - #37,3,1,13934,800 ,0,0*e958
 * 22-01-2025 14:57:14.461
CRC-Response  - 37,3,I001,1*01e8 * 22-01-2025 14:57:14.568
CRC-Response  - 37,3,F000,1*3eb9 * 22-01-2025 14:57:20.235
Command * Rack-1 Picked from J5 - #38,2,1,24824,800 ,0,0*90ac
 * 22-01-2025 14:59:37.758
CRC-Response  - 38,2,I001,1*fd19 * 22-01-2025 14:59:37.902
CRC-Response  - 38,2,F000,1*c248 * 22-01-2025 14:59:44.352
Command * Rack-1 Placed in J6 - #39,3,1,28454,800 ,0,0*15db
 * 22-01-2025 14:59:44.538
CRC-Response  - 39,3,I001,1*f489 * 22-01-2025 14:59:44.662
CRC-Response  - 39,3,F000,1*cbd8 * 22-01-2025 14:59:50.294
Command * HEATER DOOR OPEN - #40,8,1,1*cd50
 * 22-01-2025 15:00:20.716
CRC-Response  - 40,8,I001*1ed4 * 22-01-2025 15:00:20.915
CRC-Response  - 40,8,F000*ca16 * 22-01-2025 15:00:21.165
Command * Level Sensing For L1 - #41,4,17564,16380,0,0*7900
 * 22-01-2025 15:00:21.485
CRC-Response  - 41,4,I001*1e15 * 22-01-2025 15:00:21.597
CRC-Response  - 41,4,F000,297*53e3 * 22-01-2025 15:00:25.708
L1 Value - 297 * 22-01-2025 15:00:25.739
Command * Level Sensing For L2 - #42,4,13934,16380,0,0*395c
 * 22-01-2025 15:00:26.153
CRC-Response  - 42,4,I001*0b55 * 22-01-2025 15:00:26.269
CRC-Response  - 42,4,F000,298*53a7 * 22-01-2025 15:00:28.564
L2 Value - 298 * 22-01-2025 15:00:28.593
Command * Level Sensing For L3 - #43,4,10304,16380,0,0*c87e
 * 22-01-2025 15:00:28.833
CRC-Response  - 43,4,I001*c794 * 22-01-2025 15:00:28.951
CRC-Response  - 43,4,F000,286*c4da * 22-01-2025 15:00:31.239
L3 Value - 286 * 22-01-2025 15:00:31.275
Command * Home Command - #44,5,01111111*eb64
 * 22-01-2025 15:00:31.514
CRC-Response  - 44,5,I001,01111111*c5bd * 22-01-2025 15:00:31.625
CRC-Response  - 44,5,F000*2416 * 22-01-2025 15:00:42.664
Command * Home Command - #45,5,01111111*2899
 * 22-01-2025 15:00:45.200
CRC-Response  - 45,5,I001,01111111*55ec * 22-01-2025 15:00:45.306
CRC-Response  - 45,5,F000*e8d7 * 22-01-2025 15:00:45.308
Rack - 4Protocol Started * 22-01-2025 15:00:48.342
Command * Rack-4 Picked from L1 - #46,2,1,17564,16380,0,0*d72e
 * 22-01-2025 15:00:48.438
CRC-Response  - 46,2,I001,1*7c62 * 22-01-2025 15:00:48.559
CRC-Response  - 46,2,F000,1*4333 * 22-01-2025 15:00:59.231
Command * Rack-4 Placed in H1 - #47,3,1,2688,1000,0,1*b272
 * 22-01-2025 15:00:59.651
CRC-Response  - 47,3,I001,1*75f2 * 22-01-2025 15:00:59.760
CRC-Response  - 47,3,F000,1*4aa3 * 22-01-2025 15:01:06.694
Command * HEATER DOOR CLOSE - #48,8,1,0*cd18
 * 22-01-2025 15:01:06.863
CRC-Response  - 48,8,I001*b8d5 * 22-01-2025 15:01:06.969
CRC-Response  - 48,8,F000*6c17 * 22-01-2025 15:01:07.310
Command * READ TEMPERATURE - #49,11*d58c
 * 22-01-2025 15:01:07.521
CRC-Response  - 49,11,F000,38*6e37 * 22-01-2025 15:01:07.637
Command * READ TEMPERATURE - #50,11*89b2
 * 22-01-2025 15:01:12.687
CRC-Response  - 50,11,F000,38*f329 * 22-01-2025 15:01:12.805
Command * READ TEMPERATURE - #51,11*75b3
 * 22-01-2025 15:01:17.864
CRC-Response  - 51,11,F000,38*30d4 * 22-01-2025 15:01:17.977
Command * READ TEMPERATURE - #52,11*31b3
 * 22-01-2025 15:01:23.37
CRC-Response  - 52,11,F000,38*34d0 * 22-01-2025 15:01:23.152
Command * READ TEMPERATURE - #53,11*cdb2
 * 22-01-2025 15:01:28.214
CRC-Response  - 53,11,F000,38*f72d * 22-01-2025 15:01:28.328
Command * READ TEMPERATURE - #54,11*b9b3
 * 22-01-2025 15:01:33.377
CRC-Response  - 54,11,F000,38*3cd8 * 22-01-2025 15:01:33.490
Command * READ TEMPERATURE - #55,11*45b2
 * 22-01-2025 15:01:38.551
CRC-Response  - 55,11,F000,39*3fe4 * 22-01-2025 15:01:38.665
Command * READ TEMPERATURE - #56,11*01b2
 * 22-01-2025 15:01:43.724
CRC-Response  - 56,11,F000,39*3be0 * 22-01-2025 15:01:43.829
Command * READ TEMPERATURE - #57,11*fdb3
 * 22-01-2025 15:01:48.888
CRC-Response  - 57,11,F000,39*f81d * 22-01-2025 15:01:49.2
Command * READ TEMPERATURE - #58,11*e9b0
 * 22-01-2025 15:01:54.53
CRC-Response  - 58,11,F000,39*ec09 * 22-01-2025 15:01:54.169
Command * READ TEMPERATURE - #59,11*15b1
 * 22-01-2025 15:01:59.219
CRC-Response  - 59,11,F000,39*2ff4 * 22-01-2025 15:01:59.333
Command * Rack-2 Picked from J2 - #60,2,1,13934,800 ,0,0*f7e9
 * 22-01-2025 15:02:20.975
CRC-Response  - 60,2,I001,1*db89 * 22-01-2025 15:02:21.95
CRC-Response  - 60,2,F000,1*e4d8 * 22-01-2025 15:02:27.599
Command * Rack-2 Placed in J3 - #61,3,1,17564,800 ,0,0*828a
 * 22-01-2025 15:02:27.712
CRC-Response  - 61,3,I001,1*d219 * 22-01-2025 15:02:27.830
CRC-Response  - 61,3,F000,1*ed48 * 22-01-2025 15:02:33.485
Command * Rack-1 Picked from J6 - #62,2,1,28454,800 ,0,0*c67a
 * 22-01-2025 15:02:50.975
CRC-Response  - 62,2,I001,1*1128 * 22-01-2025 15:02:51.90
CRC-Response  - 62,2,F000,1*2e79 * 22-01-2025 15:02:57.565
Command * Rack-1 Placed in J7 - #63,3,1,32084,800 ,0,0*43c4
 * 22-01-2025 15:02:57.695
CRC-Response  - 63,3,I001,1*18b8 * 22-01-2025 15:02:57.812
CRC-Response  - 63,3,F000,1*27e9 * 22-01-2025 15:03:03.477
Command * Rack-1 Picked from J7 - #64,2,1,32084,800 ,0,0*0820
 * 22-01-2025 15:05:04.133
CRC-Response  - 64,2,I001,1*0ec8 * 22-01-2025 15:05:04.247
CRC-Response  - 64,2,F000,1*3199 * 22-01-2025 15:05:09.392
Command * Rack-1 Placed in J8 - #65,3,1,35714,800 ,0,0*359c
 * 22-01-2025 15:05:09.875
CRC-Response  - 65,3,I001,1*0758 * 22-01-2025 15:05:09.984
CRC-Response  - 65,3,F000,1*3809 * 22-01-2025 15:05:15.643
Command * HEATER DOOR OPEN - #66,8,1,1*14b7
 * 22-01-2025 15:06:10.737
CRC-Response  - 66,8,I001*544d * 22-01-2025 15:06:11.20
CRC-Response  - 66,8,F000*808f * 22-01-2025 15:06:11.190
Command * Rack-3 Picked from H3 - #67,2,1,2688,16380,0,1*492d
 * 22-01-2025 15:06:11.583
CRC-Response  - 67,2,I001,1*0138 * 22-01-2025 15:06:11.696
CRC-Response  - 67,2,F000,1*3e69 * 22-01-2025 15:06:20.662
Command * HEATER DOOR CLOSE - #68,8,1,0*1499
 * 22-01-2025 15:06:20.787
CRC-Response  - 68,8,I001*d8cc * 22-01-2025 15:06:20.895
CRC-Response  - 68,8,F000*0c0e * 22-01-2025 15:06:21.234
Command * Rack-3 Placed in J1 - #69,3,1,10304,800,0,0*29ea
 * 22-01-2025 15:06:21.463
CRC-Response  - 69,3,I001,1*3898 * 22-01-2025 15:06:21.576
CRC-Response  - 69,3,F000,1*07c9 * 22-01-2025 15:06:28.50
Command * Rack-1 Picked from J8 - #70,2,1,35714,800 ,0,0*4d11
 * 22-01-2025 15:07:16.296
CRC-Response  - 70,2,I001,1*278d * 22-01-2025 15:07:16.493
CRC-Response  - 70,2,F000,1*18dc * 22-01-2025 15:07:24.505
Command * Rack-1 Placed in U1 - #71,3,1,61124,16380,0,0*c6a8
 * 22-01-2025 15:07:25.132
CRC-Response  - 71,3,I001,1*2e1d * 22-01-2025 15:07:25.237
CRC-Response  - 71,3,F000,1*114c * 22-01-2025 15:07:33.358
11 Secconds Timer incrementes in Jar J3 for R2 as other racks are in high priority in tmr_r2_incub() * 22-01-2025 15:07:33.948
Rack - 1Protocol Ended * 22-01-2025 15:07:34.986
Command * Rack-2 Picked from J3 - #72,2,1,17564,800 ,0,0*9c8f
 * 22-01-2025 15:07:45.237
CRC-Response  - 72,2,I001,1*ed2c * 22-01-2025 15:07:45.356
CRC-Response  - 72,2,F000,1*d27d * 22-01-2025 15:07:55.490
Command * Rack-2 Placed in J4 - #73,3,1,21194,800 ,0,0*af28
 * 22-01-2025 15:07:55.959
CRC-Response  - 73,3,I001,1*e4bc * 22-01-2025 15:07:56.71
CRC-Response  - 73,3,F000,1*dbed * 22-01-2025 15:08:01.741
Command * Rack-2 Picked from J4 - #74,2,1,21194,800 ,0,0*e4cc
 * 22-01-2025 15:11:02.448
CRC-Response  - 74,2,I001,1*f2cc * 22-01-2025 15:11:02.602
CRC-Response  - 74,2,F000,1*cd9d * 22-01-2025 15:11:07.714
Command * Rack-2 Placed in J5 - #75,3,1,24824,800 ,0,0*f495
 * 22-01-2025 15:11:08.205
CRC-Response  - 75,3,I001,1*fb5c * 22-01-2025 15:11:08.316
CRC-Response  - 75,3,F000,1*c40d * 22-01-2025 15:11:13.987
Command * Rack-3 Picked from J1 - #76,2,1,10304,800,0,0*7dd1
 * 22-01-2025 15:11:28.445
CRC-Response  - 76,2,I001,1*386d * 22-01-2025 15:11:28.552
CRC-Response  - 76,2,F000,1*073c * 22-01-2025 15:11:35.448
Command * Rack-3 Placed in J2 - #77,3,1,13934,800 ,0,0*6d1d
 * 22-01-2025 15:11:35.670
CRC-Response  - 77,3,I001,1*31fd * 22-01-2025 15:11:35.781
CRC-Response  - 77,3,F000,1*0eac * 22-01-2025 15:11:41.452
Command * Rack-2 Picked from J5 - #78,2,1,24824,800 ,0,0*14e9
 * 22-01-2025 15:14:14.623
CRC-Response  - 78,2,I001,1*cd0c * 22-01-2025 15:14:14.837
CRC-Response  - 78,2,F000,1*f25d * 22-01-2025 15:14:21.205
Command * Rack-2 Placed in J6 - #79,3,1,28454,800 ,0,0*919e
 * 22-01-2025 15:14:21.454
CRC-Response  - 79,3,I001,1*c49c * 22-01-2025 15:14:21.565
CRC-Response  - 79,3,F000,1*fbcd * 22-01-2025 15:14:27.231
Command * HEATER DOOR OPEN - #80,8,1,1*9850
 * 22-01-2025 15:15:11.270
CRC-Response  - 80,8,I001*1e81 * 22-01-2025 15:15:11.521
CRC-Response  - 80,8,F000*ca43 * 22-01-2025 15:15:11.721
Rack - 5Protocol Started * 22-01-2025 15:15:12.540
Command * Rack-5 Picked from L2 - #81,2,1,13934,16380,0,0*318c
 * 22-01-2025 15:15:12.621
CRC-Response  - 81,2,I001,1*f6ec * 22-01-2025 15:15:12.726
CRC-Response  - 81,2,F000,1*c9bd * 22-01-2025 15:15:19.636
Command * Rack-5 Placed in H2 - #82,3,1,2688,8700,0,1*1918
 * 22-01-2025 15:15:19.819
CRC-Response  - 82,3,I001,1*35dd * 22-01-2025 15:15:19.928
CRC-Response  - 82,3,F000,1*0a8c * 22-01-2025 15:15:26.467
Command * HEATER DOOR CLOSE - #83,8,1,0*58a2
 * 22-01-2025 15:15:27.37
CRC-Response  - 83,8,I001*0bc1 * 22-01-2025 15:15:27.152
CRC-Response  - 83,8,F000*df03 * 22-01-2025 15:15:27.493
Command * READ TEMPERATURE - #84,11*789e
 * 22-01-2025 15:15:27.700
CRC-Response  - 84,11,F000,39*b10a * 22-01-2025 15:15:27.824
Command * READ TEMPERATURE - #85,11*849f
 * 22-01-2025 15:15:32.891
CRC-Response  - 85,11,F000,39*72f7 * 22-01-2025 15:15:32.998
Command * READ TEMPERATURE - #86,11*c09f
 * 22-01-2025 15:15:38.50
CRC-Response  - 86,11,F000,39*76f3 * 22-01-2025 15:15:38.168
Command * READ TEMPERATURE - #87,11*3c9e
 * 22-01-2025 15:15:43.217
CRC-Response  - 87,11,F000,39*b50e * 22-01-2025 15:15:43.329
Command * READ TEMPERATURE - #88,11*289d
 * 22-01-2025 15:15:48.389
CRC-Response  - 88,11,F000,39*a11a * 22-01-2025 15:15:48.502
Command * READ TEMPERATURE - #89,11*d49c
 * 22-01-2025 15:15:53.566
CRC-Response  - 89,11,F000,39*62e7 * 22-01-2025 15:15:53.673
Command * READ TEMPERATURE - #90,11*88a2
 * 22-01-2025 15:15:58.721
CRC-Response  - 90,11,F000,39*fff9 * 22-01-2025 15:15:58.831
Command * READ TEMPERATURE - #91,11*74a3
 * 22-01-2025 15:16:03.892
CRC-Response  - 91,11,F000,39*3c04 * 22-01-2025 15:16:04.7
Command * READ TEMPERATURE - #92,11*30a3
 * 22-01-2025 15:16:09.66
CRC-Response  - 92,11,F000,39*3800 * 22-01-2025 15:16:09.177
Command * READ TEMPERATURE - #93,11*cca2
 * 22-01-2025 15:16:14.241
CRC-Response  - 93,11,F000,39*fbfd * 22-01-2025 15:16:14.351
Command * READ TEMPERATURE - #94,11*b8a3
 * 22-01-2025 15:16:19.424
CRC-Response  - 94,11,F000,39*3008 * 22-01-2025 15:16:19.530
Command * Rack-3 Picked from J2 - #95,2,1,13934,800 ,0,0*5dda
 * 22-01-2025 15:16:42.118
CRC-Response  - 95,2,I001,1*dfa9 * 22-01-2025 15:16:42.311
CRC-Response  - 95,2,F000,1*e0f8 * 22-01-2025 15:16:48.754
Command * Rack-3 Placed in J3 - #96,3,1,17564,800 ,0,0*cac0
 * 22-01-2025 15:16:48.908
CRC-Response  - 96,3,I001,1*1c98 * 22-01-2025 15:16:49.18
CRC-Response  - 96,3,F000,1*23c9 * 22-01-2025 15:16:54.693
Command * Rack-2 Picked from J6 - #97,2,1,28454,800 ,0,0*6c49
 * 22-01-2025 15:17:27.870
CRC-Response  - 97,2,I001,1*1508 * 22-01-2025 15:17:27.990
CRC-Response  - 97,2,F000,1*2a59 * 22-01-2025 15:17:34.472
Command * Rack-2 Placed in J7 - #98,3,1,32084,800 ,0,0*c69e
 * 22-01-2025 15:17:34.603
CRC-Response  - 98,3,I001,1*e9f9 * 22-01-2025 15:17:34.720
CRC-Response  - 98,3,F000,1*d6a8 * 22-01-2025 15:17:40.386
Command * Rack-2 Picked from J7 - #99,2,1,32084,800 ,0,0*ebf2
 * 22-01-2025 15:19:41.37
CRC-Response  - 99,2,I001,1*e069 * 22-01-2025 15:19:41.287
CRC-Response  - 99,2,F000,1*df38 * 22-01-2025 15:19:46.300
Command * Rack-2 Placed in J8 - #100,3,1,35714,800 ,0,0*cd95
 * 22-01-2025 15:19:46.911
CRC-Response  - 100,3,I001,1*fa89 * 22-01-2025 15:19:47.18
CRC-Response  - 100,3,F000,1*c5d8 * 22-01-2025 15:19:52.677
Command * HEATER DOOR OPEN - #101,8,1,1*9452
 * 22-01-2025 15:21:07.164
CRC-Response  - 101,8,I001*df0c * 22-01-2025 15:21:07.317
CRC-Response  - 101,8,F000*0bce * 22-01-2025 15:21:07.614
Command * Rack-4 Picked from H1 - #102,2,1,2688,1000,0,1*4804
 * 22-01-2025 15:21:07.887
CRC-Response  - 102,2,I001,1*fce9 * 22-01-2025 15:21:08.1
CRC-Response  - 102,2,F000,1*c3b8 * 22-01-2025 15:21:16.944
Command * HEATER DOOR CLOSE - #103,8,1,0*94b0
 * 22-01-2025 15:21:17.86
CRC-Response  - 103,8,I001*068d * 22-01-2025 15:21:17.206
CRC-Response  - 103,8,F000*d24f * 22-01-2025 15:21:17.532
Command * Rack-4 Placed in J1 - #104,3,1,10304,800,0,0*c056
 * 22-01-2025 15:21:17.767
CRC-Response  - 104,3,I001,1*2fc8 * 22-01-2025 15:21:17.886
CRC-Response  - 104,3,F000,1*1099 * 22-01-2025 15:21:23.986
Command * Rack-2 Picked from J8 - #105,2,1,35714,800 ,0,0*6408
 * 22-01-2025 15:21:53.354
CRC-Response  - 105,2,I001,1*2658 * 22-01-2025 15:21:53.468
15 Secconds Timer incrementes in Jar J3 for R3 as other racks picking by RA in tmr_r3_incub() * 22-01-2025 15:21:55.72
CRC-Response  - 105,2,F000,1*1909 * 22-01-2025 15:22:01.563
Command * Rack-2 Placed in U2 - #106,3,1,57494,16380,0,0*37cf
 * 22-01-2025 15:22:02.67
CRC-Response  - 106,3,I001,1*e569 * 22-01-2025 15:22:02.186
CRC-Response  - 106,3,F000,1*da38 * 22-01-2025 15:22:09.882
15 Secconds Timer incrementes in Jar J3 for R3 as other racks picking by RA in tmr_r3_incub() * 22-01-2025 15:22:10.75
R2Protocol End Time * 22-01-2025 15:22:11.447
Command * Rack-3 Picked from J3 - #107,2,1,17564,800 ,0,0*b596
 * 22-01-2025 15:22:25.343
CRC-Response  - 107,2,I001,1*ecf9 * 22-01-2025 15:22:25.451
CRC-Response  - 107,2,F000,1*d3a8 * 22-01-2025 15:22:35.193
Command * Rack-3 Placed in J4 - #108,3,1,21194,800 ,0,0*a958
 * 22-01-2025 15:22:35.561
CRC-Response  - 108,3,I001,1*1008 * 22-01-2025 15:22:35.673
CRC-Response  - 108,3,F000,1*2f59 * 22-01-2025 15:22:41.339
Command * Rack-3 Picked from J4 - #109,2,1,21194,800 ,0,0*8434
 * 22-01-2025 15:25:41.970
CRC-Response  - 109,2,I001,1*1998 * 22-01-2025 15:25:42.165
CRC-Response  - 109,2,F000,1*26c9 * 22-01-2025 15:25:47.232
Command * Rack-3 Placed in J5 - #110,3,1,24824,800 ,0,0*0c9c
 * 22-01-2025 15:25:47.792
CRC-Response  - 110,3,I001,1*068d * 22-01-2025 15:25:47.909
CRC-Response  - 110,3,F000,1*39dc * 22-01-2025 15:25:53.555
Command * Rack-4 Picked from J1 - #111,2,1,10304,800,0,0*4df6
 * 22-01-2025 15:26:24.711
CRC-Response  - 111,2,I001,1*0f1d * 22-01-2025 15:26:24.829
CRC-Response  - 111,2,F000,1*304c * 22-01-2025 15:26:31.706
Command * Rack-4 Placed in J2 - #112,3,1,13934,800 ,0,0*9514
 * 22-01-2025 15:26:31.937
CRC-Response  - 112,3,I001,1*cc2c * 22-01-2025 15:26:32.47
CRC-Response  - 112,3,F000,1*f37d * 22-01-2025 15:26:37.712
Command * Rack-3 Picked from J5 - #113,2,1,24824,800 ,0,0*c389
 * 22-01-2025 15:28:54.245
CRC-Response  - 113,2,I001,1*c5bc * 22-01-2025 15:28:54.504
CRC-Response  - 113,2,F000,1*faed * 22-01-2025 15:29:00.826
Command * Rack-3 Placed in J6 - #114,3,1,28454,800 ,0,0*2076
 * 22-01-2025 15:29:01.107
CRC-Response  - 114,3,I001,1*d3cc * 22-01-2025 15:29:01.213
CRC-Response  - 114,3,F000,1*ec9d * 22-01-2025 15:29:06.882
Command * HEATER DOOR OPEN - #115,8,1,1*98d6
 * 22-01-2025 15:29:31.509
CRC-Response  - 115,8,I001*bc00 * 22-01-2025 15:29:31.635
CRC-Response  - 115,8,F000*68c2 * 22-01-2025 15:29:31.963
Rack - 6Protocol Started * 22-01-2025 15:29:32.643
Command * Rack-6 Picked from L3 - #116,2,1,10304,16380,0,0*9837
 * 22-01-2025 15:29:32.942
CRC-Response  - 116,2,I001,1*d5ac * 22-01-2025 15:29:33.61
CRC-Response  - 116,2,F000,1*eafd * 22-01-2025 15:29:40.373
Command * Rack-6 Placed in H3 - #117,3,1,2688,16380,0,1*c9a9
 * 22-01-2025 15:29:40.868
CRC-Response  - 117,3,I001,1*dc3c * 22-01-2025 15:29:40.976
CRC-Response  - 117,3,F000,1*e36d * 22-01-2025 15:29:47.96
Command * HEATER DOOR CLOSE - #118,8,1,0*98cb
 * 22-01-2025 15:29:47.586
CRC-Response  - 118,8,I001*25c1 * 22-01-2025 15:29:47.699
CRC-Response  - 118,8,F000*f103 * 22-01-2025 15:29:48.40
Command * READ TEMPERATURE - #119,11*ef60
 * 22-01-2025 15:29:48.252
CRC-Response  - 119,11,F000,39*b062 * 22-01-2025 15:29:48.365
Command * READ TEMPERATURE - #120,11*7327
 * 22-01-2025 15:29:53.425
CRC-Response  - 120,11,F000,39*6f7b * 22-01-2025 15:29:53.542
Command * READ TEMPERATURE - #121,11*8f26
 * 22-01-2025 15:29:58.599
CRC-Response  - 121,11,F000,39*ac86 * 22-01-2025 15:29:58.713
Command * READ TEMPERATURE - #122,11*cb26
 * 22-01-2025 15:30:03.779
CRC-Response  - 122,11,F000,39*a882 * 22-01-2025 15:30:03.892
Command * READ TEMPERATURE - #123,11*3727
 * 22-01-2025 15:30:08.936
CRC-Response  - 123,11,F000,39*6b7f * 22-01-2025 15:30:09.49
Command * READ TEMPERATURE - #124,11*4326
 * 22-01-2025 15:30:14.93
CRC-Response  - 124,11,F000,39*a08a * 22-01-2025 15:30:14.207
Command * READ TEMPERATURE - #125,11*bf27
 * 22-01-2025 15:30:19.258
CRC-Response  - 125,11,F000,39*6377 * 22-01-2025 15:30:19.369
Command * READ TEMPERATURE - #126,11*fb27
 * 22-01-2025 15:30:24.431
CRC-Response  - 126,11,F000,39*6773 * 22-01-2025 15:30:24.546
Command * READ TEMPERATURE - #127,11*0726
 * 22-01-2025 15:30:29.665
CRC-Response  - 127,11,F000,40*924c * 22-01-2025 15:30:29.779
Command * READ TEMPERATURE - #128,11*1325
 * 22-01-2025 15:30:34.827
CRC-Response  - 128,11,F000,39*b09a * 22-01-2025 15:30:34.940
Command * READ TEMPERATURE - #129,11*ef24
 * 22-01-2025 15:30:40.6
CRC-Response  - 129,11,F000,40*45a5 * 22-01-2025 15:30:40.111
Command * READ TEMPERATURE - #130,11*b31a
 * 22-01-2025 15:30:45.168
CRC-Response  - 130,11,F000,40*d8bb * 22-01-2025 15:30:45.273
Command * READ TEMPERATURE - #131,11*4f1b
 * 22-01-2025 15:30:50.335
CRC-Response  - 131,11,F000,40*1b46 * 22-01-2025 15:30:50.450
Command * READ TEMPERATURE - #132,11*0b1b
 * 22-01-2025 15:30:55.502
CRC-Response  - 132,11,F000,40*1f42 * 22-01-2025 15:30:55.616
Command * READ TEMPERATURE - #133,11*f71a
 * 22-01-2025 15:31:00.678
CRC-Response  - 133,11,F000,40*dcbf * 22-01-2025 15:31:00.794
Command * READ TEMPERATURE - #134,11*831b
 * 22-01-2025 15:31:05.859
CRC-Response  - 134,11,F000,40*174a * 22-01-2025 15:31:05.970
Command * READ TEMPERATURE - #135,11*7f1a
 * 22-01-2025 15:31:11.29
CRC-Response  - 135,11,F000,40*d4b7 * 22-01-2025 15:31:11.144
Command * READ TEMPERATURE - #136,11*3b1a
 * 22-01-2025 15:31:16.207
CRC-Response  - 136,11,F000,40*d0b3 * 22-01-2025 15:31:16.321
Command * Rack-4 Picked from J2 - #137,2,1,13934,800 ,0,0*deaa
 * 22-01-2025 15:31:38.406
CRC-Response  - 137,2,I001,1*a8f6 * 22-01-2025 15:31:38.576
CRC-Response  - 137,2,F000,1*97a7 * 22-01-2025 15:31:45.54
Command * Rack-4 Placed in J3 - #138,3,1,17564,800 ,0,0*84a0
 * 22-01-2025 15:31:45.223
CRC-Response  - 138,3,I001,1*5407 * 22-01-2025 15:31:45.330
CRC-Response  - 138,3,F000,1*6b56 * 22-01-2025 15:31:51.6
Command * Rack-3 Picked from J6 - #139,2,1,28454,800 ,0,0*2229
 * 22-01-2025 15:32:07.527
CRC-Response  - 139,2,I001,1*5d97 * 22-01-2025 15:32:07.685
CRC-Response  - 139,2,F000,1*62c6 * 22-01-2025 15:32:14.112
Command * Rack-3 Placed in J7 - #140,3,1,32084,800 ,0,0*5900
 * 22-01-2025 15:32:14.301
CRC-Response  - 140,3,I001,1*ca9c * 22-01-2025 15:32:14.404
CRC-Response  - 140,3,F000,1*f5cd * 22-01-2025 15:32:20.82
Command * Rack-3 Picked from J7 - #141,2,1,32084,800 ,0,0*746c
 * 22-01-2025 15:34:21.723
CRC-Response  - 141,2,I001,1*c30c * 22-01-2025 15:34:21.855
CRC-Response  - 141,2,F000,1*fc5d * 22-01-2025 15:34:26.979
Command * Rack-3 Placed in J8 - #142,3,1,35714,800 ,0,0*aba9
 * 22-01-2025 15:34:27.449
CRC-Response  - 142,3,I001,1*003d * 22-01-2025 15:34:27.566
CRC-Response  - 142,3,F000,1*3f6c * 22-01-2025 15:34:33.225
Command * HEATER DOOR OPEN - #143,8,1,1*a770
 * 22-01-2025 15:35:27.272
CRC-Response  - 143,8,I001*c6bf * 22-01-2025 15:35:27.387
CRC-Response  - 143,8,F000*127d * 22-01-2025 15:35:27.726
Command * Rack-5 Picked from H2 - #144,2,1,2688,8700,0,1*eecb
 * 22-01-2025 15:35:27.941
CRC-Response  - 144,2,I001,1*d31c * 22-01-2025 15:35:28.52
CRC-Response  - 144,2,F000,1*ec4d * 22-01-2025 15:35:37.22
Command * HEATER DOOR CLOSE - #145,8,1,0*67d7
 * 22-01-2025 15:35:37.144
CRC-Response  - 145,8,I001*ec3f * 22-01-2025 15:35:37.255
CRC-Response  - 145,8,F000*38fd * 22-01-2025 15:35:37.599
Command * Rack-5 Placed in J1 - #146,3,1,10304,800,0,0*fcde
 * 22-01-2025 15:35:37.831
CRC-Response  - 146,3,I001,1*d57c * 22-01-2025 15:35:37.939
CRC-Response  - 146,3,F000,1*ea2d * 22-01-2025 15:35:44.63
Command * Rack-3 Picked from J8 - #147,2,1,35714,800 ,0,0*0234
 * 22-01-2025 15:36:33.915
CRC-Response  - 147,2,I001,1*dcec * 22-01-2025 15:36:34.50
CRC-Response  - 147,2,F000,1*e3bd * 22-01-2025 15:36:42.137
Command * Rack-3 Placed in U3 - #148,3,1,53864,16380,0,0*f665
 * 22-01-2025 15:36:42.711
CRC-Response  - 148,3,I001,1*201d * 22-01-2025 15:36:42.825
CRC-Response  - 148,3,F000,1*1f4c * 22-01-2025 15:36:50.131
Rack - 3Protocol End Time * 22-01-2025 15:36:51.565
Command * Rack-4 Picked from J3 - #149,2,1,17564,800 ,0,0*1eba
 * 22-01-2025 15:36:53.892
CRC-Response  - 149,2,I001,1*298d * 22-01-2025 15:36:54.6
CRC-Response  - 149,2,F000,1*16dc * 22-01-2025 15:37:03.346
Command * Rack-4 Placed in J4 - #150,3,1,21194,800 ,0,0*b5ec
 * 22-01-2025 15:37:03.628
CRC-Response  - 150,3,I001,1*3698 * 22-01-2025 15:37:03.748
CRC-Response  - 150,3,F000,1*09c9 * 22-01-2025 15:37:09.415
Command * Rack-4 Picked from J4 - #151,2,1,21194,800 ,0,0*9880
 * 22-01-2025 15:40:10.72
CRC-Response  - 151,2,I001,1*3f08 * 22-01-2025 15:40:10.268
CRC-Response  - 151,2,F000,1*0059 * 22-01-2025 15:40:15.326
Command * Rack-4 Placed in J5 - #152,3,1,24824,800 ,0,0*6aa0
 * 22-01-2025 15:40:15.857
CRC-Response  - 152,3,I001,1*fc39 * 22-01-2025 15:40:15.977
CRC-Response  - 152,3,F000,1*c368 * 22-01-2025 15:40:21.630
Command * Rack-5 Picked from J1 - #153,2,1,10304,800,0,0*717e
 * 22-01-2025 15:40:44.733
CRC-Response  - 153,2,I001,1*f5a9 * 22-01-2025 15:40:44.978
CRC-Response  - 153,2,F000,1*caf8 * 22-01-2025 15:40:51.721
Command * Rack-5 Placed in J2 - #154,3,1,13934,800 ,0,0*77d9
 * 22-01-2025 15:40:52.107
CRC-Response  - 154,3,I001,1*e3d9 * 22-01-2025 15:40:52.216
CRC-Response  - 154,3,F000,1*dc88 * 22-01-2025 15:40:57.885
Command * Rack-4 Picked from J5 - #155,2,1,24824,800 ,0,0*2144
 * 22-01-2025 15:43:22.308
CRC-Response  - 155,2,I001,1*ea49 * 22-01-2025 15:43:22.438
CRC-Response  - 155,2,F000,1*d518 * 22-01-2025 15:43:28.889
Command * Rack-4 Placed in J6 - #156,3,1,28454,800 ,0,0*464a
 * 22-01-2025 15:43:29.37
CRC-Response  - 156,3,I001,1*2978 * 22-01-2025 15:43:29.152
CRC-Response  - 156,3,F000,1*1629 * 22-01-2025 15:43:34.812
Command * HEATER DOOR OPEN - #157,8,1,1*abf4
 * 22-01-2025 15:43:57.861
CRC-Response  - 157,8,I001*a5b3 * 22-01-2025 15:43:58.115
CRC-Response  - 157,8,F000*7171 * 22-01-2025 15:43:58.317
Command * Level Sensing For L1 - #158,4,17564,16380,0,0*17f8
 * 22-01-2025 15:43:58.680
CRC-Response  - 158,4,I001*29f3 * 22-01-2025 15:43:58.794
CRC-Response  - 158,4,F000,2755*9fb5 * 22-01-2025 15:44:02.895
L1 Value - 2755 * 22-01-2025 15:44:02.917
Command * Level Sensing For L2 - #159,4,13934,16380,0,0*efdd
 * 22-01-2025 15:44:03.354
CRC-Response  - 159,4,I001*e532 * 22-01-2025 15:44:03.468
CRC-Response  - 159,4,F000,2755*1eb7 * 22-01-2025 15:44:05.755
L2 Value - 2755 * 22-01-2025 15:44:05.793
Command * Level Sensing For L3 - #160,4,10304,16380,0,0*4c59
 * 22-01-2025 15:44:06.33
CRC-Response  - 160,4,I001*7fe6 * 22-01-2025 15:44:06.141
CRC-Response  - 160,4,F000,2745*44a8 * 22-01-2025 15:44:08.443
L3 Value - 2745 * 22-01-2025 15:44:08.492
Command * Home Command - #161,5,01111111*bef7
 * 22-01-2025 15:44:08.844
CRC-Response  - 161,5,I001,01111111*1428 * 22-01-2025 15:44:08.953
CRC-Response  - 161,5,F000*b6e4 * 22-01-2025 15:44:19.974
Command * Home Command - #162,5,01111111*baf3
 * 22-01-2025 15:44:22.580
CRC-Response  - 162,5,I001,01111111*e4d8 * 22-01-2025 15:44:22.687
CRC-Response  - 162,5,F000*a3a4 * 22-01-2025 15:44:22.701
Command * HEATER DOOR OPEN - #163,8,1,1*7ef1
 * 22-01-2025 15:45:16.347
CRC-Response  - 163,8,I001*a6a6 * 22-01-2025 15:45:16.506
CRC-Response  - 163,8,F000*7264 * 22-01-2025 15:45:16.794
Command * Level Sensing For L1 - #164,4,17564,16380,0,0*75af
 * 22-01-2025 15:45:17.69
CRC-Response  - 164,4,I001*8ce7 * 22-01-2025 15:45:17.182
CRC-Response  - 164,4,F000,268*f235 * 22-01-2025 15:45:25.470
L1 Value - 268 * 22-01-2025 15:45:25.491
Command * Level Sensing For L2 - #165,4,13934,16380,0,0*8d8a
 * 22-01-2025 15:45:25.742
CRC-Response  - 165,4,I001*4026 * 22-01-2025 15:45:25.857
CRC-Response  - 165,4,F000,286*954d * 22-01-2025 15:45:28.148
L2 Value - 286 * 22-01-2025 15:45:28.171
Command * Level Sensing For L3 - #166,4,10304,16380,0,0*c4d1
 * 22-01-2025 15:45:28.421
CRC-Response  - 166,4,I001*5566 * 22-01-2025 15:45:28.534
CRC-Response  - 166,4,F000,257*c18c * 22-01-2025 15:45:30.817
L3 Value - 257 * 22-01-2025 15:45:30.858
Command * Home Command - #167,5,01111111*b6ff
 * 22-01-2025 15:45:31.96
CRC-Response  - 167,5,I001,01111111*b5cb * 22-01-2025 15:45:31.208
CRC-Response  - 167,5,F000*9c64 * 22-01-2025 15:45:42.254
Command * Home Command - #168,5,01111111*a2eb
 * 22-01-2025 15:45:44.804
CRC-Response  - 168,5,I001,01111111*46fe * 22-01-2025 15:45:44.914
CRC-Response  - 168,5,F000*dc24 * 22-01-2025 15:45:44.918
Rack - 7Protocol Started * 22-01-2025 15:45:47.940
Command * Rack-7 Picked from L1 - #169,2,1,17564,16380,0,0*88f9
 * 22-01-2025 15:45:48.25
CRC-Response  - 169,2,I001,1*9186 * 22-01-2025 15:45:48.141
15 Secconds Timer incrementes in Jar J2 for R5 as other racks picking by RA in tmr_r5_incub() * 22-01-2025 15:45:58.251
CRC-Response  - 169,2,F000,1*aed7 * 22-01-2025 15:45:58.808
Command * Rack-7 Placed in H1 - #170,3,1,2688,1000,0,1*d799
 * 22-01-2025 15:45:59.213
CRC-Response  - 170,3,I001,1*8e93 * 22-01-2025 15:45:59.320
CRC-Response  - 170,3,F000,1*b1c2 * 22-01-2025 15:46:06.271
Command * HEATER DOOR CLOSE - #171,8,1,0*b2d2
 * 22-01-2025 15:46:06.416
CRC-Response  - 171,8,I001*ef2a * 22-01-2025 15:46:06.535
CRC-Response  - 171,8,F000*3be8 * 22-01-2025 15:46:06.862
Command * READ TEMPERATURE - #172,11*cbea
 * 22-01-2025 15:46:07.79
CRC-Response  - 172,11,F000,37*690f * 22-01-2025 15:46:07.189
Command * READ TEMPERATURE - #173,11*37eb
 * 22-01-2025 15:46:12.266
CRC-Response  - 173,11,F000,38*aeb2 * 22-01-2025 15:46:12.376
Command * Rack-5 Picked from J2 - #174,2,1,13934,800 ,0,0*69ab
 * 22-01-2025 15:46:14.518
CRC-Response  - 174,2,I001,1*9713 * 22-01-2025 15:46:14.629
CRC-Response  - 174,2,F000,1*a842 * 22-01-2025 15:46:21.140
Command * Rack-5 Placed in J3 - #175,3,1,17564,800 ,0,0*1cc8
 * 22-01-2025 15:46:21.723
CRC-Response  - 175,3,I001,1*9e83 * 22-01-2025 15:46:21.836
CRC-Response  - 175,3,F000,1*a1d2 * 22-01-2025 15:46:27.501
Command * Rack-4 Picked from J6 - #176,2,1,28454,800 ,0,0*5838
 * 22-01-2025 15:46:35.470
CRC-Response  - 176,2,I001,1*5db2 * 22-01-2025 15:46:35.592
CRC-Response  - 176,2,F000,1*62e3 * 22-01-2025 15:46:42.60
Command * Rack-4 Placed in J7 - #177,3,1,32084,800 ,0,0*dd86
 * 22-01-2025 15:46:42.177
CRC-Response  - 177,3,I001,1*5422 * 22-01-2025 15:46:42.293
CRC-Response  - 177,3,F000,1*6b73 * 22-01-2025 15:46:47.948
Command * Rack-4 Picked from J7 - #178,2,1,32084,800 ,0,0*df83
 * 22-01-2025 15:48:49.595
CRC-Response  - 178,2,I001,1*a8d3 * 22-01-2025 15:48:49.831
CRC-Response  - 178,2,F000,1*9782 * 22-01-2025 15:48:54.846
Command * Rack-4 Placed in J8 - #179,3,1,35714,800 ,0,0*e23f
 * 22-01-2025 15:48:55.419
CRC-Response  - 179,3,I001,1*a143 * 22-01-2025 15:48:55.525
CRC-Response  - 179,3,F000,1*9e12 * 22-01-2025 15:49:01.183
Command * HEATER DOOR OPEN - #180,8,1,1*f243
 * 22-01-2025 15:49:47.886
CRC-Response  - 180,8,I001*d3aa * 22-01-2025 15:49:48.37
CRC-Response  - 180,8,F000*0768 * 22-01-2025 15:49:48.341
Command * Rack-6 Picked from H3 - #181,2,1,2688,16380,0,1*cae9
 * 22-01-2025 15:49:48.835
CRC-Response  - 181,2,I001,1*9333 * 22-01-2025 15:49:48.945
CRC-Response  - 181,2,F000,1*ac62 * 22-01-2025 15:49:57.913
Command * HEATER DOOR CLOSE - #182,8,1,0*f2a1
 * 22-01-2025 15:49:58.22
CRC-Response  - 182,8,I001*0a2b * 22-01-2025 15:49:58.127
CRC-Response  - 182,8,F000*dee9 * 22-01-2025 15:49:58.466
Command * Rack-7 Picked from H1 - #183,2,1,2688,1000,0,1*fdd8
 * 22-01-2025 15:49:58.678
CRC-Response  - 183,2,I001,1*5992 * 22-01-2025 15:49:58.792
CRC-Response  - 183,2,F000,1*66c3 * 22-01-2025 15:50:05.234
Command * Rack-7 Placed in J1 - #184,3,1,10304,800,0,0*89b7
 * 22-01-2025 15:50:05.373
CRC-Response  - 184,3,I001,1*4fe2 * 22-01-2025 15:50:05.483
CRC-Response  - 184,3,F000,1*70b3 * 22-01-2025 15:50:11.591
User Aborted / Stopped the application forcefully  * 22-01-2025 15:50:55.330
Command * HEATER OFF - #185,12,0*941c
 * 22-01-2025 15:50:58.450
CRC-Response  - 185,12,F000*55a1 * 22-01-2025 15:50:58.573
Command * WATER VALVE - 1 CONTROL OFF - #186,13,1,0*ae39
 * 22-01-2025 15:50:59.447
CRC-Response  - 186,13,F000*74b4 * 22-01-2025 15:50:59.563
Command * WATER VALVE - 2 CONTROL OFF - #187,13,2,0*6208
 * 22-01-2025 15:51:00.126
CRC-Response  - 187,13,F000*e4b9 * 22-01-2025 15:51:00.295
Command * WATER VALVE - 3 CONTROL OFF - #188,13,3,0*e219
 * 22-01-2025 15:51:00.848
CRC-Response  - 188,13,F000*14f8 * 22-01-2025 15:51:00.957
Command * WATER VALVE - 4 CONTROL OFF - #189,13,4,0*ef69
 * 22-01-2025 15:51:01.530
CRC-Response  - 189,13,F000*84f5 * 22-01-2025 15:51:01.649
Command * WATER VALVE - 5 CONTROL OFF - #190,13,5,0*d5f5
 * 22-01-2025 15:51:02.205
CRC-Response  - 190,13,F000*11ce * 22-01-2025 15:51:02.313
Command * WATER VALVE - 6 CONTROL OFF - #191,13,6,0*19c4
 * 22-01-2025 15:51:02.862
CRC-Response  - 191,13,F000*81c3 * 22-01-2025 15:51:02.975
