Command * SET TEMPERATURE - #0,10,32*870a
 * 04-03-2025 06:21:50.964
CRC-Response  - 0,10,F000*1ae9 * 04-03-2025 06:21:51.252
Command * HEATER ON - #1,12,1*dbe7
 * 04-03-2025 06:21:52.324
CRC-Response  - 1,12,F000*68e5 * 04-03-2025 06:21:52.532
Command * HEATER DOOR CLOSE - #2,8,1,0*21eb
 * 04-03-2025 06:21:53.410
CRC-Response  - 2,8,I001*fd79 * 04-03-2025 06:21:53.613
CRC-Response  - 2,8,F000*29bb * 04-03-2025 06:21:53.941
Command * READ TEMPERATURE - #3,11*ed1a
 * 04-03-2025 06:21:54.162
CRC-Response  - 3,11,F000,545*d48f * 04-03-2025 06:21:54.377
Command * WATER VALVE - 1 CONTROL OFF - #4,13,1,0*80ea
 * 04-03-2025 06:21:59.444
CRC-Response  - 4,13,F000*e9db * 04-03-2025 06:21:59.651
Command * WATER VALVE - 2 CONTROL OFF - #5,13,2,0*4cdb
 * 04-03-2025 06:22:00.202
CRC-Response  - 5,13,F000*79d6 * 04-03-2025 06:22:00.414
Command * WATER VALVE - 3 CONTROL OFF - #6,13,3,0*99ca
 * 04-03-2025 06:22:00.984
CRC-Response  - 6,13,F000*89c2 * 04-03-2025 06:22:01.196
Command * WATER VALVE - 4 CONTROL OFF - #7,13,4,0*94ba
 * 04-03-2025 06:22:01.738
CRC-Response  - 7,13,F000*19cf * 04-03-2025 06:22:01.956
Command * WATER VALVE - 5 CONTROL OFF - #8,13,5,0*14ab
 * 04-03-2025 06:22:02.527
CRC-Response  - 8,13,F000*e98e * 04-03-2025 06:22:02.737
Command * WATER VALVE - 6 CONTROL OFF - #9,13,6,0*d89a
 * 04-03-2025 06:22:03.290
CRC-Response  - 9,13,F000*7983 * 04-03-2025 06:22:03.504
Command * Home Command - #10,5,01111111*2199
 * 04-03-2025 06:22:04.56
CRC-Response  - 10,5,I001,01111111*c9ef * 04-03-2025 06:22:04.269
CRC-Response  - 10,5,F000*8728 * 04-03-2025 06:22:17.503
Command * Home Command - #11,5,01111111*e264
 * 04-03-2025 06:22:19.970
CRC-Response  - 11,5,I001,01111111*59be * 04-03-2025 06:22:20.177
CRC-Response  - 11,5,F000*4be9 * 04-03-2025 06:22:33.422
Command * Level Sensing For L1 - #12,4,17564,16380,0,0*6888
 * 04-03-2025 06:22:34.874
CRC-Response  - 12,4,I001*5b6a * 04-03-2025 06:22:35.90
CRC-Response  - 12,4,F000,855*914f * 04-03-2025 06:22:43.409
L1 Value - 500 * 04-03-2025 06:22:43.453
Command * Level Sensing For L2 - #13,4,13934,16380,0,0*90ad
 * 04-03-2025 06:22:43.680
CRC-Response  - 13,4,I001*97ab * 04-03-2025 06:22:43.887
CRC-Response  - 13,4,F000,842*00f2 * 04-03-2025 06:22:46.181
L2 Value - 500 * 04-03-2025 06:22:46.210
Command * Level Sensing For L3 - #14,4,10304,16380,0,0*e907
 * 04-03-2025 06:22:46.462
CRC-Response  - 14,4,I001*71ea * 04-03-2025 06:22:46.681
CRC-Response  - 14,4,F000,838*fc85 * 04-03-2025 06:22:48.974
L3 Value - 500 * 04-03-2025 06:22:49.2
Command * Home Command - #15,5,01111111*2d95
 * 04-03-2025 06:22:49.229
CRC-Response  - 15,5,I001,01111111*98fc * 04-03-2025 06:22:49.437
CRC-Response  - 15,5,F000*b8e8 * 04-03-2025 06:23:02.676
Command * Home Command - #16,5,01111111*2991
 * 04-03-2025 06:23:05.119
CRC-Response  - 16,5,I001,01111111*680c * 04-03-2025 06:23:05.326
CRC-Response  - 16,5,F000*ada8 * 04-03-2025 06:23:18.564
Rack - 1Protocol Started * 04-03-2025 06:23:20.493
Command * Rack-1 Picked from L1 - #17,2,1,17564,16380,0,0*39ab
 * 04-03-2025 06:23:20.618
CRC-Response  - 17,2,I001,1*7522 * 04-03-2025 06:23:20.836
CRC-Response  - 17,2,F000,1*4a73 * 04-03-2025 06:23:26.845
Command * Rack-1 Placed in H1 - #18,3,1,2688,1000,0,1*f2e9
 * 04-03-2025 06:23:27.453
CRC-Response  - 18,3,I001,1*89d3 * 04-03-2025 06:23:27.669
CRC-Response  - 18,3,F000,1*b682 * 04-03-2025 06:23:34.528
Command * HEATER DOOR CLOSE - #19,8,1,0*32c8
 * 04-03-2025 06:23:34.826
CRC-Response  - 19,8,I001*242b * 04-03-2025 06:23:35.42
CRC-Response  - 19,8,F000*f0e9 * 04-03-2025 06:23:35.373
Command * READ TEMPERATURE - #20,11*4907
 * 04-03-2025 06:23:35.585
CRC-Response  - 20,11,F000,545*0f11 * 04-03-2025 06:23:35.791
Command * HEATER DOOR OPEN - #21,8,1,1*27c0
 * 04-03-2025 06:29:39.444
CRC-Response  - 21,8,I001*723e * 04-03-2025 06:29:39.659
CRC-Response  - 21,8,F000*a6fc * 04-03-2025 06:29:39.998
Rack - 2Protocol Started * 04-03-2025 06:29:40.667
Command * Rack-2 Picked from L2 - #22,2,1,13934,16380,0,0*7d95
 * 04-03-2025 06:29:40.757
CRC-Response  - 22,2,I001,1*213d * 04-03-2025 06:29:40.966
CRC-Response  - 22,2,F000,1*1e6c * 04-03-2025 06:29:47.458
Command * Rack-2 Placed in H2 - #23,3,1,2688,8700,0,1*4ebd
 * 04-03-2025 06:29:47.600
CRC-Response  - 23,3,I001,1*28ad * 04-03-2025 06:29:47.799
CRC-Response  - 23,3,F000,1*17fc * 04-03-2025 06:29:54.255
Command * HEATER DOOR CLOSE - #24,8,1,0*e754
 * 04-03-2025 06:29:54.379
CRC-Response  - 24,8,I001*4dfe * 04-03-2025 06:29:54.595
CRC-Response  - 24,8,F000*993c * 04-03-2025 06:29:54.934
Command * READ TEMPERATURE - #25,11*8507
 * 04-03-2025 06:29:55.144
CRC-Response  - 25,11,F000,545*0a1d * 04-03-2025 06:29:55.355
Command * HEATER DOOR OPEN - #26,8,1,1*e7b6
 * 04-03-2025 06:33:34.977
CRC-Response  - 26,8,I001*947f * 04-03-2025 06:33:35.209
CRC-Response  - 26,8,F000*40bd * 04-03-2025 06:33:35.546
Command * Rack-1 Picked from H1 - #27,2,1,2688,1000,0,1*44ab
 * 04-03-2025 06:33:35.757
CRC-Response  - 27,2,I001,1*312d * 04-03-2025 06:33:35.974
CRC-Response  - 27,2,F000,1*0e7c * 04-03-2025 06:33:41.750
Command * HEATER DOOR CLOSE - #28,8,1,0*e798
 * 04-03-2025 06:33:42.45
CRC-Response  - 28,8,I001*18fe * 04-03-2025 06:33:42.260
CRC-Response  - 28,8,F000*cc3c * 04-03-2025 06:33:42.588
Command * Rack-1 Placed in J1 - #29,3,1,10304,800,0,0*ad1b
 * 04-03-2025 06:33:42.829
CRC-Response  - 29,3,I001,1*088d * 04-03-2025 06:33:43.46
CRC-Response  - 29,3,F000,1*37dc * 04-03-2025 06:33:49.94
Command * Rack-1 Picked from J1 - #30,2,1,10304,800,0,0*71a8
 * 04-03-2025 06:35:50.627
CRC-Response  - 30,2,I001,1*1798 * 04-03-2025 06:35:50.916
CRC-Response  - 30,2,F000,1*28c9 * 04-03-2025 06:35:55.911
Command * Rack-1 Placed in J2 - #31,3,1,13934,800 ,0,0*8fd0
 * 04-03-2025 06:35:56.510
CRC-Response  - 31,3,I001,1*1e08 * 04-03-2025 06:35:56.721
CRC-Response  - 31,3,F000,1*2159 * 04-03-2025 06:36:02.331
Command * HEATER DOOR OPEN - #32,8,1,1*eb32
 * 04-03-2025 06:36:09.967
CRC-Response  - 32,8,I001*f773 * 04-03-2025 06:36:10.182
CRC-Response  - 32,8,F000*23b1 * 04-03-2025 06:36:10.510
Rack - R3Protocol Started * 04-03-2025 06:36:11.193
Command * Rack-3 Picked from L3 - #33,2,1,10304,16380,0,0*6d4a
 * 04-03-2025 06:36:11.296
CRC-Response  - 33,2,I001,1*1868 * 04-03-2025 06:36:11.503
CRC-Response  - 33,2,F000,1*2739 * 04-03-2025 06:36:17.911
Command * Rack-3 Placed in H3 - #34,3,1,2688,16380,0,1*d36d
 * 04-03-2025 06:36:18.109
CRC-Response  - 34,3,I001,1*0e18 * 04-03-2025 06:36:18.329
CRC-Response  - 34,3,F000,1*3149 * 04-03-2025 06:36:24.378
Command * HEATER DOOR CLOSE - #35,8,1,0*eb85
 * 04-03-2025 06:36:24.931
CRC-Response  - 35,8,I001*1132 * 04-03-2025 06:36:25.141
CRC-Response  - 35,8,F000*c5f0 * 04-03-2025 06:36:25.482
Command * READ TEMPERATURE - #36,11*013a
 * 04-03-2025 06:36:25.695
CRC-Response  - 36,11,F000,545*0818 * 04-03-2025 06:36:25.908
Command * Rack-1 Picked from J2 - #37,2,1,13934,800 ,0,0*1509
 * 04-03-2025 06:38:03.808
CRC-Response  - 37,2,I001,1*cd29 * 04-03-2025 06:38:04.64
CRC-Response  - 37,2,F000,1*f278 * 04-03-2025 06:38:10.477
Command * Rack-1 Placed in J4 - #38,3,1,21194,800 ,0,0*51c8
 * 04-03-2025 06:38:10.660
CRC-Response  - 38,3,I001,1*31d8 * 04-03-2025 06:38:10.880
CRC-Response  - 38,3,F000,1*0e89 * 04-03-2025 06:38:16.883
Command * HEATER DOOR OPEN - #39,8,1,1*2b88
 * 04-03-2025 06:39:54.488
CRC-Response  - 39,8,I001*4432 * 04-03-2025 06:39:54.724
CRC-Response  - 39,8,F000*90f0 * 04-03-2025 06:40:04.911
11 Secconds Timer incrementes in Jar J4 for R1 as other racks picking by RA in tmr_r1_incub() * 04-03-2025 06:40:20.266
Command * Rack-2 Picked from H2 - #40,2,1,2688,8700,0,1*fc20
 * 04-03-2025 06:40:20.331
CRC-Response  - 40,2,I001,1*6382 * 04-03-2025 06:40:25.559
CRC-Response  - 40,2,F000,1*5cd3 * 04-03-2025 06:40:27.833
Command * HEATER DOOR CLOSE - #41,8,1,0*cd81
 * 04-03-2025 06:40:28.436
CRC-Response  - 41,8,I001*d215 * 04-03-2025 06:40:28.644
CRC-Response  - 41,8,F000*06d7 * 04-03-2025 06:40:28.987
Command * Rack-2 Placed in J1 - #42,3,1,10304,800,0,0*ee35
 * 04-03-2025 06:40:29.201
CRC-Response  - 42,3,I001,1*65e2 * 04-03-2025 06:40:29.408
11 Secconds Timer incrementes in Jar J4 for R1 as other racks picking by RA in tmr_r1_incub() * 04-03-2025 06:40:29.410
CRC-Response  - 42,3,F000,1*5ab3 * 04-03-2025 06:40:35.474
Command * Rack-1 Picked from J4 - #43,2,1,21194,800 ,0,0*604a
 * 04-03-2025 06:40:39.476
CRC-Response  - 43,2,I001,1*6c72 * 04-03-2025 06:40:39.680
CRC-Response  - 43,2,F000,1*5323 * 04-03-2025 06:40:46.114
Command * Rack-1 Placed in J5 - #44,3,1,24824,800 ,0,0*169b
 * 04-03-2025 06:40:46.263
CRC-Response  - 44,3,I001,1*7a02 * 04-03-2025 06:40:46.472
CRC-Response  - 44,3,F000,1*4553 * 04-03-2025 06:40:52.81
Command * Rack-2 Picked from J1 - #45,2,1,10304,800,0,0*0ad1
 * 04-03-2025 06:42:36.44
CRC-Response  - 45,2,I001,1*7392 * 04-03-2025 06:42:36.302
CRC-Response  - 45,2,F000,1*4cc3 * 04-03-2025 06:42:43.103
Command * Rack-2 Placed in J2 - #46,3,1,13934,800 ,0,0*8f13
 * 04-03-2025 06:42:43.399
CRC-Response  - 46,3,I001,1*b0a3 * 04-03-2025 06:42:43.618
CRC-Response  - 46,3,F000,1*8ff2 * 04-03-2025 06:42:49.218
Command * Rack-1 Picked from J5 - #47,2,1,24824,800 ,0,0*d98e
 * 04-03-2025 06:42:52.557
CRC-Response  - 47,2,I001,1*b933 * 04-03-2025 06:42:52.764
CRC-Response  - 47,2,F000,1*8662 * 04-03-2025 06:42:59.198
Command * Rack-1 Placed in J6 - #48,3,1,28454,800 ,0,0*7390
 * 04-03-2025 06:42:59.391
CRC-Response  - 48,3,I001,1*45c2 * 04-03-2025 06:42:59.601
CRC-Response  - 48,3,F000,1*7a93 * 04-03-2025 06:43:05.207
Command * HEATER DOOR OPEN - #49,8,1,1*cdc9
 * 04-03-2025 06:43:11.507
CRC-Response  - 49,8,I001*7414 * 04-03-2025 06:43:11.712
CRC-Response  - 49,8,F000*a0d6 * 04-03-2025 06:43:12.57
Command * Level Sensing For L1 - #50,4,17564,16380,0,0*5400
 * 04-03-2025 06:43:12.269
CRC-Response  - 50,4,I001*42d9 * 04-03-2025 06:43:12.479
CRC-Response  - 50,4,F000,861*e1b9 * 04-03-2025 06:43:16.567
L1 Value - 500 * 04-03-2025 06:43:16.595
Command * Level Sensing For L2 - #51,4,13934,16380,0,0*ac25
 * 04-03-2025 06:43:17.30
CRC-Response  - 51,4,I001*8e18 * 04-03-2025 06:43:17.239
CRC-Response  - 51,4,F000,860*e285 * 04-03-2025 06:43:19.528
L2 Value - 500 * 04-03-2025 06:43:19.557
Command * Level Sensing For L3 - #52,4,10304,16380,0,0*e57e
 * 04-03-2025 06:43:19.786
CRC-Response  - 52,4,I001*9b58 * 04-03-2025 06:43:19.995
CRC-Response  - 52,4,F000,859*1041 * 04-03-2025 06:43:22.290
L3 Value - 500 * 04-03-2025 06:43:22.319
Command * Home Command - #53,5,01111111*a193
 * 04-03-2025 06:43:22.539
CRC-Response  - 53,5,I001,01111111*085e * 04-03-2025 06:43:22.758
CRC-Response  - 53,5,F000*525a * 04-03-2025 06:43:36.3
Command * Home Command - #54,5,01111111*6a66
 * 04-03-2025 06:43:38.364
CRC-Response  - 54,5,I001,01111111*39ec * 04-03-2025 06:43:38.575
CRC-Response  - 54,5,F000*b41b * 04-03-2025 06:43:51.835
Rack - 4Protocol Started * 04-03-2025 06:43:53.614
Command * Rack-4 Picked from L1 - #55,2,1,17564,16380,0,0*28cd
 * 04-03-2025 06:43:53.739
CRC-Response  - 55,2,I001,1*8f96 * 04-03-2025 06:43:53.957
CRC-Response  - 55,2,F000,1*b0c7 * 04-03-2025 06:43:59.966
Command * Rack-4 Placed in H1 - #56,3,1,2688,1000,0,1*9f72
 * 04-03-2025 06:44:00.574
CRC-Response  - 56,3,I001,1*4ca7 * 04-03-2025 06:44:00.790
CRC-Response  - 56,3,F000,1*73f6 * 04-03-2025 06:44:07.660
Command * HEATER DOOR CLOSE - #57,8,1,0*0126
 * 04-03-2025 06:44:07.887
CRC-Response  - 57,8,I001*6898 * 04-03-2025 06:44:08.96
CRC-Response  - 57,8,F000*bc5a * 04-03-2025 06:44:08.440
Command * READ TEMPERATURE - #58,11*e9b0
 * 04-03-2025 06:44:08.649
CRC-Response  - 58,11,F000,545*8008 * 04-03-2025 06:44:08.859
Command * WATER VALVE - 1 CONTROL ON - #59,13,1,1*73cb
 * 04-03-2025 06:44:47.688
CRC-Response  - 59,13,F000*61e9 * 04-03-2025 06:44:47.902
Command * Rack-2 Picked from J2 - #60,2,1,13934,800 ,0,0*f7e9
 * 04-03-2025 06:44:49.748
CRC-Response  - 60,2,I001,1*db89 * 04-03-2025 06:44:49.958
CRC-Response  - 60,2,F000,1*e4d8 * 04-03-2025 06:44:56.426
Command * Rack-2 Placed in J4 - #61,3,1,21194,800 ,0,0*9c41
 * 04-03-2025 06:44:56.558
CRC-Response  - 61,3,I001,1*d219 * 04-03-2025 06:44:56.770
CRC-Response  - 61,3,F000,1*ed48 * 04-03-2025 06:45:02.781
Command * Rack-1 Picked from J6 - #62,2,1,28454,800 ,0,0*c67a
 * 04-03-2025 06:45:05.702
CRC-Response  - 62,2,I001,1*1128 * 04-03-2025 06:45:05.912
CRC-Response  - 62,2,F000,1*2e79 * 04-03-2025 06:45:11.930
Command * Rack-1 Placed in W1 - #63,3,1,42974,800 ,0,0*8cee
 * 04-03-2025 06:45:12.509
CRC-Response  - 63,3,I001,1*18b8 * 04-03-2025 06:45:12.728
CRC-Response  - 63,3,F000,1*27e9 * 04-03-2025 06:45:19.558
Command * HEATER DOOR OPEN - #64,8,1,1*d494
 * 04-03-2025 06:46:25.116
CRC-Response  - 64,8,I001*8dcc * 04-03-2025 06:46:25.330
CRC-Response  - 64,8,F000*590e * 04-03-2025 06:46:25.709
Command * Rack-3 Picked from H3 - #65,2,1,2688,16380,0,1*ab54
 * 04-03-2025 06:46:25.889
CRC-Response  - 65,2,I001,1*cb99 * 04-03-2025 06:46:26.106
CRC-Response  - 65,2,F000,1*f4c8 * 04-03-2025 06:46:35.834
Command * HEATER DOOR CLOSE - #66,8,1,0*d476
 * 04-03-2025 06:46:36.194
CRC-Response  - 66,8,I001*544d * 04-03-2025 06:46:36.406
CRC-Response  - 66,8,F000*808f * 04-03-2025 06:46:36.749
Command * Rack-3 Placed in J1 - #67,3,1,10304,800,0,0*c080
 * 04-03-2025 06:46:36.964
CRC-Response  - 67,3,I001,1*cdf9 * 04-03-2025 06:46:37.183
CRC-Response  - 67,3,F000,1*f2a8 * 04-03-2025 06:46:43.598
Command * Rack-2 Picked from J4 - #68,2,1,21194,800 ,0,0*f8cc
 * 04-03-2025 06:47:04.360
CRC-Response  - 68,2,I001,1*3108 * 04-03-2025 06:47:04.619
CRC-Response  - 68,2,F000,1*0e59 * 04-03-2025 06:47:11.8
Command * Rack-2 Placed in J5 - #69,3,1,24824,800 ,0,0*e895
 * 04-03-2025 06:47:11.187
CRC-Response  - 69,3,I001,1*3898 * 04-03-2025 06:47:11.395
CRC-Response  - 69,3,F000,1*07c9 * 04-03-2025 06:47:17.11
Command * WATER VALVE - 1 CONTROL OFF - #70,13,1,0*b9d3
 * 04-03-2025 06:47:20.791
CRC-Response  - 70,13,F000*fb22 * 04-03-2025 06:47:21.10
Command * Rack-1 Picked from W1 - #71,2,1,42974,800 ,0,0*43d6
 * 04-03-2025 06:47:21.81
CRC-Response  - 71,2,I001,1*e2dc * 04-03-2025 06:47:26.313
CRC-Response  - 71,2,F000,1*dd8d * 04-03-2025 06:47:28.542
Command * Rack-1 Placed in J8 - #72,3,1,35714,800 ,0,0*5339
 * 04-03-2025 06:47:28.676
CRC-Response  - 72,3,I001,1*21ed * 04-03-2025 06:47:28.882
CRC-Response  - 72,3,F000,1*1ebc * 04-03-2025 06:47:34.902
Command * Rack-3 Picked from J1 - #73,2,1,10304,800,0,0*b11d
 * 04-03-2025 06:48:43.801
CRC-Response  - 73,2,I001,1*287d * 04-03-2025 06:48:44.12
CRC-Response  - 73,2,F000,1*172c * 04-03-2025 06:48:52.102
Command * Rack-3 Placed in J2 - #74,3,1,13934,800 ,0,0*5e59
 * 04-03-2025 06:48:52.596
CRC-Response  - 74,3,I001,1*3e0d * 04-03-2025 06:48:52.815
CRC-Response  - 74,3,F000,1*015c * 04-03-2025 06:48:58.414
Command * Rack-2 Picked from J5 - #75,2,1,24824,800 ,0,0*08c4
 * 04-03-2025 06:49:57.260
CRC-Response  - 75,2,I001,1*379d * 04-03-2025 06:49:57.476
CRC-Response  - 75,2,F000,1*08cc * 04-03-2025 06:50:03.896
Command * Rack-2 Placed in J6 - #76,3,1,28454,800 ,0,0*6fca
 * 04-03-2025 06:50:04.53
CRC-Response  - 76,3,I001,1*f4ac * 04-03-2025 06:50:04.271
CRC-Response  - 76,3,F000,1*cbfd * 04-03-2025 06:50:09.876
Command * HEATER DOOR OPEN - #77,8,1,1*1866
 * 04-03-2025 06:50:12.445
CRC-Response  - 77,8,I001*0881 * 04-03-2025 06:50:12.660
CRC-Response  - 77,8,F000*dc43 * 04-03-2025 06:50:12.989
Rack - 5Protocol Started * 04-03-2025 06:50:13.674
Command * Rack-5 Picked from L2 - #78,2,1,13934,16380,0,0*e8aa
 * 04-03-2025 06:50:13.788
CRC-Response  - 78,2,I001,1*cd0c * 04-03-2025 06:50:13.998
CRC-Response  - 78,2,F000,1*f25d * 04-03-2025 06:50:20.830
Command * Rack-5 Placed in H2 - #79,3,1,2688,8700,0,1*c2ea
 * 04-03-2025 06:50:21.109
CRC-Response  - 79,3,I001,1*c49c * 04-03-2025 06:50:21.324
CRC-Response  - 79,3,F000,1*fbcd * 04-03-2025 06:50:27.794
Command * HEATER DOOR CLOSE - #80,8,1,0*5891
 * 04-03-2025 06:50:27.924
CRC-Response  - 80,8,I001*1e81 * 04-03-2025 06:50:28.137
CRC-Response  - 80,8,F000*ca43 * 04-03-2025 06:50:28.464
Command * READ TEMPERATURE - #81,11*b49e
 * 04-03-2025 06:50:28.704
CRC-Response  - 81,11,F000,545*8419 * 04-03-2025 06:50:28.913
Command * WATER VALVE - 2 CONTROL ON - #82,13,2,1*5022
 * 04-03-2025 06:50:29.496
CRC-Response  - 82,13,F000*ab0b * 04-03-2025 06:50:29.705
Command * Rack-1 Picked from J8 - #83,2,1,35714,800 ,0,0*81aa
 * 04-03-2025 06:50:35.491
CRC-Response  - 83,2,I001,1*3c4d * 04-03-2025 06:50:35.700
CRC-Response  - 83,2,F000,1*031c * 04-03-2025 06:50:44.637
Command * Rack-1 Placed in W2 - #84,3,1,46604,800 ,0,0*f1b4
 * 04-03-2025 06:50:44.812
CRC-Response  - 84,3,I001,1*2a3d * 04-03-2025 06:50:45.28
CRC-Response  - 84,3,F000,1*156c * 04-03-2025 06:50:51.449
Command * Rack-3 Picked from J2 - #85,2,1,13934,800 ,0,0*8cca
 * 04-03-2025 06:50:58.945
CRC-Response  - 85,2,I001,1*23ad * 04-03-2025 06:50:59.165
CRC-Response  - 85,2,F000,1*1cfc * 04-03-2025 06:51:08.39
Command * Rack-3 Placed in J4 - #86,3,1,21194,800 ,0,0*051b
 * 04-03-2025 06:51:08.265
CRC-Response  - 86,3,I001,1*e09c * 04-03-2025 06:51:08.476
CRC-Response  - 86,3,F000,1*dfcd * 04-03-2025 06:51:14.495
Command * WATER VALVE - 2 CONTROL OFF - #87,13,2,0*af23
 * 04-03-2025 06:51:51.639
CRC-Response  - 87,13,F000*fb34 * 04-03-2025 06:51:51.846
Command * Rack-1 Picked from W2 - #88,2,1,46604,800 ,0,0*c0f5
 * 04-03-2025 06:51:51.902
CRC-Response  - 88,2,I001,1*d93c * 04-03-2025 06:51:57.129
CRC-Response  - 88,2,F000,1*e66d * 04-03-2025 06:52:00.183
Command * Rack-1 Placed in J9 - #89,3,1,39344,800 ,0,0*1992
 * 04-03-2025 06:52:00.499
CRC-Response  - 89,3,I001,1*d0ac * 04-03-2025 06:52:00.708
CRC-Response  - 89,3,F000,1*effd * 04-03-2025 06:52:06.726
Command * WATER VALVE - 1 CONTROL ON - #90,13,1,1*195e
 * 04-03-2025 06:52:07.403
CRC-Response  - 90,13,F000*0e43 * 04-03-2025 06:52:07.614
Command * Rack-2 Picked from J6 - #91,2,1,28454,800 ,0,0*0ac1
 * 04-03-2025 06:52:10.399
CRC-Response  - 91,2,I001,1*0ae8 * 04-03-2025 06:52:10.604
CRC-Response  - 91,2,F000,1*35b9 * 04-03-2025 06:52:17.33
Command * Rack-2 Placed in W1 - #92,3,1,42974,800 ,0,0*a22c
 * 04-03-2025 06:52:17.189
CRC-Response  - 92,3,I001,1*c9d9 * 04-03-2025 06:52:17.405
CRC-Response  - 92,3,F000,1*f688 * 04-03-2025 06:52:24.246
Command * WATER VALVE - 2 CONTROL ON - #93,13,2,1*0cee
 * 04-03-2025 06:52:49.300
CRC-Response  - 93,13,F000*fe57 * 04-03-2025 06:52:49.523
Command * Rack-1 Picked from J9 - #94,2,1,39344,800 ,0,0*28fe
 * 04-03-2025 06:53:07.316
CRC-Response  - 94,2,I001,1*1af8 * 04-03-2025 06:53:07.522
CRC-Response  - 94,2,F000,1*25a9 * 04-03-2025 06:53:13.126
Command * Rack-1 Placed in W2 - #95,3,1,46604,800 ,0,0*f199
 * 04-03-2025 06:53:13.618
CRC-Response  - 95,3,I001,1*1368 * 04-03-2025 06:53:13.838
11 Secconds Timer incrementes in Jar J4 for R3 as other racks picking by RA in tmr_r3_incub() * 04-03-2025 06:53:15.36
CRC-Response  - 95,3,F000,1*2c39 * 04-03-2025 06:53:19.853
Command * Rack-3 Picked from J4 - #96,2,1,21194,800 ,0,0*285a
 * 04-03-2025 06:53:26.84
CRC-Response  - 96,2,I001,1*d059 * 04-03-2025 06:53:26.294
CRC-Response  - 96,2,F000,1*ef08 * 04-03-2025 06:53:34.358
Command * Rack-3 Placed in J5 - #97,3,1,24824,800 ,0,0*3803
 * 04-03-2025 06:53:34.911
CRC-Response  - 97,3,I001,1*d9c9 * 04-03-2025 06:53:35.121
CRC-Response  - 97,3,F000,1*e698 * 04-03-2025 06:53:40.732
Command * HEATER DOOR OPEN - #98,8,1,1*9418
 * 04-03-2025 06:54:08.35
CRC-Response  - 98,8,I001*288d * 04-03-2025 06:54:08.289
CRC-Response  - 98,8,F000*fc4f * 04-03-2025 06:54:08.585
Command * Rack-4 Picked from H1 - #99,2,1,2688,1000,0,1*d764
 * 04-03-2025 06:54:08.843
CRC-Response  - 99,2,I001,1*e069 * 04-03-2025 06:54:09.58
CRC-Response  - 99,2,F000,1*df38 * 04-03-2025 06:54:16.756
Command * HEATER DOOR CLOSE - #100,8,1,0*9483
 * 04-03-2025 06:54:17.151
CRC-Response  - 100,8,I001*13cd * 04-03-2025 06:54:17.362
CRC-Response  - 100,8,F000*c70f * 04-03-2025 06:54:17.704
Command * Rack-4 Placed in J1 - #101,3,1,10304,800,0,0*0c9a
 * 04-03-2025 06:54:17.914
CRC-Response  - 101,3,I001,1*3fd8 * 04-03-2025 06:54:18.131
11 Secconds Timer incrementes in Jar W2 for R1 as other racks picking by RA in tmr_r1_incub() * 04-03-2025 06:54:20.373
CRC-Response  - 101,3,F000,1*0089 * 04-03-2025 06:54:24.182
11 Secconds Timer incrementes in Jar W1 for R2 as other racks picking by RA in tmr_r2_incub() * 04-03-2025 06:54:24.436
Rack R1delayed by 18 seconds due to Higher priority rack detected in Jar W2 in tmr_r1_incub() function * 04-03-2025 06:54:31.377
Command * WATER VALVE - 2 CONTROL OFF - #102,13,2,0*9daf
 * 04-03-2025 06:54:32.431
CRC-Response  - 102,13,F000*5e07 * 04-03-2025 06:54:32.647
Command * Rack-1 Picked from W2 - #103,2,1,46604,800 ,0,0*397a
 * 04-03-2025 06:54:32.715
11 Secconds Timer incrementes in Jar W1 for R2 as other racks picking by RA in tmr_r2_incub() * 04-03-2025 06:54:37.732
CRC-Response  - 103,2,I001,1*39b8 * 04-03-2025 06:54:37.944
CRC-Response  - 103,2,F000,1*06e9 * 04-03-2025 06:54:42.215
Command * Rack-1 Placed in J18 - #104,3,1,39344,8590,0,0*dc01
 * 04-03-2025 06:54:42.832
CRC-Response  - 104,3,I001,1*2fc8 * 04-03-2025 06:54:43.40
11 Secconds Timer incrementes in Jar W1 for R2 as other racks picking by RA in tmr_r2_incub() * 04-03-2025 06:54:46.731
CRC-Response  - 104,3,F000,1*1099 * 04-03-2025 06:54:49.62
Command * WATER VALVE - 1 CONTROL OFF - #105,13,1,0*7b1e
 * 04-03-2025 06:54:57.785
CRC-Response  - 105,13,F000*6e21 * 04-03-2025 06:54:57.996
Command * Rack-2 Picked from W1 - #106,2,1,42974,800 ,0,0*88b6
 * 04-03-2025 06:54:58.77
CRC-Response  - 106,2,I001,1*29a8 * 04-03-2025 06:54:58.292
CRC-Response  - 106,2,F000,1*16f9 * 04-03-2025 06:55:04.69
Command * Rack-2 Placed in J8 - #107,3,1,35714,800 ,0,0*7a20
 * 04-03-2025 06:55:04.372
CRC-Response  - 107,3,I001,1*2038 * 04-03-2025 06:55:04.582
CRC-Response  - 107,3,F000,1*1f69 * 04-03-2025 06:55:10.606
Command * WATER VALVE - 6 CONTROL ON - #108,13,6,1*e3af
 * 04-03-2025 06:55:31.607
CRC-Response  - 108,13,F000*fe79 * 04-03-2025 06:55:31.816
Command * Rack-3 Picked from J5 - #109,2,1,24824,800 ,0,0*b901
 * 04-03-2025 06:55:41.410
CRC-Response  - 109,2,I001,1*1998 * 04-03-2025 06:55:41.639
CRC-Response  - 109,2,F000,1*26c9 * 04-03-2025 06:55:48.51
Command * Rack-3 Placed in J6 - #110,3,1,28454,800 ,0,0*a487
 * 04-03-2025 06:55:48.199
CRC-Response  - 110,3,I001,1*068d * 04-03-2025 06:55:48.410
11 Secconds Timer incrementes in Jar J18 for R1 as other racks picking by RA in tmr_r1_incub() * 04-03-2025 06:55:49.548
CRC-Response  - 110,3,F000,1*39dc * 04-03-2025 06:55:54.23
Command * Rack-1 Picked from J18 - #111,2,1,39344,8590,0,0*a48c
 * 04-03-2025 06:56:01.600
CRC-Response  - 111,2,I001,1*0f1d * 04-03-2025 06:56:01.825
CRC-Response  - 111,2,F000,1*304c * 04-03-2025 06:56:08.246
Command * Rack-1 Placed in W6 - #112,3,1,42974,8590,0,0*7b92
 * 04-03-2025 06:56:08.395
CRC-Response  - 112,3,I001,1*cc2c * 04-03-2025 06:56:08.604
CRC-Response  - 112,3,F000,1*f37d * 04-03-2025 06:56:14.217
Command * Rack-4 Picked from J1 - #113,2,1,10304,800,0,0*f58f
 * 04-03-2025 06:56:24.734
CRC-Response  - 113,2,I001,1*c5bc * 04-03-2025 06:56:24.944
CRC-Response  - 113,2,F000,1*faed * 04-03-2025 06:56:33.823
Command * Rack-4 Placed in J2 - #114,3,1,13934,800 ,0,0*f39c
 * 04-03-2025 06:56:34.27
CRC-Response  - 114,3,I001,1*d3cc * 04-03-2025 06:56:34.240
CRC-Response  - 114,3,F000,1*ec9d * 04-03-2025 06:56:39.849
Command * HEATER DOOR OPEN - #115,8,1,1*98d6
 * 04-03-2025 06:56:43.490
CRC-Response  - 115,8,I001*bc00 * 04-03-2025 06:56:43.695
CRC-Response  - 115,8,F000*68c2 * 04-03-2025 06:56:44.35
Rack - 6Protocol Started * 04-03-2025 06:56:44.699
Command * Rack-6 Picked from L3 - #116,2,1,10304,16380,0,0*9837
 * 04-03-2025 06:56:44.803
CRC-Response  - 116,2,I001,1*d5ac * 04-03-2025 06:56:45.10
CRC-Response  - 116,2,F000,1*eafd * 04-03-2025 06:56:51.434
Command * Rack-6 Placed in H3 - #117,3,1,2688,16380,0,1*c9a9
 * 04-03-2025 06:56:51.583
CRC-Response  - 117,3,I001,1*dc3c * 04-03-2025 06:56:51.792
CRC-Response  - 117,3,F000,1*e36d * 04-03-2025 06:56:57.850
Command * HEATER DOOR CLOSE - #118,8,1,0*98cb
 * 04-03-2025 06:56:58.383
CRC-Response  - 118,8,I001*25c1 * 04-03-2025 06:56:58.595
CRC-Response  - 118,8,F000*f103 * 04-03-2025 06:56:58.924
Command * READ TEMPERATURE - #119,11*ef60
 * 04-03-2025 06:56:59.151
CRC-Response  - 119,11,F000,545*6f15 * 04-03-2025 06:56:59.360
Command * WATER VALVE - 6 CONTROL OFF - #120,13,6,0*e576
 * 04-03-2025 06:57:15.685
CRC-Response  - 120,13,F000*f4bf * 04-03-2025 06:57:15.897
Command * Rack-1 Picked from W6 - #121,2,1,42974,8590,0,0*87b4
 * 04-03-2025 06:57:15.968
CRC-Response  - 121,2,I001,1*4b12 * 04-03-2025 06:57:21.205
CRC-Response  - 121,2,F000,1*7443 * 04-03-2025 06:57:25.926
Command * Rack-1 Placed in J19 - #122,3,1,35714,8590,0,0*975b
 * 04-03-2025 06:57:26.73
CRC-Response  - 122,3,I001,1*8823 * 04-03-2025 06:57:26.283
CRC-Response  - 122,3,F000,1*b772 * 04-03-2025 06:57:32.316
Command * WATER VALVE - 1 CONTROL ON - #123,13,1,1*f146
 * 04-03-2025 06:57:36.482
CRC-Response  - 123,13,F000*04ab * 04-03-2025 06:57:36.692
Command * WATER VALVE - 2 CONTROL ON - #124,13,2,1*17f7
 * 04-03-2025 06:57:53.176
CRC-Response  - 124,13,F000*348d * 04-03-2025 06:57:53.385
Command * Rack-3 Picked from J6 - #125,2,1,28454,800 ,0,0*3e29
 * 04-03-2025 06:57:54.486
CRC-Response  - 125,2,I001,1*9e53 * 04-03-2025 06:57:54.691
CRC-Response  - 125,2,F000,1*a102 * 04-03-2025 06:58:00.704
Command * Rack-3 Placed in W1 - #126,3,1,42974,800 ,0,0*96c4
 * 04-03-2025 06:58:01.282
CRC-Response  - 126,3,I001,1*5d62 * 04-03-2025 06:58:01.496
CRC-Response  - 126,3,F000,1*6233 * 04-03-2025 06:58:08.342
Command * Rack-2 Picked from J8 - #127,2,1,35714,800 ,0,0*6452
 * 04-03-2025 06:58:12.162
CRC-Response  - 127,2,I001,1*54f2 * 04-03-2025 06:58:12.368
CRC-Response  - 127,2,F000,1*6ba3 * 04-03-2025 06:58:18.398
Command * Rack-2 Placed in W2 - #128,3,1,46604,800 ,0,0*5dad
 * 04-03-2025 06:58:18.941
CRC-Response  - 128,3,I001,1*a803 * 04-03-2025 06:58:19.155
CRC-Response  - 128,3,F000,1*9752 * 04-03-2025 06:58:25.587
Command * Rack-1 Picked from J19 - #129,2,1,35714,8590,0,0*11af
 * 04-03-2025 06:58:33.870
CRC-Response  - 129,2,I001,1*a193 * 04-03-2025 06:58:34.83
CRC-Response  - 129,2,F000,1*9ec2 * 04-03-2025 06:58:40.514
Command * Rack-1 Placed in J20 - #130,3,1,32084,8590,0,0*b4e2
 * 04-03-2025 06:58:40.687
CRC-Response  - 130,3,I001,1*be86 * 04-03-2025 06:58:40.915
11 Secconds Timer incrementes in Jar J2 for R4 as other racks picking by RA in tmr_r4_incub() * 04-03-2025 06:58:41.250
CRC-Response  - 130,3,F000,1*81d7 * 04-03-2025 06:58:46.512
Command * Rack-4 Picked from J2 - #131,2,1,13934,800 ,0,0*b822
 * 04-03-2025 06:58:52.299
CRC-Response  - 131,2,I001,1*b716 * 04-03-2025 06:58:52.513
CRC-Response  - 131,2,F000,1*8847 * 04-03-2025 06:58:59.757
Command * Rack-4 Placed in J4 - #132,3,1,21194,800 ,0,0*31f3
 * 04-03-2025 06:59:00.106
CRC-Response  - 132,3,I001,1*7427 * 04-03-2025 06:59:00.316
CRC-Response  - 132,3,F000,1*4b76 * 04-03-2025 06:59:06.330
18 Secconds Timer incrementes in Jar W2 for R2 as previous racks are in Waiting in tmr_r2_incub() * 04-03-2025 06:59:25.736
11 Secconds Timer incrementes in Jar J20 for R1 as previous racks are in Waiting in tmr_r1_incub() * 04-03-2025 06:59:31.958
Command * Rack-1 Picked from J20 - #133,2,1,32084,8590,0,0*7bf7
 * 04-03-2025 06:59:43.32
CRC-Response  - 133,2,I001,1*7db7 * 04-03-2025 06:59:43.313
11 Secconds Timer incrementes in Jar W2 for R2 as other racks picking by RA in tmr_r2_incub() * 04-03-2025 06:59:43.733
CRC-Response  - 133,2,F000,1*42e6 * 04-03-2025 06:59:49.674
Command * Rack-1 Placed in J21 - #134,3,1,28454,8590,0,0*98c1
 * 04-03-2025 06:59:49.901
CRC-Response  - 134,3,I001,1*6bc7 * 04-03-2025 06:59:50.110
11 Secconds Timer incrementes in Jar W2 for R2 as other racks picking by RA in tmr_r2_incub() * 04-03-2025 06:59:54.733
CRC-Response  - 134,3,F000,1*5496 * 04-03-2025 06:59:55.724
Command * WATER VALVE - 2 CONTROL OFF - #135,13,2,0*8bfa
 * 04-03-2025 07:00:05.795
CRC-Response  - 135,13,F000*61d1 * 04-03-2025 07:00:06.4
Command * Rack-2 Picked from W2 - #136,2,1,46604,800 ,0,0*5f85
 * 04-03-2025 07:00:06.76
CRC-Response  - 136,2,I001,1*6da7 * 04-03-2025 07:00:06.284
11 Secconds Timer incrementes in Jar W1 for R3 as other racks picking by RA in tmr_r3_incub() * 04-03-2025 07:00:09.524
CRC-Response  - 136,2,F000,1*52f6 * 04-03-2025 07:00:13.536
Command * Rack-2 Placed in J9 - #137,3,1,39344,800 ,0,0*86e2
 * 04-03-2025 07:00:13.877
CRC-Response  - 137,3,I001,1*6437 * 04-03-2025 07:00:14.97
CRC-Response  - 137,3,F000,1*5b66 * 04-03-2025 07:00:20.116
11 Secconds Timer incrementes in Jar W1 for R3 as other racks picking by RA in tmr_r3_incub() * 04-03-2025 07:00:20.694
11 Secconds Timer incrementes in Jar H2 for R5 as previously excuted command is in process in tmr_r5_incub() * 04-03-2025 07:00:27.970
18 Secconds Timer incrementes in Jar W1 for R3 as previous racks are in Waiting in tmr_r3_incub() * 04-03-2025 07:00:30.693
11 Secconds Timer incrementes in Jar H2 for R5 as previously excuted command is in process in tmr_r5_incub() * 04-03-2025 07:00:38.979
Command * WATER VALVE - 1 CONTROL OFF - #138,13,1,0*12cb
 * 04-03-2025 07:00:48.742
CRC-Response  - 138,13,F000*f189 * 04-03-2025 07:00:48.951
Command * Rack-3 Picked from W1 - #139,2,1,42974,800 ,0,0*45d1
 * 04-03-2025 07:00:49.33
CRC-Response  - 139,2,I001,1*5d97 * 04-03-2025 07:00:49.248
11 Secconds Timer incrementes in Jar H2 for R5 as other racks picking by RA in tmr_r5_incub() * 04-03-2025 07:00:49.968
CRC-Response  - 139,2,F000,1*62c6 * 04-03-2025 07:00:54.867
Command * Rack-3 Placed in J8 - #140,3,1,35714,800 ,0,0*49d0
 * 04-03-2025 07:00:55.328
CRC-Response  - 140,3,I001,1*ca9c * 04-03-2025 07:00:55.543
11 Secconds Timer incrementes in Jar J21 for R1 as other racks picking by RA in tmr_r1_incub() * 04-03-2025 07:00:56.135
11 Secconds Timer incrementes in Jar H2 for R5 as other racks picking by RA in tmr_r5_incub() * 04-03-2025 07:01:00.966
CRC-Response  - 140,3,F000,1*f5cd * 04-03-2025 07:01:01.558
Command * WATER VALVE - 2 CONTROL ON - #141,13,2,1*881c
 * 04-03-2025 07:01:03.771
CRC-Response  - 141,13,F000*7b52 * 04-03-2025 07:01:03.981
11 Secconds Timer incrementes in Jar J4 for R4 as previously excuted command is in process in tmr_r4_incub() * 04-03-2025 07:01:07.839
11 Secconds Timer incrementes in Jar J21 for R1 as previous racks are in Waiting in tmr_r1_incub() * 04-03-2025 07:01:08.136
Command * HEATER DOOR OPEN - #142,8,1,1*6760
 * 04-03-2025 07:01:12.25
CRC-Response  - 142,8,I001*0a7e * 04-03-2025 07:01:12.235
CRC-Response  - 142,8,F000*debc * 04-03-2025 07:01:12.576
Command * Rack-5 Picked from H2 - #143,2,1,2688,8700,0,1*9a7e
 * 04-03-2025 07:01:13.48
CRC-Response  - 143,2,I001,1*09ad * 04-03-2025 07:01:13.261
11 Secconds Timer incrementes in Jar J4 for R4 as other racks picking by RA in tmr_r4_incub() * 04-03-2025 07:01:17.835
11 Secconds Timer incrementes in Jar J21 for R1 as other racks picking by RA in tmr_r1_incub() * 04-03-2025 07:01:19.125
11 Secconds Timer incrementes in Jar J9 for R2 as other racks picking by RA in tmr_r2_incub() * 04-03-2025 07:01:21.718
CRC-Response  - 143,2,F000,1*36fc * 04-03-2025 07:01:22.184
Command * HEATER DOOR CLOSE - #144,8,1,0*a7c7
 * 04-03-2025 07:01:22.351
CRC-Response  - 144,8,I001*20fe * 04-03-2025 07:01:22.572
CRC-Response  - 144,8,F000*f43c * 04-03-2025 07:01:22.900
Command * Rack-5 Placed in J1 - #145,3,1,10304,800,0,0*b89a
 * 04-03-2025 07:01:23.140
CRC-Response  - 145,3,I001,1*da8c * 04-03-2025 07:01:23.340
11 Secconds Timer incrementes in Jar J4 for R4 as other racks picking by RA in tmr_r4_incub() * 04-03-2025 07:01:28.830
CRC-Response  - 145,3,F000,1*e5dd * 04-03-2025 07:01:29.404
Command * Rack-1 Picked from J21 - #146,2,1,28454,8590,0,0*319f
 * 04-03-2025 07:01:30.196
CRC-Response  - 146,2,I001,1*19bd * 04-03-2025 07:01:30.399
11 Secconds Timer incrementes in Jar J9 for R2 as other racks picking by RA in tmr_r2_incub() * 04-03-2025 07:01:32.716
CRC-Response  - 146,2,F000,1*26ec * 04-03-2025 07:01:37.649
Command * Rack-1 Placed in J22 - #147,3,1,24824,8590,0,0*b4e8
 * 04-03-2025 07:01:37.992
CRC-Response  - 147,3,I001,1*102d * 04-03-2025 07:01:38.209
11 Secconds Timer incrementes in Jar J4 for R4 as other racks picking by RA in tmr_r4_incub() * 04-03-2025 07:01:39.841
11 Secconds Timer incrementes in Jar J9 for R2 as other racks picking by RA in tmr_r2_incub() * 04-03-2025 07:01:42.728
CRC-Response  - 147,3,F000,1*2f7c * 04-03-2025 07:01:43.817
Command * Rack-4 Picked from J4 - #148,2,1,21194,800 ,0,0*d14c
 * 04-03-2025 07:01:50.907
CRC-Response  - 148,2,I001,1*ecdc * 04-03-2025 07:01:51.116
11 Secconds Timer incrementes in Jar J9 for R2 as other racks picking by RA in tmr_r2_incub() * 04-03-2025 07:01:54.720
CRC-Response  - 148,2,F000,1*d38d * 04-03-2025 07:01:56.901
Command * Rack-4 Placed in J5 - #149,3,1,24824,800 ,0,0*c115
 * 04-03-2025 07:01:57.219
CRC-Response  - 149,3,I001,1*e54c * 04-03-2025 07:01:57.429
CRC-Response  - 149,3,F000,1*da1d * 04-03-2025 07:02:03.43
Command * Rack-2 Picked from J9 - #150,2,1,39344,800 ,0,0*ab60
 * 04-03-2025 07:02:04.782
CRC-Response  - 150,2,I001,1*fa59 * 04-03-2025 07:02:04.992
CRC-Response  - 150,2,F000,1*c508 * 04-03-2025 07:02:11.842
Command * Rack-2 Placed in W2 - #151,3,1,46604,800 ,0,0*7207
 * 04-03-2025 07:02:12.85
CRC-Response  - 151,3,I001,1*f3c9 * 04-03-2025 07:02:12.298
CRC-Response  - 151,3,F000,1*cc98 * 04-03-2025 07:02:18.323
Command * Rack-1 Picked from J22 - #152,2,1,24824,8590,0,0*cc65
 * 04-03-2025 07:02:44.299
CRC-Response  - 152,2,I001,1*30f8 * 04-03-2025 07:02:44.521
CRC-Response  - 152,2,F000,1*0fa9 * 04-03-2025 07:02:52.160
Command * Rack-1 Placed in J23 - #153,3,1,21194,8590,0,0*dc3c
 * 04-03-2025 07:02:52.618
CRC-Response  - 153,3,I001,1*3968 * 04-03-2025 07:02:52.826
CRC-Response  - 153,3,F000,1*0639 * 04-03-2025 07:02:58.445
Command * WATER VALVE - 2 CONTROL OFF - #154,13,2,0*e710
 * 04-03-2025 07:03:18.908
CRC-Response  - 154,13,F000*ee3c * 04-03-2025 07:03:19.125
Command * Rack-2 Picked from W2 - #155,2,1,46604,800 ,0,0*0aa7
 * 04-03-2025 07:03:19.201
CRC-Response  - 155,2,I001,1*ea49 * 04-03-2025 07:03:19.448
CRC-Response  - 155,2,F000,1*d518 * 04-03-2025 07:03:27.478
Command * Rack-2 Placed in J18 - #156,3,1,39344,8590,0,0*6b2d
 * 04-03-2025 07:03:28.28
CRC-Response  - 156,3,I001,1*2978 * 04-03-2025 07:03:28.240
11 Secconds Timer incrementes in Jar J1 for R5 as other racks picking by RA in tmr_r5_incub() * 04-03-2025 07:03:30.875
CRC-Response  - 156,3,F000,1*1629 * 04-03-2025 07:03:34.250
Command * Rack-5 Picked from J1 - #157,2,1,10304,800,0,0*418f
 * 04-03-2025 07:03:41.942
CRC-Response  - 157,2,I001,1*20e8 * 04-03-2025 07:03:42.230
CRC-Response  - 157,2,F000,1*1fb9 * 04-03-2025 07:03:50.629
Command * Rack-5 Placed in J2 - #158,3,1,13934,800 ,0,0*bac9
 * 04-03-2025 07:03:50.830
CRC-Response  - 158,3,I001,1*dc19 * 04-03-2025 07:03:51.44
CRC-Response  - 158,3,F000,1*e348 * 04-03-2025 07:03:56.656
Command * Rack-1 Picked from J23 - #159,2,1,21194,8590,0,0*8bf5
 * 04-03-2025 07:03:59.905
CRC-Response  - 159,2,I001,1*d589 * 04-03-2025 07:04:00.112
11 Secconds Timer incrementes in Jar J8 for R3 as other racks picking by RA in tmr_r3_incub() * 04-03-2025 07:04:02.93
11 Secconds Timer incrementes in Jar J5 for R4 as other racks picking by RA in tmr_r4_incub() * 04-03-2025 07:04:03.541
CRC-Response  - 159,2,F000,1*ead8 * 04-03-2025 07:04:06.126
Command * Rack-1 Placed in J24 - #160,3,1,17564,8590,0,0*c280
 * 04-03-2025 07:04:06.713
CRC-Response  - 160,3,I001,1*7297 * 04-03-2025 07:04:06.921
CRC-Response  - 160,3,F000,1*4dc6 * 04-03-2025 07:04:12.536
Command * Rack-3 Picked from J8 - #161,2,1,35714,800 ,0,0*869f
 * 04-03-2025 07:04:13.169
CRC-Response  - 161,2,I001,1*7b07 * 04-03-2025 07:04:13.375
11 Secconds Timer incrementes in Jar J5 for R4 as other racks picking by RA in tmr_r4_incub() * 04-03-2025 07:04:14.544
CRC-Response  - 161,2,F000,1*4456 * 04-03-2025 07:04:20.623
Command * Rack-3 Placed in W2 - #162,3,1,46604,800 ,0,0*7270
 * 04-03-2025 07:04:20.977
CRC-Response  - 162,3,I001,1*b836 * 04-03-2025 07:04:21.195
11 Secconds Timer incrementes in Jar J5 for R4 as other racks picking by RA in tmr_r4_incub() * 04-03-2025 07:04:25.554
CRC-Response  - 162,3,F000,1*8767 * 04-03-2025 07:04:27.616
Command * WATER VALVE - 6 CONTROL ON - #163,13,6,1*f0c5
 * 04-03-2025 07:04:27.808
CRC-Response  - 163,13,F000*d1ea * 04-03-2025 07:04:28.18
11 Secconds Timer incrementes in Jar J18 for R2 as previous racks are in Waiting in tmr_r2_incub() * 04-03-2025 07:04:34.757
Command * Rack-4 Picked from J5 - #164,2,1,24824,800 ,0,0*c34a
 * 04-03-2025 07:04:36.621
CRC-Response  - 164,2,I001,1*6b17 * 04-03-2025 07:04:36.835
CRC-Response  - 164,2,F000,1*5446 * 04-03-2025 07:04:44.498
Command * Rack-4 Placed in J6 - #165,3,1,28454,800 ,0,0*463d
 * 04-03-2025 07:04:44.911
CRC-Response  - 165,3,I001,1*6287 * 04-03-2025 07:04:45.131
11 Secconds Timer incrementes in Jar J18 for R2 as other racks picking by RA in tmr_r2_incub() * 04-03-2025 07:04:45.755
CRC-Response  - 165,3,F000,1*5dd6 * 04-03-2025 07:04:50.729
Command * Rack-2 Picked from J18 - #166,2,1,39344,8590,0,0*a44f
 * 04-03-2025 07:04:56.802
CRC-Response  - 166,2,I001,1*a1b6 * 04-03-2025 07:04:57.14
CRC-Response  - 166,2,F000,1*9ee7 * 04-03-2025 07:05:03.451
Command * Rack-2 Placed in W6 - #167,3,1,42974,8590,0,0*9928
 * 04-03-2025 07:05:03.601
CRC-Response  - 167,3,I001,1*a826 * 04-03-2025 07:05:03.810
CRC-Response  - 167,3,F000,1*9777 * 04-03-2025 07:05:09.424
Command * WATER VALVE - 2 CONTROL OFF - #168,13,2,0*4204
 * 04-03-2025 07:05:28.761
CRC-Response  - 168,13,F000*e199 * 04-03-2025 07:05:29.20
Command * Rack-3 Picked from W2 - #169,2,1,46604,800 ,0,0*f484
 * 04-03-2025 07:05:29.95
CRC-Response  - 169,2,I001,1*9186 * 04-03-2025 07:05:29.310
CRC-Response  - 169,2,F000,1*aed7 * 04-03-2025 07:05:35.98
Command * Rack-3 Placed in J9 - #170,3,1,39344,800 ,0,0*b512
 * 04-03-2025 07:05:35.396
CRC-Response  - 170,3,I001,1*8e93 * 04-03-2025 07:05:35.613
CRC-Response  - 170,3,F000,1*b1c2 * 04-03-2025 07:05:41.620
Command * Rack-5 Picked from J2 - #171,2,1,13934,800 ,0,0*3c67
 * 04-03-2025 07:05:58.128
CRC-Response  - 171,2,I001,1*8703 * 04-03-2025 07:05:58.342
CRC-Response  - 171,2,F000,1*b852 * 04-03-2025 07:06:06.440
Command * Rack-5 Placed in J4 - #172,3,1,21194,800 ,0,0*b5b6
 * 04-03-2025 07:06:06.922
CRC-Response  - 172,3,I001,1*4432 * 04-03-2025 07:06:07.128
11 Secconds Timer incrementes in Jar W6 for R2 as other racks picking by RA in tmr_r2_incub() * 04-03-2025 07:06:10.826
11 Secconds Timer incrementes in Jar J24 for R1 as other racks picking by RA in tmr_r1_incub() * 04-03-2025 07:06:12.975
CRC-Response  - 172,3,F000,1*7b63 * 04-03-2025 07:06:13.152
18 Secconds Timer incrementes in Jar W6 for R2 as previous racks are in Waiting in tmr_r2_incub() * 04-03-2025 07:06:21.824
11 Secconds Timer incrementes in Jar J24 for R1 as previous racks are in Waiting in tmr_r1_incub() * 04-03-2025 07:06:23.979
Command * WATER VALVE - 2 CONTROL ON - #173,13,2,1*a189
 * 04-03-2025 07:06:24.194
CRC-Response  - 173,13,F000*14bb * 04-03-2025 07:06:24.412
Command * WATER VALVE - 1 CONTROL ON - #174,13,1,1*4738
 * 04-03-2025 07:06:33.227
CRC-Response  - 174,13,F000*249d * 04-03-2025 07:06:33.437
Command * Rack-1 Picked from J24 - #175,2,1,17564,8590,0,0*ba0d
 * 04-03-2025 07:06:35.29
CRC-Response  - 175,2,I001,1*5242 * 04-03-2025 07:06:35.235
11 Secconds Timer incrementes in Jar W6 for R2 as other racks picking by RA in tmr_r2_incub() * 04-03-2025 07:06:39.831
CRC-Response  - 175,2,F000,1*6d13 * 04-03-2025 07:06:41.27
Command * Rack-1 Placed in J25 - #176,3,1,13934,8590,0,0*2d17
 * 04-03-2025 07:06:41.336
CRC-Response  - 176,3,I001,1*9173 * 04-03-2025 07:06:41.554
11 Secconds Timer incrementes in Jar J9 for R3 as other racks picking by RA in tmr_r3_incub() * 04-03-2025 07:06:42.163
CRC-Response  - 176,3,F000,1*ae22 * 04-03-2025 07:06:47.169
Command * WATER VALVE - 6 CONTROL OFF - #177,13,6,0*5308
 * 04-03-2025 07:06:50.882
CRC-Response  - 177,13,F000*d489 * 04-03-2025 07:06:51.93
Command * Rack-2 Picked from W6 - #178,2,1,42974,8590,0,0*4a3d
 * 04-03-2025 07:06:51.148
11 Secconds Timer incrementes in Jar J9 for R3 as other racks picking by RA in tmr_r3_incub() * 04-03-2025 07:06:56.150
11 Secconds Timer incrementes in Jar J6 for R4 as other racks picking by RA in tmr_r4_incub() * 04-03-2025 07:06:56.151
CRC-Response  - 178,2,I001,1*a8d3 * 04-03-2025 07:06:56.374
11 Secconds Timer incrementes in Jar H3 for R6 as other racks picking by RA in tmr_r6_incub() * 04-03-2025 07:06:58.365
CRC-Response  - 178,2,F000,1*9782 * 04-03-2025 07:06:59.848
Command * Rack-2 Placed in J19 - #179,3,1,35714,8590,0,0*b8ab
 * 04-03-2025 07:07:00.259
CRC-Response  - 179,3,I001,1*a143 * 04-03-2025 07:07:00.468
11 Secconds Timer incrementes in Jar J6 for R4 as other racks picking by RA in tmr_r4_incub() * 04-03-2025 07:07:03.148
11 Secconds Timer incrementes in Jar J9 for R3 as other racks picking by RA in tmr_r3_incub() * 04-03-2025 07:07:04.149
CRC-Response  - 179,3,F000,1*9e12 * 04-03-2025 07:07:06.496
11 Secconds Timer incrementes in Jar H3 for R6 as previous racks are in Waiting in tmr_r6_incub() * 04-03-2025 07:07:09.357
11 Secconds Timer incrementes in Jar J6 for R4 as previously excuted command is in process in tmr_r4_incub() * 04-03-2025 07:07:14.150
Command * Rack-3 Picked from J9 - #180,2,1,39344,800 ,0,0*b6bc
 * 04-03-2025 07:07:15.201
CRC-Response  - 180,2,I001,1*5662 * 04-03-2025 07:07:15.417
11 Secconds Timer incrementes in Jar H3 for R6 as other racks picking by RA in tmr_r6_incub() * 04-03-2025 07:07:20.360
CRC-Response  - 180,2,F000,1*6933 * 04-03-2025 07:07:21.200
Command * Rack-3 Placed in W2 - #181,3,1,46604,800 ,0,0*6fdb
 * 04-03-2025 07:07:21.524
CRC-Response  - 181,3,I001,1*5ff2 * 04-03-2025 07:07:21.743
11 Secconds Timer incrementes in Jar J6 for R4 as other racks picking by RA in tmr_r4_incub() * 04-03-2025 07:07:25.145
CRC-Response  - 181,3,F000,1*60a3 * 04-03-2025 07:07:27.754
11 Secconds Timer incrementes in Jar H3 for R6 as previous racks are in Waiting in tmr_r6_incub() * 04-03-2025 07:07:31.357
Command * Rack-4 Picked from J6 - #182,2,1,28454,800 ,0,0*2336
 * 04-03-2025 07:07:36.197
CRC-Response  - 182,2,I001,1*9cc3 * 04-03-2025 07:07:36.407
11 Secconds Timer incrementes in Jar H3 for R6 as other racks picking by RA in tmr_r6_incub() * 04-03-2025 07:07:42.360
CRC-Response  - 182,2,F000,1*a392 * 04-03-2025 07:07:43.673
Command * Rack-4 Placed in W1 - #183,3,1,42974,800 ,0,0*69a2
 * 04-03-2025 07:07:44.44
CRC-Response  - 183,3,I001,1*9553 * 04-03-2025 07:07:44.302
CRC-Response  - 183,3,F000,1*aa02 * 04-03-2025 07:07:51.57
Command * HEATER DOOR OPEN - #184,8,1,1*3206
 * 04-03-2025 07:07:53.412
CRC-Response  - 184,8,I001*20ab * 04-03-2025 07:07:53.620
CRC-Response  - 184,8,F000*f469 * 04-03-2025 07:07:53.961
Command * Rack-6 Picked from H3 - #185,2,1,2688,16380,0,1*4e18
 * 04-03-2025 07:07:54.174
CRC-Response  - 185,2,I001,1*4672 * 04-03-2025 07:07:54.395
CRC-Response  - 185,2,F000,1*7923 * 04-03-2025 07:08:04.123
Command * HEATER DOOR CLOSE - #186,8,1,0*32e4
 * 04-03-2025 07:08:04.481
CRC-Response  - 186,8,I001*f92a * 04-03-2025 07:08:04.698
CRC-Response  - 186,8,F000*2de8 * 04-03-2025 07:08:05.25
Command * Rack-6 Placed in J1 - #187,3,1,10304,800,0,0*cdf3
 * 04-03-2025 07:08:05.274
CRC-Response  - 187,3,I001,1*4012 * 04-03-2025 07:08:05.493
11 Secconds Timer incrementes in Jar J19 for R2 as other racks picking by RA in tmr_r2_incub() * 04-03-2025 07:08:07.986
CRC-Response  - 187,3,F000,1*7f43 * 04-03-2025 07:08:11.902
11 Secconds Timer incrementes in Jar J4 for R5 as previously excuted command is in process in tmr_r5_incub() * 04-03-2025 07:08:13.697
Command * Rack-2 Picked from J19 - #188,2,1,35714,8590,0,0*6a38
 * 04-03-2025 07:08:19.37
CRC-Response  - 188,2,I001,1*bce3 * 04-03-2025 07:08:19.245
11 Secconds Timer incrementes in Jar J4 for R5 as other racks picking by RA in tmr_r5_incub() * 04-03-2025 07:08:24.699
CRC-Response  - 188,2,F000,1*83b2 * 04-03-2025 07:08:27.319
Command * Rack-2 Placed in J20 - #189,3,1,32084,8590,0,0*5784
 * 04-03-2025 07:08:27.845
CRC-Response  - 189,3,I001,1*b573 * 04-03-2025 07:08:28.65
11 Secconds Timer incrementes in Jar W2 for R3 as other racks picking by RA in tmr_r3_incub() * 04-03-2025 07:08:28.264
CRC-Response  - 189,3,F000,1*8a22 * 04-03-2025 07:08:33.666
Command * Rack-5 Picked from J4 - #190,2,1,21194,800 ,0,0*8571
 * 04-03-2025 07:08:35.749
CRC-Response  - 190,2,I001,1*aa66 * 04-03-2025 07:08:35.958
11 Secconds Timer incrementes in Jar W2 for R3 as other racks picking by RA in tmr_r3_incub() * 04-03-2025 07:08:39.266
CRC-Response  - 190,2,F000,1*9537 * 04-03-2025 07:08:42.388
Command * Rack-5 Placed in J5 - #191,3,1,24824,800 ,0,0*9528
 * 04-03-2025 07:08:42.588
CRC-Response  - 191,3,I001,1*a3f6 * 04-03-2025 07:08:42.806
CRC-Response  - 191,3,F000,1*9ca7 * 04-03-2025 07:08:48.407
11 Secconds Timer incrementes in Jar J25 for R1 as other racks picking by RA in tmr_r1_incub() * 04-03-2025 07:08:48.566
18 Secconds Timer incrementes in Jar W2 for R3 as previous racks are in Waiting in tmr_r3_incub() * 04-03-2025 07:08:50.272
11 Secconds Timer incrementes in Jar J25 for R1 as previous racks are in Waiting in tmr_r1_incub() * 04-03-2025 07:08:58.578
Command * WATER VALVE - 2 CONTROL OFF - #192,13,2,0*cdc5
 * 04-03-2025 07:09:08.358
CRC-Response  - 192,13,F000*71d7 * 04-03-2025 07:09:08.567
Command * Rack-3 Picked from W2 - #193,2,1,46604,800 ,0,0*a0e3
 * 04-03-2025 07:09:08.652
CRC-Response  - 193,2,I001,1*a596 * 04-03-2025 07:09:08.867
11 Secconds Timer incrementes in Jar J25 for R1 as other racks picking by RA in tmr_r1_incub() * 04-03-2025 07:09:09.581
CRC-Response  - 193,2,F000,1*9ac7 * 04-03-2025 07:09:16.519
Command * Rack-3 Placed in J18 - #194,3,1,39344,8590,0,0*4598
 * 04-03-2025 07:09:16.966
CRC-Response  - 194,3,I001,1*b3e6 * 04-03-2025 07:09:17.175
11 Secconds Timer incrementes in Jar J20 for R2 as other racks picking by RA in tmr_r2_incub() * 04-03-2025 07:09:20.94
11 Secconds Timer incrementes in Jar J25 for R1 as other racks picking by RA in tmr_r1_incub() * 04-03-2025 07:09:20.580
CRC-Response  - 194,3,F000,1*8cb7 * 04-03-2025 07:09:23.198
11 Secconds Timer incrementes in Jar J20 for R2 as previous racks are in Waiting in tmr_r2_incub() * 04-03-2025 07:09:31.94
Command * Rack-1 Picked from J25 - #195,2,1,13934,8590,0,0*cced
 * 04-03-2025 07:09:31.642
CRC-Response  - 195,2,I001,1*ba76 * 04-03-2025 07:09:31.854
CRC-Response  - 195,2,F000,1*8527 * 04-03-2025 07:09:39.926
Command * Rack-1 Placed in U1 - #196,3,1,61124,16380,0,0*843a
 * 04-03-2025 07:09:40.459
CRC-Response  - 196,3,I001,1*7947 * 04-03-2025 07:09:40.673
11 Secconds Timer incrementes in Jar J20 for R2 as other racks picking by RA in tmr_r2_incub() * 04-03-2025 07:09:42.104
CRC-Response  - 196,3,F000,1*4616 * 04-03-2025 07:09:51.187
Rack - 1Protocol Ended * 04-03-2025 07:09:51.711
11 Secconds Timer incrementes in Jar W1 for R4 as other racks picking by RA in tmr_r4_incub() * 04-03-2025 07:09:53.804
Command * Rack-2 Picked from J20 - #197,2,1,32084,8590,0,0*55ac
 * 04-03-2025 07:09:53.858
CRC-Response  - 197,2,I001,1*70d7 * 04-03-2025 07:09:54.69
CRC-Response  - 197,2,F000,1*4f86 * 04-03-2025 07:10:02.541
Command * Rack-2 Placed in J21 - #198,3,1,28454,8590,0,0*ff7b
 * 04-03-2025 07:10:02.668
CRC-Response  - 198,3,I001,1*8c26 * 04-03-2025 07:10:02.884
11 Secconds Timer incrementes in Jar W1 for R4 as other racks picking by RA in tmr_r4_incub() * 04-03-2025 07:10:02.891
CRC-Response  - 198,3,F000,1*b377 * 04-03-2025 07:10:08.489
Command * WATER VALVE - 6 CONTROL ON - #199,13,6,1*7f04
 * 04-03-2025 07:10:09.789
CRC-Response  - 199,13,F000*41a4 * 04-03-2025 07:10:09.997
11 Secconds Timer incrementes in Jar J1 for R6 as previous racks are in Waiting in tmr_r6_incub() * 04-03-2025 07:10:12.41
18 Secconds Timer incrementes in Jar W1 for R4 as previous racks are in Waiting in tmr_r4_incub() * 04-03-2025 07:10:13.895
11 Secconds Timer incrementes in Jar J1 for R6 as previous racks are in Waiting in tmr_r6_incub() * 04-03-2025 07:10:23.43
11 Secconds Timer incrementes in Jar J18 for R3 as previous racks are in Waiting in tmr_r3_incub() * 04-03-2025 07:10:23.765
Command * WATER VALVE - 1 CONTROL OFF - #200,13,1,0*4b2e
 * 04-03-2025 07:10:31.947
CRC-Response  - 200,13,F000*7a11 * 04-03-2025 07:10:32.162
Command * Rack-4 Picked from W1 - #201,2,1,42974,800 ,0,0*2a70
 * 04-03-2025 07:10:32.250
CRC-Response  - 201,2,I001,1*f71d * 04-03-2025 07:10:32.465
11 Secconds Timer incrementes in Jar J1 for R6 as other racks picking by RA in tmr_r6_incub() * 04-03-2025 07:10:34.45
11 Secconds Timer incrementes in Jar J18 for R3 as other racks picking by RA in tmr_r3_incub() * 04-03-2025 07:10:34.793
CRC-Response  - 201,2,F000,1*c84c * 04-03-2025 07:10:39.295
Command * Rack-4 Placed in J8 - #202,3,1,35714,800 ,0,0*3a9f
 * 04-03-2025 07:10:39.564
CRC-Response  - 202,3,I001,1*342c * 04-03-2025 07:10:39.778
11 Secconds Timer incrementes in Jar J1 for R6 as other racks picking by RA in tmr_r6_incub() * 04-03-2025 07:10:45.51
CRC-Response  - 202,3,F000,1*0b7d * 04-03-2025 07:10:45.799
11 Secconds Timer incrementes in Jar J18 for R3 as other racks picking by RA in tmr_r3_incub() * 04-03-2025 07:10:45.801
11 Secconds Timer incrementes in Jar J5 for R5 as previously excuted command is in process in tmr_r5_incub() * 04-03-2025 07:10:48.831
Command * Rack-6 Picked from J1 - #203,2,1,10304,800,0,0*1781
 * 04-03-2025 07:10:56.128
CRC-Response  - 203,2,I001,1*3dbc * 04-03-2025 07:10:56.346
11 Secconds Timer incrementes in Jar J18 for R3 as other racks picking by RA in tmr_r3_incub() * 04-03-2025 07:10:56.815
11 Secconds Timer incrementes in Jar J5 for R5 as other racks picking by RA in tmr_r5_incub() * 04-03-2025 07:10:59.836
CRC-Response  - 203,2,F000,1*02ed * 04-03-2025 07:11:04.400
Command * Rack-6 Placed in J2 - #204,3,1,13934,800 ,0,0*37ff
 * 04-03-2025 07:11:04.958
CRC-Response  - 204,3,I001,1*2bcc * 04-03-2025 07:11:05.164
11 Secconds Timer incrementes in Jar J18 for R3 as other racks picking by RA in tmr_r3_incub() * 04-03-2025 07:11:07.813
11 Secconds Timer incrementes in Jar J21 for R2 as other racks picking by RA in tmr_r2_incub() * 04-03-2025 07:11:09.916
CRC-Response  - 204,3,F000,1*149d * 04-03-2025 07:11:10.783
11 Secconds Timer incrementes in Jar J5 for R5 as other racks picking by RA in tmr_r5_incub() * 04-03-2025 07:11:10.830
Command * Rack-3 Picked from J18 - #205,2,1,39344,8590,0,0*e41e
 * 04-03-2025 07:11:18.877
CRC-Response  - 205,2,I001,1*225c * 04-03-2025 07:11:19.87
11 Secconds Timer incrementes in Jar J21 for R2 as other racks picking by RA in tmr_r2_incub() * 04-03-2025 07:11:19.917
11 Secconds Timer incrementes in Jar J5 for R5 as other racks picking by RA in tmr_r5_incub() * 04-03-2025 07:11:21.834
CRC-Response  - 205,2,F000,1*1d0d * 04-03-2025 07:11:27.149
Command * Rack-3 Placed in W6 - #206,3,1,42974,8590,0,0*3b00
 * 04-03-2025 07:11:27.690
CRC-Response  - 206,3,I001,1*e16d * 04-03-2025 07:11:27.897
11 Secconds Timer incrementes in Jar J21 for R2 as other racks picking by RA in tmr_r2_incub() * 04-03-2025 07:11:31.904
11 Secconds Timer incrementes in Jar J5 for R5 as other racks picking by RA in tmr_r5_incub() * 04-03-2025 07:11:32.841
CRC-Response  - 206,3,F000,1*de3c * 04-03-2025 07:11:33.509
Command * Rack-2 Picked from J21 - #207,2,1,28454,8590,0,0*7194
 * 04-03-2025 07:11:42.965
CRC-Response  - 207,2,I001,1*e8fd * 04-03-2025 07:11:43.178
11 Secconds Timer incrementes in Jar J5 for R5 as other racks picking by RA in tmr_r5_incub() * 04-03-2025 07:11:43.849
CRC-Response  - 207,2,F000,1*d7ac * 04-03-2025 07:11:50.6
Command * Rack-2 Placed in J22 - #208,3,1,24824,8590,0,0*db8a
 * 04-03-2025 07:11:50.277
CRC-Response  - 208,3,I001,1*140c * 04-03-2025 07:11:50.487
11 Secconds Timer incrementes in Jar J5 for R5 as other racks picking by RA in tmr_r5_incub() * 04-03-2025 07:11:54.852
CRC-Response  - 208,3,F000,1*2b5d * 04-03-2025 07:11:56.100
Command * Rack-5 Picked from J5 - #209,2,1,24824,800 ,0,0*ac72
 * 04-03-2025 07:12:05.921
CRC-Response  - 209,2,I001,1*1d9c * 04-03-2025 07:12:06.132
CRC-Response  - 209,2,F000,1*22cd * 04-03-2025 07:12:11.927
Command * Rack-5 Placed in J6 - #210,3,1,28454,800 ,0,0*b1f4
 * 04-03-2025 07:12:12.242
CRC-Response  - 210,3,I001,1*0289 * 04-03-2025 07:12:12.453
CRC-Response  - 210,3,F000,1*3dd8 * 04-03-2025 07:12:18.61
18 Secconds Timer incrementes in Jar W6 for R3 as previous racks are in Waiting in tmr_r3_incub() * 04-03-2025 07:12:33.927
18 Secconds Timer incrementes in Jar W6 for R3 as previous racks are in Waiting in tmr_r3_incub() * 04-03-2025 07:12:51.931
11 Secconds Timer incrementes in Jar J22 for R2 as previous racks are in Waiting in tmr_r2_incub() * 04-03-2025 07:12:56.557
11 Secconds Timer incrementes in Jar J22 for R2 as previous racks are in Waiting in tmr_r2_incub() * 04-03-2025 07:13:07.558
18 Secconds Timer incrementes in Jar W6 for R3 as previous racks are in Waiting in tmr_r3_incub() * 04-03-2025 07:13:09.932
11 Secconds Timer incrementes in Jar J2 for R6 as previous racks are in Waiting in tmr_r6_incub() * 04-03-2025 07:13:11.254
11 Secconds Timer incrementes in Jar J22 for R2 as previous racks are in Waiting in tmr_r2_incub() * 04-03-2025 07:13:18.553
11 Secconds Timer incrementes in Jar J2 for R6 as previous racks are in Waiting in tmr_r6_incub() * 04-03-2025 07:13:22.253
Command * WATER VALVE - 6 CONTROL OFF - #211,13,6,0*d653
 * 04-03-2025 07:13:27.982
CRC-Response  - 211,13,F000*2f4d * 04-03-2025 07:13:28.190
Command * Rack-3 Picked from W6 - #212,2,1,42974,8590,0,0*92b0
 * 04-03-2025 07:13:28.248
11 Secconds Timer incrementes in Jar J2 for R6 as other racks picking by RA in tmr_r6_incub() * 04-03-2025 07:13:33.250
11 Secconds Timer incrementes in Jar J22 for R2 as other racks picking by RA in tmr_r2_incub() * 04-03-2025 07:13:33.261
CRC-Response  - 212,2,I001,1*04e9 * 04-03-2025 07:13:33.479
CRC-Response  - 212,2,F000,1*3bb8 * 04-03-2025 07:13:35.290
Command * Rack-3 Placed in J19 - #213,3,1,35714,8590,0,0*6026
 * 04-03-2025 07:13:35.848
CRC-Response  - 213,3,I001,1*0d79 * 04-03-2025 07:13:36.68
11 Secconds Timer incrementes in Jar J22 for R2 as other racks picking by RA in tmr_r2_incub() * 04-03-2025 07:13:41.254
CRC-Response  - 213,3,F000,1*3228 * 04-03-2025 07:13:42.81
Command * WATER VALVE - 2 CONTROL ON - #214,13,2,1*e813
 * 04-03-2025 07:13:43.402
CRC-Response  - 214,13,F000*7f72 * 04-03-2025 07:13:43.610
11 Secconds Timer incrementes in Jar J2 for R6 as previous racks are in Waiting in tmr_r6_incub() * 04-03-2025 07:13:44.255
11 Secconds Timer incrementes in Jar J8 for R4 as previously excuted command is in process in tmr_r4_incub() * 04-03-2025 07:13:46.352
Command * Rack-2 Picked from J22 - #215,2,1,24824,8590,0,0*eae6
 * 04-03-2025 07:13:52.342
CRC-Response  - 215,2,I001,1*de58 * 04-03-2025 07:13:52.555
11 Secconds Timer incrementes in Jar J2 for R6 as other racks picking by RA in tmr_r6_incub() * 04-03-2025 07:13:55.267
11 Secconds Timer incrementes in Jar J8 for R4 as other racks picking by RA in tmr_r4_incub() * 04-03-2025 07:13:57.346
CRC-Response  - 215,2,F000,1*e109 * 04-03-2025 07:13:58.985
Command * Rack-2 Placed in J23 - #216,3,1,21194,8590,0,0*18c6
 * 04-03-2025 07:13:59.132
CRC-Response  - 216,3,I001,1*1d69 * 04-03-2025 07:13:59.342
CRC-Response  - 216,3,F000,1*2238 * 04-03-2025 07:14:04.961
Command * WATER VALVE - 1 CONTROL ON - #217,13,1,1*fda3
 * 04-03-2025 07:14:05.592
CRC-Response  - 217,13,F000*8f66 * 04-03-2025 07:14:05.801
Command * Rack-6 Picked from J2 - #218,2,1,13934,800 ,0,0*d7ae
 * 04-03-2025 07:14:06.343
CRC-Response  - 218,2,I001,1*24c9 * 04-03-2025 07:14:06.563
11 Secconds Timer incrementes in Jar J8 for R4 as other racks picking by RA in tmr_r4_incub() * 04-03-2025 07:14:08.349
CRC-Response  - 218,2,F000,1*1b98 * 04-03-2025 07:14:12.564
Command * Rack-6 Placed in J4 - #219,3,1,21194,800 ,0,0*bc06
 * 04-03-2025 07:14:13.171
CRC-Response  - 219,3,I001,1*2d59 * 04-03-2025 07:14:13.379
11 Secconds Timer incrementes in Jar J6 for R5 as other racks picking by RA in tmr_r5_incub() * 04-03-2025 07:14:18.547
11 Secconds Timer incrementes in Jar J8 for R4 as other racks picking by RA in tmr_r4_incub() * 04-03-2025 07:14:19.351
CRC-Response  - 219,3,F000,1*1208 * 04-03-2025 07:14:19.400
11 Secconds Timer incrementes in Jar J6 for R5 as previously excuted command is in process in tmr_r5_incub() * 04-03-2025 07:14:29.556
Command * Rack-4 Picked from J8 - #220,2,1,35714,800 ,0,0*c694
 * 04-03-2025 07:14:30.402
CRC-Response  - 220,2,I001,1*8a47 * 04-03-2025 07:14:30.611
CRC-Response  - 220,2,F000,1*b516 * 04-03-2025 07:14:37.458
Command * Rack-4 Placed in W2 - #221,3,1,46604,800 ,0,0*d002
 * 04-03-2025 07:14:37.739
CRC-Response  - 221,3,I001,1*83d7 * 04-03-2025 07:14:37.948
11 Secconds Timer incrementes in Jar J6 for R5 as other racks picking by RA in tmr_r5_incub() * 04-03-2025 07:14:40.545
11 Secconds Timer incrementes in Jar J19 for R3 as other racks picking by RA in tmr_r3_incub() * 04-03-2025 07:14:42.603
CRC-Response  - 221,3,F000,1*bc86 * 04-03-2025 07:14:44.373
Command * Rack-5 Picked from J6 - #222,2,1,28454,800 ,0,0*9cef
 * 04-03-2025 07:14:51.614
CRC-Response  - 222,2,I001,1*40e6 * 04-03-2025 07:14:51.824
11 Secconds Timer incrementes in Jar J19 for R3 as other racks picking by RA in tmr_r3_incub() * 04-03-2025 07:14:53.617
CRC-Response  - 222,2,F000,1*7fb7 * 04-03-2025 07:14:59.70
Command * Rack-5 Placed in W1 - #223,3,1,42974,800 ,0,0*d67b
 * 04-03-2025 07:14:59.438
CRC-Response  - 223,3,I001,1*4976 * 04-03-2025 07:14:59.659
11 Secconds Timer incrementes in Jar J19 for R3 as other racks picking by RA in tmr_r3_incub() * 04-03-2025 07:15:04.611
11 Secconds Timer incrementes in Jar J23 for R2 as other racks picking by RA in tmr_r2_incub() * 04-03-2025 07:15:05.410
CRC-Response  - 223,3,F000,1*7627 * 04-03-2025 07:15:06.497
Command * Rack-3 Picked from J19 - #224,2,1,35714,8590,0,0*18f1
 * 04-03-2025 07:15:15.668
CRC-Response  - 224,2,I001,1*5f06 * 04-03-2025 07:15:15.883
11 Secconds Timer incrementes in Jar J23 for R2 as other racks picking by RA in tmr_r2_incub() * 04-03-2025 07:15:16.427
CRC-Response  - 224,2,F000,1*6057 * 04-03-2025 07:15:21.895
Command * Rack-3 Placed in J20 - #225,3,1,32084,8590,0,0*254d
 * 04-03-2025 07:15:22.478
CRC-Response  - 225,3,I001,1*5696 * 04-03-2025 07:15:22.694
11 Secconds Timer incrementes in Jar J23 for R2 as other racks picking by RA in tmr_r2_incub() * 04-03-2025 07:15:27.427
CRC-Response  - 225,3,F000,1*69c7 * 04-03-2025 07:15:28.298
Command * Rack-2 Picked from J23 - #226,2,1,21194,8590,0,0*d7a4
 * 04-03-2025 07:15:38.476
CRC-Response  - 226,2,I001,1*95a7 * 04-03-2025 07:15:38.696
11 Secconds Timer incrementes in Jar W2 for R4 as other racks picking by RA in tmr_r4_incub() * 04-03-2025 07:15:44.545
CRC-Response  - 226,2,F000,1*aaf6 * 04-03-2025 07:15:45.118
Command * Rack-2 Placed in J24 - #227,3,1,17564,8590,0,0*e403
 * 04-03-2025 07:15:45.316
CRC-Response  - 227,3,I001,1*9c37 * 04-03-2025 07:15:45.534
CRC-Response  - 227,3,F000,1*a366 * 04-03-2025 07:15:51.139
18 Secconds Timer incrementes in Jar W2 for R4 as previous racks are in Waiting in tmr_r4_incub() * 04-03-2025 07:15:55.554
18 Secconds Timer incrementes in Jar W2 for R4 as previous racks are in Waiting in tmr_r4_incub() * 04-03-2025 07:16:13.545
11 Secconds Timer incrementes in Jar J20 for R3 as previous racks are in Waiting in tmr_r3_incub() * 04-03-2025 07:16:13.748
11 Secconds Timer incrementes in Jar J4 for R6 as previous racks are in Waiting in tmr_r6_incub() * 04-03-2025 07:16:19.944
11 Secconds Timer incrementes in Jar J20 for R3 as previous racks are in Waiting in tmr_r3_incub() * 04-03-2025 07:16:24.762
11 Secconds Timer incrementes in Jar J4 for R6 as previous racks are in Waiting in tmr_r6_incub() * 04-03-2025 07:16:30.948
Command * WATER VALVE - 2 CONTROL OFF - #228,13,2,0*8dc6
 * 04-03-2025 07:16:31.608
CRC-Response  - 228,13,F000*70d7 * 04-03-2025 07:16:31.826
Command * Rack-4 Picked from W2 - #229,2,1,46604,800 ,0,0*65b2
 * 04-03-2025 07:16:31.923
CRC-Response  - 229,2,I001,1*a597 * 04-03-2025 07:16:32.141
11 Secconds Timer incrementes in Jar J20 for R3 as other racks picking by RA in tmr_r3_incub() * 04-03-2025 07:16:35.779
CRC-Response  - 229,2,F000,1*9ac6 * 04-03-2025 07:16:40.624
Command * Rack-4 Placed in J9 - #230,3,1,39344,800 ,0,0*2424
 * 04-03-2025 07:16:41.253
CRC-Response  - 230,3,I001,1*ba82 * 04-03-2025 07:16:41.464
11 Secconds Timer incrementes in Jar J4 for R6 as other racks picking by RA in tmr_r6_incub() * 04-03-2025 07:16:41.943
11 Secconds Timer incrementes in Jar J20 for R3 as other racks picking by RA in tmr_r3_incub() * 04-03-2025 07:16:46.788
CRC-Response  - 230,3,F000,1*85d3 * 04-03-2025 07:16:47.481
11 Secconds Timer incrementes in Jar J4 for R6 as previous racks are in Waiting in tmr_r6_incub() * 04-03-2025 07:16:52.962
Command * Rack-3 Picked from J20 - #231,2,1,32084,8590,0,0*8cfd
 * 04-03-2025 07:16:57.840
CRC-Response  - 231,2,I001,1*b312 * 04-03-2025 07:16:58.54
11 Secconds Timer incrementes in Jar J4 for R6 as other racks picking by RA in tmr_r6_incub() * 04-03-2025 07:17:03.954
CRC-Response  - 231,2,F000,1*8c43 * 04-03-2025 07:17:04.73
Command * Rack-3 Placed in J21 - #232,3,1,28454,8590,0,0*eb3a
 * 04-03-2025 07:17:04.657
CRC-Response  - 232,3,I001,1*7023 * 04-03-2025 07:17:04.876
11 Secconds Timer incrementes in Jar W1 for R5 as other racks picking by RA in tmr_r5_incub() * 04-03-2025 07:17:06.745
CRC-Response  - 232,3,F000,1*4f72 * 04-03-2025 07:17:10.473
Command * Rack-6 Picked from J4 - #233,2,1,21194,800 ,0,0*09ec
 * 04-03-2025 07:17:15.25
CRC-Response  - 233,2,I001,1*79b3 * 04-03-2025 07:17:15.245
11 Secconds Timer incrementes in Jar W1 for R5 as other racks picking by RA in tmr_r5_incub() * 04-03-2025 07:17:17.742
CRC-Response  - 233,2,F000,1*46e2 * 04-03-2025 07:17:21.259
Command * Rack-6 Placed in J5 - #234,3,1,24824,800 ,0,0*7f3d
 * 04-03-2025 07:17:21.871
CRC-Response  - 234,3,I001,1*6fc3 * 04-03-2025 07:17:22.86
CRC-Response  - 234,3,F000,1*5092 * 04-03-2025 07:17:27.698
Command * WATER VALVE - 1 CONTROL OFF - #235,13,1,0*84fa
 * 04-03-2025 07:17:28.814
CRC-Response  - 235,13,F000*25de * 04-03-2025 07:17:29.23
Command * Rack-5 Picked from W1 - #236,2,1,42974,800 ,0,0*aef6
 * 04-03-2025 07:17:29.103
CRC-Response  - 236,2,I001,1*69a3 * 04-03-2025 07:17:29.319
CRC-Response  - 236,2,F000,1*56f2 * 04-03-2025 07:17:36.575
Command * Rack-5 Placed in J8 - #237,3,1,35714,800 ,0,0*5c60
 * 04-03-2025 07:17:36.899
CRC-Response  - 237,3,I001,1*6033 * 04-03-2025 07:17:37.117
CRC-Response  - 237,3,F000,1*5f62 * 04-03-2025 07:17:43.125
Command * WATER VALVE - 2 CONTROL ON - #238,13,2,1*dd0a
 * 04-03-2025 07:17:44.50
CRC-Response  - 238,13,F000*b586 * 04-03-2025 07:17:44.259
Command * Rack-4 Picked from J9 - #239,2,1,39344,800 ,0,0*40a9
 * 04-03-2025 07:17:48.53
CRC-Response  - 239,2,I001,1*5993 * 04-03-2025 07:17:48.263
11 Secconds Timer incrementes in Jar J24 for R2 as other racks picking by RA in tmr_r2_incub() * 04-03-2025 07:17:51.653
CRC-Response  - 239,2,F000,1*66c2 * 04-03-2025 07:17:53.882
Command * Rack-4 Placed in W2 - #240,3,1,46604,800 ,0,0*6759
 * 04-03-2025 07:17:54.353
CRC-Response  - 240,3,I001,1*ce98 * 04-03-2025 07:17:54.572
CRC-Response  - 240,3,F000,1*f1c9 * 04-03-2025 07:18:00.588
Command * Rack-2 Picked from J24 - #241,2,1,17564,8590,0,0*18bc
 * 04-03-2025 07:18:02.719
CRC-Response  - 241,2,I001,1*c708 * 04-03-2025 07:18:02.926
11 Secconds Timer incrementes in Jar J21 for R3 as other racks picking by RA in tmr_r3_incub() * 04-03-2025 07:18:10.916
CRC-Response  - 241,2,F000,1*f859 * 04-03-2025 07:18:11.413
Command * Rack-2 Placed in J25 - #242,3,1,13934,8590,0,0*8fa6
 * 04-03-2025 07:18:11.525
CRC-Response  - 242,3,I001,1*0439 * 04-03-2025 07:18:11.738
CRC-Response  - 242,3,F000,1*3b68 * 04-03-2025 07:18:17.355
Command * Rack-3 Picked from J21 - #243,2,1,28454,8590,0,0*7120
 * 04-03-2025 07:18:22.964
CRC-Response  - 243,2,I001,1*0da9 * 04-03-2025 07:18:23.181
CRC-Response  - 243,2,F000,1*32f8 * 04-03-2025 07:18:30.24
Command * Rack-3 Placed in J22 - #244,3,1,24824,8590,0,0*92df
 * 04-03-2025 07:18:30.260
CRC-Response  - 244,3,I001,1*1bd9 * 04-03-2025 07:18:30.474
CRC-Response  - 244,3,F000,1*2488 * 04-03-2025 07:18:36.88
Command * WATER VALVE - 2 CONTROL OFF - #245,13,2,0*b42c
 * 04-03-2025 07:19:01.161
CRC-Response  - 245,13,F000*ff6f * 04-03-2025 07:19:01.366
Command * Rack-4 Picked from W2 - #246,2,1,46604,800 ,0,0*fd80
 * 04-03-2025 07:19:01.437
CRC-Response  - 246,2,I001,1*1db9 * 04-03-2025 07:19:01.645
CRC-Response  - 246,2,F000,1*22e8 * 04-03-2025 07:19:09.310
Command * Rack-4 Placed in J18 - #247,3,1,39344,8590,0,0*7e73
 * 04-03-2025 07:19:09.743
CRC-Response  - 247,3,I001,1*1429 * 04-03-2025 07:19:09.962
CRC-Response  - 247,3,F000,1*2b78 * 04-03-2025 07:19:15.970
Command * Rack-6 Picked from J5 - #248,2,1,24824,800 ,0,0*f90a
 * 04-03-2025 07:19:28.205
CRC-Response  - 248,2,I001,1*e8d8 * 04-03-2025 07:19:28.416
CRC-Response  - 248,2,F000,1*d789 * 04-03-2025 07:19:35.243
Command * Rack-6 Placed in J6 - #249,3,1,28454,800 ,0,0*7c7d
 * 04-03-2025 07:19:35.505
CRC-Response  - 249,3,I001,1*e148 * 04-03-2025 07:19:35.723
11 Secconds Timer incrementes in Jar J22 for R3 as other racks picking by RA in tmr_r3_incub() * 04-03-2025 07:19:37.516
CRC-Response  - 249,3,F000,1*de19 * 04-03-2025 07:19:41.327
Command * Rack-3 Picked from J22 - #250,2,1,24824,8590,0,0*3b6f
 * 04-03-2025 07:19:48.576
CRC-Response  - 250,2,I001,1*fe5d * 04-03-2025 07:19:48.794
CRC-Response  - 250,2,F000,1*c10c * 04-03-2025 07:19:54.581
Command * Rack-3 Placed in J23 - #251,3,1,21194,8590,0,0*2b36
 * 04-03-2025 07:19:54.884
CRC-Response  - 251,3,I001,1*f7cd * 04-03-2025 07:19:55.92
CRC-Response  - 251,3,F000,1*c89c * 04-03-2025 07:20:00.711
Command * WATER VALVE - 6 CONTROL ON - #252,13,6,1*c3e0
 * 04-03-2025 07:20:01.525
CRC-Response  - 252,13,F000*0a18 * 04-03-2025 07:20:01.739
Command * Rack-4 Picked from J18 - #253,2,1,39344,8590,0,0*d7c3
 * 04-03-2025 07:20:17.528
CRC-Response  - 253,2,I001,1*f1ad * 04-03-2025 07:20:17.740
11 Secconds Timer incrementes in Jar J25 for R2 as other racks picking by RA in tmr_r2_incub() * 04-03-2025 07:20:17.782
CRC-Response  - 253,2,F000,1*cefc * 04-03-2025 07:20:24.987
Command * Rack-4 Placed in W6 - #254,3,1,42974,8590,0,0*8c2c
 * 04-03-2025 07:20:25.317
CRC-Response  - 254,3,I001,1*e7dd * 04-03-2025 07:20:25.531
11 Secconds Timer incrementes in Jar J25 for R2 as other racks picking by RA in tmr_r2_incub() * 04-03-2025 07:20:28.803
CRC-Response  - 254,3,F000,1*d88c * 04-03-2025 07:20:31.133
Command * WATER VALVE - 2 CONTROL ON - #255,13,2,1*e4e0
 * 04-03-2025 07:20:31.702
CRC-Response  - 255,13,F000*3a3e * 04-03-2025 07:20:31.911
Command * Rack-2 Picked from J25 - #0,2,1,13934,8590,0,0*3811
 * 04-03-2025 07:20:39.883
CRC-Response  - 0,2,I001,1*b01e * 04-03-2025 07:20:40.68
11 Secconds Timer incrementes in Jar J8 for R5 as other racks picking by RA in tmr_r5_incub() * 04-03-2025 07:20:43.647
CRC-Response  - 0,2,F000,1*8f4f * 04-03-2025 07:20:48.551
Command * Rack-2 Placed in U2 - #1,3,1,57494,16380,0,0*fe41
 * 04-03-2025 07:20:48.661
CRC-Response  - 1,3,I001,1*b98e * 04-03-2025 07:20:48.877
11 Secconds Timer incrementes in Jar J8 for R5 as other racks picking by RA in tmr_r5_incub() * 04-03-2025 07:20:54.644
CRC-Response  - 1,3,F000,1*86df * 04-03-2025 07:20:58.983
R2Protocol End Time * 04-03-2025 07:20:59.404
11 Secconds Timer incrementes in Jar J23 for R3 as previous racks are in Waiting in tmr_r3_incub() * 04-03-2025 07:21:01.481
Command * Rack-5 Picked from J8 - #2,2,1,35714,800 ,0,0*eb14
 * 04-03-2025 07:21:05.694
CRC-Response  - 2,2,I001,1*7abf * 04-03-2025 07:21:06.72
11 Secconds Timer incrementes in Jar J23 for R3 as other racks picking by RA in tmr_r3_incub() * 04-03-2025 07:21:12.487
CRC-Response  - 2,2,F000,1*45ee * 04-03-2025 07:21:13.553
Command * Rack-5 Placed in W2 - #3,3,1,46604,800 ,0,0*fd82
 * 04-03-2025 07:21:13.664
CRC-Response  - 3,3,I001,1*732f * 04-03-2025 07:21:13.879
CRC-Response  - 3,3,F000,1*4c7e * 04-03-2025 07:21:20.302
Command * Rack-3 Picked from J23 - #4,2,1,21194,8590,0,0*fa24
 * 04-03-2025 07:21:23.536
CRC-Response  - 4,2,I001,1*655f * 04-03-2025 07:21:23.753
CRC-Response  - 4,2,F000,1*5a0e * 04-03-2025 07:21:31.808
Command * Rack-3 Placed in J24 - #5,3,1,17564,8590,0,0*c983
 * 04-03-2025 07:21:32.360
CRC-Response  - 5,3,I001,1*6ccf * 04-03-2025 07:21:32.569
11 Secconds Timer incrementes in Jar W6 for R4 as other racks picking by RA in tmr_r4_incub() * 04-03-2025 07:21:32.575
CRC-Response  - 5,3,F000,1*539e * 04-03-2025 07:21:38.180
Command * WATER VALVE - 1 CONTROL ON - #6,13,1,1*99aa
 * 04-03-2025 07:21:38.812
CRC-Response  - 6,13,F000*89c2 * 04-03-2025 07:21:39.23
11 Secconds Timer incrementes in Jar J6 for R6 as previous racks are in Waiting in tmr_r6_incub() * 04-03-2025 07:21:41.748
18 Secconds Timer incrementes in Jar W6 for R4 as previous racks are in Waiting in tmr_r4_incub() * 04-03-2025 07:21:42.591
Command * Rack-6 Picked from J6 - #7,2,1,28454,800 ,0,0*06da
 * 04-03-2025 07:21:52.818
CRC-Response  - 7,2,I001,1*6aaf * 04-03-2025 07:21:53.33
CRC-Response  - 7,2,F000,1*55fe * 04-03-2025 07:21:59.452
Command * Rack-6 Placed in W1 - #8,3,1,42974,800 ,0,0*6327
 * 04-03-2025 07:21:59.626
CRC-Response  - 8,3,I001,1*965e * 04-03-2025 07:21:59.841
11 Secconds Timer incrementes in Jar W6 for R4 as other racks picking by RA in tmr_r4_incub() * 04-03-2025 07:22:00.596
CRC-Response  - 8,3,F000,1*a90f * 04-03-2025 07:22:06.679
18 Secconds Timer incrementes in Jar W6 for R4 as previous racks are in Waiting in tmr_r4_incub() * 04-03-2025 07:22:11.611
11 Secconds Timer incrementes in Jar W2 for R5 as previously excuted command is in process in tmr_r5_incub() * 04-03-2025 07:22:21.394
18 Secconds Timer incrementes in Jar W6 for R4 as previous racks are in Waiting in tmr_r4_incub() * 04-03-2025 07:22:29.620
11 Secconds Timer incrementes in Jar W2 for R5 as previously excuted command is in process in tmr_r5_incub() * 04-03-2025 07:22:31.401
18 Secconds Timer incrementes in Jar W2 for R5 as previous racks are in Waiting in tmr_r5_incub() * 04-03-2025 07:22:42.416
Command * WATER VALVE - 6 CONTROL OFF - #9,13,6,0*d89a
 * 04-03-2025 07:22:47.669
CRC-Response  - 9,13,F000*7983 * 04-03-2025 07:22:48.93
Command * Rack-4 Picked from W6 - #10,2,1,42974,8590,0,0*ae19
 * 04-03-2025 07:22:48.161
CRC-Response  - 10,2,I001,1*af93 * 04-03-2025 07:22:53.398
CRC-Response  - 10,2,F000,1*90c2 * 04-03-2025 07:22:54.163
Command * Rack-4 Placed in J19 - #11,3,1,35714,8590,0,0*5c8f
 * 04-03-2025 07:22:54.266
CRC-Response  - 11,3,I001,1*a603 * 04-03-2025 07:22:54.476
11 Secconds Timer incrementes in Jar W2 for R5 as other racks picking by RA in tmr_r5_incub() * 04-03-2025 07:23:00.419
CRC-Response  - 11,3,F000,1*9952 * 04-03-2025 07:23:00.495
Command * WATER VALVE - 2 CONTROL OFF - #12,13,2,0*c089
 * 04-03-2025 07:23:11.495
CRC-Response  - 12,13,F000*84db * 04-03-2025 07:23:11.706
Command * Rack-5 Picked from W2 - #13,2,1,46604,800 ,0,0*23c9
 * 04-03-2025 07:23:11.804
CRC-Response  - 13,2,I001,1*a063 * 04-03-2025 07:23:11.999
CRC-Response  - 13,2,F000,1*9f32 * 04-03-2025 07:23:18.423
Command * Rack-5 Placed in J9 - #14,3,1,39344,800 ,0,0*9c26
 * 04-03-2025 07:23:18.589
CRC-Response  - 14,3,I001,1*b613 * 04-03-2025 07:23:18.795
CRC-Response  - 14,3,F000,1*8942 * 04-03-2025 07:23:24.826
Command * Rack-3 Picked from J24 - #15,2,1,17564,8590,0,0*17c8
 * 04-03-2025 07:23:38.677
CRC-Response  - 15,2,I001,1*bf83 * 04-03-2025 07:23:38.884
CRC-Response  - 15,2,F000,1*80d2 * 04-03-2025 07:23:46.555
Command * Rack-3 Placed in J25 - #16,3,1,13934,8590,0,0*80d2
 * 04-03-2025 07:23:46.990
CRC-Response  - 16,3,I001,1*7cb2 * 04-03-2025 07:23:47.207
CRC-Response  - 16,3,F000,1*43e3 * 04-03-2025 07:23:52.813
Command * Rack-4 Picked from J19 - #17,2,1,35714,8590,0,0*c656
 * 04-03-2025 07:24:01.72
CRC-Response  - 17,2,I001,1*7522 * 04-03-2025 07:24:01.287
11 Secconds Timer incrementes in Jar W1 for R6 as other racks picking by RA in tmr_r6_incub() * 04-03-2025 07:24:06.909
CRC-Response  - 17,2,F000,1*4a73 * 04-03-2025 07:24:08.954
Command * Rack-4 Placed in J20 - #18,3,1,32084,8590,0,0*d483
 * 04-03-2025 07:24:09.367
CRC-Response  - 18,3,I001,1*89d3 * 04-03-2025 07:24:09.573
CRC-Response  - 18,3,F000,1*b682 * 04-03-2025 07:24:15.195
Command * WATER VALVE - 2 CONTROL ON - #19,13,2,1*b309
 * 04-03-2025 07:24:16.384
CRC-Response  - 19,13,F000*b4a8 * 04-03-2025 07:24:16.594
18 Secconds Timer incrementes in Jar W1 for R6 as previous racks are in Waiting in tmr_r6_incub() * 04-03-2025 07:24:17.906
11 Secconds Timer incrementes in Jar J9 for R5 as previously excuted command is in process in tmr_r5_incub() * 04-03-2025 07:24:25.329
18 Secconds Timer incrementes in Jar W1 for R6 as previous racks are in Waiting in tmr_r6_incub() * 04-03-2025 07:24:35.910
Command * Rack-5 Picked from J9 - #20,2,1,39344,800 ,0,0*d7b5
 * 04-03-2025 07:24:36.392
CRC-Response  - 20,2,I001,1*eb9c * 04-03-2025 07:24:36.614
CRC-Response  - 20,2,F000,1*d4cd * 04-03-2025 07:24:42.628
Command * Rack-5 Placed in W2 - #21,3,1,46604,800 ,0,0*0ed2
 * 04-03-2025 07:24:43.245
CRC-Response  - 21,3,I001,1*e20c * 04-03-2025 07:24:43.453
CRC-Response  - 21,3,F000,1*dd5d * 04-03-2025 07:24:49.432
18 Secconds Timer incrementes in Jar W1 for R6 as previous racks are in Waiting in tmr_r6_incub() * 04-03-2025 07:24:53.926
11 Secconds Timer incrementes in Jar J20 for R4 as previously excuted command is in process in tmr_r4_incub() * 04-03-2025 07:25:00.617
Command * Rack-4 Picked from J20 - #22,2,1,32084,8590,0,0*b079
 * 04-03-2025 07:25:11.687
CRC-Response  - 22,2,I001,1*213d * 04-03-2025 07:25:12.68
11 Secconds Timer incrementes in Jar W1 for R6 as other racks picking by RA in tmr_r6_incub() * 04-03-2025 07:25:12.71
CRC-Response  - 22,2,F000,1*1e6c * 04-03-2025 07:25:18.750
Command * Rack-4 Placed in J21 - #23,3,1,28454,8590,0,0*35c7
 * 04-03-2025 07:25:19.171
CRC-Response  - 23,3,I001,1*28ad * 04-03-2025 07:25:19.386
11 Secconds Timer incrementes in Jar W1 for R6 as other racks picking by RA in tmr_r6_incub() * 04-03-2025 07:25:23.74
CRC-Response  - 23,3,F000,1*17fc * 04-03-2025 07:25:24.993
Command * WATER VALVE - 1 CONTROL OFF - #24,13,1,0*1aed
 * 04-03-2025 07:25:34.146
CRC-Response  - 24,13,F000*2b00 * 04-03-2025 07:25:34.356
Command * Rack-6 Picked from W1 - #25,2,1,42974,800 ,0,0*9272
 * 04-03-2025 07:25:34.440
CRC-Response  - 25,2,I001,1*fb8c * 04-03-2025 07:25:34.652
CRC-Response  - 25,2,F000,1*c4dd * 04-03-2025 07:25:41.494
Command * Rack-6 Placed in J8 - #26,3,1,35714,800 ,0,0*829d
 * 04-03-2025 07:25:41.783
CRC-Response  - 26,3,I001,1*38bd * 04-03-2025 07:25:41.994
CRC-Response  - 26,3,F000,1*07ec * 04-03-2025 07:25:48.21
18 Secconds Timer incrementes in Jar W2 for R5 as previous racks are in Waiting in tmr_r5_incub() * 04-03-2025 07:25:49.552
Command * Rack-3 Picked from J25 - #27,2,1,13934,8590,0,0*9e8d
 * 04-03-2025 07:25:53.337
CRC-Response  - 27,2,I001,1*312d * 04-03-2025 07:25:53.545
CRC-Response  - 27,2,F000,1*0e7c * 04-03-2025 07:26:01.205
Command * Rack-3 Placed in U3 - #28,3,1,53864,16380,0,0*a508
 * 04-03-2025 07:26:01.645
CRC-Response  - 28,3,I001,1*cddc * 04-03-2025 07:26:01.861
11 Secconds Timer incrementes in Jar W2 for R5 as other racks picking by RA in tmr_r5_incub() * 04-03-2025 07:26:07.555
CRC-Response  - 28,3,F000,1*f28d * 04-03-2025 07:26:11.566
Rack - 3Protocol End Time * 04-03-2025 07:26:11.901
18 Secconds Timer incrementes in Jar W2 for R5 as previous racks are in Waiting in tmr_r5_incub() * 04-03-2025 07:26:18.567
11 Secconds Timer incrementes in Jar J21 for R4 as previously excuted command is in process in tmr_r4_incub() * 04-03-2025 07:26:25.435
Command * Rack-4 Picked from J21 - #29,2,1,28454,8590,0,0*620e
 * 04-03-2025 07:26:36.499
CRC-Response  - 29,2,I001,1*c44c * 04-03-2025 07:26:36.871
11 Secconds Timer incrementes in Jar W2 for R5 as other racks picking by RA in tmr_r5_incub() * 04-03-2025 07:26:36.889
CRC-Response  - 29,2,F000,1*fb1d * 04-03-2025 07:26:44.766
Command * Rack-4 Placed in J22 - #30,3,1,24824,8590,0,0*7f88
 * 04-03-2025 07:26:45.4
CRC-Response  - 30,3,I001,1*db59 * 04-03-2025 07:26:45.214
11 Secconds Timer incrementes in Jar W2 for R5 as other racks picking by RA in tmr_r5_incub() * 04-03-2025 07:26:47.902
CRC-Response  - 30,3,F000,1*e408 * 04-03-2025 07:26:50.814
Command * WATER VALVE - 2 CONTROL OFF - #31,13,2,0*b5d0
 * 04-03-2025 07:26:58.944
CRC-Response  - 31,13,F000*be6e * 04-03-2025 07:26:59.155
Command * Rack-5 Picked from W2 - #32,2,1,46604,800 ,0,0*10d7
 * 04-03-2025 07:26:59.215
CRC-Response  - 32,2,I001,1*dd39 * 04-03-2025 07:27:04.468
CRC-Response  - 32,2,F000,1*e268 * 04-03-2025 07:27:07.90
Command * Rack-5 Placed in J18 - #33,3,1,39344,8590,0,0*9324
 * 04-03-2025 07:27:07.367
CRC-Response  - 33,3,I001,1*d4a9 * 04-03-2025 07:27:07.577
CRC-Response  - 33,3,F000,1*ebf8 * 04-03-2025 07:27:13.604
Command * Rack-4 Picked from J22 - #34,2,1,24824,8590,0,0*0728
 * 04-03-2025 07:27:52.332
CRC-Response  - 34,2,I001,1*c2d9 * 04-03-2025 07:27:52.551
CRC-Response  - 34,2,F000,1*fd88 * 04-03-2025 07:27:59.381
Command * Rack-4 Placed in J23 - #35,3,1,21194,8590,0,0*1771
 * 04-03-2025 07:27:59.674
CRC-Response  - 35,3,I001,1*cb49 * 04-03-2025 07:27:59.882
CRC-Response  - 35,3,F000,1*f418 * 04-03-2025 07:28:05.483
Command * WATER VALVE - 6 CONTROL ON - #36,13,6,1*5211
 * 04-03-2025 07:28:06.162
CRC-Response  - 36,13,F000*8e48 * 04-03-2025 07:28:06.370
Command * Rack-5 Picked from J18 - #37,2,1,39344,8590,0,0*eb84
 * 04-03-2025 07:28:15.171
CRC-Response  - 37,2,I001,1*cd29 * 04-03-2025 07:28:15.383
CRC-Response  - 37,2,F000,1*f278 * 04-03-2025 07:28:22.635
Command * Rack-5 Placed in W6 - #38,3,1,42974,8590,0,0*f98a
 * 04-03-2025 07:28:23.11
CRC-Response  - 38,3,I001,1*31d8 * 04-03-2025 07:28:23.228
CRC-Response  - 38,3,F000,1*0e89 * 04-03-2025 07:28:28.831
Command * WATER VALVE - 2 CONTROL ON - #39,13,2,1*d310
 * 04-03-2025 07:28:30.583
CRC-Response  - 39,13,F000*7e09 * 04-03-2025 07:28:30.795
Command * Rack-6 Picked from J8 - #40,2,1,35714,800 ,0,0*7e22
 * 04-03-2025 07:28:48.638
CRC-Response  - 40,2,I001,1*6382 * 04-03-2025 07:28:48.843
CRC-Response  - 40,2,F000,1*5cd3 * 04-03-2025 07:28:54.869
Command * Rack-6 Placed in W2 - #41,3,1,46604,800 ,0,0*68b4
 * 04-03-2025 07:28:55.478
CRC-Response  - 41,3,I001,1*6a12 * 04-03-2025 07:28:55.695
CRC-Response  - 41,3,F000,1*5543 * 04-03-2025 07:29:02.116
Command * Rack-4 Picked from J23 - #42,2,1,21194,8590,0,0*ebe3
 * 04-03-2025 07:29:06.962
CRC-Response  - 42,2,I001,1*a923 * 04-03-2025 07:29:07.170
CRC-Response  - 42,2,F000,1*9672 * 04-03-2025 07:29:15.247
Command * Rack-4 Placed in J24 - #43,3,1,17564,8590,0,0*d844
 * 04-03-2025 07:29:15.779
CRC-Response  - 43,3,I001,1*a0b3 * 04-03-2025 07:29:15.997
CRC-Response  - 43,3,F000,1*9fe2 * 04-03-2025 07:29:21.609
Command * WATER VALVE - 6 CONTROL OFF - #44,13,6,0*7b77
 * 04-03-2025 07:29:29.341
CRC-Response  - 44,13,F000*34e0 * 04-03-2025 07:29:29.554
Command * Rack-5 Picked from W6 - #45,2,1,42974,8590,0,0*ae80
 * 04-03-2025 07:29:29.613
CRC-Response  - 45,2,I001,1*7392 * 04-03-2025 07:29:34.849
CRC-Response  - 45,2,F000,1*4cc3 * 04-03-2025 07:29:37.898
Command * Rack-5 Placed in J19 - #46,3,1,35714,8590,0,0*be6f
 * 04-03-2025 07:29:38.238
CRC-Response  - 46,3,I001,1*b0a3 * 04-03-2025 07:29:38.458
CRC-Response  - 46,3,F000,1*8ff2 * 04-03-2025 07:29:44.472
18 Secconds Timer incrementes in Jar W2 for R6 as previous racks are in Waiting in tmr_r6_incub() * 04-03-2025 07:30:02.269
18 Secconds Timer incrementes in Jar W2 for R6 as previous racks are in Waiting in tmr_r6_incub() * 04-03-2025 07:30:20.301
18 Secconds Timer incrementes in Jar W2 for R6 as previous racks are in Waiting in tmr_r6_incub() * 04-03-2025 07:30:38.307
Command * Rack-5 Picked from J19 - #47,2,1,35714,8590,0,0*9303
 * 04-03-2025 07:30:45.61
CRC-Response  - 47,2,I001,1*b933 * 04-03-2025 07:30:45.282
CRC-Response  - 47,2,F000,1*8662 * 04-03-2025 07:30:50.353
Command * Rack-5 Placed in J20 - #48,3,1,32084,8590,0,0*81d6
 * 04-03-2025 07:30:50.884
CRC-Response  - 48,3,I001,1*45c2 * 04-03-2025 07:30:51.100
11 Secconds Timer incrementes in Jar W2 for R6 as other racks picking by RA in tmr_r6_incub() * 04-03-2025 07:30:56.297
CRC-Response  - 48,3,F000,1*7a93 * 04-03-2025 07:30:56.700
Command * WATER VALVE - 2 CONTROL OFF - #49,13,2,0*23f7
 * 04-03-2025 07:31:07.357
CRC-Response  - 49,13,F000*a4b8 * 04-03-2025 07:31:07.566
Command * Rack-6 Picked from W2 - #50,2,1,46604,800 ,0,0*94c8
 * 04-03-2025 07:31:07.676
CRC-Response  - 50,2,I001,1*9f86 * 04-03-2025 07:31:07.895
CRC-Response  - 50,2,F000,1*a0d7 * 04-03-2025 07:31:14.717
Command * Rack-6 Placed in J9 - #51,3,1,39344,800 ,0,0*4daf
 * 04-03-2025 07:31:15.25
CRC-Response  - 51,3,I001,1*9616 * 04-03-2025 07:31:15.249
CRC-Response  - 51,3,F000,1*a947 * 04-03-2025 07:31:21.265
Command * Rack-4 Picked from J24 - #52,2,1,17564,8590,0,0*2438
 * 04-03-2025 07:31:22.117
CRC-Response  - 52,2,I001,1*5527 * 04-03-2025 07:31:22.327
CRC-Response  - 52,2,F000,1*6a76 * 04-03-2025 07:31:29.992
Command * Rack-4 Placed in J25 - #53,3,1,13934,8590,0,0*515b
 * 04-03-2025 07:31:30.451
CRC-Response  - 53,3,I001,1*5cb7 * 04-03-2025 07:31:30.668
CRC-Response  - 53,3,F000,1*63e6 * 04-03-2025 07:31:36.271
Command * Rack-5 Picked from J20 - #54,2,1,32084,8590,0,0*6187
 * 04-03-2025 07:31:42.213
CRC-Response  - 54,2,I001,1*4ac7 * 04-03-2025 07:31:42.421
CRC-Response  - 54,2,F000,1*7596 * 04-03-2025 07:31:49.680
Command * Rack-5 Placed in J21 - #55,3,1,28454,8590,0,0*e439
 * 04-03-2025 07:31:50.66
CRC-Response  - 55,3,I001,1*4357 * 04-03-2025 07:31:50.275
CRC-Response  - 55,3,F000,1*7c06 * 04-03-2025 07:31:55.890
Command * WATER VALVE - 2 CONTROL ON - #56,13,2,1*337b
 * 04-03-2025 07:32:03.855
CRC-Response  - 56,13,F000*91a8 * 04-03-2025 07:32:04.73
Command * Rack-6 Picked from J9 - #57,2,1,39344,800 ,0,0*d776
 * 04-03-2025 07:32:21.881
CRC-Response  - 57,2,I001,1*4537 * 04-03-2025 07:32:22.98
CRC-Response  - 57,2,F000,1*7a66 * 04-03-2025 07:32:28.521
Command * Rack-6 Placed in W2 - #58,3,1,46604,800 ,0,0*2178
 * 04-03-2025 07:32:28.739
CRC-Response  - 58,3,I001,1*b9c6 * 04-03-2025 07:32:28.944
CRC-Response  - 58,3,F000,1*8697 * 04-03-2025 07:32:34.977
Command * Rack-5 Picked from J21 - #59,2,1,28454,8590,0,0*d578
 * 04-03-2025 07:32:56.370
CRC-Response  - 59,2,I001,1*b056 * 04-03-2025 07:32:56.580
CRC-Response  - 59,2,F000,1*8f07 * 04-03-2025 07:33:03.827
Command * Rack-5 Placed in J22 - #60,3,1,24824,8590,0,0*2add
 * 04-03-2025 07:33:04.202
CRC-Response  - 60,3,I001,1*1748 * 04-03-2025 07:33:04.419
CRC-Response  - 60,3,F000,1*2819 * 04-03-2025 07:33:10.23
18 Secconds Timer incrementes in Jar W2 for R6 as previous racks are in Waiting in tmr_r6_incub() * 04-03-2025 07:33:35.489
Command * Rack-4 Picked from J25 - #61,2,1,13934,8590,0,0*7c40
 * 04-03-2025 07:33:36.794
CRC-Response  - 61,2,I001,1*1ed8 * 04-03-2025 07:33:37.254
CRC-Response  - 61,2,F000,1*2189 * 04-03-2025 07:33:43.444
Command * Rack-4 Placed in U4 - #62,3,1,50234,16380,0,0*f9f0
 * 04-03-2025 07:33:43.880
CRC-Response  - 62,3,I001,1*dde9 * 04-03-2025 07:33:44.86
CRC-Response  - 62,3,F000,1*e2b8 * 04-03-2025 07:33:53.375
11 Secconds Timer incrementes in Jar W2 for R6 as other racks picking by RA in tmr_r6_incub() * 04-03-2025 07:33:53.486
Rack - 4Protocol End Time * 04-03-2025 07:33:53.608
18 Secconds Timer incrementes in Jar W2 for R6 as previous racks are in Waiting in tmr_r6_incub() * 04-03-2025 07:34:04.484
11 Secconds Timer incrementes in Jar J22 for R5 as previously excuted command is in process in tmr_r5_incub() * 04-03-2025 07:34:11.460
Command * Rack-5 Picked from J22 - #63,2,1,24824,8590,0,0*e5c8
 * 04-03-2025 07:34:21.517
CRC-Response  - 63,2,I001,1*d479 * 04-03-2025 07:34:21.730
11 Secconds Timer incrementes in Jar W2 for R6 as other racks picking by RA in tmr_r6_incub() * 04-03-2025 07:34:22.484
CRC-Response  - 63,2,F000,1*eb28 * 04-03-2025 07:34:29.806
Command * Rack-5 Placed in J23 - #64,3,1,21194,8590,0,0*9319
 * 04-03-2025 07:34:30.364
CRC-Response  - 64,3,I001,1*c209 * 04-03-2025 07:34:30.570
11 Secconds Timer incrementes in Jar W2 for R6 as other racks picking by RA in tmr_r6_incub() * 04-03-2025 07:34:33.485
CRC-Response  - 64,3,F000,1*fd58 * 04-03-2025 07:34:36.184
Command * WATER VALVE - 2 CONTROL OFF - #65,13,2,0*16ee
 * 04-03-2025 07:34:44.554
CRC-Response  - 65,13,F000*6e4c * 04-03-2025 07:34:44.773
Command * Rack-6 Picked from W2 - #66,2,1,46604,800 ,0,0*c173
 * 04-03-2025 07:34:44.894
CRC-Response  - 66,2,I001,1*c469 * 04-03-2025 07:34:45.112
CRC-Response  - 66,2,F000,1*fb38 * 04-03-2025 07:34:53.184
Command * Rack-6 Placed in J18 - #67,3,1,39344,8590,0,0*4280
 * 04-03-2025 07:34:53.752
CRC-Response  - 67,3,I001,1*cdf9 * 04-03-2025 07:34:53.963
CRC-Response  - 67,3,F000,1*f2a8 * 04-03-2025 07:34:59.981
Command * Rack-5 Picked from J23 - #68,2,1,21194,8590,0,0*a258
 * 04-03-2025 07:35:37.659
CRC-Response  - 68,2,I001,1*3108 * 04-03-2025 07:35:38.147
CRC-Response  - 68,2,F000,1*0e59 * 04-03-2025 07:35:45.121
Command * Rack-5 Placed in J24 - #69,3,1,17564,8590,0,0*91ff
 * 04-03-2025 07:35:45.276
CRC-Response  - 69,3,I001,1*3898 * 04-03-2025 07:35:45.498
CRC-Response  - 69,3,F000,1*07c9 * 04-03-2025 07:35:51.107
Command * WATER VALVE - 6 CONTROL ON - #70,13,6,1*b8a3
 * 04-03-2025 07:35:52.553
CRC-Response  - 70,13,F000*fb22 * 04-03-2025 07:35:52.762
Command * Rack-6 Picked from J18 - #71,2,1,39344,8590,0,0*0949
 * 04-03-2025 07:36:00.580
CRC-Response  - 71,2,I001,1*e2dc * 04-03-2025 07:36:00.787
CRC-Response  - 71,2,F000,1*dd8d * 04-03-2025 07:36:08.454
Command * Rack-6 Placed in W6 - #72,3,1,42974,8590,0,0*d657
 * 04-03-2025 07:36:08.906
CRC-Response  - 72,3,I001,1*21ed * 04-03-2025 07:36:09.126
CRC-Response  - 72,3,F000,1*1ebc * 04-03-2025 07:36:14.739
Command * HEATER DOOR OPEN - #73,8,1,1*d823
 * 04-03-2025 07:36:20.780
CRC-Response  - 73,8,I001*fb80 * 04-03-2025 07:36:20.986
CRC-Response  - 73,8,F000*2f42 * 04-03-2025 07:36:21.331
Command * Level Sensing For L1 - #74,4,17564,16380,0,0*8688
 * 04-03-2025 07:36:21.541
CRC-Response  - 74,4,I001*d1c1 * 04-03-2025 07:36:21.751
CRC-Response  - 74,4,F000,831*3c4c * 04-03-2025 07:36:27.487
L1 Value - 500 * 04-03-2025 07:36:27.521
Command * Level Sensing For L2 - #75,4,13934,16380,0,0*7ead
 * 04-03-2025 07:36:27.809
CRC-Response  - 75,4,I001*1d00 * 04-03-2025 07:36:28.16
CRC-Response  - 75,4,F000,818*9970 * 04-03-2025 07:36:30.308
L2 Value - 500 * 04-03-2025 07:36:30.340
Command * Level Sensing For L3 - #76,4,10304,16380,0,0*37f6
 * 04-03-2025 07:36:30.576
CRC-Response  - 76,4,I001*0840 * 04-03-2025 07:36:30.791
CRC-Response  - 76,4,F000,843*0a36 * 04-03-2025 07:36:33.81
L3 Value - 500 * 04-03-2025 07:36:33.121
Command * Home Command - #77,5,01111111*2c65
 * 04-03-2025 07:36:33.341
CRC-Response  - 77,5,I001,01111111*71bd * 04-03-2025 07:36:33.551
CRC-Response  - 77,5,F000*c142 * 04-03-2025 07:36:46.815
Command * Home Command - #78,5,01111111*3871
 * 04-03-2025 07:36:49.150
CRC-Response  - 78,5,I001,01111111*8288 * 04-03-2025 07:36:49.359
CRC-Response  - 78,5,F000*8102 * 04-03-2025 07:37:02.639
Rack - 7Protocol Started * 04-03-2025 07:37:04.402
Command * Rack-7 Picked from L1 - #79,2,1,17564,16380,0,0*3da2
 * 04-03-2025 07:37:04.521
CRC-Response  - 79,2,I001,1*085d * 04-03-2025 07:37:04.728
CRC-Response  - 79,2,F000,1*370c * 04-03-2025 07:37:10.769
Command * Rack-7 Placed in H1 - #80,3,1,2688,1000,0,1*0bd7
 * 04-03-2025 07:37:11.364
CRC-Response  - 80,3,I001,1*ff7c * 04-03-2025 07:37:11.571
11 Secconds Timer incrementes in Jar W6 for R6 as other racks picking by RA in tmr_r6_incub() * 04-03-2025 07:37:15.182
CRC-Response  - 80,3,F000,1*c02d * 04-03-2025 07:37:18.450
Command * HEATER DOOR CLOSE - #81,8,1,0*9881
 * 04-03-2025 07:37:18.700
CRC-Response  - 81,8,I001*d240 * 04-03-2025 07:37:18.916
CRC-Response  - 81,8,F000*0682 * 04-03-2025 07:37:19.244
Command * READ TEMPERATURE - #82,11*f09e
 * 04-03-2025 07:37:19.469
CRC-Response  - 82,11,F000,545*471c * 04-03-2025 07:37:19.683
Command * WATER VALVE - 6 CONTROL OFF - #83,13,6,0*9d63
 * 04-03-2025 07:37:26.235
CRC-Response  - 83,13,F000*3b06 * 04-03-2025 07:37:26.444
Command * Rack-6 Picked from W6 - #84,2,1,42974,8590,0,0*b371
 * 04-03-2025 07:37:26.557
CRC-Response  - 84,2,I001,1*e6fc * 04-03-2025 07:37:26.771
CRC-Response  - 84,2,F000,1*d9ad * 04-03-2025 07:37:36.525
Command * Rack-6 Placed in J19 - #85,3,1,35714,8590,0,0*41e7
 * 04-03-2025 07:37:36.893
CRC-Response  - 85,3,I001,1*ef6c * 04-03-2025 07:37:37.102
CRC-Response  - 85,3,F000,1*d03d * 04-03-2025 07:37:43.125
Command * Rack-5 Picked from J24 - #86,2,1,17564,8590,0,0*bd15
 * 04-03-2025 07:37:51.613
CRC-Response  - 86,2,I001,1*2c5d * 04-03-2025 07:37:51.821
CRC-Response  - 86,2,F000,1*130c * 04-03-2025 07:37:59.82
Command * Rack-5 Placed in J25 - #87,3,1,13934,8590,0,0*c876
 * 04-03-2025 07:37:59.425
CRC-Response  - 87,3,I001,1*25cd * 04-03-2025 07:37:59.639
CRC-Response  - 87,3,F000,1*1a9c * 04-03-2025 07:38:05.257
Command * Rack-6 Picked from J19 - #88,2,1,35714,8590,0,0*a19b
 * 04-03-2025 07:38:43.731
CRC-Response  - 88,2,I001,1*d93c * 04-03-2025 07:38:43.944
CRC-Response  - 88,2,F000,1*e66d * 04-03-2025 07:38:51.595
Command * Rack-6 Placed in J20 - #89,3,1,32084,8590,0,0*9c27
 * 04-03-2025 07:38:52.93
CRC-Response  - 89,3,I001,1*d0ac * 04-03-2025 07:38:52.324
CRC-Response  - 89,3,F000,1*effd * 04-03-2025 07:38:57.900
Command * Rack-6 Picked from J20 - #90,2,1,32084,8590,0,0*29ba
 * 04-03-2025 07:39:43.474
CRC-Response  - 90,2,I001,1*cfb9 * 04-03-2025 07:39:43.686
CRC-Response  - 90,2,F000,1*f0e8 * 04-03-2025 07:39:48.767
Command * Rack-6 Placed in J21 - #91,3,1,28454,8590,0,0*ac04
 * 04-03-2025 07:39:49.365
CRC-Response  - 91,3,I001,1*c629 * 04-03-2025 07:39:49.574
CRC-Response  - 91,3,F000,1*f978 * 04-03-2025 07:39:55.187
Command * Rack-5 Picked from J25 - #92,2,1,13934,8590,0,0*b0fb
 * 04-03-2025 07:40:05.792
CRC-Response  - 92,2,I001,1*0518 * 04-03-2025 07:40:06.1
CRC-Response  - 92,2,F000,1*3a49 * 04-03-2025 07:40:12.835
