Device Intialization started * 05-03-2025 14:15:00.118
Command * SET TEMPERATURE - #0,10,37*84ca
 * 05-03-2025 14:15:00.262
CRC-Response  - 0,10,F000*1ae9 * 05-03-2025 14:15:00.492
Command * WATER VALVE - 1 CONTROL ON - #1,13,1,1*7feb
 * 05-03-2025 14:15:01.878
CRC-Response  - 1,13,F000*b9e4 * 05-03-2025 14:15:07.94
Command * WATER VALVE - 2 CONTROL ON - #2,13,2,1*6a5b
 * 05-03-2025 14:15:07.443
CRC-Response  - 2,13,F000*49f0 * 05-03-2025 14:15:07.654
Command * WATER VALVE - 3 CONTROL ON - #3,13,3,1*66cb
 * 05-03-2025 14:15:08.219
CRC-Response  - 3,13,F000*d9fd * 05-03-2025 14:15:08.426
Command * WATER VALVE - 4 CONTROL ON - #4,13,4,1*413b
 * 05-03-2025 14:15:08.984
CRC-Response  - 4,13,F000*e9db * 05-03-2025 14:15:09.191
Command * WATER VALVE - 5 CONTROL ON - #5,13,5,1*4dab
 * 05-03-2025 14:15:09.741
CRC-Response  - 5,13,F000*79d6 * 05-03-2025 14:15:09.951
Command * WATER VALVE - 6 CONTROL ON - #6,13,6,1*581b
 * 05-03-2025 14:15:10.519
CRC-Response  - 6,13,F000*89c2 * 05-03-2025 14:15:10.726
Command * Home Command - #7,5,00100100*dea4
 * 05-03-2025 14:15:11.292
CRC-Response  - 7,5,I001,00100100*33ee * 05-03-2025 14:15:11.499
CRC-Response  - 7,5,F000*0b7a * 05-03-2025 14:15:11.503
Command * Home Command - #8,5,01111111*665c
 * 05-03-2025 14:15:14.71
CRC-Response  - 8,5,I001,01111111*6c37 * 05-03-2025 14:15:14.281
CRC-Response  - 8,5,F000*4b3a * 05-03-2025 14:15:17.583
Command * Home Command - #9,5,01111111*a5a1
 * 05-03-2025 14:15:19.898
CRC-Response  - 9,5,I001,01111111*fc66 * 05-03-2025 14:15:20.117
CRC-Response  - 9,5,F000*87fb * 05-03-2025 14:15:20.120
Command * Level Sensing For U1 - #10,4,61124,16380,0,0*9f4f
 * 05-03-2025 14:15:22.202
CRC-Response  - 10,4,I001*82eb * 05-03-2025 14:15:22.417
CRC-Response  - 10,4,F000,3823*7406 * 05-03-2025 14:15:26.562
U1 Value - 3823 * 05-03-2025 14:15:26.610
Command * Level Sensing For U2 - #11,4,57494,16380,0,0*bade
 * 05-03-2025 14:15:27.22
CRC-Response  - 11,4,I001*4e2a * 05-03-2025 14:15:27.240
CRC-Response  - 11,4,F000,3811*c485 * 05-03-2025 14:15:29.526
U2 Value - 3811 * 05-03-2025 14:15:29.556
Command * Level Sensing For U3 - #12,4,53864,16380,0,0*e29a
 * 05-03-2025 14:15:29.802
CRC-Response  - 12,4,I001*5b6a * 05-03-2025 14:15:30.22
CRC-Response  - 12,4,F000,3817*0500 * 05-03-2025 14:15:32.311
U3 Value - 3817 * 05-03-2025 14:15:32.338
Command * Level Sensing For U4 - #13,4,50234,16380,0,0*1bb0
 * 05-03-2025 14:15:32.615
CRC-Response  - 13,4,I001*97ab * 05-03-2025 14:15:32.834
CRC-Response  - 13,4,F000,3812*87c2 * 05-03-2025 14:15:35.115
U4 Value - 3812 * 05-03-2025 14:15:35.141
Command * Level Sensing For U5 - #14,4,46604,16380,0,0*e9c8
 * 05-03-2025 14:15:35.397
CRC-Response  - 14,4,I001*71ea * 05-03-2025 14:15:35.609
CRC-Response  - 14,4,F000,3801*5188 * 05-03-2025 14:15:37.908
U5 Value - 3801 * 05-03-2025 14:15:37.934
Command * Level Sensing For U6 - #15,4,42974,16380,0,0*1511
 * 05-03-2025 14:15:38.195
CRC-Response  - 15,4,I001*bd2b * 05-03-2025 14:15:38.402
CRC-Response  - 15,4,F000,3812*41cb * 05-03-2025 14:15:40.707
U6 Value - 3812 * 05-03-2025 14:15:40.735
Command * Level Sensing For J1 - #16,4,10304,800,0,0*e5a2
 * 05-03-2025 14:15:40.960
CRC-Response  - 16,4,I001*a86b * 05-03-2025 14:15:41.173
CRC-Response  - 16,4,F000,3796*82f8 * 05-03-2025 14:15:46.744
J1 Value - 3796 * 05-03-2025 14:15:46.774
Command * Level Sensing For J2 - #17,4,13934,800 ,0,0*59f9
 * 05-03-2025 14:15:47.248
CRC-Response  - 17,4,I001*64aa * 05-03-2025 14:15:47.459
CRC-Response  - 17,4,F000,3815*c18d * 05-03-2025 14:15:49.763
J2 Value - 3815 * 05-03-2025 14:15:49.791
Command * Level Sensing For J3 - #18,4,17564,800 ,0,0*16c5
 * 05-03-2025 14:15:50.18
CRC-Response  - 18,4,I001*24ea * 05-03-2025 14:15:50.227
CRC-Response  - 18,4,F000,3820*3d59 * 05-03-2025 14:15:52.520
J3 Value - 3820 * 05-03-2025 14:15:52.548
Command * Level Sensing For J4 - #19,4,21194,800 ,0,0*f45f
 * 05-03-2025 14:15:52.808
CRC-Response  - 19,4,I001*e82b * 05-03-2025 14:15:53.16
CRC-Response  - 19,4,F000,3814*8f5a * 05-03-2025 14:15:55.319
J4 Value - 3814 * 05-03-2025 14:15:55.349
Command * Level Sensing For J5 - #20,4,24824,800 ,0,0*13fd
 * 05-03-2025 14:15:55.607
CRC-Response  - 20,4,I001*72ff * 05-03-2025 14:15:55.823
CRC-Response  - 20,4,F000,3822*b7c4 * 05-03-2025 14:15:58.121
J5 Value - 3822 * 05-03-2025 14:15:58.158
Command * Level Sensing For J6 - #21,4,28454,800 ,0,0*47b7
 * 05-03-2025 14:15:58.407
CRC-Response  - 21,4,I001*be3e * 05-03-2025 14:15:58.618
CRC-Response  - 21,4,F000,3819*0187 * 05-03-2025 14:16:00.919
J6 Value - 3819 * 05-03-2025 14:16:00.946
Command * Level Sensing For J7 - #22,4,32084,800 ,0,0*ab95
 * 05-03-2025 14:16:01.204
CRC-Response  - 22,4,I001*ab7e * 05-03-2025 14:16:01.411
CRC-Response  - 22,4,F000,3811*0483 * 05-03-2025 14:16:03.707
J7 Value - 3811 * 05-03-2025 14:16:03.734
Command * Level Sensing For J8 - #23,4,35714,800 ,0,0*4714
 * 05-03-2025 14:16:04.5
CRC-Response  - 23,4,I001*67bf * 05-03-2025 14:16:04.219
CRC-Response  - 23,4,F000,3813*4400 * 05-03-2025 14:16:06.519
J8 Value - 3813 * 05-03-2025 14:16:06.547
Command * Level Sensing For J9 - #24,4,39344,800 ,0,0*fd54
 * 05-03-2025 14:16:06.787
CRC-Response  - 24,4,I001*81fe * 05-03-2025 14:16:07.0
CRC-Response  - 24,4,F000,3803*930a * 05-03-2025 14:16:09.300
J9 Value - 3803 * 05-03-2025 14:16:09.328
Command * Level Sensing For J10 - #25,4,53864,800 ,0,0*6ef5
 * 05-03-2025 14:16:09.571
CRC-Response  - 25,4,I001*4d3f * 05-03-2025 14:16:09.779
CRC-Response  - 25,4,F000,3802*d2c9 * 05-03-2025 14:16:13.301
J11 Value - 3802 * 05-03-2025 14:16:13.329
Command * Level Sensing For J11 - #26,4,57494,800 ,0,0*aa2b
 * 05-03-2025 14:16:13.390
CRC-Response  - 26,4,I001*587f * 05-03-2025 14:16:13.597
CRC-Response  - 26,4,F000,3800*d04d * 05-03-2025 14:16:15.898
J11 Value - 3800 * 05-03-2025 14:16:15.925
Command * Level Sensing For J12 - #27,4,61124,800 ,0,0*bb59
 * 05-03-2025 14:16:16.186
CRC-Response  - 27,4,I001*94be * 05-03-2025 14:16:16.399
CRC-Response  - 27,4,F000,3813*c00e * 05-03-2025 14:16:18.696
J12 Value - 3813 * 05-03-2025 14:16:18.723
Command * Level Sensing For J13 - #28,4,64754,800 ,0,0*d574
 * 05-03-2025 14:16:18.984
CRC-Response  - 28,4,I001*d4fe * 05-03-2025 14:16:19.195
CRC-Response  - 28,4,F000,3795*0ead * 05-03-2025 14:16:21.496
J13 Value - 3795 * 05-03-2025 14:16:21.524
Command * Level Sensing For J14 - #29,4,64754,8590,0,0*73b1
 * 05-03-2025 14:16:21.766
CRC-Response  - 29,4,I001*183f * 05-03-2025 14:16:21.972
CRC-Response  - 29,4,F000,3808*1958 * 05-03-2025 14:16:24.456
J14 Value - 3808 * 05-03-2025 14:16:24.488
Command * Level Sensing For J15 - #30,4,61124,8590,0,0*6841
 * 05-03-2025 14:16:24.557
CRC-Response  - 30,4,I001*e2f2 * 05-03-2025 14:16:24.765
CRC-Response  - 30,4,F000,3830*2744 * 05-03-2025 14:16:27.64
J15 Value - 3830 * 05-03-2025 14:16:27.97
Command * Level Sensing For J16 - #31,4,57494,8590,0,0*7933
 * 05-03-2025 14:16:27.351
CRC-Response  - 31,4,I001*2e33 * 05-03-2025 14:16:27.556
CRC-Response  - 31,4,F000,3812*07c6 * 05-03-2025 14:16:29.858
J16 Value - 3812 * 05-03-2025 14:16:29.889
Command * Level Sensing For J17 - #32,4,53864,8590,0,0*bded
 * 05-03-2025 14:16:30.99
CRC-Response  - 32,4,I001*3b73 * 05-03-2025 14:16:30.306
CRC-Response  - 32,4,F000,3658*c020 * 05-03-2025 14:16:32.614
J17 Value - 3658 * 05-03-2025 14:16:32.641
Command * Level Sensing For J18 - #33,4,39344,8590,0,0*2e4c
 * 05-03-2025 14:16:32.856
CRC-Response  - 33,4,I001*f7b2 * 05-03-2025 14:16:33.67
CRC-Response  - 33,4,F000,3820*7440 * 05-03-2025 14:16:36.591
J18 Value - 3820 * 05-03-2025 14:16:36.612
Command * Level Sensing For J19 - #34,4,35714,8590,0,0*940c
 * 05-03-2025 14:16:37.144
CRC-Response  - 34,4,I001*11f3 * 05-03-2025 14:16:37.353
CRC-Response  - 34,4,F000,3810*c34b * 05-03-2025 14:16:39.654
J19 Value - 3810 * 05-03-2025 14:16:39.680
Command * Level Sensing For J20 - #35,4,32084,8590,0,0*788d
 * 05-03-2025 14:16:39.922
CRC-Response  - 35,4,I001*dd32 * 05-03-2025 14:16:40.132
CRC-Response  - 35,4,F000,3774*227b * 05-03-2025 14:16:42.433
J20 Value - 3774 * 05-03-2025 14:16:42.462
Command * Level Sensing For J21 - #36,4,28454,8590,0,0*94af
 * 05-03-2025 14:16:42.730
CRC-Response  - 36,4,I001*c872 * 05-03-2025 14:16:42.947
CRC-Response  - 36,4,F000,3617*806c * 05-03-2025 14:16:45.244
J21 Value - 3617 * 05-03-2025 14:16:45.271
Command * Level Sensing For J22 - #37,4,24824,8590,0,0*c0e5
 * 05-03-2025 14:16:45.498
CRC-Response  - 37,4,I001*04b3 * 05-03-2025 14:16:45.710
CRC-Response  - 37,4,F000,3826*f2ce * 05-03-2025 14:16:48.7
J22 Value - 3826 * 05-03-2025 14:16:48.34
Command * Level Sensing For J23 - #38,4,21194,8590,0,0*eae3
 * 05-03-2025 14:16:48.303
CRC-Response  - 38,4,I001*44f3 * 05-03-2025 14:16:48.519
CRC-Response  - 38,4,F000,3812*cedb * 05-03-2025 14:16:50.815
J23 Value - 3812 * 05-03-2025 14:16:50.845
Command * Level Sensing For J24 - #39,4,17564,8590,0,0*0879
 * 05-03-2025 14:16:51.110
CRC-Response  - 39,4,I001*8832 * 05-03-2025 14:16:51.324
CRC-Response  - 39,4,F000,3460*bd9a * 05-03-2025 14:16:53.615
J24 Value - 3460 * 05-03-2025 14:16:53.644
Command * Level Sensing For J25 - #40,4,13934,8590,0,0*ba10
 * 05-03-2025 14:16:53.902
CRC-Response  - 40,4,I001*d2d4 * 05-03-2025 14:16:54.111
CRC-Response  - 40,4,F000,3824*b342 * 05-03-2025 14:16:56.413
J25 Value - 3824 * 05-03-2025 14:16:56.440
Command * Level Sensing For J26 - #41,4,10304,8590,0,0*d953
 * 05-03-2025 14:16:56.698
CRC-Response  - 41,4,I001*1e15 * 05-03-2025 14:16:56.910
CRC-Response  - 41,4,F000,3729*f4b1 * 05-03-2025 14:16:59.206
J26 Value - 3729 * 05-03-2025 14:16:59.234
Command * Level Sensing For J27 - #42,4,21194,16380,0,0*aa1b
 * 05-03-2025 14:16:59.477
CRC-Response  - 42,4,I001*0b55 * 05-03-2025 14:16:59.685
CRC-Response  - 42,4,F000,3880*9242 * 05-03-2025 14:17:02.801
J27 Value - 3880 * 05-03-2025 14:17:02.821
Command * Level Sensing For J28 - #43,4,24824,16380,0,0*41db
 * 05-03-2025 14:17:03.305
CRC-Response  - 43,4,I001*c794 * 05-03-2025 14:17:03.525
CRC-Response  - 43,4,F000,3884*d041 * 05-03-2025 14:17:05.808
J28 Value - 3884 * 05-03-2025 14:17:05.836
Command * Level Sensing For J29 - #44,4,28454,16380,0,0*3e86
 * 05-03-2025 14:17:06.108
CRC-Response  - 44,4,I001*21d5 * 05-03-2025 14:17:06.319
CRC-Response  - 44,4,F000,3851*048e * 05-03-2025 14:17:08.611
J29 Value - 3851 * 05-03-2025 14:17:08.641
Command * Level Sensing For J30 - #45,4,32084,16380,0,0*9f93
 * 05-03-2025 14:17:08.868
CRC-Response  - 45,4,I001*ed14 * 05-03-2025 14:17:09.78
CRC-Response  - 45,4,F000,3853*440d * 05-03-2025 14:17:11.375
J30 Value - 3853 * 05-03-2025 14:17:11.405
Command * Level Sensing For J31 - #46,4,35714,16380,0,0*47c6
 * 05-03-2025 14:17:11.629
CRC-Response  - 46,4,I001*f854 * 05-03-2025 14:17:11.836
CRC-Response  - 46,4,F000,3844*d548 * 05-03-2025 14:17:14.132
J31 Value - 3844 * 05-03-2025 14:17:14.165
Command * Level Sensing For J32 - #47,4,39344,16380,0,0*3ff5
 * 05-03-2025 14:17:14.420
CRC-Response  - 47,4,I001*3495 * 05-03-2025 14:17:14.628
CRC-Response  - 47,4,F000,3836*a5c9 * 05-03-2025 14:17:16.932
J32 Value - 3836 * 05-03-2025 14:17:16.962
Command * Level Sensing For J33 - #48,4,64754,16380,0,0*a398
 * 05-03-2025 14:17:17.223
CRC-Response  - 48,4,I001*74d5 * 05-03-2025 14:17:17.429
CRC-Response  - 48,4,F000,3795*08ab * 05-03-2025 14:17:22.170
J33 Value - 3795 * 05-03-2025 14:17:22.199
Command * Level Sensing For W1 - #49,4,42974,800 ,0,0*ca45
 * 05-03-2025 14:17:22.540
CRC-Response  - 49,4,I001*b814 * 05-03-2025 14:17:22.748
CRC-Response  - 49,4,F000,3792*4be8 * 05-03-2025 14:17:27.98
W1 Value - 3792 * 05-03-2025 14:17:27.126
Command * Level Sensing For W2 - #50,4,46604,800 ,0,0*4cab
 * 05-03-2025 14:17:27.354
CRC-Response  - 50,4,I001*42d9 * 05-03-2025 14:17:27.562
CRC-Response  - 50,4,F000,3791*42b5 * 05-03-2025 14:17:29.858
W2 Value - 3791 * 05-03-2025 14:17:29.887
Command * Level Sensing For W3 - #51,4,50234,800 ,0,0*3c0d
 * 05-03-2025 14:17:30.130
CRC-Response  - 51,4,I001*8e18 * 05-03-2025 14:17:30.339
CRC-Response  - 51,4,F000,3788*5576 * 05-03-2025 14:17:32.637
W3 Value - 3788 * 05-03-2025 14:17:32.667
Command * Level Sensing For W4 - #52,4,50234,8590,0,0*2269
 * 05-03-2025 14:17:32.934
CRC-Response  - 52,4,I001*9b58 * 05-03-2025 14:17:33.145
CRC-Response  - 52,4,F000,3490*c083 * 05-03-2025 14:17:35.615
W4 Value - 3490 * 05-03-2025 14:17:35.645
Command * Level Sensing For W5 - #53,4,46604,8590,0,0*52cf
 * 05-03-2025 14:17:35.748
CRC-Response  - 53,4,I001*5799 * 05-03-2025 14:17:35.954
CRC-Response  - 53,4,F000,3789*d7b0 * 05-03-2025 14:17:38.260
W5 Value - 3789 * 05-03-2025 14:17:38.289
Command * Level Sensing For W6 - #54,4,42974,8590,0,0*c37e
 * 05-03-2025 14:17:38.542
CRC-Response  - 54,4,I001*b1d8 * 05-03-2025 14:17:38.751
CRC-Response  - 54,4,F000,3790*067a * 05-03-2025 14:17:41.53
W6 Value - 3790 * 05-03-2025 14:17:41.83
Command * Level Sensing For H1 - #55,4,2688,1000,0,1*b498
 * 05-03-2025 14:17:41.343
CRC-Response  - 55,4,I001*7d19 * 05-03-2025 14:17:41.553
CRC-Response  - 55,4,F000,4095*3108 * 05-03-2025 14:17:47.964
H1 Value - 4095 * 05-03-2025 14:17:47.993
Command * Level Sensing For H2 - #56,4,2688,8700,0,1*eede
 * 05-03-2025 14:17:48.204
CRC-Response  - 56,4,I001*6859 * 05-03-2025 14:17:48.411
CRC-Response  - 56,4,F000,4095*f20d * 05-03-2025 14:17:50.875
H2 Value - 4095 * 05-03-2025 14:17:50.902
Command * Level Sensing For H3 - #57,4,2688,16380,0,1*6079
 * 05-03-2025 14:17:50.979
CRC-Response  - 57,4,I001*a498 * 05-03-2025 14:17:51.186
CRC-Response  - 57,4,F000,4095*730f * 05-03-2025 14:17:53.648
H3 Value - 4095 * 05-03-2025 14:17:53.675
Command * Home Command - #58,5,01111111*7a76
 * 05-03-2025 14:17:53.801
CRC-Response  - 58,5,I001,01111111*3a29 * 05-03-2025 14:17:54.8
CRC-Response  - 58,5,F000*e11b * 05-03-2025 14:18:06.545
Command * Home Command - #59,5,01111111*b98b
 * 05-03-2025 14:18:08.702
CRC-Response  - 59,5,I001,01111111*aa78 * 05-03-2025 14:18:08.913
CRC-Response  - 59,5,F000*2dda * 05-03-2025 14:18:08.915
Command * SET TEMPERATURE - #0,10,32*870a
 * 05-03-2025 14:18:32.848
CRC-Response  - 0,10,F000*1ae9 * 05-03-2025 14:18:33.133
Command * HEATER ON - #1,12,1*dbe7
 * 05-03-2025 14:18:34.191
CRC-Response  - 1,12,F000*68e5 * 05-03-2025 14:18:34.412
Command * HEATER DOOR CLOSE - #2,8,1,0*21eb
 * 05-03-2025 14:18:35.290
CRC-Response  - 2,8,I001*fd79 * 05-03-2025 14:18:35.497
CRC-Response  - 2,8,F000*29bb * 05-03-2025 14:18:35.840
Command * READ TEMPERATURE - #3,11*ed1a
 * 05-03-2025 14:18:36.63
CRC-Response  - 3,11,F000,39*2bc6 * 05-03-2025 14:18:36.271
Command * WATER VALVE - 1 CONTROL OFF - #4,13,1,0*80ea
 * 05-03-2025 14:18:41.339
CRC-Response  - 4,13,F000*e9db * 05-03-2025 14:18:41.545
Command * WATER VALVE - 2 CONTROL OFF - #5,13,2,0*4cdb
 * 05-03-2025 14:18:42.124
CRC-Response  - 5,13,F000*79d6 * 05-03-2025 14:18:42.331
Command * WATER VALVE - 3 CONTROL OFF - #6,13,3,0*99ca
 * 05-03-2025 14:18:42.885
CRC-Response  - 6,13,F000*89c2 * 05-03-2025 14:18:43.90
Command * WATER VALVE - 4 CONTROL OFF - #7,13,4,0*94ba
 * 05-03-2025 14:18:43.672
CRC-Response  - 7,13,F000*19cf * 05-03-2025 14:18:43.878
Command * WATER VALVE - 5 CONTROL OFF - #8,13,5,0*14ab
 * 05-03-2025 14:18:44.428
CRC-Response  - 8,13,F000*e98e * 05-03-2025 14:18:44.640
Command * WATER VALVE - 6 CONTROL OFF - #9,13,6,0*d89a
 * 05-03-2025 14:18:45.206
CRC-Response  - 9,13,F000*7983 * 05-03-2025 14:18:45.415
Command * Home Command - #10,5,01111111*2199
 * 05-03-2025 14:18:45.966
CRC-Response  - 10,5,I001,01111111*c9ef * 05-03-2025 14:18:46.178
CRC-Response  - 10,5,F000*8728 * 05-03-2025 14:18:46.982
Command * Home Command - #11,5,01111111*e264
 * 05-03-2025 14:18:49.244
CRC-Response  - 11,5,I001,01111111*59be * 05-03-2025 14:18:49.482
CRC-Response  - 11,5,F000*4be9 * 05-03-2025 14:18:49.487
Command * Level Sensing For L1 - #12,4,17564,16380,0,0*6888
 * 05-03-2025 14:18:51.57
CRC-Response  - 12,4,I001*5b6a * 05-03-2025 14:18:51.268
CRC-Response  - 12,4,F000,350*50fe * 05-03-2025 14:18:59.589
L1 Value - 350 * 05-03-2025 14:18:59.618
Command * Level Sensing For L2 - #13,4,13934,16380,0,0*90ad
 * 05-03-2025 14:18:59.881
CRC-Response  - 13,4,I001*97ab * 05-03-2025 14:19:00.101
CRC-Response  - 13,4,F000,361*a3c2 * 05-03-2025 14:19:02.390
L2 Value - 361 * 05-03-2025 14:19:02.419
Command * Level Sensing For L3 - #14,4,10304,16380,0,0*e907
 * 05-03-2025 14:19:02.663
CRC-Response  - 14,4,I001*71ea * 05-03-2025 14:19:02.869
CRC-Response  - 14,4,F000,352*9977 * 05-03-2025 14:19:05.169
L3 Value - 352 * 05-03-2025 14:19:05.197
Command * Home Command - #15,5,01111111*2d95
 * 05-03-2025 14:19:05.444
CRC-Response  - 15,5,I001,01111111*98fc * 05-03-2025 14:19:05.651
CRC-Response  - 15,5,F000*b8e8 * 05-03-2025 14:19:16.725
Command * Home Command - #16,5,01111111*2991
 * 05-03-2025 14:19:18.899
CRC-Response  - 16,5,I001,01111111*680c * 05-03-2025 14:19:19.107
CRC-Response  - 16,5,F000*ada8 * 05-03-2025 14:19:19.110
Rack - 1Protocol Started * 05-03-2025 14:19:25.208
Command * Rack-1 Picked from L1 - #17,2,1,17564,16380,0,0*39ab
 * 05-03-2025 14:19:25.320
CRC-Response  - 17,2,I001,1*7522 * 05-03-2025 14:19:25.536
CRC-Response  - 17,2,F000,1*4a73 * 05-03-2025 14:19:36.188
Command * Rack-1 Placed in H1 - #18,3,1,2688,1000,0,1*f2e9
 * 05-03-2025 14:19:36.779
CRC-Response  - 18,3,I001,1*89d3 * 05-03-2025 14:19:36.987
CRC-Response  - 18,3,F000,1*b682 * 05-03-2025 14:19:43.879
Command * HEATER DOOR CLOSE - #19,8,1,0*32c8
 * 05-03-2025 14:19:44.163
CRC-Response  - 19,8,I001*242b * 05-03-2025 14:19:44.373
CRC-Response  - 19,8,F000*f0e9 * 05-03-2025 14:19:44.718
Command * READ TEMPERATURE - #20,11*4907
 * 05-03-2025 14:19:44.931
CRC-Response  - 20,11,F000,39*74e3 * 05-03-2025 14:19:45.137
Command * HEATER DOOR OPEN - #21,8,1,1*27c0
 * 05-03-2025 14:30:31.362
CRC-Response  - 21,8,I001*723e * 05-03-2025 14:30:31.584
CRC-Response  - 21,8,F000*a6fc * 05-03-2025 14:30:31.927
Rack - 2Protocol Started * 05-03-2025 14:30:32.592
Command * Rack-2 Picked from L2 - #22,2,1,13934,16380,0,0*7d95
 * 05-03-2025 14:30:32.684
CRC-Response  - 22,2,I001,1*213d * 05-03-2025 14:30:32.889
CRC-Response  - 22,2,F000,1*1e6c * 05-03-2025 14:30:39.356
Command * Rack-2 Placed in H2 - #23,3,1,2688,8700,0,1*4ebd
 * 05-03-2025 14:30:39.544
CRC-Response  - 23,3,I001,1*28ad * 05-03-2025 14:30:39.762
CRC-Response  - 23,3,F000,1*17fc * 05-03-2025 14:30:46.217
Command * HEATER DOOR CLOSE - #24,8,1,0*e754
 * 05-03-2025 14:30:46.404
CRC-Response  - 24,8,I001*4dfe * 05-03-2025 14:30:46.607
CRC-Response  - 24,8,F000*993c * 05-03-2025 14:30:46.964
Command * READ TEMPERATURE - #25,11*8507
 * 05-03-2025 14:30:47.164
CRC-Response  - 25,11,F000,40*4e2d * 05-03-2025 14:30:47.381
Command * HEATER DOOR OPEN - #26,8,1,1*e7b6
 * 05-03-2025 14:39:44.374
CRC-Response  - 26,8,I001*947f * 05-03-2025 14:39:44.588
CRC-Response  - 26,8,F000*40bd * 05-03-2025 14:39:44.928
Command * Rack-1 Picked from H1 - #27,2,1,2688,1000,0,1*44ab
 * 05-03-2025 14:39:45.142
CRC-Response  - 27,2,I001,1*312d * 05-03-2025 14:39:45.345
CRC-Response  - 27,2,F000,1*0e7c * 05-03-2025 14:39:51.121
Command * HEATER DOOR CLOSE - #28,8,1,0*e798
 * 05-03-2025 14:39:51.533
CRC-Response  - 28,8,I001*18fe * 05-03-2025 14:39:51.743
CRC-Response  - 28,8,F000*cc3c * 05-03-2025 14:39:52.98
Command * Rack-1 Placed in J1 - #29,3,1,10304,800,0,0*ad1b
 * 05-03-2025 14:39:52.298
CRC-Response  - 29,3,I001,1*088d * 05-03-2025 14:39:52.514
CRC-Response  - 29,3,F000,1*37dc * 05-03-2025 14:39:58.564
Command * HEATER DOOR OPEN - #30,8,1,1*2b11
 * 05-03-2025 14:41:33.238
CRC-Response  - 30,8,I001*2ef2 * 05-03-2025 14:41:33.505
CRC-Response  - 30,8,F000*fa30 * 05-03-2025 14:41:33.795
Rack - R3Protocol Started * 05-03-2025 14:41:34.510
Command * Rack-3 Picked from L3 - #31,2,1,10304,16380,0,0*8f69
 * 05-03-2025 14:41:34.590
CRC-Response  - 31,2,I001,1*d2c9 * 05-03-2025 14:41:34.804
CRC-Response  - 31,2,F000,1*ed98 * 05-03-2025 14:41:41.202
Command * Rack-3 Placed in H3 - #32,3,1,2688,16380,0,1*b5e5
 * 05-03-2025 14:41:41.438
CRC-Response  - 32,3,I001,1*11f8 * 05-03-2025 14:41:41.656
CRC-Response  - 32,3,F000,1*2ea9 * 05-03-2025 14:41:47.700
Command * HEATER DOOR CLOSE - #33,8,1,0*ebe3
 * 05-03-2025 14:41:48.305
CRC-Response  - 33,8,I001*3bb2 * 05-03-2025 14:41:48.512
CRC-Response  - 33,8,F000*ef70 * 05-03-2025 14:41:48.855
Command * READ TEMPERATURE - #34,11*b93b
 * 05-03-2025 14:41:49.75
CRC-Response  - 34,11,F000,40*0cd2 * 05-03-2025 14:41:49.287
Command * Rack-1 Picked from J1 - #35,2,1,10304,800,0,0*bd64
 * 05-03-2025 14:44:58.811
CRC-Response  - 35,2,I001,1*0788 * 05-03-2025 14:44:59.66
CRC-Response  - 35,2,F000,1*38d9 * 05-03-2025 14:45:05.435
Command * Rack-1 Placed in J2 - #36,3,1,13934,800 ,0,0*3865
 * 05-03-2025 14:45:05.683
CRC-Response  - 36,3,I001,1*c4b9 * 05-03-2025 14:45:05.898
CRC-Response  - 36,3,F000,1*fbe8 * 05-03-2025 14:45:11.507
Command * Rack-1 Picked from J2 - #37,2,1,13934,800 ,0,0*1509
 * 05-03-2025 14:50:12.36
CRC-Response  - 37,2,I001,1*cd29 * 05-03-2025 14:50:12.253
CRC-Response  - 37,2,F000,1*f278 * 05-03-2025 14:50:17.348
Command * Rack-1 Placed in J3 - #38,3,1,17564,800 ,0,0*4f03
 * 05-03-2025 14:50:17.898
CRC-Response  - 38,3,I001,1*31d8 * 05-03-2025 14:50:18.119
CRC-Response  - 38,3,F000,1*0e89 * 05-03-2025 14:50:23.709
Command * HEATER DOOR OPEN - #39,8,1,1*2b88
 * 05-03-2025 14:50:46.462
CRC-Response  - 39,8,I001*4432 * 05-03-2025 14:50:46.677
CRC-Response  - 39,8,F000*90f0 * 05-03-2025 14:50:47.15
Command * Rack-2 Picked from H2 - #40,2,1,2688,8700,0,1*fc20
 * 05-03-2025 14:50:47.225
CRC-Response  - 40,2,I001,1*6382 * 05-03-2025 14:50:47.435
CRC-Response  - 40,2,F000,1*5cd3 * 05-03-2025 14:50:54.318
Command * HEATER DOOR CLOSE - #41,8,1,0*cd81
 * 05-03-2025 14:50:54.585
CRC-Response  - 41,8,I001*d215 * 05-03-2025 14:50:54.800
CRC-Response  - 41,8,F000*06d7 * 05-03-2025 14:50:55.140
Command * Rack-2 Placed in J1 - #42,3,1,10304,800,0,0*ee35
 * 05-03-2025 14:50:55.354
CRC-Response  - 42,3,I001,1*65e2 * 05-03-2025 14:50:55.573
CRC-Response  - 42,3,F000,1*5ab3 * 05-03-2025 14:51:01.636
Command * HEATER DOOR OPEN - #43,8,1,1*cd63
 * 05-03-2025 14:52:36.600
CRC-Response  - 43,8,I001*0b94 * 05-03-2025 14:52:36.884
CRC-Response  - 43,8,F000*df56 * 05-03-2025 14:52:37.162
Command * Level Sensing For L1 - #44,4,17564,16380,0,0*b5cc
 * 05-03-2025 14:52:37.432
CRC-Response  - 44,4,I001*21d5 * 05-03-2025 14:52:37.643
CRC-Response  - 44,4,F000,324*aef9 * 05-03-2025 14:52:41.730
L1 Value - 324 * 05-03-2025 14:52:41.762
Command * Level Sensing For L2 - #45,4,13934,16380,0,0*4de9
 * 05-03-2025 14:52:42.243
CRC-Response  - 45,4,I001*ed14 * 05-03-2025 14:52:42.457
CRC-Response  - 45,4,F000,3692*47a8 * 05-03-2025 14:52:44.755
L2 Value - 3692 * 05-03-2025 14:52:44.782
Command * Level Sensing For L3 - #46,4,10304,16380,0,0*04b2
 * 05-03-2025 14:52:45.12
CRC-Response  - 46,4,I001*f854 * 05-03-2025 14:52:45.227
CRC-Response  - 46,4,F000,3683*d46d * 05-03-2025 14:52:47.522
L3 Value - 3683 * 05-03-2025 14:52:47.548
Command * Home Command - #47,5,01111111*ef60
 * 05-03-2025 14:52:47.807
CRC-Response  - 47,5,I001,01111111*354d * 05-03-2025 14:52:48.19
CRC-Response  - 47,5,F000*3156 * 05-03-2025 14:52:59.83
Command * Home Command - #48,5,01111111*fb74
 * 05-03-2025 14:53:01.660
CRC-Response  - 48,5,I001,01111111*c678 * 05-03-2025 14:53:01.879
CRC-Response  - 48,5,F000*7116 * 05-03-2025 14:53:01.885
Rack - 4Protocol Started * 05-03-2025 14:53:07.754
Command * Rack-4 Picked from L1 - #49,2,1,17564,16380,0,0*28d1
 * 05-03-2025 14:53:07.867
CRC-Response  - 49,2,I001,1*4c52 * 05-03-2025 14:53:08.84
CRC-Response  - 49,2,F000,1*7303 * 05-03-2025 14:53:18.733
Command * Rack-4 Placed in H1 - #50,3,1,2688,1000,0,1*17fa
 * 05-03-2025 14:53:19.277
CRC-Response  - 50,3,I001,1*5347 * 05-03-2025 14:53:19.484
CRC-Response  - 50,3,F000,1*6c16 * 05-03-2025 14:53:26.378
Command * HEATER DOOR CLOSE - #51,8,1,0*0140
 * 05-03-2025 14:53:26.612
CRC-Response  - 51,8,I001*4218 * 05-03-2025 14:53:26.830
CRC-Response  - 51,8,F000*96da * 05-03-2025 14:53:27.169
Command * READ TEMPERATURE - #52,11*31b3
 * 05-03-2025 14:53:27.410
CRC-Response  - 52,11,F000,39*f411 * 05-03-2025 14:53:27.616
Command * Rack-1 Picked from J3 - #53,2,1,17564,800 ,0,0*af91
 * 05-03-2025 14:55:24.455
CRC-Response  - 53,2,I001,1*9076 * 05-03-2025 14:55:24.677
CRC-Response  - 53,2,F000,1*af27 * 05-03-2025 14:55:31.538
Command * Rack-1 Placed in J4 - #54,3,1,21194,800 ,0,0*fabe
 * 05-03-2025 14:55:31.838
CRC-Response  - 54,3,I001,1*8606 * 05-03-2025 14:55:32.46
CRC-Response  - 54,3,F000,1*b957 * 05-03-2025 14:55:37.653
Command * Rack-2 Picked from J1 - #55,2,1,10304,800,0,0*dbec
 * 05-03-2025 14:56:03.80
CRC-Response  - 55,2,I001,1*8f96 * 05-03-2025 14:56:03.345
CRC-Response  - 55,2,F000,1*b0c7 * 05-03-2025 14:56:09.714
Command * Rack-2 Placed in J2 - #56,3,1,13934,800 ,0,0*5e03
 * 05-03-2025 14:56:09.985
CRC-Response  - 56,3,I001,1*4ca7 * 05-03-2025 14:56:10.194
CRC-Response  - 56,3,F000,1*73f6 * 05-03-2025 14:56:15.806
Command * Rack-1 Picked from J4 - #57,2,1,21194,800 ,0,0*35ab
 * 05-03-2025 14:58:38.962
CRC-Response  - 57,2,I001,1*4537 * 05-03-2025 14:58:39.178
CRC-Response  - 57,2,F000,1*7a66 * 05-03-2025 14:58:45.186
Command * Rack-1 Placed in J5 - #58,3,1,24824,800 ,0,0*0a9b
 * 05-03-2025 14:58:45.297
CRC-Response  - 58,3,I001,1*b9c6 * 05-03-2025 14:58:45.515
CRC-Response  - 58,3,F000,1*8697 * 05-03-2025 14:58:51.115
Command * Rack-2 Picked from J2 - #59,2,1,13934,800 ,0,0*5c06
 * 05-03-2025 15:01:16.621
CRC-Response  - 59,2,I001,1*b056 * 05-03-2025 15:01:16.911
CRC-Response  - 59,2,F000,1*8f07 * 05-03-2025 15:01:23.258
Command * Rack-2 Placed in J3 - #60,3,1,17564,800 ,0,0*53b7
 * 05-03-2025 15:01:23.533
CRC-Response  - 60,3,I001,1*1748 * 05-03-2025 15:01:23.741
CRC-Response  - 60,3,F000,1*2819 * 05-03-2025 15:01:29.364
Command * HEATER DOOR OPEN - #61,8,1,1*d4c1
 * 05-03-2025 15:01:49.236
CRC-Response  - 61,8,I001*b20c * 05-03-2025 15:01:49.463
CRC-Response  - 61,8,F000*66ce * 05-03-2025 15:01:49.791
Command * Rack-3 Picked from H3 - #62,2,1,2688,16380,0,1*1ce1
 * 05-03-2025 15:01:50.35
CRC-Response  - 62,2,I001,1*1128 * 05-03-2025 15:01:50.253
11 Secconds Timer incrementes in Jar J5 for R1 as other racks picking by RA in tmr_r1_incub() * 05-03-2025 15:01:52.426
CRC-Response  - 62,2,F000,1*2e79 * 05-03-2025 15:01:57.132
Command * HEATER DOOR CLOSE - #63,8,1,0*d423
 * 05-03-2025 15:01:57.393
CRC-Response  - 63,8,I001*6b8d * 05-03-2025 15:01:57.610
CRC-Response  - 63,8,F000*bf4f * 05-03-2025 15:01:57.949
Command * Rack-3 Placed in J1 - #64,3,1,10304,800,0,0*84c4
 * 05-03-2025 15:01:58.202
CRC-Response  - 64,3,I001,1*c209 * 05-03-2025 15:01:58.413
11 Secconds Timer incrementes in Jar J5 for R1 as other racks picking by RA in tmr_r1_incub() * 05-03-2025 15:02:03.509
CRC-Response  - 64,3,F000,1*fd58 * 05-03-2025 15:02:04.833
Command * Rack-1 Picked from J5 - #65,2,1,24824,800 ,0,0*d9d4
 * 05-03-2025 15:02:14.658
CRC-Response  - 65,2,I001,1*cb99 * 05-03-2025 15:02:14.866
CRC-Response  - 65,2,F000,1*f4c8 * 05-03-2025 15:02:21.721
Command * Rack-1 Placed in J6 - #66,3,1,28454,800 ,0,0*beda
 * 05-03-2025 15:02:22.24
CRC-Response  - 66,3,I001,1*08a8 * 05-03-2025 15:02:22.239
CRC-Response  - 66,3,F000,1*37f9 * 05-03-2025 15:02:27.847
Command * HEATER DOOR OPEN - #67,8,1,1*d4a7
 * 05-03-2025 15:04:14.998
CRC-Response  - 67,8,I001*988c * 05-03-2025 15:04:15.254
CRC-Response  - 67,8,F000*4c4e * 05-03-2025 15:04:15.561
Command * Level Sensing For L1 - #68,4,17564,16380,0,0*06a6
 * 05-03-2025 15:04:15.836
CRC-Response  - 68,4,I001*14cc * 05-03-2025 15:04:16.56
CRC-Response  - 68,4,F000,352*ce6c * 05-03-2025 15:04:20.150
L1 Value - 352 * 05-03-2025 15:04:20.179
Command * Level Sensing For L2 - #69,4,13934,16380,0,0*fe83
 * 05-03-2025 15:04:20.647
CRC-Response  - 69,4,I001*d80d * 05-03-2025 15:04:20.864
CRC-Response  - 69,4,F000,341*9cd0 * 05-03-2025 15:04:23.154
L2 Value - 341 * 05-03-2025 15:04:23.187
Command * Level Sensing For L3 - #70,4,10304,16380,0,0*bf7e
 * 05-03-2025 15:04:23.436
CRC-Response  - 70,4,I001*22c0 * 05-03-2025 15:04:23.649
CRC-Response  - 70,4,F000,343*c04f * 05-03-2025 15:04:25.938
L3 Value - 343 * 05-03-2025 15:04:25.969
Command * Home Command - #71,5,01111111*246d
 * 05-03-2025 15:04:26.193
CRC-Response  - 71,5,I001,01111111*d05e * 05-03-2025 15:04:26.401
CRC-Response  - 71,5,F000*ebc2 * 05-03-2025 15:04:37.455
Command * Home Command - #72,5,01111111*2069
 * 05-03-2025 15:04:39.604
CRC-Response  - 72,5,I001,01111111*20ae * 05-03-2025 15:04:39.813
CRC-Response  - 72,5,F000*fe82 * 05-03-2025 15:04:39.826
Rack - 5Protocol Started * 05-03-2025 15:04:56.53
Command * Rack-5 Picked from L1 - #73,2,1,17564,16380,0,0*9708
 * 05-03-2025 15:04:56.187
CRC-Response  - 73,2,I001,1*287d * 05-03-2025 15:04:56.395
CRC-Response  - 73,2,F000,1*172c * 05-03-2025 15:05:07.48
Command * Rack-5 Placed in H2 - #74,3,1,2688,8700,0,1*6fc4
 * 05-03-2025 15:05:07.600
CRC-Response  - 74,3,I001,1*3e0d * 05-03-2025 15:05:07.807
CRC-Response  - 74,3,F000,1*015c * 05-03-2025 15:05:14.683
Command * HEATER DOOR CLOSE - #75,8,1,0*1884
 * 05-03-2025 15:05:14.916
CRC-Response  - 75,8,I001*d100 * 05-03-2025 15:05:15.129
CRC-Response  - 75,8,F000*05c2 * 05-03-2025 15:05:15.472
Command * READ TEMPERATURE - #76,11*c1cb
 * 05-03-2025 15:05:15.681
CRC-Response  - 76,11,F000,39*79e7 * 05-03-2025 15:05:15.890
Command * WATER VALVE - 1 CONTROL ON - #77,13,1,1*9f53
 * 05-03-2025 15:05:15.977
CRC-Response  - 77,13,F000*cb04 * 05-03-2025 15:05:21.234
Command * Rack-1 Picked from J6 - #78,2,1,28454,800 ,0,0*bcf2
 * 05-03-2025 15:05:28.898
CRC-Response  - 78,2,I001,1*cd0c * 05-03-2025 15:05:29.113
CRC-Response  - 78,2,F000,1*f25d * 05-03-2025 15:05:37.205
Command * Rack-1 Placed in W1 - #79,3,1,42974,800 ,0,0*f666
 * 05-03-2025 15:05:37.331
CRC-Response  - 79,3,I001,1*c49c * 05-03-2025 15:05:37.545
CRC-Response  - 79,3,F000,1*fbcd * 05-03-2025 15:05:44.369
Command * Rack-2 Picked from J3 - #80,2,1,17564,800 ,0,0*8109
 * 05-03-2025 15:06:30.858
CRC-Response  - 80,2,I001,1*33bd * 05-03-2025 15:06:31.90
CRC-Response  - 80,2,F000,1*0cec * 05-03-2025 15:06:39.126
Command * Rack-2 Placed in J4 - #81,3,1,21194,800 ,0,0*b2ae
 * 05-03-2025 15:06:39.294
CRC-Response  - 81,3,I001,1*3a2d * 05-03-2025 15:06:39.513
CRC-Response  - 81,3,F000,1*057c * 05-03-2025 15:06:45.112
Command * Rack-3 Picked from J1 - #82,2,1,10304,800,0,0*b374
 * 05-03-2025 15:07:05.232
CRC-Response  - 82,2,I001,1*f91c * 05-03-2025 15:07:05.518
CRC-Response  - 82,2,F000,1*c64d * 05-03-2025 15:07:11.864
Command * Rack-3 Placed in J2 - #83,3,1,13934,800 ,0,0*1613
 * 05-03-2025 15:07:12.175
CRC-Response  - 83,3,I001,1*f08c * 05-03-2025 15:07:12.384
CRC-Response  - 83,3,F000,1*cfdd * 05-03-2025 15:07:18.1
Command * WATER VALVE - 1 CONTROL OFF - #84,13,1,0*ba93
 * 05-03-2025 15:08:45.330
CRC-Response  - 84,13,F000*0b20 * 05-03-2025 15:08:45.542
Command * Rack-1 Picked from W1 - #85,2,1,42974,800 ,0,0*38d8
 * 05-03-2025 15:08:45.598
CRC-Response  - 85,2,I001,1*23ad * 05-03-2025 15:08:50.844
CRC-Response  - 85,2,F000,1*1cfc * 05-03-2025 15:08:54.278
Command * Rack-1 Placed in J8 - #86,3,1,35714,800 ,0,0*2837
 * 05-03-2025 15:08:54.740
CRC-Response  - 86,3,I001,1*e09c * 05-03-2025 15:08:54.958
CRC-Response  - 86,3,F000,1*dfcd * 05-03-2025 15:09:00.970
Command * Rack-2 Picked from J4 - #87,2,1,21194,800 ,0,0*2877
 * 05-03-2025 15:09:46.338
CRC-Response  - 87,2,I001,1*e90c * 05-03-2025 15:09:46.551
CRC-Response  - 87,2,F000,1*d65d * 05-03-2025 15:09:53.392
Command * Rack-2 Placed in J5 - #88,3,1,24824,800 ,0,0*1747
 * 05-03-2025 15:09:53.677
CRC-Response  - 88,3,I001,1*15fd * 05-03-2025 15:09:53.884
CRC-Response  - 88,3,F000,1*2aac * 05-03-2025 15:09:59.501
Command * Rack-3 Picked from J2 - #89,2,1,13934,800 ,0,0*41da
 * 05-03-2025 15:12:18.655
CRC-Response  - 89,2,I001,1*1c6d * 05-03-2025 15:12:18.860
CRC-Response  - 89,2,F000,1*233c * 05-03-2025 15:12:25.292
Command * Rack-3 Placed in J3 - #90,3,1,17564,800 ,0,0*ac48
 * 05-03-2025 15:12:25.483
CRC-Response  - 90,3,I001,1*0378 * 05-03-2025 15:12:25.694
CRC-Response  - 90,3,F000,1*3c29 * 05-03-2025 15:12:31.297
Command * Rack-2 Picked from J5 - #91,2,1,24824,800 ,0,0*a2da
 * 05-03-2025 15:13:00.806
CRC-Response  - 91,2,I001,1*0ae8 * 05-03-2025 15:13:01.36
CRC-Response  - 91,2,F000,1*35b9 * 05-03-2025 15:13:07.25
Command * Rack-2 Placed in J6 - #92,3,1,28454,800 ,0,0*c5d4
 * 05-03-2025 15:13:07.170
CRC-Response  - 92,3,I001,1*c9d9 * 05-03-2025 15:13:07.379
CRC-Response  - 92,3,F000,1*f688 * 05-03-2025 15:13:12.988
Command * HEATER DOOR OPEN - #93,8,1,1*54a2
 * 05-03-2025 15:13:26.931
CRC-Response  - 93,8,I001*9bcc * 05-03-2025 15:13:27.139
CRC-Response  - 93,8,F000*4f0e * 05-03-2025 15:13:27.484
Command * Rack-4 Picked from H1 - #94,2,1,2688,1000,0,1*7a4a
 * 05-03-2025 15:13:27.694
CRC-Response  - 94,2,I001,1*1af8 * 05-03-2025 15:13:27.902
CRC-Response  - 94,2,F000,1*25a9 * 05-03-2025 15:13:36.7
Command * HEATER DOOR CLOSE - #95,8,1,0*9405
 * 05-03-2025 15:13:36.557
CRC-Response  - 95,8,I001*b14c * 05-03-2025 15:13:36.765
CRC-Response  - 95,8,F000*658e * 05-03-2025 15:13:37.108
Command * Rack-4 Placed in J1 - #96,3,1,10304,800,0,0*c2e9
 * 05-03-2025 15:13:37.322
CRC-Response  - 96,3,I001,1*1c98 * 05-03-2025 15:13:37.529
CRC-Response  - 96,3,F000,1*23c9 * 05-03-2025 15:13:43.587
Command * Rack-2 Picked from J6 - #97,2,1,28454,800 ,0,0*6c49
 * 05-03-2025 15:16:14.136
CRC-Response  - 97,2,I001,1*1508 * 05-03-2025 15:16:14.346
CRC-Response  - 97,2,F000,1*2a59 * 05-03-2025 15:16:21.587
Command * Rack-2 Placed in W1 - #98,3,1,42974,800 ,0,0*09b4
 * 05-03-2025 15:16:21.983
CRC-Response  - 98,3,I001,1*e9f9 * 05-03-2025 15:16:22.193
CRC-Response  - 98,3,F000,1*d6a8 * 05-03-2025 15:16:29.14
Command * HEATER DOOR OPEN - #99,8,1,1*5408
 * 05-03-2025 15:16:30.475
CRC-Response  - 99,8,I001*e44c * 05-03-2025 15:16:30.749
CRC-Response  - 99,8,F000*308e * 05-03-2025 15:16:31.29
Rack - 6Protocol Started * 05-03-2025 15:16:31.696
Command * Rack-6 Picked from L2 - #100,2,1,13934,16380,0,0*3f9e
 * 05-03-2025 15:16:31.813
CRC-Response  - 100,2,I001,1*3648 * 05-03-2025 15:16:32.21
CRC-Response  - 100,2,F000,1*0919 * 05-03-2025 15:16:40.503
Command * Rack-6 Placed in H1 - #101,3,1,2688,1000,0,1*9c11
 * 05-03-2025 15:16:40.663
CRC-Response  - 101,3,I001,1*3fd8 * 05-03-2025 15:16:40.871
CRC-Response  - 101,3,F000,1*0089 * 05-03-2025 15:16:47.345
Command * HEATER DOOR CLOSE - #102,8,1,0*54a0
 * 05-03-2025 15:16:47.503
CRC-Response  - 102,8,I001*ca4c * 05-03-2025 15:16:47.715
CRC-Response  - 102,8,F000*1e8e * 05-03-2025 15:16:48.56
Command * READ TEMPERATURE - #103,11*f75e
 * 05-03-2025 15:16:48.297
CRC-Response  - 103,11,F000,41*df7b * 05-03-2025 15:16:48.503
Command * WATER VALVE - 2 CONTROL ON - #104,13,2,1*77ee
 * 05-03-2025 15:16:54.313
CRC-Response  - 104,13,F000*fe2c * 05-03-2025 15:16:54.531
Command * Rack-1 Picked from J8 - #105,2,1,35714,800 ,0,0*6408
 * 05-03-2025 15:17:02.342
CRC-Response  - 105,2,I001,1*2658 * 05-03-2025 15:17:02.557
CRC-Response  - 105,2,F000,1*1909 * 05-03-2025 15:17:11.463
Command * Rack-1 Placed in W2 - #106,3,1,46604,800 ,0,0*90e7
 * 05-03-2025 15:17:11.736
CRC-Response  - 106,3,I001,1*e569 * 05-03-2025 15:17:11.942
CRC-Response  - 106,3,F000,1*da38 * 05-03-2025 15:17:18.354
Command * Rack-3 Picked from J3 - #107,2,1,17564,800 ,0,0*b596
 * 05-03-2025 15:17:32.173
CRC-Response  - 107,2,I001,1*ecf9 * 05-03-2025 15:17:32.381
CRC-Response  - 107,2,F000,1*d3a8 * 05-03-2025 15:17:40.848
Command * Rack-3 Placed in J4 - #108,3,1,21194,800 ,0,0*a958
 * 05-03-2025 15:17:41.73
CRC-Response  - 108,3,I001,1*1008 * 05-03-2025 15:17:41.282
CRC-Response  - 108,3,F000,1*2f59 * 05-03-2025 15:17:46.894
Command * Rack-4 Picked from J1 - #109,2,1,10304,800,0,0*fd29
 * 05-03-2025 15:18:43.829
CRC-Response  - 109,2,I001,1*1998 * 05-03-2025 15:18:44.77
CRC-Response  - 109,2,F000,1*26c9 * 05-03-2025 15:18:50.464
Command * Rack-4 Placed in J2 - #110,3,1,13934,800 ,0,0*776d
 * 05-03-2025 15:18:50.788
CRC-Response  - 110,3,I001,1*068d * 05-03-2025 15:18:51.6
CRC-Response  - 110,3,F000,1*39dc * 05-03-2025 15:18:56.595
Command * WATER VALVE - 1 CONTROL OFF - #111,13,1,0*1812
 * 05-03-2025 15:19:30.77
CRC-Response  - 111,13,F000*6b42 * 05-03-2025 15:19:30.358
Command * Rack-2 Picked from W1 - #112,2,1,42974,800 ,0,0*dd57
 * 05-03-2025 15:19:30.434
CRC-Response  - 112,2,I001,1*00ed * 05-03-2025 15:19:30.650
CRC-Response  - 112,2,F000,1*3fbc * 05-03-2025 15:19:39.110
Command * Rack-2 Placed in J8 - #113,3,1,35714,800 ,0,0*2fc1
 * 05-03-2025 15:19:39.276
CRC-Response  - 113,3,I001,1*097d * 05-03-2025 15:19:39.483
CRC-Response  - 113,3,F000,1*362c * 05-03-2025 15:19:45.498
Command * WATER VALVE - 2 CONTROL OFF - #114,13,2,0*2722
 * 05-03-2025 15:20:19.341
CRC-Response  - 114,13,F000*3b7d * 05-03-2025 15:20:19.620
Command * Rack-1 Picked from W2 - #115,2,1,46604,800 ,0,0*8ee2
 * 05-03-2025 15:20:19.694
CRC-Response  - 115,2,I001,1*da5c * 05-03-2025 15:20:19.915
CRC-Response  - 115,2,F000,1*e50d * 05-03-2025 15:20:26.329
Command * Rack-1 Dipped in J9 - #116,17,1,39344,800 ,1,1,1*ddf4
 * 05-03-2025 15:20:27.104
CRC-Response  - 116,17,I001,1*e3e6 * 05-03-2025 15:20:27.319
CRC-Response  - 116,17,F000,1*dcb7 * 05-03-2025 15:20:33.130
Command * Rack-1 Placed in W2 - #117,3,1,46604,800 ,0,0*90ca
 * 05-03-2025 15:20:33.959
CRC-Response  - 117,3,I001,1*dc3c * 05-03-2025 15:20:34.168
CRC-Response  - 117,3,F000,1*e36d * 05-03-2025 15:20:40.191
Command * Rack-3 Picked from J4 - #118,2,1,21194,800 ,0,0*8419
 * 05-03-2025 15:20:48.134
CRC-Response  - 118,2,I001,1*20cd * 05-03-2025 15:20:48.339
CRC-Response  - 118,2,F000,1*1f9c * 05-03-2025 15:20:56.388
Command * Rack-3 Placed in J5 - #119,3,1,24824,800 ,0,0*9440
 * 05-03-2025 15:20:56.518
CRC-Response  - 119,3,I001,1*295d * 05-03-2025 15:20:56.729
CRC-Response  - 119,3,F000,1*160c * 05-03-2025 15:21:02.325
Command * WATER VALVE - 2 CONTROL OFF - #120,13,2,0*2437
 * 05-03-2025 15:23:41.114
CRC-Response  - 120,13,F000*f4bf * 05-03-2025 15:23:41.330
Command * Rack-1 Picked from W2 - #121,2,1,46604,800 ,0,0*3920
 * 05-03-2025 15:23:41.399
CRC-Response  - 121,2,I001,1*4b12 * 05-03-2025 15:23:46.639
CRC-Response  - 121,2,F000,1*7443 * 05-03-2025 15:23:49.250
Command * Rack-1 Dipped in J18 - #122,17,1,39344,8590,1,1,1*2acc
 * 05-03-2025 15:23:50.50
CRC-Response  - 122,17,I001,1*d7f7 * 05-03-2025 15:23:50.259
CRC-Response  - 122,17,F000,1*e8a6 * 05-03-2025 15:23:56.83
Command * Rack-1 Placed in W6 - #123,3,1,42974,8590,0,0*999c
 * 05-03-2025 15:23:56.901
CRC-Response  - 123,3,I001,1*4d72 * 05-03-2025 15:23:57.122
11 Secconds Timer incrementes in Jar J2 for R4 as other racks picking by RA in tmr_r4_incub() * 05-03-2025 15:23:57.248
CRC-Response  - 123,3,F000,1*7223 * 05-03-2025 15:24:02.728
11 Secconds Timer incrementes in Jar J5 for R3 as previous racks are in Waiting in tmr_r3_incub() * 05-03-2025 15:24:03.426
Command * Rack-4 Picked from J2 - #124,2,1,13934,800 ,0,0*3cfe
 * 05-03-2025 15:24:08.327
CRC-Response  - 124,2,I001,1*5b02 * 05-03-2025 15:24:08.546
11 Secconds Timer incrementes in Jar J5 for R3 as other racks picking by RA in tmr_r3_incub() * 05-03-2025 15:24:14.457
CRC-Response  - 124,2,F000,1*6453 * 05-03-2025 15:24:17.9
Command * Rack-4 Placed in J3 - #125,3,1,17564,800 ,0,0*499d
 * 05-03-2025 15:24:17.259
CRC-Response  - 125,3,I001,1*5292 * 05-03-2025 15:24:17.474
CRC-Response  - 125,3,F000,1*6dc3 * 05-03-2025 15:24:23.86
Command * Rack-3 Picked from J5 - #126,2,1,24824,800 ,0,0*a576
 * 05-03-2025 15:24:25.536
CRC-Response  - 126,2,I001,1*91a3 * 05-03-2025 15:24:25.745
CRC-Response  - 126,2,F000,1*aef2 * 05-03-2025 15:24:31.769
Command * Rack-3 Placed in J6 - #127,3,1,28454,800 ,0,0*2001
 * 05-03-2025 15:24:31.899
CRC-Response  - 127,3,I001,1*9833 * 05-03-2025 15:24:32.108
CRC-Response  - 127,3,F000,1*a762 * 05-03-2025 15:24:37.728
Command * HEATER DOOR OPEN - #128,8,1,1*4d4a
 * 05-03-2025 15:25:15.874
CRC-Response  - 128,8,I001*d5d5 * 05-03-2025 15:25:16.83
CRC-Response  - 128,8,F000*0117 * 05-03-2025 15:25:16.436
Command * Rack-5 Picked from H2 - #129,2,1,2688,8700,0,1*256d
 * 05-03-2025 15:25:16.659
CRC-Response  - 129,2,I001,1*a193 * 05-03-2025 15:25:16.868
CRC-Response  - 129,2,F000,1*9ec2 * 05-03-2025 15:25:24.969
Command * Rack-5 Placed in J1 - #130,3,1,10304,800,0,0*c3e3
 * 05-03-2025 15:25:25.565
CRC-Response  - 130,3,I001,1*be86 * 05-03-2025 15:25:25.773
CRC-Response  - 130,3,F000,1*81d7 * 05-03-2025 15:25:31.837
Command * WATER VALVE - 6 CONTROL OFF - #131,13,6,0*b9ba
 * 05-03-2025 15:27:03.859
CRC-Response  - 131,13,F000*a1e3 * 05-03-2025 15:27:04.177
Command * Rack-1 Picked from W6 - #132,2,1,42974,8590,0,0*65e0
 * 05-03-2025 15:27:04.236
CRC-Response  - 132,2,I001,1*b8e6 * 05-03-2025 15:27:09.481
CRC-Response  - 132,2,F000,1*87b7 * 05-03-2025 15:27:13.335
Command * Rack-1 Dipped in J19 - #133,17,1,35714,8590,1,1,1*e759
 * 05-03-2025 15:27:13.842
CRC-Response  - 133,17,I001,1*e80e * 05-03-2025 15:27:14.62
CRC-Response  - 133,17,F000,1*d75f * 05-03-2025 15:27:19.857
Command * Rack-1 Placed in J20 - #134,3,1,32084,8590,0,0*3013
 * 05-03-2025 15:27:20.198
CRC-Response  - 134,3,I001,1*6bc7 * 05-03-2025 15:27:20.417
CRC-Response  - 134,3,F000,1*5496 * 05-03-2025 15:27:26.19
Command * WATER VALVE - 1 CONTROL ON - #135,13,1,1*4bcb
 * 05-03-2025 15:27:26.876
CRC-Response  - 135,13,F000*61d1 * 05-03-2025 15:27:27.92
Command * WATER VALVE - 2 CONTROL ON - #136,13,2,1*5e7b
 * 05-03-2025 15:27:28.372
CRC-Response  - 136,13,F000*91c5 * 05-03-2025 15:27:28.578
Command * Rack-3 Picked from J6 - #137,2,1,28454,800 ,0,0*0d40
 * 05-03-2025 15:27:38.904
CRC-Response  - 137,2,I001,1*a8f6 * 05-03-2025 15:27:39.116
CRC-Response  - 137,2,F000,1*97a7 * 05-03-2025 15:27:44.920
Command * Rack-3 Placed in W1 - #138,3,1,42974,800 ,0,0*68bd
 * 05-03-2025 15:27:45.301
CRC-Response  - 138,3,I001,1*5407 * 05-03-2025 15:27:45.484
11 Secconds Timer incrementes in Jar J8 for R2 as other racks picking by RA in tmr_r2_incub() * 05-03-2025 15:27:46.397
CRC-Response  - 138,3,F000,1*6b56 * 05-03-2025 15:27:52.305
Command * Rack-2 Picked from J8 - #139,2,1,35714,800 ,0,0*9a2b
 * 05-03-2025 15:27:57.490
CRC-Response  - 139,2,I001,1*5d97 * 05-03-2025 15:27:57.705
CRC-Response  - 139,2,F000,1*62c6 * 05-03-2025 15:28:03.710
Command * Rack-2 Placed in W2 - #140,3,1,46604,800 ,0,0*722a
 * 05-03-2025 15:28:03.974
CRC-Response  - 140,3,I001,1*ca9c * 05-03-2025 15:28:04.193
CRC-Response  - 140,3,F000,1*f5cd * 05-03-2025 15:28:10.609
Command * HEATER DOOR OPEN - #141,8,1,1*6753
 * 05-03-2025 15:28:28.607
CRC-Response  - 141,8,I001*1f3e * 05-03-2025 15:28:28.830
CRC-Response  - 141,8,F000*cbfc * 05-03-2025 15:28:29.168
Rack - 7Protocol Started * 05-03-2025 15:28:29.847
Command * Rack-7 Picked from L3 - #142,2,1,10304,16380,0,0*23e7
 * 05-03-2025 15:28:29.958
CRC-Response  - 142,2,I001,1*ccfc * 05-03-2025 15:28:30.176
CRC-Response  - 142,2,F000,1*f3ad * 05-03-2025 15:28:39.462
Command * Rack-7 Placed in H3 - #143,3,1,2688,16380,0,1*180d
 * 05-03-2025 15:28:39.889
CRC-Response  - 143,3,I001,1*c56c * 05-03-2025 15:28:40.97
CRC-Response  - 143,3,F000,1*fa3d * 05-03-2025 15:28:46.154
Command * HEATER DOOR CLOSE - #144,8,1,0*a7c7
 * 05-03-2025 15:28:46.753
CRC-Response  - 144,8,I001*20fe * 05-03-2025 15:28:46.958
CRC-Response  - 144,8,F000*f43c * 05-03-2025 15:28:47.316
Command * READ TEMPERATURE - #145,11*bfaf
 * 05-03-2025 15:28:47.508
CRC-Response  - 145,11,F000,38*65bf * 05-03-2025 15:28:47.715
Command * Rack-4 Picked from J3 - #146,2,1,17564,800 ,0,0*e0ee
 * 05-03-2025 15:29:23.854
CRC-Response  - 146,2,I001,1*19bd * 05-03-2025 15:29:24.62
CRC-Response  - 146,2,F000,1*26ec * 05-03-2025 15:29:30.958
Command * Rack-4 Placed in J4 - #147,3,1,21194,800 ,0,0*d349
 * 05-03-2025 15:29:31.244
CRC-Response  - 147,3,I001,1*102d * 05-03-2025 15:29:31.457
CRC-Response  - 147,3,F000,1*2f7c * 05-03-2025 15:29:37.68
Command * Rack-1 Picked from J20 - #148,2,1,32084,8590,0,0*b624
 * 05-03-2025 15:30:27.247
CRC-Response  - 148,2,I001,1*ecdc * 05-03-2025 15:30:27.458
11 Secconds Timer incrementes in Jar J1 for R5 as other racks picking by RA in tmr_r7_incub() * 05-03-2025 15:30:33.338
CRC-Response  - 148,2,F000,1*d38d * 05-03-2025 15:30:33.893
Command * Rack-1 Placed in J21 - #149,3,1,28454,8590,0,0*339a
 * 05-03-2025 15:30:34.138
CRC-Response  - 149,3,I001,1*e54c * 05-03-2025 15:30:34.359
CRC-Response  - 149,3,F000,1*da1d * 05-03-2025 15:30:39.959
Command * Rack-5 Picked from J1 - #150,2,1,10304,800,0,0*353a
 * 05-03-2025 15:30:44.420
CRC-Response  - 150,2,I001,1*fa59 * 05-03-2025 15:30:44.630
CRC-Response  - 150,2,F000,1*c508 * 05-03-2025 15:30:51.880
Command * Rack-5 Placed in J2 - #151,3,1,13934,800 ,0,0*2215
 * 05-03-2025 15:30:52.273
CRC-Response  - 151,3,I001,1*f3c9 * 05-03-2025 15:30:52.483
11 Secconds Timer incrementes in Jar W1 for R3 as other racks picking by RA in tmr_r3_incub() * 05-03-2025 15:30:53.306
CRC-Response  - 151,3,F000,1*cc98 * 05-03-2025 15:30:58.105
18 Secconds Timer incrementes in Jar W1 for R3 as previous racks are in Waiting in tmr_r3_incub() * 05-03-2025 15:31:04.326
11 Secconds Timer incrementes in Jar W2 for R2 as previous racks are in Waiting in tmr_r2_incub() * 05-03-2025 15:31:11.428
18 Secconds Timer incrementes in Jar W1 for R3 as previous racks are in Waiting in tmr_r3_incub() * 05-03-2025 15:31:22.384
Command * WATER VALVE - 2 CONTROL OFF - #152,13,2,0*cd90
 * 05-03-2025 15:31:22.494
CRC-Response  - 152,13,F000*4e17 * 05-03-2025 15:31:22.728
Command * Rack-2 Picked from W2 - #153,2,1,46604,800 ,0,0*6c2f
 * 05-03-2025 15:31:22.815
CRC-Response  - 153,2,I001,1*f5a9 * 05-03-2025 15:31:23.33
CRC-Response  - 153,2,F000,1*caf8 * 05-03-2025 15:31:31.897
Command * Rack-2 Dipped in J9 - #154,17,1,39344,800 ,1,1,1*711f
 * 05-03-2025 15:31:32.779
CRC-Response  - 154,17,I001,1*941c * 05-03-2025 15:31:32.995
CRC-Response  - 154,17,F000,1*ab4d * 05-03-2025 15:31:38.804
11 Secconds Timer incrementes in Jar W1 for R3 as other racks picking by RA in tmr_r3_incub() * 05-03-2025 15:31:39.595
Command * Rack-2 Placed in W2 - #155,3,1,46604,800 ,0,0*f6f6
 * 05-03-2025 15:31:39.672
CRC-Response  - 155,3,I001,1*2688 * 05-03-2025 15:31:39.883
CRC-Response  - 155,3,F000,1*19d9 * 05-03-2025 15:31:45.899
Command * WATER VALVE - 1 CONTROL OFF - #156,13,1,0*3e61
 * 05-03-2025 15:31:50.690
CRC-Response  - 156,13,F000*8e25 * 05-03-2025 15:31:50.899
Command * Rack-3 Picked from W1 - #157,2,1,42974,800 ,0,0*0cde
 * 05-03-2025 15:31:50.963
CRC-Response  - 157,2,I001,1*20e8 * 05-03-2025 15:31:56.230
CRC-Response  - 157,2,F000,1*1fb9 * 05-03-2025 15:31:56.785
Command * Rack-3 Placed in J8 - #158,3,1,35714,800 ,0,0*d121
 * 05-03-2025 15:31:57.70
CRC-Response  - 158,3,I001,1*dc19 * 05-03-2025 15:31:57.279
CRC-Response  - 158,3,F000,1*e348 * 05-03-2025 15:32:03.294
Command * Rack-4 Picked from J4 - #159,2,1,21194,800 ,0,0*d161
 * 05-03-2025 15:32:38.272
CRC-Response  - 159,2,I001,1*d589 * 05-03-2025 15:32:38.490
CRC-Response  - 159,2,F000,1*ead8 * 05-03-2025 15:32:45.315
Command * Rack-4 Placed in J5 - #160,3,1,24824,800 ,0,0*bbea
 * 05-03-2025 15:32:45.605
CRC-Response  - 160,3,I001,1*7297 * 05-03-2025 15:32:45.812
CRC-Response  - 160,3,F000,1*4dc6 * 05-03-2025 15:32:51.417
Command * Rack-1 Picked from J21 - #161,2,1,28454,8590,0,0*6409
 * 05-03-2025 15:33:40.998
CRC-Response  - 161,2,I001,1*7b07 * 05-03-2025 15:33:41.231
CRC-Response  - 161,2,F000,1*4456 * 05-03-2025 15:33:47.5
Command * Rack-1 Placed in J22 - #162,3,1,24824,8590,0,0*0307
 * 05-03-2025 15:33:47.380
CRC-Response  - 162,3,I001,1*b836 * 05-03-2025 15:33:47.594
CRC-Response  - 162,3,F000,1*8767 * 05-03-2025 15:33:53.199
Command * WATER VALVE - 2 CONTROL OFF - #163,13,2,0*f145
 * 05-03-2025 15:34:46.515
CRC-Response  - 163,13,F000*d1ea * 05-03-2025 15:34:46.739
Command * Rack-2 Picked from W2 - #164,2,1,46604,800 ,0,0*e8a9
 * 05-03-2025 15:34:46.794
CRC-Response  - 164,2,I001,1*6b17 * 05-03-2025 15:34:52.51
CRC-Response  - 164,2,F000,1*5446 * 05-03-2025 15:34:54.665
Command * Rack-2 Dipped in J18 - #165,17,1,39344,8590,1,1,1*e9d8
 * 05-03-2025 15:34:55.471
CRC-Response  - 165,17,I001,1*6c1c * 05-03-2025 15:34:55.683
CRC-Response  - 165,17,F000,1*534d * 05-03-2025 15:35:01.503
Command * Rack-2 Placed in W6 - #166,3,1,42974,8590,0,0*4815
 * 05-03-2025 15:35:02.364
CRC-Response  - 166,3,I001,1*6d77 * 05-03-2025 15:35:02.571
CRC-Response  - 166,3,F000,1*5226 * 05-03-2025 15:35:08.176
Command * Rack-4 Picked from J5 - #167,2,1,24824,800 ,0,0*f00e
 * 05-03-2025 15:35:52.696
CRC-Response  - 167,2,I001,1*64e7 * 05-03-2025 15:35:52.947
11 Secconds Timer incrementes in Jar J2 for R5 as other racks picking by RA in tmr_r7_incub() * 05-03-2025 15:35:58.760
CRC-Response  - 167,2,F000,1*5bb6 * 05-03-2025 15:36:00.166
Command * Rack-4 Placed in J6 - #168,3,1,28454,800 ,0,0*5a10
 * 05-03-2025 15:36:00.563
CRC-Response  - 168,3,I001,1*9816 * 05-03-2025 15:36:00.780
CRC-Response  - 168,3,F000,1*a747 * 05-03-2025 15:36:06.381
Command * Rack-5 Picked from J2 - #169,2,1,13934,800 ,0,0*a496
 * 05-03-2025 15:36:09.841
CRC-Response  - 169,2,I001,1*9186 * 05-03-2025 15:36:10.60
CRC-Response  - 169,2,F000,1*aed7 * 05-03-2025 15:36:16.897
Command * Rack-5 Placed in J3 - #170,3,1,17564,800 ,0,0*4904
 * 05-03-2025 15:36:17.199
CRC-Response  - 170,3,I001,1*8e93 * 05-03-2025 15:36:17.409
CRC-Response  - 170,3,F000,1*b1c2 * 05-03-2025 15:36:23.20
Command * HEATER DOOR OPEN - #171,8,1,1*7213
 * 05-03-2025 15:36:47.521
CRC-Response  - 171,8,I001*ef2a * 05-03-2025 15:36:47.801
CRC-Response  - 171,8,F000*3be8 * 05-03-2025 15:36:48.288
Command * Rack-6 Picked from H1 - #172,2,1,2688,1000,0,1*ffb1
 * 05-03-2025 15:36:48.381
CRC-Response  - 172,2,I001,1*88f3 * 05-03-2025 15:36:48.598
11 Secconds Timer incrementes in Jar J22 for R1 as other racks picking by RA in tmr_r1_incub() * 05-03-2025 15:36:54.316
CRC-Response  - 172,2,F000,1*b7a2 * 05-03-2025 15:36:55.477
Command * Rack-6 Placed in J1 - #173,3,1,10304,800,0,0*0356
 * 05-03-2025 15:36:55.795
CRC-Response  - 173,3,I001,1*8163 * 05-03-2025 15:36:56.8
CRC-Response  - 173,3,F000,1*be32 * 05-03-2025 15:37:02.72
Command * Rack-1 Picked from J22 - #174,2,1,24824,8590,0,0*48ce
 * 05-03-2025 15:37:05.405
CRC-Response  - 174,2,I001,1*9713 * 05-03-2025 15:37:05.615
CRC-Response  - 174,2,F000,1*a842 * 05-03-2025 15:37:12.455
Command * Rack-1 Placed in J23 - #175,3,1,21194,8590,0,0*5897
 * 05-03-2025 15:37:12.770
CRC-Response  - 175,3,I001,1*9e83 * 05-03-2025 15:37:12.984
CRC-Response  - 175,3,F000,1*a1d2 * 05-03-2025 15:37:18.596
Command * WATER VALVE - 6 CONTROL OFF - #176,13,6,0*9fc9
 * 05-03-2025 15:38:09.238
CRC-Response  - 176,13,F000*4484 * 05-03-2025 15:38:09.445
Command * Rack-2 Picked from W6 - #177,2,1,42974,8590,0,0*b469
 * 05-03-2025 15:38:09.544
CRC-Response  - 177,2,I001,1*98e3 * 05-03-2025 15:38:09.754
CRC-Response  - 177,2,F000,1*a7b2 * 05-03-2025 15:38:17.407
Command * Rack-2 Dipped in J19 - #178,17,1,35714,8590,1,1,1*7118
 * 05-03-2025 15:38:17.883
CRC-Response  - 178,17,I001,1*03da * 05-03-2025 15:38:18.92
CRC-Response  - 178,17,F000,1*3c8b * 05-03-2025 15:38:23.918
Command * Rack-2 Placed in J20 - #179,3,1,32084,8590,0,0*a87b
 * 05-03-2025 15:38:24.285
CRC-Response  - 179,3,I001,1*a143 * 05-03-2025 15:38:24.508
CRC-Response  - 179,3,F000,1*9e12 * 05-03-2025 15:38:30.96
Command * Rack-4 Picked from J6 - #180,2,1,28454,800 ,0,0*c14f
 * 05-03-2025 15:39:07.881
CRC-Response  - 180,2,I001,1*5662 * 05-03-2025 15:39:08.117
CRC-Response  - 180,2,F000,1*6933 * 05-03-2025 15:39:13.883
Command * Rack-4 Placed in W1 - #181,3,1,42974,800 ,0,0*8bdb
 * 05-03-2025 15:39:14.282
CRC-Response  - 181,3,I001,1*5ff2 * 05-03-2025 15:39:14.499
CRC-Response  - 181,3,F000,1*60a3 * 05-03-2025 15:39:21.325
Command * WATER VALVE - 2 CONTROL ON - #182,13,2,1*9d09
 * 05-03-2025 15:39:46.24
CRC-Response  - 182,13,F000*b486 * 05-03-2025 15:39:46.231
Command * Rack-3 Picked from J8 - #183,2,1,35714,800 ,0,0*4a09
 * 05-03-2025 15:40:04.119
CRC-Response  - 183,2,I001,1*5992 * 05-03-2025 15:40:04.334
CRC-Response  - 183,2,F000,1*66c3 * 05-03-2025 15:40:10.350
Command * Rack-3 Placed in W2 - #184,3,1,46604,800 ,0,0*3a17
 * 05-03-2025 15:40:10.940
CRC-Response  - 184,3,I001,1*4fe2 * 05-03-2025 15:40:11.154
CRC-Response  - 184,3,F000,1*70b3 * 05-03-2025 15:40:17.585
Command * Rack-1 Picked from J23 - #185,2,1,21194,8590,0,0*5b39
 * 05-03-2025 15:40:19.905
CRC-Response  - 185,2,I001,1*4672 * 05-03-2025 15:40:20.122
CRC-Response  - 185,2,F000,1*7923 * 05-03-2025 15:40:28.172
Command * Rack-1 Placed in J24 - #186,3,1,17564,8590,0,0*8ae7
 * 05-03-2025 15:40:28.788
CRC-Response  - 186,3,I001,1*8543 * 05-03-2025 15:40:29.9
CRC-Response  - 186,3,F000,1*ba12 * 05-03-2025 15:40:34.612
Command * HEATER DOOR OPEN - #187,8,1,1*3235
 * 05-03-2025 15:40:40.391
CRC-Response  - 187,8,I001*35eb * 05-03-2025 15:40:40.601
CRC-Response  - 187,8,F000*e129 * 05-03-2025 15:40:40.956
Command * Level Sensing For L1 - #188,4,17564,16380,0,0*0bd5
 * 05-03-2025 15:40:41.166
CRC-Response  - 188,4,I001*b9ab * 05-03-2025 15:40:41.374
CRC-Response  - 188,4,F000,338*fc61 * 05-03-2025 15:40:44.829
L1 Value - 338 * 05-03-2025 15:40:44.860
Command * Level Sensing For L2 - #189,4,13934,16380,0,0*f3f0
 * 05-03-2025 15:40:44.931
CRC-Response  - 189,4,I001*756a * 05-03-2025 15:40:45.139
CRC-Response  - 189,4,F000,351*995f * 05-03-2025 15:40:47.444
L2 Value - 351 * 05-03-2025 15:40:47.476
Command * Level Sensing For L3 - #190,4,10304,16380,0,0*b20d
 * 05-03-2025 15:40:47.729
CRC-Response  - 190,4,I001*8fa7 * 05-03-2025 15:40:47.939
CRC-Response  - 190,4,F000,351*0441 * 05-03-2025 15:40:50.248
L3 Value - 351 * 05-03-2025 15:40:50.280
Command * Home Command - #191,5,01111111*b1e3
 * 05-03-2025 15:40:50.522
CRC-Response  - 191,5,I001,01111111*031b * 05-03-2025 15:40:50.730
CRC-Response  - 191,5,F000*46a5 * 05-03-2025 15:41:01.770
Command * Home Command - #192,5,01111111*b5e7
 * 05-03-2025 15:41:03.958
CRC-Response  - 192,5,I001,01111111*f3eb * 05-03-2025 15:41:04.178
CRC-Response  - 192,5,F000*53e5 * 05-03-2025 15:41:04.198
Command * Rack-5 Picked from J3 - #193,2,1,17564,800 ,0,0*a8fe
 * 05-03-2025 15:41:24.461
CRC-Response  - 193,2,I001,1*a596 * 05-03-2025 15:41:24.684
11 Secconds Timer incrementes in Jar J20 for R2 as other racks picking by RA in tmr_r2_incub() * 05-03-2025 15:41:31.251
CRC-Response  - 193,2,F000,1*9ac7 * 05-03-2025 15:41:35.305
Command * Rack-5 Placed in J4 - #194,3,1,21194,800 ,0,0*fdd1
 * 05-03-2025 15:41:35.888
CRC-Response  - 194,3,I001,1*b3e6 * 05-03-2025 15:41:36.110
CRC-Response  - 194,3,F000,1*8cb7 * 05-03-2025 15:41:41.714
Command * Rack-2 Picked from J20 - #195,2,1,32084,8590,0,0*b7d5
 * 05-03-2025 15:41:42.374
CRC-Response  - 195,2,I001,1*ba76 * 05-03-2025 15:41:42.582
CRC-Response  - 195,2,F000,1*8527 * 05-03-2025 15:41:49.23
Command * Rack-2 Placed in J21 - #196,3,1,28454,8590,0,0*d012
 * 05-03-2025 15:41:49.225
CRC-Response  - 196,3,I001,1*7947 * 05-03-2025 15:41:49.436
CRC-Response  - 196,3,F000,1*4616 * 05-03-2025 15:41:55.55
Command * Rack-6 Picked from J1 - #197,2,1,10304,800,0,0*8c9f
 * 05-03-2025 15:42:03.477
CRC-Response  - 197,2,I001,1*70d7 * 05-03-2025 15:42:03.683
CRC-Response  - 197,2,F000,1*4f86 * 05-03-2025 15:42:10.942
Command * Rack-6 Placed in J2 - #198,3,1,13934,800 ,0,0*7605
 * 05-03-2025 15:42:11.350
CRC-Response  - 198,3,I001,1*8c26 * 05-03-2025 15:42:11.562
CRC-Response  - 198,3,F000,1*b377 * 05-03-2025 15:42:17.126
Command * WATER VALVE - 1 CONTROL OFF - #199,13,1,0*7e74
 * 05-03-2025 15:42:22.217
CRC-Response  - 199,13,F000*41a4 * 05-03-2025 15:42:22.422
Command * Rack-4 Picked from W1 - #200,2,1,42974,800 ,0,0*fb4d
 * 05-03-2025 15:42:22.510
CRC-Response  - 200,2,I001,1*324c * 05-03-2025 15:42:22.716
CRC-Response  - 200,2,F000,1*0d1d * 05-03-2025 15:42:31.182
Command * Rack-4 Placed in J8 - #201,3,1,35714,800 ,0,0*09db
 * 05-03-2025 15:42:31.365
CRC-Response  - 201,3,I001,1*3bdc * 05-03-2025 15:42:31.573
CRC-Response  - 201,3,F000,1*048d * 05-03-2025 15:42:37.589
Command * WATER VALVE - 2 CONTROL OFF - #202,13,2,0*925f
 * 05-03-2025 15:43:18.108
CRC-Response  - 202,13,F000*1a08 * 05-03-2025 15:43:18.312
Command * Rack-3 Picked from W2 - #203,2,1,46604,800 ,0,0*2c09
 * 05-03-2025 15:43:18.382
CRC-Response  - 203,2,I001,1*3dbc * 05-03-2025 15:43:23.626
CRC-Response  - 203,2,F000,1*02ed * 05-03-2025 15:43:25.26
Command * Rack-3 Dipped in J9 - #204,17,1,39344,800 ,1,1,1*7acf
 * 05-03-2025 15:43:26.41
CRC-Response  - 204,17,I001,1*5b15 * 05-03-2025 15:43:26.252
CRC-Response  - 204,17,F000,1*6444 * 05-03-2025 15:43:32.68
Command * Rack-3 Placed in W2 - #205,3,1,46604,800 ,0,0*b6d0
 * 05-03-2025 15:43:32.905
CRC-Response  - 205,3,I001,1*ee9d * 05-03-2025 15:43:33.121
11 Secconds Timer incrementes in Jar J24 for R1 as other racks picking by RA in tmr_r1_incub() * 05-03-2025 15:43:35.505
CRC-Response  - 205,3,F000,1*d1cc * 05-03-2025 15:43:39.136
Command * Rack-1 Picked from J24 - #206,2,1,17564,8590,0,0*2b4c
 * 05-03-2025 15:43:46.569
CRC-Response  - 206,2,I001,1*2dac * 05-03-2025 15:43:46.785
CRC-Response  - 206,2,F000,1*12fd * 05-03-2025 15:43:55.259
Command * Rack-1 Placed in J25 - #207,3,1,13934,8590,0,0*5e2f
 * 05-03-2025 15:43:55.437
CRC-Response  - 207,3,I001,1*243c * 05-03-2025 15:43:55.645
CRC-Response  - 207,3,F000,1*1b6d * 05-03-2025 15:44:01.259
Command * Rack-5 Picked from J4 - #208,2,1,21194,800 ,0,0*407a
 * 05-03-2025 15:44:42.781
CRC-Response  - 208,2,I001,1*d8cd * 05-03-2025 15:44:42.999
CRC-Response  - 208,2,F000,1*e79c * 05-03-2025 15:44:49.21
Command * Rack-5 Placed in J5 - #209,3,1,24824,800 ,0,0*5023
 * 05-03-2025 15:44:49.626
CRC-Response  - 209,3,I001,1*d15d * 05-03-2025 15:44:49.843
CRC-Response  - 209,3,F000,1*ee0c * 05-03-2025 15:44:55.458
11 Secconds Timer incrementes in Jar J21 for R2 as other racks picking by RA in tmr_r2_incub() * 05-03-2025 15:44:55.813
Command * Rack-2 Picked from J21 - #210,2,1,28454,8590,0,0*1731
 * 05-03-2025 15:45:06.884
CRC-Response  - 210,2,I001,1*ce48 * 05-03-2025 15:45:07.99
CRC-Response  - 210,2,F000,1*f119 * 05-03-2025 15:45:12.893
Command * Rack-2 Placed in J22 - #211,3,1,24824,8590,0,0*9246
 * 05-03-2025 15:45:13.191
CRC-Response  - 211,3,I001,1*c7d8 * 05-03-2025 15:45:13.403
CRC-Response  - 211,3,F000,1*f889 * 05-03-2025 15:45:19.13
Command * WATER VALVE - 2 CONTROL OFF - #212,13,2,0*0252
 * 05-03-2025 15:46:39.790
CRC-Response  - 212,13,F000*df59 * 05-03-2025 15:46:40.13
Command * Rack-3 Picked from W2 - #213,2,1,46604,800 ,0,0*fd19
 * 05-03-2025 15:46:40.72
CRC-Response  - 213,2,I001,1*c1b8 * 05-03-2025 15:46:45.332
CRC-Response  - 213,2,F000,1*fee9 * 05-03-2025 15:46:47.928
Command * Rack-3 Dipped in J18 - #214,17,1,39344,8590,1,1,1*147c
 * 05-03-2025 15:46:48.729
CRC-Response  - 214,17,I001,1*98e8 * 05-03-2025 15:46:48.946
CRC-Response  - 214,17,F000,1*a7b9 * 05-03-2025 15:46:54.758
Command * Rack-3 Placed in W6 - #215,3,1,42974,8590,0,0*d954
 * 05-03-2025 15:46:55.612
CRC-Response  - 215,3,I001,1*1299 * 05-03-2025 15:46:55.831
CRC-Response  - 215,3,F000,1*2dc8 * 05-03-2025 15:47:01.432
Command * Rack-1 Picked from J25 - #216,2,1,13934,8590,0,0*a253
 * 05-03-2025 15:47:02.161
CRC-Response  - 216,2,I001,1*d1a8 * 05-03-2025 15:47:02.379
CRC-Response  - 216,2,F000,1*eef9 * 05-03-2025 15:47:10.835
Command * Rack-1 Placed in U1 - #217,3,1,61124,16380,0,0*16f7
 * 05-03-2025 15:47:11.59
CRC-Response  - 217,3,I001,1*d838 * 05-03-2025 15:47:11.269
11 Secconds Timer incrementes in Jar J2 for R6 as other racks picking by RA in tmr_r5_incub() * 05-03-2025 15:47:18.539
CRC-Response  - 217,3,F000,1*e769 * 05-03-2025 15:47:21.780
Rack - 1Protocol Ended * 05-03-2025 15:47:21.856
Command * Rack-6 Picked from J2 - #218,2,1,13934,800 ,0,0*d7ae
 * 05-03-2025 15:47:29.645
CRC-Response  - 218,2,I001,1*24c9 * 05-03-2025 15:47:29.898
CRC-Response  - 218,2,F000,1*1b98 * 05-03-2025 15:47:40.384
Command * Rack-6 Placed in J3 - #219,3,1,17564,800 ,0,0*a2cd
 * 05-03-2025 15:47:40.572
CRC-Response  - 219,3,I001,1*2d59 * 05-03-2025 15:47:40.788
CRC-Response  - 219,3,F000,1*1208 * 05-03-2025 15:47:46.400
Command * Rack-5 Picked from J5 - #220,2,1,24824,800 ,0,0*d68d
 * 05-03-2025 15:47:56.528
CRC-Response  - 220,2,I001,1*8a47 * 05-03-2025 15:47:56.802
CRC-Response  - 220,2,F000,1*b516 * 05-03-2025 15:48:02.759
Command * Rack-5 Placed in J6 - #221,3,1,28454,800 ,0,0*53fa
 * 05-03-2025 15:48:02.947
CRC-Response  - 221,3,I001,1*83d7 * 05-03-2025 15:48:03.162
CRC-Response  - 221,3,F000,1*bc86 * 05-03-2025 15:48:08.763
Command * Rack-2 Picked from J22 - #222,2,1,24824,8590,0,0*6e60
 * 05-03-2025 15:48:20.143
CRC-Response  - 222,2,I001,1*40e6 * 05-03-2025 15:48:20.355
CRC-Response  - 222,2,F000,1*7fb7 * 05-03-2025 15:48:26.148
Command * Rack-2 Placed in J23 - #223,3,1,21194,8590,0,0*7e39
 * 05-03-2025 15:48:26.526
CRC-Response  - 223,3,I001,1*4976 * 05-03-2025 15:48:26.746
CRC-Response  - 223,3,F000,1*7627 * 05-03-2025 15:48:32.347
Command * HEATER DOOR OPEN - #224,8,1,1*bd92
 * 05-03-2025 15:48:47.509
CRC-Response  - 224,8,I001*8f25 * 05-03-2025 15:48:47.726
CRC-Response  - 224,8,F000*5be7 * 05-03-2025 15:48:48.69
Command * Rack-7 Picked from H3 - #225,2,1,2688,16380,0,1*f1c1
 * 05-03-2025 15:48:48.310
CRC-Response  - 225,2,I001,1*9a57 * 05-03-2025 15:48:48.518
CRC-Response  - 225,2,F000,1*a506 * 05-03-2025 15:48:55.815
Command * HEATER DOOR CLOSE - #226,8,1,0*bd70
 * 05-03-2025 15:48:56.183
CRC-Response  - 226,8,I001*56a4 * 05-03-2025 15:48:56.389
CRC-Response  - 226,8,F000*8266 * 05-03-2025 15:48:56.743
Command * Rack-7 Placed in J1 - #227,3,1,10304,800,0,0*5558
 * 05-03-2025 15:48:56.990
CRC-Response  - 227,3,I001,1*9c37 * 05-03-2025 15:48:57.207
CRC-Response  - 227,3,F000,1*a366 * 05-03-2025 15:49:03.611
Command * WATER VALVE - 6 CONTROL OFF - #228,13,6,0*4c87
 * 05-03-2025 15:50:02.538
CRC-Response  - 228,13,F000*70d7 * 05-03-2025 15:50:02.850
Command * Rack-3 Picked from W6 - #229,2,1,42974,8590,0,0*db26
 * 05-03-2025 15:50:02.908
CRC-Response  - 229,2,I001,1*a597 * 05-03-2025 15:50:08.147
CRC-Response  - 229,2,F000,1*9ac6 * 05-03-2025 15:50:12.12
Command * Rack-3 Dipped in J19 - #230,17,1,35714,8590,1,1,1*49f2
 * 05-03-2025 15:50:12.538
CRC-Response  - 230,17,I001,1*6f04 * 05-03-2025 15:50:12.760
CRC-Response  - 230,17,F000,1*5055 * 05-03-2025 15:50:18.564
Command * Rack-3 Placed in J20 - #231,3,1,32084,8590,0,0*70ac
 * 05-03-2025 15:50:18.874
CRC-Response  - 231,3,I001,1*7fd3 * 05-03-2025 15:50:19.91
CRC-Response  - 231,3,F000,1*4082 * 05-03-2025 15:50:24.699
Command * Rack-4 Picked from J8 - #232,2,1,35714,800 ,0,0*f5fd
 * 05-03-2025 15:50:38.620
CRC-Response  - 232,2,I001,1*bce2 * 05-03-2025 15:50:38.839
CRC-Response  - 232,2,F000,1*83b3 * 05-03-2025 15:50:44.623
Command * Rack-4 Placed in W2 - #233,3,1,46604,800 ,0,0*e36b
 * 05-03-2025 15:50:44.961
CRC-Response  - 233,3,I001,1*b572 * 05-03-2025 15:50:45.181
CRC-Response  - 233,3,F000,1*8a23 * 05-03-2025 15:50:51.603
Command * WATER VALVE - 1 CONTROL ON - #234,13,1,1*88fa
 * 05-03-2025 15:50:52.612
CRC-Response  - 234,13,F000*b5d3 * 05-03-2025 15:50:52.826
User Aborted / Stopped the application forcefully  * 05-03-2025 15:50:59.118
Command * HEATER OFF - #235,12,0*41e6
 * 05-03-2025 15:51:02.251
CRC-Response  - 235,12,F000*f4df * 05-03-2025 15:51:02.462
Command * WATER VALVE - 1 CONTROL OFF - #236,13,1,0*91ba
 * 05-03-2025 15:51:03.374
CRC-Response  - 236,13,F000*d5ca * 05-03-2025 15:51:03.589
Command * WATER VALVE - 2 CONTROL ON - #237,13,2,1*9d4a
 * 05-03-2025 15:51:04.142
CRC-Response  - 237,13,F000*45c7 * 05-03-2025 15:51:04.353
Device Intialization started * 05-03-2025 17:19:15.474
Command * SET TEMPERATURE - #0,10,37*84ca
 * 05-03-2025 17:19:15.620
Device Intialization started * 05-03-2025 17:24:38.613
Command * SET TEMPERATURE - #0,10,37*84ca
 * 05-03-2025 17:24:38.771
CRC-Response  - 0,10,F000*1ae9 * 05-03-2025 17:24:39.17
Command * WATER VALVE - 1 CONTROL ON - #1,13,1,1*7feb
 * 05-03-2025 17:24:41.8
CRC-Response  - 1,13,F000*b9e4 * 05-03-2025 17:24:46.234
Command * WATER VALVE - 2 CONTROL ON - #2,13,2,1*6a5b
 * 05-03-2025 17:24:46.552
CRC-Response  - 2,13,F000*49f0 * 05-03-2025 17:24:46.760
Command * WATER VALVE - 3 CONTROL ON - #3,13,3,1*66cb
 * 05-03-2025 17:24:47.328
CRC-Response  - 3,13,F000*d9fd * 05-03-2025 17:24:47.547
Command * WATER VALVE - 4 CONTROL ON - #4,13,4,1*413b
 * 05-03-2025 17:24:48.102
CRC-Response  - 4,13,F000*e9db * 05-03-2025 17:24:48.321
Command * WATER VALVE - 5 CONTROL ON - #5,13,5,1*4dab
 * 05-03-2025 17:24:48.875
CRC-Response  - 5,13,F000*79d6 * 05-03-2025 17:24:49.86
Command * WATER VALVE - 6 CONTROL ON - #6,13,6,1*581b
 * 05-03-2025 17:24:49.632
CRC-Response  - 6,13,F000*89c2 * 05-03-2025 17:24:49.843
Command * Home Command - #7,5,00100100*dea4
 * 05-03-2025 17:24:50.408
CRC-Response  - 7,5,I001,00100100*33ee * 05-03-2025 17:24:50.615
CRC-Response  - 7,5,F000*0b7a * 05-03-2025 17:24:50.636
Command * Home Command - #8,5,01111111*665c
 * 05-03-2025 17:24:53.184
CRC-Response  - 8,5,I001,01111111*6c37 * 05-03-2025 17:24:53.393
CRC-Response  - 8,5,F000*4b3a * 05-03-2025 17:24:57.945
