Device Intialization started * 11-11-2023 12:41:18.883
Command * DOOR STATUS - #0,9*1dad
 * 11-11-2023 12:42:23.782
Response  - 0,9,F000,11*107c * 11-11-2023 12:42:23.945
Command * CLOSE HEATER DOOR - #1,8,1,0*21d8
 * 11-11-2023 12:42:28.388
Response  - 1,8,I001*e839 * 11-11-2023 12:42:28.544
Response  - 1,8,F000*3cfb * 11-11-2023 12:42:28.886
Command * DOOR STATUS - #2,9*dd0c
 * 11-11-2023 12:42:54.317
Response  - 2,9,F000,01*3876 * 11-11-2023 12:42:54.485
Command * CLOSE HEATER DOOR - #3,8,1,0*e1fb
 * 11-11-2023 12:43:12.980
Response  - 3,8,I001*31b8 * 11-11-2023 12:43:13.137
Response  - 3,8,F000*e57a * 11-11-2023 12:43:13.481
Command * OPEN HEATER DOOR - #4,8,1,1*e14c
 * 11-11-2023 12:43:14.715
Response  - 4,8,I001*d7f9 * 11-11-2023 12:43:15.167
Response  - 4,8,F000*033b * 11-11-2023 12:43:15.510
Command * CLOSE HEATER DOOR - #5,8,1,0*e19d
 * 11-11-2023 12:43:16.642
Response  - 5,8,I001*1b38 * 11-11-2023 12:43:16.801
Response  - 5,8,F000*cffa * 11-11-2023 12:43:17.142
Command * OPEN HEATER DOOR - #6,8,1,1*216f
 * 11-11-2023 12:43:17.789
Response  - 6,8,I001*0e78 * 11-11-2023 12:43:17.959
Response  - 6,8,F000*daba * 11-11-2023 12:43:18.299
Command * CLOSE HEATER DOOR - #7,8,1,0*21be
 * 11-11-2023 12:43:18.790
Response  - 7,8,I001*c2b9 * 11-11-2023 12:43:18.952
Response  - 7,8,F000*167b * 11-11-2023 12:43:19.297
Command * RACK HOLDING STATUS - #0,7*d92c
 * 11-11-2023 12:47:56.282
Response  - 0,7,F000,01*e031 * 11-11-2023 12:47:56.837
Device Intialization started * 11-11-2023 12:47:57.969
Command * Home Command - #1,5,11111111*b681
 * 11-11-2023 12:47:57.970
Response  - 1,5,I001,11111111*f220 * 11-11-2023 12:47:58.129
Response  - 1,5,F000*21fa * 11-11-2023 12:48:04.226
Command * Level Sensing For U1 - #2,4,64754,16380,0,0*35b7
 * 11-11-2023 12:48:14.570
Response  - 2,4,I001*3179 * 11-11-2023 12:48:14.730
Response  - 2,4,F000,2335*8168 * 11-11-2023 12:48:19.682
U1 Value - 2335 * 11-11-2023 12:48:19.708
Command * Level Sensing For U2 - #3,4,61124,16380,0,0*c173
 * 11-11-2023 12:48:20.133
Response  - 3,4,I001*fdb8 * 11-11-2023 12:48:20.300
Response  - 3,4,F000,2351*6368 * 11-11-2023 12:48:24.364
U2 Value - 2351 * 11-11-2023 12:48:24.380
Command * Level Sensing For U3 - #4,4,57494,16380,0,0*6c6a
 * 11-11-2023 12:48:24.694
Response  - 4,4,I001*1bf9 * 11-11-2023 12:48:24.859
Response  - 4,4,F000,2339*4261 * 11-11-2023 12:48:28.934
U3 Value - 2339 * 11-11-2023 12:48:28.948
Command * Level Sensing For U4 - #5,4,53864,16380,0,0*8c57
 * 11-11-2023 12:48:29.265
Response  - 5,4,I001*d738 * 11-11-2023 12:48:29.431
Response  - 5,4,F000,2341*3560 * 11-11-2023 12:48:33.505
U4 Value - 2341 * 11-11-2023 12:48:33.525
Command * Level Sensing For U5 - #6,4,50234,16380,0,0*cd04
 * 11-11-2023 12:48:33.817
Response  - 6,4,I001*c278 * 11-11-2023 12:48:33.985
Response  - 6,4,F000,2340*36a4 * 11-11-2023 12:48:38.52
U5 Value - 2340 * 11-11-2023 12:48:38.68
Command * Level Sensing For U6 - #7,4,46604,16380,0,0*b7f4
 * 11-11-2023 12:48:38.383
Response  - 7,4,I001*0eb9 * 11-11-2023 12:48:38.551
Response  - 7,4,F000,2344*74a7 * 11-11-2023 12:48:42.617
U6 Value - 2344 * 11-11-2023 12:48:42.634
Command * Level Sensing For J1 - #8,4,10304,800,0,0*e199
 * 11-11-2023 12:48:42.951
Response  - 8,4,I001*4ef9 * 11-11-2023 12:48:43.117
Response  - 8,4,F000,2355*2b73 * 11-11-2023 12:48:50.890
J1 Value - 2355 * 11-11-2023 12:48:50.909
Command * Level Sensing For J2 - #9,4,13934,800 ,0,0*8abc
 * 11-11-2023 12:48:51.4
Response  - 9,4,I001*8238 * 11-11-2023 12:48:51.172
Response  - 9,4,F000,2348*ffb1 * 11-11-2023 12:48:55.250
J2 Value - 2348 * 11-11-2023 12:48:55.264
Command * Level Sensing For J3 - #10,4,17564,800 ,0,0*7447
 * 11-11-2023 12:48:55.571
Response  - 10,4,I001*82eb * 11-11-2023 12:48:55.731
Response  - 10,4,F000,2362*4ab5 * 11-11-2023 12:48:59.816
J3 Value - 2362 * 11-11-2023 12:48:59.833
Command * Level Sensing For J4 - #11,4,21194,800 ,0,0*96dd
 * 11-11-2023 12:49:00.129
Response  - 11,4,I001*4e2a * 11-11-2023 12:49:00.295
Response  - 11,4,F000,2367*c877 * 11-11-2023 12:49:04.371
J4 Value - 2367 * 11-11-2023 12:49:04.405
Command * Level Sensing For J5 - #12,4,24824,800 ,0,0*ef18
 * 11-11-2023 12:49:04.687
Response  - 12,4,I001*5b6a * 11-11-2023 12:49:04.854
Response  - 12,4,F000,2358*ff32 * 11-11-2023 12:49:08.920
J5 Value - 2358 * 11-11-2023 12:49:08.936
Command * Level Sensing For J6 - #13,4,28454,800 ,0,0*bb52
 * 11-11-2023 12:49:09.250
Response  - 13,4,I001*97ab * 11-11-2023 12:49:09.419
Response  - 13,4,F000,2364*8b30 * 11-11-2023 12:49:13.483
J6 Value - 2364 * 11-11-2023 12:49:13.500
Command * Level Sensing For J7 - #14,4,32084,800 ,0,0*6631
 * 11-11-2023 12:49:13.800
Response  - 14,4,I001*71ea * 11-11-2023 12:49:13.966
Response  - 14,4,F000,2350*ff3a * 11-11-2023 12:49:18.30
J7 Value - 2350 * 11-11-2023 12:49:18.47
Command * Level Sensing For J8 - #15,4,35714,800 ,0,0*8ab0
 * 11-11-2023 12:49:18.365
Response  - 15,4,I001*bd2b * 11-11-2023 12:49:18.531
Response  - 15,4,F000,2355*7df8 * 11-11-2023 12:49:22.607
J8 Value - 2355 * 11-11-2023 12:49:22.625
Command * Level Sensing For J9 - #16,4,39344,800 ,0,0*01b1
 * 11-11-2023 12:49:22.925
Response  - 16,4,I001*a86b * 11-11-2023 12:49:23.92
Response  - 16,4,F000,2348*eb3d * 11-11-2023 12:49:27.155
J9 Value - 2348 * 11-11-2023 12:49:27.171
Command * Level Sensing For W1 - #17,4,42974,800 ,0,0*edeb
 * 11-11-2023 12:49:27.484
Response  - 17,4,I001*64aa * 11-11-2023 12:49:27.652
Response  - 17,4,F000,2343*ad7e * 11-11-2023 12:49:31.718
W1 Value - 2343 * 11-11-2023 12:49:31.733
Command * Level Sensing For W2 - #18,4,46604,800 ,0,0*1ed8
 * 11-11-2023 12:49:32.32
Response  - 18,4,I001*24ea * 11-11-2023 12:49:32.200
Response  - 18,4,F000,2337*5169 * 11-11-2023 12:49:36.264
W2 Value - 2337 * 11-11-2023 12:49:36.282
Command * Level Sensing For W3 - #19,4,50234,800 ,0,0*6e7e
 * 11-11-2023 12:49:36.596
Response  - 19,4,I001*e82b * 11-11-2023 12:49:36.760
Response  - 19,4,F000,2348*e429 * 11-11-2023 12:49:40.825
W3 Value - 2348 * 11-11-2023 12:49:40.842
Command * Level Sensing For J10 - #20,4,53864,800 ,0,0*a3e5
 * 11-11-2023 12:49:41.154
Response  - 20,4,I001*72ff * 11-11-2023 12:49:41.323
Response  - 20,4,F000,2355*7bf7 * 11-11-2023 12:49:45.383
J10 Value - 2355 * 11-11-2023 12:49:45.397
Command * Level Sensing For J11 - #21,4,57494,800 ,0,0*df9a
 * 11-11-2023 12:49:45.717
Response  - 21,4,I001*be3e * 11-11-2023 12:49:45.883
Response  - 21,4,F000,2358*3f34 * 11-11-2023 12:49:49.955
J11 Value - 2358 * 11-11-2023 12:49:49.973
Command * Level Sensing For J12 - #22,4,61124,800 ,0,0*7649
 * 11-11-2023 12:49:50.264
Response  - 22,4,I001*ab7e * 11-11-2023 12:49:50.427
Response  - 22,4,F000,2342*6bb0 * 11-11-2023 12:49:54.501
J12 Value - 2342 * 11-11-2023 12:49:54.518
Command * Level Sensing For J13 - #23,4,64754,800 ,0,0*f306
 * 11-11-2023 12:49:54.819
Response  - 23,4,I001*67bf * 11-11-2023 12:49:54.985
Response  - 23,4,F000,2344*e832 * 11-11-2023 12:49:59.65
J13 Value - 2344 * 11-11-2023 12:49:59.77
Command * Level Sensing For J14 - #24,4,64754,8590,0,0*dc23
 * 11-11-2023 12:49:59.382
Response  - 24,4,I001*81fe * 11-11-2023 12:49:59.550
Response  - 24,4,F000,2349*6af8 * 11-11-2023 12:50:03.796
J14 Value - 2349 * 11-11-2023 12:50:03.814
Command * Level Sensing For J15 - #25,4,61124,8590,0,0*596c
 * 11-11-2023 12:50:03.940
Response  - 25,4,I001*4d3f * 11-11-2023 12:50:04.107
Response  - 25,4,F000,2341*2dfb * 11-11-2023 12:50:08.187
J15 Value - 2341 * 11-11-2023 12:50:08.207
Command * Level Sensing For J16 - #26,4,57494,8590,0,0*f0bf
 * 11-11-2023 12:50:08.500
Response  - 26,4,I001*587f * 11-11-2023 12:50:08.667
Response  - 26,4,F000,2346*2cbf * 11-11-2023 12:50:12.733
J16 Value - 2346 * 11-11-2023 12:50:12.745
Command * Level Sensing For J17 - #27,4,53864,8590,0,0*8cc0
 * 11-11-2023 12:50:13.63
Response  - 27,4,I001*94be * 11-11-2023 12:50:13.234
Response  - 27,4,F000,2355*3cfc * 11-11-2023 12:50:17.307
J17 Value - 2355 * 11-11-2023 12:50:17.330
Command * Level Sensing For W4 - #28,4,50234,8590,0,0*8cff
 * 11-11-2023 12:50:17.620
Response  - 28,4,I001*d4fe * 11-11-2023 12:50:17.787
Response  - 28,4,F000,2347*6268 * 11-11-2023 12:50:21.865
W4 Value - 2347 * 11-11-2023 12:50:21.885
Command * Level Sensing For W5 - #29,4,46604,8590,0,0*fc59
 * 11-11-2023 12:50:22.180
Response  - 29,4,I001*183f * 11-11-2023 12:50:22.347
Response  - 29,4,F000,2346*23ab * 11-11-2023 12:50:26.406
W5 Value - 2346 * 11-11-2023 12:50:26.416
Command * Level Sensing For W6 - #30,4,42974,8590,0,0*7ab7
 * 11-11-2023 12:50:26.739
Response  - 30,4,I001*e2f2 * 11-11-2023 12:50:26.904
Response  - 30,4,F000,2341*e9f7 * 11-11-2023 12:50:30.973
W6 Value - 2341 * 11-11-2023 12:50:30.990
Command * Level Sensing For J18 - #31,4,39344,8590,0,0*96ed
 * 11-11-2023 12:50:31.306
Response  - 31,4,I001*2e33 * 11-11-2023 12:50:31.469
Response  - 31,4,F000,2353*3975 * 11-11-2023 12:50:35.549
J18 Value - 2353 * 11-11-2023 12:50:35.567
Command * Level Sensing For J19 - #32,4,35714,8590,0,0*1dec
 * 11-11-2023 12:50:35.868
Response  - 32,4,I001*3b73 * 11-11-2023 12:50:36.31
Response  - 32,4,F000,2357*3971 * 11-11-2023 12:50:40.105
J19 Value - 2357 * 11-11-2023 12:50:40.123
Command * Level Sensing For J20 - #33,4,32084,8590,0,0*f16d
 * 11-11-2023 12:50:40.430
Response  - 33,4,I001*f7b2 * 11-11-2023 12:50:40.602
Response  - 33,4,F000,2364*4933 * 11-11-2023 12:50:44.671
J20 Value - 2364 * 11-11-2023 12:50:44.695
Command * Level Sensing For J21 - #34,4,28454,8590,0,0*2c0e
 * 11-11-2023 12:50:44.987
Response  - 34,4,I001*11f3 * 11-11-2023 12:50:45.150
Response  - 34,4,F000,2351*fdf8 * 11-11-2023 12:50:49.227
J21 Value - 2351 * 11-11-2023 12:50:49.243
Command * Level Sensing For J22 - #35,4,24824,8590,0,0*7844
 * 11-11-2023 12:50:49.555
Response  - 35,4,I001*dd32 * 11-11-2023 12:50:49.726
Response  - 35,4,F000,2354*7f3a * 11-11-2023 12:50:53.786
J22 Value - 2354 * 11-11-2023 12:50:53.805
Command * Level Sensing For J23 - #36,4,21194,8590,0,0*0181
 * 11-11-2023 12:50:54.110
Response  - 36,4,I001*c872 * 11-11-2023 12:50:54.270
Response  - 36,4,F000,2337*1d7c * 11-11-2023 12:50:58.337
J23 Value - 2337 * 11-11-2023 12:50:58.349
Command * Level Sensing For J24 - #37,4,17564,8590,0,0*e31b
 * 11-11-2023 12:50:58.678
Response  - 37,4,I001*04b3 * 11-11-2023 12:50:58.836
Response  - 37,4,F000,2361*cefd * 11-11-2023 12:51:02.920
J24 Value - 2361 * 11-11-2023 12:51:02.941
Command * Level Sensing For J25 - #38,4,13934,8590,0,0*ac27
 * 11-11-2023 12:51:03.235
Response  - 38,4,I001*44f3 * 11-11-2023 12:51:03.403
Response  - 38,4,F000,2367*c369 * 11-11-2023 12:51:07.466
J25 Value - 2367 * 11-11-2023 12:51:07.477
Command * Level Sensing For J26 - #39,4,10304,8590,0,0*cf64
 * 11-11-2023 12:51:07.810
Response  - 39,4,I001*8832 * 11-11-2023 12:51:07.978
Response  - 39,4,F000,2367*426b * 11-11-2023 12:51:12.49
J26 Value - 2367 * 11-11-2023 12:51:12.62
Command * Level Sensing For J27 - #40,4,42974,16380,0,0*8c11
 * 11-11-2023 12:51:12.360
Response  - 40,4,I001*d2d4 * 11-11-2023 12:51:12.546
Response  - 40,4,F000,2342*2fb1 * 11-11-2023 12:51:19.877
J27 Value - 2342 * 11-11-2023 12:51:19.888
Command * Level Sensing For J28 - #41,4,39344,16380,0,0*b77d
 * 11-11-2023 12:51:19.914
Response  - 41,4,I001*1e15 * 11-11-2023 12:51:20.80
Response  - 41,4,F000,2376*9db2 * 11-11-2023 12:51:24.148
J28 Value - 2376 * 11-11-2023 12:51:24.160
Command * Level Sensing For J29 - #42,4,35714,16380,0,0*7737
 * 11-11-2023 12:51:24.471
Response  - 42,4,I001*0b55 * 11-11-2023 12:51:24.640
Response  - 42,4,F000,2373*5d77 * 11-11-2023 12:51:28.700
J29 Value - 2373 * 11-11-2023 12:51:28.712
Command * Level Sensing For J30 - #43,4,32084,16380,0,0*171b
 * 11-11-2023 12:51:29.31
Response  - 43,4,I001*c794 * 11-11-2023 12:51:29.200
Response  - 43,4,F000,2368*8b35 * 11-11-2023 12:51:33.256
J30 Value - 2368 * 11-11-2023 12:51:33.267
Command * Level Sensing For J31 - #44,4,28454,16380,0,0*3e86
 * 11-11-2023 12:51:33.598
Response  - 44,4,I001*21d5 * 11-11-2023 12:51:33.764
Response  - 44,4,F000,2387*a87a * 11-11-2023 12:51:37.836
J31 Value - 2387 * 11-11-2023 12:51:37.848
Command * Level Sensing For J32 - #45,4,24824,16380,0,0*c953
 * 11-11-2023 12:51:38.165
Response  - 45,4,I001*ed14 * 11-11-2023 12:51:38.333
Response  - 45,4,F000,2385*e8f9 * 11-11-2023 12:51:42.395
J32 Value - 2385 * 11-11-2023 12:51:42.419
Command * Level Sensing For J33 - #46,4,21194,16380,0,0*9aea
 * 11-11-2023 12:51:42.725
Response  - 46,4,I001*f854 * 11-11-2023 12:51:42.893
Response  - 46,4,F000,2385*2bfc * 11-11-2023 12:51:46.948
J33 Value - 2385 * 11-11-2023 12:51:46.960
Command * Level Sensing For H1 - #47,4,2688,1000,0,1*2868
 * 11-11-2023 12:51:47.289
Response  - 47,4,I001*3495 * 11-11-2023 12:51:47.458
Response  - 47,4,F000,3253*042a * 11-11-2023 12:51:53.214
H1 Value - 3253 * 11-11-2023 12:51:53.231
Command * Level Sensing For H2 - #48,4,2688,8700,0,1*71eb
 * 11-11-2023 12:51:53.342
Response  - 48,4,I001*74d5 * 11-11-2023 12:51:53.511
Response  - 48,4,F000,3254*c97f * 11-11-2023 12:51:57.738
H2 Value - 3254 * 11-11-2023 12:51:57.752
Command * Level Sensing For H3 - #49,4,2688,16380,0,1*7726
 * 11-11-2023 12:51:57.911
Response  - 49,4,I001*b814 * 11-11-2023 12:51:58.79
Response  - 49,4,F000,3242*dafc * 11-11-2023 12:52:02.303
H3 Value - 3242 * 11-11-2023 12:52:02.327
Command * Home Command - #50,5,11111111*6956
 * 11-11-2023 12:52:02.476
Response  - 50,5,I001,11111111*346f * 11-11-2023 12:52:02.643
Response  - 50,5,F000*471a * 11-11-2023 12:52:15.233
Device Intialization started * 11-11-2023 12:54:38.937
Command * Home Command - #0,5,11111111*757c
 * 11-11-2023 12:55:34.371
Response  - 0,5,I001,11111111*6271 * 11-11-2023 12:55:34.544
Response  - 0,5,F000*ed3b * 11-11-2023 12:55:34.550
Response  - 0,16,F000*7ce9 * 11-11-2023 12:55:34.572
Command * Level Sensing For L1 - #1,4,17564,16380,0,0*36b4
 * 11-11-2023 12:55:45.37
Response  - 1,4,I001*2439 * 11-11-2023 12:55:45.206
Response  - 1,4,F000,255*0f4f * 11-11-2023 12:55:54.329
L1 Value - 255 * 11-11-2023 12:55:54.343
Command * Level Sensing For L2 - #2,4,13934,16380,0,0*76e8
 * 11-11-2023 12:55:54.598
Response  - 2,4,I001*3179 * 11-11-2023 12:55:54.763
Command * DOOR STATUS - #3,9*1d5d
 * 11-11-2023 12:56:27.609
Response  - 3,9,F000,11*5473 * 11-11-2023 12:56:27.855
Command * CLOSE HEATER DOOR - #4,8,1,0*218d
 * 11-11-2023 12:56:34.227
Response  - 4,8,I001*d7f9 * 11-11-2023 12:56:34.387
Response  - 4,8,F000*033b * 11-11-2023 12:56:34.760
Command * DOOR STATUS - #5,9*1cbd
 * 11-11-2023 12:57:04.202
Response  - 5,9,F000,01*4c6c * 11-11-2023 12:57:04.384
Command * DOOR STATUS - #6,9*1c4d
 * 11-11-2023 12:57:15.272
Response  - 6,9,F000,01*0863 * 11-11-2023 12:57:15.441
Command * DOOR STATUS - #7,9*dc1c
 * 11-11-2023 12:57:16.605
Response  - 7,9,F000,01*f467 * 11-11-2023 12:57:16.765
Command * DOOR STATUS - #8,9*df2c
 * 11-11-2023 12:57:18.162
Response  - 8,9,F000,01*e057 * 11-11-2023 12:57:18.336
Command * RACK HOLDING STATUS - #0,7*d92c
 * 11-11-2023 12:59:39.645
Response  - 0,7,F000,01*e031 * 11-11-2023 12:59:40.79
Device Intialization started * 11-11-2023 12:59:41.174
Command * Home Command - #1,5,11111111*b681
 * 11-11-2023 12:59:41.176
Response  - 1,5,I001,11111111*f220 * 11-11-2023 12:59:41.344
Response  - 1,5,F000*21fa * 11-11-2023 12:59:51.692
Command * Level Sensing For U1 - #2,4,64754,16380,0,0*35b7
 * 11-11-2023 13:00:01.763
Response  - 2,4,I001*3179 * 11-11-2023 13:00:01.928
Response  - 2,4,F000,2337*40e9 * 11-11-2023 13:00:06.860
U1 Value - 2337 * 11-11-2023 13:00:06.891
Command * Level Sensing For U2 - #3,4,61124,16380,0,0*c173
 * 11-11-2023 13:00:07.369
Response  - 3,4,I001*fdb8 * 11-11-2023 13:00:07.530
Response  - 3,4,F000,2351*6368 * 11-11-2023 13:00:11.609
U2 Value - 2351 * 11-11-2023 13:00:11.624
Command * Level Sensing For U3 - #4,4,57494,16380,0,0*6c6a
 * 11-11-2023 13:00:11.928
Response  - 4,4,I001*1bf9 * 11-11-2023 13:00:12.95
Command * DOOR STATUS - #5,9*1cbd
 * 11-11-2023 13:00:35.980
Response  - 5,9,F000,11*dc6d * 11-11-2023 13:00:36.320
Command * CLOSE HEATER DOOR - #6,8,1,0*e1ae
 * 11-11-2023 13:01:21.274
Response  - 6,8,I001*0e78 * 11-11-2023 13:01:21.449
Response  - 6,8,F000*daba * 11-11-2023 13:01:21.784
Command * DOOR STATUS - #7,9*dc1c
 * 11-11-2023 13:01:53.851
Response  - 7,9,F000,01*f467 * 11-11-2023 13:01:54.68
Command * DOOR STATUS - #8,9*df2c
 * 11-11-2023 13:04:28.622
Response  - 8,9,F000,01*e057 * 11-11-2023 13:04:28.789
Command * DOOR STATUS - #9,9*1f7d
 * 11-11-2023 13:06:00.705
Response  - 9,9,F000,01*1c53 * 11-11-2023 13:06:00.894
Command * DOOR STATUS - #10,9*05d2
 * 11-11-2023 13:08:18.406
Response  - 10,9,F000,01*e5a2 * 11-11-2023 13:08:18.583
Command * RACK HOLDING STATUS - #0,7*d92c
 * 11-11-2023 13:10:17.683
Response  - 0,7,F000,01*e031 * 11-11-2023 13:10:17.938
Device Intialization started * 11-11-2023 13:10:19.6
Command * Home Command - #1,5,11111111*b681
 * 11-11-2023 13:10:19.8
Response  - 1,5,I001,11111111*f220 * 11-11-2023 13:10:19.182
Response  - 1,5,F000*21fa * 11-11-2023 13:10:22.453
Command * Level Sensing For U1 - #2,4,64754,16380,0,0*35b7
 * 11-11-2023 13:10:32.585
Response  - 2,4,I001*3179 * 11-11-2023 13:10:32.745
Response  - 2,4,F000,2347*70eb * 11-11-2023 13:10:36.561
U1 Value - 2347 * 11-11-2023 13:10:36.586
Command * Level Sensing For U2 - #3,4,61124,16380,0,0*c173
 * 11-11-2023 13:10:36.656
Response  - 3,4,I001*fdb8 * 11-11-2023 13:10:36.824
Command * DOOR STATUS - #4,9*dcec
 * 11-11-2023 13:11:06.638
Response  - 4,9,F000,11*2069 * 11-11-2023 13:11:06.882
Command * CLOSE HEATER DOOR - #5,8,1,0*e19d
 * 11-11-2023 13:11:23.150
Response  - 5,8,I001*1b38 * 11-11-2023 13:11:23.309
Response  - 5,8,F000*cffa * 11-11-2023 13:11:23.651
Command * OPEN HEATER DOOR - #6,8,1,1*216f
 * 11-11-2023 13:11:25.459
Response  - 6,8,I001*0e78 * 11-11-2023 13:11:25.624
Response  - 6,8,F000*daba * 11-11-2023 13:11:25.955
Command * CLOSE HEATER DOOR - #7,8,1,0*21be
 * 11-11-2023 13:11:27.654
Response  - 7,8,I001*c2b9 * 11-11-2023 13:11:27.823
Response  - 7,8,F000*167b * 11-11-2023 13:11:28.165
Command * OPEN HEATER DOOR - #8,8,1,1*e180
 * 11-11-2023 13:11:29.220
Response  - 8,8,I001*82f9 * 11-11-2023 13:11:29.379
Response  - 8,8,F000*563b * 11-11-2023 13:11:29.720
Command * CLOSE HEATER DOOR - #9,8,1,0*e151
 * 11-11-2023 13:11:31.112
Response  - 9,8,I001*4e38 * 11-11-2023 13:11:31.273
Response  - 9,8,F000*9afa * 11-11-2023 13:11:31.613
Command * DOOR STATUS - #10,9*05d2
 * 11-11-2023 13:11:58.830
Response  - 10,9,F000,01*e5a2 * 11-11-2023 13:11:59.78
Command * OPEN HEATER DOOR - #11,8,1,1*3280
 * 11-11-2023 13:12:08.532
Response  - 11,8,I001*822a * 11-11-2023 13:12:08.706
Response  - 11,8,F000*56e8 * 11-11-2023 13:12:09.31
Command * CLOSE HEATER DOOR - #12,8,1,0*f272
 * 11-11-2023 13:12:10.281
Response  - 12,8,I001*976a * 11-11-2023 13:12:10.446
Response  - 12,8,F000*43a8 * 11-11-2023 13:12:10.777
Command * OPEN HEATER DOOR - #13,8,1,1*f2a3
 * 11-11-2023 13:12:11.415
Response  - 13,8,I001*5bab * 11-11-2023 13:12:11.582
Response  - 13,8,F000*8f69 * 11-11-2023 13:12:11.925
Command * CLOSE HEATER DOOR - #14,8,1,0*f214
 * 11-11-2023 13:12:12.561
Response  - 14,8,I001*bdea * 11-11-2023 13:12:12.737
Response  - 14,8,F000*6928 * 11-11-2023 13:12:13.80
Command * OPEN HEATER DOOR - #15,8,1,1*f2c5
 * 11-11-2023 13:12:13.501
Response  - 15,8,I001*712b * 11-11-2023 13:12:13.668
Response  - 15,8,F000*a5e9 * 11-11-2023 13:12:13.997
Command * CLOSE HEATER DOOR - #16,8,1,0*3237
 * 11-11-2023 13:12:14.556
Response  - 16,8,I001*646b * 11-11-2023 13:12:14.725
Response  - 16,8,F000*b0a9 * 11-11-2023 13:12:15.53
Command * OPEN HEATER DOOR - #17,8,1,1*32e6
 * 11-11-2023 13:12:15.471
Response  - 17,8,I001*a8aa * 11-11-2023 13:12:15.644
Response  - 17,8,F000*7c68 * 11-11-2023 13:12:15.968
Command * CLOSE HEATER DOOR - #18,8,1,0*f2d8
 * 11-11-2023 13:12:16.215
Response  - 18,8,I001*e8ea * 11-11-2023 13:12:16.373
Response  - 18,8,F000*3c28 * 11-11-2023 13:12:16.718
Command * OPEN HEATER DOOR - #19,8,1,1*f209
 * 11-11-2023 13:12:16.777
Response  - 19,8,I001*242b * 11-11-2023 13:12:16.949
Command * CLOSE HEATER DOOR - #20,8,1,0*2711
 * 11-11-2023 13:12:17.255
Response  - 20,8,I001*beff * 11-11-2023 13:12:17.445
Response  - 20,8,F000*6a3d * 11-11-2023 13:12:17.755
Command * OPEN HEATER DOOR - #21,8,1,1*27c0
 * 11-11-2023 13:12:18.947
Response  - 21,8,I001*723e * 11-11-2023 13:12:19.110
Response  - 21,8,F000*a6fc * 11-11-2023 13:12:19.454
Command * CLOSE HEATER DOOR - #22,8,1,0*e732
 * 11-11-2023 13:12:19.660
Response  - 22,8,I001*677e * 11-11-2023 13:12:19.826
Command * OPEN HEATER DOOR - #23,8,1,1*e7e3
 * 11-11-2023 13:12:20.156
Response  - 23,8,I001*abbf * 11-11-2023 13:12:20.339
Response  - 23,8,F000*7f7d * 11-11-2023 13:12:20.665
Command * CLOSE HEATER DOOR - #24,8,1,0*e754
 * 11-11-2023 13:12:20.714
Response  - 24,8,I001*4dfe * 11-11-2023 13:12:20.886
Command * OPEN HEATER DOOR - #25,8,1,1*e785
 * 11-11-2023 13:12:21.200
Response  - 25,8,I001*813f * 11-11-2023 13:12:21.395
Response  - 25,8,F000*55fd * 11-11-2023 13:12:21.707
Command * CLOSE HEATER DOOR - #26,8,1,0*2777
 * 11-11-2023 13:12:21.761
Response  - 26,8,I001*947f * 11-11-2023 13:12:21.926
Response  - 26,8,F000*40bd * 11-11-2023 13:12:22.267
Command * OPEN HEATER DOOR - #27,8,1,1*27a6
 * 11-11-2023 13:12:22.306
Response  - 27,8,I001*58be * 11-11-2023 13:12:22.471
Response  - 27,8,F000*8c7c * 11-11-2023 13:12:22.813
Command * CLOSE HEATER DOOR - #28,8,1,0*e798
 * 11-11-2023 13:12:22.989
Response  - 28,8,I001*18fe * 11-11-2023 13:12:23.156
Response  - 28,8,F000*cc3c * 11-11-2023 13:12:23.500
Command * OPEN HEATER DOOR - #29,8,1,1*e749
 * 11-11-2023 13:12:23.598
Response  - 29,8,I001*d43f * 11-11-2023 13:12:23.764
Response  - 29,8,F000*00fd * 11-11-2023 13:12:24.92
Command * CLOSE HEATER DOOR - #30,8,1,0*ebd0
 * 11-11-2023 13:12:24.197
Response  - 30,8,I001*2ef2 * 11-11-2023 13:12:24.356
Response  - 30,8,F000*fa30 * 11-11-2023 13:12:24.697
Command * OPEN HEATER DOOR - #31,8,1,1*eb01
 * 11-11-2023 13:12:25.921
Response  - 31,8,I001*e233 * 11-11-2023 13:12:26.84
Response  - 31,8,F000*36f1 * 11-11-2023 13:12:26.427
Command * CLOSE HEATER DOOR - #32,8,1,0*2bf3
 * 11-11-2023 13:12:27.71
Response  - 32,8,I001*f773 * 11-11-2023 13:12:27.233
Response  - 32,8,F000*23b1 * 11-11-2023 13:12:27.575
Command * OPEN HEATER DOOR - #33,8,1,1*2b22
 * 11-11-2023 13:12:27.788
Response  - 33,8,I001*3bb2 * 11-11-2023 13:12:27.945
Response  - 33,8,F000*ef70 * 11-11-2023 13:12:28.287
Command * CLOSE HEATER DOOR - #34,8,1,0*2b95
 * 11-11-2023 13:12:28.443
Response  - 34,8,I001*ddf3 * 11-11-2023 13:12:28.601
Response  - 34,8,F000*0931 * 11-11-2023 13:12:28.945
Command * OPEN HEATER DOOR - #35,8,1,1*2b44
 * 11-11-2023 13:12:31.794
Response  - 35,8,I001*1132 * 11-11-2023 13:12:31.952
Response  - 35,8,F000*c5f0 * 11-11-2023 13:12:32.293
Command * RACK HOLDING STATUS - #36,7*78b2
 * 11-11-2023 13:12:53.587
Response  - 36,7,F000,01*ca09 * 11-11-2023 13:12:53.811
Device Intialization started * 11-11-2023 13:12:54.231
Command * Home Command - #37,5,11111111*64aa
 * 11-11-2023 13:12:54.234
Response  - 37,5,I001,11111111*8c3d * 11-11-2023 13:12:54.394
Response  - 37,5,F000*0170 * 11-11-2023 13:12:55.359
Command * Level Sensing For U1 - #38,4,64754,16380,0,0*142d
 * 11-11-2023 13:13:05.794
Response  - 38,4,I001*44f3 * 11-11-2023 13:13:05.957
Response  - 38,4,F000,2334*922a * 11-11-2023 13:13:10.895
U1 Value - 2334 * 11-11-2023 13:13:10.909
Command * Level Sensing For U2 - #39,4,61124,16380,0,0*e0e9
 * 11-11-2023 13:13:11.366
Response  - 39,4,I001*8832 * 11-11-2023 13:13:11.532
Command * DOOR STATUS - #40,9*c9d2
 * 11-11-2023 13:13:36.417
Response  - 40,9,F000,11*79af * 11-11-2023 13:13:36.624
Command * CLOSE HEATER DOOR - #41,8,1,0*cd81
 * 11-11-2023 13:13:50.285
Response  - 41,8,I001*d215 * 11-11-2023 13:13:50.452
Response  - 41,8,F000*06d7 * 11-11-2023 13:13:50.804
Command * OPEN HEATER DOOR - #42,8,1,1*0d73
 * 11-11-2023 13:13:51.871
Response  - 42,8,I001*c755 * 11-11-2023 13:13:52.41
Response  - 42,8,F000*1397 * 11-11-2023 13:13:52.370
Command * CLOSE HEATER DOOR - #43,8,1,0*0da2
 * 11-11-2023 13:13:53.247
Response  - 43,8,I001*0b94 * 11-11-2023 13:13:53.407
Response  - 43,8,F000*df56 * 11-11-2023 13:13:53.749
Command * OPEN HEATER DOOR - #44,8,1,1*0d15
 * 11-11-2023 13:13:54.167
Response  - 44,8,I001*edd5 * 11-11-2023 13:13:54.327
Response  - 44,8,F000*3917 * 11-11-2023 13:13:54.669
Command * CLOSE HEATER DOOR - #45,8,1,0*0dc4
 * 11-11-2023 13:13:55.72
Response  - 45,8,I001*2114 * 11-11-2023 13:13:55.230
Response  - 45,8,F000*f5d6 * 11-11-2023 13:13:55.573
Command * OPEN HEATER DOOR - #46,8,1,1*cd36
 * 11-11-2023 13:13:55.854
Response  - 46,8,I001*3454 * 11-11-2023 13:13:56.10
Response  - 46,8,F000*e096 * 11-11-2023 13:13:56.354
Command * CLOSE HEATER DOOR - #47,8,1,0*cde7
 * 11-11-2023 13:13:56.823
Response  - 47,8,I001*f895 * 11-11-2023 13:13:56.990
Response  - 47,8,F000*2c57 * 11-11-2023 13:13:57.332
Command * OPEN HEATER DOOR - #48,8,1,1*0dd9
 * 11-11-2023 13:13:57.725
Response  - 48,8,I001*b8d5 * 11-11-2023 13:13:57.890
Response  - 48,8,F000*6c17 * 11-11-2023 13:13:58.234
Command * CLOSE HEATER DOOR - #49,8,1,0*0d08
 * 11-11-2023 13:13:58.697
Response  - 49,8,I001*7414 * 11-11-2023 13:13:58.856
Response  - 49,8,F000*a0d6 * 11-11-2023 13:13:59.202
Command * OPEN HEATER DOOR - #50,8,1,1*0191
 * 11-11-2023 13:14:00.232
Response  - 50,8,I001*8ed9 * 11-11-2023 13:14:00.401
Response  - 50,8,F000*5a1b * 11-11-2023 13:14:00.728
Command * CLOSE HEATER DOOR - #51,8,1,0*0140
 * 11-11-2023 13:14:01.509
Response  - 51,8,I001*4218 * 11-11-2023 13:14:01.675
Response  - 51,8,F000*96da * 11-11-2023 13:14:02.17
Command * OPEN HEATER DOOR - #52,8,1,1*c1b2
 * 11-11-2023 13:14:02.635
Response  - 52,8,I001*5758 * 11-11-2023 13:14:02.796
Response  - 52,8,F000*839a * 11-11-2023 13:14:03.138
Command * CLOSE HEATER DOOR - #53,8,1,0*c163
 * 11-11-2023 13:14:03.890
Response  - 53,8,I001*9b99 * 11-11-2023 13:14:04.59
Response  - 53,8,F000*4f5b * 11-11-2023 13:14:04.390
Command * OPEN HEATER DOOR - #54,8,1,1*c1d4
 * 11-11-2023 13:14:07.431
Response  - 54,8,I001*7dd8 * 11-11-2023 13:14:07.593
Response  - 54,8,F000*a91a * 11-11-2023 13:14:07.947
Command * CLOSE HEATER DOOR - #55,8,1,0*c105
 * 11-11-2023 13:14:13.936
Response  - 55,8,I001*b119 * 11-11-2023 13:14:14.95
Response  - 55,8,F000*65db * 11-11-2023 13:14:14.437
Command * HEATER ON - #56,12,1*7498
 * 11-11-2023 13:14:20.425
Response  - 56,12,F000*40a9 * 11-11-2023 13:14:20.592
Command * HEATER OFF - #57,12,0*6558
 * 11-11-2023 13:14:25.926
Response  - 57,12,F000*d0a4 * 11-11-2023 13:14:26.90
Command * HEATER ON - #58,12,1*5a99
 * 11-11-2023 13:14:33.998
Response  - 58,12,F000*20e5 * 11-11-2023 13:14:34.162
Command * HEATER OFF - #59,12,0*4b59
 * 11-11-2023 13:14:39.805
Response  - 59,12,F000*b0e8 * 11-11-2023 13:14:39.975
Command * SET TEMPERATURE - #60,10,70*b351
 * 11-11-2023 13:14:49.860
Response  - 60,10,F000*0d73 * 11-11-2023 13:14:50.27
Command * HEATER ON - #61,12,1*c3aa
 * 11-11-2023 13:14:53.117
Response  - 61,12,F000*7f7f * 11-11-2023 13:14:53.287
Command * GET TEMPERATURE - #62,11*31f7
 * 11-11-2023 13:14:56.526
Response  - 62,11,F000,25*a215 * 11-11-2023 13:14:56.696
Command * GET TEMPERATURE - #63,11*cdf6
 * 11-11-2023 13:14:57.500
Response  - 63,11,F000,26*60a8 * 11-11-2023 13:14:57.657
Command * GET TEMPERATURE - #64,11*b9f7
 * 11-11-2023 13:15:00.428
Response  - 64,11,F000,26*ab5d * 11-11-2023 13:15:00.595
Command * GET TEMPERATURE - #65,11*45f6
 * 11-11-2023 13:15:01.818
Response  - 65,11,F000,26*68a0 * 11-11-2023 13:15:01.982
Command * GET TEMPERATURE - #66,11*01f6
 * 11-11-2023 13:15:02.948
Response  - 66,11,F000,26*6ca4 * 11-11-2023 13:15:03.118
Command * GET TEMPERATURE - #67,11*fdf7
 * 11-11-2023 13:15:04.283
Response  - 67,11,F000,26*af59 * 11-11-2023 13:15:04.439
Command * GET TEMPERATURE - #68,11*e9f4
 * 11-11-2023 13:15:06.26
Response  - 68,11,F000,26*bb4d * 11-11-2023 13:15:06.197
Command * GET TEMPERATURE - #69,11*15f5
 * 11-11-2023 13:15:07.4
Response  - 69,11,F000,26*78b0 * 11-11-2023 13:15:07.162
Command * GET TEMPERATURE - #70,11*49cb
 * 11-11-2023 13:15:07.846
Response  - 70,11,F000,27*256f * 11-11-2023 13:15:08.15
Command * GET TEMPERATURE - #71,11*b5ca
 * 11-11-2023 13:15:09.555
Response  - 71,11,F000,27*e692 * 11-11-2023 13:15:09.716
Command * GET TEMPERATURE - #72,11*f1ca
 * 11-11-2023 13:15:10.563
Response  - 72,11,F000,27*e296 * 11-11-2023 13:15:10.725
Command * GET TEMPERATURE - #73,11*0dcb
 * 11-11-2023 13:15:11.668
Response  - 73,11,F000,27*216b * 11-11-2023 13:15:11.829
Command * GET TEMPERATURE - #74,11*79ca
 * 11-11-2023 13:15:13.117
Response  - 74,11,F000,27*ea9e * 11-11-2023 13:15:13.273
Command * GET TEMPERATURE - #75,11*85cb
 * 11-11-2023 13:15:19.8
Response  - 75,11,F000,28*2d23 * 11-11-2023 13:15:19.170
Command * GET TEMPERATURE - #76,11*c1cb
 * 11-11-2023 13:15:20.11
Response  - 76,11,F000,29*e9e6 * 11-11-2023 13:15:20.167
Command * HEATER OFF - #77,12,0*a57b
 * 11-11-2023 13:15:23.205
Response  - 77,12,F000*1a05 * 11-11-2023 13:15:23.364
Command * GET TEMPERATURE - #78,11*29c9
 * 11-11-2023 13:15:26.128
Response  - 78,11,F000,29*3e0f * 11-11-2023 13:15:26.296
Command * GET TEMPERATURE - #79,11*d5c8
 * 11-11-2023 13:15:28.67
Response  - 79,11,F000,29*fdf2 * 11-11-2023 13:15:28.224
Command * GET TEMPERATURE - #80,11*489f
 * 11-11-2023 13:15:28.905
Response  - 80,11,F000,29*eefa * 11-11-2023 13:15:29.65
Command * OPEN HEATER DOOR - #81,8,1,1*5840
 * 11-11-2023 13:15:30.261
Response  - 81,8,I001*d240 * 11-11-2023 13:15:30.429
Response  - 81,8,F000*0682 * 11-11-2023 13:15:30.772
Command * CLOSE HEATER DOOR - #82,8,1,0*98b2
 * 11-11-2023 13:15:32.864
Response  - 82,8,I001*c700 * 11-11-2023 13:15:33.27
Response  - 82,8,F000*13c2 * 11-11-2023 13:15:33.355
Command * OPEN HEATER DOOR - #83,8,1,1*9863
 * 11-11-2023 13:15:38.318
Response  - 83,8,I001*0bc1 * 11-11-2023 13:15:38.489
Response  - 83,8,F000*df03 * 11-11-2023 13:15:38.813
Command * CLOSE HEATER DOOR - #84,8,1,0*98d4
 * 11-11-2023 13:15:39.367
Response  - 84,8,I001*ed80 * 11-11-2023 13:15:39.533
Response  - 84,8,F000*3942 * 11-11-2023 13:15:39.860
Command * DOOR STATUS - #85,9*98c1
 * 11-11-2023 13:16:32.633
Response  - 85,9,F000,01*35af * 11-11-2023 13:16:32.806
Command * DOOR STATUS - #86,9*9831
 * 11-11-2023 13:17:45.721
Response  - 86,9,F000,01*71a0 * 11-11-2023 13:17:45.894
Command * OPEN HEATER DOOR - #87,8,1,1*5826
 * 11-11-2023 13:18:01.609
Response  - 87,8,I001*f8c0 * 11-11-2023 13:18:01.783
Response  - 87,8,F000*2c02 * 11-11-2023 13:18:02.106
Command * CLOSE HEATER DOOR - #88,8,1,0*9818
 * 11-11-2023 13:18:11.227
Response  - 88,8,I001*b880 * 11-11-2023 13:18:11.396
Response  - 88,8,F000*6c42 * 11-11-2023 13:18:11.736
Command * OPEN HEATER DOOR - #89,8,1,1*98c9
 * 11-11-2023 13:18:12.644
Response  - 89,8,I001*7441 * 11-11-2023 13:18:12.814
Response  - 89,8,F000*a083 * 11-11-2023 13:18:13.139
Command * CLOSE HEATER DOOR - #90,8,1,0*9450
 * 11-11-2023 13:18:13.723
Response  - 90,8,I001*8e8c * 11-11-2023 13:18:13.887
Response  - 90,8,F000*5a4e * 11-11-2023 13:18:14.231
Command * OPEN HEATER DOOR - #91,8,1,1*9481
 * 11-11-2023 13:18:14.557
Response  - 91,8,I001*424d * 11-11-2023 13:18:14.728
Response  - 91,8,F000*968f * 11-11-2023 13:18:15.54
Command * CLOSE HEATER DOOR - #92,8,1,0*5473
 * 11-11-2023 13:18:15.427
Response  - 92,8,I001*570d * 11-11-2023 13:18:15.585
Response  - 92,8,F000*83cf * 11-11-2023 13:18:15.929
Command * OPEN HEATER DOOR - #93,8,1,1*54a2
 * 11-11-2023 13:18:16.58
Response  - 93,8,I001*9bcc * 11-11-2023 13:18:16.223
Response  - 93,8,F000*4f0e * 11-11-2023 13:18:16.564
Command * CLOSE HEATER DOOR - #94,8,1,0*5415
 * 11-11-2023 13:18:16.675
Response  - 94,8,I001*7d8d * 11-11-2023 13:18:16.841
Response  - 94,8,F000*a94f * 11-11-2023 13:18:17.170
Command * OPEN HEATER DOOR - #95,8,1,1*54c4
 * 11-11-2023 13:18:17.305
Response  - 95,8,I001*b14c * 11-11-2023 13:18:17.466
Response  - 95,8,F000*658e * 11-11-2023 13:18:17.807
Command * CLOSE HEATER DOOR - #96,8,1,0*9436
 * 11-11-2023 13:18:17.955
Response  - 96,8,I001*a40c * 11-11-2023 13:18:18.116
Response  - 96,8,F000*70ce * 11-11-2023 13:18:18.457
Command * OPEN HEATER DOOR - #97,8,1,1*94e7
 * 11-11-2023 13:18:18.503
Response  - 97,8,I001*68cd * 11-11-2023 13:18:18.674
Response  - 97,8,F000*bc0f * 11-11-2023 13:18:19.10
Command * CLOSE HEATER DOOR - #98,8,1,0*54d9
 * 11-11-2023 13:18:19.163
Response  - 98,8,I001*288d * 11-11-2023 13:18:19.328
Response  - 98,8,F000*fc4f * 11-11-2023 13:18:19.671
Command * HEATER ON - #99,12,1*8b54
 * 11-11-2023 13:18:20.375
Response  - 99,12,F000*8f28 * 11-11-2023 13:18:20.536
Command * HEATER OFF - #100,12,0*0195
 * 11-11-2023 13:18:24.695
Response  - 100,12,F000*ef1f * 11-11-2023 13:18:24.863
Command * HEATER ON - #101,12,1*1055
 * 11-11-2023 13:18:27.581
Response  - 101,12,F000*7f12 * 11-11-2023 13:18:27.740
Command * HEATER OFF - #102,12,0*e394
 * 11-11-2023 13:18:32.158
Response  - 102,12,F000*8f06 * 11-11-2023 13:18:32.329
Command * Home Command - #103,5,11111111*73c6
 * 11-11-2023 13:18:45.259
Response  - 103,5,I001,11111111*31a8 * 11-11-2023 13:18:45.425
Response  - 103,5,F000*cf4e * 11-11-2023 13:18:48.706
Command * Home Command - #104,5,11111111*b833
 * 11-11-2023 13:19:05.966
Response  - 104,5,I001,11111111*001a * 11-11-2023 13:19:06.138
Response  - 104,5,F000*290f * 11-11-2023 13:19:06.159
Response  - 0,16,F000*7ce9 * 11-11-2023 13:19:06.191
Command * RACK HOLDING STATUS - #105,7*dc1b
 * 11-11-2023 13:19:13.811
Response  - 105,7,F000,01*1226 * 11-11-2023 13:19:13.979
Command * POLL COMMAND  - #106,15*f85f
 * 11-11-2023 13:19:17.105
Response  - 106,15,F000,01.00.001*a273 * 11-11-2023 13:19:17.267
Command * GET HOME STATUS - #107,6*dc7b
 * 11-11-2023 13:19:18.804
Response  - 107,6,F000,11111111*3bec * 11-11-2023 13:19:18.963
Command * Home Command - #108,5,11111111*a823
 * 11-11-2023 13:19:23.388
Response  - 108,5,I001,11111111*03df * 11-11-2023 13:19:23.556
Response  - 108,5,F000*7c0f * 11-11-2023 13:19:23.575
Response  - 0,16,F000*7ce9 * 11-11-2023 13:19:23.610
Command * GET HOME STATUS - #109,6*1f1a
 * 11-11-2023 13:19:30.763
Response  - 109,6,F000,11111111*5888 * 11-11-2023 13:19:30.919
Command * RA 1 Movement to W6 - #110,1,1,42974,8590,0*ccca
 * 11-11-2023 13:19:40.41
Response  - 110,1,I001,1*df0c * 11-11-2023 13:19:40.199
Response  - 110,1,F000,1*e05d * 11-11-2023 13:19:43.665
Command * RA 2 Movement to J33 - #111,1,2,21194,16380,0*bdbe
 * 11-11-2023 13:19:54.307
Response  - 111,1,I001,2*1b1d * 11-11-2023 13:19:54.475
Response  - 111,1,F000,2*244c * 11-11-2023 13:19:57.729
Command * RA 2 Movement to W6 - #112,1,2,42974,8590,0*7768
 * 11-11-2023 13:20:08.355
Response  - 112,1,F006,2*2a5c * 11-11-2023 13:20:08.519
Command * RA 2 Movement to J18 - #113,1,2,39344,8590,0*b4dd
 * 11-11-2023 13:20:13.702
Response  - 113,1,I001,2*d1bc * 11-11-2023 13:20:13.870
Response  - 113,1,F000,2*eeed * 11-11-2023 13:20:16.774
Command * Rack Dipped Using RA 2 - #114,17,2,39344,8590,1,1,1*1b73
 * 11-11-2023 13:20:32.738
Response  - 114,17,I001,2*5aad * 11-11-2023 13:20:32.942
Response  - 114,17,F000,2*65fc * 11-11-2023 13:20:37.854
Command * RACK HOLDING STATUS - #115,7*201a
 * 11-11-2023 13:20:56.409
Response  - 115,7,F000,01*d1db * 11-11-2023 13:20:56.591
Device Intialization started * 11-11-2023 13:20:56.977
Command * Home Command - #116,5,11111111*fec8
 * 11-11-2023 13:20:56.979
Response  - 116,5,I001,11111111*9cea * 11-11-2023 13:20:57.147
Response  - 116,5,F000*6083 * 11-11-2023 13:21:05.8
Command * Level Sensing For U1 - #117,4,64754,16380,0,0*c119
 * 11-11-2023 13:21:15.58
Response  - 117,4,I001*a981 * 11-11-2023 13:21:15.227
Response  - 117,4,F000,2328*6026 * 11-11-2023 13:21:20.161
U1 Value - 2328 * 11-11-2023 13:21:20.176
Command * Level Sensing For U2 - #118,4,61124,16380,0,0*dcb7
 * 11-11-2023 13:21:20.618
Response  - 118,4,I001*e9c1 * 11-11-2023 13:21:20.785
Response  - 118,4,F000,2347*cb71 * 11-11-2023 13:21:24.874
U2 Value - 2347 * 11-11-2023 13:21:24.893
Command * Level Sensing For U3 - #119,4,57494,16380,0,0*f926
 * 11-11-2023 13:21:25.187
Response  - 119,4,I001*2500 * 11-11-2023 13:21:25.357
Response  - 119,4,F000,2349*8ef2 * 11-11-2023 13:21:29.424
U3 Value - 2349 * 11-11-2023 13:21:29.440
Command * Level Sensing For U4 - #120,4,53864,16380,0,0*4bbd
 * 11-11-2023 13:21:29.755
Response  - 120,4,I001*bfd4 * 11-11-2023 13:21:29.922
Response  - 120,4,F000,2347*806d * 11-11-2023 13:21:33.987
U4 Value - 2347 * 11-11-2023 13:21:34.3
Command * Level Sensing For U5 - #121,4,50234,16380,0,0*b297
 * 11-11-2023 13:21:34.317
Response  - 121,4,I001*7315 * 11-11-2023 13:21:34.485
Response  - 121,4,F000,2335*f0ec * 11-11-2023 13:21:38.556
U5 Value - 2335 * 11-11-2023 13:21:38.573
Command * Level Sensing For U6 - #122,4,46604,16380,0,0*701e
 * 11-11-2023 13:21:38.895
Response  - 122,4,I001*6655 * 11-11-2023 13:21:39.58
Response  - 122,4,F000,2337*f268 * 11-11-2023 13:21:43.139
U6 Value - 2337 * 11-11-2023 13:21:43.157
Command * Level Sensing For J1 - #123,4,10304,800,0,0*c866
 * 11-11-2023 13:21:43.459
Response  - 123,4,I001*aa94 * 11-11-2023 13:21:43.623
Response  - 123,4,F000,2368*2729 * 11-11-2023 13:21:51.390
J1 Value - 2368 * 11-11-2023 13:21:51.406
Command * Level Sensing For J2 - #124,4,13934,800 ,0,0*4335
 * 11-11-2023 13:21:51.522
Response  - 124,4,I001*4cd5 * 11-11-2023 13:21:51.685
Response  - 124,4,F000,2354*9522 * 11-11-2023 13:21:55.755
J2 Value - 2354 * 11-11-2023 13:21:55.771
Command * Level Sensing For J3 - #125,4,17564,800 ,0,0*e76b
 * 11-11-2023 13:21:56.83
Response  - 125,4,I001*8014 * 11-11-2023 13:21:56.242
Response  - 125,4,F000,2369*21e1 * 11-11-2023 13:22:00.324
J3 Value - 2369 * 11-11-2023 13:22:00.340
Command * Level Sensing For J4 - #126,4,21194,800 ,0,0*bd50
 * 11-11-2023 13:22:00.655
Response  - 126,4,I001*9554 * 11-11-2023 13:22:00.821
Command * RACK HOLDING STATUS - #0,7*d92c
 * 11-11-2023 13:25:13.363
Response  - 0,7,F000,01*e031 * 11-11-2023 13:25:13.543
Device Intialization started * 11-11-2023 13:25:14.560
Command * Home Command - #1,5,11111111*b681
 * 11-11-2023 13:25:14.562
Response  - 1,5,I001,11111111*f220 * 11-11-2023 13:25:14.730
Response  - 1,5,F000*21fa * 11-11-2023 13:25:23.644
Command * Level Sensing For U1 - #2,4,64754,16380,0,0*35b7
 * 11-11-2023 13:25:34.139
Response  - 2,4,I001*3179 * 11-11-2023 13:25:34.302
Response  - 2,4,F000,2302*b329 * 11-11-2023 13:25:39.241
U1 Value - 2302 * 11-11-2023 13:25:39.277
Command * Level Sensing For U2 - #3,4,61124,16380,0,0*c173
 * 11-11-2023 13:25:39.690
Response  - 3,4,I001*fdb8 * 11-11-2023 13:25:39.864
Response  - 3,4,F000,2319*656b * 11-11-2023 13:25:43.919
U2 Value - 2319 * 11-11-2023 13:25:43.932
Command * Level Sensing For U3 - #4,4,57494,16380,0,0*6c6a
 * 11-11-2023 13:25:44.252
Response  - 4,4,I001*1bf9 * 11-11-2023 13:25:44.414
Response  - 4,4,F000,2313*25e0 * 11-11-2023 13:25:48.489
U3 Value - 2313 * 11-11-2023 13:25:48.505
Command * Level Sensing For U4 - #5,4,53864,16380,0,0*8c57
 * 11-11-2023 13:25:48.823
Response  - 5,4,I001*d738 * 11-11-2023 13:25:48.987
Command * RACK HOLDING STATUS - #0,7*d92c
 * 11-11-2023 13:28:28.626
Response  - 0,7,F000,01*e031 * 11-11-2023 13:28:28.877
Device Intialization started * 11-11-2023 13:28:29.980
Command * Home Command - #1,5,11111111*b681
 * 11-11-2023 13:28:29.984
Response  - 1,5,I001,11111111*f220 * 11-11-2023 13:28:30.152
Response  - 1,5,F000*21fa * 11-11-2023 13:28:33.438
Command * Level Sensing For U1 - #2,4,64754,16380,0,0*35b7
 * 11-11-2023 13:28:43.553
Response  - 2,4,I001*3179 * 11-11-2023 13:28:43.716
Response  - 2,4,F000,2317*20e8 * 11-11-2023 13:28:48.658
U1 Value - 2317 * 11-11-2023 13:28:48.685
Command * Level Sensing For U2 - #3,4,61124,16380,0,0*c173
 * 11-11-2023 13:28:49.111
Response  - 3,4,I001*fdb8 * 11-11-2023 13:28:49.310
Response  - 3,4,F000,2339*056a * 11-11-2023 13:28:53.345
U2 Value - 2339 * 11-11-2023 13:28:53.364
Command * Level Sensing For U3 - #4,4,57494,16380,0,0*6c6a
 * 11-11-2023 13:28:53.723
Response  - 4,4,I001*1bf9 * 11-11-2023 13:28:53.889
Response  - 4,4,F000,2329*d260 * 11-11-2023 13:28:57.959
U3 Value - 2329 * 11-11-2023 13:28:57.975
Command * Level Sensing For U4 - #5,4,53864,16380,0,0*8c57
 * 11-11-2023 13:28:58.283
Response  - 5,4,I001*d738 * 11-11-2023 13:28:58.450
Response  - 5,4,F000,2347*37e0 * 11-11-2023 13:29:02.523
U4 Value - 2347 * 11-11-2023 13:29:02.539
Command * Level Sensing For U5 - #6,4,50234,16380,0,0*cd04
 * 11-11-2023 13:29:02.871
Response  - 6,4,I001*c278 * 11-11-2023 13:29:03.37
Response  - 6,4,F000,2331*c667 * 11-11-2023 13:29:07.100
U5 Value - 2331 * 11-11-2023 13:29:07.116
Command * Level Sensing For U6 - #7,4,46604,16380,0,0*b7f4
 * 11-11-2023 13:29:07.430
Response  - 7,4,I001*0eb9 * 11-11-2023 13:29:07.597
Response  - 7,4,F000,2329*1165 * 11-11-2023 13:29:11.662
U6 Value - 2329 * 11-11-2023 13:29:11.677
Command * Level Sensing For J1 - #8,4,10304,800,0,0*e199
 * 11-11-2023 13:29:11.991
Response  - 8,4,I001*4ef9 * 11-11-2023 13:29:12.158
Response  - 8,4,F000,2352*e932 * 11-11-2023 13:29:19.922
J1 Value - 2352 * 11-11-2023 13:29:19.938
Command * Level Sensing For J2 - #9,4,13934,800 ,0,0*8abc
 * 11-11-2023 13:29:20.66
Response  - 9,4,I001*8238 * 11-11-2023 13:29:20.233
Response  - 9,4,F000,2349*3f70 * 11-11-2023 13:29:24.293
J2 Value - 2349 * 11-11-2023 13:29:24.309
Command * Level Sensing For J3 - #10,4,17564,800 ,0,0*7447
 * 11-11-2023 13:29:24.639
Response  - 10,4,I001*82eb * 11-11-2023 13:29:24.804
Response  - 10,4,F000,2367*4975 * 11-11-2023 13:29:28.871
J3 Value - 2367 * 11-11-2023 13:29:28.886
Command * Level Sensing For J4 - #11,4,21194,800 ,0,0*96dd
 * 11-11-2023 13:29:29.216
Response  - 11,4,I001*4e2a * 11-11-2023 13:29:29.383
Response  - 11,4,F000,2365*09f6 * 11-11-2023 13:29:33.448
J4 Value - 2365 * 11-11-2023 13:29:33.470
Command * Level Sensing For J5 - #12,4,24824,800 ,0,0*ef18
 * 11-11-2023 13:29:33.779
Response  - 12,4,I001*5b6a * 11-11-2023 13:29:33.944
Response  - 12,4,F000,2352*f8b2 * 11-11-2023 13:29:38.15
J5 Value - 2352 * 11-11-2023 13:29:38.38
Command * Level Sensing For J6 - #13,4,28454,800 ,0,0*bb52
 * 11-11-2023 13:29:38.328
Response  - 13,4,I001*97ab * 11-11-2023 13:29:38.494
Response  - 13,4,F000,2353*b971 * 11-11-2023 13:29:42.562
J6 Value - 2353 * 11-11-2023 13:29:42.577
Command * Level Sensing For J7 - #14,4,32084,800 ,0,0*6631
 * 11-11-2023 13:29:42.893
Response  - 14,4,I001*71ea * 11-11-2023 13:29:43.60
Response  - 14,4,F000,2350*ff3a * 11-11-2023 13:29:47.131
J7 Value - 2350 * 11-11-2023 13:29:47.147
Command * Level Sensing For J8 - #15,4,35714,800 ,0,0*8ab0
 * 11-11-2023 13:29:47.464
Response  - 15,4,I001*bd2b * 11-11-2023 13:29:47.630
Response  - 15,4,F000,2348*2838 * 11-11-2023 13:29:51.697
J8 Value - 2348 * 11-11-2023 13:29:51.716
Command * Level Sensing For J9 - #16,4,39344,800 ,0,0*01b1
 * 11-11-2023 13:29:52.15
Response  - 16,4,I001*a86b * 11-11-2023 13:29:52.181
Response  - 16,4,F000,2339*1bfe * 11-11-2023 13:29:56.245
J9 Value - 2339 * 11-11-2023 13:29:56.264
Command * Level Sensing For W1 - #17,4,42974,800 ,0,0*edeb
 * 11-11-2023 13:29:56.584
Response  - 17,4,I001*64aa * 11-11-2023 13:29:56.745
Response  - 17,4,F000,2344*6f3f * 11-11-2023 13:30:00.828
W1 Value - 2344 * 11-11-2023 13:30:00.845
Command * Level Sensing For W2 - #18,4,46604,800 ,0,0*1ed8
 * 11-11-2023 13:30:01.144
Response  - 18,4,I001*24ea * 11-11-2023 13:30:01.311
Response  - 18,4,F000,2338*5529 * 11-11-2023 13:30:05.383
W2 Value - 2338 * 11-11-2023 13:30:05.399
Command * Level Sensing For W3 - #19,4,50234,800 ,0,0*6e7e
 * 11-11-2023 13:30:05.732
Response  - 19,4,I001*e82b * 11-11-2023 13:30:05.893
Response  - 19,4,F000,2345*21e8 * 11-11-2023 13:30:09.964
W3 Value - 2345 * 11-11-2023 13:30:09.984
Command * Level Sensing For J10 - #20,4,53864,800 ,0,0*a3e5
 * 11-11-2023 13:30:10.286
Response  - 20,4,I001*72ff * 11-11-2023 13:30:10.495
Response  - 20,4,F000,2360*8837 * 11-11-2023 13:30:14.535
J10 Value - 2360 * 11-11-2023 13:30:14.552
Command * Level Sensing For J11 - #21,4,57494,800 ,0,0*df9a
 * 11-11-2023 13:30:14.848
Response  - 21,4,I001*be3e * 11-11-2023 13:30:15.15
Response  - 21,4,F000,2344*aa35 * 11-11-2023 13:30:19.93
J11 Value - 2344 * 11-11-2023 13:30:19.109
Command * Level Sensing For J12 - #22,4,61124,800 ,0,0*7649
 * 11-11-2023 13:30:19.422
Response  - 22,4,I001*ab7e * 11-11-2023 13:30:19.588
Response  - 22,4,F000,2341*6af0 * 11-11-2023 13:30:23.665
J12 Value - 2341 * 11-11-2023 13:30:23.680
Command * Level Sensing For J13 - #23,4,64754,800 ,0,0*f306
 * 11-11-2023 13:30:23.978
Response  - 23,4,I001*67bf * 11-11-2023 13:30:24.146
Response  - 23,4,F000,2338*dd30 * 11-11-2023 13:30:28.219
J13 Value - 2338 * 11-11-2023 13:30:28.234
Command * Level Sensing For J14 - #24,4,64754,8590,0,0*dc23
 * 11-11-2023 13:30:28.532
Response  - 24,4,I001*81fe * 11-11-2023 13:30:28.702
Response  - 24,4,F000,2359*faf9 * 11-11-2023 13:30:32.953
J14 Value - 2359 * 11-11-2023 13:30:32.967
Command * Level Sensing For J15 - #25,4,61124,8590,0,0*596c
 * 11-11-2023 13:30:33.97
Response  - 25,4,I001*4d3f * 11-11-2023 13:30:33.264
Response  - 25,4,F000,2345*eefa * 11-11-2023 13:30:37.331
J15 Value - 2345 * 11-11-2023 13:30:37.349
Command * Level Sensing For J16 - #26,4,57494,8590,0,0*f0bf
 * 11-11-2023 13:30:37.696
Response  - 26,4,I001*587f * 11-11-2023 13:30:37.862
Response  - 26,4,F000,2351*7eff * 11-11-2023 13:30:41.929
J16 Value - 2351 * 11-11-2023 13:30:41.940
Command * Level Sensing For J17 - #27,4,53864,8590,0,0*8cc0
 * 11-11-2023 13:30:42.260
Response  - 27,4,I001*94be * 11-11-2023 13:30:42.425
Response  - 27,4,F000,2356*3dbc * 11-11-2023 13:30:46.503
J17 Value - 2356 * 11-11-2023 13:30:46.514
Command * Level Sensing For W4 - #28,4,50234,8590,0,0*8cff
 * 11-11-2023 13:30:46.819
Response  - 28,4,I001*d4fe * 11-11-2023 13:30:46.987
Response  - 28,4,F000,2354*f329 * 11-11-2023 13:30:51.50
W4 Value - 2354 * 11-11-2023 13:30:51.68
Command * Level Sensing For W5 - #29,4,46604,8590,0,0*fc59
 * 11-11-2023 13:30:51.380
Response  - 29,4,I001*183f * 11-11-2023 13:30:51.565
Response  - 29,4,F000,2347*e36a * 11-11-2023 13:30:55.642
W5 Value - 2347 * 11-11-2023 13:30:55.653
Command * Level Sensing For W6 - #30,4,42974,8590,0,0*7ab7
 * 11-11-2023 13:30:55.956
Response  - 30,4,I001*e2f2 * 11-11-2023 13:30:56.119
Response  - 30,4,F000,2351*79f6 * 11-11-2023 13:31:00.185
W6 Value - 2351 * 11-11-2023 13:31:00.195
Command * Level Sensing For J18 - #31,4,39344,8590,0,0*96ed
 * 11-11-2023 13:31:00.520
Response  - 31,4,I001*2e33 * 11-11-2023 13:31:00.687
Response  - 31,4,F000,2370*5834 * 11-11-2023 13:31:04.749
J18 Value - 2370 * 11-11-2023 13:31:04.770
Command * Level Sensing For J19 - #32,4,35714,8590,0,0*1dec
 * 11-11-2023 13:31:05.80
Response  - 32,4,I001*3b73 * 11-11-2023 13:31:05.249
Response  - 32,4,F000,2348*ad30 * 11-11-2023 13:31:09.308
J19 Value - 2348 * 11-11-2023 13:31:09.326
Command * Level Sensing For J20 - #33,4,32084,8590,0,0*f16d
 * 11-11-2023 13:31:09.641
Response  - 33,4,I001*f7b2 * 11-11-2023 13:31:09.806
Response  - 33,4,F000,2357*b873 * 11-11-2023 13:31:13.870
J20 Value - 2357 * 11-11-2023 13:31:13.885
Command * Level Sensing For J21 - #34,4,28454,8590,0,0*2c0e
 * 11-11-2023 13:31:14.214
Response  - 34,4,I001*11f3 * 11-11-2023 13:31:14.383
Response  - 34,4,F000,2362*0cb8 * 11-11-2023 13:31:18.444
J21 Value - 2362 * 11-11-2023 13:31:18.467
Command * Level Sensing For J22 - #35,4,24824,8590,0,0*7844
 * 11-11-2023 13:31:18.770
Response  - 35,4,I001*dd32 * 11-11-2023 13:31:18.943
Response  - 35,4,F000,2366*4ebb * 11-11-2023 13:31:23.8
J22 Value - 2366 * 11-11-2023 13:31:23.24
Command * Level Sensing For J23 - #36,4,21194,8590,0,0*0181
 * 11-11-2023 13:31:23.328
Response  - 36,4,I001*c872 * 11-11-2023 13:31:23.496
Response  - 36,4,F000,2357*bd7f * 11-11-2023 13:31:27.558
J23 Value - 2357 * 11-11-2023 13:31:27.575
Command * Level Sensing For J24 - #37,4,17564,8590,0,0*e31b
 * 11-11-2023 13:31:27.893
Response  - 37,4,I001*04b3 * 11-11-2023 13:31:28.58
Response  - 37,4,F000,2358*383d * 11-11-2023 13:31:32.137
J24 Value - 2358 * 11-11-2023 13:31:32.152
Command * Level Sensing For J25 - #38,4,13934,8590,0,0*ac27
 * 11-11-2023 13:31:32.462
Response  - 38,4,I001*44f3 * 11-11-2023 13:31:32.633
Response  - 38,4,F000,2363*0068 * 11-11-2023 13:31:36.695
J25 Value - 2363 * 11-11-2023 13:31:36.712
Command * Level Sensing For J26 - #39,4,10304,8590,0,0*cf64
 * 11-11-2023 13:31:37.21
Response  - 39,4,I001*8832 * 11-11-2023 13:31:37.191
Response  - 39,4,F000,2370*102b * 11-11-2023 13:31:41.270
J26 Value - 2370 * 11-11-2023 13:31:41.287
Command * Level Sensing For J27 - #40,4,42974,16380,0,0*8c11
 * 11-11-2023 13:31:41.584
Response  - 40,4,I001*d2d4 * 11-11-2023 13:31:41.751
Response  - 40,4,F000,2336*dcb2 * 11-11-2023 13:31:49.104
J27 Value - 2336 * 11-11-2023 13:31:49.119
Command * Level Sensing For J28 - #41,4,39344,16380,0,0*b77d
 * 11-11-2023 13:31:49.154
Response  - 41,4,I001*1e15 * 11-11-2023 13:31:49.320
Response  - 41,4,F000,2361*cff2 * 11-11-2023 13:31:53.387
J28 Value - 2361 * 11-11-2023 13:31:53.405
Command * Level Sensing For J29 - #42,4,35714,16380,0,0*7737
 * 11-11-2023 13:31:53.701
Response  - 42,4,I001*0b55 * 11-11-2023 13:31:53.868
Response  - 42,4,F000,2376*5eb7 * 11-11-2023 13:31:57.935
J29 Value - 2376 * 11-11-2023 13:31:57.952
Command * Level Sensing For J30 - #43,4,32084,16380,0,0*171b
 * 11-11-2023 13:31:58.249
Response  - 43,4,I001*c794 * 11-11-2023 13:31:58.415
Response  - 43,4,F000,2372*1cb4 * 11-11-2023 13:32:02.484
J30 Value - 2372 * 11-11-2023 13:32:02.505
Command * Level Sensing For J31 - #44,4,28454,16380,0,0*3e86
 * 11-11-2023 13:32:02.800
Response  - 44,4,I001*21d5 * 11-11-2023 13:32:02.966
Response  - 44,4,F000,2357*387e * 11-11-2023 13:32:07.36
J31 Value - 2357 * 11-11-2023 13:32:07.55
Command * Level Sensing For J32 - #45,4,24824,16380,0,0*c953
 * 11-11-2023 13:32:07.367
Response  - 45,4,I001*ed14 * 11-11-2023 13:32:07.536
Response  - 45,4,F000,2384*2838 * 11-11-2023 13:32:11.613
J32 Value - 2384 * 11-11-2023 13:32:11.633
Command * Level Sensing For J33 - #46,4,21194,16380,0,0*9aea
 * 11-11-2023 13:32:11.927
Response  - 46,4,I001*f854 * 11-11-2023 13:32:12.95
Response  - 46,4,F000,2383*297c * 11-11-2023 13:32:16.173
J33 Value - 2383 * 11-11-2023 13:32:16.190
Command * Level Sensing For H1 - #47,4,2688,1000,0,1*2868
 * 11-11-2023 13:32:16.485
Response  - 47,4,I001*3495 * 11-11-2023 13:32:16.654
Response  - 47,4,F000,3239*a3a9 * 11-11-2023 13:32:22.412
H1 Value - 3239 * 11-11-2023 13:32:22.427
Command * Level Sensing For H2 - #48,4,2688,8700,0,1*71eb
 * 11-11-2023 13:32:22.584
Response  - 48,4,I001*74d5 * 11-11-2023 13:32:22.753
Response  - 48,4,F000,3245*99bf * 11-11-2023 13:32:26.989
H2 Value - 3245 * 11-11-2023 13:32:27.1
Command * Level Sensing For H3 - #49,4,2688,16380,0,1*7726
 * 11-11-2023 13:32:27.153
Response  - 49,4,I001*b814 * 11-11-2023 13:32:27.318
Response  - 49,4,F000,3212*8aff * 11-11-2023 13:32:31.552
H3 Value - 3212 * 11-11-2023 13:32:31.568
Command * Home Command - #50,5,11111111*6956
 * 11-11-2023 13:32:31.709
Response  - 50,5,I001,11111111*346f * 11-11-2023 13:32:31.877
Response  - 50,5,F000*471a * 11-11-2023 13:32:44.480
Command * RACK HOLDING STATUS - #51,7*3103
 * 11-11-2023 13:35:21.369
Response  - 51,7,F000,01*b61b * 11-11-2023 13:35:21.540
Device Intialization started * 11-11-2023 13:35:21.923
Command * Home Command - #52,5,11111111*aeaf
 * 11-11-2023 13:35:21.926
Response  - 52,5,I001,11111111*54ce * 11-11-2023 13:35:22.90
Response  - 52,5,F000*9e9b * 11-11-2023 13:35:22.94
Command * Level Sensing For U1 - #53,4,64754,16380,0,0*5703
 * 11-11-2023 13:35:32.498
Response  - 53,4,I001*5799 * 11-11-2023 13:35:32.664
Response  - 53,4,F000,2319*baf6 * 11-11-2023 13:35:37.607
U1 Value - 2319 * 11-11-2023 13:35:37.619
Command * Level Sensing For U2 - #54,4,61124,16380,0,0*2b4f
 * 11-11-2023 13:35:38.45
Response  - 54,4,I001*b1d8 * 11-11-2023 13:35:38.230
Response  - 54,4,F000,2359*3dff * 11-11-2023 13:35:42.301
U2 Value - 2359 * 11-11-2023 13:35:42.318
Command * Level Sensing For U3 - #55,4,57494,16380,0,0*0ede
 * 11-11-2023 13:35:42.631
Response  - 55,4,I001*7d19 * 11-11-2023 13:35:42.800
Response  - 55,4,F000,2320*8a3f * 11-11-2023 13:35:46.876
U3 Value - 2320 * 11-11-2023 13:35:46.893
Command * Level Sensing For U4 - #56,4,53864,16380,0,0*569a
 * 11-11-2023 13:35:47.189
Response  - 56,4,I001*6859 * 11-11-2023 13:35:47.356
Response  - 56,4,F000,2343*e879 * 11-11-2023 13:35:51.421
U4 Value - 2343 * 11-11-2023 13:35:51.438
Command * Level Sensing For U5 - #57,4,50234,16380,0,0*afb0
 * 11-11-2023 13:35:51.754
Response  - 57,4,I001*a498 * 11-11-2023 13:35:51.921
Response  - 57,4,F000,2338*9e38 * 11-11-2023 13:35:55.997
U5 Value - 2338 * 11-11-2023 13:35:56.11
Command * Level Sensing For U6 - #58,4,46604,16380,0,0*3c2a
 * 11-11-2023 13:35:56.314
Response  - 58,4,I001*e4d8 * 11-11-2023 13:35:56.481
Response  - 58,4,F000,2335*54ed * 11-11-2023 13:36:00.549
U6 Value - 2335 * 11-11-2023 13:36:00.566
Command * Level Sensing For J1 - #59,4,10304,800,0,0*27d6
 * 11-11-2023 13:36:00.879
Response  - 59,4,I001*2819 * 11-11-2023 13:36:01.43
Response  - 59,4,F000,2344*252c * 11-11-2023 13:36:08.822
J1 Value - 2344 * 11-11-2023 13:36:08.833
Command * Level Sensing For J2 - #60,4,13934,800 ,0,0*58fd
 * 11-11-2023 13:36:08.943
Response  - 60,4,I001*b2cd * 11-11-2023 13:36:09.105
Response  - 60,4,F000,2340*2c33 * 11-11-2023 13:36:13.178
J2 Value - 2340 * 11-11-2023 13:36:13.195
Command * Level Sensing For J3 - #61,4,17564,800 ,0,0*fca3
 * 11-11-2023 13:36:13.509
Response  - 61,4,I001*7e0c * 11-11-2023 13:36:13.677
Response  - 61,4,F000,2361*0df1 * 11-11-2023 13:36:17.748
J3 Value - 2361 * 11-11-2023 13:36:17.765
Command * Level Sensing For J4 - #62,4,21194,800 ,0,0*a698
 * 11-11-2023 13:36:18.80
Response  - 62,4,I001*6b4c * 11-11-2023 13:36:18.246
Response  - 62,4,F000,2364*cd34 * 11-11-2023 13:36:22.325
J4 Value - 2364 * 11-11-2023 13:36:22.344
Command * Level Sensing For J5 - #63,4,24824,800 ,0,0*67fc
 * 11-11-2023 13:36:22.642
Response  - 63,4,I001*a78d * 11-11-2023 13:36:22.811
Response  - 63,4,F000,2352*beb6 * 11-11-2023 13:36:26.879
J5 Value - 2352 * 11-11-2023 13:36:26.894
Command * Level Sensing For J6 - #64,4,28454,800 ,0,0*ba56
 * 11-11-2023 13:36:27.206
Response  - 64,4,I001*41cc * 11-11-2023 13:36:27.374
Response  - 64,4,F000,2348*6e3c * 11-11-2023 13:36:31.446
J6 Value - 2348 * 11-11-2023 13:36:31.463
Command * Level Sensing For J7 - #65,4,32084,800 ,0,0*eed5
 * 11-11-2023 13:36:31.773
Response  - 65,4,I001*8d0d * 11-11-2023 13:36:31.943
Response  - 65,4,F000,2352*78bf * 11-11-2023 13:36:36.36
J7 Value - 2352 * 11-11-2023 13:36:36.55
Command * Level Sensing For J8 - #66,4,35714,800 ,0,0*baf5
 * 11-11-2023 13:36:36.341
Response  - 66,4,I001*984d * 11-11-2023 13:36:36.508
Response  - 66,4,F000,2358*bc3a * 11-11-2023 13:36:40.580
J8 Value - 2358 * 11-11-2023 13:36:40.598
Command * Level Sensing For J9 - #67,4,39344,800 ,0,0*8955
 * 11-11-2023 13:36:40.896
Response  - 67,4,I001*548c * 11-11-2023 13:36:41.64
Response  - 67,4,F000,2349*6df8 * 11-11-2023 13:36:45.142
J9 Value - 2349 * 11-11-2023 13:36:45.158
Command * Level Sensing For W1 - #68,4,42974,800 ,0,0*8e6d
 * 11-11-2023 13:36:45.457
Response  - 68,4,I001*14cc * 11-11-2023 13:36:45.624
Response  - 68,4,F000,2343*656c * 11-11-2023 13:36:49.686
W1 Value - 2343 * 11-11-2023 13:36:49.703
Command * Level Sensing For W2 - #69,4,46604,800 ,0,0*963c
 * 11-11-2023 13:36:50.18
Response  - 69,4,I001*d80d * 11-11-2023 13:36:50.185
Response  - 69,4,F000,2342*24af * 11-11-2023 13:36:54.258
W2 Value - 2342 * 11-11-2023 13:36:54.276
Command * Level Sensing For W3 - #70,4,50234,800 ,0,0*7825
 * 11-11-2023 13:36:54.590
Response  - 70,4,I001*22c0 * 11-11-2023 13:36:54.758
Response  - 70,4,F000,2341*2df2 * 11-11-2023 13:36:58.836
W3 Value - 2341 * 11-11-2023 13:36:58.853
Command * Level Sensing For J10 - #71,4,53864,800 ,0,0*9378
 * 11-11-2023 13:36:59.152
Response  - 71,4,I001*ee01 * 11-11-2023 13:36:59.320
Response  - 71,4,F000,2347*ae70 * 11-11-2023 13:37:03.388
J10 Value - 2347 * 11-11-2023 13:37:03.400
Command * Level Sensing For J11 - #72,4,57494,800 ,0,0*57a6
 * 11-11-2023 13:37:03.704
Response  - 72,4,I001*fb41 * 11-11-2023 13:37:03.874
Response  - 72,4,F000,2361*0ff4 * 11-11-2023 13:37:07.937
J11 Value - 2361 * 11-11-2023 13:37:07.952
Command * Level Sensing For J12 - #73,4,61124,800 ,0,0*46d4
 * 11-11-2023 13:37:08.268
Response  - 73,4,I001*3780 * 11-11-2023 13:37:08.437
Response  - 73,4,F000,2343*2f76 * 11-11-2023 13:37:12.505
J12 Value - 2343 * 11-11-2023 13:37:12.520
Command * Level Sensing For J13 - #74,4,64754,800 ,0,0*4a7b
 * 11-11-2023 13:37:12.836
Response  - 74,4,I001*d1c1 * 11-11-2023 13:37:13.4
Response  - 74,4,F000,2347*ab7c * 11-11-2023 13:37:17.81
J13 Value - 2347 * 11-11-2023 13:37:17.97
Command * Level Sensing For J14 - #75,4,64754,8590,0,0*ecbe
 * 11-11-2023 13:37:17.406
Response  - 75,4,I001*1d00 * 11-11-2023 13:37:17.574
Response  - 75,4,F000,2353*797e * 11-11-2023 13:37:21.826
J14 Value - 2353 * 11-11-2023 13:37:21.843
Command * Level Sensing For J15 - #76,4,61124,8590,0,0*d150
 * 11-11-2023 13:37:21.971
Response  - 76,4,I001*0840 * 11-11-2023 13:37:22.138
Response  - 76,4,F000,2338*dd39 * 11-11-2023 13:37:26.210
J15 Value - 2338 * 11-11-2023 13:37:26.229
Command * Level Sensing For J16 - #77,4,57494,8590,0,0*c022
 * 11-11-2023 13:37:26.539
Response  - 77,4,I001*c481 * 11-11-2023 13:37:26.707
Response  - 77,4,F000,2341*6af9 * 11-11-2023 13:37:30.767
J16 Value - 2341 * 11-11-2023 13:37:30.787
Command * Level Sensing For J17 - #78,4,53864,8590,0,0*573f
 * 11-11-2023 13:37:31.96
Response  - 78,4,I001*84c1 * 11-11-2023 13:37:31.261
Response  - 78,4,F000,2357*f76c * 11-11-2023 13:37:35.335
J17 Value - 2357 * 11-11-2023 13:37:35.347
Command * Level Sensing For W4 - #79,4,50234,8590,0,0*bc62
 * 11-11-2023 13:37:35.663
Response  - 79,4,I001*4800 * 11-11-2023 13:37:35.832
Response  - 79,4,F000,2341*e4ef * 11-11-2023 13:37:39.902
W4 Value - 2341 * 11-11-2023 13:37:39.920
Command * Level Sensing For W5 - #80,4,46604,8590,0,0*bb11
 * 11-11-2023 13:37:40.233
Response  - 80,4,I001*d281 * 11-11-2023 13:37:40.398
Response  - 80,4,F000,2342*23bd * 11-11-2023 13:37:44.469
W5 Value - 2342 * 11-11-2023 13:37:44.488
Command * Level Sensing For W6 - #81,4,42974,8590,0,0*a340
 * 11-11-2023 13:37:44.801
Response  - 81,4,I001*1e40 * 11-11-2023 13:37:44.967
Response  - 81,4,F000,2349*65fe * 11-11-2023 13:37:49.37
W6 Value - 2349 * 11-11-2023 13:37:49.54
Command * Level Sensing For J18 - #82,4,39344,8590,0,0*f7bb
 * 11-11-2023 13:37:49.368
Response  - 82,4,I001*0b00 * 11-11-2023 13:37:49.534
Response  - 82,4,F000,2355*33fa * 11-11-2023 13:37:53.606
J18 Value - 2355 * 11-11-2023 13:37:53.621
Command * Level Sensing For J19 - #83,4,35714,8590,0,0*c41b
 * 11-11-2023 13:37:53.920
Response  - 83,4,I001*c7c1 * 11-11-2023 13:37:54.90
Response  - 83,4,F000,2350*b138 * 11-11-2023 13:37:58.146
J19 Value - 2350 * 11-11-2023 13:37:58.160
Command * Level Sensing For J20 - #84,4,32084,8590,0,0*a17a
 * 11-11-2023 13:37:58.478
Response  - 84,4,I001*2180 * 11-11-2023 13:37:58.643
Response  - 84,4,F000,2358*3032 * 11-11-2023 13:38:02.721
J20 Value - 2358 * 11-11-2023 13:38:02.736
Command * Level Sensing For J21 - #85,4,28454,8590,0,0*f5f9
 * 11-11-2023 13:38:03.33
Response  - 85,4,I001*ed41 * 11-11-2023 13:38:03.208
Response  - 85,4,F000,2353*7671 * 11-11-2023 13:38:07.272
J21 Value - 2353 * 11-11-2023 13:38:07.289
Command * Level Sensing For J22 - #86,4,24824,8590,0,0*1912
 * 11-11-2023 13:38:07.601
Response  - 86,4,I001*f801 * 11-11-2023 13:38:07.769
Response  - 86,4,F000,2352*75b5 * 11-11-2023 13:38:11.840
J22 Value - 2352 * 11-11-2023 13:38:11.856
Command * Level Sensing For J23 - #87,4,21194,8590,0,0*d876
 * 11-11-2023 13:38:12.160
Response  - 87,4,I001*34c0 * 11-11-2023 13:38:12.327
Response  - 87,4,F000,2353*3476 * 11-11-2023 13:38:16.391
J23 Value - 2353 * 11-11-2023 13:38:16.408
Command * Level Sensing For J24 - #88,4,17564,8590,0,0*d18e
 * 11-11-2023 13:38:16.740
Response  - 88,4,I001*7480 * 11-11-2023 13:38:16.904
Response  - 88,4,F000,2360*ca22 * 11-11-2023 13:38:20.970
J24 Value - 2360 * 11-11-2023 13:38:20.989
Command * Level Sensing For J25 - #89,4,13934,8590,0,0*75d0
 * 11-11-2023 13:38:21.304
Response  - 89,4,I001*b841 * 11-11-2023 13:38:21.467
Response  - 89,4,F000,2357*7961 * 11-11-2023 13:38:25.549
J25 Value - 2357 * 11-11-2023 13:38:25.565
Command * Level Sensing For J26 - #90,4,10304,8590,0,0*882c
 * 11-11-2023 13:38:25.862
Response  - 90,4,I001*428c * 11-11-2023 13:38:26.31
Response  - 90,4,F000,2361*83fc * 11-11-2023 13:38:30.96
J26 Value - 2361 * 11-11-2023 13:38:30.113
Command * Level Sensing For J27 - #91,4,42974,16380,0,0*6c01
 * 11-11-2023 13:38:30.420
Response  - 91,4,I001*8e4d * 11-11-2023 13:38:30.587
Response  - 91,4,F000,2338*543d * 11-11-2023 13:38:37.940
J27 Value - 2338 * 11-11-2023 13:38:37.957
Command * Level Sensing For J28 - #92,4,39344,16380,0,0*ef14
 * 11-11-2023 13:38:37.968
Response  - 92,4,I001*9b0d * 11-11-2023 13:38:38.135
Response  - 92,4,F000,2376*93bb * 11-11-2023 13:38:42.201
J28 Value - 2376 * 11-11-2023 13:38:42.219
Command * Level Sensing For J29 - #93,4,35714,16380,0,0*9727
 * 11-11-2023 13:38:42.518
Response  - 93,4,I001*57cc * 11-11-2023 13:38:42.682
Response  - 93,4,F000,2368*4639 * 11-11-2023 13:38:46.751
J29 Value - 2368 * 11-11-2023 13:38:46.770
Command * Level Sensing For J30 - #94,4,32084,16380,0,0*7f83
 * 11-11-2023 13:38:47.82
Response  - 94,4,I001*b18d * 11-11-2023 13:38:47.249
Response  - 94,4,F000,2370*5732 * 11-11-2023 13:38:51.314
J30 Value - 2370 * 11-11-2023 13:38:51.331
Command * Level Sensing For J31 - #95,4,28454,16380,0,0*de96
 * 11-11-2023 13:38:51.645
Response  - 95,4,I001*7d4c * 11-11-2023 13:38:51.812
Response  - 95,4,F000,2369*40f1 * 11-11-2023 13:38:55.879
J31 Value - 2369 * 11-11-2023 13:38:55.910
Command * Level Sensing For J32 - #96,4,24824,16380,0,0*913a
 * 11-11-2023 13:38:56.205
Response  - 96,4,I001*680c * 11-11-2023 13:38:56.378
Response  - 96,4,F000,2379*13f5 * 11-11-2023 13:39:00.432
J32 Value - 2379 * 11-11-2023 13:39:00.449
Command * Level Sensing For J33 - #97,4,21194,16380,0,0*7afa
 * 11-11-2023 13:39:00.772
Response  - 97,4,I001*a4cd * 11-11-2023 13:39:00.946
Response  - 97,4,F000,2377*5676 * 11-11-2023 13:39:05.7
J33 Value - 2377 * 11-11-2023 13:39:05.24
Command * Level Sensing For H1 - #98,4,2688,1000,0,1*74cf
 * 11-11-2023 13:39:05.332
Response  - 98,4,I001*e48d * 11-11-2023 13:39:05.504
Response  - 98,4,F000,3223*f630 * 11-11-2023 13:39:11.263
H1 Value - 3223 * 11-11-2023 13:39:11.277
Command * Level Sensing For H2 - #99,4,2688,8700,0,1*4e28
 * 11-11-2023 13:39:11.393
Response  - 99,4,I001*284c * 11-11-2023 13:39:11.558
Response  - 99,4,F000,3204*d572 * 11-11-2023 13:39:15.795
H2 Value - 3204 * 11-11-2023 13:39:15.812
Command * Level Sensing For H3 - #100,4,2688,16380,0,1*c37c
 * 11-11-2023 13:39:15.955
Response  - 100,4,I001*dfcd * 11-11-2023 13:39:16.122
Response  - 100,4,F000,3216*eefc * 11-11-2023 13:39:20.362
H3 Value - 3216 * 11-11-2023 13:39:20.378
Command * Home Command - #101,5,11111111*b43f
 * 11-11-2023 13:39:20.521
Response  - 101,5,I001,11111111*5109 * 11-11-2023 13:39:20.690
Response  - 101,5,F000*16cf * 11-11-2023 13:39:33.274
Command * Home Command - #0,5,11111111*757c
 * 11-11-2023 13:41:02.464
Response  - 0,5,I001,11111111*6271 * 11-11-2023 13:41:02.637
Response  - 0,5,F000*ed3b * 11-11-2023 13:41:02.643
Response  - 0,16,F000*7ce9 * 11-11-2023 13:41:02.660
Command * Level Sensing For H1 - #1,4,2688,1000,0,1*23c4
 * 11-11-2023 13:41:13.56
Response  - 1,4,I001*2439 * 11-11-2023 13:41:13.223
Response  - 1,4,F000,3281*8d3b * 11-11-2023 13:41:24.13
H1 Value - 3281 * 11-11-2023 13:41:24.28
Command * Level Sensing For H2 - #2,4,2688,8700,0,1*7982
 * 11-11-2023 13:41:24.156
Response  - 2,4,I001*3179 * 11-11-2023 13:41:24.323
Response  - 2,4,F000,3264*2dfa * 11-11-2023 13:41:28.559
H2 Value - 3264 * 11-11-2023 13:41:28.574
Command * Level Sensing For H3 - #3,4,2688,16380,0,1*59ee
 * 11-11-2023 13:41:28.703
Response  - 3,4,I001*fdb8 * 11-11-2023 13:41:28.873
Response  - 3,4,F000,3246*0d78 * 11-11-2023 13:41:33.107
H3 Value - 3246 * 11-11-2023 13:41:33.123
Command * Level Sensing For L1 - #4,4,17564,16380,0,0*fa78
 * 11-11-2023 13:41:33.251
Response  - 4,4,I001*1bf9 * 11-11-2023 13:41:33.421
Response  - 4,4,F000,267*32c2 * 11-11-2023 13:41:38.757
L1 Value - 267 * 11-11-2023 13:41:38.775
Command * Level Sensing For L2 - #5,4,13934,16380,0,0*025d
 * 11-11-2023 13:41:38.823
Response  - 5,4,I001*d738 * 11-11-2023 13:41:38.991
Command * Home Command - #0,5,11111111*757c
 * 11-11-2023 13:41:59.159
Command * RACK HOLDING STATUS - #0,7*d92c
 * 11-11-2023 13:46:14.779
Response  - 0,7,F000,01*e031 * 11-11-2023 13:46:14.976
Device Intialization started * 11-11-2023 13:46:16.210
Command * Home Command - #1,5,11111111*b681
 * 11-11-2023 13:46:16.213
Response  - 1,5,I001,11111111*f220 * 11-11-2023 13:46:16.372
Response  - 1,5,F000*21fa * 11-11-2023 13:46:26.740
Command * Level Sensing For U1 - #2,4,64754,16380,0,0*35b7
 * 11-11-2023 13:46:36.799
Response  - 2,4,I001*3179 * 11-11-2023 13:46:36.967
Response  - 2,4,F000,2341*726b * 11-11-2023 13:46:41.918
U1 Value - 2341 * 11-11-2023 13:46:41.946
Command * Level Sensing For U2 - #3,4,61124,16380,0,0*c173
 * 11-11-2023 13:46:42.365
Response  - 3,4,I001*fdb8 * 11-11-2023 13:46:42.534
Response  - 3,4,F000,2362*9228 * 11-11-2023 13:46:46.606
U2 Value - 2362 * 11-11-2023 13:46:46.622
Command * Level Sensing For U3 - #4,4,57494,16380,0,0*6c6a
 * 11-11-2023 13:46:46.921
Response  - 4,4,I001*1bf9 * 11-11-2023 13:46:47.90
Response  - 4,4,F000,2357*26e3 * 11-11-2023 13:46:51.161
U3 Value - 2357 * 11-11-2023 13:46:51.179
Command * Level Sensing For U4 - #5,4,53864,16380,0,0*8c57
 * 11-11-2023 13:46:51.474
Response  - 5,4,I001*d738 * 11-11-2023 13:46:51.641
Response  - 5,4,F000,2353*64e0 * 11-11-2023 13:46:55.718
U4 Value - 2353 * 11-11-2023 13:46:55.732
Command * Level Sensing For U5 - #6,4,50234,16380,0,0*cd04
 * 11-11-2023 13:46:56.35
Response  - 6,4,I001*c278 * 11-11-2023 13:46:56.231
Response  - 6,4,F000,2360*56a5 * 11-11-2023 13:47:00.371
U5 Value - 2360 * 11-11-2023 13:47:00.389
Command * Level Sensing For U6 - #7,4,46604,16380,0,0*b7f4
 * 11-11-2023 13:47:00.632
Response  - 7,4,I001*0eb9 * 11-11-2023 13:47:00.799
Response  - 7,4,F000,2359*2167 * 11-11-2023 13:47:04.869
U6 Value - 2359 * 11-11-2023 13:47:04.884
Command * Level Sensing For J1 - #8,4,10304,800,0,0*e199
 * 11-11-2023 13:47:05.201
Response  - 8,4,I001*4ef9 * 11-11-2023 13:47:05.368
Response  - 8,4,F000,2363*d9f3 * 11-11-2023 13:47:13.133
J1 Value - 2363 * 11-11-2023 13:47:13.152
Command * Level Sensing For J2 - #9,4,13934,800 ,0,0*8abc
 * 11-11-2023 13:47:13.270
Response  - 9,4,I001*8238 * 11-11-2023 13:47:13.429
Response  - 9,4,F000,2358*6fb0 * 11-11-2023 13:47:17.513
J2 Value - 2358 * 11-11-2023 13:47:17.533
Command * Level Sensing For J3 - #10,4,17564,800 ,0,0*7447
 * 11-11-2023 13:47:17.830
Response  - 10,4,I001*82eb * 11-11-2023 13:47:17.997
Response  - 10,4,F000,2373*1a75 * 11-11-2023 13:47:22.75
J3 Value - 2373 * 11-11-2023 13:47:22.94
Command * Level Sensing For J4 - #11,4,21194,800 ,0,0*96dd
 * 11-11-2023 13:47:22.393
Response  - 11,4,I001*4e2a * 11-11-2023 13:47:22.558
Response  - 11,4,F000,2364*c937 * 11-11-2023 13:47:26.626
J4 Value - 2364 * 11-11-2023 13:47:26.636
Command * Level Sensing For J5 - #12,4,24824,800 ,0,0*ef18
 * 11-11-2023 13:47:26.957
Response  - 12,4,I001*5b6a * 11-11-2023 13:47:27.124
Response  - 12,4,F000,2362*08b2 * 11-11-2023 13:47:31.200
J5 Value - 2362 * 11-11-2023 13:47:31.215
Command * Level Sensing For J6 - #13,4,28454,800 ,0,0*bb52
 * 11-11-2023 13:47:31.514
Response  - 13,4,I001*97ab * 11-11-2023 13:47:31.681
Response  - 13,4,F000,2382*e9b4 * 11-11-2023 13:47:35.749
J6 Value - 2382 * 11-11-2023 13:47:35.767
Command * Level Sensing For J7 - #14,4,32084,800 ,0,0*6631
 * 11-11-2023 13:47:36.78
Response  - 14,4,I001*71ea * 11-11-2023 13:47:36.244
Response  - 14,4,F000,2376*9dbb * 11-11-2023 13:47:40.320
J7 Value - 2376 * 11-11-2023 13:47:40.338
Command * Level Sensing For J8 - #15,4,35714,800 ,0,0*8ab0
 * 11-11-2023 13:47:40.649
Response  - 15,4,I001*bd2b * 11-11-2023 13:47:40.818
Response  - 15,4,F000,2371*def8 * 11-11-2023 13:47:44.884
J8 Value - 2371 * 11-11-2023 13:47:44.902
Command * Level Sensing For J9 - #16,4,39344,800 ,0,0*01b1
 * 11-11-2023 13:47:45.215
Response  - 16,4,I001*a86b * 11-11-2023 13:47:45.379
Response  - 16,4,F000,2359*bbfd * 11-11-2023 13:47:49.448
J9 Value - 2359 * 11-11-2023 13:47:49.463
Command * Level Sensing For W1 - #17,4,42974,800 ,0,0*edeb
 * 11-11-2023 13:47:49.765
Response  - 17,4,I001*64aa * 11-11-2023 13:47:49.930
Response  - 17,4,F000,2351*fcfe * 11-11-2023 13:47:54.10
W1 Value - 2351 * 11-11-2023 13:47:54.27
Command * Level Sensing For W2 - #18,4,46604,800 ,0,0*1ed8
 * 11-11-2023 13:47:54.336
Response  - 18,4,I001*24ea * 11-11-2023 13:47:54.495
Response  - 18,4,F000,2345*a0ea * 11-11-2023 13:47:58.572
W2 Value - 2345 * 11-11-2023 13:47:58.590
Command * Level Sensing For W3 - #19,4,50234,800 ,0,0*6e7e
 * 11-11-2023 13:47:58.893
Response  - 19,4,I001*e82b * 11-11-2023 13:47:59.53
Response  - 19,4,F000,2352*73a8 * 11-11-2023 13:48:03.134
W3 Value - 2352 * 11-11-2023 13:48:03.150
Command * Level Sensing For J10 - #20,4,53864,800 ,0,0*a3e5
 * 11-11-2023 13:48:03.458
Response  - 20,4,I001*72ff * 11-11-2023 13:48:03.628
Command * DOOR STATUS - #21,9*8183
 * 11-11-2023 13:48:32.35
Response  - 21,9,F000,11*8da3 * 11-11-2023 13:48:32.210
Command * CLOSE HEATER DOOR - #22,8,1,0*e732
 * 11-11-2023 13:49:24.277
Response  - 22,8,I001*677e * 11-11-2023 13:49:24.519
Response  - 22,8,F000*b3bc * 11-11-2023 13:49:24.783
Command * OPEN HEATER DOOR - #23,8,1,1*e7e3
 * 11-11-2023 13:49:26.602
Response  - 23,8,I001*abbf * 11-11-2023 13:49:26.774
Response  - 23,8,F000*7f7d * 11-11-2023 13:49:27.101
Command * CLOSE HEATER DOOR - #24,8,1,0*e754
 * 11-11-2023 13:49:27.673
Response  - 24,8,I001*4dfe * 11-11-2023 13:49:27.831
Response  - 24,8,F000*993c * 11-11-2023 13:49:28.174
Command * OPEN HEATER DOOR - #25,8,1,1*e785
 * 11-11-2023 13:49:28.615
Response  - 25,8,I001*813f * 11-11-2023 13:49:28.779
Response  - 25,8,F000*55fd * 11-11-2023 13:49:29.108
Command * CLOSE HEATER DOOR - #26,8,1,0*2777
 * 11-11-2023 13:49:29.607
Response  - 26,8,I001*947f * 11-11-2023 13:49:29.776
Response  - 26,8,F000*40bd * 11-11-2023 13:49:30.117
