Command Sent (SeqNo: 0, Retry: 0) WATER VALVE - 1 CONTROL OFF - #0,13,1,0*73eb  * 24-04-2025 13:03:02.130
CRC-Response (SeqNo: 0) - 0,13,F000*29e9 * 24-04-2025 13:03:02.353
Command Sent (SeqNo: 1, Retry: 0) WATER VALVE - 2 CONTROL OFF - #1,13,2,0*bfda  * 24-04-2025 13:03:02.968
CRC-Response (SeqNo: 1) - 1,13,F000*b9e4 * 24-04-2025 13:03:03.76
Command Sent (SeqNo: 2, Retry: 0) WATER VALVE - 3 CONTROL OFF - #2,13,3,0*6acb  * 24-04-2025 13:03:03.656
CRC-Response (SeqNo: 2) - 2,13,F000*49f0 * 24-04-2025 13:03:03.775
Command Sent (SeqNo: 3, Retry: 0) WATER VALVE - 4 CONTROL OFF - #3,13,4,0*67bb  * 24-04-2025 13:03:04.354
CRC-Response (SeqNo: 3) - 3,13,F000*d9fd * 24-04-2025 13:03:04.471
Command Sent (SeqNo: 4, Retry: 0) WATER VALVE - 5 CONTROL OFF - #4,13,5,0*41ab  * 24-04-2025 13:03:05.53
CRC-Response (SeqNo: 4) - 4,13,F000*e9db * 24-04-2025 13:03:05.165
Command Sent (SeqNo: 5, Retry: 0) WATER VALVE - 6 CONTROL OFF - #5,13,6,0*8d9a  * 24-04-2025 13:03:05.738
CRC-Response (SeqNo: 5) - 5,13,F000*79d6 * 24-04-2025 13:03:05.860
Command Sent (SeqNo: 6, Retry: 0) Home Command - #6,5,01111111*b1b5  * 24-04-2025 13:03:06.425
CRC-Response (SeqNo: 6) - 6,5,I001,01111111*0f53 * 24-04-2025 13:03:06.544
CRC-Response (SeqNo: 6) - 6,5,F000,11111111*09d7 * 24-04-2025 13:03:06.544
Command Sent (SeqNo: 7, Retry: 0) Home Command - #7,5,01111111*7248  * 24-04-2025 13:03:08.684
User Aborted / Stopped the application forcefully  * 24-04-2025 13:03:10.418
CRC-Response (SeqNo: 7) - 7,5,I001,01111111*9f02 * 24-04-2025 13:03:13.594
CRC-Response (SeqNo: 7) - 7,5,F000,11111111*9986 * 24-04-2025 13:03:13.594
Command Sent (SeqNo: 0, Retry: 0) SET TEMPERATURE - #0,10,32*870a  * 24-04-2025 15:14:20.45
User Aborted / Stopped the application forcefully  * 24-04-2025 15:14:32.286
Command Sent (SeqNo: 0, Retry: 0) SET TEMPERATURE - #0,10,32*870a  * 24-04-2025 15:20:25.167
No response for func_code: 10, SeqNo: 1, Retry: 1 * 24-04-2025 15:20:55.303
Command Sent (SeqNo: 1, Retry: 1) SET TEMPERATURE - #0,10,32*870a  * 24-04-2025 15:20:55.355
No response for func_code: 10, SeqNo: -1, Retry: 2 * 24-04-2025 15:21:25.389
Command Sent (SeqNo: -1, Retry: 2) SET TEMPERATURE - #0,10,32*870a  * 24-04-2025 15:21:25.442
No response for func_code: 10, SeqNo: -2, Retry: 3 * 24-04-2025 15:21:55.474
User Aborted / Stopped the application forcefully  * 24-04-2025 15:23:24.211
Command * DOOR STATUS - #-3,9*9525
 * 24-04-2025 15:23:36.800
Command * DOOR STATUS - #0,9*1dad
 * 24-04-2025 15:25:22.76
Command * DOOR STATUS - #0,9*1dad
 * 24-04-2025 15:27:59.809
Response  - 0,9,F000,11*107c * 24-04-2025 15:28:00.228
Command * GET TEMPERATURE - #1,11*551b
 * 24-04-2025 15:28:07.960
Response  - 1,11,F000,-273*b231 * 24-04-2025 15:28:08.133
Command * SET TEMPERATURE - #2,10,20*16a9
 * 24-04-2025 15:28:13.155
Response  - 2,10,F000*7af0 * 24-04-2025 15:28:13.317
Command * SET TEMPERATURE - #3,10,30*46b8
 * 24-04-2025 15:28:18.536
Response  - 3,10,F000*eafd * 24-04-2025 15:28:18.701
Command * WATER VALVE-1 CONTROL ON - #4,13,1,1*402b
 * 24-04-2025 15:28:48.507
Response  - 4,13,F000*e9db * 24-04-2025 15:28:48.681
Command * WATER VALVE-1 CONTROL OFF - #5,13,1,0*4c2b
 * 24-04-2025 15:28:54.803
Response  - 5,13,F000*79d6 * 24-04-2025 15:28:54.969
------------------------------------------------------------------------------------------------------------------------------------------------------------------------------
Command Sent (SeqNo: 0, Retry: 0) SET TEMPERATURE - #0,10,32*870a  * 24-04-2025 15:30:19.382
CRC-Response (SeqNo: 0) - 0,10,F000*1ae9 * 24-04-2025 15:30:19.634
Command Sent (SeqNo: 1, Retry: 0) HEATER ON - #1,12,1*dbe7  * 24-04-2025 15:30:20.738
CRC-Response (SeqNo: 1) - 1,12,F000*68e5 * 24-04-2025 15:30:20.847
Command Sent (SeqNo: 2, Retry: 0) HEATER DOOR CLOSE - #2,8,1,0*21eb  * 24-04-2025 15:30:21.426
CRC-Response (SeqNo: 2) - 2,8,I001*fd79 * 24-04-2025 15:30:21.546
CRC-Response (SeqNo: 2) - 2,8,F000*29bb * 24-04-2025 15:30:21.886
Command Sent (SeqNo: 3, Retry: 0) READ TEMPERATURE - #3,11*ed1a  * 24-04-2025 15:30:22.467
CRC-Response (SeqNo: 3) - 3,11,F000,545*d48f * 24-04-2025 15:30:22.581
Command Sent (SeqNo: 4, Retry: 0) WATER VALVE - 1 CONTROL OFF - #4,13,1,0*80ea  * 24-04-2025 15:30:37.665
CRC-Response (SeqNo: 4) - 4,13,F000*e9db * 24-04-2025 15:30:37.777
Command Sent (SeqNo: 5, Retry: 0) WATER VALVE - 2 CONTROL OFF - #5,13,2,0*4cdb  * 24-04-2025 15:30:38.345
CRC-Response (SeqNo: 5) - 5,13,F000*79d6 * 24-04-2025 15:30:38.474
Command Sent (SeqNo: 6, Retry: 0) WATER VALVE - 3 CONTROL OFF - #6,13,3,0*99ca  * 24-04-2025 15:30:39.48
CRC-Response (SeqNo: 6) - 6,13,F000*89c2 * 24-04-2025 15:30:39.173
Command Sent (SeqNo: 7, Retry: 0) WATER VALVE - 4 CONTROL OFF - #7,13,4,0*94ba  * 24-04-2025 15:30:39.734
CRC-Response (SeqNo: 7) - 7,13,F000*19cf * 24-04-2025 15:30:39.852
Command Sent (SeqNo: 8, Retry: 0) WATER VALVE - 5 CONTROL OFF - #8,13,5,0*14ab  * 24-04-2025 15:30:40.433
CRC-Response (SeqNo: 8) - 8,13,F000*e98e * 24-04-2025 15:30:40.552
Command Sent (SeqNo: 9, Retry: 0) WATER VALVE - 6 CONTROL OFF - #9,13,6,0*d89a  * 24-04-2025 15:30:41.129
CRC-Response (SeqNo: 9) - 9,13,F000*7983 * 24-04-2025 15:30:41.247
Command Sent (SeqNo: 10, Retry: 0) Home Command - #10,5,01111111*2199  * 24-04-2025 15:30:41.827
CRC-Response (SeqNo: 10) - 10,5,I001,01111111*c9ef * 24-04-2025 15:30:41.945
CRC-Response (SeqNo: 10) - 10,5,F000,11111111*cf6b * 24-04-2025 15:30:45.189
Command Sent (SeqNo: 11, Retry: 0) Home Command - #11,5,01111111*e264  * 24-04-2025 15:30:47.268
CRC-Response (SeqNo: 11) - 11,5,I001,01111111*59be * 24-04-2025 15:30:47.392
CRC-Response (SeqNo: 11) - 11,5,F000,11111111*5f3a * 24-04-2025 15:30:50.636
Command Sent (SeqNo: 12, Retry: 0) Level Sensing For L1 - #12,4,17564,16380,0,0*6888  * 24-04-2025 15:30:52.736
CRC-Response (SeqNo: 12) - 12,4,I001*5b6a * 24-04-2025 15:30:52.862
CRC-Response (SeqNo: 12) - 12,4,F000,867*a0ce * 24-04-2025 15:31:01.141
L1 Value - 867 * 24-04-2025 15:31:01.169
Command Sent (SeqNo: 13, Retry: 0) Level Sensing For L2 - #13,4,13934,16380,0,0*90ad  * 24-04-2025 15:31:01.723
CRC-Response (SeqNo: 13) - 13,4,I001*97ab * 24-04-2025 15:31:01.844
CRC-Response (SeqNo: 13) - 13,4,F000,867*6333 * 24-04-2025 15:31:04.129
L2 Value - 867 * 24-04-2025 15:31:04.149
Command Sent (SeqNo: 14, Retry: 0) Level Sensing For L3 - #14,4,10304,16380,0,0*e907  * 24-04-2025 15:31:04.706
CRC-Response (SeqNo: 14) - 14,4,I001*71ea * 24-04-2025 15:31:04.826
CRC-Response (SeqNo: 14) - 14,4,F000,864*a986 * 24-04-2025 15:31:07.119
L3 Value - 864 * 24-04-2025 15:31:07.140
Command Sent (SeqNo: 15, Retry: 0) Home Command - #15,5,01111111*2d95  * 24-04-2025 15:31:07.691
CRC-Response (SeqNo: 15) - 15,5,I001,01111111*98fc * 24-04-2025 15:31:07.817
CRC-Response (SeqNo: 15) - 15,5,F000,11111111*9e78 * 24-04-2025 15:31:11.52
Command Sent (SeqNo: 16, Retry: 0) Home Command - #16,5,01111111*2991  * 24-04-2025 15:31:12.639
CRC-Response (SeqNo: 16) - 16,5,I001,01111111*680c * 24-04-2025 15:31:12.760
CRC-Response (SeqNo: 16) - 16,5,F000,11111111*6e88 * 24-04-2025 15:31:16.2
Rack - 1Protocol Started * 24-04-2025 15:31:17.541
Command Sent (SeqNo: 17, Retry: 0) Rack-1 Picked from L1 - With RA:2 - #17,2,2,17564,16380,0,0*c95b  * 24-04-2025 15:31:17.672
CRC-Response (SeqNo: 17) - 17,2,I001,2*7462 * 24-04-2025 15:31:17.789
CRC-Response (SeqNo: 17) - 17,2,F000,2*4b33 * 24-04-2025 15:31:24.984
RA Picked Rack From L1 * 24-04-2025 15:31:24.987
Command Sent (SeqNo: 18, Retry: 0) Rack-1 Placed in H1 - With RA:2 - #18,3,2,2688,1000,0,1*f3aa  * 24-04-2025 15:31:25.300
CRC-Response (SeqNo: 18) - 18,3,I001,2*8893 * 24-04-2025 15:31:25.432
CRC-Response (SeqNo: 18) - 18,3,F000,2*b7c2 * 24-04-2025 15:31:32.315
RA Placed Rack in H1 * 24-04-2025 15:31:32.318
Command Sent (SeqNo: 19, Retry: 0) HEATER DOOR CLOSE - #19,8,1,0*32c8  * 24-04-2025 15:31:32.954
CRC-Response (SeqNo: 19) - 19,8,I001*242b * 24-04-2025 15:31:33.95
CRC-Response (SeqNo: 19) - 19,8,F000*f0e9 * 24-04-2025 15:31:33.418
Command Sent (SeqNo: 20, Retry: 0) READ TEMPERATURE - #20,11*4907  * 24-04-2025 15:31:33.982
CRC-Response (SeqNo: 20) - 20,11,F000,-273*d868 * 24-04-2025 15:31:34.100
Command Sent (SeqNo: 21, Retry: 0) READ TEMPERATURE - #21,11*b506  * 24-04-2025 15:31:49.184
CRC-Response (SeqNo: 21) - 21,11,F000,-273*1968 * 24-04-2025 15:31:49.305
Command Sent (SeqNo: 22, Retry: 0) READ TEMPERATURE - #22,11*f106  * 24-04-2025 15:31:53.595
CRC-Response (SeqNo: 22) - 22,11,F000,-273*1a6b * 24-04-2025 15:31:53.713
Command Sent (SeqNo: 23, Retry: 0) READ TEMPERATURE - #23,11*0d07  * 24-04-2025 15:32:04.373
CRC-Response (SeqNo: 23) - 23,11,F000,-273*db6b * 24-04-2025 15:32:04.490
Command Sent (SeqNo: 24, Retry: 0) READ TEMPERATURE - #24,11*7906  * 24-04-2025 15:32:19.566
CRC-Response (SeqNo: 24) - 24,11,F000,-273*1c6d * 24-04-2025 15:32:19.690
Command Sent (SeqNo: 25, Retry: 0) READ TEMPERATURE - #25,11*8507  * 24-04-2025 15:32:34.759
CRC-Response (SeqNo: 25) - 25,11,F000,545*0a1d * 24-04-2025 15:32:34.879
Command Sent (SeqNo: 26, Retry: 0) READ TEMPERATURE - #26,11*c107  * 24-04-2025 15:32:49.960
CRC-Response (SeqNo: 26) - 26,11,F000,545*c918 * 24-04-2025 15:32:50.87
Command Sent (SeqNo: 27, Retry: 0) READ TEMPERATURE - #27,11*3d06  * 24-04-2025 15:33:05.163
CRC-Response (SeqNo: 27) - 27,11,F000,545*481a * 24-04-2025 15:33:05.282
Command Sent (SeqNo: 28, Retry: 0) READ TEMPERATURE - #28,11*2905  * 24-04-2025 15:33:20.361
CRC-Response (SeqNo: 28) - 28,11,F000,545*470e * 24-04-2025 15:33:20.470
Command Sent (SeqNo: 29, Retry: 0) READ TEMPERATURE - #29,11*d504  * 24-04-2025 15:33:35.545
CRC-Response (SeqNo: 29) - 29,11,F000,-273*d161 * 24-04-2025 15:33:35.666
Command Sent (SeqNo: 30, Retry: 0) READ TEMPERATURE - #30,11*893a  * 24-04-2025 15:33:50.743
CRC-Response (SeqNo: 30) - 30,11,F000,545*ce11 * 24-04-2025 15:33:50.860
Command Sent (SeqNo: 31, Retry: 0) READ TEMPERATURE - #31,11*753b  * 24-04-2025 15:34:05.953
CRC-Response (SeqNo: 31) - 31,11,F000,-273*19a9 * 24-04-2025 15:34:06.70
Command Sent (SeqNo: 32, Retry: 0) READ TEMPERATURE - #32,11*313b  * 24-04-2025 15:34:21.170
CRC-Response (SeqNo: 32) - 32,11,F000,545*8c16 * 24-04-2025 15:34:21.280
Command Sent (SeqNo: 33, Retry: 0) READ TEMPERATURE - #33,11*cd3a  * 24-04-2025 15:34:36.360
CRC-Response (SeqNo: 33) - 33,11,F000,447*0cc4 * 24-04-2025 15:34:36.481
Command Sent (SeqNo: 34, Retry: 0) READ TEMPERATURE - #34,11*b93b  * 24-04-2025 15:34:51.561
CRC-Response (SeqNo: 34) - 34,11,F000,545*4a1f * 24-04-2025 15:34:51.688
Command Sent (SeqNo: 35, Retry: 0) READ TEMPERATURE - #35,11*453a  * 24-04-2025 15:35:06.750
CRC-Response (SeqNo: 35) - 35,11,F000,-273*ddac * 24-04-2025 15:35:06.866
Command Sent (SeqNo: 36, Retry: 0) READ TEMPERATURE - #36,11*013a  * 24-04-2025 15:35:21.943
CRC-Response (SeqNo: 36) - 36,11,F000,545*0818 * 24-04-2025 15:35:22.62
Command Sent (SeqNo: 37, Retry: 0) READ TEMPERATURE - #37,11*fd3b  * 24-04-2025 15:35:37.145
CRC-Response (SeqNo: 37) - 37,11,F000,545*891a * 24-04-2025 15:35:37.261
Command Sent (SeqNo: 38, Retry: 0) READ TEMPERATURE - #38,11*e938  * 24-04-2025 15:35:52.334
CRC-Response (SeqNo: 38) - 38,11,F000,545*860e * 24-04-2025 15:35:52.457
Command Sent (SeqNo: 39, Retry: 0) READ TEMPERATURE - #39,11*1539  * 24-04-2025 15:36:07.539
CRC-Response (SeqNo: 39) - 39,11,F000,545*070c * 24-04-2025 15:36:07.659
Command Sent (SeqNo: 40, Retry: 0) READ TEMPERATURE - #40,11*498f  * 24-04-2025 15:36:22.720
CRC-Response (SeqNo: 40) - 40,11,F000,-273*daee * 24-04-2025 15:36:22.839
Command Sent (SeqNo: 41, Retry: 0) READ TEMPERATURE - #41,11*b58e  * 24-04-2025 15:36:37.923
CRC-Response (SeqNo: 41) - 41,11,F000,545*8815 * 24-04-2025 15:36:38.41
Command Sent (SeqNo: 42, Retry: 0) READ TEMPERATURE - #42,11*f18e  * 24-04-2025 15:36:53.114
CRC-Response (SeqNo: 42) - 42,11,F000,-273*18ed * 24-04-2025 15:36:53.235
Command Sent (SeqNo: 43, Retry: 0) READ TEMPERATURE - #43,11*0d8f  * 24-04-2025 15:37:08.317
CRC-Response (SeqNo: 43) - 43,11,F000,545*ca12 * 24-04-2025 15:37:08.435
Command Sent (SeqNo: 44, Retry: 0) READ TEMPERATURE - #44,11*798e  * 24-04-2025 15:37:23.504
CRC-Response (SeqNo: 44) - 44,11,F000,-273*1eeb * 24-04-2025 15:37:23.631
Command Sent (SeqNo: 45, Retry: 0) READ TEMPERATURE - #45,11*858f  * 24-04-2025 15:37:38.701
CRC-Response (SeqNo: 45) - 45,11,F000,545*0c1b * 24-04-2025 15:37:38.853
Command Sent (SeqNo: 46, Retry: 0) READ TEMPERATURE - #46,11*c18f  * 24-04-2025 15:37:53.925
CRC-Response (SeqNo: 46) - 46,11,F000,545*cf1e * 24-04-2025 15:37:54.42
Command Sent (SeqNo: 47, Retry: 0) READ TEMPERATURE - #47,11*3d8e  * 24-04-2025 15:38:09.129
CRC-Response (SeqNo: 47) - 47,11,F000,-273*1de8 * 24-04-2025 15:38:09.244
Command Sent (SeqNo: 48, Retry: 0) READ TEMPERATURE - #48,11*298d  * 24-04-2025 15:38:24.326
CRC-Response (SeqNo: 48) - 48,11,F000,545*4108 * 24-04-2025 15:38:24.461
Command Sent (SeqNo: 49, Retry: 0) READ TEMPERATURE - #49,11*d58c  * 24-04-2025 15:38:39.534
CRC-Response (SeqNo: 49) - 49,11,F000,545*c00a * 24-04-2025 15:38:39.682
Command Sent (SeqNo: 50, Retry: 0) READ TEMPERATURE - #50,11*89b2  * 24-04-2025 15:38:54.760
CRC-Response (SeqNo: 50) - 50,11,F000,545*c817 * 24-04-2025 15:38:54.882
Command Sent (SeqNo: 51, Retry: 0) READ TEMPERATURE - #51,11*75b3  * 24-04-2025 15:39:09.983
CRC-Response (SeqNo: 51) - 51,11,F000,545*4915 * 24-04-2025 15:39:10.99
Command Sent (SeqNo: 52, Retry: 0) READ TEMPERATURE - #52,11*31b3  * 24-04-2025 15:39:25.175
CRC-Response (SeqNo: 52) - 52,11,F000,545*8a10 * 24-04-2025 15:39:25.293
Command Sent (SeqNo: 53, Retry: 0) READ TEMPERATURE - #53,11*cdb2  * 24-04-2025 15:39:40.374
CRC-Response (SeqNo: 53) - 53,11,F000,-273*d92c * 24-04-2025 15:39:40.491
Command Sent (SeqNo: 54, Retry: 0) READ TEMPERATURE - #54,11*b9b3  * 24-04-2025 15:39:55.566
CRC-Response (SeqNo: 54) - 54,11,F000,545*4c19 * 24-04-2025 15:39:55.686
Command Sent (SeqNo: 55, Retry: 0) READ TEMPERATURE - #55,11*45b2  * 24-04-2025 15:40:10.770
CRC-Response (SeqNo: 55) - 55,11,F000,-273*df2a * 24-04-2025 15:40:10.891
Command Sent (SeqNo: 56, Retry: 0) HEATER DOOR OPEN - #56,8,1,1*01f7  * 24-04-2025 15:40:16.386
CRC-Response (SeqNo: 56) - 56,8,I001*a459 * 24-04-2025 15:40:16.509
CRC-Response (SeqNo: 56) - 56,8,F000*709b * 24-04-2025 15:40:16.844
Rack - 2Protocol Started * 24-04-2025 15:40:17.374
Command Sent (SeqNo: 57, Retry: 0) Rack-2 Picked from L2 - With RA:2 - #57,2,2,13934,16380,0,0*3e06  * 24-04-2025 15:40:17.456
CRC-Response (SeqNo: 57) - 57,2,I001,2*4477 * 24-04-2025 15:40:17.577
CRC-Response (SeqNo: 57) - 57,2,F000,2*7b26 * 24-04-2025 15:40:24.35
RA Picked Rack From L2 * 24-04-2025 15:40:24.37
Command Sent (SeqNo: 58, Retry: 0) Rack-2 Placed in H2 - With RA:2 - #58,3,2,2688,8700,0,1*dded  * 24-04-2025 15:40:24.563
CRC-Response (SeqNo: 58) - 58,3,I001,2*b886 * 24-04-2025 15:40:24.717
CRC-Response (SeqNo: 58) - 58,3,F000,2*87d7 * 24-04-2025 15:40:31.178
RA Placed Rack in H2 * 24-04-2025 15:40:31.180
Command Sent (SeqNo: 59, Retry: 0) HEATER DOOR CLOSE - #59,8,1,0*c1c9  * 24-04-2025 15:40:32.188
CRC-Response (SeqNo: 59) - 59,8,I001*e419 * 24-04-2025 15:40:32.311
CRC-Response (SeqNo: 59) - 59,8,F000*30db * 24-04-2025 15:40:32.646
Command Sent (SeqNo: 60, Retry: 0) READ TEMPERATURE - #60,11*89f6  * 24-04-2025 15:40:33.219
CRC-Response (SeqNo: 60) - 60,11,F000,545*cb14 * 24-04-2025 15:40:33.343
Command Sent (SeqNo: 61, Retry: 0) READ TEMPERATURE - #61,11*75f7  * 24-04-2025 15:40:48.411
CRC-Response (SeqNo: 61) - 61,11,F000,-273*1a6c * 24-04-2025 15:40:48.529
Command Sent (SeqNo: 62, Retry: 0) READ TEMPERATURE - #62,11*31f7  * 24-04-2025 15:40:52.248
CRC-Response (SeqNo: 62) - 62,11,F000,-273*196f * 24-04-2025 15:40:52.381
Command Sent (SeqNo: 63, Retry: 0) READ TEMPERATURE - #63,11*cdf6  * 24-04-2025 15:41:03.612
CRC-Response (SeqNo: 63) - 63,11,F000,-273*d86f * 24-04-2025 15:41:03.730
Command Sent (SeqNo: 64, Retry: 0) READ TEMPERATURE - #64,11*b9f7  * 24-04-2025 15:41:18.807
CRC-Response (SeqNo: 64) - 64,11,F000,545*4f1a * 24-04-2025 15:41:18.926
Command Sent (SeqNo: 65, Retry: 0) READ TEMPERATURE - #65,11*45f6  * 24-04-2025 15:41:34.1
CRC-Response (SeqNo: 65) - 65,11,F000,545*ce18 * 24-04-2025 15:41:34.127
Command Sent (SeqNo: 66, Retry: 0) READ TEMPERATURE - #66,11*01f6  * 24-04-2025 15:41:49.184
CRC-Response (SeqNo: 66) - 66,11,F000,-273*dd6a * 24-04-2025 15:41:49.312
Command Sent (SeqNo: 67, Retry: 0) READ TEMPERATURE - #67,11*fdf7  * 24-04-2025 15:42:04.382
CRC-Response (SeqNo: 67) - 67,11,F000,-273*1c6a * 24-04-2025 15:42:04.503
Command Sent (SeqNo: 68, Retry: 0) READ TEMPERATURE - #68,11*e9f4  * 24-04-2025 15:42:19.580
CRC-Response (SeqNo: 68) - 68,11,F000,545*830b * 24-04-2025 15:42:19.703
Command Sent (SeqNo: 69, Retry: 0) READ TEMPERATURE - #69,11*15f5  * 24-04-2025 15:42:34.783
CRC-Response (SeqNo: 69) - 69,11,F000,545*0209 * 24-04-2025 15:42:34.898
Command Sent (SeqNo: 70, Retry: 0) READ TEMPERATURE - #70,11*49cb  * 24-04-2025 15:42:49.979
CRC-Response (SeqNo: 70) - 70,11,F000,545*0a14 * 24-04-2025 15:42:50.98
Command Sent (SeqNo: 71, Retry: 0) READ TEMPERATURE - #71,11*b5ca  * 24-04-2025 15:43:05.181
CRC-Response (SeqNo: 71) - 71,11,F000,-273*1aad * 24-04-2025 15:43:05.301
Command Sent (SeqNo: 72, Retry: 0) READ TEMPERATURE - #72,11*f1ca  * 24-04-2025 15:43:20.376
CRC-Response (SeqNo: 72) - 72,11,F000,545*4813 * 24-04-2025 15:43:20.493
Command Sent (SeqNo: 73, Retry: 0) READ TEMPERATURE - #73,11*0dcb  * 24-04-2025 15:43:35.580
CRC-Response (SeqNo: 73) - 73,11,F000,-273*d8ae * 24-04-2025 15:43:35.703
Command Sent (SeqNo: 74, Retry: 0) READ TEMPERATURE - #74,11*79ca  * 24-04-2025 15:43:50.777
CRC-Response (SeqNo: 74) - 74,11,F000,-273*1fa8 * 24-04-2025 15:43:50.894
Command Sent (SeqNo: 75, Retry: 0) READ TEMPERATURE - #75,11*85cb  * 24-04-2025 15:44:05.988
CRC-Response (SeqNo: 75) - 75,11,F000,-273*dea8 * 24-04-2025 15:44:06.105
Command Sent (SeqNo: 76, Retry: 0) READ TEMPERATURE - #76,11*c1cb  * 24-04-2025 15:44:21.177
CRC-Response (SeqNo: 76) - 76,11,F000,545*cc1d * 24-04-2025 15:44:21.294
Command Sent (SeqNo: 77, Retry: 0) READ TEMPERATURE - #77,11*3dca  * 24-04-2025 15:44:36.365
CRC-Response (SeqNo: 77) - 77,11,F000,-273*1cab * 24-04-2025 15:44:36.487
Command Sent (SeqNo: 78, Retry: 0) READ TEMPERATURE - #78,11*29c9  * 24-04-2025 15:44:51.561
CRC-Response (SeqNo: 78) - 78,11,F000,545*420b * 24-04-2025 15:44:51.690
Command Sent (SeqNo: 79, Retry: 0) READ TEMPERATURE - #79,11*d5c8  * 24-04-2025 15:45:06.784
CRC-Response (SeqNo: 79) - 79,11,F000,545*c309 * 24-04-2025 15:45:06.900
Command Sent (SeqNo: 80, Retry: 0) READ TEMPERATURE - #80,11*489f  * 24-04-2025 15:45:21.982
CRC-Response (SeqNo: 80) - 80,11,F000,545*051b * 24-04-2025 15:45:22.101
Command Sent (SeqNo: 81, Retry: 0) READ TEMPERATURE - #81,11*b49e  * 24-04-2025 15:45:37.177
CRC-Response (SeqNo: 81) - 81,11,F000,-273*1ee2 * 24-04-2025 15:45:37.292
Command Sent (SeqNo: 82, Retry: 0) READ TEMPERATURE - #82,11*f09e  * 24-04-2025 15:45:52.387
CRC-Response (SeqNo: 82) - 82,11,F000,545*471c * 24-04-2025 15:45:52.504
Command Sent (SeqNo: 83, Retry: 0) READ TEMPERATURE - #83,11*0c9f  * 24-04-2025 15:46:07.575
CRC-Response (SeqNo: 83) - 83,11,F000,545*c61e * 24-04-2025 15:46:07.692
Command Sent (SeqNo: 84, Retry: 0) READ TEMPERATURE - #84,11*789e  * 24-04-2025 15:46:23.756
CRC-Response (SeqNo: 84) - 84,11,F000,545*8115 * 24-04-2025 15:46:23.874
Command Sent (SeqNo: 85, Retry: 0) HEATER DOOR OPEN - #85,8,1,1*9805  * 24-04-2025 15:46:33.386
CRC-Response (SeqNo: 85) - 85,8,I001*2141 * 24-04-2025 15:46:33.502
CRC-Response (SeqNo: 85) - 85,8,F000*f583 * 24-04-2025 15:46:33.837
Command Sent (SeqNo: 86, Retry: 0) Rack-1 Picked from H1 - With RA:2 - #86,2,2,2688,1000,0,1*124d  * 24-04-2025 15:46:34.426
CRC-Response (SeqNo: 86) - 86,2,I001,2*2d1d * 24-04-2025 15:46:34.551
CRC-Response (SeqNo: 86) - 86,2,F000,2*124c * 24-04-2025 15:46:40.310
RA Picked Rack From H1 * 24-04-2025 15:46:40.311
Command Sent (SeqNo: 87, Retry: 0) HEATER DOOR CLOSE - #87,8,1,0*98e7  * 24-04-2025 15:46:40.505
CRC-Response (SeqNo: 87) - 87,8,I001*f8c0 * 24-04-2025 15:46:40.636
CRC-Response (SeqNo: 87) - 87,8,F000*2c02 * 24-04-2025 15:46:40.971
Command Sent (SeqNo: 88, Retry: 0) Rack-1 Placed in J2 - With RA:2 - #88,3,2,13934,800,0,0*2828  * 24-04-2025 15:46:41.546
CRC-Response (SeqNo: 88) - 88,3,I001,2*14bd * 24-04-2025 15:46:41.673
CRC-Response (SeqNo: 88) - 88,3,F000,2*2bec * 24-04-2025 15:46:48.122
RA Placed Rack in J2 * 24-04-2025 15:46:48.123
Command Sent (SeqNo: 89, Retry: 0) READ TEMPERATURE - #89,11*d49c  * 24-04-2025 15:46:52.437
CRC-Response (SeqNo: 89) - 89,11,F000,545*cc06 * 24-04-2025 15:46:52.553
Command Sent (SeqNo: 90, Retry: 0) READ TEMPERATURE - #90,11*88a2  * 24-04-2025 15:47:07.631
CRC-Response (SeqNo: 90) - 90,11,F000,-273*df23 * 24-04-2025 15:47:07.750
Command Sent (SeqNo: 91, Retry: 0) READ TEMPERATURE - #91,11*74a3  * 24-04-2025 15:47:22.828
CRC-Response (SeqNo: 91) - 91,11,F000,-273*1e23 * 24-04-2025 15:47:22.949
Command Sent (SeqNo: 92, Retry: 0) READ TEMPERATURE - #92,11*30a3  * 24-04-2025 15:47:38.17
CRC-Response (SeqNo: 92) - 92,11,F000,545*861c * 24-04-2025 15:47:38.144
Command Sent (SeqNo: 93, Retry: 0) READ TEMPERATURE - #93,11*cca2  * 24-04-2025 15:47:53.216
CRC-Response (SeqNo: 93) - 93,11,F000,545*071e * 24-04-2025 15:47:53.336
Command Sent (SeqNo: 94, Retry: 0) READ TEMPERATURE - #94,11*b8a3  * 24-04-2025 15:48:08.411
CRC-Response (SeqNo: 94) - 94,11,F000,545*4015 * 24-04-2025 15:48:08.530
Command Sent (SeqNo: 95, Retry: 0) READ TEMPERATURE - #95,11*44a2  * 24-04-2025 15:48:23.607
CRC-Response (SeqNo: 95) - 95,11,F000,545*c117 * 24-04-2025 15:48:23.733
Command Sent (SeqNo: 96, Retry: 0) READ TEMPERATURE - #96,11*00a2  * 24-04-2025 15:48:38.800
CRC-Response (SeqNo: 96) - 96,11,F000,545*0212 * 24-04-2025 15:48:38.927
Command Sent (SeqNo: 97, Retry: 0) READ TEMPERATURE - #97,11*fca3  * 24-04-2025 15:48:54.9
CRC-Response (SeqNo: 97) - 97,11,F000,545*8310 * 24-04-2025 15:48:54.127
Command Sent (SeqNo: 98, Retry: 0) READ TEMPERATURE - #98,11*e8a0  * 24-04-2025 15:49:09.215
CRC-Response (SeqNo: 98) - 98,11,F000,-273*172a * 24-04-2025 15:49:09.343
Command Sent (SeqNo: 99, Retry: 0) READ TEMPERATURE - #99,11*14a1  * 24-04-2025 15:49:24.413
CRC-Response (SeqNo: 99) - 99,11,F000,545*0d06 * 24-04-2025 15:49:24.532
Command Sent (SeqNo: 100, Retry: 0) HEATER DOOR OPEN - #100,8,1,1*5442  * 24-04-2025 15:49:26.700
CRC-Response (SeqNo: 100) - 100,8,I001*13cd * 24-04-2025 15:49:26.832
CRC-Response (SeqNo: 100) - 100,8,F000*c70f * 24-04-2025 15:49:27.147
Rack - R3Protocol Started * 24-04-2025 15:49:27.677
Command Sent (SeqNo: 101, Retry: 0) Rack-3 Picked from L3 - With RA:2 - #101,2,2,10304,16380,0,0*1361  * 24-04-2025 15:49:27.753
CRC-Response (SeqNo: 101) - 101,2,I001,2*f259 * 24-04-2025 15:49:27.880
CRC-Response (SeqNo: 101) - 101,2,F000,2*cd08 * 24-04-2025 15:49:34.291
RA Picked Rack From L3 * 24-04-2025 15:49:34.294
Command Sent (SeqNo: 102, Retry: 0) Rack-3 Placed in H1 - With RA:2 - #102,3,2,2688,1000,0,1*d916  * 24-04-2025 15:49:34.388
CRC-Response (SeqNo: 102) - 102,3,I001,2*3168 * 24-04-2025 15:49:34.510
CRC-Response (SeqNo: 102) - 102,3,F000,2*0e39 * 24-04-2025 15:49:40.907
RA Placed Rack in H1 * 24-04-2025 15:49:40.910
Command Sent (SeqNo: 103, Retry: 0) HEATER DOOR CLOSE - #103,8,1,0*94b0  * 24-04-2025 15:49:41.512
CRC-Response (SeqNo: 103) - 103,8,I001*068d * 24-04-2025 15:49:41.652
CRC-Response (SeqNo: 103) - 103,8,F000*d24f * 24-04-2025 15:49:41.989
Command Sent (SeqNo: 104, Retry: 0) READ TEMPERATURE - #104,11*835f  * 24-04-2025 15:49:42.567
CRC-Response (SeqNo: 104) - 104,11,F000,545*e306 * 24-04-2025 15:49:42.685
Command Sent (SeqNo: 105, Retry: 0) READ TEMPERATURE - #105,11*7f5e  * 24-04-2025 15:49:57.774
CRC-Response (SeqNo: 105) - 105,11,F000,-273*17c4 * 24-04-2025 15:49:57.891
Command Sent (SeqNo: 106, Retry: 0) READ TEMPERATURE - #106,11*3b5e  * 24-04-2025 15:50:01.647
CRC-Response (SeqNo: 106) - 106,11,F000,-273*14c7 * 24-04-2025 15:50:01.763
Command Sent (SeqNo: 107, Retry: 0) READ TEMPERATURE - #107,11*c75f  * 24-04-2025 15:50:12.991
CRC-Response (SeqNo: 107) - 107,11,F000,-273*d5c7 * 24-04-2025 15:50:13.110
Command Sent (SeqNo: 108, Retry: 0) READ TEMPERATURE - #108,11*d35c  * 24-04-2025 15:50:28.194
CRC-Response (SeqNo: 108) - 108,11,F000,-273*dac8 * 24-04-2025 15:50:28.313
Command Sent (SeqNo: 109, Retry: 0) READ TEMPERATURE - #109,11*2f5d  * 24-04-2025 15:50:43.411
CRC-Response (SeqNo: 109) - 109,11,F000,545*ae15 * 24-04-2025 15:50:43.529
Command Sent (SeqNo: 110, Retry: 0) READ TEMPERATURE - #110,11*7363  * 24-04-2025 15:50:58.617
CRC-Response (SeqNo: 110) - 110,11,F000,-273*1200 * 24-04-2025 15:50:58.744
Command Sent (SeqNo: 111, Retry: 0) READ TEMPERATURE - #111,11*8f62  * 24-04-2025 15:51:13.831
CRC-Response (SeqNo: 111) - 111,11,F000,545*270a * 24-04-2025 15:51:13.947
Command Sent (SeqNo: 112, Retry: 0) READ TEMPERATURE - #112,11*cb62  * 24-04-2025 15:51:29.14
CRC-Response (SeqNo: 112) - 112,11,F000,-273*d003 * 24-04-2025 15:51:29.131
Command Sent (SeqNo: 113, Retry: 0) READ TEMPERATURE - #113,11*3763  * 24-04-2025 15:51:45.206
CRC-Response (SeqNo: 113) - 113,11,F000,-273*1103 * 24-04-2025 15:51:45.327
Command Sent (SeqNo: 114, Retry: 0) Rack-1 Picked from J2 - With RA:2 - #114,2,2,13934,800,0,0*53ac  * 24-04-2025 15:51:48.804
CRC-Response (SeqNo: 114) - 114,2,I001,2*1e4d * 24-04-2025 15:51:48.924
CRC-Response (SeqNo: 114) - 114,2,F000,2*211c * 24-04-2025 15:51:55.379
RA Picked Rack From J2 * 24-04-2025 15:51:55.381
Command Sent (SeqNo: 115, Retry: 0) Rack-1 Placed in J3 - With RA:2 - #115,3,2,17564,800,0,0*b01e  * 24-04-2025 15:51:55.899
CRC-Response (SeqNo: 115) - 115,3,I001,2*17dd * 24-04-2025 15:51:56.30
CRC-Response (SeqNo: 115) - 115,3,F000,2*288c * 24-04-2025 15:52:01.633
RA Placed Rack in J3 * 24-04-2025 15:52:01.635
Command Sent (SeqNo: 116, Retry: 0) READ TEMPERATURE - #116,11*fb63  * 24-04-2025 15:52:06.852
CRC-Response (SeqNo: 116) - 116,11,F000,545*6001 * 24-04-2025 15:52:06.971
Command Sent (SeqNo: 117, Retry: 0) READ TEMPERATURE - #117,11*0762  * 24-04-2025 15:52:22.50
CRC-Response (SeqNo: 117) - 117,11,F000,-273*d506 * 24-04-2025 15:52:22.168
Command Sent (SeqNo: 118, Retry: 0) READ TEMPERATURE - #118,11*1361  * 24-04-2025 15:52:37.236
CRC-Response (SeqNo: 118) - 118,11,F000,545*ee17 * 24-04-2025 15:52:37.348
Command Sent (SeqNo: 119, Retry: 0) READ TEMPERATURE - #119,11*ef60  * 24-04-2025 15:52:52.431
CRC-Response (SeqNo: 119) - 119,11,F000,545*6f15 * 24-04-2025 15:52:52.550
Command Sent (SeqNo: 120, Retry: 0) READ TEMPERATURE - #120,11*7327  * 24-04-2025 15:53:07.646
CRC-Response (SeqNo: 120) - 120,11,F000,545*a50b * 24-04-2025 15:53:07.765
Command Sent (SeqNo: 121, Retry: 0) READ TEMPERATURE - #121,11*8f26  * 24-04-2025 15:53:22.841
CRC-Response (SeqNo: 121) - 121,11,F000,545*2409 * 24-04-2025 15:53:22.961
Command Sent (SeqNo: 122, Retry: 0) READ TEMPERATURE - #122,11*cb26  * 24-04-2025 15:53:38.30
CRC-Response (SeqNo: 122) - 122,11,F000,-273*d140 * 24-04-2025 15:53:38.150
Command Sent (SeqNo: 123, Retry: 0) READ TEMPERATURE - #123,11*3727  * 24-04-2025 15:53:53.246
CRC-Response (SeqNo: 123) - 123,11,F000,545*660e * 24-04-2025 15:53:53.364
Command Sent (SeqNo: 124, Retry: 0) READ TEMPERATURE - #124,11*4326  * 24-04-2025 15:54:08.438
CRC-Response (SeqNo: 124) - 124,11,F000,447*20d5 * 24-04-2025 15:54:08.553
Command Sent (SeqNo: 125, Retry: 0) READ TEMPERATURE - #125,11*bf27  * 24-04-2025 15:54:23.629
CRC-Response (SeqNo: 125) - 125,11,F000,-273*1646 * 24-04-2025 15:54:23.748
Command Sent (SeqNo: 126, Retry: 0) READ TEMPERATURE - #126,11*fb27  * 24-04-2025 15:54:38.827
CRC-Response (SeqNo: 126) - 126,11,F000,-273*1545 * 24-04-2025 15:54:38.972
Command Sent (SeqNo: 127, Retry: 0) READ TEMPERATURE - #127,11*0726  * 24-04-2025 15:54:54.50
CRC-Response (SeqNo: 127) - 127,11,F000,545*e200 * 24-04-2025 15:54:54.176
Command Sent (SeqNo: 128, Retry: 0) READ TEMPERATURE - #128,11*1325  * 24-04-2025 15:55:09.249
CRC-Response (SeqNo: 128) - 128,11,F000,545*ed14 * 24-04-2025 15:55:09.370
Command Sent (SeqNo: 129, Retry: 0) READ TEMPERATURE - #129,11*ef24  * 24-04-2025 15:55:25.452
CRC-Response (SeqNo: 129) - 129,11,F000,-273*1a4a * 24-04-2025 15:55:25.582
Command Sent (SeqNo: 130, Retry: 0) HEATER DOOR OPEN - #130,8,1,1*4102  * 24-04-2025 15:55:32.36
CRC-Response (SeqNo: 130) - 130,8,I001*e3d9 * 24-04-2025 15:55:32.162
CRC-Response (SeqNo: 130) - 130,8,F000*371b * 24-04-2025 15:55:32.497
Command Sent (SeqNo: 131, Retry: 0) Rack-2 Picked from H2 - With RA:2 - #131,2,2,2688,8700,0,1*94f1  * 24-04-2025 15:55:33.61
CRC-Response (SeqNo: 131) - 131,2,I001,2*b656 * 24-04-2025 15:55:33.184
CRC-Response (SeqNo: 131) - 131,2,F000,2*8907 * 24-04-2025 15:55:40.52
RA Picked Rack From H2 * 24-04-2025 15:55:40.55
Command Sent (SeqNo: 132, Retry: 0) HEATER DOOR CLOSE - #132,8,1,0*41e0  * 24-04-2025 15:55:40.156
CRC-Response (SeqNo: 132) - 132,8,I001*3a58 * 24-04-2025 15:55:40.301
CRC-Response (SeqNo: 132) - 132,8,F000*ee9a * 24-04-2025 15:55:40.623
Command Sent (SeqNo: 133, Retry: 0) Rack-2 Placed in J2 - With RA:2 - #133,3,2,13934,800,0,0*5531  * 24-04-2025 15:55:41.192
CRC-Response (SeqNo: 133) - 133,3,I001,2*b036 * 24-04-2025 15:55:41.328
CRC-Response (SeqNo: 133) - 133,3,F000,2*8f67 * 24-04-2025 15:55:47.784
RA Placed Rack in J2 * 24-04-2025 15:55:47.885
Command Sent (SeqNo: 134, Retry: 0) READ TEMPERATURE - #134,11*831b  * 24-04-2025 15:55:52.118
CRC-Response (SeqNo: 134) - 134,11,F000,-273*d787 * 24-04-2025 15:55:52.237
Command Sent (SeqNo: 135, Retry: 0) READ TEMPERATURE - #135,11*7f1a  * 24-04-2025 15:56:07.301
CRC-Response (SeqNo: 135) - 135,11,F000,545*6107 * 24-04-2025 15:56:07.428
Command Sent (SeqNo: 136, Retry: 0) READ TEMPERATURE - #136,11*3b1a  * 24-04-2025 15:56:22.509
CRC-Response (SeqNo: 136) - 136,11,F000,447*a3d2 * 24-04-2025 15:56:22.642
Command Sent (SeqNo: 137, Retry: 0) READ TEMPERATURE - #137,11*c71b  * 24-04-2025 15:56:37.714
CRC-Response (SeqNo: 137) - 137,11,F000,545*2300 * 24-04-2025 15:56:37.864
Command Sent (SeqNo: 138, Retry: 0) READ TEMPERATURE - #138,11*d318  * 24-04-2025 15:56:53.941
CRC-Response (SeqNo: 138) - 138,11,F000,545*2c14 * 24-04-2025 15:56:54.60
Command Sent (SeqNo: 139, Retry: 0) Rack-1 Picked from J3 - With RA:2 - #139,2,2,17564,800,0,0*9325  * 24-04-2025 15:57:02.306
CRC-Response (SeqNo: 139) - 139,2,I001,2*5cd7 * 24-04-2025 15:57:02.428
CRC-Response (SeqNo: 139) - 139,2,F000,2*6386 * 24-04-2025 15:57:08.24
RA Picked Rack From J3 * 24-04-2025 15:57:08.26
Command Sent (SeqNo: 140, Retry: 0) Rack-1 Placed in J4 - With RA:2 - #140,3,2,21194,800,0,0*e236  * 24-04-2025 15:57:08.402
CRC-Response (SeqNo: 140) - 140,3,I001,2*cbdc * 24-04-2025 15:57:08.526
CRC-Response (SeqNo: 140) - 140,3,F000,2*f48d * 24-04-2025 15:57:14.118
RA Placed Rack in J4 * 24-04-2025 15:57:14.121
Command Sent (SeqNo: 141, Retry: 0) READ TEMPERATURE - #141,11*8fae  * 24-04-2025 15:57:19.397
CRC-Response (SeqNo: 141) - 141,11,F000,-273*d0c5 * 24-04-2025 15:57:19.531
Command Sent (SeqNo: 142, Retry: 0) READ TEMPERATURE - #142,11*cbae  * 24-04-2025 15:57:34.616
CRC-Response (SeqNo: 142) - 142,11,F000,545*e10a * 24-04-2025 15:57:34.739
Command Sent (SeqNo: 143, Retry: 0) READ TEMPERATURE - #143,11*37af  * 24-04-2025 15:57:49.827
CRC-Response (SeqNo: 143) - 143,11,F000,-273*12c6 * 24-04-2025 15:57:49.944
Command Sent (SeqNo: 144, Retry: 0) READ TEMPERATURE - #144,11*43ae  * 24-04-2025 15:58:05.22
CRC-Response (SeqNo: 144) - 144,11,F000,545*2703 * 24-04-2025 15:58:05.141
Command Sent (SeqNo: 145, Retry: 0) READ TEMPERATURE - #145,11*bfaf  * 24-04-2025 15:58:20.224
CRC-Response (SeqNo: 145) - 145,11,F000,-273*14c0 * 24-04-2025 15:58:20.358
Command Sent (SeqNo: 146, Retry: 0) READ TEMPERATURE - #146,11*fbaf  * 24-04-2025 15:58:35.422
CRC-Response (SeqNo: 146) - 146,11,F000,-273*17c3 * 24-04-2025 15:58:35.541
Command Sent (SeqNo: 147, Retry: 0) Home Command - #147,5,00111111*34e8  * 24-04-2025 15:58:41.812
Error receiving data in DataReceivedHandler : Index was outside the bounds of the array. * 24-04-2025 15:58:42.841
No response for func_code: 5, SeqNo: 148, Retry: 1 * 24-04-2025 15:58:42.841
Command Sent (SeqNo: 148, Retry: 1) Home Command - #147,5,00111111*34e8  * 24-04-2025 15:58:42.895
CRC-Response (SeqNo: 146) - 147,5,F000,11111111*0bee * 24-04-2025 15:58:45.616
Command Sent (SeqNo: 147, Retry: 0) Home Command - #147,5,00111111*34e8  * 24-04-2025 15:58:45.694
CRC-Response (SeqNo: 147) - 147,5,I001,00111000*5deb * 24-04-2025 15:58:47.998
Error receiving data in DataReceivedHandler : Index was outside the bounds of the array. * 24-04-2025 15:58:48.28
No response for func_code: 5, SeqNo: 148, Retry: 1 * 24-04-2025 15:58:48.28
Command Sent (SeqNo: 148, Retry: 1) Home Command - #147,5,00111111*34e8  * 24-04-2025 15:58:48.81
CRC-Response (SeqNo: 147) - 147,5,F000,11111111*0bee * 24-04-2025 15:58:50.368
Command Sent (SeqNo: 148, Retry: 0) Home Command - #148,5,00111111*20fc  * 24-04-2025 15:58:50.446
No response for func_code: 5, SeqNo: 149, Retry: 1 * 24-04-2025 15:59:20.462
Command Sent (SeqNo: 149, Retry: 1) Home Command - #148,5,00111111*20fc  * 24-04-2025 15:59:20.513
Error receiving data in DataReceivedHandler : Index was outside the bounds of the array. * 24-04-2025 15:59:23.689
No response for func_code: 5, SeqNo: 149, Retry: 2 * 24-04-2025 15:59:23.689
Command Sent (SeqNo: 149, Retry: 2) Home Command - #148,5,00111111*20fc  * 24-04-2025 15:59:23.743
CRC-Response (SeqNo: 148) - 148,5,F001,00000000*4cf7 * 24-04-2025 15:59:23.876
CRC-Response (SeqNo: 148) - 148,5,F001,00000000*4cf7 * 24-04-2025 15:59:23.876
Command Sent (SeqNo: 149, Retry: 0) Home Command - #149,5,00111111*e301  * 24-04-2025 15:59:23.933
CRC-Response (SeqNo: 149) - 149,5,F001,00000000*dca6 * 24-04-2025 15:59:24.63
CRC-Response (SeqNo: 149) - 149,5,F001,00000000*dca6 * 24-04-2025 15:59:24.63
Command Sent (SeqNo: 150, Retry: 0) Home Command - #150,5,00111111*7e1f  * 24-04-2025 15:59:24.119
CRC-Response (SeqNo: 150) - 150,5,F001,00000000*7221 * 24-04-2025 15:59:24.249
CRC-Response (SeqNo: 150) - 150,5,F001,00000000*7221 * 24-04-2025 15:59:24.249
Command Sent (SeqNo: 151, Retry: 0) Home Command - #151,5,00111111*bde2  * 24-04-2025 15:59:24.306
Error receiving data in DataReceivedHandler : Index was outside the bounds of the array. * 24-04-2025 15:59:27.476
No response for func_code: 5, SeqNo: 152, Retry: 1 * 24-04-2025 15:59:27.476
Command Sent (SeqNo: 152, Retry: 1) Home Command - #151,5,00111111*bde2  * 24-04-2025 15:59:27.529
CRC-Response (SeqNo: 151) - 151,5,F001,00000000*e270 * 24-04-2025 15:59:27.652
CRC-Response (SeqNo: 151) - 151,5,F001,00000000*e270 * 24-04-2025 15:59:27.652
Command Sent (SeqNo: 152, Retry: 0) Home Command - #152,5,00111111*b9e6  * 24-04-2025 15:59:27.707
CRC-Response (SeqNo: 152) - 152,5,F001,00000000*1280 * 24-04-2025 15:59:27.822
CRC-Response (SeqNo: 152) - 152,5,F001,00000000*1280 * 24-04-2025 15:59:27.822
Command Sent (SeqNo: 153, Retry: 0) READ TEMPERATURE - #153,11*f792  * 24-04-2025 15:59:31.830
CRC-Response (SeqNo: 153) - 153,11,F000,-273*1207 * 24-04-2025 15:59:31.950
Command Sent (SeqNo: 154, Retry: 0) READ TEMPERATURE - #154,11*8393  * 24-04-2025 16:00:07.119
No response for func_code: 11, SeqNo: 155, Retry: 1 * 24-04-2025 16:00:37.147
Command Sent (SeqNo: 155, Retry: 1) READ TEMPERATURE - #154,11*8393  * 24-04-2025 16:00:37.200
5 Seconds Timer increments in Jar J2 for R2 as Command Execution under process in other function and timer updated for tmr_r2_incub() * 24-04-2025 16:00:47.915
5 Seconds Timer increments in Jar J2 for R2 as Command Execution under process in other function and timer updated for tmr_r2_incub() * 24-04-2025 16:00:52.949
5 Seconds Timer increments in Jar J2 for R2 as Command Execution under process in other function and timer updated for tmr_r2_incub() * 24-04-2025 16:00:57.991
5 Seconds Timer increments in Jar J2 for R2 as Command Execution under process in other function and timer updated for tmr_r2_incub() * 24-04-2025 16:01:03.34
No response for func_code: 11, SeqNo: 153, Retry: 2 * 24-04-2025 16:01:07.221
Command Sent (SeqNo: 153, Retry: 2) READ TEMPERATURE - #154,11*8393  * 24-04-2025 16:01:07.273
5 Seconds Timer increments in Jar J2 for R2 as Command Execution under process in other function and timer updated for tmr_r2_incub() * 24-04-2025 16:01:08.32
5 Seconds Timer increments in Jar J2 for R2 as Command Execution under process in other function and timer updated for tmr_r2_incub() * 24-04-2025 16:01:13.47
5 Seconds Timer increments in Jar J4 for R1 as Command Execution under process in other function and timer updated for tmr_r1_incub() * 24-04-2025 16:01:15.156
5 Seconds Timer increments in Jar J2 for R2 as Command Execution under process in other function and timer updated for tmr_r2_incub() * 24-04-2025 16:01:18.70
5 Seconds Timer increments in Jar J4 for R1 as Command Execution under process in other function and timer updated for tmr_r1_incub() * 24-04-2025 16:01:20.168
5 Seconds Timer increments in Jar J2 for R2 as Command Execution under process in other function and timer updated for tmr_r2_incub() * 24-04-2025 16:01:23.81
5 Seconds Timer increments in Jar J4 for R1 as Command Execution under process in other function and timer updated for tmr_r1_incub() * 24-04-2025 16:01:25.208
5 Seconds Timer increments in Jar J2 for R2 as Command Execution under process in other function and timer updated for tmr_r2_incub() * 24-04-2025 16:01:28.77
5 Seconds Timer increments in Jar J4 for R1 as Command Execution under process in other function and timer updated for tmr_r1_incub() * 24-04-2025 16:01:30.222
5 Seconds Timer increments in Jar J2 for R2 as Command Execution under process in other function and timer updated for tmr_r2_incub() * 24-04-2025 16:01:33.91
5 Seconds Timer increments in Jar J4 for R1 as Command Execution under process in other function and timer updated for tmr_r1_incub() * 24-04-2025 16:01:35.227
No response for func_code: 11, SeqNo: 152, Retry: 3 * 24-04-2025 16:01:37.297
5 Seconds Timer increments in Jar J2 for R2 as Command Execution under process in other function and timer updated for tmr_r2_incub() * 24-04-2025 16:01:38.111
5 Seconds Timer increments in Jar J4 for R1 as Command Execution under process in other function and timer updated for tmr_r1_incub() * 24-04-2025 16:01:40.253
5 Seconds Timer increments in Jar J2 for R2 as Command Execution under process in other function and timer updated for tmr_r2_incub() * 24-04-2025 16:01:43.119
5 Seconds Timer increments in Jar J4 for R1 as Command Execution under process in other function and timer updated for tmr_r1_incub() * 24-04-2025 16:01:45.262
5 Seconds Timer increments in Jar J2 for R2 as Command Execution under process in other function and timer updated for tmr_r2_incub() * 24-04-2025 16:01:48.125
5 Seconds Timer increments in Jar J4 for R1 as Command Execution under process in other function and timer updated for tmr_r1_incub() * 24-04-2025 16:01:50.284
5 Seconds Timer increments in Jar J2 for R2 as Command Execution under process in other function and timer updated for tmr_r2_incub() * 24-04-2025 16:01:53.117
5 Seconds Timer increments in Jar J4 for R1 as Command Execution under process in other function and timer updated for tmr_r1_incub() * 24-04-2025 16:01:55.283
5 Seconds Timer increments in Jar J2 for R2 as Command Execution under process in other function and timer updated for tmr_r2_incub() * 24-04-2025 16:01:58.146
5 Seconds Timer increments in Jar J4 for R1 as Command Execution under process in other function and timer updated for tmr_r1_incub() * 24-04-2025 16:02:00.282
5 Seconds Timer increments in Jar J2 for R2 as Command Execution under process in other function and timer updated for tmr_r2_incub() * 24-04-2025 16:02:03.161
5 Seconds Timer increments in Jar J4 for R1 as Command Execution under process in other function and timer updated for tmr_r1_incub() * 24-04-2025 16:02:05.281
5 Seconds Timer increments in Jar J2 for R2 as Command Execution under process in other function and timer updated for tmr_r2_incub() * 24-04-2025 16:02:08.158
5 Seconds Timer increments in Jar J4 for R1 as Command Execution under process in other function and timer updated for tmr_r1_incub() * 24-04-2025 16:02:10.282
5 Seconds Timer increments in Jar J2 for R2 as Command Execution under process in other function and timer updated for tmr_r2_incub() * 24-04-2025 16:02:13.164
5 Seconds Timer increments in Jar J4 for R1 as Command Execution under process in other function and timer updated for tmr_r1_incub() * 24-04-2025 16:02:15.301
5 Seconds Timer increments in Jar J2 for R2 as Command Execution under process in other function and timer updated for tmr_r2_incub() * 24-04-2025 16:02:18.218
5 Seconds Timer increments in Jar J4 for R1 as Command Execution under process in other function and timer updated for tmr_r1_incub() * 24-04-2025 16:02:20.323
5 Seconds Timer increments in Jar J2 for R2 as Command Execution under process in other function and timer updated for tmr_r2_incub() * 24-04-2025 16:02:23.247
5 Seconds Timer increments in Jar J4 for R1 as Command Execution under process in other function and timer updated for tmr_r1_incub() * 24-04-2025 16:02:25.699
5 Seconds Timer increments in Jar J2 for R2 as Command Execution under process in other function and timer updated for tmr_r2_incub() * 24-04-2025 16:02:28.244
5 Seconds Timer increments in Jar J4 for R1 as Command Execution under process in other function and timer updated for tmr_r1_incub() * 24-04-2025 16:02:29.720
5 Seconds Timer increments in Jar J2 for R2 as Command Execution under process in other function and timer updated for tmr_r2_incub() * 24-04-2025 16:02:33.284
5 Seconds Timer increments in Jar J4 for R1 as Command Execution under process in other function and timer updated for tmr_r1_incub() * 24-04-2025 16:02:34.748
5 Seconds Timer increments in Jar J2 for R2 as Command Execution under process in other function and timer updated for tmr_r2_incub() * 24-04-2025 16:02:38.284
5 Seconds Timer increments in Jar J4 for R1 as Command Execution under process in other function and timer updated for tmr_r1_incub() * 24-04-2025 16:02:39.803
5 Seconds Timer increments in Jar J2 for R2 as Command Execution under process in other function and timer updated for tmr_r2_incub() * 24-04-2025 16:02:43.287
User Aborted / Stopped the application forcefully  * 24-04-2025 16:02:43.914
