Command * SET TEMPERATURE - #0,10,32*870a
 * 31-01-2025 17:21:04.666
CRC-Response  - 0,10,F000*1ae9 * 31-01-2025 17:21:04.969
Command * HEATER ON - #1,12,1*dbe7
 * 31-01-2025 17:21:06.17
CRC-Response  - 1,12,F000*68e5 * 31-01-2025 17:21:06.127
Command * HEATER DOOR CLOSE - #2,8,1,0*21eb
 * 31-01-2025 17:21:07.6
CRC-Response  - 2,8,I001*fd79 * 31-01-2025 17:21:07.115
CRC-Response  - 2,8,F000*29bb * 31-01-2025 17:21:07.456
Command * READ TEMPERATURE - #3,11*ed1a
 * 31-01-2025 17:21:07.665
CRC-Response  - 3,11,F000,34*ee07 * 31-01-2025 17:21:07.782
Command * WATER VALVE - 1 CONTROL OFF - #4,13,1,0*80ea
 * 31-01-2025 17:21:12.842
CRC-Response  - 4,13,F000*e9db * 31-01-2025 17:21:12.956
Command * WATER VALVE - 2 CONTROL OFF - #5,13,2,0*4cdb
 * 31-01-2025 17:21:13.533
CRC-Response  - 5,13,F000*79d6 * 31-01-2025 17:21:13.649
Command * WATER VALVE - 3 CONTROL OFF - #6,13,3,0*99ca
 * 31-01-2025 17:21:14.200
CRC-Response  - 6,13,F000*89c2 * 31-01-2025 17:21:14.313
Command * WATER VALVE - 4 CONTROL OFF - #7,13,4,0*94ba
 * 31-01-2025 17:21:14.877
CRC-Response  - 7,13,F000*19cf * 31-01-2025 17:21:14.981
Command * WATER VALVE - 5 CONTROL OFF - #8,13,5,0*14ab
 * 31-01-2025 17:21:15.527
CRC-Response  - 8,13,F000*e98e * 31-01-2025 17:21:15.634
Command * WATER VALVE - 6 CONTROL OFF - #9,13,6,0*d89a
 * 31-01-2025 17:21:16.186
CRC-Response  - 9,13,F000*7983 * 31-01-2025 17:21:16.299
Command * Home Command - #10,5,01111111*2199
 * 31-01-2025 17:21:16.868
CRC-Response  - 10,5,I001,01111111*c9ef * 31-01-2025 17:21:16.983
CRC-Response  - 10,5,F000*8728 * 31-01-2025 17:21:29.502
Command * Home Command - #11,5,01111111*e264
 * 31-01-2025 17:21:31.613
CRC-Response  - 11,5,I001,01111111*59be * 31-01-2025 17:21:31.729
CRC-Response  - 11,5,F000*4be9 * 31-01-2025 17:21:31.732
Command * Level Sensing For H1 - #12,4,2688,1000,0,1*b46b
 * 31-01-2025 17:21:33.300
CRC-Response  - 12,4,I001*5b6a * 31-01-2025 17:21:33.413
CRC-Response  - 12,4,F000,4095*b206 * 31-01-2025 17:21:43.354
H1 Value - 4095 * 31-01-2025 17:21:43.375
User Aborted / Stopped the application forcefully  * 31-01-2025 17:22:07.792
Command * HEATER OFF - #13,12,0*211c
 * 31-01-2025 17:22:10.992
CRC-Response  - 13,12,F000*c5d7 * 31-01-2025 17:22:11.197
Command * WATER VALVE - 1 CONTROL OFF - #14,13,1,0*eaf9
 * 31-01-2025 17:22:12.61
CRC-Response  - 14,13,F000*24f0 * 31-01-2025 17:22:12.254
Command * WATER VALVE - 2 CONTROL OFF - #15,13,2,0*26c8
 * 31-01-2025 17:22:12.810
CRC-Response  - 15,13,F000*b4fd * 31-01-2025 17:22:12.927
Command * WATER VALVE - 3 CONTROL OFF - #16,13,3,0*f3d9
 * 31-01-2025 17:22:13.483
CRC-Response  - 16,13,F000*44e9 * 31-01-2025 17:22:13.596
