Command Sent SET TEMPERATURE - #0,10,32*870a  * 21-03-2025 17:12:14.742
CRC-Response  - 0,10,F000*1ae9 * 21-03-2025 17:12:14.884
Command Sent HEATER ON - #1,12,1*dbe7  * 21-03-2025 17:12:16.53
CRC-Response  - 1,12,F000*68e5 * 21-03-2025 17:12:16.160
Command Sent HEATER DOOR CLOSE - #2,8,1,0*21eb  * 21-03-2025 17:12:16.829
CRC-Response  - 2,8,I001*fd79 * 21-03-2025 17:12:16.944
CRC-Response  - 2,8,F000*29bb * 21-03-2025 17:12:17.282
Command Sent READ TEMPERATURE - #3,11*ed1a  * 21-03-2025 17:12:17.593
CRC-Response  - 3,11,F000,545*d48f * 21-03-2025 17:12:17.701
Command Sent WATER VALVE - 1 CONTROL OFF - #4,13,1,0*80ea  * 21-03-2025 17:12:27.865
CRC-Response  - 4,13,F000*e9db * 21-03-2025 17:12:27.974
Command Sent WATER VALVE - 2 CONTROL OFF - #5,13,2,0*4cdb  * 21-03-2025 17:12:28.630
CRC-Response  - 5,13,F000*79d6 * 21-03-2025 17:12:28.747
Command Sent WATER VALVE - 3 CONTROL OFF - #6,13,3,0*99ca  * 21-03-2025 17:12:29.431
CRC-Response  - 6,13,F000*89c2 * 21-03-2025 17:12:29.536
Command Sent WATER VALVE - 4 CONTROL OFF - #7,13,4,0*94ba  * 21-03-2025 17:12:30.205
CRC-Response  - 7,13,F000*19cf * 21-03-2025 17:12:30.322
Command Sent WATER VALVE - 5 CONTROL OFF - #8,13,5,0*14ab  * 21-03-2025 17:12:30.988
CRC-Response  - 8,13,F000*e98e * 21-03-2025 17:12:31.95
Command Sent WATER VALVE - 6 CONTROL OFF - #9,13,6,0*d89a  * 21-03-2025 17:12:31.765
CRC-Response  - 9,13,F000*7983 * 21-03-2025 17:12:31.870
Command Sent HEATER OFF - #10,12,0*121c  * 21-03-2025 17:12:32.555
CRC-Response  - 10,12,F000*35c3 * 21-03-2025 17:12:32.666
Command Sent Home Command - #11,5,01111111*e264  * 21-03-2025 17:12:33.335
CRC-Response  - 11,5,I001,01110110*657e * 21-03-2025 17:12:33.452
User Aborted / Stopped the application forcefully  * 21-03-2025 17:13:20.469
Command * DOOR STATUS - #12,9*c573
 * 21-03-2025 17:13:32.712
Response  - 12,9,F000,11*cda8 * 21-03-2025 17:13:32.896
Command * Home Command - #13,5,01111111*259d
 * 21-03-2025 17:13:39.62
Response  - 13,5,I001,01110110*05df * 21-03-2025 17:13:39.220
Command * Home Command - #14,5,01111111*ee68
 * 21-03-2025 17:16:43.381
Response  - 14,5,I001,01110110*346d * 21-03-2025 17:16:43.587
Command * Home Command - #15,5,01111111*2d95
 * 21-03-2025 17:16:45.873
Response  - 15,5,I001,01110110*a43c * 21-03-2025 17:16:46.32
Command * Home Command - #16,5,01111111*2991
 * 21-03-2025 17:16:46.948
Response  - 16,5,I001,01110110*54cc * 21-03-2025 17:16:47.117
Command * CLOSE HEATER DOOR - #17,8,1,0*f227
 * 21-03-2025 17:16:49.682
Response  - 17,8,I001*a8aa * 21-03-2025 17:16:49.848
Response  - 17,8,F000*7c68 * 21-03-2025 17:16:50.192
Command * OPEN HEATER DOOR - #18,8,1,1*3219
 * 21-03-2025 17:16:52.19
Response  - 18,8,I001*e8ea * 21-03-2025 17:16:52.181
Response  - 18,8,F000*3c28 * 21-03-2025 17:16:52.524
Command * CLOSE HEATER DOOR - #19,8,1,0*32c8
 * 21-03-2025 17:16:53.420
Response  - 19,8,I001*242b * 21-03-2025 17:16:53.585
Response  - 19,8,F000*f0e9 * 21-03-2025 17:16:53.926
Command * Home Command - #20,5,01111111*e29c
 * 21-03-2025 17:16:55.230
Response  - 20,5,I001,01110110*b1df * 21-03-2025 17:16:55.387
Command * GET HOME STATUS - #21,6*85c3
 * 21-03-2025 17:16:58.989
Response  - 21,6,F000,01000000*abe4 * 21-03-2025 17:16:59.147
Command * GET HOME STATUS - #22,6*8533
 * 21-03-2025 17:17:07.701
Response  - 22,6,F000,01000000*5b14 * 21-03-2025 17:17:07.858
Command * GET HOME STATUS - #23,6*4562
 * 21-03-2025 17:17:10.229
Response  - 23,6,F000,01000000*cb45 * 21-03-2025 17:17:10.513
Command * RACK HOLDING STATUS - #24,7*4412
 * 21-03-2025 17:17:11.407
Response  - 24,7,F000,10*e13f * 21-03-2025 17:17:11.577
Command * POLL COMMAND  - #25,15*4606
 * 21-03-2025 17:17:14.364
Response  - 25,15,F000,01.00.001*2654 * 21-03-2025 17:17:14.527
Command * Home Command - #26,5,01111111*ea94
 * 21-03-2025 17:17:16.10
Response  - 26,5,I001,01110110*103c * 21-03-2025 17:17:16.172
Command * Home Command - #27,5,01111111*2969
 * 21-03-2025 17:21:25.491
Response  - 27,5,I001,01110110*806d * 21-03-2025 17:21:25.736
Command * WATER VALVE-2 CONTROL ON - #28,13,2,1*8fdc
 * 21-03-2025 17:21:34.196
Response  - 28,13,F000*2b55 * 21-03-2025 17:21:34.360
Command * WATER VALVE-2 CONTROL OFF - #29,13,2,0*83dc
 * 21-03-2025 17:21:39.128
Response  - 29,13,F000*bb58 * 21-03-2025 17:21:39.293
Command * GET HOME STATUS - #30,6*b993
 * 21-03-2025 17:21:42.313
Response  - 30,6,F000,01000000*c7e4 * 21-03-2025 17:21:42.472
Command * RA 1 Movement to J1 - #31,1,1,10304,800,0*5ca1
 * 21-03-2025 17:21:57.739
Response  - 31,1,F005,1*f9c8 * 21-03-2025 17:21:57.913
Command * DOOR STATUS - #0,9*1dad
 * 21-03-2025 18:30:25.620
Response  - 0,9,F000,11*107c * 21-03-2025 18:30:25.819
Command * Home Command - #1,5,01111111*7a40
 * 21-03-2025 18:30:46.404
Response  - 1,5,I001,01111111*3ee1 * 21-03-2025 18:30:46.581
Command * Home Command - #2,5,01111111*7e44
 * 21-03-2025 18:31:03.656
Response  - 2,5,I001,01111111*ce11 * 21-03-2025 18:31:03.834
Command * GET HOME STATUS - #3,6*191d
 * 21-03-2025 18:31:09.755
Response  - 3,6,F000,11111111*5987 * 21-03-2025 18:31:09.924
Command * GET HOME STATUS - #4,6*d8ac
 * 21-03-2025 18:31:17.910
Response  - 4,6,F000,11111111*6835 * 21-03-2025 18:31:18.79
Command * Home Command - #5,5,01111111*b5b1
 * 21-03-2025 18:31:22.406
Response  - 5,5,I001,01111111*ffa3 * 21-03-2025 18:31:22.571
Command * Home Command - #6,5,01111111*b1b5
 * 21-03-2025 18:31:37.521
Response  - 6,5,I001,01111111*0f53 * 21-03-2025 18:31:37.743
Command * GET HOME STATUS - #7,6*d85c
 * 21-03-2025 18:32:28.296
Response  - 7,6,F000,11111111*98c5 * 21-03-2025 18:32:28.466
Command * RA 1 Movement to J4 - #8,1,1,21194,800 ,0*1313
 * 21-03-2025 18:33:44.822
Response  - 8,1,I001,1*4fdf * 21-03-2025 18:33:45.3
Response  - 8,1,F000,1*708e * 21-03-2025 18:33:50.813
Command * Rack Picked from J4Using RA 1 - #9,2,1,21194,800 ,0,0*bc9d
 * 21-03-2025 18:33:56.59
Response  - 9,2,I001,1*9fce * 21-03-2025 18:33:56.224
Response  - 9,2,F000,1*a09f * 21-03-2025 18:34:01.302
Command * GET HOME STATUS - #10,6*0192
 * 21-03-2025 18:34:05.85
Response  - 10,6,F000,11111111*ce28 * 21-03-2025 18:34:05.255
Command * GET TEMPERATURE - #11,11*b542
 * 21-03-2025 18:34:37.88
Response  - 11,11,F000,-273*182b * 21-03-2025 18:34:37.362
Command * SET TEMPERATURE - #12,10,30*5531
 * 21-03-2025 18:34:43.253
Response  - 12,10,F000*b7db * 21-03-2025 18:34:43.421
Command * WATER VALVE-2 CONTROL ON - #13,13,2,1*cc89
 * 21-03-2025 18:34:48.130
Response  - 13,13,F000*14d6 * 21-03-2025 18:34:48.296
Command * WATER VALVE-2 CONTROL OFF - #14,13,2,0*ea09
 * 21-03-2025 18:34:49.934
Response  - 14,13,F000*24f0 * 21-03-2025 18:34:50.90
Command * DOOR STATUS - #15,9*04c2
 * 21-03-2025 18:34:58.748
Response  - 15,9,F000,11*b9b2 * 21-03-2025 18:34:58.909
Command * CLOSE HEATER DOOR - #16,8,1,0*3237
 * 21-03-2025 18:35:02.542
Response  - 16,8,I001*646b * 21-03-2025 18:35:02.705
Response  - 16,8,F000*b0a9 * 21-03-2025 18:35:03.45
Command * DOOR STATUS - #17,9*c463
 * 21-03-2025 18:35:05.423
Response  - 17,9,F000,11*01b9 * 21-03-2025 18:35:05.581
Command * DOOR STATUS - #18,9*c753
 * 21-03-2025 18:35:07.113
Response  - 18,9,F000,11*1589 * 21-03-2025 18:35:07.280
Command * DOOR STATUS - #19,9*0702
 * 21-03-2025 18:35:09.91
Response  - 19,9,F000,11*e98d * 21-03-2025 18:35:09.259
Command * DOOR STATUS - #20,9*41d2
 * 21-03-2025 18:35:17.606
Response  - 20,9,F000,11*71a7 * 21-03-2025 18:35:17.774
Command * RACK HOLDING STATUS - #21,7*4502
 * 21-03-2025 18:35:20.828
Response  - 21,7,F000,10*2d2e * 21-03-2025 18:35:20.993
Command * POLL COMMAND  - #22,15*3207
 * 21-03-2025 18:35:22.642
Response  - 22,15,F000,01.00.001*52e1 * 21-03-2025 18:35:22.801
