Command Sent (SeqNo: 0, Retry: 0) HEATER DOOR CLOSE - #0,8,1,0*e1c8  * 14-04-2025 06:13:28.403
Raw Resp (SeqNo: 1) - #0,8,I001*24f8
 * 14-04-2025 06:13:28.599
CRC-Response (SeqNo: 1) - 0,8,I001*24f8 * 14-04-2025 06:13:28.600
Duplicate Response Ignored (SeqNo: 1): #0,8,F000*f03a
 * 14-04-2025 06:13:28.871
No response for func_code: 8, SeqNo: 1, Retry: 1 * 14-04-2025 06:13:48.428
Command Sent (SeqNo: 1, Retry: 1) HEATER DOOR CLOSE - #0,8,1,0*e1c8  * 14-04-2025 06:13:48.482
Duplicate Response Ignored (SeqNo: 1): #0,8,I001*24f8
 * 14-04-2025 06:13:48.600
Duplicate Response Ignored (SeqNo: 1): #0,8,F000*f03a
 * 14-04-2025 06:13:48.940
No response for func_code: 8, SeqNo: 0, Retry: 2 * 14-04-2025 06:14:08.497
Command Sent (SeqNo: 0, Retry: 2) HEATER DOOR CLOSE - #0,8,1,0*e1c8  * 14-04-2025 06:14:08.846
CRC-Response (SeqNo: 0) - 0,8,I001*24f8 * 14-04-2025 06:14:08.971
Duplicate Response Ignored (SeqNo: 0): #0,8,F000*f03a
 * 14-04-2025 06:14:09.311
No response for func_code: 8, SeqNo: -1, Retry: 3 * 14-04-2025 06:14:28.867
Command Sent (SeqNo: -2, Retry: 0) HEATER DOOR CLOSE - #-2,8,1,0*ab73  * 14-04-2025 06:19:17.799
No response for func_code: 8, SeqNo: -1, Retry: 1 * 14-04-2025 06:19:51.735
Command Sent (SeqNo: -1, Retry: 1) HEATER DOOR CLOSE - #-2,8,1,0*ab73  * 14-04-2025 06:19:56.12
Raw Resp (SeqNo: -2) - #-2,8,I001*57f2
 * 14-04-2025 06:20:19.384
CRC-Response (SeqNo: -3) - -2,8,I001*57f2 * 14-04-2025 06:20:44.750
No response for func_code: 8, SeqNo: -4, Retry: 2 * 14-04-2025 06:21:02.409
Command Sent (SeqNo: -4, Retry: 2) HEATER DOOR CLOSE - #-2,8,1,0*ab73  * 14-04-2025 06:21:02.461
Command Sent (SeqNo: 0, Retry: 0) HEATER DOOR CLOSE - #0,8,1,0*e1c8  * 14-04-2025 06:22:51.509
Raw Resp (SeqNo: 1) - #0,8,I001*24f8
 * 14-04-2025 06:22:54.131
CRC-Response (SeqNo: 1) - 0,8,I001*24f8 * 14-04-2025 06:22:54.132
No response for func_code: 8, SeqNo: 1, Retry: 1 * 14-04-2025 06:23:13.342
Command Sent (SeqNo: 1, Retry: 1) HEATER DOOR CLOSE - #0,8,1,0*e1c8  * 14-04-2025 06:23:15.702
Duplicate Response Ignored (SeqNo: 1): #0,8,F000*f03a
 * 14-04-2025 06:23:16.727
CRC-Response (SeqNo: 0) - 0,8,I001*24f8 * 14-04-2025 06:23:33.357
No response for func_code: 8, SeqNo: -1, Retry: 2 * 14-04-2025 06:23:38.296
Command Sent (SeqNo: -1, Retry: 2) HEATER DOOR CLOSE - #0,8,1,0*e1c8  * 14-04-2025 06:23:38.500
CRC-Response (SeqNo: -1) - 0,8,I001*24f8 * 14-04-2025 06:23:51.815
No response for func_code: 8, SeqNo: -2, Retry: 3 * 14-04-2025 06:24:09.630
Raw Resp (SeqNo: -2) - #0,8,F000*f03a
 * 14-04-2025 06:24:10.651
CRC-Response (SeqNo: -2) - 0,8,F000*f03a * 14-04-2025 06:24:10.651
Command Sent (SeqNo: 0, Retry: 0) HEATER DOOR CLOSE - #0,8,1,0*e1c8  * 14-04-2025 06:29:54.542
CRC-Response  - 0,8,F000*f03a * 14-04-2025 06:29:55.20
Command Sent (SeqNo: 1, Retry: 0) READ TEMPERATURE - #1,11*551b  * 14-04-2025 06:29:55.137
CRC-Response  - 1,11,F000,-273*b231 * 14-04-2025 06:29:55.245
Command Sent (SeqNo: 0, Retry: 0) SET TEMPERATURE - #0,10,32*870a  * 14-04-2025 06:31:37.273
CRC-Response  - 0,10,F000*1ae9 * 14-04-2025 06:31:37.536
Command Sent (SeqNo: 1, Retry: 0) HEATER ON - #1,12,1*dbe7  * 14-04-2025 06:31:38.489
CRC-Response  - 1,12,F000*68e5 * 14-04-2025 06:31:38.612
Command Sent (SeqNo: 2, Retry: 0) HEATER DOOR CLOSE - #2,8,1,0*21eb  * 14-04-2025 06:31:39.72
CRC-Response  - 2,8,F000*29bb * 14-04-2025 06:31:39.537
Command Sent (SeqNo: 3, Retry: 0) READ TEMPERATURE - #3,11*ed1a  * 14-04-2025 06:31:39.650
CRC-Response  - 3,11,F000,-273*7032 * 14-04-2025 06:31:39.772
Command Sent (SeqNo: 4, Retry: 0) READ TEMPERATURE - #4,11*991b  * 14-04-2025 06:31:54.702
CRC-Response  - 4,11,F000,-273*b734 * 14-04-2025 06:31:54.819
Command Sent (SeqNo: 5, Retry: 0) READ TEMPERATURE - #5,11*651a  * 14-04-2025 06:31:59.148
CRC-Response  - 5,11,F000,-273*7634 * 14-04-2025 06:31:59.265
Command Sent (SeqNo: 6, Retry: 0) READ TEMPERATURE - #6,11*211a  * 14-04-2025 06:32:09.793
CRC-Response  - 6,11,F000,-273*7537 * 14-04-2025 06:32:09.917
Command Sent (SeqNo: 7, Retry: 0) READ TEMPERATURE - #7,11*dd1b  * 14-04-2025 06:32:24.858
CRC-Response  - 7,11,F000,545*5081 * 14-04-2025 06:32:24.982
Command Sent (SeqNo: 8, Retry: 0) WATER VALVE - 1 CONTROL OFF - #8,13,1,0*d5ea  * 14-04-2025 06:32:39.904
CRC-Response  - 8,13,F000*e98e * 14-04-2025 06:32:40.19
Command Sent (SeqNo: 9, Retry: 0) WATER VALVE - 2 CONTROL OFF - #9,13,2,0*19db  * 14-04-2025 06:32:40.456
CRC-Response  - 9,13,F000*7983 * 14-04-2025 06:32:40.573
Command Sent (SeqNo: 10, Retry: 0) WATER VALVE - 3 CONTROL OFF - #10,13,3,0*d959  * 14-04-2025 06:32:41.12
CRC-Response  - 10,13,F000*e4c2 * 14-04-2025 06:32:41.129
Command Sent (SeqNo: 11, Retry: 0) WATER VALVE - 4 CONTROL OFF - #11,13,4,0*d429  * 14-04-2025 06:32:41.568
CRC-Response  - 11,13,F000*74cf * 14-04-2025 06:32:41.687
Command Sent (SeqNo: 12, Retry: 0) WATER VALVE - 5 CONTROL OFF - #12,13,5,0*0138  * 14-04-2025 06:32:42.127
CRC-Response  - 12,13,F000*84db * 14-04-2025 06:32:42.248
Command Sent (SeqNo: 13, Retry: 0) WATER VALVE - 6 CONTROL OFF - #13,13,6,0*cd09  * 14-04-2025 06:32:42.688
CRC-Response  - 13,13,F000*14d6 * 14-04-2025 06:32:42.807
Command Sent (SeqNo: 14, Retry: 0) Home Command - #14,5,01111111*ee68  * 14-04-2025 06:32:43.263
CRC-Response  - 14,5,F000*7429 * 14-04-2025 06:32:43.387
Command Sent (SeqNo: 15, Retry: 0) Home Command - #15,5,01111111*2d95  * 14-04-2025 06:32:45.324
CRC-Response  - 15,5,F000*b8e8 * 14-04-2025 06:32:45.449
Command Sent (SeqNo: 16, Retry: 0) Level Sensing For L1 - #16,4,17564,16380,0,0*5879  * 14-04-2025 06:32:46.388
CRC-Response  - 16,4,F000,750*5e4e * 14-04-2025 06:32:54.797
L1 Value - 750 * 14-04-2025 06:32:54.830
Command Sent (SeqNo: 17, Retry: 0) Level Sensing For L2 - #17,4,13934,16380,0,0*a05c  * 14-04-2025 06:32:55.7
CRC-Response  - 17,4,F000,755*9e73 * 14-04-2025 06:32:57.402
L2 Value - 755 * 14-04-2025 06:32:57.418
Command Sent (SeqNo: 18, Retry: 0) Level Sensing For L3 - #18,4,10304,16380,0,0*b814  * 14-04-2025 06:32:57.561
CRC-Response  - 18,4,F000,748*dfa7 * 14-04-2025 06:32:59.963
L3 Value - 748 * 14-04-2025 06:32:59.991
Command Sent (SeqNo: 19, Retry: 0) Home Command - #19,5,01111111*3d85  * 14-04-2025 06:33:00.107
CRC-Response  - 19,5,F000*ede8 * 14-04-2025 06:33:00.230
Command Sent (SeqNo: 20, Retry: 0) Home Command - #20,5,01111111*e29c  * 14-04-2025 06:33:01.681
CRC-Response  - 20,5,F000*773c * 14-04-2025 06:33:01.803
Rack - 1Protocol Started * 14-04-2025 06:33:02.954
Command Sent (SeqNo: 21, Retry: 0) Rack-1 Picked from L1 - #21,2,2,17564,16380,0,0*ba4e  * 14-04-2025 06:33:03.72
CRC-Response  - 21,2,F000,2*10dc * 14-04-2025 06:33:10.375
RA Picked Rack From L1 * 14-04-2025 06:33:10.378
Command Sent (SeqNo: 22, Retry: 0) Rack-1 Placed in H1 - #22,3,2,2688,1000,0,1*1975  * 14-04-2025 06:33:10.683
CRC-Response  - 22,3,F000,2*d3ed * 14-04-2025 06:33:17.703
RA Placed Rack in H1 * 14-04-2025 06:33:17.706
Command Sent (SeqNo: 23, Retry: 0) HEATER DOOR CLOSE - #23,8,1,0*2722  * 14-04-2025 06:33:18.341
CRC-Response  - 23,8,F000*7f7d * 14-04-2025 06:33:18.822
Command Sent (SeqNo: 24, Retry: 0) READ TEMPERATURE - #24,11*7906  * 14-04-2025 06:33:18.919
CRC-Response  - 24,11,F000,-273*1c6d * 14-04-2025 06:33:19.38
Command Sent (SeqNo: 25, Retry: 0) READ TEMPERATURE - #25,11*8507  * 14-04-2025 06:33:33.969
CRC-Response  - 25,11,F000,-273*dd6d * 14-04-2025 06:33:34.91
Command Sent (SeqNo: 26, Retry: 0) READ TEMPERATURE - #26,11*c107  * 14-04-2025 06:33:39.76
CRC-Response  - 26,11,F000,-273*de6e * 14-04-2025 06:33:39.196
Command Sent (SeqNo: 27, Retry: 0) READ TEMPERATURE - #27,11*3d06  * 14-04-2025 06:33:49.45
CRC-Response  - 27,11,F000,-273*1f6e * 14-04-2025 06:33:49.160
Command Sent (SeqNo: 28, Retry: 0) READ TEMPERATURE - #28,11*2905  * 14-04-2025 06:34:04.120
CRC-Response  - 28,11,F000,-273*1061 * 14-04-2025 06:34:04.233
Command Sent (SeqNo: 29, Retry: 0) READ TEMPERATURE - #29,11*d504  * 14-04-2025 06:34:19.199
CRC-Response  - 29,11,F000,-273*d161 * 14-04-2025 06:34:19.319
Command Sent (SeqNo: 30, Retry: 0) READ TEMPERATURE - #30,11*893a  * 14-04-2025 06:34:34.312
CRC-Response  - 30,11,F000,-273*d8a9 * 14-04-2025 06:34:34.434
Command Sent (SeqNo: 31, Retry: 0) READ TEMPERATURE - #31,11*753b  * 14-04-2025 06:34:49.380
CRC-Response  - 31,11,F000,-273*19a9 * 14-04-2025 06:34:49.501
Command Sent (SeqNo: 32, Retry: 0) READ TEMPERATURE - #32,11*313b  * 14-04-2025 06:35:04.454
CRC-Response  - 32,11,F000,-273*1aaa * 14-04-2025 06:35:04.578
Command Sent (SeqNo: 33, Retry: 0) READ TEMPERATURE - #33,11*cd3a  * 14-04-2025 06:35:19.550
CRC-Response  - 33,11,F000,-273*dbaa * 14-04-2025 06:35:19.666
Command Sent (SeqNo: 34, Retry: 0) READ TEMPERATURE - #34,11*b93b  * 14-04-2025 06:35:34.614
CRC-Response  - 34,11,F000,545*4a1f * 14-04-2025 06:35:34.735
Command Sent (SeqNo: 35, Retry: 0) READ TEMPERATURE - #35,11*453a  * 14-04-2025 06:35:49.672
CRC-Response  - 35,11,F000,-273*ddac * 14-04-2025 06:35:49.792
Command Sent (SeqNo: 36, Retry: 0) READ TEMPERATURE - #36,11*013a  * 14-04-2025 06:36:04.746
CRC-Response  - 36,11,F000,-273*deaf * 14-04-2025 06:36:04.885
Command Sent (SeqNo: 37, Retry: 0) READ TEMPERATURE - #37,11*fd3b  * 14-04-2025 06:36:19.821
CRC-Response  - 37,11,F000,-273*1faf * 14-04-2025 06:36:19.936
Command Sent (SeqNo: 38, Retry: 0) READ TEMPERATURE - #38,11*e938  * 14-04-2025 06:36:34.870
CRC-Response  - 38,11,F000,-273*10a0 * 14-04-2025 06:36:34.996
Command Sent (SeqNo: 39, Retry: 0) READ TEMPERATURE - #39,11*1539  * 14-04-2025 06:36:49.976
CRC-Response  - 39,11,F000,545*070c * 14-04-2025 06:36:50.196
Command Sent (SeqNo: 40, Retry: 0) READ TEMPERATURE - #40,11*498f  * 14-04-2025 06:37:05.35
CRC-Response  - 40,11,F000,545*0917 * 14-04-2025 06:37:05.161
Command Sent (SeqNo: 41, Retry: 0) READ TEMPERATURE - #41,11*b58e  * 14-04-2025 06:37:20.111
CRC-Response  - 41,11,F000,545*8815 * 14-04-2025 06:37:20.226
Command Sent (SeqNo: 42, Retry: 0) READ TEMPERATURE - #42,11*f18e  * 14-04-2025 06:37:35.204
CRC-Response  - 42,11,F000,-273*18ed * 14-04-2025 06:37:35.319
Command Sent (SeqNo: 43, Retry: 0) READ TEMPERATURE - #43,11*0d8f  * 14-04-2025 06:37:50.259
CRC-Response  - 43,11,F000,-273*d9ed * 14-04-2025 06:37:50.380
Command Sent (SeqNo: 44, Retry: 0) READ TEMPERATURE - #44,11*798e  * 14-04-2025 06:38:05.320
CRC-Response  - 44,11,F000,545*8d19 * 14-04-2025 06:38:05.443
Command Sent (SeqNo: 45, Retry: 0) READ TEMPERATURE - #45,11*858f  * 14-04-2025 06:38:20.382
CRC-Response  - 45,11,F000,-273*dfeb * 14-04-2025 06:38:20.521
Command Sent (SeqNo: 46, Retry: 0) READ TEMPERATURE - #46,11*c18f  * 14-04-2025 06:38:35.437
CRC-Response  - 46,11,F000,-273*dce8 * 14-04-2025 06:38:35.557
Command Sent (SeqNo: 47, Retry: 0) READ TEMPERATURE - #47,11*3d8e  * 14-04-2025 06:38:50.519
CRC-Response  - 47,11,F000,-273*1de8 * 14-04-2025 06:38:50.638
Command Sent (SeqNo: 48, Retry: 0) READ TEMPERATURE - #48,11*298d  * 14-04-2025 06:39:05.606
CRC-Response  - 48,11,F000,-273*12e7 * 14-04-2025 06:39:05.721
Command Sent (SeqNo: 49, Retry: 0) READ TEMPERATURE - #49,11*d58c  * 14-04-2025 06:39:20.654
CRC-Response  - 49,11,F000,545*c00a * 14-04-2025 06:39:20.779
Command Sent (SeqNo: 50, Retry: 0) HEATER DOOR OPEN - #50,8,1,1*0191  * 14-04-2025 06:39:23.186
CRC-Response  - 50,8,F000*5a1b * 14-04-2025 06:39:23.650
Rack - 2Protocol Started * 14-04-2025 06:39:23.701
Command Sent (SeqNo: 51, Retry: 0) Rack-2 Picked from L2 - #51,2,2,13934,16380,0,0*5860  * 14-04-2025 06:39:23.781
CRC-Response  - 51,2,F000,2*64c6 * 14-04-2025 06:39:30.384
RA Picked Rack From L2 * 14-04-2025 06:39:30.387
Command Sent (SeqNo: 52, Retry: 0) Rack-2 Placed in H2 - #52,3,2,2688,8700,0,1*0476  * 14-04-2025 06:39:30.934
CRC-Response  - 52,3,F000,2*a7f7 * 14-04-2025 06:39:37.532
RA Placed Rack in H2 * 14-04-2025 06:39:37.534
Command Sent (SeqNo: 53, Retry: 0) HEATER DOOR CLOSE - #53,8,1,0*c163  * 14-04-2025 06:39:38.591
CRC-Response  - 53,8,F000*4f5b * 14-04-2025 06:39:39.84
Command Sent (SeqNo: 54, Retry: 0) READ TEMPERATURE - #54,11*b9b3  * 14-04-2025 06:39:39.189
CRC-Response  - 54,11,F000,-273*1e2a * 14-04-2025 06:39:39.316
Command Sent (SeqNo: 55, Retry: 0) READ TEMPERATURE - #55,11*45b2  * 14-04-2025 06:39:54.267
CRC-Response  - 55,11,F000,545*cd1b * 14-04-2025 06:39:54.382
Command Sent (SeqNo: 56, Retry: 0) READ TEMPERATURE - #56,11*01b2  * 14-04-2025 06:39:59.48
CRC-Response  - 56,11,F000,-273*dc29 * 14-04-2025 06:39:59.170
Command Sent (SeqNo: 57, Retry: 0) READ TEMPERATURE - #57,11*fdb3  * 14-04-2025 06:40:09.373
CRC-Response  - 57,11,F000,545*8f1c * 14-04-2025 06:40:09.488
Command Sent (SeqNo: 58, Retry: 0) READ TEMPERATURE - #58,11*e9b0  * 14-04-2025 06:40:24.419
CRC-Response  - 58,11,F000,-273*1226 * 14-04-2025 06:40:24.538
Command Sent (SeqNo: 59, Retry: 0) READ TEMPERATURE - #59,11*15b1  * 14-04-2025 06:40:39.472
CRC-Response  - 59,11,F000,-273*d326 * 14-04-2025 06:40:39.590
Command Sent (SeqNo: 60, Retry: 0) READ TEMPERATURE - #60,11*89f6  * 14-04-2025 06:40:54.536
CRC-Response  - 60,11,F000,-273*db6c * 14-04-2025 06:40:54.654
Command Sent (SeqNo: 61, Retry: 0) READ TEMPERATURE - #61,11*75f7  * 14-04-2025 06:41:09.606
CRC-Response  - 61,11,F000,545*4a16 * 14-04-2025 06:41:09.719
Command Sent (SeqNo: 62, Retry: 0) READ TEMPERATURE - #62,11*31f7  * 14-04-2025 06:41:24.694
CRC-Response  - 62,11,F000,-273*196f * 14-04-2025 06:41:24.816
Command Sent (SeqNo: 63, Retry: 0) READ TEMPERATURE - #63,11*cdf6  * 14-04-2025 06:41:39.749
CRC-Response  - 63,11,F000,545*0811 * 14-04-2025 06:41:39.868
Command Sent (SeqNo: 64, Retry: 0) READ TEMPERATURE - #64,11*b9f7  * 14-04-2025 06:41:54.857
CRC-Response  - 64,11,F000,-273*1f69 * 14-04-2025 06:41:54.980
Command Sent (SeqNo: 65, Retry: 0) READ TEMPERATURE - #65,11*45f6  * 14-04-2025 06:42:09.903
CRC-Response  - 65,11,F000,-273*de69 * 14-04-2025 06:42:10.25
Command Sent (SeqNo: 66, Retry: 0) READ TEMPERATURE - #66,11*01f6  * 14-04-2025 06:42:24.964
CRC-Response  - 66,11,F000,545*0d1d * 14-04-2025 06:42:25.90
Command Sent (SeqNo: 67, Retry: 0) READ TEMPERATURE - #67,11*fdf7  * 14-04-2025 06:42:40.175
CRC-Response  - 67,11,F000,-273*1c6a * 14-04-2025 06:42:40.292
Command Sent (SeqNo: 68, Retry: 0) READ TEMPERATURE - #68,11*e9f4  * 14-04-2025 06:42:55.247
CRC-Response  - 68,11,F000,-273*1365 * 14-04-2025 06:42:55.361
Command Sent (SeqNo: 69, Retry: 0) READ TEMPERATURE - #69,11*15f5  * 14-04-2025 06:43:11.344
CRC-Response  - 69,11,F000,-273*d265 * 14-04-2025 06:43:11.465
Command Sent (SeqNo: 70, Retry: 0) HEATER DOOR OPEN - #70,8,1,1*d810  * 14-04-2025 06:43:18.188
CRC-Response  - 70,8,F000*3a02 * 14-04-2025 06:43:18.647
Command Sent (SeqNo: 71, Retry: 0) Rack-1 Picked from H1 - #71,2,2,2688,1000,0,1*98ac  * 14-04-2025 06:43:18.759
CRC-Response  - 71,2,F000,2*dccd * 14-04-2025 06:43:24.649
RA Picked Rack From H1 * 14-04-2025 06:43:24.651
Command Sent (SeqNo: 72, Retry: 0) HEATER DOOR CLOSE - #72,8,1,0*d8f2  * 14-04-2025 06:43:24.861
CRC-Response  - 72,8,F000*e383 * 14-04-2025 06:43:25.333
Command Sent (SeqNo: 73, Retry: 0) Rack-1 Placed in J1 - #73,3,2,10304,800,0,0*200f  * 14-04-2025 06:43:25.417
CRC-Response  - 73,3,F000,2*daad * 14-04-2025 06:43:31.603
RA Placed Rack in J1 * 14-04-2025 06:43:31.607
Command Sent (SeqNo: 74, Retry: 0) READ TEMPERATURE - #74,11*79ca  * 14-04-2025 06:43:36.196
CRC-Response  - 74,11,F000,-273*1fa8 * 14-04-2025 06:43:36.316
Command Sent (SeqNo: 75, Retry: 0) READ TEMPERATURE - #75,11*85cb  * 14-04-2025 06:43:51.254
CRC-Response  - 75,11,F000,545*0f18 * 14-04-2025 06:43:51.371
Command Sent (SeqNo: 76, Retry: 0) READ TEMPERATURE - #76,11*c1cb  * 14-04-2025 06:44:06.339
CRC-Response  - 76,11,F000,-273*ddab * 14-04-2025 06:44:06.455
