Device Intialization started * 07-03-2025 12:43:41.288
Command * SET TEMPERATURE - #0,10,37*84ca
 * 07-03-2025 12:43:41.420
CRC-Response  - 0,10,F000*1ae9 * 07-03-2025 12:43:41.673
Command * WATER VALVE - 1 CONTROL ON - #1,13,1,1*7feb
 * 07-03-2025 12:43:42.728
CRC-Response  - 1,13,F000*b9e4 * 07-03-2025 12:43:42.947
Command * WATER VALVE - 2 CONTROL ON - #2,13,2,1*6a5b
 * 07-03-2025 12:43:43.10
CRC-Response  - 2,13,F000*49f0 * 07-03-2025 12:43:48.217
Command * WATER VALVE - 3 CONTROL ON - #3,13,3,1*66cb
 * 07-03-2025 12:43:48.569
CRC-Response  - 3,13,F000*d9fd * 07-03-2025 12:43:48.775
Command * WATER VALVE - 4 CONTROL ON - #4,13,4,1*413b
 * 07-03-2025 12:43:49.342
CRC-Response  - 4,13,F000*e9db * 07-03-2025 12:43:49.551
Command * WATER VALVE - 5 CONTROL ON - #5,13,5,1*4dab
 * 07-03-2025 12:43:50.102
CRC-Response  - 5,13,F000*79d6 * 07-03-2025 12:43:50.309
Command * WATER VALVE - 6 CONTROL ON - #6,13,6,1*581b
 * 07-03-2025 12:43:50.859
CRC-Response  - 6,13,F000*89c2 * 07-03-2025 12:43:51.68
Command * Home Command - #7,5,00100100*dea4
 * 07-03-2025 12:43:51.627
CRC-Response  - 7,5,I001,00100100*33ee * 07-03-2025 12:43:51.837
CRC-Response  - 7,5,F000*0b7a * 07-03-2025 12:43:53.712
Command * Home Command - #8,5,01111111*665c
 * 07-03-2025 12:43:55.951
CRC-Response  - 8,5,I001,01111111*6c37 * 07-03-2025 12:43:56.156
CRC-Response  - 8,5,F000*4b3a * 07-03-2025 12:44:09.449
Command * Home Command - #9,5,01111111*a5a1
 * 07-03-2025 12:44:11.781
CRC-Response  - 9,5,I001,01111111*fc66 * 07-03-2025 12:44:12.5
CRC-Response  - 9,5,F000*87fb * 07-03-2025 12:44:25.265
Command * Level Sensing For U1 - #10,4,61124,16380,0,0*9f4f
 * 07-03-2025 12:44:27.237
CRC-Response  - 10,4,I001*82eb * 07-03-2025 12:44:27.449
CRC-Response  - 10,4,F000,695*95d2 * 07-03-2025 12:44:31.609
U1 Value - 695 * 07-03-2025 12:44:31.635
Command * Level Sensing For U2 - #11,4,57494,16380,0,0*bade
 * 07-03-2025 12:44:32.35
CRC-Response  - 11,4,I001*4e2a * 07-03-2025 12:44:32.242
CRC-Response  - 11,4,F000,701*0579 * 07-03-2025 12:44:34.539
U2 Value - 701 * 07-03-2025 12:44:34.560
Command * Level Sensing For U3 - #12,4,53864,16380,0,0*e29a
 * 07-03-2025 12:44:34.813
CRC-Response  - 12,4,I001*5b6a * 07-03-2025 12:44:35.33
CRC-Response  - 12,4,F000,694*92ea * 07-03-2025 12:44:37.322
U3 Value - 694 * 07-03-2025 12:44:37.345
Command * Level Sensing For U4 - #13,4,50234,16380,0,0*1bb0
 * 07-03-2025 12:44:37.607
CRC-Response  - 13,4,I001*97ab * 07-03-2025 12:44:37.826
CRC-Response  - 13,4,F000,697*5057 * 07-03-2025 12:44:40.109
U4 Value - 697 * 07-03-2025 12:44:40.128
Command * Level Sensing For U5 - #14,4,46604,16380,0,0*e9c8
 * 07-03-2025 12:44:40.398
CRC-Response  - 14,4,I001*71ea * 07-03-2025 12:44:40.607
CRC-Response  - 14,4,F000,698*9fe2 * 07-03-2025 12:44:42.903
U5 Value - 698 * 07-03-2025 12:44:42.923
Command * Level Sensing For U6 - #15,4,42974,16380,0,0*1511
 * 07-03-2025 12:44:43.177
CRC-Response  - 15,4,I001*bd2b * 07-03-2025 12:44:43.384
CRC-Response  - 15,4,F000,700*0a49 * 07-03-2025 12:44:45.680
U6 Value - 700 * 07-03-2025 12:44:45.698
Device Intialization started * 07-03-2025 12:47:23.19
Command * SET TEMPERATURE - #16,10,37*5735
 * 07-03-2025 12:47:23.742
CRC-Response  - 16,10,F000*77e9 * 07-03-2025 12:47:23.954
Command * WATER VALVE - 1 CONTROL ON - #17,13,1,1*3f78
 * 07-03-2025 12:47:25.14
CRC-Response  - 17,13,F000*d4e4 * 07-03-2025 12:47:25.228
Command * WATER VALVE - 2 CONTROL ON - #18,13,2,1*7fc8
 * 07-03-2025 12:47:25.817
CRC-Response  - 18,13,F000*24a5 * 07-03-2025 12:47:26.33
Command * WATER VALVE - 3 CONTROL ON - #19,13,3,1*7358
 * 07-03-2025 12:47:26.584
CRC-Response  - 19,13,F000*b4a8 * 07-03-2025 12:47:26.794
Command * WATER VALVE - 4 CONTROL ON - #20,13,4,1*283d
 * 07-03-2025 12:47:27.359
CRC-Response  - 20,13,F000*eb32 * 07-03-2025 12:47:27.565
Command * WATER VALVE - 5 CONTROL ON - #21,13,5,1*24ad
 * 07-03-2025 12:47:28.119
CRC-Response  - 21,13,F000*7b3f * 07-03-2025 12:47:28.326
Command * WATER VALVE - 6 CONTROL ON - #22,13,6,1*311d
 * 07-03-2025 12:47:28.877
CRC-Response  - 22,13,F000*8b2b * 07-03-2025 12:47:29.88
Command * Home Command - #23,5,00100100*4a74
 * 07-03-2025 12:47:29.656
CRC-Response  - 23,5,I001,00100100*d103 * 07-03-2025 12:47:29.862
CRC-Response  - 23,5,F000*627c * 07-03-2025 12:47:31.739
Command * Home Command - #24,5,01111111*2d6d
 * 07-03-2025 12:47:34.19
CRC-Response  - 24,5,I001,01111111*4c5d * 07-03-2025 12:47:34.233
CRC-Response  - 24,5,F000*843d * 07-03-2025 12:47:47.506
Command * Home Command - #25,5,01111111*ee90
 * 07-03-2025 12:47:49.890
CRC-Response  - 25,5,I001,01111111*dc0c * 07-03-2025 12:47:50.96
CRC-Response  - 25,5,F000*48fc * 07-03-2025 12:48:03.373
Command * Level Sensing For U1 - #26,4,61124,16380,0,0*2483
 * 07-03-2025 12:48:05.290
CRC-Response  - 26,4,I001*587f * 07-03-2025 12:48:05.601
CRC-Response  - 26,4,F000,693*5c5f * 07-03-2025 12:48:10.422
U1 Value - 693 * 07-03-2025 12:48:10.438
Command * Level Sensing For U2 - #27,4,57494,16380,0,0*0112
 * 07-03-2025 12:48:10.678
CRC-Response  - 27,4,I001*94be * 07-03-2025 12:48:10.886
CRC-Response  - 27,4,F000,689*0823 * 07-03-2025 12:48:13.193
U2 Value - 689 * 07-03-2025 12:48:13.208
Command * Level Sensing For U3 - #28,4,53864,16380,0,0*0845
 * 07-03-2025 12:48:13.463
CRC-Response  - 28,4,I001*d4fe * 07-03-2025 12:48:13.673
CRC-Response  - 28,4,F000,695*8936 * 07-03-2025 12:48:15.974
U3 Value - 695 * 07-03-2025 12:48:15.992
Command * Level Sensing For U4 - #29,4,50234,16380,0,0*f16f
 * 07-03-2025 12:48:16.283
CRC-Response  - 29,4,I001*183f * 07-03-2025 12:48:16.499
CRC-Response  - 29,4,F000,692*888a * 07-03-2025 12:48:18.795
U4 Value - 692 * 07-03-2025 12:48:18.815
Command * Level Sensing For U5 - #30,4,46604,16380,0,0*3b40
 * 07-03-2025 12:48:19.51
CRC-Response  - 30,4,I001*e2f2 * 07-03-2025 12:48:19.261
CRC-Response  - 30,4,F000,690*d415 * 07-03-2025 12:48:21.557
U5 Value - 690 * 07-03-2025 12:48:21.577
Command * Level Sensing For U6 - #31,4,42974,16380,0,0*c799
 * 07-03-2025 12:48:21.813
CRC-Response  - 31,4,I001*2e33 * 07-03-2025 12:48:22.23
CRC-Response  - 31,4,F000,692*d669 * 07-03-2025 12:48:24.320
U6 Value - 692 * 07-03-2025 12:48:24.336
Device Intialization started * 07-03-2025 15:44:29.445
Command * SET TEMPERATURE - #0,10,37*84ca
 * 07-03-2025 15:44:29.684
CRC-Response  - 0,10,F000*1ae9 * 07-03-2025 15:44:30.0
Command * WATER VALVE - 1 CONTROL ON - #1,13,1,1*7feb
 * 07-03-2025 15:44:31.199
CRC-Response  - 1,13,F000*b9e4 * 07-03-2025 15:44:36.449
Command * WATER VALVE - 2 CONTROL ON - #2,13,2,1*6a5b
 * 07-03-2025 15:44:36.762
CRC-Response  - 2,13,F000*49f0 * 07-03-2025 15:44:36.965
Command * WATER VALVE - 3 CONTROL ON - #3,13,3,1*66cb
 * 07-03-2025 15:44:37.517
CRC-Response  - 3,13,F000*d9fd * 07-03-2025 15:44:37.728
Command * WATER VALVE - 4 CONTROL ON - #4,13,4,1*413b
 * 07-03-2025 15:44:38.306
CRC-Response  - 4,13,F000*e9db * 07-03-2025 15:44:38.518
Command * WATER VALVE - 5 CONTROL ON - #5,13,5,1*4dab
 * 07-03-2025 15:44:39.71
CRC-Response  - 5,13,F000*79d6 * 07-03-2025 15:44:39.282
Command * WATER VALVE - 6 CONTROL ON - #6,13,6,1*581b
 * 07-03-2025 15:44:39.832
CRC-Response  - 6,13,F000*89c2 * 07-03-2025 15:44:40.43
Command * Home Command - #7,5,00100100*dea4
 * 07-03-2025 15:44:40.635
CRC-Response  - 7,5,I001,00100100*33ee * 07-03-2025 15:44:40.849
CRC-Response  - 7,5,F000*0b7a * 07-03-2025 15:44:42.707
Command * Home Command - #8,5,01111111*665c
 * 07-03-2025 15:44:44.918
CRC-Response  - 8,5,I001,01111111*6c37 * 07-03-2025 15:44:45.125
CRC-Response  - 8,5,F000*4b3a * 07-03-2025 15:44:58.386
Command * Home Command - #9,5,01111111*a5a1
 * 07-03-2025 15:45:32.551
CRC-Response  - 9,5,I001,01111111*fc66 * 07-03-2025 15:45:32.765
CRC-Response  - 9,5,F000*87fb * 07-03-2025 15:45:46.35
Command * Level Sensing For U1 - #10,4,61124,16380,0,0*9f4f
 * 07-03-2025 15:45:57.88
CRC-Response  - 10,4,I001*82eb * 07-03-2025 15:45:57.294
CRC-Response  - 10,4,F000,721*a685 * 07-03-2025 15:46:01.443
U2 Value - 721 * 07-03-2025 15:46:38.638
Command * Level Sensing For U3 - #12,4,53864,16380,0,0*e29a
 * 07-03-2025 15:46:39.101
CRC-Response  - 12,4,I001*5b6a * 07-03-2025 15:46:39.354
CRC-Response  - 12,4,F000,715*527d * 07-03-2025 15:46:42.7
U3 Value - 715 * 07-03-2025 15:46:42.26
Command * Level Sensing For U4 - #13,4,50234,16380,0,0*1bb0
 * 07-03-2025 15:46:42.442
CRC-Response  - 13,4,I001*97ab * 07-03-2025 15:46:42.657
CRC-Response  - 13,4,F000,713*9300 * 07-03-2025 15:46:44.949
U4 Value - 713 * 07-03-2025 15:46:44.967
Command * Level Sensing For U5 - #14,4,46604,16380,0,0*e9c8
 * 07-03-2025 15:46:45.254
CRC-Response  - 14,4,I001*71ea * 07-03-2025 15:46:45.460
CRC-Response  - 14,4,F000,710*59b5 * 07-03-2025 15:46:47.758
U5 Value - 710 * 07-03-2025 15:46:47.837
Command * Level Sensing For U6 - #15,4,42974,16380,0,0*1511
 * 07-03-2025 15:46:48.4
CRC-Response  - 15,4,I001*bd2b * 07-03-2025 15:46:48.223
CRC-Response  - 15,4,F000,709*0c89 * 07-03-2025 15:46:50.514
U6 Value - 709 * 07-03-2025 15:46:50.535
