Device Intialization started * 02-04-2025 17:29:15.298
Command Sent SET TEMPERATURE - #0,10,37*84ca  * 02-04-2025 17:29:15.545
CRC-Response  - 0,10,F000*1ae9 * 02-04-2025 17:29:15.766
Command Sent WATER VALVE - 1 CONTROL ON - #1,13,1,1*7feb  * 02-04-2025 17:29:16.929
CRC-Response  - 1,13,F000*b9e4 * 02-04-2025 17:29:17.144
Command Sent WATER VALVE - 2 CONTROL ON - #2,13,2,1*6a5b  * 02-04-2025 17:29:17.325
CRC-Response  - 2,13,F000*49f0 * 02-04-2025 17:29:17.531
Command Sent WATER VALVE - 3 CONTROL ON - #3,13,3,1*66cb  * 02-04-2025 17:29:18.201
CRC-Response  - 3,13,F000*d9fd * 02-04-2025 17:29:18.419
Command Sent WATER VALVE - 4 CONTROL ON - #4,13,4,1*413b  * 02-04-2025 17:29:19.92
CRC-Response  - 4,13,F000*e9db * 02-04-2025 17:29:19.307
Command Sent WATER VALVE - 5 CONTROL ON - #5,13,5,1*4dab  * 02-04-2025 17:29:19.976
CRC-Response  - 5,13,F000*79d6 * 02-04-2025 17:29:20.192
Command Sent WATER VALVE - 6 CONTROL ON - #6,13,6,1*581b  * 02-04-2025 17:29:20.863
CRC-Response  - 6,13,F000*89c2 * 02-04-2025 17:29:21.80
Command Sent Home Command - #7,5,01111111*7248  * 02-04-2025 17:29:21.750
CRC-Response  - 7,5,I001,01111111*9f02 * 02-04-2025 17:29:21.970
CRC-Response  - 7,5,F000*0b7a * 02-04-2025 17:29:33.454
Command Sent Home Command - #8,5,01111111*665c  * 02-04-2025 17:29:36.135
CRC-Response  - 8,5,I001,01111111*6c37 * 02-04-2025 17:29:36.348
CRC-Response  - 8,5,F000*4b3a * 02-04-2025 17:29:36.351
Command Sent Level Sensing For U1 - #9,4,61124,16380,0,0*18e8  * 02-04-2025 17:29:38.32
CRC-Response  - 9,4,I001*8238 * 02-04-2025 17:29:38.245
CRC-Response  - 9,4,F000,3901*c752 * 02-04-2025 17:29:42.391
U1 Value - 3901 * 02-04-2025 17:29:42.415
Command Sent Level Sensing For U2 - #10,4,57494,16380,0,0*46e3  * 02-04-2025 17:29:42.910
CRC-Response  - 10,4,I001*82eb * 02-04-2025 17:29:43.122
CRC-Response  - 10,4,F000,3896*47c1 * 02-04-2025 17:29:45.419
U2 Value - 3896 * 02-04-2025 17:29:45.443
Command Sent Level Sensing For U3 - #11,4,53864,16380,0,0*a6de  * 02-04-2025 17:29:45.800
CRC-Response  - 11,4,I001*4e2a * 02-04-2025 17:29:46.10
CRC-Response  - 11,4,F000,3909*52d4 * 02-04-2025 17:29:48.313
U3 Value - 3909 * 02-04-2025 17:29:48.333
Command Sent Level Sensing For U4 - #12,4,50234,16380,0,0*e78d  * 02-04-2025 17:29:48.674
CRC-Response  - 12,4,I001*5b6a * 02-04-2025 17:29:48.889
CRC-Response  - 12,4,F000,3901*57d0 * 02-04-2025 17:29:51.189
U4 Value - 3901 * 02-04-2025 17:29:51.209
Command Sent Level Sensing For U5 - #13,4,46604,16380,0,0*9d7d  * 02-04-2025 17:29:51.561
CRC-Response  - 13,4,I001*97ab * 02-04-2025 17:29:51.777
CRC-Response  - 13,4,F000,3899*8084 * 02-04-2025 17:29:54.66
U5 Value - 3899 * 02-04-2025 17:29:54.86
Command Sent Level Sensing For U6 - #14,4,42974,16380,0,0*e92c  * 02-04-2025 17:29:54.445
CRC-Response  - 14,4,I001*71ea * 02-04-2025 17:29:54.659
CRC-Response  - 14,4,F000,3892*00ce * 02-04-2025 17:29:56.958
U6 Value - 3892 * 02-04-2025 17:29:56.978
Command Sent Level Sensing For J1 - #15,4,10304,800,0,0*1552  * 02-04-2025 17:29:57.317
CRC-Response  - 15,4,I001*bd2b * 02-04-2025 17:29:57.537
CRC-Response  - 15,4,F000,3903*d15a * 02-04-2025 17:30:03.111
J1 Value - 3903 * 02-04-2025 17:30:03.127
Command Sent Level Sensing For J2 - #16,4,13934,800,0,0*3677  * 02-04-2025 17:30:03.695
CRC-Response  - 16,4,I001*a86b * 02-04-2025 17:30:03.910
CRC-Response  - 16,4,F000,3908*d51e * 02-04-2025 17:30:06.201
J2 Value - 3908 * 02-04-2025 17:30:06.215
Command Sent Level Sensing For J3 - #17,4,17564,800,0,0*29f8  * 02-04-2025 17:30:06.563
CRC-Response  - 17,4,I001*64aa * 02-04-2025 17:30:06.779
CRC-Response  - 17,4,F000,3901*52dc * 02-04-2025 17:30:09.71
J3 Value - 3901 * 02-04-2025 17:30:09.90
Command Sent Level Sensing For J4 - #18,4,21194,800,0,0*11e5  * 02-04-2025 17:30:09.464
CRC-Response  - 18,4,I001*24ea * 02-04-2025 17:30:09.684
CRC-Response  - 18,4,F000,3903*9c49 * 02-04-2025 17:30:11.977
J4 Value - 3903 * 02-04-2025 17:30:11.994
Command Sent Level Sensing For J5 - #19,4,24824,800,0,0*f4e7  * 02-04-2025 17:30:12.353
CRC-Response  - 19,4,I001*e82b * 02-04-2025 17:30:12.570
CRC-Response  - 19,4,F000,3901*dcca * 02-04-2025 17:30:14.866
J5 Value - 3901 * 02-04-2025 17:30:14.883
Command Sent Level Sensing For J6 - #20,4,28454,800,0,0*785f  * 02-04-2025 17:30:15.226
CRC-Response  - 20,4,I001*72ff * 02-04-2025 17:30:15.441
CRC-Response  - 20,4,F000,3901*16d4 * 02-04-2025 17:30:17.736
J6 Value - 3901 * 02-04-2025 17:30:17.755
Command Sent Level Sensing For J7 - #21,4,32084,800,0,0*bb90  * 02-04-2025 17:30:18.101
CRC-Response  - 21,4,I001*be3e * 02-04-2025 17:30:18.309
CRC-Response  - 21,4,F000,3907*9556 * 02-04-2025 17:30:20.617
J7 Value - 3907 * 02-04-2025 17:30:20.634
Command Sent Level Sensing For J8 - #22,4,35714,800,0,0*db5f  * 02-04-2025 17:30:20.977
CRC-Response  - 22,4,I001*ab7e * 02-04-2025 17:30:21.191
CRC-Response  - 22,4,F000,3900*9412 * 02-04-2025 17:30:23.494
J8 Value - 3900 * 02-04-2025 17:30:23.512
Command Sent Level Sensing For J9 - #23,4,39344,800,0,0*7b1b  * 02-04-2025 17:30:23.854
CRC-Response  - 23,4,I001*67bf * 02-04-2025 17:30:24.71
CRC-Response  - 23,4,F000,3894*4646 * 02-04-2025 17:30:26.365
J9 Value - 3894 * 02-04-2025 17:30:26.479
Command Sent Level Sensing For J10 - #24,4,53864,800,0,0*7a3c  * 02-04-2025 17:30:26.745
CRC-Response  - 24,4,I001*81fe * 02-04-2025 17:30:26.960
CRC-Response  - 24,4,F000,3901*92da * 02-04-2025 17:30:30.480
J10 Value - 3901 * 02-04-2025 17:30:30.499
Command Sent Level Sensing For J11 - #25,4,57494,800,0,0*4593  * 02-04-2025 17:30:31.123
CRC-Response  - 25,4,I001*4d3f * 02-04-2025 17:30:31.339
CRC-Response  - 25,4,F000,3899*458e * 02-04-2025 17:30:33.634
J11 Value - 3899 * 02-04-2025 17:30:33.652
Command Sent Level Sensing For J12 - #26,4,61124,800,0,0*570e  * 02-04-2025 17:30:34.27
CRC-Response  - 26,4,I001*587f * 02-04-2025 17:30:34.244
CRC-Response  - 26,4,F000,3904*d31d * 02-04-2025 17:30:36.537
J12 Value - 3904 * 02-04-2025 17:30:36.556
Command Sent Level Sensing For J13 - #27,4,64754,800,0,0*99fc  * 02-04-2025 17:30:36.915
CRC-Response  - 27,4,I001*94be * 02-04-2025 17:30:37.131
CRC-Response  - 27,4,F000,3897*c308 * 02-04-2025 17:30:39.423
J13 Value - 3897 * 02-04-2025 17:30:39.442
Command Sent Level Sensing For J14 - #28,4,64754,8590,0,0*8fe0  * 02-04-2025 17:30:39.799
CRC-Response  - 28,4,I001*d4fe * 02-04-2025 17:30:40.16
CRC-Response  - 28,4,F000,3903*9f4a * 02-04-2025 17:30:42.493
J14 Value - 3903 * 02-04-2025 17:30:42.509
Command Sent Level Sensing For J15 - #29,4,61124,8590,0,0*0aaf  * 02-04-2025 17:30:42.700
CRC-Response  - 29,4,I001*183f * 02-04-2025 17:30:42.914
CRC-Response  - 29,4,F000,3903*1e48 * 02-04-2025 17:30:45.206
J15 Value - 3903 * 02-04-2025 17:30:45.227
Command Sent Level Sensing For J16 - #30,4,57494,8590,0,0*8562  * 02-04-2025 17:30:45.583
CRC-Response  - 30,4,I001*e2f2 * 02-04-2025 17:30:45.802
CRC-Response  - 30,4,F000,3906*1595 * 02-04-2025 17:30:48.95
J16 Value - 3906 * 02-04-2025 17:30:48.116
Command Sent Level Sensing For J17 - #31,4,53864,8590,0,0*f91d  * 02-04-2025 17:30:48.470
CRC-Response  - 31,4,I001*2e33 * 02-04-2025 17:30:48.687
CRC-Response  - 31,4,F000,3904*5516 * 02-04-2025 17:30:50.989
J17 Value - 3904 * 02-04-2025 17:30:51.4
Command Sent Level Sensing For J18 - #32,4,39344,8590,0,0*d21d  * 02-04-2025 17:30:51.353
CRC-Response  - 32,4,I001*3b73 * 02-04-2025 17:30:51.568
CRC-Response  - 32,4,F000,3902*9493 * 02-04-2025 17:30:55.86
J18 Value - 3902 * 02-04-2025 17:30:55.99
Command Sent Level Sensing For J19 - #33,4,35714,8590,0,0*e1bd  * 02-04-2025 17:30:55.732
CRC-Response  - 33,4,I001*f7b2 * 02-04-2025 17:30:55.947
CRC-Response  - 33,4,F000,3902*1591 * 02-04-2025 17:30:58.240
J19 Value - 3902 * 02-04-2025 17:30:58.258
Command Sent Level Sensing For J20 - #34,4,32084,8590,0,0*84dc  * 02-04-2025 17:30:58.615
CRC-Response  - 34,4,I001*11f3 * 02-04-2025 17:30:58.833
CRC-Response  - 34,4,F000,3896*01cc * 02-04-2025 17:31:01.122
J20 Value - 3896 * 02-04-2025 17:31:01.140
Command Sent Level Sensing For J21 - #35,4,28454,8590,0,0*d05f  * 02-04-2025 17:31:01.497
CRC-Response  - 35,4,I001*dd32 * 02-04-2025 17:31:01.716
CRC-Response  - 35,4,F000,3890*824e * 02-04-2025 17:31:04.3
J21 Value - 3890 * 02-04-2025 17:31:04.19
Command Sent Level Sensing For J22 - #36,4,24824,8590,0,0*3cb4  * 02-04-2025 17:31:04.394
CRC-Response  - 36,4,I001*c872 * 02-04-2025 17:31:04.612
CRC-Response  - 36,4,F000,3902*109d * 02-04-2025 17:31:06.908
J22 Value - 3902 * 02-04-2025 17:31:06.927
Command Sent Level Sensing For J23 - #37,4,21194,8590,0,0*fdd0  * 02-04-2025 17:31:07.269
CRC-Response  - 37,4,I001*04b3 * 02-04-2025 17:31:07.485
CRC-Response  - 37,4,F000,3895*c389 * 02-04-2025 17:31:09.787
J23 Value - 3895 * 02-04-2025 17:31:09.803
Command Sent Level Sensing For J24 - #38,4,17564,8590,0,0*f428  * 02-04-2025 17:31:10.150
CRC-Response  - 38,4,I001*44f3 * 02-04-2025 17:31:10.364
CRC-Response  - 38,4,F000,3899*c99d * 02-04-2025 17:31:12.657
J24 Value - 3899 * 02-04-2025 17:31:12.672
Command Sent Level Sensing For J25 - #39,4,13934,8590,0,0*5076  * 02-04-2025 17:31:13.18
CRC-Response  - 39,4,I001*8832 * 02-04-2025 17:31:13.232
CRC-Response  - 39,4,F000,3902*1f89 * 02-04-2025 17:31:15.526
J25 Value - 3902 * 02-04-2025 17:31:15.545
Command Sent Level Sensing For J26 - #40,4,10304,8590,0,0*2502  * 02-04-2025 17:31:15.901
CRC-Response  - 40,4,I001*d2d4 * 02-04-2025 17:31:16.118
CRC-Response  - 40,4,F000,3898*8645 * 02-04-2025 17:31:18.407
J26 Value - 3898 * 02-04-2025 17:31:18.428
Command Sent Level Sensing For J27 - #41,4,21194,16380,0,0*ee5f  * 02-04-2025 17:31:18.783
CRC-Response  - 41,4,I001*1e15 * 02-04-2025 17:31:18.998
CRC-Response  - 41,4,F000,3898*0747 * 02-04-2025 17:31:22.113
J27 Value - 3898 * 02-04-2025 17:31:22.133
Command Sent Level Sensing For J28 - #42,4,24824,16380,0,0*bde6  * 02-04-2025 17:31:22.660
CRC-Response  - 42,4,I001*0b55 * 02-04-2025 17:31:22.874
CRC-Response  - 42,4,F000,3897*c002 * 02-04-2025 17:31:25.170
J28 Value - 3897 * 02-04-2025 17:31:25.189
Command Sent Level Sensing For J29 - #43,4,28454,16380,0,0*4a33  * 02-04-2025 17:31:25.542
CRC-Response  - 43,4,I001*c794 * 02-04-2025 17:31:25.760
CRC-Response  - 43,4,F000,3904*d017 * 02-04-2025 17:31:28.58
J29 Value - 3904 * 02-04-2025 17:31:28.75
Command Sent Level Sensing For J30 - #44,4,32084,16380,0,0*63ae  * 02-04-2025 17:31:28.434
CRC-Response  - 44,4,I001*21d5 * 02-04-2025 17:31:28.649
CRC-Response  - 44,4,F000,3901*94dc * 02-04-2025 17:31:30.943
J30 Value - 3901 * 02-04-2025 17:31:30.961
Command Sent Level Sensing For J31 - #45,4,35714,16380,0,0*0382  * 02-04-2025 17:31:31.319
CRC-Response  - 45,4,I001*ed14 * 02-04-2025 17:31:31.535
CRC-Response  - 45,4,F000,3897*8709 * 02-04-2025 17:31:33.830
J31 Value - 3897 * 02-04-2025 17:31:33.850
Command Sent Level Sensing For J32 - #46,4,39344,16380,0,0*c3c8  * 02-04-2025 17:31:34.209
CRC-Response  - 46,4,I001*f854 * 02-04-2025 17:31:34.423
CRC-Response  - 46,4,F000,3898*404c * 02-04-2025 17:31:36.721
J32 Value - 3898 * 02-04-2025 17:31:36.739
Command Sent Level Sensing For J33 - #47,4,64754,16380,0,0*b6cf  * 02-04-2025 17:31:37.102
CRC-Response  - 47,4,I001*3495 * 02-04-2025 17:31:37.315
CRC-Response  - 47,4,F000,3895*048f * 02-04-2025 17:31:42.66
J33 Value - 3895 * 02-04-2025 17:31:42.85
Command Sent Level Sensing For W1 - #48,4,42974,800,0,0*8bb3  * 02-04-2025 17:31:42.493
CRC-Response  - 48,4,I001*74d5 * 02-04-2025 17:31:42.710
CRC-Response  - 48,4,F000,3901*58cd * 02-04-2025 17:31:47.58
W1 Value - 3901 * 02-04-2025 17:31:47.76
Command Sent Level Sensing For W2 - #49,4,46604,800,0,0*1a92  * 02-04-2025 17:31:47.358
CRC-Response  - 49,4,I001*b814 * 02-04-2025 17:31:47.575
CRC-Response  - 49,4,F000,3902*d88f * 02-04-2025 17:31:49.863
W2 Value - 3902 * 02-04-2025 17:31:49.882
Command Sent Level Sensing For W3 - #50,4,50234,800,0,0*02fa  * 02-04-2025 17:31:50.241
CRC-Response  - 50,4,I001*42d9 * 02-04-2025 17:31:50.456
CRC-Response  - 50,4,F000,3904*d212 * 02-04-2025 17:31:52.748
W3 Value - 3904 * 02-04-2025 17:31:52.770
Command Sent Level Sensing For W4 - #51,4,50234,8590,0,0*6699  * 02-04-2025 17:31:53.111
CRC-Response  - 51,4,I001*8e18 * 02-04-2025 17:31:53.323
CRC-Response  - 51,4,F000,3896*02c6 * 02-04-2025 17:31:55.806
W5 Value - 3896 * 02-04-2025 17:31:55.825
Command Sent Level Sensing For W5 - #52,4,46604,8590,0,0*ae9e  * 02-04-2025 17:31:55.983
CRC-Response  - 52,4,I001*9b58 * 02-04-2025 17:31:56.197
CRC-Response  - 52,4,F000,3898*0542 * 02-04-2025 17:31:58.502
W6 Value - 3898 * 02-04-2025 17:31:58.522
