Command * WATER VALVE - 1 CONTROL ON - #128,13,1,1*4207
 * 13-11-2024 14:30:25.385
CRC-Response  - 128,13,F000*34d8 * 13-11-2024 14:30:25.552
Command * WATER VALVE - 2 CONTROL ON - #129,13,2,1*8e36
 * 13-11-2024 14:30:26.580
CRC-Response  - 129,13,F000*a4d5 * 13-11-2024 14:30:26.737
Command * WATER VALVE - 3 CONTROL ON - #130,13,3,1*b4aa
 * 13-11-2024 14:30:27.750
CRC-Response  - 130,13,F000*31ee * 13-11-2024 14:30:27.911
Command * WATER VALVE - 4 CONTROL ON - #131,13,4,1*b9da
 * 13-11-2024 14:30:28.932
CRC-Response  - 131,13,F000*a1e3 * 13-11-2024 14:30:29.92
Command * WATER VALVE - 5 CONTROL ON - #132,13,5,1*6ccb
 * 13-11-2024 14:30:30.102
CRC-Response  - 132,13,F000*51f7 * 13-11-2024 14:30:30.267
Command * WATER VALVE - 6 CONTROL ON - #133,13,6,1*a0fa
 * 13-11-2024 14:30:31.291
CRC-Response  - 133,13,F000*c1fa * 13-11-2024 14:30:31.452
Device Intialization started * 13-11-2024 14:30:37.468
Command * Both Z Axis Home Command - #134,5,00100100*1b1b
 * 13-11-2024 14:30:37.476
CRC-Response  - 134,5,I001,00100100*24c7 * 13-11-2024 14:30:37.640
CRC-Response  - 134,5,F000*d91b * 13-11-2024 14:30:37.816
Command * Home Command - #135,5,01111111*740a
 * 13-11-2024 14:30:40.163
CRC-Response  - 135,5,I001,01111111*187a * 13-11-2024 14:30:40.329
CRC-Response  - 135,5,F000*15da * 13-11-2024 14:30:47.472
Command * Home Command - #136,5,01111111*700e
 * 13-11-2024 14:30:49.861
CRC-Response  - 136,5,I001,01111111*e88a * 13-11-2024 14:30:50.75
CRC-Response  - 136,5,F000*009a * 13-11-2024 14:30:50.77
Command * Level Sensing For U1 - #137,4,64754,16380,0,0*2360
 * 13-11-2024 14:30:52.615
CRC-Response  - 137,4,I001*c998 * 13-11-2024 14:30:52.782
CRC-Response  - 137,4,F000,2383*c562 * 13-11-2024 14:30:56.917
U1 Value - 2383 * 13-11-2024 14:30:56.938
Command * Level Sensing For U2 - #138,4,61124,16380,0,0*3ece
 * 13-11-2024 14:30:57.313
CRC-Response  - 138,4,I001*89d8 * 13-11-2024 14:30:57.478
CRC-Response  - 138,4,F000,2387*0977 * 13-11-2024 14:30:59.770
U2 Value - 2387 * 13-11-2024 14:30:59.785
Command * Level Sensing For U3 - #139,4,57494,16380,0,0*1b5f
 * 13-11-2024 14:31:00.3
CRC-Response  - 139,4,I001*4519 * 13-11-2024 14:31:00.233
CRC-Response  - 139,4,F000,2391*1af4 * 13-11-2024 14:31:02.451
U3 Value - 2391 * 13-11-2024 14:31:02.470
Command * Level Sensing For U4 - #140,4,53864,16380,0,0*2d35
 * 13-11-2024 14:31:02.659
CRC-Response  - 140,4,I001*1fff * 13-11-2024 14:31:02.823
CRC-Response  - 140,4,F000,2382*85ae * 13-11-2024 14:31:05.105
U4 Value - 2382 * 13-11-2024 14:31:05.117
Command * Level Sensing For U5 - #141,4,50234,16380,0,0*d41f
 * 13-11-2024 14:31:05.326
CRC-Response  - 141,4,I001*d33e * 13-11-2024 14:31:05.495
CRC-Response  - 141,4,F000,2384*062c * 13-11-2024 14:31:07.780
U5 Value - 2384 * 13-11-2024 14:31:07.795
Command * Level Sensing For U6 - #142,4,46604,16380,0,0*1696
 * 13-11-2024 14:31:08.19
CRC-Response  - 142,4,I001*c67e * 13-11-2024 14:31:08.185
CRC-Response  - 142,4,F000,2389*00e8 * 13-11-2024 14:31:10.485
U6 Value - 2389 * 13-11-2024 14:31:10.503
Command * Level Sensing For J1 - #143,4,10304,800,0,0*4186
 * 13-11-2024 14:31:10.717
CRC-Response  - 143,4,I001*0abf * 13-11-2024 14:31:10.888
CRC-Response  - 143,4,F000,2396*15ab * 13-11-2024 14:31:16.838
J1 Value - 2396 * 13-11-2024 14:31:16.857
Command * Level Sensing For J2 - #144,4,13934,800 ,0,0*cbbd
 * 13-11-2024 14:31:16.964
CRC-Response  - 144,4,I001*ecfe * 13-11-2024 14:31:17.130
CRC-Response  - 144,4,F000,2385*c3e1 * 13-11-2024 14:31:19.425
J2 Value - 2385 * 13-11-2024 14:31:19.445
Command * Level Sensing For J3 - #145,4,17564,800 ,0,0*6fe3
 * 13-11-2024 14:31:19.647
CRC-Response  - 145,4,I001*203f * 13-11-2024 14:31:19.808
CRC-Response  - 145,4,F000,2398*1723 * 13-11-2024 14:31:22.99
J3 Value - 2398 * 13-11-2024 14:31:22.120
Command * Level Sensing For J4 - #146,4,21194,800 ,0,0*35d8
 * 13-11-2024 14:31:22.315
CRC-Response  - 146,4,I001*357f * 13-11-2024 14:31:22.488
CRC-Response  - 146,4,F000,2394*d126 * 13-11-2024 14:31:24.768
J4 Value - 2394 * 13-11-2024 14:31:24.788
Command * Level Sensing For J5 - #147,4,24824,800 ,0,0*f4bc
 * 13-11-2024 14:31:24.999
CRC-Response  - 147,4,I001*f9be * 13-11-2024 14:31:25.157
CRC-Response  - 147,4,F000,2391*53e4 * 13-11-2024 14:31:27.447
J5 Value - 2391 * 13-11-2024 14:31:27.465
Command * Level Sensing For J6 - #148,4,28454,800 ,0,0*4b94
 * 13-11-2024 14:31:27.666
CRC-Response  - 148,4,I001*b9fe * 13-11-2024 14:31:27.833
CRC-Response  - 148,4,F000,2393*9d71 * 13-11-2024 14:31:30.115
J6 Value - 2393 * 13-11-2024 14:31:30.135
Command * Level Sensing For J7 - #149,4,32084,800 ,0,0*1f17
 * 13-11-2024 14:31:30.346
CRC-Response  - 149,4,I001*753f * 13-11-2024 14:31:30.506
CRC-Response  - 149,4,F000,2386*8fb2 * 13-11-2024 14:31:32.804
J7 Value - 2386 * 13-11-2024 14:31:32.827
Command * Level Sensing For J8 - #150,4,35714,800 ,0,0*6d29
 * 13-11-2024 14:31:33.27
CRC-Response  - 150,4,I001*8ff2 * 13-11-2024 14:31:33.189
CRC-Response  - 150,4,F000,2393*146e * 13-11-2024 14:31:35.482
J8 Value - 2393 * 13-11-2024 14:31:35.500
Command * Level Sensing For J9 - #151,4,39344,800 ,0,0*5e89
 * 13-11-2024 14:31:35.689
CRC-Response  - 151,4,I001*4333 * 13-11-2024 14:31:35.853
CRC-Response  - 151,4,F000,2395*97ec * 13-11-2024 14:31:38.138
J9 Value - 2395 * 13-11-2024 14:31:38.159
Command * Level Sensing For W1 - #152,4,42974,800 ,0,0*0a72
 * 13-11-2024 14:31:38.378
CRC-Response  - 152,4,I001*5673 * 13-11-2024 14:31:38.546
CRC-Response  - 152,4,F000,2361*67ed * 13-11-2024 14:31:40.827
W1 Value - 2361 * 13-11-2024 14:31:40.928
Command * Level Sensing For W2 - #153,4,46604,800 ,0,0*1223
 * 13-11-2024 14:31:41.83
CRC-Response  - 153,4,I001*9ab2 * 13-11-2024 14:31:41.244
CRC-Response  - 153,4,F000,2384*852b * 13-11-2024 14:31:43.532
W2 Value - 2384 * 13-11-2024 14:31:43.548
Command * Level Sensing For W3 - #154,4,50234,800 ,0,0*eb65
 * 13-11-2024 14:31:43.781
CRC-Response  - 154,4,I001*7cf3 * 13-11-2024 14:31:43.949
CRC-Response  - 154,4,F000,2385*02e1 * 13-11-2024 14:31:46.238
W3 Value - 2385 * 13-11-2024 14:31:46.255
Command * Level Sensing For J10 - #155,4,53864,800 ,0,0*0038
 * 13-11-2024 14:31:46.479
CRC-Response  - 155,4,I001*b032 * 13-11-2024 14:31:46.640
CRC-Response  - 155,4,F000,2401*4154 * 13-11-2024 14:31:48.939
J10 Value - 2401 * 13-11-2024 14:31:48.956
Command * Level Sensing For J11 - #156,4,57494,800 ,0,0*c4e6
 * 13-11-2024 14:31:49.158
CRC-Response  - 156,4,I001*a572 * 13-11-2024 14:31:49.322
CRC-Response  - 156,4,F000,2386*41a6 * 13-11-2024 14:31:51.611
J11 Value - 2386 * 13-11-2024 14:31:51.626
Command * Level Sensing For J12 - #157,4,61124,800 ,0,0*d594
 * 13-11-2024 14:31:51.861
CRC-Response  - 157,4,I001*69b3 * 13-11-2024 14:31:52.26
CRC-Response  - 157,4,F000,2388*0425 * 13-11-2024 14:31:54.317
J12 Value - 2388 * 13-11-2024 14:31:54.333
Command * Level Sensing For J13 - #158,4,64754,800 ,0,0*bbb9
 * 13-11-2024 14:31:54.533
CRC-Response  - 158,4,I001*29f3 * 13-11-2024 14:31:54.705
CRC-Response  - 158,4,F000,2381*0df1 * 13-11-2024 14:31:56.994
J13 Value - 2381 * 13-11-2024 14:31:57.10
Command * Level Sensing For J14 - #159,4,64754,8590,0,0*1d7c
 * 13-11-2024 14:31:57.216
CRC-Response  - 159,4,I001*e532 * 13-11-2024 14:31:57.478
CRC-Response  - 159,4,F000,2392*1db2 * 13-11-2024 14:31:59.954
J14 Value - 2392 * 13-11-2024 14:31:59.977
Command * Level Sensing For J15 - #160,4,61124,8590,0,0*bef5
 * 13-11-2024 14:32:00.5
CRC-Response  - 160,4,I001*7fe6 * 13-11-2024 14:32:00.173
CRC-Response  - 160,4,F000,2402*461b * 13-11-2024 14:32:02.467
J15 Value - 2402 * 13-11-2024 14:32:02.487
Command * Level Sensing For J16 - #161,4,57494,8590,0,0*af87
 * 13-11-2024 14:32:02.688
CRC-Response  - 161,4,I001*b327 * 13-11-2024 14:32:02.850
CRC-Response  - 161,4,F000,2391*57ee * 13-11-2024 14:32:05.140
J16 Value - 2391 * 13-11-2024 14:32:05.160
Command * Level Sensing For J17 - #162,4,53864,8590,0,0*6b59
 * 13-11-2024 14:32:05.377
CRC-Response  - 162,4,I001*a667 * 13-11-2024 14:32:05.541
CRC-Response  - 162,4,F000,2397*966b * 13-11-2024 14:32:07.837
J17 Value - 2397 * 13-11-2024 14:32:07.853
Command * Level Sensing For W4 - #163,4,50234,8590,0,0*8004
 * 13-11-2024 14:32:08.69
CRC-Response  - 163,4,I001*6aa6 * 13-11-2024 14:32:08.241
CRC-Response  - 163,4,F000,2381*85e8 * 13-11-2024 14:32:10.527
W4 Value - 2381 * 13-11-2024 14:32:10.543
Command * Level Sensing For W5 - #164,4,46604,8590,0,0*7942
 * 13-11-2024 14:32:10.765
CRC-Response  - 164,4,I001*8ce7 * 13-11-2024 14:32:10.933
CRC-Response  - 164,4,F000,2376*f0a7 * 13-11-2024 14:32:13.218
W5 Value - 2376 * 13-11-2024 14:32:13.234
Command * Level Sensing For W6 - #165,4,42974,8590,0,0*6113
 * 13-11-2024 14:32:13.441
CRC-Response  - 165,4,I001*4026 * 13-11-2024 14:32:13.604
CRC-Response  - 165,4,F000,2389*85e0 * 13-11-2024 14:32:15.903
W6 Value - 2389 * 13-11-2024 14:32:15.920
Command * Level Sensing For J18 - #166,4,39344,8590,0,0*35e8
 * 13-11-2024 14:32:16.140
CRC-Response  - 166,4,I001*5566 * 13-11-2024 14:32:16.303
CRC-Response  - 166,4,F000,2398*1625 * 13-11-2024 14:32:18.599
J18 Value - 2398 * 13-11-2024 14:32:18.624
Command * Level Sensing For J19 - #167,4,35714,8590,0,0*0648
 * 13-11-2024 14:32:18.821
CRC-Response  - 167,4,I001*99a7 * 13-11-2024 14:32:18.983
CRC-Response  - 167,4,F000,2394*9227 * 13-11-2024 14:32:21.268
J19 Value - 2394 * 13-11-2024 14:32:21.289
Command * Level Sensing For J20 - #168,4,32084,8590,0,0*01ab
 * 13-11-2024 14:32:21.520
CRC-Response  - 168,4,I001*d9e7 * 13-11-2024 14:32:21.690
CRC-Response  - 168,4,F000,2387*0c72 * 13-11-2024 14:32:23.976
J20 Value - 2387 * 13-11-2024 14:32:23.999
Command * Level Sensing For J21 - #169,4,28454,8590,0,0*5528
 * 13-11-2024 14:32:24.218
CRC-Response  - 169,4,I001*1526 * 13-11-2024 14:32:24.378
CRC-Response  - 169,4,F000,2392*1eb1 * 13-11-2024 14:32:26.680
J21 Value - 2392 * 13-11-2024 14:32:26.700
Command * Level Sensing For J22 - #170,4,24824,8590,0,0*9fdd
 * 13-11-2024 14:32:26.889
CRC-Response  - 170,4,I001*efeb * 13-11-2024 14:32:27.58
CRC-Response  - 170,4,F000,2402*871b * 13-11-2024 14:32:29.354
J22 Value - 2402 * 13-11-2024 14:32:29.372
Command * Level Sensing For J23 - #171,4,21194,8590,0,0*5eb9
 * 13-11-2024 14:32:29.562
CRC-Response  - 171,4,I001*232a * 13-11-2024 14:32:29.726
CRC-Response  - 171,4,F000,2406*c518 * 13-11-2024 14:32:32.26
J23 Value - 2406 * 13-11-2024 14:32:32.42
Command * Level Sensing For J24 - #172,4,17564,8590,0,0*0482
 * 13-11-2024 14:32:32.277
CRC-Response  - 172,4,I001*366a * 13-11-2024 14:32:32.445
CRC-Response  - 172,4,F000,2401*c45c * 13-11-2024 14:32:34.736
J24 Value - 2401 * 13-11-2024 14:32:34.752
Command * Level Sensing For J25 - #173,4,13934,8590,0,0*a0dc
 * 13-11-2024 14:32:34.973
CRC-Response  - 173,4,I001*faab * 13-11-2024 14:32:35.138
CRC-Response  - 173,4,F000,2411*d55f * 13-11-2024 14:32:37.422
J25 Value - 2411 * 13-11-2024 14:32:37.438
Command * Level Sensing For J26 - #174,4,10304,8590,0,0*4a7f
 * 13-11-2024 14:32:37.656
CRC-Response  - 174,4,I001*1cea * 13-11-2024 14:32:37.823
CRC-Response  - 174,4,F000,2402*0315 * 13-11-2024 14:32:40.118
J26 Value - 2402 * 13-11-2024 14:32:40.134
Command * Level Sensing For J27 - #175,4,42974,16380,0,0*5183
 * 13-11-2024 14:32:40.364
CRC-Response  - 175,4,I001*d02b * 13-11-2024 14:32:40.533
CRC-Response  - 175,4,F000,2389*44e0 * 13-11-2024 14:32:46.59
J27 Value - 2389 * 13-11-2024 14:32:46.78
Command * Level Sensing For J28 - #176,4,39344,16380,0,0*d296
 * 13-11-2024 14:32:46.560
CRC-Response  - 176,4,I001*c56b * 13-11-2024 14:32:46.725
CRC-Response  - 176,4,F000,2433*71d3 * 13-11-2024 14:32:49.20
J28 Value - 2433 * 13-11-2024 14:32:49.42
Command * Level Sensing For J29 - #177,4,35714,16380,0,0*aaa5
 * 13-11-2024 14:32:49.242
CRC-Response  - 177,4,I001*09aa * 13-11-2024 14:32:49.406
CRC-Response  - 177,4,F000,2412*5011 * 13-11-2024 14:32:51.700
J29 Value - 2412 * 13-11-2024 14:32:51.718
Command * Level Sensing For J30 - #178,4,32084,16380,0,0*23e3
 * 13-11-2024 14:32:51.903
CRC-Response  - 178,4,I001*49ea * 13-11-2024 14:32:52.68
CRC-Response  - 178,4,F000,2424*ad85 * 13-11-2024 14:32:54.359
J30 Value - 2424 * 13-11-2024 14:32:54.379
Command * Level Sensing For J31 - #179,4,28454,16380,0,0*82f6
 * 13-11-2024 14:32:54.596
CRC-Response  - 179,4,I001*852b * 13-11-2024 14:32:54.761
CRC-Response  - 179,4,F000,2418*d987 * 13-11-2024 14:32:57.41
J31 Value - 2418 * 13-11-2024 14:32:57.60
Command * Level Sensing For J32 - #180,4,24824,16380,0,0*ea95
 * 13-11-2024 14:32:57.266
CRC-Response  - 180,4,I001*1faa * 13-11-2024 14:32:57.429
CRC-Response  - 180,4,F000,2441*4956 * 13-11-2024 14:32:59.726
J32 Value - 2441 * 13-11-2024 14:32:59.742
Command * Level Sensing For J33 - #181,4,21194,16380,0,0*0155
 * 13-11-2024 14:32:59.941
CRC-Response  - 181,4,I001*d36b * 13-11-2024 14:33:00.102
CRC-Response  - 181,4,F000,2445*0b55 * 13-11-2024 14:33:02.400
J33 Value - 2445 * 13-11-2024 14:33:02.417
Command * Level Sensing For H1 - #182,4,2688,1000,0,1*129f
 * 13-11-2024 14:33:02.624
CRC-Response  - 182,4,I001*c62b * 13-11-2024 14:33:02.784
CRC-Response  - 182,4,F000,3316*a4a3 * 13-11-2024 14:33:06.752
H1 Value - 3316 * 13-11-2024 14:33:06.770
Command * Level Sensing For H2 - #183,4,2688,8700,0,1*2878
 * 13-11-2024 14:33:06.815
CRC-Response  - 183,4,I001*0aea * 13-11-2024 14:33:06.978
CRC-Response  - 183,4,F000,3299*21b7 * 13-11-2024 14:33:09.442
H2 Value - 3299 * 13-11-2024 14:33:09.461
Command * Level Sensing For H3 - #184,4,2688,16380,0,1*93df
 * 13-11-2024 14:33:09.526
CRC-Response  - 184,4,I001*ecab * 13-11-2024 14:33:09.691
CRC-Response  - 184,4,F000,3292*a1fd * 13-11-2024 14:33:12.153
H3 Value - 3292 * 13-11-2024 14:33:12.166
Command * Home Command - #185,5,01111111*ff10
 * 13-11-2024 14:33:12.192
CRC-Response  - 185,5,I001,01111111*3e08 * 13-11-2024 14:33:12.353
CRC-Response  - 185,5,F000*25a9 * 13-11-2024 14:33:24.883
Command * Home Command - #186,5,01111111*fb14
 * 13-11-2024 14:33:28.409
CRC-Response  - 186,5,I001,01111111*cef8 * 13-11-2024 14:33:28.574
CRC-Response  - 186,5,F000*30e9 * 13-11-2024 14:33:28.579
Command * WATER VALVE - 1 CONTROL OFF - #0,13,1,0*73eb
 * 13-11-2024 14:33:37.869
CRC-Response  - 0,13,F000*29e9 * 13-11-2024 14:33:38.36
Command * WATER VALVE - 2 CONTROL OFF - #1,13,2,0*bfda
 * 13-11-2024 14:33:39.55
CRC-Response  - 1,13,F000*b9e4 * 13-11-2024 14:33:39.216
Command * WATER VALVE - 3 CONTROL OFF - #2,13,3,0*6acb
 * 13-11-2024 14:33:40.236
CRC-Response  - 2,13,F000*49f0 * 13-11-2024 14:33:40.399
Command * WATER VALVE - 4 CONTROL OFF - #3,13,4,0*67bb
 * 13-11-2024 14:33:41.417
CRC-Response  - 3,13,F000*d9fd * 13-11-2024 14:33:41.584
Command * WATER VALVE - 5 CONTROL OFF - #4,13,5,0*41ab
 * 13-11-2024 14:33:42.603
CRC-Response  - 4,13,F000*e9db * 13-11-2024 14:33:42.769
Command * WATER VALVE - 6 CONTROL OFF - #5,13,6,0*8d9a
 * 13-11-2024 14:33:43.814
CRC-Response  - 5,13,F000*79d6 * 13-11-2024 14:33:43.979
Command * Home Command - #6,5,01111111*b1b5
 * 13-11-2024 14:34:01.447
CRC-Response  - 6,5,I001,01111111*0f53 * 13-11-2024 14:34:01.606
CRC-Response  - 6,5,F000*c7bb * 13-11-2024 14:34:01.611
Command * Home Command - #7,5,01111111*7248
 * 13-11-2024 14:34:04.153
CRC-Response  - 7,5,I001,01111111*9f02 * 13-11-2024 14:34:04.317
CRC-Response  - 7,5,F000*0b7a * 13-11-2024 14:34:04.322
Command * Level Sensing For H1 - #8,4,2688,1000,0,1*7112
 * 13-11-2024 14:34:05.842
CRC-Response  - 8,4,I001*4ef9 * 13-11-2024 14:34:06.5
CRC-Response  - 8,4,F000,3315*1770 * 13-11-2024 14:34:15.888
H1 Value - 3315 * 13-11-2024 14:34:15.906
Command * Level Sensing For H2 - #9,4,2688,8700,0,1*4bf5
 * 13-11-2024 14:34:16.48
CRC-Response  - 9,4,I001*8238 * 13-11-2024 14:34:16.214
CRC-Response  - 9,4,F000,3302*c432 * 13-11-2024 14:34:18.669
H2 Value - 3302 * 13-11-2024 14:34:18.689
Command * Level Sensing For H3 - #10,4,2688,16380,0,1*2539
 * 13-11-2024 14:34:18.736
CRC-Response  - 10,4,I001*82eb * 13-11-2024 14:34:18.899
CRC-Response  - 10,4,F000,3296*45e1 * 13-11-2024 14:34:21.362
H3 Value - 3296 * 13-11-2024 14:34:21.381
Command * Level Sensing For L1 - #11,4,17564,16380,0,0*2ccc
 * 13-11-2024 14:34:21.458
CRC-Response  - 11,4,I001*4e2a * 13-11-2024 14:34:21.624
CRC-Response  - 11,4,F000,240*04aa * 13-11-2024 14:34:25.155
L1 Value - 240 * 13-11-2024 14:34:25.175
Command * Level Sensing For L2 - #12,4,13934,16380,0,0*6c90
 * 13-11-2024 14:34:25.655
CRC-Response  - 12,4,I001*5b6a * 13-11-2024 14:34:25.821
CRC-Response  - 12,4,F000,237*f2ed * 13-11-2024 14:34:28.112
L2 Value - 237 * 13-11-2024 14:34:28.132
Command * Level Sensing For L3 - #13,4,10304,16380,0,0*9db2
 * 13-11-2024 14:34:28.341
CRC-Response  - 13,4,I001*97ab * 13-11-2024 14:34:28.503
CRC-Response  - 13,4,F000,203*0211 * 13-11-2024 14:34:30.790
L3 Value - 203 * 13-11-2024 14:34:30.811
Command * Home Command - #14,5,01111111*ee68
 * 13-11-2024 14:34:31.21
CRC-Response  - 14,5,I001,01111111*08ad * 13-11-2024 14:34:31.193
CRC-Response  - 14,5,F000*7429 * 13-11-2024 14:34:42.215
Command * Home Command - #15,5,01111111*2d95
 * 13-11-2024 14:34:44.354
CRC-Response  - 15,5,I001,01111111*98fc * 13-11-2024 14:34:44.520
CRC-Response  - 15,5,F000*b8e8 * 13-11-2024 14:34:44.525
Command * L1 - Picked - #16,2,2,17564,16380,0,0*184b
 * 13-11-2024 14:34:47.33
CRC-Response  - 16,2,I001,2*b133 * 13-11-2024 14:34:47.195
CRC-Response  - 16,2,F000,2*8e62 * 13-11-2024 14:34:54.439
Command * H1 - Placed - #17,3,2,2688,1000,0,1*e6fd
 * 13-11-2024 14:34:54.782
CRC-Response  - 17,3,I001,2*b8a3 * 13-11-2024 14:34:54.948
CRC-Response  - 17,3,F000,2*87f2 * 13-11-2024 14:35:01.892
Command * L2 - Picked - #18,2,2,13934,16380,0,0*32bc
 * 13-11-2024 14:35:02.11
CRC-Response  - 18,2,I001,2*4452 * 13-11-2024 14:35:02.170
CRC-Response  - 18,2,F000,2*7b03 * 13-11-2024 14:35:08.708
Command * H2 - Placed - #19,3,2,2688,8700,0,1*a521
 * 13-11-2024 14:35:08.751
CRC-Response  - 19,3,I001,2*4dc2 * 13-11-2024 14:35:08.911
CRC-Response  - 19,3,F000,2*7293 * 13-11-2024 14:35:15.431
Command * L3 - Picked - #20,2,2,10304,16380,0,0*6259
 * 13-11-2024 14:35:15.966
CRC-Response  - 20,2,I001,2*eadc * 13-11-2024 14:35:16.131
CRC-Response  - 20,2,F000,2*d58d * 13-11-2024 14:35:22.249
Command * H3 - Placed - #21,3,2,2688,16380,0,1*a6f1
 * 13-11-2024 14:35:22.748
CRC-Response  - 21,3,I001,2*e34c * 13-11-2024 14:35:22.906
CRC-Response  - 21,3,F000,2*dc1d * 13-11-2024 14:35:29.15
Racks Loaded to Heater * 13-11-2024 14:35:29.440
Command * HEATER DOOR CLOSE - #22,8,1,0*e732
 * 13-11-2024 14:35:29.444
CRC-Response  - 22,8,I001*677e * 13-11-2024 14:35:29.603
CRC-Response  - 22,8,F000*b3bc * 13-11-2024 14:35:29.943
Command * HEATER ON - #23,12,1*e1ee
 * 13-11-2024 14:35:30.117
CRC-Response  - 23,12,F000*ca27 * 13-11-2024 14:35:30.284
Command * SET TEMPERATURE - #24,10,32*8196
 * 13-11-2024 14:35:30.601
CRC-Response  - 24,10,F000*1800 * 13-11-2024 14:35:30.811
Command * READ TEMPERATURE - #25,11*8507
 * 13-11-2024 14:35:35.821
CRC-Response  - 25,11,F000,34*bd2e * 13-11-2024 14:35:35.986
Command * READ TEMPERATURE - #26,11*c107
 * 13-11-2024 14:35:45.991
CRC-Response  - 26,11,F000,34*b92a * 13-11-2024 14:35:46.154
Command * READ TEMPERATURE - #27,11*3d06
 * 13-11-2024 14:35:50.992
CRC-Response  - 27,11,F000,34*7ad7 * 13-11-2024 14:35:51.156
Command * READ TEMPERATURE - #28,11*2905
 * 13-11-2024 14:35:55.985
CRC-Response  - 28,11,F000,35*ae02 * 13-11-2024 14:35:56.141
Command * READ TEMPERATURE - #29,11*d504
 * 13-11-2024 14:36:00.998
CRC-Response  - 29,11,F000,34*ad3e * 13-11-2024 14:36:01.166
Command * READ TEMPERATURE - #30,11*893a
 * 13-11-2024 14:36:06.12
CRC-Response  - 30,11,F000,35*f0e1 * 13-11-2024 14:36:06.179
Command * READ TEMPERATURE - #31,11*753b
 * 13-11-2024 14:36:11.12
CRC-Response  - 31,11,F000,34*f3dd * 13-11-2024 14:36:11.177
Command * READ TEMPERATURE - #32,11*313b
 * 13-11-2024 14:36:16.18
CRC-Response  - 32,11,F000,34*f7d9 * 13-11-2024 14:36:16.182
Command * READ TEMPERATURE - #33,11*cd3a
 * 13-11-2024 14:36:21.25
CRC-Response  - 33,11,F000,35*f4e5 * 13-11-2024 14:36:21.216
Command * READ TEMPERATURE - #34,11*b93b
 * 13-11-2024 14:36:26.46
CRC-Response  - 34,11,F000,34*ffd1 * 13-11-2024 14:36:26.205
Command * READ TEMPERATURE - #35,11*453a
 * 13-11-2024 14:36:31.45
CRC-Response  - 35,11,F000,34*3c2c * 13-11-2024 14:36:31.206
Command * READ TEMPERATURE - #36,11*013a
 * 13-11-2024 14:36:36.34
CRC-Response  - 36,11,F000,35*f8e9 * 13-11-2024 14:36:36.202
Command * READ TEMPERATURE - #37,11*fd3b
 * 13-11-2024 14:36:41.38
CRC-Response  - 37,11,F000,35*3b14 * 13-11-2024 14:36:41.196
Command * READ TEMPERATURE - #38,11*e938
 * 13-11-2024 14:36:46.37
CRC-Response  - 38,11,F000,35*2f00 * 13-11-2024 14:36:46.205
Command * READ TEMPERATURE - #39,11*1539
 * 13-11-2024 14:36:51.35
CRC-Response  - 39,11,F000,35*ecfd * 13-11-2024 14:36:51.200
Command * READ TEMPERATURE - #40,11*498f
 * 13-11-2024 14:36:56.31
CRC-Response  - 40,11,F000,35*b7ea * 13-11-2024 14:36:56.198
Command * READ TEMPERATURE - #41,11*b58e
 * 13-11-2024 14:37:01.35
CRC-Response  - 41,11,F000,34*b4d6 * 13-11-2024 14:37:01.204
Command * READ TEMPERATURE - #42,11*f18e
 * 13-11-2024 14:37:06.33
CRC-Response  - 42,11,F000,34*b0d2 * 13-11-2024 14:37:06.198
Command * READ TEMPERATURE - #43,11*0d8f
 * 13-11-2024 14:37:11.34
CRC-Response  - 43,11,F000,35*b3ee * 13-11-2024 14:37:11.200
Command * READ TEMPERATURE - #44,11*798e
 * 13-11-2024 14:37:16.30
CRC-Response  - 44,11,F000,35*781b * 13-11-2024 14:37:16.193
Command * READ TEMPERATURE - #45,11*858f
 * 13-11-2024 14:37:21.50
CRC-Response  - 45,11,F000,35*bbe6 * 13-11-2024 14:37:21.215
Command * READ TEMPERATURE - #46,11*c18f
 * 13-11-2024 14:37:26.69
CRC-Response  - 46,11,F000,35*bfe2 * 13-11-2024 14:37:26.240
Command * READ TEMPERATURE - #47,11*3d8e
 * 13-11-2024 14:37:31.69
CRC-Response  - 47,11,F000,35*7c1f * 13-11-2024 14:37:31.235
Command * READ TEMPERATURE - #48,11*298d
 * 13-11-2024 14:37:36.84
CRC-Response  - 48,11,F000,35*680b * 13-11-2024 14:37:36.247
Command * READ TEMPERATURE - #49,11*d58c
 * 13-11-2024 14:37:41.77
CRC-Response  - 49,11,F000,35*abf6 * 13-11-2024 14:37:41.261
Command * READ TEMPERATURE - #50,11*89b2
 * 13-11-2024 14:37:46.101
CRC-Response  - 50,11,F000,35*36e8 * 13-11-2024 14:37:46.265
Command * READ TEMPERATURE - #51,11*75b3
 * 13-11-2024 14:37:51.93
CRC-Response  - 51,11,F000,35*f515 * 13-11-2024 14:37:51.257
Command * READ TEMPERATURE - #52,11*31b3
 * 13-11-2024 14:37:56.93
CRC-Response  - 52,11,F000,35*f111 * 13-11-2024 14:37:56.258
Command * READ TEMPERATURE - #53,11*cdb2
 * 13-11-2024 14:38:01.120
CRC-Response  - 53,11,F000,35*32ec * 13-11-2024 14:38:01.281
Command * READ TEMPERATURE - #54,11*b9b3
 * 13-11-2024 14:38:06.124
CRC-Response  - 54,11,F000,35*f919 * 13-11-2024 14:38:06.287
Command * READ TEMPERATURE - #55,11*45b2
 * 13-11-2024 14:38:11.125
CRC-Response  - 55,11,F000,35*3ae4 * 13-11-2024 14:38:11.292
Command * READ TEMPERATURE - #56,11*01b2
 * 13-11-2024 14:38:16.122
CRC-Response  - 56,11,F000,35*3ee0 * 13-11-2024 14:38:16.291
Command * READ TEMPERATURE - #57,11*fdb3
 * 13-11-2024 14:38:21.153
CRC-Response  - 57,11,F000,35*fd1d * 13-11-2024 14:38:21.344
Command * READ TEMPERATURE - #58,11*e9b0
 * 13-11-2024 14:38:26.153
CRC-Response  - 58,11,F000,35*e909 * 13-11-2024 14:38:26.317
Command * READ TEMPERATURE - #59,11*15b1
 * 13-11-2024 14:38:31.151
CRC-Response  - 59,11,F000,35*2af4 * 13-11-2024 14:38:31.317
Command * READ TEMPERATURE - #60,11*89f6
 * 13-11-2024 14:38:36.143
CRC-Response  - 60,11,F000,35*f5ed * 13-11-2024 14:38:36.304
Command * READ TEMPERATURE - #61,11*75f7
 * 13-11-2024 14:38:41.156
CRC-Response  - 61,11,F000,35*3610 * 13-11-2024 14:38:41.322
Command * READ TEMPERATURE - #62,11*31f7
 * 13-11-2024 14:38:46.155
CRC-Response  - 62,11,F000,35*3214 * 13-11-2024 14:38:46.317
Command * READ TEMPERATURE - #63,11*cdf6
 * 13-11-2024 14:38:51.166
CRC-Response  - 63,11,F000,35*f1e9 * 13-11-2024 14:38:51.329
Command * READ TEMPERATURE - #64,11*b9f7
 * 13-11-2024 14:38:56.159
CRC-Response  - 64,11,F000,35*3a1c * 13-11-2024 14:38:56.325
Command * READ TEMPERATURE - #65,11*45f6
 * 13-11-2024 14:39:01.171
CRC-Response  - 65,11,F000,35*f9e1 * 13-11-2024 14:39:01.336
Command * READ TEMPERATURE - #66,11*01f6
 * 13-11-2024 14:39:06.177
CRC-Response  - 66,11,F000,35*fde5 * 13-11-2024 14:39:06.337
Command * READ TEMPERATURE - #67,11*fdf7
 * 13-11-2024 14:39:11.171
CRC-Response  - 67,11,F000,35*3e18 * 13-11-2024 14:39:11.343
Command * READ TEMPERATURE - #68,11*e9f4
 * 13-11-2024 14:39:16.193
CRC-Response  - 68,11,F000,35*2a0c * 13-11-2024 14:39:16.354
Command * READ TEMPERATURE - #69,11*15f5
 * 13-11-2024 14:39:21.190
CRC-Response  - 69,11,F000,34*2930 * 13-11-2024 14:39:21.353
Command * READ TEMPERATURE - #70,11*49cb
 * 13-11-2024 14:39:26.191
CRC-Response  - 70,11,F000,35*74ef * 13-11-2024 14:39:26.354
Command * READ TEMPERATURE - #71,11*b5ca
 * 13-11-2024 14:39:31.201
CRC-Response  - 71,11,F000,35*b712 * 13-11-2024 14:39:31.364
Command * READ TEMPERATURE - #72,11*f1ca
 * 13-11-2024 14:39:36.208
CRC-Response  - 72,11,F000,35*b316 * 13-11-2024 14:39:36.372
Command * READ TEMPERATURE - #73,11*0dcb
 * 13-11-2024 14:39:41.222
CRC-Response  - 73,11,F000,35*70eb * 13-11-2024 14:39:41.383
Command * READ TEMPERATURE - #74,11*79ca
 * 13-11-2024 14:39:46.230
CRC-Response  - 74,11,F000,35*bb1e * 13-11-2024 14:39:46.423
Command * READ TEMPERATURE - #75,11*85cb
 * 13-11-2024 14:39:51.218
CRC-Response  - 75,11,F000,35*78e3 * 13-11-2024 14:39:51.384
Command * READ TEMPERATURE - #76,11*c1cb
 * 13-11-2024 14:39:56.224
CRC-Response  - 76,11,F000,35*7ce7 * 13-11-2024 14:39:56.392
Command * READ TEMPERATURE - #77,11*3dca
 * 13-11-2024 14:40:01.219
CRC-Response  - 77,11,F000,35*bf1a * 13-11-2024 14:40:01.385
Command * READ TEMPERATURE - #78,11*29c9
 * 13-11-2024 14:40:06.231
CRC-Response  - 78,11,F000,35*ab0e * 13-11-2024 14:40:06.410
Command * READ TEMPERATURE - #79,11*d5c8
 * 13-11-2024 14:40:11.229
CRC-Response  - 79,11,F000,35*68f3 * 13-11-2024 14:40:11.393
Command * READ TEMPERATURE - #80,11*489f
 * 13-11-2024 14:40:16.237
CRC-Response  - 80,11,F000,35*7bfb * 13-11-2024 14:40:16.404
Command * READ TEMPERATURE - #81,11*b49e
 * 13-11-2024 14:40:21.233
CRC-Response  - 81,11,F000,35*b806 * 13-11-2024 14:40:21.398
Command * READ TEMPERATURE - #82,11*f09e
 * 13-11-2024 14:40:26.247
CRC-Response  - 82,11,F000,35*bc02 * 13-11-2024 14:40:26.412
Command * READ TEMPERATURE - #83,11*0c9f
 * 13-11-2024 14:40:31.242
CRC-Response  - 83,11,F000,35*7fff * 13-11-2024 14:40:31.406
Command * READ TEMPERATURE - #84,11*789e
 * 13-11-2024 14:40:36.255
CRC-Response  - 84,11,F000,35*b40a * 13-11-2024 14:40:36.418
Command * HEATER OFF - #85,12,0*4785
 * 13-11-2024 14:40:41.271
CRC-Response  - 85,12,F000*4a2c * 13-11-2024 14:40:41.437
Command * HEATER DOOR OPEN - #86,8,1,1*9836
 * 13-11-2024 14:40:42.251
CRC-Response  - 86,8,I001*3401 * 13-11-2024 14:40:42.416
CRC-Response  - 86,8,F000*e0c3 * 13-11-2024 14:40:42.759
Rack - 1Protocol Started * 13-11-2024 14:40:43.427
Command * Rack-1 Picked from H1 - #87,2,2,2688,1000,0,1*ee70
 * 13-11-2024 14:40:43.451
CRC-Response  - 87,2,I001,2*e84c * 13-11-2024 14:40:43.611
CRC-Response  - 87,2,F000,2*d71d * 13-11-2024 14:40:50.65
Command * HEATER DOOR CLOSE - #88,8,1,0*9818
 * 13-11-2024 14:40:50.148
CRC-Response  - 88,8,I001*b880 * 13-11-2024 14:40:50.311
CRC-Response  - 88,8,F000*6c42 * 13-11-2024 14:40:50.643
Command * Rack-1 Placed in J1 - #89,3,2,10304,800,0,0*07c0
 * 13-11-2024 14:40:50.834
CRC-Response  - 89,3,I001,2*d1ec * 13-11-2024 14:40:50.999
CRC-Response  - 89,3,F000,2*eebd * 13-11-2024 14:40:57.108
Command * Rack-1 Picked from J1 - #90,2,2,10304,800,0,0*db73
 * 13-11-2024 14:41:57.807
CRC-Response  - 90,2,I001,2*cef9 * 13-11-2024 14:41:57.973
CRC-Response  - 90,2,F000,2*f1a8 * 13-11-2024 14:42:03.115
Command * Rack-1 Placed in J2 - #91,3,2,13934,800 ,0,0*d43a
 * 13-11-2024 14:42:03.515
CRC-Response  - 91,3,I001,2*c769 * 13-11-2024 14:42:03.676
CRC-Response  - 91,3,F000,2*f838 * 13-11-2024 14:42:09.346
Command * Rack-1 Picked from J2 - #92,2,2,13934,800 ,0,0*1b2f
 * 13-11-2024 14:43:09.884
CRC-Response  - 92,2,I001,2*0458 * 13-11-2024 14:43:10.84
CRC-Response  - 92,2,F000,2*3b09 * 13-11-2024 14:43:15.186
Command * Rack-1 Placed in J3 - #93,3,2,17564,800 ,0,0*6e4c
 * 13-11-2024 14:43:15.620
CRC-Response  - 93,3,I001,2*0dc8 * 13-11-2024 14:43:15.779
CRC-Response  - 93,3,F000,2*3299 * 13-11-2024 14:43:21.448
Command * Rack-1 Picked from J3 - #94,2,2,17564,800 ,0,0*25a8
 * 13-11-2024 14:44:21.949
CRC-Response  - 94,2,I001,2*1bb8 * 13-11-2024 14:44:22.211
CRC-Response  - 94,2,F000,2*24e9 * 13-11-2024 14:44:27.263
Command * Rack-1 Placed in J4 - #95,3,2,21194,800 ,0,0*160f
 * 13-11-2024 14:44:27.777
CRC-Response  - 95,3,I001,2*1228 * 13-11-2024 14:44:27.946
CRC-Response  - 95,3,F000,2*2d79 * 13-11-2024 14:44:33.609
Command * Rack-1 Picked from J4 - #96,2,2,21194,800 ,0,0*d91a
 * 13-11-2024 14:45:34.218
CRC-Response  - 96,2,I001,2*d119 * 13-11-2024 14:45:34.387
CRC-Response  - 96,2,F000,2*ee48 * 13-11-2024 14:45:39.542
Command * Rack-1 Placed in J5 - #97,3,2,24824,800 ,0,0*c943
 * 13-11-2024 14:45:39.974
CRC-Response  - 97,3,I001,2*d889 * 13-11-2024 14:45:40.139
CRC-Response  - 97,3,F000,2*e7d8 * 13-11-2024 14:45:45.791
Command * HEATER DOOR OPEN - #98,8,1,1*9418
 * 13-11-2024 14:46:05.597
CRC-Response  - 98,8,I001*288d * 13-11-2024 14:46:05.768
CRC-Response  - 98,8,F000*fc4f * 13-11-2024 14:46:06.100
Rack - 2Protocol Started * 13-11-2024 14:46:06.793
Command * Rack-2 Picked from H2 - #99,2,2,2688,8700,0,1*7c91
 * 13-11-2024 14:46:06.821
CRC-Response  - 99,2,I001,2*e129 * 13-11-2024 14:46:06.993
CRC-Response  - 99,2,F000,2*de78 * 13-11-2024 14:46:14.730
Command * HEATER DOOR CLOSE - #100,8,1,0*9483
 * 13-11-2024 14:46:15.79
CRC-Response  - 100,8,I001*13cd * 13-11-2024 14:46:15.243
CRC-Response  - 100,8,F000*c70f * 13-11-2024 14:46:15.588
Command * Rack-2 Placed in J1 - #101,3,2,10304,800,0,0*0dd9
 * 13-11-2024 14:46:15.777
CRC-Response  - 101,3,I001,2*3e98 * 13-11-2024 14:46:15.942
CRC-Response  - 101,3,F000,2*01c9 * 13-11-2024 14:46:22.66
Command * Rack-1 Picked from J5 - #102,2,2,24824,800 ,0,0*32e4
 * 13-11-2024 14:46:46.344
CRC-Response  - 102,2,I001,2*fda9 * 13-11-2024 14:46:46.540
CRC-Response  - 102,2,F000,2*c2f8 * 13-11-2024 14:46:53.385
Command * Rack-1 Placed in J6 - #103,3,2,28454,800 ,0,0*b793
 * 13-11-2024 14:46:53.607
CRC-Response  - 103,3,I001,2*f439 * 13-11-2024 14:46:53.775
CRC-Response  - 103,3,F000,2*cb68 * 13-11-2024 14:46:59.439
Command * Rack-2 Picked from J1 - #104,2,2,10304,800,0,0*5144
 * 13-11-2024 14:47:22.695
CRC-Response  - 104,2,I001,2*e249 * 13-11-2024 14:47:22.917
CRC-Response  - 104,2,F000,2*dd18 * 13-11-2024 14:47:30.140
Command * Rack-2 Placed in J2 - #105,3,2,13934,800 ,0,0*02f1
 * 13-11-2024 14:47:30.489
CRC-Response  - 105,3,I001,2*ebd9 * 13-11-2024 14:47:30.651
CRC-Response  - 105,3,F000,2*d488 * 13-11-2024 14:47:36.304
Command * Rack-1 Picked from J6 - #106,2,2,28454,800 ,0,0*1e0e
 * 13-11-2024 14:48:00.71
CRC-Response  - 106,2,I001,2*28e8 * 13-11-2024 14:48:00.361
CRC-Response  - 106,2,F000,2*17b9 * 13-11-2024 14:48:07.120
Command * Rack-1 Placed in W1 - #107,3,2,42974,800 ,0,0*549a
 * 13-11-2024 14:48:07.419
CRC-Response  - 107,3,I001,2*2178 * 13-11-2024 14:48:07.667
CRC-Response  - 107,3,F000,2*1e29 * 13-11-2024 14:48:14.463
Command * Rack-1 Placed in W1 - #108,1,2,2688,800 ,0*6d43
 * 13-11-2024 14:48:15.223
CRC-Response  - 108,1,I001,2*c8c9 * 13-11-2024 14:48:15.389
CRC-Response  - 108,1,F000,2*f798 * 13-11-2024 14:48:20.752
Command * Rack-2 Picked from J2 - #109,2,2,13934,800 ,0,0*33b0
 * 13-11-2024 14:48:36.953
CRC-Response  - 109,2,I001,2*18d8 * 13-11-2024 14:48:37.181
CRC-Response  - 109,2,F000,2*2789 * 13-11-2024 14:48:43.631
Command * Rack-2 Placed in J3 - #110,3,2,17564,800 ,0,0*de22
 * 13-11-2024 14:48:43.741
CRC-Response  - 110,3,I001,2*07cd * 13-11-2024 14:48:43.910
CRC-Response  - 110,3,F000,2*389c * 13-11-2024 14:48:49.566
Command * WATER VALVE - 1 CONTROL OFF - #111,13,1,0*1812
 * 13-11-2024 14:49:14.772
CRC-Response  - 111,13,F000*6b42 * 13-11-2024 14:49:14.954
Command * Rack-1 Picked from W1 - #112,2,1,42974,800 ,0,0*dd57
 * 13-11-2024 14:49:15.739
CRC-Response  - 112,2,I001,1*00ed * 13-11-2024 14:49:15.912
CRC-Response  - 112,2,F000,1*3fbc * 13-11-2024 14:49:23.715
Command * Rack-1 Placed in J8 - #113,3,1,35714,800 ,0,0*2fc1
 * 13-11-2024 14:49:23.997
CRC-Response  - 113,3,I001,1*097d * 13-11-2024 14:49:24.165
CRC-Response  - 113,3,F000,1*362c * 13-11-2024 14:49:30.251
Command * Rack-1 Placed in J8 - #114,1,1,64754,800 ,0*7eda
 * 13-11-2024 14:49:31.260
CRC-Response  - 114,1,I001,1*0a4d * 13-11-2024 14:49:31.423
CRC-Response  - 114,1,F000,1*351c * 13-11-2024 14:49:35.489
Command * Rack-2 Picked from J3 - #115,2,2,17564,800 ,0,0*77bf
 * 13-11-2024 14:49:50.169
CRC-Response  - 115,2,I001,2*db1c * 13-11-2024 14:49:50.334
CRC-Response  - 115,2,F000,2*e44d * 13-11-2024 14:49:55.472
Command * Rack-2 Placed in J4 - #116,3,2,21194,800 ,0,0*a661
 * 13-11-2024 14:49:55.904
CRC-Response  - 116,3,I001,2*182d * 13-11-2024 14:49:56.66
CRC-Response  - 116,3,F000,2*277c * 13-11-2024 14:50:01.736
Command * Rack-2 Picked from J4 - #117,2,2,21194,800 ,0,0*8b0d
 * 13-11-2024 14:51:02.271
CRC-Response  - 117,2,I001,2*11bd * 13-11-2024 14:51:02.523
CRC-Response  - 117,2,F000,2*2eec * 13-11-2024 14:51:07.582
Command * Rack-2 Placed in J5 - #118,3,2,24824,800 ,0,0*b43d
 * 13-11-2024 14:51:08.66
CRC-Response  - 118,3,I001,2*ed4c * 13-11-2024 14:51:08.228
CRC-Response  - 118,3,F000,2*d21d * 13-11-2024 14:51:13.892
Command * HEATER DOOR OPEN - #119,8,1,1*981a
 * 13-11-2024 14:51:30.498
CRC-Response  - 119,8,I001*e900 * 13-11-2024 14:51:30.692
CRC-Response  - 119,8,F000*3dc2 * 13-11-2024 14:51:31.39
Rack - R3Protocol Started * 13-11-2024 14:51:31.719
Command * Rack-3 Picked from H3 - #120,2,2,2688,16380,0,1*403e
 * 13-11-2024 14:51:31.748
CRC-Response  - 120,2,I001,2*8f03 * 13-11-2024 14:51:31.916
CRC-Response  - 120,2,F000,2*b052 * 13-11-2024 14:51:39.670
Command * HEATER DOOR CLOSE - #121,8,1,0*8d12
 * 13-11-2024 14:51:39.955
CRC-Response  - 121,8,I001*bf15 * 13-11-2024 14:51:40.120
CRC-Response  - 121,8,F000*6bd7 * 13-11-2024 14:51:40.450
Command * Rack-3 Placed in J1 - #122,3,2,10304,800,0,0*abe4
 * 13-11-2024 14:51:40.633
CRC-Response  - 122,3,I001,2*8963 * 13-11-2024 14:51:40.793
CRC-Response  - 122,3,F000,2*b632 * 13-11-2024 14:51:47.282
Command * Rack-2 Picked from J5 - #123,2,2,24824,800 ,0,0*01fa
 * 13-11-2024 14:52:14.407
CRC-Response  - 123,2,I001,2*80f3 * 13-11-2024 14:52:14.621
CRC-Response  - 123,2,F000,2*bfa2 * 13-11-2024 14:52:21.464
Command * Rack-2 Placed in J6 - #124,3,2,28454,800 ,0,0*e205
 * 13-11-2024 14:52:21.672
CRC-Response  - 124,3,I001,2*9683 * 13-11-2024 14:52:21.843
CRC-Response  - 124,3,F000,2*a9d2 * 13-11-2024 14:52:27.500
Command * Rack-1 Picked from J8 - #125,2,2,35714,800 ,0,0*776b
 * 13-11-2024 14:52:31.289
CRC-Response  - 125,2,I001,2*9f13 * 13-11-2024 14:52:31.458
CRC-Response  - 125,2,F000,2*a042 * 13-11-2024 14:52:37.512
Command * Rack-1 Placed in W2 - #126,3,2,46604,800 ,0,0*8384
 * 13-11-2024 14:52:38.14
CRC-Response  - 126,3,I001,2*5c22 * 13-11-2024 14:52:38.181
CRC-Response  - 126,3,F000,2*6373 * 13-11-2024 14:52:44.661
Command * Rack-1 Placed in W2 - #127,1,2,2688,800 ,0*26d7
 * 13-11-2024 14:52:45.283
CRC-Response  - 127,1,I001,2*40f2 * 13-11-2024 14:52:45.448
11 Secconds Timer incrementes for R3 as previously excuted command is in process in tmr_r3_incub() * 13-11-2024 14:52:47.583
CRC-Response  - 127,1,F000,2*7fa3 * 13-11-2024 14:52:51.218
Command * Rack-3 Picked from J1 - #128,2,2,10304,800,0,0*e22e
 * 13-11-2024 14:52:58.605
CRC-Response  - 128,2,I001,2*6582 * 13-11-2024 14:52:58.774
CRC-Response  - 128,2,F000,2*5ad3 * 13-11-2024 14:53:04.874
Command * Rack-3 Placed in J2 - #129,3,2,13934,800 ,0,0*2dc2
 * 13-11-2024 14:53:05.352
CRC-Response  - 129,3,I001,2*6c12 * 13-11-2024 14:53:05.525
CRC-Response  - 129,3,F000,2*5343 * 13-11-2024 14:53:11.186
Command * WATER VALVE - 1 CONTROL ON - #130,13,1,1*740b
 * 13-11-2024 14:53:12.121
CRC-Response  - 130,13,F000*31ee * 13-11-2024 14:53:12.288
Command * Rack-2 Picked from J6 - #131,2,2,28454,800 ,0,0*9a88
 * 13-11-2024 14:53:28.210
CRC-Response  - 131,2,I001,2*b656 * 13-11-2024 14:53:28.382
CRC-Response  - 131,2,F000,2*8907 * 13-11-2024 14:53:35.262
Command * Rack-2 Placed in W1 - #132,3,2,42974,800 ,0,0*3265
 * 13-11-2024 14:53:35.466
CRC-Response  - 132,3,I001,2*7567 * 13-11-2024 14:53:35.631
CRC-Response  - 132,3,F000,2*4a36 * 13-11-2024 14:53:42.516
Command * Rack-2 Placed in W1 - #133,1,2,2688,800 ,0*1bc4
 * 13-11-2024 14:53:43.173
CRC-Response  - 133,1,I001,2*69b7 * 13-11-2024 14:53:43.341
11 Secconds Timer incrementes for R1 as previously excuted command is in process in tmr_r1_incub() * 13-11-2024 14:53:44.925
CRC-Response  - 133,1,F000,2*56e6 * 13-11-2024 14:53:48.712
Command * WATER VALVE - 2 CONTROL OFF - #134,13,2,0*473b
 * 13-11-2024 14:53:55.943
CRC-Response  - 134,13,F000*f1dc * 13-11-2024 14:53:56.111
Command * Rack-1 Picked from W2 - #135,2,1,46604,800 ,0,0*6cc1
 * 13-11-2024 14:53:56.912
CRC-Response  - 135,2,I001,1*6257 * 13-11-2024 14:53:57.80
CRC-Response  - 135,2,F000,1*5d06 * 13-11-2024 14:54:04.343
Command * Rack-1 Dipped in J9 - #136,17,1,39344,800 ,1,1,1*b74d
 * 13-11-2024 14:54:05.153
CRC-Response  - 136,17,I001,1*241f * 13-11-2024 14:54:05.319
CRC-Response  - 136,17,F000,1*1b4e * 13-11-2024 14:54:11.180
11 Secconds Timer incrementes for R3 as other racks picking by RA in tmr_r3_incub() * 13-11-2024 14:54:11.906
Command * Rack-1 Placed in W2 - #137,3,1,46604,800 ,0,0*72e9
 * 13-11-2024 14:54:11.910
CRC-Response  - 137,3,I001,1*6437 * 13-11-2024 14:54:12.77
CRC-Response  - 137,3,F000,1*5b66 * 13-11-2024 14:54:18.146
Command * Rack-3 Picked from J2 - #138,2,2,13934,800 ,0,0*d1be
 * 13-11-2024 14:54:22.967
CRC-Response  - 138,2,I001,2*9986 * 13-11-2024 14:54:23.130
CRC-Response  - 138,2,F000,2*a6d7 * 13-11-2024 14:54:29.646
Command * Rack-3 Placed in J3 - #139,3,2,17564,800 ,0,0*a4dd
 * 13-11-2024 14:54:29.707
CRC-Response  - 139,3,I001,2*9016 * 13-11-2024 14:54:29.881
CRC-Response  - 139,3,F000,2*af47 * 13-11-2024 14:54:35.542
Command * WATER VALVE - 1 CONTROL OFF - #140,13,1,0*84ec
 * 13-11-2024 14:54:42.850
CRC-Response  - 140,13,F000*eb5f * 13-11-2024 14:54:43.15
Command * Rack-2 Picked from W1 - #141,2,1,42974,800 ,0,0*bb46
 * 13-11-2024 14:54:43.788
CRC-Response  - 141,2,I001,1*c30c * 13-11-2024 14:54:43.952
CRC-Response  - 141,2,F000,1*fc5d * 13-11-2024 14:54:49.610
Command * Rack-2 Placed in J8 - #142,3,1,35714,800 ,0,0*aba9
 * 13-11-2024 14:54:50.1
CRC-Response  - 142,3,I001,1*003d * 13-11-2024 14:54:50.168
CRC-Response  - 142,3,F000,1*3f6c * 13-11-2024 14:54:56.231
Command * Rack-2 Placed in J8 - #143,1,1,64754,800 ,0*c7a7
 * 13-11-2024 14:54:57.252
CRC-Response  - 143,1,I001,1*1ced * 13-11-2024 14:54:57.414
CRC-Response  - 143,1,F000,1*23bc * 13-11-2024 14:55:01.487
Command * WATER VALVE - 2 CONTROL OFF - #144,13,2,0*771d
 * 13-11-2024 14:55:18.900
CRC-Response  - 144,13,F000*2b6d * 13-11-2024 14:55:19.144
Command * Rack-1 Picked from W2 - #145,2,1,46604,800 ,0,0*dbb7
 * 13-11-2024 14:55:19.939
CRC-Response  - 145,2,I001,1*164d * 13-11-2024 14:55:20.109
CRC-Response  - 145,2,F000,1*291c * 13-11-2024 14:55:27.382
Command * Rack-1 Dipped in J18 - #146,17,1,39344,8590,1,1,1*6635
 * 13-11-2024 14:55:28.253
CRC-Response  - 146,17,I001,1*efea * 13-11-2024 14:55:28.421
CRC-Response  - 146,17,F000,1*d0bb * 13-11-2024 14:55:34.294
Command * Rack-1 Placed in W6 - #147,3,1,42974,8590,0,0*7b0b
 * 13-11-2024 14:55:35.101
CRC-Response  - 147,3,I001,1*102d * 13-11-2024 14:55:35.266
11 Secconds Timer incrementes for R3 as other racks picking by RA in tmr_r3_incub() * 13-11-2024 14:55:36.70
CRC-Response  - 147,3,F000,1*2f7c * 13-11-2024 14:55:40.939
Command * Rack-3 Picked from J3 - #148,2,2,17564,800 ,0,0*3ec7
 * 13-11-2024 14:55:47.120
CRC-Response  - 148,2,I001,2*ed9c * 13-11-2024 14:55:47.314
CRC-Response  - 148,2,F000,2*d2cd * 13-11-2024 14:55:52.419
Command * Rack-3 Placed in J4 - #149,3,2,21194,800 ,0,0*0d60
 * 13-11-2024 14:55:52.864
CRC-Response  - 149,3,I001,2*e40c * 13-11-2024 14:55:53.26
CRC-Response  - 149,3,F000,2*db5d * 13-11-2024 14:55:58.687
Command * WATER VALVE - 6 CONTROL OFF - #150,13,6,0*d550
 * 13-11-2024 14:56:41.432
CRC-Response  - 150,13,F000*2e0e * 13-11-2024 14:56:41.664
Command * Rack-1 Picked from W6 - #151,2,1,42974,8590,0,0*30c2
 * 13-11-2024 14:56:42.472
CRC-Response  - 151,2,I001,1*3f08 * 13-11-2024 14:56:42.639
CRC-Response  - 151,2,F000,1*0059 * 13-11-2024 14:56:47.777
Command * Rack-1 Dipped in J19 - #152,17,1,35714,8590,1,1,1*c45f
 * 13-11-2024 14:56:48.213
CRC-Response  - 152,17,I001,1*1c02 * 13-11-2024 14:56:48.380
CRC-Response  - 152,17,F000,1*2353 * 13-11-2024 14:56:54.234
Command * Rack-1 Placed in J20 - #153,3,1,32084,8590,0,0*e1c0
 * 13-11-2024 14:56:54.429
CRC-Response  - 153,3,I001,1*3968 * 13-11-2024 14:56:54.592
11 Secconds Timer incrementes for R3 as other racks picking by RA in tmr_r3_incub() * 13-11-2024 14:56:59.272
CRC-Response  - 153,3,F000,1*0639 * 13-11-2024 14:57:00.249
Command * Rack-1 Placed in J20 - #154,1,1,64754,800 ,0*4e2b
 * 13-11-2024 14:57:01.155
CRC-Response  - 154,1,I001,1*3a58 * 13-11-2024 14:57:01.322
CRC-Response  - 154,1,F000,1*0509 * 13-11-2024 14:57:05.798
Command * Rack-3 Picked from J4 - #155,2,2,21194,800 ,0,0*ed31
 * 13-11-2024 14:57:10.322
CRC-Response  - 155,2,I001,2*eb09 * 13-11-2024 14:57:10.488
CRC-Response  - 155,2,F000,2*d458 * 13-11-2024 14:57:15.624
Command * Rack-3 Placed in J5 - #156,3,2,24824,800 ,0,0*1f11
 * 13-11-2024 14:57:16.126
CRC-Response  - 156,3,I001,2*2838 * 13-11-2024 14:57:16.292
CRC-Response  - 156,3,F000,2*1769 * 13-11-2024 14:57:21.953
Command * WATER VALVE - 2 CONTROL ON - #157,13,2,1*3291
 * 13-11-2024 14:57:39.206
CRC-Response  - 157,13,F000*1e28 * 13-11-2024 14:57:39.378
Command * Rack-2 Picked from J8 - #158,2,2,35714,800 ,0,0*dc30
 * 13-11-2024 14:57:57.325
CRC-Response  - 158,2,I001,2*1198 * 13-11-2024 14:57:57.495
11 Secconds Timer incrementes in Jar J20for R1 as other racks picking by RA in tmr_r1_incub() * 13-11-2024 14:58:00.862
CRC-Response  - 158,2,F000,2*2ec9 * 13-11-2024 14:58:03.969
Command * Rack-2 Placed in W2 - #159,3,2,46604,800 ,0,0*caa6
 * 13-11-2024 14:58:04.99
CRC-Response  - 159,3,I001,2*1808 * 13-11-2024 14:58:04.267
CRC-Response  - 159,3,F000,2*2759 * 13-11-2024 14:58:10.736
Command * Rack-2 Placed in W2 - #160,1,2,2688,800 ,0*2624
 * 13-11-2024 14:58:11.350
CRC-Response  - 160,1,I001,2*aa56 * 13-11-2024 14:58:11.514
11 Secconds Timer incrementes for R1 as previously excuted command is in process in tmr_r1_incub() * 13-11-2024 14:58:11.886
CRC-Response  - 160,1,F000,2*9507 * 13-11-2024 14:58:17.296
11 Secconds Timer incrementes for R3 as previous racks are in Waiting in tmr_r3_incub() * 13-11-2024 14:58:22.526
Command * Rack-1 Picked from J20 - #161,2,2,32084,8590,0,0*3d9b
 * 13-11-2024 14:58:22.904
CRC-Response  - 161,2,I001,2*7a47 * 13-11-2024 14:58:23.62
CRC-Response  - 161,2,F000,2*4516 * 13-11-2024 14:58:31.620
Command * Rack-1 Placed in J21 - #162,3,2,28454,8590,0,0*5a5c
 * 13-11-2024 14:58:32.163
CRC-Response  - 162,3,I001,2*b976 * 13-11-2024 14:58:32.332
11 Secconds Timer incrementes for R3 as other racks picking by RA in tmr_r3_incub() * 13-11-2024 14:58:33.578
CRC-Response  - 162,3,F000,2*8627 * 13-11-2024 14:58:37.998
Command * Rack-3 Picked from J5 - #163,2,2,24824,800 ,0,0*85bf
 * 13-11-2024 14:58:44.637
CRC-Response  - 163,2,I001,2*b0e6 * 13-11-2024 14:58:44.807
CRC-Response  - 163,2,F000,2*8fb7 * 13-11-2024 14:58:50.642
Command * Rack-3 Placed in J6 - #164,3,2,28454,800 ,0,0*6640
 * 13-11-2024 14:58:50.872
CRC-Response  - 164,3,I001,2*a696 * 13-11-2024 14:58:51.33
CRC-Response  - 164,3,F000,2*99c7 * 13-11-2024 14:58:56.685
Command * WATER VALVE - 2 CONTROL OFF - #165,13,2,0*dbc5
 * 13-11-2024 14:59:11.4
CRC-Response  - 165,13,F000*71c1 * 13-11-2024 14:59:11.205
Command * Rack-2 Picked from W2 - #166,2,1,46604,800 ,0,0*0ad0
 * 13-11-2024 14:59:11.989
CRC-Response  - 166,2,I001,1*a1b6 * 13-11-2024 14:59:12.148
CRC-Response  - 166,2,F000,1*9ee7 * 13-11-2024 14:59:19.420
Command * Rack-2 Dipped in J9 - #167,17,1,39344,800 ,1,1,1*6baf
 * 13-11-2024 14:59:20.296
CRC-Response  - 167,17,I001,1*d417 * 13-11-2024 14:59:20.456
CRC-Response  - 167,17,F000,1*eb46 * 13-11-2024 14:59:26.328
Command * Rack-2 Placed in W2 - #168,3,1,46604,800 ,0,0*d9e8
 * 13-11-2024 14:59:27.33
CRC-Response  - 168,3,I001,1*9816 * 13-11-2024 14:59:27.198
CRC-Response  - 168,3,F000,1*a747 * 13-11-2024 14:59:33.268
Command * Rack-1 Picked from J21 - #169,2,2,28454,8590,0,0*dca8
 * 13-11-2024 14:59:38.642
CRC-Response  - 169,2,I001,2*90c6 * 13-11-2024 14:59:38.807
CRC-Response  - 169,2,F000,2*af97 * 13-11-2024 14:59:44.643
Command * Rack-1 Placed in J22 - #170,3,2,24824,8590,0,0*c12e
 * 13-11-2024 14:59:44.904
CRC-Response  - 170,3,I001,2*8fd3 * 13-11-2024 14:59:45.63
CRC-Response  - 170,3,F000,2*b082 * 13-11-2024 14:59:50.740
Command * WATER VALVE - 1 CONTROL ON - #171,13,1,1*78f8
 * 13-11-2024 14:59:51.211
CRC-Response  - 171,13,F000*74a2 * 13-11-2024 14:59:51.376
Command * Rack-3 Picked from J6 - #172,2,2,28454,800 ,0,0*2d89
 * 13-11-2024 14:59:57.243
CRC-Response  - 172,2,I001,2*89b3 * 13-11-2024 14:59:57.410
CRC-Response  - 172,2,F000,2*b6e2 * 13-11-2024 15:00:03.260
Command * Rack-3 Placed in W1 - #173,3,2,42974,800 ,0,0*671d
 * 13-11-2024 15:00:03.445
CRC-Response  - 173,3,I001,2*8023 * 13-11-2024 15:00:03.605
CRC-Response  - 173,3,F000,2*bf72 * 13-11-2024 15:00:10.484
Command * Rack-3 Placed in W1 - #174,1,2,2688,800 ,0*1b37
 * 13-11-2024 15:00:11.673
CRC-Response  - 174,1,I001,2*8313 * 13-11-2024 15:00:11.846
CRC-Response  - 174,1,F000,2*bc42 * 13-11-2024 15:00:17.195
Command * WATER VALVE - 2 CONTROL OFF - #175,13,2,0*4bc8
 * 13-11-2024 15:00:33.899
CRC-Response  - 175,13,F000*b490 * 13-11-2024 15:00:34.71
Command * Rack-2 Picked from W2 - #176,2,1,46604,800 ,0,0*dbc0
 * 13-11-2024 15:00:34.863
CRC-Response  - 176,2,I001,1*5db2 * 13-11-2024 15:00:35.25
CRC-Response  - 176,2,F000,1*62e3 * 13-11-2024 15:00:40.173
Command * Rack-2 Dipped in J18 - #177,17,1,39344,8590,1,1,1*051c
 * 13-11-2024 15:00:41.116
CRC-Response  - 177,17,I001,1*17ea * 13-11-2024 15:00:41.276
CRC-Response  - 177,17,F000,1*28bb * 13-11-2024 15:00:47.151
Command * Rack-2 Placed in W6 - #178,3,1,42974,8590,0,0*b66c
 * 13-11-2024 15:00:47.867
CRC-Response  - 178,3,I001,1*6412 * 13-11-2024 15:00:48.33
11 Secconds Timer incrementes in Jar J22for R1 as other racks picking by RA in tmr_r1_incub() * 13-11-2024 15:00:51.219
CRC-Response  - 178,3,F000,1*5b43 * 13-11-2024 15:00:53.691
Command * Rack-1 Picked from J22 - #179,2,2,24824,8590,0,0*a5a3
 * 13-11-2024 15:01:02.249
CRC-Response  - 179,2,I001,2*6cc2 * 13-11-2024 15:01:02.414
CRC-Response  - 179,2,F000,2*5393 * 13-11-2024 15:01:10.158
Command * Rack-1 Placed in J23 - #180,3,2,21194,8590,0,0*03e4
 * 13-11-2024 15:01:10.504
CRC-Response  - 180,3,I001,2*9be3 * 13-11-2024 15:01:10.668
11 Secconds Timer incrementes for R3 as other racks picking by RA in tmr_r3_incub() * 13-11-2024 15:01:10.892
CRC-Response  - 180,3,F000,2*a4b2 * 13-11-2024 15:01:16.322
Command * WATER VALVE - 1 CONTROL OFF - #181,13,1,0*4878
 * 13-11-2024 15:01:21.915
CRC-Response  - 181,13,F000*4492 * 13-11-2024 15:01:22.76
Command * Rack-3 Picked from W1 - #182,2,1,42974,800 ,0,0*44ce
 * 13-11-2024 15:01:22.872
CRC-Response  - 182,2,I001,1*9cc3 * 13-11-2024 15:01:23.38
CRC-Response  - 182,2,F000,1*a392 * 13-11-2024 15:01:28.889
Command * Rack-3 Placed in J8 - #183,3,1,35714,800 ,0,0*b658
 * 13-11-2024 15:01:29.75
CRC-Response  - 183,3,I001,1*9553 * 13-11-2024 15:01:29.242
CRC-Response  - 183,3,F000,1*aa02 * 13-11-2024 15:01:35.308
Command * Rack-3 Placed in J8 - #184,1,1,64754,800 ,0*e305
 * 13-11-2024 15:01:36.335
CRC-Response  - 184,1,I001,1*9663 * 13-11-2024 15:01:36.498
CRC-Response  - 184,1,F000,1*a932 * 13-11-2024 15:01:40.571
Command * WATER VALVE - 6 CONTROL OFF - #185,13,6,0*7ac8
 * 13-11-2024 15:01:54.236
CRC-Response  - 185,13,F000*84a0 * 13-11-2024 15:01:54.462
Command * Rack-2 Picked from W6 - #186,2,1,42974,8590,0,0*9aab
 * 13-11-2024 15:01:55.242
CRC-Response  - 186,2,I001,1*4982 * 13-11-2024 15:01:55.412
CRC-Response  - 186,2,F000,1*76d3 * 13-11-2024 15:02:03.100
Command * Rack-2 Dipped in J19 - #187,17,1,35714,8590,1,1,1*0168
 * 13-11-2024 15:02:03.501
CRC-Response  - 187,17,I001,1*03fe * 13-11-2024 15:02:03.662
CRC-Response  - 187,17,F000,1*3caf * 13-11-2024 15:02:09.521
Command * Rack-2 Placed in J20 - #188,3,1,32084,8590,0,0*86b9
 * 13-11-2024 15:02:09.720
CRC-Response  - 188,3,I001,1*7022 * 13-11-2024 15:02:09.880
CRC-Response  - 188,3,F000,1*4f73 * 13-11-2024 15:02:15.550
Command * Rack-2 Placed in J20 - #189,1,1,64754,800 ,0*4c97
 * 13-11-2024 15:02:16.455
CRC-Response  - 189,1,I001,1*6cf2 * 13-11-2024 15:02:16.621
11 Secconds Timer incrementes for R1 as previously excuted command is in process in tmr_r1_incub() * 13-11-2024 15:02:16.841
CRC-Response  - 189,1,F000,1*53a3 * 13-11-2024 15:02:21.106
Command * Rack-1 Picked from J23 - #190,2,2,21194,8590,0,0*2ea5
 * 13-11-2024 15:02:27.883
CRC-Response  - 190,2,I001,2*ab26 * 13-11-2024 15:02:28.42
CRC-Response  - 190,2,F000,2*9477 * 13-11-2024 15:02:33.179
Command * Rack-1 Placed in J24 - #191,3,2,17564,8590,0,0*1d02
 * 13-11-2024 15:02:33.640
CRC-Response  - 191,3,I001,2*a2b6 * 13-11-2024 15:02:33.813
CRC-Response  - 191,3,F000,2*9de7 * 13-11-2024 15:02:39.472
Command * Rack-2 Picked from J20 - #192,2,2,32084,8590,0,0*f120
 * 13-11-2024 15:03:16.194
CRC-Response  - 192,2,I001,2*6187 * 13-11-2024 15:03:16.362
CRC-Response  - 192,2,F000,2*5ed6 * 13-11-2024 15:03:23.245
Command * Rack-2 Placed in J21 - #193,3,2,28454,8590,0,0*749e
 * 13-11-2024 15:03:23.438
CRC-Response  - 193,3,I001,2*6817 * 13-11-2024 15:03:23.596
CRC-Response  - 193,3,F000,2*5746 * 13-11-2024 15:03:29.259
Command * Rack-1 Picked from J24 - #194,2,2,17564,8590,0,0*b49f
 * 13-11-2024 15:03:40.135
CRC-Response  - 194,2,I001,2*7e67 * 13-11-2024 15:03:40.294
CRC-Response  - 194,2,F000,2*4136 * 13-11-2024 15:03:46.770
Command * Rack-1 Placed in J25 - #195,3,2,13934,8590,0,0*c1fc
 * 13-11-2024 15:03:46.858
CRC-Response  - 195,3,I001,2*77f7 * 13-11-2024 15:03:47.21
CRC-Response  - 195,3,F000,2*48a6 * 13-11-2024 15:03:52.681
Command * WATER VALVE - 2 CONTROL ON - #196,13,2,1*fe05
 * 13-11-2024 15:04:18.266
CRC-Response  - 196,13,F000*b1e5 * 13-11-2024 15:04:18.666
Command * Rack-2 Picked from J21 - #197,2,2,28454,8590,0,0*0c3e
 * 13-11-2024 15:04:29.859
CRC-Response  - 197,2,I001,2*7197 * 13-11-2024 15:04:30.19
11 Secconds Timer incrementes for R3 as other racks picking by RA in tmr_r3_incub() * 13-11-2024 15:04:36.288
CRC-Response  - 197,2,F000,2*4ec6 * 13-11-2024 15:04:36.894
Command * Rack-2 Placed in J22 - #198,3,2,24824,8590,0,0*a620
 * 13-11-2024 15:04:37.94
CRC-Response  - 198,3,I001,2*8d66 * 13-11-2024 15:04:37.262
CRC-Response  - 198,3,F000,2*b237 * 13-11-2024 15:04:42.925
Command * Rack-3 Picked from J8 - #199,2,2,35714,800 ,0,0*c1c1
 * 13-11-2024 15:04:47.330
CRC-Response  - 199,2,I001,2*84f6 * 13-11-2024 15:04:47.498
11 Secconds Timer incrementes in Jar J25for R1 as other racks picking by RA in tmr_r1_incub() * 13-11-2024 15:04:53.322
CRC-Response  - 199,2,F000,2*bba7 * 13-11-2024 15:04:53.979
Command * Rack-3 Placed in W2 - #200,3,2,46604,800 ,0,0*125c
 * 13-11-2024 15:04:54.73
CRC-Response  - 200,3,I001,2*ffcd * 13-11-2024 15:04:54.243
CRC-Response  - 200,3,F000,2*c09c * 13-11-2024 15:05:00.710
Command * Rack-3 Placed in W2 - #201,1,2,2688,800 ,0*7bd1
 * 13-11-2024 15:05:01.309
CRC-Response  - 201,1,I001,2*e31d * 13-11-2024 15:05:01.470
11 Secconds Timer incrementes for R1 as previously excuted command is in process in tmr_r1_incub() * 13-11-2024 15:05:04.356
CRC-Response  - 201,1,F000,2*dc4c * 13-11-2024 15:05:07.242
Command * Rack-1 Picked from J25 - #202,2,2,13934,8590,0,0*06f2
 * 13-11-2024 15:05:15.409
CRC-Response  - 202,2,I001,2*f9ad * 13-11-2024 15:05:15.581
CRC-Response  - 202,2,F000,2*c6fc * 13-11-2024 15:05:22.102
Command * Rack-1 Placed in U1 - #203,3,2,64754,16380,0,0*a66b
 * 13-11-2024 15:05:22.188
CRC-Response  - 203,3,F006,2*ce8c * 13-11-2024 15:05:22.353
11 Secconds Timer incrementes for R2 as other racks picking by RA in tmr_r2_incub() * 13-11-2024 15:05:43.473
11 Secconds Timer incrementes for R2 as other racks picking by RA in tmr_r2_incub() * 13-11-2024 15:05:54.518
11 Secconds Timer incrementes for R3 as other racks picking by RA in tmr_r3_incub() * 13-11-2024 15:06:00.946
11 Secconds Timer incrementes for R2 as other racks picking by RA in tmr_r2_incub() * 13-11-2024 15:06:05.536
11 Secconds Timer incrementes for R3 as other racks picking by RA in tmr_r3_incub() * 13-11-2024 15:06:11.937
Command * HEATER OFF - #204,12,0*90d4
 * 13-11-2024 15:06:12.556
CRC-Response  - 204,12,F000*6b22 * 13-11-2024 15:06:13.159
