Device Intialization started * 19-08-2024 12:11:05.50
Command * Home Command - #0,5,11111111*757c
 * 19-08-2024 12:11:05.75
Response  - 0,5,I001,11111111*6271 * 19-08-2024 12:11:05.249
Response  - 0,5,F000*ed3b * 19-08-2024 12:11:17.874
Command * Home Command - #1,5,11111111*b681
 * 19-08-2024 12:11:20.245
Response  - 1,5,I001,11111111*f220 * 19-08-2024 12:11:20.410
Response  - 1,5,F000*21fa * 19-08-2024 12:11:20.412
Response  - 0,16,F000*7ce9 * 19-08-2024 12:11:20.433
Command * Level Sensing For U1 - #2,4,64754,16380,0,0*35b7
 * 19-08-2024 12:11:22.801
Response  - 2,4,I001*3179 * 19-08-2024 12:11:22.964
Response  - 2,4,F000,2512*22c8 * 19-08-2024 12:11:27.119
U1 Value - 2512 * 19-08-2024 12:11:27.149
Command * Level Sensing For U2 - #3,4,61124,16380,0,0*c173
 * 19-08-2024 12:11:27.369
Response  - 3,4,I001*fdb8 * 19-08-2024 12:11:27.537
Response  - 3,4,F000,2522*53ca * 19-08-2024 12:11:29.837
U2 Value - 2522 * 19-08-2024 12:11:29.858
Command * Level Sensing For U3 - #4,4,57494,16380,0,0*6c6a
 * 19-08-2024 12:11:29.948
Response  - 4,4,I001*1bf9 * 19-08-2024 12:11:30.117
Response  - 4,4,F000,2517*e701 * 19-08-2024 12:11:32.417
U3 Value - 2517 * 19-08-2024 12:11:32.435
Command * Level Sensing For U4 - #5,4,53864,16380,0,0*8c57
 * 19-08-2024 12:11:32.544
Response  - 5,4,I001*d738 * 19-08-2024 12:11:32.714
Response  - 5,4,F000,2544*3740 * 19-08-2024 12:11:35.16
U4 Value - 2544 * 19-08-2024 12:11:35.44
Command * Level Sensing For U5 - #6,4,50234,16380,0,0*cd04
 * 19-08-2024 12:11:35.123
Response  - 6,4,I001*c278 * 19-08-2024 12:11:35.294
Response  - 6,4,F000,2515*6487 * 19-08-2024 12:11:37.588
U5 Value - 2515 * 19-08-2024 12:11:37.610
Command * Level Sensing For U6 - #7,4,46604,16380,0,0*b7f4
 * 19-08-2024 12:11:37.699
Response  - 7,4,I001*0eb9 * 19-08-2024 12:11:37.867
Response  - 7,4,F000,2515*e585 * 19-08-2024 12:11:40.165
U6 Value - 2515 * 19-08-2024 12:11:40.197
Command * Level Sensing For J1 - #8,4,10304,800,0,0*e199
 * 19-08-2024 12:11:40.273
Response  - 8,4,I001*4ef9 * 19-08-2024 12:11:40.443
Response  - 8,4,F000,2528*df50 * 19-08-2024 12:11:46.486
J1 Value - 2528 * 19-08-2024 12:11:46.516
Command * Level Sensing For J2 - #9,4,13934,800 ,0,0*8abc
 * 19-08-2024 12:11:46.853
Response  - 9,4,I001*8238 * 19-08-2024 12:11:47.14
Response  - 9,4,F000,2537*ca13 * 19-08-2024 12:11:49.316
J2 Value - 2537 * 19-08-2024 12:11:49.349
Command * Level Sensing For J3 - #10,4,17564,800 ,0,0*7447
 * 19-08-2024 12:11:49.459
Response  - 10,4,I001*82eb * 19-08-2024 12:11:49.624
Response  - 10,4,F000,2548*2cd4 * 19-08-2024 12:11:51.920
J3 Value - 2548 * 19-08-2024 12:11:51.948
Command * Level Sensing For J4 - #11,4,21194,800 ,0,0*96dd
 * 19-08-2024 12:11:52.33
Response  - 11,4,I001*4e2a * 19-08-2024 12:11:52.200
Response  - 11,4,F000,2530*5bd5 * 19-08-2024 12:11:54.502
J4 Value - 2530 * 19-08-2024 12:11:54.523
Command * Level Sensing For J5 - #12,4,24824,800 ,0,0*ef18
 * 19-08-2024 12:11:54.585
Response  - 12,4,I001*5b6a * 19-08-2024 12:11:54.752
Response  - 12,4,F000,2548*6ed3 * 19-08-2024 12:11:57.44
J5 Value - 2548 * 19-08-2024 12:11:57.73
Command * Level Sensing For J6 - #13,4,28454,800 ,0,0*bb52
 * 19-08-2024 12:11:57.151
Response  - 13,4,I001*97ab * 19-08-2024 12:11:57.321
Response  - 13,4,F000,2535*1a12 * 19-08-2024 12:11:59.614
J6 Value - 2535 * 19-08-2024 12:11:59.645
Command * Level Sensing For J7 - #14,4,32084,800 ,0,0*6631
 * 19-08-2024 12:11:59.725
Response  - 14,4,I001*71ea * 19-08-2024 12:11:59.893
Response  - 14,4,F000,2532*9f58 * 19-08-2024 12:12:02.183
J7 Value - 2532 * 19-08-2024 12:12:02.215
Command * Level Sensing For J8 - #15,4,35714,800 ,0,0*8ab0
 * 19-08-2024 12:12:02.296
Response  - 15,4,I001*bd2b * 19-08-2024 12:12:02.460
Response  - 15,4,F000,2523*4e9a * 19-08-2024 12:12:04.760
J8 Value - 2523 * 19-08-2024 12:12:04.789
Command * Level Sensing For J9 - #16,4,39344,800 ,0,0*01b1
 * 19-08-2024 12:12:04.858
Response  - 16,4,I001*a86b * 19-08-2024 12:12:05.20
Response  - 16,4,F000,2529*8a1f * 19-08-2024 12:12:07.320
J9 Value - 2529 * 19-08-2024 12:12:07.356
Command * Level Sensing For W1 - #17,4,42974,800 ,0,0*edeb
 * 19-08-2024 12:12:07.428
Response  - 17,4,I001*64aa * 19-08-2024 12:12:07.594
Response  - 17,4,F000,2520*0ddd * 19-08-2024 12:12:09.892
W1 Value - 2520 * 19-08-2024 12:12:09.925
Command * Level Sensing For W2 - #18,4,46604,800 ,0,0*1ed8
 * 19-08-2024 12:12:09.989
Response  - 18,4,I001*24ea * 19-08-2024 12:12:10.157
Response  - 18,4,F000,2525*0109 * 19-08-2024 12:12:12.450
W2 Value - 2525 * 19-08-2024 12:12:12.471
Command * Level Sensing For W3 - #19,4,50234,800 ,0,0*6e7e
 * 19-08-2024 12:12:12.577
Response  - 19,4,I001*e82b * 19-08-2024 12:12:12.744
Response  - 19,4,F000,2515*700b * 19-08-2024 12:12:15.38
W3 Value - 2515 * 19-08-2024 12:12:15.60
Command * Level Sensing For J10 - #20,4,53864,800 ,0,0*a3e5
 * 19-08-2024 12:12:15.164
Response  - 20,4,I001*72ff * 19-08-2024 12:12:15.332
Response  - 20,4,F000,2524*8ad4 * 19-08-2024 12:12:17.624
J10 Value - 2524 * 19-08-2024 12:12:17.653
Command * Level Sensing For J11 - #21,4,57494,800 ,0,0*df9a
 * 19-08-2024 12:12:17.734
Response  - 21,4,I001*be3e * 19-08-2024 12:12:17.904
Response  - 21,4,F000,2518*fed6 * 19-08-2024 12:12:20.193
J11 Value - 2518 * 19-08-2024 12:12:20.222
Command * Level Sensing For J12 - #22,4,61124,800 ,0,0*7649
 * 19-08-2024 12:12:20.320
Response  - 22,4,I001*ab7e * 19-08-2024 12:12:20.486
Response  - 22,4,F000,2491*3b45 * 19-08-2024 12:12:22.781
J12 Value - 2491 * 19-08-2024 12:12:22.834
Command * Level Sensing For J13 - #23,4,64754,800 ,0,0*f306
 * 19-08-2024 12:12:22.891
Response  - 23,4,I001*67bf * 19-08-2024 12:12:23.60
Response  - 23,4,F000,2511*ba11 * 19-08-2024 12:12:25.356
J13 Value - 2511 * 19-08-2024 12:12:25.386
Command * Level Sensing For J14 - #24,4,64754,8590,0,0*dc23
 * 19-08-2024 12:12:25.469
Response  - 24,4,I001*81fe * 19-08-2024 12:12:25.636
Response  - 24,4,F000,2529*cb1b * 19-08-2024 12:12:28.117
J14 Value - 2529 * 19-08-2024 12:12:28.149
Command * Level Sensing For J15 - #25,4,61124,8590,0,0*596c
 * 19-08-2024 12:12:28.538
Response  - 25,4,I001*4d3f * 19-08-2024 12:12:28.703
Response  - 25,4,F000,2541*2c1b * 19-08-2024 12:12:31.6
J15 Value - 2541 * 19-08-2024 12:12:31.54
Command * Level Sensing For J16 - #26,4,57494,8590,0,0*f0bf
 * 19-08-2024 12:12:31.89
Response  - 26,4,I001*587f * 19-08-2024 12:12:31.253
Response  - 26,4,F000,2533*1e9d * 19-08-2024 12:12:33.547
J16 Value - 2533 * 19-08-2024 12:12:33.578
Command * Level Sensing For J17 - #27,4,53864,8590,0,0*8cc0
 * 19-08-2024 12:12:33.674
Response  - 27,4,I001*94be * 19-08-2024 12:12:33.837
Response  - 27,4,F000,2536*9c5f * 19-08-2024 12:12:36.135
J17 Value - 2536 * 19-08-2024 12:12:36.168
Command * Level Sensing For W4 - #28,4,50234,8590,0,0*8cff
 * 19-08-2024 12:12:36.262
Response  - 28,4,I001*d4fe * 19-08-2024 12:12:36.430
Response  - 28,4,F000,2520*01ca * 19-08-2024 12:12:38.728
W4 Value - 2520 * 19-08-2024 12:12:38.789
Command * Level Sensing For W5 - #29,4,46604,8590,0,0*fc59
 * 19-08-2024 12:12:38.843
Response  - 29,4,I001*183f * 19-08-2024 12:12:39.9
Response  - 29,4,F000,2529*8608 * 19-08-2024 12:12:41.306
W5 Value - 2529 * 19-08-2024 12:12:41.335
Command * Level Sensing For W6 - #30,4,42974,8590,0,0*7ab7
 * 19-08-2024 12:12:41.404
Response  - 30,4,I001*e2f2 * 19-08-2024 12:12:41.569
Response  - 30,4,F000,2527*4a94 * 19-08-2024 12:12:43.862
W6 Value - 2527 * 19-08-2024 12:12:43.895
Command * Level Sensing For J18 - #31,4,39344,8590,0,0*96ed
 * 19-08-2024 12:12:43.987
Response  - 31,4,I001*2e33 * 19-08-2024 12:12:44.153
Response  - 31,4,F000,2549*af14 * 19-08-2024 12:12:46.445
J18 Value - 2549 * 19-08-2024 12:12:46.492
Command * Level Sensing For J19 - #32,4,35714,8590,0,0*1dec
 * 19-08-2024 12:12:46.543
Response  - 32,4,I001*3b73 * 19-08-2024 12:12:46.710
Response  - 32,4,F000,2533*5b93 * 19-08-2024 12:12:49.11
J19 Value - 2533 * 19-08-2024 12:12:49.42
Command * Level Sensing For J20 - #33,4,32084,8590,0,0*f16d
 * 19-08-2024 12:12:49.105
Response  - 33,4,I001*f7b2 * 19-08-2024 12:12:49.270
Response  - 33,4,F000,2547*2992 * 19-08-2024 12:12:51.569
J20 Value - 2547 * 19-08-2024 12:12:51.602
Command * Level Sensing For J21 - #34,4,28454,8590,0,0*2c0e
 * 19-08-2024 12:12:51.741
Response  - 34,4,I001*11f3 * 19-08-2024 12:12:51.911
Response  - 34,4,F000,2534*5fdb * 19-08-2024 12:12:54.209
J21 Value - 2534 * 19-08-2024 12:12:54.244
Command * Level Sensing For J22 - #35,4,24824,8590,0,0*7844
 * 19-08-2024 12:12:54.289
Response  - 35,4,I001*dd32 * 19-08-2024 12:12:54.457
Response  - 35,4,F000,2536*1f58 * 19-08-2024 12:12:56.753
J22 Value - 2536 * 19-08-2024 12:12:56.783
Command * Level Sensing For J23 - #36,4,21194,8590,0,0*0181
 * 19-08-2024 12:12:56.852
Response  - 36,4,I001*c872 * 19-08-2024 12:12:57.16
Response  - 36,4,F000,2534*1ddc * 19-08-2024 12:12:59.314
J23 Value - 2534 * 19-08-2024 12:12:59.344
Command * Level Sensing For J24 - #37,4,17564,8590,0,0*e31b
 * 19-08-2024 12:12:59.434
Response  - 37,4,I001*04b3 * 19-08-2024 12:12:59.593
Response  - 37,4,F000,2544*acdc * 19-08-2024 12:13:01.896
J24 Value - 2544 * 19-08-2024 12:13:01.925
Command * Level Sensing For J25 - #38,4,13934,8590,0,0*ac27
 * 19-08-2024 12:13:02.27
Response  - 38,4,I001*44f3 * 19-08-2024 12:13:02.194
Response  - 38,4,F000,2538*96ca * 19-08-2024 12:13:04.488
J25 Value - 2538 * 19-08-2024 12:13:04.521
Command * Level Sensing For J26 - #39,4,10304,8590,0,0*cf64
 * 19-08-2024 12:13:04.614
Response  - 39,4,I001*8832 * 19-08-2024 12:13:04.783
Response  - 39,4,F000,2518*77c9 * 19-08-2024 12:13:07.84
J26 Value - 2518 * 19-08-2024 12:13:07.111
Command * Level Sensing For J27 - #40,4,42974,16380,0,0*8c11
 * 19-08-2024 12:13:07.209
Response  - 40,4,I001*d2d4 * 19-08-2024 12:13:07.375
Response  - 40,4,F000,2520*4fd3 * 19-08-2024 12:13:12.996
J27 Value - 2520 * 19-08-2024 12:13:13.24
Command * Level Sensing For J28 - #41,4,39344,16380,0,0*b77d
 * 19-08-2024 12:13:13.281
Response  - 41,4,I001*1e15 * 19-08-2024 12:13:13.450
Response  - 41,4,F000,2567*cc92 * 19-08-2024 12:13:15.739
J28 Value - 2567 * 19-08-2024 12:13:15.772
Command * Level Sensing For J29 - #42,4,35714,16380,0,0*7737
 * 19-08-2024 12:13:15.849
Response  - 42,4,I001*0b55 * 19-08-2024 12:13:16.13
Response  - 42,4,F000,2550*3dd6 * 19-08-2024 12:13:18.320
J29 Value - 2550 * 19-08-2024 12:13:18.357
Command * Level Sensing For J30 - #43,4,32084,16380,0,0*171b
 * 19-08-2024 12:13:18.415
Response  - 43,4,I001*c794 * 19-08-2024 12:13:18.582
Response  - 43,4,F000,2570*dcd5 * 19-08-2024 12:13:20.882
J30 Value - 2570 * 19-08-2024 12:13:20.912
Command * Level Sensing For J31 - #44,4,28454,16380,0,0*3e86
 * 19-08-2024 12:13:21.7
Response  - 44,4,I001*21d5 * 19-08-2024 12:13:21.176
Response  - 44,4,F000,2570*9bde * 19-08-2024 12:13:23.465
J31 Value - 2570 * 19-08-2024 12:13:23.495
Command * Level Sensing For J32 - #45,4,24824,16380,0,0*c953
 * 19-08-2024 12:13:23.579
Response  - 45,4,I001*ed14 * 19-08-2024 12:13:23.747
Response  - 45,4,F000,2598*bcd9 * 19-08-2024 12:13:26.44
J32 Value - 2598 * 19-08-2024 12:13:26.74
Command * Level Sensing For J33 - #46,4,21194,16380,0,0*9aea
 * 19-08-2024 12:13:26.153
Response  - 46,4,I001*f854 * 19-08-2024 12:13:26.320
Response  - 46,4,F000,2596*bb5d * 19-08-2024 12:13:28.609
J33 Value - 2596 * 19-08-2024 12:13:28.641
Command * Level Sensing For H1 - #47,4,2688,1000,0,1*2868
 * 19-08-2024 12:13:28.737
Response  - 47,4,I001*3495 * 19-08-2024 12:13:28.902
Response  - 47,4,F000,3510*04d9 * 19-08-2024 12:13:32.893
H1 Value - 3510 * 19-08-2024 12:13:32.922
Command * Level Sensing For H2 - #48,4,2688,8700,0,1*71eb
 * 19-08-2024 12:13:33.308
Response  - 48,4,I001*74d5 * 19-08-2024 12:13:33.469
Response  - 48,4,F000,3494*c89a * 19-08-2024 12:13:35.944
H2 Value - 3494 * 19-08-2024 12:13:35.973
Command * Level Sensing For H3 - #49,4,2688,16380,0,1*7726
 * 19-08-2024 12:13:36.410
Response  - 49,4,I001*b814 * 19-08-2024 12:13:36.579
Response  - 49,4,F000,3506*184e * 19-08-2024 12:13:39.39
H3 Value - 3506 * 19-08-2024 12:13:39.69
Command * Home Command - #50,5,11111111*6956
 * 19-08-2024 12:13:39.479
Response  - 50,5,I001,11111111*346f * 19-08-2024 12:13:39.644
Response  - 50,5,F000*471a * 19-08-2024 12:13:52.290
Command * Home Command - #51,5,11111111*aaab
 * 19-08-2024 12:13:57.613
Response  - 51,5,I001,11111111*a43e * 19-08-2024 12:13:57.779
Response  - 51,5,F000*8bdb * 19-08-2024 12:13:57.781
Response  - 0,16,F000*7ce9 * 19-08-2024 12:13:57.830
Command * Home Command - #0,5,11111111*757c
 * 19-08-2024 12:15:41.480
Response  - 0,5,I001,11111111*6271 * 19-08-2024 12:15:41.731
Response  - 0,5,F000*ed3b * 19-08-2024 12:15:41.733
Response  - 0,16,F000*7ce9 * 19-08-2024 12:15:41.765
Command * Home Command - #1,5,11111111*b681
 * 19-08-2024 12:15:45.155
Response  - 1,5,I001,11111111*f220 * 19-08-2024 12:15:45.322
Response  - 1,5,F000*21fa * 19-08-2024 12:15:45.325
Response  - 0,16,F000*7ce9 * 19-08-2024 12:15:45.355
Command * Level Sensing For H1 - #2,4,2688,1000,0,1*d334
 * 19-08-2024 12:15:48.720
Response  - 2,4,I001*3179 * 19-08-2024 12:15:48.888
Response  - 2,4,F000,3532*bec8 * 19-08-2024 12:15:59.10
H1 Value - 3532 * 19-08-2024 12:15:59.39
Command * Level Sensing For H2 - #3,4,2688,8700,0,1*e9d3
 * 19-08-2024 12:15:59.358
Response  - 3,4,I001*fdb8 * 19-08-2024 12:15:59.526
Response  - 3,4,F000,3530*fe4b * 19-08-2024 12:16:01.989
H2 Value - 3530 * 19-08-2024 12:16:02.23
Command * Level Sensing For H3 - #4,4,2688,16380,0,1*2c5f
 * 19-08-2024 12:16:02.459
Response  - 4,4,I001*1bf9 * 19-08-2024 12:16:02.625
Response  - 4,4,F000,3524*ea40 * 19-08-2024 12:16:05.94
H3 Value - 3524 * 19-08-2024 12:16:05.205
Command * Level Sensing For L1 - #5,4,17564,16380,0,0*0645
 * 19-08-2024 12:16:05.532
Response  - 5,4,I001*d738 * 19-08-2024 12:16:05.700
Response  - 5,4,F000,278*657e * 19-08-2024 12:16:09.283
L1 Value - 278 * 19-08-2024 12:16:09.418
Command * Level Sensing For L2 - #6,4,13934,16380,0,0*4619
 * 19-08-2024 12:16:09.620
Response  - 6,4,I001*c278 * 19-08-2024 12:16:09.779
Response  - 6,4,F000,259*c1ba * 19-08-2024 12:16:12.92
L2 Value - 259 * 19-08-2024 12:16:12.119
Command * Level Sensing For L3 - #7,4,10304,16380,0,0*b73b
 * 19-08-2024 12:16:12.205
Response  - 7,4,I001*0eb9 * 19-08-2024 12:16:12.373
Response  - 7,4,F000,256*0607 * 19-08-2024 12:16:14.673
L3 Value - 256 * 19-08-2024 12:16:14.702
Command * Home Command - #8,5,11111111*aa9d
 * 19-08-2024 12:16:14.785
Response  - 8,5,I001,11111111*a0f6 * 19-08-2024 12:16:14.941
Response  - 8,5,F000*4b3a * 19-08-2024 12:16:26.94
Command * Home Command - #9,5,11111111*6960
 * 19-08-2024 12:16:26.385
Response  - 9,5,I001,11111110*f066 * 19-08-2024 12:16:26.552
--------------------------------------------------------------------------

Command * Home Command - #0,5,11111111*757c
 * 19-08-2024 12:17:43.473
Command * Home Command - #0,5,11111111*757c
 * 19-08-2024 12:20:32.751
