Device Intialization started * 01-03-2025 12:17:49.807
Command * SET TEMPERATURE - #0,10,37*84ca
 * 01-03-2025 12:17:49.938
CRC-Response  - 0,10,F000*1ae9 * 01-03-2025 12:17:50.541
Command * WATER VALVE - 1 CONTROL ON - #1,13,1,1*7feb
 * 01-03-2025 12:17:51.602
CRC-Response  - 1,13,F000*b9e4 * 01-03-2025 12:17:51.818
Command * WATER VALVE - 2 CONTROL ON - #2,13,2,1*6a5b
 * 01-03-2025 12:17:51.876
CRC-Response  - 2,13,F000*49f0 * 01-03-2025 12:17:57.89
Command * WATER VALVE - 3 CONTROL ON - #3,13,3,1*66cb
 * 01-03-2025 12:17:57.428
CRC-Response  - 3,13,F000*d9fd * 01-03-2025 12:17:57.647
Command * WATER VALVE - 4 CONTROL ON - #4,13,4,1*413b
 * 01-03-2025 12:17:58.203
CRC-Response  - 4,13,F000*e9db * 01-03-2025 12:17:58.412
Command * WATER VALVE - 5 CONTROL ON - #5,13,5,1*4dab
 * 01-03-2025 12:17:58.966
CRC-Response  - 5,13,F000*79d6 * 01-03-2025 12:17:59.177
Command * WATER VALVE - 6 CONTROL ON - #6,13,6,1*581b
 * 01-03-2025 12:17:59.725
CRC-Response  - 6,13,F000*89c2 * 01-03-2025 12:17:59.939
Command * Home Command - #7,5,00100100*dea4
 * 01-03-2025 12:18:00.489
CRC-Response  - 7,5,I001,00100100*33ee * 01-03-2025 12:18:00.695
CRC-Response  - 7,5,F000*0b7a * 01-03-2025 12:18:00.699
Command * Home Command - #8,5,01111111*665c
 * 01-03-2025 12:18:03.265
CRC-Response  - 8,5,I001,01111111*6c37 * 01-03-2025 12:18:03.479
CRC-Response  - 8,5,F000*4b3a * 01-03-2025 12:18:14.531
Command * Home Command - #9,5,01111111*a5a1
 * 01-03-2025 12:18:16.632
CRC-Response  - 9,5,I001,01111111*fc66 * 01-03-2025 12:18:16.885
CRC-Response  - 9,5,F000*87fb * 01-03-2025 12:18:16.890
Command * Level Sensing For U1 - #10,4,61124,16380,0,0*9f4f
 * 01-03-2025 12:18:18.980
CRC-Response  - 10,4,I001*82eb * 01-03-2025 12:18:19.197
CRC-Response  - 10,4,F000,3537*e497 * 01-03-2025 12:18:23.324
U1 Value - 600 * 01-03-2025 12:18:23.354
Command * Level Sensing For U2 - #11,4,57494,16380,0,0*bade
 * 01-03-2025 12:18:23.781
CRC-Response  - 11,4,I001*4e2a * 01-03-2025 12:18:23.989
CRC-Response  - 11,4,F000,3552*c656 * 01-03-2025 12:18:26.286
U2 Value - 600 * 01-03-2025 12:18:26.304
Command * Level Sensing For U3 - #12,4,53864,16380,0,0*e29a
 * 01-03-2025 12:18:26.539
CRC-Response  - 12,4,I001*5b6a * 01-03-2025 12:18:26.755
CRC-Response  - 12,4,F000,3541*9412 * 01-03-2025 12:18:29.53
U3 Value - 600 * 01-03-2025 12:18:29.69
Command * Level Sensing For U4 - #13,4,50234,16380,0,0*1bb0
 * 01-03-2025 12:18:29.306
CRC-Response  - 13,4,I001*97ab * 01-03-2025 12:18:29.522
CRC-Response  - 13,4,F000,3532*2452 * 01-03-2025 12:18:31.801
U4 Value - 600 * 01-03-2025 12:18:31.821
Command * Level Sensing For U5 - #14,4,46604,16380,0,0*e9c8
 * 01-03-2025 12:18:32.88
CRC-Response  - 14,4,I001*71ea * 01-03-2025 12:18:32.298
CRC-Response  - 14,4,F000,3531*6219 * 01-03-2025 12:18:34.601
U5 Value - 600 * 01-03-2025 12:18:34.620
Command * Level Sensing For U6 - #15,4,42974,16380,0,0*1511
 * 01-03-2025 12:18:34.887
CRC-Response  - 15,4,I001*bd2b * 01-03-2025 12:18:35.99
CRC-Response  - 15,4,F000,3541*d319 * 01-03-2025 12:18:37.390
U6 Value - 600 * 01-03-2025 12:18:37.409
Device Intialization started * 01-03-2025 12:19:36.867
Command * SET TEMPERATURE - #0,10,37*84ca
 * 01-03-2025 12:19:36.997
CRC-Response  - 0,10,F000*1ae9 * 01-03-2025 12:19:37.206
Command * WATER VALVE - 1 CONTROL ON - #1,13,1,1*7feb
 * 01-03-2025 12:19:38.279
CRC-Response  - 1,13,F000*b9e4 * 01-03-2025 12:19:38.498
Command * WATER VALVE - 2 CONTROL ON - #2,13,2,1*6a5b
 * 01-03-2025 12:19:38.553
CRC-Response  - 2,13,F000*49f0 * 01-03-2025 12:19:43.765
Command * WATER VALVE - 3 CONTROL ON - #3,13,3,1*66cb
 * 01-03-2025 12:19:44.101
CRC-Response  - 3,13,F000*d9fd * 01-03-2025 12:19:44.311
Command * WATER VALVE - 4 CONTROL ON - #4,13,4,1*413b
 * 01-03-2025 12:19:44.888
CRC-Response  - 4,13,F000*e9db * 01-03-2025 12:19:45.92
Command * WATER VALVE - 5 CONTROL ON - #5,13,5,1*4dab
 * 01-03-2025 12:19:45.643
CRC-Response  - 5,13,F000*79d6 * 01-03-2025 12:19:45.853
Command * WATER VALVE - 6 CONTROL ON - #6,13,6,1*581b
 * 01-03-2025 12:19:46.420
CRC-Response  - 6,13,F000*89c2 * 01-03-2025 12:19:46.627
Command * Home Command - #7,5,00100100*dea4
 * 01-03-2025 12:19:47.184
CRC-Response  - 7,5,I001,00100100*33ee * 01-03-2025 12:19:47.394
CRC-Response  - 7,5,F000*0b7a * 01-03-2025 12:19:48.793
Command * Home Command - #8,5,01111111*665c
 * 01-03-2025 12:19:50.963
CRC-Response  - 8,5,I001,01111111*6c37 * 01-03-2025 12:19:51.172
CRC-Response  - 8,5,F000*4b3a * 01-03-2025 12:19:55.778
Command * Home Command - #9,5,01111111*a5a1
 * 01-03-2025 12:19:58.300
CRC-Response  - 9,5,I001,01111111*fc66 * 01-03-2025 12:19:58.510
CRC-Response  - 9,5,F000*87fb * 01-03-2025 12:19:58.514
Command * Level Sensing For U1 - #10,4,61124,16380,0,0*9f4f
 * 01-03-2025 12:20:00.588
CRC-Response  - 10,4,I001*82eb * 01-03-2025 12:20:00.807
CRC-Response  - 10,4,F000,3538*e0d7 * 01-03-2025 12:20:04.935
U1 Value - 600 * 01-03-2025 12:20:04.961
Command * Level Sensing For U2 - #11,4,57494,16380,0,0*bade
 * 01-03-2025 12:20:05.379
CRC-Response  - 11,4,I001*4e2a * 01-03-2025 12:20:05.590
CRC-Response  - 11,4,F000,3539*a114 * 01-03-2025 12:20:07.895
U2 Value - 600 * 01-03-2025 12:20:07.915
Command * Level Sensing For U3 - #12,4,53864,16380,0,0*e29a
 * 01-03-2025 12:20:08.145
CRC-Response  - 12,4,I001*5b6a * 01-03-2025 12:20:08.356
CRC-Response  - 12,4,F000,3542*9552 * 01-03-2025 12:20:10.660
U3 Value - 600 * 01-03-2025 12:20:10.679
Command * Level Sensing For U4 - #13,4,50234,16380,0,0*1bb0
 * 01-03-2025 12:20:10.914
CRC-Response  - 13,4,I001*97ab * 01-03-2025 12:20:11.123
CRC-Response  - 13,4,F000,3528*b3d3 * 01-03-2025 12:20:13.421
U4 Value - 600 * 01-03-2025 12:20:13.441
Command * Level Sensing For U5 - #14,4,46604,16380,0,0*e9c8
 * 01-03-2025 12:20:13.706
CRC-Response  - 14,4,I001*71ea * 01-03-2025 12:20:13.914
CRC-Response  - 14,4,F000,3511*0218 * 01-03-2025 12:20:16.211
U5 Value - 600 * 01-03-2025 12:20:16.228
Command * Level Sensing For U6 - #15,4,42974,16380,0,0*1511
 * 01-03-2025 12:20:16.497
CRC-Response  - 15,4,I001*bd2b * 01-03-2025 12:20:16.710
CRC-Response  - 15,4,F000,3534*e0db * 01-03-2025 12:20:19.10
U6 Value - 600 * 01-03-2025 12:20:19.26
Device Intialization started * 01-03-2025 12:28:10.674
Command * SET TEMPERATURE - #0,10,37*84ca
 * 01-03-2025 12:28:10.842
CRC-Response  - 0,10,F000*1ae9 * 01-03-2025 12:28:11.58
Command * WATER VALVE - 1 CONTROL ON - #1,13,1,1*7feb
 * 01-03-2025 12:28:12.138
CRC-Response  - 1,13,F000*b9e4 * 01-03-2025 12:28:12.342
Command * WATER VALVE - 2 CONTROL ON - #2,13,2,1*6a5b
 * 01-03-2025 12:28:12.399
CRC-Response  - 2,13,F000*49f0 * 01-03-2025 12:28:17.623
Command * WATER VALVE - 3 CONTROL ON - #3,13,3,1*66cb
 * 01-03-2025 12:28:17.953
CRC-Response  - 3,13,F000*d9fd * 01-03-2025 12:28:18.159
Command * WATER VALVE - 4 CONTROL ON - #4,13,4,1*413b
 * 01-03-2025 12:28:18.709
CRC-Response  - 4,13,F000*e9db * 01-03-2025 12:28:18.915
Command * WATER VALVE - 5 CONTROL ON - #5,13,5,1*4dab
 * 01-03-2025 12:28:19.468
CRC-Response  - 5,13,F000*79d6 * 01-03-2025 12:28:19.677
Command * WATER VALVE - 6 CONTROL ON - #6,13,6,1*581b
 * 01-03-2025 12:28:20.238
CRC-Response  - 6,13,F000*89c2 * 01-03-2025 12:28:20.443
Command * Home Command - #7,5,00100100*dea4
 * 01-03-2025 12:28:20.997
CRC-Response  - 7,5,I001,00100100*33ee * 01-03-2025 12:28:21.202
CRC-Response  - 7,5,F000*0b7a * 01-03-2025 12:28:22.603
Command * Home Command - #8,5,01111111*665c
 * 01-03-2025 12:28:24.788
CRC-Response  - 8,5,I001,01111111*6c37 * 01-03-2025 12:28:24.998
CRC-Response  - 8,5,F000*4b3a * 01-03-2025 12:28:29.582
Command * Home Command - #9,5,01111111*a5a1
 * 01-03-2025 12:28:32.105
CRC-Response  - 9,5,I001,01111111*fc66 * 01-03-2025 12:28:32.310
CRC-Response  - 9,5,F000*87fb * 01-03-2025 12:28:32.313
Command * Level Sensing For U1 - #10,4,61124,16380,0,0*9f4f
 * 01-03-2025 12:28:34.400
CRC-Response  - 10,4,I001*82eb * 01-03-2025 12:28:34.606
CRC-Response  - 10,4,F000,3536*2456 * 01-03-2025 12:28:38.752
U1 Value - 3536 * 01-03-2025 12:28:38.774
Command * Level Sensing For U2 - #11,4,57494,16380,0,0*bade
 * 01-03-2025 12:28:39.194
CRC-Response  - 11,4,I001*4e2a * 01-03-2025 12:28:39.404
CRC-Response  - 11,4,F000,3532*6655 * 01-03-2025 12:28:41.705
U2 Value - 3532 * 01-03-2025 12:28:41.726
Command * Level Sensing For U3 - #12,4,53864,16380,0,0*e29a
 * 01-03-2025 12:28:41.989
CRC-Response  - 12,4,I001*5b6a * 01-03-2025 12:28:42.203
CRC-Response  - 12,4,F000,3539*6211 * 01-03-2025 12:28:44.493
U3 Value - 3539 * 01-03-2025 12:28:44.512
Command * Level Sensing For U4 - #13,4,50234,16380,0,0*1bb0
 * 01-03-2025 12:28:44.773
CRC-Response  - 13,4,I001*97ab * 01-03-2025 12:28:44.991
CRC-Response  - 13,4,F000,3523*7492 * 01-03-2025 12:28:47.278
U4 Value - 3523 * 01-03-2025 12:28:47.299
Command * Level Sensing For U5 - #14,4,46604,16380,0,0*e9c8
 * 01-03-2025 12:28:47.557
CRC-Response  - 14,4,I001*71ea * 01-03-2025 12:28:47.767
CRC-Response  - 14,4,F000,3523*3399 * 01-03-2025 12:28:50.70
U5 Value - 3523 * 01-03-2025 12:28:50.90
Command * Level Sensing For U6 - #15,4,42974,16380,0,0*1511
 * 01-03-2025 12:28:50.357
CRC-Response  - 15,4,I001*bd2b * 01-03-2025 12:28:50.562
CRC-Response  - 15,4,F000,3538*e5db * 01-03-2025 12:28:52.864
U6 Value - 3538 * 01-03-2025 12:28:52.883
Command * Level Sensing For J1 - #16,4,10304,800,0,0*e5a2
 * 01-03-2025 12:28:53.137
CRC-Response  - 16,4,I001*a86b * 01-03-2025 12:28:53.346
CRC-Response  - 16,4,F000,3531*201e * 01-03-2025 12:28:58.927
J1 Value - 3531 * 01-03-2025 12:28:58.945
Command * Level Sensing For J2 - #17,4,13934,800 ,0,0*59f9
 * 01-03-2025 12:28:59.461
CRC-Response  - 17,4,I001*64aa * 01-03-2025 12:28:59.625
CRC-Response  - 17,4,F000,3535*621d * 01-03-2025 12:29:01.919
J2 Value - 3535 * 01-03-2025 12:29:01.934
Command * Level Sensing For J3 - #18,4,17564,800 ,0,0*16c5
 * 01-03-2025 12:29:02.196
CRC-Response  - 18,4,I001*24ea * 01-03-2025 12:29:02.407
CRC-Response  - 18,4,F000,3543*5f8b * 01-03-2025 12:29:04.695
J3 Value - 3543 * 01-03-2025 12:29:04.715
Command * Level Sensing For J4 - #19,4,21194,800 ,0,0*f45f
 * 01-03-2025 12:29:04.971
CRC-Response  - 19,4,I001*e82b * 01-03-2025 12:29:05.181
CRC-Response  - 19,4,F000,3551*8f09 * 01-03-2025 12:29:07.474
J4 Value - 3551 * 01-03-2025 12:29:07.494
Command * Level Sensing For J5 - #20,4,24824,800 ,0,0*13fd
 * 01-03-2025 12:29:07.744
CRC-Response  - 20,4,I001*72ff * 01-03-2025 12:29:07.954
CRC-Response  - 20,4,F000,3552*4457 * 01-03-2025 12:29:10.259
J5 Value - 3552 * 01-03-2025 12:29:10.276
Command * Level Sensing For J6 - #21,4,28454,800 ,0,0*47b7
 * 01-03-2025 12:29:10.515
CRC-Response  - 21,4,I001*be3e * 01-03-2025 12:29:10.726
CRC-Response  - 21,4,F000,3540*94d5 * 01-03-2025 12:29:13.25
J6 Value - 3540 * 01-03-2025 12:29:13.43
Command * Level Sensing For J7 - #22,4,32084,800 ,0,0*ab95
 * 01-03-2025 12:29:13.283
CRC-Response  - 22,4,I001*ab7e * 01-03-2025 12:29:13.491
CRC-Response  - 22,4,F000,3539*6112 * 01-03-2025 12:29:15.788
J7 Value - 3539 * 01-03-2025 12:29:15.809
Command * Level Sensing For J8 - #23,4,35714,800 ,0,0*4714
 * 01-03-2025 12:29:16.65
CRC-Response  - 23,4,I001*67bf * 01-03-2025 12:29:16.284
CRC-Response  - 23,4,F000,3542*1753 * 01-03-2025 12:29:18.577
J8 Value - 3542 * 01-03-2025 12:29:18.596
Command * Level Sensing For J9 - #24,4,39344,800 ,0,0*fd54
 * 01-03-2025 12:29:18.834
CRC-Response  - 24,4,I001*81fe * 01-03-2025 12:29:19.44
CRC-Response  - 24,4,F000,3525*321a * 01-03-2025 12:29:21.339
J9 Value - 3525 * 01-03-2025 12:29:21.359
Command * Level Sensing For J10 - #25,4,53864,800 ,0,0*6ef5
 * 01-03-2025 12:29:21.631
CRC-Response  - 25,4,I001*4d3f * 01-03-2025 12:29:21.844
CRC-Response  - 25,4,F000,3532*e158 * 01-03-2025 12:29:25.369
J10 Value - 3532 * 01-03-2025 12:29:25.386
Command * Level Sensing For J11 - #26,4,57494,800 ,0,0*aa2b
 * 01-03-2025 12:29:25.928
CRC-Response  - 26,4,I001*587f * 01-03-2025 12:29:26.138
CRC-Response  - 26,4,F000,3526*715d * 01-03-2025 12:29:28.431
J11 Value - 3526 * 01-03-2025 12:29:28.451
Command * Level Sensing For J12 - #27,4,61124,800 ,0,0*bb59
 * 01-03-2025 12:29:28.719
CRC-Response  - 27,4,I001*94be * 01-03-2025 12:29:28.930
CRC-Response  - 27,4,F000,3538*a4df * 01-03-2025 12:29:31.222
J12 Value - 3538 * 01-03-2025 12:29:31.240
Command * Level Sensing For J13 - #28,4,64754,800 ,0,0*d574
 * 01-03-2025 12:29:31.493
CRC-Response  - 28,4,I001*d4fe * 01-03-2025 12:29:31.700
CRC-Response  - 28,4,F000,3513*0c8b * 01-03-2025 12:29:33.997
J13 Value - 3513 * 01-03-2025 12:29:34.13
Command * Level Sensing For J14 - #29,4,64754,8590,0,0*73b1
 * 01-03-2025 12:29:34.257
CRC-Response  - 29,4,I001*183f * 01-03-2025 12:29:34.467
CRC-Response  - 29,4,F000,3537*2e89 * 01-03-2025 12:29:36.938
J14 Value - 3537 * 01-03-2025 12:29:36.959
Command * Level Sensing For J15 - #30,4,61124,8590,0,0*6841
 * 01-03-2025 12:29:37.37
CRC-Response  - 30,4,I001*e2f2 * 01-03-2025 12:29:37.250
CRC-Response  - 30,4,F000,3550*44d6 * 01-03-2025 12:29:39.543
J15 Value - 3550 * 01-03-2025 12:29:39.565
Command * Level Sensing For J16 - #31,4,57494,8590,0,0*7933
 * 01-03-2025 12:29:39.843
CRC-Response  - 31,4,I001*2e33 * 01-03-2025 12:29:40.62
CRC-Response  - 31,4,F000,3542*9454 * 01-03-2025 12:29:42.359
J16 Value - 3542 * 01-03-2025 12:29:42.377
Command * Level Sensing For J17 - #32,4,53864,8590,0,0*bded
 * 01-03-2025 12:29:42.629
CRC-Response  - 32,4,I001*3b73 * 01-03-2025 12:29:42.842
CRC-Response  - 32,4,F000,3052*c640 * 01-03-2025 12:29:45.146
J17 Value - 3052 * 01-03-2025 12:29:45.166
Command * Level Sensing For J18 - #33,4,39344,8590,0,0*2e4c
 * 01-03-2025 12:29:45.425
CRC-Response  - 33,4,I001*f7b2 * 01-03-2025 12:29:45.630
CRC-Response  - 33,4,F000,3289*d0a6 * 01-03-2025 12:29:49.154
J18 Value - 3289 * 01-03-2025 12:29:49.170
Command * Level Sensing For J19 - #34,4,35714,8590,0,0*940c
 * 01-03-2025 12:29:49.722
CRC-Response  - 34,4,I001*11f3 * 01-03-2025 12:29:49.933
CRC-Response  - 34,4,F000,3528*36db * 01-03-2025 12:29:52.221
J19 Value - 3528 * 01-03-2025 12:29:52.242
Command * Level Sensing For J20 - #35,4,32084,8590,0,0*788d
 * 01-03-2025 12:29:52.507
CRC-Response  - 35,4,I001*dd32 * 01-03-2025 12:29:52.721
CRC-Response  - 35,4,F000,3511*4119 * 01-03-2025 12:29:55.12
J20 Value - 3511 * 01-03-2025 12:29:55.28
Command * Level Sensing For J21 - #36,4,28454,8590,0,0*94af
 * 01-03-2025 12:29:55.290
CRC-Response  - 36,4,I001*c872 * 01-03-2025 12:29:55.507
CRC-Response  - 36,4,F000,2969*8bde * 01-03-2025 12:29:57.802
J21 Value - 2969 * 01-03-2025 12:29:57.822
Command * Level Sensing For J22 - #37,4,24824,8590,0,0*c0e5
 * 01-03-2025 12:29:58.89
CRC-Response  - 37,4,I001*04b3 * 01-03-2025 12:29:58.303
CRC-Response  - 37,4,F000,3548*55dd * 01-03-2025 12:30:00.595
J22 Value - 3548 * 01-03-2025 12:30:00.609
Command * Level Sensing For J23 - #38,4,21194,8590,0,0*eae3
 * 01-03-2025 12:30:00.871
CRC-Response  - 38,4,I001*44f3 * 01-03-2025 12:30:01.78
CRC-Response  - 38,4,F000,3547*5e89 * 01-03-2025 12:30:03.376
J23 Value - 3547 * 01-03-2025 12:30:03.395
Command * Level Sensing For J24 - #39,4,17564,8590,0,0*0879
 * 01-03-2025 12:30:03.634
CRC-Response  - 39,4,I001*8832 * 01-03-2025 12:30:03.846
CRC-Response  - 39,4,F000,2824*4158 * 01-03-2025 12:30:06.146
J24 Value - 2824 * 01-03-2025 12:30:06.158
Command * Level Sensing For J25 - #40,4,13934,8590,0,0*ba10
 * 01-03-2025 12:30:06.418
CRC-Response  - 40,4,I001*d2d4 * 01-03-2025 12:30:06.629
CRC-Response  - 40,4,F000,3554*40d1 * 01-03-2025 12:30:08.922
J25 Value - 3554 * 01-03-2025 12:30:08.939
Command * Level Sensing For J26 - #41,4,10304,8590,0,0*d953
 * 01-03-2025 12:30:09.177
CRC-Response  - 41,4,I001*1e15 * 01-03-2025 12:30:09.392
CRC-Response  - 41,4,F000,3548*54d2 * 01-03-2025 12:30:11.692
J26 Value - 3548 * 01-03-2025 12:30:11.711
Command * Level Sensing For J27 - #42,4,21194,16380,0,0*aa1b
 * 01-03-2025 12:30:11.966
CRC-Response  - 42,4,I001*0b55 * 01-03-2025 12:30:12.186
CRC-Response  - 42,4,F000,3614*c224 * 01-03-2025 12:30:15.293
J27 Value - 3614 * 01-03-2025 12:30:15.313
Command * Level Sensing For J28 - #43,4,24824,16380,0,0*41db
 * 01-03-2025 12:30:15.762
CRC-Response  - 43,4,I001*c794 * 01-03-2025 12:30:15.976
CRC-Response  - 43,4,F000,3616*82a7 * 01-03-2025 12:30:18.275
J28 Value - 3616 * 01-03-2025 12:30:18.295
Command * Level Sensing For J29 - #44,4,28454,16380,0,0*3e86
 * 01-03-2025 12:30:18.550
CRC-Response  - 44,4,I001*21d5 * 01-03-2025 12:30:18.759
CRC-Response  - 44,4,F000,3574*a4de * 01-03-2025 12:30:21.61
J29 Value - 3574 * 01-03-2025 12:30:21.79
Command * Level Sensing For J30 - #45,4,32084,16380,0,0*9f93
 * 01-03-2025 12:30:21.333
CRC-Response  - 45,4,I001*ed14 * 01-03-2025 12:30:21.543
CRC-Response  - 45,4,F000,3578*20dc * 01-03-2025 12:30:23.843
J30 Value - 3578 * 01-03-2025 12:30:23.861
Command * Level Sensing For J31 - #46,4,35714,16380,0,0*47c6
 * 01-03-2025 12:30:24.113
CRC-Response  - 46,4,I001*f854 * 01-03-2025 12:30:24.319
CRC-Response  - 46,4,F000,3566*b759 * 01-03-2025 12:30:26.623
J31 Value - 3566 * 01-03-2025 12:30:26.638
Command * Level Sensing For J32 - #47,4,39344,16380,0,0*3ff5
 * 01-03-2025 12:30:26.883
CRC-Response  - 47,4,I001*3495 * 01-03-2025 12:30:27.89
CRC-Response  - 47,4,F000,3568*f2da * 01-03-2025 12:30:29.385
J32 Value - 3568 * 01-03-2025 12:30:29.400
Command * Level Sensing For J33 - #48,4,64754,16380,0,0*a398
 * 01-03-2025 12:30:29.655
CRC-Response  - 48,4,I001*74d5 * 01-03-2025 12:30:29.866
CRC-Response  - 48,4,F000,3524*38cc * 01-03-2025 12:30:34.619
J33 Value - 3524 * 01-03-2025 12:30:34.634
Command * Level Sensing For W1 - #49,4,42974,800 ,0,0*ca45
 * 01-03-2025 12:30:34.954
CRC-Response  - 49,4,I001*b814 * 01-03-2025 12:30:35.164
CRC-Response  - 49,4,F000,3523*7b8f * 01-03-2025 12:30:39.512
W1 Value - 3523 * 01-03-2025 12:30:39.531
Command * Level Sensing For W2 - #50,4,46604,800 ,0,0*4cab
 * 01-03-2025 12:30:39.721
CRC-Response  - 50,4,I001*42d9 * 01-03-2025 12:30:39.942
CRC-Response  - 50,4,F000,3525*7112 * 01-03-2025 12:30:42.233
W2 Value - 3525 * 01-03-2025 12:30:42.250
Command * Level Sensing For W3 - #51,4,50234,800 ,0,0*3c0d
 * 01-03-2025 12:30:42.504
CRC-Response  - 51,4,I001*8e18 * 01-03-2025 12:30:42.713
CRC-Response  - 51,4,F000,3525*f010 * 01-03-2025 12:30:45.8
W3 Value - 3525 * 01-03-2025 12:30:45.23
Command * Level Sensing For W4 - #52,4,50234,8590,0,0*2269
 * 01-03-2025 12:30:45.295
CRC-Response  - 52,4,I001*9b58 * 01-03-2025 12:30:45.507
CRC-Response  - 52,4,F000,2867*0d06 * 01-03-2025 12:30:47.976
W4 Value - 2867 * 01-03-2025 12:30:47.993
Command * Level Sensing For W5 - #53,4,46604,8590,0,0*52cf
 * 01-03-2025 12:30:48.61
CRC-Response  - 53,4,I001*5799 * 01-03-2025 12:30:48.268
CRC-Response  - 53,4,F000,3522*7056 * 01-03-2025 12:30:50.562
W5 Value - 3522 * 01-03-2025 12:30:50.580
Command * Level Sensing For W6 - #54,4,42974,8590,0,0*c37e
 * 01-03-2025 12:30:50.851
CRC-Response  - 54,4,I001*b1d8 * 01-03-2025 12:30:51.59
CRC-Response  - 54,4,F000,3301*57fc * 01-03-2025 12:30:53.360
W6 Value - 3301 * 01-03-2025 12:30:53.379
Command * Level Sensing For H1 - #55,4,2688,1000,0,1*b498
 * 01-03-2025 12:30:53.619
CRC-Response  - 55,4,I001*7d19 * 01-03-2025 12:30:53.828
CRC-Response  - 55,4,F000,4095*3108 * 01-03-2025 12:31:00.246
H1 Value - 4095 * 01-03-2025 12:31:00.263
Command * Level Sensing For H2 - #56,4,2688,8700,0,1*eede
 * 01-03-2025 12:31:00.428
CRC-Response  - 56,4,I001*6859 * 01-03-2025 12:31:00.644
CRC-Response  - 56,4,F000,4095*f20d * 01-03-2025 12:31:03.111
H2 Value - 4095 * 01-03-2025 12:31:03.131
Command * Level Sensing For H3 - #57,4,2688,16380,0,1*6079
 * 01-03-2025 12:31:03.212
CRC-Response  - 57,4,I001*a498 * 01-03-2025 12:31:03.421
CRC-Response  - 57,4,F000,4095*730f * 01-03-2025 12:31:05.898
H3 Value - 4095 * 01-03-2025 12:31:05.919
Command * Home Command - #58,5,01111111*7a76
 * 01-03-2025 12:31:06.8
CRC-Response  - 58,5,I001,01111111*3a29 * 01-03-2025 12:31:06.227
CRC-Response  - 58,5,F000*e11b * 01-03-2025 12:31:18.755
Command * Home Command - #59,5,01111111*b98b
 * 01-03-2025 12:31:20.879
CRC-Response  - 59,5,I001,01111111*aa78 * 01-03-2025 12:31:21.88
CRC-Response  - 59,5,F000*2dda * 01-03-2025 12:31:21.89
Command * SET TEMPERATURE - #0,10,32*870a
 * 01-03-2025 12:32:09.292
CRC-Response  - 0,10,F000*1ae9 * 01-03-2025 12:32:09.508
Command * HEATER ON - #1,12,1*dbe7
 * 01-03-2025 12:32:10.577
CRC-Response  - 1,12,F000*68e5 * 01-03-2025 12:32:10.784
Command * HEATER DOOR CLOSE - #2,8,1,0*21eb
 * 01-03-2025 12:32:11.646
CRC-Response  - 2,8,I001*fd79 * 01-03-2025 12:32:11.853
CRC-Response  - 2,8,F000*29bb * 01-03-2025 12:32:12.199
Command * READ TEMPERATURE - #3,11*ed1a
 * 01-03-2025 12:32:12.408
CRC-Response  - 3,11,F000,36*2f86 * 01-03-2025 12:32:12.612
Command * WATER VALVE - 1 CONTROL OFF - #4,13,1,0*80ea
 * 01-03-2025 12:32:17.664
CRC-Response  - 4,13,F000*e9db * 01-03-2025 12:32:17.874
Command * WATER VALVE - 2 CONTROL OFF - #5,13,2,0*4cdb
 * 01-03-2025 12:32:18.425
CRC-Response  - 5,13,F000*79d6 * 01-03-2025 12:32:18.635
Command * WATER VALVE - 3 CONTROL OFF - #6,13,3,0*99ca
 * 01-03-2025 12:32:19.192
CRC-Response  - 6,13,F000*89c2 * 01-03-2025 12:32:19.399
Command * WATER VALVE - 4 CONTROL OFF - #7,13,4,0*94ba
 * 01-03-2025 12:32:19.950
CRC-Response  - 7,13,F000*19cf * 01-03-2025 12:32:20.160
Command * WATER VALVE - 5 CONTROL OFF - #8,13,5,0*14ab
 * 01-03-2025 12:32:20.717
CRC-Response  - 8,13,F000*e98e * 01-03-2025 12:32:20.922
Command * WATER VALVE - 6 CONTROL OFF - #9,13,6,0*d89a
 * 01-03-2025 12:32:21.477
CRC-Response  - 9,13,F000*7983 * 01-03-2025 12:32:21.685
Command * Home Command - #10,5,01111111*2199
 * 01-03-2025 12:32:22.249
CRC-Response  - 10,5,I001,01111111*c9ef * 01-03-2025 12:32:22.459
CRC-Response  - 10,5,F000*8728 * 01-03-2025 12:32:23.254
Command * Home Command - #11,5,01111111*e264
 * 01-03-2025 12:32:25.515
CRC-Response  - 11,5,I001,01111111*59be * 01-03-2025 12:32:25.723
CRC-Response  - 11,5,F000*4be9 * 01-03-2025 12:32:25.726
Command * Level Sensing For L1 - #12,4,17564,16380,0,0*6888
 * 01-03-2025 12:32:27.288
CRC-Response  - 12,4,I001*5b6a * 01-03-2025 12:32:27.495
CRC-Response  - 12,4,F000,343*c1bf * 01-03-2025 12:32:35.817
L1 Value - 343 * 01-03-2025 12:32:35.838
Command * Level Sensing For L2 - #13,4,13934,16380,0,0*90ad
 * 01-03-2025 12:32:36.134
CRC-Response  - 13,4,I001*97ab * 01-03-2025 12:32:36.354
CRC-Response  - 13,4,F000,350*9303 * 01-03-2025 12:32:38.646
L2 Value - 350 * 01-03-2025 12:32:38.667
Command * Level Sensing For L3 - #14,4,10304,16380,0,0*e907
 * 01-03-2025 12:32:38.920
CRC-Response  - 14,4,I001*71ea * 01-03-2025 12:32:39.129
CRC-Response  - 14,4,F000,359*5e36 * 01-03-2025 12:32:41.433
L3 Value - 359 * 01-03-2025 12:32:41.483
Command * Home Command - #15,5,01111111*2d95
 * 01-03-2025 12:32:41.722
CRC-Response  - 15,5,I001,01111111*98fc * 01-03-2025 12:32:41.929
CRC-Response  - 15,5,F000*b8e8 * 01-03-2025 12:32:52.992
Command * Home Command - #16,5,01111111*2991
 * 01-03-2025 12:32:55.537
CRC-Response  - 16,5,I001,01111111*680c * 01-03-2025 12:32:55.745
CRC-Response  - 16,5,F000*ada8 * 01-03-2025 12:32:55.749
Rack - 1Protocol Started * 01-03-2025 12:32:57.765
Command * Rack-1 Picked from L1 - #17,2,1,17564,16380,0,0*39ab
 * 01-03-2025 12:32:57.866
CRC-Response  - 17,2,I001,1*7522 * 01-03-2025 12:32:58.77
CRC-Response  - 17,2,F000,1*4a73 * 01-03-2025 12:33:08.732
Command * Rack-1 Placed in H1 - #18,3,1,2688,1000,0,1*f2e9
 * 01-03-2025 12:33:09.210
CRC-Response  - 18,3,I001,1*89d3 * 01-03-2025 12:33:09.426
CRC-Response  - 18,3,F000,1*b682 * 01-03-2025 12:33:16.298
Command * HEATER DOOR CLOSE - #19,8,1,0*32c8
 * 01-03-2025 12:33:16.562
CRC-Response  - 19,8,I001*242b * 01-03-2025 12:33:16.777
CRC-Response  - 19,8,F000*f0e9 * 01-03-2025 12:33:17.120
Command * READ TEMPERATURE - #20,11*4907
 * 01-03-2025 12:33:17.351
CRC-Response  - 20,11,F000,36*70a3 * 01-03-2025 12:33:17.556
Command * HEATER DOOR OPEN - #21,8,1,1*27c0
 * 01-03-2025 12:39:22.14
CRC-Response  - 21,8,I001*723e * 01-03-2025 12:39:22.298
CRC-Response  - 21,8,F000*a6fc * 01-03-2025 12:39:22.585
Rack - 2Protocol Started * 01-03-2025 12:39:23.307
Command * Rack-2 Picked from L2 - #22,2,1,13934,16380,0,0*7d95
 * 01-03-2025 12:39:23.392
CRC-Response  - 22,2,I001,1*213d * 01-03-2025 12:39:23.601
CRC-Response  - 22,2,F000,1*1e6c * 01-03-2025 12:39:30.83
Command * Rack-2 Placed in H2 - #23,3,1,2688,8700,0,1*4ebd
 * 01-03-2025 12:39:30.201
CRC-Response  - 23,3,I001,1*28ad * 01-03-2025 12:39:30.411
CRC-Response  - 23,3,F000,1*17fc * 01-03-2025 12:39:36.883
Command * HEATER DOOR CLOSE - #24,8,1,0*e754
 * 01-03-2025 12:39:37.55
CRC-Response  - 24,8,I001*4dfe * 01-03-2025 12:39:37.267
CRC-Response  - 24,8,F000*993c * 01-03-2025 12:39:37.610
Command * READ TEMPERATURE - #25,11*8507
 * 01-03-2025 12:39:37.823
CRC-Response  - 25,11,F000,36*7caf * 01-03-2025 12:39:38.35
Command * HEATER DOOR OPEN - #26,8,1,1*e7b6
 * 01-03-2025 12:43:17.393
CRC-Response  - 26,8,I001*947f * 01-03-2025 12:43:17.775
CRC-Response  - 26,8,F000*40bd * 01-03-2025 12:43:17.782
Command * Rack-1 Picked from H1 - #27,2,1,2688,1000,0,1*44ab
 * 01-03-2025 12:43:18.338
CRC-Response  - 27,2,I001,1*312d * 01-03-2025 12:43:18.549
CRC-Response  - 27,2,F000,1*0e7c * 01-03-2025 12:43:24.320
Command * HEATER DOOR CLOSE - #28,8,1,0*e798
 * 01-03-2025 12:43:24.662
CRC-Response  - 28,8,I001*18fe * 01-03-2025 12:43:24.882
CRC-Response  - 28,8,F000*cc3c * 01-03-2025 12:43:25.229
Command * Rack-1 Placed in J1 - #29,3,1,10304,800,0,0*ad1b
 * 01-03-2025 12:43:25.459
CRC-Response  - 29,3,I001,1*088d * 01-03-2025 12:43:25.663
CRC-Response  - 29,3,F000,1*37dc * 01-03-2025 12:43:31.712
Command * Rack-1 Picked from J1 - #30,2,1,10304,800,0,0*71a8
 * 01-03-2025 12:45:32.781
CRC-Response  - 30,2,I001,1*1798 * 01-03-2025 12:45:33.136
CRC-Response  - 30,2,F000,1*28c9 * 01-03-2025 12:45:38.84
Command * Rack-1 Placed in J2 - #31,3,1,13934,800 ,0,0*8fd0
 * 01-03-2025 12:45:38.257
CRC-Response  - 31,3,I001,1*1e08 * 01-03-2025 12:45:38.471
CRC-Response  - 31,3,F000,1*2159 * 01-03-2025 12:45:44.74
Command * HEATER DOOR OPEN - #32,8,1,1*eb32
 * 01-03-2025 12:45:52.790
CRC-Response  - 32,8,I001*f773 * 01-03-2025 12:45:53.9
CRC-Response  - 32,8,F000*23b1 * 01-03-2025 12:45:53.351
Rack - R3Protocol Started * 01-03-2025 12:45:54.22
Command * Rack-3 Picked from L3 - #33,2,1,10304,16380,0,0*6d4a
 * 01-03-2025 12:45:54.103
CRC-Response  - 33,2,I001,1*1868 * 01-03-2025 12:45:54.317
CRC-Response  - 33,2,F000,1*2739 * 01-03-2025 12:46:00.728
Command * Rack-3 Placed in H3 - #34,3,1,2688,16380,0,1*d36d
 * 01-03-2025 12:46:00.942
CRC-Response  - 34,3,I001,1*0e18 * 01-03-2025 12:46:01.157
CRC-Response  - 34,3,F000,1*3149 * 01-03-2025 12:46:07.203
Command * HEATER DOOR CLOSE - #35,8,1,0*eb85
 * 01-03-2025 12:46:07.794
CRC-Response  - 35,8,I001*1132 * 01-03-2025 12:46:08.9
CRC-Response  - 35,8,F000*c5f0 * 01-03-2025 12:46:08.355
Command * READ TEMPERATURE - #36,11*013a
 * 01-03-2025 12:46:08.550
CRC-Response  - 36,11,F000,37*3968 * 01-03-2025 12:46:08.763
Command * Rack-1 Picked from J2 - #37,2,1,13934,800 ,0,0*1509
 * 01-03-2025 12:47:45.29
CRC-Response  - 37,2,I001,1*cd29 * 01-03-2025 12:47:45.278
CRC-Response  - 37,2,F000,1*f278 * 01-03-2025 12:47:51.714
Command * Rack-1 Placed in J4 - #38,3,1,21194,800 ,0,0*51c8
 * 01-03-2025 12:47:51.953
CRC-Response  - 38,3,I001,1*31d8 * 01-03-2025 12:47:52.162
CRC-Response  - 38,3,F000,1*0e89 * 01-03-2025 12:47:58.179
Command * HEATER DOOR OPEN - #39,8,1,1*2b88
 * 01-03-2025 12:49:37.141
CRC-Response  - 39,8,I001*4432 * 01-03-2025 12:49:37.358
CRC-Response  - 39,8,F000*90f0 * 01-03-2025 12:49:37.702
Command * Rack-2 Picked from H2 - #40,2,1,2688,8700,0,1*fc20
 * 01-03-2025 12:49:37.924
CRC-Response  - 40,2,I001,1*6382 * 01-03-2025 12:49:38.144
CRC-Response  - 40,2,F000,1*5cd3 * 01-03-2025 12:49:45.426
Command * HEATER DOOR CLOSE - #41,8,1,0*cd81
 * 01-03-2025 12:49:45.773
CRC-Response  - 41,8,I001*d215 * 01-03-2025 12:49:45.988
CRC-Response  - 41,8,F000*06d7 * 01-03-2025 12:49:46.329
Command * Rack-2 Placed in J1 - #42,3,1,10304,800,0,0*ee35
 * 01-03-2025 12:49:46.540
CRC-Response  - 42,3,I001,1*65e2 * 01-03-2025 12:49:46.759
CRC-Response  - 42,3,F000,1*5ab3 * 01-03-2025 12:49:52.801
Command * Rack-1 Picked from J4 - #43,2,1,21194,800 ,0,0*604a
 * 01-03-2025 12:49:59.216
CRC-Response  - 43,2,I001,1*6c72 * 01-03-2025 12:49:59.430
CRC-Response  - 43,2,F000,1*5323 * 01-03-2025 12:50:05.845
Command * Rack-1 Placed in J5 - #44,3,1,24824,800 ,0,0*169b
 * 01-03-2025 12:50:06.18
CRC-Response  - 44,3,I001,1*7a02 * 01-03-2025 12:50:06.233
CRC-Response  - 44,3,F000,1*4553 * 01-03-2025 12:50:11.833
Command * Rack-2 Picked from J1 - #45,2,1,10304,800,0,0*0ad1
 * 01-03-2025 12:51:53.933
CRC-Response  - 45,2,I001,1*7392 * 01-03-2025 12:51:54.216
CRC-Response  - 45,2,F000,1*4cc3 * 01-03-2025 12:52:00.964
Command * Rack-2 Placed in J2 - #46,3,1,13934,800 ,0,0*8f13
 * 01-03-2025 12:52:01.327
CRC-Response  - 46,3,I001,1*b0a3 * 01-03-2025 12:52:01.538
CRC-Response  - 46,3,F000,1*8ff2 * 01-03-2025 12:52:07.141
Command * Rack-1 Picked from J5 - #47,2,1,24824,800 ,0,0*d98e
 * 01-03-2025 12:52:12.692
CRC-Response  - 47,2,I001,1*b933 * 01-03-2025 12:52:12.899
CRC-Response  - 47,2,F000,1*8662 * 01-03-2025 12:52:19.333
Command * Rack-1 Placed in J6 - #48,3,1,28454,800 ,0,0*7390
 * 01-03-2025 12:52:19.521
CRC-Response  - 48,3,I001,1*45c2 * 01-03-2025 12:52:19.736
CRC-Response  - 48,3,F000,1*7a93 * 01-03-2025 12:52:25.332
Command * HEATER DOOR OPEN - #49,8,1,1*cdc9
 * 01-03-2025 12:52:42.480
CRC-Response  - 49,8,I001*7414 * 01-03-2025 12:52:42.730
CRC-Response  - 49,8,F000*a0d6 * 01-03-2025 12:52:43.42
Command * Level Sensing For L1 - #50,4,17564,16380,0,0*5400
 * 01-03-2025 12:52:43.296
CRC-Response  - 50,4,I001*42d9 * 01-03-2025 12:52:43.510
CRC-Response  - 50,4,F000,366*e189 * 01-03-2025 12:52:47.611
L1 Value - 366 * 01-03-2025 12:52:47.634
Command * Level Sensing For L2 - #51,4,13934,16380,0,0*ac25
 * 01-03-2025 12:52:48.127
CRC-Response  - 51,4,I001*8e18 * 01-03-2025 12:52:48.334
CRC-Response  - 51,4,F000,337*b2b6 * 01-03-2025 12:52:50.633
L2 Value - 337 * 01-03-2025 12:52:50.653
Command * Level Sensing For L3 - #52,4,10304,16380,0,0*e57e
 * 01-03-2025 12:52:50.890
CRC-Response  - 52,4,I001*9b58 * 01-03-2025 12:52:51.101
CRC-Response  - 52,4,F000,351*1431 * 01-03-2025 12:52:53.398
L3 Value - 351 * 01-03-2025 12:52:53.418
Command * Home Command - #53,5,01111111*a193
 * 01-03-2025 12:52:53.673
CRC-Response  - 53,5,I001,01111111*085e * 01-03-2025 12:52:53.885
CRC-Response  - 53,5,F000*525a * 01-03-2025 12:53:04.945
Command * Home Command - #54,5,01111111*6a66
 * 01-03-2025 12:53:07.509
CRC-Response  - 54,5,I001,01111111*39ec * 01-03-2025 12:53:07.725
CRC-Response  - 54,5,F000*b41b * 01-03-2025 12:53:07.726
Rack - 4Protocol Started * 01-03-2025 12:53:09.741
Command * Rack-4 Picked from L1 - #55,2,1,17564,16380,0,0*28cd
 * 01-03-2025 12:53:09.831
CRC-Response  - 55,2,I001,1*8f96 * 01-03-2025 12:53:10.53
CRC-Response  - 55,2,F000,1*b0c7 * 01-03-2025 12:53:20.684
Command * Rack-4 Placed in H1 - #56,3,1,2688,1000,0,1*9f72
 * 01-03-2025 12:53:21.204
CRC-Response  - 56,3,I001,1*4ca7 * 01-03-2025 12:53:21.414
CRC-Response  - 56,3,F000,1*73f6 * 01-03-2025 12:53:28.290
Command * HEATER DOOR CLOSE - #57,8,1,0*0126
 * 01-03-2025 12:53:28.538
CRC-Response  - 57,8,I001*6898 * 01-03-2025 12:53:28.744
CRC-Response  - 57,8,F000*bc5a * 01-03-2025 12:53:29.102
Command * READ TEMPERATURE - #58,11*e9b0
 * 01-03-2025 12:53:29.311
CRC-Response  - 58,11,F000,37*2888 * 01-03-2025 12:53:29.520
Command * Rack-2 Picked from J2 - #59,2,1,13934,800 ,0,0*5c06
 * 01-03-2025 12:54:08.86
CRC-Response  - 59,2,I001,1*b056 * 01-03-2025 12:54:08.294
CRC-Response  - 59,2,F000,1*8f07 * 01-03-2025 12:54:14.767
Command * Rack-2 Placed in J4 - #60,3,1,21194,800 ,0,0*4d7c
 * 01-03-2025 12:54:14.940
CRC-Response  - 60,3,I001,1*1748 * 01-03-2025 12:54:15.154
CRC-Response  - 60,3,F000,1*2819 * 01-03-2025 12:54:21.172
Command * WATER VALVE - 1 CONTROL ON - #61,13,1,1*25de
 * 01-03-2025 12:54:22.268
CRC-Response  - 61,13,F000*ae7e * 01-03-2025 12:54:22.476
Command * Rack-1 Picked from J6 - #62,2,1,28454,800 ,0,0*c67a
 * 01-03-2025 12:54:26.304
CRC-Response  - 62,2,I001,1*1128 * 01-03-2025 12:54:26.524
CRC-Response  - 62,2,F000,1*2e79 * 01-03-2025 12:54:32.524
Command * Rack-1 Placed in W1 - #63,3,1,42974,800 ,0,0*8cee
 * 01-03-2025 12:54:32.667
CRC-Response  - 63,3,I001,1*18b8 * 01-03-2025 12:54:32.880
CRC-Response  - 63,3,F000,1*27e9 * 01-03-2025 12:54:39.715
Command * HEATER DOOR OPEN - #64,8,1,1*d494
 * 01-03-2025 12:56:07.796
CRC-Response  - 64,8,I001*8dcc * 01-03-2025 12:56:08.7
CRC-Response  - 64,8,F000*590e * 01-03-2025 12:56:08.354
Command * Rack-3 Picked from H3 - #65,2,1,2688,16380,0,1*ab54
 * 01-03-2025 12:56:08.567
CRC-Response  - 65,2,I001,1*cb99 * 01-03-2025 12:56:08.778
CRC-Response  - 65,2,F000,1*f4c8 * 01-03-2025 12:56:18.515
Command * HEATER DOOR CLOSE - #66,8,1,0*d476
 * 01-03-2025 12:56:18.985
CRC-Response  - 66,8,I001*544d * 01-03-2025 12:56:19.194
CRC-Response  - 66,8,F000*808f * 01-03-2025 12:56:19.537
Command * Rack-3 Placed in J1 - #67,3,1,10304,800,0,0*c080
 * 01-03-2025 12:56:19.751
11 Secconds Timer incrementes in Jar J4 for R2 as other racks picking by RA in tmr_r2_incub() * 01-03-2025 12:56:24.759
CRC-Response  - 67,3,I001,1*cdf9 * 01-03-2025 12:56:24.975
CRC-Response  - 67,3,F000,1*f2a8 * 01-03-2025 12:56:26.386
Command * Rack-2 Picked from J4 - #68,2,1,21194,800 ,0,0*f8cc
 * 01-03-2025 12:56:32.842
CRC-Response  - 68,2,I001,1*3108 * 01-03-2025 12:56:33.51
CRC-Response  - 68,2,F000,1*0e59 * 01-03-2025 12:56:39.478
Command * Rack-2 Placed in J5 - #69,3,1,24824,800 ,0,0*e895
 * 01-03-2025 12:56:39.715
CRC-Response  - 69,3,I001,1*3898 * 01-03-2025 12:56:39.928
11 Secconds Timer incrementes in Jar W1 for R1 as other racks picking by RA in tmr_r1_incub() * 01-03-2025 12:56:40.366
CRC-Response  - 69,3,F000,1*07c9 * 01-03-2025 12:56:45.528
Command * WATER VALVE - 1 CONTROL OFF - #70,13,1,0*b9d3
 * 01-03-2025 12:56:51.444
CRC-Response  - 70,13,F000*fb22 * 01-03-2025 12:56:51.649
Command * Rack-1 Picked from W1 - #71,2,1,42974,800 ,0,0*43d6
 * 01-03-2025 12:56:51.715
CRC-Response  - 71,2,I001,1*e2dc * 01-03-2025 12:56:56.944
CRC-Response  - 71,2,F000,1*dd8d * 01-03-2025 12:56:59.170
Command * Rack-1 Placed in J8 - #72,3,1,35714,800 ,0,0*5339
 * 01-03-2025 12:56:59.299
CRC-Response  - 72,3,I001,1*21ed * 01-03-2025 12:56:59.515
CRC-Response  - 72,3,F000,1*1ebc * 01-03-2025 12:57:05.537
Command * Rack-3 Picked from J1 - #73,2,1,10304,800,0,0*b11d
 * 01-03-2025 12:58:27.164
CRC-Response  - 73,2,I001,1*287d * 01-03-2025 12:58:27.381
CRC-Response  - 73,2,F000,1*172c * 01-03-2025 12:58:35.436
Command * Rack-3 Placed in J2 - #74,3,1,13934,800 ,0,0*5e59
 * 01-03-2025 12:58:36.16
CRC-Response  - 74,3,I001,1*3e0d * 01-03-2025 12:58:36.227
CRC-Response  - 74,3,F000,1*015c * 01-03-2025 12:58:41.834
Command * Rack-2 Picked from J5 - #75,2,1,24824,800 ,0,0*08c4
 * 01-03-2025 12:58:46.363
CRC-Response  - 75,2,I001,1*379d * 01-03-2025 12:58:46.579
CRC-Response  - 75,2,F000,1*08cc * 01-03-2025 12:58:53.4
Command * Rack-2 Placed in J6 - #76,3,1,28454,800 ,0,0*6fca
 * 01-03-2025 12:58:53.220
CRC-Response  - 76,3,I001,1*f4ac * 01-03-2025 12:58:53.432
CRC-Response  - 76,3,F000,1*cbfd * 01-03-2025 12:58:59.37
Command * HEATER DOOR OPEN - #77,8,1,1*1866
 * 01-03-2025 12:59:33.219
CRC-Response  - 77,8,I001*0881 * 01-03-2025 12:59:33.472
CRC-Response  - 77,8,F000*dc43 * 01-03-2025 12:59:33.770
Rack - 5Protocol Started * 01-03-2025 12:59:34.487
Command * Rack-5 Picked from L3 - #78,2,1,10304,16380,0,0*e5b5
 * 01-03-2025 12:59:34.722
CRC-Response  - 78,2,I001,1*cd0c * 01-03-2025 12:59:34.939
CRC-Response  - 78,2,F000,1*f25d * 01-03-2025 12:59:42.176
Command * Rack-5 - #79,1,1,10304,16380,0,0*70e1
 * 01-03-2025 12:59:42.572
CRC-Response  - 79,1,I001,1*1d1d * 01-03-2025 12:59:42.786
CRC-Response  - 79,1,F000,1*224c * 01-03-2025 12:59:43.518
11 Secconds Timer incrementes in Jar J8 for R1 as other racks picking by RA in tmr_r1_incub() * 01-03-2025 13:00:05.993
11 Secconds Timer incrementes in Jar J8 for R1 as other racks picking by RA in tmr_r1_incub() * 01-03-2025 13:00:16.982
11 Secconds Timer incrementes in Jar J8 for R1 as other racks picking by RA in tmr_r1_incub() * 01-03-2025 13:00:27.987
11 Secconds Timer incrementes in Jar J8 for R1 as other racks picking by RA in tmr_r1_incub() * 01-03-2025 13:00:38.987
11 Secconds Timer incrementes in Jar J2 for R3 as other racks picking by RA in tmr_r3_incub() * 01-03-2025 13:00:42.607
11 Secconds Timer incrementes in Jar J8 for R1 as other racks picking by RA in tmr_r1_incub() * 01-03-2025 13:00:50.21
11 Secconds Timer incrementes in Jar J2 for R3 as other racks picking by RA in tmr_r3_incub() * 01-03-2025 13:00:53.673
11 Secconds Timer incrementes in Jar J6 for R2 as other racks picking by RA in tmr_r2_incub() * 01-03-2025 13:00:59.886
11 Secconds Timer incrementes in Jar J8 for R1 as other racks picking by RA in tmr_r1_incub() * 01-03-2025 13:01:01.32
11 Secconds Timer incrementes in Jar J2 for R3 as other racks picking by RA in tmr_r3_incub() * 01-03-2025 13:01:04.691
11 Secconds Timer incrementes in Jar J6 for R2 as other racks picking by RA in tmr_r2_incub() * 01-03-2025 13:01:10.926
11 Secconds Timer incrementes in Jar J8 for R1 as other racks picking by RA in tmr_r1_incub() * 01-03-2025 13:01:12.28
11 Secconds Timer incrementes in Jar J2 for R3 as other racks picking by RA in tmr_r3_incub() * 01-03-2025 13:01:15.706
11 Secconds Timer incrementes in Jar J6 for R2 as other racks picking by RA in tmr_r2_incub() * 01-03-2025 13:01:21.932
11 Secconds Timer incrementes in Jar J8 for R1 as other racks picking by RA in tmr_r1_incub() * 01-03-2025 13:01:23.35
11 Secconds Timer incrementes in Jar J2 for R3 as other racks picking by RA in tmr_r3_incub() * 01-03-2025 13:01:26.710
11 Secconds Timer incrementes in Jar J6 for R2 as other racks picking by RA in tmr_r2_incub() * 01-03-2025 13:01:32.946
11 Secconds Timer incrementes in Jar J8 for R1 as other racks picking by RA in tmr_r1_incub() * 01-03-2025 13:01:34.38
11 Secconds Timer incrementes in Jar J2 for R3 as other racks picking by RA in tmr_r3_incub() * 01-03-2025 13:01:37.713
Device Intialization started * 01-03-2025 13:05:38.842
Command * SET TEMPERATURE - #0,10,37*84ca
 * 01-03-2025 13:05:38.965
CRC-Response  - 0,10,F000*1ae9 * 01-03-2025 13:05:39.212
Command * WATER VALVE - 1 CONTROL ON - #1,13,1,1*7feb
 * 01-03-2025 13:05:40.266
CRC-Response  - 1,13,F000*b9e4 * 01-03-2025 13:05:40.479
Command * WATER VALVE - 2 CONTROL ON - #2,13,2,1*6a5b
 * 01-03-2025 13:05:40.535
CRC-Response  - 2,13,F000*49f0 * 01-03-2025 13:05:45.751
Command * WATER VALVE - 3 CONTROL ON - #3,13,3,1*66cb
 * 01-03-2025 13:05:46.82
CRC-Response  - 3,13,F000*d9fd * 01-03-2025 13:05:46.294
Command * WATER VALVE - 4 CONTROL ON - #4,13,4,1*413b
 * 01-03-2025 13:05:46.861
CRC-Response  - 4,13,F000*e9db * 01-03-2025 13:05:47.67
Command * WATER VALVE - 5 CONTROL ON - #5,13,5,1*4dab
 * 01-03-2025 13:05:47.618
CRC-Response  - 5,13,F000*79d6 * 01-03-2025 13:05:47.830
Command * WATER VALVE - 6 CONTROL ON - #6,13,6,1*581b
 * 01-03-2025 13:05:48.383
CRC-Response  - 6,13,F000*89c2 * 01-03-2025 13:05:48.596
