Command * WATER VALVE - 1 CONTROL OFF - #0,13,1,0*73eb
 * 25-02-2025 18:23:09.974
CRC-Response  - 0,13,F000*29e9 * 25-02-2025 18:23:10.315
Command * WATER VALVE - 2 CONTROL OFF - #1,13,2,0*bfda
 * 25-02-2025 18:23:10.875
CRC-Response  - 1,13,F000*b9e4 * 25-02-2025 18:23:11.85
Command * WATER VALVE - 3 CONTROL OFF - #2,13,3,0*6acb
 * 25-02-2025 18:23:11.633
CRC-Response  - 2,13,F000*49f0 * 25-02-2025 18:23:11.840
Command * WATER VALVE - 4 CONTROL OFF - #3,13,4,0*67bb
 * 25-02-2025 18:23:12.567
CRC-Response  - 3,13,F000*d9fd * 25-02-2025 18:23:12.782
Command * WATER VALVE - 5 CONTROL OFF - #4,13,5,0*41ab
 * 25-02-2025 18:23:13.345
CRC-Response  - 4,13,F000*e9db * 25-02-2025 18:23:13.551
Command * WATER VALVE - 6 CONTROL OFF - #5,13,6,0*8d9a
 * 25-02-2025 18:23:14.104
CRC-Response  - 5,13,F000*79d6 * 25-02-2025 18:23:14.321
Command * Home Command - #6,5,01111111*b1b5
 * 25-02-2025 18:23:14.869
CRC-Response  - 6,5,I001,01111111*0f53 * 25-02-2025 18:23:15.78
CRC-Response  - 6,5,F000*c7bb * 25-02-2025 18:23:28.348
Command * Home Command - #7,5,01111111*7248
 * 25-02-2025 18:23:30.642
CRC-Response  - 7,5,I001,01111111*9f02 * 25-02-2025 18:23:30.865
CRC-Response  - 7,5,F000*0b7a * 25-02-2025 18:23:44.136
Command * Level Sensing For L1 - #8,4,17564,16380,0,0*ab6b
 * 25-02-2025 18:23:45.434
CRC-Response  - 8,4,I001*4ef9 * 25-02-2025 18:23:45.649
CRC-Response  - 8,4,F000,781*4146 * 25-02-2025 18:23:49.735
L1 Value - 600 * 25-02-2025 18:23:49.759
Command * Level Sensing For L2 - #9,4,13934,16380,0,0*534e
 * 25-02-2025 18:23:50.202
CRC-Response  - 9,4,I001*8238 * 25-02-2025 18:23:50.408
CRC-Response  - 9,4,F000,773*b33f * 25-02-2025 18:23:52.707
L2 Value - 600 * 25-02-2025 18:23:52.727
Command * Level Sensing For L3 - #10,4,10304,16380,0,0*d9f6
 * 25-02-2025 18:23:52.962
CRC-Response  - 10,4,I001*82eb * 25-02-2025 18:23:53.172
CRC-Response  - 10,4,F000,783*c702 * 25-02-2025 18:23:55.477
L3 Value - 600 * 25-02-2025 18:23:55.492
Command * Home Command - #11,5,01111111*e264
 * 25-02-2025 18:23:55.727
CRC-Response  - 11,5,I001,01111111*59be * 25-02-2025 18:23:55.939
CRC-Response  - 11,5,F000*4be9 * 25-02-2025 18:24:09.207
Command * Home Command - #12,5,01111111*e660
 * 25-02-2025 18:24:11.509
CRC-Response  - 12,5,I001,01111111*a94e * 25-02-2025 18:24:11.849
CRC-Response  - 12,5,F000*5ea9 * 25-02-2025 18:24:24.999
Rack - 1Protocol Started * 25-02-2025 18:24:26.874
Command * Rack-1 Picked from L1 - #13,2,1,17564,16380,0,0*bdee
 * 25-02-2025 18:24:26.987
CRC-Response  - 13,2,I001,1*a063 * 25-02-2025 18:24:27.198
CRC-Response  - 13,2,F000,1*9f32 * 25-02-2025 18:24:33.229
Command * Rack-1 Placed in J1 - #14,3,1,10304,800,0,0*3371
 * 25-02-2025 18:24:33.789
CRC-Response  - 14,3,I001,1*b613 * 25-02-2025 18:24:34.4
CRC-Response  - 14,3,F000,1*8942 * 25-02-2025 18:24:40.417
Command * Rack-1 Picked from J1 - #15,2,1,10304,800,0,0*5f1d
 * 25-02-2025 18:26:41.577
CRC-Response  - 15,2,I001,1*bf83 * 25-02-2025 18:26:41.833
CRC-Response  - 15,2,F000,1*80d2 * 25-02-2025 18:26:46.885
Command * Rack-1 Placed in J2 - #16,3,1,13934,800 ,0,0*da46
 * 25-02-2025 18:26:47.423
CRC-Response  - 16,3,I001,1*7cb2 * 25-02-2025 18:26:47.642
CRC-Response  - 16,3,F000,1*43e3 * 25-02-2025 18:26:53.248
Rack - 2Protocol Started * 25-02-2025 18:27:55.251
Command * Rack-2 Picked from L2 - #17,2,1,13934,16380,0,0*3db3
 * 25-02-2025 18:27:55.343
CRC-Response  - 17,2,I001,1*7522 * 25-02-2025 18:27:55.561
CRC-Response  - 17,2,F000,1*4a73 * 25-02-2025 18:28:01.973
Command * Rack-2 Placed in J1 - #18,3,1,10304,800,0,0*6262
 * 25-02-2025 18:28:02.153
CRC-Response  - 18,3,I001,1*89d3 * 25-02-2025 18:28:02.361
CRC-Response  - 18,3,F000,1*b682 * 25-02-2025 18:28:08.783
Command * Rack-1 Picked from J2 - #19,2,1,13934,800 ,0,0*d843
 * 25-02-2025 18:28:53.773
CRC-Response  - 19,2,I001,1*8043 * 25-02-2025 18:28:54.30
CRC-Response  - 19,2,F000,1*bf12 * 25-02-2025 18:28:59.598
Command * Rack-1 Placed in J3 - #20,3,1,17564,800 ,0,0*d7f2
 * 25-02-2025 18:29:00.119
CRC-Response  - 20,3,I001,1*275d * 25-02-2025 18:29:00.327
CRC-Response  - 20,3,F000,1*180c * 25-02-2025 18:29:05.949
Command * Rack-2 Picked from J1 - #21,2,1,10304,800,0,0*5ca8
 * 25-02-2025 18:30:08.956
CRC-Response  - 21,2,I001,1*2ecd * 25-02-2025 18:30:09.209
CRC-Response  - 21,2,F000,1*119c * 25-02-2025 18:30:15.200
Command * Rack-2 Placed in J2 - #22,3,1,13934,800 ,0,0*6d84
 * 25-02-2025 18:30:15.285
CRC-Response  - 22,3,I001,1*edfc * 25-02-2025 18:30:15.500
CRC-Response  - 22,3,F000,1*d2ad * 25-02-2025 18:30:21.114
Command * Rack-1 Picked from J3 - #23,2,1,17564,800 ,0,0*18e7
 * 25-02-2025 18:31:06.473
CRC-Response  - 23,2,I001,1*e46c * 25-02-2025 18:31:06.939
CRC-Response  - 23,2,F000,1*db3d * 25-02-2025 18:31:12.292
Command * Rack-1 Placed in J4 - #24,3,1,21194,800 ,0,0*4dc8
 * 25-02-2025 18:31:12.528
CRC-Response  - 24,3,I001,1*f21c * 25-02-2025 18:31:12.742
CRC-Response  - 24,3,F000,1*cd4d * 25-02-2025 18:31:18.359
Rack - R3Protocol Started * 25-02-2025 18:31:23.636
Command * Rack-3 Picked from L3 - #25,2,1,10304,16380,0,0*c7fc
 * 25-02-2025 18:31:23.719
CRC-Response  - 25,2,I001,1*fb8c * 25-02-2025 18:31:23.928
CRC-Response  - 25,2,F000,1*c4dd * 25-02-2025 18:31:30.357
Command * Rack-3 Placed in J1 - #26,3,1,10304,800,0,0*b84c
 * 25-02-2025 18:31:30.509
CRC-Response  - 26,3,I001,1*38bd * 25-02-2025 18:31:30.724
CRC-Response  - 26,3,F000,1*07ec * 25-02-2025 18:31:37.140
Command * Rack-2 Picked from J2 - #27,2,1,13934,800 ,0,0*c419
 * 25-02-2025 18:32:21.579
CRC-Response  - 27,2,I001,1*312d * 25-02-2025 18:32:21.823
CRC-Response  - 27,2,F000,1*0e7c * 25-02-2025 18:32:27.407
Command * Rack-2 Placed in J3 - #28,3,1,17564,800 ,0,0*9e13
 * 25-02-2025 18:32:27.895
CRC-Response  - 28,3,I001,1*cddc * 25-02-2025 18:32:28.104
CRC-Response  - 28,3,F000,1*f28d * 25-02-2025 18:32:33.718
Command * Rack-1 Picked from J4 - #29,2,1,21194,800 ,0,0*adb4
 * 25-02-2025 18:33:18.842
CRC-Response  - 29,2,I001,1*c44c * 25-02-2025 18:33:19.310
CRC-Response  - 29,2,F000,1*fb1d * 25-02-2025 18:33:24.672
Command * Rack-1 Placed in J5 - #30,3,1,24824,800 ,0,0*251c
 * 25-02-2025 18:33:24.893
CRC-Response  - 30,3,I001,1*db59 * 25-02-2025 18:33:25.105
CRC-Response  - 30,3,F000,1*e408 * 25-02-2025 18:33:30.717
Command * Rack-3 Picked from J1 - #31,2,1,10304,800,0,0*8d95
 * 25-02-2025 18:33:37.335
CRC-Response  - 31,2,I001,1*d2c9 * 25-02-2025 18:33:37.540
CRC-Response  - 31,2,F000,1*ed98 * 25-02-2025 18:33:44.384
Command * Rack-3 Placed in J2 - #32,3,1,13934,800 ,0,0*bc94
 * 25-02-2025 18:33:44.621
CRC-Response  - 32,3,I001,1*11f8 * 25-02-2025 18:33:44.833
CRC-Response  - 32,3,F000,1*2ea9 * 25-02-2025 18:33:50.446
Command * Rack-2 Picked from J3 - #33,2,1,17564,800 ,0,0*c9f7
 * 25-02-2025 18:34:34.196
CRC-Response  - 33,2,I001,1*1868 * 25-02-2025 18:34:34.413
CRC-Response  - 33,2,F000,1*2739 * 25-02-2025 18:34:40.15
Command * Rack-2 Placed in J4 - #34,3,1,21194,800 ,0,0*9cd8
 * 25-02-2025 18:34:40.498
CRC-Response  - 34,3,I001,1*0e18 * 25-02-2025 18:34:40.710
CRC-Response  - 34,3,F000,1*3149 * 25-02-2025 18:34:46.321
Command * Level Sensing For L1 - #35,4,17564,16380,0,0*fe44
 * 25-02-2025 18:34:54.539
CRC-Response  - 35,4,I001*dd32 * 25-02-2025 18:34:54.745
CRC-Response  - 35,4,F000,782*49c8 * 25-02-2025 18:34:58.838
L1 Value - 600 * 25-02-2025 18:34:58.853
Command * Level Sensing For L2 - #36,4,13934,16380,0,0*be18
 * 25-02-2025 18:34:59.291
CRC-Response  - 36,4,I001*c872 * 25-02-2025 18:34:59.500
CRC-Response  - 36,4,F000,742*4dc9 * 25-02-2025 18:35:01.805
L2 Value - 600 * 25-02-2025 18:35:01.823
Command * Level Sensing For L3 - #37,4,10304,16380,0,0*4f3a
 * 25-02-2025 18:35:02.62
CRC-Response  - 37,4,I001*04b3 * 25-02-2025 18:35:02.268
CRC-Response  - 37,4,F000,793*def1 * 25-02-2025 18:35:04.577
L3 Value - 600 * 25-02-2025 18:35:04.591
Command * Home Command - #38,5,01111111*bc7f
 * 25-02-2025 18:35:04.831
CRC-Response  - 38,5,I001,01111111*b3c9 * 25-02-2025 18:35:05.40
CRC-Response  - 38,5,F000*4130 * 25-02-2025 18:35:18.311
Command * Home Command - #39,5,01111111*7f82
 * 25-02-2025 18:35:20.626
CRC-Response  - 39,5,I001,01111111*2398 * 25-02-2025 18:35:20.833
Rack R3delayed by 11 seconds due to As other rack is ready for pickup in Jar J2 in tmr_r3_incub() function * 25-02-2025 18:35:32.871
CRC-Response  - 39,5,F000*8df1 * 25-02-2025 18:35:34.109
Rack - 4Protocol Started * 25-02-2025 18:35:35.844
Command * Rack-4 Picked from L1 - #40,2,1,17564,16380,0,0*b148
 * 25-02-2025 18:35:35.934
CRC-Response  - 40,2,I001,1*6382 * 25-02-2025 18:35:36.154
CRC-Response  - 40,2,F000,1*5cd3 * 25-02-2025 18:35:42.173
Command * Rack-4 Placed in J1 - #41,3,1,10304,800,0,0*aa71
 * 25-02-2025 18:35:42.732
CRC-Response  - 41,3,I001,1*6a12 * 25-02-2025 18:35:42.952
CRC-Response  - 41,3,F000,1*5543 * 25-02-2025 18:35:49.359
Command * Rack-3 Picked from J2 - #43,2,1,13934,800 ,0,0*268e
 * 25-02-2025 18:36:01.926
CRC-Response  - 43,2,I001,1*6c72 * 25-02-2025 18:36:02.132
CRC-Response  - 43,2,F000,1*5323 * 25-02-2025 18:36:07.747
Command * Rack-3 Placed in J3 - #44,3,1,17564,800 ,0,0*3565
 * 25-02-2025 18:36:08.220
CRC-Response  - 44,3,I001,1*7a02 * 25-02-2025 18:36:08.427
CRC-Response  - 44,3,F000,1*4553 * 25-02-2025 18:36:14.44
Command * Rack-1 Placed in J6 - #45,3,1,28454,800 ,0,0*6fbd
 * 25-02-2025 18:36:14.261
CRC-Response  - 45,3,I001,1*bf53 * 25-02-2025 18:36:14.479
CRC-Response  - 45,3,F000,1*8002 * 25-02-2025 18:36:20.915
Command * Rack-2 Picked from J4 - #46,2,1,21194,800 ,0,0*3586
 * 25-02-2025 18:36:47.786
CRC-Response  - 46,2,I001,1*7c62 * 25-02-2025 18:36:47.998
User Aborted / Stopped the application forcefully  * 25-02-2025 18:36:51.703
CRC-Response  - 46,2,F000,1*4333 * 25-02-2025 18:36:54.31
