Command * WATER VALVE - 1 CONTROL ON - #0,13,1,1*b32a
 * 15-11-2024 14:19:41.839
CRC-Response  - 0,13,F000*29e9 * 15-11-2024 14:19:42.8
Command * WATER VALVE - 2 CONTROL ON - #1,13,2,1*7f1b
 * 15-11-2024 14:19:43.24
CRC-Response  - 1,13,F000*b9e4 * 15-11-2024 14:19:43.192
Command * WATER VALVE - 3 CONTROL ON - #2,13,3,1*aa0a
 * 15-11-2024 14:19:44.201
CRC-Response  - 2,13,F000*49f0 * 15-11-2024 14:19:44.370
Command * WATER VALVE - 4 CONTROL ON - #3,13,4,1*a77a
 * 15-11-2024 14:19:45.390
CRC-Response  - 3,13,F000*d9fd * 15-11-2024 14:19:45.555
Command * WATER VALVE - 5 CONTROL ON - #4,13,5,1*816a
 * 15-11-2024 14:19:46.573
CRC-Response  - 4,13,F000*e9db * 15-11-2024 14:19:46.739
Command * WATER VALVE - 6 CONTROL ON - #5,13,6,1*4d5b
 * 15-11-2024 14:19:47.752
CRC-Response  - 5,13,F000*79d6 * 15-11-2024 14:19:47.916
Device Intialization started * 15-11-2024 14:19:53.935
Command * Both Z Axis Home Command - #6,5,00100100*1d59
 * 15-11-2024 14:19:53.943
CRC-Response  - 6,5,I001,00100100*a3bf * 15-11-2024 14:19:54.104
CRC-Response  - 6,5,F000*c7bb * 15-11-2024 14:19:55.124
Command * Home Command - #7,5,01111111*7248
 * 15-11-2024 14:19:57.631
CRC-Response  - 7,5,I001,01111111*9f02 * 15-11-2024 14:19:57.797
CRC-Response  - 7,5,F000*0b7a * 15-11-2024 14:19:58.603
Command * Home Command - #8,5,01111111*665c
 * 15-11-2024 14:20:00.810
CRC-Response  - 8,5,I001,01111111*6c37 * 15-11-2024 14:20:00.975
CRC-Response  - 8,5,F000*4b3a * 15-11-2024 14:20:00.982
Command * Level Sensing For U1 - #9,4,61124,16380,0,0*18e8
 * 15-11-2024 14:20:03.514
CRC-Response  - 9,4,I001*8238 * 15-11-2024 14:20:03.677
CRC-Response  - 9,4,F000,2446*fa81 * 15-11-2024 14:20:07.822
U1 Value - 2446 * 15-11-2024 14:20:07.848
Command * Level Sensing For U2 - #10,4,57494,16380,0,0*46e3
 * 15-11-2024 14:20:08.186
CRC-Response  - 10,4,I001*82eb * 15-11-2024 14:20:08.362
CRC-Response  - 10,4,F000,2445*2944 * 15-11-2024 14:20:10.641
U2 Value - 2445 * 15-11-2024 14:20:10.663
Command * Level Sensing For U3 - #11,4,53864,16380,0,0*a6de
 * 15-11-2024 14:20:10.898
CRC-Response  - 11,4,I001*4e2a * 15-11-2024 14:20:11.61
CRC-Response  - 11,4,F000,2441*6b47 * 15-11-2024 14:20:13.349
U3 Value - 2441 * 15-11-2024 14:20:13.364
Command * Level Sensing For U4 - #12,4,50234,16380,0,0*e78d
 * 15-11-2024 14:20:13.563
CRC-Response  - 12,4,I001*5b6a * 15-11-2024 14:20:13.721
CRC-Response  - 12,4,F000,2444*ab82 * 15-11-2024 14:20:16.19
U4 Value - 2444 * 15-11-2024 14:20:16.39
Command * Level Sensing For U5 - #13,4,46604,16380,0,0*9d7d
 * 15-11-2024 14:20:16.243
CRC-Response  - 13,4,I001*97ab * 15-11-2024 14:20:16.406
CRC-Response  - 13,4,F000,2433*d8c3 * 15-11-2024 14:20:18.700
U5 Value - 2433 * 15-11-2024 14:20:18.716
Command * Level Sensing For U6 - #14,4,42974,16380,0,0*e92c
 * 15-11-2024 14:20:18.924
CRC-Response  - 14,4,I001*71ea * 15-11-2024 14:20:19.87
CRC-Response  - 14,4,F000,2436*9c08 * 15-11-2024 14:20:21.376
U6 Value - 2436 * 15-11-2024 14:20:21.394
Command * Level Sensing For J1 - #15,4,10304,800,0,0*1552
 * 15-11-2024 14:20:21.644
CRC-Response  - 15,4,I001*bd2b * 15-11-2024 14:20:21.809
CRC-Response  - 15,4,F000,2451*7f48 * 15-11-2024 14:20:27.334
J1 Value - 2451 * 15-11-2024 14:20:27.355
Command * Level Sensing For J2 - #16,4,13934,800 ,0,0*a5a8
 * 15-11-2024 14:20:27.816
CRC-Response  - 16,4,I001*a86b * 15-11-2024 14:20:27.983
CRC-Response  - 16,4,F000,2450*7c8c * 15-11-2024 14:20:30.268
J2 Value - 2450 * 15-11-2024 14:20:30.287
Command * Level Sensing For J3 - #17,4,17564,800 ,0,0*01f6
 * 15-11-2024 14:20:30.489
CRC-Response  - 17,4,I001*64aa * 15-11-2024 14:20:30.656
CRC-Response  - 17,4,F000,2455*fe4e * 15-11-2024 14:20:32.946
J3 Value - 2455 * 15-11-2024 14:20:32.963
Command * Level Sensing For J4 - #18,4,21194,800 ,0,0*080e
 * 15-11-2024 14:20:33.175
CRC-Response  - 18,4,I001*24ea * 15-11-2024 14:20:33.333
CRC-Response  - 18,4,F000,2459*f45a * 15-11-2024 14:20:35.630
J4 Value - 2459 * 15-11-2024 14:20:35.647
Command * Level Sensing For J5 - #19,4,24824,800 ,0,0*c96a
 * 15-11-2024 14:20:35.853
CRC-Response  - 19,4,I001*e82b * 15-11-2024 14:20:36.19
CRC-Response  - 19,4,F000,2459*7558 * 15-11-2024 14:20:38.314
J5 Value - 2459 * 15-11-2024 14:20:38.333
Command * Level Sensing For J6 - #20,4,28454,800 ,0,0*bbe6
 * 15-11-2024 14:20:38.521
CRC-Response  - 20,4,I001*72ff * 15-11-2024 14:20:38.683
CRC-Response  - 20,4,F000,2457*7bc7 * 15-11-2024 14:20:40.980
J6 Value - 2457 * 15-11-2024 14:20:41.1
Command * Level Sensing For J7 - #21,4,32084,800 ,0,0*ef65
 * 15-11-2024 14:20:41.207
CRC-Response  - 21,4,I001*be3e * 15-11-2024 14:20:41.366
CRC-Response  - 21,4,F000,2452*f905 * 15-11-2024 14:20:43.657
J7 Value - 2452 * 15-11-2024 14:20:43.673
Command * Level Sensing For J8 - #22,4,35714,800 ,0,0*bb45
 * 15-11-2024 14:20:43.893
CRC-Response  - 22,4,I001*ab7e * 15-11-2024 14:20:44.63
CRC-Response  - 22,4,F000,2454*3880 * 15-11-2024 14:20:46.351
J8 Value - 2454 * 15-11-2024 14:20:46.371
Command * Level Sensing For J9 - #23,4,39344,800 ,0,0*88e5
 * 15-11-2024 14:20:46.599
CRC-Response  - 23,4,I001*67bf * 15-11-2024 14:20:46.769
CRC-Response  - 23,4,F000,2461*4a42 * 15-11-2024 14:20:49.60
J9 Value - 2461 * 15-11-2024 14:20:49.78
Command * Level Sensing For J10 - #24,4,53864,800 ,0,0*92a4
 * 15-11-2024 14:20:49.272
CRC-Response  - 24,4,I001*81fe * 15-11-2024 14:20:49.430
CRC-Response  - 24,4,F000,2463*ccc8 * 15-11-2024 14:20:52.935
J10 Value - 2463 * 15-11-2024 14:20:52.952
Command * Level Sensing For J11 - #25,4,57494,800 ,0,0*eedb
 * 15-11-2024 14:20:52.960
CRC-Response  - 25,4,I001*4d3f * 15-11-2024 14:20:53.118
CRC-Response  - 25,4,F000,2481*ec4f * 15-11-2024 14:20:55.408
J11 Value - 2481 * 15-11-2024 14:20:55.424
Command * Level Sensing For J12 - #26,4,61124,800 ,0,0*4708
 * 15-11-2024 14:20:55.629
CRC-Response  - 26,4,I001*587f * 15-11-2024 14:20:55.797
CRC-Response  - 26,4,F000,2487*2dca * 15-11-2024 14:20:58.88
J12 Value - 2487 * 15-11-2024 14:20:58.109
Command * Level Sensing For J13 - #27,4,64754,800 ,0,0*c247
 * 15-11-2024 14:20:58.338
CRC-Response  - 27,4,I001*94be * 15-11-2024 14:20:58.503
CRC-Response  - 27,4,F000,2479*984c * 15-11-2024 14:21:00.793
J13 Value - 2479 * 15-11-2024 14:21:00.810
Command * Level Sensing For J14 - #28,4,64754,8590,0,0*8fe0
 * 15-11-2024 14:21:01.43
CRC-Response  - 28,4,I001*d4fe * 15-11-2024 14:21:01.207
CRC-Response  - 28,4,F000,2485*625d * 15-11-2024 14:21:03.675
J14 Value - 2485 * 15-11-2024 14:21:03.694
Command * Level Sensing For J15 - #29,4,61124,8590,0,0*0aaf
 * 15-11-2024 14:21:03.727
CRC-Response  - 29,4,I001*183f * 15-11-2024 14:21:03.893
CRC-Response  - 29,4,F000,2492*b11f * 15-11-2024 14:21:06.186
J15 Value - 2492 * 15-11-2024 14:21:06.205
Command * Level Sensing For J16 - #30,4,57494,8590,0,0*8562
 * 15-11-2024 14:21:06.427
CRC-Response  - 30,4,I001*e2f2 * 15-11-2024 14:21:06.592
CRC-Response  - 30,4,F000,2480*e882 * 15-11-2024 14:21:08.884
J16 Value - 2480 * 15-11-2024 14:21:08.907
Command * Level Sensing For J17 - #31,4,53864,8590,0,0*f91d
 * 15-11-2024 14:21:09.105
CRC-Response  - 31,4,I001*2e33 * 15-11-2024 14:21:09.271
CRC-Response  - 31,4,F000,2485*6a40 * 15-11-2024 14:21:11.555
J17 Value - 2485 * 15-11-2024 14:21:11.573
Command * Level Sensing For J18 - #32,4,39344,8590,0,0*d21d
 * 15-11-2024 14:21:11.798
CRC-Response  - 32,4,I001*3b73 * 15-11-2024 14:21:11.956
CRC-Response  - 32,4,F000,2489*ac45 * 15-11-2024 14:21:15.450
Command * Level Sensing For J19 - #33,4,35714,8590,0,0*e1bd
 * 15-11-2024 14:21:15.468
J19 Value - 2489 * 15-11-2024 14:21:15.470
CRC-Response  - 33,4,I001*f7b2 * 15-11-2024 14:21:20.635
CRC-Response  - 33,4,F000,2478*1d83 * 15-11-2024 14:21:20.637
J19 Value - 2478 * 15-11-2024 14:21:20.664
Command * Level Sensing For J20 - #34,4,32084,8590,0,0*84dc
 * 15-11-2024 14:21:21.15
CRC-Response  - 34,4,I001*11f3 * 15-11-2024 14:21:21.176
CRC-Response  - 34,4,F000,2478*5a88 * 15-11-2024 14:21:23.469
J20 Value - 2478 * 15-11-2024 14:21:23.487
Command * Level Sensing For J21 - #35,4,28454,8590,0,0*d05f
 * 15-11-2024 14:21:23.675
CRC-Response  - 35,4,I001*dd32 * 15-11-2024 14:21:23.842
CRC-Response  - 35,4,F000,2481*2d4f * 15-11-2024 14:21:26.132
J21 Value - 2481 * 15-11-2024 14:21:26.158
Command * Level Sensing For J22 - #36,4,24824,8590,0,0*3cb4
 * 15-11-2024 14:21:26.344
CRC-Response  - 36,4,I001*c872 * 15-11-2024 14:21:26.505
CRC-Response  - 36,4,F000,2491*7e4b * 15-11-2024 14:21:28.790
J22 Value - 2491 * 15-11-2024 14:21:28.808
Command * Level Sensing For J23 - #37,4,21194,8590,0,0*fdd0
 * 15-11-2024 14:21:29.29
CRC-Response  - 37,4,I001*04b3 * 15-11-2024 14:21:29.195
CRC-Response  - 37,4,F000,2481*6f48 * 15-11-2024 14:21:31.482
J23 Value - 2481 * 15-11-2024 14:21:31.502
Command * Level Sensing For J24 - #38,4,17564,8590,0,0*f428
 * 15-11-2024 14:21:31.734
CRC-Response  - 38,4,I001*44f3 * 15-11-2024 14:21:31.898
CRC-Response  - 38,4,F000,2487*62dc * 15-11-2024 14:21:34.195
J24 Value - 2487 * 15-11-2024 14:21:34.214
Command * Level Sensing For J25 - #39,4,13934,8590,0,0*5076
 * 15-11-2024 14:21:34.419
CRC-Response  - 39,4,I001*8832 * 15-11-2024 14:21:34.580
CRC-Response  - 39,4,F000,2490*b19e * 15-11-2024 14:21:36.880
J25 Value - 2490 * 15-11-2024 14:21:36.900
Command * Level Sensing For J26 - #40,4,10304,8590,0,0*2502
 * 15-11-2024 14:21:37.93
CRC-Response  - 40,4,I001*d2d4 * 15-11-2024 14:21:37.255
CRC-Response  - 40,4,F000,2490*bf85 * 15-11-2024 14:21:39.554
J26 Value - 2490 * 15-11-2024 14:21:39.575
Command * Level Sensing For J27 - #41,4,21194,16380,0,0*ee5f
 * 15-11-2024 14:21:39.777
CRC-Response  - 41,4,I001*1e15 * 15-11-2024 14:21:39.942
CRC-Response  - 41,4,F000,2531*9e11 * 15-11-2024 14:21:43.48
J27 Value - 2531 * 15-11-2024 14:21:43.72
Command * Level Sensing For J28 - #42,4,24824,16380,0,0*bde6
 * 15-11-2024 14:21:43.439
CRC-Response  - 42,4,I001*0b55 * 15-11-2024 14:21:43.603
CRC-Response  - 42,4,F000,2530*9dd5 * 15-11-2024 14:21:45.902
J28 Value - 2530 * 15-11-2024 14:21:45.919
Command * Level Sensing For J29 - #43,4,28454,16380,0,0*4a33
 * 15-11-2024 14:21:46.126
CRC-Response  - 43,4,I001*c794 * 15-11-2024 14:21:46.290
CRC-Response  - 43,4,F000,2499*7a40 * 15-11-2024 14:21:48.580
J29 Value - 2499 * 15-11-2024 14:21:48.598
Command * Level Sensing For J30 - #44,4,32084,16380,0,0*63ae
 * 15-11-2024 14:21:48.831
CRC-Response  - 44,4,I001*21d5 * 15-11-2024 14:21:48.995
CRC-Response  - 44,4,F000,2511*fb1c * 15-11-2024 14:21:51.277
J30 Value - 2511 * 15-11-2024 14:21:51.297
Command * Level Sensing For J31 - #45,4,35714,16380,0,0*0382
 * 15-11-2024 14:21:51.503
CRC-Response  - 45,4,I001*ed14 * 15-11-2024 14:21:51.662
CRC-Response  - 45,4,F000,2504*e9df * 15-11-2024 14:21:53.961
J31 Value - 2504 * 15-11-2024 14:21:53.981
Command * Level Sensing For J32 - #46,4,39344,16380,0,0*c3c8
 * 15-11-2024 14:21:54.215
CRC-Response  - 46,4,I001*f854 * 15-11-2024 14:21:54.379
CRC-Response  - 46,4,F000,2512*b85b * 15-11-2024 14:21:56.662
J32 Value - 2512 * 15-11-2024 14:21:56.680
Command * Level Sensing For J33 - #47,4,64754,16380,0,0*b6cf
 * 15-11-2024 14:21:56.890
CRC-Response  - 47,4,I001*3495 * 15-11-2024 14:21:57.48
CRC-Response  - 47,4,F000,2462*c90a * 15-11-2024 14:22:01.755
J33 Value - 2462 * 15-11-2024 14:22:01.770
Command * Level Sensing For W1 - #48,4,42974,800 ,0,0*3614
 * 15-11-2024 14:22:02.103
CRC-Response  - 48,4,I001*74d5 * 15-11-2024 14:22:02.267
CRC-Response  - 48,4,F000,2450*f79f * 15-11-2024 14:22:06.586
W1 Value - 2450 * 15-11-2024 14:22:06.603
Command * Level Sensing For W2 - #49,4,46604,800 ,0,0*2e45
 * 15-11-2024 14:22:06.787
CRC-Response  - 49,4,I001*b814 * 15-11-2024 14:22:06.955
CRC-Response  - 49,4,F000,2471*d65d * 15-11-2024 14:22:09.239
W2 Value - 2471 * 15-11-2024 14:22:09.256
Command * Level Sensing For W3 - #50,4,50234,800 ,0,0*c05c
 * 15-11-2024 14:22:09.467
CRC-Response  - 50,4,I001*42d9 * 15-11-2024 14:22:09.625
CRC-Response  - 50,4,F000,2466*8c00 * 15-11-2024 14:22:11.918
W3 Value - 2466 * 15-11-2024 14:22:11.935
Command * Level Sensing For W4 - #51,4,50234,8590,0,0*6699
 * 15-11-2024 14:22:12.158
CRC-Response  - 51,4,I001*8e18 * 15-11-2024 14:22:12.323
CRC-Response  - 51,4,F000,2474*5c82 * 15-11-2024 14:22:14.780
W4 Value - 2474 * 15-11-2024 14:22:14.802
Command * Level Sensing For W5 - #52,4,46604,8590,0,0*ae9e
 * 15-11-2024 14:22:14.848
CRC-Response  - 52,4,I001*9b58 * 15-11-2024 14:22:15.12
CRC-Response  - 52,4,F000,2471*9c47 * 15-11-2024 14:22:17.303
W5 Value - 2471 * 15-11-2024 14:22:17.317
Command * Level Sensing For W6 - #53,4,42974,8590,0,0*b6cf
 * 15-11-2024 14:22:17.535
CRC-Response  - 53,4,I001*5799 * 15-11-2024 14:22:17.693
CRC-Response  - 53,4,F000,2473*dcc4 * 15-11-2024 14:22:19.989
W6 Value - 2473 * 15-11-2024 14:22:20.6
Command * Level Sensing For H1 - #54,4,2688,1000,0,1*24c9
 * 15-11-2024 14:22:20.216
CRC-Response  - 54,4,I001*b1d8 * 15-11-2024 14:22:20.379
CRC-Response  - 54,4,F000,3402*970d * 15-11-2024 14:22:26.747
H1 Value - 3402 * 15-11-2024 14:22:26.763
Command * Level Sensing For H2 - #55,4,2688,8700,0,1*1e2e
 * 15-11-2024 14:22:26.938
CRC-Response  - 55,4,I001*7d19 * 15-11-2024 14:22:27.101
CRC-Response  - 55,4,F000,3391*86f8 * 15-11-2024 14:22:29.564
H2 Value - 3391 * 15-11-2024 14:22:29.583
Command * Level Sensing For H3 - #56,4,2688,16380,0,1*9c28
 * 15-11-2024 14:22:29.647
CRC-Response  - 56,4,I001*6859 * 15-11-2024 14:22:29.809
CRC-Response  - 56,4,F000,3376*e7b8 * 15-11-2024 14:22:32.270
H3 Value - 3376 * 15-11-2024 14:22:32.290
Command * Home Command - #57,5,01111111*6e62
 * 15-11-2024 14:22:32.328
CRC-Response  - 57,5,I001,01111111*c91c * 15-11-2024 14:22:32.484
CRC-Response  - 57,5,F000*a15b * 15-11-2024 14:22:45.23
Command * Home Command - #58,5,01111111*7a76
 * 15-11-2024 14:22:48.107
CRC-Response  - 58,5,I001,01111111*3a29 * 15-11-2024 14:22:48.298
CRC-Response  - 58,5,F000*e11b * 15-11-2024 14:22:48.304
Command * WATER VALVE - 1 CONTROL OFF - #0,13,1,0*73eb
 * 15-11-2024 14:24:18.892
CRC-Response  - 0,13,F000*29e9 * 15-11-2024 14:24:19.122
Command * WATER VALVE - 2 CONTROL OFF - #1,13,2,0*bfda
 * 15-11-2024 14:24:20.142
CRC-Response  - 1,13,F000*b9e4 * 15-11-2024 14:24:20.334
Command * WATER VALVE - 3 CONTROL OFF - #2,13,3,0*6acb
 * 15-11-2024 14:24:21.350
CRC-Response  - 2,13,F000*49f0 * 15-11-2024 14:24:21.511
Command * WATER VALVE - 4 CONTROL OFF - #3,13,4,0*67bb
 * 15-11-2024 14:24:22.527
CRC-Response  - 3,13,F000*d9fd * 15-11-2024 14:24:22.699
Command * WATER VALVE - 5 CONTROL OFF - #4,13,5,0*41ab
 * 15-11-2024 14:24:23.716
CRC-Response  - 4,13,F000*e9db * 15-11-2024 14:24:23.877
Command * WATER VALVE - 6 CONTROL OFF - #5,13,6,0*8d9a
 * 15-11-2024 14:24:24.897
CRC-Response  - 5,13,F000*79d6 * 15-11-2024 14:24:25.55
Command * Home Command - #6,5,01111111*b1b5
 * 15-11-2024 14:24:42.506
CRC-Response  - 6,5,I001,01111111*0f53 * 15-11-2024 14:24:42.695
CRC-Response  - 6,5,F000*c7bb * 15-11-2024 14:24:42.700
Command * Home Command - #7,5,01111111*7248
 * 15-11-2024 14:24:45.228
CRC-Response  - 7,5,I001,01111111*9f02 * 15-11-2024 14:24:45.396
CRC-Response  - 7,5,F000*0b7a * 15-11-2024 14:24:45.404
Command * Level Sensing For H1 - #8,4,2688,1000,0,1*7112
 * 15-11-2024 14:24:46.926
CRC-Response  - 8,4,I001*4ef9 * 15-11-2024 14:24:47.92
CRC-Response  - 8,4,F000,3383*45f6 * 15-11-2024 14:24:56.975
H1 Value - 3383 * 15-11-2024 14:24:56.997
Command * Level Sensing For H2 - #9,4,2688,8700,0,1*4bf5
 * 15-11-2024 14:24:57.146
CRC-Response  - 9,4,I001*8238 * 15-11-2024 14:24:57.317
CRC-Response  - 9,4,F000,3375*3671 * 15-11-2024 14:24:59.765
H2 Value - 3375 * 15-11-2024 14:24:59.777
Command * Level Sensing For H3 - #10,4,2688,16380,0,1*2539
 * 15-11-2024 14:24:59.829
CRC-Response  - 10,4,I001*82eb * 15-11-2024 14:24:59.995
CRC-Response  - 10,4,F000,3363*7675 * 15-11-2024 14:25:02.451
H3 Value - 3363 * 15-11-2024 14:25:02.471
Command * Level Sensing For L1 - #11,4,17564,16380,0,0*2ccc
 * 15-11-2024 14:25:02.519
CRC-Response  - 11,4,I001*4e2a * 15-11-2024 14:25:02.685
CRC-Response  - 11,4,F000,239*3268 * 15-11-2024 14:25:06.237
L1 Value - 239 * 15-11-2024 14:25:06.253
Command * Level Sensing For L2 - #12,4,13934,16380,0,0*6c90
 * 15-11-2024 14:25:06.702
CRC-Response  - 12,4,I001*5b6a * 15-11-2024 14:25:06.870
CRC-Response  - 12,4,F000,237*f2ed * 15-11-2024 14:25:09.147
L2 Value - 237 * 15-11-2024 14:25:09.168
Command * Level Sensing For L3 - #13,4,10304,16380,0,0*9db2
 * 15-11-2024 14:25:09.399
CRC-Response  - 13,4,I001*97ab * 15-11-2024 14:25:09.564
CRC-Response  - 13,4,F000,240*c353 * 15-11-2024 14:25:11.850
L3 Value - 240 * 15-11-2024 14:25:11.866
Command * Home Command - #14,5,01111111*ee68
 * 15-11-2024 14:25:12.72
CRC-Response  - 14,5,I001,01111111*08ad * 15-11-2024 14:25:12.237
CRC-Response  - 14,5,F000*7429 * 15-11-2024 14:25:23.256
Command * Home Command - #15,5,01111111*2d95
 * 15-11-2024 14:25:25.335
CRC-Response  - 15,5,I001,01111111*98fc * 15-11-2024 14:25:25.500
CRC-Response  - 15,5,F000*b8e8 * 15-11-2024 14:25:25.505
Command * L1 - Picked - #16,2,2,17564,16380,0,0*184b
 * 15-11-2024 14:25:28.27
CRC-Response  - 16,2,I001,2*b133 * 15-11-2024 14:25:28.200
CRC-Response  - 16,2,F000,2*8e62 * 15-11-2024 14:25:35.422
Command * H1 - Placed - #17,3,2,2688,1000,0,1*e6fd
 * 15-11-2024 14:25:35.877
CRC-Response  - 17,3,I001,2*b8a3 * 15-11-2024 14:25:36.44
CRC-Response  - 17,3,F000,2*87f2 * 15-11-2024 14:25:42.977
Command * L2 - Picked - #18,2,2,13934,16380,0,0*32bc
 * 15-11-2024 14:25:43.83
CRC-Response  - 18,2,I001,2*4452 * 15-11-2024 14:25:43.241
CRC-Response  - 18,2,F000,2*7b03 * 15-11-2024 14:25:49.772
Command * H2 - Placed - #19,3,2,2688,8700,0,1*a521
 * 15-11-2024 14:25:49.804
CRC-Response  - 19,3,I001,2*4dc2 * 15-11-2024 14:25:49.973
CRC-Response  - 19,3,F000,2*7293 * 15-11-2024 14:25:56.475
Command * L3 - Picked - #20,2,2,10304,16380,0,0*6259
 * 15-11-2024 14:25:56.559
CRC-Response  - 20,2,I001,2*eadc * 15-11-2024 14:25:56.723
CRC-Response  - 20,2,F000,2*d58d * 15-11-2024 14:26:02.833
Command * H3 - Placed - #21,3,2,2688,16380,0,1*a6f1
 * 15-11-2024 14:26:03.247
CRC-Response  - 21,3,I001,2*e34c * 15-11-2024 14:26:03.408
CRC-Response  - 21,3,F000,2*dc1d * 15-11-2024 14:26:09.516
Racks Loaded to Heater * 15-11-2024 14:26:09.920
Command * HEATER DOOR CLOSE - #22,8,1,0*e732
 * 15-11-2024 14:26:09.925
CRC-Response  - 22,8,I001*677e * 15-11-2024 14:26:10.85
CRC-Response  - 22,8,F000*b3bc * 15-11-2024 14:26:10.424
Command * HEATER ON - #23,12,1*e1ee
 * 15-11-2024 14:26:10.578
CRC-Response  - 23,12,F000*ca27 * 15-11-2024 14:26:10.749
Command * SET TEMPERATURE - #24,10,32*8196
 * 15-11-2024 14:26:11.78
CRC-Response  - 24,10,F000*1800 * 15-11-2024 14:26:11.238
Command * READ TEMPERATURE - #25,11*8507
 * 15-11-2024 14:26:16.267
CRC-Response  - 25,11,F000,34*bd2e * 15-11-2024 14:26:16.432
Command * READ TEMPERATURE - #26,11*c107
 * 15-11-2024 14:26:26.460
CRC-Response  - 26,11,F000,34*b92a * 15-11-2024 14:26:26.620
Command * READ TEMPERATURE - #27,11*3d06
 * 15-11-2024 14:26:31.453
CRC-Response  - 27,11,F000,34*7ad7 * 15-11-2024 14:26:31.618
Command * READ TEMPERATURE - #28,11*2905
 * 15-11-2024 14:26:36.454
CRC-Response  - 28,11,F000,34*6ec3 * 15-11-2024 14:26:36.620
Command * READ TEMPERATURE - #29,11*d504
 * 15-11-2024 14:26:41.469
CRC-Response  - 29,11,F000,35*6dff * 15-11-2024 14:26:41.633
Command * READ TEMPERATURE - #30,11*893a
 * 15-11-2024 14:26:46.471
CRC-Response  - 30,11,F000,35*f0e1 * 15-11-2024 14:26:46.634
Command * READ TEMPERATURE - #31,11*753b
 * 15-11-2024 14:26:51.466
CRC-Response  - 31,11,F000,35*331c * 15-11-2024 14:26:51.632
Command * READ TEMPERATURE - #32,11*313b
 * 15-11-2024 14:26:56.471
CRC-Response  - 32,11,F000,35*3718 * 15-11-2024 14:26:56.629
Command * READ TEMPERATURE - #33,11*cd3a
 * 15-11-2024 14:27:01.481
CRC-Response  - 33,11,F000,35*f4e5 * 15-11-2024 14:27:01.645
Command * READ TEMPERATURE - #34,11*b93b
 * 15-11-2024 14:27:06.477
CRC-Response  - 34,11,F000,35*3f10 * 15-11-2024 14:27:06.643
Command * READ TEMPERATURE - #35,11*453a
 * 15-11-2024 14:27:11.467
CRC-Response  - 35,11,F000,35*fced * 15-11-2024 14:27:11.635
Command * READ TEMPERATURE - #36,11*013a
 * 15-11-2024 14:27:16.482
CRC-Response  - 36,11,F000,35*f8e9 * 15-11-2024 14:27:16.645
Command * READ TEMPERATURE - #37,11*fd3b
 * 15-11-2024 14:27:21.481
CRC-Response  - 37,11,F000,35*3b14 * 15-11-2024 14:27:21.646
Command * READ TEMPERATURE - #38,11*e938
 * 15-11-2024 14:27:26.476
CRC-Response  - 38,11,F000,35*2f00 * 15-11-2024 14:27:26.642
Command * READ TEMPERATURE - #39,11*1539
 * 15-11-2024 14:27:31.485
CRC-Response  - 39,11,F000,35*ecfd * 15-11-2024 14:27:31.654
Command * READ TEMPERATURE - #40,11*498f
 * 15-11-2024 14:27:36.491
CRC-Response  - 40,11,F000,35*b7ea * 15-11-2024 14:27:36.658
Command * READ TEMPERATURE - #41,11*b58e
 * 15-11-2024 14:27:41.484
CRC-Response  - 41,11,F000,35*7417 * 15-11-2024 14:27:41.650
Command * READ TEMPERATURE - #42,11*f18e
 * 15-11-2024 14:27:46.486
CRC-Response  - 42,11,F000,35*7013 * 15-11-2024 14:27:46.650
Command * READ TEMPERATURE - #43,11*0d8f
 * 15-11-2024 14:27:51.484
CRC-Response  - 43,11,F000,35*b3ee * 15-11-2024 14:27:51.650
Command * READ TEMPERATURE - #44,11*798e
 * 15-11-2024 14:27:56.490
CRC-Response  - 44,11,F000,35*781b * 15-11-2024 14:27:56.656
Command * READ TEMPERATURE - #45,11*858f
 * 15-11-2024 14:28:01.492
CRC-Response  - 45,11,F000,34*7b27 * 15-11-2024 14:28:01.658
Command * READ TEMPERATURE - #46,11*c18f
 * 15-11-2024 14:28:06.504
CRC-Response  - 46,11,F000,35*bfe2 * 15-11-2024 14:28:06.667
Command * READ TEMPERATURE - #47,11*3d8e
 * 15-11-2024 14:28:11.497
CRC-Response  - 47,11,F000,35*7c1f * 15-11-2024 14:28:11.660
Command * READ TEMPERATURE - #48,11*298d
 * 15-11-2024 14:28:16.500
CRC-Response  - 48,11,F000,35*680b * 15-11-2024 14:28:16.667
Command * HEATER OFF - #49,12,0*8b49
 * 15-11-2024 14:28:21.523
CRC-Response  - 49,12,F000*75b9 * 15-11-2024 14:28:21.689
Command * HEATER DOOR OPEN - #50,8,1,1*0191
 * 15-11-2024 14:28:22.487
CRC-Response  - 50,8,I001*8ed9 * 15-11-2024 14:28:22.656
CRC-Response  - 50,8,F000*5a1b * 15-11-2024 14:28:22.996
Rack - 1Protocol Started * 15-11-2024 14:28:23.665
Command * Rack-1 Picked from H1 - #51,2,2,2688,1000,0,1*7ad5
 * 15-11-2024 14:28:23.712
CRC-Response  - 51,2,I001,2*5b97 * 15-11-2024 14:28:23.880
CRC-Response  - 51,2,F000,2*64c6 * 15-11-2024 14:28:30.311
Command * HEATER DOOR CLOSE - #52,8,1,0*0173
 * 15-11-2024 14:28:30.415
CRC-Response  - 52,8,I001*5758 * 15-11-2024 14:28:30.587
CRC-Response  - 52,8,F000*839a * 15-11-2024 14:28:30.911
Command * Rack-1 Placed in J1 - #53,3,2,10304,800,0,0*c276
 * 15-11-2024 14:28:31.110
CRC-Response  - 53,3,I001,2*5df7 * 15-11-2024 14:28:31.279
CRC-Response  - 53,3,F000,2*62a6 * 15-11-2024 14:28:37.380
Command * Rack-1 Picked from J1 - #54,2,2,10304,800,0,0*2692
 * 15-11-2024 14:29:38.61
CRC-Response  - 54,2,I001,2*4b87 * 15-11-2024 14:29:38.232
CRC-Response  - 54,2,F000,2*74d6 * 15-11-2024 14:29:43.372
Command * Rack-1 Placed in J2 - #55,3,2,13934,800 ,0,0*9c07
 * 15-11-2024 14:29:43.792
CRC-Response  - 55,3,I001,2*4217 * 15-11-2024 14:29:43.967
CRC-Response  - 55,3,F000,2*7d46 * 15-11-2024 14:29:49.623
Command * Rack-1 Picked from J2 - #56,2,2,13934,800 ,0,0*5312
 * 15-11-2024 14:30:50.224
CRC-Response  - 56,2,I001,2*8126 * 15-11-2024 14:30:50.651
CRC-Response  - 56,2,F000,2*be77 * 15-11-2024 14:30:55.531
Command * Rack-1 Placed in J3 - #57,3,2,17564,800 ,0,0*2671
 * 15-11-2024 14:30:55.739
CRC-Response  - 57,3,I001,2*88b6 * 15-11-2024 14:30:55.905
CRC-Response  - 57,3,F000,2*b7e7 * 15-11-2024 14:31:01.563
Command * Rack-1 Picked from J3 - #58,2,2,17564,800 ,0,0*2474
 * 15-11-2024 14:32:02.221
CRC-Response  - 58,2,I001,2*7447 * 15-11-2024 14:32:02.504
CRC-Response  - 58,2,F000,2*4b16 * 15-11-2024 14:32:07.537
Command * Rack-1 Placed in J4 - #59,3,2,21194,800 ,0,0*17d3
 * 15-11-2024 14:32:08.66
CRC-Response  - 59,3,I001,2*7dd7 * 15-11-2024 14:32:08.237
CRC-Response  - 59,3,F000,2*4286 * 15-11-2024 14:32:13.889
Command * Rack-1 Picked from J4 - #60,2,2,21194,800 ,0,0*406d
 * 15-11-2024 14:33:14.517
CRC-Response  - 60,2,I001,2*dac9 * 15-11-2024 14:33:14.777
CRC-Response  - 60,2,F000,2*e598 * 15-11-2024 14:33:19.817
Command * Rack-1 Placed in J5 - #61,3,2,24824,800 ,0,0*5034
 * 15-11-2024 14:33:20.347
CRC-Response  - 61,3,I001,2*d359 * 15-11-2024 14:33:20.514
CRC-Response  - 61,3,F000,2*ec08 * 15-11-2024 14:33:26.173
Command * HEATER DOOR OPEN - #62,8,1,1*d4f2
 * 15-11-2024 14:33:46.24
CRC-Response  - 62,8,I001*a74c * 15-11-2024 14:33:46.199
CRC-Response  - 62,8,F000*738e * 15-11-2024 14:33:46.531
Rack - 2Protocol Started * 15-11-2024 14:33:50.923
Command * Rack-2 Picked from H2 - #63,2,2,2688,8700,0,1*5b5e
 * 15-11-2024 14:33:50.962
CRC-Response  - 63,2,I001,2*d539 * 15-11-2024 14:33:51.128
CRC-Response  - 63,2,F000,2*ea68 * 15-11-2024 14:33:58.852
Command * HEATER DOOR CLOSE - #64,8,1,0*1455
 * 15-11-2024 14:33:59.194
CRC-Response  - 64,8,I001*8dcc * 15-11-2024 14:33:59.359
CRC-Response  - 64,8,F000*590e * 15-11-2024 14:33:59.699
Command * Rack-2 Placed in J1 - #65,3,2,10304,800,0,0*79ba
 * 15-11-2024 14:33:59.896
CRC-Response  - 65,3,I001,2*0618 * 15-11-2024 14:34:00.59
CRC-Response  - 65,3,F000,2*3949 * 15-11-2024 14:34:06.175
Command * Rack-1 Picked from J5 - #66,2,2,24824,800 ,0,0*1bd0
 * 15-11-2024 14:34:26.806
CRC-Response  - 66,2,I001,2*c529 * 15-11-2024 14:34:27.36
CRC-Response  - 66,2,F000,2*fa78 * 15-11-2024 14:34:33.848
Command * Rack-1 Placed in J6 - #67,3,2,28454,800 ,0,0*9ea7
 * 15-11-2024 14:34:34.102
CRC-Response  - 67,3,I001,2*ccb9 * 15-11-2024 14:34:34.267
CRC-Response  - 67,3,F000,2*f3e8 * 15-11-2024 14:34:39.922
Command * Rack-2 Picked from J1 - #68,2,2,10304,800,0,0*44c5
 * 15-11-2024 14:35:06.840
CRC-Response  - 68,2,I001,2*3048 * 15-11-2024 14:35:07.104
CRC-Response  - 68,2,F000,2*0f19 * 15-11-2024 14:35:14.290
Command * Rack-2 Placed in J2 - #69,3,2,13934,800 ,0,0*6224
 * 15-11-2024 14:35:14.708
CRC-Response  - 69,3,I001,2*39d8 * 15-11-2024 14:35:14.866
CRC-Response  - 69,3,F000,2*0689 * 15-11-2024 14:35:20.531
Command * Rack-1 Picked from J6 - #70,2,2,28454,800 ,0,0*0453
 * 15-11-2024 14:35:40.466
CRC-Response  - 70,2,I001,2*26cd * 15-11-2024 14:35:40.630
CRC-Response  - 70,2,F000,2*199c * 15-11-2024 14:35:47.507
Command * Rack-1 Placed in W1 - #71,3,2,42974,800 ,0,0*4ec7
 * 15-11-2024 14:35:47.703
CRC-Response  - 71,3,I001,2*2f5d * 15-11-2024 14:35:47.877
CRC-Response  - 71,3,F000,2*100c * 15-11-2024 14:35:54.747
Command * Rack-1 Placed in W1 - #72,1,2,2688,800 ,0*82f3
 * 15-11-2024 14:35:55.432
CRC-Response  - 72,1,I001,2*f92c * 15-11-2024 14:35:55.663
CRC-Response  - 72,1,F000,2*c67d * 15-11-2024 14:36:00.962
Command * Rack-2 Picked from J2 - #73,2,2,13934,800 ,0,0*e4fd
 * 15-11-2024 14:36:21.190
CRC-Response  - 73,2,I001,2*293d * 15-11-2024 14:36:21.505
CRC-Response  - 73,2,F000,2*166c * 15-11-2024 14:36:27.870
Command * Rack-2 Placed in J3 - #74,3,2,17564,800 ,0,0*f716
 * 15-11-2024 14:36:28.104
CRC-Response  - 74,3,I001,2*3f4d * 15-11-2024 14:36:28.267
CRC-Response  - 74,3,F000,2*001c * 15-11-2024 14:36:33.923
Command * WATER VALVE - 1 CONTROL OFF - #75,13,1,0*8613
 * 15-11-2024 14:36:55.19
CRC-Response  - 75,13,F000*ab1d * 15-11-2024 14:36:55.277
Command * Rack-1 Picked from W1 - #76,2,1,42974,800 ,0,0*f463
 * 15-11-2024 14:36:56.60
CRC-Response  - 76,2,I001,1*386d * 15-11-2024 14:36:56.223
CRC-Response  - 76,2,F000,1*073c * 15-11-2024 14:37:04.23
Command * Rack-1 Placed in J8 - #77,3,1,35714,800 ,0,0*06f5
 * 15-11-2024 14:37:04.307
CRC-Response  - 77,3,I001,1*31fd * 15-11-2024 14:37:04.474
CRC-Response  - 77,3,F000,1*0eac * 15-11-2024 14:37:10.543
Command * Rack-1 Placed in J8 - #78,1,1,64754,800 ,0*bfe9
 * 15-11-2024 14:37:11.485
CRC-Response  - 78,1,I001,1*d84c * 15-11-2024 14:37:11.646
CRC-Response  - 78,1,F000,1*e71d * 15-11-2024 14:37:15.715
Command * Rack-2 Picked from J3 - #79,2,2,17564,800 ,0,0*176a
 * 15-11-2024 14:37:34.545
CRC-Response  - 79,2,I001,2*091d * 15-11-2024 14:37:34.705
CRC-Response  - 79,2,F000,2*364c * 15-11-2024 14:37:39.845
Command * Rack-2 Placed in J4 - #80,3,2,21194,800 ,0,0*92d3
 * 15-11-2024 14:37:40.280
CRC-Response  - 80,3,I001,2*fe3c * 15-11-2024 14:37:40.450
CRC-Response  - 80,3,F000,2*c16d * 15-11-2024 14:37:46.107
Command * Rack-2 Picked from J4 - #81,2,2,21194,800 ,0,0*bfbf
 * 15-11-2024 14:38:46.784
CRC-Response  - 81,2,I001,2*f7ac * 15-11-2024 14:38:47.34
CRC-Response  - 81,2,F000,2*c8fd * 15-11-2024 14:38:52.86
Command * Rack-2 Placed in J5 - #82,3,2,24824,800 ,0,0*4d9f
 * 15-11-2024 14:38:52.613
CRC-Response  - 82,3,I001,2*349d * 15-11-2024 14:38:52.785
CRC-Response  - 82,3,F000,2*0bcc * 15-11-2024 14:38:58.452
Command * HEATER DOOR OPEN - #83,8,1,1*9863
 * 15-11-2024 14:39:15.477
CRC-Response  - 83,8,I001*0bc1 * 15-11-2024 14:39:15.644
CRC-Response  - 83,8,F000*df03 * 15-11-2024 14:39:15.981
Rack - R3Protocol Started * 15-11-2024 14:39:16.644
Command * Rack-3 Picked from H3 - #84,2,2,2688,16380,0,1*a5c6
 * 15-11-2024 14:39:16.685
CRC-Response  - 84,2,I001,2*e7bc * 15-11-2024 14:39:16.845
CRC-Response  - 84,2,F000,2*d8ed * 15-11-2024 14:39:24.600
Command * HEATER DOOR CLOSE - #85,8,1,0*58c4
 * 15-11-2024 14:39:24.954
CRC-Response  - 85,8,I001*2141 * 15-11-2024 14:39:25.117
CRC-Response  - 85,8,F000*f583 * 15-11-2024 14:39:25.456
Command * Rack-3 Placed in J1 - #86,3,2,10304,800,0,0*1297
 * 15-11-2024 14:39:25.652
CRC-Response  - 86,3,I001,2*e1dc * 15-11-2024 14:39:25.813
CRC-Response  - 86,3,F000,2*de8d * 15-11-2024 14:39:32.300
Command * Rack-2 Picked from J5 - #87,2,2,24824,800 ,0,0*e402
 * 15-11-2024 14:39:59.7
CRC-Response  - 87,2,I001,2*e84c * 15-11-2024 14:39:59.232
CRC-Response  - 87,2,F000,2*d71d * 15-11-2024 14:40:06.57
Command * Rack-2 Placed in J6 - #88,3,2,28454,800 ,0,0*4e1c
 * 15-11-2024 14:40:06.354
CRC-Response  - 88,3,I001,2*14bd * 15-11-2024 14:40:06.520
11 Secconds Timer incrementes in Jar J8for R1 as other racks picking by RA in tmr_r1_incub() * 15-11-2024 14:40:11.645
CRC-Response  - 88,3,F000,2*2bec * 15-11-2024 14:40:12.185
Command * Rack-1 Picked from J8 - #89,2,2,35714,800 ,0,0*db72
 * 15-11-2024 14:40:22.706
CRC-Response  - 89,2,I001,2*1d2d * 15-11-2024 14:40:22.863
CRC-Response  - 89,2,F000,2*227c * 15-11-2024 14:40:28.944
Command * Rack-1 Placed in W2 - #90,3,2,46604,800 ,0,0*5515
 * 15-11-2024 14:40:29.434
CRC-Response  - 90,3,I001,2*0238 * 15-11-2024 14:40:29.595
11 Secconds Timer incrementes for R3 as other racks picking by RA in tmr_r3_incub() * 15-11-2024 14:40:32.576
CRC-Response  - 90,3,F000,2*3d69 * 15-11-2024 14:40:36.62
Command * Rack-1 Placed in W2 - #91,1,2,2688,800 ,0*9961
 * 15-11-2024 14:40:36.610
CRC-Response  - 91,1,I001,2*1ee8 * 15-11-2024 14:40:36.779
CRC-Response  - 91,1,F000,2*21b9 * 15-11-2024 14:40:42.549
Command * Rack-3 Picked from J1 - #92,2,2,10304,800,0,0*630a
 * 15-11-2024 14:40:43.630
CRC-Response  - 92,2,I001,2*0458 * 15-11-2024 14:40:43.789
CRC-Response  - 92,2,F000,2*3b09 * 15-11-2024 14:40:49.901
Command * Rack-3 Placed in J2 - #93,3,2,13934,800 ,0,0*3643
 * 15-11-2024 14:40:50.378
CRC-Response  - 93,3,I001,2*0dc8 * 15-11-2024 14:40:50.538
CRC-Response  - 93,3,F000,2*3299 * 15-11-2024 14:40:56.207
Command * WATER VALVE - 1 CONTROL ON - #94,13,1,1*ea5f
 * 15-11-2024 14:40:56.724
CRC-Response  - 94,13,F000*ce71 * 15-11-2024 14:40:56.892
Command * Rack-2 Picked from J6 - #95,2,2,28454,800 ,0,0*7f70
 * 15-11-2024 14:41:12.805
CRC-Response  - 95,2,I001,2*dee9 * 15-11-2024 14:41:12.973
CRC-Response  - 95,2,F000,2*e1b8 * 15-11-2024 14:41:19.846
Command * Rack-2 Placed in W1 - #96,3,2,42974,800 ,0,0*d79d
 * 15-11-2024 14:41:20.98
CRC-Response  - 96,3,I001,2*1dd8 * 15-11-2024 14:41:20.263
CRC-Response  - 96,3,F000,2*2289 * 15-11-2024 14:41:27.148
Command * Rack-2 Placed in W1 - #97,1,2,2688,800 ,0*3882
 * 15-11-2024 14:41:27.886
CRC-Response  - 97,1,I001,2*0108 * 15-11-2024 14:41:28.47
CRC-Response  - 97,1,F000,2*3e59 * 15-11-2024 14:41:33.418
Command * WATER VALVE - 2 CONTROL OFF - #98,13,2,0*7f6e
 * 15-11-2024 14:41:36.349
CRC-Response  - 98,13,F000*ce24 * 15-11-2024 14:41:36.513
Command * Rack-1 Picked from W2 - #99,2,1,46604,800 ,0,0*c0d8
 * 15-11-2024 14:41:37.307
CRC-Response  - 99,2,I001,1*e069 * 15-11-2024 14:41:37.473
CRC-Response  - 99,2,F000,1*df38 * 15-11-2024 14:41:44.735
Command * Rack-1 Dipped in J9 - #100,17,1,39344,800 ,1,1,1*c202
 * 15-11-2024 14:41:45.634
CRC-Response  - 100,17,I001,1*a805 * 15-11-2024 14:41:45.804
CRC-Response  - 100,17,F000,1*9754 * 15-11-2024 14:41:51.660
Command * Rack-1 Placed in W2 - #101,3,1,46604,800 ,0,0*2752
 * 15-11-2024 14:41:52.371
CRC-Response  - 101,3,I001,1*3fd8 * 15-11-2024 14:41:52.544
11 Secconds Timer incrementes for R3 as other racks picking by RA in tmr_r3_incub() * 15-11-2024 14:41:56.828
CRC-Response  - 101,3,F000,1*0089 * 15-11-2024 14:41:58.603
Command * Rack-3 Picked from J2 - #102,2,2,13934,800 ,0,0*4915
 * 15-11-2024 14:42:07.893
CRC-Response  - 102,2,I001,2*fda9 * 15-11-2024 14:42:08.60
CRC-Response  - 102,2,F000,2*c2f8 * 15-11-2024 14:42:14.568
Command * Rack-3 Placed in J3 - #103,3,2,17564,800 ,0,0*3c76
 * 15-11-2024 14:42:15.113
CRC-Response  - 103,3,I001,2*f439 * 15-11-2024 14:42:15.279
CRC-Response  - 103,3,F000,2*cb68 * 15-11-2024 14:42:20.935
Command * WATER VALVE - 1 CONTROL OFF - #104,13,1,0*b7df
 * 15-11-2024 14:42:27.598
CRC-Response  - 104,13,F000*fe2c * 15-11-2024 14:42:27.761
Command * Rack-2 Picked from W1 - #105,2,1,42974,800 ,0,0*bbf2
 * 15-11-2024 14:42:28.555
CRC-Response  - 105,2,I001,1*2658 * 15-11-2024 14:42:28.720
CRC-Response  - 105,2,F000,1*1909 * 15-11-2024 14:42:34.380
Command * Rack-2 Placed in J8 - #106,3,1,35714,800 ,0,0*ab1d
 * 15-11-2024 14:42:34.832
CRC-Response  - 106,3,I001,1*e569 * 15-11-2024 14:42:34.999
CRC-Response  - 106,3,F000,1*da38 * 15-11-2024 14:42:41.54
Command * Rack-2 Placed in J8 - #107,1,1,64754,800 ,0*c617
 * 15-11-2024 14:42:42.48
CRC-Response  - 107,1,I001,1*f9b9 * 15-11-2024 14:42:42.218
CRC-Response  - 107,1,F000,1*c6e8 * 15-11-2024 14:42:46.295
Command * WATER VALVE - 2 CONTROL OFF - #108,13,2,0*e22f
 * 15-11-2024 14:42:59.462
CRC-Response  - 108,13,F000*fe79 * 15-11-2024 14:42:59.624
Command * Rack-1 Picked from W2 - #109,2,1,46604,800 ,0,0*92e2
 * 15-11-2024 14:43:00.414
CRC-Response  - 109,2,I001,1*1998 * 15-11-2024 14:43:00.571
CRC-Response  - 109,2,F000,1*26c9 * 15-11-2024 14:43:07.852
Command * Rack-1 Dipped in J18 - #110,17,1,39344,8590,1,1,1*acb1
 * 15-11-2024 14:43:08.686
CRC-Response  - 110,17,I001,1*6bf8 * 15-11-2024 14:43:08.847
CRC-Response  - 110,17,F000,1*54a9 * 15-11-2024 14:43:14.727
Command * Rack-1 Placed in W6 - #111,3,1,42974,8590,0,0*48d6
 * 15-11-2024 14:43:15.444
CRC-Response  - 111,3,I001,1*c3dc * 15-11-2024 14:43:15.614
CRC-Response  - 111,3,F000,1*fc8d * 15-11-2024 14:43:21.272
11 Secconds Timer incrementes for R3 as other racks picking by RA in tmr_r3_incub() * 15-11-2024 14:43:21.571
Command * Rack-3 Picked from J3 - #112,2,2,17564,800 ,0,0*c00a
 * 15-11-2024 14:43:32.626
CRC-Response  - 112,2,I001,2*01ad * 15-11-2024 14:43:32.794
CRC-Response  - 112,2,F000,2*3efc * 15-11-2024 14:43:37.933
Command * Rack-3 Placed in J4 - #113,3,2,21194,800 ,0,0*f3ad
 * 15-11-2024 14:43:38.366
CRC-Response  - 113,3,I001,2*083d * 15-11-2024 14:43:38.533
CRC-Response  - 113,3,F000,2*376c * 15-11-2024 14:43:44.198
Command * WATER VALVE - 6 CONTROL OFF - #114,13,6,0*e663
 * 15-11-2024 14:44:21.935
CRC-Response  - 114,13,F000*3b7d * 15-11-2024 14:44:22.172
Command * Rack-1 Picked from W6 - #115,2,1,42974,8590,0,0*3076
 * 15-11-2024 14:44:22.963
CRC-Response  - 115,2,I001,1*da5c * 15-11-2024 14:44:23.122
CRC-Response  - 115,2,F000,1*e50d * 15-11-2024 14:44:28.273
Command * Rack-1 Dipped in J19 - #116,17,1,35714,8590,1,1,1*e21f
 * 15-11-2024 14:44:28.667
CRC-Response  - 116,17,I001,1*e3e6 * 15-11-2024 14:44:28.836
CRC-Response  - 116,17,F000,1*dcb7 * 15-11-2024 14:44:34.690
Command * Rack-1 Placed in J20 - #117,3,1,32084,8590,0,0*e174
 * 15-11-2024 14:44:34.966
CRC-Response  - 117,3,I001,1*dc3c * 15-11-2024 14:44:35.126
CRC-Response  - 117,3,F000,1*e36d * 15-11-2024 14:44:40.792
Command * Rack-1 Placed in J20 - #118,1,1,64754,800 ,0*2d19
 * 15-11-2024 14:44:41.678
CRC-Response  - 118,1,I001,1*358d * 15-11-2024 14:44:41.840
11 Secconds Timer incrementes for R3 as other racks picking by RA in tmr_r3_incub() * 15-11-2024 14:44:44.771
CRC-Response  - 118,1,F000,1*0adc * 15-11-2024 14:44:46.329
Command * Rack-3 Picked from J4 - #119,2,2,21194,800 ,0,0*a464
 * 15-11-2024 14:44:55.808
CRC-Response  - 119,2,I001,2*e4dc * 15-11-2024 14:44:55.975
CRC-Response  - 119,2,F000,2*db8d * 15-11-2024 14:45:01.112
Command * Rack-3 Placed in J5 - #120,3,2,24824,800 ,0,0*ceef
 * 15-11-2024 14:45:01.540
CRC-Response  - 120,3,I001,2*43c2 * 15-11-2024 14:45:01.699
CRC-Response  - 120,3,F000,2*7c93 * 15-11-2024 14:45:07.371
Command * WATER VALVE - 2 CONTROL ON - #121,13,2,1*2837
 * 15-11-2024 14:45:24.296
CRC-Response  - 121,13,F000*64b2 * 15-11-2024 14:45:24.543
Command * Rack-1 Picked from J20 - #122,2,2,32084,8590,0,0*8a9a
 * 15-11-2024 14:45:41.376
CRC-Response  - 122,2,I001,2*45a2 * 15-11-2024 14:45:41.540
11 Secconds Timer incrementes for R2 as other racks picking by RA in tmr_r2_incub() * 15-11-2024 14:45:42.351
CRC-Response  - 122,2,F000,2*7af3 * 15-11-2024 14:45:47.613
Command * Rack-1 Placed in J21 - #123,3,2,28454,8590,0,0*0f24
 * 15-11-2024 14:45:48.99
CRC-Response  - 123,3,I001,2*4c32 * 15-11-2024 14:45:48.265
11 Secconds Timer incrementes for R2 as other racks picking by RA in tmr_r2_incub() * 15-11-2024 14:45:53.356
CRC-Response  - 123,3,F000,2*7363 * 15-11-2024 14:45:53.929
Command * Rack-2 Picked from J8 - #124,2,2,35714,800 ,0,0*a656
 * 15-11-2024 14:46:04.410
CRC-Response  - 124,2,I001,2*5a42 * 15-11-2024 14:46:04.568
11 Secconds Timer incrementes for R3 as other racks picking by RA in tmr_r3_incub() * 15-11-2024 14:46:07.972
CRC-Response  - 124,2,F000,2*6513 * 15-11-2024 14:46:10.644
Command * Rack-2 Placed in W2 - #125,3,2,46604,800 ,0,0*b0c0
 * 15-11-2024 14:46:11.134
CRC-Response  - 125,3,I001,2*53d2 * 15-11-2024 14:46:11.403
CRC-Response  - 125,3,F000,2*6c83 * 15-11-2024 14:46:17.876
Command * Rack-2 Placed in W2 - #126,1,2,2688,800 ,0*b686
 * 15-11-2024 14:46:18.454
CRC-Response  - 126,1,I001,2*85a3 * 15-11-2024 14:46:18.621
11 Secconds Timer incrementes for R3 as other racks picking by RA in tmr_r3_incub() * 15-11-2024 14:46:19.7
CRC-Response  - 126,1,F000,2*baf2 * 15-11-2024 14:46:24.385
Command * Rack-3 Picked from J5 - #127,2,2,24824,800 ,0,0*850b
 * 15-11-2024 14:46:30.30
CRC-Response  - 127,2,I001,2*55b2 * 15-11-2024 14:46:30.200
CRC-Response  - 127,2,F000,2*6ae3 * 15-11-2024 14:46:37.916
Command * Rack-3 Placed in J6 - #128,3,2,28454,800 ,0,0*2f15
 * 15-11-2024 14:46:38.292
CRC-Response  - 128,3,I001,2*a943 * 15-11-2024 14:46:38.466
CRC-Response  - 128,3,F000,2*9612 * 15-11-2024 14:46:44.122
Command * Rack-1 Picked from J21 - #129,2,2,28454,8590,0,0*58ed
 * 15-11-2024 14:46:54.607
CRC-Response  - 129,2,I001,2*a0d3 * 15-11-2024 14:46:54.803
CRC-Response  - 129,2,F000,2*9f82 * 15-11-2024 14:47:00.607
Command * Rack-1 Placed in J22 - #130,3,2,24824,8590,0,0*456b
 * 15-11-2024 14:47:00.873
CRC-Response  - 130,3,I001,2*bfc6 * 15-11-2024 14:47:01.41
CRC-Response  - 130,3,F000,2*8097 * 15-11-2024 14:47:06.696
Command * WATER VALVE - 2 CONTROL OFF - #131,13,2,0*78fb
 * 15-11-2024 14:47:18.176
CRC-Response  - 131,13,F000*a1e3 * 15-11-2024 14:47:18.339
Command * Rack-2 Picked from W2 - #132,2,1,46604,800 ,0,0*db74
 * 15-11-2024 14:47:19.126
CRC-Response  - 132,2,I001,1*b8e6 * 15-11-2024 14:47:19.285
CRC-Response  - 132,2,F000,1*87b7 * 15-11-2024 14:47:26.551
Command * Rack-2 Dipped in J9 - #133,17,1,39344,800 ,1,1,1*d8b2
 * 15-11-2024 14:47:27.390
CRC-Response  - 133,17,I001,1*e80e * 15-11-2024 14:47:27.549
CRC-Response  - 133,17,F000,1*d75f * 15-11-2024 14:47:33.411
Command * Rack-2 Placed in W2 - #134,3,1,46604,800 ,0,0*41ad
 * 15-11-2024 14:47:34.141
CRC-Response  - 134,3,I001,1*6bc7 * 15-11-2024 14:47:34.308
CRC-Response  - 134,3,F000,1*5496 * 15-11-2024 14:47:40.368
Command * WATER VALVE - 1 CONTROL ON - #135,13,1,1*4bcb
 * 15-11-2024 14:47:41.766
CRC-Response  - 135,13,F000*61d1 * 15-11-2024 14:47:41.936
Command * Rack-3 Picked from J6 - #136,2,2,28454,800 ,0,0*2d3d
 * 15-11-2024 14:47:44.780
CRC-Response  - 136,2,I001,2*6ce7 * 15-11-2024 14:47:44.950
CRC-Response  - 136,2,F000,2*53b6 * 15-11-2024 14:47:50.784
Command * Rack-3 Placed in W1 - #137,3,2,42974,800 ,0,0*67a9
 * 15-11-2024 14:47:51.62
CRC-Response  - 137,3,I001,2*6577 * 15-11-2024 14:47:51.234
CRC-Response  - 137,3,F000,2*5a26 * 15-11-2024 14:47:58.107
Command * Rack-3 Placed in W1 - #138,1,2,2688,800 ,0*29b3
 * 15-11-2024 14:47:58.843
CRC-Response  - 138,1,I001,2*8cc6 * 15-11-2024 14:47:59.8
CRC-Response  - 138,1,F000,2*b397 * 15-11-2024 14:48:04.368
Command * Rack-1 Picked from J22 - #139,2,2,24824,8590,0,0*21e6
 * 15-11-2024 14:48:07.272
CRC-Response  - 139,2,I001,2*5cd7 * 15-11-2024 14:48:07.441
CRC-Response  - 139,2,F000,2*6386 * 15-11-2024 14:48:15.180
Command * Rack-1 Placed in J23 - #140,3,2,21194,8590,0,0*cf28
 * 15-11-2024 14:48:15.555
CRC-Response  - 140,3,I001,2*cbdc * 15-11-2024 14:48:15.721
CRC-Response  - 140,3,F000,2*f48d * 15-11-2024 14:48:21.388
Command * WATER VALVE - 2 CONTROL OFF - #141,13,2,0*48dd
 * 15-11-2024 14:48:41.389
CRC-Response  - 141,13,F000*7b52 * 15-11-2024 14:48:41.552
Command * Rack-2 Picked from W2 - #142,2,1,46604,800 ,0,0*6c02
 * 15-11-2024 14:48:42.859
CRC-Response  - 142,2,I001,1*ccfc * 15-11-2024 14:48:43.19
CRC-Response  - 142,2,F000,1*f3ad * 15-11-2024 14:48:48.171
Command * Rack-2 Dipped in J18 - #143,17,1,39344,8590,1,1,1*09ca
 * 15-11-2024 14:48:49.109
CRC-Response  - 143,17,I001,1*23fb * 15-11-2024 14:48:49.272
CRC-Response  - 143,17,F000,1*1caa * 15-11-2024 14:48:55.158
Command * Rack-2 Placed in W6 - #144,3,1,42974,8590,0,0*484f
 * 15-11-2024 14:48:55.858
CRC-Response  - 144,3,I001,1*1fdd * 15-11-2024 14:48:56.24
11 Secconds Timer incrementes for R3 as other racks picking by RA in tmr_r3_incub() * 15-11-2024 14:48:58.469
CRC-Response  - 144,3,F000,1*208c * 15-11-2024 14:49:01.683
Command * WATER VALVE - 1 CONTROL OFF - #145,13,1,0*bb2c
 * 15-11-2024 14:49:09.524
CRC-Response  - 145,13,F000*bb60 * 15-11-2024 14:49:09.682
Command * Rack-3 Picked from W1 - #146,2,1,42974,800 ,0,0*0cf3
 * 15-11-2024 14:49:10.469
CRC-Response  - 146,2,I001,1*19bd * 15-11-2024 14:49:10.638
CRC-Response  - 146,2,F000,1*26ec * 15-11-2024 14:49:16.468
Command * Rack-3 Placed in J8 - #147,3,1,35714,800 ,0,0*fe65
 * 15-11-2024 14:49:16.662
CRC-Response  - 147,3,I001,1*102d * 15-11-2024 14:49:16.827
11 Secconds Timer incrementes in Jar J23for R1 as other racks picking by RA in tmr_r1_incub() * 15-11-2024 14:49:21.955
CRC-Response  - 147,3,F000,1*2f7c * 15-11-2024 14:49:22.894
Command * Rack-3 Placed in J8 - #148,1,1,64754,800 ,0*e1d5
 * 15-11-2024 14:49:23.890
CRC-Response  - 148,1,I001,1*f99c * 15-11-2024 14:49:24.54
CRC-Response  - 148,1,F000,1*c6cd * 15-11-2024 14:49:28.127
Command * Rack-1 Picked from J23 - #149,2,2,21194,8590,0,0*aba5
 * 15-11-2024 14:49:33.11
CRC-Response  - 149,2,I001,2*28cd * 15-11-2024 14:49:33.173
CRC-Response  - 149,2,F000,2*179c * 15-11-2024 14:49:38.311
Command * Rack-1 Placed in J24 - #150,3,2,17564,8590,0,0*00f3
 * 15-11-2024 14:49:38.709
CRC-Response  - 150,3,I001,2*37d8 * 15-11-2024 14:49:38.882
CRC-Response  - 150,3,F000,2*0889 * 15-11-2024 14:49:44.534
Command * WATER VALVE - 6 CONTROL OFF - #151,13,6,0*1991
 * 15-11-2024 14:50:02.687
CRC-Response  - 151,13,F000*be03 * 15-11-2024 14:50:02.856
Command * Rack-2 Picked from W6 - #152,2,1,42974,8590,0,0*0386
 * 15-11-2024 14:50:03.644
CRC-Response  - 152,2,I001,1*30f8 * 15-11-2024 14:50:03.818
CRC-Response  - 152,2,F000,1*0fa9 * 15-11-2024 14:50:11.493
Command * Rack-2 Dipped in J19 - #153,17,1,35714,8590,1,1,1*5892
 * 15-11-2024 14:50:11.908
CRC-Response  - 153,17,I001,1*e006 * 15-11-2024 14:50:12.81
CRC-Response  - 153,17,F000,1*df57 * 15-11-2024 14:50:17.928
Command * Rack-2 Placed in J20 - #154,3,1,32084,8590,0,0*5675
 * 15-11-2024 14:50:18.123
CRC-Response  - 154,3,I001,1*e3d9 * 15-11-2024 14:50:18.284
CRC-Response  - 154,3,F000,1*dc88 * 15-11-2024 14:50:23.949
Command * Rack-2 Placed in J20 - #155,1,1,64754,800 ,0*b27a
 * 15-11-2024 14:50:24.899
CRC-Response  - 155,1,I001,1*ff09 * 15-11-2024 14:50:25.62
CRC-Response  - 155,1,F000,1*c058 * 15-11-2024 14:50:29.551
Command * Rack-1 Picked from J24 - #156,2,2,17564,8590,0,0*9a2a
 * 15-11-2024 14:50:45.225
CRC-Response  - 156,2,I001,2*e4f9 * 15-11-2024 14:50:45.392
CRC-Response  - 156,2,F000,2*dba8 * 15-11-2024 14:50:50.529
Command * Rack-1 Placed in J25 - #157,3,2,13934,8590,0,0*ef49
 * 15-11-2024 14:50:50.985
CRC-Response  - 157,3,I001,2*ed69 * 15-11-2024 14:50:51.151
CRC-Response  - 157,3,F000,2*d238 * 15-11-2024 14:50:56.805
Command * Rack-2 Picked from J20 - #158,2,2,32084,8590,0,0*9674
 * 15-11-2024 14:51:24.662
CRC-Response  - 158,2,I001,2*1198 * 15-11-2024 14:51:24.833
CRC-Response  - 158,2,F000,2*2ec9 * 15-11-2024 14:51:32.122
Command * Rack-2 Placed in J21 - #159,3,2,28454,8590,0,0*13ca
 * 15-11-2024 14:51:32.383
CRC-Response  - 159,3,I001,2*1808 * 15-11-2024 14:51:32.547
CRC-Response  - 159,3,F000,2*2759 * 15-11-2024 14:51:38.199
Command * Rack-1 Picked from J25 - #160,2,2,13934,8590,0,0*979e
 * 15-11-2024 14:51:57.536
CRC-Response  - 160,2,I001,2*bf16 * 15-11-2024 14:51:57.798
CRC-Response  - 160,2,F000,2*8047 * 15-11-2024 14:52:04.576
Command * Rack-1 Placed in U1 - #161,3,2,61124,16380,0,0*8303
 * 15-11-2024 14:52:04.865
CRC-Response  - 161,3,I001,2*b686 * 15-11-2024 14:52:05.25
CRC-Response  - 161,3,F000,2*89d7 * 15-11-2024 14:52:15.564
Command * Rack-1 Placed in U1 - #162,1,2,2688,800 ,0*4685
 * 15-11-2024 14:52:16.153
CRC-Response  - 162,1,I001,2*60f7 * 15-11-2024 14:52:16.324
11 Secconds Timer incrementes in Jar U1for R1 as other racks picking by RA in tmr_r1_incub() * 15-11-2024 14:52:16.659
CRC-Response  - 162,1,F000,2*5fa6 * 15-11-2024 14:52:23.733
11 Secconds Timer incrementes for R3 as previous racks are in Waiting in tmr_r3_incub() * 15-11-2024 14:52:24.34
Rack - 1Protocol Ended * 15-11-2024 14:52:26.692
Command * Rack-3 Picked from J8 - #163,2,2,35714,800 ,0,0*95a6
 * 15-11-2024 14:52:35.87
CRC-Response  - 163,2,I001,2*b0e6 * 15-11-2024 14:52:35.254
11 Secconds Timer incrementes for R2 as other racks picking by RA in tmr_r2_incub() * 15-11-2024 14:52:38.816
CRC-Response  - 163,2,F000,2*8fb7 * 15-11-2024 14:52:44.207
Command * Rack-3 Placed in W2 - #164,3,2,46604,800 ,0,0*e5b8
 * 15-11-2024 14:52:44.317
CRC-Response  - 164,3,I001,2*a696 * 15-11-2024 14:52:44.485
11 Secconds Timer incrementes for R2 as other racks picking by RA in tmr_r2_incub() * 15-11-2024 14:52:49.816
CRC-Response  - 164,3,F000,2*99c7 * 15-11-2024 14:52:50.947
Command * Rack-3 Placed in W2 - #165,1,2,2688,800 ,0*7737
 * 15-11-2024 14:52:51.569
CRC-Response  - 165,1,I001,2*ba46 * 15-11-2024 14:52:51.736
CRC-Response  - 165,1,F000,2*8517 * 15-11-2024 14:52:57.498
Command * Rack-2 Picked from J21 - #166,2,2,28454,8590,0,0*22fc
 * 15-11-2024 14:53:00.842
CRC-Response  - 166,2,I001,2*a0f6 * 15-11-2024 14:53:01.12
CRC-Response  - 166,2,F000,2*9fa7 * 15-11-2024 14:53:09.161
Command * Rack-2 Placed in J22 - #167,3,2,24824,8590,0,0*a78b
 * 15-11-2024 14:53:09.596
CRC-Response  - 167,3,I001,2*a966 * 15-11-2024 14:53:09.753
CRC-Response  - 167,3,F000,2*9637 * 15-11-2024 14:53:15.420
11 Secconds Timer incrementes for R3 as previous racks are in Waiting in tmr_r3_incub() * 15-11-2024 14:53:51.288
Command * WATER VALVE - 2 CONTROL OFF - #168,13,2,0*4204
 * 15-11-2024 14:54:02.311
CRC-Response  - 168,13,F000*e199 * 15-11-2024 14:54:02.479
Command * Rack-3 Picked from W2 - #169,2,1,46604,800 ,0,0*f484
 * 15-11-2024 14:54:03.268
CRC-Response  - 169,2,I001,1*9186 * 15-11-2024 14:54:03.441
CRC-Response  - 169,2,F000,1*aed7 * 15-11-2024 14:54:10.698
Command * Rack-3 Dipped in J9 - #170,17,1,39344,800 ,1,1,1*e894
 * 15-11-2024 14:54:11.540
CRC-Response  - 170,17,I001,1*63f0 * 15-11-2024 14:54:11.706
11 Secconds Timer incrementes for R2 as other racks picking by RA in tmr_r2_incub() * 15-11-2024 14:54:15.997
CRC-Response  - 170,17,F000,1*5ca1 * 15-11-2024 14:54:17.565
Command * Rack-3 Placed in W2 - #171,3,1,46604,800 ,0,0*9024
 * 15-11-2024 14:54:18.281
CRC-Response  - 171,3,I001,1*4bc2 * 15-11-2024 14:54:18.447
CRC-Response  - 171,3,F000,1*7493 * 15-11-2024 14:54:24.503
Command * Rack-2 Picked from J22 - #172,2,2,24824,8590,0,0*df06
 * 15-11-2024 14:54:27.57
CRC-Response  - 172,2,I001,2*89b3 * 15-11-2024 14:54:27.222
CRC-Response  - 172,2,F000,2*b6e2 * 15-11-2024 14:54:32.367
Command * Rack-2 Placed in J23 - #173,3,2,21194,8590,0,0*cf5f
 * 15-11-2024 14:54:32.805
CRC-Response  - 173,3,I001,2*8023 * 15-11-2024 14:54:32.972
CRC-Response  - 173,3,F000,2*bf72 * 15-11-2024 14:54:38.632
11 Secconds Timer incrementes for R3 as previous racks are in Waiting in tmr_r3_incub() * 15-11-2024 14:55:25.188
18 Secconds Timer incrementes for R3 as this rack in water station and other rack is elasping time in tmr_r3_incub() * 15-11-2024 14:55:36.191
11 Secconds Timer incrementes for R2 as previous racks are in Waiting in tmr_r2_incub() * 15-11-2024 14:55:39.223
Command * Rack-2 Picked from J23 - #174,2,2,21194,8590,0,0*84bb
 * 15-11-2024 14:55:50.242
CRC-Response  - 174,2,I001,2*9653 * 15-11-2024 14:55:50.464
11 Secconds Timer incrementes for R3 as other racks picking by RA in tmr_r3_incub() * 15-11-2024 14:55:54.285
CRC-Response  - 174,2,F000,2*a902 * 15-11-2024 14:55:55.544
Command * Rack-2 Placed in J24 - #175,3,2,17564,8590,0,0*b71c
 * 15-11-2024 14:55:56.28
CRC-Response  - 175,3,I001,2*9fc3 * 15-11-2024 14:55:56.192
CRC-Response  - 175,3,F000,2*a092 * 15-11-2024 14:56:01.859
Command * WATER VALVE - 2 CONTROL OFF - #176,13,2,0*5e88
 * 15-11-2024 14:56:05.351
CRC-Response  - 176,13,F000*4484 * 15-11-2024 14:56:05.515
Command * Rack-3 Picked from W2 - #177,2,1,46604,800 ,0,0*0afd
 * 15-11-2024 14:56:06.301
CRC-Response  - 177,2,I001,1*98e3 * 15-11-2024 14:56:06.459
CRC-Response  - 177,2,F000,1*a7b2 * 15-11-2024 14:56:11.600
Command * Rack-3 Dipped in J18 - #178,17,1,39344,8590,1,1,1*b51d
 * 15-11-2024 14:56:12.580
CRC-Response  - 178,17,I001,1*03da * 15-11-2024 14:56:12.747
CRC-Response  - 178,17,F000,1*3c8b * 15-11-2024 14:56:18.620
Command * Rack-3 Placed in W6 - #179,3,1,42974,8590,0,0*6751
 * 15-11-2024 14:56:19.332
CRC-Response  - 179,3,I001,1*a143 * 15-11-2024 14:56:19.491
CRC-Response  - 179,3,F000,1*9e12 * 15-11-2024 14:56:25.158
11 Secconds Timer incrementes for R2 as previous racks are in Waiting in tmr_r2_incub() * 15-11-2024 14:57:02.346
Command * Rack-2 Picked from J24 - #180,2,2,17564,8590,0,0*e17e
 * 15-11-2024 14:57:13.390
CRC-Response  - 180,2,I001,2*5722 * 15-11-2024 14:57:13.564
CRC-Response  - 180,2,F000,2*6873 * 15-11-2024 14:57:18.690
Command * Rack-2 Placed in J25 - #181,3,2,13934,8590,0,0*941d
 * 15-11-2024 14:57:19.87
CRC-Response  - 181,3,I001,2*5eb2 * 15-11-2024 14:57:19.253
CRC-Response  - 181,3,F000,2*61e3 * 15-11-2024 14:57:24.911
11 Secconds Timer incrementes for R3 as previous racks are in Waiting in tmr_r3_incub() * 15-11-2024 14:57:25.700
Command * WATER VALVE - 6 CONTROL OFF - #182,13,6,0*9c89
 * 15-11-2024 14:57:36.766
CRC-Response  - 182,13,F000*b486 * 15-11-2024 14:57:36.931
Command * Rack-3 Picked from W6 - #183,2,1,42974,8590,0,0*cf67
 * 15-11-2024 14:57:37.719
CRC-Response  - 183,2,I001,1*5992 * 15-11-2024 14:57:37.879
CRC-Response  - 183,2,F000,1*66c3 * 15-11-2024 14:57:43.27
Command * Rack-3 Dipped in J19 - #184,17,1,35714,8590,1,1,1*e43c
 * 15-11-2024 14:57:43.414
CRC-Response  - 184,17,I001,1*47f1 * 15-11-2024 14:57:43.583
CRC-Response  - 184,17,F000,1*78a0 * 15-11-2024 14:57:49.442
Command * Rack-3 Placed in J20 - #185,3,1,32084,8590,0,0*9a94
 * 15-11-2024 14:57:49.640
CRC-Response  - 185,3,I001,1*8ab3 * 15-11-2024 14:57:49.801
CRC-Response  - 185,3,F000,1*b5e2 * 15-11-2024 14:57:55.475
Command * Rack-3 Placed in J20 - #186,1,1,64754,800 ,0*5ba4
 * 15-11-2024 14:57:56.382
CRC-Response  - 186,1,I001,1*5cc2 * 15-11-2024 14:57:56.543
CRC-Response  - 186,1,F000,1*6393 * 15-11-2024 14:58:01.28
11 Secconds Timer incrementes for R2 as previous racks are in Waiting in tmr_r2_incub() * 15-11-2024 14:58:25.546
Command * Rack-2 Picked from J25 - #187,2,2,13934,8590,0,0*0ec4
 * 15-11-2024 14:58:36.572
CRC-Response  - 187,2,I001,2*8d93 * 15-11-2024 14:58:36.778
CRC-Response  - 187,2,F000,2*b2c2 * 15-11-2024 14:58:41.884
Command * Rack-2 Placed in U2 - #188,3,2,57494,16380,0,0*4f59
 * 15-11-2024 14:58:42.364
CRC-Response  - 188,3,I001,2*7162 * 15-11-2024 14:58:42.535
CRC-Response  - 188,3,F000,2*4e33 * 15-11-2024 14:58:52.655
Command * Rack-2 Placed in U2 - #189,1,2,2688,800 ,0*9f90
 * 15-11-2024 14:58:53.606
CRC-Response  - 189,1,I001,2*6db2 * 15-11-2024 14:58:53.773
11 Secconds Timer incrementes for R2 as other racks picking by RA in tmr_r2_incub() * 15-11-2024 14:58:54.107
11 Secconds Timer incrementes for R3 as other racks picking by RA in tmr_r3_incub() * 15-11-2024 14:58:56.23
CRC-Response  - 189,1,F000,2*52e3 * 15-11-2024 14:59:00.774
R2Protocol End Time * 15-11-2024 14:59:04.157
Command * Rack-3 Picked from J20 - #190,2,2,32084,8590,0,0*1359
 * 15-11-2024 14:59:07.53
CRC-Response  - 190,2,I001,2*ab26 * 15-11-2024 14:59:07.224
CRC-Response  - 190,2,F000,2*9477 * 15-11-2024 14:59:15.769
Command * Rack-3 Placed in J21 - #191,3,2,28454,8590,0,0*96e7
 * 15-11-2024 14:59:15.805
CRC-Response  - 191,3,I001,2*a2b6 * 15-11-2024 14:59:15.970
CRC-Response  - 191,3,F000,2*9de7 * 15-11-2024 14:59:21.630
11 Secconds Timer incrementes for R3 as previous racks are in Waiting in tmr_r3_incub() * 15-11-2024 15:00:22.266
Command * Rack-3 Picked from J21 - #192,2,2,28454,8590,0,0*59f2
 * 15-11-2024 15:00:33.350
CRC-Response  - 192,2,I001,2*6187 * 15-11-2024 15:00:33.517
CRC-Response  - 192,2,F000,2*5ed6 * 15-11-2024 15:00:38.655
Command * Rack-3 Placed in J22 - #193,3,2,24824,8590,0,0*dc85
 * 15-11-2024 15:00:39.71
CRC-Response  - 193,3,I001,2*6817 * 15-11-2024 15:00:39.243
CRC-Response  - 193,3,F000,2*5746 * 15-11-2024 15:00:44.903
Command * Home Command - #194,5,01111111*bdef
 * 15-11-2024 15:01:17.151
CRC-Response  - 194,5,I001,01111111*5208 * 15-11-2024 15:01:17.441
CRC-Response  - 194,5,F000*7965 * 15-11-2024 15:01:22.247
Command * Home Command - #195,5,01111111*7e12
 * 15-11-2024 15:01:24.498
CRC-Response  - 195,5,I001,01111111*c259 * 15-11-2024 15:01:24.659
CRC-Response  - 195,5,F000*b5a4 * 15-11-2024 15:01:24.691
11 Secconds Timer incrementes for R3 as previous racks are in Waiting in tmr_r3_incub() * 15-11-2024 15:01:45.548
Command * Rack-3 Picked from J22 - #196,2,2,24824,8590,0,0*7518
 * 15-11-2024 15:01:56.620
CRC-Response  - 196,2,I001,2*b4c6 * 15-11-2024 15:01:56.801
CRC-Response  - 196,2,F000,2*8b97 * 15-11-2024 15:02:04.833
Command * Rack-3 Placed in J23 - #197,3,2,21194,8590,0,0*6541
 * 15-11-2024 15:02:04.932
CRC-Response  - 197,3,I001,2*bd56 * 15-11-2024 15:02:05.94
CRC-Response  - 197,3,F000,2*8207 * 15-11-2024 15:02:10.762
Command * HEATER DOOR OPEN - #198,8,1,1*fe0b
 * 15-11-2024 15:02:34.301
CRC-Response  - 198,8,I001*e5a6 * 15-11-2024 15:02:34.461
CRC-Response  - 198,8,F000*3164 * 15-11-2024 15:02:34.810
Command * Level Sensing For L1 - #199,4,17564,16380,0,0*26d5
 * 15-11-2024 15:02:34.976
CRC-Response  - 199,4,F006*3325 * 15-11-2024 15:02:35.143
11 Secconds Timer incrementes for R3 as previous racks are in Waiting in tmr_r3_incub() * 15-11-2024 15:03:11.268
Command * Rack-3 Picked from J23 - #200,2,2,21194,8590,0,0*a24f
 * 15-11-2024 15:03:22.319
CRC-Response  - 200,2,F006,2*0dbd * 15-11-2024 15:03:22.639
Command * HEATER OFF - #201,12,0*c5d4
 * 15-11-2024 15:04:19.881
CRC-Response  - 201,12,F000*3b1d * 15-11-2024 15:04:20.162
