Command * WATER VALVE - 1 CONTROL ON - #0,13,1,1*b32a
 * 13-11-2024 15:19:20.225
CRC-Response  - 0,13,F000*29e9 * 13-11-2024 15:19:20.404
Command * WATER VALVE - 2 CONTROL ON - #1,13,2,1*7f1b
 * 13-11-2024 15:19:21.415
CRC-Response  - 1,13,F000*b9e4 * 13-11-2024 15:19:21.661
Command * WATER VALVE - 3 CONTROL ON - #2,13,3,1*aa0a
 * 13-11-2024 15:19:22.673
CRC-Response  - 2,13,F000*49f0 * 13-11-2024 15:19:22.839
Command * WATER VALVE - 4 CONTROL ON - #3,13,4,1*a77a
 * 13-11-2024 15:19:23.859
CRC-Response  - 3,13,F000*d9fd * 13-11-2024 15:19:24.23
Command * WATER VALVE - 5 CONTROL ON - #4,13,5,1*816a
 * 13-11-2024 15:19:25.39
CRC-Response  - 4,13,F000*e9db * 13-11-2024 15:19:25.208
Command * WATER VALVE - 6 CONTROL ON - #5,13,6,1*4d5b
 * 13-11-2024 15:19:26.221
CRC-Response  - 5,13,F000*79d6 * 13-11-2024 15:19:26.451
Device Intialization started * 13-11-2024 15:19:32.475
Command * Both Z Axis Home Command - #6,5,00100100*1d59
 * 13-11-2024 15:19:32.479
CRC-Response  - 6,5,I001,00100100*a3bf * 13-11-2024 15:19:32.647
CRC-Response  - 6,5,F000*c7bb * 13-11-2024 15:19:33.745
Command * Home Command - #7,5,01111111*7248
 * 13-11-2024 15:19:36.200
CRC-Response  - 7,5,I001,01111111*9f02 * 13-11-2024 15:19:36.357
CRC-Response  - 7,5,F000*0b7a * 13-11-2024 15:19:39.154
Command * Home Command - #8,5,01111111*665c
 * 13-11-2024 15:19:41.412
CRC-Response  - 8,5,I001,01111111*6c37 * 13-11-2024 15:19:41.581
CRC-Response  - 8,5,F000*4b3a * 13-11-2024 15:19:41.590
Command * Level Sensing For U1 - #9,4,64754,16380,0,0*1011
 * 13-11-2024 15:19:44.97
CRC-Response  - 9,4,I001*8238 * 13-11-2024 15:19:44.264
CRC-Response  - 9,4,F000,2382*f834 * 13-11-2024 15:19:48.391
U1 Value - 2382 * 13-11-2024 15:19:48.417
Command * Level Sensing For U2 - #10,4,61124,16380,0,0*9f4f
 * 13-11-2024 15:19:48.767
CRC-Response  - 10,4,I001*82eb * 13-11-2024 15:19:48.930
CRC-Response  - 10,4,F000,2400*ea86 * 13-11-2024 15:19:51.227
U2 Value - 2400 * 13-11-2024 15:19:51.248
Command * Level Sensing For U3 - #11,4,57494,16380,0,0*bade
 * 13-11-2024 15:19:51.453
CRC-Response  - 11,4,I001*4e2a * 13-11-2024 15:19:51.613
CRC-Response  - 11,4,F000,2400*6b84 * 13-11-2024 15:19:53.911
U3 Value - 2400 * 13-11-2024 15:19:53.930
Command * Level Sensing For U4 - #12,4,53864,16380,0,0*e29a
 * 13-11-2024 15:19:54.148
CRC-Response  - 12,4,I001*5b6a * 13-11-2024 15:19:54.313
CRC-Response  - 12,4,F000,2391*f9f7 * 13-11-2024 15:19:56.598
U4 Value - 2391 * 13-11-2024 15:19:56.612
Command * Level Sensing For U5 - #13,4,50234,16380,0,0*1bb0
 * 13-11-2024 15:19:56.846
CRC-Response  - 13,4,I001*97ab * 13-11-2024 15:19:57.8
CRC-Response  - 13,4,F000,2380*2835 * 13-11-2024 15:19:59.289
U5 Value - 2380 * 13-11-2024 15:19:59.306
Command * Level Sensing For U6 - #14,4,46604,16380,0,0*e9c8
 * 13-11-2024 15:19:59.520
CRC-Response  - 14,4,I001*71ea * 13-11-2024 15:19:59.688
CRC-Response  - 14,4,F000,2386*6dbe * 13-11-2024 15:20:01.977
U6 Value - 2386 * 13-11-2024 15:20:01.999
Command * Level Sensing For J1 - #15,4,10304,800,0,0*1552
 * 13-11-2024 15:20:02.219
CRC-Response  - 15,4,I001*bd2b * 13-11-2024 15:20:02.384
CRC-Response  - 15,4,F000,2394*bd3c * 13-11-2024 15:20:08.319
J1 Value - 2394 * 13-11-2024 15:20:08.338
Command * Level Sensing For J2 - #16,4,13934,800 ,0,0*a5a8
 * 13-11-2024 15:20:08.447
CRC-Response  - 16,4,I001*a86b * 13-11-2024 15:20:08.611
CRC-Response  - 16,4,F000,2392*7cb9 * 13-11-2024 15:20:10.896
J2 Value - 2392 * 13-11-2024 15:20:10.915
Command * Level Sensing For J3 - #17,4,17564,800 ,0,0*01f6
 * 13-11-2024 15:20:11.139
CRC-Response  - 17,4,I001*64aa * 13-11-2024 15:20:11.303
CRC-Response  - 17,4,F000,2399*3afa * 13-11-2024 15:20:13.585
J3 Value - 2399 * 13-11-2024 15:20:13.607
Command * Level Sensing For J4 - #18,4,21194,800 ,0,0*080e
 * 13-11-2024 15:20:13.816
CRC-Response  - 18,4,I001*24ea * 13-11-2024 15:20:13.974
CRC-Response  - 18,4,F000,2398*f52f * 13-11-2024 15:20:16.264
J4 Value - 2398 * 13-11-2024 15:20:16.284
Command * Level Sensing For J5 - #19,4,24824,800 ,0,0*c96a
 * 13-11-2024 15:20:16.483
CRC-Response  - 19,4,I001*e82b * 13-11-2024 15:20:16.650
CRC-Response  - 19,4,F000,2390*b22c * 13-11-2024 15:20:18.947
J5 Value - 2390 * 13-11-2024 15:20:18.967
Command * Level Sensing For J6 - #20,4,28454,800 ,0,0*bbe6
 * 13-11-2024 15:20:19.172
CRC-Response  - 20,4,I001*72ff * 13-11-2024 15:20:19.336
CRC-Response  - 20,4,F000,2390*7832 * 13-11-2024 15:20:21.631
J6 Value - 2390 * 13-11-2024 15:20:21.647
Command * Level Sensing For J7 - #21,4,32084,800 ,0,0*ef65
 * 13-11-2024 15:20:21.844
CRC-Response  - 21,4,I001*be3e * 13-11-2024 15:20:22.4
CRC-Response  - 21,4,F000,2386*6bb1 * 13-11-2024 15:20:24.302
J7 Value - 2386 * 13-11-2024 15:20:24.321
Command * Level Sensing For J8 - #22,4,35714,800 ,0,0*bb45
 * 13-11-2024 15:20:24.513
CRC-Response  - 22,4,I001*ab7e * 13-11-2024 15:20:24.674
CRC-Response  - 22,4,F000,2386*a8b4 * 13-11-2024 15:20:26.972
J8 Value - 2386 * 13-11-2024 15:20:26.992
Command * Level Sensing For J9 - #23,4,39344,800 ,0,0*88e5
 * 13-11-2024 15:20:27.180
CRC-Response  - 23,4,I001*67bf * 13-11-2024 15:20:27.347
CRC-Response  - 23,4,F000,2403*2bc0 * 13-11-2024 15:20:29.629
J9 Value - 2403 * 13-11-2024 15:20:29.649
Command * Level Sensing For W1 - #24,4,42974,800 ,0,0*ed5f
 * 13-11-2024 15:20:29.862
CRC-Response  - 24,4,I001*81fe * 13-11-2024 15:20:30.29
CRC-Response  - 24,4,F000,2366*0eb9 * 13-11-2024 15:20:32.323
W1 Value - 2366 * 13-11-2024 15:20:32.338
Command * Level Sensing For W2 - #25,4,46604,800 ,0,0*f50e
 * 13-11-2024 15:20:32.562
CRC-Response  - 25,4,I001*4d3f * 13-11-2024 15:20:32.724
CRC-Response  - 25,4,F000,2382*2cbe * 13-11-2024 15:20:35.20
W2 Value - 2382 * 13-11-2024 15:20:35.42
Command * Level Sensing For W3 - #26,4,50234,800 ,0,0*3d09
 * 13-11-2024 15:20:35.259
CRC-Response  - 26,4,I001*587f * 13-11-2024 15:20:35.425
CRC-Response  - 26,4,F000,2390*be3b * 13-11-2024 15:20:37.708
W3 Value - 2390 * 13-11-2024 15:20:37.732
Command * Level Sensing For J10 - #27,4,53864,800 ,0,0*d654
 * 13-11-2024 15:20:37.961
CRC-Response  - 27,4,I001*94be * 13-11-2024 15:20:38.129
CRC-Response  - 27,4,F000,2391*fff8 * 13-11-2024 15:20:40.420
J10 Value - 2391 * 13-11-2024 15:20:40.436
Command * Level Sensing For J11 - #28,4,57494,800 ,0,0*4149
 * 13-11-2024 15:20:40.639
CRC-Response  - 28,4,I001*d4fe * 13-11-2024 15:20:40.810
CRC-Response  - 28,4,F000,2393*316d * 13-11-2024 15:20:43.92
J11 Value - 2393 * 13-11-2024 15:20:43.112
Command * Level Sensing For J12 - #29,4,61124,800 ,0,0*503b
 * 13-11-2024 15:20:43.316
CRC-Response  - 29,4,I001*183f * 13-11-2024 15:20:43.482
CRC-Response  - 29,4,F000,2386*23ae * 13-11-2024 15:20:45.773
J12 Value - 2386 * 13-11-2024 15:20:45.794
Command * Level Sensing For J13 - #30,4,64754,800 ,0,0*4bcb
 * 13-11-2024 15:20:46.26
CRC-Response  - 30,4,I001*e2f2 * 13-11-2024 15:20:46.192
CRC-Response  - 30,4,F000,2380*2933 * 13-11-2024 15:20:48.475
J13 Value - 2380 * 13-11-2024 15:20:48.494
Command * Level Sensing For J14 - #31,4,64754,8590,0,0*ed0e
 * 13-11-2024 15:20:48.689
CRC-Response  - 31,4,I001*2e33 * 13-11-2024 15:20:48.847
CRC-Response  - 31,4,F000,2390*3830 * 13-11-2024 15:20:51.318
J14 Value - 2390 * 13-11-2024 15:20:51.337
Command * Level Sensing For J15 - #32,4,61124,8590,0,0*d0e0
 * 13-11-2024 15:20:51.371
CRC-Response  - 32,4,I001*3b73 * 13-11-2024 15:20:51.532
CRC-Response  - 32,4,F000,2406*6802 * 13-11-2024 15:20:53.821
J15 Value - 2406 * 13-11-2024 15:20:53.841
Command * Level Sensing For J16 - #33,4,57494,8590,0,0*c192
 * 13-11-2024 15:20:54.39
CRC-Response  - 33,4,I001*f7b2 * 13-11-2024 15:20:54.204
CRC-Response  - 33,4,F000,2399*7cf7 * 13-11-2024 15:20:56.494
J16 Value - 2399 * 13-11-2024 15:20:56.509
Command * Level Sensing For J17 - #34,4,53864,8590,0,0*340d
 * 13-11-2024 15:20:56.727
CRC-Response  - 34,4,I001*11f3 * 13-11-2024 15:20:56.894
CRC-Response  - 34,4,F000,2398*fb3d * 13-11-2024 15:20:59.188
J17 Value - 2398 * 13-11-2024 15:20:59.207
Command * Level Sensing For W4 - #35,4,50234,8590,0,0*df50
 * 13-11-2024 15:20:59.407
CRC-Response  - 35,4,I001*dd32 * 13-11-2024 15:20:59.574
CRC-Response  - 35,4,F000,2384*ef3e * 13-11-2024 15:21:01.865
W4 Value - 2384 * 13-11-2024 15:21:01.885
Command * Level Sensing For W5 - #36,4,46604,8590,0,0*1757
 * 13-11-2024 15:21:02.95
CRC-Response  - 36,4,I001*c872 * 13-11-2024 15:21:02.252
CRC-Response  - 36,4,F000,2386*edba * 13-11-2024 15:21:04.543
W5 Value - 2386 * 13-11-2024 15:21:04.559
Command * Level Sensing For W6 - #37,4,42974,8590,0,0*0f06
 * 13-11-2024 15:21:04.773
CRC-Response  - 37,4,I001*04b3 * 13-11-2024 15:21:04.931
CRC-Response  - 37,4,F000,2385*6df8 * 13-11-2024 15:21:07.220
W6 Value - 2385 * 13-11-2024 15:21:07.240
Command * Level Sensing For J18 - #38,4,39344,8590,0,0*083e
 * 13-11-2024 15:21:07.470
CRC-Response  - 38,4,I001*44f3 * 13-11-2024 15:21:07.638
CRC-Response  - 38,4,F000,2402*a11b * 13-11-2024 15:21:09.928
J18 Value - 2402 * 13-11-2024 15:21:09.943
Command * Level Sensing For J19 - #39,4,35714,8590,0,0*3b9e
 * 13-11-2024 15:21:10.148
CRC-Response  - 39,4,I001*8832 * 13-11-2024 15:21:10.315
CRC-Response  - 39,4,F000,2396*72af * 13-11-2024 15:21:12.608
J19 Value - 2396 * 13-11-2024 15:21:12.633
Command * Level Sensing For J20 - #40,4,32084,8590,0,0*c128
 * 13-11-2024 15:21:12.846
CRC-Response  - 40,4,I001*d2d4 * 13-11-2024 15:21:13.12
CRC-Response  - 40,4,F000,2403*eec3 * 13-11-2024 15:21:15.301
J20 Value - 2403 * 13-11-2024 15:21:15.320
Command * Level Sensing For J21 - #41,4,28454,8590,0,0*95ab
 * 13-11-2024 15:21:15.553
CRC-Response  - 41,4,I001*1e15 * 13-11-2024 15:21:15.720
CRC-Response  - 41,4,F000,2394*3c37 * 13-11-2024 15:21:18.2
J21 Value - 2394 * 13-11-2024 15:21:18.21
Command * Level Sensing For J22 - #42,4,24824,8590,0,0*7940
 * 13-11-2024 15:21:18.234
CRC-Response  - 42,4,I001*0b55 * 13-11-2024 15:21:18.404
CRC-Response  - 42,4,F000,2399*3af3 * 13-11-2024 15:21:20.686
J22 Value - 2399 * 13-11-2024 15:21:20.699
Command * Level Sensing For J23 - #43,4,21194,8590,0,0*b824
 * 13-11-2024 15:21:20.939
CRC-Response  - 43,4,I001*c794 * 13-11-2024 15:21:21.102
CRC-Response  - 43,4,F000,2398*7b30 * 13-11-2024 15:21:23.400
J23 Value - 2398 * 13-11-2024 15:21:23.418
Command * Level Sensing For J24 - #44,4,17564,8590,0,0*d35e
 * 13-11-2024 15:21:23.631
CRC-Response  - 44,4,I001*21d5 * 13-11-2024 15:21:23.800
CRC-Response  - 44,4,F000,2400*6b8d * 13-11-2024 15:21:26.85
J24 Value - 2400 * 13-11-2024 15:21:26.102
Command * Level Sensing For J25 - #45,4,13934,8590,0,0*7700
 * 13-11-2024 15:21:26.313
CRC-Response  - 45,4,I001*ed14 * 13-11-2024 15:21:26.477
CRC-Response  - 45,4,F000,2409*ec4f * 13-11-2024 15:21:28.761
J25 Value - 2409 * 13-11-2024 15:21:28.777
Command * Level Sensing For J26 - #46,4,10304,8590,0,0*ace2
 * 13-11-2024 15:21:29.0
CRC-Response  - 46,4,I001*f854 * 13-11-2024 15:21:29.165
CRC-Response  - 46,4,F000,2407*ebcb * 13-11-2024 15:21:31.455
J26 Value - 2407 * 13-11-2024 15:21:31.476
Command * Level Sensing For J27 - #47,4,42974,16380,0,0*f8a4
 * 13-11-2024 15:21:31.689
CRC-Response  - 47,4,I001*3495 * 13-11-2024 15:21:31.855
CRC-Response  - 47,4,F000,2379*5ffb * 13-11-2024 15:21:37.391
J27 Value - 2379 * 13-11-2024 15:21:37.407
Command * Level Sensing For J28 - #48,4,39344,16380,0,0*2aa2
 * 13-11-2024 15:21:37.903
CRC-Response  - 48,4,I001*74d5 * 13-11-2024 15:21:38.72
CRC-Response  - 48,4,F000,2432*961d * 13-11-2024 15:21:40.356
J28 Value - 2432 * 13-11-2024 15:21:40.375
Command * Level Sensing For J29 - #49,4,35714,16380,0,0*5291
 * 13-11-2024 15:21:40.580
CRC-Response  - 49,4,I001*b814 * 13-11-2024 15:21:40.743
CRC-Response  - 49,4,F000,2418*709e * 13-11-2024 15:21:43.29
J29 Value - 2418 * 13-11-2024 15:21:43.46
Command * Level Sensing For J30 - #50,4,32084,16380,0,0*8262
 * 13-11-2024 15:21:43.264
CRC-Response  - 50,4,I001*42d9 * 13-11-2024 15:21:43.430
CRC-Response  - 50,4,F000,2422*8f03 * 13-11-2024 15:21:45.710
J30 Value - 2422 * 13-11-2024 15:21:45.729
Command * Level Sensing For J31 - #51,4,28454,16380,0,0*2377
 * 13-11-2024 15:21:45.961
CRC-Response  - 51,4,I001*8e18 * 13-11-2024 15:21:46.125
CRC-Response  - 51,4,F000,2424*0c81 * 13-11-2024 15:21:48.416
J31 Value - 2424 * 13-11-2024 15:21:48.437
Command * Level Sensing For J32 - #52,4,24824,16380,0,0*6cdb
 * 13-11-2024 15:21:48.639
CRC-Response  - 52,4,I001*9b58 * 13-11-2024 15:21:48.806
CRC-Response  - 52,4,F000,2448*6a87 * 13-11-2024 15:21:51.100
J32 Value - 2448 * 13-11-2024 15:21:51.117
Command * Level Sensing For J33 - #53,4,21194,16380,0,0*871b
 * 13-11-2024 15:21:51.312
CRC-Response  - 53,4,I001*5799 * 13-11-2024 15:21:51.472
CRC-Response  - 53,4,F000,2433*1cc6 * 13-11-2024 15:21:53.771
J33 Value - 2433 * 13-11-2024 15:21:53.792
Command * Level Sensing For H1 - #54,4,2688,1000,0,1*24c9
 * 13-11-2024 15:21:53.978
CRC-Response  - 54,4,I001*b1d8 * 13-11-2024 15:21:54.144
CRC-Response  - 54,4,F000,3314*c43d * 13-11-2024 15:21:58.105
H1 Value - 3314 * 13-11-2024 15:21:58.121
Command * Level Sensing For H2 - #55,4,2688,8700,0,1*1e2e
 * 13-11-2024 15:21:58.144
CRC-Response  - 55,4,I001*7d19 * 13-11-2024 15:21:58.308
CRC-Response  - 55,4,F000,3304*d53e * 13-11-2024 15:22:00.774
H2 Value - 3304 * 13-11-2024 15:22:00.795
Command * Level Sensing For H3 - #56,4,2688,16380,0,1*9c28
 * 13-11-2024 15:22:00.825
CRC-Response  - 56,4,I001*6859 * 13-11-2024 15:22:00.991
CRC-Response  - 56,4,F000,3298*836c * 13-11-2024 15:22:03.451
H3 Value - 3298 * 13-11-2024 15:22:03.465
Command * Home Command - #57,5,01111111*6e62
 * 13-11-2024 15:22:03.528
CRC-Response  - 57,5,I001,01111111*c91c * 13-11-2024 15:22:03.686
CRC-Response  - 57,5,F000*a15b * 13-11-2024 15:22:16.226
Command * Home Command - #58,5,01111111*7a76
 * 13-11-2024 15:22:19.735
CRC-Response  - 58,5,I001,01111111*3a29 * 13-11-2024 15:22:19.951
CRC-Response  - 58,5,F000*e11b * 13-11-2024 15:22:19.953
Command * WATER VALVE - 1 CONTROL OFF - #0,13,1,0*73eb
 * 13-11-2024 15:24:06.552
CRC-Response  - 0,13,F000*29e9 * 13-11-2024 15:24:06.717
Command * WATER VALVE - 2 CONTROL OFF - #1,13,2,0*bfda
 * 13-11-2024 15:24:07.734
CRC-Response  - 1,13,F000*b9e4 * 13-11-2024 15:24:07.891
Command * WATER VALVE - 3 CONTROL OFF - #2,13,3,0*6acb
 * 13-11-2024 15:24:08.909
CRC-Response  - 2,13,F000*49f0 * 13-11-2024 15:24:09.70
Command * WATER VALVE - 4 CONTROL OFF - #3,13,4,0*67bb
 * 13-11-2024 15:24:10.91
CRC-Response  - 3,13,F000*d9fd * 13-11-2024 15:24:10.260
Command * WATER VALVE - 5 CONTROL OFF - #4,13,5,0*41ab
 * 13-11-2024 15:24:11.282
CRC-Response  - 4,13,F000*e9db * 13-11-2024 15:24:11.440
Command * WATER VALVE - 6 CONTROL OFF - #5,13,6,0*8d9a
 * 13-11-2024 15:24:12.451
CRC-Response  - 5,13,F000*79d6 * 13-11-2024 15:24:12.612
Command * Home Command - #6,5,01111111*b1b5
 * 13-11-2024 15:24:30.121
CRC-Response  - 6,5,I001,01111111*0f53 * 13-11-2024 15:24:30.287
CRC-Response  - 6,5,F000*c7bb * 13-11-2024 15:24:30.290
Command * Home Command - #7,5,01111111*7248
 * 13-11-2024 15:24:32.792
CRC-Response  - 7,5,I001,01111111*9f02 * 13-11-2024 15:24:32.952
CRC-Response  - 7,5,F000*0b7a * 13-11-2024 15:24:32.958
Command * Level Sensing For H1 - #8,4,2688,1000,0,1*7112
 * 13-11-2024 15:24:34.495
CRC-Response  - 8,4,I001*4ef9 * 13-11-2024 15:24:34.664
CRC-Response  - 8,4,F000,3309*8271 * 13-11-2024 15:24:44.539
H1 Value - 3309 * 13-11-2024 15:24:44.555
Command * Level Sensing For H2 - #9,4,2688,8700,0,1*4bf5
 * 13-11-2024 15:24:44.722
CRC-Response  - 9,4,I001*8238 * 13-11-2024 15:24:44.881
CRC-Response  - 9,4,F000,3309*0373 * 13-11-2024 15:24:47.340
H2 Value - 3309 * 13-11-2024 15:24:47.355
Command * Level Sensing For H3 - #10,4,2688,16380,0,1*2539
 * 13-11-2024 15:24:47.407
CRC-Response  - 10,4,I001*82eb * 13-11-2024 15:24:47.573
CRC-Response  - 10,4,F000,3294*8460 * 13-11-2024 15:24:50.32
H3 Value - 3294 * 13-11-2024 15:24:50.48
Command * Level Sensing For L1 - #11,4,17564,16380,0,0*2ccc
 * 13-11-2024 15:24:50.81
CRC-Response  - 11,4,I001*4e2a * 13-11-2024 15:24:50.248
CRC-Response  - 11,4,F000,243*05ea * 13-11-2024 15:24:53.789
L1 Value - 243 * 13-11-2024 15:24:53.803
Command * Level Sensing For L2 - #12,4,13934,16380,0,0*6c90
 * 13-11-2024 15:24:54.265
CRC-Response  - 12,4,I001*5b6a * 13-11-2024 15:24:54.429
CRC-Response  - 12,4,F000,232*f12d * 13-11-2024 15:24:56.714
L2 Value - 232 * 13-11-2024 15:24:56.730
Command * Level Sensing For L3 - #13,4,10304,16380,0,0*9db2
 * 13-11-2024 15:24:56.936
CRC-Response  - 13,4,I001*97ab * 13-11-2024 15:24:57.105
CRC-Response  - 13,4,F000,228*a551 * 13-11-2024 15:24:59.394
L3 Value - 228 * 13-11-2024 15:24:59.409
Command * Home Command - #14,5,01111111*ee68
 * 13-11-2024 15:24:59.622
CRC-Response  - 14,5,I001,01111111*08ad * 13-11-2024 15:24:59.782
CRC-Response  - 14,5,F000*7429 * 13-11-2024 15:25:10.801
Command * Home Command - #15,5,01111111*2d95
 * 13-11-2024 15:25:13.327
CRC-Response  - 15,5,I001,01111111*98fc * 13-11-2024 15:25:13.487
CRC-Response  - 15,5,F000*b8e8 * 13-11-2024 15:25:13.495
Command * L1 - Picked - #16,2,2,17564,16380,0,0*184b
 * 13-11-2024 15:25:16.2
CRC-Response  - 16,2,I001,2*b133 * 13-11-2024 15:25:16.171
CRC-Response  - 16,2,F000,2*8e62 * 13-11-2024 15:25:23.403
Command * H1 - Placed - #17,3,2,2688,1000,0,1*e6fd
 * 13-11-2024 15:25:23.756
CRC-Response  - 17,3,I001,2*b8a3 * 13-11-2024 15:25:24.41
CRC-Response  - 17,3,F000,2*87f2 * 13-11-2024 15:25:30.988
Command * L2 - Picked - #18,2,2,13934,16380,0,0*32bc
 * 13-11-2024 15:25:31.130
CRC-Response  - 18,2,I001,2*4452 * 13-11-2024 15:25:31.297
CRC-Response  - 18,2,F000,2*7b03 * 13-11-2024 15:25:37.831
Command * H2 - Placed - #19,3,2,2688,8700,0,1*a521
 * 13-11-2024 15:25:38.331
CRC-Response  - 19,3,I001,2*4dc2 * 13-11-2024 15:25:38.491
CRC-Response  - 19,3,F000,2*7293 * 13-11-2024 15:25:45.12
Command * L3 - Picked - #20,2,2,10304,16380,0,0*6259
 * 13-11-2024 15:25:45.532
CRC-Response  - 20,2,I001,2*eadc * 13-11-2024 15:25:45.694
CRC-Response  - 20,2,F000,2*d58d * 13-11-2024 15:25:51.820
Command * H3 - Placed - #21,3,2,2688,16380,0,1*a6f1
 * 13-11-2024 15:25:52.232
CRC-Response  - 21,3,I001,2*e34c * 13-11-2024 15:25:52.395
CRC-Response  - 21,3,F000,2*dc1d * 13-11-2024 15:25:58.505
Racks Loaded to Heater * 13-11-2024 15:25:58.893
Command * HEATER DOOR CLOSE - #22,8,1,0*e732
 * 13-11-2024 15:25:58.897
CRC-Response  - 22,8,I001*677e * 13-11-2024 15:25:59.59
CRC-Response  - 22,8,F000*b3bc * 13-11-2024 15:25:59.402
Command * HEATER ON - #23,12,1*e1ee
 * 13-11-2024 15:25:59.562
CRC-Response  - 23,12,F000*ca27 * 13-11-2024 15:25:59.728
Command * SET TEMPERATURE - #24,10,32*8196
 * 13-11-2024 15:26:00.56
CRC-Response  - 24,10,F000*1800 * 13-11-2024 15:26:00.212
Command * READ TEMPERATURE - #25,11*8507
 * 13-11-2024 15:26:05.239
CRC-Response  - 25,11,F000,34*bd2e * 13-11-2024 15:26:05.407
Command * READ TEMPERATURE - #26,11*c107
 * 13-11-2024 15:26:15.449
CRC-Response  - 26,11,F000,34*b92a * 13-11-2024 15:26:15.642
Command * READ TEMPERATURE - #27,11*3d06
 * 13-11-2024 15:26:20.442
CRC-Response  - 27,11,F000,34*7ad7 * 13-11-2024 15:26:20.603
Command * READ TEMPERATURE - #28,11*2905
 * 13-11-2024 15:26:25.447
CRC-Response  - 28,11,F000,34*6ec3 * 13-11-2024 15:26:25.613
Command * READ TEMPERATURE - #29,11*d504
 * 13-11-2024 15:26:30.444
CRC-Response  - 29,11,F000,34*ad3e * 13-11-2024 15:26:30.612
Command * READ TEMPERATURE - #30,11*893a
 * 13-11-2024 15:26:35.446
CRC-Response  - 30,11,F000,34*3020 * 13-11-2024 15:26:35.616
Command * READ TEMPERATURE - #31,11*753b
 * 13-11-2024 15:26:40.434
CRC-Response  - 31,11,F000,34*f3dd * 13-11-2024 15:26:40.601
Command * READ TEMPERATURE - #32,11*313b
 * 13-11-2024 15:26:45.444
CRC-Response  - 32,11,F000,34*f7d9 * 13-11-2024 15:26:45.613
Command * READ TEMPERATURE - #33,11*cd3a
 * 13-11-2024 15:26:50.453
CRC-Response  - 33,11,F000,34*3424 * 13-11-2024 15:26:50.612
Command * READ TEMPERATURE - #34,11*b93b
 * 13-11-2024 15:26:55.452
CRC-Response  - 34,11,F000,35*3f10 * 13-11-2024 15:26:55.626
Command * READ TEMPERATURE - #35,11*453a
 * 13-11-2024 15:27:00.449
CRC-Response  - 35,11,F000,35*fced * 13-11-2024 15:27:00.610
Command * READ TEMPERATURE - #36,11*013a
 * 13-11-2024 15:27:05.463
CRC-Response  - 36,11,F000,34*3828 * 13-11-2024 15:27:05.631
Command * READ TEMPERATURE - #37,11*fd3b
 * 13-11-2024 15:27:10.478
CRC-Response  - 37,11,F000,35*3b14 * 13-11-2024 15:27:10.663
Command * READ TEMPERATURE - #38,11*e938
 * 13-11-2024 15:27:15.474
CRC-Response  - 38,11,F000,35*2f00 * 13-11-2024 15:27:15.640
Command * READ TEMPERATURE - #39,11*1539
 * 13-11-2024 15:27:20.466
CRC-Response  - 39,11,F000,34*2c3c * 13-11-2024 15:27:20.622
Command * READ TEMPERATURE - #40,11*498f
 * 13-11-2024 15:27:25.467
CRC-Response  - 40,11,F000,35*b7ea * 13-11-2024 15:27:25.635
Command * READ TEMPERATURE - #41,11*b58e
 * 13-11-2024 15:27:30.477
CRC-Response  - 41,11,F000,34*b4d6 * 13-11-2024 15:27:30.646
Command * READ TEMPERATURE - #42,11*f18e
 * 13-11-2024 15:27:35.477
CRC-Response  - 42,11,F000,34*b0d2 * 13-11-2024 15:27:35.644
Command * READ TEMPERATURE - #43,11*0d8f
 * 13-11-2024 15:27:40.474
CRC-Response  - 43,11,F000,34*732f * 13-11-2024 15:27:40.630
Command * READ TEMPERATURE - #44,11*798e
 * 13-11-2024 15:27:45.470
CRC-Response  - 44,11,F000,35*781b * 13-11-2024 15:27:45.638
Command * READ TEMPERATURE - #45,11*858f
 * 13-11-2024 15:27:50.474
CRC-Response  - 45,11,F000,34*7b27 * 13-11-2024 15:27:50.644
Command * READ TEMPERATURE - #46,11*c18f
 * 13-11-2024 15:27:55.470
CRC-Response  - 46,11,F000,35*bfe2 * 13-11-2024 15:27:55.637
Command * READ TEMPERATURE - #47,11*3d8e
 * 13-11-2024 15:28:00.472
CRC-Response  - 47,11,F000,34*bcde * 13-11-2024 15:28:00.641
Command * READ TEMPERATURE - #48,11*298d
 * 13-11-2024 15:28:05.477
CRC-Response  - 48,11,F000,34*a8ca * 13-11-2024 15:28:05.643
Command * READ TEMPERATURE - #49,11*d58c
 * 13-11-2024 15:28:10.476
CRC-Response  - 49,11,F000,35*abf6 * 13-11-2024 15:28:10.641
Command * READ TEMPERATURE - #50,11*89b2
 * 13-11-2024 15:28:15.487
CRC-Response  - 50,11,F000,34*f629 * 13-11-2024 15:28:15.650
Command * READ TEMPERATURE - #51,11*75b3
 * 13-11-2024 15:28:20.482
CRC-Response  - 51,11,F000,35*f515 * 13-11-2024 15:28:20.649
Command * READ TEMPERATURE - #52,11*31b3
 * 13-11-2024 15:28:25.483
CRC-Response  - 52,11,F000,35*f111 * 13-11-2024 15:28:25.651
Command * READ TEMPERATURE - #53,11*cdb2
 * 13-11-2024 15:28:30.479
CRC-Response  - 53,11,F000,35*32ec * 13-11-2024 15:28:30.647
Command * READ TEMPERATURE - #54,11*b9b3
 * 13-11-2024 15:28:35.502
CRC-Response  - 54,11,F000,35*f919 * 13-11-2024 15:28:35.669
Command * READ TEMPERATURE - #55,11*45b2
 * 13-11-2024 15:28:40.512
CRC-Response  - 55,11,F000,34*fa25 * 13-11-2024 15:28:40.677
Command * READ TEMPERATURE - #56,11*01b2
 * 13-11-2024 15:28:45.513
CRC-Response  - 56,11,F000,34*fe21 * 13-11-2024 15:28:45.682
Command * READ TEMPERATURE - #57,11*fdb3
 * 13-11-2024 15:28:50.530
CRC-Response  - 57,11,F000,35*fd1d * 13-11-2024 15:28:50.690
Command * READ TEMPERATURE - #58,11*e9b0
 * 13-11-2024 15:28:55.548
CRC-Response  - 58,11,F000,35*e909 * 13-11-2024 15:28:55.710
Command * READ TEMPERATURE - #59,11*15b1
 * 13-11-2024 15:29:00.562
CRC-Response  - 59,11,F000,35*2af4 * 13-11-2024 15:29:00.733
Command * READ TEMPERATURE - #60,11*89f6
 * 13-11-2024 15:29:05.574
CRC-Response  - 60,11,F000,35*f5ed * 13-11-2024 15:29:05.744
Command * READ TEMPERATURE - #61,11*75f7
 * 13-11-2024 15:29:10.569
CRC-Response  - 61,11,F000,34*f6d1 * 13-11-2024 15:29:10.734
Command * READ TEMPERATURE - #62,11*31f7
 * 13-11-2024 15:29:15.576
CRC-Response  - 62,11,F000,35*3214 * 13-11-2024 15:29:15.736
Command * READ TEMPERATURE - #63,11*cdf6
 * 13-11-2024 15:29:20.571
CRC-Response  - 63,11,F000,35*f1e9 * 13-11-2024 15:29:20.731
Command * READ TEMPERATURE - #64,11*b9f7
 * 13-11-2024 15:29:25.574
CRC-Response  - 64,11,F000,35*3a1c * 13-11-2024 15:29:25.735
Command * READ TEMPERATURE - #65,11*45f6
 * 13-11-2024 15:29:30.573
CRC-Response  - 65,11,F000,35*f9e1 * 13-11-2024 15:29:30.729
Command * READ TEMPERATURE - #66,11*01f6
 * 13-11-2024 15:29:35.567
CRC-Response  - 66,11,F000,35*fde5 * 13-11-2024 15:29:35.729
Command * READ TEMPERATURE - #67,11*fdf7
 * 13-11-2024 15:29:40.575
CRC-Response  - 67,11,F000,35*3e18 * 13-11-2024 15:29:40.742
Command * READ TEMPERATURE - #68,11*e9f4
 * 13-11-2024 15:29:45.579
CRC-Response  - 68,11,F000,35*2a0c * 13-11-2024 15:29:45.736
Command * READ TEMPERATURE - #69,11*15f5
 * 13-11-2024 15:29:50.580
CRC-Response  - 69,11,F000,35*e9f1 * 13-11-2024 15:29:50.746
Command * READ TEMPERATURE - #70,11*49cb
 * 13-11-2024 15:29:55.577
CRC-Response  - 70,11,F000,35*74ef * 13-11-2024 15:29:55.745
Command * READ TEMPERATURE - #71,11*b5ca
 * 13-11-2024 15:30:00.591
CRC-Response  - 71,11,F000,35*b712 * 13-11-2024 15:30:00.755
Command * READ TEMPERATURE - #72,11*f1ca
 * 13-11-2024 15:30:05.575
CRC-Response  - 72,11,F000,34*73d7 * 13-11-2024 15:30:05.738
Command * READ TEMPERATURE - #73,11*0dcb
 * 13-11-2024 15:30:10.587
CRC-Response  - 73,11,F000,34*b02a * 13-11-2024 15:30:10.755
Command * READ TEMPERATURE - #74,11*79ca
 * 13-11-2024 15:30:15.576
CRC-Response  - 74,11,F000,35*bb1e * 13-11-2024 15:30:15.745
Command * READ TEMPERATURE - #75,11*85cb
 * 13-11-2024 15:30:20.596
CRC-Response  - 75,11,F000,35*78e3 * 13-11-2024 15:30:20.761
Command * READ TEMPERATURE - #76,11*c1cb
 * 13-11-2024 15:30:25.605
CRC-Response  - 76,11,F000,35*7ce7 * 13-11-2024 15:30:25.769
Command * READ TEMPERATURE - #77,11*3dca
 * 13-11-2024 15:30:30.593
CRC-Response  - 77,11,F000,35*bf1a * 13-11-2024 15:30:30.757
Command * READ TEMPERATURE - #78,11*29c9
 * 13-11-2024 15:30:35.621
CRC-Response  - 78,11,F000,35*ab0e * 13-11-2024 15:30:35.778
Command * READ TEMPERATURE - #79,11*d5c8
 * 13-11-2024 15:30:40.625
CRC-Response  - 79,11,F000,35*68f3 * 13-11-2024 15:30:40.792
Command * READ TEMPERATURE - #80,11*489f
 * 13-11-2024 15:30:45.629
CRC-Response  - 80,11,F000,35*7bfb * 13-11-2024 15:30:45.794
Command * READ TEMPERATURE - #81,11*b49e
 * 13-11-2024 15:30:50.633
CRC-Response  - 81,11,F000,35*b806 * 13-11-2024 15:30:50.797
Command * READ TEMPERATURE - #82,11*f09e
 * 13-11-2024 15:30:55.644
CRC-Response  - 82,11,F000,35*bc02 * 13-11-2024 15:30:55.810
Command * READ TEMPERATURE - #83,11*0c9f
 * 13-11-2024 15:31:00.657
CRC-Response  - 83,11,F000,35*7fff * 13-11-2024 15:31:00.819
Command * READ TEMPERATURE - #84,11*789e
 * 13-11-2024 15:31:05.645
CRC-Response  - 84,11,F000,35*b40a * 13-11-2024 15:31:05.803
Command * HEATER OFF - #85,12,0*4785
 * 13-11-2024 15:31:10.645
CRC-Response  - 85,12,F000*4a2c * 13-11-2024 15:31:10.901
Command * HEATER DOOR OPEN - #86,8,1,1*9836
 * 13-11-2024 15:31:11.723
CRC-Response  - 86,8,I001*3401 * 13-11-2024 15:31:11.891
CRC-Response  - 86,8,F000*e0c3 * 13-11-2024 15:31:12.231
Rack - 1Protocol Started * 13-11-2024 15:31:12.899
Command * Rack-1 Picked from H1 - #87,2,2,2688,1000,0,1*ee70
 * 13-11-2024 15:31:12.957
CRC-Response  - 87,2,I001,2*e84c * 13-11-2024 15:31:13.117
CRC-Response  - 87,2,F000,2*d71d * 13-11-2024 15:31:19.564
Command * HEATER DOOR CLOSE - #88,8,1,0*9818
 * 13-11-2024 15:31:19.706
CRC-Response  - 88,8,I001*b880 * 13-11-2024 15:31:19.870
CRC-Response  - 88,8,F000*6c42 * 13-11-2024 15:31:20.214
Command * Rack-1 Placed in J1 - #89,3,2,10304,800,0,0*07c0
 * 13-11-2024 15:31:20.390
CRC-Response  - 89,3,I001,2*d1ec * 13-11-2024 15:31:20.556
CRC-Response  - 89,3,F000,2*eebd * 13-11-2024 15:31:26.664
Command * Rack-1 Picked from J1 - #90,2,2,10304,800,0,0*db73
 * 13-11-2024 15:32:27.349
CRC-Response  - 90,2,I001,2*cef9 * 13-11-2024 15:32:27.532
CRC-Response  - 90,2,F000,2*f1a8 * 13-11-2024 15:32:32.661
Command * Rack-1 Placed in J2 - #91,3,2,13934,800 ,0,0*d43a
 * 13-11-2024 15:32:33.99
CRC-Response  - 91,3,I001,2*c769 * 13-11-2024 15:32:33.267
CRC-Response  - 91,3,F000,2*f838 * 13-11-2024 15:32:38.939
Command * Rack-1 Picked from J2 - #92,2,2,13934,800 ,0,0*1b2f
 * 13-11-2024 15:33:39.463
CRC-Response  - 92,2,I001,2*0458 * 13-11-2024 15:33:39.713
CRC-Response  - 92,2,F000,2*3b09 * 13-11-2024 15:33:44.776
Command * Rack-1 Placed in J3 - #93,3,2,17564,800 ,0,0*6e4c
 * 13-11-2024 15:33:45.289
CRC-Response  - 93,3,I001,2*0dc8 * 13-11-2024 15:33:45.457
CRC-Response  - 93,3,F000,2*3299 * 13-11-2024 15:33:51.103
Command * Rack-1 Picked from J3 - #94,2,2,17564,800 ,0,0*25a8
 * 13-11-2024 15:34:51.711
CRC-Response  - 94,2,I001,2*1bb8 * 13-11-2024 15:34:51.911
CRC-Response  - 94,2,F000,2*24e9 * 13-11-2024 15:34:57.20
Command * Rack-1 Placed in J4 - #95,3,2,21194,800 ,0,0*160f
 * 13-11-2024 15:34:57.476
CRC-Response  - 95,3,I001,2*1228 * 13-11-2024 15:34:57.639
CRC-Response  - 95,3,F000,2*2d79 * 13-11-2024 15:35:03.304
Command * Rack-1 Picked from J4 - #96,2,2,21194,800 ,0,0*d91a
 * 13-11-2024 15:36:03.830
CRC-Response  - 96,2,I001,2*d119 * 13-11-2024 15:36:04.79
CRC-Response  - 96,2,F000,2*ee48 * 13-11-2024 15:36:09.129
Command * Rack-1 Placed in J5 - #97,3,2,24824,800 ,0,0*c943
 * 13-11-2024 15:36:09.621
CRC-Response  - 97,3,I001,2*d889 * 13-11-2024 15:36:09.810
CRC-Response  - 97,3,F000,2*e7d8 * 13-11-2024 15:36:15.446
Command * HEATER DOOR OPEN - #98,8,1,1*9418
 * 13-11-2024 15:36:35.899
CRC-Response  - 98,8,I001*288d * 13-11-2024 15:36:36.85
CRC-Response  - 98,8,F000*fc4f * 13-11-2024 15:36:36.396
Rack - 2Protocol Started * 13-11-2024 15:36:37.94
Command * Rack-2 Picked from H2 - #99,2,2,2688,8700,0,1*7c91
 * 13-11-2024 15:36:37.130
CRC-Response  - 99,2,I001,2*e129 * 13-11-2024 15:36:37.346
CRC-Response  - 99,2,F000,2*de78 * 13-11-2024 15:36:45.44
Command * HEATER DOOR CLOSE - #100,8,1,0*9483
 * 13-11-2024 15:36:45.412
CRC-Response  - 100,8,I001*13cd * 13-11-2024 15:36:45.571
CRC-Response  - 100,8,F000*c70f * 13-11-2024 15:36:45.913
Command * Rack-2 Placed in J1 - #101,3,2,10304,800,0,0*0dd9
 * 13-11-2024 15:36:46.94
CRC-Response  - 101,3,I001,2*3e98 * 13-11-2024 15:36:46.252
CRC-Response  - 101,3,F000,2*01c9 * 13-11-2024 15:36:52.375
Command * Rack-1 Picked from J5 - #102,2,2,24824,800 ,0,0*32e4
 * 13-11-2024 15:37:16.165
CRC-Response  - 102,2,I001,2*fda9 * 13-11-2024 15:37:16.353
CRC-Response  - 102,2,F000,2*c2f8 * 13-11-2024 15:37:23.226
Command * Rack-1 Placed in J6 - #103,3,2,28454,800 ,0,0*b793
 * 13-11-2024 15:37:23.420
CRC-Response  - 103,3,I001,2*f439 * 13-11-2024 15:37:23.587
CRC-Response  - 103,3,F000,2*cb68 * 13-11-2024 15:37:29.252
Command * Rack-2 Picked from J1 - #104,2,2,10304,800,0,0*5144
 * 13-11-2024 15:37:53.14
CRC-Response  - 104,2,I001,2*e249 * 13-11-2024 15:37:53.243
CRC-Response  - 104,2,F000,2*dd18 * 13-11-2024 15:38:00.466
Command * Rack-2 Placed in J2 - #105,3,2,13934,800 ,0,0*02f1
 * 13-11-2024 15:38:00.871
CRC-Response  - 105,3,I001,2*ebd9 * 13-11-2024 15:38:01.39
CRC-Response  - 105,3,F000,2*d488 * 13-11-2024 15:38:06.699
Command * Rack-1 Picked from J6 - #106,2,2,28454,800 ,0,0*1e0e
 * 13-11-2024 15:38:29.838
CRC-Response  - 106,2,I001,2*28e8 * 13-11-2024 15:38:30.106
CRC-Response  - 106,2,F000,2*17b9 * 13-11-2024 15:38:36.898
Command * Rack-1 Placed in W1 - #107,3,2,42974,800 ,0,0*549a
 * 13-11-2024 15:38:37.241
CRC-Response  - 107,3,I001,2*2178 * 13-11-2024 15:38:37.408
CRC-Response  - 107,3,F000,2*1e29 * 13-11-2024 15:38:44.282
Command * RA1 Home Command - #108,5,00000111*49cf
 * 13-11-2024 15:38:44.966
CRC-Response  - 108,5,I001,00000111*e233 * 13-11-2024 15:38:45.125
CRC-Response  - 108,5,F000*7c0f * 13-11-2024 15:38:45.131
Command * RA1 Home Command - #109,5,00000111*8a32
 * 13-11-2024 15:38:47.646
CRC-Response  - 109,5,I001,00000111*7262 * 13-11-2024 15:38:47.804
CRC-Response  - 109,5,F000*b0ce * 13-11-2024 15:38:47.807
Command * Rack-2 Picked from J2 - #110,2,2,13934,800 ,0,0*7a7c
 * 13-11-2024 15:39:07.323
CRC-Response  - 110,2,I001,2*cb0c * 13-11-2024 15:39:07.496
CRC-Response  - 110,2,F000,2*f45d * 13-11-2024 15:39:15.992
Command * Rack-2 Placed in J3 - #111,3,2,17564,800 ,0,0*0f1f
 * 13-11-2024 15:39:16.131
CRC-Response  - 111,3,I001,2*c29c * 13-11-2024 15:39:16.298
CRC-Response  - 111,3,F000,2*fdcd * 13-11-2024 15:39:21.956
Command * WATER VALVE - 1 CONTROL OFF - #112,13,1,0*0d52
 * 13-11-2024 15:39:44.631
CRC-Response  - 112,13,F000*9b56 * 13-11-2024 15:39:44.889
Command * Rack-1 Picked from W1 - #113,2,1,42974,800 ,0,0*0c6a
 * 13-11-2024 15:39:45.683
CRC-Response  - 113,2,I001,1*c5bc * 13-11-2024 15:39:45.851
CRC-Response  - 113,2,F000,1*faed * 13-11-2024 15:39:53.645
Command * Rack-1 Placed in J8 - #114,3,1,35714,800 ,0,0*9874
 * 13-11-2024 15:39:53.925
CRC-Response  - 114,3,I001,1*d3cc * 13-11-2024 15:39:54.95
CRC-Response  - 114,3,F000,1*ec9d * 13-11-2024 15:40:00.143
Command * RA1 Home Command - #115,5,00000111*1b20
 * 13-11-2024 15:40:01.198
CRC-Response  - 115,5,I001,00000111*8df6 * 13-11-2024 15:40:01.362
CRC-Response  - 115,5,F000*75c3 * 13-11-2024 15:40:07.327
Command * RA1 Home Command - #116,5,00000111*1f24
 * 13-11-2024 15:40:09.422
CRC-Response  - 116,5,I001,00000111*7d06 * 13-11-2024 15:40:09.586
CRC-Response  - 116,5,F000*6083 * 13-11-2024 15:40:09.595
Command * Rack-2 Picked from J3 - #117,2,2,17564,800 ,0,0*95c6
 * 13-11-2024 15:40:22.537
CRC-Response  - 117,2,I001,2*11bd * 13-11-2024 15:40:22.708
CRC-Response  - 117,2,F000,2*2eec * 13-11-2024 15:40:27.840
Command * Rack-2 Placed in J4 - #118,3,2,21194,800 ,0,0*8908
 * 13-11-2024 15:40:28.244
CRC-Response  - 118,3,I001,2*ed4c * 13-11-2024 15:40:28.415
CRC-Response  - 118,3,F000,2*d21d * 13-11-2024 15:40:34.64
Command * HEATER DOOR OPEN - #119,8,1,1*981a
 * 13-11-2024 15:41:07.489
CRC-Response  - 119,8,I001*e900 * 13-11-2024 15:41:07.654
CRC-Response  - 119,8,F000*3dc2 * 13-11-2024 15:41:08.26
Rack - R3Protocol Started * 13-11-2024 15:41:08.677
Command * Rack-3 Picked from H3 - #120,2,2,2688,16380,0,1*403e
 * 13-11-2024 15:41:08.719
CRC-Response  - 120,2,I001,2*8f03 * 13-11-2024 15:41:08.879
CRC-Response  - 120,2,F000,2*b052 * 13-11-2024 15:41:16.231
Command * HEATER DOOR CLOSE - #121,8,1,0*8d12
 * 13-11-2024 15:41:16.417
CRC-Response  - 121,8,I001*bf15 * 13-11-2024 15:41:16.586
CRC-Response  - 121,8,F000*6bd7 * 13-11-2024 15:41:16.924
Command * Rack-3 Placed in J1 - #122,3,2,10304,800,0,0*abe4
 * 13-11-2024 15:41:17.120
CRC-Response  - 122,3,I001,2*8963 * 13-11-2024 15:41:17.282
CRC-Response  - 122,3,F000,2*b632 * 13-11-2024 15:41:23.750
Command * Rack-2 Picked from J4 - #123,2,2,21194,800 ,0,0*3ccf
 * 13-11-2024 15:41:34.655
CRC-Response  - 123,2,I001,2*80f3 * 13-11-2024 15:41:34.814
CRC-Response  - 123,2,F000,2*bfa2 * 13-11-2024 15:41:41.304
Command * Rack-2 Placed in J5 - #124,3,2,24824,800 ,0,0*4a1e
 * 13-11-2024 15:41:41.362
CRC-Response  - 124,3,I001,2*9683 * 13-11-2024 15:41:41.532
CRC-Response  - 124,3,F000,2*a9d2 * 13-11-2024 15:41:47.178
Command * Rack-3 Picked from J1 - #125,2,2,10304,800,0,0*4f00
 * 13-11-2024 15:42:24.93
CRC-Response  - 125,2,I001,2*9f13 * 13-11-2024 15:42:24.286
CRC-Response  - 125,2,F000,2*a042 * 13-11-2024 15:42:31.147
Command * Rack-3 Placed in J2 - #126,3,2,13934,800 ,0,0*d396
 * 13-11-2024 15:42:31.335
CRC-Response  - 126,3,I001,2*5c22 * 13-11-2024 15:42:31.503
CRC-Response  - 126,3,F000,2*6373 * 13-11-2024 15:42:37.171
Command * Rack-2 Picked from J5 - #127,2,2,24824,800 ,0,0*850b
 * 13-11-2024 15:42:47.773
CRC-Response  - 127,2,I001,2*55b2 * 13-11-2024 15:42:47.942
CRC-Response  - 127,2,F000,2*6ae3 * 13-11-2024 15:42:54.414
Command * Rack-2 Placed in J6 - #128,3,2,28454,800 ,0,0*2f15
 * 13-11-2024 15:42:54.517
CRC-Response  - 128,3,I001,2*a943 * 13-11-2024 15:42:54.689
CRC-Response  - 128,3,F000,2*9612 * 13-11-2024 15:43:00.347
Command * Rack-1 Picked from J8 - #129,2,2,35714,800 ,0,0*ba7b
 * 13-11-2024 15:43:01.231
CRC-Response  - 129,2,I001,2*a0d3 * 13-11-2024 15:43:01.403
CRC-Response  - 129,2,F000,2*9f82 * 13-11-2024 15:43:07.466
Command * Rack-1 Placed in W2 - #130,3,2,46604,800 ,0,0*341c
 * 13-11-2024 15:43:07.982
CRC-Response  - 130,3,I001,2*bfc6 * 13-11-2024 15:43:08.149
CRC-Response  - 130,3,F000,2*8097 * 13-11-2024 15:43:14.617
Command * RA1 Home Command - #131,5,00000111*96d6
 * 13-11-2024 15:43:15.202
CRC-Response  - 131,5,I001,00000111*f415 * 13-11-2024 15:43:15.366
CRC-Response  - 131,5,F000*e6db * 13-11-2024 15:43:15.375
Command * RA1 Home Command - #132,5,00000111*92d2
 * 13-11-2024 15:43:17.899
CRC-Response  - 132,5,I001,00000111*04e5 * 13-11-2024 15:43:18.63
CRC-Response  - 132,5,F000*f39b * 13-11-2024 15:43:18.69
Command * Rack-3 Picked from J2 - #133,2,2,13934,800 ,0,0*ab1b
 * 13-11-2024 15:43:37.697
CRC-Response  - 133,2,I001,2*7cf7 * 13-11-2024 15:43:37.868
CRC-Response  - 133,2,F000,2*43a6 * 13-11-2024 15:43:46.770
Command * Rack-3 Placed in J3 - #134,3,2,17564,800 ,0,0*b8f0
 * 13-11-2024 15:43:46.976
CRC-Response  - 134,3,I001,2*6a87 * 13-11-2024 15:43:47.140
CRC-Response  - 134,3,F000,2*55d6 * 13-11-2024 15:43:52.805
Command * WATER VALVE - 1 CONTROL ON - #135,13,1,1*4bcb
 * 13-11-2024 15:43:53.940
CRC-Response  - 135,13,F000*61d1 * 13-11-2024 15:43:54.103
Command * Rack-2 Picked from J6 - #136,2,2,28454,800 ,0,0*2d3d
 * 13-11-2024 15:44:00.973
CRC-Response  - 136,2,I001,2*6ce7 * 13-11-2024 15:44:01.137
CRC-Response  - 136,2,F000,2*53b6 * 13-11-2024 15:44:07.608
Command * Rack-2 Placed in W1 - #137,3,2,42974,800 ,0,0*67a9
 * 13-11-2024 15:44:07.679
CRC-Response  - 137,3,I001,2*6577 * 13-11-2024 15:44:07.840
CRC-Response  - 137,3,F000,2*5a26 * 13-11-2024 15:44:14.730
11 Secconds Timer incrementes in Jar W2for R1 as other racks picking by RA in tmr_r1_incub() * 13-11-2024 15:44:14.826
Command * RA1 Home Command - #138,5,00000111*8aca
 * 13-11-2024 15:44:15.398
CRC-Response  - 138,5,I001,00000111*a6c3 * 13-11-2024 15:44:15.563
CRC-Response  - 138,5,F000*8c1b * 13-11-2024 15:44:15.569
Command * RA1 Home Command - #139,5,00000111*4937
 * 13-11-2024 15:44:18.92
CRC-Response  - 139,5,I001,00000111*3692 * 13-11-2024 15:44:18.257
CRC-Response  - 139,5,F000*40da * 13-11-2024 15:44:18.267
Command * WATER VALVE - 2 CONTROL OFF - #140,13,2,0*841c
 * 13-11-2024 15:44:25.849
CRC-Response  - 140,13,F000*eb5f * 13-11-2024 15:44:26.12
Command * Rack-1 Picked from W2 - #141,2,1,46604,800 ,0,0*5f46
 * 13-11-2024 15:44:26.796
CRC-Response  - 141,2,I001,1*c30c * 13-11-2024 15:44:26.966
CRC-Response  - 141,2,F000,1*fc5d * 13-11-2024 15:44:34.366
Command * Rack-1 Dipped in J9 - #142,17,1,39344,800 ,1,1,1*6ee9
 * 13-11-2024 15:44:35.25
CRC-Response  - 142,17,F006,1*e14e * 13-11-2024 15:44:35.186
11 Secconds Timer incrementes for R3 as other racks picking by RA in tmr_r3_incub() * 13-11-2024 15:44:53.305
11 Secconds Timer incrementes for R3 as other racks picking by RA in tmr_r3_incub() * 13-11-2024 15:45:04.317
Command * HEATER OFF - #143,12,0*f2d0
 * 13-11-2024 15:45:06.658
CRC-Response  - 143,12,F000*ca4a * 13-11-2024 15:45:06.848
