Command Sent SET TEMPERATURE - #0,10,32*870a
 * 16-03-2025 22:49:10.137
CRC-Response  - 0,10,F000*1ae9 * 16-03-2025 22:49:10.457
Command Sent HEATER ON - #1,12,1*dbe7
 * 16-03-2025 22:49:11.524
CRC-Response  - 1,12,F000*68e5 * 16-03-2025 22:49:11.737
Command Sent HEATER DOOR CLOSE - #2,8,1,0*21eb
 * 16-03-2025 22:49:12.598
CRC-Response  - 2,8,I001*fd79 * 16-03-2025 22:49:12.820
CRC-Response  - 2,8,F000*29bb * 16-03-2025 22:49:13.148
Command Sent READ TEMPERATURE - #3,11*ed1a
 * 16-03-2025 22:49:13.373
CRC-Response  - 3,11,F000,545*d48f * 16-03-2025 22:49:13.580
Command Sent WATER VALVE - 1 CONTROL OFF - #4,13,1,0*80ea
 * 16-03-2025 22:49:18.645
CRC-Response  - 4,13,F000*e9db * 16-03-2025 22:49:18.849
Command Sent WATER VALVE - 2 CONTROL OFF - #5,13,2,0*4cdb
 * 16-03-2025 22:49:19.405
CRC-Response  - 5,13,F000*79d6 * 16-03-2025 22:49:19.614
Command Sent WATER VALVE - 3 CONTROL OFF - #6,13,3,0*99ca
 * 16-03-2025 22:49:20.167
CRC-Response  - 6,13,F000*89c2 * 16-03-2025 22:49:20.387
Command Sent WATER VALVE - 4 CONTROL OFF - #7,13,4,0*94ba
 * 16-03-2025 22:49:20.955
CRC-Response  - 7,13,F000*19cf * 16-03-2025 22:49:21.166
Command Sent WATER VALVE - 5 CONTROL OFF - #8,13,5,0*14ab
 * 16-03-2025 22:49:21.716
CRC-Response  - 8,13,F000*e98e * 16-03-2025 22:49:21.923
Command Sent WATER VALVE - 6 CONTROL OFF - #9,13,6,0*d89a
 * 16-03-2025 22:49:22.476
CRC-Response  - 9,13,F000*7983 * 16-03-2025 22:49:22.681
Command Sent Home Command - #10,5,01111111*2199
 * 16-03-2025 22:49:23.229
CRC-Response  - 10,5,I001,01111111*c9ef * 16-03-2025 22:49:23.449
CRC-Response  - 10,5,F000*8728 * 16-03-2025 22:49:36.714
Command Sent Home Command - #11,5,01111111*e264
 * 16-03-2025 22:49:39.51
CRC-Response  - 11,5,I001,01111111*59be * 16-03-2025 22:49:39.304
CRC-Response  - 11,5,F000*4be9 * 16-03-2025 22:49:52.527
Command Sent Level Sensing For L1 - #12,4,17564,16380,0,0*6888
 * 16-03-2025 22:49:53.933
CRC-Response  - 12,4,I001*5b6a * 16-03-2025 22:49:54.149
CRC-Response  - 12,4,F000,719*577d * 16-03-2025 22:49:58.686
L1 Value - 200 * 16-03-2025 22:49:58.712
Command Sent Level Sensing For L2 - #13,4,13934,16380,0,0*90ad
 * 16-03-2025 22:49:59.234
CRC-Response  - 13,4,I001*97ab * 16-03-2025 22:49:59.441
CRC-Response  - 13,4,F000,712*53c1 * 16-03-2025 22:50:01.737
L2 Value - 200 * 16-03-2025 22:50:01.755
Command Sent Level Sensing For L3 - #14,4,10304,16380,0,0*e907
 * 16-03-2025 22:50:01.992
CRC-Response  - 14,4,I001*71ea * 16-03-2025 22:50:02.213
CRC-Response  - 14,4,F000,728*6fb4 * 16-03-2025 22:50:04.496
L3 Value - 200 * 16-03-2025 22:50:04.511
Command Sent Home Command - #15,5,01111111*2d95
 * 16-03-2025 22:50:04.783
CRC-Response  - 15,5,I001,01111111*98fc * 16-03-2025 22:50:04.993
CRC-Response  - 15,5,F000*b8e8 * 16-03-2025 22:50:18.270
Command Sent Home Command - #16,5,01111111*2991
 * 16-03-2025 22:50:19.641
CRC-Response  - 16,5,I001,01111111*680c * 16-03-2025 22:50:19.989
CRC-Response  - 16,5,F000*ada8 * 16-03-2025 22:50:33.123
Rack - 1Protocol Started * 16-03-2025 22:50:34.874
Command Sent Rack-1 Picked from L1 - #17,2,1,17564,16380,0,0*39ab
 * 16-03-2025 22:50:34.974
CRC-Response  - 17,2,I001,1*7522 * 16-03-2025 22:50:35.188
CRC-Response  - 17,2,F000,1*4a73 * 16-03-2025 22:50:41.221
RA Picked Rack From L1 * 16-03-2025 22:50:41.226
Command Sent Rack-1 Placed in H1 - #18,3,1,2688,1000,0,1*f2e9
 * 16-03-2025 22:50:41.320
CRC-Response  - 18,3,I001,1*89d3 * 16-03-2025 22:50:41.531
CRC-Response  - 18,3,F000,1*b682 * 16-03-2025 22:50:48.421
RA Placed Rack in H1 * 16-03-2025 22:50:48.423
Command Sent HEATER DOOR CLOSE - #19,8,1,0*32c8
 * 16-03-2025 22:50:48.628
CRC-Response  - 19,8,I001*242b * 16-03-2025 22:50:48.839
CRC-Response  - 19,8,F000*f0e9 * 16-03-2025 22:50:49.180
Command Sent READ TEMPERATURE - #20,11*4907
 * 16-03-2025 22:50:49.404
CRC-Response  - 20,11,F000,545*0f11 * 16-03-2025 22:50:49.612
Command Sent HEATER DOOR OPEN - #21,8,1,1*27c0
 * 16-03-2025 23:01:35.112
CRC-Response  - 21,8,I001*723e * 16-03-2025 23:01:35.396
CRC-Response  - 21,8,F000*a6fc * 16-03-2025 23:01:35.660
Rack - 2Protocol Started * 16-03-2025 23:01:36.398
Command Sent Rack-2 Picked from L2 - #22,2,1,13934,16380,0,0*7d95
 * 16-03-2025 23:01:36.481
CRC-Response  - 22,2,I001,1*213d * 16-03-2025 23:01:36.703
CRC-Response  - 22,2,F000,1*1e6c * 16-03-2025 23:01:44.120
RA Picked Rack From L2 * 16-03-2025 23:03:14.798
Command Sent Rack-2 Placed in H2 - #23,3,1,2688,8700,0,1*4ebd
 * 16-03-2025 23:03:16.9
CRC-Response  - 23,3,I001,1*28ad * 16-03-2025 23:03:16.219
CRC-Response  - 23,3,F000,1*17fc * 16-03-2025 23:03:22.695
RA Placed Rack in H2 * 16-03-2025 23:03:22.700
Command Sent HEATER DOOR CLOSE - #24,8,1,0*e754
 * 16-03-2025 23:03:22.866
CRC-Response  - 24,8,I001*4dfe * 16-03-2025 23:03:23.82
CRC-Response  - 24,8,F000*993c * 16-03-2025 23:03:23.424
Command Sent READ TEMPERATURE - #25,11*8507
 * 16-03-2025 23:03:23.634
CRC-Response  - 25,11,F000,545*0a1d * 16-03-2025 23:03:23.839
Command Sent HEATER DOOR OPEN - #26,8,1,1*e7b6
 * 16-03-2025 23:10:49.467
CRC-Response  - 26,8,I001*947f * 16-03-2025 23:10:49.713
User Aborted / Stopped the application forcefully  * 16-03-2025 23:10:50.916
