Device Intialization started * 23-08-2024 15:56:58.832
Command * Home Command - #0,5,11111111*757c
 * 23-08-2024 15:56:58.891
Response  - 0,5,I001,11111111*6271 * 23-08-2024 15:56:59.339
Response  - 0,5,F000*ed3b * 23-08-2024 15:57:06.565
Command * Home Command - #1,5,11111111*b681
 * 23-08-2024 15:57:08.762
Response  - 1,5,I001,11111111*f220 * 23-08-2024 15:57:08.932
Response  - 1,5,F000*21fa * 23-08-2024 15:57:08.934
Response  - 0,16,F000*7ce9 * 23-08-2024 15:57:08.949
Command * Level Sensing For U1 - #2,4,64754,16380,0,0*35b7
 * 23-08-2024 15:57:11.336
Response  - 2,4,I001*3179 * 23-08-2024 15:57:11.494
Response  - 2,4,F000,2491*23de * 23-08-2024 15:57:15.656
U1 Value - 2491 * 23-08-2024 15:57:15.690
Command * Level Sensing For U2 - #3,4,61124,16380,0,0*c173
 * 23-08-2024 15:57:15.891
Response  - 3,4,I001*fdb8 * 23-08-2024 15:57:16.58
Response  - 3,4,F000,2489*f4dc * 23-08-2024 15:57:18.357
U2 Value - 2489 * 23-08-2024 15:57:18.377
Command * Level Sensing For U3 - #4,4,57494,16380,0,0*6c6a
 * 23-08-2024 15:57:18.455
Response  - 4,4,I001*1bf9 * 23-08-2024 15:57:18.618
Response  - 4,4,F000,2496*2796 * 23-08-2024 15:57:20.914
U3 Value - 2496 * 23-08-2024 15:57:20.932
Command * Level Sensing For U4 - #5,4,53864,16380,0,0*8c57
 * 23-08-2024 15:57:21.24
Response  - 5,4,I001*d738 * 23-08-2024 15:57:21.189
Response  - 5,4,F000,2494*6715 * 23-08-2024 15:57:23.483
U4 Value - 2494 * 23-08-2024 15:57:23.500
Command * Level Sensing For U5 - #6,4,50234,16380,0,0*cd04
 * 23-08-2024 15:57:23.578
Response  - 6,4,I001*c278 * 23-08-2024 15:57:23.746
Response  - 6,4,F000,2492*a690 * 23-08-2024 15:57:26.53
U5 Value - 2492 * 23-08-2024 15:57:26.72
Command * Level Sensing For U6 - #7,4,46604,16380,0,0*b7f4
 * 23-08-2024 15:57:26.162
Response  - 7,4,I001*0eb9 * 23-08-2024 15:57:26.329
Response  - 7,4,F000,2482*b793 * 23-08-2024 15:57:28.626
U6 Value - 2482 * 23-08-2024 15:57:28.640
Command * Level Sensing For J1 - #8,4,10304,800,0,0*e199
 * 23-08-2024 15:57:28.739
Response  - 8,4,I001*4ef9 * 23-08-2024 15:57:28.905
Response  - 8,4,F000,2503*7810 * 23-08-2024 15:57:34.945
J1 Value - 2503 * 23-08-2024 15:57:34.960
Command * Level Sensing For J2 - #9,4,13934,800 ,0,0*8abc
 * 23-08-2024 15:57:35.333
Response  - 9,4,I001*8238 * 23-08-2024 15:57:35.501
Response  - 9,4,F000,2495*6bc5 * 23-08-2024 15:57:37.801
J2 Value - 2495 * 23-08-2024 15:57:37.817
Command * Level Sensing For J3 - #10,4,17564,800 ,0,0*7447
 * 23-08-2024 15:57:37.904
Response  - 10,4,I001*82eb * 23-08-2024 15:57:38.64
Response  - 10,4,F000,2497*78c1 * 23-08-2024 15:57:40.366
J3 Value - 2497 * 23-08-2024 15:57:40.385
Command * Level Sensing For J4 - #11,4,21194,800 ,0,0*96dd
 * 23-08-2024 15:57:40.480
Response  - 11,4,I001*4e2a * 23-08-2024 15:57:40.646
Response  - 11,4,F000,2501*6b14 * 23-08-2024 15:57:42.951
J4 Value - 2501 * 23-08-2024 15:57:42.966
Command * Level Sensing For J5 - #12,4,24824,800 ,0,0*ef18
 * 23-08-2024 15:57:43.80
Response  - 12,4,I001*5b6a * 23-08-2024 15:57:43.246
Response  - 12,4,F000,2504*abd1 * 23-08-2024 15:57:45.542
J5 Value - 2504 * 23-08-2024 15:57:45.555
Command * Level Sensing For J6 - #13,4,28454,800 ,0,0*bb52
 * 23-08-2024 15:57:45.688
Response  - 13,4,I001*97ab * 23-08-2024 15:57:45.853
Response  - 13,4,F000,2502*2853 * 23-08-2024 15:57:48.154
J6 Value - 2502 * 23-08-2024 15:57:48.171
Command * Level Sensing For J7 - #14,4,32084,800 ,0,0*6631
 * 23-08-2024 15:57:48.311
Response  - 14,4,I001*71ea * 23-08-2024 15:57:48.478
Response  - 14,4,F000,2508*68d8 * 23-08-2024 15:57:50.772
J7 Value - 2508 * 23-08-2024 15:57:50.790
Command * Level Sensing For J8 - #15,4,35714,800 ,0,0*8ab0
 * 23-08-2024 15:57:50.913
Response  - 15,4,I001*bd2b * 23-08-2024 15:57:51.80
Response  - 15,4,F000,2496*bd0c * 23-08-2024 15:57:53.377
J8 Value - 2496 * 23-08-2024 15:57:53.397
Command * Level Sensing For J9 - #16,4,39344,800 ,0,0*01b1
 * 23-08-2024 15:57:53.472
Response  - 16,4,I001*a86b * 23-08-2024 15:57:53.640
Response  - 16,4,F000,2530*1cde * 23-08-2024 15:57:55.937
J9 Value - 2530 * 23-08-2024 15:57:55.957
Command * Level Sensing For W1 - #17,4,42974,800 ,0,0*edeb
 * 23-08-2024 15:57:56.50
Response  - 17,4,I001*64aa * 23-08-2024 15:57:56.214
Response  - 17,4,F000,2488*ab8b * 23-08-2024 15:57:58.524
W1 Value - 2488 * 23-08-2024 15:57:58.539
Command * Level Sensing For W2 - #18,4,46604,800 ,0,0*1ed8
 * 23-08-2024 15:57:58.622
Response  - 18,4,I001*24ea * 23-08-2024 15:57:58.787
Response  - 18,4,F000,2491*325e * 23-08-2024 15:58:01.94
W2 Value - 2491 * 23-08-2024 15:58:01.110
Command * Level Sensing For W3 - #19,4,50234,800 ,0,0*6e7e
 * 23-08-2024 15:58:01.206
Response  - 19,4,I001*e82b * 23-08-2024 15:58:01.372
Response  - 19,4,F000,2472*d218 * 23-08-2024 15:58:03.665
W3 Value - 2472 * 23-08-2024 15:58:03.682
Command * Level Sensing For J10 - #20,4,53864,800 ,0,0*a3e5
 * 23-08-2024 15:58:03.776
Response  - 20,4,I001*72ff * 23-08-2024 15:58:03.942
Response  - 20,4,F000,2490*b983 * 23-08-2024 15:58:06.247
J10 Value - 2490 * 23-08-2024 15:58:06.263
Command * Level Sensing For J11 - #21,4,57494,800 ,0,0*df9a
 * 23-08-2024 15:58:06.372
Response  - 21,4,I001*be3e * 23-08-2024 15:58:06.540
Response  - 21,4,F000,2498*fe80 * 23-08-2024 15:58:08.841
J11 Value - 2498 * 23-08-2024 15:58:08.860
Command * Level Sensing For J12 - #22,4,61124,800 ,0,0*7649
 * 23-08-2024 15:58:08.947
Response  - 22,4,I001*ab7e * 23-08-2024 15:58:09.104
Response  - 22,4,F000,2441*ab41 * 23-08-2024 15:58:11.406
J12 Value - 2441 * 23-08-2024 15:58:11.424
Command * Level Sensing For J13 - #23,4,64754,800 ,0,0*f306
 * 23-08-2024 15:58:11.514
Response  - 23,4,I001*67bf * 23-08-2024 15:58:11.682
Response  - 23,4,F000,2484*2986 * 23-08-2024 15:58:13.982
J13 Value - 2484 * 23-08-2024 15:58:13.995
Command * Level Sensing For J14 - #24,4,64754,8590,0,0*dc23
 * 23-08-2024 15:58:14.75
Response  - 24,4,I001*81fe * 23-08-2024 15:58:14.245
Response  - 24,4,F000,2501*6d1b * 23-08-2024 15:58:16.713
J14 Value - 2501 * 23-08-2024 15:58:16.728
Command * Level Sensing For J15 - #25,4,61124,8590,0,0*596c
 * 23-08-2024 15:58:17.146
Response  - 25,4,I001*4d3f * 23-08-2024 15:58:17.315
Response  - 25,4,F000,2505*2f18 * 23-08-2024 15:58:19.613
J15 Value - 2505 * 23-08-2024 15:58:19.630
Command * Level Sensing For J16 - #26,4,57494,8590,0,0*f0bf
 * 23-08-2024 15:58:19.732
Response  - 26,4,I001*587f * 23-08-2024 15:58:19.893
Response  - 26,4,F000,2500*efdd * 23-08-2024 15:58:22.197
J16 Value - 2500 * 23-08-2024 15:58:22.215
Command * Level Sensing For J17 - #27,4,53864,8590,0,0*8cc0
 * 23-08-2024 15:58:22.309
Response  - 27,4,I001*94be * 23-08-2024 15:58:22.476
Response  - 27,4,F000,2499*f848 * 23-08-2024 15:58:24.777
J17 Value - 2499 * 23-08-2024 15:58:24.791
Command * Level Sensing For W4 - #28,4,50234,8590,0,0*8cff
 * 23-08-2024 15:58:24.885
Response  - 28,4,I001*d4fe * 23-08-2024 15:58:25.55
Response  - 28,4,F000,2470*9198 * 23-08-2024 15:58:27.351
W4 Value - 2470 * 23-08-2024 15:58:27.367
Command * Level Sensing For W5 - #29,4,46604,8590,0,0*fc59
 * 23-08-2024 15:58:27.446
Response  - 29,4,I001*183f * 23-08-2024 15:58:27.613
Response  - 29,4,F000,2491*b05f * 23-08-2024 15:58:29.916
W5 Value - 2491 * 23-08-2024 15:58:29.933
Command * Level Sensing For W6 - #30,4,42974,8590,0,0*7ab7
 * 23-08-2024 15:58:29.995
Response  - 30,4,I001*e2f2 * 23-08-2024 15:58:30.162
Response  - 30,4,F000,2492*b902 * 23-08-2024 15:58:32.453
W6 Value - 2492 * 23-08-2024 15:58:32.473
Command * Level Sensing For J18 - #31,4,39344,8590,0,0*96ed
 * 23-08-2024 15:58:32.594
Response  - 31,4,I001*2e33 * 23-08-2024 15:58:32.757
Response  - 31,4,F000,2498*3f80 * 23-08-2024 15:58:35.66
J18 Value - 2498 * 23-08-2024 15:58:35.85
Command * Level Sensing For J19 - #32,4,35714,8590,0,0*1dec
 * 23-08-2024 15:58:35.157
Response  - 32,4,I001*3b73 * 23-08-2024 15:58:35.327
Response  - 32,4,F000,2489*ac45 * 23-08-2024 15:58:37.623
J19 Value - 2489 * 23-08-2024 15:58:37.640
Command * Level Sensing For J20 - #33,4,32084,8590,0,0*f16d
 * 23-08-2024 15:58:37.733
Response  - 33,4,I001*f7b2 * 23-08-2024 15:58:37.902
Response  - 33,4,F000,2497*79c7 * 23-08-2024 15:58:40.203
J20 Value - 2497 * 23-08-2024 15:58:40.220
Command * Level Sensing For J21 - #34,4,28454,8590,0,0*2c0e
 * 23-08-2024 15:58:40.313
Response  - 34,4,I001*11f3 * 23-08-2024 15:58:40.479
Response  - 34,4,F000,2501*ac1b * 23-08-2024 15:58:42.775
J21 Value - 2501 * 23-08-2024 15:58:42.795
Command * Level Sensing For J22 - #35,4,24824,8590,0,0*7844
 * 23-08-2024 15:58:42.889
Response  - 35,4,I001*dd32 * 23-08-2024 15:58:43.54
Response  - 35,4,F000,2507*2f99 * 23-08-2024 15:58:45.354
J22 Value - 2507 * 23-08-2024 15:58:45.371
Command * Level Sensing For J23 - #36,4,21194,8590,0,0*0181
 * 23-08-2024 15:58:45.497
Response  - 36,4,I001*c872 * 23-08-2024 15:58:45.664
Response  - 36,4,F000,2504*eddc * 23-08-2024 15:58:47.957
J23 Value - 2504 * 23-08-2024 15:58:47.970
Command * Level Sensing For J24 - #37,4,17564,8590,0,0*e31b
 * 23-08-2024 15:58:48.83
Response  - 37,4,I001*04b3 * 23-08-2024 15:58:48.251
Response  - 37,4,F000,2505*ac1f * 23-08-2024 15:58:50.549
J24 Value - 2505 * 23-08-2024 15:58:50.567
Command * Level Sensing For J25 - #38,4,13934,8590,0,0*ac27
 * 23-08-2024 15:58:50.661
Response  - 38,4,I001*44f3 * 23-08-2024 15:58:50.829
Response  - 38,4,F000,2499*365c * 23-08-2024 15:58:53.127
J25 Value - 2499 * 23-08-2024 15:58:53.143
Command * Level Sensing For J26 - #39,4,10304,8590,0,0*cf64
 * 23-08-2024 15:58:53.241
Response  - 39,4,I001*8832 * 23-08-2024 15:58:53.404
Response  - 39,4,F000,2484*e29e * 23-08-2024 15:58:55.700
J26 Value - 2484 * 23-08-2024 15:58:55.714
Command * Level Sensing For J27 - #40,4,42974,16380,0,0*8c11
 * 23-08-2024 15:58:55.798
Response  - 40,4,I001*d2d4 * 23-08-2024 15:58:55.964
Response  - 40,4,F000,2486*2d04 * 23-08-2024 15:59:01.604
J27 Value - 2486 * 23-08-2024 15:59:01.622
Command * Level Sensing For J28 - #41,4,39344,16380,0,0*b77d
 * 23-08-2024 15:59:01.885
Response  - 41,4,I001*1e15 * 23-08-2024 15:59:02.52
Response  - 41,4,F000,2537*9c91 * 23-08-2024 15:59:04.351
J28 Value - 2537 * 23-08-2024 15:59:04.366
Command * Level Sensing For J29 - #42,4,35714,16380,0,0*7737
 * 23-08-2024 15:59:04.449
Response  - 42,4,I001*0b55 * 23-08-2024 15:59:04.614
Response  - 42,4,F000,2519*fb14 * 23-08-2024 15:59:06.922
J29 Value - 2519 * 23-08-2024 15:59:06.937
Command * Level Sensing For J30 - #43,4,32084,16380,0,0*171b
 * 23-08-2024 15:59:07.32
Response  - 43,4,I001*c794 * 23-08-2024 15:59:07.199
Response  - 43,4,F000,2530*1cd7 * 23-08-2024 15:59:09.498
J30 Value - 2530 * 23-08-2024 15:59:09.516
Command * Level Sensing For J31 - #44,4,28454,16380,0,0*3e86
 * 23-08-2024 15:59:09.608
Response  - 44,4,I001*21d5 * 23-08-2024 15:59:09.774
Response  - 44,4,F000,2523*ca9d * 23-08-2024 15:59:12.68
J31 Value - 2523 * 23-08-2024 15:59:12.86
Command * Level Sensing For J32 - #45,4,24824,16380,0,0*c953
 * 23-08-2024 15:59:12.198
Response  - 45,4,I001*ed14 * 23-08-2024 15:59:12.362
Response  - 45,4,F000,2552*bb5c * 23-08-2024 15:59:14.669
J32 Value - 2552 * 23-08-2024 15:59:14.686
Command * Level Sensing For J33 - #46,4,21194,16380,0,0*9aea
 * 23-08-2024 15:59:14.781
Response  - 46,4,I001*f854 * 23-08-2024 15:59:14.948
Response  - 46,4,F000,2547*eb98 * 23-08-2024 15:59:17.248
J33 Value - 2547 * 23-08-2024 15:59:17.266
Command * Level Sensing For H1 - #47,4,2688,1000,0,1*2868
 * 23-08-2024 15:59:17.361
Response  - 47,4,I001*3495 * 23-08-2024 15:59:17.526
Response  - 47,4,F000,3451*c44b * 23-08-2024 15:59:21.522
H1 Value - 3451 * 23-08-2024 15:59:21.539
Command * Level Sensing For H2 - #48,4,2688,8700,0,1*71eb
 * 23-08-2024 15:59:21.959
Response  - 48,4,I001*74d5 * 23-08-2024 15:59:22.125
Response  - 48,4,F000,3428*fd9d * 23-08-2024 15:59:24.591
H2 Value - 3428 * 23-08-2024 15:59:24.610
Command * Level Sensing For H3 - #49,4,2688,16380,0,1*7726
 * 23-08-2024 15:59:25.26
Response  - 49,4,I001*b814 * 23-08-2024 15:59:25.192
Response  - 49,4,F000,3423*bbde * 23-08-2024 15:59:27.661
H3 Value - 3423 * 23-08-2024 15:59:27.677
Command * Home Command - #50,5,11111111*6956
 * 23-08-2024 15:59:28.112
Response  - 50,5,I001,11111111*346f * 23-08-2024 15:59:28.279
Response  - 50,5,F000*471a * 23-08-2024 15:59:40.934
Command * Home Command - #51,5,11111111*aaab
 * 23-08-2024 15:59:46.313
Response  - 51,5,I001,11111111*a43e * 23-08-2024 15:59:46.480
Response  - 51,5,F000*8bdb * 23-08-2024 15:59:46.484
Response  - 0,16,F000*7ce9 * 23-08-2024 15:59:46.502
Command * Home Command - #0,5,11111111*757c
 * 23-08-2024 16:00:02.941
Response  - 0,5,I001,11111111*6271 * 23-08-2024 16:00:03.209
Response  - 0,5,F000*ed3b * 23-08-2024 16:00:03.212
Response  - 0,16,F000*7ce9 * 23-08-2024 16:00:03.231
Command * Home Command - #1,5,11111111*b681
 * 23-08-2024 16:00:06.603
Response  - 1,5,I001,11111111*f220 * 23-08-2024 16:00:06.767
Response  - 1,5,F000*21fa * 23-08-2024 16:00:06.771
Response  - 0,16,F000*7ce9 * 23-08-2024 16:00:06.788
Command * Level Sensing For H1 - #2,4,2688,1000,0,1*d334
 * 23-08-2024 16:00:10.162
Response  - 2,4,I001*3179 * 23-08-2024 16:00:10.328
Response  - 2,4,F000,3386*4c2e * 23-08-2024 16:00:20.461
H1 Value - 3386 * 23-08-2024 16:00:20.476
Command * Level Sensing For H2 - #3,4,2688,8700,0,1*e9d3
 * 23-08-2024 16:00:20.756
Response  - 3,4,I001*fdb8 * 23-08-2024 16:00:20.925
Response  - 3,4,F000,3385*cc6c * 23-08-2024 16:00:23.383
H2 Value - 3385 * 23-08-2024 16:00:23.400
Command * Level Sensing For H3 - #4,4,2688,16380,0,1*2c5f
 * 23-08-2024 16:00:23.849
Response  - 4,4,I001*1bf9 * 23-08-2024 16:00:24.15
Response  - 4,4,F000,3382*4926 * 23-08-2024 16:00:26.481
H3 Value - 3382 * 23-08-2024 16:00:26.496
Command * Level Sensing For L1 - #5,4,17564,16380,0,0*0645
 * 23-08-2024 16:00:26.932
Response  - 5,4,I001*d738 * 23-08-2024 16:00:27.100
Response  - 5,4,F000,256*c1fe * 23-08-2024 16:00:30.691
L1 Value - 256 * 23-08-2024 16:00:30.712
Command * Level Sensing For L2 - #6,4,13934,16380,0,0*4619
 * 23-08-2024 16:00:30.988
Response  - 6,4,I001*c278 * 23-08-2024 16:00:31.154
Response  - 6,4,F000,319*c1e9 * 23-08-2024 16:00:33.455
L2 Value - 319 * 23-08-2024 16:00:33.475
Command * Level Sensing For L3 - #7,4,10304,16380,0,0*b73b
 * 23-08-2024 16:00:33.583
Response  - 7,4,I001*0eb9 * 23-08-2024 16:00:33.747
Response  - 7,4,F000,305*9715 * 23-08-2024 16:00:36.50
L3 Value - 305 * 23-08-2024 16:00:36.68
Command * Home Command - #8,5,11111111*aa9d
 * 23-08-2024 16:00:36.162
Response  - 8,5,I001,11111111*a0f6 * 23-08-2024 16:00:36.330
Response  - 8,5,F000*4b3a * 23-08-2024 16:00:47.460
Command * HOME STATUS - #9,6*1b3d
 * 23-08-2024 16:00:47.722
Response  - 9,6,F000,11111111*fba1 * 23-08-2024 16:00:47.889
Command * Home Command - #10,5,11111111*ed58
 * 23-08-2024 16:00:49.292
Response  - 10,5,I001,11111111*052e * 23-08-2024 16:00:49.455
Response  - 10,5,F000*8728 * 23-08-2024 16:00:49.457
Response  - 0,16,F000*7ce9 * 23-08-2024 16:00:49.470
Command * L1 - Picked - #11,2,1,17564,16380,0,0*5fcd
 * 23-08-2024 16:00:50.799
Response  - 11,2,I001,1*6ac2 * 23-08-2024 16:00:50.960
Response  - 11,2,F000,1*5593 * 23-08-2024 16:01:01.782
Command * H1 - Placed - #12,3,1,2688,1000,0,1*2b72
 * 23-08-2024 16:01:01.913
Response  - 12,3,I001,1*a9f3 * 23-08-2024 16:01:02.76
Response  - 12,3,F000,1*96a2 * 23-08-2024 16:01:09.40
Command * L2 - Picked - #13,2,1,13934,16380,0,0*b9f6
 * 23-08-2024 16:01:09.505
Response  - 13,2,I001,1*a063 * 23-08-2024 16:01:09.671
Response  - 13,2,F000,1*9f32 * 23-08-2024 16:01:16.219
Command * H2 - Placed - #14,3,1,2688,8700,0,1*094c
 * 23-08-2024 16:01:16.654
Response  - 14,3,I001,1*b613 * 23-08-2024 16:01:16.820
Response  - 14,3,F000,1*8942 * 23-08-2024 16:01:23.364
Command * L3 - Picked - #15,2,1,10304,16380,0,0*d28f
 * 23-08-2024 16:01:23.804
Response  - 15,2,I001,1*bf83 * 23-08-2024 16:01:23.963
Response  - 15,2,F000,1*80d2 * 23-08-2024 16:01:30.95
Command * H3 - Placed - #16,3,1,2688,16380,0,1*d337
 * 23-08-2024 16:01:30.414
Response  - 16,3,I001,1*7cb2 * 23-08-2024 16:01:30.576
Response  - 16,3,F000,1*43e3 * 23-08-2024 16:01:36.704
Racks Loaded to Heater * 23-08-2024 16:01:37.30
Command * HEATER DOOR CLOSE - #17,8,1,0*f227
 * 23-08-2024 16:01:37.33
Response  - 17,8,I001*a8aa * 23-08-2024 16:01:37.199
Response  - 17,8,F000*7c68 * 23-08-2024 16:01:37.538
Command * HEATER ON - #18,12,1*9adc
 * 23-08-2024 16:01:37.605
Response  - 18,12,F000*f5a4 * 23-08-2024 16:01:37.769
Command * SET TEMPERATURE - #19,10,32*540a
 * 23-08-2024 16:01:37.980
Response  - 19,10,F000*87a8 * 23-08-2024 16:01:38.141
Command * READ TEMPERATURE - #20,11*4907
 * 23-08-2024 16:01:38.532
Response  - 20,11,F000,32*b3a2 * 23-08-2024 16:01:38.699
Command * READ TEMPERATURE - #21,11*b506
 * 23-08-2024 16:01:48.634
Response  - 21,11,F000,33*b09e * 23-08-2024 16:01:48.801
Command * READ TEMPERATURE - #22,11*f106
 * 23-08-2024 16:01:53.624
Response  - 22,11,F000,33*b49a * 23-08-2024 16:01:53.790
Command * READ TEMPERATURE - #23,11*0d07
 * 23-08-2024 16:01:58.625
Response  - 23,11,F000,33*7767 * 23-08-2024 16:01:58.792
Command * READ TEMPERATURE - #24,11*7906
 * 23-08-2024 16:02:03.623
Response  - 24,11,F000,33*bc92 * 23-08-2024 16:02:03.792
Command * READ TEMPERATURE - #25,11*8507
 * 23-08-2024 16:02:08.644
Response  - 25,11,F000,33*7f6f * 23-08-2024 16:02:08.810
Command * READ TEMPERATURE - #26,11*c107
 * 23-08-2024 16:02:13.656
Response  - 26,11,F000,32*bbaa * 23-08-2024 16:02:13.825
Command * READ TEMPERATURE - #27,11*3d06
 * 23-08-2024 16:02:18.659
Response  - 27,11,F000,33*b896 * 23-08-2024 16:02:18.824
Command * READ TEMPERATURE - #28,11*2905
 * 23-08-2024 16:02:23.653
Response  - 28,11,F000,33*ac82 * 23-08-2024 16:02:23.821
Command * READ TEMPERATURE - #29,11*d504
 * 23-08-2024 16:02:28.651
Response  - 29,11,F000,33*6f7f * 23-08-2024 16:02:28.815
Command * READ TEMPERATURE - #30,11*893a
 * 23-08-2024 16:02:33.650
Response  - 30,11,F000,33*f261 * 23-08-2024 16:02:33.820
Command * READ TEMPERATURE - #31,11*753b
 * 23-08-2024 16:02:38.649
Response  - 31,11,F000,33*319c * 23-08-2024 16:02:38.813
Command * READ TEMPERATURE - #32,11*313b
 * 23-08-2024 16:02:43.656
Response  - 32,11,F000,33*3598 * 23-08-2024 16:02:43.827
Command * READ TEMPERATURE - #33,11*cd3a
 * 23-08-2024 16:02:48.657
Response  - 33,11,F000,33*f665 * 23-08-2024 16:02:48.822
Command * READ TEMPERATURE - #34,11*b93b
 * 23-08-2024 16:02:53.652
Response  - 34,11,F000,33*3d90 * 23-08-2024 16:02:53.818
Command * READ TEMPERATURE - #35,11*453a
 * 23-08-2024 16:02:58.665
Response  - 35,11,F000,33*fe6d * 23-08-2024 16:02:58.834
Command * READ TEMPERATURE - #36,11*013a
 * 23-08-2024 16:03:03.693
Response  - 36,11,F000,33*fa69 * 23-08-2024 16:03:03.859
Command * READ TEMPERATURE - #37,11*fd3b
 * 23-08-2024 16:03:08.693
Response  - 37,11,F000,32*f955 * 23-08-2024 16:03:08.852
Command * READ TEMPERATURE - #38,11*e938
 * 23-08-2024 16:03:13.681
Response  - 38,11,F000,32*ed41 * 23-08-2024 16:03:13.850
Command * READ TEMPERATURE - #39,11*1539
 * 23-08-2024 16:03:18.687
Response  - 39,11,F000,33*ee7d * 23-08-2024 16:03:18.858
Command * READ TEMPERATURE - #40,11*498f
 * 23-08-2024 16:03:23.704
Response  - 40,11,F000,33*b56a * 23-08-2024 16:03:23.870
Command * READ TEMPERATURE - #41,11*b58e
 * 23-08-2024 16:03:28.698
Response  - 41,11,F000,33*7697 * 23-08-2024 16:03:28.864
Command * READ TEMPERATURE - #42,11*f18e
 * 23-08-2024 16:03:33.705
Response  - 42,11,F000,33*7293 * 23-08-2024 16:03:33.869
Command * READ TEMPERATURE - #43,11*0d8f
 * 23-08-2024 16:03:38.709
Response  - 43,11,F000,33*b16e * 23-08-2024 16:03:38.875
Command * READ TEMPERATURE - #44,11*798e
 * 23-08-2024 16:03:43.719
Response  - 44,11,F000,33*7a9b * 23-08-2024 16:03:43.884
Command * READ TEMPERATURE - #45,11*858f
 * 23-08-2024 16:03:48.713
Response  - 45,11,F000,33*b966 * 23-08-2024 16:03:48.878
Command * READ TEMPERATURE - #46,11*c18f
 * 23-08-2024 16:03:53.716
Response  - 46,11,F000,33*bd62 * 23-08-2024 16:03:53.874
Command * READ TEMPERATURE - #47,11*3d8e
 * 23-08-2024 16:03:58.713
Response  - 47,11,F000,33*7e9f * 23-08-2024 16:03:58.872
Command * READ TEMPERATURE - #48,11*298d
 * 23-08-2024 16:04:03.721
Response  - 48,11,F000,32*aa4a * 23-08-2024 16:04:03.888
Command * READ TEMPERATURE - #49,11*d58c
 * 23-08-2024 16:04:08.736
Response  - 49,11,F000,33*a976 * 23-08-2024 16:04:08.902
Command * READ TEMPERATURE - #50,11*89b2
 * 23-08-2024 16:04:13.733
Response  - 50,11,F000,33*3468 * 23-08-2024 16:04:13.897
Command * READ TEMPERATURE - #51,11*75b3
 * 23-08-2024 16:04:18.740
Response  - 51,11,F000,33*f795 * 23-08-2024 16:04:18.906
Command * READ TEMPERATURE - #52,11*31b3
 * 23-08-2024 16:04:23.734
Response  - 52,11,F000,33*f391 * 23-08-2024 16:04:23.899
Command * READ TEMPERATURE - #53,11*cdb2
 * 23-08-2024 16:04:28.742
Response  - 53,11,F000,33*306c * 23-08-2024 16:04:28.912
Command * READ TEMPERATURE - #54,11*b9b3
 * 23-08-2024 16:04:33.732
Response  - 54,11,F000,32*3b58 * 23-08-2024 16:04:33.898
Command * READ TEMPERATURE - #55,11*45b2
 * 23-08-2024 16:04:38.738
Response  - 55,11,F000,33*3864 * 23-08-2024 16:04:38.905
Command * READ TEMPERATURE - #56,11*01b2
 * 23-08-2024 16:04:43.737
Response  - 56,11,F000,33*3c60 * 23-08-2024 16:04:43.905
Command * READ TEMPERATURE - #57,11*fdb3
 * 23-08-2024 16:04:48.740
Response  - 57,11,F000,33*ff9d * 23-08-2024 16:04:48.907
Command * READ TEMPERATURE - #58,11*e9b0
 * 23-08-2024 16:04:53.733
Response  - 58,11,F000,32*2b48 * 23-08-2024 16:04:53.900
Command * READ TEMPERATURE - #59,11*15b1
 * 23-08-2024 16:04:58.754
Response  - 59,11,F000,33*2874 * 23-08-2024 16:04:58.919
Command * READ TEMPERATURE - #60,11*89f6
 * 23-08-2024 16:05:03.744
Response  - 60,11,F000,33*f76d * 23-08-2024 16:05:03.911
Command * READ TEMPERATURE - #61,11*75f7
 * 23-08-2024 16:05:08.768
Response  - 61,11,F000,34*f6d1 * 23-08-2024 16:05:08.934
Command * READ TEMPERATURE - #62,11*31f7
 * 23-08-2024 16:05:13.766
Response  - 62,11,F000,33*3094 * 23-08-2024 16:05:13.932
Command * READ TEMPERATURE - #63,11*cdf6
 * 23-08-2024 16:05:18.780
Response  - 63,11,F000,33*f369 * 23-08-2024 16:05:18.938
Command * READ TEMPERATURE - #64,11*b9f7
 * 23-08-2024 16:05:23.775
Response  - 64,11,F000,33*389c * 23-08-2024 16:05:23.931
Command * READ TEMPERATURE - #65,11*45f6
 * 23-08-2024 16:05:28.781
Response  - 65,11,F000,33*fb61 * 23-08-2024 16:05:28.949
Command * READ TEMPERATURE - #66,11*01f6
 * 23-08-2024 16:05:33.788
Response  - 66,11,F000,33*ff65 * 23-08-2024 16:05:33.954
Command * READ TEMPERATURE - #67,11*fdf7
 * 23-08-2024 16:05:38.774
Response  - 67,11,F000,33*3c98 * 23-08-2024 16:05:38.940
Command * READ TEMPERATURE - #68,11*e9f4
 * 23-08-2024 16:05:43.792
Response  - 68,11,F000,33*288c * 23-08-2024 16:05:43.961
Command * READ TEMPERATURE - #69,11*15f5
 * 23-08-2024 16:05:48.790
Response  - 69,11,F000,33*eb71 * 23-08-2024 16:05:48.958
Command * READ TEMPERATURE - #70,11*49cb
 * 23-08-2024 16:05:53.803
Response  - 70,11,F000,33*766f * 23-08-2024 16:05:53.967
Command * READ TEMPERATURE - #71,11*b5ca
 * 23-08-2024 16:05:58.790
Response  - 71,11,F000,33*b592 * 23-08-2024 16:05:58.955
Command * READ TEMPERATURE - #72,11*f1ca
 * 23-08-2024 16:06:03.798
Response  - 72,11,F000,33*b196 * 23-08-2024 16:06:03.957
Command * READ TEMPERATURE - #73,11*0dcb
 * 23-08-2024 16:06:08.798
Response  - 73,11,F000,33*726b * 23-08-2024 16:06:08.963
Command * READ TEMPERATURE - #74,11*79ca
 * 23-08-2024 16:06:13.794
Response  - 74,11,F000,33*b99e * 23-08-2024 16:06:13.961
Command * READ TEMPERATURE - #75,11*85cb
 * 23-08-2024 16:06:18.796
Response  - 75,11,F000,33*7a63 * 23-08-2024 16:06:18.964
Command * READ TEMPERATURE - #76,11*c1cb
 * 23-08-2024 16:06:23.792
Response  - 76,11,F000,33*7e67 * 23-08-2024 16:06:23.958
Command * READ TEMPERATURE - #77,11*3dca
 * 23-08-2024 16:06:28.802
Response  - 77,11,F000,33*bd9a * 23-08-2024 16:06:28.964
Command * READ TEMPERATURE - #78,11*29c9
 * 23-08-2024 16:06:33.791
Response  - 78,11,F000,32*694f * 23-08-2024 16:06:33.958
Command * READ TEMPERATURE - #79,11*d5c8
 * 23-08-2024 16:06:38.812
Response  - 79,11,F000,33*6a73 * 23-08-2024 16:06:38.977
Command * HEATER OFF - #80,12,0*1285
 * 23-08-2024 16:06:43.826
Response  - 80,12,F000*1a13 * 23-08-2024 16:06:43.992
Command * HEATER DOOR OPEN - #81,8,1,1*5840
 * 23-08-2024 16:06:44.707
Response  - 81,8,I001*d240 * 23-08-2024 16:06:44.875
Response  - 81,8,F000*0682 * 23-08-2024 16:06:45.199
Rack - 1Protocol Started * 23-08-2024 16:06:45.787
Command * Rack-1 Picked from H1 - #82,2,1,2688,1000,0,1*23ff
 * 23-08-2024 16:06:45.824
Response  - 82,2,I001,1*f91c * 23-08-2024 16:06:45.989
Response  - 82,2,F000,1*c64d * 23-08-2024 16:06:52.441
Command * HEATER DOOR CLOSE - #83,8,1,0*58a2
 * 23-08-2024 16:06:53.53
Response  - 83,8,I001*0bc1 * 23-08-2024 16:06:53.214
Response  - 83,8,F000*df03 * 23-08-2024 16:06:53.554
Command * Rack-1 Placed in J1 - #84,3,1,10304,800,0,0*abad
 * 23-08-2024 16:06:53.614
Response  - 84,3,I001,1*2a3d * 23-08-2024 16:06:53.783
Response  - 84,3,F000,1*156c * 23-08-2024 16:06:59.914
Command * Rack-1 Picked from J1 - #85,2,1,10304,800,0,0*c7c1
 * 23-08-2024 16:12:00.653
Response  - 85,2,I001,1*23ad * 23-08-2024 16:12:00.829
Response  - 85,2,F000,1*1cfc * 23-08-2024 16:12:05.970
Command * Rack-1 Placed in J2 - #86,3,1,13934,800 ,0,0*43df
 * 23-08-2024 16:12:06.345
Response  - 86,3,I001,1*e09c * 23-08-2024 16:12:06.507
Response  - 86,3,F000,1*dfcd * 23-08-2024 16:12:12.189
Command * HEATER DOOR OPEN - #87,8,1,1*5826
 * 23-08-2024 16:13:14.921
Response  - 87,8,I001*f8c0 * 23-08-2024 16:13:15.93
Response  - 87,8,F000*2c02 * 23-08-2024 16:13:15.418
Rack - 2Protocol Started * 23-08-2024 16:13:16.20
Command * Rack-2 Picked from H2 - #88,2,1,2688,8700,0,1*50d2
 * 23-08-2024 16:13:16.57
Response  - 88,2,I001,1*d93c * 23-08-2024 16:13:16.224
Response  - 88,2,F000,1*e66d * 23-08-2024 16:13:22.781
Command * HEATER DOOR CLOSE - #89,8,1,0*5808
 * 23-08-2024 16:13:23.150
Response  - 89,8,I001*7441 * 23-08-2024 16:13:23.310
Response  - 89,8,F000*a083 * 23-08-2024 16:13:23.649
Command * Rack-2 Placed in J1 - #90,3,1,10304,800,0,0*4a61
 * 23-08-2024 16:13:23.708
Response  - 90,3,I001,1*0378 * 23-08-2024 16:13:23.880
Response  - 90,3,F000,1*3c29 * 23-08-2024 16:13:30.15
Command * Rack-1 Picked from J2 - #91,2,1,13934,800 ,0,0*d92b
 * 23-08-2024 16:17:12.633
Response  - 91,2,I001,1*0ae8 * 23-08-2024 16:17:12.815
Response  - 91,2,F000,1*35b9 * 23-08-2024 16:17:18.468
Command * Rack-1 Placed in J3 - #92,3,1,17564,800 ,0,0*4e31
 * 23-08-2024 16:17:18.797
Response  - 92,3,I001,1*c9d9 * 23-08-2024 16:17:18.966
Response  - 92,3,F000,1*f688 * 23-08-2024 16:17:24.637
Command * Rack-2 Picked from J1 - #93,2,1,10304,800,0,0*9e74
 * 23-08-2024 16:18:30.413
Response  - 93,2,I001,1*c049 * 23-08-2024 16:18:30.614
Response  - 93,2,F000,1*ff18 * 23-08-2024 16:18:36.668
Command * Rack-2 Placed in J2 - #94,3,1,13934,800 ,0,0*70b6
 * 23-08-2024 16:18:37.154
Response  - 94,3,I001,1*d639 * 23-08-2024 16:18:37.319
Response  - 94,3,F000,1*e968 * 23-08-2024 16:18:42.996
Command * HEATER DOOR OPEN - #95,8,1,1*54c4
 * 23-08-2024 16:19:44.627
Response  - 95,8,I001*b14c * 23-08-2024 16:19:44.943
Response  - 95,8,F000*658e * 23-08-2024 16:19:45.128
Device Intialization started * 23-08-2024 16:55:19.231
Command * Home Command - #0,5,11111111*757c
 * 23-08-2024 16:55:19.415
Response  - 0,5,I001,11111111*6271 * 23-08-2024 16:55:19.648
Response  - 0,5,F000*ed3b * 23-08-2024 16:55:30.35
Command * Home Command - #1,5,11111111*b681
 * 23-08-2024 16:55:32.101
Response  - 1,5,I001,11111111*f220 * 23-08-2024 16:55:32.268
Response  - 1,5,F000*21fa * 23-08-2024 16:55:32.272
Response  - 0,16,F000*7ce9 * 23-08-2024 16:55:32.283
Command * Level Sensing For U1 - #2,4,64754,16380,0,0*35b7
 * 23-08-2024 16:55:34.665
Response  - 2,4,I001*3179 * 23-08-2024 16:55:34.827
Response  - 2,4,F000,2448*b51a * 23-08-2024 16:55:38.995
U1 Value - 2448 * 23-08-2024 16:55:39.15
Command * Level Sensing For U2 - #3,4,61124,16380,0,0*c173
 * 23-08-2024 16:55:39.227
Response  - 3,4,I001*fdb8 * 23-08-2024 16:55:39.430
Response  - 3,4,F000,2457*a059 * 23-08-2024 16:55:41.703
U2 Value - 2457 * 23-08-2024 16:55:41.717
Command * Level Sensing For U3 - #4,4,57494,16380,0,0*6c6a
 * 23-08-2024 16:55:41.781
Response  - 4,4,I001*1bf9 * 23-08-2024 16:55:41.952
Response  - 4,4,F000,2441*75d3 * 23-08-2024 16:55:44.246
U3 Value - 2441 * 23-08-2024 16:55:44.260
Command * Level Sensing For U4 - #5,4,53864,16380,0,0*8c57
 * 23-08-2024 16:55:44.356
Response  - 5,4,I001*d738 * 23-08-2024 16:55:44.524
Response  - 5,4,F000,2450*a411 * 23-08-2024 16:55:46.826
U4 Value - 2450 * 23-08-2024 16:55:46.841
Command * Level Sensing For U5 - #6,4,50234,16380,0,0*cd04
 * 23-08-2024 16:55:46.923
Response  - 6,4,I001*c278 * 23-08-2024 16:55:47.91
Response  - 6,4,F000,2447*3554 * 23-08-2024 16:55:49.385
U5 Value - 2447 * 23-08-2024 16:55:49.399
Command * Level Sensing For U6 - #7,4,46604,16380,0,0*b7f4
 * 23-08-2024 16:55:49.480
Response  - 7,4,I001*0eb9 * 23-08-2024 16:55:49.650
Response  - 7,4,F000,2439*40d5 * 23-08-2024 16:55:51.940
U6 Value - 2439 * 23-08-2024 16:55:51.953
Command * Level Sensing For J1 - #8,4,10304,800,0,0*e199
 * 23-08-2024 16:55:52.69
Response  - 8,4,I001*4ef9 * 23-08-2024 16:55:52.237
Response  - 8,4,F000,2451*29c3 * 23-08-2024 16:55:58.294
J1 Value - 2451 * 23-08-2024 16:55:58.311
Command * Level Sensing For J2 - #9,4,13934,800 ,0,0*8abc
 * 23-08-2024 16:55:58.639
Response  - 9,4,I001*8238 * 23-08-2024 16:55:58.806
Response  - 9,4,F000,2452*a981 * 23-08-2024 16:56:01.103
J2 Value - 2452 * 23-08-2024 16:56:01.122
Command * Level Sensing For J3 - #10,4,17564,800 ,0,0*7447
 * 23-08-2024 16:56:01.198
Response  - 10,4,I001*82eb * 23-08-2024 16:56:01.365
Response  - 10,4,F000,2462*8b04 * 23-08-2024 16:56:03.665
J3 Value - 2462 * 23-08-2024 16:56:03.681
Command * Level Sensing For J4 - #11,4,21194,800 ,0,0*96dd
 * 23-08-2024 16:56:03.760
Response  - 11,4,I001*4e2a * 23-08-2024 16:56:03.928
Response  - 11,4,F000,2455*3847 * 23-08-2024 16:56:06.229
J4 Value - 2455 * 23-08-2024 16:56:06.241
Command * Level Sensing For J5 - #12,4,24824,800 ,0,0*ef18
 * 23-08-2024 16:56:06.307
Response  - 12,4,I001*5b6a * 23-08-2024 16:56:06.484
Response  - 12,4,F000,2461*c843 * 23-08-2024 16:56:08.776
J5 Value - 2461 * 23-08-2024 16:56:08.795
Command * Level Sensing For J6 - #13,4,28454,800 ,0,0*bb52
 * 23-08-2024 16:56:08.857
Response  - 13,4,I001*97ab * 23-08-2024 16:56:09.23
Response  - 13,4,F000,2452*b801 * 23-08-2024 16:56:11.322
J6 Value - 2452 * 23-08-2024 16:56:11.336
Command * Level Sensing For J7 - #14,4,32084,800 ,0,0*6631
 * 23-08-2024 16:56:11.433
Response  - 14,4,I001*71ea * 23-08-2024 16:56:11.604
Response  - 14,4,F000,2457*fcca * 23-08-2024 16:56:13.903
J7 Value - 2457 * 23-08-2024 16:56:13.916
Command * Level Sensing For J8 - #15,4,35714,800 ,0,0*8ab0
 * 23-08-2024 16:56:13.995
Response  - 15,4,I001*bd2b * 23-08-2024 16:56:14.165
Response  - 15,4,F000,2453*bec9 * 23-08-2024 16:56:16.466
J8 Value - 2453 * 23-08-2024 16:56:16.477
Command * Level Sensing For J9 - #16,4,39344,800 ,0,0*01b1
 * 23-08-2024 16:56:16.560
Response  - 16,4,I001*a86b * 23-08-2024 16:56:16.731
Response  - 16,4,F000,2470*1c8d * 23-08-2024 16:56:19.27
J9 Value - 2470 * 23-08-2024 16:56:19.39
Command * Level Sensing For W1 - #17,4,42974,800 ,0,0*edeb
 * 23-08-2024 16:56:19.138
Response  - 17,4,I001*64aa * 23-08-2024 16:56:19.317
Response  - 17,4,F000,2449*6b4f * 23-08-2024 16:56:21.602
W1 Value - 2449 * 23-08-2024 16:56:21.617
Command * Level Sensing For W2 - #18,4,46604,800 ,0,0*1ed8
 * 23-08-2024 16:56:21.699
Response  - 18,4,I001*24ea * 23-08-2024 16:56:21.868
Response  - 18,4,F000,2445*615b * 23-08-2024 16:56:24.169
W2 Value - 2445 * 23-08-2024 16:56:24.187
Command * Level Sensing For W3 - #19,4,50234,800 ,0,0*6e7e
 * 23-08-2024 16:56:24.284
Response  - 19,4,I001*e82b * 23-08-2024 16:56:24.451
Response  - 19,4,F000,2442*2218 * 23-08-2024 16:56:26.749
W3 Value - 2442 * 23-08-2024 16:56:26.769
Command * Level Sensing For J10 - #20,4,53864,800 ,0,0*a3e5
 * 23-08-2024 16:56:26.860
Response  - 20,4,I001*72ff * 23-08-2024 16:56:27.27
Response  - 20,4,F000,2461*8947 * 23-08-2024 16:56:29.325
J10 Value - 2461 * 23-08-2024 16:56:29.340
Command * Level Sensing For J11 - #21,4,57494,800 ,0,0*df9a
 * 23-08-2024 16:56:29.418
Response  - 21,4,I001*be3e * 23-08-2024 16:56:29.585
Response  - 21,4,F000,2449*ae45 * 23-08-2024 16:56:31.891
J11 Value - 2449 * 23-08-2024 16:56:31.912
Command * Level Sensing For J12 - #22,4,61124,800 ,0,0*7649
 * 23-08-2024 16:56:32.12
Response  - 22,4,I001*ab7e * 23-08-2024 16:56:32.173
Response  - 22,4,F000,2423*cac3 * 23-08-2024 16:56:34.475
J12 Value - 2423 * 23-08-2024 16:56:34.488
Command * Level Sensing For J13 - #23,4,64754,800 ,0,0*f306
 * 23-08-2024 16:56:34.572
Response  - 23,4,I001*67bf * 23-08-2024 16:56:34.736
Response  - 23,4,F000,2450*7a83 * 23-08-2024 16:56:37.38
J13 Value - 2450 * 23-08-2024 16:56:37.53
Command * Level Sensing For J14 - #24,4,64754,8590,0,0*dc23
 * 23-08-2024 16:56:37.118
Response  - 24,4,I001*81fe * 23-08-2024 16:56:37.289
Response  - 24,4,F000,2462*0c09 * 23-08-2024 16:56:39.756
J14 Value - 2462 * 23-08-2024 16:56:39.771
Command * Level Sensing For J15 - #25,4,61124,8590,0,0*596c
 * 23-08-2024 16:56:40.209
Response  - 25,4,I001*4d3f * 23-08-2024 16:56:40.379
Response  - 25,4,F000,2469*4a4a * 23-08-2024 16:56:42.681
J15 Value - 2469 * 23-08-2024 16:56:42.701
Command * Level Sensing For J16 - #26,4,57494,8590,0,0*f0bf
 * 23-08-2024 16:56:42.808
Response  - 26,4,I001*587f * 23-08-2024 16:56:42.979
Response  - 26,4,F000,2456*7d0f * 23-08-2024 16:56:45.274
J16 Value - 2456 * 23-08-2024 16:56:45.295
Command * Level Sensing For J17 - #27,4,53864,8590,0,0*8cc0
 * 23-08-2024 16:56:45.385
Response  - 27,4,I001*94be * 23-08-2024 16:56:45.556
Response  - 27,4,F000,2457*3ccc * 23-08-2024 16:56:47.853
J17 Value - 2457 * 23-08-2024 16:56:47.875
Command * Level Sensing For W4 - #28,4,50234,8590,0,0*8cff
 * 23-08-2024 16:56:47.934
Response  - 28,4,I001*d4fe * 23-08-2024 16:56:48.104
Response  - 28,4,F000,2446*6318 * 23-08-2024 16:56:50.397
W4 Value - 2446 * 23-08-2024 16:56:50.413
Command * Level Sensing For W5 - #29,4,46604,8590,0,0*fc59
 * 23-08-2024 16:56:50.511
Response  - 29,4,I001*183f * 23-08-2024 16:56:50.679
Response  - 29,4,F000,2458*b69a * 23-08-2024 16:56:52.984
W5 Value - 2458 * 23-08-2024 16:56:53.2
Command * Level Sensing For W6 - #30,4,42974,8590,0,0*7ab7
 * 23-08-2024 16:56:53.81
Response  - 30,4,I001*e2f2 * 23-08-2024 16:56:53.250
Response  - 30,4,F000,2453*79c6 * 23-08-2024 16:56:55.545
W6 Value - 2453 * 23-08-2024 16:56:55.566
Command * Level Sensing For J18 - #31,4,39344,8590,0,0*96ed
 * 23-08-2024 16:56:55.673
Response  - 31,4,I001*2e33 * 23-08-2024 16:56:55.842
Response  - 31,4,F000,2461*c945 * 23-08-2024 16:56:58.137
J18 Value - 2461 * 23-08-2024 16:56:58.155
Command * Level Sensing For J19 - #32,4,35714,8590,0,0*1dec
 * 23-08-2024 16:56:58.231
Response  - 32,4,I001*3b73 * 23-08-2024 16:56:58.400
Response  - 32,4,F000,2453*3bc1 * 23-08-2024 16:57:00.695
J19 Value - 2453 * 23-08-2024 16:57:00.713
Command * Level Sensing For J20 - #33,4,32084,8590,0,0*f16d
 * 23-08-2024 16:57:00.821
Response  - 33,4,I001*f7b2 * 23-08-2024 16:57:00.993
Response  - 33,4,F000,2459*bd43 * 23-08-2024 16:57:03.284
J20 Value - 2459 * 23-08-2024 16:57:03.328
Command * Level Sensing For J21 - #34,4,28454,8590,0,0*2c0e
 * 23-08-2024 16:57:03.416
Response  - 34,4,I001*11f3 * 23-08-2024 16:57:03.578
Response  - 34,4,F000,2455*ff48 * 23-08-2024 16:57:05.881
J21 Value - 2455 * 23-08-2024 16:57:05.899
Command * Level Sensing For J22 - #35,4,24824,8590,0,0*7844
 * 23-08-2024 16:57:05.990
Response  - 35,4,I001*dd32 * 23-08-2024 16:57:06.158
Response  - 35,4,F000,2468*4b8b * 23-08-2024 16:57:08.459
J22 Value - 2468 * 23-08-2024 16:57:08.480
Command * Level Sensing For J23 - #36,4,21194,8590,0,0*0181
 * 23-08-2024 16:57:08.587
Response  - 36,4,I001*c872 * 23-08-2024 16:57:08.753
Response  - 36,4,F000,2470*de8e * 23-08-2024 16:57:11.49
J23 Value - 2470 * 23-08-2024 16:57:11.65
Command * Level Sensing For J24 - #37,4,17564,8590,0,0*e31b
 * 23-08-2024 16:57:11.159
Response  - 37,4,I001*04b3 * 23-08-2024 16:57:11.328
Response  - 37,4,F000,2471*9f4d * 23-08-2024 16:57:13.621
J24 Value - 2471 * 23-08-2024 16:57:13.637
Command * Level Sensing For J25 - #38,4,13934,8590,0,0*ac27
 * 23-08-2024 16:57:13.732
Response  - 38,4,I001*44f3 * 23-08-2024 16:57:13.902
Response  - 38,4,F000,2468*0698 * 23-08-2024 16:57:16.196
J25 Value - 2468 * 23-08-2024 16:57:16.210
Command * Level Sensing For J26 - #39,4,10304,8590,0,0*cf64
 * 23-08-2024 16:57:16.305
Response  - 39,4,I001*8832 * 23-08-2024 16:57:16.476
Response  - 39,4,F000,2453*b0db * 23-08-2024 16:57:18.773
J26 Value - 2453 * 23-08-2024 16:57:18.792
Command * Level Sensing For J27 - #40,4,42974,16380,0,0*8c11
 * 23-08-2024 16:57:18.885
Response  - 40,4,I001*d2d4 * 23-08-2024 16:57:19.52
Response  - 40,4,F000,2453*bec0 * 23-08-2024 16:57:24.696
J27 Value - 2453 * 23-08-2024 16:57:24.711
Command * Level Sensing For J28 - #41,4,39344,16380,0,0*b77d
 * 23-08-2024 16:57:24.976
Response  - 41,4,I001*1e15 * 23-08-2024 16:57:25.142
Response  - 41,4,F000,2504*6dd1 * 23-08-2024 16:57:27.452
J28 Value - 2504 * 23-08-2024 16:57:27.468
Command * Level Sensing For J29 - #42,4,35714,16380,0,0*7737
 * 23-08-2024 16:57:27.532
Response  - 42,4,I001*0b55 * 23-08-2024 16:57:27.699
Response  - 42,4,F000,2484*ae82 * 23-08-2024 16:57:30.5
J29 Value - 2484 * 23-08-2024 16:57:30.26
Command * Level Sensing For J30 - #43,4,32084,16380,0,0*171b
 * 23-08-2024 16:57:30.117
Response  - 43,4,I001*c794 * 23-08-2024 16:57:30.286
Response  - 43,4,F000,2503*ed97 * 23-08-2024 16:57:32.590
J30 Value - 2503 * 23-08-2024 16:57:32.611
Command * Level Sensing For J31 - #44,4,28454,16380,0,0*3e86
 * 23-08-2024 16:57:32.686
Response  - 44,4,I001*21d5 * 23-08-2024 16:57:32.853
Response  - 44,4,F000,2495*384b * 23-08-2024 16:57:35.154
J31 Value - 2495 * 23-08-2024 16:57:35.172
Command * Level Sensing For J32 - #45,4,24824,16380,0,0*c953
 * 23-08-2024 16:57:35.251
Response  - 45,4,I001*ed14 * 23-08-2024 16:57:35.418
Response  - 45,4,F000,2517*789e * 23-08-2024 16:57:37.723
J32 Value - 2517 * 23-08-2024 16:57:37.743
Command * Level Sensing For J33 - #46,4,21194,16380,0,0*9aea
 * 23-08-2024 16:57:37.834
Response  - 46,4,I001*f854 * 23-08-2024 16:57:37.999
Response  - 46,4,F000,2499*7f4c * 23-08-2024 16:57:40.301
J33 Value - 2499 * 23-08-2024 16:57:40.320
Command * Level Sensing For H1 - #47,4,2688,1000,0,1*2868
 * 23-08-2024 16:57:40.411
Response  - 47,4,I001*3495 * 23-08-2024 16:57:40.580
Response  - 47,4,F000,3412*0509 * 23-08-2024 16:57:44.589
H1 Value - 3412 * 23-08-2024 16:57:44.609
Command * Level Sensing For H2 - #48,4,2688,8700,0,1*71eb
 * 23-08-2024 16:57:44.980
Response  - 48,4,I001*74d5 * 23-08-2024 16:57:45.147
Response  - 48,4,F000,3399*ccea * 23-08-2024 16:57:47.615
H2 Value - 3399 * 23-08-2024 16:57:47.633
Command * Level Sensing For H3 - #49,4,2688,16380,0,1*7726
 * 23-08-2024 16:57:48.52
Response  - 49,4,I001*b814 * 23-08-2024 16:57:48.223
Response  - 49,4,F000,3388*1d28 * 23-08-2024 16:57:50.688
H3 Value - 3388 * 23-08-2024 16:57:50.705
Command * Home Command - #50,5,11111111*6956
 * 23-08-2024 16:57:51.107
Response  - 50,5,I001,11111111*346f * 23-08-2024 16:57:51.266
Response  - 50,5,F000*471a * 23-08-2024 16:58:03.954
Command * Home Command - #51,5,11111111*aaab
 * 23-08-2024 16:58:09.210
Response  - 51,5,I001,11111111*a43e * 23-08-2024 16:58:09.406
Response  - 51,5,F000*8bdb * 23-08-2024 16:58:09.408
Response  - 0,16,F000*7ce9 * 23-08-2024 16:58:09.422
Command * Home Command - #0,5,11111111*757c
 * 23-08-2024 16:59:25.251
Response  - 0,5,I001,11111111*6271 * 23-08-2024 16:59:25.488
Response  - 0,5,F000*ed3b * 23-08-2024 16:59:25.491
Response  - 0,16,F000*7ce9 * 23-08-2024 16:59:25.507
Command * Home Command - #1,5,11111111*b681
 * 23-08-2024 16:59:28.895
Response  - 1,5,I001,11111111*f220 * 23-08-2024 16:59:29.60
Response  - 1,5,F000*21fa * 23-08-2024 16:59:29.63
Response  - 0,16,F000*7ce9 * 23-08-2024 16:59:29.81
Command * Level Sensing For H1 - #2,4,2688,1000,0,1*d334
 * 23-08-2024 16:59:32.461
Response  - 2,4,I001*3179 * 23-08-2024 16:59:32.628
Response  - 2,4,F000,3421*efd8 * 23-08-2024 16:59:42.777
H1 Value - 3421 * 23-08-2024 16:59:42.794
Command * Level Sensing For H2 - #3,4,2688,8700,0,1*e9d3
 * 23-08-2024 16:59:43.90
Response  - 3,4,I001*fdb8 * 23-08-2024 16:59:43.258
Response  - 3,4,F000,3410*5e1b * 23-08-2024 16:59:45.723
H2 Value - 3410 * 23-08-2024 16:59:45.741
Command * Level Sensing For H3 - #4,4,2688,16380,0,1*2c5f
 * 23-08-2024 16:59:46.192
Response  - 4,4,I001*1bf9 * 23-08-2024 16:59:46.358
Response  - 4,4,F000,3400*8911 * 23-08-2024 16:59:48.824
H3 Value - 3400 * 23-08-2024 16:59:48.840
Command * Level Sensing For L1 - #5,4,17564,16380,0,0*0645
 * 23-08-2024 16:59:49.265
Response  - 5,4,I001*d738 * 23-08-2024 16:59:49.428
Response  - 5,4,F000,254*007f * 23-08-2024 16:59:53.32
L1 Value - 254 * 23-08-2024 16:59:53.53
Command * Level Sensing For L2 - #6,4,13934,16380,0,0*4619
 * 23-08-2024 16:59:53.331
Response  - 6,4,I001*c278 * 23-08-2024 16:59:53.498
Response  - 6,4,F000,1191*e2c0 * 23-08-2024 16:59:55.800
L2 Value - 1191 * 23-08-2024 16:59:55.819
Command * Level Sensing For L3 - #7,4,10304,16380,0,0*b73b
 * 23-08-2024 16:59:55.911
Response  - 7,4,I001*0eb9 * 23-08-2024 16:59:56.82
Response  - 7,4,F000,248*5287 * 23-08-2024 16:59:58.378
L3 Value - 248 * 23-08-2024 16:59:58.396
Command * Home Command - #8,5,11111111*aa9d
 * 23-08-2024 16:59:58.474
Response  - 8,5,I001,11111111*a0f6 * 23-08-2024 16:59:58.638
Response  - 8,5,F000*4b3a * 23-08-2024 17:00:09.772
Command * HOME STATUS - #9,6*1b3d
 * 23-08-2024 17:00:10.106
Response  - 9,6,F000,11111111*fba1 * 23-08-2024 17:00:10.271
Command * Home Command - #10,5,11111111*ed58
 * 23-08-2024 17:00:11.684
Response  - 10,5,I001,11111111*052e * 23-08-2024 17:00:11.848
Response  - 10,5,F000*8728 * 23-08-2024 17:00:11.852
Response  - 0,16,F000*7ce9 * 23-08-2024 17:00:11.870
Command * L1 - Picked - #11,2,1,17564,16380,0,0*5fcd
 * 23-08-2024 17:00:13.205
Response  - 11,2,I001,1*6ac2 * 23-08-2024 17:00:13.364
Response  - 11,2,F000,1*5593 * 23-08-2024 17:00:24.189
Command * H1 - Placed - #12,3,1,2688,1000,0,1*2b72
 * 23-08-2024 17:00:24.429
Response  - 12,3,I001,1*a9f3 * 23-08-2024 17:00:24.595
Response  - 12,3,F000,1*96a2 * 23-08-2024 17:00:31.554
Command * L3 - Picked - #13,2,1,10304,16380,0,0*b4e9
 * 23-08-2024 17:01:22.774
Response  - 13,2,I001,1*a063 * 23-08-2024 17:01:22.934
Response  - 13,2,F000,1*9f32 * 23-08-2024 17:01:29.403
Command * H2 - Placed - #14,3,1,2688,8700,0,1*094c
 * 23-08-2024 17:01:29.897
Response  - 14,3,I001,1*b613 * 23-08-2024 17:01:30.58
Response  - 14,3,F000,1*8942 * 23-08-2024 17:01:36.182
