Command * RACK HOLDING STATUS - #0,7*d92c
 * 06-11-2023 18:28:55.567
Response  - 0,7,F000,00*20f0 * 06-11-2023 18:28:55.765
Device Intialization started * 06-11-2023 18:28:56.929
Command * Home Command - #1,5,11111111*b681
 * 06-11-2023 18:28:56.931
Response  - 1,5,I001,11111111*f220 * 06-11-2023 18:28:57.120
Response  - 1,5,F000*21fa * 06-11-2023 18:28:57.125
Response  - 0,16,F000*7ce9 * 06-11-2023 18:28:57.148
Command * Level Sensing For U1 - #2,4,64754,16380,0,0*35b7
 * 06-11-2023 18:29:07.543
Response  - 2,4,I001*3179 * 06-11-2023 18:29:07.700
Response  - 2,4,F000,2520*1349 * 06-11-2023 18:29:12.641
U1 Value - 2520 * 06-11-2023 18:29:12.670
Command * Level Sensing For U2 - #3,4,61124,16380,0,0*c173
 * 06-11-2023 18:29:13.118
Response  - 3,4,I001*fdb8 * 06-11-2023 18:29:13.280
Response  - 3,4,F000,2517*a00a * 06-11-2023 18:29:17.360
U2 Value - 2517 * 06-11-2023 18:29:17.387
Command * Level Sensing For U3 - #4,4,57494,16380,0,0*6c6a
 * 06-11-2023 18:29:17.676
Response  - 4,4,I001*1bf9 * 06-11-2023 18:29:17.842
Response  - 4,4,F000,2516*27c0 * 06-11-2023 18:29:21.914
U3 Value - 2516 * 06-11-2023 18:29:21.931
Command * Level Sensing For U4 - #5,4,53864,16380,0,0*8c57
 * 06-11-2023 18:29:22.235
Response  - 5,4,I001*d738 * 06-11-2023 18:29:22.395
Response  - 5,4,F000,2517*6603 * 06-11-2023 18:29:26.470
U4 Value - 2517 * 06-11-2023 18:29:26.497
Command * Level Sensing For U5 - #6,4,50234,16380,0,0*cd04
 * 06-11-2023 18:29:26.804
Response  - 6,4,I001*c278 * 06-11-2023 18:29:26.973
Response  - 6,4,F000,2518*a146 * 06-11-2023 18:29:31.41
Command * Level Sensing For U6 - #7,4,46604,16380,0,0*b7f4
 * 06-11-2023 18:29:31.381
U6 Value - 2518 * 06-11-2023 18:29:31.560
Response  - 7,4,I001*0eb9 * 06-11-2023 18:29:36.567
Response  - 7,4,F000,2514*2544 * 06-11-2023 18:29:36.575
U6 Value - 2514 * 06-11-2023 18:29:36.668
Command * Level Sensing For J1 - #8,4,10304,800,0,0*e199
 * 06-11-2023 18:29:36.951
Response  - 8,4,I001*4ef9 * 06-11-2023 18:29:37.114
Response  - 8,4,F000,2529*1f91 * 06-11-2023 18:29:44.875
J1 Value - 2529 * 06-11-2023 18:29:44.902
Command * Level Sensing For J2 - #9,4,13934,800 ,0,0*8abc
 * 06-11-2023 18:29:45.8
Response  - 9,4,I001*8238 * 06-11-2023 18:29:45.169
Response  - 9,4,F000,2525*9b93 * 06-11-2023 18:29:49.244
J2 Value - 2525 * 06-11-2023 18:29:49.276
Command * Level Sensing For J3 - #10,4,17564,800 ,0,0*7447
 * 06-11-2023 18:29:49.571
Response  - 10,4,I001*82eb * 06-11-2023 18:29:49.728
Response  - 10,4,F000,2546*e855 * 06-11-2023 18:29:53.796
J3 Value - 2546 * 06-11-2023 18:29:53.821
Command * Level Sensing For J4 - #11,4,21194,800 ,0,0*96dd
 * 06-11-2023 18:29:54.128
Response  - 11,4,I001*4e2a * 06-11-2023 18:29:54.296
Response  - 11,4,F000,2547*a996 * 06-11-2023 18:29:58.348
J4 Value - 2547 * 06-11-2023 18:29:58.380
Command * Level Sensing For J5 - #12,4,24824,800 ,0,0*ef18
 * 06-11-2023 18:29:58.699
Response  - 12,4,I001*5b6a * 06-11-2023 18:29:58.865
Response  - 12,4,F000,2559*3e13 * 06-11-2023 18:30:02.930
J5 Value - 2559 * 06-11-2023 18:30:02.957
Command * Level Sensing For J6 - #13,4,28454,800 ,0,0*bb52
 * 06-11-2023 18:30:03.251
Response  - 13,4,I001*97ab * 06-11-2023 18:30:03.417
Response  - 13,4,F000,2513*7893 * 06-11-2023 18:30:07.480
J6 Value - 2513 * 06-11-2023 18:30:07.510
Command * Level Sensing For J7 - #14,4,32084,800 ,0,0*6631
 * 06-11-2023 18:30:07.832
Response  - 14,4,I001*71ea * 06-11-2023 18:30:07.993
Response  - 14,4,F000,2536*5c59 * 06-11-2023 18:30:12.56
J7 Value - 2536 * 06-11-2023 18:30:12.90
Command * Level Sensing For J8 - #15,4,35714,800 ,0,0*8ab0
 * 06-11-2023 18:30:12.413
Response  - 15,4,I001*bd2b * 06-11-2023 18:30:12.576
Response  - 15,4,F000,2514*7cdb * 06-11-2023 18:30:16.633
J8 Value - 2514 * 06-11-2023 18:30:16.658
Command * Level Sensing For J9 - #16,4,39344,800 ,0,0*01b1
 * 06-11-2023 18:30:16.976
Response  - 16,4,I001*a86b * 06-11-2023 18:30:17.145
Response  - 16,4,F000,2516*7e5f * 06-11-2023 18:30:21.201
J9 Value - 2516 * 06-11-2023 18:30:21.231
Command * Level Sensing For W1 - #17,4,42974,800 ,0,0*edeb
 * 06-11-2023 18:30:21.535
Response  - 17,4,I001*64aa * 06-11-2023 18:30:21.702
Response  - 17,4,F000,2518*3bdc * 06-11-2023 18:30:25.771
W1 Value - 2518 * 06-11-2023 18:30:25.790
Command * Level Sensing For W2 - #18,4,46604,800 ,0,0*1ed8
 * 06-11-2023 18:30:26.101
Response  - 18,4,I001*24ea * 06-11-2023 18:30:26.269
Response  - 18,4,F000,2509*6408 * 06-11-2023 18:30:30.325
W2 Value - 2509 * 06-11-2023 18:30:30.354
Command * Level Sensing For W3 - #19,4,50234,800 ,0,0*6e7e
 * 06-11-2023 18:30:30.665
Response  - 19,4,I001*e82b * 06-11-2023 18:30:30.824
Response  - 19,4,F000,2517*b18a * 06-11-2023 18:30:34.895
Command * Level Sensing For J10 - #20,4,53864,800 ,0,0*a3e5
 * 06-11-2023 18:30:35.226
J10 Value - 2517 * 06-11-2023 18:30:35.294
Response  - 20,4,I001*72ff * 06-11-2023 18:30:40.403
Response  - 20,4,F000,2538*1fd5 * 06-11-2023 18:30:40.414
J10 Value - 2538 * 06-11-2023 18:30:40.488
Command * Level Sensing For J11 - #21,4,57494,800 ,0,0*df9a
 * 06-11-2023 18:30:40.797
Response  - 21,4,I001*be3e * 06-11-2023 18:30:40.965
Response  - 21,4,F000,2535*5b16 * 06-11-2023 18:30:45.27
J11 Value - 2535 * 06-11-2023 18:30:45.58
Command * Level Sensing For J12 - #22,4,61124,800 ,0,0*7649
 * 06-11-2023 18:30:45.376
Response  - 22,4,I001*ab7e * 06-11-2023 18:30:45.543
Response  - 22,4,F000,2528*cdd3 * 06-11-2023 18:30:49.608
J12 Value - 2528 * 06-11-2023 18:30:49.637
Command * Level Sensing For J13 - #23,4,64754,800 ,0,0*f306
 * 06-11-2023 18:30:49.957
Response  - 23,4,I001*67bf * 06-11-2023 18:30:50.121
Response  - 23,4,F000,2534*d9d0 * 06-11-2023 18:30:54.192
J13 Value - 2534 * 06-11-2023 18:30:54.220
Command * Level Sensing For J14 - #24,4,64754,8590,0,0*dc23
 * 06-11-2023 18:30:54.525
Response  - 24,4,I001*81fe * 06-11-2023 18:30:54.692
Response  - 24,4,F000,2538*9bdb * 06-11-2023 18:30:58.929
J14 Value - 2538 * 06-11-2023 18:30:58.956
Command * Level Sensing For J15 - #25,4,61124,8590,0,0*596c
 * 06-11-2023 18:30:59.88
Response  - 25,4,I001*4d3f * 06-11-2023 18:30:59.254
Response  - 25,4,F000,2541*2c1b * 06-11-2023 18:31:03.308
J15 Value - 2541 * 06-11-2023 18:31:03.701
Command * Level Sensing For J16 - #26,4,57494,8590,0,0*f0bf
 * 06-11-2023 18:31:03.709
Response  - 26,4,I001*587f * 06-11-2023 18:31:08.871
Response  - 26,4,F000,2541*ef1e * 06-11-2023 18:31:08.876
J16 Value - 2541 * 06-11-2023 18:31:08.901
Command * Level Sensing For J17 - #27,4,53864,8590,0,0*8cc0
 * 06-11-2023 18:31:09.252
Response  - 27,4,I001*94be * 06-11-2023 18:31:09.447
Response  - 27,4,F000,2549*a81d * 06-11-2023 18:31:13.481
J17 Value - 2549 * 06-11-2023 18:31:13.516
Command * Level Sensing For W4 - #28,4,50234,8590,0,0*8cff
 * 06-11-2023 18:31:13.832
Response  - 28,4,I001*d4fe * 06-11-2023 18:31:14.15
Response  - 28,4,F000,2530*91cb * 06-11-2023 18:31:18.58
W4 Value - 2530 * 06-11-2023 18:31:18.98
Command * Level Sensing For W5 - #29,4,46604,8590,0,0*fc59
 * 06-11-2023 18:31:18.417
Response  - 29,4,I001*183f * 06-11-2023 18:31:18.574
Response  - 29,4,F000,2533*1189 * 06-11-2023 18:31:22.646
W5 Value - 2533 * 06-11-2023 18:31:22.664
Command * Level Sensing For W6 - #30,4,42974,8590,0,0*7ab7
 * 06-11-2023 18:31:22.968
Response  - 30,4,I001*e2f2 * 06-11-2023 18:31:23.133
Response  - 30,4,F000,2516*7a55 * 06-11-2023 18:31:27.199
W6 Value - 2516 * 06-11-2023 18:31:27.227
Command * Level Sensing For J18 - #31,4,39344,8590,0,0*96ed
 * 06-11-2023 18:31:27.546
Response  - 31,4,I001*2e33 * 06-11-2023 18:31:27.711
Response  - 31,4,F000,2540*a9d4 * 06-11-2023 18:31:31.783
J18 Value - 2540 * 06-11-2023 18:31:31.806
Command * Level Sensing For J19 - #32,4,35714,8590,0,0*1dec
 * 06-11-2023 18:31:32.102
Response  - 32,4,I001*3b73 * 06-11-2023 18:31:32.266
Response  - 32,4,F000,2535*5913 * 06-11-2023 18:31:36.338
J19 Value - 2535 * 06-11-2023 18:31:36.367
Command * Level Sensing For J20 - #33,4,32084,8590,0,0*f16d
 * 06-11-2023 18:31:36.659
Response  - 33,4,I001*f7b2 * 06-11-2023 18:31:36.825
Response  - 33,4,F000,2538*1dd0 * 06-11-2023 18:31:40.893
J20 Value - 2538 * 06-11-2023 18:31:40.926
Command * Level Sensing For J21 - #34,4,28454,8590,0,0*2c0e
 * 06-11-2023 18:31:41.226
Response  - 34,4,I001*11f3 * 06-11-2023 18:31:41.399
Response  - 34,4,F000,2534*5fdb * 06-11-2023 18:31:45.444
J21 Value - 2534 * 06-11-2023 18:31:45.482
Command * Level Sensing For J22 - #35,4,24824,8590,0,0*7844
 * 06-11-2023 18:31:45.791
Response  - 35,4,I001*dd32 * 06-11-2023 18:31:45.959
Response  - 35,4,F000,2540*2dda * 06-11-2023 18:31:50.15
J22 Value - 2540 * 06-11-2023 18:31:50.61
Command * Level Sensing For J23 - #36,4,21194,8590,0,0*0181
 * 06-11-2023 18:31:50.354
Response  - 36,4,I001*c872 * 06-11-2023 18:31:50.515
Response  - 36,4,F000,2534*1ddc * 06-11-2023 18:31:54.589
J23 Value - 2534 * 06-11-2023 18:31:54.617
Command * Level Sensing For J24 - #37,4,17564,8590,0,0*e31b
 * 06-11-2023 18:31:54.906
Response  - 37,4,I001*04b3 * 06-11-2023 18:31:55.74
Response  - 37,4,F000,2553*fe9c * 06-11-2023 18:31:59.142
J24 Value - 2553 * 06-11-2023 18:31:59.169
Command * Level Sensing For J25 - #38,4,13934,8590,0,0*ac27
 * 06-11-2023 18:31:59.471
Response  - 38,4,I001*44f3 * 06-11-2023 18:31:59.638
Response  - 38,4,F000,2545*6309 * 06-11-2023 18:32:03.699
J25 Value - 2545 * 06-11-2023 18:32:03.726
Command * Level Sensing For J26 - #39,4,10304,8590,0,0*cf64
 * 06-11-2023 18:32:04.67
Response  - 39,4,I001*8832 * 06-11-2023 18:32:04.229
Response  - 39,4,F000,2560*81ca * 06-11-2023 18:32:08.304
J26 Value - 2560 * 06-11-2023 18:32:08.335
Command * Level Sensing For J27 - #40,4,42974,16380,0,0*8c11
 * 06-11-2023 18:32:08.652
Response  - 40,4,I001*d2d4 * 06-11-2023 18:32:08.820
Response  - 40,4,F000,2513*be93 * 06-11-2023 18:32:16.163
J27 Value - 2513 * 06-11-2023 18:32:16.183
Command * Level Sensing For J28 - #41,4,39344,16380,0,0*b77d
 * 06-11-2023 18:32:16.215
Response  - 41,4,I001*1e15 * 06-11-2023 18:32:16.379
Response  - 41,4,F000,2562*cf52 * 06-11-2023 18:32:20.439
J28 Value - 2562 * 06-11-2023 18:32:20.471
Command * Level Sensing For J29 - #42,4,35714,16380,0,0*7737
 * 06-11-2023 18:32:20.772
Response  - 42,4,I001*0b55 * 06-11-2023 18:32:20.938
Response  - 42,4,F000,2560*cdd6 * 06-11-2023 18:32:25.4
J29 Value - 2560 * 06-11-2023 18:32:25.35
Command * Level Sensing For J30 - #43,4,32084,16380,0,0*171b
 * 06-11-2023 18:32:25.339
Response  - 43,4,I001*c794 * 06-11-2023 18:32:25.503
Response  - 43,4,F000,2549*2a15 * 06-11-2023 18:32:29.577
J30 Value - 2549 * 06-11-2023 18:32:29.606
Command * Level Sensing For J31 - #44,4,28454,16380,0,0*3e86
 * 06-11-2023 18:32:29.894
Response  - 44,4,I001*21d5 * 06-11-2023 18:32:30.61
Response  - 44,4,F000,2566*095f * 06-11-2023 18:32:34.133
J31 Value - 2566 * 06-11-2023 18:32:34.169
Command * Level Sensing For J32 - #45,4,24824,16380,0,0*c953
 * 06-11-2023 18:32:34.467
Response  - 45,4,I001*ed14 * 06-11-2023 18:32:34.635
Response  - 45,4,F000,2569*8c1d * 06-11-2023 18:32:38.695
J32 Value - 2569 * 06-11-2023 18:32:38.719
Command * Level Sensing For J33 - #46,4,21194,16380,0,0*9aea
 * 06-11-2023 18:32:39.48
Response  - 46,4,I001*f854 * 06-11-2023 18:32:39.208
Response  - 46,4,F000,2564*8ad9 * 06-11-2023 18:32:43.287
J33 Value - 2564 * 06-11-2023 18:32:43.312
Command * Level Sensing For H1 - #47,4,2688,1000,0,1*2868
 * 06-11-2023 18:32:43.624
Response  - 47,4,I001*3495 * 06-11-2023 18:32:43.788
Response  - 47,4,F000,3488*528f * 06-11-2023 18:32:49.535
H1 Value - 3488 * 06-11-2023 18:32:49.560
Command * Level Sensing For H2 - #48,4,2688,8700,0,1*71eb
 * 06-11-2023 18:32:49.682
Response  - 48,4,I001*74d5 * 06-11-2023 18:32:49.846
Response  - 48,4,F000,3479*6d5f * 06-11-2023 18:32:54.82
H2 Value - 3479 * 06-11-2023 18:32:54.105
Command * Level Sensing For H3 - #49,4,2688,16380,0,1*7726
 * 06-11-2023 18:32:54.242
Response  - 49,4,I001*b814 * 06-11-2023 18:32:54.405
Response  - 49,4,F000,3470*ea9d * 06-11-2023 18:32:58.652
H3 Value - 3470 * 06-11-2023 18:32:58.674
Command * Home Command - #50,5,11111111*6956
 * 06-11-2023 18:32:58.813
Response  - 50,5,I001,11111111*346f * 06-11-2023 18:32:58.979
Response  - 50,5,F000*471a * 06-11-2023 18:33:11.580
Command * Home Command - #0,5,11111111*757c
 * 06-11-2023 18:33:41.69
Response  - 0,5,I001,11111111*6271 * 06-11-2023 18:33:41.234
Response  - 0,5,F000*ed3b * 06-11-2023 18:33:41.237
Response  - 0,16,F000*7ce9 * 06-11-2023 18:33:41.264
Command * Home Command - #0,5,11111111*757c
 * 06-11-2023 18:35:48.580
Response  - 0,5,I001,11111111*6271 * 06-11-2023 18:35:48.758
Response  - 0,5,F000*ed3b * 06-11-2023 18:35:48.769
Response  - 0,16,F000*7ce9 * 06-11-2023 18:35:48.785
Command * RACK HOLDING STATUS - #0,7*d92c
 * 06-11-2023 18:46:06.381
Response  - 0,7,F000,00*20f0 * 06-11-2023 18:46:06.656
Device Intialization started * 06-11-2023 18:46:07.659
Command * Home Command - #1,5,11111111*b681
 * 06-11-2023 18:46:07.662
Response  - 1,5,I001,11111111*f220 * 06-11-2023 18:46:07.834
Response  - 1,5,F000*21fa * 06-11-2023 18:46:07.839
Response  - 0,16,F000*7ce9 * 06-11-2023 18:46:07.859
Command * Level Sensing For U1 - #2,4,64754,16380,0,0*35b7
 * 06-11-2023 18:46:18.274
Response  - 2,4,I001*3179 * 06-11-2023 18:46:18.434
Response  - 2,4,F000,2530*8348 * 06-11-2023 18:46:23.378
U1 Value - 2530 * 06-11-2023 18:46:23.431
Command * Level Sensing For U2 - #3,4,61124,16380,0,0*c173
 * 06-11-2023 18:46:23.898
Response  - 3,4,I001*fdb8 * 06-11-2023 18:46:24.68
Response  - 3,4,F000,2535*018a * 06-11-2023 18:46:28.128
Command * Level Sensing For U3 - #4,4,57494,16380,0,0*6c6a
 * 06-11-2023 18:46:28.460
U3 Value - 2535 * 06-11-2023 18:46:28.482
Response  - 4,4,I001*1bf9 * 06-11-2023 18:46:33.624
Response  - 4,4,F000,2531*8580 * 06-11-2023 18:46:33.628
U3 Value - 2531 * 06-11-2023 18:46:33.682
Command * Level Sensing For U4 - #5,4,53864,16380,0,0*8c57
 * 06-11-2023 18:46:34.17
Response  - 5,4,I001*d738 * 06-11-2023 18:46:34.185
Response  - 5,4,F000,2547*3600 * 06-11-2023 18:46:38.256
U4 Value - 2547 * 06-11-2023 18:46:38.274
Command * Level Sensing For U5 - #6,4,50234,16380,0,0*cd04
 * 06-11-2023 18:46:38.583
Response  - 6,4,I001*c278 * 06-11-2023 18:46:38.742
Response  - 6,4,F000,2556*a5c5 * 06-11-2023 18:46:42.815
U5 Value - 2556 * 06-11-2023 18:46:42.839
Command * Level Sensing For U6 - #7,4,46604,16380,0,0*b7f4
 * 06-11-2023 18:46:43.151
Response  - 7,4,I001*0eb9 * 06-11-2023 18:46:43.318
Response  - 7,4,F000,2547*7407 * 06-11-2023 18:46:47.386
U6 Value - 2547 * 06-11-2023 18:46:47.412
Command * Level Sensing For J1 - #8,4,10304,800,0,0*e199
 * 06-11-2023 18:46:47.719
Response  - 8,4,I001*4ef9 * 06-11-2023 18:46:47.888
Response  - 8,4,F000,2533*8810 * 06-11-2023 18:46:55.654
J1 Value - 2533 * 06-11-2023 18:46:55.678
Command * Level Sensing For J2 - #9,4,13934,800 ,0,0*8abc
 * 06-11-2023 18:46:55.789
Response  - 9,4,I001*8238 * 06-11-2023 18:46:55.961
Response  - 9,4,F000,2531*c893 * 06-11-2023 18:47:00.19
J2 Value - 2531 * 06-11-2023 18:47:00.34
Command * Level Sensing For J3 - #10,4,17564,800 ,0,0*7447
 * 06-11-2023 18:47:00.351
Response  - 10,4,I001*82eb * 06-11-2023 18:47:00.517
Response  - 10,4,F000,2543*eb95 * 06-11-2023 18:47:04.583
J3 Value - 2543 * 06-11-2023 18:47:04.602
Command * Level Sensing For J4 - #11,4,21194,800 ,0,0*96dd
 * 06-11-2023 18:47:04.919
Response  - 11,4,I001*4e2a * 06-11-2023 18:47:05.83
Response  - 11,4,F000,2550*fbd6 * 06-11-2023 18:47:09.141
J4 Value - 2550 * 06-11-2023 18:47:09.166
Command * Level Sensing For J5 - #12,4,24824,800 ,0,0*ef18
 * 06-11-2023 18:47:09.475
Response  - 12,4,I001*5b6a * 06-11-2023 18:47:09.639
Response  - 12,4,F000,2541*6813 * 06-11-2023 18:47:13.703
J5 Value - 2541 * 06-11-2023 18:47:13.727
Command * Level Sensing For J6 - #13,4,28454,800 ,0,0*bb52
 * 06-11-2023 18:47:14.37
Response  - 13,4,I001*97ab * 06-11-2023 18:47:14.204
Response  - 13,4,F000,2533*1892 * 06-11-2023 18:47:18.271
J6 Value - 2533 * 06-11-2023 18:47:18.291
Command * Level Sensing For J7 - #14,4,32084,800 ,0,0*6631
 * 06-11-2023 18:47:18.596
Response  - 14,4,I001*71ea * 06-11-2023 18:47:18.757
Response  - 14,4,F000,2541*ae1a * 06-11-2023 18:47:22.831
J7 Value - 2541 * 06-11-2023 18:47:22.848
Command * Level Sensing For J8 - #15,4,35714,800 ,0,0*8ab0
 * 06-11-2023 18:47:23.166
Response  - 15,4,I001*bd2b * 06-11-2023 18:47:23.423
Response  - 15,4,F000,2545*ec19 * 06-11-2023 18:47:27.484
J8 Value - 2545 * 06-11-2023 18:47:27.501
Command * Level Sensing For J9 - #16,4,39344,800 ,0,0*01b1
 * 06-11-2023 18:47:27.824
Response  - 16,4,I001*a86b * 06-11-2023 18:47:27.985
Response  - 16,4,F000,2525*8f1f * 06-11-2023 18:47:32.57
J9 Value - 2525 * 06-11-2023 18:47:32.79
Command * Level Sensing For W1 - #17,4,42974,800 ,0,0*edeb
 * 06-11-2023 18:47:32.380
Response  - 17,4,I001*64aa * 06-11-2023 18:47:32.542
Response  - 17,4,F000,2536*9f5c * 06-11-2023 18:47:36.615
W1 Value - 2536 * 06-11-2023 18:47:36.633
Command * Level Sensing For W2 - #18,4,46604,800 ,0,0*1ed8
 * 06-11-2023 18:47:36.946
Response  - 18,4,I001*24ea * 06-11-2023 18:47:37.114
Response  - 18,4,F000,2526*0049 * 06-11-2023 18:47:41.171
W2 Value - 2526 * 06-11-2023 18:47:41.193
Command * Level Sensing For W3 - #19,4,50234,800 ,0,0*6e7e
 * 06-11-2023 18:47:41.505
Response  - 19,4,I001*e82b * 06-11-2023 18:47:41.672
Response  - 19,4,F000,2521*430a * 06-11-2023 18:47:45.737
W3 Value - 2521 * 06-11-2023 18:47:45.761
Command * Level Sensing For J10 - #20,4,53864,800 ,0,0*a3e5
 * 06-11-2023 18:47:46.66
Response  - 20,4,I001*72ff * 06-11-2023 18:47:46.235
Response  - 20,4,F000,2534*1ad5 * 06-11-2023 18:47:50.300
J10 Value - 2534 * 06-11-2023 18:47:50.327
Command * Level Sensing For J11 - #21,4,57494,800 ,0,0*df9a
 * 06-11-2023 18:47:50.637
Response  - 21,4,I001*be3e * 06-11-2023 18:47:50.803
Response  - 21,4,F000,2531*9817 * 06-11-2023 18:47:54.865
J11 Value - 2531 * 06-11-2023 18:47:54.886
Command * Level Sensing For J12 - #22,4,61124,800 ,0,0*7649
 * 06-11-2023 18:47:55.202
Response  - 22,4,I001*ab7e * 06-11-2023 18:47:55.363
Response  - 22,4,F000,2523*0a92 * 06-11-2023 18:47:59.436
Command * Level Sensing For J13 - #23,4,64754,800 ,0,0*f306
 * 06-11-2023 18:48:39.499
J13 Value - 2523 * 06-11-2023 18:49:12.493
Response  - 23,4,I001*67bf * 06-11-2023 18:49:12.630
Response  - 23,4,F000,2550*bad2 * 06-11-2023 18:49:12.633
J13 Value - 2550 * 06-11-2023 18:49:15.166
Command * Level Sensing For J14 - #24,4,64754,8590,0,0*dc23
 * 06-11-2023 18:49:15.173
Response  - 24,4,I001*81fe * 06-11-2023 18:49:20.354
Response  - 24,4,F000,2545*6e18 * 06-11-2023 18:49:20.356
J14 Value - 2545 * 06-11-2023 18:49:20.377
Command * Level Sensing For J15 - #25,4,61124,8590,0,0*596c
 * 06-11-2023 18:49:20.740
Response  - 25,4,I001*4d3f * 06-11-2023 18:49:20.911
Response  - 25,4,F000,2544*2fdb * 06-11-2023 18:49:24.979
J15 Value - 2544 * 06-11-2023 18:49:25.8
Command * Level Sensing For J16 - #26,4,57494,8590,0,0*f0bf
 * 06-11-2023 18:49:25.308
Response  - 26,4,I001*587f * 06-11-2023 18:49:25.477
Response  - 26,4,F000,2540*2fdf * 06-11-2023 18:49:29.541
J16 Value - 2540 * 06-11-2023 18:49:29.562
Command * Level Sensing For J17 - #27,4,53864,8590,0,0*8cc0
 * 06-11-2023 18:49:29.870
Response  - 27,4,I001*94be * 06-11-2023 18:49:30.27
Response  - 27,4,F000,2542*6f5c * 06-11-2023 18:49:34.113
J17 Value - 2542 * 06-11-2023 18:49:34.143
Command * Level Sensing For W4 - #28,4,50234,8590,0,0*8cff
 * 06-11-2023 18:49:34.435
Response  - 28,4,I001*d4fe * 06-11-2023 18:49:34.599
Response  - 28,4,F000,2529*070a * 06-11-2023 18:49:38.667
W4 Value - 2529 * 06-11-2023 18:49:38.698
Command * Level Sensing For W5 - #29,4,46604,8590,0,0*fc59
 * 06-11-2023 18:49:38.993
Response  - 29,4,I001*183f * 06-11-2023 18:49:39.165
Response  - 29,4,F000,2530*10c9 * 06-11-2023 18:49:43.235
W5 Value - 2530 * 06-11-2023 18:49:43.257
Command * Level Sensing For W6 - #30,4,42974,8590,0,0*7ab7
 * 06-11-2023 18:49:43.553
Response  - 30,4,I001*e2f2 * 06-11-2023 18:49:43.719
Response  - 30,4,F000,2534*dbd5 * 06-11-2023 18:49:47.788
W6 Value - 2534 * 06-11-2023 18:49:47.813
Command * Level Sensing For J18 - #31,4,39344,8590,0,0*96ed
 * 06-11-2023 18:49:48.121
Response  - 31,4,I001*2e33 * 06-11-2023 18:49:48.286
Response  - 31,4,F000,2550*39d5 * 06-11-2023 18:49:52.460
J18 Value - 2550 * 06-11-2023 18:49:52.478
Command * Level Sensing For J19 - #32,4,35714,8590,0,0*1dec
 * 06-11-2023 18:49:52.676
Response  - 32,4,I001*3b73 * 06-11-2023 18:49:52.834
Response  - 32,4,F000,2545*6911 * 06-11-2023 18:49:56.912
J19 Value - 2545 * 06-11-2023 18:49:56.939
Command * Level Sensing For J20 - #33,4,32084,8590,0,0*f16d
 * 06-11-2023 18:49:57.242
Response  - 33,4,I001*f7b2 * 06-11-2023 18:49:57.411
Response  - 33,4,F000,2570*1bd3 * 06-11-2023 18:50:01.466
J20 Value - 2570 * 06-11-2023 18:50:01.495
Command * Level Sensing For J21 - #34,4,28454,8590,0,0*2c0e
 * 06-11-2023 18:50:01.804
Response  - 34,4,I001*11f3 * 06-11-2023 18:50:01.964
Response  - 34,4,F000,2546*ae58 * 06-11-2023 18:50:06.40
J21 Value - 2546 * 06-11-2023 18:50:06.78
Command * Level Sensing For J22 - #35,4,24824,8590,0,0*7844
 * 06-11-2023 18:50:06.386
Response  - 35,4,I001*dd32 * 06-11-2023 18:50:06.555
Response  - 35,4,F000,2555*be1b * 06-11-2023 18:50:10.611
J22 Value - 2555 * 06-11-2023 18:50:10.640
Command * Level Sensing For J23 - #36,4,21194,8590,0,0*0181
 * 06-11-2023 18:50:10.945
Response  - 36,4,I001*c872 * 06-11-2023 18:50:11.109
Response  - 36,4,F000,2556*7c5e * 06-11-2023 18:50:15.181
J23 Value - 2556 * 06-11-2023 18:50:15.214
Command * Level Sensing For J24 - #37,4,17564,8590,0,0*e31b
 * 06-11-2023 18:50:15.503
Response  - 37,4,I001*04b3 * 06-11-2023 18:50:15.670
Response  - 37,4,F000,2549*691d * 06-11-2023 18:50:19.732
J24 Value - 2549 * 06-11-2023 18:50:19.761
Command * Level Sensing For J25 - #38,4,13934,8590,0,0*ac27
 * 06-11-2023 18:50:20.67
Response  - 38,4,I001*44f3 * 06-11-2023 18:50:20.234
Response  - 38,4,F000,2551*3009 * 06-11-2023 18:50:24.306
J25 Value - 2551 * 06-11-2023 18:50:24.336
Command * Level Sensing For J26 - #39,4,10304,8590,0,0*cf64
 * 06-11-2023 18:50:24.648
Response  - 39,4,I001*8832 * 06-11-2023 18:50:24.820
Response  - 39,4,F000,2552*b04b * 06-11-2023 18:50:28.890
J26 Value - 2552 * 06-11-2023 18:50:28.907
Command * Level Sensing For J27 - #40,4,42974,16380,0,0*8c11
 * 06-11-2023 18:50:29.210
Response  - 40,4,I001*d2d4 * 06-11-2023 18:50:29.375
Response  - 40,4,F000,2532*1e53 * 06-11-2023 18:50:36.728
J27 Value - 2532 * 06-11-2023 18:50:36.759
Command * Level Sensing For J28 - #41,4,39344,16380,0,0*b77d
 * 06-11-2023 18:50:36.777
Response  - 41,4,I001*1e15 * 06-11-2023 18:50:41.952
Response  - 41,4,F000,2556*fc53 * 06-11-2023 18:50:41.954
J28 Value - 2556 * 06-11-2023 18:50:41.982
Command * Level Sensing For J29 - #42,4,35714,16380,0,0*7737
 * 06-11-2023 18:50:42.332
Response  - 42,4,I001*0b55 * 06-11-2023 18:50:42.497
Response  - 42,4,F000,2561*0d17 * 06-11-2023 18:50:46.555
J29 Value - 2561 * 06-11-2023 18:50:46.589
Command * Level Sensing For J30 - #43,4,32084,16380,0,0*171b
 * 06-11-2023 18:50:46.916
Response  - 43,4,I001*c794 * 06-11-2023 18:50:47.83
Response  - 43,4,F000,2575*df15 * 06-11-2023 18:50:51.148
J30 Value - 2575 * 06-11-2023 18:50:51.185
Command * Level Sensing For J31 - #44,4,28454,16380,0,0*3e86
 * 06-11-2023 18:50:51.480
Response  - 44,4,I001*21d5 * 06-11-2023 18:50:51.646
Response  - 44,4,F000,2574*58df * 06-11-2023 18:50:55.714
J31 Value - 2574 * 06-11-2023 18:50:55.741
Command * Level Sensing For J32 - #45,4,24824,16380,0,0*c953
 * 06-11-2023 18:50:56.38
Response  - 45,4,I001*ed14 * 06-11-2023 18:50:56.202
Response  - 45,4,F000,2583*eb99 * 06-11-2023 18:51:00.266
J32 Value - 2583 * 06-11-2023 18:51:00.291
Command * Level Sensing For J33 - #46,4,21194,16380,0,0*9aea
 * 06-11-2023 18:51:00.604
Response  - 46,4,I001*f854 * 06-11-2023 18:51:00.766
Response  - 46,4,F000,2593*b89d * 06-11-2023 18:51:04.834
J33 Value - 2593 * 06-11-2023 18:51:04.864
Command * Level Sensing For H1 - #47,4,2688,1000,0,1*2868
 * 06-11-2023 18:51:05.173
Response  - 47,4,I001*3495 * 06-11-2023 18:51:05.333
Response  - 47,4,F000,3536*6658 * 06-11-2023 18:51:11.95
H1 Value - 3536 * 06-11-2023 18:51:11.126
Command * Level Sensing For H2 - #48,4,2688,8700,0,1*71eb
 * 06-11-2023 18:51:11.241
Response  - 48,4,I001*74d5 * 06-11-2023 18:51:11.406
Response  - 48,4,F000,3532*aa4d * 06-11-2023 18:51:15.652
H2 Value - 3532 * 06-11-2023 18:51:15.679
Command * Level Sensing For H3 - #49,4,2688,16380,0,1*7726
 * 06-11-2023 18:51:15.804
Response  - 49,4,I001*b814 * 06-11-2023 18:51:15.964
Response  - 49,4,F000,3495*8959 * 06-11-2023 18:51:20.213
H3 Value - 3495 * 06-11-2023 18:51:20.239
Command * Home Command - #50,5,11111111*6956
 * 06-11-2023 18:51:20.362
Response  - 50,5,I001,11111111*346f * 06-11-2023 18:51:20.526
Response  - 50,5,F000*471a * 06-11-2023 18:51:33.125
Command * Home Command - #0,5,11111111*757c
 * 06-11-2023 18:52:22.665
Response  - 0,5,I001,11111111*6271 * 06-11-2023 18:52:22.849
Response  - 0,5,F000*ed3b * 06-11-2023 18:52:22.856
Response  - 0,16,F000*7ce9 * 06-11-2023 18:52:22.883
Command * Home Command - #0,5,11111111*757c
 * 06-11-2023 18:53:53.857
Response  - 0,5,I001,11111111*6271 * 06-11-2023 18:53:54.67
Response  - 0,5,F000*ed3b * 06-11-2023 18:53:54.68
Response  - 0,16,F000*7ce9 * 06-11-2023 18:53:54.90
Command * RACK HOLDING STATUS - #0,7*d92c
 * 06-11-2023 19:09:23.605
Response  - 0,7,F000,00*20f0 * 06-11-2023 19:09:24.205
Device Intialization started * 06-11-2023 19:09:29.150
Command * Home Command - #1,5,11111111*b681
 * 06-11-2023 19:09:29.159
Response  - 1,5,I001,11111111*f220 * 06-11-2023 19:09:29.341
Response  - 1,5,F000*21fa * 06-11-2023 19:09:29.347
Response  - 0,16,F000*7ce9 * 06-11-2023 19:09:29.364
Command * Level Sensing For U1 - #2,4,64754,16380,0,0*35b7
 * 06-11-2023 19:09:39.743
Response  - 2,4,I001*3179 * 06-11-2023 19:09:39.901
Response  - 2,4,F000,2532*42c9 * 06-11-2023 19:09:44.844
U1 Value - 2532 * 06-11-2023 19:09:44.889
Command * Level Sensing For U2 - #3,4,61124,16380,0,0*c173
 * 06-11-2023 19:09:45.307
Response  - 3,4,I001*fdb8 * 06-11-2023 19:09:45.468
Response  - 3,4,F000,2534*c14b * 06-11-2023 19:09:49.541
U2 Value - 2534 * 06-11-2023 19:09:49.562
Command * Level Sensing For U3 - #4,4,57494,16380,0,0*6c6a
 * 06-11-2023 19:09:49.860
Response  - 4,4,I001*1bf9 * 06-11-2023 19:09:50.30
Response  - 4,4,F000,2522*14c1 * 06-11-2023 19:09:54.91
U3 Value - 2522 * 06-11-2023 19:09:54.118
Command * Level Sensing For U4 - #5,4,53864,16380,0,0*8c57
 * 06-11-2023 19:09:54.442
Response  - 5,4,I001*d738 * 06-11-2023 19:09:54.606
Response  - 5,4,F000,2521*9483 * 06-11-2023 19:09:58.677
U4 Value - 2521 * 06-11-2023 19:09:58.711
Command * Level Sensing For U5 - #6,4,50234,16380,0,0*cd04
 * 06-11-2023 19:09:59.10
Response  - 6,4,I001*c278 * 06-11-2023 19:09:59.183
Response  - 6,4,F000,2533*0606 * 06-11-2023 19:10:03.251
U5 Value - 2533 * 06-11-2023 19:10:03.276
Command * Level Sensing For U6 - #7,4,46604,16380,0,0*b7f4
 * 06-11-2023 19:10:03.569
Response  - 7,4,I001*0eb9 * 06-11-2023 19:10:03.736
Response  - 7,4,F000,2522*d7c4 * 06-11-2023 19:10:07.811
U6 Value - 2522 * 06-11-2023 19:10:07.835
Command * Level Sensing For J1 - #8,4,10304,800,0,0*e199
 * 06-11-2023 19:10:08.126
Response  - 8,4,I001*4ef9 * 06-11-2023 19:10:08.291
Response  - 8,4,F000,2545*ba92 * 06-11-2023 19:10:16.59
J1 Value - 2545 * 06-11-2023 19:10:16.95
Command * Level Sensing For J2 - #9,4,13934,800 ,0,0*8abc
 * 06-11-2023 19:10:16.188
Response  - 9,4,I001*8238 * 06-11-2023 19:10:16.356
Response  - 9,4,F000,2533*0912 * 06-11-2023 19:10:20.423
J2 Value - 2533 * 06-11-2023 19:10:20.455
Command * Level Sensing For J3 - #10,4,17564,800 ,0,0*7447
 * 06-11-2023 19:10:20.756
Response  - 10,4,I001*82eb * 06-11-2023 19:10:20.924
Response  - 10,4,F000,2546*e855 * 06-11-2023 19:10:24.982
J3 Value - 2546 * 06-11-2023 19:10:25.12
Command * Level Sensing For J4 - #11,4,21194,800 ,0,0*96dd
 * 06-11-2023 19:10:25.318
Response  - 11,4,I001*4e2a * 06-11-2023 19:10:25.483
Response  - 11,4,F000,2557*3997 * 06-11-2023 19:10:29.556
J4 Value - 2557 * 06-11-2023 19:10:29.581
Command * Level Sensing For J5 - #12,4,24824,800 ,0,0*ef18
 * 06-11-2023 19:10:29.878
Response  - 12,4,I001*5b6a * 06-11-2023 19:10:30.43
Response  - 12,4,F000,2525*0b11 * 06-11-2023 19:10:34.112
J5 Value - 2525 * 06-11-2023 19:10:34.140
Command * Level Sensing For J6 - #13,4,28454,800 ,0,0*bb52
 * 06-11-2023 19:10:34.444
Response  - 13,4,I001*97ab * 06-11-2023 19:10:34.612
Response  - 13,4,F000,2531*d913 * 06-11-2023 19:10:38.686
J6 Value - 2531 * 06-11-2023 19:10:38.719
Command * Level Sensing For J7 - #14,4,32084,800 ,0,0*6631
 * 06-11-2023 19:10:39.7
Response  - 14,4,I001*71ea * 06-11-2023 19:10:39.173
Response  - 14,4,F000,2538*98d8 * 06-11-2023 19:10:43.245
J7 Value - 2538 * 06-11-2023 19:10:43.277
Command * Level Sensing For J8 - #15,4,35714,800 ,0,0*8ab0
 * 06-11-2023 19:10:43.567
Response  - 15,4,I001*bd2b * 06-11-2023 19:10:43.732
Response  - 15,4,F000,2538*19da * 06-11-2023 19:10:47.804
J8 Value - 2538 * 06-11-2023 19:10:47.837
Command * Level Sensing For J9 - #16,4,39344,800 ,0,0*01b1
 * 06-11-2023 19:10:48.139
Response  - 16,4,I001*a86b * 06-11-2023 19:10:48.305
Response  - 16,4,F000,2527*4e9e * 06-11-2023 19:10:52.377
J9 Value - 2527 * 06-11-2023 19:10:52.396
Command * Level Sensing For W1 - #17,4,42974,800 ,0,0*edeb
 * 06-11-2023 19:10:52.699
Response  - 17,4,I001*64aa * 06-11-2023 19:10:52.861
Response  - 17,4,F000,2533*9c9c * 06-11-2023 19:10:56.932
W1 Value - 2533 * 06-11-2023 19:10:56.959
Command * Level Sensing For W2 - #18,4,46604,800 ,0,0*1ed8
 * 06-11-2023 19:10:57.251
Response  - 18,4,I001*24ea * 06-11-2023 19:10:57.419
Response  - 18,4,F000,2518*34c8 * 06-11-2023 19:11:01.483
W2 Value - 2518 * 06-11-2023 19:11:01.508
Command * Level Sensing For W3 - #19,4,50234,800 ,0,0*6e7e
 * 06-11-2023 19:11:01.817
Response  - 19,4,I001*e82b * 06-11-2023 19:11:01.983
Response  - 19,4,F000,2518*b5ca * 06-11-2023 19:11:06.57
W3 Value - 2518 * 06-11-2023 19:11:06.85
Command * Level Sensing For J10 - #20,4,53864,800 ,0,0*a3e5
 * 06-11-2023 19:11:06.390
Response  - 20,4,I001*72ff * 06-11-2023 19:11:06.555
Response  - 20,4,F000,2541*2917 * 06-11-2023 19:11:10.624
J10 Value - 2541 * 06-11-2023 19:11:10.641
Command * Level Sensing For J11 - #21,4,57494,800 ,0,0*df9a
 * 06-11-2023 19:11:10.952
Response  - 21,4,I001*be3e * 06-11-2023 19:11:11.122
Response  - 21,4,F000,2531*9817 * 06-11-2023 19:11:15.186
J11 Value - 2531 * 06-11-2023 19:11:15.221
Command * Level Sensing For J12 - #22,4,61124,800 ,0,0*7649
 * 06-11-2023 19:11:15.501
Response  - 22,4,I001*ab7e * 06-11-2023 19:11:15.670
Response  - 22,4,F000,2531*5b12 * 06-11-2023 19:11:19.742
J12 Value - 2531 * 06-11-2023 19:11:19.773
Command * Level Sensing For J13 - #23,4,64754,800 ,0,0*f306
 * 06-11-2023 19:11:20.80
Response  - 23,4,I001*67bf * 06-11-2023 19:11:20.241
Response  - 23,4,F000,2532*db50 * 06-11-2023 19:11:24.307
J13 Value - 2532 * 06-11-2023 19:11:24.334
Command * Level Sensing For J14 - #24,4,64754,8590,0,0*dc23
 * 06-11-2023 19:11:24.653
Response  - 24,4,I001*81fe * 06-11-2023 19:11:24.818
Response  - 24,4,F000,2540*6dd8 * 06-11-2023 19:11:29.90
J14 Value - 2540 * 06-11-2023 19:11:29.111
Command * Level Sensing For J15 - #25,4,61124,8590,0,0*596c
 * 06-11-2023 19:11:29.201
Response  - 25,4,I001*4d3f * 06-11-2023 19:11:29.367
Response  - 25,4,F000,2533*dd98 * 06-11-2023 19:11:33.438
J15 Value - 2533 * 06-11-2023 19:11:33.466
Command * Level Sensing For J16 - #26,4,57494,8590,0,0*f0bf
 * 06-11-2023 19:11:33.759
Response  - 26,4,I001*587f * 06-11-2023 19:11:33.922
Response  - 26,4,F000,2531*df1c * 06-11-2023 19:11:37.991
J16 Value - 2531 * 06-11-2023 19:11:38.18
Command * Level Sensing For J17 - #27,4,53864,8590,0,0*8cc0
 * 06-11-2023 19:11:38.321
Response  - 27,4,I001*94be * 06-11-2023 19:11:38.490
Response  - 27,4,F000,2542*6f5c * 06-11-2023 19:11:42.549
J17 Value - 2542 * 06-11-2023 19:11:42.575
Command * Level Sensing For W4 - #28,4,50234,8590,0,0*8cff
 * 06-11-2023 19:11:42.884
Response  - 28,4,I001*d4fe * 06-11-2023 19:11:43.56
Response  - 28,4,F000,2518*37cb * 06-11-2023 19:11:47.120
W4 Value - 2518 * 06-11-2023 19:11:47.147
Command * Level Sensing For W5 - #29,4,46604,8590,0,0*fc59
 * 06-11-2023 19:11:47.457
Response  - 29,4,I001*183f * 06-11-2023 19:11:47.625
Response  - 29,4,F000,2526*8248 * 06-11-2023 19:11:51.693
W5 Value - 2526 * 06-11-2023 19:11:51.713
Command * Level Sensing For W6 - #30,4,42974,8590,0,0*7ab7
 * 06-11-2023 19:11:52.27
Response  - 30,4,I001*e2f2 * 06-11-2023 19:11:52.192
Response  - 30,4,F000,2521*4814 * 06-11-2023 19:11:56.266
W6 Value - 2521 * 06-11-2023 19:11:56.292
Command * Level Sensing For J18 - #31,4,39344,8590,0,0*96ed
 * 06-11-2023 19:11:56.583
Response  - 31,4,I001*2e33 * 06-11-2023 19:11:56.753
Response  - 31,4,F000,2547*6b95 * 06-11-2023 19:12:00.824
J18 Value - 2547 * 06-11-2023 19:12:00.859
Command * Level Sensing For J19 - #32,4,35714,8590,0,0*1dec
 * 06-11-2023 19:12:01.157
Response  - 32,4,I001*3b73 * 06-11-2023 19:12:01.323
Response  - 32,4,F000,2543*6b91 * 06-11-2023 19:12:05.400
J19 Value - 2543 * 06-11-2023 19:12:05.425
Command * Level Sensing For J20 - #33,4,32084,8590,0,0*f16d
 * 06-11-2023 19:12:05.723
Response  - 33,4,I001*f7b2 * 06-11-2023 19:12:05.882
Response  - 33,4,F000,2551*bb13 * 06-11-2023 19:12:09.960
J20 Value - 2551 * 06-11-2023 19:12:09.983
Command * Level Sensing For J21 - #34,4,28454,8590,0,0*2c0e
 * 06-11-2023 19:12:10.281
Response  - 34,4,I001*11f3 * 06-11-2023 19:12:10.448
Response  - 34,4,F000,2538*5adb * 06-11-2023 19:12:14.518
J21 Value - 2538 * 06-11-2023 19:12:14.546
Command * Level Sensing For J22 - #35,4,24824,8590,0,0*7844
 * 06-11-2023 19:12:14.836
Response  - 35,4,I001*dd32 * 06-11-2023 19:12:14.998
Response  - 35,4,F000,2541*ed1b * 06-11-2023 19:12:19.72
J22 Value - 2541 * 06-11-2023 19:12:19.98
Command * Level Sensing For J23 - #36,4,21194,8590,0,0*0181
 * 06-11-2023 19:12:19.392
Response  - 36,4,I001*c872 * 06-11-2023 19:12:19.556
Response  - 36,4,F000,2541*2e1e * 06-11-2023 19:12:23.621
J23 Value - 2541 * 06-11-2023 19:12:23.648
Command * Level Sensing For J24 - #37,4,17564,8590,0,0*e31b
 * 06-11-2023 19:12:23.974
Response  - 37,4,I001*04b3 * 06-11-2023 19:12:24.134
Response  - 37,4,F000,2544*acdc * 06-11-2023 19:12:28.207
J24 Value - 2544 * 06-11-2023 19:12:28.233
Command * Level Sensing For J25 - #38,4,13934,8590,0,0*ac27
 * 06-11-2023 19:12:28.542
Response  - 38,4,I001*44f3 * 06-11-2023 19:12:28.708
Response  - 38,4,F000,2542*a148 * 06-11-2023 19:12:32.771
J25 Value - 2542 * 06-11-2023 19:12:32.795
Command * Level Sensing For J26 - #39,4,10304,8590,0,0*cf64
 * 06-11-2023 19:12:33.99
Response  - 39,4,I001*8832 * 06-11-2023 19:12:33.271
Response  - 39,4,F000,2545*e20b * 06-11-2023 19:12:37.331
J26 Value - 2545 * 06-11-2023 19:12:37.354
Command * Level Sensing For J27 - #40,4,42974,16380,0,0*8c11
 * 06-11-2023 19:12:37.664
Response  - 40,4,I001*d2d4 * 06-11-2023 19:12:37.830
Response  - 40,4,F000,2502*ee53 * 06-11-2023 19:12:45.172
J27 Value - 2502 * 06-11-2023 19:12:45.195
Command * Level Sensing For J28 - #41,4,39344,16380,0,0*b77d
 * 06-11-2023 19:12:45.225
Response  - 41,4,I001*1e15 * 06-11-2023 19:12:45.392
Response  - 41,4,F000,2561*ce12 * 06-11-2023 19:12:49.448
J28 Value - 2561 * 06-11-2023 19:12:49.480
Command * Level Sensing For J29 - #42,4,35714,16380,0,0*7737
 * 06-11-2023 19:12:49.801
Response  - 42,4,I001*0b55 * 06-11-2023 19:12:49.963
Response  - 42,4,F000,2560*cdd6 * 06-11-2023 19:12:54.41
J29 Value - 2560 * 06-11-2023 19:12:54.68
Command * Level Sensing For J30 - #43,4,32084,16380,0,0*171b
 * 06-11-2023 19:12:54.391
Response  - 43,4,I001*c794 * 06-11-2023 19:12:54.554
Response  - 43,4,F000,2556*be54 * 06-11-2023 19:12:58.623
J30 Value - 2556 * 06-11-2023 19:12:58.650
Command * Level Sensing For J31 - #44,4,28454,16380,0,0*3e86
 * 06-11-2023 19:12:58.958
Response  - 44,4,I001*21d5 * 06-11-2023 19:12:59.123
Response  - 44,4,F000,2574*58df * 06-11-2023 19:13:03.201
J31 Value - 2574 * 06-11-2023 19:13:03.230
Command * Level Sensing For J32 - #45,4,24824,16380,0,0*c953
 * 06-11-2023 19:13:03.533
Response  - 45,4,I001*ed14 * 06-11-2023 19:13:03.699
Response  - 45,4,F000,2570*1adc * 06-11-2023 19:13:07.778
J32 Value - 2570 * 06-11-2023 19:13:07.813
Command * Level Sensing For J33 - #46,4,21194,16380,0,0*9aea
 * 06-11-2023 19:13:08.96
Response  - 46,4,I001*f854 * 06-11-2023 19:13:08.261
Response  - 46,4,F000,2561*8919 * 06-11-2023 19:13:12.332
J33 Value - 2561 * 06-11-2023 19:13:12.350
Command * Level Sensing For H1 - #47,4,2688,1000,0,1*2868
 * 06-11-2023 19:13:12.668
Response  - 47,4,I001*3495 * 06-11-2023 19:13:12.832
Response  - 47,4,F000,3494*c78e * 06-11-2023 19:13:18.596
H1 Value - 3494 * 06-11-2023 19:13:18.610
Command * Level Sensing For H2 - #48,4,2688,8700,0,1*71eb
 * 06-11-2023 19:13:18.726
Response  - 48,4,I001*74d5 * 06-11-2023 19:13:18.893
Response  - 48,4,F000,3510*0bcd * 06-11-2023 19:13:23.139
H2 Value - 3510 * 06-11-2023 19:13:23.166
Command * Level Sensing For H3 - #49,4,2688,16380,0,1*7726
 * 06-11-2023 19:13:23.285
Response  - 49,4,I001*b814 * 06-11-2023 19:13:23.449
Response  - 49,4,F000,3485*1958 * 06-11-2023 19:13:27.687
H3 Value - 3485 * 06-11-2023 19:13:27.712
Command * Home Command - #50,5,11111111*6956
 * 06-11-2023 19:13:27.851
Response  - 50,5,I001,11111111*346f * 06-11-2023 19:13:28.15
Response  - 50,5,F000*471a * 06-11-2023 19:13:40.610
Command * Home Command - #0,5,11111111*757c
 * 06-11-2023 19:14:05.215
Response  - 0,5,I001,11111111*6271 * 06-11-2023 19:14:05.397
Response  - 0,5,F000*ed3b * 06-11-2023 19:14:05.400
Response  - 0,16,F000*7ce9 * 06-11-2023 19:14:05.422
Command * Level Sensing For L1 - #1,4,17564,16380,0,0*36b4
 * 06-11-2023 19:14:18.872
Response  - 1,4,I001*2439 * 06-11-2023 19:14:19.38
Response  - 1,4,F000,287*5eca * 06-11-2023 19:14:28.175
L1 Value - 287 * 06-11-2023 19:14:28.196
Command * Level Sensing For L2 - #2,4,13934,16380,0,0*76e8
 * 06-11-2023 19:14:28.429
Response  - 2,4,I001*3179 * 06-11-2023 19:14:28.596
Response  - 2,4,F000,303*9999 * 06-11-2023 19:14:32.666
L2 Value - 303 * 06-11-2023 19:14:32.685
Command * Level Sensing For L3 - #3,4,10304,16380,0,0*87ca
 * 06-11-2023 19:14:33.3
Response  - 3,4,I001*fdb8 * 06-11-2023 19:14:33.164
Response  - 3,4,F000,2552*63c8 * 06-11-2023 19:14:37.244
L3 Value - 2552 * 06-11-2023 19:14:37.259
Rack - 1Protocol Started * 06-11-2023 19:14:37.608
Command * Rack-1 Picked from L1 - #4,2,1,17564,16380,0,0*c13b
 * 06-11-2023 19:14:37.676
Response  - 4,2,I001,1*655f * 06-11-2023 19:14:37.837
Response  - 4,2,F000,1*5a0e * 06-11-2023 19:14:43.723
Command * Rack-1 Placed in J1 - #5,3,1,10304,800,0,0*d534
 * 06-11-2023 19:14:43.792
Response  - 5,3,I001,1*6ccf * 06-11-2023 19:14:43.960
Response  - 5,3,F000,1*539e * 06-11-2023 19:14:50.242
Command * Rack-1 Picked from J1 - #6,2,1,10304,800,0,0*0121
 * 06-11-2023 19:16:51.419
Response  - 6,2,I001,1*affe * 06-11-2023 19:16:51.842
Response  - 6,2,F000,1*90af * 06-11-2023 19:16:56.547
Command * Rack-1 Placed in J2 - #7,3,1,13934,800 ,0,0*2961
 * 06-11-2023 19:16:56.826
Response  - 7,3,I001,1*a66e * 06-11-2023 19:16:56.998
Response  - 7,3,F000,1*993f * 06-11-2023 19:17:02.467
Rack - 2Protocol Started * 06-11-2023 19:18:31.801
Command * Rack-2 Picked from L2 - #8,2,1,13934,16380,0,0*09ef
 * 06-11-2023 19:18:31.869
Response  - 8,2,I001,1*5a9f * 06-11-2023 19:18:32.82
Response  - 8,2,F000,1*65ce * 06-11-2023 19:18:38.302
Command * Rack-2 Placed in J1 - #9,3,1,10304,800,0,0*8427
 * 06-11-2023 19:18:38.529
Response  - 9,3,I001,1*530f * 06-11-2023 19:18:38.689
Response  - 9,3,F000,1*6c5e * 06-11-2023 19:18:44.972
Command * Rack-1 Picked from J2 - #10,2,1,13934,800 ,0,0*409f
 * 06-11-2023 19:19:02.951
Response  - 10,2,I001,1*af93 * 06-11-2023 19:19:03.159
Response  - 10,2,F000,1*90c2 * 06-11-2023 19:19:08.585
Command * Rack-1 Placed in J3 - #11,3,1,17564,800 ,0,0*35fc
 * 06-11-2023 19:19:09.107
Response  - 11,3,I001,1*a603 * 06-11-2023 19:19:09.271
Response  - 11,3,F000,1*9952 * 06-11-2023 19:19:14.744
Command * Rack-2 Picked from J1 - #12,2,1,10304,800,0,0*2ba8
 * 06-11-2023 19:20:45.147
Response  - 12,2,I001,1*6532 * 06-11-2023 19:20:45.319
Response  - 12,2,F000,1*5a63 * 06-11-2023 19:20:51.209
Command * Rack-2 Placed in J2 - #13,3,1,13934,800 ,0,0*8f8a
 * 06-11-2023 19:20:51.268
Response  - 13,3,I001,1*6ca2 * 06-11-2023 19:20:51.427
Response  - 13,3,F000,1*53f3 * 06-11-2023 19:20:56.922
Command * Rack-1 Picked from J3 - #14,2,1,17564,800 ,0,0*9c61
 * 06-11-2023 19:21:15.223
Response  - 14,2,I001,1*7ad2 * 06-11-2023 19:21:15.386
Response  - 14,2,F000,1*4583 * 06-11-2023 19:21:20.882
Command * Rack-1 Placed in J4 - #15,3,1,21194,800 ,0,0*afc6
 * 06-11-2023 19:21:21.379
Response  - 15,3,I001,1*7342 * 06-11-2023 19:21:21.536
Response  - 15,3,F000,1*4c13 * 06-11-2023 19:21:27.26
Command * Rack-2 Picked from J2 - #16,2,1,13934,800 ,0,0*2617
 * 06-11-2023 19:22:57.414
Response  - 16,2,I001,1*b073 * 06-11-2023 19:22:57.598
Response  - 16,2,F000,1*8f22 * 06-11-2023 19:23:03.476
Command * Rack-2 Placed in J3 - #17,3,1,17564,800 ,0,0*5374
 * 06-11-2023 19:23:03.647
Response  - 17,3,I001,1*b9e3 * 06-11-2023 19:23:03.819
Response  - 17,3,F000,1*86b2 * 06-11-2023 19:23:09.293
Command * Rack-1 Picked from J4 - #18,2,1,21194,800 ,0,0*4fba
 * 06-11-2023 19:23:27.514
Response  - 18,2,I001,1*4512 * 06-11-2023 19:23:27.759
Response  - 18,2,F000,1*7a43 * 06-11-2023 19:23:33.182
Command * Rack-1 Placed in J5 - #19,3,1,24824,800 ,0,0*5fe3
 * 06-11-2023 19:23:33.659
Response  - 19,3,I001,1*4c82 * 06-11-2023 19:23:33.820
Response  - 19,3,F000,1*73d3 * 06-11-2023 19:23:39.313
Command * Rack-2 Picked from J3 - #20,2,1,17564,800 ,0,0*2ba3
 * 06-11-2023 19:25:09.785
Response  - 20,2,I001,1*eb9c * 06-11-2023 19:25:09.971
Response  - 20,2,F000,1*d4cd * 06-11-2023 19:25:15.846
Command * Rack-2 Placed in J4 - #21,3,1,21194,800 ,0,0*1804
 * 06-11-2023 19:25:15.917
Response  - 21,3,I001,1*e20c * 06-11-2023 19:25:16.82
Response  - 21,3,F000,1*dd5d * 06-11-2023 19:25:21.564
Command * Rack-1 Picked from J5 - #22,2,1,24824,800 ,0,0*ea24
 * 06-11-2023 19:25:39.785
Response  - 22,2,I001,1*213d * 06-11-2023 19:25:39.963
Response  - 22,2,F000,1*1e6c * 06-11-2023 19:25:45.436
Command * Rack-1 Placed in J6 - #23,3,1,28454,800 ,0,0*6f53
 * 06-11-2023 19:25:45.914
Response  - 23,3,I001,1*28ad * 06-11-2023 19:25:46.75
Response  - 23,3,F000,1*17fc * 06-11-2023 19:25:51.551
Command * Rack-2 Picked from J4 - #24,2,1,21194,800 ,0,0*b199
 * 06-11-2023 19:27:22.24
Response  - 24,2,I001,1*3edd * 06-11-2023 19:27:22.193
Response  - 24,2,F000,1*018c * 06-11-2023 19:27:28.80
Command * Rack-2 Placed in J5 - #25,3,1,24824,800 ,0,0*a1c0
 * 06-11-2023 19:27:28.162
Response  - 25,3,I001,1*374d * 06-11-2023 19:27:28.347
Response  - 25,3,F000,1*081c * 06-11-2023 19:27:33.800
Command * Rack-1 Picked from J6 - #26,2,1,28454,800 ,0,0*c6ce
 * 06-11-2023 19:27:52.19
Response  - 26,2,I001,1*f47c * 06-11-2023 19:27:52.214
Response  - 26,2,F000,1*cb2d * 06-11-2023 19:27:57.676
Command * Rack-1 Placed in J7 - #27,3,1,32084,800 ,0,0*4370
 * 06-11-2023 19:27:58.155
Response  - 27,3,I001,1*fdec * 06-11-2023 19:27:58.313
Response  - 27,3,F000,1*c2bd * 06-11-2023 19:28:03.805
Command * Rack-2 Picked from J5 - #28,2,1,24824,800 ,0,0*41bc
 * 06-11-2023 19:29:34.313
Response  - 28,2,I001,1*011d * 06-11-2023 19:29:34.536
Response  - 28,2,F000,1*3e4c * 06-11-2023 19:29:40.363
Command * Rack-2 Placed in J6 - #29,3,1,28454,800 ,0,0*c4cb
 * 06-11-2023 19:29:40.471
Response  - 29,3,I001,1*088d * 06-11-2023 19:29:40.639
Response  - 29,3,F000,1*37dc * 06-11-2023 19:29:46.108
Command * Rack-1 Picked from J7 - #30,2,1,32084,800 ,0,0*d984
 * 06-11-2023 19:30:04.269
Response  - 30,2,I001,1*1798 * 06-11-2023 19:30:04.462
Response  - 30,2,F000,1*28c9 * 06-11-2023 19:30:09.917
Command * Rack-1 Placed in U1 - #31,3,1,64754,16380,0,0*3d14
 * 06-11-2023 19:30:10.428
Response  - 31,3,I001,1*1e08 * 06-11-2023 19:30:10.588
Response  - 31,3,F000,1*2159 * 06-11-2023 19:30:19.364
Rack - 1Protocol Ended * 06-11-2023 19:30:20.969
Command * Rack-2 Picked from J6 - #32,2,1,28454,800 ,0,0*932f
 * 06-11-2023 19:31:46.581
Response  - 32,2,I001,1*dd39 * 06-11-2023 19:31:46.897
Response  - 32,2,F000,1*e268 * 06-11-2023 19:31:55.924
Command * Rack-2 Placed in J7 - #33,3,1,32084,800 ,0,0*1691
 * 06-11-2023 19:31:56.550
Response  - 33,3,I001,1*d4a9 * 06-11-2023 19:31:56.719
Response  - 33,3,F000,1*ebf8 * 06-11-2023 19:32:02.196
Command * Rack-2 Picked from J7 - #34,2,1,32084,800 ,0,0*5d75
 * 06-11-2023 19:34:02.765
Response  - 34,2,I001,1*c2d9 * 06-11-2023 19:34:03.65
Response  - 34,2,F000,1*fd88 * 06-11-2023 19:34:07.890
Command * Rack-2 Placed in U2 - #35,3,1,61124,16380,0,0*b1a8
 * 06-11-2023 19:34:08.37
Response  - 35,3,I001,1*cb49 * 06-11-2023 19:34:08.201
Response  - 35,3,F000,1*f418 * 06-11-2023 19:34:16.570
Protocol End Time * 06-11-2023 19:34:17.684
