Command * WATER VALVE - 1 CONTROL OFF - #0,13,1,0*73eb
 * 25-02-2025 18:39:51.576
CRC-Response  - 0,13,F000*29e9 * 25-02-2025 18:39:51.952
Command * WATER VALVE - 2 CONTROL OFF - #1,13,2,0*bfda
 * 25-02-2025 18:39:52.525
CRC-Response  - 1,13,F000*b9e4 * 25-02-2025 18:39:52.743
Command * WATER VALVE - 3 CONTROL OFF - #2,13,3,0*6acb
 * 25-02-2025 18:39:53.288
CRC-Response  - 2,13,F000*49f0 * 25-02-2025 18:39:53.499
Command * WATER VALVE - 4 CONTROL OFF - #3,13,4,0*67bb
 * 25-02-2025 18:39:54.64
CRC-Response  - 3,13,F000*d9fd * 25-02-2025 18:39:54.271
Command * WATER VALVE - 5 CONTROL OFF - #4,13,5,0*41ab
 * 25-02-2025 18:39:54.820
CRC-Response  - 4,13,F000*e9db * 25-02-2025 18:39:55.28
Command * WATER VALVE - 6 CONTROL OFF - #5,13,6,0*8d9a
 * 25-02-2025 18:39:55.579
CRC-Response  - 5,13,F000*79d6 * 25-02-2025 18:39:55.786
Command * Home Command - #6,5,01111111*b1b5
 * 25-02-2025 18:39:56.337
CRC-Response  - 6,5,I001,01111111*0f53 * 25-02-2025 18:39:56.595
CRC-Response  - 6,5,F000*c7bb * 25-02-2025 18:40:09.812
Command * Home Command - #7,5,01111111*7248
 * 25-02-2025 18:40:12.186
CRC-Response  - 7,5,I001,01111111*9f02 * 25-02-2025 18:40:12.391
CRC-Response  - 7,5,F000*0b7a * 25-02-2025 18:40:25.660
Command * Level Sensing For L1 - #8,4,17564,16380,0,0*ab6b
 * 25-02-2025 18:40:26.967
CRC-Response  - 8,4,I001*4ef9 * 25-02-2025 18:40:27.188
CRC-Response  - 8,4,F000,794*d287 * 25-02-2025 18:40:31.264
L1 Value - 600 * 25-02-2025 18:40:31.289
Command * Level Sensing For L2 - #9,4,13934,16380,0,0*534e
 * 25-02-2025 18:40:31.753
CRC-Response  - 9,4,I001*8238 * 25-02-2025 18:40:31.959
CRC-Response  - 9,4,F000,765*21be * 25-02-2025 18:40:34.264
L2 Value - 600 * 25-02-2025 18:40:34.282
Command * Level Sensing For L3 - #10,4,10304,16380,0,0*d9f6
 * 25-02-2025 18:40:34.522
CRC-Response  - 10,4,I001*82eb * 25-02-2025 18:40:34.728
CRC-Response  - 10,4,F000,776*34c7 * 25-02-2025 18:40:37.26
L3 Value - 600 * 25-02-2025 18:40:37.42
Command * Home Command - #11,5,01111111*e264
 * 25-02-2025 18:40:37.285
CRC-Response  - 11,5,I001,01111111*59be * 25-02-2025 18:40:37.490
CRC-Response  - 11,5,F000*4be9 * 25-02-2025 18:40:50.763
Command * Home Command - #12,5,01111111*e660
 * 25-02-2025 18:40:53.72
CRC-Response  - 12,5,I001,01111111*a94e * 25-02-2025 18:40:53.295
CRC-Response  - 12,5,F000*5ea9 * 25-02-2025 18:41:06.553
Rack - 1Protocol Started * 25-02-2025 18:41:08.327
Command * Rack-1 Picked from L1 - #13,2,1,17564,16380,0,0*bdee
 * 25-02-2025 18:41:08.435
CRC-Response  - 13,2,I001,1*a063 * 25-02-2025 18:41:08.653
CRC-Response  - 13,2,F000,1*9f32 * 25-02-2025 18:41:14.668
Command * Rack-1 Placed in J1 - #14,3,1,10304,800,0,0*3371
 * 25-02-2025 18:41:15.240
CRC-Response  - 14,3,I001,1*b613 * 25-02-2025 18:41:15.456
CRC-Response  - 14,3,F000,1*8942 * 25-02-2025 18:41:21.865
Command * Rack-1 Picked from J1 - #15,2,1,10304,800,0,0*5f1d
 * 25-02-2025 18:43:22.64
CRC-Response  - 15,2,I001,1*bf83 * 25-02-2025 18:43:22.406
CRC-Response  - 15,2,F000,1*80d2 * 25-02-2025 18:43:27.369
Command * Rack-1 Placed in J2 - #16,3,1,13934,800 ,0,0*da46
 * 25-02-2025 18:43:27.487
CRC-Response  - 16,3,I001,1*7cb2 * 25-02-2025 18:43:27.694
CRC-Response  - 16,3,F000,1*43e3 * 25-02-2025 18:43:33.322
Rack - 2Protocol Started * 25-02-2025 18:44:36.735
Command * Rack-2 Picked from L2 - #17,2,1,13934,16380,0,0*3db3
 * 25-02-2025 18:44:36.823
CRC-Response  - 17,2,I001,1*7522 * 25-02-2025 18:44:37.45
CRC-Response  - 17,2,F000,1*4a73 * 25-02-2025 18:44:43.454
Command * Rack-2 Placed in J1 - #18,3,1,10304,800,0,0*6262
 * 25-02-2025 18:44:43.637
CRC-Response  - 18,3,I001,1*89d3 * 25-02-2025 18:44:43.854
CRC-Response  - 18,3,F000,1*b682 * 25-02-2025 18:44:50.270
Command * Rack-1 Picked from J2 - #19,2,1,13934,800 ,0,0*d843
 * 25-02-2025 18:45:33.813
CRC-Response  - 19,2,I001,1*8043 * 25-02-2025 18:45:34.69
CRC-Response  - 19,2,F000,1*bf12 * 25-02-2025 18:45:39.635
Command * Rack-1 Placed in J3 - #20,3,1,17564,800 ,0,0*d7f2
 * 25-02-2025 18:45:40.149
CRC-Response  - 20,3,I001,1*275d * 25-02-2025 18:45:40.362
CRC-Response  - 20,3,F000,1*180c * 25-02-2025 18:45:45.976
Command * Rack-2 Picked from J1 - #21,2,1,10304,800,0,0*5ca8
 * 25-02-2025 18:46:51.422
CRC-Response  - 21,2,I001,1*2ecd * 25-02-2025 18:46:51.661
CRC-Response  - 21,2,F000,1*119c * 25-02-2025 18:46:57.659
Command * Rack-2 Placed in J2 - #22,3,1,13934,800 ,0,0*6d84
 * 25-02-2025 18:46:58.236
CRC-Response  - 22,3,I001,1*edfc * 25-02-2025 18:46:58.445
CRC-Response  - 22,3,F000,1*d2ad * 25-02-2025 18:47:04.59
Command * Rack-1 Picked from J3 - #23,2,1,17564,800 ,0,0*18e7
 * 25-02-2025 18:47:47.428
CRC-Response  - 23,2,I001,1*e46c * 25-02-2025 18:47:47.711
CRC-Response  - 23,2,F000,1*db3d * 25-02-2025 18:47:53.243
Command * Rack-1 Placed in J4 - #24,3,1,21194,800 ,0,0*4dc8
 * 25-02-2025 18:47:53.787
CRC-Response  - 24,3,I001,1*f21c * 25-02-2025 18:47:54.0
CRC-Response  - 24,3,F000,1*cd4d * 25-02-2025 18:47:59.606
Rack - R3Protocol Started * 25-02-2025 18:48:05.97
Command * Rack-3 Picked from L3 - #25,2,1,10304,16380,0,0*c7fc
 * 25-02-2025 18:48:05.185
CRC-Response  - 25,2,I001,1*fb8c * 25-02-2025 18:48:05.406
CRC-Response  - 25,2,F000,1*c4dd * 25-02-2025 18:48:11.826
Command * Rack-3 Placed in J1 - #26,3,1,10304,800,0,0*b84c
 * 25-02-2025 18:48:12.6
CRC-Response  - 26,3,I001,1*38bd * 25-02-2025 18:48:12.228
CRC-Response  - 26,3,F000,1*07ec * 25-02-2025 18:48:18.637
Command * Rack-2 Picked from J2 - #27,2,1,13934,800 ,0,0*c419
 * 25-02-2025 18:49:04.530
CRC-Response  - 27,2,I001,1*312d * 25-02-2025 18:49:04.752
CRC-Response  - 27,2,F000,1*0e7c * 25-02-2025 18:49:10.357
Command * Rack-2 Placed in J3 - #28,3,1,17564,800 ,0,0*9e13
 * 25-02-2025 18:49:10.839
CRC-Response  - 28,3,I001,1*cddc * 25-02-2025 18:49:11.54
CRC-Response  - 28,3,F000,1*f28d * 25-02-2025 18:49:16.669
Command * Rack-1 Picked from J4 - #29,2,1,21194,800 ,0,0*adb4
 * 25-02-2025 18:50:00.102
CRC-Response  - 29,2,I001,1*c44c * 25-02-2025 18:50:00.346
CRC-Response  - 29,2,F000,1*fb1d * 25-02-2025 18:50:05.925
Command * Rack-1 Placed in J5 - #30,3,1,24824,800 ,0,0*251c
 * 25-02-2025 18:50:06.433
CRC-Response  - 30,3,I001,1*db59 * 25-02-2025 18:50:06.652
CRC-Response  - 30,3,F000,1*e408 * 25-02-2025 18:50:12.253
Command * Rack-3 Picked from J1 - #31,2,1,10304,800,0,0*8d95
 * 25-02-2025 18:50:18.858
CRC-Response  - 31,2,I001,1*d2c9 * 25-02-2025 18:50:19.69
CRC-Response  - 31,2,F000,1*ed98 * 25-02-2025 18:50:25.917
Command * Rack-3 Placed in J2 - #32,3,1,13934,800 ,0,0*bc94
 * 25-02-2025 18:50:26.143
CRC-Response  - 32,3,I001,1*11f8 * 25-02-2025 18:50:26.349
CRC-Response  - 32,3,F000,1*2ea9 * 25-02-2025 18:50:31.960
Command * Rack-2 Picked from J3 - #33,2,1,17564,800 ,0,0*c9f7
 * 25-02-2025 18:51:18.134
CRC-Response  - 33,2,I001,1*1868 * 25-02-2025 18:51:18.346
CRC-Response  - 33,2,F000,1*2739 * 25-02-2025 18:51:23.956
Command * Rack-2 Placed in J4 - #34,3,1,21194,800 ,0,0*9cd8
 * 25-02-2025 18:51:24.436
CRC-Response  - 34,3,I001,1*0e18 * 25-02-2025 18:51:24.650
CRC-Response  - 34,3,F000,1*3149 * 25-02-2025 18:51:30.262
Command * Level Sensing For L1 - #35,4,17564,16380,0,0*fe44
 * 25-02-2025 18:51:39.62
CRC-Response  - 35,4,I001*dd32 * 25-02-2025 18:51:39.267
CRC-Response  - 35,4,F000,778*be4d * 25-02-2025 18:51:43.364
L1 Value - 600 * 25-02-2025 18:51:43.389
Command * Level Sensing For L2 - #36,4,13934,16380,0,0*be18
 * 25-02-2025 18:51:43.821
CRC-Response  - 36,4,I001*c872 * 25-02-2025 18:51:44.26
CRC-Response  - 36,4,F000,780*8c4d * 25-02-2025 18:51:46.323
L2 Value - 600 * 25-02-2025 18:51:46.341
Command * Level Sensing For L3 - #37,4,10304,16380,0,0*4f3a
 * 25-02-2025 18:51:46.578
CRC-Response  - 37,4,I001*04b3 * 25-02-2025 18:51:46.786
CRC-Response  - 37,4,F000,787*8df1 * 25-02-2025 18:51:49.79
L3 Value - 600 * 25-02-2025 18:51:49.95
Command * Home Command - #38,5,01111111*bc7f
 * 25-02-2025 18:51:49.336
CRC-Response  - 38,5,I001,01111111*b3c9 * 25-02-2025 18:51:49.546
CRC-Response  - 38,5,F000*4130 * 25-02-2025 18:52:02.811
Command * Home Command - #39,5,01111111*7f82
 * 25-02-2025 18:52:05.138
CRC-Response  - 39,5,I001,01111111*2398 * 25-02-2025 18:52:05.345
Rack R3delayed by 11 seconds due to As other rack is ready for pickup in Jar J2 in tmr_r3_incub() function * 25-02-2025 18:52:14.367
CRC-Response  - 39,5,F000*8df1 * 25-02-2025 18:52:18.614
Rack - 4Protocol Started * 25-02-2025 18:52:20.357
Command * Rack-4 Picked from L1 - #40,2,1,17564,16380,0,0*b148
 * 25-02-2025 18:52:20.447
CRC-Response  - 40,2,I001,1*6382 * 25-02-2025 18:52:20.666
CRC-Response  - 40,2,F000,1*5cd3 * 25-02-2025 18:52:26.688
Command * Rack-4 Placed in J1 - #42,3,1,10304,800,0,0*ee35
 * 25-02-2025 18:52:27.243
CRC-Response  - 42,3,I001,1*65e2 * 25-02-2025 18:52:27.460
CRC-Response  - 42,3,F000,1*5ab3 * 25-02-2025 18:52:33.877
Command * Rack-3 Picked from J2 - #43,2,1,13934,800 ,0,0*268e
 * 25-02-2025 18:52:43.424
CRC-Response  - 43,2,I001,1*6c72 * 25-02-2025 18:52:43.651
CRC-Response  - 43,2,F000,1*5323 * 25-02-2025 18:52:49.242
Command * Rack-3 Placed in J3 - #44,3,1,17564,800 ,0,0*3565
 * 25-02-2025 18:52:49.727
CRC-Response  - 44,3,I001,1*7a02 * 25-02-2025 18:52:49.938
CRC-Response  - 44,3,F000,1*4553 * 25-02-2025 18:52:55.559
Command * Rack-1 Placed in J6 - #45,3,1,28454,800 ,0,0*6fbd
 * 25-02-2025 18:52:55.768
CRC-Response  - 45,3,I001,1*bf53 * 25-02-2025 18:52:55.976
CRC-Response  - 45,3,F000,1*8002 * 25-02-2025 18:53:02.420
Command * Rack-2 Picked from J4 - #46,2,1,21194,800 ,0,0*3586
 * 25-02-2025 18:53:30.719
CRC-Response  - 46,2,I001,1*7c62 * 25-02-2025 18:53:31.36
CRC-Response  - 46,2,F000,1*4333 * 25-02-2025 18:53:36.964
User Aborted / Stopped the application forcefully  * 25-02-2025 18:53:48.117
Command * WATER VALVE - 1 CONTROL OFF - #47,13,1,0*af86
 * 25-02-2025 18:53:51.329
CRC-Response  - 47,13,F000*c4f4 * 25-02-2025 18:53:51.539
Command * WATER VALVE - 2 CONTROL OFF - #48,13,2,0*ef36
 * 25-02-2025 18:53:52.92
CRC-Response  - 48,13,F000*34b5 * 25-02-2025 18:53:52.304
Command * WATER VALVE - 3 CONTROL OFF - #49,13,3,0*e3a6
 * 25-02-2025 18:53:52.853
CRC-Response  - 49,13,F000*a4b8 * 25-02-2025 18:53:53.59
Command * WATER VALVE - 4 CONTROL OFF - #50,13,4,0*d8da
 * 25-02-2025 18:53:53.623
CRC-Response  - 50,13,F000*3183 * 25-02-2025 18:53:53.863
Command * WATER VALVE - 5 CONTROL OFF - #51,13,5,0*d44a
 * 25-02-2025 18:53:54.411
CRC-Response  - 51,13,F000*a18e * 25-02-2025 18:53:54.619
Command * WATER VALVE - 6 CONTROL OFF - #52,13,6,0*c1fa
 * 25-02-2025 18:53:55.167
CRC-Response  - 52,13,F000*519a * 25-02-2025 18:53:55.380
