Device Intialization started * 15-01-2025 16:22:49.279
Command * SET TEMPERATURE - #0,10,37*84ca
 * 15-01-2025 16:22:49.432
CRC-Response  - 0,10,F000*1ae9 * 15-01-2025 16:22:49.572
Command * WATER VALVE - 1 CONTROL ON - #1,13,1,1*7feb
 * 15-01-2025 16:22:50.804
CRC-Response  - 1,13,F000*b9e4 * 15-01-2025 16:22:55.923
Command * WATER VALVE - 2 CONTROL ON - #2,13,2,1*6a5b
 * 15-01-2025 16:22:56.363
CRC-Response  - 2,13,F000*49f0 * 15-01-2025 16:22:56.482
Command * WATER VALVE - 3 CONTROL ON - #3,13,3,1*66cb
 * 15-01-2025 16:22:57.45
CRC-Response  - 3,13,F000*d9fd * 15-01-2025 16:22:57.153
Command * WATER VALVE - 4 CONTROL ON - #4,13,4,1*413b
 * 15-01-2025 16:22:57.707
CRC-Response  - 4,13,F000*e9db * 15-01-2025 16:22:57.821
Command * WATER VALVE - 5 CONTROL ON - #5,13,5,1*4dab
 * 15-01-2025 16:22:58.377
CRC-Response  - 5,13,F000*79d6 * 15-01-2025 16:22:58.490
Command * WATER VALVE - 6 CONTROL ON - #6,13,6,1*581b
 * 15-01-2025 16:22:59.50
CRC-Response  - 6,13,F000*89c2 * 15-01-2025 16:22:59.157
Command * Home Command - #7,5,00100100*dea4
 * 15-01-2025 16:22:59.710
CRC-Response  - 7,5,I001,00100100*33ee * 15-01-2025 16:22:59.827
CRC-Response  - 7,5,F000*0b7a * 15-01-2025 16:22:59.829
Command * Home Command - #8,5,01111111*665c
 * 15-01-2025 16:23:02.389
CRC-Response  - 8,5,I001,01111111*6c37 * 15-01-2025 16:23:02.504
CRC-Response  - 8,5,F000*4b3a * 15-01-2025 16:23:13.494
Command * Home Command - #9,5,01111111*a5a1
 * 15-01-2025 16:23:16.85
CRC-Response  - 9,5,I001,01111111*fc66 * 15-01-2025 16:23:16.205
CRC-Response  - 9,5,F000*87fb * 15-01-2025 16:23:16.208
Command * Level Sensing For U1 - #10,4,61124,16380,0,0*9f4f
 * 15-01-2025 16:23:18.775
CRC-Response  - 10,4,I001*82eb * 15-01-2025 16:23:18.889
CRC-Response  - 10,4,F000,2527*8897 * 15-01-2025 16:23:23.32
U1 Value - 2527 * 15-01-2025 16:23:23.62
Command * Level Sensing For U2 - #11,4,57494,16380,0,0*bade
 * 15-01-2025 16:23:23.442
CRC-Response  - 11,4,I001*4e2a * 15-01-2025 16:23:23.562
CRC-Response  - 11,4,F000,2521*0b15 * 15-01-2025 16:23:25.844
U2 Value - 2521 * 15-01-2025 16:23:25.864
Command * Level Sensing For U3 - #12,4,53864,16380,0,0*e29a
 * 15-01-2025 16:23:26.107
CRC-Response  - 12,4,I001*5b6a * 15-01-2025 16:23:26.217
CRC-Response  - 12,4,F000,2519*fe11 * 15-01-2025 16:23:28.519
U3 Value - 2519 * 15-01-2025 16:23:28.541
Command * Level Sensing For U4 - #13,4,50234,16380,0,0*1bb0
 * 15-01-2025 16:23:28.779
CRC-Response  - 13,4,I001*97ab * 15-01-2025 16:23:28.894
CRC-Response  - 13,4,F000,2521*4912 * 15-01-2025 16:23:31.185
U4 Value - 2521 * 15-01-2025 16:23:31.205
Command * Level Sensing For U5 - #14,4,46604,16380,0,0*e9c8
 * 15-01-2025 16:23:31.455
CRC-Response  - 14,4,I001*71ea * 15-01-2025 16:23:31.574
CRC-Response  - 14,4,F000,2514*fdd9 * 15-01-2025 16:23:33.862
U5 Value - 2514 * 15-01-2025 16:23:33.881
Command * Level Sensing For U6 - #15,4,42974,16380,0,0*1511
 * 15-01-2025 16:23:34.138
CRC-Response  - 15,4,I001*bd2b * 15-01-2025 16:23:34.252
CRC-Response  - 15,4,F000,2509*291b * 15-01-2025 16:23:36.541
U6 Value - 2509 * 15-01-2025 16:23:36.559
Command * Level Sensing For J1 - #16,4,10304,800,0,0*e5a2
 * 15-01-2025 16:23:36.816
CRC-Response  - 16,4,I001*a86b * 15-01-2025 16:23:36.934
CRC-Response  - 16,4,F000,2520*8cdf * 15-01-2025 16:23:42.466
J1 Value - 2520 * 15-01-2025 16:23:42.487
Command * Level Sensing For J2 - #17,4,13934,800 ,0,0*59f9
 * 15-01-2025 16:23:42.992
CRC-Response  - 17,4,I001*64aa * 15-01-2025 16:23:43.104
CRC-Response  - 17,4,F000,2521*cd1c * 15-01-2025 16:23:45.400
J2 Value - 2521 * 15-01-2025 16:23:45.418
Command * Level Sensing For J3 - #18,4,17564,800 ,0,0*16c5
 * 15-01-2025 16:23:45.652
CRC-Response  - 18,4,I001*24ea * 15-01-2025 16:23:45.760
CRC-Response  - 18,4,F000,2532*5349 * 15-01-2025 16:23:48.61
J3 Value - 2532 * 15-01-2025 16:23:48.81
Command * Level Sensing For J4 - #19,4,21194,800 ,0,0*f45f
 * 15-01-2025 16:23:48.324
CRC-Response  - 19,4,I001*e82b * 15-01-2025 16:23:48.439
CRC-Response  - 19,4,F000,2525*800b * 15-01-2025 16:23:50.732
J4 Value - 2525 * 15-01-2025 16:23:50.755
Command * Level Sensing For J5 - #20,4,24824,800 ,0,0*13fd
 * 15-01-2025 16:23:50.984
CRC-Response  - 20,4,I001*72ff * 15-01-2025 16:23:51.103
CRC-Response  - 20,4,F000,2539*df14 * 15-01-2025 16:23:53.380
J5 Value - 2539 * 15-01-2025 16:23:53.401
Command * Level Sensing For J6 - #21,4,28454,800 ,0,0*47b7
 * 15-01-2025 16:23:53.667
CRC-Response  - 21,4,I001*be3e * 15-01-2025 16:23:53.783
CRC-Response  - 21,4,F000,259*516e * 15-01-2025 16:23:56.75
J6 Value - 259 * 15-01-2025 16:23:56.105
Command * Level Sensing For J7 - #22,4,32084,800 ,0,0*ab95
 * 15-01-2025 16:23:56.375
CRC-Response  - 22,4,I001*ab7e * 15-01-2025 16:24:01.491
CRC-Response  - 22,4,F000,2520*0bd2 * 15-01-2025 16:24:01.498
J7 Value - 2520 * 15-01-2025 16:24:01.520
Command * Level Sensing For J8 - #23,4,35714,800 ,0,0*4714
 * 15-01-2025 16:24:01.918
CRC-Response  - 23,4,I001*67bf * 15-01-2025 16:24:02.35
CRC-Response  - 23,4,F000,2526*8850 * 15-01-2025 16:24:04.312
J8 Value - 2526 * 15-01-2025 16:24:04.329
Command * Level Sensing For J9 - #24,4,39344,800 ,0,0*fd54
 * 15-01-2025 16:24:04.598
CRC-Response  - 24,4,I001*81fe * 15-01-2025 16:24:04.718
CRC-Response  - 24,4,F000,2524*0eda * 15-01-2025 16:24:06.995
J9 Value - 2524 * 15-01-2025 16:24:07.18
Command * Level Sensing For J10 - #25,4,53864,800 ,0,0*6ef5
 * 15-01-2025 16:24:07.263
CRC-Response  - 25,4,I001*4d3f * 15-01-2025 16:24:07.371
CRC-Response  - 25,4,F000,2524*8fd8 * 15-01-2025 16:24:10.874
J10 Value - 2524 * 15-01-2025 16:24:10.893
Command * Level Sensing For J11 - #26,4,57494,800 ,0,0*aa2b
 * 15-01-2025 16:24:11.434
CRC-Response  - 26,4,I001*587f * 15-01-2025 16:24:11.546
CRC-Response  - 26,4,F000,2525*8c1c * 15-01-2025 16:24:13.840
J11 Value - 2525 * 15-01-2025 16:24:13.860
Command * Level Sensing For J12 - #27,4,61124,800 ,0,0*bb59
 * 15-01-2025 16:24:14.96
CRC-Response  - 27,4,I001*94be * 15-01-2025 16:24:14.211
CRC-Response  - 27,4,F000,2516*fc5e * 15-01-2025 16:24:16.505
J12 Value - 2516 * 15-01-2025 16:24:16.525
Command * Level Sensing For J13 - #28,4,64754,800 ,0,0*d574
 * 15-01-2025 16:24:16.762
CRC-Response  - 28,4,I001*d4fe * 15-01-2025 16:24:16.878
CRC-Response  - 28,4,F000,2501*a10a * 15-01-2025 16:24:19.171
J13 Value - 2501 * 15-01-2025 16:24:19.195
Command * Level Sensing For J14 - #29,4,64754,8590,0,0*73b1
 * 15-01-2025 16:24:19.445
CRC-Response  - 29,4,I001*183f * 15-01-2025 16:24:19.559
CRC-Response  - 29,4,F000,2519*7608 * 15-01-2025 16:24:22.25
J14 Value - 2519 * 15-01-2025 16:24:22.47
Command * Level Sensing For J15 - #30,4,61124,8590,0,0*6841
 * 15-01-2025 16:24:22.111
CRC-Response  - 30,4,I001*e2f2 * 15-01-2025 16:24:22.225
CRC-Response  - 30,4,F000,2534*dbd5 * 15-01-2025 16:24:24.523
J15 Value - 2534 * 15-01-2025 16:24:24.544
Command * Level Sensing For J16 - #31,4,57494,8590,0,0*7933
 * 15-01-2025 16:24:24.778
CRC-Response  - 31,4,I001*2e33 * 15-01-2025 16:24:24.897
CRC-Response  - 31,4,F000,2528*cfd6 * 15-01-2025 16:24:27.186
J16 Value - 2528 * 15-01-2025 16:24:27.204
Command * Level Sensing For J17 - #32,4,53864,8590,0,0*bded
 * 15-01-2025 16:24:27.458
CRC-Response  - 32,4,I001*3b73 * 15-01-2025 16:24:27.574
CRC-Response  - 32,4,F000,2528*0cd3 * 15-01-2025 16:24:29.856
J17 Value - 2528 * 15-01-2025 16:24:29.878
Command * Level Sensing For J18 - #33,4,39344,8590,0,0*2e4c
 * 15-01-2025 16:24:30.125
CRC-Response  - 33,4,I001*f7b2 * 15-01-2025 16:24:30.230
CRC-Response  - 33,4,F000,2535*d811 * 15-01-2025 16:24:33.739
J18 Value - 2535 * 15-01-2025 16:24:33.760
Command * Level Sensing For J19 - #34,4,35714,8590,0,0*940c
 * 15-01-2025 16:24:34.289
CRC-Response  - 34,4,I001*11f3 * 15-01-2025 16:24:34.405
CRC-Response  - 34,4,F000,2529*0a1b * 15-01-2025 16:24:36.696
J19 Value - 2529 * 15-01-2025 16:24:36.718
Command * Level Sensing For J20 - #35,4,32084,8590,0,0*788d
 * 15-01-2025 16:24:36.955
CRC-Response  - 35,4,I001*dd32 * 15-01-2025 16:24:37.72
CRC-Response  - 35,4,F000,2509*eb18 * 15-01-2025 16:24:39.363
J20 Value - 2509 * 15-01-2025 16:24:39.385
Command * Level Sensing For J21 - #36,4,28454,8590,0,0*94af
 * 15-01-2025 16:24:39.631
CRC-Response  - 36,4,I001*c872 * 15-01-2025 16:24:39.749
CRC-Response  - 36,4,F000,2529*481c * 15-01-2025 16:24:42.32
J21 Value - 2529 * 15-01-2025 16:24:42.54
Command * Level Sensing For J22 - #37,4,24824,8590,0,0*c0e5
 * 15-01-2025 16:24:42.306
CRC-Response  - 37,4,I001*04b3 * 15-01-2025 16:24:42.424
CRC-Response  - 37,4,F000,2534*9cde * 15-01-2025 16:24:44.711
J22 Value - 2534 * 15-01-2025 16:24:44.733
Command * Level Sensing For J23 - #38,4,21194,8590,0,0*eae3
 * 15-01-2025 16:24:44.983
CRC-Response  - 38,4,I001*44f3 * 15-01-2025 16:24:45.102
CRC-Response  - 38,4,F000,2533*518b * 15-01-2025 16:24:47.389
J23 Value - 2533 * 15-01-2025 16:24:47.419
Command * Level Sensing For J24 - #39,4,17564,8590,0,0*0879
 * 15-01-2025 16:24:47.659
CRC-Response  - 39,4,I001*8832 * 15-01-2025 16:24:47.763
CRC-Response  - 39,4,F000,2536*d349 * 15-01-2025 16:24:50.64
J24 Value - 2536 * 15-01-2025 16:24:50.96
Command * Level Sensing For J25 - #40,4,13934,8590,0,0*ba10
 * 15-01-2025 16:24:50.315
CRC-Response  - 40,4,I001*d2d4 * 15-01-2025 16:24:50.425
CRC-Response  - 40,4,F000,2534*1cd3 * 15-01-2025 16:24:52.713
J25 Value - 2534 * 15-01-2025 16:24:52.738
Command * Level Sensing For J26 - #41,4,10304,8590,0,0*d953
 * 15-01-2025 16:24:52.988
CRC-Response  - 41,4,I001*1e15 * 15-01-2025 16:24:53.106
CRC-Response  - 41,4,F000,2530*5ed0 * 15-01-2025 16:24:55.393
J26 Value - 2530 * 15-01-2025 16:24:55.420
Command * Level Sensing For J27 - #42,4,21194,16380,0,0*aa1b
 * 15-01-2025 16:24:55.656
CRC-Response  - 42,4,I001*0b55 * 15-01-2025 16:24:55.769
CRC-Response  - 42,4,F000,2578*9bd6 * 15-01-2025 16:24:58.877
J27 Value - 2578 * 15-01-2025 16:24:58.910
Command * Level Sensing For J28 - #43,4,24824,16380,0,0*41db
 * 15-01-2025 16:24:59.327
CRC-Response  - 43,4,I001*c794 * 15-01-2025 16:24:59.437
CRC-Response  - 43,4,F000,2580*2cd0 * 15-01-2025 16:25:01.730
J28 Value - 2580 * 15-01-2025 16:25:01.758
Command * Level Sensing For J29 - #44,4,28454,16380,0,0*3e86
 * 15-01-2025 16:25:01.987
CRC-Response  - 44,4,I001*21d5 * 15-01-2025 16:25:02.106
CRC-Response  - 44,4,F000,2552*3a5e * 15-01-2025 16:25:04.395
J29 Value - 2552 * 15-01-2025 16:25:04.421
Command * Level Sensing For J30 - #45,4,32084,16380,0,0*9f93
 * 15-01-2025 16:25:04.654
CRC-Response  - 45,4,I001*ed14 * 15-01-2025 16:25:04.772
CRC-Response  - 45,4,F000,2556*785d * 15-01-2025 16:25:07.57
J30 Value - 2556 * 15-01-2025 16:25:07.88
Command * Level Sensing For J31 - #46,4,35714,16380,0,0*47c6
 * 15-01-2025 16:25:07.331
CRC-Response  - 46,4,I001*f854 * 15-01-2025 16:25:07.446
CRC-Response  - 46,4,F000,2548*efd8 * 15-01-2025 16:25:09.739
J31 Value - 2548 * 15-01-2025 16:25:09.775
Command * Level Sensing For J32 - #47,4,39344,16380,0,0*3ff5
 * 15-01-2025 16:25:10.15
CRC-Response  - 47,4,I001*3495 * 15-01-2025 16:25:10.127
CRC-Response  - 47,4,F000,2563*c99a * 15-01-2025 16:25:12.421
J32 Value - 2563 * 15-01-2025 16:25:12.450
Command * Level Sensing For J33 - #48,4,64754,16380,0,0*a398
 * 15-01-2025 16:25:12.699
CRC-Response  - 48,4,I001*74d5 * 15-01-2025 16:25:12.814
CRC-Response  - 48,4,F000,2497*35db * 15-01-2025 16:25:17.514
J33 Value - 2497 * 15-01-2025 16:25:17.540
Command * Level Sensing For W1 - #49,4,42974,800 ,0,0*ca45
 * 15-01-2025 16:25:17.863
CRC-Response  - 49,4,I001*b814 * 15-01-2025 16:25:17.980
CRC-Response  - 49,4,F000,2516*744e * 15-01-2025 16:25:22.300
W1 Value - 2516 * 15-01-2025 16:25:22.320
Command * Level Sensing For W2 - #50,4,46604,800 ,0,0*4cab
 * 15-01-2025 16:25:22.528
CRC-Response  - 50,4,I001*42d9 * 15-01-2025 16:25:22.645
CRC-Response  - 50,4,F000,2517*bc92 * 15-01-2025 16:25:24.935
W2 Value - 2517 * 15-01-2025 16:25:24.952
Command * Level Sensing For W3 - #51,4,50234,800 ,0,0*3c0d
 * 15-01-2025 16:25:25.207
CRC-Response  - 51,4,I001*8e18 * 15-01-2025 16:25:25.326
CRC-Response  - 51,4,F000,2501*af11 * 15-01-2025 16:25:27.607
W3 Value - 2501 * 15-01-2025 16:25:27.630
Command * Level Sensing For W4 - #52,4,50234,8590,0,0*2269
 * 15-01-2025 16:25:27.878
CRC-Response  - 52,4,I001*9b58 * 15-01-2025 16:25:27.998
CRC-Response  - 52,4,F000,2521*0c15 * 15-01-2025 16:25:30.453
W4 Value - 2521 * 15-01-2025 16:25:30.483
Command * Level Sensing For W5 - #53,4,46604,8590,0,0*52cf
 * 15-01-2025 16:25:30.550
CRC-Response  - 53,4,I001*5799 * 15-01-2025 16:25:30.655
CRC-Response  - 53,4,F000,2514*7ed7 * 15-01-2025 16:25:32.960
W5 Value - 2514 * 15-01-2025 16:25:32.982
Command * Level Sensing For W6 - #54,4,42974,8590,0,0*c37e
 * 15-01-2025 16:25:33.204
CRC-Response  - 54,4,I001*b1d8 * 15-01-2025 16:25:33.320
CRC-Response  - 54,4,F000,2523*0b9d * 15-01-2025 16:25:35.610
W6 Value - 2523 * 15-01-2025 16:25:35.634
Command * Home Command - #55,5,00110110*554b
 * 15-01-2025 16:25:35.881
CRC-Response  - 55,5,I001,00110110*556d * 15-01-2025 16:25:35.998
CRC-Response  - 55,5,F000*78da * 15-01-2025 16:25:37.713
Command * Home Command - #56,5,00110110*514f
 * 15-01-2025 16:25:43.64
CRC-Response  - 56,5,I001,00110110*a59d * 15-01-2025 16:25:43.181
CRC-Response  - 56,5,F000*6d9a * 15-01-2025 16:25:43.187
Command * J6 - Picked - #57,2,1,28454,800 ,0,0*a085
 * 15-01-2025 16:25:48.751
CRC-Response  - 57,2,I001,1*4537 * 15-01-2025 16:25:48.864
CRC-Response  - 57,2,F000,1*7a66 * 15-01-2025 16:25:55.729
Command * U1 - Placed - #58,3,1,61124,16380,0,0*8692
 * 15-01-2025 16:25:55.947
CRC-Response  - 58,3,I001,1*b9c6 * 15-01-2025 16:25:56.56
CRC-Response  - 58,3,F000,1*8697 * 15-01-2025 16:26:04.981
Unloaded Racks from Normal Jars Completed * 15-01-2025 16:26:05.66
Command * Home Command - #59,5,01111111*b98b
 * 15-01-2025 16:48:56.21
CRC-Response  - 59,5,I001,01111111*aa78 * 15-01-2025 16:48:56.169
CRC-Response  - 59,5,F000*2dda * 15-01-2025 16:48:59.433
Command * SET TEMPERATURE - #0,10,32*870a
 * 15-01-2025 16:49:40.480
CRC-Response  - 0,10,F000*1ae9 * 15-01-2025 16:49:40.631
Command * HEATER ON - #1,12,1*dbe7
 * 15-01-2025 16:49:41.685
CRC-Response  - 1,12,F000*68e5 * 15-01-2025 16:49:41.800
Command * HEATER DOOR CLOSE - #2,8,1,0*21eb
 * 15-01-2025 16:49:42.677
CRC-Response  - 2,8,I001*fd79 * 15-01-2025 16:49:42.791
CRC-Response  - 2,8,F000*29bb * 15-01-2025 16:49:43.121
Command * READ TEMPERATURE - #3,11*ed1a
 * 15-01-2025 16:49:43.346
CRC-Response  - 3,11,F000,33*2c46 * 15-01-2025 16:49:43.462
Command * WATER VALVE - 1 CONTROL OFF - #4,13,1,0*80ea
 * 15-01-2025 16:49:48.523
CRC-Response  - 4,13,F000*e9db * 15-01-2025 16:49:48.638
Command * WATER VALVE - 2 CONTROL OFF - #5,13,2,0*4cdb
 * 15-01-2025 16:49:49.198
CRC-Response  - 5,13,F000*79d6 * 15-01-2025 16:49:49.315
Command * WATER VALVE - 3 CONTROL OFF - #6,13,3,0*99ca
 * 15-01-2025 16:49:49.873
CRC-Response  - 6,13,F000*89c2 * 15-01-2025 16:49:49.990
Command * WATER VALVE - 4 CONTROL OFF - #7,13,4,0*94ba
 * 15-01-2025 16:49:50.546
CRC-Response  - 7,13,F000*19cf * 15-01-2025 16:49:50.664
Command * WATER VALVE - 5 CONTROL OFF - #8,13,5,0*14ab
 * 15-01-2025 16:49:51.223
CRC-Response  - 8,13,F000*e98e * 15-01-2025 16:49:51.340
Command * WATER VALVE - 6 CONTROL OFF - #9,13,6,0*d89a
 * 15-01-2025 16:49:51.903
CRC-Response  - 9,13,F000*7983 * 15-01-2025 16:49:52.15
Command * Home Command - #10,5,01111111*2199
 * 15-01-2025 16:49:52.571
CRC-Response  - 10,5,I001,01111111*c9ef * 15-01-2025 16:49:52.688
CRC-Response  - 10,5,F000*8728 * 15-01-2025 16:49:53.467
Command * Home Command - #11,5,01111111*e264
 * 15-01-2025 16:49:55.743
CRC-Response  - 11,5,I001,01111111*59be * 15-01-2025 16:49:55.852
CRC-Response  - 11,5,F000*4be9 * 15-01-2025 16:49:55.857
Command * Level Sensing For H1 - #12,4,2688,1000,0,1*b46b
 * 15-01-2025 16:49:57.424
CRC-Response  - 12,4,I001*5b6a * 15-01-2025 16:49:57.534
CRC-Response  - 12,4,F000,3475*6742 * 15-01-2025 16:50:07.463
H1 Value - 3475 * 15-01-2025 16:50:07.494
Command * Level Sensing For H2 - #13,4,2688,8700,0,1*8e8c
 * 15-01-2025 16:50:07.594
CRC-Response  - 13,4,I001*97ab * 15-01-2025 16:50:07.712
CRC-Response  - 13,4,F000,3463*74c1 * 15-01-2025 16:50:10.159
H2 Value - 3463 * 15-01-2025 16:50:10.178
Command * Level Sensing For H3 - #14,4,2688,16380,0,1*1478
 * 15-01-2025 16:50:10.278
CRC-Response  - 14,4,I001*71ea * 15-01-2025 16:50:10.394
CRC-Response  - 14,4,F000,3467*f0cb * 15-01-2025 16:50:12.857
H3 Value - 3467 * 15-01-2025 16:50:12.878
Command * Level Sensing For L1 - #15,4,17564,16380,0,0*1c3d
 * 15-01-2025 16:50:12.959
CRC-Response  - 15,4,I001*bd2b * 15-01-2025 16:50:13.75
CRC-Response  - 15,4,F000,279*3d9b * 15-01-2025 16:50:16.613
L1 Value - 279 * 15-01-2025 16:50:16.639
Command * Level Sensing For L2 - #16,4,13934,16380,0,0*5c61
 * 15-01-2025 16:50:17.138
CRC-Response  - 16,4,I001*a86b * 15-01-2025 16:50:17.257
CRC-Response  - 16,4,F000,280*cf5a * 15-01-2025 16:50:19.536
L2 Value - 280 * 15-01-2025 16:50:19.559
Command * Level Sensing For L3 - #17,4,10304,16380,0,0*ad43
 * 15-01-2025 16:50:19.807
CRC-Response  - 17,4,I001*64aa * 15-01-2025 16:50:19.927
CRC-Response  - 17,4,F000,271*3c63 * 15-01-2025 16:50:22.205
L3 Value - 271 * 15-01-2025 16:50:22.223
Command * Home Command - #18,5,01111111*fe78
 * 15-01-2025 16:50:22.482
CRC-Response  - 18,5,I001,01111111*0b68 * 15-01-2025 16:50:22.598
CRC-Response  - 18,5,F000*2129 * 15-01-2025 16:50:33.625
Command * Home Command - #19,5,01111111*3d85
 * 15-01-2025 16:50:36.178
CRC-Response  - 19,5,I001,01111111*9b39 * 15-01-2025 16:50:36.285
CRC-Response  - 19,5,F000*ede8 * 15-01-2025 16:50:36.288
Rack - 1Protocol Started * 15-01-2025 16:50:39.313
Command * Rack-1 Picked from L1 - #20,2,1,17564,16380,0,0*9bae
 * 15-01-2025 16:50:39.412
CRC-Response  - 20,2,I001,1*eb9c * 15-01-2025 16:50:39.519
CRC-Response  - 20,2,F000,1*d4cd * 15-01-2025 16:50:50.215
Command * Rack-1 Placed in H1 - #21,3,1,2688,1000,0,1*5c72
 * 15-01-2025 16:50:50.623
CRC-Response  - 21,3,I001,1*e20c * 15-01-2025 16:50:50.733
CRC-Response  - 21,3,F000,1*dd5d * 15-01-2025 16:50:57.666
Command * HEATER DOOR CLOSE - #22,8,1,0*e732
 * 15-01-2025 16:50:57.839
CRC-Response  - 22,8,I001*677e * 15-01-2025 16:50:57.951
CRC-Response  - 22,8,F000*b3bc * 15-01-2025 16:50:58.297
Command * READ TEMPERATURE - #23,11*0d07
 * 15-01-2025 16:50:58.508
CRC-Response  - 23,11,F000,32*b7a6 * 15-01-2025 16:50:58.624
Command * READ TEMPERATURE - #24,11*7906
 * 15-01-2025 16:51:03.680
CRC-Response  - 24,11,F000,32*7c53 * 15-01-2025 16:51:03.798
Command * READ TEMPERATURE - #25,11*8507
 * 15-01-2025 16:51:08.846
CRC-Response  - 25,11,F000,32*bfae * 15-01-2025 16:51:08.963
Command * READ TEMPERATURE - #26,11*c107
 * 15-01-2025 16:51:14.24
CRC-Response  - 26,11,F000,32*bbaa * 15-01-2025 16:51:14.142
Command * READ TEMPERATURE - #27,11*3d06
 * 15-01-2025 16:51:19.196
CRC-Response  - 27,11,F000,32*7857 * 15-01-2025 16:51:19.315
Command * READ TEMPERATURE - #28,11*2905
 * 15-01-2025 16:51:24.382
CRC-Response  - 28,11,F000,32*6c43 * 15-01-2025 16:51:24.500
Command * READ TEMPERATURE - #29,11*d504
 * 15-01-2025 16:51:29.553
CRC-Response  - 29,11,F000,32*afbe * 15-01-2025 16:51:29.670
Command * READ TEMPERATURE - #30,11*893a
 * 15-01-2025 16:51:34.720
CRC-Response  - 30,11,F000,33*f261 * 15-01-2025 16:51:34.824
Command * READ TEMPERATURE - #31,11*753b
 * 15-01-2025 16:51:39.878
CRC-Response  - 31,11,F000,33*319c * 15-01-2025 16:51:39.982
Command * READ TEMPERATURE - #32,11*313b
 * 15-01-2025 16:51:45.34
CRC-Response  - 32,11,F000,33*3598 * 15-01-2025 16:51:45.144
Command * READ TEMPERATURE - #33,11*cd3a
 * 15-01-2025 16:51:50.209
CRC-Response  - 33,11,F000,33*f665 * 15-01-2025 16:51:50.322
Command * READ TEMPERATURE - #34,11*b93b
 * 15-01-2025 16:51:55.385
CRC-Response  - 34,11,F000,33*3d90 * 15-01-2025 16:51:55.503
Command * READ TEMPERATURE - #35,11*453a
 * 15-01-2025 16:52:00.572
CRC-Response  - 35,11,F000,33*fe6d * 15-01-2025 16:52:00.689
Command * READ TEMPERATURE - #36,11*013a
 * 15-01-2025 16:52:05.730
CRC-Response  - 36,11,F000,33*fa69 * 15-01-2025 16:52:05.847
Command * READ TEMPERATURE - #37,11*fd3b
 * 15-01-2025 16:52:10.906
CRC-Response  - 37,11,F000,33*3994 * 15-01-2025 16:52:11.22
Command * READ TEMPERATURE - #38,11*e938
 * 15-01-2025 16:52:16.85
CRC-Response  - 38,11,F000,33*2d80 * 15-01-2025 16:52:16.203
Command * READ TEMPERATURE - #39,11*1539
 * 15-01-2025 16:52:21.258
CRC-Response  - 39,11,F000,33*ee7d * 15-01-2025 16:52:21.363
Command * READ TEMPERATURE - #40,11*498f
 * 15-01-2025 16:52:26.419
CRC-Response  - 40,11,F000,33*b56a * 15-01-2025 16:52:26.535
Command * READ TEMPERATURE - #41,11*b58e
 * 15-01-2025 16:52:31.598
CRC-Response  - 41,11,F000,33*7697 * 15-01-2025 16:52:31.715
Command * READ TEMPERATURE - #42,11*f18e
 * 15-01-2025 16:52:36.768
CRC-Response  - 42,11,F000,32*b252 * 15-01-2025 16:52:36.879
Command * READ TEMPERATURE - #43,11*0d8f
 * 15-01-2025 16:52:41.934
CRC-Response  - 43,11,F000,33*b16e * 15-01-2025 16:52:42.50
Command * READ TEMPERATURE - #44,11*798e
 * 15-01-2025 16:52:47.114
CRC-Response  - 44,11,F000,33*7a9b * 15-01-2025 16:52:47.232
Command * READ TEMPERATURE - #45,11*858f
 * 15-01-2025 16:52:52.277
CRC-Response  - 45,11,F000,33*b966 * 15-01-2025 16:52:52.381
Command * READ TEMPERATURE - #46,11*c18f
 * 15-01-2025 16:52:57.435
CRC-Response  - 46,11,F000,33*bd62 * 15-01-2025 16:52:57.552
Command * READ TEMPERATURE - #47,11*3d8e
 * 15-01-2025 16:53:02.609
CRC-Response  - 47,11,F000,33*7e9f * 15-01-2025 16:53:02.723
Command * READ TEMPERATURE - #48,11*298d
 * 15-01-2025 16:53:07.793
CRC-Response  - 48,11,F000,33*6a8b * 15-01-2025 16:53:07.908
Command * READ TEMPERATURE - #49,11*d58c
 * 15-01-2025 16:53:12.961
CRC-Response  - 49,11,F000,33*a976 * 15-01-2025 16:53:13.77
Command * READ TEMPERATURE - #50,11*89b2
 * 15-01-2025 16:53:18.124
CRC-Response  - 50,11,F000,33*3468 * 15-01-2025 16:53:18.229
Command * READ TEMPERATURE - #51,11*75b3
 * 15-01-2025 16:53:23.289
CRC-Response  - 51,11,F000,33*f795 * 15-01-2025 16:53:23.406
Command * READ TEMPERATURE - #52,11*31b3
 * 15-01-2025 16:53:28.450
CRC-Response  - 52,11,F000,33*f391 * 15-01-2025 16:53:28.568
Command * READ TEMPERATURE - #53,11*cdb2
 * 15-01-2025 16:53:33.624
CRC-Response  - 53,11,F000,33*306c * 15-01-2025 16:53:33.739
Command * READ TEMPERATURE - #54,11*b9b3
 * 15-01-2025 16:53:38.792
CRC-Response  - 54,11,F000,33*fb99 * 15-01-2025 16:53:38.895
Command * READ TEMPERATURE - #55,11*45b2
 * 15-01-2025 16:53:43.956
CRC-Response  - 55,11,F000,33*3864 * 15-01-2025 16:53:44.70
Command * READ TEMPERATURE - #56,11*01b2
 * 15-01-2025 16:53:49.124
CRC-Response  - 56,11,F000,33*3c60 * 15-01-2025 16:53:49.238
Command * READ TEMPERATURE - #57,11*fdb3
 * 15-01-2025 16:53:54.297
CRC-Response  - 57,11,F000,33*ff9d * 15-01-2025 16:53:54.415
Command * READ TEMPERATURE - #58,11*e9b0
 * 15-01-2025 16:53:59.466
CRC-Response  - 58,11,F000,33*eb89 * 15-01-2025 16:53:59.569
Command * READ TEMPERATURE - #59,11*15b1
 * 15-01-2025 16:54:04.623
CRC-Response  - 59,11,F000,33*2874 * 15-01-2025 16:54:04.728
Command * READ TEMPERATURE - #60,11*89f6
 * 15-01-2025 16:54:09.777
CRC-Response  - 60,11,F000,33*f76d * 15-01-2025 16:54:09.895
Command * READ TEMPERATURE - #61,11*75f7
 * 15-01-2025 16:54:14.954
CRC-Response  - 61,11,F000,33*3490 * 15-01-2025 16:54:15.59
Command * READ TEMPERATURE - #62,11*31f7
 * 15-01-2025 16:54:20.113
CRC-Response  - 62,11,F000,34*f2d5 * 15-01-2025 16:54:20.261
Command * READ TEMPERATURE - #63,11*cdf6
 * 15-01-2025 16:54:25.310
CRC-Response  - 63,11,F000,33*f369 * 15-01-2025 16:54:25.428
Command * READ TEMPERATURE - #64,11*b9f7
 * 15-01-2025 16:54:30.494
CRC-Response  - 64,11,F000,33*389c * 15-01-2025 16:54:30.609
Command * READ TEMPERATURE - #65,11*45f6
 * 15-01-2025 16:54:35.655
CRC-Response  - 65,11,F000,33*fb61 * 15-01-2025 16:54:35.779
Command * READ TEMPERATURE - #66,11*01f6
 * 15-01-2025 16:54:40.823
CRC-Response  - 66,11,F000,33*ff65 * 15-01-2025 16:54:40.940
Command * READ TEMPERATURE - #67,11*fdf7
 * 15-01-2025 16:54:46.0
CRC-Response  - 67,11,F000,33*3c98 * 15-01-2025 16:54:46.116
Command * READ TEMPERATURE - #68,11*e9f4
 * 15-01-2025 16:54:51.181
CRC-Response  - 68,11,F000,33*288c * 15-01-2025 16:54:51.299
Command * READ TEMPERATURE - #69,11*15f5
 * 15-01-2025 16:54:56.347
CRC-Response  - 69,11,F000,33*eb71 * 15-01-2025 16:54:56.451
Command * READ TEMPERATURE - #70,11*49cb
 * 15-01-2025 16:55:01.496
CRC-Response  - 70,11,F000,33*766f * 15-01-2025 16:55:01.600
Command * READ TEMPERATURE - #71,11*b5ca
 * 15-01-2025 16:55:06.660
CRC-Response  - 71,11,F000,33*b592 * 15-01-2025 16:55:06.776
Command * READ TEMPERATURE - #72,11*f1ca
 * 15-01-2025 16:55:11.824
CRC-Response  - 72,11,F000,33*b196 * 15-01-2025 16:55:11.942
Command * READ TEMPERATURE - #73,11*0dcb
 * 15-01-2025 16:55:17.3
CRC-Response  - 73,11,F000,33*726b * 15-01-2025 16:55:17.121
Command * READ TEMPERATURE - #74,11*79ca
 * 15-01-2025 16:55:22.169
CRC-Response  - 74,11,F000,33*b99e * 15-01-2025 16:55:22.289
Command * READ TEMPERATURE - #75,11*85cb
 * 15-01-2025 16:55:27.352
CRC-Response  - 75,11,F000,33*7a63 * 15-01-2025 16:55:27.470
Command * READ TEMPERATURE - #76,11*c1cb
 * 15-01-2025 16:55:32.511
CRC-Response  - 76,11,F000,33*7e67 * 15-01-2025 16:55:32.629
Command * READ TEMPERATURE - #77,11*3dca
 * 15-01-2025 16:55:37.689
CRC-Response  - 77,11,F000,33*bd9a * 15-01-2025 16:55:37.835
Command * READ TEMPERATURE - #78,11*29c9
 * 15-01-2025 16:55:42.895
CRC-Response  - 78,11,F000,33*a98e * 15-01-2025 16:55:43.15
Command * READ TEMPERATURE - #79,11*d5c8
 * 15-01-2025 16:55:48.66
CRC-Response  - 79,11,F000,34*a832 * 15-01-2025 16:55:48.182
Command * READ TEMPERATURE - #80,11*489f
 * 15-01-2025 16:55:53.229
CRC-Response  - 80,11,F000,33*797b * 15-01-2025 16:55:53.347
Command * READ TEMPERATURE - #81,11*b49e
 * 15-01-2025 16:55:58.401
CRC-Response  - 81,11,F000,33*ba86 * 15-01-2025 16:55:58.518
Command * READ TEMPERATURE - #82,11*f09e
 * 15-01-2025 16:56:03.572
CRC-Response  - 82,11,F000,33*be82 * 15-01-2025 16:56:03.688
Command * READ TEMPERATURE - #83,11*0c9f
 * 15-01-2025 16:56:08.738
CRC-Response  - 83,11,F000,33*7d7f * 15-01-2025 16:56:08.853
Command * READ TEMPERATURE - #84,11*789e
 * 15-01-2025 16:56:13.905
CRC-Response  - 84,11,F000,33*b68a * 15-01-2025 16:56:14.22
Command * READ TEMPERATURE - #85,11*849f
 * 15-01-2025 16:56:19.80
CRC-Response  - 85,11,F000,34*b736 * 15-01-2025 16:56:19.187
Command * READ TEMPERATURE - #86,11*c09f
 * 15-01-2025 16:56:24.229
CRC-Response  - 86,11,F000,33*7173 * 15-01-2025 16:56:24.345
Command * READ TEMPERATURE - #87,11*3c9e
 * 15-01-2025 16:56:29.390
CRC-Response  - 87,11,F000,34*70cf * 15-01-2025 16:56:29.505
Command * READ TEMPERATURE - #88,11*289d
 * 15-01-2025 16:56:34.557
CRC-Response  - 88,11,F000,34*64db * 15-01-2025 16:56:34.664
Command * READ TEMPERATURE - #89,11*d49c
 * 15-01-2025 16:56:39.723
CRC-Response  - 89,11,F000,33*6567 * 15-01-2025 16:56:39.827
Command * READ TEMPERATURE - #90,11*88a2
 * 15-01-2025 16:56:44.873
CRC-Response  - 90,11,F000,33*f879 * 15-01-2025 16:56:44.991
Command * READ TEMPERATURE - #91,11*74a3
 * 15-01-2025 16:56:50.51
CRC-Response  - 91,11,F000,33*3b84 * 15-01-2025 16:56:50.167
Command * READ TEMPERATURE - #92,11*30a3
 * 15-01-2025 16:56:55.216
CRC-Response  - 92,11,F000,34*fdc1 * 15-01-2025 16:56:55.320
Command * READ TEMPERATURE - #93,11*cca2
 * 15-01-2025 16:57:00.384
CRC-Response  - 93,11,F000,33*fc7d * 15-01-2025 16:57:00.501
Command * READ TEMPERATURE - #94,11*b8a3
 * 15-01-2025 16:57:05.546
CRC-Response  - 94,11,F000,33*3788 * 15-01-2025 16:57:05.650
Command * READ TEMPERATURE - #95,11*44a2
 * 15-01-2025 16:57:10.707
CRC-Response  - 95,11,F000,34*3634 * 15-01-2025 16:57:10.822
Command * READ TEMPERATURE - #96,11*00a2
 * 15-01-2025 16:57:15.875
CRC-Response  - 96,11,F000,33*f071 * 15-01-2025 16:57:15.986
Command * READ TEMPERATURE - #97,11*fca3
 * 15-01-2025 16:57:21.32
CRC-Response  - 97,11,F000,33*338c * 15-01-2025 16:57:21.149
Command * READ TEMPERATURE - #98,11*e8a0
 * 15-01-2025 16:57:26.213
CRC-Response  - 98,11,F000,34*e5d9 * 15-01-2025 16:57:26.329
Command * READ TEMPERATURE - #99,11*14a1
 * 15-01-2025 16:57:31.378
CRC-Response  - 99,11,F000,33*e465 * 15-01-2025 16:57:31.555
Command * READ TEMPERATURE - #100,11*b35e
 * 15-01-2025 16:57:36.611
CRC-Response  - 100,11,F000,34*e8bd * 15-01-2025 16:57:36.729
Command * READ TEMPERATURE - #101,11*4f5f
 * 15-01-2025 16:57:41.779
CRC-Response  - 101,11,F000,34*2b40 * 15-01-2025 16:57:41.896
Command * READ TEMPERATURE - #102,11*0b5f
 * 15-01-2025 16:57:46.949
CRC-Response  - 102,11,F000,34*2f44 * 15-01-2025 16:57:47.66
Command * READ TEMPERATURE - #103,11*f75e
 * 15-01-2025 16:57:52.130
CRC-Response  - 103,11,F000,34*ecb9 * 15-01-2025 16:57:52.249
Command * READ TEMPERATURE - #104,11*835f
 * 15-01-2025 16:57:57.301
CRC-Response  - 104,11,F000,34*274c * 15-01-2025 16:57:57.529
Command * READ TEMPERATURE - #105,11*7f5e
 * 15-01-2025 16:58:02.586
CRC-Response  - 105,11,F000,34*e4b1 * 15-01-2025 16:58:02.704
Command * READ TEMPERATURE - #106,11*3b5e
 * 15-01-2025 16:58:07.749
CRC-Response  - 106,11,F000,34*e0b5 * 15-01-2025 16:58:07.865
Command * READ TEMPERATURE - #107,11*c75f
 * 15-01-2025 16:58:12.916
CRC-Response  - 107,11,F000,33*e109 * 15-01-2025 16:58:13.20
Command * READ TEMPERATURE - #108,11*d35c
 * 15-01-2025 16:58:18.78
CRC-Response  - 108,11,F000,33*f51d * 15-01-2025 16:58:18.197
Command * READ TEMPERATURE - #109,11*2f5d
 * 15-01-2025 16:58:23.248
CRC-Response  - 109,11,F000,34*f4a1 * 15-01-2025 16:58:23.352
Command * READ TEMPERATURE - #110,11*7363
 * 15-01-2025 16:58:28.402
CRC-Response  - 110,11,F000,34*69bf * 15-01-2025 16:58:28.519
Command * READ TEMPERATURE - #111,11*8f62
 * 15-01-2025 16:58:33.573
CRC-Response  - 111,11,F000,34*aa42 * 15-01-2025 16:58:33.678
Command * READ TEMPERATURE - #112,11*cb62
 * 15-01-2025 16:58:38.735
CRC-Response  - 112,11,F000,34*ae46 * 15-01-2025 16:58:38.851
Command * READ TEMPERATURE - #113,11*3763
 * 15-01-2025 16:58:43.905
CRC-Response  - 113,11,F000,34*6dbb * 15-01-2025 16:58:44.23
Command * READ TEMPERATURE - #114,11*4362
 * 15-01-2025 16:58:49.93
CRC-Response  - 114,11,F000,34*a64e * 15-01-2025 16:58:49.204
Command * READ TEMPERATURE - #115,11*bf63
 * 15-01-2025 16:58:54.251
CRC-Response  - 115,11,F000,34*65b3 * 15-01-2025 16:58:54.369
Command * READ TEMPERATURE - #116,11*fb63
 * 15-01-2025 16:58:59.429
CRC-Response  - 116,11,F000,34*61b7 * 15-01-2025 16:58:59.546
Command * READ TEMPERATURE - #117,11*0762
 * 15-01-2025 16:59:04.595
CRC-Response  - 117,11,F000,34*a24a * 15-01-2025 16:59:04.700
Command * READ TEMPERATURE - #118,11*1361
 * 15-01-2025 16:59:09.751
CRC-Response  - 118,11,F000,34*b65e * 15-01-2025 16:59:09.868
Command * READ TEMPERATURE - #119,11*ef60
 * 15-01-2025 16:59:14.926
CRC-Response  - 119,11,F000,34*75a3 * 15-01-2025 16:59:15.42
Command * READ TEMPERATURE - #120,11*7327
 * 15-01-2025 16:59:20.102
CRC-Response  - 120,11,F000,34*aaba * 15-01-2025 16:59:20.220
Command * READ TEMPERATURE - #121,11*8f26
 * 15-01-2025 16:59:25.275
CRC-Response  - 121,11,F000,34*6947 * 15-01-2025 16:59:25.393
Command * READ TEMPERATURE - #122,11*cb26
 * 15-01-2025 16:59:30.438
CRC-Response  - 122,11,F000,34*6d43 * 15-01-2025 16:59:30.572
Command * READ TEMPERATURE - #123,11*3727
 * 15-01-2025 16:59:35.620
CRC-Response  - 123,11,F000,34*aebe * 15-01-2025 16:59:35.737
Command * READ TEMPERATURE - #124,11*4326
 * 15-01-2025 16:59:40.780
CRC-Response  - 124,11,F000,34*654b * 15-01-2025 16:59:40.884
Command * READ TEMPERATURE - #125,11*bf27
 * 15-01-2025 16:59:45.935
CRC-Response  - 125,11,F000,34*a6b6 * 15-01-2025 16:59:46.52
Command * READ TEMPERATURE - #126,11*fb27
 * 15-01-2025 16:59:51.110
CRC-Response  - 126,11,F000,34*a2b2 * 15-01-2025 16:59:51.228
Command * READ TEMPERATURE - #127,11*0726
 * 15-01-2025 16:59:56.291
CRC-Response  - 127,11,F000,34*614f * 15-01-2025 16:59:56.407
Command * READ TEMPERATURE - #128,11*1325
 * 15-01-2025 17:00:01.447
CRC-Response  - 128,11,F000,34*755b * 15-01-2025 17:00:01.565
Command * READ TEMPERATURE - #129,11*ef24
 * 15-01-2025 17:00:06.626
CRC-Response  - 129,11,F000,34*b6a6 * 15-01-2025 17:00:06.745
Command * READ TEMPERATURE - #130,11*b31a
 * 15-01-2025 17:00:11.791
CRC-Response  - 130,11,F000,34*2bb8 * 15-01-2025 17:00:11.895
Command * READ TEMPERATURE - #131,11*4f1b
 * 15-01-2025 17:00:16.952
CRC-Response  - 131,11,F000,34*e845 * 15-01-2025 17:00:17.69
Command * READ TEMPERATURE - #132,11*0b1b
 * 15-01-2025 17:00:22.122
CRC-Response  - 132,11,F000,34*ec41 * 15-01-2025 17:00:22.240
Command * READ TEMPERATURE - #133,11*f71a
 * 15-01-2025 17:00:27.303
CRC-Response  - 133,11,F000,34*2fbc * 15-01-2025 17:00:27.419
Command * READ TEMPERATURE - #134,11*831b
 * 15-01-2025 17:00:32.469
CRC-Response  - 134,11,F000,34*e449 * 15-01-2025 17:00:32.585
Command * READ TEMPERATURE - #135,11*7f1a
 * 15-01-2025 17:00:37.644
CRC-Response  - 135,11,F000,34*27b4 * 15-01-2025 17:00:37.763
Command * READ TEMPERATURE - #136,11*3b1a
 * 15-01-2025 17:00:42.820
CRC-Response  - 136,11,F000,34*23b0 * 15-01-2025 17:00:43.77
Command * READ TEMPERATURE - #137,11*c71b
 * 15-01-2025 17:00:48.127
CRC-Response  - 137,11,F000,34*e04d * 15-01-2025 17:00:48.231
Command * READ TEMPERATURE - #138,11*d318
 * 15-01-2025 17:00:53.280
CRC-Response  - 138,11,F000,34*f459 * 15-01-2025 17:00:53.384
Command * READ TEMPERATURE - #139,11*2f19
 * 15-01-2025 17:00:58.435
CRC-Response  - 139,11,F000,34*37a4 * 15-01-2025 17:00:58.552
Command * READ TEMPERATURE - #140,11*73af
 * 15-01-2025 17:01:03.604
CRC-Response  - 140,11,F000,34*6cb3 * 15-01-2025 17:01:03.721
Command * READ TEMPERATURE - #141,11*8fae
 * 15-01-2025 17:01:08.789
CRC-Response  - 141,11,F000,34*af4e * 15-01-2025 17:01:08.893
Command * READ TEMPERATURE - #142,11*cbae
 * 15-01-2025 17:01:13.936
CRC-Response  - 142,11,F000,34*ab4a * 15-01-2025 17:01:14.54
Command * READ TEMPERATURE - #143,11*37af
 * 15-01-2025 17:01:19.113
CRC-Response  - 143,11,F000,34*68b7 * 15-01-2025 17:01:19.230
Command * READ TEMPERATURE - #144,11*43ae
 * 15-01-2025 17:01:24.288
CRC-Response  - 144,11,F000,34*a342 * 15-01-2025 17:01:24.406
Command * READ TEMPERATURE - #145,11*bfaf
 * 15-01-2025 17:01:29.453
CRC-Response  - 145,11,F000,34*60bf * 15-01-2025 17:01:29.557
Command * READ TEMPERATURE - #146,11*fbaf
 * 15-01-2025 17:01:34.606
CRC-Response  - 146,11,F000,34*64bb * 15-01-2025 17:01:34.711
Command * READ TEMPERATURE - #147,11*07ae
 * 15-01-2025 17:01:39.767
CRC-Response  - 147,11,F000,34*a746 * 15-01-2025 17:01:39.884
Command * READ TEMPERATURE - #148,11*13ad
 * 15-01-2025 17:01:44.945
CRC-Response  - 148,11,F000,34*b352 * 15-01-2025 17:01:45.64
Command * READ TEMPERATURE - #149,11*efac
 * 15-01-2025 17:01:50.112
CRC-Response  - 149,11,F000,34*70af * 15-01-2025 17:01:50.227
Command * READ TEMPERATURE - #150,11*b392
 * 15-01-2025 17:01:55.276
CRC-Response  - 150,11,F000,34*edb1 * 15-01-2025 17:01:55.392
Command * READ TEMPERATURE - #151,11*4f93
 * 15-01-2025 17:02:00.448
CRC-Response  - 151,11,F000,34*2e4c * 15-01-2025 17:02:00.563
Command * HEATER DOOR OPEN - #152,8,1,1*aba1
 * 15-01-2025 17:02:02.331
CRC-Response  - 152,8,I001*9a73 * 15-01-2025 17:02:02.450
CRC-Response  - 152,8,F000*4eb1 * 15-01-2025 17:02:02.775
Rack - 2Protocol Started * 15-01-2025 17:02:03.463
Command * Rack-2 Picked from L2 - #153,2,1,13934,16380,0,0*3338
 * 15-01-2025 17:02:03.539
CRC-Response  - 153,2,I001,1*f5a9 * 15-01-2025 17:02:03.650
CRC-Response  - 153,2,F000,1*caf8 * 15-01-2025 17:02:10.172
Command * Rack-2 Placed in H2 - #154,3,1,2688,8700,0,1*afa7
 * 15-01-2025 17:02:10.728
CRC-Response  - 154,3,I001,1*e3d9 * 15-01-2025 17:02:10.847
CRC-Response  - 154,3,F000,1*dc88 * 15-01-2025 17:02:17.368
Command * HEATER DOOR CLOSE - #155,8,1,0*ab16
 * 15-01-2025 17:02:17.915
CRC-Response  - 155,8,I001*7c32 * 15-01-2025 17:02:18.23
CRC-Response  - 155,8,F000*a8f0 * 15-01-2025 17:02:18.369
Command * READ TEMPERATURE - #156,11*3b92
 * 15-01-2025 17:02:18.580
CRC-Response  - 156,11,F000,34*e5b9 * 15-01-2025 17:02:18.697
Command * READ TEMPERATURE - #157,11*c793
 * 15-01-2025 17:02:23.753
CRC-Response  - 157,11,F000,33*e405 * 15-01-2025 17:02:23.871
Command * READ TEMPERATURE - #158,11*d390
 * 15-01-2025 17:02:28.919
CRC-Response  - 158,11,F000,34*3250 * 15-01-2025 17:02:29.34
Command * READ TEMPERATURE - #159,11*2f91
 * 15-01-2025 17:02:34.97
CRC-Response  - 159,11,F000,34*f1ad * 15-01-2025 17:02:34.262
Command * READ TEMPERATURE - #160,11*b3d6
 * 15-01-2025 17:02:39.311
CRC-Response  - 160,11,F000,34*2eb4 * 15-01-2025 17:02:39.430
Command * READ TEMPERATURE - #161,11*4fd7
 * 15-01-2025 17:02:44.490
CRC-Response  - 161,11,F000,34*ed49 * 15-01-2025 17:02:44.593
Command * READ TEMPERATURE - #162,11*0bd7
 * 15-01-2025 17:02:49.649
CRC-Response  - 162,11,F000,34*e94d * 15-01-2025 17:02:49.908
Command * READ TEMPERATURE - #163,11*f7d6
 * 15-01-2025 17:02:54.970
CRC-Response  - 163,11,F000,34*2ab0 * 15-01-2025 17:02:55.83
Command * READ TEMPERATURE - #164,11*83d7
 * 15-01-2025 17:03:00.139
CRC-Response  - 164,11,F000,34*e145 * 15-01-2025 17:03:00.254
Command * READ TEMPERATURE - #165,11*7fd6
 * 15-01-2025 17:03:05.315
CRC-Response  - 165,11,F000,34*22b8 * 15-01-2025 17:03:05.432
Command * READ TEMPERATURE - #166,11*3bd6
 * 15-01-2025 17:03:10.486
CRC-Response  - 166,11,F000,35*e67d * 15-01-2025 17:03:10.604
Command * READ TEMPERATURE - #167,11*c7d7
 * 15-01-2025 17:03:15.651
CRC-Response  - 167,11,F000,34*e541 * 15-01-2025 17:03:15.769
Command * READ TEMPERATURE - #168,11*d3d4
 * 15-01-2025 17:03:20.838
CRC-Response  - 168,11,F000,34*f155 * 15-01-2025 17:03:20.956
Command * READ TEMPERATURE - #169,11*2fd5
 * 15-01-2025 17:03:26.17
CRC-Response  - 169,11,F000,34*32a8 * 15-01-2025 17:03:26.120
Command * READ TEMPERATURE - #170,11*73eb
 * 15-01-2025 17:03:31.173
CRC-Response  - 170,11,F000,34*afb6 * 15-01-2025 17:03:31.279
Command * READ TEMPERATURE - #171,11*8fea
 * 15-01-2025 17:03:36.336
CRC-Response  - 171,11,F000,34*6c4b * 15-01-2025 17:03:36.454
Command * READ TEMPERATURE - #172,11*cbea
 * 15-01-2025 17:03:41.507
CRC-Response  - 172,11,F000,34*684f * 15-01-2025 17:03:41.628
Command * READ TEMPERATURE - #173,11*37eb
 * 15-01-2025 17:03:46.693
CRC-Response  - 173,11,F000,34*abb2 * 15-01-2025 17:03:46.796
Command * READ TEMPERATURE - #174,11*43ea
 * 15-01-2025 17:03:51.837
CRC-Response  - 174,11,F000,34*6047 * 15-01-2025 17:03:51.941
Command * READ TEMPERATURE - #175,11*bfeb
 * 15-01-2025 17:03:57.1
CRC-Response  - 175,11,F000,35*637b * 15-01-2025 17:03:57.107
Command * READ TEMPERATURE - #176,11*fbeb
 * 15-01-2025 17:04:02.164
CRC-Response  - 176,11,F000,34*a7be * 15-01-2025 17:04:02.281
Command * READ TEMPERATURE - #177,11*07ea
 * 15-01-2025 17:04:07.329
CRC-Response  - 177,11,F000,34*6443 * 15-01-2025 17:04:07.433
Command * READ TEMPERATURE - #178,11*13e9
 * 15-01-2025 17:04:12.491
CRC-Response  - 178,11,F000,35*b096 * 15-01-2025 17:04:12.596
Command * READ TEMPERATURE - #179,11*efe8
 * 15-01-2025 17:04:17.656
CRC-Response  - 179,11,F000,34*b3aa * 15-01-2025 17:04:17.778
Command * READ TEMPERATURE - #180,11*72bf
 * 15-01-2025 17:04:22.835
CRC-Response  - 180,11,F000,34*a0a2 * 15-01-2025 17:04:22.948
Command * READ TEMPERATURE - #181,11*8ebe
 * 15-01-2025 17:04:27.997
CRC-Response  - 181,11,F000,35*a39e * 15-01-2025 17:04:28.110
Command * READ TEMPERATURE - #182,11*cabe
 * 15-01-2025 17:04:33.160
CRC-Response  - 182,11,F000,35*a79a * 15-01-2025 17:04:33.275
Command * READ TEMPERATURE - #183,11*36bf
 * 15-01-2025 17:04:38.330
CRC-Response  - 183,11,F000,34*a4a6 * 15-01-2025 17:04:38.446
Command * READ TEMPERATURE - #184,11*42be
 * 15-01-2025 17:04:43.497
CRC-Response  - 184,11,F000,35*af92 * 15-01-2025 17:04:43.612
Command * READ TEMPERATURE - #185,11*bebf
 * 15-01-2025 17:04:48.675
CRC-Response  - 185,11,F000,34*acae * 15-01-2025 17:04:48.783
Command * READ TEMPERATURE - #186,11*fabf
 * 15-01-2025 17:04:53.841
CRC-Response  - 186,11,F000,35*686b * 15-01-2025 17:04:53.954
Command * READ TEMPERATURE - #187,11*06be
 * 15-01-2025 17:04:58.995
CRC-Response  - 187,11,F000,34*6b57 * 15-01-2025 17:04:59.113
Command * READ TEMPERATURE - #188,11*12bd
 * 15-01-2025 17:05:04.168
CRC-Response  - 188,11,F000,35*bf82 * 15-01-2025 17:05:04.288
Command * READ TEMPERATURE - #189,11*eebc
 * 15-01-2025 17:05:09.353
CRC-Response  - 189,11,F000,34*bcbe * 15-01-2025 17:05:09.471
Command * READ TEMPERATURE - #190,11*b282
 * 15-01-2025 17:05:14.533
CRC-Response  - 190,11,F000,34*21a0 * 15-01-2025 17:05:14.649
Command * READ TEMPERATURE - #191,11*4e83
 * 15-01-2025 17:05:19.709
CRC-Response  - 191,11,F000,35*229c * 15-01-2025 17:05:19.814
Command * READ TEMPERATURE - #192,11*0a83
 * 15-01-2025 17:05:24.869
CRC-Response  - 192,11,F000,35*2698 * 15-01-2025 17:05:24.986
Command * READ TEMPERATURE - #193,11*f682
 * 15-01-2025 17:05:30.29
CRC-Response  - 193,11,F000,35*e565 * 15-01-2025 17:05:30.142
Command * READ TEMPERATURE - #194,11*8283
 * 15-01-2025 17:05:35.190
CRC-Response  - 194,11,F000,35*2e90 * 15-01-2025 17:05:35.308
Command * READ TEMPERATURE - #195,11*7e82
 * 15-01-2025 17:05:40.363
CRC-Response  - 195,11,F000,34*2dac * 15-01-2025 17:05:40.528
Command * READ TEMPERATURE - #196,11*3a82
 * 15-01-2025 17:05:45.577
CRC-Response  - 196,11,F000,35*e969 * 15-01-2025 17:05:45.683
Command * READ TEMPERATURE - #197,11*c683
 * 15-01-2025 17:05:50.736
CRC-Response  - 197,11,F000,35*2a94 * 15-01-2025 17:05:50.855
Command * READ TEMPERATURE - #198,11*d280
 * 15-01-2025 17:05:55.902
CRC-Response  - 198,11,F000,35*3e80 * 15-01-2025 17:05:56.21
Command * READ TEMPERATURE - #199,11*2e81
 * 15-01-2025 17:06:01.75
CRC-Response  - 199,11,F000,34*3dbc * 15-01-2025 17:06:01.193
Command * READ TEMPERATURE - #200,11*805e
 * 15-01-2025 17:06:06.253
CRC-Response  - 200,11,F000,35*2b7f * 15-01-2025 17:06:06.357
Command * READ TEMPERATURE - #201,11*7c5f
 * 15-01-2025 17:06:11.406
CRC-Response  - 201,11,F000,35*e882 * 15-01-2025 17:06:11.524
Command * READ TEMPERATURE - #202,11*385f
 * 15-01-2025 17:06:16.574
CRC-Response  - 202,11,F000,35*ec86 * 15-01-2025 17:06:16.692
Command * READ TEMPERATURE - #203,11*c45e
 * 15-01-2025 17:06:21.759
CRC-Response  - 203,11,F000,34*efba * 15-01-2025 17:06:21.877
Command * READ TEMPERATURE - #204,11*b05f
 * 15-01-2025 17:06:26.922
CRC-Response  - 204,11,F000,35*e48e * 15-01-2025 17:06:27.39
Command * READ TEMPERATURE - #205,11*4c5e
 * 15-01-2025 17:06:32.89
CRC-Response  - 205,11,F000,35*2773 * 15-01-2025 17:06:32.192
Command * READ TEMPERATURE - #206,11*085e
 * 15-01-2025 17:06:37.256
CRC-Response  - 206,11,F000,35*2377 * 15-01-2025 17:06:37.361
Command * READ TEMPERATURE - #207,11*f45f
 * 15-01-2025 17:06:42.412
CRC-Response  - 207,11,F000,35*e08a * 15-01-2025 17:06:42.530
Command * READ TEMPERATURE - #208,11*e05c
 * 15-01-2025 17:06:47.578
CRC-Response  - 208,11,F000,34*345f * 15-01-2025 17:06:47.697
Command * READ TEMPERATURE - #209,11*1c5d
 * 15-01-2025 17:06:52.755
CRC-Response  - 209,11,F000,35*3763 * 15-01-2025 17:06:52.921
Command * READ TEMPERATURE - #210,11*4063
 * 15-01-2025 17:06:57.973
CRC-Response  - 210,11,F000,35*aa7d * 15-01-2025 17:06:58.90
Command * READ TEMPERATURE - #211,11*bc62
 * 15-01-2025 17:07:03.137
CRC-Response  - 211,11,F000,35*6980 * 15-01-2025 17:07:03.243
Command * READ TEMPERATURE - #212,11*f862
 * 15-01-2025 17:07:08.300
CRC-Response  - 212,11,F000,35*6d84 * 15-01-2025 17:07:08.415
Command * READ TEMPERATURE - #213,11*0463
 * 15-01-2025 17:07:13.468
CRC-Response  - 213,11,F000,35*ae79 * 15-01-2025 17:07:13.585
Command * READ TEMPERATURE - #214,11*7062
 * 15-01-2025 17:07:18.637
CRC-Response  - 214,11,F000,35*658c * 15-01-2025 17:07:18.747
Command * READ TEMPERATURE - #215,11*8c63
 * 15-01-2025 17:07:23.796
CRC-Response  - 215,11,F000,35*a671 * 15-01-2025 17:07:23.913
Command * READ TEMPERATURE - #216,11*c863
 * 15-01-2025 17:07:28.967
CRC-Response  - 216,11,F000,35*a275 * 15-01-2025 17:07:29.71
Command * READ TEMPERATURE - #217,11*3462
 * 15-01-2025 17:07:34.121
CRC-Response  - 217,11,F000,35*6188 * 15-01-2025 17:07:34.227
Command * READ TEMPERATURE - #218,11*2061
 * 15-01-2025 17:07:39.282
CRC-Response  - 218,11,F000,35*759c * 15-01-2025 17:07:39.392
Command * READ TEMPERATURE - #219,11*dc60
 * 15-01-2025 17:07:44.437
CRC-Response  - 219,11,F000,35*b661 * 15-01-2025 17:07:44.541
Command * READ TEMPERATURE - #220,11*4027
 * 15-01-2025 17:07:49.589
CRC-Response  - 220,11,F000,35*6978 * 15-01-2025 17:07:49.707
Command * READ TEMPERATURE - #221,11*bc26
 * 15-01-2025 17:07:54.767
CRC-Response  - 221,11,F000,35*aa85 * 15-01-2025 17:07:54.884
Command * READ TEMPERATURE - #222,11*f826
 * 15-01-2025 17:07:59.946
CRC-Response  - 222,11,F000,35*ae81 * 15-01-2025 17:08:00.58
Command * READ TEMPERATURE - #223,11*0427
 * 15-01-2025 17:08:05.110
CRC-Response  - 223,11,F000,35*6d7c * 15-01-2025 17:08:05.228
Command * READ TEMPERATURE - #224,11*7026
 * 15-01-2025 17:08:10.283
CRC-Response  - 224,11,F000,35*a689 * 15-01-2025 17:08:10.399
Command * READ TEMPERATURE - #225,11*8c27
 * 15-01-2025 17:08:15.449
CRC-Response  - 225,11,F000,35*6574 * 15-01-2025 17:08:15.554
Command * READ TEMPERATURE - #226,11*c827
 * 15-01-2025 17:08:20.611
CRC-Response  - 226,11,F000,35*6170 * 15-01-2025 17:08:20.724
Command * READ TEMPERATURE - #227,11*3426
 * 15-01-2025 17:08:25.787
CRC-Response  - 227,11,F000,35*a28d * 15-01-2025 17:08:25.890
Command * READ TEMPERATURE - #228,11*2025
 * 15-01-2025 17:08:30.941
CRC-Response  - 228,11,F000,35*b699 * 15-01-2025 17:08:31.53
Command * READ TEMPERATURE - #229,11*dc24
 * 15-01-2025 17:08:36.122
CRC-Response  - 229,11,F000,35*7564 * 15-01-2025 17:08:36.360
Command * READ TEMPERATURE - #230,11*801a
 * 15-01-2025 17:08:41.416
CRC-Response  - 230,11,F000,35*e87a * 15-01-2025 17:08:41.532
Command * READ TEMPERATURE - #231,11*7c1b
 * 15-01-2025 17:08:46.576
CRC-Response  - 231,11,F000,35*2b87 * 15-01-2025 17:08:46.689
Command * READ TEMPERATURE - #232,11*381b
 * 15-01-2025 17:08:51.736
CRC-Response  - 232,11,F000,35*2f83 * 15-01-2025 17:08:51.854
Command * READ TEMPERATURE - #233,11*c41a
 * 15-01-2025 17:08:56.911
CRC-Response  - 233,11,F000,35*ec7e * 15-01-2025 17:08:57.26
Command * READ TEMPERATURE - #234,11*b01b
 * 15-01-2025 17:09:02.88
CRC-Response  - 234,11,F000,35*278b * 15-01-2025 17:09:02.205
Command * READ TEMPERATURE - #235,11*4c1a
 * 15-01-2025 17:09:07.274
CRC-Response  - 235,11,F000,35*e476 * 15-01-2025 17:09:07.392
Command * READ TEMPERATURE - #236,11*081a
 * 15-01-2025 17:09:12.433
CRC-Response  - 236,11,F000,35*e072 * 15-01-2025 17:09:12.537
Command * READ TEMPERATURE - #237,11*f41b
 * 15-01-2025 17:09:17.594
CRC-Response  - 237,11,F000,35*238f * 15-01-2025 17:09:17.710
Command * READ TEMPERATURE - #238,11*e018
 * 15-01-2025 17:09:22.772
CRC-Response  - 238,11,F000,35*379b * 15-01-2025 17:09:22.875
Command * READ TEMPERATURE - #239,11*1c19
 * 15-01-2025 17:09:27.920
CRC-Response  - 239,11,F000,35*f466 * 15-01-2025 17:09:28.24
Command * READ TEMPERATURE - #240,11*40af
 * 15-01-2025 17:09:33.86
CRC-Response  - 240,11,F000,35*af71 * 15-01-2025 17:09:33.191
Command * READ TEMPERATURE - #241,11*bcae
 * 15-01-2025 17:09:38.252
CRC-Response  - 241,11,F000,35*6c8c * 15-01-2025 17:09:38.366
Command * READ TEMPERATURE - #242,11*f8ae
 * 15-01-2025 17:09:43.427
CRC-Response  - 242,11,F000,35*6888 * 15-01-2025 17:09:43.545
Command * READ TEMPERATURE - #243,11*04af
 * 15-01-2025 17:09:48.606
CRC-Response  - 243,11,F000,35*ab75 * 15-01-2025 17:09:48.723
Command * READ TEMPERATURE - #244,11*70ae
 * 15-01-2025 17:09:53.780
CRC-Response  - 244,11,F000,35*6080 * 15-01-2025 17:09:53.916
Command * READ TEMPERATURE - #245,11*8caf
 * 15-01-2025 17:09:58.968
CRC-Response  - 245,11,F000,35*a37d * 15-01-2025 17:09:59.85
Command * READ TEMPERATURE - #246,11*c8af
 * 15-01-2025 17:10:04.136
CRC-Response  - 246,11,F000,35*a779 * 15-01-2025 17:10:04.254
Command * READ TEMPERATURE - #247,11*34ae
 * 15-01-2025 17:10:09.320
CRC-Response  - 247,11,F000,35*6484 * 15-01-2025 17:10:09.426
Command * READ TEMPERATURE - #248,11*20ad
 * 15-01-2025 17:10:14.495
CRC-Response  - 248,11,F000,35*7090 * 15-01-2025 17:10:14.610
Command * READ TEMPERATURE - #249,11*dcac
 * 15-01-2025 17:10:19.661
CRC-Response  - 249,11,F000,35*b36d * 15-01-2025 17:10:19.775
Command * READ TEMPERATURE - #250,11*8092
 * 15-01-2025 17:10:24.828
CRC-Response  - 250,11,F000,35*2e73 * 15-01-2025 17:10:24.931
Command * READ TEMPERATURE - #251,11*7c93
 * 15-01-2025 17:10:29.996
CRC-Response  - 251,11,F000,35*ed8e * 15-01-2025 17:10:30.111
Command * READ TEMPERATURE - #252,11*3893
 * 15-01-2025 17:10:35.154
CRC-Response  - 252,11,F000,35*e98a * 15-01-2025 17:10:35.271
Command * HEATER DOOR OPEN - #253,8,1,1*9ba5
 * 15-01-2025 17:10:58.111
CRC-Response  - 253,8,I001*5942 * 15-01-2025 17:10:58.545
CRC-Response  - 253,8,F000*8d80 * 15-01-2025 17:10:58.580
Command * Rack-1 Picked from H1 - #254,2,1,2688,1000,0,1*a673
 * 15-01-2025 17:10:59.134
CRC-Response  - 254,2,I001,1*2b1c * 15-01-2025 17:10:59.377
CRC-Response  - 254,2,F000,1*144d * 15-01-2025 17:11:05.86
Command * HEATER DOOR CLOSE - #255,8,1,0*5b02
 * 15-01-2025 17:11:05.443
CRC-Response  - 255,8,I001*73c2 * 15-01-2025 17:11:05.557
CRC-Response  - 255,8,F000*a700 * 15-01-2025 17:11:05.888
Command * Rack-1 Placed in J1 - #0,3,1,10304,800,0,0*19f8
 * 15-01-2025 17:11:06.119
CRC-Response  - 0,3,I001,1*7cdf * 15-01-2025 17:11:06.235
CRC-Response  - 0,3,F000,1*438e * 15-01-2025 17:11:12.332
Command * HEATER DOOR OPEN - #1,8,1,1*e119
 * 15-01-2025 17:15:22.456
CRC-Response  - 1,8,I001*e839 * 15-01-2025 17:15:22.668
CRC-Response  - 1,8,F000*3cfb * 15-01-2025 17:15:22.901
Rack - R3Protocol Started * 15-01-2025 17:15:23.689
Command * Rack-3 Picked from L3 - #2,2,1,10304,16380,0,0*ae5a
 * 15-01-2025 17:15:23.766
CRC-Response  - 2,2,I001,1*7abf * 15-01-2025 17:15:23.876
CRC-Response  - 2,2,F000,1*45ee * 15-01-2025 17:15:30.333
Command * Rack-3 Placed in H3 - #3,3,1,2688,16380,0,1*a4e1
 * 15-01-2025 17:15:30.473
CRC-Response  - 3,3,I001,1*732f * 15-01-2025 17:15:30.577
CRC-Response  - 3,3,F000,1*4c7e * 15-01-2025 17:15:36.698
Command * HEATER DOOR CLOSE - #4,8,1,0*218d
 * 15-01-2025 17:15:37.155
CRC-Response  - 4,8,I001*d7f9 * 15-01-2025 17:15:37.264
CRC-Response  - 4,8,F000*033b * 15-01-2025 17:15:37.610
Command * READ TEMPERATURE - #5,11*651a
 * 15-01-2025 17:15:37.815
CRC-Response  - 5,11,F000,35*26ce * 15-01-2025 17:15:37.921
Command * READ TEMPERATURE - #6,11*211a
 * 15-01-2025 17:15:42.976
CRC-Response  - 6,11,F000,35*22ca * 15-01-2025 17:15:43.92
Command * READ TEMPERATURE - #7,11*dd1b
 * 15-01-2025 17:15:48.142
CRC-Response  - 7,11,F000,35*e137 * 15-01-2025 17:15:48.258
Command * READ TEMPERATURE - #8,11*c918
 * 15-01-2025 17:15:53.321
CRC-Response  - 8,11,F000,35*f523 * 15-01-2025 17:15:53.437
Command * Rack-1 Picked from J1 - #9,2,1,10304,800,0,0*1476
 * 15-01-2025 17:16:13.62
CRC-Response  - 9,2,I001,1*9fce * 15-01-2025 17:16:13.205
CRC-Response  - 9,2,F000,1*a09f * 15-01-2025 17:16:19.639
Command * Rack-1 Placed in J2 - #10,3,1,13934,800 ,0,0*bcce
 * 15-01-2025 17:16:19.799
CRC-Response  - 10,3,I001,1*6352 * 15-01-2025 17:16:19.904
CRC-Response  - 10,3,F000,1*5c03 * 15-01-2025 17:16:25.573
Command * Rack-1 Picked from J2 - #11,2,1,13934,800 ,0,0*91a2
 * 15-01-2025 17:21:26.265
CRC-Response  - 11,2,I001,1*6ac2 * 15-01-2025 17:21:26.410
CRC-Response  - 11,2,F000,1*5593 * 15-01-2025 17:21:31.517
Command * Rack-1 Placed in J3 - #12,3,1,17564,800 ,0,0*06b8
 * 15-01-2025 17:21:32.7
CRC-Response  - 12,3,I001,1*a9f3 * 15-01-2025 17:21:32.122
CRC-Response  - 12,3,F000,1*96a2 * 15-01-2025 17:21:37.786
Command * HEATER DOOR OPEN - #13,8,1,1*f2a3
 * 15-01-2025 17:22:18.260
CRC-Response  - 13,8,I001*5bab * 15-01-2025 17:22:18.382
CRC-Response  - 13,8,F000*8f69 * 15-01-2025 17:22:18.705
Command * Rack-2 Picked from H2 - #14,2,1,2688,8700,0,1*991d
 * 15-01-2025 17:22:18.944
CRC-Response  - 14,2,I001,1*7ad2 * 15-01-2025 17:22:19.68
CRC-Response  - 14,2,F000,1*4583 * 15-01-2025 17:22:25.985
Command * Rack-2 Placed in J1 - #15,3,1,10304,800,0,0*cf4c
 * 15-01-2025 17:22:26.140
CRC-Response  - 15,3,I001,1*7342 * 15-01-2025 17:22:26.253
CRC-Response  - 15,3,F000,1*4c13 * 15-01-2025 17:22:32.372
Command * Rack-1 Picked from J3 - #16,2,1,17564,800 ,0,0*7e18
 * 15-01-2025 17:26:38.468
CRC-Response  - 16,2,I001,1*b073 * 15-01-2025 17:26:38.646
CRC-Response  - 16,2,F000,1*8f22 * 15-01-2025 17:26:44.659
Command * Rack-1 Placed in J4 - #17,3,1,21194,800 ,0,0*4dbf
 * 15-01-2025 17:26:45.240
CRC-Response  - 17,3,I001,1*b9e3 * 15-01-2025 17:26:45.356
CRC-Response  - 17,3,F000,1*86b2 * 15-01-2025 17:26:51.5
Command * Rack-2 Picked from J1 - #18,2,1,10304,800,0,0*f233
 * 15-01-2025 17:27:33.59
CRC-Response  - 18,2,I001,1*4512 * 15-01-2025 17:27:33.302
CRC-Response  - 18,2,F000,1*7a43 * 15-01-2025 17:27:39.634
Command * Rack-2 Placed in J2 - #19,3,1,13934,800 ,0,0*2412
 * 15-01-2025 17:27:39.880
CRC-Response  - 19,3,I001,1*4c82 * 15-01-2025 17:27:39.990
CRC-Response  - 19,3,F000,1*73d3 * 15-01-2025 17:27:45.657
Command * HEATER DOOR OPEN - #20,8,1,1*e7d0
 * 15-01-2025 17:28:46.492
CRC-Response  - 20,8,I001*beff * 15-01-2025 17:28:46.726
CRC-Response  - 20,8,F000*6a3d * 15-01-2025 17:28:46.947
Command * Level Sensing For L1 - #21,4,17564,16380,0,0*1f88
 * 15-01-2025 17:28:47.282
CRC-Response  - 21,4,I001*be3e * 15-01-2025 17:28:47.397
CRC-Response  - 21,4,F000,271*f76e * 15-01-2025 17:28:51.468
L1 Value - 271 * 15-01-2025 17:28:51.487
Command * Level Sensing For L2 - #22,4,13934,16380,0,0*5fd4
 * 15-01-2025 17:28:51.958
CRC-Response  - 22,4,I001*ab7e * 15-01-2025 17:28:52.73
CRC-Response  - 22,4,F000,276*312b * 15-01-2025 17:28:54.367
L2 Value - 276 * 15-01-2025 17:28:54.382
Command * Level Sensing For L3 - #23,4,10304,16380,0,0*aef6
 * 15-01-2025 17:28:54.626
CRC-Response  - 23,4,I001*67bf * 15-01-2025 17:28:54.739
CRC-Response  - 23,4,F000,267*a216 * 15-01-2025 17:28:57.24
L3 Value - 267 * 15-01-2025 17:28:57.42
Command * Home Command - #24,5,01111111*2d6d
 * 15-01-2025 17:28:57.313
CRC-Response  - 24,5,I001,01111111*4c5d * 15-01-2025 17:28:57.431
CRC-Response  - 24,5,F000*843d * 15-01-2025 17:29:08.446
Command * Home Command - #25,5,01111111*ee90
 * 15-01-2025 17:29:11.22
CRC-Response  - 25,5,I001,01111111*dc0c * 15-01-2025 17:29:11.133
CRC-Response  - 25,5,F000*48fc * 15-01-2025 17:29:11.140
Rack - 4Protocol Started * 15-01-2025 17:29:14.166
Command * Rack-4 Picked from L1 - #26,2,1,17564,16380,0,0*fdc8
 * 15-01-2025 17:29:14.255
CRC-Response  - 26,2,I001,1*f47c * 15-01-2025 17:29:14.371
CRC-Response  - 26,2,F000,1*cb2d * 15-01-2025 17:29:25.38
Command * Rack-4 Placed in H1 - #27,3,1,2688,1000,0,1*d4fa
 * 15-01-2025 17:29:25.477
CRC-Response  - 27,3,I001,1*fdec * 15-01-2025 17:29:25.585
CRC-Response  - 27,3,F000,1*c2bd * 15-01-2025 17:29:32.521
Command * HEATER DOOR CLOSE - #28,8,1,0*e798
 * 15-01-2025 17:29:32.671
CRC-Response  - 28,8,I001*18fe * 15-01-2025 17:29:32.788
CRC-Response  - 28,8,F000*cc3c * 15-01-2025 17:29:33.114
Command * READ TEMPERATURE - #29,11*d504
 * 15-01-2025 17:29:33.340
CRC-Response  - 29,11,F000,34*ad3e * 15-01-2025 17:29:33.444
Command * Rack-1 Picked from J4 - #30,2,1,21194,800 ,0,0*e478
 * 15-01-2025 17:29:51.690
CRC-Response  - 30,2,I001,1*1798 * 15-01-2025 17:29:51.897
CRC-Response  - 30,2,F000,1*28c9 * 15-01-2025 17:29:59.123
Command * Rack-1 Placed in J5 - #31,3,1,24824,800 ,0,0*f421
 * 15-01-2025 17:29:59.486
CRC-Response  - 31,3,I001,1*1e08 * 15-01-2025 17:29:59.607
CRC-Response  - 31,3,F000,1*2159 * 15-01-2025 17:30:05.263
Command * Rack-2 Picked from J2 - #32,2,1,13934,800 ,0,0*40c5
 * 15-01-2025 17:32:46.281
CRC-Response  - 32,2,I001,1*dd39 * 15-01-2025 17:32:46.389
CRC-Response  - 32,2,F000,1*e268 * 15-01-2025 17:32:52.866
Command * Rack-2 Placed in J3 - #33,3,1,17564,800 ,0,0*35a6
 * 15-01-2025 17:32:52.983
CRC-Response  - 33,3,I001,1*d4a9 * 15-01-2025 17:32:53.100
CRC-Response  - 33,3,F000,1*ebf8 * 15-01-2025 17:32:58.755
Command * Rack-1 Picked from J5 - #34,2,1,24824,800 ,0,0*5dbc
 * 15-01-2025 17:33:05.921
CRC-Response  - 34,2,I001,1*c2d9 * 15-01-2025 17:33:06.36
CRC-Response  - 34,2,F000,1*fd88 * 15-01-2025 17:33:12.102
Command * Rack-1 Placed in J6 - #35,3,1,28454,800 ,0,0*d8cb
 * 15-01-2025 17:33:12.614
CRC-Response  - 35,3,I001,1*cb49 * 15-01-2025 17:33:12.731
CRC-Response  - 35,3,F000,1*f418 * 15-01-2025 17:33:18.393
Command * HEATER DOOR OPEN - #36,8,1,1*2b77
 * 15-01-2025 17:35:37.554
CRC-Response  - 36,8,I001*0472 * 15-01-2025 17:35:37.798
CRC-Response  - 36,8,F000*d0b0 * 15-01-2025 17:35:38.389
Command * Rack-4 Picked from H1 - #37,2,1,2688,1000,0,1*9596
 * 15-01-2025 17:35:51.619
CRC-Response  - 37,2,I001,1*cd29 * 15-01-2025 17:35:51.720
CRC-Response  - 37,2,F000,1*f278 * 15-01-2025 17:35:59.850
Command * Rack-4 Placed in J1 - #38,3,1,10304,800,0,0*801b
 * 15-01-2025 17:36:00.808
CRC-Response  - 38,3,I001,1*31d8 * 15-01-2025 17:36:00.925
CRC-Response  - 38,3,F000,1*0e89 * 15-01-2025 17:36:07.34
Command * WATER VALVE - 1 CONTROL ON - #39,13,1,1*d3e0
 * 15-01-2025 17:36:07.811
CRC-Response  - 39,13,F000*7e09 * 15-01-2025 17:36:07.922
