Device Intialization started * 12-02-2025 14:37:25.124
Command * SET TEMPERATURE - #0,10,37*84ca
 * 12-02-2025 14:37:25.407
CRC-Response  - 0,10,F000*1ae9 * 12-02-2025 14:37:25.704
Command * WATER VALVE - 1 CONTROL ON - #1,13,1,1*7feb
 * 12-02-2025 14:37:27.771
CRC-Response  - 1,13,F000*b9e4 * 12-02-2025 14:37:32.892
Command * WATER VALVE - 2 CONTROL ON - #2,13,2,1*6a5b
 * 12-02-2025 14:37:33.433
CRC-Response  - 2,13,F000*49f0 * 12-02-2025 14:37:33.542
Command * WATER VALVE - 3 CONTROL ON - #3,13,3,1*66cb
 * 12-02-2025 14:37:34.228
CRC-Response  - 3,13,F000*d9fd * 12-02-2025 14:37:34.344
Command * WATER VALVE - 4 CONTROL ON - #4,13,4,1*413b
 * 12-02-2025 14:37:35.10
CRC-Response  - 4,13,F000*e9db * 12-02-2025 14:37:35.118
Command * WATER VALVE - 5 CONTROL ON - #5,13,5,1*4dab
 * 12-02-2025 14:37:35.767
CRC-Response  - 5,13,F000*79d6 * 12-02-2025 14:37:35.877
Command * WATER VALVE - 6 CONTROL ON - #6,13,6,1*581b
 * 12-02-2025 14:37:36.544
CRC-Response  - 6,13,F000*89c2 * 12-02-2025 14:37:36.652
Command * Home Command - #7,5,00100100*dea4
 * 12-02-2025 14:37:37.335
CRC-Response  - 7,5,I001,00100100*33ee * 12-02-2025 14:37:37.446
CRC-Response  - 7,5,F000*0b7a * 12-02-2025 14:37:38.826
Command * Home Command - #8,5,01111111*665c
 * 12-02-2025 14:37:41.131
CRC-Response  - 8,5,I001,01111111*6c37 * 12-02-2025 14:37:41.239
CRC-Response  - 8,5,F000*4b3a * 12-02-2025 14:37:44.538
Command * Home Command - #9,5,01111111*a5a1
 * 12-02-2025 14:37:46.911
CRC-Response  - 9,5,I001,01111111*fc66 * 12-02-2025 14:37:47.21
CRC-Response  - 9,5,F000*87fb * 12-02-2025 14:37:47.23
Command * Level Sensing For U1 - #10,4,61124,16380,0,0*9f4f
 * 12-02-2025 14:37:49.207
CRC-Response  - 10,4,I001*82eb * 12-02-2025 14:37:49.316
CRC-Response  - 10,4,F000,3147*15d4 * 12-02-2025 14:37:53.470
U1 Value - 3147 * 12-02-2025 14:37:53.517
Command * Level Sensing For U2 - #11,4,57494,16380,0,0*bade
 * 12-02-2025 14:37:53.983
CRC-Response  - 11,4,I001*4e2a * 12-02-2025 14:37:54.89
CRC-Response  - 11,4,F000,3140*5697 * 12-02-2025 14:37:56.392
U2 Value - 3140 * 12-02-2025 14:37:56.426
Command * Level Sensing For U3 - #12,4,53864,16380,0,0*e29a
 * 12-02-2025 14:37:56.764
CRC-Response  - 12,4,I001*5b6a * 12-02-2025 14:37:56.875
CRC-Response  - 12,4,F000,3151*c552 * 12-02-2025 14:37:59.166
U3 Value - 3151 * 12-02-2025 14:37:59.195
Command * Level Sensing For U4 - #13,4,50234,16380,0,0*1bb0
 * 12-02-2025 14:37:59.553
CRC-Response  - 13,4,I001*97ab * 12-02-2025 14:37:59.662
CRC-Response  - 13,4,F000,3138*e293 * 12-02-2025 14:38:01.955
U4 Value - 3138 * 12-02-2025 14:38:01.982
Command * Level Sensing For U5 - #14,4,46604,16380,0,0*e9c8
 * 12-02-2025 14:38:02.327
CRC-Response  - 14,4,I001*71ea * 12-02-2025 14:38:02.435
CRC-Response  - 14,4,F000,3130*6399 * 12-02-2025 14:38:04.734
U5 Value - 3130 * 12-02-2025 14:38:04.761
Command * Level Sensing For U6 - #15,4,42974,16380,0,0*1511
 * 12-02-2025 14:38:05.105
CRC-Response  - 15,4,I001*bd2b * 12-02-2025 14:38:05.214
CRC-Response  - 15,4,F000,3152*8319 * 12-02-2025 14:38:07.506
U6 Value - 3152 * 12-02-2025 14:38:07.537
Command * Level Sensing For J1 - #16,4,10304,800,0,0*e5a2
 * 12-02-2025 14:38:07.893
CRC-Response  - 16,4,I001*a86b * 12-02-2025 14:38:08.1
CRC-Response  - 16,4,F000,3149*175c * 12-02-2025 14:38:13.554
J1 Value - 3149 * 12-02-2025 14:38:13.584
Command * Level Sensing For J2 - #17,4,13934,800 ,0,0*59f9
 * 12-02-2025 14:38:14.172
CRC-Response  - 17,4,I001*64aa * 12-02-2025 14:38:14.284
CRC-Response  - 17,4,F000,3153*01df * 12-02-2025 14:38:16.578
J2 Value - 3153 * 12-02-2025 14:38:16.610
Command * Level Sensing For J3 - #18,4,17564,800 ,0,0*16c5
 * 12-02-2025 14:38:16.950
CRC-Response  - 18,4,I001*24ea * 12-02-2025 14:38:17.59
CRC-Response  - 18,4,F000,3159*094b * 12-02-2025 14:38:19.351
J3 Value - 3159 * 12-02-2025 14:38:19.380
Command * Level Sensing For J4 - #19,4,21194,800 ,0,0*f45f
 * 12-02-2025 14:38:19.738
CRC-Response  - 19,4,I001*e82b * 12-02-2025 14:38:19.847
CRC-Response  - 19,4,F000,3159*8849 * 12-02-2025 14:38:22.137
J4 Value - 3159 * 12-02-2025 14:38:22.169
Command * Level Sensing For J5 - #20,4,24824,800 ,0,0*13fd
 * 12-02-2025 14:38:22.510
CRC-Response  - 20,4,I001*72ff * 12-02-2025 14:38:22.620
CRC-Response  - 20,4,F000,3157*86d6 * 12-02-2025 14:38:24.919
J5 Value - 3157 * 12-02-2025 14:38:24.963
Command * Level Sensing For J6 - #21,4,28454,800 ,0,0*47b7
 * 12-02-2025 14:38:25.275
CRC-Response  - 21,4,I001*be3e * 12-02-2025 14:38:25.386
CRC-Response  - 21,4,F000,3150*c595 * 12-02-2025 14:38:27.687
J6 Value - 3150 * 12-02-2025 14:38:27.717
Command * Level Sensing For J7 - #22,4,32084,800 ,0,0*ab95
 * 12-02-2025 14:38:28.58
CRC-Response  - 22,4,I001*ab7e * 12-02-2025 14:38:28.166
CRC-Response  - 22,4,F000,3150*0690 * 12-02-2025 14:38:30.460
J7 Value - 3150 * 12-02-2025 14:38:30.498
Command * Level Sensing For J8 - #23,4,35714,800 ,0,0*4714
 * 12-02-2025 14:38:30.834
CRC-Response  - 23,4,I001*67bf * 12-02-2025 14:38:30.940
CRC-Response  - 23,4,F000,3154*4493 * 12-02-2025 14:38:33.235
J8 Value - 3154 * 12-02-2025 14:38:33.265
Command * Level Sensing For J9 - #24,4,39344,800 ,0,0*fd54
 * 12-02-2025 14:38:33.623
CRC-Response  - 24,4,I001*81fe * 12-02-2025 14:38:33.734
CRC-Response  - 24,4,F000,3161*f058 * 12-02-2025 14:38:36.28
J9 Value - 3161 * 12-02-2025 14:38:36.56
Command * Level Sensing For J10 - #25,4,53864,800 ,0,0*6ef5
 * 12-02-2025 14:38:36.403
CRC-Response  - 25,4,I001*4d3f * 12-02-2025 14:38:36.512
CRC-Response  - 25,4,F000,3146*d31a * 12-02-2025 14:38:40.24
J10 Value - 3146 * 12-02-2025 14:38:40.53
Command * Level Sensing For J11 - #26,4,57494,800 ,0,0*aa2b
 * 12-02-2025 14:38:40.695
CRC-Response  - 26,4,I001*587f * 12-02-2025 14:38:40.804
CRC-Response  - 26,4,F000,3146*101f * 12-02-2025 14:38:43.98
J11 Value - 3146 * 12-02-2025 14:38:43.124
Command * Level Sensing For J12 - #27,4,61124,800 ,0,0*bb59
 * 12-02-2025 14:38:43.453
CRC-Response  - 27,4,I001*94be * 12-02-2025 14:38:43.563
CRC-Response  - 27,4,F000,3145*905d * 12-02-2025 14:38:45.858
J12 Value - 3145 * 12-02-2025 14:38:45.887
Command * Level Sensing For J13 - #28,4,64754,800 ,0,0*d574
 * 12-02-2025 14:38:46.230
CRC-Response  - 28,4,I001*d4fe * 12-02-2025 14:38:46.339
CRC-Response  - 28,4,F000,3130*ac8b * 12-02-2025 14:38:48.631
J13 Value - 3130 * 12-02-2025 14:38:48.660
Command * Level Sensing For J14 - #29,4,64754,8590,0,0*73b1
 * 12-02-2025 14:38:49.19
CRC-Response  - 29,4,I001*183f * 12-02-2025 14:38:49.128
CRC-Response  - 29,4,F000,3154*4e8b * 12-02-2025 14:38:51.602
J15 Value - 3154 * 12-02-2025 14:38:51.632
Command * Level Sensing For J15 - #30,4,61124,8590,0,0*6841
 * 12-02-2025 14:38:51.804
CRC-Response  - 30,4,I001*e2f2 * 12-02-2025 14:38:56.914
CRC-Response  - 30,4,F000,3160*7597 * 12-02-2025 14:38:56.917
J15 Value - 3160 * 12-02-2025 14:38:56.950
Command * Level Sensing For J16 - #31,4,57494,8590,0,0*7933
 * 12-02-2025 14:38:57.471
CRC-Response  - 31,4,I001*2e33 * 12-02-2025 14:38:57.581
CRC-Response  - 31,4,F000,3150*0495 * 12-02-2025 14:38:59.870
J16 Value - 3150 * 12-02-2025 14:38:59.896
Command * Level Sensing For J17 - #32,4,53864,8590,0,0*bded
 * 12-02-2025 14:39:00.246
CRC-Response  - 32,4,I001*3b73 * 12-02-2025 14:39:00.354
CRC-Response  - 32,4,F000,3159*c150 * 12-02-2025 14:39:02.645
J17 Value - 3159 * 12-02-2025 14:39:02.674
Command * Level Sensing For J18 - #33,4,39344,8590,0,0*2e4c
 * 12-02-2025 14:39:03.33
CRC-Response  - 33,4,I001*f7b2 * 12-02-2025 14:39:03.140
CRC-Response  - 33,4,F000,3164*7593 * 12-02-2025 14:39:06.645
J18 Value - 3164 * 12-02-2025 14:39:06.674
Command * Level Sensing For J19 - #34,4,35714,8590,0,0*940c
 * 12-02-2025 14:39:07.314
CRC-Response  - 34,4,I001*11f3 * 12-02-2025 14:39:07.420
CRC-Response  - 34,4,F000,3144*5299 * 12-02-2025 14:39:09.719
J19 Value - 3144 * 12-02-2025 14:39:09.751
Command * Level Sensing For J20 - #35,4,32084,8590,0,0*788d
 * 12-02-2025 14:39:10.93
CRC-Response  - 35,4,I001*dd32 * 12-02-2025 14:39:10.201
CRC-Response  - 35,4,F000,3139*2658 * 12-02-2025 14:39:12.502
J20 Value - 3139 * 12-02-2025 14:39:12.534
Command * Level Sensing For J21 - #36,4,28454,8590,0,0*94af
 * 12-02-2025 14:39:12.872
CRC-Response  - 36,4,I001*c872 * 12-02-2025 14:39:12.982
CRC-Response  - 36,4,F000,3158*859f * 12-02-2025 14:39:15.272
J21 Value - 3158 * 12-02-2025 14:39:15.306
Command * Level Sensing For J22 - #37,4,24824,8590,0,0*c0e5
 * 12-02-2025 14:39:15.646
CRC-Response  - 37,4,I001*04b3 * 12-02-2025 14:39:15.755
CRC-Response  - 37,4,F000,3161*f25d * 12-02-2025 14:39:18.47
J22 Value - 3161 * 12-02-2025 14:39:18.80
Command * Level Sensing For J23 - #38,4,21194,8590,0,0*eae3
 * 12-02-2025 14:39:18.406
CRC-Response  - 38,4,I001*44f3 * 12-02-2025 14:39:18.515
CRC-Response  - 38,4,F000,3169*3b48 * 12-02-2025 14:39:20.807
J23 Value - 3169 * 12-02-2025 14:39:20.838
Command * Level Sensing For J24 - #39,4,17564,8590,0,0*0879
 * 12-02-2025 14:39:21.179
CRC-Response  - 39,4,I001*8832 * 12-02-2025 14:39:21.288
CRC-Response  - 39,4,F000,3168*7a8b * 12-02-2025 14:39:23.580
J24 Value - 3168 * 12-02-2025 14:39:23.610
Command * Level Sensing For J25 - #40,4,13934,8590,0,0*ba10
 * 12-02-2025 14:39:23.949
CRC-Response  - 40,4,I001*d2d4 * 12-02-2025 14:39:24.55
CRC-Response  - 40,4,F000,3170*2290 * 12-02-2025 14:39:26.351
J25 Value - 3170 * 12-02-2025 14:39:26.386
Command * Level Sensing For J26 - #41,4,10304,8590,0,0*d953
 * 12-02-2025 14:39:26.737
CRC-Response  - 41,4,I001*1e15 * 12-02-2025 14:39:26.846
CRC-Response  - 41,4,F000,3167*f1d2 * 12-02-2025 14:39:29.138
J26 Value - 3167 * 12-02-2025 14:39:29.169
Command * Level Sensing For J27 - #42,4,21194,16380,0,0*aa1b
 * 12-02-2025 14:39:29.523
CRC-Response  - 42,4,I001*0b55 * 12-02-2025 14:39:29.630
CRC-Response  - 42,4,F000,3242*51e6 * 12-02-2025 14:39:32.746
J27 Value - 3242 * 12-02-2025 14:39:32.783
Command * Level Sensing For J28 - #43,4,24824,16380,0,0*41db
 * 12-02-2025 14:39:33.303
CRC-Response  - 43,4,I001*c794 * 12-02-2025 14:39:33.413
CRC-Response  - 43,4,F000,3219*47a6 * 12-02-2025 14:39:35.708
J28 Value - 3219 * 12-02-2025 14:39:35.739
Command * Level Sensing For J29 - #44,4,28454,16380,0,0*3e86
 * 12-02-2025 14:39:36.94
CRC-Response  - 44,4,I001*21d5 * 12-02-2025 14:39:36.202
CRC-Response  - 44,4,F000,3192*071b * 12-02-2025 14:39:38.493
J29 Value - 3192 * 12-02-2025 14:39:38.524
Command * Level Sensing For J30 - #45,4,32084,16380,0,0*9f93
 * 12-02-2025 14:39:38.879
CRC-Response  - 45,4,I001*ed14 * 12-02-2025 14:39:38.988
CRC-Response  - 45,4,F000,3193*46d8 * 12-02-2025 14:39:41.283
J30 Value - 3193 * 12-02-2025 14:39:41.315
Command * Level Sensing For J31 - #46,4,35714,16380,0,0*47c6
 * 12-02-2025 14:39:41.654
CRC-Response  - 46,4,I001*f854 * 12-02-2025 14:39:41.761
CRC-Response  - 46,4,F000,3200*d46b * 12-02-2025 14:39:44.54
J31 Value - 3200 * 12-02-2025 14:39:44.78
Command * Level Sensing For J32 - #47,4,39344,16380,0,0*3ff5
 * 12-02-2025 14:39:44.442
CRC-Response  - 47,4,I001*3495 * 12-02-2025 14:39:44.551
CRC-Response  - 47,4,F000,3201*95a8 * 12-02-2025 14:39:46.846
J32 Value - 3201 * 12-02-2025 14:39:46.869
Command * Level Sensing For J33 - #48,4,64754,16380,0,0*a398
 * 12-02-2025 14:39:47.218
CRC-Response  - 48,4,I001*74d5 * 12-02-2025 14:39:47.327
CRC-Response  - 48,4,F000,3139*ac4d * 12-02-2025 14:39:52.40
J33 Value - 3139 * 12-02-2025 14:39:52.72
Command * Level Sensing For W1 - #49,4,42974,800 ,0,0*ca45
 * 12-02-2025 14:39:52.506
CRC-Response  - 49,4,I001*b814 * 12-02-2025 14:39:52.614
CRC-Response  - 49,4,F000,3156*890c * 12-02-2025 14:39:56.954
W1 Value - 3156 * 12-02-2025 14:39:56.984
Command * Level Sensing For W2 - #50,4,46604,800 ,0,0*4cab
 * 12-02-2025 14:39:57.279
CRC-Response  - 50,4,I001*42d9 * 12-02-2025 14:39:57.385
CRC-Response  - 50,4,F000,3161*b350 * 12-02-2025 14:39:59.682
W2 Value - 3161 * 12-02-2025 14:39:59.713
Command * Level Sensing For W3 - #51,4,50234,800 ,0,0*3c0d
 * 12-02-2025 14:40:00.67
CRC-Response  - 51,4,I001*8e18 * 12-02-2025 14:40:00.175
CRC-Response  - 51,4,F000,3149*9452 * 12-02-2025 14:40:02.468
W3 Value - 3149 * 12-02-2025 14:40:02.502
Command * Level Sensing For W4 - #52,4,50234,8590,0,0*2269
 * 12-02-2025 14:40:02.840
CRC-Response  - 52,4,I001*9b58 * 12-02-2025 14:40:02.948
CRC-Response  - 52,4,F000,3168*f797 * 12-02-2025 14:40:05.426
W4 Value - 3168 * 12-02-2025 14:40:05.455
Command * Level Sensing For W5 - #53,4,46604,8590,0,0*52cf
 * 12-02-2025 14:40:05.625
CRC-Response  - 53,4,I001*5799 * 12-02-2025 14:40:05.733
CRC-Response  - 53,4,F000,3164*7395 * 12-02-2025 14:40:08.30
W5 Value - 3164 * 12-02-2025 14:40:08.60
Command * Level Sensing For W6 - #54,4,42974,8590,0,0*c37e
 * 12-02-2025 14:40:08.417
CRC-Response  - 54,4,I001*b1d8 * 12-02-2025 14:40:08.525
CRC-Response  - 54,4,F000,3158*c19e * 12-02-2025 14:40:10.813
W6 Value - 3158 * 12-02-2025 14:40:10.846
Command * Level Sensing For H1 - #55,4,2688,1000,0,1*b498
 * 12-02-2025 14:40:11.202
CRC-Response  - 55,4,I001*7d19 * 12-02-2025 14:40:11.311
CRC-Response  - 55,4,F000,4095*3108 * 12-02-2025 14:40:17.681
H1 Value - 4095 * 12-02-2025 14:40:17.707
Command * Level Sensing For H2 - #56,4,2688,8700,0,1*eede
 * 12-02-2025 14:40:17.979
CRC-Response  - 56,4,I001*6859 * 12-02-2025 14:40:18.87
CRC-Response  - 56,4,F000,4095*f20d * 12-02-2025 14:40:20.561
H2 Value - 4095 * 12-02-2025 14:40:20.592
Command * Level Sensing For H3 - #57,4,2688,16380,0,1*6079
 * 12-02-2025 14:40:20.765
CRC-Response  - 57,4,I001*a498 * 12-02-2025 14:40:20.874
CRC-Response  - 57,4,F000,4095*730f * 12-02-2025 14:40:23.342
H3 Value - 4095 * 12-02-2025 14:40:23.369
Command * Home Command - #58,5,01111111*7a76
 * 12-02-2025 14:40:23.557
CRC-Response  - 58,5,I001,01111111*3a29 * 12-02-2025 14:40:23.665
CRC-Response  - 58,5,F000*e11b * 12-02-2025 14:40:36.197
Command * Home Command - #59,5,01111111*b98b
 * 12-02-2025 14:40:38.841
CRC-Response  - 59,5,I001,01111111*aa78 * 12-02-2025 14:40:38.949
CRC-Response  - 59,5,F000*2dda * 12-02-2025 14:40:38.954
Command * SET TEMPERATURE - #0,10,32*870a
 * 12-02-2025 14:41:27.694
CRC-Response  - 0,10,F000*1ae9 * 12-02-2025 14:41:28.27
Command * HEATER ON - #1,12,1*dbe7
 * 12-02-2025 14:41:29.209
CRC-Response  - 1,12,F000*68e5 * 12-02-2025 14:41:29.317
Command * HEATER DOOR CLOSE - #2,8,1,0*21eb
 * 12-02-2025 14:41:30.290
CRC-Response  - 2,8,I001*fd79 * 12-02-2025 14:41:30.399
CRC-Response  - 2,8,F000*29bb * 12-02-2025 14:41:30.738
Command * READ TEMPERATURE - #3,11*ed1a
 * 12-02-2025 14:41:31.66
CRC-Response  - 3,11,F000,33*2c46 * 12-02-2025 14:41:31.178
Command * WATER VALVE - 1 CONTROL OFF - #4,13,1,0*80ea
 * 12-02-2025 14:41:36.352
CRC-Response  - 4,13,F000*e9db * 12-02-2025 14:41:36.454
Command * WATER VALVE - 2 CONTROL OFF - #5,13,2,0*4cdb
 * 12-02-2025 14:41:37.120
CRC-Response  - 5,13,F000*79d6 * 12-02-2025 14:41:37.229
Command * WATER VALVE - 3 CONTROL OFF - #6,13,3,0*99ca
 * 12-02-2025 14:41:37.910
CRC-Response  - 6,13,F000*89c2 * 12-02-2025 14:41:38.19
Command * WATER VALVE - 4 CONTROL OFF - #7,13,4,0*94ba
 * 12-02-2025 14:41:38.682
CRC-Response  - 7,13,F000*19cf * 12-02-2025 14:41:38.792
Command * WATER VALVE - 5 CONTROL OFF - #8,13,5,0*14ab
 * 12-02-2025 14:41:39.475
CRC-Response  - 8,13,F000*e98e * 12-02-2025 14:41:39.583
Command * WATER VALVE - 6 CONTROL OFF - #9,13,6,0*d89a
 * 12-02-2025 14:41:40.247
CRC-Response  - 9,13,F000*7983 * 12-02-2025 14:41:40.353
Command * Home Command - #10,5,01111111*2199
 * 12-02-2025 14:41:41.32
CRC-Response  - 10,5,I001,01111111*c9ef * 12-02-2025 14:41:41.141
CRC-Response  - 10,5,F000*8728 * 12-02-2025 14:41:41.943
Command * Home Command - #11,5,01111111*e264
 * 12-02-2025 14:41:44.333
CRC-Response  - 11,5,I001,01111111*59be * 12-02-2025 14:41:44.440
CRC-Response  - 11,5,F000*4be9 * 12-02-2025 14:41:44.444
Command * Level Sensing For H1 - #12,4,2688,1000,0,1*b46b
 * 12-02-2025 14:41:46.116
CRC-Response  - 12,4,I001*5b6a * 12-02-2025 14:41:46.225
CRC-Response  - 12,4,F000,4095*b206 * 12-02-2025 14:41:56.171
H1 Value - 4095 * 12-02-2025 14:41:56.199
Command * Level Sensing For H2 - #13,4,2688,8700,0,1*8e8c
 * 12-02-2025 14:41:56.390
CRC-Response  - 13,4,I001*97ab * 12-02-2025 14:41:56.498
CRC-Response  - 13,4,F000,4095*3304 * 12-02-2025 14:41:58.957
H2 Value - 4095 * 12-02-2025 14:41:58.983
Command * Level Sensing For H3 - #14,4,2688,16380,0,1*1478
 * 12-02-2025 14:41:59.158
CRC-Response  - 14,4,I001*71ea * 12-02-2025 14:41:59.269
CRC-Response  - 14,4,F000,4095*740f * 12-02-2025 14:42:01.729
H3 Value - 4095 * 12-02-2025 14:42:01.762
Command * Level Sensing For L1 - #15,4,17564,16380,0,0*1c3d
 * 12-02-2025 14:42:01.929
CRC-Response  - 15,4,I001*bd2b * 12-02-2025 14:42:02.38
CRC-Response  - 15,4,F000,293*5a1f * 12-02-2025 14:42:05.590
L1 Value - 293 * 12-02-2025 14:42:05.623
Command * Level Sensing For L2 - #16,4,13934,16380,0,0*5c61
 * 12-02-2025 14:42:06.208
CRC-Response  - 16,4,I001*a86b * 12-02-2025 14:42:06.319
CRC-Response  - 16,4,F000,316*5d8d * 12-02-2025 14:42:08.610
L2 Value - 316 * 12-02-2025 14:42:08.636
Command * Level Sensing For L3 - #17,4,10304,16380,0,0*ad43
 * 12-02-2025 14:42:08.980
CRC-Response  - 17,4,I001*64aa * 12-02-2025 14:42:09.87
CRC-Response  - 17,4,F000,321*ac31 * 12-02-2025 14:42:11.381
L3 Value - 321 * 12-02-2025 14:42:11.416
Command * Home Command - #18,5,01111111*fe78
 * 12-02-2025 14:42:11.769
CRC-Response  - 18,5,I001,01111111*0b68 * 12-02-2025 14:42:11.875
CRC-Response  - 18,5,F000*2129 * 12-02-2025 14:42:22.932
Command * Home Command - #19,5,01111111*3d85
 * 12-02-2025 14:42:25.553
CRC-Response  - 19,5,I001,01111111*9b39 * 12-02-2025 14:42:25.660
CRC-Response  - 19,5,F000*ede8 * 12-02-2025 14:42:25.664
Rack - 1Protocol Started * 12-02-2025 14:42:27.675
Command * Rack-1 Picked from L1 - #20,2,1,17564,16380,0,0*9bae
 * 12-02-2025 14:42:27.891
CRC-Response  - 20,2,I001,1*eb9c * 12-02-2025 14:42:28.0
CRC-Response  - 20,2,F000,1*d4cd * 12-02-2025 14:42:38.691
Command * Rack-1 Placed in H1 - #21,3,1,2688,1000,0,1*5c72
 * 12-02-2025 14:42:39.219
CRC-Response  - 21,3,I001,1*e20c * 12-02-2025 14:42:39.326
CRC-Response  - 21,3,F000,1*dd5d * 12-02-2025 14:42:46.276
Command * HEATER DOOR CLOSE - #22,8,1,0*e732
 * 12-02-2025 14:42:46.567
CRC-Response  - 22,8,I001*677e * 12-02-2025 14:42:46.676
CRC-Response  - 22,8,F000*b3bc * 12-02-2025 14:42:47.16
Command * READ TEMPERATURE - #23,11*0d07
 * 12-02-2025 14:42:47.340
CRC-Response  - 23,11,F000,33*7767 * 12-02-2025 14:42:47.451
Command * READ TEMPERATURE - #24,11*7906
 * 12-02-2025 14:42:52.624
CRC-Response  - 24,11,F000,33*bc92 * 12-02-2025 14:42:52.731
Command * READ TEMPERATURE - #25,11*8507
 * 12-02-2025 14:42:57.914
CRC-Response  - 25,11,F000,33*7f6f * 12-02-2025 14:42:58.18
Command * READ TEMPERATURE - #26,11*c107
 * 12-02-2025 14:43:03.176
CRC-Response  - 26,11,F000,33*7b6b * 12-02-2025 14:43:03.287
Command * READ TEMPERATURE - #27,11*3d06
 * 12-02-2025 14:43:08.454
CRC-Response  - 27,11,F000,33*b896 * 12-02-2025 14:43:08.563
Command * READ TEMPERATURE - #28,11*2905
 * 12-02-2025 14:43:13.720
CRC-Response  - 28,11,F000,33*ac82 * 12-02-2025 14:43:13.831
Command * READ TEMPERATURE - #29,11*d504
 * 12-02-2025 14:43:18.999
CRC-Response  - 29,11,F000,33*6f7f * 12-02-2025 14:43:19.106
Command * READ TEMPERATURE - #30,11*893a
 * 12-02-2025 14:43:24.276
CRC-Response  - 30,11,F000,33*f261 * 12-02-2025 14:43:24.384
Command * READ TEMPERATURE - #31,11*753b
 * 12-02-2025 14:43:29.562
CRC-Response  - 31,11,F000,33*319c * 12-02-2025 14:43:29.669
Command * READ TEMPERATURE - #32,11*313b
 * 12-02-2025 14:43:34.840
CRC-Response  - 32,11,F000,33*3598 * 12-02-2025 14:43:34.948
Command * READ TEMPERATURE - #33,11*cd3a
 * 12-02-2025 14:43:40.126
CRC-Response  - 33,11,F000,33*f665 * 12-02-2025 14:43:40.233
Command * READ TEMPERATURE - #34,11*b93b
 * 12-02-2025 14:43:45.411
CRC-Response  - 34,11,F000,33*3d90 * 12-02-2025 14:43:45.517
Command * READ TEMPERATURE - #35,11*453a
 * 12-02-2025 14:43:50.691
CRC-Response  - 35,11,F000,33*fe6d * 12-02-2025 14:43:50.793
Command * READ TEMPERATURE - #36,11*013a
 * 12-02-2025 14:43:55.966
CRC-Response  - 36,11,F000,33*fa69 * 12-02-2025 14:43:56.73
Command * READ TEMPERATURE - #37,11*fd3b
 * 12-02-2025 14:44:01.241
CRC-Response  - 37,11,F000,34*fbd5 * 12-02-2025 14:44:01.350
Command * READ TEMPERATURE - #38,11*e938
 * 12-02-2025 14:44:06.514
CRC-Response  - 38,11,F000,33*2d80 * 12-02-2025 14:44:06.620
Command * READ TEMPERATURE - #39,11*1539
 * 12-02-2025 14:44:11.795
CRC-Response  - 39,11,F000,33*ee7d * 12-02-2025 14:44:11.904
Command * READ TEMPERATURE - #40,11*498f
 * 12-02-2025 14:44:17.73
CRC-Response  - 40,11,F000,33*b56a * 12-02-2025 14:44:17.181
Command * READ TEMPERATURE - #41,11*b58e
 * 12-02-2025 14:44:22.362
CRC-Response  - 41,11,F000,34*b4d6 * 12-02-2025 14:44:22.471
Command * READ TEMPERATURE - #42,11*f18e
 * 12-02-2025 14:44:27.630
CRC-Response  - 42,11,F000,34*b0d2 * 12-02-2025 14:44:27.741
Command * READ TEMPERATURE - #43,11*0d8f
 * 12-02-2025 14:44:32.899
CRC-Response  - 43,11,F000,33*b16e * 12-02-2025 14:44:33.8
Command * READ TEMPERATURE - #44,11*798e
 * 12-02-2025 14:44:38.179
CRC-Response  - 44,11,F000,33*7a9b * 12-02-2025 14:44:38.286
Command * READ TEMPERATURE - #45,11*858f
 * 12-02-2025 14:44:43.447
CRC-Response  - 45,11,F000,33*b966 * 12-02-2025 14:44:43.556
Command * READ TEMPERATURE - #46,11*c18f
 * 12-02-2025 14:44:48.718
CRC-Response  - 46,11,F000,33*bd62 * 12-02-2025 14:44:48.827
Command * READ TEMPERATURE - #47,11*3d8e
 * 12-02-2025 14:44:53.996
CRC-Response  - 47,11,F000,33*7e9f * 12-02-2025 14:44:54.103
Command * READ TEMPERATURE - #48,11*298d
 * 12-02-2025 14:44:59.274
CRC-Response  - 48,11,F000,33*6a8b * 12-02-2025 14:44:59.380
Command * READ TEMPERATURE - #49,11*d58c
 * 12-02-2025 14:45:04.544
CRC-Response  - 49,11,F000,33*a976 * 12-02-2025 14:45:04.654
Command * READ TEMPERATURE - #50,11*89b2
 * 12-02-2025 14:45:09.829
CRC-Response  - 50,11,F000,34*f629 * 12-02-2025 14:45:09.936
Command * READ TEMPERATURE - #51,11*75b3
 * 12-02-2025 14:45:15.102
CRC-Response  - 51,11,F000,33*f795 * 12-02-2025 14:45:15.210
Command * READ TEMPERATURE - #52,11*31b3
 * 12-02-2025 14:45:20.378
CRC-Response  - 52,11,F000,33*f391 * 12-02-2025 14:45:20.488
Command * READ TEMPERATURE - #53,11*cdb2
 * 12-02-2025 14:45:25.665
CRC-Response  - 53,11,F000,33*306c * 12-02-2025 14:45:25.774
Command * READ TEMPERATURE - #54,11*b9b3
 * 12-02-2025 14:45:30.934
CRC-Response  - 54,11,F000,33*fb99 * 12-02-2025 14:45:31.44
Command * READ TEMPERATURE - #55,11*45b2
 * 12-02-2025 14:45:36.222
CRC-Response  - 55,11,F000,34*fa25 * 12-02-2025 14:45:36.332
Command * READ TEMPERATURE - #56,11*01b2
 * 12-02-2025 14:45:41.492
CRC-Response  - 56,11,F000,34*fe21 * 12-02-2025 14:45:41.599
Command * READ TEMPERATURE - #57,11*fdb3
 * 12-02-2025 14:45:46.766
CRC-Response  - 57,11,F000,33*ff9d * 12-02-2025 14:45:46.875
Command * READ TEMPERATURE - #58,11*e9b0
 * 12-02-2025 14:45:52.37
CRC-Response  - 58,11,F000,34*29c8 * 12-02-2025 14:45:52.146
Command * READ TEMPERATURE - #59,11*15b1
 * 12-02-2025 14:45:57.317
CRC-Response  - 59,11,F000,33*2874 * 12-02-2025 14:45:57.423
Command * READ TEMPERATURE - #60,11*89f6
 * 12-02-2025 14:46:02.587
CRC-Response  - 60,11,F000,34*352c * 12-02-2025 14:46:02.696
Command * READ TEMPERATURE - #61,11*75f7
 * 12-02-2025 14:46:07.878
CRC-Response  - 61,11,F000,34*f6d1 * 12-02-2025 14:46:07.979
Command * READ TEMPERATURE - #62,11*31f7
 * 12-02-2025 14:46:13.152
CRC-Response  - 62,11,F000,34*f2d5 * 12-02-2025 14:46:13.262
Command * READ TEMPERATURE - #63,11*cdf6
 * 12-02-2025 14:46:18.441
CRC-Response  - 63,11,F000,34*3128 * 12-02-2025 14:46:18.548
Command * READ TEMPERATURE - #64,11*b9f7
 * 12-02-2025 14:46:23.725
CRC-Response  - 64,11,F000,34*fadd * 12-02-2025 14:46:23.835
Command * READ TEMPERATURE - #65,11*45f6
 * 12-02-2025 14:46:28.995
CRC-Response  - 65,11,F000,34*3920 * 12-02-2025 14:46:29.105
Command * READ TEMPERATURE - #66,11*01f6
 * 12-02-2025 14:46:34.289
CRC-Response  - 66,11,F000,34*3d24 * 12-02-2025 14:46:34.396
Command * READ TEMPERATURE - #67,11*fdf7
 * 12-02-2025 14:46:39.564
CRC-Response  - 67,11,F000,34*fed9 * 12-02-2025 14:46:39.734
Command * READ TEMPERATURE - #68,11*e9f4
 * 12-02-2025 14:46:44.910
CRC-Response  - 68,11,F000,34*eacd * 12-02-2025 14:46:45.20
Command * READ TEMPERATURE - #69,11*15f5
 * 12-02-2025 14:46:50.184
CRC-Response  - 69,11,F000,34*2930 * 12-02-2025 14:46:50.291
Command * READ TEMPERATURE - #70,11*49cb
 * 12-02-2025 14:46:55.472
CRC-Response  - 70,11,F000,34*b42e * 12-02-2025 14:46:55.579
Command * READ TEMPERATURE - #71,11*b5ca
 * 12-02-2025 14:47:00.758
CRC-Response  - 71,11,F000,34*77d3 * 12-02-2025 14:47:00.867
Command * READ TEMPERATURE - #72,11*f1ca
 * 12-02-2025 14:47:06.37
CRC-Response  - 72,11,F000,34*73d7 * 12-02-2025 14:47:06.144
Command * READ TEMPERATURE - #73,11*0dcb
 * 12-02-2025 14:47:11.315
CRC-Response  - 73,11,F000,34*b02a * 12-02-2025 14:47:11.424
Command * READ TEMPERATURE - #74,11*79ca
 * 12-02-2025 14:47:16.592
CRC-Response  - 74,11,F000,34*7bdf * 12-02-2025 14:47:16.702
Command * READ TEMPERATURE - #75,11*85cb
 * 12-02-2025 14:47:21.867
CRC-Response  - 75,11,F000,34*b822 * 12-02-2025 14:47:21.976
Command * READ TEMPERATURE - #76,11*c1cb
 * 12-02-2025 14:47:27.139
CRC-Response  - 76,11,F000,34*bc26 * 12-02-2025 14:47:27.245
Command * READ TEMPERATURE - #77,11*3dca
 * 12-02-2025 14:47:32.415
CRC-Response  - 77,11,F000,34*7fdb * 12-02-2025 14:47:32.523
Command * READ TEMPERATURE - #78,11*29c9
 * 12-02-2025 14:47:37.706
CRC-Response  - 78,11,F000,34*6bcf * 12-02-2025 14:47:37.816
Command * READ TEMPERATURE - #79,11*d5c8
 * 12-02-2025 14:47:42.987
CRC-Response  - 79,11,F000,34*a832 * 12-02-2025 14:47:43.94
Command * READ TEMPERATURE - #80,11*489f
 * 12-02-2025 14:47:48.265
CRC-Response  - 80,11,F000,34*bb3a * 12-02-2025 14:47:48.372
Command * READ TEMPERATURE - #81,11*b49e
 * 12-02-2025 14:47:53.551
CRC-Response  - 81,11,F000,34*78c7 * 12-02-2025 14:47:53.658
Command * READ TEMPERATURE - #82,11*f09e
 * 12-02-2025 14:47:58.821
CRC-Response  - 82,11,F000,33*be82 * 12-02-2025 14:47:58.932
Command * READ TEMPERATURE - #83,11*0c9f
 * 12-02-2025 14:48:04.110
CRC-Response  - 83,11,F000,34*bf3e * 12-02-2025 14:48:04.220
Command * READ TEMPERATURE - #84,11*789e
 * 12-02-2025 14:48:09.392
CRC-Response  - 84,11,F000,34*74cb * 12-02-2025 14:48:09.499
Command * READ TEMPERATURE - #85,11*849f
 * 12-02-2025 14:48:14.678
CRC-Response  - 85,11,F000,34*b736 * 12-02-2025 14:48:14.787
Command * READ TEMPERATURE - #86,11*c09f
 * 12-02-2025 14:48:19.967
CRC-Response  - 86,11,F000,34*b332 * 12-02-2025 14:48:20.75
Command * READ TEMPERATURE - #87,11*3c9e
 * 12-02-2025 14:48:25.247
CRC-Response  - 87,11,F000,34*70cf * 12-02-2025 14:48:25.375
Command * READ TEMPERATURE - #88,11*289d
 * 12-02-2025 14:48:30.556
CRC-Response  - 88,11,F000,34*64db * 12-02-2025 14:48:30.664
Command * READ TEMPERATURE - #89,11*d49c
 * 12-02-2025 14:48:35.834
CRC-Response  - 89,11,F000,34*a726 * 12-02-2025 14:48:35.944
Command * READ TEMPERATURE - #90,11*88a2
 * 12-02-2025 14:48:41.108
CRC-Response  - 90,11,F000,34*3a38 * 12-02-2025 14:48:41.216
Command * READ TEMPERATURE - #91,11*74a3
 * 12-02-2025 14:48:46.380
CRC-Response  - 91,11,F000,34*f9c5 * 12-02-2025 14:48:46.489
Command * READ TEMPERATURE - #92,11*30a3
 * 12-02-2025 14:48:51.650
CRC-Response  - 92,11,F000,34*fdc1 * 12-02-2025 14:48:51.757
Command * READ TEMPERATURE - #93,11*cca2
 * 12-02-2025 14:48:56.942
CRC-Response  - 93,11,F000,34*3e3c * 12-02-2025 14:48:57.49
Command * READ TEMPERATURE - #94,11*b8a3
 * 12-02-2025 14:49:02.228
CRC-Response  - 94,11,F000,34*f5c9 * 12-02-2025 14:49:02.337
Command * READ TEMPERATURE - #95,11*44a2
 * 12-02-2025 14:49:07.511
CRC-Response  - 95,11,F000,34*3634 * 12-02-2025 14:49:07.621
Command * READ TEMPERATURE - #96,11*00a2
 * 12-02-2025 14:49:12.804
CRC-Response  - 96,11,F000,34*3230 * 12-02-2025 14:49:12.909
Command * READ TEMPERATURE - #97,11*fca3
 * 12-02-2025 14:49:18.85
CRC-Response  - 97,11,F000,34*f1cd * 12-02-2025 14:49:18.192
Command * READ TEMPERATURE - #98,11*e8a0
 * 12-02-2025 14:49:23.352
CRC-Response  - 98,11,F000,34*e5d9 * 12-02-2025 14:49:23.460
Command * READ TEMPERATURE - #99,11*14a1
 * 12-02-2025 14:49:28.625
CRC-Response  - 99,11,F000,34*2624 * 12-02-2025 14:49:28.733
Command * READ TEMPERATURE - #100,11*b35e
 * 12-02-2025 14:49:33.903
CRC-Response  - 100,11,F000,34*e8bd * 12-02-2025 14:49:34.14
Command * READ TEMPERATURE - #101,11*4f5f
 * 12-02-2025 14:49:39.192
CRC-Response  - 101,11,F000,34*2b40 * 12-02-2025 14:49:39.301
Command * READ TEMPERATURE - #102,11*0b5f
 * 12-02-2025 14:49:44.472
CRC-Response  - 102,11,F000,34*2f44 * 12-02-2025 14:49:44.581
Command * READ TEMPERATURE - #103,11*f75e
 * 12-02-2025 14:49:49.746
CRC-Response  - 103,11,F000,34*ecb9 * 12-02-2025 14:49:49.855
Command * READ TEMPERATURE - #104,11*835f
 * 12-02-2025 14:49:55.33
CRC-Response  - 104,11,F000,34*274c * 12-02-2025 14:49:55.146
Command * READ TEMPERATURE - #105,11*7f5e
 * 12-02-2025 14:50:00.318
CRC-Response  - 105,11,F000,34*e4b1 * 12-02-2025 14:50:00.435
Command * READ TEMPERATURE - #106,11*3b5e
 * 12-02-2025 14:50:05.619
CRC-Response  - 106,11,F000,34*e0b5 * 12-02-2025 14:50:05.728
Command * READ TEMPERATURE - #107,11*c75f
 * 12-02-2025 14:50:10.912
CRC-Response  - 107,11,F000,34*2348 * 12-02-2025 14:50:11.19
Command * READ TEMPERATURE - #108,11*d35c
 * 12-02-2025 14:50:16.181
CRC-Response  - 108,11,F000,34*375c * 12-02-2025 14:50:16.291
Command * READ TEMPERATURE - #109,11*2f5d
 * 12-02-2025 14:50:21.471
CRC-Response  - 109,11,F000,34*f4a1 * 12-02-2025 14:50:21.578
Command * READ TEMPERATURE - #110,11*7363
 * 12-02-2025 14:50:26.756
CRC-Response  - 110,11,F000,34*69bf * 12-02-2025 14:50:26.864
Command * READ TEMPERATURE - #111,11*8f62
 * 12-02-2025 14:50:32.28
CRC-Response  - 111,11,F000,34*aa42 * 12-02-2025 14:50:32.135
Command * READ TEMPERATURE - #112,11*cb62
 * 12-02-2025 14:50:37.315
CRC-Response  - 112,11,F000,34*ae46 * 12-02-2025 14:50:37.422
Command * READ TEMPERATURE - #113,11*3763
 * 12-02-2025 14:50:42.595
CRC-Response  - 113,11,F000,34*6dbb * 12-02-2025 14:50:42.706
Command * READ TEMPERATURE - #114,11*4362
 * 12-02-2025 14:50:47.878
CRC-Response  - 114,11,F000,35*668f * 12-02-2025 14:50:47.984
Command * READ TEMPERATURE - #115,11*bf63
 * 12-02-2025 14:50:53.154
CRC-Response  - 115,11,F000,34*65b3 * 12-02-2025 14:50:53.263
Command * READ TEMPERATURE - #116,11*fb63
 * 12-02-2025 14:50:58.441
CRC-Response  - 116,11,F000,34*61b7 * 12-02-2025 14:50:58.549
Command * READ TEMPERATURE - #117,11*0762
 * 12-02-2025 14:51:03.718
CRC-Response  - 117,11,F000,34*a24a * 12-02-2025 14:51:03.828
Command * READ TEMPERATURE - #118,11*1361
 * 12-02-2025 14:51:08.987
CRC-Response  - 118,11,F000,34*b65e * 12-02-2025 14:51:09.97
Command * READ TEMPERATURE - #119,11*ef60
 * 12-02-2025 14:51:14.276
CRC-Response  - 119,11,F000,34*75a3 * 12-02-2025 14:51:14.393
Command * READ TEMPERATURE - #120,11*7327
 * 12-02-2025 14:51:19.554
CRC-Response  - 120,11,F000,34*aaba * 12-02-2025 14:51:19.660
Command * READ TEMPERATURE - #121,11*8f26
 * 12-02-2025 14:51:24.834
CRC-Response  - 121,11,F000,34*6947 * 12-02-2025 14:51:24.942
Command * READ TEMPERATURE - #122,11*cb26
 * 12-02-2025 14:51:30.113
CRC-Response  - 122,11,F000,35*ad82 * 12-02-2025 14:51:30.221
Command * READ TEMPERATURE - #123,11*3727
 * 12-02-2025 14:51:35.386
CRC-Response  - 123,11,F000,34*aebe * 12-02-2025 14:51:35.495
Command * READ TEMPERATURE - #124,11*4326
 * 12-02-2025 14:51:40.667
CRC-Response  - 124,11,F000,34*654b * 12-02-2025 14:51:40.774
Command * READ TEMPERATURE - #125,11*bf27
 * 12-02-2025 14:51:45.931
CRC-Response  - 125,11,F000,35*6677 * 12-02-2025 14:51:46.39
Command * READ TEMPERATURE - #126,11*fb27
 * 12-02-2025 14:51:51.203
CRC-Response  - 126,11,F000,34*a2b2 * 12-02-2025 14:51:51.311
Command * READ TEMPERATURE - #127,11*0726
 * 12-02-2025 14:51:56.481
CRC-Response  - 127,11,F000,34*614f * 12-02-2025 14:51:56.589
Command * READ TEMPERATURE - #128,11*1325
 * 12-02-2025 14:52:01.766
CRC-Response  - 128,11,F000,35*b59a * 12-02-2025 14:52:01.879
Command * READ TEMPERATURE - #129,11*ef24
 * 12-02-2025 14:52:07.47
CRC-Response  - 129,11,F000,35*7667 * 12-02-2025 14:52:07.156
Command * READ TEMPERATURE - #130,11*b31a
 * 12-02-2025 14:52:12.331
CRC-Response  - 130,11,F000,34*2bb8 * 12-02-2025 14:52:12.439
Command * READ TEMPERATURE - #131,11*4f1b
 * 12-02-2025 14:52:17.611
CRC-Response  - 131,11,F000,35*2884 * 12-02-2025 14:52:17.768
Command * READ TEMPERATURE - #132,11*0b1b
 * 12-02-2025 14:52:22.947
CRC-Response  - 132,11,F000,35*2c80 * 12-02-2025 14:52:23.62
Command * READ TEMPERATURE - #133,11*f71a
 * 12-02-2025 14:52:28.232
CRC-Response  - 133,11,F000,35*ef7d * 12-02-2025 14:52:28.341
Command * READ TEMPERATURE - #134,11*831b
 * 12-02-2025 14:52:33.523
CRC-Response  - 134,11,F000,35*2488 * 12-02-2025 14:52:33.631
Command * READ TEMPERATURE - #135,11*7f1a
 * 12-02-2025 14:52:38.786
CRC-Response  - 135,11,F000,35*e775 * 12-02-2025 14:52:38.896
Command * READ TEMPERATURE - #136,11*3b1a
 * 12-02-2025 14:52:44.57
CRC-Response  - 136,11,F000,35*e371 * 12-02-2025 14:52:44.164
Command * READ TEMPERATURE - #137,11*c71b
 * 12-02-2025 14:52:49.340
CRC-Response  - 137,11,F000,35*208c * 12-02-2025 14:52:49.453
Command * READ TEMPERATURE - #138,11*d318
 * 12-02-2025 14:52:54.617
CRC-Response  - 138,11,F000,35*3498 * 12-02-2025 14:52:54.724
Command * READ TEMPERATURE - #139,11*2f19
 * 12-02-2025 14:52:59.886
CRC-Response  - 139,11,F000,35*f765 * 12-02-2025 14:52:59.994
Command * READ TEMPERATURE - #140,11*73af
 * 12-02-2025 14:53:05.184
CRC-Response  - 140,11,F000,35*ac72 * 12-02-2025 14:53:05.293
Command * READ TEMPERATURE - #141,11*8fae
 * 12-02-2025 14:53:10.468
CRC-Response  - 141,11,F000,35*6f8f * 12-02-2025 14:53:10.638
Command * READ TEMPERATURE - #142,11*cbae
 * 12-02-2025 14:53:15.803
CRC-Response  - 142,11,F000,35*6b8b * 12-02-2025 14:53:15.913
Command * READ TEMPERATURE - #143,11*37af
 * 12-02-2025 14:53:21.85
CRC-Response  - 143,11,F000,35*a876 * 12-02-2025 14:53:21.193
Command * READ TEMPERATURE - #144,11*43ae
 * 12-02-2025 14:53:26.356
CRC-Response  - 144,11,F000,35*6383 * 12-02-2025 14:53:26.465
Command * READ TEMPERATURE - #145,11*bfaf
 * 12-02-2025 14:53:31.643
CRC-Response  - 145,11,F000,35*a07e * 12-02-2025 14:53:31.750
Command * HEATER DOOR OPEN - #146,8,1,1*a725
 * 12-02-2025 14:53:33.96
CRC-Response  - 146,8,I001*f97f * 12-02-2025 14:53:33.204
CRC-Response  - 146,8,F000*2dbd * 12-02-2025 14:53:33.548
Rack - 2Protocol Started * 12-02-2025 14:53:34.217
Command * Rack-2 Picked from L2 - #147,2,1,13934,16380,0,0*7bad
 * 12-02-2025 14:53:34.433
CRC-Response  - 147,2,I001,1*dcec * 12-02-2025 14:53:34.542
CRC-Response  - 147,2,F000,1*e3bd * 12-02-2025 14:53:41.77
Command * Rack-2 Placed in H2 - #148,3,1,2688,8700,0,1*2f89
 * 12-02-2025 14:53:41.770
CRC-Response  - 148,3,I001,1*201d * 12-02-2025 14:53:41.877
CRC-Response  - 148,3,F000,1*1f4c * 12-02-2025 14:53:48.411
Command * HEATER DOOR CLOSE - #149,8,1,0*671b
 * 12-02-2025 14:53:49.107
CRC-Response  - 149,8,I001*b93f * 12-02-2025 14:53:49.216
CRC-Response  - 149,8,F000*6dfd * 12-02-2025 14:53:49.556
Command * READ TEMPERATURE - #150,11*b392
 * 12-02-2025 14:53:49.894
CRC-Response  - 150,11,F000,35*2d70 * 12-02-2025 14:53:50.1
Command * READ TEMPERATURE - #151,11*4f93
 * 12-02-2025 14:53:55.173
CRC-Response  - 151,11,F000,35*ee8d * 12-02-2025 14:53:55.280
Command * READ TEMPERATURE - #152,11*0b93
 * 12-02-2025 14:54:00.450
CRC-Response  - 152,11,F000,35*ea89 * 12-02-2025 14:54:00.557
Command * READ TEMPERATURE - #153,11*f792
 * 12-02-2025 14:54:05.722
CRC-Response  - 153,11,F000,35*2974 * 12-02-2025 14:54:05.831
Command * READ TEMPERATURE - #154,11*8393
 * 12-02-2025 14:54:11.2
CRC-Response  - 154,11,F000,35*e281 * 12-02-2025 14:54:11.111
Command * READ TEMPERATURE - #155,11*7f92
 * 12-02-2025 14:54:16.276
CRC-Response  - 155,11,F000,35*217c * 12-02-2025 14:54:16.385
Command * READ TEMPERATURE - #156,11*3b92
 * 12-02-2025 14:54:21.554
CRC-Response  - 156,11,F000,35*2578 * 12-02-2025 14:54:21.664
Command * READ TEMPERATURE - #157,11*c793
 * 12-02-2025 14:54:26.828
CRC-Response  - 157,11,F000,35*e685 * 12-02-2025 14:54:26.936
Command * READ TEMPERATURE - #158,11*d390
 * 12-02-2025 14:54:32.99
CRC-Response  - 158,11,F000,35*f291 * 12-02-2025 14:54:32.206
Command * READ TEMPERATURE - #159,11*2f91
 * 12-02-2025 14:54:37.373
CRC-Response  - 159,11,F000,35*316c * 12-02-2025 14:54:37.481
Command * READ TEMPERATURE - #160,11*b3d6
 * 12-02-2025 14:54:42.666
CRC-Response  - 160,11,F000,35*ee75 * 12-02-2025 14:54:42.773
Command * READ TEMPERATURE - #161,11*4fd7
 * 12-02-2025 14:54:47.955
CRC-Response  - 161,11,F000,35*2d88 * 12-02-2025 14:54:48.64
Command * READ TEMPERATURE - #162,11*0bd7
 * 12-02-2025 14:54:53.234
CRC-Response  - 162,11,F000,35*298c * 12-02-2025 14:54:53.340
Command * READ TEMPERATURE - #163,11*f7d6
 * 12-02-2025 14:54:58.514
CRC-Response  - 163,11,F000,35*ea71 * 12-02-2025 14:54:58.623
Command * READ TEMPERATURE - #164,11*83d7
 * 12-02-2025 14:55:03.799
CRC-Response  - 164,11,F000,35*2184 * 12-02-2025 14:55:03.909
Command * READ TEMPERATURE - #165,11*7fd6
 * 12-02-2025 14:55:09.75
CRC-Response  - 165,11,F000,35*e279 * 12-02-2025 14:55:09.183
Command * READ TEMPERATURE - #166,11*3bd6
 * 12-02-2025 14:55:14.370
CRC-Response  - 166,11,F000,35*e67d * 12-02-2025 14:55:14.476
Command * READ TEMPERATURE - #167,11*c7d7
 * 12-02-2025 14:55:19.643
CRC-Response  - 167,11,F000,35*2580 * 12-02-2025 14:55:19.752
Command * READ TEMPERATURE - #168,11*d3d4
 * 12-02-2025 14:55:24.913
CRC-Response  - 168,11,F000,35*3194 * 12-02-2025 14:55:25.22
Command * READ TEMPERATURE - #169,11*2fd5
 * 12-02-2025 14:55:30.176
CRC-Response  - 169,11,F000,35*f269 * 12-02-2025 14:55:30.285
Command * READ TEMPERATURE - #170,11*73eb
 * 12-02-2025 14:55:35.448
CRC-Response  - 170,11,F000,35*6f77 * 12-02-2025 14:55:35.557
Command * READ TEMPERATURE - #171,11*8fea
 * 12-02-2025 14:55:40.734
CRC-Response  - 171,11,F000,35*ac8a * 12-02-2025 14:55:40.842
Command * READ TEMPERATURE - #172,11*cbea
 * 12-02-2025 14:55:46.16
CRC-Response  - 172,11,F000,35*a88e * 12-02-2025 14:55:46.124
Command * READ TEMPERATURE - #173,11*37eb
 * 12-02-2025 14:55:51.282
CRC-Response  - 173,11,F000,35*6b73 * 12-02-2025 14:55:51.390
Command * READ TEMPERATURE - #174,11*43ea
 * 12-02-2025 14:55:56.561
CRC-Response  - 174,11,F000,35*a086 * 12-02-2025 14:55:56.669
Command * READ TEMPERATURE - #175,11*bfeb
 * 12-02-2025 14:56:01.838
CRC-Response  - 175,11,F000,35*637b * 12-02-2025 14:56:01.947
Command * READ TEMPERATURE - #176,11*fbeb
 * 12-02-2025 14:56:07.128
CRC-Response  - 176,11,F000,35*677f * 12-02-2025 14:56:07.245
Command * READ TEMPERATURE - #177,11*07ea
 * 12-02-2025 14:56:12.425
CRC-Response  - 177,11,F000,35*a482 * 12-02-2025 14:56:12.532
Command * READ TEMPERATURE - #178,11*13e9
 * 12-02-2025 14:56:17.710
CRC-Response  - 178,11,F000,35*b096 * 12-02-2025 14:56:17.819
Command * READ TEMPERATURE - #179,11*efe8
 * 12-02-2025 14:56:22.988
CRC-Response  - 179,11,F000,35*736b * 12-02-2025 14:56:23.96
Command * READ TEMPERATURE - #180,11*72bf
 * 12-02-2025 14:56:28.258
CRC-Response  - 180,11,F000,35*6063 * 12-02-2025 14:56:28.397
Command * READ TEMPERATURE - #181,11*8ebe
 * 12-02-2025 14:56:33.569
CRC-Response  - 181,11,F000,35*a39e * 12-02-2025 14:56:33.685
Command * READ TEMPERATURE - #182,11*cabe
 * 12-02-2025 14:56:38.852
CRC-Response  - 182,11,F000,35*a79a * 12-02-2025 14:56:38.961
Command * READ TEMPERATURE - #183,11*36bf
 * 12-02-2025 14:56:44.143
CRC-Response  - 183,11,F000,35*6467 * 12-02-2025 14:56:44.250
Command * READ TEMPERATURE - #184,11*42be
 * 12-02-2025 14:56:49.426
CRC-Response  - 184,11,F000,35*af92 * 12-02-2025 14:56:49.535
Command * READ TEMPERATURE - #185,11*bebf
 * 12-02-2025 14:56:54.707
CRC-Response  - 185,11,F000,35*6c6f * 12-02-2025 14:56:54.815
Command * READ TEMPERATURE - #186,11*fabf
 * 12-02-2025 14:56:59.985
CRC-Response  - 186,11,F000,35*686b * 12-02-2025 14:57:00.95
Command * READ TEMPERATURE - #187,11*06be
 * 12-02-2025 14:57:05.268
CRC-Response  - 187,11,F000,35*ab96 * 12-02-2025 14:57:05.376
Command * READ TEMPERATURE - #188,11*12bd
 * 12-02-2025 14:57:10.566
CRC-Response  - 188,11,F000,35*bf82 * 12-02-2025 14:57:10.675
Command * READ TEMPERATURE - #189,11*eebc
 * 12-02-2025 14:57:15.845
CRC-Response  - 189,11,F000,35*7c7f * 12-02-2025 14:57:15.973
Command * READ TEMPERATURE - #190,11*b282
 * 12-02-2025 14:57:21.144
CRC-Response  - 190,11,F000,36*e021 * 12-02-2025 14:57:21.254
Command * READ TEMPERATURE - #191,11*4e83
 * 12-02-2025 14:57:26.429
CRC-Response  - 191,11,F000,35*229c * 12-02-2025 14:57:26.537
Command * READ TEMPERATURE - #192,11*0a83
 * 12-02-2025 14:57:31.700
CRC-Response  - 192,11,F000,35*2698 * 12-02-2025 14:57:31.808
Command * READ TEMPERATURE - #193,11*f682
 * 12-02-2025 14:57:36.987
CRC-Response  - 193,11,F000,35*e565 * 12-02-2025 14:57:37.93
Command * READ TEMPERATURE - #194,11*8283
 * 12-02-2025 14:57:42.263
CRC-Response  - 194,11,F000,35*2e90 * 12-02-2025 14:57:42.371
Command * READ TEMPERATURE - #195,11*7e82
 * 12-02-2025 14:57:47.551
CRC-Response  - 195,11,F000,35*ed6d * 12-02-2025 14:57:47.660
Command * READ TEMPERATURE - #196,11*3a82
 * 12-02-2025 14:57:53.831
CRC-Response  - 196,11,F000,35*e969 * 12-02-2025 14:57:53.971
Command * READ TEMPERATURE - #197,11*c683
 * 12-02-2025 14:57:59.142
CRC-Response  - 197,11,F000,35*2a94 * 12-02-2025 14:57:59.249
Command * READ TEMPERATURE - #198,11*d280
 * 12-02-2025 14:58:04.435
CRC-Response  - 198,11,F000,35*3e80 * 12-02-2025 14:58:04.552
Command * READ TEMPERATURE - #199,11*2e81
 * 12-02-2025 14:58:09.701
CRC-Response  - 199,11,F000,36*fc3d * 12-02-2025 14:58:09.808
Command * READ TEMPERATURE - #200,11*805e
 * 12-02-2025 14:58:14.978
CRC-Response  - 200,11,F000,35*2b7f * 12-02-2025 14:58:15.87
Command * READ TEMPERATURE - #201,11*7c5f
 * 12-02-2025 14:58:20.259
CRC-Response  - 201,11,F000,36*e9c2 * 12-02-2025 14:58:20.365
Command * READ TEMPERATURE - #202,11*385f
 * 12-02-2025 14:58:25.528
CRC-Response  - 202,11,F000,36*edc6 * 12-02-2025 14:58:25.636
Command * READ TEMPERATURE - #203,11*c45e
 * 12-02-2025 14:58:30.804
CRC-Response  - 203,11,F000,36*2e3b * 12-02-2025 14:58:30.912
Command * READ TEMPERATURE - #204,11*b05f
 * 12-02-2025 14:58:36.62
CRC-Response  - 204,11,F000,36*e5ce * 12-02-2025 14:58:36.167
Command * READ TEMPERATURE - #205,11*4c5e
 * 12-02-2025 14:58:41.337
CRC-Response  - 205,11,F000,36*2633 * 12-02-2025 14:58:41.444
Command * READ TEMPERATURE - #206,11*085e
 * 12-02-2025 14:58:46.612
CRC-Response  - 206,11,F000,36*2237 * 12-02-2025 14:58:46.719
Command * READ TEMPERATURE - #207,11*f45f
 * 12-02-2025 14:58:51.889
CRC-Response  - 207,11,F000,36*e1ca * 12-02-2025 14:58:51.996
Command * READ TEMPERATURE - #208,11*e05c
 * 12-02-2025 14:58:57.168
CRC-Response  - 208,11,F000,36*f5de * 12-02-2025 14:58:57.275
Command * READ TEMPERATURE - #209,11*1c5d
 * 12-02-2025 14:59:02.447
CRC-Response  - 209,11,F000,36*3623 * 12-02-2025 14:59:02.554
Command * READ TEMPERATURE - #210,11*4063
 * 12-02-2025 14:59:07.735
CRC-Response  - 210,11,F000,36*ab3d * 12-02-2025 14:59:07.841
Command * READ TEMPERATURE - #211,11*bc62
 * 12-02-2025 14:59:13.12
CRC-Response  - 211,11,F000,36*68c0 * 12-02-2025 14:59:13.120
Command * READ TEMPERATURE - #212,11*f862
 * 12-02-2025 14:59:18.291
CRC-Response  - 212,11,F000,36*6cc4 * 12-02-2025 14:59:18.399
Command * READ TEMPERATURE - #213,11*0463
 * 12-02-2025 14:59:23.583
CRC-Response  - 213,11,F000,36*af39 * 12-02-2025 14:59:23.690
Command * READ TEMPERATURE - #214,11*7062
 * 12-02-2025 14:59:28.861
CRC-Response  - 214,11,F000,36*64cc * 12-02-2025 14:59:28.970
Command * READ TEMPERATURE - #215,11*8c63
 * 12-02-2025 14:59:34.147
CRC-Response  - 215,11,F000,36*a731 * 12-02-2025 14:59:34.254
Command * READ TEMPERATURE - #216,11*c863
 * 12-02-2025 14:59:39.426
CRC-Response  - 216,11,F000,36*a335 * 12-02-2025 14:59:39.541
Command * READ TEMPERATURE - #217,11*3462
 * 12-02-2025 14:59:44.714
CRC-Response  - 217,11,F000,36*60c8 * 12-02-2025 14:59:44.823
Command * READ TEMPERATURE - #218,11*2061
 * 12-02-2025 14:59:49.988
CRC-Response  - 218,11,F000,36*74dc * 12-02-2025 14:59:50.95
Command * READ TEMPERATURE - #219,11*dc60
 * 12-02-2025 14:59:55.261
CRC-Response  - 219,11,F000,36*b721 * 12-02-2025 14:59:55.370
Command * READ TEMPERATURE - #220,11*4027
 * 12-02-2025 15:00:00.546
CRC-Response  - 220,11,F000,36*6838 * 12-02-2025 15:00:00.656
Command * READ TEMPERATURE - #221,11*bc26
 * 12-02-2025 15:00:05.822
CRC-Response  - 221,11,F000,36*abc5 * 12-02-2025 15:00:05.929
Command * READ TEMPERATURE - #222,11*f826
 * 12-02-2025 15:00:11.110
CRC-Response  - 222,11,F000,36*afc1 * 12-02-2025 15:00:11.220
Command * READ TEMPERATURE - #223,11*0427
 * 12-02-2025 15:00:16.386
CRC-Response  - 223,11,F000,37*acfd * 12-02-2025 15:00:16.495
Command * READ TEMPERATURE - #224,11*7026
 * 12-02-2025 15:00:21.678
CRC-Response  - 224,11,F000,36*a7c9 * 12-02-2025 15:00:21.788
Command * READ TEMPERATURE - #225,11*8c27
 * 12-02-2025 15:00:26.971
CRC-Response  - 225,11,F000,36*6434 * 12-02-2025 15:00:27.79
Command * READ TEMPERATURE - #226,11*c827
 * 12-02-2025 15:00:32.244
CRC-Response  - 226,11,F000,36*6030 * 12-02-2025 15:00:32.352
Command * READ TEMPERATURE - #227,11*3426
 * 12-02-2025 15:00:37.538
CRC-Response  - 227,11,F000,36*a3cd * 12-02-2025 15:00:37.646
Command * READ TEMPERATURE - #228,11*2025
 * 12-02-2025 15:00:42.805
CRC-Response  - 228,11,F000,36*b7d9 * 12-02-2025 15:00:42.914
Command * READ TEMPERATURE - #229,11*dc24
 * 12-02-2025 15:00:48.75
CRC-Response  - 229,11,F000,36*7424 * 12-02-2025 15:00:48.184
Command * READ TEMPERATURE - #230,11*801a
 * 12-02-2025 15:00:53.361
CRC-Response  - 230,11,F000,36*e93a * 12-02-2025 15:00:53.471
Command * READ TEMPERATURE - #231,11*7c1b
 * 12-02-2025 15:00:58.637
CRC-Response  - 231,11,F000,36*2ac7 * 12-02-2025 15:00:58.747
Command * READ TEMPERATURE - #232,11*381b
 * 12-02-2025 15:01:03.912
CRC-Response  - 232,11,F000,36*2ec3 * 12-02-2025 15:01:04.23
Command * READ TEMPERATURE - #233,11*c41a
 * 12-02-2025 15:01:09.177
CRC-Response  - 233,11,F000,36*ed3e * 12-02-2025 15:01:09.284
Command * READ TEMPERATURE - #234,11*b01b
 * 12-02-2025 15:01:14.459
CRC-Response  - 234,11,F000,36*26cb * 12-02-2025 15:01:14.567
Command * READ TEMPERATURE - #235,11*4c1a
 * 12-02-2025 15:01:19.747
CRC-Response  - 235,11,F000,36*e536 * 12-02-2025 15:01:19.855
Command * READ TEMPERATURE - #236,11*081a
 * 12-02-2025 15:01:25.31
CRC-Response  - 236,11,F000,36*e132 * 12-02-2025 15:01:25.138
Command * READ TEMPERATURE - #237,11*f41b
 * 12-02-2025 15:01:30.313
CRC-Response  - 237,11,F000,36*22cf * 12-02-2025 15:01:30.441
Command * READ TEMPERATURE - #238,11*e018
 * 12-02-2025 15:01:35.606
CRC-Response  - 238,11,F000,36*36db * 12-02-2025 15:01:35.715
Command * READ TEMPERATURE - #239,11*1c19
 * 12-02-2025 15:01:40.895
CRC-Response  - 239,11,F000,36*f526 * 12-02-2025 15:01:41.3
Command * READ TEMPERATURE - #240,11*40af
 * 12-02-2025 15:01:46.174
CRC-Response  - 240,11,F000,36*ae31 * 12-02-2025 15:01:46.284
Command * READ TEMPERATURE - #241,11*bcae
 * 12-02-2025 15:01:51.455
CRC-Response  - 241,11,F000,36*6dcc * 12-02-2025 15:01:51.563
Command * READ TEMPERATURE - #242,11*f8ae
 * 12-02-2025 15:01:56.723
CRC-Response  - 242,11,F000,36*69c8 * 12-02-2025 15:01:56.831
Command * READ TEMPERATURE - #243,11*04af
 * 12-02-2025 15:02:01.995
CRC-Response  - 243,11,F000,36*aa35 * 12-02-2025 15:02:02.105
Command * READ TEMPERATURE - #244,11*70ae
 * 12-02-2025 15:02:07.285
CRC-Response  - 244,11,F000,36*61c0 * 12-02-2025 15:02:07.393
Command * READ TEMPERATURE - #245,11*8caf
 * 12-02-2025 15:02:12.552
CRC-Response  - 245,11,F000,36*a23d * 12-02-2025 15:02:12.661
Command * READ TEMPERATURE - #246,11*c8af
 * 12-02-2025 15:02:17.822
CRC-Response  - 246,11,F000,36*a639 * 12-02-2025 15:02:17.930
Command * READ TEMPERATURE - #247,11*34ae
 * 12-02-2025 15:02:23.91
CRC-Response  - 247,11,F000,36*65c4 * 12-02-2025 15:02:23.218
Command * READ TEMPERATURE - #248,11*20ad
 * 12-02-2025 15:02:28.392
CRC-Response  - 248,11,F000,36*71d0 * 12-02-2025 15:02:28.501
Command * HEATER DOOR OPEN - #249,8,1,1*57ce
 * 12-02-2025 15:02:47.130
CRC-Response  - 249,8,I001*b6cf * 12-02-2025 15:02:47.271
CRC-Response  - 249,8,F000*620d * 12-02-2025 15:02:47.579
Command * Rack-1 Picked from H1 - #250,2,1,2688,1000,0,1*9682
 * 12-02-2025 15:02:47.934
CRC-Response  - 250,2,I001,1*fe5d * 12-02-2025 15:02:48.42
CRC-Response  - 250,2,F000,1*c10c * 12-02-2025 15:02:53.892
Command * HEATER DOOR CLOSE - #251,8,1,0*9b47
 * 12-02-2025 15:02:54.247
CRC-Response  - 251,8,I001*80c3 * 12-02-2025 15:02:54.355
CRC-Response  - 251,8,F000*5401 * 12-02-2025 15:02:54.695
Command * Rack-1 Placed in J1 - #252,3,1,10304,800,0,0*2e21
 * 12-02-2025 15:02:55.33
CRC-Response  - 252,3,I001,1*f83d * 12-02-2025 15:02:55.140
CRC-Response  - 252,3,F000,1*c76c * 12-02-2025 15:03:01.250
Command * HEATER DOOR OPEN - #253,8,1,1*9ba5
 * 12-02-2025 15:04:35.644
CRC-Response  - 253,8,I001*5942 * 12-02-2025 15:04:35.864
CRC-Response  - 253,8,F000*8d80 * 12-02-2025 15:04:36.200
Rack - R3Protocol Started * 12-02-2025 15:04:36.876
Command * Rack-3 Picked from L3 - #254,2,1,10304,16380,0,0*6c05
 * 12-02-2025 15:04:37.79
CRC-Response  - 254,2,I001,1*2b1c * 12-02-2025 15:04:37.184
CRC-Response  - 254,2,F000,1*144d * 12-02-2025 15:04:43.655
Command * Rack-3 Placed in H3 - #255,3,1,2688,16380,0,1*bae6
 * 12-02-2025 15:04:43.900
CRC-Response  - 255,3,I001,1*228c * 12-02-2025 15:04:44.8
CRC-Response  - 255,3,F000,1*1ddd * 12-02-2025 15:04:50.113
Command * HEATER DOOR CLOSE - #0,8,1,0*e1c8
 * 12-02-2025 15:04:50.713
CRC-Response  - 0,8,I001*24f8 * 12-02-2025 15:04:50.821
CRC-Response  - 0,8,F000*f03a * 12-02-2025 15:04:51.165
Command * READ TEMPERATURE - #1,11*551b
 * 12-02-2025 15:04:51.489
CRC-Response  - 1,11,F000,36*e87f * 12-02-2025 15:04:51.598
Command * READ TEMPERATURE - #2,11*111b
 * 12-02-2025 15:04:56.773
CRC-Response  - 2,11,F000,36*ec7b * 12-02-2025 15:04:56.882
Command * READ TEMPERATURE - #3,11*ed1a
 * 12-02-2025 15:05:02.45
CRC-Response  - 3,11,F000,36*2f86 * 12-02-2025 15:05:02.153
Command * READ TEMPERATURE - #4,11*991b
 * 12-02-2025 15:05:07.319
CRC-Response  - 4,11,F000,36*e473 * 12-02-2025 15:05:07.428
Command * READ TEMPERATURE - #5,11*651a
 * 12-02-2025 15:05:12.597
CRC-Response  - 5,11,F000,36*278e * 12-02-2025 15:05:12.704
Command * READ TEMPERATURE - #6,11*211a
 * 12-02-2025 15:05:17.874
CRC-Response  - 6,11,F000,36*238a * 12-02-2025 15:05:17.982
Command * READ TEMPERATURE - #7,11*dd1b
 * 12-02-2025 15:05:23.164
CRC-Response  - 7,11,F000,37*20b6 * 12-02-2025 15:05:23.272
Command * READ TEMPERATURE - #8,11*c918
 * 12-02-2025 15:05:28.446
CRC-Response  - 8,11,F000,37*34a2 * 12-02-2025 15:05:28.553
Command * READ TEMPERATURE - #9,11*3519
 * 12-02-2025 15:05:33.727
CRC-Response  - 9,11,F000,36*379e * 12-02-2025 15:05:33.835
Command * READ TEMPERATURE - #10,11*4943
 * 12-02-2025 15:05:39.8
CRC-Response  - 10,11,F000,37*7367 * 12-02-2025 15:05:39.115
Command * READ TEMPERATURE - #11,11*b542
 * 12-02-2025 15:05:44.282
CRC-Response  - 11,11,F000,37*b09a * 12-02-2025 15:05:44.391
Command * READ TEMPERATURE - #12,11*f142
 * 12-02-2025 15:05:49.569
CRC-Response  - 12,11,F000,37*b49e * 12-02-2025 15:05:49.679
Command * READ TEMPERATURE - #13,11*0d43
 * 12-02-2025 15:05:54.836
CRC-Response  - 13,11,F000,37*7763 * 12-02-2025 15:05:54.942
Command * READ TEMPERATURE - #14,11*7942
 * 12-02-2025 15:06:00.118
CRC-Response  - 14,11,F000,37*bc96 * 12-02-2025 15:06:00.228
Command * READ TEMPERATURE - #15,11*8543
 * 12-02-2025 15:06:05.403
CRC-Response  - 15,11,F000,37*7f6b * 12-02-2025 15:06:05.511
Command * READ TEMPERATURE - #16,11*c143
 * 12-02-2025 15:06:10.684
CRC-Response  - 16,11,F000,37*7b6f * 12-02-2025 15:06:10.791
Command * READ TEMPERATURE - #17,11*3d42
 * 12-02-2025 15:06:15.970
CRC-Response  - 17,11,F000,37*b892 * 12-02-2025 15:06:16.78
Command * READ TEMPERATURE - #18,11*2941
 * 12-02-2025 15:06:21.249
CRC-Response  - 18,11,F000,37*ac86 * 12-02-2025 15:06:21.356
Command * READ TEMPERATURE - #19,11*d540
 * 12-02-2025 15:06:26.539
CRC-Response  - 19,11,F000,37*6f7b * 12-02-2025 15:06:26.647
Command * READ TEMPERATURE - #20,11*4907
 * 12-02-2025 15:06:31.819
CRC-Response  - 20,11,F000,37*b062 * 12-02-2025 15:06:31.927
Command * READ TEMPERATURE - #21,11*b506
 * 12-02-2025 15:06:37.100
CRC-Response  - 21,11,F000,37*739f * 12-02-2025 15:06:37.208
Command * READ TEMPERATURE - #22,11*f106
 * 12-02-2025 15:06:42.382
CRC-Response  - 22,11,F000,37*779b * 12-02-2025 15:06:42.486
Command * READ TEMPERATURE - #23,11*0d07
 * 12-02-2025 15:06:47.661
CRC-Response  - 23,11,F000,37*b466 * 12-02-2025 15:06:47.762
Command * READ TEMPERATURE - #24,11*7906
 * 12-02-2025 15:06:52.930
CRC-Response  - 24,11,F000,37*7f93 * 12-02-2025 15:06:53.38
Command * READ TEMPERATURE - #25,11*8507
 * 12-02-2025 15:06:58.210
CRC-Response  - 25,11,F000,36*7caf * 12-02-2025 15:06:58.319
Command * READ TEMPERATURE - #26,11*c107
 * 12-02-2025 15:07:03.486
CRC-Response  - 26,11,F000,37*b86a * 12-02-2025 15:07:03.592
Command * READ TEMPERATURE - #27,11*3d06
 * 12-02-2025 15:07:08.762
CRC-Response  - 27,11,F000,37*7b97 * 12-02-2025 15:07:08.870
Command * READ TEMPERATURE - #28,11*2905
 * 12-02-2025 15:07:14.40
CRC-Response  - 28,11,F000,37*6f83 * 12-02-2025 15:07:14.147
Command * READ TEMPERATURE - #29,11*d504
 * 12-02-2025 15:07:19.308
CRC-Response  - 29,11,F000,37*ac7e * 12-02-2025 15:07:19.415
Command * READ TEMPERATURE - #30,11*893a
 * 12-02-2025 15:07:24.579
CRC-Response  - 30,11,F000,37*3160 * 12-02-2025 15:07:24.686
Command * READ TEMPERATURE - #31,11*753b
 * 12-02-2025 15:07:29.856
CRC-Response  - 31,11,F000,37*f29d * 12-02-2025 15:07:29.966
Command * READ TEMPERATURE - #32,11*313b
 * 12-02-2025 15:07:35.135
CRC-Response  - 32,11,F000,37*f699 * 12-02-2025 15:07:35.244
Command * READ TEMPERATURE - #33,11*cd3a
 * 12-02-2025 15:07:40.417
CRC-Response  - 33,11,F000,37*3564 * 12-02-2025 15:07:40.637
Command * Rack-1 Picked from J1 - #34,2,1,10304,800,0,0*4159
 * 12-02-2025 15:08:02.52
CRC-Response  - 34,2,I001,1*c2d9 * 12-02-2025 15:08:02.236
CRC-Response  - 34,2,F000,1*fd88 * 12-02-2025 15:08:08.638
Command * Rack-1 Placed in J2 - #35,3,1,13934,800 ,0,0*0b21
 * 12-02-2025 15:08:08.916
CRC-Response  - 35,3,I001,1*cb49 * 12-02-2025 15:08:09.25
CRC-Response  - 35,3,F000,1*f418 * 12-02-2025 15:08:14.692
Command * Rack-1 Picked from J2 - #36,2,1,13934,800 ,0,0*c434
 * 12-02-2025 15:13:15.471
CRC-Response  - 36,2,I001,1*0878 * 12-02-2025 15:13:15.685
CRC-Response  - 36,2,F000,1*3729 * 12-02-2025 15:13:20.738
Command * Rack-1 Placed in J3 - #37,3,1,17564,800 ,0,0*b157
 * 12-02-2025 15:13:21.418
CRC-Response  - 37,3,I001,1*01e8 * 12-02-2025 15:13:21.527
CRC-Response  - 37,3,F000,1*3eb9 * 12-02-2025 15:13:27.192
Command * HEATER DOOR OPEN - #38,8,1,1*eb98
 * 12-02-2025 15:13:49.406
CRC-Response  - 38,8,I001*88f3 * 12-02-2025 15:13:49.579
CRC-Response  - 38,8,F000*5c31 * 12-02-2025 15:13:49.855
Command * Rack-2 Picked from H2 - #39,2,1,2688,8700,0,1*d64a
 * 12-02-2025 15:13:50.239
CRC-Response  - 39,2,I001,1*3848 * 12-02-2025 15:13:50.346
CRC-Response  - 39,2,F000,1*0719 * 12-02-2025 15:13:57.285
Command * HEATER DOOR CLOSE - #40,8,1,0*0d91
 * 12-02-2025 15:13:57.582
CRC-Response  - 40,8,I001*1ed4 * 12-02-2025 15:13:57.687
CRC-Response  - 40,8,F000*ca16 * 12-02-2025 15:13:58.27
Command * Rack-2 Placed in J1 - #41,3,1,10304,800,0,0*aa71
 * 12-02-2025 15:13:58.349
CRC-Response  - 41,3,I001,1*6a12 * 12-02-2025 15:13:58.456
CRC-Response  - 41,3,F000,1*5543 * 12-02-2025 15:14:04.576
Command * HEATER DOOR OPEN - #42,8,1,1*0d73
 * 12-02-2025 15:15:42.51
CRC-Response  - 42,8,I001*c755 * 12-02-2025 15:15:42.204
CRC-Response  - 42,8,F000*1397 * 12-02-2025 15:15:42.546
Command * Level Sensing For L1 - #43,4,17564,16380,0,0*c179
 * 12-02-2025 15:15:42.884
CRC-Response  - 43,4,I001*c794 * 12-02-2025 15:15:42.994
CRC-Response  - 43,4,F000,343*074e * 12-02-2025 15:15:47.83
L1 Value - 343 * 12-02-2025 15:15:47.109
Command * Level Sensing For L2 - #44,4,13934,16380,0,0*b1d4
 * 12-02-2025 15:15:47.652
CRC-Response  - 44,4,I001*21d5 * 12-02-2025 15:15:47.759
CRC-Response  - 44,4,F000,336*ff79 * 12-02-2025 15:15:50.54
L2 Value - 336 * 12-02-2025 15:15:50.93
Command * Level Sensing For L3 - #45,4,10304,16380,0,0*40f6
 * 12-02-2025 15:15:50.426
CRC-Response  - 45,4,I001*ed14 * 12-02-2025 15:15:50.533
CRC-Response  - 45,4,F000,338*f805 * 12-02-2025 15:15:52.833
L3 Value - 338 * 12-02-2025 15:15:52.862
Command * Home Command - #46,5,01111111*2c9d
 * 12-02-2025 15:15:53.204
CRC-Response  - 46,5,I001,01111111*a51c * 12-02-2025 15:15:53.311
CRC-Response  - 46,5,F000*fd97 * 12-02-2025 15:16:04.365
Command * Home Command - #47,5,01111111*ef60
 * 12-02-2025 15:16:06.999
CRC-Response  - 47,5,I001,01111111*354d * 12-02-2025 15:16:07.109
CRC-Response  - 47,5,F000*3156 * 12-02-2025 15:16:07.111
Rack - 4Protocol Started * 12-02-2025 15:16:09.145
Command * Rack-4 Picked from L1 - #48,2,1,17564,16380,0,0*f9c1
 * 12-02-2025 15:16:09.362
CRC-Response  - 48,2,I001,1*8903 * 12-02-2025 15:16:09.469
CRC-Response  - 48,2,F000,1*b652 * 12-02-2025 15:16:20.157
Command * Rack-4 Placed in H1 - #49,3,1,2688,1000,0,1*5b18
 * 12-02-2025 15:16:20.671
CRC-Response  - 49,3,I001,1*8093 * 12-02-2025 15:16:20.777
CRC-Response  - 49,3,F000,1*bfc2 * 12-02-2025 15:16:27.718
Command * HEATER DOOR CLOSE - #50,8,1,0*c150
 * 12-02-2025 15:16:28.1
CRC-Response  - 50,8,I001*8ed9 * 12-02-2025 15:16:28.89
CRC-Response  - 50,8,F000*5a1b * 12-02-2025 15:16:28.434
Command * READ TEMPERATURE - #51,11*75b3
 * 12-02-2025 15:16:28.773
CRC-Response  - 51,11,F000,37*3494 * 12-02-2025 15:16:28.881
Command * READ TEMPERATURE - #52,11*31b3
 * 12-02-2025 15:16:34.31
CRC-Response  - 52,11,F000,37*3090 * 12-02-2025 15:16:34.139
Command * READ TEMPERATURE - #53,11*cdb2
 * 12-02-2025 15:16:39.309
CRC-Response  - 53,11,F000,37*f36d * 12-02-2025 15:16:39.417
Command * READ TEMPERATURE - #54,11*b9b3
 * 12-02-2025 15:16:44.602
CRC-Response  - 54,11,F000,37*3898 * 12-02-2025 15:16:44.730
Command * READ TEMPERATURE - #55,11*45b2
 * 12-02-2025 15:16:49.907
CRC-Response  - 55,11,F000,37*fb65 * 12-02-2025 15:16:50.8
Command * READ TEMPERATURE - #56,11*01b2
 * 12-02-2025 15:16:55.180
CRC-Response  - 56,11,F000,37*ff61 * 12-02-2025 15:16:55.289
Command * READ TEMPERATURE - #57,11*fdb3
 * 12-02-2025 15:17:00.456
CRC-Response  - 57,11,F000,37*3c9c * 12-02-2025 15:17:00.562
Command * READ TEMPERATURE - #58,11*e9b0
 * 12-02-2025 15:17:05.740
CRC-Response  - 58,11,F000,37*2888 * 12-02-2025 15:17:05.847
Command * READ TEMPERATURE - #59,11*15b1
 * 12-02-2025 15:17:11.23
CRC-Response  - 59,11,F000,38*ef35 * 12-02-2025 15:17:11.131
Command * READ TEMPERATURE - #60,11*89f6
 * 12-02-2025 15:17:16.292
CRC-Response  - 60,11,F000,37*346c * 12-02-2025 15:17:16.399
Command * READ TEMPERATURE - #61,11*75f7
 * 12-02-2025 15:17:21.579
CRC-Response  - 61,11,F000,38*f3d1 * 12-02-2025 15:17:21.687
Command * READ TEMPERATURE - #62,11*31f7
 * 12-02-2025 15:17:26.856
CRC-Response  - 62,11,F000,38*f7d5 * 12-02-2025 15:17:26.965
Command * READ TEMPERATURE - #63,11*cdf6
 * 12-02-2025 15:17:32.143
CRC-Response  - 63,11,F000,38*3428 * 12-02-2025 15:17:32.253
Command * READ TEMPERATURE - #64,11*b9f7
 * 12-02-2025 15:17:37.415
CRC-Response  - 64,11,F000,38*ffdd * 12-02-2025 15:17:37.525
Command * READ TEMPERATURE - #65,11*45f6
 * 12-02-2025 15:17:42.699
CRC-Response  - 65,11,F000,38*3c20 * 12-02-2025 15:17:42.810
Command * READ TEMPERATURE - #66,11*01f6
 * 12-02-2025 15:17:47.978
CRC-Response  - 66,11,F000,37*3c64 * 12-02-2025 15:17:48.90
Command * READ TEMPERATURE - #67,11*fdf7
 * 12-02-2025 15:17:53.272
CRC-Response  - 67,11,F000,38*fbd9 * 12-02-2025 15:17:53.378
Command * READ TEMPERATURE - #68,11*e9f4
 * 12-02-2025 15:17:58.553
CRC-Response  - 68,11,F000,38*efcd * 12-02-2025 15:17:58.659
Command * READ TEMPERATURE - #69,11*15f5
 * 12-02-2025 15:18:03.824
CRC-Response  - 69,11,F000,38*2c30 * 12-02-2025 15:18:03.933
Command * READ TEMPERATURE - #70,11*49cb
 * 12-02-2025 15:18:09.119
CRC-Response  - 70,11,F000,38*b12e * 12-02-2025 15:18:09.226
Command * Rack-1 Picked from J3 - #71,2,1,17564,800 ,0,0*afcb
 * 12-02-2025 15:18:28.3
CRC-Response  - 71,2,I001,1*e2dc * 12-02-2025 15:18:28.109
CRC-Response  - 71,2,F000,1*dd8d * 12-02-2025 15:18:35.33
Command * Rack-1 Placed in J4 - #72,3,1,21194,800 ,0,0*7e15
 * 12-02-2025 15:18:35.344
CRC-Response  - 72,3,I001,1*21ed * 12-02-2025 15:18:35.452
CRC-Response  - 72,3,F000,1*1ebc * 12-02-2025 15:18:41.132
Command * Rack-2 Picked from J1 - #73,2,1,10304,800,0,0*b11d
 * 12-02-2025 15:19:05.402
CRC-Response  - 73,2,I001,1*287d * 12-02-2025 15:19:05.515
CRC-Response  - 73,2,F000,1*172c * 12-02-2025 15:19:11.992
Command * Rack-2 Placed in J2 - #74,3,1,13934,800 ,0,0*5e59
 * 12-02-2025 15:19:12.255
CRC-Response  - 74,3,I001,1*3e0d * 12-02-2025 15:19:12.362
CRC-Response  - 74,3,F000,1*015c * 12-02-2025 15:19:18.34
Command * Rack-1 Picked from J4 - #75,2,1,21194,800 ,0,0*35f1
 * 12-02-2025 15:21:41.896
CRC-Response  - 75,2,I001,1*379d * 12-02-2025 15:21:42.18
CRC-Response  - 75,2,F000,1*08cc * 12-02-2025 15:21:48.84
Command * Rack-1 Placed in J5 - #76,3,1,24824,800 ,0,0*c7d1
 * 12-02-2025 15:21:48.703
CRC-Response  - 76,3,I001,1*f4ac * 12-02-2025 15:21:48.810
CRC-Response  - 76,3,F000,1*cbfd * 12-02-2025 15:21:54.485
Command * Rack-2 Picked from J2 - #77,2,1,13934,800 ,0,0*914c
 * 12-02-2025 15:24:18.833
CRC-Response  - 77,2,I001,1*fd3c * 12-02-2025 15:24:19.252
CRC-Response  - 77,2,F000,1*c26d * 12-02-2025 15:24:25.420
Command * Rack-2 Placed in J3 - #78,3,1,17564,800 ,0,0*cb46
 * 12-02-2025 15:24:25.949
CRC-Response  - 78,3,I001,1*01cd * 12-02-2025 15:24:26.60
CRC-Response  - 78,3,F000,1*3e9c * 12-02-2025 15:24:31.732
Command * HEATER DOOR OPEN - #79,8,1,1*d889
 * 12-02-2025 15:24:51.83
CRC-Response  - 79,8,I001*8400 * 12-02-2025 15:24:51.220
CRC-Response  - 79,8,F000*50c2 * 12-02-2025 15:24:51.531
Command * Rack-3 Picked from H3 - #80,2,1,2688,16380,0,1*d077
 * 12-02-2025 15:24:51.884
CRC-Response  - 80,2,I001,1*33bd * 12-02-2025 15:24:51.992
11 Secconds Timer incrementes in Jar J5 for R1 as other racks picking by RA in tmr_r1_incub() * 12-02-2025 15:24:54.859
CRC-Response  - 80,2,F000,1*0cec * 12-02-2025 15:24:58.949
Command * HEATER DOOR CLOSE - #81,8,1,0*9881
 * 12-02-2025 15:24:59.166
CRC-Response  - 81,8,I001*d240 * 12-02-2025 15:24:59.276
CRC-Response  - 81,8,F000*0682 * 12-02-2025 15:24:59.613
Command * Rack-3 Placed in J1 - #82,3,1,10304,800,0,0*2325
 * 12-02-2025 15:24:59.952
CRC-Response  - 82,3,I001,1*35dd * 12-02-2025 15:25:00.59
11 Secconds Timer incrementes in Jar J5 for R1 as previously excuted command is in process in tmr_r1_incub() * 12-02-2025 15:25:05.863
CRC-Response  - 82,3,F000,1*0a8c * 12-02-2025 15:25:06.551
Command * Rack-1 Picked from J5 - #83,2,1,24824,800 ,0,0*91b3
 * 12-02-2025 15:25:17.253
CRC-Response  - 83,2,I001,1*3c4d * 12-02-2025 15:25:17.363
CRC-Response  - 83,2,F000,1*031c * 12-02-2025 15:25:24.249
Command * Rack-1 Placed in J6 - #84,3,1,28454,800 ,0,0*724c
 * 12-02-2025 15:25:24.544
CRC-Response  - 84,3,I001,1*2a3d * 12-02-2025 15:25:24.653
CRC-Response  - 84,3,F000,1*156c * 12-02-2025 15:25:30.336
Command * HEATER DOOR OPEN - #85,8,1,1*9805
 * 12-02-2025 15:27:14.578
CRC-Response  - 85,8,I001*2141 * 12-02-2025 15:27:14.719
CRC-Response  - 85,8,F000*f583 * 12-02-2025 15:27:15.28
Rack - 5Protocol Started * 12-02-2025 15:27:15.724
Command * Rack-5 Picked from L2 - #86,2,1,13934,16380,0,0*86fa
 * 12-02-2025 15:27:15.930
CRC-Response  - 86,2,I001,1*2c5d * 12-02-2025 15:27:16.34
CRC-Response  - 86,2,F000,1*130c * 12-02-2025 15:27:22.931
Command * Rack-5 Placed in H2 - #87,3,1,2688,8700,0,1*d5d4
 * 12-02-2025 15:27:23.239
CRC-Response  - 87,3,I001,1*25cd * 12-02-2025 15:27:23.348
CRC-Response  - 87,3,F000,1*1a9c * 12-02-2025 15:27:29.891
Command * HEATER DOOR CLOSE - #88,8,1,0*9818
 * 12-02-2025 15:27:30.535
CRC-Response  - 88,8,I001*b880 * 12-02-2025 15:27:30.642
CRC-Response  - 88,8,F000*6c42 * 12-02-2025 15:27:30.981
Command * READ TEMPERATURE - #89,11*d49c
 * 12-02-2025 15:27:31.302
CRC-Response  - 89,11,F000,38*a226 * 12-02-2025 15:27:31.411
Command * READ TEMPERATURE - #90,11*88a2
 * 12-02-2025 15:27:36.582
CRC-Response  - 90,11,F000,38*3f38 * 12-02-2025 15:27:36.689
Command * READ TEMPERATURE - #91,11*74a3
 * 12-02-2025 15:27:41.863
CRC-Response  - 91,11,F000,38*fcc5 * 12-02-2025 15:27:41.972
Command * READ TEMPERATURE - #92,11*30a3
 * 12-02-2025 15:27:47.122
CRC-Response  - 92,11,F000,38*f8c1 * 12-02-2025 15:27:47.231
Command * READ TEMPERATURE - #93,11*cca2
 * 12-02-2025 15:27:52.406
CRC-Response  - 93,11,F000,38*3b3c * 12-02-2025 15:27:52.512
Command * READ TEMPERATURE - #94,11*b8a3
 * 12-02-2025 15:27:57.690
CRC-Response  - 94,11,F000,38*f0c9 * 12-02-2025 15:27:57.798
Command * READ TEMPERATURE - #95,11*44a2
 * 12-02-2025 15:28:02.966
CRC-Response  - 95,11,F000,38*3334 * 12-02-2025 15:28:03.76
Command * READ TEMPERATURE - #96,11*00a2
 * 12-02-2025 15:28:08.249
CRC-Response  - 96,11,F000,38*3730 * 12-02-2025 15:28:08.357
Command * WATER VALVE - 1 CONTROL ON - #97,13,1,1*ff1f
 * 12-02-2025 15:28:12.855
CRC-Response  - 97,13,F000*3e65 * 12-02-2025 15:28:12.961
Command * Rack-1 Picked from J6 - #98,2,1,28454,800 ,0,0*921d
 * 12-02-2025 15:28:31.69
CRC-Response  - 98,2,I001,1*2538 * 12-02-2025 15:28:31.181
CRC-Response  - 98,2,F000,1*1a69 * 12-02-2025 15:28:39.327
Command * Rack-1 Placed in W1 - #99,3,1,42974,800 ,0,0*d889
 * 12-02-2025 15:28:39.848
CRC-Response  - 99,3,I001,1*2ca8 * 12-02-2025 15:28:39.957
CRC-Response  - 99,3,F000,1*13f9 * 12-02-2025 15:28:46.847
Command * Rack-2 Picked from J3 - #100,2,1,17564,800 ,0,0*0223
 * 12-02-2025 15:29:32.482
CRC-Response  - 100,2,I001,1*3648 * 12-02-2025 15:29:32.605
CRC-Response  - 100,2,F000,1*0919 * 12-02-2025 15:29:40.693
Command * Rack-2 Placed in J4 - #101,3,1,21194,800 ,0,0*3184
 * 12-02-2025 15:29:41.296
CRC-Response  - 101,3,I001,1*3fd8 * 12-02-2025 15:29:41.403
CRC-Response  - 101,3,F000,1*0089 * 12-02-2025 15:29:47.75
Command * Rack-3 Picked from J1 - #102,2,1,10304,800,0,0*d88f
 * 12-02-2025 15:30:07.5
CRC-Response  - 102,2,I001,1*fce9 * 12-02-2025 15:30:07.142
CRC-Response  - 102,2,F000,1*c3b8 * 12-02-2025 15:30:13.601
Command * Rack-3 Placed in J2 - #103,3,1,13934,800 ,0,0*9539
 * 12-02-2025 15:30:13.835
CRC-Response  - 103,3,I001,1*f579 * 12-02-2025 15:30:13.943
CRC-Response  - 103,3,F000,1*ca28 * 12-02-2025 15:30:19.613
Command * WATER VALVE - 1 CONTROL OFF - #104,13,1,0*b7df
 * 12-02-2025 15:31:47.362
CRC-Response  - 104,13,F000*fe2c * 12-02-2025 15:31:47.469
Command * Rack-1 Picked from W1 - #105,2,1,42974,800 ,0,0*bbf2
 * 12-02-2025 15:31:48.411
CRC-Response  - 105,2,I001,1*2658 * 12-02-2025 15:31:48.518
CRC-Response  - 105,2,F000,1*1909 * 12-02-2025 15:31:57.36
Command * Rack-1 Placed in J8 - #106,3,1,35714,800 ,0,0*ab1d
 * 12-02-2025 15:31:57.703
CRC-Response  - 106,3,I001,1*e569 * 12-02-2025 15:31:57.810
CRC-Response  - 106,3,F000,1*da38 * 12-02-2025 15:32:03.900
Command * Rack-2 Picked from J4 - #107,2,1,21194,800 ,0,0*ab5d
 * 12-02-2025 15:32:47.855
CRC-Response  - 107,2,I001,1*ecf9 * 12-02-2025 15:32:47.968
CRC-Response  - 107,2,F000,1*d3a8 * 12-02-2025 15:32:54.859
Command * Rack-2 Placed in J5 - #108,3,1,24824,800 ,0,0*946d
 * 12-02-2025 15:32:55.168
CRC-Response  - 108,3,I001,1*1008 * 12-02-2025 15:32:55.277
CRC-Response  - 108,3,F000,1*2f59 * 12-02-2025 15:33:00.950
Command * Rack-3 Picked from J2 - #109,2,1,13934,800 ,0,0*c2f0
 * 12-02-2025 15:35:20.377
CRC-Response  - 109,2,I001,1*1998 * 12-02-2025 15:35:20.518
CRC-Response  - 109,2,F000,1*26c9 * 12-02-2025 15:35:26.964
Command * Rack-3 Placed in J3 - #110,3,1,17564,800 ,0,0*2f62
 * 12-02-2025 15:35:27.194
CRC-Response  - 110,3,I001,1*068d * 12-02-2025 15:35:27.304
CRC-Response  - 110,3,F000,1*39dc * 12-02-2025 15:35:32.981
Command * Rack-2 Picked from J5 - #111,2,1,24824,800 ,0,0*21f0
 * 12-02-2025 15:36:01.692
CRC-Response  - 111,2,I001,1*0f1d * 12-02-2025 15:36:01.815
CRC-Response  - 111,2,F000,1*304c * 12-02-2025 15:36:07.880
Command * Rack-2 Placed in J6 - #112,3,1,28454,800 ,0,0*46fe
 * 12-02-2025 15:36:08.515
CRC-Response  - 112,3,I001,1*cc2c * 12-02-2025 15:36:08.623
CRC-Response  - 112,3,F000,1*f37d * 12-02-2025 15:36:14.293
Command * HEATER DOOR OPEN - #113,8,1,1*98b0
 * 12-02-2025 15:36:28.370
CRC-Response  - 113,8,I001*9680 * 12-02-2025 15:36:28.482
CRC-Response  - 113,8,F000*4242 * 12-02-2025 15:36:28.818
Command * Rack-4 Picked from H1 - #114,2,1,2688,1000,0,1*11b1
 * 12-02-2025 15:36:29.143
CRC-Response  - 114,2,I001,1*1f0d * 12-02-2025 15:36:29.249
CRC-Response  - 114,2,F000,1*205c * 12-02-2025 15:36:37.398
Command * HEATER DOOR CLOSE - #115,8,1,0*5817
 * 12-02-2025 15:36:37.938
CRC-Response  - 115,8,I001*bc00 * 12-02-2025 15:36:38.47
CRC-Response  - 115,8,F000*68c2 * 12-02-2025 15:36:38.387
Command * Rack-4 Placed in J1 - #116,3,1,10304,800,0,0*a912
 * 12-02-2025 15:36:38.711
CRC-Response  - 116,3,I001,1*196d * 12-02-2025 15:36:38.818
CRC-Response  - 116,3,F000,1*263c * 12-02-2025 15:36:44.938
Command * HEATER DOOR OPEN - #117,8,1,1*58f5
 * 12-02-2025 15:38:17.111
CRC-Response  - 117,8,I001*6581 * 12-02-2025 15:38:17.280
CRC-Response  - 117,8,F000*b143 * 12-02-2025 15:38:17.559
Rack - 6Protocol Started * 12-02-2025 15:38:18.297
Command * Rack-6 Picked from L3 - #118,2,1,10304,16380,0,0*b6d8
 * 12-02-2025 15:38:18.717
CRC-Response  - 118,2,I001,1*20cd * 12-02-2025 15:38:18.964
CRC-Response  - 118,2,F000,1*1f9c * 12-02-2025 15:38:25.292
Command * Rack-6 Placed in H3 - #119,3,1,2688,16380,0,1*e6c0
 * 12-02-2025 15:38:25.897
CRC-Response  - 119,3,I001,1*295d * 12-02-2025 15:38:26.5
CRC-Response  - 119,3,F000,1*160c * 12-02-2025 15:38:32.128
Command * HEATER DOOR CLOSE - #120,8,1,0*4d02
 * 12-02-2025 15:38:32.690
CRC-Response  - 120,8,I001*73d4 * 12-02-2025 15:38:32.797
CRC-Response  - 120,8,F000*a716 * 12-02-2025 15:38:33.138
Command * READ TEMPERATURE - #121,11*8f26
 * 12-02-2025 15:38:33.463
CRC-Response  - 121,11,F000,39*ac86 * 12-02-2025 15:38:33.571
Command * READ TEMPERATURE - #122,11*cb26
 * 12-02-2025 15:38:38.757
CRC-Response  - 122,11,F000,39*a882 * 12-02-2025 15:38:38.867
Command * READ TEMPERATURE - #123,11*3727
 * 12-02-2025 15:38:44.29
CRC-Response  - 123,11,F000,39*6b7f * 12-02-2025 15:38:44.137
Command * READ TEMPERATURE - #124,11*4326
 * 12-02-2025 15:38:49.302
CRC-Response  - 124,11,F000,39*a08a * 12-02-2025 15:38:49.409
Command * READ TEMPERATURE - #125,11*bf27
 * 12-02-2025 15:38:54.577
CRC-Response  - 125,11,F000,39*6377 * 12-02-2025 15:38:54.685
Command * WATER VALVE - 1 CONTROL ON - #126,13,1,1*ce86
 * 12-02-2025 15:38:56.860
CRC-Response  - 126,13,F000*5494 * 12-02-2025 15:38:56.970
Command * Rack-2 Picked from J6 - #127,2,1,28454,800 ,0,0*dc50
 * 12-02-2025 15:39:15.78
CRC-Response  - 127,2,I001,1*54f2 * 12-02-2025 15:39:15.184
CRC-Response  - 127,2,F000,1*6ba3 * 12-02-2025 15:39:23.351
Command * Rack-2 Placed in W1 - #128,3,1,42974,800 ,0,0*b9ad
 * 12-02-2025 15:39:23.904
CRC-Response  - 128,3,I001,1*a803 * 12-02-2025 15:39:24.15
CRC-Response  - 128,3,F000,1*9752 * 12-02-2025 15:39:30.904
Command * WATER VALVE - 2 CONTROL ON - #129,13,2,1*8e36
 * 12-02-2025 15:39:46.512
CRC-Response  - 129,13,F000*a4d5 * 12-02-2025 15:39:46.711
Command * Rack-1 Picked from J8 - #130,2,1,35714,800 ,0,0*02f7
 * 12-02-2025 15:40:04.737
CRC-Response  - 130,2,I001,1*7247 * 12-02-2025 15:40:04.938
CRC-Response  - 130,2,F000,1*4d16 * 12-02-2025 15:40:10.931
Command * Rack-1 Placed in W2 - #131,3,1,46604,800 ,0,0*1461
 * 12-02-2025 15:40:11.147
CRC-Response  - 131,3,I001,1*7bd7 * 12-02-2025 15:40:11.258
CRC-Response  - 131,3,F000,1*4486 * 12-02-2025 15:40:17.752
Command * Rack-3 Picked from J3 - #132,2,1,17564,800 ,0,0*d369
 * 12-02-2025 15:40:33.852
CRC-Response  - 132,2,I001,1*b8e6 * 12-02-2025 15:40:33.990
CRC-Response  - 132,2,F000,1*87b7 * 12-02-2025 15:40:42.476
Command * Rack-3 Placed in J4 - #133,3,1,21194,800 ,0,0*e0ce
 * 12-02-2025 15:40:42.693
CRC-Response  - 133,3,I001,1*b176 * 12-02-2025 15:40:42.799
CRC-Response  - 133,3,F000,1*8e27 * 12-02-2025 15:40:48.469
Command * Rack-4 Picked from J1 - #134,2,1,10304,800,0,0*6343
 * 12-02-2025 15:41:45.731
CRC-Response  - 134,2,I001,1*a706 * 12-02-2025 15:41:45.904
CRC-Response  - 134,2,F000,1*9857 * 12-02-2025 15:41:52.322
Command * Rack-4 Placed in J2 - #135,3,1,13934,800 ,0,0*c082
 * 12-02-2025 15:41:52.586
CRC-Response  - 135,3,I001,1*ae96 * 12-02-2025 15:41:52.695
CRC-Response  - 135,3,F000,1*91c7 * 12-02-2025 15:41:58.379
Command * WATER VALVE - 1 CONTROL OFF - #136,13,1,0*9e4a
 * 12-02-2025 15:42:31.431
CRC-Response  - 136,13,F000*91c5 * 12-02-2025 15:42:31.620
Command * Rack-2 Picked from W1 - #137,2,1,42974,800 ,0,0*6ab8
 * 12-02-2025 15:42:32.572
CRC-Response  - 137,2,I001,1*a8f6 * 12-02-2025 15:42:32.680
CRC-Response  - 137,2,F000,1*97a7 * 12-02-2025 15:42:41.201
Command * Rack-2 Placed in J8 - #138,3,1,35714,800 ,0,0*b747
 * 12-02-2025 15:42:41.926
CRC-Response  - 138,3,I001,1*5407 * 12-02-2025 15:42:42.35
CRC-Response  - 138,3,F000,1*6b56 * 12-02-2025 15:42:48.112
Command * WATER VALVE - 2 CONTROL OFF - #139,13,2,0*defa
 * 12-02-2025 15:43:18.669
CRC-Response  - 139,13,F000*6184 * 12-02-2025 15:43:18.824
Command * Rack-1 Picked from W2 - #140,2,1,46604,800 ,0,0*8e7b
 * 12-02-2025 15:43:19.769
CRC-Response  - 140,2,I001,1*065d * 12-02-2025 15:43:19.877
CRC-Response  - 140,2,F000,1*390c * 12-02-2025 15:43:26.362
Command * Rack-1 Dipped in J9 - #141,17,1,39344,800 ,1,1,1*8bbd
 * 12-02-2025 15:43:27.85
CRC-Response  - 141,17,I001,1*9bf0 * 12-02-2025 15:43:27.194
CRC-Response  - 141,17,F000,1*a4a1 * 12-02-2025 15:43:33.73
Command * Rack-1 Placed in W2 - #142,3,1,46604,800 ,0,0*9053
 * 12-02-2025 15:43:33.903
CRC-Response  - 142,3,I001,1*003d * 12-02-2025 15:43:34.11
CRC-Response  - 142,3,F000,1*3f6c * 12-02-2025 15:43:40.87
Command * Rack-3 Picked from J4 - #143,2,1,21194,800 ,0,0*abe9
 * 12-02-2025 15:43:49.202
CRC-Response  - 143,2,I001,1*09ad * 12-02-2025 15:43:49.310
CRC-Response  - 143,2,F000,1*36fc * 12-02-2025 15:43:57.423
Command * Rack-3 Placed in J5 - #144,3,1,24824,800 ,0,0*dd38
 * 12-02-2025 15:43:58.0
CRC-Response  - 144,3,I001,1*1fdd * 12-02-2025 15:43:58.108
CRC-Response  - 144,3,F000,1*208c * 12-02-2025 15:44:03.769
Command * WATER VALVE - 2 CONTROL OFF - #145,13,2,0*bbdc
 * 12-02-2025 15:46:41.924
CRC-Response  - 145,13,F000*bb60 * 12-02-2025 15:46:42.31
Command * Rack-1 Picked from W2 - #146,2,1,46604,800 ,0,0*e8f3
 * 12-02-2025 15:46:42.986
CRC-Response  - 146,2,I001,1*19bd * 12-02-2025 15:46:43.172
CRC-Response  - 146,2,F000,1*26ec * 12-02-2025 15:46:50.808
Command * Rack-1 Dipped in J18 - #147,17,1,39344,8590,1,1,1*faf8
 * 12-02-2025 15:46:51.887
CRC-Response  - 147,17,I001,1*13ee * 12-02-2025 15:46:51.996
CRC-Response  - 147,17,F000,1*2cbf * 12-02-2025 15:46:57.885
Command * Rack-1 Placed in W6 - #148,3,1,42974,8590,0,0*855f
 * 12-02-2025 15:46:58.707
CRC-Response  - 148,3,I001,1*201d * 12-02-2025 15:46:58.818
11 Secconds Timer incrementes in Jar J2 for R4 as previously excuted command is in process in tmr_r4_incub() * 12-02-2025 15:46:58.834
11 Secconds Timer incrementes in Jar J5 for R3 as previous racks are in Waiting in tmr_r3_incub() * 12-02-2025 15:47:04.158
CRC-Response  - 148,3,F000,1*1f4c * 12-02-2025 15:47:04.494
Command * Rack-4 Picked from J2 - #149,2,1,13934,800 ,0,0*46b5
 * 12-02-2025 15:47:10.218
CRC-Response  - 149,2,I001,1*298d * 12-02-2025 15:47:10.326
11 Secconds Timer incrementes in Jar J5 for R3 as other racks picking by RA in tmr_r3_incub() * 12-02-2025 15:47:15.158
CRC-Response  - 149,2,F000,1*16dc * 12-02-2025 15:47:18.847
Command * Rack-4 Placed in J3 - #150,3,1,17564,800 ,0,0*ab27
 * 12-02-2025 15:47:19.512
CRC-Response  - 150,3,I001,1*3698 * 12-02-2025 15:47:19.625
CRC-Response  - 150,3,F000,1*09c9 * 12-02-2025 15:47:25.306
Command * Rack-3 Picked from J5 - #151,2,1,24824,800 ,0,0*a5b5
 * 12-02-2025 15:47:26.543
CRC-Response  - 151,2,I001,1*3f08 * 12-02-2025 15:47:26.654
11 Secconds Timer incrementes in Jar H2 for R5 as other racks picking by RA in tmr_r5_incub() * 12-02-2025 15:47:30.574
CRC-Response  - 151,2,F000,1*0059 * 12-02-2025 15:47:32.732
Command * Rack-3 Placed in J6 - #152,3,1,28454,800 ,0,0*c2bb
 * 12-02-2025 15:47:33.338
CRC-Response  - 152,3,I001,1*fc39 * 12-02-2025 15:47:33.447
CRC-Response  - 152,3,F000,1*c368 * 12-02-2025 15:47:39.121
Command * HEATER DOOR OPEN - #153,8,1,1*6bb1
 * 12-02-2025 15:47:41.979
CRC-Response  - 153,8,I001*56b2 * 12-02-2025 15:47:42.88
CRC-Response  - 153,8,F000*8270 * 12-02-2025 15:47:42.429
Command * Rack-5 Picked from H2 - #154,2,1,2688,8700,0,1*3ff6
 * 12-02-2025 15:47:42.771
CRC-Response  - 154,2,I001,1*2f18 * 12-02-2025 15:47:42.878
CRC-Response  - 154,2,F000,1*1049 * 12-02-2025 15:47:51.49
Command * HEATER DOOR CLOSE - #155,8,1,0*ab16
 * 12-02-2025 15:47:51.558
CRC-Response  - 155,8,I001*7c32 * 12-02-2025 15:47:51.666
CRC-Response  - 155,8,F000*a8f0 * 12-02-2025 15:47:52.6
Command * Rack-5 Placed in J1 - #156,3,1,10304,800,0,0*2de3
 * 12-02-2025 15:47:52.348
CRC-Response  - 156,3,I001,1*2978 * 12-02-2025 15:47:52.457
CRC-Response  - 156,3,F000,1*1629 * 12-02-2025 15:47:58.585
Command * HEATER DOOR OPEN - #157,8,1,1*abf4
 * 12-02-2025 15:49:24.945
CRC-Response  - 157,8,I001*a5b3 * 12-02-2025 15:49:25.105
CRC-Response  - 157,8,F000*7171 * 12-02-2025 15:49:25.393
Command * Level Sensing For L1 - #158,4,17564,16380,0,0*17f8
 * 12-02-2025 15:49:25.776
CRC-Response  - 158,4,I001*29f3 * 12-02-2025 15:49:25.886
CRC-Response  - 158,4,F000,317*d533 * 12-02-2025 15:49:29.975
L1 Value - 317 * 12-02-2025 15:49:29.990
Command * Level Sensing For L2 - #159,4,13934,16380,0,0*efdd
 * 12-02-2025 15:49:30.562
CRC-Response  - 159,4,I001*e532 * 12-02-2025 15:49:30.670
CRC-Response  - 159,4,F000,321*e44e * 12-02-2025 15:49:32.961
L2 Value - 321 * 12-02-2025 15:49:32.979
Command * Level Sensing For L3 - #160,4,10304,16380,0,0*4c59
 * 12-02-2025 15:49:33.350
CRC-Response  - 160,4,I001*7fe6 * 12-02-2025 15:49:33.459
CRC-Response  - 160,4,F000,296*0940 * 12-02-2025 15:49:35.753
L3 Value - 296 * 12-02-2025 15:49:35.769
Command * Home Command - #161,5,01111111*bef7
 * 12-02-2025 15:49:36.124
CRC-Response  - 161,5,I001,01111111*1428 * 12-02-2025 15:49:36.232
CRC-Response  - 161,5,F000*b6e4 * 12-02-2025 15:49:47.263
Command * Home Command - #162,5,01111111*baf3
 * 12-02-2025 15:49:49.963
CRC-Response  - 162,5,I001,01111111*e4d8 * 12-02-2025 15:49:50.156
CRC-Response  - 162,5,F000*a3a4 * 12-02-2025 15:49:50.165
Rack - 7Protocol Started * 12-02-2025 15:49:52.183
Command * Rack-7 Picked from L1 - #163,2,1,17564,16380,0,0*2253
 * 12-02-2025 15:49:52.613
CRC-Response  - 163,2,I001,1*b1a6 * 12-02-2025 15:49:52.722
CRC-Response  - 163,2,F000,1*8ef7 * 12-02-2025 15:50:03.408
Command * Rack-7 Placed in H1 - #164,3,1,2688,1000,0,1*3655
 * 12-02-2025 15:50:04.137
CRC-Response  - 164,3,I001,1*a7d6 * 12-02-2025 15:50:04.246
11 Secconds Timer incrementes in Jar W6 for R1 as previously excuted command is in process in tmr_r1_incub() * 12-02-2025 15:50:05.814
CRC-Response  - 164,3,F000,1*9887 * 12-02-2025 15:50:11.187
Command * HEATER DOOR CLOSE - #165,8,1,0*be56
 * 12-02-2025 15:50:11.448
CRC-Response  - 165,8,I001*8c26 * 12-02-2025 15:50:11.556
CRC-Response  - 165,8,F000*58e4 * 12-02-2025 15:50:11.896
Command * READ TEMPERATURE - #166,11*3bd6
 * 12-02-2025 15:50:12.223
CRC-Response  - 166,11,F000,38*23bc * 12-02-2025 15:50:12.329
Command * WATER VALVE - 6 CONTROL OFF - #167,13,6,0*c305
 * 12-02-2025 15:50:17.201
CRC-Response  - 167,13,F000*11d8 * 12-02-2025 15:50:17.310
Command * Rack-1 Picked from W6 - #168,2,1,42974,8590,0,0*9b2d
 * 12-02-2025 15:50:18.271
CRC-Response  - 168,2,I001,1*54d7 * 12-02-2025 15:50:18.380
CRC-Response  - 168,2,F000,1*6b86 * 12-02-2025 15:50:28.160
Command * Rack-1 Dipped in J19 - #169,17,1,35714,8590,1,1,1*7888
 * 12-02-2025 15:50:28.565
CRC-Response  - 169,17,I001,1*3c23 * 12-02-2025 15:50:28.671
CRC-Response  - 169,17,F000,1*0372 * 12-02-2025 15:50:34.542
Command * Rack-1 Placed in J20 - #170,3,1,32084,8590,0,0*30a7
 * 12-02-2025 15:50:34.873
CRC-Response  - 170,3,I001,1*8e93 * 12-02-2025 15:50:34.976
11 Secconds Timer incrementes in Jar J6 for R3 as previously excuted command is in process in tmr_r3_incub() * 12-02-2025 15:50:39.566
CRC-Response  - 170,3,F000,1*b1c2 * 12-02-2025 15:50:40.653
Command * WATER VALVE - 1 CONTROL ON - #171,13,1,1*78f8
 * 12-02-2025 15:50:41.721
CRC-Response  - 171,13,F000*74a2 * 12-02-2025 15:50:41.828
Command * WATER VALVE - 2 CONTROL ON - #172,13,2,1*6d48
 * 12-02-2025 15:50:42.14
CRC-Response  - 172,13,F000*84b6 * 12-02-2025 15:50:47.172
11 Secconds Timer incrementes in Jar J8 for R2 as previous racks are in Waiting in tmr_r2_incub() * 12-02-2025 15:50:48.627
Command * Rack-3 Picked from J6 - #173,2,1,28454,800 ,0,0*0df4
 * 12-02-2025 15:50:50.956
CRC-Response  - 173,2,I001,1*4da2 * 12-02-2025 15:50:51.64
CRC-Response  - 173,2,F000,1*72f3 * 12-02-2025 15:50:56.936
Command * Rack-3 Placed in W1 - #174,3,1,42974,800 ,0,0*21e8
 * 12-02-2025 15:50:57.244
CRC-Response  - 174,3,I001,1*5bd2 * 12-02-2025 15:50:57.353
CRC-Response  - 174,3,F000,1*6483 * 12-02-2025 15:51:04.243
Command * Rack-2 Picked from J8 - #175,2,1,35714,800 ,0,0*d37e
 * 12-02-2025 15:51:11.13
CRC-Response  - 175,2,I001,1*5242 * 12-02-2025 15:51:11.120
CRC-Response  - 175,2,F000,1*6d13 * 12-02-2025 15:51:17.213
Command * Rack-2 Placed in W2 - #176,3,1,46604,800 ,0,0*2791
 * 12-02-2025 15:51:17.804
CRC-Response  - 176,3,I001,1*9173 * 12-02-2025 15:51:17.910
CRC-Response  - 176,3,F000,1*ae22 * 12-02-2025 15:51:24.395
Command * Rack-4 Picked from J3 - #177,2,1,17564,800 ,0,0*02e0
 * 12-02-2025 15:52:26.58
CRC-Response  - 177,2,I001,1*98e3 * 12-02-2025 15:52:26.259
CRC-Response  - 177,2,F000,1*a7b2 * 12-02-2025 15:52:34.695
Command * Rack-4 Placed in J4 - #178,3,1,21194,800 ,0,0*1e2e
 * 12-02-2025 15:52:34.942
CRC-Response  - 178,3,I001,1*6412 * 12-02-2025 15:52:35.49
CRC-Response  - 178,3,F000,1*5b43 * 12-02-2025 15:52:40.730
Command * Rack-5 Picked from J1 - #179,2,1,10304,800,0,0*4a9c
 * 12-02-2025 15:52:59.418
CRC-Response  - 179,2,I001,1*6d82 * 12-02-2025 15:52:59.526
CRC-Response  - 179,2,F000,1*52d3 * 12-02-2025 15:53:05.998
Command * Rack-5 Placed in J2 - #180,3,1,13934,800 ,0,0*eef4
 * 12-02-2025 15:53:06.211
CRC-Response  - 180,3,I001,1*9aa3 * 12-02-2025 15:53:06.326
CRC-Response  - 180,3,F000,1*a5f2 * 12-02-2025 15:53:12.5
Command * Rack-1 Picked from J20 - #181,2,1,32084,8590,0,0*e234
 * 12-02-2025 15:53:41.422
CRC-Response  - 181,2,I001,1*9333 * 12-02-2025 15:53:41.545
CRC-Response  - 181,2,F000,1*ac62 * 12-02-2025 15:53:48.844
Command * Rack-1 Placed in J21 - #182,3,1,28454,8590,0,0*85f3
 * 12-02-2025 15:53:49.229
CRC-Response  - 182,3,I001,1*5002 * 12-02-2025 15:53:49.337
CRC-Response  - 182,3,F000,1*6f53 * 12-02-2025 15:53:55.23
Command * WATER VALVE - 1 CONTROL OFF - #183,13,1,0*91f9
 * 12-02-2025 15:54:04.795
CRC-Response  - 183,13,F000*248b * 12-02-2025 15:54:04.902
Command * Rack-3 Picked from W1 - #184,2,1,42974,800 ,0,0*2246
 * 12-02-2025 15:54:05.859
CRC-Response  - 184,2,I001,1*8323 * 12-02-2025 15:54:05.968
CRC-Response  - 184,2,F000,1*bc72 * 12-02-2025 15:54:12.869
Command * Rack-3 Placed in J8 - #185,3,1,35714,800 ,0,0*d0d0
 * 12-02-2025 15:54:13.162
CRC-Response  - 185,3,I001,1*8ab3 * 12-02-2025 15:54:13.270
CRC-Response  - 185,3,F000,1*b5e2 * 12-02-2025 15:54:19.349
Command * WATER VALVE - 2 CONTROL OFF - #186,13,2,0*aec9
 * 12-02-2025 15:54:25.388
CRC-Response  - 186,13,F000*74b4 * 12-02-2025 15:54:25.495
Command * Rack-2 Picked from W2 - #187,2,1,46604,800 ,0,0*f502
 * 12-02-2025 15:54:26.454
CRC-Response  - 187,2,I001,1*8cd3 * 12-02-2025 15:54:26.562
CRC-Response  - 187,2,F000,1*b382 * 12-02-2025 15:54:33.52
Command * Rack-2 Dipped in J9 - #188,17,1,39344,800 ,1,1,1*8e82
 * 12-02-2025 15:54:33.794
CRC-Response  - 188,17,I001,1*17ce * 12-02-2025 15:54:33.901
CRC-Response  - 188,17,F000,1*289f * 12-02-2025 15:54:39.767
Command * Rack-2 Placed in W2 - #189,3,1,46604,800 ,0,0*263a
 * 12-02-2025 15:54:40.616
CRC-Response  - 189,3,I001,1*b573 * 12-02-2025 15:54:40.725
CRC-Response  - 189,3,F000,1*8a22 * 12-02-2025 15:54:46.802
Command * Rack-4 Picked from J4 - #190,2,1,21194,800 ,0,0*8571
 * 12-02-2025 15:55:41.481
CRC-Response  - 190,2,I001,1*aa66 * 12-02-2025 15:55:41.632
CRC-Response  - 190,2,F000,1*9537 * 12-02-2025 15:55:49.700
Command * Rack-4 Placed in J5 - #191,3,1,24824,800 ,0,0*9528
 * 12-02-2025 15:55:50.313
CRC-Response  - 191,3,I001,1*a3f6 * 12-02-2025 15:55:50.421
CRC-Response  - 191,3,F000,1*9ca7 * 12-02-2025 15:55:56.98
Command * Rack-1 Picked from J21 - #192,2,1,28454,8590,0,0*a8b2
 * 12-02-2025 15:56:55.783
CRC-Response  - 192,2,I001,1*60c7 * 12-02-2025 15:56:55.936
CRC-Response  - 192,2,F000,1*5f96 * 12-02-2025 15:57:01.754
Command * Rack-1 Placed in J22 - #193,3,1,24824,8590,0,0*2dc5
 * 12-02-2025 15:57:02.138
CRC-Response  - 193,3,I001,1*6957 * 12-02-2025 15:57:02.246
CRC-Response  - 193,3,F000,1*5606 * 12-02-2025 15:57:07.913
Command * WATER VALVE - 2 CONTROL OFF - #194,13,2,0*e745
 * 12-02-2025 15:57:47.697
CRC-Response  - 194,13,F000*d1fc * 12-02-2025 15:57:47.831
Command * Rack-2 Picked from W2 - #195,2,1,46604,800 ,0,0*c66b
 * 12-02-2025 15:57:48.789
CRC-Response  - 195,2,I001,1*ba76 * 12-02-2025 15:57:48.898
CRC-Response  - 195,2,F000,1*8527 * 12-02-2025 15:57:56.606
Command * Rack-2 Dipped in J18 - #196,17,1,39344,8590,1,1,1*ccfd
 * 12-02-2025 15:57:57.624
CRC-Response  - 196,17,I001,1*3c07 * 12-02-2025 15:57:57.732
CRC-Response  - 196,17,F000,1*0356 * 12-02-2025 15:58:03.625
Command * Rack-2 Placed in W6 - #197,3,1,42974,8590,0,0*66d7
 * 12-02-2025 15:58:04.440
CRC-Response  - 197,3,I001,1*bc16 * 12-02-2025 15:58:04.548
CRC-Response  - 197,3,F000,1*8347 * 12-02-2025 15:58:10.222
Command * Rack-5 Picked from J2 - #198,2,1,13934,800 ,0,0*8a54
 * 12-02-2025 15:58:12.789
CRC-Response  - 198,2,I001,1*40e7 * 12-02-2025 15:58:12.896
CRC-Response  - 198,2,F000,1*7fb6 * 12-02-2025 15:58:21.411
Command * Rack-5 Placed in J3 - #199,3,1,17564,800 ,0,0*ff37
 * 12-02-2025 15:58:22.78
CRC-Response  - 199,3,I001,1*4977 * 12-02-2025 15:58:22.185
CRC-Response  - 199,3,F000,1*7626 * 12-02-2025 15:58:27.855
Command * HEATER DOOR OPEN - #200,8,1,1*a456
 * 12-02-2025 15:58:33.36
CRC-Response  - 200,8,I001*1c3d * 12-02-2025 15:58:33.145
CRC-Response  - 200,8,F000*c8ff * 12-02-2025 15:58:33.485
Command * Rack-6 Picked from H3 - #201,2,1,2688,16380,0,1*9713
 * 12-02-2025 15:58:34.44
CRC-Response  - 201,2,I001,1*f71d * 12-02-2025 15:58:34.152
CRC-Response  - 201,2,F000,1*c84c * 12-02-2025 15:58:41.103
Command * HEATER DOOR CLOSE - #202,8,1,0*a4b4
 * 12-02-2025 15:58:41.334
CRC-Response  - 202,8,I001*c5bc * 12-02-2025 15:58:41.442
CRC-Response  - 202,8,F000*117e * 12-02-2025 15:58:41.783
Command * Rack-6 Placed in J1 - #203,3,1,10304,800,0,0*87d0
 * 12-02-2025 15:58:42.342
CRC-Response  - 203,3,I001,1*f17d * 12-02-2025 15:58:42.451
CRC-Response  - 203,3,F000,1*ce2c * 12-02-2025 15:58:48.939
Command * Rack-4 Picked from J5 - #204,2,1,24824,800 ,0,0*b05f
 * 12-02-2025 15:58:56.931
CRC-Response  - 204,2,I001,1*e70d * 12-02-2025 15:58:57.38
CRC-Response  - 204,2,F000,1*d85c * 12-02-2025 15:59:03.929
Command * Rack-4 Placed in J6 - #205,3,1,28454,800 ,0,0*3528
 * 12-02-2025 15:59:04.223
CRC-Response  - 205,3,I001,1*ee9d * 12-02-2025 15:59:04.332
CRC-Response  - 205,3,F000,1*d1cc * 12-02-2025 15:59:10.14
Command * Rack-1 Picked from J22 - #206,2,1,24824,8590,0,0*08b2
 * 12-02-2025 16:00:08.696
CRC-Response  - 206,2,I001,1*2dac * 12-02-2025 16:00:08.818
CRC-Response  - 206,2,F000,1*12fd * 12-02-2025 16:00:14.664
Command * Rack-1 Placed in J23 - #207,3,1,21194,8590,0,0*18eb
 * 12-02-2025 16:00:15.3
CRC-Response  - 207,3,I001,1*243c * 12-02-2025 16:00:15.117
CRC-Response  - 207,3,F000,1*1b6d * 12-02-2025 16:00:20.777
Command * WATER VALVE - 6 CONTROL OFF - #208,13,6,0*2c9e
 * 12-02-2025 16:01:10.962
CRC-Response  - 208,13,F000*ba76 * 12-02-2025 16:01:11.110
Command * Rack-2 Picked from W6 - #209,2,1,42974,8590,0,0*3905
 * 12-02-2025 16:01:12.71
CRC-Response  - 209,2,I001,1*1d9c * 12-02-2025 16:01:12.185
CRC-Response  - 209,2,F000,1*22cd * 12-02-2025 16:01:19.874
Command * Rack-2 Dipped in J19 - #210,17,1,35714,8590,1,1,1*234b
 * 12-02-2025 16:01:20.367
CRC-Response  - 210,17,I001,1*a8fd * 12-02-2025 16:01:20.474
CRC-Response  - 210,17,F000,1*97ac * 12-02-2025 16:01:26.350
Command * Rack-2 Placed in J20 - #211,3,1,32084,8590,0,0*928f
 * 12-02-2025 16:01:26.643
CRC-Response  - 211,3,I001,1*c7d8 * 12-02-2025 16:01:26.752
CRC-Response  - 211,3,F000,1*f889 * 12-02-2025 16:01:32.433
Command * WATER VALVE - 1 CONTROL ON - #212,13,1,1*c263
 * 12-02-2025 16:01:53.505
CRC-Response  - 212,13,F000*df59 * 12-02-2025 16:01:53.620
Command * WATER VALVE - 2 CONTROL ON - #213,13,2,1*0e52
 * 12-02-2025 16:02:02.207
CRC-Response  - 213,13,F000*4f54 * 12-02-2025 16:02:02.316
Command * Rack-4 Picked from J6 - #214,2,1,28454,800 ,0,0*c954
 * 12-02-2025 16:02:10.722
CRC-Response  - 214,2,I001,1*1b09 * 12-02-2025 16:02:10.829
CRC-Response  - 214,2,F000,1*2458 * 12-02-2025 16:02:16.693
Command * Rack-4 Placed in W1 - #215,3,1,42974,800 ,0,0*83c0
 * 12-02-2025 16:02:17.18
CRC-Response  - 215,3,I001,1*1299 * 12-02-2025 16:02:17.124
11 Secconds Timer incrementes in Jar J8 for R3 as previously excuted command is in process in tmr_r3_incub() * 12-02-2025 16:02:20.37
CRC-Response  - 215,3,F000,1*2dc8 * 12-02-2025 16:02:24.18
Command * Rack-3 Picked from J8 - #216,2,1,35714,800 ,0,0*932f
 * 12-02-2025 16:02:31.428
CRC-Response  - 216,2,I001,1*d1a8 * 12-02-2025 16:02:31.535
CRC-Response  - 216,2,F000,1*eef9 * 12-02-2025 16:02:37.615
Command * Rack-3 Placed in W2 - #217,3,1,46604,800 ,0,0*85b9
 * 12-02-2025 16:02:38.231
CRC-Response  - 217,3,I001,1*d838 * 12-02-2025 16:02:38.340
CRC-Response  - 217,3,F000,1*e769 * 12-02-2025 16:02:44.822
Command * Rack-1 Picked from J23 - #218,2,1,21194,8590,0,0*cbfe
 * 12-02-2025 16:03:21.549
CRC-Response  - 218,2,I001,1*24c9 * 12-02-2025 16:03:21.734
11 Secconds Timer incrementes in Jar J3 for R5 as other racks picking by RA in tmr_r5_incub() * 12-02-2025 16:03:28.300
CRC-Response  - 218,2,F000,1*1b98 * 12-02-2025 16:03:29.776
Command * Rack-1 Placed in J24 - #219,3,1,17564,8590,0,0*f859
 * 12-02-2025 16:03:30.412
CRC-Response  - 219,3,I001,1*2d59 * 12-02-2025 16:03:30.519
CRC-Response  - 219,3,F000,1*1208 * 12-02-2025 16:03:36.203
Command * Rack-5 Picked from J3 - #220,2,1,17564,800 ,0,0*f573
 * 12-02-2025 16:03:39.672
CRC-Response  - 220,2,I001,1*8a47 * 12-02-2025 16:03:39.779
CRC-Response  - 220,2,F000,1*b516 * 12-02-2025 16:03:45.638
Command * Rack-5 Placed in J4 - #221,3,1,21194,800 ,0,0*c6d4
 * 12-02-2025 16:03:45.977
CRC-Response  - 221,3,I001,1*83d7 * 12-02-2025 16:03:46.86
11 Secconds Timer incrementes in Jar J1 for R6 as previously excuted command is in processin tmr_r6_incub() * 12-02-2025 16:03:49.65
CRC-Response  - 221,3,F000,1*bc86 * 12-02-2025 16:03:51.754
Command * Rack-6 Picked from J1 - #222,2,1,10304,800,0,0*09c5
 * 12-02-2025 16:04:05.624
CRC-Response  - 222,2,I001,1*40e6 * 12-02-2025 16:04:05.730
CRC-Response  - 222,2,F000,1*7fb7 * 12-02-2025 16:04:12.222
Command * Rack-6 Placed in J2 - #223,3,1,13934,800 ,0,0*6269
 * 12-02-2025 16:04:12.674
CRC-Response  - 223,3,I001,1*4976 * 12-02-2025 16:04:12.780
CRC-Response  - 223,3,F000,1*7627 * 12-02-2025 16:04:18.459
Command * Rack-2 Picked from J20 - #224,2,1,32084,8590,0,0*0821
 * 12-02-2025 16:04:33.166
CRC-Response  - 224,2,I001,1*5f06 * 12-02-2025 16:04:33.431
CRC-Response  - 224,2,F000,1*6057 * 12-02-2025 16:04:40.574
Command * Rack-2 Placed in J21 - #225,3,1,28454,8590,0,0*8d9f
 * 12-02-2025 16:04:41.126
CRC-Response  - 225,3,I001,1*5696 * 12-02-2025 16:04:41.236
CRC-Response  - 225,3,F000,1*69c7 * 12-02-2025 16:04:46.918
Command * WATER VALVE - 1 CONTROL OFF - #226,13,1,0*01b7
 * 12-02-2025 16:05:24.531
CRC-Response  - 226,13,F000*109b * 12-02-2025 16:05:24.712
Command * WATER VALVE - 1 CONTROL OFF - #227,13,1,0*cd76
 * 12-02-2025 16:05:24.896
CRC-Response  - 227,13,F000*8096 * 12-02-2025 16:05:25.4
Command * Rack-4 Picked from W1 - #228,2,1,42974,800 ,0,0*508f
 * 12-02-2025 16:05:25.958
CRC-Response  - 228,2,I001,1*60c6 * 12-02-2025 16:05:26.65
CRC-Response  - 228,2,F000,1*5f97 * 12-02-2025 16:05:32.963
Command * Rack-4 Placed in J8 - #229,3,1,35714,800 ,0,0*a219
 * 12-02-2025 16:05:33.243
CRC-Response  - 229,3,I001,1*6956 * 12-02-2025 16:05:33.353
CRC-Response  - 229,3,F000,1*5607 * 12-02-2025 16:05:39.426
Command * WATER VALVE - 2 CONTROL OFF - #230,13,2,0*bbca
 * 12-02-2025 16:05:45.261
CRC-Response  - 230,13,F000*75e1 * 12-02-2025 16:05:45.370
Command * Rack-3 Picked from W2 - #231,2,1,46604,800 ,0,0*fd43
 * 12-02-2025 16:05:46.327
CRC-Response  - 231,2,I001,1*b312 * 12-02-2025 16:05:46.437
CRC-Response  - 231,2,F000,1*8c43 * 12-02-2025 16:05:52.924
Command * Rack-3 Dipped in J9 - #232,17,1,39344,800 ,1,1,1*0f80
 * 12-02-2025 16:05:54.147
CRC-Response  - 232,17,I001,1*d70f * 12-02-2025 16:05:54.251
CRC-Response  - 232,17,F000,1*e85e * 12-02-2025 16:06:00.129
Command * Rack-3 Placed in W2 - #233,3,1,46604,800 ,0,0*e36b
 * 12-02-2025 16:06:00.965
CRC-Response  - 233,3,I001,1*b572 * 12-02-2025 16:06:01.74
CRC-Response  - 233,3,F000,1*8a23 * 12-02-2025 16:06:07.154
Command * Rack-1 Picked from J24 - #234,2,1,17564,8590,0,0*fa06
 * 12-02-2025 16:06:36.985
CRC-Response  - 234,2,I001,1*a302 * 12-02-2025 16:06:37.112
CRC-Response  - 234,2,F000,1*9c53 * 12-02-2025 16:06:45.621
Command * Rack-1 Placed in J25 - #235,3,1,13934,8590,0,0*8f65
 * 12-02-2025 16:06:46.303
CRC-Response  - 235,3,I001,1*aa92 * 12-02-2025 16:06:46.409
CRC-Response  - 235,3,F000,1*95c3 * 12-02-2025 16:06:52.85
Command * Rack-5 Picked from J4 - #236,2,1,21194,800 ,0,0*5c20
 * 12-02-2025 16:06:52.505
CRC-Response  - 236,2,I001,1*69a3 * 12-02-2025 16:06:52.612
CRC-Response  - 236,2,F000,1*56f2 * 12-02-2025 16:06:58.712
11 Secconds Timer incrementes in Jar J21 for R2 as other racks picking by RA in tmr_r2_incub() * 12-02-2025 16:07:47.351
11 Secconds Timer incrementes in Jar J21 for R2 as other racks picking by RA in tmr_r2_incub() * 12-02-2025 16:07:58.351
11 Secconds Timer incrementes in Jar J21 for R2 as other racks picking by RA in tmr_r2_incub() * 12-02-2025 16:08:09.346
11 Secconds Timer incrementes in Jar J21 for R2 as other racks picking by RA in tmr_r2_incub() * 12-02-2025 16:08:20.347
11 Secconds Timer incrementes in Jar J21 for R2 as other racks picking by RA in tmr_r2_incub() * 12-02-2025 16:08:31.351
11 Secconds Timer incrementes in Jar J21 for R2 as other racks picking by RA in tmr_r2_incub() * 12-02-2025 16:08:42.353
11 Secconds Timer incrementes in Jar J21 for R2 as other racks picking by RA in tmr_r2_incub() * 12-02-2025 16:08:53.345
11 Secconds Timer incrementes in Jar J21 for R2 as other racks picking by RA in tmr_r2_incub() * 12-02-2025 16:09:04.344
11 Secconds Timer incrementes in Jar W2 for R3 as other racks picking by RA in tmr_r3_incub() * 12-02-2025 16:09:07.641
11 Secconds Timer incrementes in Jar J21 for R2 as other racks picking by RA in tmr_r2_incub() * 12-02-2025 16:09:15.356
11 Secconds Timer incrementes in Jar W2 for R3 as other racks picking by RA in tmr_r3_incub() * 12-02-2025 16:09:18.642
11 Secconds Timer incrementes in Jar J2 for R6 as other racks picking by RA in tmr_r6_incub() * 12-02-2025 16:09:18.845
11 Secconds Timer incrementes in Jar J21 for R2 as other racks picking by RA in tmr_r2_incub() * 12-02-2025 16:09:26.360
11 Secconds Timer incrementes in Jar W2 for R3 as other racks picking by RA in tmr_r3_incub() * 12-02-2025 16:09:29.644
11 Secconds Timer incrementes in Jar J2 for R6 as other racks picking by RA in tmr_r6_incub() * 12-02-2025 16:09:29.876
11 Secconds Timer incrementes in Jar J21 for R2 as other racks picking by RA in tmr_r2_incub() * 12-02-2025 16:09:37.365
11 Secconds Timer incrementes in Jar W2 for R3 as other racks picking by RA in tmr_r3_incub() * 12-02-2025 16:09:40.650
11 Secconds Timer incrementes in Jar J2 for R6 as other racks picking by RA in tmr_r6_incub() * 12-02-2025 16:09:40.872
11 Secconds Timer incrementes in Jar J21 for R2 as other racks picking by RA in tmr_r2_incub() * 12-02-2025 16:09:48.357
11 Secconds Timer incrementes in Jar W2 for R3 as other racks picking by RA in tmr_r3_incub() * 12-02-2025 16:09:51.654
11 Secconds Timer incrementes in Jar J2 for R6 as other racks picking by RA in tmr_r6_incub() * 12-02-2025 16:09:51.876
User Aborted / Stopped the application forcefully  * 12-02-2025 16:09:57.128
Command * HEATER OFF - #237,12,0*a3e7
 * 12-02-2025 16:10:00.332
CRC-Response  - 237,12,F000*94c6 * 12-02-2025 16:10:00.599
Command * WATER VALVE - 1 CONTROL OFF - #238,13,1,0*1d3b
 * 12-02-2025 16:10:01.581
CRC-Response  - 238,13,F000*b586 * 12-02-2025 16:10:01.688
