Device Intialization started * 01-10-2024 12:55:18.522
Command * Home Command - #0,5,11111111*757c
 * 01-10-2024 12:55:18.591
Raw Resp -#0,5,I001,11111111*6271
 * 01-10-2024 12:55:18.852
CRC-Response  - 0,5,I001,11111111*6271 * 01-10-2024 12:55:18.852
Raw Resp -#0,5,F000*ed3b
 * 01-10-2024 12:55:26.888
CRC-Response  - 0,5,F000*ed3b * 01-10-2024 12:55:26.889
Command * Home Command - #1,5,11111111*b681
 * 01-10-2024 12:55:29.440
Raw Resp -#1,5,I001,11111111*f220
#1,5,F000*21fa
#0,16,F000*7ce9
 * 01-10-2024 12:55:29.602
CRC-Response  - 1,5,I001,11111111*f220 * 01-10-2024 12:55:29.603
CRC-Response  - 1,5,F000*21fa * 01-10-2024 12:55:29.607
CRC-Response  - 0,16,F000*7ce9 * 01-10-2024 12:55:29.621
Command * Level Sensing For U1 - #2,4,64754,16380,0,0*35b7
 * 01-10-2024 12:55:32.150
Raw Resp -#2,4,I001*3179
 * 01-10-2024 12:55:32.322
CRC-Response  - 2,4,I001*3179 * 01-10-2024 12:55:32.322
Raw Resp -#2,4,F000,2389*b46f
 * 01-10-2024 12:55:37.230
CRC-Response  - 2,4,F000,2389*b46f * 01-10-2024 12:55:37.230
U1 Value - 2389 * 01-10-2024 12:55:37.257
Command * Level Sensing For U2 - #3,4,61124,16380,0,0*c173
 * 01-10-2024 12:55:37.368
Raw Resp -#3,4,I001*fdb8
 * 01-10-2024 12:55:37.538
CRC-Response  - 3,4,I001*fdb8 * 01-10-2024 12:55:37.538
Raw Resp -#3,4,F000,2402*f39a
 * 01-10-2024 12:55:41.588
CRC-Response  - 3,4,F000,2402*f39a * 01-10-2024 12:55:41.589
U3 Value - 2402 * 01-10-2024 12:55:41.605
Command * Level Sensing For U3 - #4,4,57494,16380,0,0*6c6a
 * 01-10-2024 12:55:41.606
Raw Resp -#4,4,I001*1bf9
#4,4,F000,2395*e767
 * 01-10-2024 12:55:46.770
CRC-Response  - 4,4,I001*1bf9 * 01-10-2024 12:55:46.770
CRC-Response  - 4,4,F000,2395*e767 * 01-10-2024 12:55:46.773
U3 Value - 2395 * 01-10-2024 12:55:46.791
Command * Level Sensing For U4 - #5,4,53864,16380,0,0*8c57
 * 01-10-2024 12:55:47.163
Raw Resp -#5,4,I001*d738
 * 01-10-2024 12:55:47.335
CRC-Response  - 5,4,I001*d738 * 01-10-2024 12:55:47.336
Raw Resp -#5,4,F000,2386*f724
 * 01-10-2024 12:55:51.388
CRC-Response  - 5,4,F000,2386*f724 * 01-10-2024 12:55:51.389
U4 Value - 2386 * 01-10-2024 12:55:51.409
Command * Level Sensing For U5 - #6,4,50234,16380,0,0*cd04
 * 01-10-2024 12:55:51.884
Raw Resp -#6,4,I001*c278
 * 01-10-2024 12:55:52.51
CRC-Response  - 6,4,I001*c278 * 01-10-2024 12:55:52.51
Raw Resp -#6,4,F000,2374*05a5
 * 01-10-2024 12:55:56.105
CRC-Response  - 6,4,F000,2374*05a5 * 01-10-2024 12:55:56.106
U5 Value - 2374 * 01-10-2024 12:55:56.125
Command * Level Sensing For U6 - #7,4,46604,16380,0,0*b7f4
 * 01-10-2024 12:55:56.584
Raw Resp -#7,4,I001*0eb9
 * 01-10-2024 12:55:56.753
CRC-Response  - 7,4,I001*0eb9 * 01-10-2024 12:55:56.755
Raw Resp -#7,4,F000,2372*8627
 * 01-10-2024 12:56:00.791
CRC-Response  - 7,4,F000,2372*8627 * 01-10-2024 12:56:00.791
U6 Value - 2372 * 01-10-2024 12:56:00.807
Command * Level Sensing For J1 - #8,4,10304,800,0,0*e199
 * 01-10-2024 12:56:01.295
Raw Resp -#8,4,I001*4ef9
 * 01-10-2024 12:56:01.461
CRC-Response  - 8,4,I001*4ef9 * 01-10-2024 12:56:01.461
Raw Resp -#8,4,F000,2386*ba37
 * 01-10-2024 12:56:09.189
CRC-Response  - 8,4,F000,2386*ba37 * 01-10-2024 12:56:09.189
J1 Value - 2386 * 01-10-2024 12:56:09.205
Command * Level Sensing For J2 - #9,4,13934,800 ,0,0*8abc
 * 01-10-2024 12:56:09.534
Raw Resp -#9,4,I001*8238
 * 01-10-2024 12:56:09.700
CRC-Response  - 9,4,I001*8238 * 01-10-2024 12:56:09.700
Raw Resp -#9,4,F000,2388*ffb4
 * 01-10-2024 12:56:13.749
CRC-Response  - 9,4,F000,2388*ffb4 * 01-10-2024 12:56:13.749
J2 Value - 2388 * 01-10-2024 12:56:13.766
Command * Level Sensing For J3 - #10,4,17564,800 ,0,0*7447
 * 01-10-2024 12:56:14.246
Raw Resp -#10,4,I001*82eb
 * 01-10-2024 12:56:14.413
CRC-Response  - 10,4,I001*82eb * 01-10-2024 12:56:14.413
Raw Resp -#10,4,F000,2389*edf0
 * 01-10-2024 12:56:18.465
CRC-Response  - 10,4,F000,2389*edf0 * 01-10-2024 12:56:18.465
J3 Value - 2389 * 01-10-2024 12:56:18.483
Command * Level Sensing For J4 - #11,4,21194,800 ,0,0*96dd
 * 01-10-2024 12:56:18.965
Raw Resp -#11,4,I001*4e2a
 * 01-10-2024 12:56:19.134
CRC-Response  - 11,4,I001*4e2a * 01-10-2024 12:56:19.134
Raw Resp -#11,4,F000,2386*68b2
 * 01-10-2024 12:56:23.194
CRC-Response  - 11,4,F000,2386*68b2 * 01-10-2024 12:56:23.195
J4 Value - 2386 * 01-10-2024 12:56:23.215
Command * Level Sensing For J5 - #12,4,24824,800 ,0,0*ef18
 * 01-10-2024 12:56:23.698
Raw Resp -#12,4,I001*5b6a
 * 01-10-2024 12:56:23.864
CRC-Response  - 12,4,I001*5b6a * 01-10-2024 12:56:23.864
Raw Resp -#12,4,F000,2397*fb77
 * 01-10-2024 12:56:27.929
CRC-Response  - 12,4,F000,2397*fb77 * 01-10-2024 12:56:27.930
J5 Value - 2397 * 01-10-2024 12:56:27.947
Command * Level Sensing For J6 - #13,4,28454,800 ,0,0*bb52
 * 01-10-2024 12:56:28.409
Raw Resp -#13,4,I001*97ab
 * 01-10-2024 12:56:28.575
CRC-Response  - 13,4,I001*97ab * 01-10-2024 12:56:28.575
Raw Resp -#13,4,F000,2377*1a71
 * 01-10-2024 12:56:32.625
CRC-Response  - 13,4,F000,2377*1a71 * 01-10-2024 12:56:32.626
J7 Value - 2377 * 01-10-2024 12:56:32.644
Command * Level Sensing For J7 - #14,4,32084,800 ,0,0*6631
 * 01-10-2024 12:56:32.645
Raw Resp -#14,4,I001*71ea
#14,4,F000,2387*ad7f
 * 01-10-2024 12:56:37.813
CRC-Response  - 14,4,I001*71ea * 01-10-2024 12:56:37.814
CRC-Response  - 14,4,F000,2387*ad7f * 01-10-2024 12:56:37.816
J7 Value - 2387 * 01-10-2024 12:56:37.836
Command * Level Sensing For J8 - #15,4,35714,800 ,0,0*8ab0
 * 01-10-2024 12:56:38.205
Raw Resp -#15,4,I001*bd2b
 * 01-10-2024 12:56:38.374
CRC-Response  - 15,4,I001*bd2b * 01-10-2024 12:56:38.374
Raw Resp -#15,4,F000,2377*dc78
 * 01-10-2024 12:56:42.433
CRC-Response  - 15,4,F000,2377*dc78 * 01-10-2024 12:56:42.433
J8 Value - 2377 * 01-10-2024 12:56:42.449
Command * Level Sensing For J9 - #16,4,39344,800 ,0,0*01b1
 * 01-10-2024 12:56:42.883
Raw Resp -#16,4,I001*a86b
 * 01-10-2024 12:56:43.49
CRC-Response  - 16,4,I001*a86b * 01-10-2024 12:56:43.49
Raw Resp -#16,4,F000,2390*bd38
 * 01-10-2024 12:56:47.105
CRC-Response  - 16,4,F000,2390*bd38 * 01-10-2024 12:56:47.105
J9 Value - 2390 * 01-10-2024 12:56:47.122
Command * Level Sensing For W1 - #17,4,42974,800 ,0,0*edeb
 * 01-10-2024 12:56:47.616
Raw Resp -#17,4,I001*64aa
 * 01-10-2024 12:56:47.783
CRC-Response  - 17,4,I001*64aa * 01-10-2024 12:56:47.783
Raw Resp -#17,4,F000,2377*9e7f
 * 01-10-2024 12:56:51.832
CRC-Response  - 17,4,F000,2377*9e7f * 01-10-2024 12:56:51.833
W1 Value - 2377 * 01-10-2024 12:56:51.851
Command * Level Sensing For W2 - #18,4,46604,800 ,0,0*1ed8
 * 01-10-2024 12:56:52.319
Raw Resp -#18,4,I001*24ea
 * 01-10-2024 12:56:52.488
CRC-Response  - 18,4,I001*24ea * 01-10-2024 12:56:52.488
Raw Resp -#18,4,F000,2388*652e
 * 01-10-2024 12:56:56.548
CRC-Response  - 18,4,F000,2388*652e * 01-10-2024 12:56:56.548
W2 Value - 2388 * 01-10-2024 12:56:56.567
Command * Level Sensing For W3 - #19,4,50234,800 ,0,0*6e7e
 * 01-10-2024 12:56:57.10
Raw Resp -#19,4,I001*e82b
 * 01-10-2024 12:56:57.178
CRC-Response  - 19,4,I001*e82b * 01-10-2024 12:56:57.178
Raw Resp -#19,4,F000,2381*e2ec
 * 01-10-2024 12:57:01.225
CRC-Response  - 19,4,F000,2381*e2ec * 01-10-2024 12:57:01.225
W3 Value - 2381 * 01-10-2024 12:57:01.242
Command * Level Sensing For J10 - #20,4,53864,800 ,0,0*a3e5
 * 01-10-2024 12:57:01.706
Raw Resp -#20,4,I001*72ff
 * 01-10-2024 12:57:01.876
CRC-Response  - 20,4,I001*72ff * 01-10-2024 12:57:01.876
Raw Resp -#20,4,F000,2382*29b2
 * 01-10-2024 12:57:05.932
CRC-Response  - 20,4,F000,2382*29b2 * 01-10-2024 12:57:05.933
J10 Value - 2382 * 01-10-2024 12:57:05.952
Command * Level Sensing For J11 - #21,4,57494,800 ,0,0*df9a
 * 01-10-2024 12:57:06.433
Raw Resp -#21,4,I001*be3e
 * 01-10-2024 12:57:06.598
CRC-Response  - 21,4,I001*be3e * 01-10-2024 12:57:06.599
Raw Resp -#21,4,F000,2389*6ff1
 * 01-10-2024 12:57:10.661
CRC-Response  - 21,4,F000,2389*6ff1 * 01-10-2024 12:57:10.661
J11 Value - 2389 * 01-10-2024 12:57:10.680
Command * Level Sensing For J12 - #22,4,61124,800 ,0,0*7649
 * 01-10-2024 12:57:11.160
Raw Resp -#22,4,I001*ab7e
 * 01-10-2024 12:57:11.326
CRC-Response  - 22,4,I001*ab7e * 01-10-2024 12:57:11.326
Raw Resp -#22,4,F000,2374*9930
 * 01-10-2024 12:57:15.384
CRC-Response  - 22,4,F000,2374*9930 * 01-10-2024 12:57:15.385
J12 Value - 2374 * 01-10-2024 12:57:15.402
Command * Level Sensing For J13 - #23,4,64754,800 ,0,0*f306
 * 01-10-2024 12:57:15.838
Raw Resp -#23,4,I001*67bf
 * 01-10-2024 12:57:16.4
CRC-Response  - 23,4,I001*67bf * 01-10-2024 12:57:16.4
Raw Resp -#23,4,F000,2389*2df6
 * 01-10-2024 12:57:20.56
CRC-Response  - 23,4,F000,2389*2df6 * 01-10-2024 12:57:20.57
J13 Value - 2389 * 01-10-2024 12:57:20.77
Command * Level Sensing For J14 - #24,4,64754,8590,0,0*dc23
 * 01-10-2024 12:57:20.508
Raw Resp -#24,4,I001*81fe
 * 01-10-2024 12:57:20.677
CRC-Response  - 24,4,I001*81fe * 01-10-2024 12:57:20.677
Raw Resp -#24,4,F000,2378*5a39
 * 01-10-2024 12:57:24.913
CRC-Response  - 24,4,F000,2378*5a39 * 01-10-2024 12:57:24.913
J14 Value - 2378 * 01-10-2024 12:57:24.929
Command * Level Sensing For J15 - #25,4,61124,8590,0,0*596c
 * 01-10-2024 12:57:25.207
Raw Resp -#25,4,I001*4d3f
 * 01-10-2024 12:57:25.378
CRC-Response  - 25,4,I001*4d3f * 01-10-2024 12:57:25.378
Raw Resp -#25,4,F000,2398*bb3f
 * 01-10-2024 12:57:29.427
CRC-Response  - 25,4,F000,2398*bb3f * 01-10-2024 12:57:29.428
J15 Value - 2398 * 01-10-2024 12:57:29.445
Command * Level Sensing For J16 - #26,4,57494,8590,0,0*f0bf
 * 01-10-2024 12:57:29.942
Raw Resp -#26,4,I001*587f
 * 01-10-2024 12:57:30.110
CRC-Response  - 26,4,I001*587f * 01-10-2024 12:57:30.110
Raw Resp -#26,4,F000,2386*2cba
 * 01-10-2024 12:57:34.164
CRC-Response  - 26,4,F000,2386*2cba * 01-10-2024 12:57:34.164
J16 Value - 2386 * 01-10-2024 12:57:34.184
Command * Level Sensing For J17 - #27,4,53864,8590,0,0*8cc0
 * 01-10-2024 12:57:34.663
Raw Resp -#27,4,I001*94be
 * 01-10-2024 12:57:34.828
CRC-Response  - 27,4,I001*94be * 01-10-2024 12:57:34.828
Raw Resp -#27,4,F000,2370*5f3d
 * 01-10-2024 12:57:38.882
CRC-Response  - 27,4,F000,2370*5f3d * 01-10-2024 12:57:38.882
J17 Value - 2370 * 01-10-2024 12:57:38.900
Command * Level Sensing For W4 - #28,4,50234,8590,0,0*8cff
 * 01-10-2024 12:57:39.352
Raw Resp -#28,4,I001*d4fe
 * 01-10-2024 12:57:39.517
CRC-Response  - 28,4,I001*d4fe * 01-10-2024 12:57:39.517
Raw Resp -#28,4,F000,2383*a16c
 * 01-10-2024 12:57:43.579
CRC-Response  - 28,4,F000,2383*a16c * 01-10-2024 12:57:43.580
W4 Value - 2383 * 01-10-2024 12:57:43.598
Command * Level Sensing For W5 - #29,4,46604,8590,0,0*fc59
 * 01-10-2024 12:57:44.63
Raw Resp -#29,4,I001*183f
 * 01-10-2024 12:57:44.228
CRC-Response  - 29,4,I001*183f * 01-10-2024 12:57:44.229
Raw Resp -#29,4,F000,2386*23ae
 * 01-10-2024 12:57:48.276
CRC-Response  - 29,4,F000,2386*23ae * 01-10-2024 12:57:48.277
W5 Value - 2386 * 01-10-2024 12:57:48.292
Command * Level Sensing For W6 - #30,4,42974,8590,0,0*7ab7
 * 01-10-2024 12:57:48.773
Raw Resp -#30,4,I001*e2f2
 * 01-10-2024 12:57:48.940
CRC-Response  - 30,4,I001*e2f2 * 01-10-2024 12:57:49.26
Raw Resp -#30,4,F000,2386*2bb3
 * 01-10-2024 12:57:52.992
CRC-Response  - 30,4,F000,2386*2bb3 * 01-10-2024 12:57:52.992
W6 Value - 2386 * 01-10-2024 12:57:53.11
Command * Level Sensing For J18 - #31,4,39344,8590,0,0*96ed
 * 01-10-2024 12:57:53.473
Raw Resp -#31,4,I001*2e33
 * 01-10-2024 12:57:53.640
CRC-Response  - 31,4,I001*2e33 * 01-10-2024 12:57:53.640
Raw Resp -#31,4,F000,2397*fa71
 * 01-10-2024 12:57:57.692
CRC-Response  - 31,4,F000,2397*fa71 * 01-10-2024 12:57:57.693
J18 Value - 2397 * 01-10-2024 12:57:57.711
Command * Level Sensing For J19 - #32,4,35714,8590,0,0*1dec
 * 01-10-2024 12:57:58.209
Raw Resp -#32,4,I001*3b73
 * 01-10-2024 12:57:58.369
CRC-Response  - 32,4,I001*3b73 * 01-10-2024 12:57:58.369
Raw Resp -#32,4,F000,2387*a975
 * 01-10-2024 12:58:02.429
CRC-Response  - 32,4,F000,2387*a975 * 01-10-2024 12:58:02.430
J19 Value - 2387 * 01-10-2024 12:58:02.448
Command * Level Sensing For J20 - #33,4,32084,8590,0,0*f16d
 * 01-10-2024 12:58:02.943
Raw Resp -#33,4,I001*f7b2
 * 01-10-2024 12:58:03.114
CRC-Response  - 33,4,I001*f7b2 * 01-10-2024 12:58:03.114
Raw Resp -#33,4,F000,2399*7cf7
 * 01-10-2024 12:58:07.167
CRC-Response  - 33,4,F000,2399*7cf7 * 01-10-2024 12:58:07.168
J20 Value - 2399 * 01-10-2024 12:58:07.186
Command * Level Sensing For J21 - #34,4,28454,8590,0,0*2c0e
 * 01-10-2024 12:58:07.636
Raw Resp -#34,4,I001*11f3
 * 01-10-2024 12:58:07.801
CRC-Response  - 34,4,I001*11f3 * 01-10-2024 12:58:07.801
Raw Resp -#34,4,F000,2394*fe3d
 * 01-10-2024 12:58:11.860
CRC-Response  - 34,4,F000,2394*fe3d * 01-10-2024 12:58:11.861
J21 Value - 2394 * 01-10-2024 12:58:11.879
Command * Level Sensing For J22 - #35,4,24824,8590,0,0*7844
 * 01-10-2024 12:58:12.315
Raw Resp -#35,4,I001*dd32
 * 01-10-2024 12:58:12.482
CRC-Response  - 35,4,I001*dd32 * 01-10-2024 12:58:12.482
Raw Resp -#35,4,F000,2396*bebe
 * 01-10-2024 12:58:16.538
CRC-Response  - 35,4,F000,2396*bebe * 01-10-2024 12:58:16.539
J22 Value - 2396 * 01-10-2024 12:58:16.556
Command * Level Sensing For J23 - #36,4,21194,8590,0,0*0181
 * 01-10-2024 12:58:17.15
Raw Resp -#36,4,I001*c872
 * 01-10-2024 12:58:17.181
CRC-Response  - 36,4,I001*c872 * 01-10-2024 12:58:17.181
Raw Resp -#36,4,F000,2396*7dbb
 * 01-10-2024 12:58:21.229
CRC-Response  - 36,4,F000,2396*7dbb * 01-10-2024 12:58:21.230
J24 Value - 2396 * 01-10-2024 12:58:21.248
Command * Level Sensing For J24 - #37,4,17564,8590,0,0*e31b
 * 01-10-2024 12:58:21.249
Raw Resp -#37,4,I001*04b3
#37,4,F000,2400*6f8e
 * 01-10-2024 12:58:26.416
CRC-Response  - 37,4,I001*04b3 * 01-10-2024 12:58:26.417
CRC-Response  - 37,4,F000,2400*6f8e * 01-10-2024 12:58:26.420
J24 Value - 2400 * 01-10-2024 12:58:26.436
Command * Level Sensing For J25 - #38,4,13934,8590,0,0*ac27
 * 01-10-2024 12:58:26.822
Raw Resp -#38,4,I001*44f3
 * 01-10-2024 12:58:26.994
CRC-Response  - 38,4,I001*44f3 * 01-10-2024 12:58:26.994
Raw Resp -#38,4,F000,2404*a39b
 * 01-10-2024 12:58:31.35
CRC-Response  - 38,4,F000,2404*a39b * 01-10-2024 12:58:31.35
J25 Value - 2404 * 01-10-2024 12:58:31.54
Command * Level Sensing For J26 - #39,4,10304,8590,0,0*cf64
 * 01-10-2024 12:58:31.548
Raw Resp -#39,4,I001*8832
 * 01-10-2024 12:58:31.719
CRC-Response  - 39,4,I001*8832 * 01-10-2024 12:58:31.719
Raw Resp -#39,4,F000,2390*702f
 * 01-10-2024 12:58:35.768
CRC-Response  - 39,4,F000,2390*702f * 01-10-2024 12:58:35.769
J26 Value - 2390 * 01-10-2024 12:58:35.788
Command * Level Sensing For J27 - #40,4,42974,16380,0,0*8c11
 * 01-10-2024 12:58:36.252
Raw Resp -#40,4,I001*d2d4
 * 01-10-2024 12:58:36.420
CRC-Response  - 40,4,I001*d2d4 * 01-10-2024 12:58:36.420
Raw Resp -#40,4,F000,2383*ef75
 * 01-10-2024 12:58:43.731
CRC-Response  - 40,4,F000,2383*ef75 * 01-10-2024 12:58:43.731
J27 Value - 2383 * 01-10-2024 12:58:43.745
Command * Level Sensing For J28 - #41,4,39344,16380,0,0*b77d
 * 01-10-2024 12:58:43.995
Raw Resp -#41,4,I001*1e15
 * 01-10-2024 12:58:44.159
CRC-Response  - 41,4,I001*1e15 * 01-10-2024 12:58:44.159
Raw Resp -#41,4,F000,2433*9fc1
 * 01-10-2024 12:58:48.217
CRC-Response  - 41,4,F000,2433*9fc1 * 01-10-2024 12:58:48.217
J28 Value - 2433 * 01-10-2024 12:58:48.235
Command * Level Sensing For J29 - #42,4,35714,16380,0,0*7737
 * 01-10-2024 12:58:48.682
Raw Resp -#42,4,I001*0b55
 * 01-10-2024 12:58:48.853
CRC-Response  - 42,4,I001*0b55 * 01-10-2024 12:58:48.853
Raw Resp -#42,4,F000,2418*fb84
 * 01-10-2024 12:58:52.901
CRC-Response  - 42,4,F000,2418*fb84 * 01-10-2024 12:58:52.902
J29 Value - 2418 * 01-10-2024 12:58:52.921
Command * Level Sensing For J30 - #43,4,32084,16380,0,0*171b
 * 01-10-2024 12:58:53.384
Raw Resp -#43,4,I001*c794
 * 01-10-2024 12:58:53.555
CRC-Response  - 43,4,I001*c794 * 01-10-2024 12:58:53.555
Raw Resp -#43,4,F000,2426*4e07
 * 01-10-2024 12:58:57.597
CRC-Response  - 43,4,F000,2426*4e07 * 01-10-2024 12:58:57.598
J30 Value - 2426 * 01-10-2024 12:58:57.616
Command * Level Sensing For J31 - #44,4,28454,16380,0,0*3e86
 * 01-10-2024 12:58:57.618
Raw Resp -#44,4,I001*21d5
 * 01-10-2024 12:58:57.781
CRC-Response  - 44,4,I001*21d5 * 01-10-2024 12:58:57.781
Raw Resp -#44,4,F000,2423*0acc
 * 01-10-2024 12:59:01.832
CRC-Response  - 44,4,F000,2423*0acc * 01-10-2024 12:59:01.834
J32 Value - 2423 * 01-10-2024 12:59:01.853
Command * Level Sensing For J32 - #45,4,24824,16380,0,0*c953
 * 01-10-2024 12:59:01.854
Raw Resp -#45,4,I001*ed14
#45,4,F000,2449*2c4d
 * 01-10-2024 12:59:07.20
CRC-Response  - 45,4,I001*ed14 * 01-10-2024 12:59:07.20
CRC-Response  - 45,4,F000,2449*2c4d * 01-10-2024 12:59:07.22
J32 Value - 2449 * 01-10-2024 12:59:07.36
Command * Level Sensing For J33 - #46,4,21194,16380,0,0*9aea
 * 01-10-2024 12:59:07.401
Raw Resp -#46,4,I001*f854
 * 01-10-2024 12:59:07.561
CRC-Response  - 46,4,I001*f854 * 01-10-2024 12:59:07.561
Raw Resp -#46,4,F000,2449*ef48
 * 01-10-2024 12:59:11.621
CRC-Response  - 46,4,F000,2449*ef48 * 01-10-2024 12:59:11.622
J33 Value - 2449 * 01-10-2024 12:59:11.640
Command * Level Sensing For H1 - #47,4,2688,1000,0,1*2868
 * 01-10-2024 12:59:12.85
Raw Resp -#47,4,I001*3495
 * 01-10-2024 12:59:12.251
CRC-Response  - 47,4,I001*3495 * 01-10-2024 12:59:12.251
Raw Resp -#47,4,F000,3317*c778
 * 01-10-2024 12:59:17.975
CRC-Response  - 47,4,F000,3317*c778 * 01-10-2024 12:59:17.976
H1 Value - 3317 * 01-10-2024 12:59:17.995
Command * Level Sensing For H2 - #48,4,2688,8700,0,1*71eb
 * 01-10-2024 12:59:18.321
Raw Resp -#48,4,I001*74d5
 * 01-10-2024 12:59:18.485
CRC-Response  - 48,4,I001*74d5 * 01-10-2024 12:59:18.485
Raw Resp -#48,4,F000,3310*0a2d
 * 01-10-2024 12:59:22.715
CRC-Response  - 48,4,F000,3310*0a2d * 01-10-2024 12:59:22.716
H2 Value - 3310 * 01-10-2024 12:59:22.737
Command * Level Sensing For H3 - #49,4,2688,16380,0,1*7726
 * 01-10-2024 12:59:23.60
Raw Resp -#49,4,I001*b814
 * 01-10-2024 12:59:23.229
CRC-Response  - 49,4,I001*b814 * 01-10-2024 12:59:23.229
Raw Resp -#49,4,F000,3304*d82f
 * 01-10-2024 12:59:27.440
CRC-Response  - 49,4,F000,3304*d82f * 01-10-2024 12:59:27.441
H3 Value - 3304 * 01-10-2024 12:59:27.459
Command * Home Command - #50,5,11111111*6956
 * 01-10-2024 12:59:27.788
Raw Resp -#50,5,I001,11111111*346f
 * 01-10-2024 12:59:27.955
CRC-Response  - 50,5,I001,11111111*346f * 01-10-2024 12:59:27.955
Raw Resp -#50,5,F000*471a
 * 01-10-2024 12:59:40.514
CRC-Response  - 50,5,F000*471a * 01-10-2024 12:59:40.515
Command * Home Command - #51,5,11111111*aaab
 * 01-10-2024 12:59:45.699
Raw Resp -#51,5,I001,11111111*a43e
#51,5,F000*8bdb
#0,16,F000*7ce9
 * 01-10-2024 12:59:45.868
CRC-Response  - 51,5,I001,11111111*a43e * 01-10-2024 12:59:45.868
CRC-Response  - 51,5,F000*8bdb * 01-10-2024 12:59:45.894
CRC-Response  - 0,16,F000*7ce9 * 01-10-2024 12:59:45.908
