Command * RACK HOLDING STATUS - #0,7*d92c
 * 29-11-2023 15:16:38.470
Device Intialization started * 29-11-2023 15:16:40.103
Command * Home Command - #1,5,11111111*b681
 * 29-11-2023 15:16:40.104
Command * Home Command - #0,7*d92c
 * 29-11-2023 15:16:45.113
Command * RACK HOLDING STATUS - #0,7*d92c
 * 29-11-2023 16:23:29.738
Device Intialization started * 29-11-2023 16:23:49.115
Command * Home Command - #1,5,11111111*b681
 * 29-11-2023 16:23:49.116
Command * Home Command - #0,7*d92c
 * 29-11-2023 16:23:54.149
Command * Home Command - #1,5,11111111*b681
 * 29-11-2023 16:30:43.406
Response  - 1,5,11111111*b681 * 29-11-2023 16:31:08.517
Command * Home Command - #1,5,11111111*b681
 * 29-11-2023 16:31:11.712
Command * RACK HOLDING STATUS - #0,7*d92c
 * 29-11-2023 16:40:05.201
Response  - 0,7*d92c * 29-11-2023 16:40:05.505
Device Intialization started * 29-11-2023 16:40:06.878
Command * Home Command - #1,5,11111111*b681
 * 29-11-2023 16:40:06.888
Command * Home Command - #0,7*d92c
 * 29-11-2023 16:40:11.898
Command * RACK HOLDING STATUS - #0,7*d92c
 * 29-11-2023 16:44:10.232
Device Intialization started * 29-11-2023 16:44:11.294
Command * Home Command - #1,5,11111111*b681
 * 29-11-2023 16:44:11.297
Command * Home Command - #0,7*d92c
 * 29-11-2023 16:44:16.310
Device Intialization started * 29-11-2023 16:51:01.643
Command * RACK HOLDING STATUS - #0,7*d92c
 * 29-11-2023 16:52:03.640
Command * RACK HOLDING STATUS - #0,7*d92c
 * 29-11-2023 16:52:03.852
Device Intialization started * 29-11-2023 16:52:04.249
Command * Home Command - #2,5,11111111*b285
 * 29-11-2023 16:52:04.287
Command * Home Command - #2,5,11111111*b285
 * 29-11-2023 16:52:09.293
Response  - 2,5,11111111*b285 * 29-11-2023 16:52:14.453
Command * Home Command - #2,5,11111111*b285
 * 29-11-2023 16:52:14.462
Command * RACK HOLDING STATUS - #0,7*d92c
 * 29-11-2023 18:00:11.375
Device Intialization started * 29-11-2023 18:00:12.824
Command * Home Command - #1,5,11111111*b681
 * 29-11-2023 18:00:12.825
Command * Home Command - #0,7*d92c
 * 29-11-2023 18:00:17.841
Command * Home Command - #1,5,11111111*b681
 * 29-11-2023 18:00:22.847
Response  - 1,5,11111111*b681 * 29-11-2023 18:00:28.7
Command * Home Command - #1,5,11111111*b681
 * 29-11-2023 18:00:28.21
Device Intialization started * 29-11-2023 18:14:47.191
Device Intialization started * 29-11-2023 18:25:49.528
Command * RACK HOLDING STATUS - #0,7*d92c
 * 29-11-2023 18:28:16.927
Device Intialization started * 29-11-2023 18:28:18.507
Command * Home Command - #1,5,11111111*b681
 * 29-11-2023 18:28:18.511
Command * Home Command - #0,7*d92c
 * 29-11-2023 18:28:23.516
