Command * Home Command - #0,5,11111111*757c
 * 13-12-2023 10:40:56.498
Command * RACK HOLDING STATUS - #1,7*197d
 * 13-12-2023 10:42:45.565
Device Intialization started * 13-12-2023 10:42:53.364
Command * Home Command - #2,5,11111111*b285
 * 13-12-2023 10:42:53.365
Command * DOOR STATUS - #3,9*1d5d
 * 13-12-2023 10:43:30.847
Command * Home Command - #4,5,11111111*ba8d
 * 13-12-2023 10:43:38.331
Command * Home Command - #5,5,11111111*7970
 * 13-12-2023 10:44:05.226
Command * Home Command - #6,5,11111111*7d74
 * 13-12-2023 10:44:10.293
Command * Home Command - #7,5,11111111*be89
 * 13-12-2023 10:44:17.737
Command * Home Command - #8,5,11111111*aa9d
 * 13-12-2023 10:44:22.806
Command * RACK HOLDING STATUS - #0,7*d92c
 * 13-12-2023 11:55:49.774
Response  - 0,7,F000,00*20f0 * 13-12-2023 11:56:31.269
Device Intialization started * 13-12-2023 11:56:32.425
Command * Home Command - #1,5,11111111*b681
 * 13-12-2023 11:56:32.426
Response  - 1,5,I001,11111111*f220 * 13-12-2023 11:56:56.804
Response  - 1,5,F000*21fa * 13-12-2023 11:56:56.812
Command * Home Command - #2,5,11111111*b285
 * 13-12-2023 11:57:01.994
Response  - 2,5,I001,11111111*02d0 * 13-12-2023 11:57:04.526
Response  - 2,5,F000*34ba * 13-12-2023 11:57:22.134
Command * Level Sensing For U1 - #3,4,64754,16380,0,0*c98a
 * 13-12-2023 11:57:27.448
Response  - 3,4,I001*fdb8 * 13-12-2023 11:57:27.617
Command * Home Command - #0,5,11111111*757c
 * 13-12-2023 11:58:30.4
Command * Home Command - #0,5,11111111*757c
 * 13-12-2023 11:59:22.127
Command * Home Command - #0,5,11111111*757c
 * 13-12-2023 12:00:52.102
Command * Home Command - #0,5,11111111*757c
 * 13-12-2023 12:07:37.431
Command * RACK HOLDING STATUS - #1,7*197d
 * 13-12-2023 12:13:27.442
Response  - 1,7,F000,00*dcf4 * 13-12-2023 12:13:29.195
Device Intialization started * 13-12-2023 12:13:29.587
Command * Home Command - #2,5,11111111*b285
 * 13-12-2023 12:13:34.918
Response  - 2,5,I001,11111111*02d0 * 13-12-2023 12:13:39.225
Response  - 2,5,F000*34ba * 13-12-2023 12:13:48.190
Command * Home Command - #3,5,11111111*7178
 * 13-12-2023 12:13:53.855
Response  - 3,5,I001,11111111*9281 * 13-12-2023 12:13:54.25
Command * Home Command - #0,5,11111111*757c
 * 13-12-2023 12:14:05.780
Response  - 3,5,F000*f87b * 13-12-2023 12:14:07.133
Command * DOOR STATUS - #1,9*ddfc
 * 13-12-2023 12:17:51.412
Response  - 1,9,F000,11*ec78 * 13-12-2023 12:17:51.698
Command * HEATER ON - #2,12,1*e8e7
 * 13-12-2023 12:18:25.519
Response  - 2,12,F000*98f1 * 13-12-2023 12:18:25.779
Command * HEATER OFF - #3,12,0*f927
 * 13-12-2023 12:18:28.557
Response  - 3,12,F000*08fc * 13-12-2023 12:18:28.728
Command * CLOSE HEATER DOOR - #4,8,1,0*218d
 * 13-12-2023 12:18:31.800
Response  - 4,8,I001*d7f9 * 13-12-2023 12:18:31.970
Response  - 4,8,F000*033b * 13-12-2023 12:18:32.296
Command * OPEN HEATER DOOR - #5,8,1,1*215c
 * 13-12-2023 12:18:33.780
Response  - 5,8,I001*1b38 * 13-12-2023 12:18:33.944
Response  - 5,8,F000*cffa * 13-12-2023 12:18:34.291
Command * SET TEMPERATURE - #6,10,45*752f
 * 13-12-2023 12:18:41.358
Response  - 6,10,F000*bac2 * 13-12-2023 12:18:41.524
Command * GET TEMPERATURE - #7,11*dd1b
 * 13-12-2023 12:18:47.406
Response  - 7,11,F000,-273*b437 * 13-12-2023 12:18:47.566
Command * GET TEMPERATURE - #8,11*c918
 * 13-12-2023 12:18:50.60
Response  - 8,11,F000,-273*bb38 * 13-12-2023 12:18:50.230
Command * GET TEMPERATURE - #9,11*3519
 * 13-12-2023 12:18:50.936
Response  - 9,11,F000,-273*7a38 * 13-12-2023 12:18:51.92
Command * GET TEMPERATURE - #10,11*4943
 * 13-12-2023 12:18:51.819
Response  - 10,11,F000,-273*d92b * 13-12-2023 12:18:51.978
Command * VALVE STATUS - #11,14*b682
 * 13-12-2023 12:19:29.651
Response  - 11,14,F000,000000*d28d * 13-12-2023 12:19:29.816
Command * START AGITATION - #12,16,1*f19d
 * 13-12-2023 12:19:34.159
Response  - 12,16,F000*d1db * 13-12-2023 12:19:34.329
Command * STOP AGITATION - #13,16,0*e05d
 * 13-12-2023 12:19:40.150
Response  - 13,16,I001*9514 * 13-12-2023 12:19:40.319
Response  - 13,16,F000*41d6 * 13-12-2023 12:19:42.396
Command * WATER VALVE-3 CONTROL ON - #14,13,3,1*ea99
 * 13-12-2023 12:19:42.635
Response  - 14,13,F000*24f0 * 13-12-2023 12:19:42.801
Command * WATER VALVE-3 CONTROL OFF - #15,13,3,0*e699
 * 13-12-2023 12:19:46.565
Response  - 15,13,F000*b4fd * 13-12-2023 12:19:46.834
Command * DOOR STATUS - #16,9*0432
 * 13-12-2023 12:19:50.119
Response  - 16,9,F000,11*fdbd * 13-12-2023 12:19:50.281
Command * GET HOME STATUS - #17,6*c023
 * 13-12-2023 12:19:55.813
Response  - 17,6,F000,01000000*4ef7 * 13-12-2023 12:19:55.981
Command * GET HOME STATUS - #18,6*c313
 * 13-12-2023 12:20:02.37
Response  - 18,6,F000,01000000*bdc2 * 13-12-2023 12:20:02.199
Command * POLL COMMAND  - #19,15*1641
 * 13-12-2023 12:20:18.434
Response  - 19,15,F000,01.00.001*4403 * 13-12-2023 12:20:18.631
Command * POLL COMMAND  - #20,15*8a06
 * 13-12-2023 12:20:23.245
Response  - 20,15,F000,01.00.001*ea98 * 13-12-2023 12:20:23.415
Command * RACK HOLDING STATUS - #21,7*4502
 * 13-12-2023 12:20:24.885
Response  - 21,7,F000,00*bd2f * 13-12-2023 12:20:25.52
Command * Home Command - #22,5,00000000*98d9
 * 13-12-2023 12:20:26.888
Response  - 22,5,F001,00000000*5f16 * 13-12-2023 12:20:27.57
Command * GET HOME STATUS - #23,6*4562
 * 13-12-2023 12:20:29.662
Response  - 23,6,F000,01000000*cb45 * 13-12-2023 12:20:29.831
Command * CLOSE HEATER DOOR - #24,8,1,0*e754
 * 13-12-2023 12:20:33.573
Response  - 24,8,I001*4dfe * 13-12-2023 12:20:33.744
Response  - 24,8,F000*993c * 13-12-2023 12:20:34.69
Command * OPEN HEATER DOOR - #25,8,1,1*e785
 * 13-12-2023 12:20:35.592
Response  - 25,8,I001*813f * 13-12-2023 12:20:35.757
Response  - 25,8,F000*55fd * 13-12-2023 12:20:36.98
Command * HEATER ON - #26,12,1*b4ee
 * 13-12-2023 12:20:36.632
Response  - 26,12,F000*9a18 * 13-12-2023 12:20:36.798
Command * HEATER OFF - #27,12,0*a52e
 * 13-12-2023 12:20:37.950
Response  - 27,12,F000*0a15 * 13-12-2023 12:20:38.108
Command * RACK HOLDING STATUS - #0,7*d92c
 * 13-12-2023 12:26:32.943
Response  - 0,7,F000,00*20f0 * 13-12-2023 12:26:33.137
Device Intialization started * 13-12-2023 12:26:33.863
Command * Home Command - #1,5,11111111*b681
 * 13-12-2023 12:26:33.865
Response  - 1,5,I001,11111111*f220 * 13-12-2023 12:26:39.40
Response  - 1,5,F000*21fa * 13-12-2023 12:26:47.137
Command * Home Command - #2,5,11111111*b285
 * 13-12-2023 12:26:52.439
Response  - 2,5,I001,11111111*02d0 * 13-12-2023 12:26:52.598
Response  - 2,5,F000*34ba * 13-12-2023 12:27:05.717
Command * Level Sensing For U1 - #3,4,64754,16380,0,0*c98a
 * 13-12-2023 12:27:11.1
Response  - 3,4,I001*fdb8 * 13-12-2023 12:27:11.185
Response  - 3,4,F000,894*0a52 * 13-12-2023 12:27:15.302
U1 Value - 894 * 13-12-2023 12:27:15.316
Command * Level Sensing For U2 - #4,4,61124,16380,0,0*b5c6
 * 13-12-2023 12:27:15.572
Response  - 4,4,I001*1bf9 * 13-12-2023 12:27:15.741
Response  - 4,4,F000,890*02a6 * 13-12-2023 12:27:18.32
U2 Value - 890 * 13-12-2023 12:27:18.45
Command * Level Sensing For U3 - #5,4,57494,16380,0,0*9057
 * 13-12-2023 12:27:18.135
Response  - 5,4,I001*d738 * 13-12-2023 12:27:18.295
Response  - 5,4,F000,902*908d * 13-12-2023 12:27:20.602
U3 Value - 902 * 13-12-2023 12:27:20.616
Command * Level Sensing For U4 - #6,4,53864,16380,0,0*c813
 * 13-12-2023 12:27:20.700
Response  - 6,4,I001*c278 * 13-12-2023 12:27:20.869
Response  - 6,4,F000,903*5448 * 13-12-2023 12:27:23.164
U4 Value - 903 * 13-12-2023 12:27:23.178
Command * Level Sensing For U5 - #7,4,50234,16380,0,0*3139
 * 13-12-2023 12:27:23.261
Response  - 7,4,I001*0eb9 * 13-12-2023 12:27:23.427
Response  - 7,4,F000,904*55f4 * 13-12-2023 12:27:25.727
U5 Value - 904 * 13-12-2023 12:27:25.740
Command * Level Sensing For U6 - #8,4,46604,16380,0,0*a2a3
 * 13-12-2023 12:27:25.824
Response  - 8,4,I001*4ef9 * 13-12-2023 12:27:25.992
Response  - 8,4,F000,898*d4b7 * 13-12-2023 12:27:28.282
U6 Value - 898 * 13-12-2023 12:27:28.296
Command * Level Sensing For J1 - #9,4,10304,800,0,0*71c8
 * 13-12-2023 12:27:28.381
Response  - 9,4,I001*8238 * 13-12-2023 12:27:28.548
Response  - 9,4,F000,911*11dc * 13-12-2023 12:27:34.592
J1 Value - 911 * 13-12-2023 12:27:34.607
Command * Level Sensing For J2 - #10,4,13934,800 ,0,0*2c48
 * 13-12-2023 12:27:34.957
Response  - 10,4,I001*82eb * 13-12-2023 12:27:35.122
Response  - 10,4,F000,904*0625 * 13-12-2023 12:27:37.417
J2 Value - 904 * 13-12-2023 12:27:37.429
Command * Level Sensing For J3 - #11,4,17564,800 ,0,0*8816
 * 13-12-2023 12:27:37.545
Command * Home Command - #0,5,11111111*757c
 * 13-12-2023 12:29:14.617
Response  - 0,5,I001,11111111*6271 * 13-12-2023 12:29:14.845
Response  - 0,5,F000*ed3b * 13-12-2023 12:29:27.881
Command * Home Command - #1,5,11111111*b681
 * 13-12-2023 12:29:33.289
Response  - 1,5,I001,11111111*f220 * 13-12-2023 12:29:33.455
Response  - 1,5,F000*21fa * 13-12-2023 12:29:46.572
Command * Level Sensing For L1 - #2,4,17564,16380,0,0*72f0
 * 13-12-2023 12:29:51.873
Response  - 2,4,I001*3179 * 13-12-2023 12:29:52.40
Response  - 2,4,F000,879*6c6a * 13-12-2023 12:30:00.434
L1 Value - 879 * 13-12-2023 12:30:00.446
Command * Level Sensing For L2 - #3,4,13934,16380,0,0*8ad5
 * 13-12-2023 12:30:00.935
Response  - 3,4,I001*fdb8 * 13-12-2023 12:30:01.105
Response  - 3,4,F000,888*9f53 * 13-12-2023 12:30:03.391
L2 Value - 888 * 13-12-2023 12:30:03.405
Command * Level Sensing For L3 - #4,4,10304,16380,0,0*f37f
 * 13-12-2023 12:30:03.490
Response  - 4,4,I001*1bf9 * 13-12-2023 12:30:03.656
Response  - 4,4,F000,892*c327 * 13-12-2023 12:30:05.958
L3 Value - 892 * 13-12-2023 12:30:05.967
Command * Both Z Axis Home Command - #5,5,00100100*195d
 * 13-12-2023 12:30:06.58
Response  - 5,5,I001,00100100*534f * 13-12-2023 12:30:06.224
Response  - 5,5,F000*d2fb * 13-12-2023 12:30:08.71
Command * RACK HOLDING STATUS - #0,7*d92c
 * 13-12-2023 12:33:53.5
Response  - 0,7,F000,00*20f0 * 13-12-2023 12:33:53.192
Device Intialization started * 13-12-2023 12:33:53.937
Command * Home Command - #1,5,11111111*b681
 * 13-12-2023 12:33:53.939
Response  - 1,5,I001,11111111*f220 * 13-12-2023 12:33:59.109
Response  - 1,5,F000*21fa * 13-12-2023 12:34:07.204
Command * Home Command - #2,5,11111111*b285
 * 13-12-2023 12:34:12.506
Response  - 2,5,I001,11111111*02d0 * 13-12-2023 12:34:12.672
Response  - 2,5,F000*34ba * 13-12-2023 12:34:25.775
Command * Level Sensing For U1 - #3,4,64754,16380,0,0*c98a
 * 13-12-2023 12:34:31.81
Response  - 3,4,I001*fdb8 * 13-12-2023 12:34:31.279
Response  - 3,4,F000,882*98d3 * 13-12-2023 12:34:40.355
U1 Value - 882 * 13-12-2023 12:34:40.372
Command * Level Sensing For U2 - #4,4,61124,16380,0,0*b5c6
 * 13-12-2023 12:34:40.686
Response  - 4,4,I001*1bf9 * 13-12-2023 12:34:40.853
Response  - 4,4,F000,905*9131 * 13-12-2023 12:34:43.140
U2 Value - 905 * 13-12-2023 12:34:43.149
Command * Level Sensing For U3 - #5,4,57494,16380,0,0*9057
 * 13-12-2023 12:34:43.237
Response  - 5,4,I001*d738 * 13-12-2023 12:34:43.404
Response  - 5,4,F000,902*908d * 13-12-2023 12:34:45.695
U3 Value - 902 * 13-12-2023 12:34:45.710
Command * Level Sensing For U4 - #6,4,53864,16380,0,0*c813
 * 13-12-2023 12:34:45.792
Response  - 6,4,I001*c278 * 13-12-2023 12:34:45.958
Response  - 6,4,F000,893*c41f * 13-12-2023 12:34:48.255
U4 Value - 893 * 13-12-2023 12:34:48.268
Command * Level Sensing For U5 - #7,4,50234,16380,0,0*3139
 * 13-12-2023 12:34:48.357
Response  - 7,4,I001*0eb9 * 13-12-2023 12:34:48.520
Response  - 7,4,F000,891*c663 * 13-12-2023 12:34:50.818
U5 Value - 891 * 13-12-2023 12:34:50.831
Command * Level Sensing For U6 - #8,4,46604,16380,0,0*a2a3
 * 13-12-2023 12:34:50.932
Response  - 8,4,I001*4ef9 * 13-12-2023 12:34:51.100
Response  - 8,4,F000,891*d277 * 13-12-2023 12:34:53.393
U6 Value - 891 * 13-12-2023 12:34:53.406
Command * Level Sensing For J1 - #9,4,10304,800,0,0*71c8
 * 13-12-2023 12:34:53.490
Response  - 9,4,I001*8238 * 13-12-2023 12:34:53.656
Response  - 9,4,F000,908*871d * 13-12-2023 12:34:59.687
J1 Value - 908 * 13-12-2023 12:34:59.699
Command * Level Sensing For J2 - #10,4,13934,800 ,0,0*2c48
 * 13-12-2023 12:35:00.57
Response  - 10,4,I001*82eb * 13-12-2023 12:35:00.229
Response  - 10,4,F000,902*04a5 * 13-12-2023 12:35:02.522
J2 Value - 902 * 13-12-2023 12:35:02.536
Command * Level Sensing For J3 - #11,4,17564,800 ,0,0*8816
 * 13-12-2023 12:35:02.655
Response  - 11,4,I001*4e2a * 13-12-2023 12:35:07.826
Response  - 11,4,F000,902*c758 * 13-12-2023 12:35:07.829
J3 Value - 902 * 13-12-2023 12:35:07.842
Command * Level Sensing For J4 - #12,4,21194,800 ,0,0*d22d
 * 13-12-2023 12:35:08.217
Response  - 12,4,I001*5b6a * 13-12-2023 12:35:08.382
Response  - 12,4,F000,877*30cf * 13-12-2023 12:35:10.685
J4 Value - 877 * 13-12-2023 12:35:10.698
Command * Level Sensing For J5 - #13,4,24824,800 ,0,0*1349
 * 13-12-2023 12:35:10.808
Response  - 13,4,I001*97ab * 13-12-2023 12:35:15.981
Response  - 13,4,F000,904*0221 * 13-12-2023 12:35:15.988
J5 Value - 904 * 13-12-2023 12:35:16.0
Command * Level Sensing For J6 - #14,4,28454,800 ,0,0*cee3
 * 13-12-2023 12:35:16.377
Response  - 14,4,I001*71ea * 13-12-2023 12:35:16.546
Response  - 14,4,F000,896*9802 * 13-12-2023 12:35:18.839
J6 Value - 896 * 13-12-2023 12:35:18.850
Command * Level Sensing For J7 - #15,4,32084,800 ,0,0*9a60
 * 13-12-2023 12:35:18.974
Response  - 15,4,I001*bd2b * 13-12-2023 12:35:24.141
Response  - 15,4,F000,891*99be * 13-12-2023 12:35:24.152
J7 Value - 891 * 13-12-2023 12:35:24.162
Command * Level Sensing For J8 - #16,4,35714,800 ,0,0*ce40
 * 13-12-2023 12:35:24.535
Response  - 16,4,I001*a86b * 13-12-2023 12:35:24.701
Response  - 16,4,F000,888*0b7b * 13-12-2023 12:35:26.999
J8 Value - 888 * 13-12-2023 12:35:27.14
Command * Level Sensing For J9 - #17,4,39344,800 ,0,0*fde0
 * 13-12-2023 12:35:27.118
Response  - 17,4,I001*64aa * 13-12-2023 12:35:32.289
Response  - 17,4,F000,887*ccc6 * 13-12-2023 12:35:32.292
J9 Value - 887 * 13-12-2023 12:35:32.303
Command * Level Sensing For W1 - #18,4,42974,800 ,0,0*fad8
 * 13-12-2023 12:35:32.683
Response  - 18,4,I001*24ea * 13-12-2023 12:35:32.856
Response  - 18,4,F000,905*1905 * 13-12-2023 12:35:35.145
W1 Value - 905 * 13-12-2023 12:35:35.158
Command * Level Sensing For W2 - #19,4,46604,800 ,0,0*e289
 * 13-12-2023 12:35:35.242
Response  - 19,4,I001*e82b * 13-12-2023 12:35:35.409
Response  - 19,4,F000,898*8f6e * 13-12-2023 12:35:37.704
W2 Value - 898 * 13-12-2023 12:35:37.720
Command * Level Sensing For W3 - #20,4,50234,800 ,0,0*b4e9
 * 13-12-2023 12:35:37.803
Response  - 20,4,I001*72ff * 13-12-2023 12:35:37.971
Response  - 20,4,F000,891*56b7 * 13-12-2023 12:35:40.263
W3 Value - 891 * 13-12-2023 12:35:40.270
Command * Level Sensing For J10 - #21,4,53864,800 ,0,0*5fb4
 * 13-12-2023 12:35:40.395
Response  - 21,4,I001*be3e * 13-12-2023 12:35:40.559
Response  - 21,4,F000,907*079d * 13-12-2023 12:35:42.849
J10 Value - 907 * 13-12-2023 12:35:42.864
Command * Level Sensing For J11 - #22,4,57494,800 ,0,0*9b6a
 * 13-12-2023 12:35:42.979
Response  - 22,4,I001*ab7e * 13-12-2023 12:35:48.147
Response  - 22,4,F000,888*078f * 13-12-2023 12:35:48.150
J11 Value - 888 * 13-12-2023 12:35:48.171
Command * Level Sensing For J12 - #23,4,61124,800 ,0,0*8a18
 * 13-12-2023 12:35:48.542
Response  - 23,4,I001*67bf * 13-12-2023 12:35:48.710
Response  - 23,4,F000,888*c472 * 13-12-2023 12:35:51.4
J12 Value - 888 * 13-12-2023 12:35:51.18
Command * Level Sensing For J13 - #24,4,64754,800 ,0,0*86b7
 * 13-12-2023 12:35:51.138
Response  - 24,4,I001*81fe * 13-12-2023 12:35:56.302
Response  - 24,4,F000,902*0851 * 13-12-2023 12:35:56.304
J13 Value - 902 * 13-12-2023 12:35:56.319
Command * Level Sensing For J14 - #25,4,64754,8590,0,0*2072
 * 13-12-2023 12:35:56.697
Response  - 25,4,I001*4d3f * 13-12-2023 12:35:56.865
Response  - 25,4,F000,908*cc2c * 13-12-2023 12:35:59.337
J14 Value - 908 * 13-12-2023 12:35:59.349
Command * Level Sensing For J15 - #26,4,61124,8590,0,0*1d9c
 * 13-12-2023 12:35:59.760
Response  - 26,4,I001*587f * 13-12-2023 12:35:59.930
Response  - 26,4,F000,888*c87e * 13-12-2023 12:36:02.228
J15 Value - 888 * 13-12-2023 12:36:02.241
Command * Level Sensing For J16 - #27,4,57494,8590,0,0*0cee
 * 13-12-2023 12:36:02.370
Response  - 27,4,I001*94be * 13-12-2023 12:36:07.535
Response  - 27,4,F000,904*0ed5 * 13-12-2023 12:36:07.539
J16 Value - 904 * 13-12-2023 12:36:07.553
Command * Level Sensing For J17 - #28,4,53864,8590,0,0*9bf3
 * 13-12-2023 12:36:07.930
Response  - 28,4,I001*d4fe * 13-12-2023 12:36:08.99
Response  - 28,4,F000,880*d996 * 13-12-2023 12:36:10.389
J17 Value - 880 * 13-12-2023 12:36:10.397
Command * Level Sensing For W4 - #29,4,50234,8590,0,0*70ae
 * 13-12-2023 12:36:10.503
Response  - 29,4,I001*183f * 13-12-2023 12:36:15.668
Response  - 29,4,F000,890*8a6a * 13-12-2023 12:36:15.672
W4 Value - 890 * 13-12-2023 12:36:15.686
Command * Level Sensing For W5 - #30,4,46604,8590,0,0*9eb7
 * 13-12-2023 12:36:16.63
Response  - 30,4,I001*e2f2 * 13-12-2023 12:36:16.232
Response  - 30,4,F000,867*2530 * 13-12-2023 12:36:18.531
W5 Value - 867 * 13-12-2023 12:36:18.546
Command * Level Sensing For W6 - #31,4,42974,8590,0,0*86e6
 * 13-12-2023 12:36:18.613
Response  - 31,4,I001*2e33 * 13-12-2023 12:36:18.781
Response  - 31,4,F000,899*d249 * 13-12-2023 12:36:21.73
W6 Value - 899 * 13-12-2023 12:36:21.86
Command * Level Sensing For J18 - #32,4,39344,8590,0,0*d21d
 * 13-12-2023 12:36:21.176
Response  - 32,4,I001*3b73 * 13-12-2023 12:36:21.336
Response  - 32,4,F000,892*110c * 13-12-2023 12:36:23.637
J18 Value - 892 * 13-12-2023 12:36:23.652
Command * Level Sensing For J19 - #33,4,35714,8590,0,0*e1bd
 * 13-12-2023 12:36:23.773
Response  - 33,4,I001*f7b2 * 13-12-2023 12:36:28.939
Response  - 33,4,F000,905*80e7 * 13-12-2023 12:36:28.944
J19 Value - 905 * 13-12-2023 12:36:28.957
Command * Level Sensing For J20 - #34,4,32084,8590,0,0*84dc
 * 13-12-2023 12:36:29.319
Response  - 34,4,I001*11f3 * 13-12-2023 12:36:29.483
Response  - 34,4,F000,900*48d2 * 13-12-2023 12:36:31.785
J20 Value - 900 * 13-12-2023 12:36:31.800
Command * Level Sensing For J21 - #35,4,28454,8590,0,0*d05f
 * 13-12-2023 12:36:31.913
Response  - 35,4,I001*dd32 * 13-12-2023 12:36:37.90
Response  - 35,4,F000,885*88b9 * 13-12-2023 12:36:37.91
J21 Value - 885 * 13-12-2023 12:36:37.107
Command * Level Sensing For J22 - #36,4,24824,8590,0,0*3cb4
 * 13-12-2023 12:36:37.472
Response  - 36,4,I001*c872 * 13-12-2023 12:36:37.634
Response  - 36,4,F000,898*d97d * 13-12-2023 12:36:39.930
J22 Value - 898 * 13-12-2023 12:36:39.943
Command * Level Sensing For J23 - #37,4,21194,8590,0,0*fdd0
 * 13-12-2023 12:36:40.56
Response  - 37,4,I001*04b3 * 13-12-2023 12:36:45.219
Response  - 37,4,F000,904*8fd7 * 13-12-2023 12:36:45.221
J23 Value - 904 * 13-12-2023 12:36:45.233
Command * Level Sensing For J24 - #38,4,17564,8590,0,0*f428
 * 13-12-2023 12:36:45.616
Response  - 38,4,I001*44f3 * 13-12-2023 12:36:45.781
Response  - 38,4,F000,902*9943 * 13-12-2023 12:36:48.68
J24 Value - 902 * 13-12-2023 12:36:48.84
Command * Level Sensing For J25 - #39,4,13934,8590,0,0*5076
 * 13-12-2023 12:36:48.248
Response  - 39,4,I001*8832 * 13-12-2023 12:36:53.416
Response  - 39,4,F000,895*08a8 * 13-12-2023 12:36:53.419
J25 Value - 895 * 13-12-2023 12:36:53.432
Command * Level Sensing For J26 - #40,4,10304,8590,0,0*2502
 * 13-12-2023 12:36:53.811
Response  - 40,4,I001*d2d4 * 13-12-2023 12:36:53.976
Response  - 40,4,F000,872*f1fa * 13-12-2023 12:36:56.265
J26 Value - 872 * 13-12-2023 12:36:56.277
Command * Level Sensing For J27 - #41,4,42974,16380,0,0*702c
 * 13-12-2023 12:36:56.403
Response  - 41,4,I001*1e15 * 13-12-2023 12:37:01.570
Response  - 41,4,F000,862*a206 * 13-12-2023 12:37:02.195
J27 Value - 862 * 13-12-2023 12:37:02.205
Command * Level Sensing For J28 - #42,4,39344,16380,0,0*f339
 * 13-12-2023 12:37:02.464
Response  - 42,4,I001*0b55 * 13-12-2023 12:37:02.630
Response  - 42,4,F000,894*5487 * 13-12-2023 12:37:04.919
J28 Value - 894 * 13-12-2023 12:37:04.931
Command * Level Sensing For J29 - #43,4,35714,16380,0,0*8b0a
 * 13-12-2023 12:37:05.52
Response  - 43,4,I001*c794 * 13-12-2023 12:37:10.211
Response  - 43,4,F000,902*05ad * 13-12-2023 12:37:10.215
J29 Value - 902 * 13-12-2023 12:37:10.227
Command * Level Sensing For J30 - #44,4,32084,16380,0,0*63ae
 * 13-12-2023 12:37:10.600
Response  - 44,4,I001*21d5 * 13-12-2023 12:37:10.769
Response  - 44,4,F000,892*5e0f * 13-12-2023 12:37:13.61
J30 Value - 892 * 13-12-2023 12:37:13.78
Command * Level Sensing For J31 - #45,4,28454,16380,0,0*c2bb
 * 13-12-2023 12:37:13.206
Response  - 45,4,I001*ed14 * 13-12-2023 12:37:18.364
Response  - 45,4,F000,901*0ce5 * 13-12-2023 12:37:18.367
J31 Value - 901 * 13-12-2023 12:37:18.380
Command * Level Sensing For J32 - #46,4,24824,16380,0,0*8d17
 * 13-12-2023 12:37:18.756
Response  - 46,4,I001*f854 * 13-12-2023 12:37:18.924
Response  - 46,4,F000,899*5eb7 * 13-12-2023 12:37:21.217
J32 Value - 899 * 13-12-2023 12:37:21.231
Command * Level Sensing For J33 - #47,4,21194,16380,0,0*66d7
 * 13-12-2023 12:37:21.361
Response  - 47,4,I001*3495 * 13-12-2023 12:37:26.525
Response  - 47,4,F000,905*081d * 13-12-2023 12:37:26.526
J33 Value - 905 * 13-12-2023 12:37:26.539
Command * Level Sensing For H1 - #48,4,2688,1000,0,1*db5d
 * 13-12-2023 12:37:26.920
Response  - 48,4,I001*74d5 * 13-12-2023 12:37:27.87
Response  - 48,4,F000,908*d9c8 * 13-12-2023 12:37:31.81
H1 Value - 908 * 13-12-2023 12:37:31.96
Command * Level Sensing For H2 - #49,4,2688,8700,0,1*e1ba
 * 13-12-2023 12:37:31.479
Response  - 49,4,I001*b814 * 13-12-2023 12:37:31.641
Response  - 49,4,F000,897*8e22 * 13-12-2023 12:37:34.108
H2 Value - 897 * 13-12-2023 12:37:34.121
Command * Level Sensing For H3 - #50,4,2688,16380,0,1*15c8
 * 13-12-2023 12:37:34.550
Response  - 50,4,I001*42d9 * 13-12-2023 12:37:34.716
Response  - 50,4,F000,884*827d * 13-12-2023 12:37:37.180
H3 Value - 884 * 13-12-2023 12:37:37.218
Command * Home Command - #51,5,11111111*aaab
 * 13-12-2023 12:37:37.602
Response  - 51,5,I001,11111111*a43e * 13-12-2023 12:37:37.770
Response  - 51,5,F000*8bdb * 13-12-2023 12:37:50.875
Command * Home Command - #52,5,11111111*aeaf
 * 13-12-2023 12:37:56.183
Response  - 52,5,I001,11111111*54ce * 13-12-2023 12:37:56.345
Response  - 52,5,F000*9e9b * 13-12-2023 12:38:09.459
Command * RACK HOLDING STATUS - #53,7*f1a2
 * 13-12-2023 12:39:57.258
Response  - 53,7,F000,00*ced1 * 13-12-2023 12:39:57.434
Device Intialization started * 13-12-2023 12:39:57.845
Command * Home Command - #54,5,11111111*a6a7
 * 13-12-2023 12:39:57.848
Response  - 54,5,I001,11111111*f52d * 13-12-2023 12:39:58.12
Response  - 54,5,F000*b41b * 13-12-2023 12:40:11.132
Command * Home Command - #55,5,11111111*655a
 * 13-12-2023 12:40:16.429
Response  - 55,5,I001,11111111*657c * 13-12-2023 12:40:16.593
Response  - 55,5,F000*78da * 13-12-2023 12:40:29.704
Command * Level Sensing For U1 - #56,4,64754,16380,0,0*9bcf
 * 13-12-2023 12:40:35.2
Response  - 56,4,I001*6859 * 13-12-2023 12:40:35.360
Response  - 56,4,F000,901*89e3 * 13-12-2023 12:40:45.148
U1 Value - 901 * 13-12-2023 12:40:45.164
Command * Level Sensing For U2 - #57,4,61124,16380,0,0*6f0b
 * 13-12-2023 12:40:45.257
Response  - 57,4,I001*a498 * 13-12-2023 12:40:45.425
Response  - 57,4,F000,896*1808 * 13-12-2023 12:40:47.748
U2 Value - 896 * 13-12-2023 12:40:47.760
Command * Level Sensing For U3 - #58,4,57494,16380,0,0*a3f0
 * 13-12-2023 12:40:47.826
Response  - 58,4,I001*e4d8 * 13-12-2023 12:40:47.993
Response  - 58,4,F000,889*985d * 13-12-2023 12:40:50.289
U3 Value - 889 * 13-12-2023 12:40:50.301
Command * Level Sensing For U4 - #59,4,53864,16380,0,0*43cd
 * 13-12-2023 12:40:50.386
Response  - 59,4,I001*2819 * 13-12-2023 12:40:50.552
Response  - 59,4,F000,890*cd61 * 13-12-2023 12:40:52.851
U4 Value - 890 * 13-12-2023 12:40:52.865
Command * Level Sensing For U5 - #60,4,50234,16380,0,0*e841
 * 13-12-2023 12:40:52.952
Response  - 60,4,I001*b2cd * 13-12-2023 12:40:53.162
Response  - 60,4,F000,892*d3f9 * 13-12-2023 12:40:55.455
U5 Value - 892 * 13-12-2023 12:40:55.464
Command * Level Sensing For U6 - #61,4,46604,16380,0,0*92b1
 * 13-12-2023 12:40:55.555
Response  - 61,4,I001*7e0c * 13-12-2023 12:40:55.720
Response  - 61,4,F000,890*d185 * 13-12-2023 12:40:58.15
U6 Value - 890 * 13-12-2023 12:40:58.25
Command * Level Sensing For J1 - #62,4,10304,800,0,0*5151
 * 13-12-2023 12:40:58.122
Response  - 62,4,I001*6b4c * 13-12-2023 12:40:58.280
Response  - 62,4,F000,899*d341 * 13-12-2023 12:41:04.326
J1 Value - 899 * 13-12-2023 12:41:04.340
Command * Level Sensing For J2 - #63,4,13934,800 ,0,0*1c0d
 * 13-12-2023 12:41:04.676
Response  - 63,4,I001*a78d * 13-12-2023 12:41:04.843
Response  - 63,4,F000,910*162a * 13-12-2023 12:41:07.132
J2 Value - 910 * 13-12-2023 12:41:07.143
Command * Level Sensing For J3 - #64,4,17564,800 ,0,0*31b3
 * 13-12-2023 12:41:07.246
Response  - 64,4,I001*41cc * 13-12-2023 12:41:12.425
Response  - 64,4,F000,887*8fc9 * 13-12-2023 12:41:12.427
J3 Value - 887 * 13-12-2023 12:41:12.438
Command * Level Sensing For J4 - #65,4,21194,800 ,0,0*d329
 * 13-12-2023 12:41:12.798
Response  - 65,4,I001*8d0d * 13-12-2023 12:41:12.967
Response  - 65,4,F000,900*8e23 * 13-12-2023 12:41:15.263
J4 Value - 900 * 13-12-2023 12:41:15.276
Command * Level Sensing For J5 - #66,4,24824,800 ,0,0*aaec
 * 13-12-2023 12:41:15.446
Response  - 66,4,I001*984d * 13-12-2023 12:41:20.618
Response  - 66,4,F000,904*4926 * 13-12-2023 12:41:20.621
J5 Value - 904 * 13-12-2023 12:41:20.632
Command * Level Sensing For J6 - #67,4,28454,800 ,0,0*fea6
 * 13-12-2023 12:41:20.996
Response  - 67,4,I001*548c * 13-12-2023 12:41:21.160
Response  - 67,4,F000,906*4b5a * 13-12-2023 12:41:23.450
J6 Value - 906 * 13-12-2023 12:41:23.459
Command * Level Sensing For J7 - #68,4,32084,800 ,0,0*4147
 * 13-12-2023 12:41:23.567
Response  - 68,4,I001*14cc * 13-12-2023 12:41:28.738
Response  - 68,4,F000,906*5f4e * 13-12-2023 12:41:28.743
J7 Value - 906 * 13-12-2023 12:41:28.751
Command * Level Sensing For J8 - #69,4,35714,800 ,0,0*adc6
 * 13-12-2023 12:41:29.115
Response  - 69,4,I001*d80d * 13-12-2023 12:41:29.279
Response  - 69,4,F000,906*9cb3 * 13-12-2023 12:41:31.575
J8 Value - 906 * 13-12-2023 12:41:31.593
Command * Level Sensing For J9 - #70,4,39344,800 ,0,0*00d9
 * 13-12-2023 12:41:31.733
Response  - 70,4,I001*22c0 * 13-12-2023 12:41:36.905
Response  - 70,4,F000,895*90ba * 13-12-2023 12:41:36.909
J9 Value - 895 * 13-12-2023 12:41:36.919
Command * Level Sensing For W1 - #71,4,42974,800 ,0,0*ec83
 * 13-12-2023 12:41:37.300
Response  - 71,4,I001*ee01 * 13-12-2023 12:41:37.467
Response  - 71,4,F000,879*3643 * 13-12-2023 12:41:39.758
W1 Value - 879 * 13-12-2023 12:41:39.768
Command * Level Sensing For W2 - #72,4,46604,800 ,0,0*4c73
 * 13-12-2023 12:41:39.866
Response  - 72,4,I001*fb41 * 13-12-2023 12:41:40.24
Response  - 72,4,F000,894*9782 * 13-12-2023 12:41:42.334
W2 Value - 894 * 13-12-2023 12:41:42.348
Command * Level Sensing For W3 - #73,4,50234,800 ,0,0*3cd5
 * 13-12-2023 12:41:42.431
Response  - 73,4,I001*3780 * 13-12-2023 12:41:42.598
Response  - 73,4,F000,892*56ff * 13-12-2023 12:41:44.886
W3 Value - 892 * 13-12-2023 12:41:44.896
Command * Level Sensing For J10 - #74,4,53864,800 ,0,0*5e68
 * 13-12-2023 12:41:45.4
Response  - 74,4,I001*d1c1 * 13-12-2023 12:41:45.167
Response  - 74,4,F000,906*ce5c * 13-12-2023 12:41:47.459
J10 Value - 906 * 13-12-2023 12:41:47.475
Command * Level Sensing For J11 - #75,4,57494,800 ,0,0*2217
 * 13-12-2023 12:41:47.596
Response  - 75,4,I001*1d00 * 13-12-2023 12:41:52.765
Response  - 75,4,F000,904*cc20 * 13-12-2023 12:41:52.771
J11 Value - 904 * 13-12-2023 12:41:52.784
Command * Level Sensing For J12 - #76,4,61124,800 ,0,0*8bc4
 * 13-12-2023 12:41:53.196
Response  - 76,4,I001*0840 * 13-12-2023 12:41:53.367
Response  - 76,4,F000,893*9a32 * 13-12-2023 12:41:55.657
J12 Value - 893 * 13-12-2023 12:41:55.667
Command * Level Sensing For J13 - #77,4,64754,800 ,0,0*0e8b
 * 13-12-2023 12:41:55.790
Response  - 77,4,I001*c481 * 13-12-2023 12:42:00.952
Response  - 77,4,F000,893*59cf * 13-12-2023 12:42:00.957
J13 Value - 893 * 13-12-2023 12:42:00.971
Command * Level Sensing For J14 - #78,4,64754,8590,0,0*432c
 * 13-12-2023 12:42:01.359
Response  - 78,4,I001*84c1 * 13-12-2023 12:42:01.530
Response  - 78,4,F000,905*df0c * 13-12-2023 12:42:04.3
J14 Value - 905 * 13-12-2023 12:42:04.12
Command * Level Sensing For J15 - #79,4,61124,8590,0,0*c663
 * 13-12-2023 12:42:04.417
Response  - 79,4,I001*4800 * 13-12-2023 12:42:04.585
Response  - 79,4,F000,884*dc66 * 13-12-2023 12:42:06.884
J15 Value - 884 * 13-12-2023 12:42:06.898
Command * Level Sensing For J16 - #80,4,57494,8590,0,0*a0c4
 * 13-12-2023 12:42:07.21
Response  - 80,4,I001*d281 * 13-12-2023 12:42:12.177
Response  - 80,4,F000,903*0d79 * 13-12-2023 12:42:12.182
J16 Value - 903 * 13-12-2023 12:42:12.191
Command * Level Sensing For J17 - #81,4,53864,8590,0,0*dcbb
 * 13-12-2023 12:42:12.570
Response  - 81,4,I001*1e40 * 13-12-2023 12:42:12.742
Response  - 81,4,F000,898*9992 * 13-12-2023 12:42:15.35
J17 Value - 898 * 13-12-2023 12:42:15.47
Command * Level Sensing For W4 - #82,4,50234,8590,0,0*8f47
 * 13-12-2023 12:42:15.165
Command * RACK HOLDING STATUS - #0,7*d92c
 * 13-12-2023 14:17:44.196
Response  - 0,7,F000,00*20f0 * 13-12-2023 14:17:44.474
Device Intialization started * 13-12-2023 14:17:45.455
Command * Home Command - #1,5,11111111*b681
 * 13-12-2023 14:17:45.456
Response  - 1,5,I001,11111111*f220 * 13-12-2023 14:17:50.616
Response  - 1,5,F000*21fa * 13-12-2023 14:17:58.726
Command * Home Command - #2,5,11111111*b285
 * 13-12-2023 14:18:04.23
Response  - 2,5,I001,11111111*02d0 * 13-12-2023 14:18:04.186
Response  - 2,5,F000*34ba * 13-12-2023 14:18:17.305
Command * Level Sensing For U1 - #3,4,64754,16380,0,0*c98a
 * 13-12-2023 14:18:22.611
Response  - 3,4,I001*fdb8 * 13-12-2023 14:18:22.769
Response  - 3,4,F000,888*9f53 * 13-12-2023 14:18:27.297
U1 Value - 888 * 13-12-2023 14:18:27.316
Command * Level Sensing For U2 - #4,4,61124,16380,0,0*b5c6
 * 13-12-2023 14:18:27.674
Response  - 4,4,I001*1bf9 * 13-12-2023 14:18:27.841
Response  - 4,4,F000,874*a1a3 * 13-12-2023 14:18:30.138
U2 Value - 874 * 13-12-2023 14:18:30.150
Command * Level Sensing For U3 - #5,4,57494,16380,0,0*9057
 * 13-12-2023 14:18:30.225
Response  - 5,4,I001*d738 * 13-12-2023 14:18:30.388
Response  - 5,4,F000,899*c79b * 13-12-2023 14:18:32.690
U3 Value - 899 * 13-12-2023 14:18:32.707
Command * Level Sensing For U4 - #6,4,53864,16380,0,0*c813
 * 13-12-2023 14:18:32.795
Response  - 6,4,I001*c278 * 13-12-2023 14:18:32.955
Response  - 6,4,F000,902*9489 * 13-12-2023 14:18:35.248
U4 Value - 902 * 13-12-2023 14:18:35.260
Command * Level Sensing For U5 - #7,4,50234,16380,0,0*3139
 * 13-12-2023 14:18:35.349
Response  - 7,4,I001*0eb9 * 13-12-2023 14:18:35.514
Response  - 7,4,F000,899*0062 * 13-12-2023 14:18:37.808
U5 Value - 899 * 13-12-2023 14:18:37.821
Command * Level Sensing For U6 - #8,4,46604,16380,0,0*a2a3
 * 13-12-2023 14:18:37.923
Response  - 8,4,I001*4ef9 * 13-12-2023 14:18:38.89
Response  - 8,4,F000,896*1036 * 13-12-2023 14:18:40.389
U6 Value - 896 * 13-12-2023 14:18:40.410
Command * Level Sensing For J1 - #9,4,10304,800,0,0*71c8
 * 13-12-2023 14:18:40.472
Response  - 9,4,I001*8238 * 13-12-2023 14:18:40.639
Response  - 9,4,F000,896*d3cb * 13-12-2023 14:18:46.678
J1 Value - 896 * 13-12-2023 14:18:46.692
Command * Level Sensing For J2 - #10,4,13934,800 ,0,0*2c48
 * 13-12-2023 14:18:47.50
Response  - 10,4,I001*82eb * 13-12-2023 14:18:47.214
Response  - 10,4,F000,893*5433 * 13-12-2023 14:18:49.514
J2 Value - 893 * 13-12-2023 14:18:49.526
Command * Level Sensing For J3 - #11,4,17564,800 ,0,0*8816
 * 13-12-2023 14:18:49.683
Response  - 11,4,I001*4e2a * 13-12-2023 14:18:54.841
Response  - 11,4,F000,901*c618 * 13-12-2023 14:18:54.850
J3 Value - 901 * 13-12-2023 14:18:54.861
Command * Level Sensing For J4 - #12,4,21194,800 ,0,0*d22d
 * 13-12-2023 14:18:55.255
Response  - 12,4,I001*5b6a * 13-12-2023 14:18:55.418
Response  - 12,4,F000,909*041d * 13-12-2023 14:18:57.716
J4 Value - 909 * 13-12-2023 14:18:57.729
Command * Level Sensing For J5 - #13,4,24824,800 ,0,0*1349
 * 13-12-2023 14:18:57.869
Response  - 13,4,I001*97ab * 13-12-2023 14:19:03.42
Response  - 13,4,F000,888*0777 * 13-12-2023 14:19:03.48
J5 Value - 888 * 13-12-2023 14:19:03.61
Command * Level Sensing For J6 - #14,4,28454,800 ,0,0*cee3
 * 13-12-2023 14:19:03.433
Response  - 14,4,I001*71ea * 13-12-2023 14:19:03.602
Response  - 14,4,F000,899*9c42 * 13-12-2023 14:19:05.902
J6 Value - 899 * 13-12-2023 14:19:05.921
Command * Level Sensing For J7 - #15,4,32084,800 ,0,0*9a60
 * 13-12-2023 14:19:06.72
Response  - 15,4,I001*bd2b * 13-12-2023 14:19:11.241
Response  - 15,4,F000,881*09bf * 13-12-2023 14:19:11.248
J7 Value - 881 * 13-12-2023 14:19:11.256
Command * Level Sensing For J8 - #16,4,35714,800 ,0,0*ce40
 * 13-12-2023 14:19:11.632
Response  - 16,4,I001*a86b * 13-12-2023 14:19:11.802
Response  - 16,4,F000,900*cd2c * 13-12-2023 14:19:14.101
J8 Value - 900 * 13-12-2023 14:19:14.113
Command * Level Sensing For J9 - #17,4,39344,800 ,0,0*fde0
 * 13-12-2023 14:19:14.265
Response  - 17,4,I001*64aa * 13-12-2023 14:19:19.431
Response  - 17,4,F000,903*0f91 * 13-12-2023 14:19:19.438
J9 Value - 903 * 13-12-2023 14:19:19.453
Command * Level Sensing For W1 - #18,4,42974,800 ,0,0*fad8
 * 13-12-2023 14:19:19.825
Response  - 18,4,I001*24ea * 13-12-2023 14:19:19.993
Response  - 18,4,F000,897*48d3 * 13-12-2023 14:19:22.280
W1 Value - 897 * 13-12-2023 14:19:22.296
Command * Level Sensing For W2 - #19,4,46604,800 ,0,0*e289
 * 13-12-2023 14:19:22.383
Response  - 19,4,I001*e82b * 13-12-2023 14:19:22.545
Response  - 19,4,F000,894*8a6e * 13-12-2023 14:19:24.849
W2 Value - 894 * 13-12-2023 14:19:24.864
Command * Level Sensing For W3 - #20,4,50234,800 ,0,0*b4e9
 * 13-12-2023 14:19:24.945
Response  - 20,4,I001*72ff * 13-12-2023 14:19:25.111
Response  - 20,4,F000,881*c6b6 * 13-12-2023 14:19:27.413
W3 Value - 881 * 13-12-2023 14:19:27.428
Command * Level Sensing For J10 - #21,4,53864,800 ,0,0*5fb4
 * 13-12-2023 14:19:27.512
Response  - 21,4,I001*be3e * 13-12-2023 14:19:27.681
Response  - 21,4,F000,896*570b * 13-12-2023 14:19:29.981
J10 Value - 896 * 13-12-2023 14:19:29.996
Command * Level Sensing For J11 - #22,4,57494,800 ,0,0*9b6a
 * 13-12-2023 14:19:30.164
Response  - 22,4,I001*ab7e * 13-12-2023 14:19:35.336
Response  - 22,4,F000,896*530f * 13-12-2023 14:19:35.342
J11 Value - 896 * 13-12-2023 14:19:35.355
Command * Level Sensing For J12 - #23,4,61124,800 ,0,0*8a18
 * 13-12-2023 14:19:35.728
Response  - 23,4,I001*67bf * 13-12-2023 14:19:35.895
Response  - 23,4,F000,901*c2e4 * 13-12-2023 14:19:38.194
J12 Value - 901 * 13-12-2023 14:19:38.208
Command * Level Sensing For J13 - #24,4,64754,800 ,0,0*86b7
 * 13-12-2023 14:19:38.363
Response  - 24,4,I001*81fe * 13-12-2023 14:19:43.530
Response  - 24,4,F000,893*58c7 * 13-12-2023 14:19:43.532
J13 Value - 893 * 13-12-2023 14:19:43.546
Command * Level Sensing For J14 - #25,4,64754,8590,0,0*2072
 * 13-12-2023 14:19:43.918
Response  - 25,4,I001*4d3f * 13-12-2023 14:19:44.84
Response  - 25,4,F000,895*99ba * 13-12-2023 14:19:46.560
J14 Value - 895 * 13-12-2023 14:19:46.579
Command * Level Sensing For J15 - #26,4,61124,8590,0,0*1d9c
 * 13-12-2023 14:19:46.983
Response  - 26,4,I001*587f * 13-12-2023 14:19:47.150
Response  - 26,4,F000,890*9e7e * 13-12-2023 14:19:49.440
J15 Value - 890 * 13-12-2023 14:19:49.455
Command * Level Sensing For J16 - #27,4,57494,8590,0,0*0cee
 * 13-12-2023 14:19:49.609
Response  - 27,4,I001*94be * 13-12-2023 14:19:54.780
Response  - 27,4,F000,901*0d15 * 13-12-2023 14:19:54.786
J16 Value - 901 * 13-12-2023 14:19:54.807
Command * Level Sensing For J17 - #28,4,53864,8590,0,0*9bf3
 * 13-12-2023 14:19:55.161
Response  - 28,4,I001*d4fe * 13-12-2023 14:19:55.349
Response  - 28,4,F000,895*4a57 * 13-12-2023 14:19:57.615
J17 Value - 895 * 13-12-2023 14:19:57.630
Command * Level Sensing For W4 - #29,4,50234,8590,0,0*70ae
 * 13-12-2023 14:19:57.800
Response  - 29,4,I001*183f * 13-12-2023 14:20:02.969
Response  - 29,4,F000,904*d93c * 13-12-2023 14:20:02.972
W4 Value - 904 * 13-12-2023 14:20:02.984
Command * Level Sensing For W5 - #30,4,46604,8590,0,0*9eb7
 * 13-12-2023 14:20:03.366
Response  - 30,4,I001*e2f2 * 13-12-2023 14:20:03.529
Response  - 30,4,F000,898*d175 * 13-12-2023 14:20:05.837
W5 Value - 898 * 13-12-2023 14:20:05.852
Command * Level Sensing For W6 - #31,4,42974,8590,0,0*86e6
 * 13-12-2023 14:20:05.937
Response  - 31,4,I001*2e33 * 13-12-2023 14:20:06.103
Response  - 31,4,F000,896*d609 * 13-12-2023 14:20:08.406
W6 Value - 896 * 13-12-2023 14:20:08.421
Command * Level Sensing For J18 - #32,4,39344,8590,0,0*d21d
 * 13-12-2023 14:20:08.504
Response  - 32,4,I001*3b73 * 13-12-2023 14:20:08.670
Response  - 32,4,F000,890*d08d * 13-12-2023 14:20:10.968
J18 Value - 890 * 13-12-2023 14:20:10.980
Command * Level Sensing For J19 - #33,4,35714,8590,0,0*e1bd
 * 13-12-2023 14:20:11.137
Response  - 33,4,I001*f7b2 * 13-12-2023 14:20:16.296
Response  - 33,4,F000,899*15b0 * 13-12-2023 14:20:16.304
J19 Value - 899 * 13-12-2023 14:20:16.314
Command * Level Sensing For J20 - #34,4,32084,8590,0,0*84dc
 * 13-12-2023 14:20:16.690
Response  - 34,4,I001*11f3 * 13-12-2023 14:20:16.857
Response  - 34,4,F000,887*8ac5 * 13-12-2023 14:20:19.151
J20 Value - 887 * 13-12-2023 14:20:19.165
Command * Level Sensing For J21 - #35,4,28454,8590,0,0*d05f
 * 13-12-2023 14:20:19.330
Response  - 35,4,I001*dd32 * 13-12-2023 14:20:24.490
Response  - 35,4,F000,904*482e * 13-12-2023 14:20:24.494
J21 Value - 904 * 13-12-2023 14:20:24.505
Command * Level Sensing For J22 - #36,4,24824,8590,0,0*3cb4
 * 13-12-2023 14:20:24.887
Response  - 36,4,I001*c872 * 13-12-2023 14:20:25.50
Response  - 36,4,F000,888*497c * 13-12-2023 14:20:27.356
J22 Value - 888 * 13-12-2023 14:20:27.369
Command * Level Sensing For J23 - #37,4,21194,8590,0,0*fdd0
 * 13-12-2023 14:20:27.505
Response  - 37,4,I001*04b3 * 13-12-2023 14:20:32.666
Response  - 37,4,F000,905*4f16 * 13-12-2023 14:20:32.670
J23 Value - 905 * 13-12-2023 14:20:32.684
Command * Level Sensing For J24 - #38,4,17564,8590,0,0*f428
 * 13-12-2023 14:20:33.50
Response  - 38,4,I001*44f3 * 13-12-2023 14:20:33.222
Response  - 38,4,F000,897*0ad4 * 13-12-2023 14:20:35.508
J24 Value - 897 * 13-12-2023 14:20:35.518
Command * Level Sensing For J25 - #39,4,13934,8590,0,0*5076
 * 13-12-2023 14:20:35.678
Response  - 39,4,I001*8832 * 13-12-2023 14:20:40.846
Response  - 39,4,F000,896*09e8 * 13-12-2023 14:20:40.848
J25 Value - 896 * 13-12-2023 14:20:40.862
Command * Level Sensing For J26 - #40,4,10304,8590,0,0*2502
 * 13-12-2023 14:20:41.228
Response  - 40,4,I001*d2d4 * 13-12-2023 14:20:41.393
Response  - 40,4,F000,889*c6be * 13-12-2023 14:20:43.694
J26 Value - 889 * 13-12-2023 14:20:43.709
Command * Level Sensing For J27 - #41,4,42974,16380,0,0*702c
 * 13-12-2023 14:20:43.902
Response  - 41,4,I001*1e15 * 13-12-2023 14:20:49.74
Response  - 41,4,F000,895*9042 * 13-12-2023 14:20:49.696
J27 Value - 895 * 13-12-2023 14:20:49.714
Command * Level Sensing For J28 - #42,4,39344,16380,0,0*f339
 * 13-12-2023 14:20:49.955
Response  - 42,4,I001*0b55 * 13-12-2023 14:20:50.120
Response  - 42,4,F000,900*07d1 * 13-12-2023 14:20:52.407
J28 Value - 900 * 13-12-2023 14:20:52.422
Command * Level Sensing For J29 - #43,4,35714,16380,0,0*8b0a
 * 13-12-2023 14:20:52.575
Response  - 43,4,I001*c794 * 13-12-2023 14:20:57.743
Response  - 43,4,F000,889*c2ba * 13-12-2023 14:20:57.748
J29 Value - 889 * 13-12-2023 14:20:57.760
Command * Level Sensing For J30 - #44,4,32084,16380,0,0*63ae
 * 13-12-2023 14:20:58.136
Response  - 44,4,I001*21d5 * 13-12-2023 14:20:58.300
Response  - 44,4,F000,896*9d0e * 13-12-2023 14:21:00.602
J30 Value - 896 * 13-12-2023 14:21:00.616
Command * Level Sensing For J31 - #45,4,28454,16380,0,0*c2bb
 * 13-12-2023 14:21:00.774
Response  - 45,4,I001*ed14 * 13-12-2023 14:21:05.937
Response  - 45,4,F000,896*5ef3 * 13-12-2023 14:21:05.942
J31 Value - 896 * 13-12-2023 14:21:05.956
Command * Level Sensing For J32 - #46,4,24824,16380,0,0*8d17
 * 13-12-2023 14:21:06.317
Response  - 46,4,I001*f854 * 13-12-2023 14:21:06.477
Response  - 46,4,F000,898*9e76 * 13-12-2023 14:21:08.781
J32 Value - 898 * 13-12-2023 14:21:08.794
Command * Level Sensing For J33 - #47,4,21194,16380,0,0*66d7
 * 13-12-2023 14:21:08.948
Response  - 47,4,I001*3495 * 13-12-2023 14:21:14.118
Response  - 47,4,F000,876*f90e * 13-12-2023 14:21:14.122
J33 Value - 876 * 13-12-2023 14:21:14.131
Command * Level Sensing For H1 - #48,4,2688,1000,0,1*db5d
 * 13-12-2023 14:21:14.511
Response  - 48,4,I001*74d5 * 13-12-2023 14:21:14.678
Response  - 48,4,F000,886*1d1f * 13-12-2023 14:21:18.674
H1 Value - 886 * 13-12-2023 14:21:18.686
Command * Level Sensing For H2 - #49,4,2688,8700,0,1*e1ba
 * 13-12-2023 14:21:19.71
Response  - 49,4,I001*b814 * 13-12-2023 14:21:19.232
Response  - 49,4,F000,895*4fa3 * 13-12-2023 14:21:21.702
H2 Value - 895 * 13-12-2023 14:21:21.715
Command * Level Sensing For H3 - #50,4,2688,16380,0,1*15c8
 * 13-12-2023 14:21:22.149
Response  - 50,4,I001*42d9 * 13-12-2023 14:21:22.308
Response  - 50,4,F000,905*42ea * 13-12-2023 14:21:24.781
H3 Value - 905 * 13-12-2023 14:21:24.791
Command * Home Command - #51,5,11111111*aaab
 * 13-12-2023 14:21:25.222
Response  - 51,5,I001,11111111*a43e * 13-12-2023 14:21:25.388
Response  - 51,5,F000*8bdb * 13-12-2023 14:21:38.511
Command * Home Command - #52,5,11111111*aeaf
 * 13-12-2023 14:21:43.812
Response  - 52,5,I001,11111111*54ce * 13-12-2023 14:21:44.13
Response  - 52,5,F000*9e9b * 13-12-2023 14:21:57.102
Command * Home Command - #0,5,11111111*757c
 * 13-12-2023 14:22:45.151
Response  - 0,5,I001,11111111*6271 * 13-12-2023 14:22:45.370
Response  - 0,5,F000*ed3b * 13-12-2023 14:22:58.436
Command * Home Command - #1,5,11111111*b681
 * 13-12-2023 14:23:03.811
Response  - 1,5,I001,11111111*f220 * 13-12-2023 14:23:03.977
Response  - 1,5,F000*21fa * 13-12-2023 14:23:17.88
Command * Level Sensing For L1 - #2,4,17564,16380,0,0*72f0
 * 13-12-2023 14:23:22.451
Response  - 2,4,I001*3179 * 13-12-2023 14:23:22.623
Response  - 2,4,F000,904*59f8 * 13-12-2023 14:23:27.185
L1 Value - 904 * 13-12-2023 14:23:27.201
Command * Level Sensing For L2 - #3,4,13934,16380,0,0*8ad5
 * 13-12-2023 14:23:27.519
Response  - 3,4,I001*fdb8 * 13-12-2023 14:23:27.681
Response  - 3,4,F000,899*cf93 * 13-12-2023 14:23:29.976
L2 Value - 899 * 13-12-2023 14:23:29.984
Command * Level Sensing For L3 - #4,4,10304,16380,0,0*f37f
 * 13-12-2023 14:23:30.77
Response  - 4,4,I001*1bf9 * 13-12-2023 14:23:30.244
Response  - 4,4,F000,889*9467 * 13-12-2023 14:23:32.539
L3 Value - 889 * 13-12-2023 14:23:32.551
Command * Both Z Axis Home Command - #5,5,00100100*195d
 * 13-12-2023 14:23:32.637
Response  - 5,5,I001,00100100*534f * 13-12-2023 14:23:32.805
Response  - 5,5,F000*d2fb * 13-12-2023 14:23:34.650
