Device Intialization started * 28-08-2024 12:05:16.78
Command * Home Command - #0,5,11111111*757c
 * 28-08-2024 12:05:16.180
Response  - 0,5,I001,11111111*6271 * 28-08-2024 12:05:16.350
Response  - 0,5,F000*ed3b * 28-08-2024 12:05:19.381
Command * Home Command - #1,5,11111111*b681
 * 28-08-2024 12:05:21.750
Response  - 1,5,I001,11111111*f220 * 28-08-2024 12:05:21.917
Response  - 1,5,F000*21fa * 28-08-2024 12:05:21.919
Response  - 0,16,F000*7ce9 * 28-08-2024 12:05:21.937
Command * Level Sensing For U1 - #2,4,64754,16380,0,0*35b7
 * 28-08-2024 12:05:24.337
Response  - 2,4,I001*3179 * 28-08-2024 12:05:24.495
Response  - 2,4,F000,2594*e04f * 28-08-2024 12:05:28.650
U1 Value - 2594 * 28-08-2024 12:05:28.672
Command * Level Sensing For U2 - #3,4,61124,16380,0,0*c173
 * 28-08-2024 12:05:28.921
Response  - 3,4,I001*fdb8 * 28-08-2024 12:05:29.86
Response  - 3,4,F000,2609*f47a * 28-08-2024 12:05:31.382
U2 Value - 2609 * 28-08-2024 12:05:31.403
Command * Level Sensing For U3 - #4,4,57494,16380,0,0*6c6a
 * 28-08-2024 12:05:31.479
Response  - 4,4,I001*1bf9 * 28-08-2024 12:05:31.645
Response  - 4,4,F000,2594*2646 * 28-08-2024 12:05:33.947
U3 Value - 2594 * 28-08-2024 12:05:33.968
Command * Level Sensing For U4 - #5,4,53864,16380,0,0*8c57
 * 28-08-2024 12:05:34.45
Response  - 5,4,I001*d738 * 28-08-2024 12:05:34.209
Response  - 5,4,F000,2593*6505 * 28-08-2024 12:05:36.510
U4 Value - 2593 * 28-08-2024 12:05:36.562
Command * Level Sensing For U5 - #6,4,50234,16380,0,0*cd04
 * 28-08-2024 12:05:36.617
Response  - 6,4,I001*c278 * 28-08-2024 12:05:36.789
Response  - 6,4,F000,2591*6781 * 28-08-2024 12:05:39.78
U5 Value - 2591 * 28-08-2024 12:05:39.94
Command * Level Sensing For U6 - #7,4,46604,16380,0,0*b7f4
 * 28-08-2024 12:05:39.219
Response  - 7,4,I001*0eb9 * 28-08-2024 12:05:39.389
Response  - 7,4,F000,2582*77c2 * 28-08-2024 12:05:41.691
U6 Value - 2582 * 28-08-2024 12:05:41.717
Command * Level Sensing For J1 - #8,4,10304,800,0,0*e199
 * 28-08-2024 12:05:41.816
Response  - 8,4,I001*4ef9 * 28-08-2024 12:05:41.984
Response  - 8,4,F000,2589*bf97 * 28-08-2024 12:05:48.25
J1 Value - 2589 * 28-08-2024 12:05:48.44
Command * Level Sensing For J2 - #9,4,13934,800 ,0,0*8abc
 * 28-08-2024 12:05:48.430
Response  - 9,4,I001*8238 * 28-08-2024 12:05:48.598
Response  - 9,4,F000,2594*6b55 * 28-08-2024 12:05:50.894
J2 Value - 2594 * 28-08-2024 12:05:50.918
Command * Level Sensing For J3 - #10,4,17564,800 ,0,0*7447
 * 28-08-2024 12:05:50.991
Response  - 10,4,I001*82eb * 28-08-2024 12:05:51.155
Response  - 10,4,F000,2594*b9d0 * 28-08-2024 12:05:53.455
J3 Value - 2594 * 28-08-2024 12:05:53.476
Command * Level Sensing For J4 - #11,4,21194,800 ,0,0*96dd
 * 28-08-2024 12:05:53.550
Response  - 11,4,I001*4e2a * 28-08-2024 12:05:53.716
Response  - 11,4,F000,2600*ab25 * 28-08-2024 12:05:56.9
J4 Value - 2600 * 28-08-2024 12:05:56.27
Command * Level Sensing For J5 - #12,4,24824,800 ,0,0*ef18
 * 28-08-2024 12:05:56.136
Response  - 12,4,I001*5b6a * 28-08-2024 12:05:56.305
Response  - 12,4,F000,2598*fed7 * 28-08-2024 12:05:58.604
J5 Value - 2598 * 28-08-2024 12:05:58.621
Command * Level Sensing For J6 - #13,4,28454,800 ,0,0*bb52
 * 28-08-2024 12:05:58.698
Response  - 13,4,I001*97ab * 28-08-2024 12:05:58.867
Response  - 13,4,F000,2591*7915 * 28-08-2024 12:06:01.157
J6 Value - 2591 * 28-08-2024 12:06:01.174
Command * Level Sensing For J7 - #14,4,32084,800 ,0,0*6631
 * 28-08-2024 12:06:01.267
Response  - 14,4,I001*71ea * 28-08-2024 12:06:01.429
Response  - 14,4,F000,2592*3f5e * 28-08-2024 12:06:03.732
J7 Value - 2592 * 28-08-2024 12:06:03.749
Command * Level Sensing For J8 - #15,4,35714,800 ,0,0*8ab0
 * 28-08-2024 12:06:03.854
Response  - 15,4,I001*bd2b * 28-08-2024 12:06:04.23
Response  - 15,4,F000,2567*4d99 * 28-08-2024 12:06:06.316
J8 Value - 2567 * 28-08-2024 12:06:06.335
Command * Level Sensing For J9 - #16,4,39344,800 ,0,0*01b1
 * 28-08-2024 12:06:06.411
Response  - 16,4,I001*a86b * 28-08-2024 12:06:06.578
Response  - 16,4,F000,2589*2a19 * 28-08-2024 12:06:08.872
J9 Value - 2589 * 28-08-2024 12:06:08.891
Command * Level Sensing For W1 - #17,4,42974,800 ,0,0*edeb
 * 28-08-2024 12:06:08.981
Response  - 17,4,I001*64aa * 28-08-2024 12:06:09.210
Response  - 17,4,F000,2563*cc9f * 28-08-2024 12:06:11.455
W1 Value - 2563 * 28-08-2024 12:06:11.474
Command * Level Sensing For W2 - #18,4,46604,800 ,0,0*1ed8
 * 28-08-2024 12:06:11.567
Response  - 18,4,I001*24ea * 28-08-2024 12:06:11.735
Response  - 18,4,F000,2579*540a * 28-08-2024 12:06:14.26
W2 Value - 2579 * 28-08-2024 12:06:14.46
Command * Level Sensing For W3 - #19,4,50234,800 ,0,0*6e7e
 * 28-08-2024 12:06:14.140
Response  - 19,4,I001*e82b * 28-08-2024 12:06:14.304
Response  - 19,4,F000,2567*8188 * 28-08-2024 12:06:16.612
W3 Value - 2567 * 28-08-2024 12:06:16.634
Command * Level Sensing For J10 - #20,4,53864,800 ,0,0*a3e5
 * 28-08-2024 12:06:16.709
Response  - 20,4,I001*72ff * 28-08-2024 12:06:16.874
Response  - 20,4,F000,2587*2b92 * 28-08-2024 12:06:19.171
J10 Value - 2587 * 28-08-2024 12:06:19.189
Command * Level Sensing For J11 - #21,4,57494,800 ,0,0*df9a
 * 28-08-2024 12:06:19.285
Response  - 21,4,I001*be3e * 28-08-2024 12:06:19.456
Response  - 21,4,F000,2584*abd0 * 28-08-2024 12:06:21.745
J11 Value - 2584 * 28-08-2024 12:06:21.764
Command * Level Sensing For J12 - #22,4,61124,800 ,0,0*7649
 * 28-08-2024 12:06:21.873
Response  - 22,4,I001*ab7e * 28-08-2024 12:06:22.42
Response  - 22,4,F000,2541*6b10 * 28-08-2024 12:06:24.337
J12 Value - 2541 * 28-08-2024 12:06:24.356
Command * Level Sensing For J13 - #23,4,64754,800 ,0,0*f306
 * 28-08-2024 12:06:24.464
Response  - 23,4,I001*67bf * 28-08-2024 12:06:24.630
Response  - 23,4,F000,2583*2b96 * 28-08-2024 12:06:26.926
J13 Value - 2583 * 28-08-2024 12:06:26.945
Command * Level Sensing For J14 - #24,4,64754,8590,0,0*dc23
 * 28-08-2024 12:06:27.36
Response  - 24,4,I001*81fe * 28-08-2024 12:06:27.206
Response  - 24,4,F000,2579*9b18 * 28-08-2024 12:06:29.673
J14 Value - 2579 * 28-08-2024 12:06:29.690
Command * Level Sensing For J15 - #25,4,61124,8590,0,0*596c
 * 28-08-2024 12:06:30.111
Response  - 25,4,I001*4d3f * 28-08-2024 12:06:30.277
Response  - 25,4,F000,2587*2e9e * 28-08-2024 12:06:32.574
J15 Value - 2587 * 28-08-2024 12:06:32.593
Command * Level Sensing For J16 - #26,4,57494,8590,0,0*f0bf
 * 28-08-2024 12:06:32.699
Response  - 26,4,I001*587f * 28-08-2024 12:06:32.866
Response  - 26,4,F000,2601*2fec * 28-08-2024 12:06:35.160
J16 Value - 2601 * 28-08-2024 12:06:35.176
Command * Level Sensing For J17 - #27,4,53864,8590,0,0*8cc0
 * 28-08-2024 12:06:35.273
Response  - 27,4,I001*94be * 28-08-2024 12:06:35.440
Response  - 27,4,F000,2598*f8d8 * 28-08-2024 12:06:37.741
J17 Value - 2598 * 28-08-2024 12:06:37.760
Command * Level Sensing For W4 - #28,4,50234,8590,0,0*8cff
 * 28-08-2024 12:06:37.836
Response  - 28,4,I001*d4fe * 28-08-2024 12:06:38.7
Response  - 28,4,F000,2578*97c8 * 28-08-2024 12:06:40.307
W4 Value - 2578 * 28-08-2024 12:06:40.322
Command * Level Sensing For W5 - #29,4,46604,8590,0,0*fc59
 * 28-08-2024 12:06:40.405
Response  - 29,4,I001*183f * 28-08-2024 12:06:40.572
Response  - 29,4,F000,2579*d60b * 28-08-2024 12:06:42.862
W5 Value - 2579 * 28-08-2024 12:06:42.882
Command * Level Sensing For W6 - #30,4,42974,8590,0,0*7ab7
 * 28-08-2024 12:06:42.988
Response  - 30,4,I001*e2f2 * 28-08-2024 12:06:43.157
Response  - 30,4,F000,2571*1817 * 28-08-2024 12:06:45.453
W6 Value - 2571 * 28-08-2024 12:06:45.467
Command * Level Sensing For J18 - #31,4,39344,8590,0,0*96ed
 * 28-08-2024 12:06:45.579
Response  - 31,4,I001*2e33 * 28-08-2024 12:06:45.747
Response  - 31,4,F000,2596*3b50 * 28-08-2024 12:06:48.49
J18 Value - 2596 * 28-08-2024 12:06:48.70
Command * Level Sensing For J19 - #32,4,35714,8590,0,0*1dec
 * 28-08-2024 12:06:48.151
Response  - 32,4,I001*3b73 * 28-08-2024 12:06:48.314
Response  - 32,4,F000,2601*6ae2 * 28-08-2024 12:06:50.616
Command * Level Sensing For J20 - #33,4,32084,8590,0,0*f16d
 * 28-08-2024 12:06:50.724
J20 Value - 2601 * 28-08-2024 12:06:50.727
Response  - 33,4,I001*f7b2 * 28-08-2024 12:06:55.882
Response  - 33,4,F000,2603*2a61 * 28-08-2024 12:06:55.885
J20 Value - 2603 * 28-08-2024 12:06:55.901
Command * Level Sensing For J21 - #34,4,28454,8590,0,0*2c0e
 * 28-08-2024 12:06:56.278
Response  - 34,4,I001*11f3 * 28-08-2024 12:06:56.441
Response  - 34,4,F000,2611*3cea * 28-08-2024 12:06:58.750
J21 Value - 2611 * 28-08-2024 12:06:58.767
Command * Level Sensing For J22 - #35,4,24824,8590,0,0*7844
 * 28-08-2024 12:06:58.857
Response  - 35,4,I001*dd32 * 28-08-2024 12:06:59.29
Response  - 35,4,F000,2607*2f69 * 28-08-2024 12:07:01.316
J22 Value - 2607 * 28-08-2024 12:07:01.333
Command * Level Sensing For J23 - #36,4,21194,8590,0,0*0181
 * 28-08-2024 12:07:01.444
Response  - 36,4,I001*c872 * 28-08-2024 12:07:01.614
Response  - 36,4,F000,2600*2e2d * 28-08-2024 12:07:03.910
J23 Value - 2600 * 28-08-2024 12:07:03.929
Command * Level Sensing For J24 - #37,4,17564,8590,0,0*e31b
 * 28-08-2024 12:07:04.25
Response  - 37,4,I001*04b3 * 28-08-2024 12:07:04.189
Response  - 37,4,F000,2589*6918 * 28-08-2024 12:07:06.485
J24 Value - 2589 * 28-08-2024 12:07:06.500
Command * Level Sensing For J25 - #38,4,13934,8590,0,0*ac27
 * 28-08-2024 12:07:06.581
Response  - 38,4,I001*44f3 * 28-08-2024 12:07:06.749
Response  - 38,4,F000,2598*36cc * 28-08-2024 12:07:09.41
J25 Value - 2598 * 28-08-2024 12:07:09.61
Command * Level Sensing For J26 - #39,4,10304,8590,0,0*cf64
 * 28-08-2024 12:07:09.170
Response  - 39,4,I001*8832 * 28-08-2024 12:07:09.336
Response  - 39,4,F000,2583*e08e * 28-08-2024 12:07:11.627
J26 Value - 2583 * 28-08-2024 12:07:11.647
Command * Level Sensing For J27 - #40,4,42974,16380,0,0*8c11
 * 28-08-2024 12:07:11.785
Response  - 40,4,I001*d2d4 * 28-08-2024 12:07:11.954
Response  - 40,4,F000,2582*2e54 * 28-08-2024 12:07:17.587
J27 Value - 2582 * 28-08-2024 12:07:17.602
Command * Level Sensing For J28 - #41,4,39344,16380,0,0*b77d
 * 28-08-2024 12:07:17.885
Response  - 41,4,I001*1e15 * 28-08-2024 12:07:18.53
Response  - 41,4,F000,2636*5ca0 * 28-08-2024 12:07:20.351
J28 Value - 2636 * 28-08-2024 12:07:20.374
Command * Level Sensing For J29 - #42,4,35714,16380,0,0*7737
 * 28-08-2024 12:07:20.449
Response  - 42,4,I001*0b55 * 28-08-2024 12:07:20.616
Response  - 42,4,F000,2632*5ca4 * 28-08-2024 12:07:22.913
J29 Value - 2632 * 28-08-2024 12:07:22.933
Command * Level Sensing For J30 - #43,4,32084,16380,0,0*171b
 * 28-08-2024 12:07:23.38
Response  - 43,4,I001*c794 * 28-08-2024 12:07:23.204
Response  - 43,4,F000,2634*df26 * 28-08-2024 12:07:25.501
J30 Value - 2634 * 28-08-2024 12:07:25.521
Command * Level Sensing For J31 - #44,4,28454,16380,0,0*3e86
 * 28-08-2024 12:07:25.612
Response  - 44,4,I001*21d5 * 28-08-2024 12:07:25.778
Response  - 44,4,F000,2631*9bed * 28-08-2024 12:07:28.78
J31 Value - 2631 * 28-08-2024 12:07:28.93
Command * Level Sensing For J32 - #45,4,24824,16380,0,0*c953
 * 28-08-2024 12:07:28.187
Response  - 45,4,I001*ed14 * 28-08-2024 12:07:28.357
Response  - 45,4,F000,2657*b86c * 28-08-2024 12:07:30.655
J32 Value - 2657 * 28-08-2024 12:07:30.675
Command * Level Sensing For J33 - #46,4,21194,16380,0,0*9aea
 * 28-08-2024 12:07:30.782
Response  - 46,4,I001*f854 * 28-08-2024 12:07:31.66
Response  - 46,4,F000,2661*89e9 * 28-08-2024 12:07:33.253
J33 Value - 2661 * 28-08-2024 12:07:33.272
Command * Level Sensing For H1 - #47,4,2688,1000,0,1*2868
 * 28-08-2024 12:07:33.366
Response  - 47,4,I001*3495 * 28-08-2024 12:07:33.533
Response  - 47,4,F000,3621*34e8 * 28-08-2024 12:07:37.528
H1 Value - 3621 * 28-08-2024 12:07:37.545
Command * Level Sensing For H2 - #48,4,2688,8700,0,1*71eb
 * 28-08-2024 12:07:37.969
Response  - 48,4,I001*74d5 * 28-08-2024 12:07:38.136
Response  - 48,4,F000,3602*5abd * 28-08-2024 12:07:40.595
H2 Value - 3602 * 28-08-2024 12:07:40.608
Command * Level Sensing For H3 - #49,4,2688,16380,0,1*7726
 * 28-08-2024 12:07:41.66
Response  - 49,4,I001*b814 * 28-08-2024 12:07:41.233
Response  - 49,4,F000,3590*4ac8 * 28-08-2024 12:07:43.699
H3 Value - 3590 * 28-08-2024 12:07:43.720
Command * Home Command - #50,5,11111111*6956
 * 28-08-2024 12:07:44.149
Response  - 50,5,I001,11111111*346f * 28-08-2024 12:07:44.317
Response  - 50,5,F000*471a * 28-08-2024 12:07:56.971
Command * Home Command - #51,5,11111111*aaab
 * 28-08-2024 12:08:02.253
Response  - 51,5,I001,11111111*a43e * 28-08-2024 12:08:02.423
Response  - 51,5,F000*8bdb * 28-08-2024 12:08:02.424
Response  - 0,16,F000*7ce9 * 28-08-2024 12:08:02.441
Command * Home Command - #0,5,11111111*757c
 * 28-08-2024 12:08:28.202
Response  - 0,5,I001,11111111*6271 * 28-08-2024 12:08:28.384
Response  - 0,5,F000*ed3b * 28-08-2024 12:08:28.387
Response  - 0,16,F000*7ce9 * 28-08-2024 12:08:28.408
Command * Home Command - #1,5,11111111*b681
 * 28-08-2024 12:08:31.834
Response  - 1,5,I001,11111111*f220 * 28-08-2024 12:08:32.1
Response  - 1,5,F000*21fa * 28-08-2024 12:08:32.3
Response  - 0,16,F000*7ce9 * 28-08-2024 12:08:32.23
Command * Level Sensing For H1 - #2,4,2688,1000,0,1*d334
 * 28-08-2024 12:08:35.391
Response  - 2,4,I001*3179 * 28-08-2024 12:08:35.560
Response  - 2,4,F000,3551*1f8b * 28-08-2024 12:08:45.698
H1 Value - 3551 * 28-08-2024 12:08:45.718
Command * Level Sensing For H2 - #3,4,2688,8700,0,1*e9d3
 * 28-08-2024 12:08:45.982
Response  - 3,4,I001*fdb8 * 28-08-2024 12:08:46.150
Response  - 3,4,F000,3549*c889 * 28-08-2024 12:08:48.617
H2 Value - 3549 * 28-08-2024 12:08:48.635
Command * Level Sensing For H3 - #4,4,2688,16380,0,1*2c5f
 * 28-08-2024 12:08:49.99
Response  - 4,4,I001*1bf9 * 28-08-2024 12:08:49.267
Response  - 4,4,F000,3536*bbc0 * 28-08-2024 12:08:51.733
H3 Value - 3536 * 28-08-2024 12:08:51.754
Command * Level Sensing For L1 - #5,4,17564,16380,0,0*0645
 * 28-08-2024 12:08:52.174
Response  - 5,4,I001*d738 * 28-08-2024 12:08:52.341
Response  - 5,4,F000,274*607e * 28-08-2024 12:08:55.931
L1 Value - 274 * 28-08-2024 12:08:55.952
Command * Level Sensing For L2 - #6,4,13934,16380,0,0*4619
 * 28-08-2024 12:08:56.247
Response  - 6,4,I001*c278 * 28-08-2024 12:08:56.413
Response  - 6,4,F000,263*363a * 28-08-2024 12:08:58.710
L2 Value - 263 * 28-08-2024 12:08:58.730
Command * Level Sensing For L3 - #7,4,10304,16380,0,0*b73b
 * 28-08-2024 12:08:58.854
Response  - 7,4,I001*0eb9 * 28-08-2024 12:08:59.19
Response  - 7,4,F000,314*c7d5 * 28-08-2024 12:09:01.314
L3 Value - 314 * 28-08-2024 12:09:01.336
Command * Home Command - #8,5,11111111*aa9d
 * 28-08-2024 12:09:01.408
Response  - 8,5,I001,11111111*a0f6 * 28-08-2024 12:09:01.576
Response  - 8,5,F000*4b3a * 28-08-2024 12:09:12.705
Command * HOME STATUS - #9,6*1b3d
 * 28-08-2024 12:09:13.35
Response  - 9,6,F000,11111111*fba1 * 28-08-2024 12:09:13.200
Command * Home Command - #10,5,11111111*ed58
 * 28-08-2024 12:09:14.604
Response  - 10,5,I001,11111111*052e * 28-08-2024 12:09:14.802
Response  - 10,5,F000*8728 * 28-08-2024 12:09:14.804
Response  - 0,16,F000*7ce9 * 28-08-2024 12:09:14.827
Command * L1 - Picked - #11,2,1,17564,16380,0,0*5fcd
 * 28-08-2024 12:09:16.102
Response  - 11,2,I001,1*6ac2 * 28-08-2024 12:09:16.260
Response  - 11,2,F000,1*5593 * 28-08-2024 12:09:27.77
Command * H1 - Placed - #12,3,1,2688,1000,0,1*2b72
 * 28-08-2024 12:09:27.283
Response  - 12,3,I001,1*a9f3 * 28-08-2024 12:09:27.450
Response  - 12,3,F000,1*96a2 * 28-08-2024 12:09:34.404
Command * L2 - Picked - #13,2,1,13934,16380,0,0*b9f6
 * 28-08-2024 12:09:34.878
Response  - 13,2,I001,1*a063 * 28-08-2024 12:09:35.39
Response  - 13,2,F000,1*9f32 * 28-08-2024 12:09:41.591
Command * H2 - Placed - #14,3,1,2688,8700,0,1*094c
 * 28-08-2024 12:09:41.994
Response  - 14,3,I001,1*b613 * 28-08-2024 12:09:42.154
Response  - 14,3,F000,1*8942 * 28-08-2024 12:09:48.708
Command * L3 - Picked - #15,2,1,10304,16380,0,0*d28f
 * 28-08-2024 12:09:49.136
Response  - 15,2,I001,1*bf83 * 28-08-2024 12:09:49.299
Response  - 15,2,F000,1*80d2 * 28-08-2024 12:09:55.434
Command * H3 - Placed - #16,3,1,2688,16380,0,1*d337
 * 28-08-2024 12:09:55.770
Response  - 16,3,I001,1*7cb2 * 28-08-2024 12:09:55.927
Response  - 16,3,F000,1*43e3 * 28-08-2024 12:10:02.67
Racks Loaded to Heater * 28-08-2024 12:10:02.383
Command * HEATER DOOR CLOSE - #17,8,1,0*f227
 * 28-08-2024 12:10:09.542
Response  - 17,8,I001*a8aa * 28-08-2024 12:10:09.702
Response  - 17,8,F000*7c68 * 28-08-2024 12:10:10.42
Command * HEATER ON - #18,12,1*9adc
 * 28-08-2024 12:10:10.93
Response  - 18,12,F000*f5a4 * 28-08-2024 12:10:10.258
Command * SET TEMPERATURE - #19,10,37*57ca
 * 28-08-2024 12:10:10.469
Response  - 19,10,F000*87a8 * 28-08-2024 12:10:10.626
Command * READ TEMPERATURE - #20,11*4907
 * 28-08-2024 12:10:11.27
Response  - 20,11,F000,29*e4e2 * 28-08-2024 12:10:11.185
Command * READ TEMPERATURE - #21,11*b506
 * 28-08-2024 12:10:16.77
Response  - 21,11,F000,29*271f * 28-08-2024 12:10:16.241
Command * READ TEMPERATURE - #22,11*f106
 * 28-08-2024 12:10:21.140
Response  - 22,11,F000,29*231b * 28-08-2024 12:10:21.307
Command * READ TEMPERATURE - #23,11*0d07
 * 28-08-2024 12:10:26.200
Response  - 23,11,F000,30*7627 * 28-08-2024 12:10:26.369
Command * READ TEMPERATURE - #24,11*7906
 * 28-08-2024 12:10:31.262
Response  - 24,11,F000,30*bdd2 * 28-08-2024 12:10:31.429
Command * READ TEMPERATURE - #25,11*8507
 * 28-08-2024 12:10:36.332
Response  - 25,11,F000,30*7e2f * 28-08-2024 12:10:36.497
Command * READ TEMPERATURE - #26,11*c107
 * 28-08-2024 12:10:41.391
Response  - 26,11,F000,31*baea * 28-08-2024 12:10:41.550
Command * READ TEMPERATURE - #27,11*3d06
 * 28-08-2024 12:10:46.455
Response  - 27,11,F000,30*b9d6 * 28-08-2024 12:10:46.622
Command * READ TEMPERATURE - #28,11*2905
 * 28-08-2024 12:10:51.527
Response  - 28,11,F000,31*6d03 * 28-08-2024 12:10:51.696
Command * READ TEMPERATURE - #29,11*d504
 * 28-08-2024 12:10:56.587
Response  - 29,11,F000,31*aefe * 28-08-2024 12:10:56.801
Command * READ TEMPERATURE - #30,11*893a
 * 28-08-2024 12:11:01.711
Response  - 30,11,F000,32*32a0 * 28-08-2024 12:11:01.876
Command * READ TEMPERATURE - #31,11*753b
 * 28-08-2024 12:11:06.776
Response  - 31,11,F000,31*f01d * 28-08-2024 12:11:06.945
Command * READ TEMPERATURE - #32,11*313b
 * 28-08-2024 12:11:11.832
Response  - 32,11,F000,31*f419 * 28-08-2024 12:11:11.997
Command * READ TEMPERATURE - #33,11*cd3a
 * 28-08-2024 12:11:16.898
Response  - 33,11,F000,32*36a4 * 28-08-2024 12:11:17.64
Command * READ TEMPERATURE - #34,11*b93b
 * 28-08-2024 12:11:21.973
Response  - 34,11,F000,32*fd51 * 28-08-2024 12:11:22.142
Command * READ TEMPERATURE - #35,11*453a
 * 28-08-2024 12:11:27.27
Response  - 35,11,F000,33*fe6d * 28-08-2024 12:11:27.191
Command * READ TEMPERATURE - #36,11*013a
 * 28-08-2024 12:11:32.78
Response  - 36,11,F000,32*3aa8 * 28-08-2024 12:11:32.247
Command * READ TEMPERATURE - #37,11*fd3b
 * 28-08-2024 12:11:37.157
Response  - 37,11,F000,33*3994 * 28-08-2024 12:11:37.328
Command * READ TEMPERATURE - #38,11*e938
 * 28-08-2024 12:11:42.226
Response  - 38,11,F000,33*2d80 * 28-08-2024 12:11:42.389
Command * READ TEMPERATURE - #39,11*1539
 * 28-08-2024 12:11:47.282
Response  - 39,11,F000,34*2c3c * 28-08-2024 12:11:47.449
Command * READ TEMPERATURE - #40,11*498f
 * 28-08-2024 12:11:52.346
Response  - 40,11,F000,33*b56a * 28-08-2024 12:11:52.502
Command * READ TEMPERATURE - #41,11*b58e
 * 28-08-2024 12:11:57.410
Response  - 41,11,F000,34*b4d6 * 28-08-2024 12:11:57.577
Command * READ TEMPERATURE - #42,11*f18e
 * 28-08-2024 12:12:02.469
Response  - 42,11,F000,34*b0d2 * 28-08-2024 12:12:02.637
Command * READ TEMPERATURE - #43,11*0d8f
 * 28-08-2024 12:12:07.531
Response  - 43,11,F000,34*732f * 28-08-2024 12:12:07.700
Command * READ TEMPERATURE - #44,11*798e
 * 28-08-2024 12:12:12.587
Response  - 44,11,F000,34*b8da * 28-08-2024 12:12:12.756
Command * READ TEMPERATURE - #45,11*858f
 * 28-08-2024 12:12:17.637
Response  - 45,11,F000,35*bbe6 * 28-08-2024 12:12:17.801
Command * READ TEMPERATURE - #46,11*c18f
 * 28-08-2024 12:12:27.714
Response  - 46,11,F000,35*bfe2 * 28-08-2024 12:12:27.876
Command * READ TEMPERATURE - #47,11*3d8e
 * 28-08-2024 12:12:32.698
Response  - 47,11,F000,35*7c1f * 28-08-2024 12:12:32.863
Command * READ TEMPERATURE - #48,11*298d
 * 28-08-2024 12:12:37.702
Response  - 48,11,F000,35*680b * 28-08-2024 12:12:37.859
Command * READ TEMPERATURE - #49,11*d58c
 * 28-08-2024 12:12:42.699
Response  - 49,11,F000,35*abf6 * 28-08-2024 12:12:42.862
Command * READ TEMPERATURE - #50,11*89b2
 * 28-08-2024 12:12:47.714
Response  - 50,11,F000,35*36e8 * 28-08-2024 12:12:47.877
Command * READ TEMPERATURE - #51,11*75b3
 * 28-08-2024 12:12:52.699
Response  - 51,11,F000,36*f455 * 28-08-2024 12:12:52.866
Command * READ TEMPERATURE - #52,11*31b3
 * 28-08-2024 12:12:57.700
Response  - 52,11,F000,36*f051 * 28-08-2024 12:12:57.867
Command * READ TEMPERATURE - #53,11*cdb2
 * 28-08-2024 12:13:02.702
Response  - 53,11,F000,36*33ac * 28-08-2024 12:13:02.867
Command * READ TEMPERATURE - #54,11*b9b3
 * 28-08-2024 12:13:07.700
Response  - 54,11,F000,36*f859 * 28-08-2024 12:13:07.874
Command * READ TEMPERATURE - #55,11*45b2
 * 28-08-2024 12:13:12.698
Response  - 55,11,F000,36*3ba4 * 28-08-2024 12:13:12.866
Command * READ TEMPERATURE - #56,11*01b2
 * 28-08-2024 12:13:17.698
Response  - 56,11,F000,36*3fa0 * 28-08-2024 12:13:17.863
Command * READ TEMPERATURE - #57,11*fdb3
 * 28-08-2024 12:13:22.707
Response  - 57,11,F000,36*fc5d * 28-08-2024 12:13:22.873
Command * READ TEMPERATURE - #58,11*e9b0
 * 28-08-2024 12:13:27.718
Response  - 58,11,F000,37*2888 * 28-08-2024 12:13:27.884
Command * READ TEMPERATURE - #59,11*15b1
 * 28-08-2024 12:13:32.740
Response  - 59,11,F000,36*2bb4 * 28-08-2024 12:13:32.902
Command * READ TEMPERATURE - #60,11*89f6
 * 28-08-2024 12:13:37.741
Response  - 60,11,F000,37*346c * 28-08-2024 12:13:37.909
Command * READ TEMPERATURE - #61,11*75f7
 * 28-08-2024 12:13:42.730
Response  - 61,11,F000,36*3750 * 28-08-2024 12:13:42.895
Command * READ TEMPERATURE - #62,11*31f7
 * 28-08-2024 12:13:47.736
Response  - 62,11,F000,36*3354 * 28-08-2024 12:13:47.903
Command * READ TEMPERATURE - #63,11*cdf6
 * 28-08-2024 12:13:52.736
Response  - 63,11,F000,36*f0a9 * 28-08-2024 12:13:52.903
Command * READ TEMPERATURE - #64,11*b9f7
 * 28-08-2024 12:13:57.740
Response  - 64,11,F000,37*fb9d * 28-08-2024 12:13:57.908
Command * READ TEMPERATURE - #65,11*45f6
 * 28-08-2024 12:14:02.740
Response  - 65,11,F000,36*f8a1 * 28-08-2024 12:14:02.907
Command * READ TEMPERATURE - #66,11*01f6
 * 28-08-2024 12:14:07.731
Response  - 66,11,F000,37*3c64 * 28-08-2024 12:14:07.898
Command * READ TEMPERATURE - #67,11*fdf7
 * 28-08-2024 12:14:12.742
Response  - 67,11,F000,36*3f58 * 28-08-2024 12:14:12.910
Command * READ TEMPERATURE - #68,11*e9f4
 * 28-08-2024 12:14:17.732
Response  - 68,11,F000,36*2b4c * 28-08-2024 12:14:17.890
Command * READ TEMPERATURE - #69,11*15f5
 * 28-08-2024 12:14:22.737
Response  - 69,11,F000,36*e8b1 * 28-08-2024 12:14:22.905
Command * READ TEMPERATURE - #70,11*49cb
 * 28-08-2024 12:14:27.741
Response  - 70,11,F000,36*75af * 28-08-2024 12:14:27.905
Command * READ TEMPERATURE - #71,11*b5ca
 * 28-08-2024 12:14:32.733
Response  - 71,11,F000,36*b652 * 28-08-2024 12:14:32.901
Command * READ TEMPERATURE - #72,11*f1ca
 * 28-08-2024 12:14:37.754
Response  - 72,11,F000,37*7297 * 28-08-2024 12:14:37.920
Command * READ TEMPERATURE - #73,11*0dcb
 * 28-08-2024 12:14:42.754
Response  - 73,11,F000,36*71ab * 28-08-2024 12:14:42.920
Command * READ TEMPERATURE - #74,11*79ca
 * 28-08-2024 12:14:47.769
Response  - 74,11,F000,36*ba5e * 28-08-2024 12:14:47.936
Command * READ TEMPERATURE - #75,11*85cb
 * 28-08-2024 12:14:52.775
Response  - 75,11,F000,36*79a3 * 28-08-2024 12:14:52.944
Command * READ TEMPERATURE - #76,11*c1cb
 * 28-08-2024 12:14:57.779
Response  - 76,11,F000,36*7da7 * 28-08-2024 12:14:57.944
Command * READ TEMPERATURE - #77,11*3dca
 * 28-08-2024 12:15:02.778
Response  - 77,11,F000,36*be5a * 28-08-2024 12:15:02.941
Command * READ TEMPERATURE - #78,11*29c9
 * 28-08-2024 12:15:07.793
Response  - 78,11,F000,35*ab0e * 28-08-2024 12:15:07.951
Command * READ TEMPERATURE - #79,11*d5c8
 * 28-08-2024 12:15:12.800
Response  - 79,11,F000,35*68f3 * 28-08-2024 12:15:12.965
Command * READ TEMPERATURE - #80,11*489f
 * 28-08-2024 12:15:17.813
Response  - 80,11,F000,35*7bfb * 28-08-2024 12:15:17.977
Command * READ TEMPERATURE - #81,11*b49e
 * 28-08-2024 12:15:22.808
Response  - 81,11,F000,36*b946 * 28-08-2024 12:15:22.967
Command * READ TEMPERATURE - #82,11*f09e
 * 28-08-2024 12:15:27.809
Response  - 82,11,F000,36*bd42 * 28-08-2024 12:15:27.966
Command * READ TEMPERATURE - #83,11*0c9f
 * 28-08-2024 12:15:32.829
Response  - 83,11,F000,36*7ebf * 28-08-2024 12:15:32.994
Command * READ TEMPERATURE - #84,11*789e
 * 28-08-2024 12:15:37.831
Response  - 84,11,F000,35*b40a * 28-08-2024 12:15:37.997
Command * READ TEMPERATURE - #85,11*849f
 * 28-08-2024 12:15:42.828
Response  - 85,11,F000,35*77f7 * 28-08-2024 12:15:42.999
Command * READ TEMPERATURE - #86,11*c09f
 * 28-08-2024 12:15:47.839
Response  - 86,11,F000,35*73f3 * 28-08-2024 12:15:48.7
Command * READ TEMPERATURE - #87,11*3c9e
 * 28-08-2024 12:15:52.843
Response  - 87,11,F000,35*b00e * 28-08-2024 12:15:53.7
Command * READ TEMPERATURE - #88,11*289d
 * 28-08-2024 12:15:57.842
Response  - 88,11,F000,35*a41a * 28-08-2024 12:15:58.7
Command * READ TEMPERATURE - #89,11*d49c
 * 28-08-2024 12:16:02.845
Response  - 89,11,F000,36*66a7 * 28-08-2024 12:16:03.4
Command * READ TEMPERATURE - #90,11*88a2
 * 28-08-2024 12:16:07.846
Response  - 90,11,F000,35*faf9 * 28-08-2024 12:16:08.11
Command * READ TEMPERATURE - #91,11*74a3
 * 28-08-2024 12:16:12.853
Response  - 91,11,F000,36*3844 * 28-08-2024 12:16:13.20
Command * READ TEMPERATURE - #92,11*30a3
 * 28-08-2024 12:16:17.848
Response  - 92,11,F000,36*3c40 * 28-08-2024 12:16:18.12
Command * READ TEMPERATURE - #93,11*cca2
 * 28-08-2024 12:16:22.852
Response  - 93,11,F000,36*ffbd * 28-08-2024 12:16:23.18
Command * READ TEMPERATURE - #94,11*b8a3
 * 28-08-2024 12:16:27.849
Response  - 94,11,F000,36*3448 * 28-08-2024 12:16:28.17
Command * READ TEMPERATURE - #95,11*44a2
 * 28-08-2024 12:16:32.860
Response  - 95,11,F000,36*f7b5 * 28-08-2024 12:16:33.28
Command * READ TEMPERATURE - #96,11*00a2
 * 28-08-2024 12:16:37.865
Response  - 96,11,F000,36*f3b1 * 28-08-2024 12:16:38.30
Command * READ TEMPERATURE - #97,11*fca3
 * 28-08-2024 12:16:42.866
Response  - 97,11,F000,36*304c * 28-08-2024 12:16:43.33
Command * READ TEMPERATURE - #98,11*e8a0
 * 28-08-2024 12:16:47.873
Response  - 98,11,F000,35*2518 * 28-08-2024 12:16:48.36
Command * READ TEMPERATURE - #99,11*14a1
 * 28-08-2024 12:16:52.869
Response  - 99,11,F000,36*e7a5 * 28-08-2024 12:16:53.34
Command * READ TEMPERATURE - #100,11*b35e
 * 28-08-2024 12:16:57.878
Response  - 100,11,F000,36*293c * 28-08-2024 12:16:58.48
Command * READ TEMPERATURE - #101,11*4f5f
 * 28-08-2024 12:17:02.876
Response  - 101,11,F000,36*eac1 * 28-08-2024 12:17:03.35
Command * READ TEMPERATURE - #102,11*0b5f
 * 28-08-2024 12:17:07.874
Response  - 102,11,F000,36*eec5 * 28-08-2024 12:17:08.35
Command * READ TEMPERATURE - #103,11*f75e
 * 28-08-2024 12:17:12.896
Response  - 103,11,F000,36*2d38 * 28-08-2024 12:17:13.63
Command * READ TEMPERATURE - #104,11*835f
 * 28-08-2024 12:17:17.905
Response  - 104,11,F000,36*e6cd * 28-08-2024 12:17:18.74
Command * HEATER OFF - #105,12,0*5495
 * 28-08-2024 12:17:22.926
Response  - 105,12,F000*bf20 * 28-08-2024 12:17:23.90
Command * HEATER DOOR OPEN - #106,8,1,1*5424
 * 28-08-2024 12:17:23.789
Response  - 106,8,I001*394d * 28-08-2024 12:17:23.956
Response  - 106,8,F000*ed8f * 28-08-2024 12:17:24.294
Rack - 1Protocol Started * 28-08-2024 12:17:24.854
Command * Rack-1 Picked from H1 - #107,2,1,2688,1000,0,1*84c8
 * 28-08-2024 12:17:24.890
Response  - 107,2,I001,1*ecf9 * 28-08-2024 12:17:25.56
Response  - 107,2,F000,1*d3a8 * 28-08-2024 12:17:31.518
Command * HEATER DOOR CLOSE - #108,8,1,0*540a
 * 28-08-2024 12:17:36.946
Response  - 108,8,I001*b5cc * 28-08-2024 12:17:37.111
Response  - 108,8,F000*610e * 28-08-2024 12:17:37.451
Command * Rack-1 Placed in J1 - #109,3,1,10304,800,0,0*6d78
 * 28-08-2024 12:17:37.510
Response  - 109,3,I001,1*d559 * 28-08-2024 12:17:37.738
Response  - 109,3,F000,1*ea08 * 28-08-2024 12:17:43.805
Command * Rack-1 Picked from J1 - #110,2,1,10304,800,0,0*b1cb
 * 28-08-2024 12:23:12.719
Response  - 110,2,I001,1*ca4c * 28-08-2024 12:23:13.71
Response  - 110,2,F000,1*f51d * 28-08-2024 12:23:18.31
Command * Rack-1 Placed in J2 - #111,3,1,13934,800 ,0,0*a650
 * 28-08-2024 12:23:18.627
Response  - 111,3,I001,1*c3dc * 28-08-2024 12:23:18.789
Response  - 111,3,F000,1*fc8d * 28-08-2024 12:23:24.467
Command * HEATER DOOR OPEN - #112,8,1,1*58a0
 * 28-08-2024 12:26:59.72
Response  - 112,8,I001*5a41 * 28-08-2024 12:26:59.370
Response  - 112,8,F000*8e83 * 28-08-2024 12:26:59.581
Rack - 2Protocol Started * 28-08-2024 12:27:00.309
Command * Rack-2 Picked from H2 - #113,2,1,2688,8700,0,1*cfb2
 * 28-08-2024 12:27:00.346
Response  - 113,2,I001,1*c5bc * 28-08-2024 12:27:00.512
Response  - 113,2,F000,1*faed * 28-08-2024 12:27:07.53
Command * HEATER DOOR CLOSE - #114,8,1,0*9807
 * 28-08-2024 12:27:07.474
Response  - 114,8,I001*70c1 * 28-08-2024 12:27:07.640
Response  - 114,8,F000*a403 * 28-08-2024 12:27:07.979
Command * Rack-2 Placed in J1 - #115,3,1,10304,800,0,0*ed56
 * 28-08-2024 12:27:08.43
Response  - 115,3,I001,1*169d * 28-08-2024 12:27:08.212
Response  - 115,3,F000,1*29cc * 28-08-2024 12:27:14.321
Command * Rack-1 Picked from J2 - #116,2,1,13934,800 ,0,0*edb4
 * 28-08-2024 12:28:25.739
Response  - 116,2,I001,1*d5ac * 28-08-2024 12:28:25.939
Response  - 116,2,F000,1*eafd * 28-08-2024 12:28:31.577
Command * Rack-1 Placed in J3 - #117,3,1,17564,800 ,0,0*98d7
 * 28-08-2024 12:28:31.912
Response  - 117,3,I001,1*dc3c * 28-08-2024 12:28:32.91
Response  - 117,3,F000,1*e36d * 28-08-2024 12:28:37.754
Command * Rack-2 Picked from J1 - #118,2,1,10304,800,0,0*d029
 * 28-08-2024 12:32:14.752
Response  - 118,2,I001,1*20cd * 28-08-2024 12:32:15.35
Response  - 118,2,F000,1*1f9c * 28-08-2024 12:32:21.4
Command * Rack-2 Placed in J2 - #119,3,1,13934,800 ,0,0*efb1
 * 28-08-2024 12:32:21.48
Response  - 119,3,I001,1*295d * 28-08-2024 12:32:21.206
Response  - 119,3,F000,1*160c * 28-08-2024 12:32:26.881
Command * Rack-1 Picked from J3 - #120,2,1,17564,800 ,0,0*e000
 * 28-08-2024 12:33:38.86
Response  - 120,2,I001,1*8e43 * 28-08-2024 12:33:38.256
Response  - 120,2,F000,1*b112 * 28-08-2024 12:33:43.917
Command * Rack-1 Placed in J4 - #121,3,1,21194,800 ,0,0*d3a7
 * 28-08-2024 12:33:44.199
Response  - 121,3,I001,1*87d3 * 28-08-2024 12:33:44.370
Response  - 121,3,F000,1*b882 * 28-08-2024 12:33:50.32
Command * Rack-1 Picked from J4 - #122,2,1,21194,800 ,0,0*1cb2
 * 28-08-2024 12:36:51.4
Response  - 122,2,I001,1*44e2 * 28-08-2024 12:36:51.175
Response  - 122,2,F000,1*7bb3 * 28-08-2024 12:36:56.316
Command * Rack-1 Placed in J5 - #123,3,1,24824,800 ,0,0*0ceb
 * 28-08-2024 12:36:56.646
Response  - 123,3,I001,1*4d72 * 28-08-2024 12:36:56.811
Response  - 123,3,F000,1*7223 * 28-08-2024 12:37:02.475
Command * Rack-2 Picked from J2 - #124,2,1,13934,800 ,0,0*3cfe
 * 28-08-2024 12:37:27.274
Response  - 124,2,I001,1*5b02 * 28-08-2024 12:37:27.518
Response  - 124,2,F000,1*6453 * 28-08-2024 12:37:33.940
Command * Rack-2 Placed in J3 - #125,3,1,17564,800 ,0,0*499d
 * 28-08-2024 12:37:34.81
Response  - 125,3,I001,1*5292 * 28-08-2024 12:37:34.252
Response  - 125,3,F000,1*6dc3 * 28-08-2024 12:37:39.910
Command * HEATER DOOR OPEN - #126,8,1,1*8da5
 * 28-08-2024 12:38:07.922
Response  - 126,8,I001*5954 * 28-08-2024 12:38:08.90
Response  - 126,8,F000*8d96 * 28-08-2024 12:38:08.428
Rack - R3Protocol Started * 28-08-2024 12:38:08.997
Command * Rack-3 Picked from H3 - #127,2,1,2688,16380,0,1*06cb
 * 28-08-2024 12:38:09.31
Response  - 127,2,I001,1*54f2 * 28-08-2024 12:38:09.198
Response  - 127,2,F000,1*6ba3 * 28-08-2024 12:38:16.155
Command * HEATER DOOR CLOSE - #128,8,1,0*8d8b
 * 28-08-2024 12:38:16.682
Response  - 128,8,I001*d5d5 * 28-08-2024 12:38:16.841
Response  - 128,8,F000*0117 * 28-08-2024 12:38:17.182
Command * Rack-3 Placed in J1 - #129,3,1,10304,800,0,0*8f01
 * 28-08-2024 12:38:17.245
Response  - 129,3,I001,1*6d52 * 28-08-2024 12:38:17.416
Response  - 129,3,F000,1*5203 * 28-08-2024 12:38:23.877
Command * Rack-1 Picked from J5 - #130,2,1,24824,800 ,0,0*12ee
 * 28-08-2024 12:40:03.501
Response  - 130,2,I001,1*7247 * 28-08-2024 12:40:03.798
Response  - 130,2,F000,1*4d16 * 28-08-2024 12:40:10.579
Command * Rack-1 Placed in J6 - #131,3,1,28454,800 ,0,0*9799
 * 28-08-2024 12:40:10.830
Response  - 131,3,I001,1*7bd7 * 28-08-2024 12:40:10.997
Response  - 131,3,F000,1*4486 * 28-08-2024 12:40:16.667
Command * HEATER DOOR OPEN - #132,8,1,1*8121
 * 28-08-2024 12:40:44.510
Response  - 132,8,I001*3a58 * 28-08-2024 12:40:44.687
Response  - 132,8,F000*ee9a * 28-08-2024 12:40:45.6
Command * Level Sensing For L1 - #133,4,17564,16380,0,0*54d6
 * 28-08-2024 12:40:45.72
Response  - 133,4,I001*3a99 * 28-08-2024 12:40:45.238
Response  - 133,4,F000,283*9b89 * 28-08-2024 12:40:49.345
L1 Value - 283 * 28-08-2024 12:40:49.365
Command * Level Sensing For L2 - #134,4,13934,16380,0,0*247b
 * 28-08-2024 12:40:49.688
Response  - 134,4,I001*dcd8 * 28-08-2024 12:40:49.859
Response  - 134,4,F000,310*c16b * 28-08-2024 12:40:52.148
L2 Value - 310 * 28-08-2024 12:40:52.170
Command * Level Sensing For L3 - #135,4,10304,16380,0,0*d559
 * 28-08-2024 12:40:52.274
Response  - 135,4,I001*1019 * 28-08-2024 12:40:52.438
Response  - 135,4,F000,278*a4c5 * 28-08-2024 12:40:54.741
L3 Value - 278 * 28-08-2024 12:40:54.762
Command * Home Command - #136,5,11111111*bccf
 * 28-08-2024 12:40:54.836
Response  - 136,5,I001,11111111*244b * 28-08-2024 12:40:55.1
Response  - 136,5,F000*009a * 28-08-2024 12:41:06.119
Command * HOME STATUS - #137,6*987b
 * 28-08-2024 12:41:06.479
Response  - 137,6,F000,11111111*7f1c * 28-08-2024 12:41:06.645
Command * Home Command - #138,5,11111111*6b26
 * 28-08-2024 12:41:08.55
Response  - 138,5,I001,11111111*472f * 28-08-2024 12:41:08.225
Response  - 138,5,F000*8c1b * 28-08-2024 12:41:08.227
Response  - 0,16,F000*7ce9 * 28-08-2024 12:41:08.244
Command * L1 - Picked - #139,2,1,17564,16380,0,0*b76c
 * 28-08-2024 12:41:09.578
Response  - 139,2,I001,1*5d97 * 28-08-2024 12:41:09.753
Response  - 139,2,F000,1*62c6 * 28-08-2024 12:41:20.551
Command * H1 - Placed - #140,3,1,2688,1000,0,1*e4dd
 * 28-08-2024 12:41:20.765
Response  - 140,3,I001,1*ca9c * 28-08-2024 12:41:20.921
Response  - 140,3,F000,1*f5cd * 28-08-2024 12:41:27.881
Command * L2 - Picked - #141,2,1,13934,16380,0,0*1dcb
 * 28-08-2024 12:41:28.385
Response  - 141,2,I001,1*c30c * 28-08-2024 12:41:28.548
Response  - 141,2,F000,1*fc5d * 28-08-2024 12:41:35.92
Command * H2 - Placed - #142,3,1,2688,8700,0,1*f612
 * 28-08-2024 12:41:35.507
Response  - 142,3,I001,1*003d * 28-08-2024 12:41:35.665
Response  - 142,3,F000,1*3f6c * 28-08-2024 12:41:42.218
Command * L3 - Picked - #143,2,1,10304,16380,0,0*f2f7
 * 28-08-2024 12:41:42.627
Response  - 143,2,I001,1*09ad * 28-08-2024 12:41:42.793
Response  - 143,2,F000,1*36fc * 28-08-2024 12:41:48.921
Command * H3 - Placed - #144,3,1,2688,16380,0,1*afb8
 * 28-08-2024 12:41:49.260
Response  - 144,3,I001,1*1fdd * 28-08-2024 12:41:49.421
Response  - 144,3,F000,1*208c * 28-08-2024 12:41:55.555
Racks Loaded to Heater * 28-08-2024 12:41:55.824
Command * HEATER DOOR CLOSE - #145,8,1,0*67d7
 * 28-08-2024 12:41:55.843
Response  - 145,8,I001*ec3f * 28-08-2024 12:41:56.8
Response  - 145,8,F000*38fd * 28-08-2024 12:41:56.348
Command * HEATER ON - #146,12,1*6711
 * 28-08-2024 12:41:56.414
Response  - 146,12,F000*9a75 * 28-08-2024 12:41:56.580
Command * SET TEMPERATURE - #147,10,37*c2f6
 * 28-08-2024 12:41:56.799
Response  - 147,10,F000*e879 * 28-08-2024 12:41:56.966
Command * READ TEMPERATURE - #148,11*13ad
 * 28-08-2024 12:41:57.356
Response  - 148,11,F000,32*b1d2 * 28-08-2024 12:41:57.516
Command * READ TEMPERATURE - #149,11*efac
 * 28-08-2024 12:42:02.427
Response  - 149,11,F000,32*722f * 28-08-2024 12:42:02.592
Command * READ TEMPERATURE - #150,11*b392
 * 28-08-2024 12:42:07.489
Response  - 150,11,F000,32*ef31 * 28-08-2024 12:42:07.659
Command * READ TEMPERATURE - #151,11*4f93
 * 28-08-2024 12:42:12.548
Response  - 151,11,F000,31*2d8c * 28-08-2024 12:42:12.716
Command * READ TEMPERATURE - #152,11*0b93
 * 28-08-2024 12:42:17.604
Response  - 152,11,F000,31*2988 * 28-08-2024 12:42:17.773
Command * READ TEMPERATURE - #153,11*f792
 * 28-08-2024 12:42:23.674
Response  - 153,11,F000,32*eb35 * 28-08-2024 12:42:23.931
Command * READ TEMPERATURE - #154,11*8393
 * 28-08-2024 12:42:29.823
Response  - 154,11,F000,32*20c0 * 28-08-2024 12:42:29.988
Command * READ TEMPERATURE - #155,11*7f92
 * 28-08-2024 12:42:35.914
Response  - 155,11,F000,32*e33d * 28-08-2024 12:42:36.79
Command * Rack-2 Picked from J3 - #156,2,1,17564,800 ,0,0*31fe
 * 28-08-2024 12:42:41.584
Response  - 156,2,I001,1*e5b9 * 28-08-2024 12:42:41.754
Response  - 156,2,F000,1*dae8 * 28-08-2024 12:42:48.699
Command * Rack-2 Placed in J4 - #157,3,1,21194,800 ,0,0*0259
 * 28-08-2024 12:42:48.738
Response  - 157,3,I001,1*ec29 * 28-08-2024 12:42:48.902
Response  - 157,3,F000,1*d378 * 28-08-2024 12:42:54.567
Command * READ TEMPERATURE - #158,11*d390
 * 28-08-2024 12:42:59.490
Command * READ TEMPERATURE - #159,13,1,1*bee0
 * 28-08-2024 12:42:59.550
Response  - 159,13,F000*7e64 * 28-08-2024 12:42:59.659
Command * Rack-1 Picked from J6 - #160,2,1,28454,800 ,0,0*efa0
 * 28-08-2024 12:43:18.321
Response  - 160,2,I001,1*be56 * 28-08-2024 12:43:18.488
Response  - 160,2,F000,1*8107 * 28-08-2024 12:43:24.570
Command * Rack-1 Placed in W1 - #161,3,1,42974,800 ,0,0*a534
 * 28-08-2024 12:43:25.17
Response  - 161,3,I001,1*b7c6 * 28-08-2024 12:43:25.191
11 Secconds Timer incrementes for R3 as other racks picking by RA in tmr_r3_incub() * 28-08-2024 12:43:36.32
11 Secconds Timer incrementes for R3 as other racks picking by RA in tmr_r3_incub() * 28-08-2024 12:43:47.85
11 Secconds Timer incrementes for R3 as other racks picking by RA in tmr_r3_incub() * 28-08-2024 12:43:58.113
11 Secconds Timer incrementes for R3 as other racks picking by RA in tmr_r3_incub() * 28-08-2024 12:44:09.171
11 Secconds Timer incrementes for R3 as other racks picking by RA in tmr_r3_incub() * 28-08-2024 12:44:20.216
11 Secconds Timer incrementes for R3 as other racks picking by RA in tmr_r3_incub() * 28-08-2024 12:44:31.239
11 Secconds Timer incrementes for R3 as other racks picking by RA in tmr_r3_incub() * 28-08-2024 12:44:42.308
11 Secconds Timer incrementes for R3 as other racks picking by RA in tmr_r3_incub() * 28-08-2024 12:44:53.366
