Device Intialization started * 31-01-2025 15:27:04.895
Command * SET TEMPERATURE - #0,10,37*84ca
 * 31-01-2025 15:27:05.519
CRC-Response  - 0,10,F000*1ae9 * 31-01-2025 15:27:05.646
Device Intialization started * 31-01-2025 15:29:55.727
Command * SET TEMPERATURE - #0,10,37*84ca
 * 31-01-2025 15:29:55.858
CRC-Response  - 0,10,F000*1ae9 * 31-01-2025 15:29:55.969
Command * WATER VALVE - 1 CONTROL ON - #1,13,1,1*7feb
 * 31-01-2025 15:29:59.22
CRC-Response  - 1,13,F000*b9e4 * 31-01-2025 15:30:04.133
Command * WATER VALVE - 2 CONTROL ON - #2,13,2,1*6a5b
 * 31-01-2025 15:30:04.572
CRC-Response  - 2,13,F000*49f0 * 31-01-2025 15:30:04.677
Command * WATER VALVE - 3 CONTROL ON - #3,13,3,1*66cb
 * 31-01-2025 15:30:05.240
CRC-Response  - 3,13,F000*d9fd * 31-01-2025 15:30:05.355
Command * WATER VALVE - 4 CONTROL ON - #4,13,4,1*413b
 * 31-01-2025 15:30:05.907
CRC-Response  - 4,13,F000*e9db * 31-01-2025 15:30:06.23
Command * WATER VALVE - 5 CONTROL ON - #5,13,5,1*4dab
 * 31-01-2025 15:30:06.578
CRC-Response  - 5,13,F000*79d6 * 31-01-2025 15:30:06.693
Command * WATER VALVE - 6 CONTROL ON - #6,13,6,1*581b
 * 31-01-2025 15:30:07.246
CRC-Response  - 6,13,F000*89c2 * 31-01-2025 15:30:07.353
Command * Home Command - #7,5,00100100*dea4
 * 31-01-2025 15:30:07.910
CRC-Response  - 7,5,I001,00100100*33ee * 31-01-2025 15:30:08.25
CRC-Response  - 7,5,F000*0b7a * 31-01-2025 15:30:08.27
Command * Home Command - #8,5,01111111*665c
 * 31-01-2025 15:30:10.587
CRC-Response  - 8,5,I001,01111111*6c37 * 31-01-2025 15:30:10.702
CRC-Response  - 8,5,F000*4b3a * 31-01-2025 15:30:18.99
Command * Home Command - #9,5,01111111*a5a1
 * 31-01-2025 15:30:20.297
CRC-Response  - 9,5,I001,01111111*fc66 * 31-01-2025 15:30:20.414
CRC-Response  - 9,5,F000*87fb * 31-01-2025 15:30:20.417
Command * Level Sensing For U1 - #10,4,61124,16380,0,0*9f4f
 * 31-01-2025 15:30:22.982
CRC-Response  - 10,4,I001*82eb * 31-01-2025 15:30:23.95
CRC-Response  - 10,4,F000,3168*7195 * 31-01-2025 15:30:27.247
U1 Value - 3168 * 31-01-2025 15:30:27.273
Command * Level Sensing For U2 - #11,4,57494,16380,0,0*bade
 * 31-01-2025 15:30:27.674
CRC-Response  - 11,4,I001*4e2a * 31-01-2025 15:30:27.790
CRC-Response  - 11,4,F000,3162*f717 * 31-01-2025 15:30:30.80
U2 Value - 3162 * 31-01-2025 15:30:30.98
Command * Level Sensing For U3 - #12,4,53864,16380,0,0*e29a
 * 31-01-2025 15:30:30.364
CRC-Response  - 12,4,I001*5b6a * 31-01-2025 15:30:30.481
CRC-Response  - 12,4,F000,3163*f4d3 * 31-01-2025 15:30:32.771
U3 Value - 3163 * 31-01-2025 15:30:32.796
Command * Level Sensing For U4 - #13,4,50234,16380,0,0*1bb0
 * 31-01-2025 15:30:33.40
CRC-Response  - 13,4,I001*97ab * 31-01-2025 15:30:33.158
CRC-Response  - 13,4,F000,3143*15d0 * 31-01-2025 15:30:35.443
U4 Value - 3143 * 31-01-2025 15:30:35.459
Command * Level Sensing For U5 - #14,4,46604,16380,0,0*e9c8
 * 31-01-2025 15:30:35.713
CRC-Response  - 14,4,I001*71ea * 31-01-2025 15:30:35.829
CRC-Response  - 14,4,F000,3152*021b * 31-01-2025 15:30:38.120
U5 Value - 3152 * 31-01-2025 15:30:38.137
Command * Level Sensing For U6 - #15,4,42974,16380,0,0*1511
 * 31-01-2025 15:30:38.407
CRC-Response  - 15,4,I001*bd2b * 31-01-2025 15:30:38.521
CRC-Response  - 15,4,F000,3165*b158 * 31-01-2025 15:30:40.808
U6 Value - 3165 * 31-01-2025 15:30:40.825
Command * Level Sensing For J1 - #16,4,10304,800,0,0*e5a2
 * 31-01-2025 15:30:41.111
CRC-Response  - 16,4,I001*a86b * 31-01-2025 15:30:41.227
CRC-Response  - 16,4,F000,3166*731d * 31-01-2025 15:30:46.780
J1 Value - 3166 * 31-01-2025 15:30:46.796
Command * Level Sensing For J2 - #17,4,13934,800 ,0,0*59f9
 * 31-01-2025 15:30:47.310
CRC-Response  - 17,4,I001*64aa * 31-01-2025 15:30:47.416
CRC-Response  - 17,4,F000,3167*32de * 31-01-2025 15:30:49.709
J2 Value - 3167 * 31-01-2025 15:30:49.726
Command * Level Sensing For J3 - #18,4,17564,800 ,0,0*16c5
 * 31-01-2025 15:30:49.993
CRC-Response  - 18,4,I001*24ea * 31-01-2025 15:30:50.108
CRC-Response  - 18,4,F000,3169*f94b * 31-01-2025 15:30:52.405
J3 Value - 3169 * 31-01-2025 15:30:52.420
Command * Level Sensing For J4 - #19,4,21194,800 ,0,0*f45f
 * 31-01-2025 15:30:52.666
CRC-Response  - 19,4,I001*e82b * 31-01-2025 15:30:52.774
CRC-Response  - 19,4,F000,3168*b888 * 31-01-2025 15:30:55.77
J4 Value - 3168 * 31-01-2025 15:30:55.92
Command * Level Sensing For J5 - #20,4,24824,800 ,0,0*13fd
 * 31-01-2025 15:30:55.342
CRC-Response  - 20,4,I001*72ff * 31-01-2025 15:30:55.451
CRC-Response  - 20,4,F000,3177*e6d7 * 31-01-2025 15:30:57.739
J5 Value - 3177 * 31-01-2025 15:30:57.755
Command * Level Sensing For J6 - #21,4,28454,800 ,0,0*47b7
 * 31-01-2025 15:30:57.995
CRC-Response  - 21,4,I001*be3e * 31-01-2025 15:30:58.112
CRC-Response  - 21,4,F000,3165*3655 * 31-01-2025 15:31:00.398
J6 Value - 3165 * 31-01-2025 15:31:00.417
Command * Level Sensing For J7 - #22,4,32084,800 ,0,0*ab95
 * 31-01-2025 15:31:00.687
CRC-Response  - 22,4,I001*ab7e * 31-01-2025 15:31:00.801
CRC-Response  - 22,4,F000,3168*3091 * 31-01-2025 15:31:03.96
J7 Value - 3168 * 31-01-2025 15:31:03.111
Command * Level Sensing For J8 - #23,4,35714,800 ,0,0*4714
 * 31-01-2025 15:31:03.357
CRC-Response  - 23,4,I001*67bf * 31-01-2025 15:31:03.467
CRC-Response  - 23,4,F000,3164*b493 * 31-01-2025 15:31:05.758
J8 Value - 3164 * 31-01-2025 15:31:05.776
Command * Level Sensing For J9 - #24,4,39344,800 ,0,0*fd54
 * 31-01-2025 15:31:06.28
CRC-Response  - 24,4,I001*81fe * 31-01-2025 15:31:06.144
CRC-Response  - 24,4,F000,3160*3099 * 31-01-2025 15:31:08.426
J9 Value - 3160 * 31-01-2025 15:31:08.441
Command * Level Sensing For J10 - #25,4,53864,800 ,0,0*6ef5
 * 31-01-2025 15:31:08.715
CRC-Response  - 25,4,I001*4d3f * 31-01-2025 15:31:08.828
CRC-Response  - 25,4,F000,3162*701a * 31-01-2025 15:31:12.321
J10 Value - 3162 * 31-01-2025 15:31:12.337
Command * Level Sensing For J11 - #26,4,57494,800 ,0,0*aa2b
 * 31-01-2025 15:31:12.401
CRC-Response  - 26,4,I001*587f * 31-01-2025 15:31:12.508
CRC-Response  - 26,4,F000,3161*b25f * 31-01-2025 15:31:14.808
J11 Value - 3161 * 31-01-2025 15:31:14.826
Command * Level Sensing For J12 - #27,4,61124,800 ,0,0*bb59
 * 31-01-2025 15:31:15.64
CRC-Response  - 27,4,I001*94be * 31-01-2025 15:31:15.180
CRC-Response  - 27,4,F000,3158*c59d * 31-01-2025 15:31:17.466
J12 Value - 3158 * 31-01-2025 15:31:17.482
Command * Level Sensing For J13 - #28,4,64754,800 ,0,0*d574
 * 31-01-2025 15:31:17.736
CRC-Response  - 28,4,I001*d4fe * 31-01-2025 15:31:17.851
CRC-Response  - 28,4,F000,3148*5a88 * 31-01-2025 15:31:22.854
J13 Value - 3148 * 31-01-2025 15:31:22.872
Command * Level Sensing For J14 - #29,4,64754,8590,0,0*73b1
 * 31-01-2025 15:31:23.311
CRC-Response  - 29,4,I001*183f * 31-01-2025 15:31:23.428
CRC-Response  - 29,4,F000,3119*4b48 * 31-01-2025 15:31:25.891
J14 Value - 3119 * 31-01-2025 15:31:25.909
Command * Level Sensing For J15 - #30,4,61124,8590,0,0*6841
 * 31-01-2025 15:31:25.985
CRC-Response  - 30,4,I001*e2f2 * 31-01-2025 15:31:26.93
CRC-Response  - 30,4,F000,3172*2417 * 31-01-2025 15:31:28.398
J15 Value - 3172 * 31-01-2025 15:31:28.413
Command * Level Sensing For J16 - #31,4,57494,8590,0,0*7933
 * 31-01-2025 15:31:28.648
CRC-Response  - 31,4,I001*2e33 * 31-01-2025 15:31:28.767
CRC-Response  - 31,4,F000,3163*f5d5 * 31-01-2025 15:31:31.71
J16 Value - 3163 * 31-01-2025 15:31:31.86
Command * Level Sensing For J17 - #32,4,53864,8590,0,0*bded
 * 31-01-2025 15:31:31.357
CRC-Response  - 32,4,I001*3b73 * 31-01-2025 15:31:31.472
CRC-Response  - 32,4,F000,3170*a791 * 31-01-2025 15:31:33.759
J17 Value - 3170 * 31-01-2025 15:31:33.774
Command * Level Sensing For J18 - #33,4,39344,8590,0,0*2e4c
 * 31-01-2025 15:31:34.77
CRC-Response  - 33,4,I001*f7b2 * 31-01-2025 15:31:34.191
CRC-Response  - 33,4,F000,3157*84d3 * 31-01-2025 15:31:37.682
J18 Value - 3157 * 31-01-2025 15:31:37.692
Command * Level Sensing For J19 - #34,4,35714,8590,0,0*940c
 * 31-01-2025 15:31:37.815
CRC-Response  - 34,4,I001*11f3 * 31-01-2025 15:31:37.928
CRC-Response  - 34,4,F000,3151*c158 * 31-01-2025 15:31:40.221
J19 Value - 3151 * 31-01-2025 15:31:40.240
Command * Level Sensing For J20 - #35,4,32084,8590,0,0*788d
 * 31-01-2025 15:31:40.477
CRC-Response  - 35,4,I001*dd32 * 31-01-2025 15:31:40.596
CRC-Response  - 35,4,F000,3140*109a * 31-01-2025 15:31:42.872
J20 Value - 3140 * 31-01-2025 15:31:42.890
Command * Level Sensing For J21 - #36,4,28454,8590,0,0*94af
 * 31-01-2025 15:31:43.158
CRC-Response  - 36,4,I001*c872 * 31-01-2025 15:31:43.273
CRC-Response  - 36,4,F000,3164*709f * 31-01-2025 15:31:45.568
J21 Value - 3164 * 31-01-2025 15:31:45.582
Command * Level Sensing For J22 - #37,4,24824,8590,0,0*c0e5
 * 31-01-2025 15:31:45.854
CRC-Response  - 37,4,I001*04b3 * 31-01-2025 15:31:45.967
CRC-Response  - 37,4,F000,3172*631c * 31-01-2025 15:31:48.262
J22 Value - 3172 * 31-01-2025 15:31:48.401
Command * Level Sensing For J23 - #38,4,21194,8590,0,0*eae3
 * 31-01-2025 15:31:48.513
CRC-Response  - 38,4,I001*44f3 * 31-01-2025 15:31:48.620
CRC-Response  - 38,4,F000,3175*ae49 * 31-01-2025 15:31:50.913
J23 Value - 3175 * 31-01-2025 15:31:50.925
Command * Level Sensing For J24 - #39,4,17564,8590,0,0*0879
 * 31-01-2025 15:31:51.217
CRC-Response  - 39,4,I001*8832 * 31-01-2025 15:31:51.329
CRC-Response  - 39,4,F000,3170*2c8b * 31-01-2025 15:31:53.621
J24 Value - 3170 * 31-01-2025 15:31:53.639
Command * Level Sensing For J25 - #40,4,13934,8590,0,0*ba10
 * 31-01-2025 15:31:53.907
CRC-Response  - 40,4,I001*d2d4 * 31-01-2025 15:31:54.23
CRC-Response  - 40,4,F000,3174*e191 * 31-01-2025 15:31:56.309
J25 Value - 3174 * 31-01-2025 15:31:56.323
Command * Level Sensing For J26 - #41,4,10304,8590,0,0*d953
 * 31-01-2025 15:31:56.609
CRC-Response  - 41,4,I001*1e15 * 31-01-2025 15:31:56.724
CRC-Response  - 41,4,F000,3175*a052 * 31-01-2025 15:31:59.9
J26 Value - 3175 * 31-01-2025 15:31:59.25
Command * Level Sensing For J27 - #42,4,21194,16380,0,0*aa1b
 * 31-01-2025 15:31:59.274
CRC-Response  - 42,4,I001*0b55 * 31-01-2025 15:31:59.394
CRC-Response  - 42,4,F000,3232*61e4 * 31-01-2025 15:32:02.490
J27 Value - 3232 * 31-01-2025 15:32:02.505
Command * Level Sensing For J28 - #43,4,24824,16380,0,0*41db
 * 31-01-2025 15:32:02.979
CRC-Response  - 43,4,I001*c794 * 31-01-2025 15:32:03.92
CRC-Response  - 43,4,F000,3230*2167 * 31-01-2025 15:32:05.379
J28 Value - 3230 * 31-01-2025 15:32:05.395
Command * Level Sensing For J29 - #44,4,28454,16380,0,0*3e86
 * 31-01-2025 15:32:05.635
CRC-Response  - 44,4,I001*21d5 * 31-01-2025 15:32:05.755
CRC-Response  - 44,4,F000,3196*c41a * 31-01-2025 15:32:08.36
J29 Value - 3196 * 31-01-2025 15:32:08.56
Command * Level Sensing For J30 - #45,4,32084,16380,0,0*9f93
 * 31-01-2025 15:32:08.307
CRC-Response  - 45,4,I001*ed14 * 31-01-2025 15:32:08.420
CRC-Response  - 45,4,F000,3206*15ee * 31-01-2025 15:32:10.707
J30 Value - 3206 * 31-01-2025 15:32:10.725
Command * Level Sensing For J31 - #46,4,35714,16380,0,0*47c6
 * 31-01-2025 15:32:10.990
CRC-Response  - 46,4,I001*f854 * 31-01-2025 15:32:11.110
CRC-Response  - 46,4,F000,3196*861d * 31-01-2025 15:32:13.395
J31 Value - 3196 * 31-01-2025 15:32:13.406
Command * Level Sensing For J32 - #47,4,39344,16380,0,0*3ff5
 * 31-01-2025 15:32:13.695
CRC-Response  - 47,4,I001*3495 * 31-01-2025 15:32:13.809
CRC-Response  - 47,4,F000,3193*04df * 31-01-2025 15:32:16.96
J32 Value - 3193 * 31-01-2025 15:32:16.115
Command * Level Sensing For J33 - #48,4,64754,16380,0,0*a398
 * 31-01-2025 15:32:16.370
CRC-Response  - 48,4,I001*74d5 * 31-01-2025 15:32:16.484
CRC-Response  - 48,4,F000,3147*58ce * 31-01-2025 15:32:21.182
J33 Value - 3147 * 31-01-2025 15:32:21.194
Command * Level Sensing For W1 - #49,4,42974,800 ,0,0*ca45
 * 31-01-2025 15:32:21.563
CRC-Response  - 49,4,I001*b814 * 31-01-2025 15:32:21.681
CRC-Response  - 49,4,F000,3149*1d4d * 31-01-2025 15:32:26.4
W1 Value - 3149 * 31-01-2025 15:32:26.19
Command * Level Sensing For W2 - #50,4,46604,800 ,0,0*4cab
 * 31-01-2025 15:32:26.274
CRC-Response  - 50,4,I001*42d9 * 31-01-2025 15:32:26.390
CRC-Response  - 50,4,F000,3159*8551 * 31-01-2025 15:32:28.669
W2 Value - 3159 * 31-01-2025 15:32:28.685
Command * Level Sensing For W3 - #51,4,50234,800 ,0,0*3c0d
 * 31-01-2025 15:32:28.938
CRC-Response  - 51,4,I001*8e18 * 31-01-2025 15:32:29.55
CRC-Response  - 51,4,F000,3147*50d3 * 31-01-2025 15:32:31.344
W3 Value - 3147 * 31-01-2025 15:32:31.362
Command * Level Sensing For W4 - #52,4,50234,8590,0,0*2269
 * 31-01-2025 15:32:31.660
CRC-Response  - 52,4,I001*9b58 * 31-01-2025 15:32:31.778
CRC-Response  - 52,4,F000,3155*c256 * 31-01-2025 15:32:34.248
W4 Value - 3155 * 31-01-2025 15:32:34.266
Command * Level Sensing For W5 - #53,4,46604,8590,0,0*52cf
 * 31-01-2025 15:32:34.348
CRC-Response  - 53,4,I001*5799 * 31-01-2025 15:32:34.459
CRC-Response  - 53,4,F000,3155*4354 * 31-01-2025 15:32:36.748
W5 Value - 3155 * 31-01-2025 15:32:36.764
Command * Level Sensing For W6 - #54,4,42974,8590,0,0*c37e
 * 31-01-2025 15:32:37.33
CRC-Response  - 54,4,I001*b1d8 * 31-01-2025 15:32:37.139
CRC-Response  - 54,4,F000,3153*06df * 31-01-2025 15:32:39.431
W6 Value - 3153 * 31-01-2025 15:32:39.450
Command * Level Sensing For H1 - #55,4,2688,1000,0,1*b498
 * 31-01-2025 15:32:39.699
CRC-Response  - 55,4,I001*7d19 * 31-01-2025 15:32:39.815
CRC-Response  - 55,4,F000,4095*3108 * 31-01-2025 15:32:46.188
H1 Value - 4095 * 31-01-2025 15:32:46.204
Command * Level Sensing For H2 - #56,4,2688,8700,0,1*eede
 * 31-01-2025 15:32:46.421
CRC-Response  - 56,4,I001*6859 * 31-01-2025 15:32:46.540
CRC-Response  - 56,4,F000,4095*f20d * 31-01-2025 15:32:48.991
H2 Value - 4095 * 31-01-2025 15:32:49.6
Command * Level Sensing For H3 - #57,4,2688,16380,0,1*6079
 * 31-01-2025 15:32:49.107
CRC-Response  - 57,4,I001*a498 * 31-01-2025 15:32:49.223
CRC-Response  - 57,4,F000,4095*730f * 31-01-2025 15:32:51.677
H3 Value - 4095 * 31-01-2025 15:32:51.693
Command * Home Command - #58,5,01111111*7a76
 * 31-01-2025 15:32:51.819
CRC-Response  - 58,5,I001,01111111*3a29 * 31-01-2025 15:32:51.925
CRC-Response  - 58,5,F000*e11b * 31-01-2025 15:33:04.454
Command * Home Command - #59,5,01111111*b98b
 * 31-01-2025 15:33:07.544
CRC-Response  - 59,5,I001,01111111*aa78 * 31-01-2025 15:33:07.655
CRC-Response  - 59,5,F000*2dda * 31-01-2025 15:33:07.657
Command * SET TEMPERATURE - #0,10,32*870a
 * 31-01-2025 15:33:43.304
CRC-Response  - 0,10,F000*1ae9 * 31-01-2025 15:33:43.448
Command * HEATER ON - #1,12,1*dbe7
 * 31-01-2025 15:33:44.499
CRC-Response  - 1,12,F000*68e5 * 31-01-2025 15:33:44.611
Command * HEATER DOOR CLOSE - #2,8,1,0*21eb
 * 31-01-2025 15:33:45.485
CRC-Response  - 2,8,I001*fd79 * 31-01-2025 15:33:45.594
CRC-Response  - 2,8,F000*29bb * 31-01-2025 15:33:50.627
Command * READ TEMPERATURE - #3,11*ed1a
 * 31-01-2025 15:33:51.51
CRC-Response  - 3,11,F000,32*ec87 * 31-01-2025 15:33:51.163
Command * WATER VALVE - 1 CONTROL OFF - #4,13,1,0*80ea
 * 31-01-2025 15:33:56.216
CRC-Response  - 4,13,F000*e9db * 31-01-2025 15:33:56.323
Command * WATER VALVE - 2 CONTROL OFF - #5,13,2,0*4cdb
 * 31-01-2025 15:33:56.873
CRC-Response  - 5,13,F000*79d6 * 31-01-2025 15:33:56.988
Command * WATER VALVE - 3 CONTROL OFF - #6,13,3,0*99ca
 * 31-01-2025 15:33:57.555
CRC-Response  - 6,13,F000*89c2 * 31-01-2025 15:33:57.671
Command * WATER VALVE - 4 CONTROL OFF - #7,13,4,0*94ba
 * 31-01-2025 15:33:58.218
CRC-Response  - 7,13,F000*19cf * 31-01-2025 15:33:58.332
Command * WATER VALVE - 5 CONTROL OFF - #8,13,5,0*14ab
 * 31-01-2025 15:33:58.896
CRC-Response  - 8,13,F000*e98e * 31-01-2025 15:33:59.15
Command * WATER VALVE - 6 CONTROL OFF - #9,13,6,0*d89a
 * 31-01-2025 15:33:59.583
CRC-Response  - 9,13,F000*7983 * 31-01-2025 15:33:59.697
Command * Home Command - #10,5,01111111*2199
 * 31-01-2025 15:34:00.250
CRC-Response  - 10,5,I001,01111111*c9ef * 31-01-2025 15:34:00.364
CRC-Response  - 10,5,F000*8728 * 31-01-2025 15:34:01.169
Command * Home Command - #11,5,01111111*e264
 * 31-01-2025 15:34:03.440
CRC-Response  - 11,5,I001,01111111*59be * 31-01-2025 15:34:03.554
CRC-Response  - 11,5,F000*4be9 * 31-01-2025 15:34:03.557
Command * Level Sensing For H1 - #12,4,2688,1000,0,1*b46b
 * 31-01-2025 15:34:05.134
CRC-Response  - 12,4,I001*5b6a * 31-01-2025 15:34:05.251
CRC-Response  - 12,4,F000,4095*b206 * 31-01-2025 15:34:15.181
H1 Value - 4095 * 31-01-2025 15:34:15.200
Command * Level Sensing For H2 - #13,4,2688,8700,0,1*8e8c
 * 31-01-2025 15:34:15.328
CRC-Response  - 13,4,I001*97ab * 31-01-2025 15:34:15.445
CRC-Response  - 13,4,F000,4095*3304 * 31-01-2025 15:34:17.894
H2 Value - 4095 * 31-01-2025 15:34:17.911
Command * Level Sensing For H3 - #14,4,2688,16380,0,1*1478
 * 31-01-2025 15:34:18.13
CRC-Response  - 14,4,I001*71ea * 31-01-2025 15:34:18.127
CRC-Response  - 14,4,F000,4095*740f * 31-01-2025 15:34:20.585
H3 Value - 4095 * 31-01-2025 15:34:20.605
Command * Level Sensing For L1 - #15,4,17564,16380,0,0*1c3d
 * 31-01-2025 15:34:20.686
CRC-Response  - 15,4,I001*bd2b * 31-01-2025 15:34:20.801
CRC-Response  - 15,4,F000,304*0809 * 31-01-2025 15:34:24.345
L1 Value - 304 * 31-01-2025 15:34:24.362
Command * Level Sensing For L2 - #16,4,13934,16380,0,0*5c61
 * 31-01-2025 15:34:24.892
CRC-Response  - 16,4,I001*a86b * 31-01-2025 15:34:25.8
CRC-Response  - 16,4,F000,304*0c0d * 31-01-2025 15:34:27.295
L2 Value - 304 * 31-01-2025 15:34:27.312
Command * Level Sensing For L3 - #17,4,10304,16380,0,0*ad43
 * 31-01-2025 15:34:27.557
CRC-Response  - 17,4,I001*64aa * 31-01-2025 15:34:27.668
CRC-Response  - 17,4,F000,301*cc30 * 31-01-2025 15:34:29.954
L3 Value - 301 * 31-01-2025 15:34:29.970
Command * Home Command - #18,5,01111111*fe78
 * 31-01-2025 15:34:30.221
CRC-Response  - 18,5,I001,01111111*0b68 * 31-01-2025 15:34:30.338
CRC-Response  - 18,5,F000*2129 * 31-01-2025 15:34:41.375
Command * Home Command - #19,5,01111111*3d85
 * 31-01-2025 15:34:43.953
CRC-Response  - 19,5,I001,01111111*9b39 * 31-01-2025 15:34:44.68
CRC-Response  - 19,5,F000*ede8 * 31-01-2025 15:34:44.70
Rack - 1Protocol Started * 31-01-2025 15:34:47.94
Command * Rack-1 Picked from L1 - #20,2,1,17564,16380,0,0*9bae
 * 31-01-2025 15:34:47.194
CRC-Response  - 20,2,I001,1*eb9c * 31-01-2025 15:34:47.310
CRC-Response  - 20,2,F000,1*d4cd * 31-01-2025 15:34:57.994
Command * Rack-1 Placed in H1 - #21,3,1,2688,1000,0,1*5c72
 * 31-01-2025 15:34:58.475
CRC-Response  - 21,3,I001,1*e20c * 31-01-2025 15:34:58.584
CRC-Response  - 21,3,F000,1*dd5d * 31-01-2025 15:35:05.540
Command * HEATER DOOR CLOSE - #22,8,1,0*e732
 * 31-01-2025 15:35:05.674
CRC-Response  - 22,8,I001*677e * 31-01-2025 15:35:05.780
CRC-Response  - 22,8,F000*b3bc * 31-01-2025 15:35:06.124
Command * READ TEMPERATURE - #23,11*0d07
 * 31-01-2025 15:35:06.350
CRC-Response  - 23,11,F000,32*b7a6 * 31-01-2025 15:35:06.462
Command * READ TEMPERATURE - #24,11*7906
 * 31-01-2025 15:35:11.526
CRC-Response  - 24,11,F000,32*7c53 * 31-01-2025 15:35:11.641
Command * READ TEMPERATURE - #25,11*8507
 * 31-01-2025 15:35:16.706
CRC-Response  - 25,11,F000,32*bfae * 31-01-2025 15:35:16.823
Command * READ TEMPERATURE - #26,11*c107
 * 31-01-2025 15:35:21.888
CRC-Response  - 26,11,F000,32*bbaa * 31-01-2025 15:35:22.4
Command * READ TEMPERATURE - #27,11*3d06
 * 31-01-2025 15:35:27.64
CRC-Response  - 27,11,F000,32*7857 * 31-01-2025 15:35:27.182
Command * READ TEMPERATURE - #28,11*2905
 * 31-01-2025 15:35:32.241
CRC-Response  - 28,11,F000,32*6c43 * 31-01-2025 15:35:32.349
Command * READ TEMPERATURE - #29,11*d504
 * 31-01-2025 15:35:37.410
CRC-Response  - 29,11,F000,32*afbe * 31-01-2025 15:35:37.524
Command * READ TEMPERATURE - #30,11*893a
 * 31-01-2025 15:35:42.573
CRC-Response  - 30,11,F000,32*32a0 * 31-01-2025 15:35:42.684
Command * READ TEMPERATURE - #31,11*753b
 * 31-01-2025 15:35:47.740
CRC-Response  - 31,11,F000,32*f15d * 31-01-2025 15:35:47.973
Command * READ TEMPERATURE - #32,11*313b
 * 31-01-2025 15:35:53.26
CRC-Response  - 32,11,F000,32*f559 * 31-01-2025 15:35:53.146
Command * READ TEMPERATURE - #33,11*cd3a
 * 31-01-2025 15:35:58.207
CRC-Response  - 33,11,F000,32*36a4 * 31-01-2025 15:35:58.321
Command * READ TEMPERATURE - #34,11*b93b
 * 31-01-2025 15:36:03.392
CRC-Response  - 34,11,F000,33*3d90 * 31-01-2025 15:36:03.507
Command * READ TEMPERATURE - #35,11*453a
 * 31-01-2025 15:36:08.577
CRC-Response  - 35,11,F000,32*3eac * 31-01-2025 15:36:08.691
Command * READ TEMPERATURE - #36,11*013a
 * 31-01-2025 15:36:13.749
CRC-Response  - 36,11,F000,32*3aa8 * 31-01-2025 15:36:13.867
Command * READ TEMPERATURE - #37,11*fd3b
 * 31-01-2025 15:36:18.916
CRC-Response  - 37,11,F000,32*f955 * 31-01-2025 15:36:19.21
Command * READ TEMPERATURE - #38,11*e938
 * 31-01-2025 15:36:24.73
CRC-Response  - 38,11,F000,32*ed41 * 31-01-2025 15:36:24.187
Command * READ TEMPERATURE - #39,11*1539
 * 31-01-2025 15:36:29.228
CRC-Response  - 39,11,F000,32*2ebc * 31-01-2025 15:36:29.346
Command * READ TEMPERATURE - #40,11*498f
 * 31-01-2025 15:36:34.406
CRC-Response  - 40,11,F000,32*75ab * 31-01-2025 15:36:34.522
Command * READ TEMPERATURE - #41,11*b58e
 * 31-01-2025 15:36:39.587
CRC-Response  - 41,11,F000,32*b656 * 31-01-2025 15:36:39.700
Command * READ TEMPERATURE - #42,11*f18e
 * 31-01-2025 15:36:44.755
CRC-Response  - 42,11,F000,32*b252 * 31-01-2025 15:36:44.864
Command * READ TEMPERATURE - #43,11*0d8f
 * 31-01-2025 15:36:49.928
CRC-Response  - 43,11,F000,32*71af * 31-01-2025 15:36:50.41
Command * READ TEMPERATURE - #44,11*798e
 * 31-01-2025 15:36:55.88
CRC-Response  - 44,11,F000,32*ba5a * 31-01-2025 15:36:55.194
Command * READ TEMPERATURE - #45,11*858f
 * 31-01-2025 15:37:00.251
CRC-Response  - 45,11,F000,32*79a7 * 31-01-2025 15:37:00.355
Command * READ TEMPERATURE - #46,11*c18f
 * 31-01-2025 15:37:05.405
CRC-Response  - 46,11,F000,32*7da3 * 31-01-2025 15:37:05.523
Command * READ TEMPERATURE - #47,11*3d8e
 * 31-01-2025 15:37:10.585
CRC-Response  - 47,11,F000,32*be5e * 31-01-2025 15:37:10.698
Command * READ TEMPERATURE - #48,11*298d
 * 31-01-2025 15:37:15.869
CRC-Response  - 48,11,F000,32*aa4a * 31-01-2025 15:37:15.978
Command * READ TEMPERATURE - #49,11*d58c
 * 31-01-2025 15:37:21.38
CRC-Response  - 49,11,F000,32*69b7 * 31-01-2025 15:37:21.150
Command * READ TEMPERATURE - #50,11*89b2
 * 31-01-2025 15:37:26.209
CRC-Response  - 50,11,F000,32*f4a9 * 31-01-2025 15:37:26.323
Command * READ TEMPERATURE - #51,11*75b3
 * 31-01-2025 15:37:31.378
CRC-Response  - 51,11,F000,32*3754 * 31-01-2025 15:37:31.496
Command * READ TEMPERATURE - #52,11*31b3
 * 31-01-2025 15:37:36.543
CRC-Response  - 52,11,F000,32*3350 * 31-01-2025 15:37:36.672
Command * READ TEMPERATURE - #53,11*cdb2
 * 31-01-2025 15:37:41.742
CRC-Response  - 53,11,F000,32*f0ad * 31-01-2025 15:37:41.856
Command * READ TEMPERATURE - #54,11*b9b3
 * 31-01-2025 15:37:46.903
CRC-Response  - 54,11,F000,32*3b58 * 31-01-2025 15:37:47.19
Command * READ TEMPERATURE - #55,11*45b2
 * 31-01-2025 15:37:52.102
CRC-Response  - 55,11,F000,32*f8a5 * 31-01-2025 15:37:52.217
Command * READ TEMPERATURE - #56,11*01b2
 * 31-01-2025 15:37:57.273
CRC-Response  - 56,11,F000,32*fca1 * 31-01-2025 15:37:57.391
Command * READ TEMPERATURE - #57,11*fdb3
 * 31-01-2025 15:38:02.433
CRC-Response  - 57,11,F000,33*ff9d * 31-01-2025 15:38:02.550
Command * READ TEMPERATURE - #58,11*e9b0
 * 31-01-2025 15:38:07.607
CRC-Response  - 58,11,F000,32*2b48 * 31-01-2025 15:38:07.716
Command * READ TEMPERATURE - #59,11*15b1
 * 31-01-2025 15:38:12.773
CRC-Response  - 59,11,F000,32*e8b5 * 31-01-2025 15:38:12.891
Command * READ TEMPERATURE - #60,11*89f6
 * 31-01-2025 15:38:17.967
CRC-Response  - 60,11,F000,32*37ac * 31-01-2025 15:38:18.74
Command * READ TEMPERATURE - #61,11*75f7
 * 31-01-2025 15:38:23.128
CRC-Response  - 61,11,F000,32*f451 * 31-01-2025 15:38:23.242
Command * READ TEMPERATURE - #62,11*31f7
 * 31-01-2025 15:38:28.304
CRC-Response  - 62,11,F000,33*3094 * 31-01-2025 15:38:28.420
Command * READ TEMPERATURE - #63,11*cdf6
 * 31-01-2025 15:38:33.484
CRC-Response  - 63,11,F000,32*33a8 * 31-01-2025 15:38:33.601
Command * READ TEMPERATURE - #64,11*b9f7
 * 31-01-2025 15:38:38.672
CRC-Response  - 64,11,F000,32*f85d * 31-01-2025 15:38:38.789
Command * READ TEMPERATURE - #65,11*45f6
 * 31-01-2025 15:38:43.856
CRC-Response  - 65,11,F000,33*fb61 * 31-01-2025 15:38:43.970
Command * READ TEMPERATURE - #66,11*01f6
 * 31-01-2025 15:38:49.38
CRC-Response  - 66,11,F000,32*3fa4 * 31-01-2025 15:38:49.170
Command * READ TEMPERATURE - #67,11*fdf7
 * 31-01-2025 15:38:54.245
CRC-Response  - 67,11,F000,33*3c98 * 31-01-2025 15:38:54.355
Command * READ TEMPERATURE - #68,11*e9f4
 * 31-01-2025 15:38:59.416
CRC-Response  - 68,11,F000,32*e84d * 31-01-2025 15:38:59.534
Command * READ TEMPERATURE - #69,11*15f5
 * 31-01-2025 15:39:04.593
CRC-Response  - 69,11,F000,33*eb71 * 31-01-2025 15:39:04.709
Command * READ TEMPERATURE - #70,11*49cb
 * 31-01-2025 15:39:09.772
CRC-Response  - 70,11,F000,33*766f * 31-01-2025 15:39:09.886
Command * READ TEMPERATURE - #71,11*b5ca
 * 31-01-2025 15:39:14.935
CRC-Response  - 71,11,F000,33*b592 * 31-01-2025 15:39:15.50
Command * READ TEMPERATURE - #72,11*f1ca
 * 31-01-2025 15:39:20.113
CRC-Response  - 72,11,F000,33*b196 * 31-01-2025 15:39:20.227
Command * READ TEMPERATURE - #73,11*0dcb
 * 31-01-2025 15:39:25.287
CRC-Response  - 73,11,F000,33*726b * 31-01-2025 15:39:25.401
Command * READ TEMPERATURE - #74,11*79ca
 * 31-01-2025 15:39:30.454
CRC-Response  - 74,11,F000,33*b99e * 31-01-2025 15:39:30.571
Command * READ TEMPERATURE - #75,11*85cb
 * 31-01-2025 15:39:35.629
CRC-Response  - 75,11,F000,33*7a63 * 31-01-2025 15:39:35.744
Command * READ TEMPERATURE - #76,11*c1cb
 * 31-01-2025 15:39:40.797
CRC-Response  - 76,11,F000,33*7e67 * 31-01-2025 15:39:40.901
Command * READ TEMPERATURE - #77,11*3dca
 * 31-01-2025 15:39:45.952
CRC-Response  - 77,11,F000,33*bd9a * 31-01-2025 15:39:46.60
Command * READ TEMPERATURE - #78,11*29c9
 * 31-01-2025 15:39:51.132
CRC-Response  - 78,11,F000,33*a98e * 31-01-2025 15:39:51.246
Command * READ TEMPERATURE - #79,11*d5c8
 * 31-01-2025 15:39:56.296
CRC-Response  - 79,11,F000,33*6a73 * 31-01-2025 15:39:56.412
Command * READ TEMPERATURE - #80,11*489f
 * 31-01-2025 15:40:01.486
CRC-Response  - 80,11,F000,33*797b * 31-01-2025 15:40:01.599
Command * READ TEMPERATURE - #81,11*b49e
 * 31-01-2025 15:40:06.658
CRC-Response  - 81,11,F000,33*ba86 * 31-01-2025 15:40:06.775
Command * READ TEMPERATURE - #82,11*f09e
 * 31-01-2025 15:40:11.822
CRC-Response  - 82,11,F000,33*be82 * 31-01-2025 15:40:11.939
Command * READ TEMPERATURE - #83,11*0c9f
 * 31-01-2025 15:40:17.15
CRC-Response  - 83,11,F000,33*7d7f * 31-01-2025 15:40:17.119
Command * READ TEMPERATURE - #84,11*789e
 * 31-01-2025 15:40:22.195
CRC-Response  - 84,11,F000,33*b68a * 31-01-2025 15:40:22.313
Command * READ TEMPERATURE - #85,11*849f
 * 31-01-2025 15:40:27.358
CRC-Response  - 85,11,F000,33*7577 * 31-01-2025 15:40:27.473
Command * READ TEMPERATURE - #86,11*c09f
 * 31-01-2025 15:40:32.534
CRC-Response  - 86,11,F000,33*7173 * 31-01-2025 15:40:32.651
Command * READ TEMPERATURE - #87,11*3c9e
 * 31-01-2025 15:40:37.701
CRC-Response  - 87,11,F000,33*b28e * 31-01-2025 15:40:37.820
Command * READ TEMPERATURE - #88,11*289d
 * 31-01-2025 15:40:42.869
CRC-Response  - 88,11,F000,33*a69a * 31-01-2025 15:40:42.980
Command * READ TEMPERATURE - #89,11*d49c
 * 31-01-2025 15:40:48.43
CRC-Response  - 89,11,F000,33*6567 * 31-01-2025 15:40:48.153
Command * READ TEMPERATURE - #90,11*88a2
 * 31-01-2025 15:40:53.223
CRC-Response  - 90,11,F000,33*f879 * 31-01-2025 15:40:53.622
Command * READ TEMPERATURE - #91,11*74a3
 * 31-01-2025 15:40:58.671
CRC-Response  - 91,11,F000,33*3b84 * 31-01-2025 15:40:58.781
Command * READ TEMPERATURE - #92,11*30a3
 * 31-01-2025 15:41:03.830
CRC-Response  - 92,11,F000,33*3f80 * 31-01-2025 15:41:03.945
Command * READ TEMPERATURE - #93,11*cca2
 * 31-01-2025 15:41:09.4
CRC-Response  - 93,11,F000,33*fc7d * 31-01-2025 15:41:09.119
Command * READ TEMPERATURE - #94,11*b8a3
 * 31-01-2025 15:41:14.187
CRC-Response  - 94,11,F000,33*3788 * 31-01-2025 15:41:14.295
Command * READ TEMPERATURE - #95,11*44a2
 * 31-01-2025 15:41:19.357
CRC-Response  - 95,11,F000,33*f475 * 31-01-2025 15:41:19.472
Command * READ TEMPERATURE - #96,11*00a2
 * 31-01-2025 15:41:24.548
CRC-Response  - 96,11,F000,33*f071 * 31-01-2025 15:41:24.666
Command * READ TEMPERATURE - #97,11*fca3
 * 31-01-2025 15:41:29.731
CRC-Response  - 97,11,F000,33*338c * 31-01-2025 15:41:29.848
Command * READ TEMPERATURE - #98,11*e8a0
 * 31-01-2025 15:41:34.914
CRC-Response  - 98,11,F000,33*2798 * 31-01-2025 15:41:35.60
Command * READ TEMPERATURE - #99,11*14a1
 * 31-01-2025 15:41:40.110
CRC-Response  - 99,11,F000,33*e465 * 31-01-2025 15:41:40.276
Command * READ TEMPERATURE - #100,11*b35e
 * 31-01-2025 15:41:45.350
CRC-Response  - 100,11,F000,33*2afc * 31-01-2025 15:41:45.469
Command * READ TEMPERATURE - #101,11*4f5f
 * 31-01-2025 15:41:50.524
CRC-Response  - 101,11,F000,33*e901 * 31-01-2025 15:41:50.639
Command * READ TEMPERATURE - #102,11*0b5f
 * 31-01-2025 15:41:55.693
CRC-Response  - 102,11,F000,33*ed05 * 31-01-2025 15:41:55.810
Command * READ TEMPERATURE - #103,11*f75e
 * 31-01-2025 15:42:00.874
CRC-Response  - 103,11,F000,33*2ef8 * 31-01-2025 15:42:00.989
Command * READ TEMPERATURE - #104,11*835f
 * 31-01-2025 15:42:06.59
CRC-Response  - 104,11,F000,33*e50d * 31-01-2025 15:42:06.174
Command * READ TEMPERATURE - #105,11*7f5e
 * 31-01-2025 15:42:11.256
CRC-Response  - 105,11,F000,33*26f0 * 31-01-2025 15:42:11.370
Command * READ TEMPERATURE - #106,11*3b5e
 * 31-01-2025 15:42:16.425
CRC-Response  - 106,11,F000,32*e235 * 31-01-2025 15:42:16.541
Command * READ TEMPERATURE - #107,11*c75f
 * 31-01-2025 15:42:21.599
CRC-Response  - 107,11,F000,33*e109 * 31-01-2025 15:42:21.714
Command * READ TEMPERATURE - #108,11*d35c
 * 31-01-2025 15:42:26.763
CRC-Response  - 108,11,F000,33*f51d * 31-01-2025 15:42:26.875
Command * READ TEMPERATURE - #109,11*2f5d
 * 31-01-2025 15:42:31.935
CRC-Response  - 109,11,F000,33*36e0 * 31-01-2025 15:42:32.48
Command * READ TEMPERATURE - #110,11*7363
 * 31-01-2025 15:42:37.107
CRC-Response  - 110,11,F000,33*abfe * 31-01-2025 15:42:37.214
Command * READ TEMPERATURE - #111,11*8f62
 * 31-01-2025 15:42:42.279
CRC-Response  - 111,11,F000,33*6803 * 31-01-2025 15:42:42.395
Command * READ TEMPERATURE - #112,11*cb62
 * 31-01-2025 15:42:47.464
CRC-Response  - 112,11,F000,33*6c07 * 31-01-2025 15:42:47.608
Command * READ TEMPERATURE - #113,11*3763
 * 31-01-2025 15:42:52.669
CRC-Response  - 113,11,F000,33*affa * 31-01-2025 15:42:52.776
Command * READ TEMPERATURE - #114,11*4362
 * 31-01-2025 15:42:57.824
CRC-Response  - 114,11,F000,33*640f * 31-01-2025 15:42:57.940
Command * READ TEMPERATURE - #115,11*bf63
 * 31-01-2025 15:43:03.20
CRC-Response  - 115,11,F000,33*a7f2 * 31-01-2025 15:43:03.137
Command * READ TEMPERATURE - #116,11*fb63
 * 31-01-2025 15:43:08.190
CRC-Response  - 116,11,F000,33*a3f6 * 31-01-2025 15:43:08.305
Command * READ TEMPERATURE - #117,11*0762
 * 31-01-2025 15:43:13.373
CRC-Response  - 117,11,F000,33*600b * 31-01-2025 15:43:13.484
Command * READ TEMPERATURE - #118,11*1361
 * 31-01-2025 15:43:18.548
CRC-Response  - 118,11,F000,33*741f * 31-01-2025 15:43:18.662
Command * READ TEMPERATURE - #119,11*ef60
 * 31-01-2025 15:43:23.724
CRC-Response  - 119,11,F000,33*b7e2 * 31-01-2025 15:43:23.837
Command * READ TEMPERATURE - #120,11*7327
 * 31-01-2025 15:43:28.895
CRC-Response  - 120,11,F000,33*68fb * 31-01-2025 15:43:29.43
Command * READ TEMPERATURE - #121,11*8f26
 * 31-01-2025 15:43:34.99
CRC-Response  - 121,11,F000,34*6947 * 31-01-2025 15:43:34.215
Command * READ TEMPERATURE - #122,11*cb26
 * 31-01-2025 15:43:39.277
CRC-Response  - 122,11,F000,34*6d43 * 31-01-2025 15:43:39.381
Command * READ TEMPERATURE - #123,11*3727
 * 31-01-2025 15:43:44.440
CRC-Response  - 123,11,F000,33*6cff * 31-01-2025 15:43:44.555
Command * READ TEMPERATURE - #124,11*4326
 * 31-01-2025 15:43:49.605
CRC-Response  - 124,11,F000,33*a70a * 31-01-2025 15:43:49.724
Command * READ TEMPERATURE - #125,11*bf27
 * 31-01-2025 15:43:54.783
CRC-Response  - 125,11,F000,34*a6b6 * 31-01-2025 15:43:54.901
Command * READ TEMPERATURE - #126,11*fb27
 * 31-01-2025 15:43:59.946
CRC-Response  - 126,11,F000,34*a2b2 * 31-01-2025 15:44:00.62
Command * READ TEMPERATURE - #127,11*0726
 * 31-01-2025 15:44:05.106
CRC-Response  - 127,11,F000,34*614f * 31-01-2025 15:44:05.223
Command * READ TEMPERATURE - #128,11*1325
 * 31-01-2025 15:44:10.282
CRC-Response  - 128,11,F000,34*755b * 31-01-2025 15:44:10.399
Command * READ TEMPERATURE - #129,11*ef24
 * 31-01-2025 15:44:15.454
CRC-Response  - 129,11,F000,34*b6a6 * 31-01-2025 15:44:15.572
Command * READ TEMPERATURE - #130,11*b31a
 * 31-01-2025 15:44:20.637
CRC-Response  - 130,11,F000,34*2bb8 * 31-01-2025 15:44:20.754
Command * READ TEMPERATURE - #131,11*4f1b
 * 31-01-2025 15:44:25.819
CRC-Response  - 131,11,F000,34*e845 * 31-01-2025 15:44:25.931
Command * READ TEMPERATURE - #132,11*0b1b
 * 31-01-2025 15:44:30.978
CRC-Response  - 132,11,F000,33*2e00 * 31-01-2025 15:44:31.96
Command * READ TEMPERATURE - #133,11*f71a
 * 31-01-2025 15:44:36.161
CRC-Response  - 133,11,F000,34*2fbc * 31-01-2025 15:44:36.280
Command * READ TEMPERATURE - #134,11*831b
 * 31-01-2025 15:44:41.350
CRC-Response  - 134,11,F000,33*2608 * 31-01-2025 15:44:41.464
Command * READ TEMPERATURE - #135,11*7f1a
 * 31-01-2025 15:44:46.519
CRC-Response  - 135,11,F000,34*27b4 * 31-01-2025 15:44:46.632
Command * READ TEMPERATURE - #136,11*3b1a
 * 31-01-2025 15:44:51.693
CRC-Response  - 136,11,F000,34*23b0 * 31-01-2025 15:44:51.807
Command * READ TEMPERATURE - #137,11*c71b
 * 31-01-2025 15:44:56.859
CRC-Response  - 137,11,F000,34*e04d * 31-01-2025 15:44:56.972
Command * READ TEMPERATURE - #138,11*d318
 * 31-01-2025 15:45:02.24
CRC-Response  - 138,11,F000,34*f459 * 31-01-2025 15:45:02.139
Command * READ TEMPERATURE - #139,11*2f19
 * 31-01-2025 15:45:07.192
CRC-Response  - 139,11,F000,34*37a4 * 31-01-2025 15:45:07.310
Command * READ TEMPERATURE - #140,11*73af
 * 31-01-2025 15:45:12.366
CRC-Response  - 140,11,F000,34*6cb3 * 31-01-2025 15:45:12.481
Command * READ TEMPERATURE - #141,11*8fae
 * 31-01-2025 15:45:17.537
CRC-Response  - 141,11,F000,34*af4e * 31-01-2025 15:45:17.647
Command * READ TEMPERATURE - #142,11*cbae
 * 31-01-2025 15:45:22.704
CRC-Response  - 142,11,F000,34*ab4a * 31-01-2025 15:45:22.819
Command * READ TEMPERATURE - #143,11*37af
 * 31-01-2025 15:45:27.872
CRC-Response  - 143,11,F000,34*68b7 * 31-01-2025 15:45:28.66
Command * READ TEMPERATURE - #144,11*43ae
 * 31-01-2025 15:45:33.138
CRC-Response  - 144,11,F000,34*a342 * 31-01-2025 15:45:33.249
Command * READ TEMPERATURE - #145,11*bfaf
 * 31-01-2025 15:45:38.297
CRC-Response  - 145,11,F000,34*60bf * 31-01-2025 15:45:38.407
Command * READ TEMPERATURE - #146,11*fbaf
 * 31-01-2025 15:45:43.463
CRC-Response  - 146,11,F000,34*64bb * 31-01-2025 15:45:43.582
Command * READ TEMPERATURE - #147,11*07ae
 * 31-01-2025 15:45:48.640
CRC-Response  - 147,11,F000,34*a746 * 31-01-2025 15:45:48.745
Command * HEATER DOOR OPEN - #148,8,1,1*67ca
 * 31-01-2025 15:45:52.891
CRC-Response  - 148,8,I001*75fe * 31-01-2025 15:45:53.5
CRC-Response  - 148,8,F000*a13c * 31-01-2025 15:45:53.345
Rack - 2Protocol Started * 31-01-2025 15:45:54.26
Command * Rack-2 Picked from L2 - #149,2,1,13934,16380,0,0*5542
 * 31-01-2025 15:45:54.98
CRC-Response  - 149,2,I001,1*298d * 31-01-2025 15:45:54.212
CRC-Response  - 149,2,F000,1*16dc * 31-01-2025 15:46:00.753
Command * Rack-2 Placed in H2 - #150,3,1,2688,8700,0,1*9f56
 * 31-01-2025 15:46:01.346
CRC-Response  - 150,3,I001,1*3698 * 31-01-2025 15:46:01.463
CRC-Response  - 150,3,F000,1*09c9 * 31-01-2025 15:46:07.980
Command * HEATER DOOR CLOSE - #151,8,1,0*6b53
 * 31-01-2025 15:46:08.553
CRC-Response  - 151,8,I001*8f33 * 31-01-2025 15:46:08.665
CRC-Response  - 151,8,F000*5bf1 * 31-01-2025 15:46:09.6
Command * READ TEMPERATURE - #152,11*0b93
 * 31-01-2025 15:46:09.212
CRC-Response  - 152,11,F000,34*2a48 * 31-01-2025 15:46:09.330
Command * READ TEMPERATURE - #153,11*f792
 * 31-01-2025 15:46:14.388
CRC-Response  - 153,11,F000,34*e9b5 * 31-01-2025 15:46:14.499
Command * READ TEMPERATURE - #154,11*8393
 * 31-01-2025 15:46:19.550
CRC-Response  - 154,11,F000,34*2240 * 31-01-2025 15:46:19.666
Command * READ TEMPERATURE - #155,11*7f92
 * 31-01-2025 15:46:24.729
CRC-Response  - 155,11,F000,34*e1bd * 31-01-2025 15:46:24.850
Command * READ TEMPERATURE - #156,11*3b92
 * 31-01-2025 15:46:29.904
CRC-Response  - 156,11,F000,34*e5b9 * 31-01-2025 15:46:30.7
Command * READ TEMPERATURE - #157,11*c793
 * 31-01-2025 15:46:35.63
CRC-Response  - 157,11,F000,34*2644 * 31-01-2025 15:46:35.179
Command * READ TEMPERATURE - #158,11*d390
 * 31-01-2025 15:46:40.243
CRC-Response  - 158,11,F000,34*3250 * 31-01-2025 15:46:40.358
Command * READ TEMPERATURE - #159,11*2f91
 * 31-01-2025 15:46:45.426
CRC-Response  - 159,11,F000,34*f1ad * 31-01-2025 15:46:45.542
Command * READ TEMPERATURE - #160,11*b3d6
 * 31-01-2025 15:46:50.594
CRC-Response  - 160,11,F000,34*2eb4 * 31-01-2025 15:46:50.740
Command * READ TEMPERATURE - #161,11*4fd7
 * 31-01-2025 15:46:55.790
CRC-Response  - 161,11,F000,34*ed49 * 31-01-2025 15:46:55.908
Command * READ TEMPERATURE - #162,11*0bd7
 * 31-01-2025 15:47:00.982
CRC-Response  - 162,11,F000,34*e94d * 31-01-2025 15:47:01.98
Command * READ TEMPERATURE - #163,11*f7d6
 * 31-01-2025 15:47:06.173
CRC-Response  - 163,11,F000,34*2ab0 * 31-01-2025 15:47:06.288
Command * READ TEMPERATURE - #164,11*83d7
 * 31-01-2025 15:47:11.359
CRC-Response  - 164,11,F000,34*e145 * 31-01-2025 15:47:11.474
Command * READ TEMPERATURE - #165,11*7fd6
 * 31-01-2025 15:47:16.529
CRC-Response  - 165,11,F000,34*22b8 * 31-01-2025 15:47:16.642
Command * READ TEMPERATURE - #166,11*3bd6
 * 31-01-2025 15:47:21.708
CRC-Response  - 166,11,F000,34*26bc * 31-01-2025 15:47:21.823
Command * READ TEMPERATURE - #167,11*c7d7
 * 31-01-2025 15:47:26.885
CRC-Response  - 167,11,F000,34*e541 * 31-01-2025 15:47:26.999
Command * READ TEMPERATURE - #168,11*d3d4
 * 31-01-2025 15:47:32.63
CRC-Response  - 168,11,F000,34*f155 * 31-01-2025 15:47:32.177
Command * READ TEMPERATURE - #169,11*2fd5
 * 31-01-2025 15:47:37.254
CRC-Response  - 169,11,F000,34*32a8 * 31-01-2025 15:47:37.371
Command * READ TEMPERATURE - #170,11*73eb
 * 31-01-2025 15:47:42.440
CRC-Response  - 170,11,F000,34*afb6 * 31-01-2025 15:47:42.558
Command * READ TEMPERATURE - #171,11*8fea
 * 31-01-2025 15:47:47.610
CRC-Response  - 171,11,F000,34*6c4b * 31-01-2025 15:47:47.846
Command * READ TEMPERATURE - #172,11*cbea
 * 31-01-2025 15:47:52.906
CRC-Response  - 172,11,F000,34*684f * 31-01-2025 15:47:53.18
Command * READ TEMPERATURE - #173,11*37eb
 * 31-01-2025 15:47:58.80
CRC-Response  - 173,11,F000,34*abb2 * 31-01-2025 15:47:58.197
Command * READ TEMPERATURE - #174,11*43ea
 * 31-01-2025 15:48:03.245
CRC-Response  - 174,11,F000,34*6047 * 31-01-2025 15:48:03.351
Command * READ TEMPERATURE - #175,11*bfeb
 * 31-01-2025 15:48:08.423
CRC-Response  - 175,11,F000,34*a3ba * 31-01-2025 15:48:08.541
Command * READ TEMPERATURE - #176,11*fbeb
 * 31-01-2025 15:48:13.593
CRC-Response  - 176,11,F000,34*a7be * 31-01-2025 15:48:13.711
Command * READ TEMPERATURE - #177,11*07ea
 * 31-01-2025 15:48:18.764
CRC-Response  - 177,11,F000,34*6443 * 31-01-2025 15:48:18.878
Command * READ TEMPERATURE - #178,11*13e9
 * 31-01-2025 15:48:23.941
CRC-Response  - 178,11,F000,34*7057 * 31-01-2025 15:48:24.58
Command * READ TEMPERATURE - #179,11*efe8
 * 31-01-2025 15:48:29.122
CRC-Response  - 179,11,F000,34*b3aa * 31-01-2025 15:48:29.239
Command * READ TEMPERATURE - #180,11*72bf
 * 31-01-2025 15:48:34.309
CRC-Response  - 180,11,F000,34*a0a2 * 31-01-2025 15:48:34.424
Command * READ TEMPERATURE - #181,11*8ebe
 * 31-01-2025 15:48:39.492
CRC-Response  - 181,11,F000,34*635f * 31-01-2025 15:48:39.609
Command * READ TEMPERATURE - #182,11*cabe
 * 31-01-2025 15:48:44.691
CRC-Response  - 182,11,F000,35*a79a * 31-01-2025 15:48:44.805
Command * READ TEMPERATURE - #183,11*36bf
 * 31-01-2025 15:48:49.884
CRC-Response  - 183,11,F000,35*6467 * 31-01-2025 15:48:49.999
Command * READ TEMPERATURE - #184,11*42be
 * 31-01-2025 15:48:55.55
CRC-Response  - 184,11,F000,34*6f53 * 31-01-2025 15:48:55.173
Command * READ TEMPERATURE - #185,11*bebf
 * 31-01-2025 15:49:00.237
CRC-Response  - 185,11,F000,34*acae * 31-01-2025 15:49:00.353
Command * READ TEMPERATURE - #186,11*fabf
 * 31-01-2025 15:49:05.418
CRC-Response  - 186,11,F000,34*a8aa * 31-01-2025 15:49:05.522
Command * READ TEMPERATURE - #187,11*06be
 * 31-01-2025 15:49:10.571
CRC-Response  - 187,11,F000,34*6b57 * 31-01-2025 15:49:10.686
Command * READ TEMPERATURE - #188,11*12bd
 * 31-01-2025 15:49:15.743
CRC-Response  - 188,11,F000,34*7f43 * 31-01-2025 15:49:15.860
Command * READ TEMPERATURE - #189,11*eebc
 * 31-01-2025 15:49:20.904
CRC-Response  - 189,11,F000,35*7c7f * 31-01-2025 15:49:21.22
Command * READ TEMPERATURE - #190,11*b282
 * 31-01-2025 15:49:26.75
CRC-Response  - 190,11,F000,35*e161 * 31-01-2025 15:49:26.192
Command * READ TEMPERATURE - #191,11*4e83
 * 31-01-2025 15:49:31.267
CRC-Response  - 191,11,F000,35*229c * 31-01-2025 15:49:31.382
Command * READ TEMPERATURE - #192,11*0a83
 * 31-01-2025 15:49:36.439
CRC-Response  - 192,11,F000,34*e659 * 31-01-2025 15:49:36.555
Command * READ TEMPERATURE - #193,11*f682
 * 31-01-2025 15:49:41.604
CRC-Response  - 193,11,F000,34*25a4 * 31-01-2025 15:49:41.720
Command * READ TEMPERATURE - #194,11*8283
 * 31-01-2025 15:49:46.789
CRC-Response  - 194,11,F000,35*2e90 * 31-01-2025 15:49:46.904
Command * READ TEMPERATURE - #195,11*7e82
 * 31-01-2025 15:49:51.964
CRC-Response  - 195,11,F000,34*2dac * 31-01-2025 15:49:52.80
Command * READ TEMPERATURE - #196,11*3a82
 * 31-01-2025 15:49:57.140
CRC-Response  - 196,11,F000,35*e969 * 31-01-2025 15:49:57.258
Command * READ TEMPERATURE - #197,11*c683
 * 31-01-2025 15:50:02.324
CRC-Response  - 197,11,F000,35*2a94 * 31-01-2025 15:50:02.435
Command * READ TEMPERATURE - #198,11*d280
 * 31-01-2025 15:50:07.492
CRC-Response  - 198,11,F000,35*3e80 * 31-01-2025 15:50:07.606
Command * READ TEMPERATURE - #199,11*2e81
 * 31-01-2025 15:50:12.669
CRC-Response  - 199,11,F000,35*fd7d * 31-01-2025 15:50:12.787
Command * READ TEMPERATURE - #200,11*805e
 * 31-01-2025 15:50:17.848
CRC-Response  - 200,11,F000,35*2b7f * 31-01-2025 15:50:17.965
Command * READ TEMPERATURE - #201,11*7c5f
 * 31-01-2025 15:50:23.10
CRC-Response  - 201,11,F000,35*e882 * 31-01-2025 15:50:23.116
Command * READ TEMPERATURE - #202,11*385f
 * 31-01-2025 15:50:28.177
CRC-Response  - 202,11,F000,35*ec86 * 31-01-2025 15:50:28.296
Command * READ TEMPERATURE - #203,11*c45e
 * 31-01-2025 15:50:33.340
CRC-Response  - 203,11,F000,34*efba * 31-01-2025 15:50:33.456
Command * READ TEMPERATURE - #204,11*b05f
 * 31-01-2025 15:50:38.512
CRC-Response  - 204,11,F000,35*e48e * 31-01-2025 15:50:38.631
Command * READ TEMPERATURE - #205,11*4c5e
 * 31-01-2025 15:50:43.682
CRC-Response  - 205,11,F000,35*2773 * 31-01-2025 15:50:43.798
Command * READ TEMPERATURE - #206,11*085e
 * 31-01-2025 15:50:48.863
CRC-Response  - 206,11,F000,35*2377 * 31-01-2025 15:50:48.979
Command * READ TEMPERATURE - #207,11*f45f
 * 31-01-2025 15:50:54.26
CRC-Response  - 207,11,F000,35*e08a * 31-01-2025 15:50:54.141
Command * READ TEMPERATURE - #208,11*e05c
 * 31-01-2025 15:50:59.192
CRC-Response  - 208,11,F000,35*f49e * 31-01-2025 15:50:59.311
Command * READ TEMPERATURE - #209,11*1c5d
 * 31-01-2025 15:51:04.382
CRC-Response  - 209,11,F000,35*3763 * 31-01-2025 15:51:04.492
Command * READ TEMPERATURE - #210,11*4063
 * 31-01-2025 15:51:09.565
CRC-Response  - 210,11,F000,35*aa7d * 31-01-2025 15:51:09.678
Command * READ TEMPERATURE - #211,11*bc62
 * 31-01-2025 15:51:14.734
CRC-Response  - 211,11,F000,35*6980 * 31-01-2025 15:51:14.849
Command * READ TEMPERATURE - #212,11*f862
 * 31-01-2025 15:51:19.901
CRC-Response  - 212,11,F000,35*6d84 * 31-01-2025 15:51:20.15
Command * READ TEMPERATURE - #213,11*0463
 * 31-01-2025 15:51:25.65
CRC-Response  - 213,11,F000,35*ae79 * 31-01-2025 15:51:25.179
Command * READ TEMPERATURE - #214,11*7062
 * 31-01-2025 15:51:30.234
CRC-Response  - 214,11,F000,34*a54d * 31-01-2025 15:51:30.349
Command * READ TEMPERATURE - #215,11*8c63
 * 31-01-2025 15:51:35.403
CRC-Response  - 215,11,F000,35*a671 * 31-01-2025 15:51:35.516
Command * READ TEMPERATURE - #216,11*c863
 * 31-01-2025 15:51:40.577
CRC-Response  - 216,11,F000,35*a275 * 31-01-2025 15:51:40.692
Command * READ TEMPERATURE - #217,11*3462
 * 31-01-2025 15:51:45.748
CRC-Response  - 217,11,F000,35*6188 * 31-01-2025 15:51:45.853
Command * READ TEMPERATURE - #218,11*2061
 * 31-01-2025 15:51:50.913
CRC-Response  - 218,11,F000,35*759c * 31-01-2025 15:51:51.31
Command * READ TEMPERATURE - #219,11*dc60
 * 31-01-2025 15:51:56.79
CRC-Response  - 219,11,F000,35*b661 * 31-01-2025 15:51:56.194
Command * READ TEMPERATURE - #220,11*4027
 * 31-01-2025 15:52:01.245
CRC-Response  - 220,11,F000,35*6978 * 31-01-2025 15:52:01.364
Command * READ TEMPERATURE - #221,11*bc26
 * 31-01-2025 15:52:06.422
CRC-Response  - 221,11,F000,35*aa85 * 31-01-2025 15:52:06.539
Command * READ TEMPERATURE - #222,11*f826
 * 31-01-2025 15:52:11.596
CRC-Response  - 222,11,F000,35*ae81 * 31-01-2025 15:52:11.704
Command * READ TEMPERATURE - #223,11*0427
 * 31-01-2025 15:52:16.768
CRC-Response  - 223,11,F000,35*6d7c * 31-01-2025 15:52:16.879
Command * READ TEMPERATURE - #224,11*7026
 * 31-01-2025 15:52:21.932
CRC-Response  - 224,11,F000,35*a689 * 31-01-2025 15:52:22.47
Command * READ TEMPERATURE - #225,11*8c27
 * 31-01-2025 15:52:27.110
CRC-Response  - 225,11,F000,35*6574 * 31-01-2025 15:52:27.229
Command * READ TEMPERATURE - #226,11*c827
 * 31-01-2025 15:52:32.295
CRC-Response  - 226,11,F000,35*6170 * 31-01-2025 15:52:32.406
Command * READ TEMPERATURE - #227,11*3426
 * 31-01-2025 15:52:37.454
CRC-Response  - 227,11,F000,35*a28d * 31-01-2025 15:52:37.568
Command * READ TEMPERATURE - #228,11*2025
 * 31-01-2025 15:52:42.635
CRC-Response  - 228,11,F000,35*b699 * 31-01-2025 15:52:42.751
Command * READ TEMPERATURE - #229,11*dc24
 * 31-01-2025 15:52:47.818
CRC-Response  - 229,11,F000,35*7564 * 31-01-2025 15:52:47.932
Command * READ TEMPERATURE - #230,11*801a
 * 31-01-2025 15:52:52.993
CRC-Response  - 230,11,F000,35*e87a * 31-01-2025 15:52:53.105
Command * READ TEMPERATURE - #231,11*7c1b
 * 31-01-2025 15:52:58.156
CRC-Response  - 231,11,F000,35*2b87 * 31-01-2025 15:52:58.272
Command * READ TEMPERATURE - #232,11*381b
 * 31-01-2025 15:53:03.324
CRC-Response  - 232,11,F000,35*2f83 * 31-01-2025 15:53:03.436
Command * READ TEMPERATURE - #233,11*c41a
 * 31-01-2025 15:53:08.488
CRC-Response  - 233,11,F000,35*ec7e * 31-01-2025 15:53:08.598
Command * READ TEMPERATURE - #234,11*b01b
 * 31-01-2025 15:53:13.658
CRC-Response  - 234,11,F000,35*278b * 31-01-2025 15:53:13.777
Command * READ TEMPERATURE - #235,11*4c1a
 * 31-01-2025 15:53:18.856
CRC-Response  - 235,11,F000,35*e476 * 31-01-2025 15:53:18.966
Command * READ TEMPERATURE - #236,11*081a
 * 31-01-2025 15:53:24.9
CRC-Response  - 236,11,F000,35*e072 * 31-01-2025 15:53:24.125
Command * READ TEMPERATURE - #237,11*f41b
 * 31-01-2025 15:53:29.200
CRC-Response  - 237,11,F000,35*238f * 31-01-2025 15:53:29.313
Command * READ TEMPERATURE - #238,11*e018
 * 31-01-2025 15:53:34.396
CRC-Response  - 238,11,F000,35*379b * 31-01-2025 15:53:34.513
Command * READ TEMPERATURE - #239,11*1c19
 * 31-01-2025 15:53:39.568
CRC-Response  - 239,11,F000,35*f466 * 31-01-2025 15:53:39.685
Command * READ TEMPERATURE - #240,11*40af
 * 31-01-2025 15:53:44.744
CRC-Response  - 240,11,F000,35*af71 * 31-01-2025 15:53:44.861
Command * READ TEMPERATURE - #241,11*bcae
 * 31-01-2025 15:53:49.924
CRC-Response  - 241,11,F000,35*6c8c * 31-01-2025 15:53:50.40
Command * READ TEMPERATURE - #242,11*f8ae
 * 31-01-2025 15:53:55.90
CRC-Response  - 242,11,F000,35*6888 * 31-01-2025 15:53:55.203
Command * READ TEMPERATURE - #243,11*04af
 * 31-01-2025 15:54:00.262
CRC-Response  - 243,11,F000,35*ab75 * 31-01-2025 15:54:00.379
Command * READ TEMPERATURE - #244,11*70ae
 * 31-01-2025 15:54:05.441
CRC-Response  - 244,11,F000,35*6080 * 31-01-2025 15:54:05.560
Command * READ TEMPERATURE - #245,11*8caf
 * 31-01-2025 15:54:10.604
CRC-Response  - 245,11,F000,35*a37d * 31-01-2025 15:54:10.721
Command * READ TEMPERATURE - #246,11*c8af
 * 31-01-2025 15:54:15.794
CRC-Response  - 246,11,F000,35*a779 * 31-01-2025 15:54:15.904
Command * READ TEMPERATURE - #247,11*34ae
 * 31-01-2025 15:54:20.974
CRC-Response  - 247,11,F000,35*6484 * 31-01-2025 15:54:21.92
Command * READ TEMPERATURE - #248,11*20ad
 * 31-01-2025 15:54:26.152
CRC-Response  - 248,11,F000,35*7090 * 31-01-2025 15:54:26.267
Command * READ TEMPERATURE - #249,11*dcac
 * 31-01-2025 15:54:31.333
CRC-Response  - 249,11,F000,35*b36d * 31-01-2025 15:54:31.446
Command * READ TEMPERATURE - #250,11*8092
 * 31-01-2025 15:54:36.522
CRC-Response  - 250,11,F000,35*2e73 * 31-01-2025 15:54:36.635
Command * READ TEMPERATURE - #251,11*7c93
 * 31-01-2025 15:54:41.688
CRC-Response  - 251,11,F000,35*ed8e * 31-01-2025 15:54:41.806
Command * READ TEMPERATURE - #252,11*3893
 * 31-01-2025 15:54:46.881
CRC-Response  - 252,11,F000,35*e98a * 31-01-2025 15:54:46.992
Command * HEATER DOOR OPEN - #253,8,1,1*9ba5
 * 31-01-2025 15:55:06.141
CRC-Response  - 253,8,I001*5942 * 31-01-2025 15:55:06.319
CRC-Response  - 253,8,F000*8d80 * 31-01-2025 15:55:06.599
Command * Rack-1 Picked from H1 - #254,2,1,2688,1000,0,1*a673
 * 31-01-2025 15:55:06.872
CRC-Response  - 254,2,I001,1*2b1c * 31-01-2025 15:55:06.985
CRC-Response  - 254,2,F000,1*144d * 31-01-2025 15:55:12.814
Command * HEATER DOOR CLOSE - #255,8,1,0*5b02
 * 31-01-2025 15:55:13.137
CRC-Response  - 255,8,I001*73c2 * 31-01-2025 15:55:13.245
CRC-Response  - 255,8,F000*a700 * 31-01-2025 15:55:13.588
Command * Rack-1 Placed in J1 - #0,3,1,10304,800,0,0*19f8
 * 31-01-2025 15:55:13.798
CRC-Response  - 0,3,I001,1*7cdf * 31-01-2025 15:55:13.914
CRC-Response  - 0,3,F000,1*438e * 31-01-2025 15:55:20.24
Command * HEATER DOOR OPEN - #1,8,1,1*e119
 * 31-01-2025 15:56:55.679
CRC-Response  - 1,8,I001*e839 * 31-01-2025 15:56:55.907
CRC-Response  - 1,8,F000*3cfb * 31-01-2025 15:56:56.121
Rack - R3Protocol Started * 31-01-2025 15:56:56.927
Command * Rack-3 Picked from L3 - #2,2,1,10304,16380,0,0*ae5a
 * 31-01-2025 15:56:57.6
CRC-Response  - 2,2,I001,1*7abf * 31-01-2025 15:56:57.114
CRC-Response  - 2,2,F000,1*45ee * 31-01-2025 15:57:03.579
Command * Rack-3 Placed in H3 - #3,3,1,2688,16380,0,1*a4e1
 * 31-01-2025 15:57:03.761
CRC-Response  - 3,3,I001,1*732f * 31-01-2025 15:57:03.872
CRC-Response  - 3,3,F000,1*4c7e * 31-01-2025 15:57:09.982
Command * HEATER DOOR CLOSE - #4,8,1,0*218d
 * 31-01-2025 15:57:10.454
CRC-Response  - 4,8,I001*d7f9 * 31-01-2025 15:57:10.567
CRC-Response  - 4,8,F000*033b * 31-01-2025 15:57:10.909
Command * READ TEMPERATURE - #5,11*651a
 * 31-01-2025 15:57:11.117
CRC-Response  - 5,11,F000,35*26ce * 31-01-2025 15:57:11.235
Command * READ TEMPERATURE - #6,11*211a
 * 31-01-2025 15:57:16.296
CRC-Response  - 6,11,F000,35*22ca * 31-01-2025 15:57:16.401
Command * READ TEMPERATURE - #7,11*dd1b
 * 31-01-2025 15:57:21.463
CRC-Response  - 7,11,F000,34*21f6 * 31-01-2025 15:57:21.568
Command * READ TEMPERATURE - #8,11*c918
 * 31-01-2025 15:57:26.618
CRC-Response  - 8,11,F000,35*f523 * 31-01-2025 15:57:26.735
Command * READ TEMPERATURE - #9,11*3519
 * 31-01-2025 15:57:31.816
CRC-Response  - 9,11,F000,35*36de * 31-01-2025 15:57:31.933
Command * READ TEMPERATURE - #10,11*4943
 * 31-01-2025 15:57:36.998
CRC-Response  - 10,11,F000,35*b2e6 * 31-01-2025 15:57:37.112
Command * READ TEMPERATURE - #11,11*b542
 * 31-01-2025 15:57:42.182
CRC-Response  - 11,11,F000,35*711b * 31-01-2025 15:57:42.300
Command * READ TEMPERATURE - #12,11*f142
 * 31-01-2025 15:57:47.353
CRC-Response  - 12,11,F000,35*751f * 31-01-2025 15:57:47.470
Command * READ TEMPERATURE - #13,11*0d43
 * 31-01-2025 15:57:52.538
CRC-Response  - 13,11,F000,35*b6e2 * 31-01-2025 15:57:52.641
Command * READ TEMPERATURE - #14,11*7942
 * 31-01-2025 15:57:57.705
CRC-Response  - 14,11,F000,35*7d17 * 31-01-2025 15:57:57.820
Command * READ TEMPERATURE - #15,11*8543
 * 31-01-2025 15:58:02.887
CRC-Response  - 15,11,F000,36*bfaa * 31-01-2025 15:58:03.4
Command * READ TEMPERATURE - #16,11*c143
 * 31-01-2025 15:58:08.72
CRC-Response  - 16,11,F000,36*bbae * 31-01-2025 15:58:08.186
Command * READ TEMPERATURE - #17,11*3d42
 * 31-01-2025 15:58:13.243
CRC-Response  - 17,11,F000,36*7853 * 31-01-2025 15:58:13.358
Command * READ TEMPERATURE - #18,11*2941
 * 31-01-2025 15:58:18.415
CRC-Response  - 18,11,F000,35*6d07 * 31-01-2025 15:58:18.525
Command * READ TEMPERATURE - #19,11*d540
 * 31-01-2025 15:58:23.575
CRC-Response  - 19,11,F000,35*aefa * 31-01-2025 15:58:23.691
Command * READ TEMPERATURE - #20,11*4907
 * 31-01-2025 15:58:28.746
CRC-Response  - 20,11,F000,36*70a3 * 31-01-2025 15:58:28.865
Command * READ TEMPERATURE - #21,11*b506
 * 31-01-2025 15:58:33.946
CRC-Response  - 21,11,F000,35*b21e * 31-01-2025 15:58:34.65
Command * READ TEMPERATURE - #22,11*f106
 * 31-01-2025 15:58:39.141
CRC-Response  - 22,11,F000,36*b75a * 31-01-2025 15:58:39.259
Command * READ TEMPERATURE - #23,11*0d07
 * 31-01-2025 15:58:44.315
CRC-Response  - 23,11,F000,36*74a7 * 31-01-2025 15:58:44.430
Command * READ TEMPERATURE - #24,11*7906
 * 31-01-2025 15:58:49.479
CRC-Response  - 24,11,F000,36*bf52 * 31-01-2025 15:58:49.595
Command * READ TEMPERATURE - #25,11*8507
 * 31-01-2025 15:58:54.654
CRC-Response  - 25,11,F000,36*7caf * 31-01-2025 15:58:54.770
Command * READ TEMPERATURE - #26,11*c107
 * 31-01-2025 15:58:59.835
CRC-Response  - 26,11,F000,36*78ab * 31-01-2025 15:58:59.951
Command * READ TEMPERATURE - #27,11*3d06
 * 31-01-2025 15:59:05.16
CRC-Response  - 27,11,F000,36*bb56 * 31-01-2025 15:59:05.131
Command * READ TEMPERATURE - #28,11*2905
 * 31-01-2025 15:59:10.187
CRC-Response  - 28,11,F000,36*af42 * 31-01-2025 15:59:10.290
Command * READ TEMPERATURE - #29,11*d504
 * 31-01-2025 15:59:15.339
CRC-Response  - 29,11,F000,36*6cbf * 31-01-2025 15:59:15.444
Command * READ TEMPERATURE - #30,11*893a
 * 31-01-2025 15:59:20.507
CRC-Response  - 30,11,F000,36*f1a1 * 31-01-2025 15:59:20.624
Command * READ TEMPERATURE - #31,11*753b
 * 31-01-2025 15:59:25.675
CRC-Response  - 31,11,F000,36*325c * 31-01-2025 15:59:25.791
Command * READ TEMPERATURE - #32,11*313b
 * 31-01-2025 15:59:30.839
CRC-Response  - 32,11,F000,36*3658 * 31-01-2025 15:59:30.961
Command * READ TEMPERATURE - #33,11*cd3a
 * 31-01-2025 15:59:36.33
CRC-Response  - 33,11,F000,36*f5a5 * 31-01-2025 15:59:36.146
Command * READ TEMPERATURE - #34,11*b93b
 * 31-01-2025 15:59:41.208
CRC-Response  - 34,11,F000,36*3e50 * 31-01-2025 15:59:41.322
Command * READ TEMPERATURE - #35,11*453a
 * 31-01-2025 15:59:46.380
CRC-Response  - 35,11,F000,36*fdad * 31-01-2025 15:59:46.483
Command * READ TEMPERATURE - #36,11*013a
 * 31-01-2025 15:59:51.538
CRC-Response  - 36,11,F000,36*f9a9 * 31-01-2025 15:59:51.652
Command * READ TEMPERATURE - #37,11*fd3b
 * 31-01-2025 15:59:56.726
CRC-Response  - 37,11,F000,36*3a54 * 31-01-2025 15:59:56.840
Command * READ TEMPERATURE - #38,11*e938
 * 31-01-2025 16:00:01.888
CRC-Response  - 38,11,F000,36*2e40 * 31-01-2025 16:00:02.1
Command * Rack-1 Picked from J1 - #39,2,1,10304,800,0,0*ec77
 * 31-01-2025 16:00:21.630
CRC-Response  - 39,2,I001,1*3848 * 31-01-2025 16:00:21.746
CRC-Response  - 39,2,F000,1*0719 * 31-01-2025 16:00:28.218
Command * Rack-1 Placed in J2 - #40,3,1,13934,800 ,0,0*e99b
 * 31-01-2025 16:00:28.374
CRC-Response  - 40,3,I001,1*af43 * 31-01-2025 16:00:28.480
CRC-Response  - 40,3,F000,1*9012 * 31-01-2025 16:00:34.139
Command * Rack-1 Picked from J2 - #41,2,1,13934,800 ,0,0*c4f7
 * 31-01-2025 16:05:35.746
CRC-Response  - 41,2,I001,1*a6d3 * 31-01-2025 16:05:35.864
CRC-Response  - 41,2,F000,1*9982 * 31-01-2025 16:05:40.997
Command * Rack-1 Placed in J3 - #42,3,1,17564,800 ,0,0*53ed
 * 31-01-2025 16:05:41.480
CRC-Response  - 42,3,I001,1*65e2 * 31-01-2025 16:05:41.599
CRC-Response  - 42,3,F000,1*5ab3 * 31-01-2025 16:05:47.257
Command * HEATER DOOR OPEN - #43,8,1,1*cd63
 * 31-01-2025 16:06:09.632
CRC-Response  - 43,8,I001*0b94 * 31-01-2025 16:06:09.778
CRC-Response  - 43,8,F000*df56 * 31-01-2025 16:06:10.88
Command * Rack-2 Picked from H2 - #44,2,1,2688,8700,0,1*ccd1
 * 31-01-2025 16:06:10.333
CRC-Response  - 44,2,I001,1*b6c3 * 31-01-2025 16:06:10.442
CRC-Response  - 44,2,F000,1*8992 * 31-01-2025 16:06:17.377
Command * HEATER DOOR CLOSE - #45,8,1,0*0dc4
 * 31-01-2025 16:06:17.581
CRC-Response  - 45,8,I001*2114 * 31-01-2025 16:06:17.701
CRC-Response  - 45,8,F000*f5d6 * 31-01-2025 16:06:18.27
Command * Rack-2 Placed in J1 - #46,3,1,10304,800,0,0*dec4
 * 31-01-2025 16:06:18.262
CRC-Response  - 46,3,I001,1*b0a3 * 31-01-2025 16:06:18.378
CRC-Response  - 46,3,F000,1*8ff2 * 31-01-2025 16:06:24.489
Command * HEATER DOOR OPEN - #47,8,1,1*0d26
 * 31-01-2025 16:08:03.12
CRC-Response  - 47,8,I001*f895 * 31-01-2025 16:08:03.153
CRC-Response  - 47,8,F000*2c57 * 31-01-2025 16:08:03.463
Command * Level Sensing For L1 - #48,4,17564,16380,0,0*e4df
 * 31-01-2025 16:08:03.720
CRC-Response  - 48,4,I001*74d5 * 31-01-2025 16:08:03.833
CRC-Response  - 48,4,F000,343*dcab * 31-01-2025 16:08:07.911
L1 Value - 343 * 31-01-2025 16:08:07.927
Command * Level Sensing For L2 - #49,4,13934,16380,0,0*1cfa
 * 31-01-2025 16:08:08.411
CRC-Response  - 49,4,I001*b814 * 31-01-2025 16:08:08.528
CRC-Response  - 49,4,F000,352*4f96 * 31-01-2025 16:08:10.805
L2 Value - 352 * 31-01-2025 16:08:10.821
Command * Level Sensing For L3 - #50,4,10304,16380,0,0*5d07
 * 31-01-2025 16:08:11.80
CRC-Response  - 50,4,I001*42d9 * 31-01-2025 16:08:11.197
CRC-Response  - 50,4,F000,343*8248 * 31-01-2025 16:08:13.481
L3 Value - 343 * 31-01-2025 16:08:13.494
Command * Home Command - #51,5,01111111*666a
 * 31-01-2025 16:08:13.768
CRC-Response  - 51,5,I001,01111111*68ff * 31-01-2025 16:08:13.883
CRC-Response  - 51,5,F000*8bdb * 31-01-2025 16:08:24.916
Command * Home Command - #52,5,01111111*626e
 * 31-01-2025 16:08:27.64
CRC-Response  - 52,5,I001,01111111*980f * 31-01-2025 16:08:27.180
CRC-Response  - 52,5,F000*9e9b * 31-01-2025 16:08:27.182
Rack - 4Protocol Started * 31-01-2025 16:08:30.201
Command * Rack-4 Picked from L1 - #53,2,1,17564,16380,0,0*4eab
 * 31-01-2025 16:08:30.286
CRC-Response  - 53,2,I001,1*9076 * 31-01-2025 16:08:30.402
CRC-Response  - 53,2,F000,1*af27 * 31-01-2025 16:08:41.80
Command * Rack-4 Placed in H1 - #54,3,1,2688,1000,0,1*270b
 * 31-01-2025 16:08:41.534
CRC-Response  - 54,3,I001,1*8606 * 31-01-2025 16:08:41.639
CRC-Response  - 54,3,F000,1*b957 * 31-01-2025 16:08:48.586
Command * HEATER DOOR CLOSE - #55,8,1,0*c105
 * 31-01-2025 16:08:48.770
CRC-Response  - 55,8,I001*b119 * 31-01-2025 16:08:48.881
CRC-Response  - 55,8,F000*65db * 31-01-2025 16:08:49.220
Command * READ TEMPERATURE - #56,11*01b2
 * 31-01-2025 16:08:49.460
CRC-Response  - 56,11,F000,36*3fa0 * 31-01-2025 16:08:49.574
Command * READ TEMPERATURE - #57,11*fdb3
 * 31-01-2025 16:08:54.634
CRC-Response  - 57,11,F000,36*fc5d * 31-01-2025 16:08:54.741
Command * READ TEMPERATURE - #58,11*e9b0
 * 31-01-2025 16:08:59.797
CRC-Response  - 58,11,F000,36*e849 * 31-01-2025 16:08:59.914
Command * READ TEMPERATURE - #59,11*15b1
 * 31-01-2025 16:09:04.974
CRC-Response  - 59,11,F000,37*eb75 * 31-01-2025 16:09:05.87
Command * READ TEMPERATURE - #60,11*89f6
 * 31-01-2025 16:09:10.135
CRC-Response  - 60,11,F000,36*f4ad * 31-01-2025 16:09:10.251
Command * READ TEMPERATURE - #61,11*75f7
 * 31-01-2025 16:09:15.317
CRC-Response  - 61,11,F000,37*f791 * 31-01-2025 16:09:15.436
Command * READ TEMPERATURE - #62,11*31f7
 * 31-01-2025 16:09:20.489
CRC-Response  - 62,11,F000,37*f395 * 31-01-2025 16:09:20.600
Command * READ TEMPERATURE - #63,11*cdf6
 * 31-01-2025 16:09:25.660
CRC-Response  - 63,11,F000,37*3068 * 31-01-2025 16:09:25.777
Command * READ TEMPERATURE - #64,11*b9f7
 * 31-01-2025 16:09:30.840
CRC-Response  - 64,11,F000,37*fb9d * 31-01-2025 16:09:30.946
Command * READ TEMPERATURE - #65,11*45f6
 * 31-01-2025 16:09:36.0
CRC-Response  - 65,11,F000,37*3860 * 31-01-2025 16:09:36.117
Command * READ TEMPERATURE - #66,11*01f6
 * 31-01-2025 16:09:41.170
CRC-Response  - 66,11,F000,37*3c64 * 31-01-2025 16:09:41.283
Command * READ TEMPERATURE - #67,11*fdf7
 * 31-01-2025 16:09:46.357
CRC-Response  - 67,11,F000,37*ff99 * 31-01-2025 16:09:46.470
Command * READ TEMPERATURE - #68,11*e9f4
 * 31-01-2025 16:09:51.529
CRC-Response  - 68,11,F000,37*eb8d * 31-01-2025 16:09:51.647
Command * READ TEMPERATURE - #69,11*15f5
 * 31-01-2025 16:09:56.702
CRC-Response  - 69,11,F000,37*2870 * 31-01-2025 16:09:56.820
Command * READ TEMPERATURE - #70,11*49cb
 * 31-01-2025 16:10:01.869
CRC-Response  - 70,11,F000,37*b56e * 31-01-2025 16:10:01.987
Command * READ TEMPERATURE - #71,11*b5ca
 * 31-01-2025 16:10:07.40
CRC-Response  - 71,11,F000,37*7693 * 31-01-2025 16:10:07.160
Command * READ TEMPERATURE - #72,11*f1ca
 * 31-01-2025 16:10:12.219
CRC-Response  - 72,11,F000,37*7297 * 31-01-2025 16:10:12.337
Command * READ TEMPERATURE - #73,11*0dcb
 * 31-01-2025 16:10:17.403
CRC-Response  - 73,11,F000,37*b16a * 31-01-2025 16:10:17.511
Command * READ TEMPERATURE - #74,11*79ca
 * 31-01-2025 16:10:22.560
CRC-Response  - 74,11,F000,37*7a9f * 31-01-2025 16:10:22.677
Command * READ TEMPERATURE - #75,11*85cb
 * 31-01-2025 16:10:27.743
CRC-Response  - 75,11,F000,37*b962 * 31-01-2025 16:10:27.859
Command * Rack-1 Picked from J3 - #76,2,1,17564,800 ,0,0*187e
 * 31-01-2025 16:10:47.960
CRC-Response  - 76,2,I001,1*386d * 31-01-2025 16:10:48.188
CRC-Response  - 76,2,F000,1*073c * 31-01-2025 16:10:55.0
Command * Rack-1 Placed in J4 - #77,3,1,21194,800 ,0,0*2bd9
 * 31-01-2025 16:10:55.268
CRC-Response  - 77,3,I001,1*31fd * 31-01-2025 16:10:55.389
CRC-Response  - 77,3,F000,1*0eac * 31-01-2025 16:11:01.40
Command * Rack-2 Picked from J1 - #78,2,1,10304,800,0,0*94bb
 * 31-01-2025 16:11:25.334
CRC-Response  - 78,2,I001,1*cd0c * 31-01-2025 16:11:25.597
CRC-Response  - 78,2,F000,1*f25d * 31-01-2025 16:11:31.927
Command * Rack-2 Placed in J2 - #79,3,1,13934,800 ,0,0*4274
 * 31-01-2025 16:11:32.270
CRC-Response  - 79,3,I001,1*c49c * 31-01-2025 16:11:32.386
CRC-Response  - 79,3,F000,1*fbcd * 31-01-2025 16:11:38.48
Command * Rack-1 Picked from J4 - #80,2,1,21194,800 ,0,0*9fc2
 * 31-01-2025 16:14:02.349
CRC-Response  - 80,2,I001,1*33bd * 31-01-2025 16:14:02.465
CRC-Response  - 80,2,F000,1*0cec * 31-01-2025 16:14:08.524
Command * Rack-1 Placed in J5 - #81,3,1,24824,800 ,0,0*8f9b
 * 31-01-2025 16:14:09.81
CRC-Response  - 81,3,I001,1*3a2d * 31-01-2025 16:14:09.189
CRC-Response  - 81,3,F000,1*057c * 31-01-2025 16:14:14.861
Command * Rack-2 Picked from J2 - #82,2,1,13934,800 ,0,0*3b7f
 * 31-01-2025 16:16:39.610
CRC-Response  - 82,2,I001,1*f91c * 31-01-2025 16:16:39.749
CRC-Response  - 82,2,F000,1*c64d * 31-01-2025 16:16:46.189
Command * Rack-2 Placed in J3 - #83,3,1,17564,800 ,0,0*4e1c
 * 31-01-2025 16:16:46.328
CRC-Response  - 83,3,I001,1*f08c * 31-01-2025 16:16:46.437
CRC-Response  - 83,3,F000,1*cfdd * 31-01-2025 16:16:52.103
Command * HEATER DOOR OPEN - #84,8,1,1*5815
 * 31-01-2025 16:17:11.483
CRC-Response  - 84,8,I001*ed80 * 31-01-2025 16:17:11.601
CRC-Response  - 84,8,F000*3942 * 31-01-2025 16:17:11.937
Command * Rack-3 Picked from H3 - #85,2,1,2688,16380,0,1*85bb
 * 31-01-2025 16:17:12.161
CRC-Response  - 85,2,I001,1*23ad * 31-01-2025 16:17:12.277
15 Secconds Timer incrementes in Jar J5 for R1 as other racks picking by RA in tmr_r1_incub() * 31-01-2025 16:17:15.849
CRC-Response  - 85,2,F000,1*1cfc * 31-01-2025 16:17:19.220
Command * HEATER DOOR CLOSE - #86,8,1,0*58f7
 * 31-01-2025 16:17:19.374
CRC-Response  - 86,8,I001*3401 * 31-01-2025 16:17:19.486
CRC-Response  - 86,8,F000*e0c3 * 31-01-2025 16:17:19.827
Command * Rack-3 Placed in J1 - #87,3,1,10304,800,0,0*efe9
 * 31-01-2025 16:17:20.58
CRC-Response  - 87,3,I001,1*25cd * 31-01-2025 16:17:20.170
CRC-Response  - 87,3,F000,1*1a9c * 31-01-2025 16:17:26.644
Command * Rack-1 Picked from J5 - #88,2,1,24824,800 ,0,0*eb16
 * 31-01-2025 16:17:31.158
CRC-Response  - 88,2,I001,1*d93c * 31-01-2025 16:17:31.274
CRC-Response  - 88,2,F000,1*e66d * 31-01-2025 16:17:38.157
Command * Rack-1 Placed in J6 - #89,3,1,28454,800 ,0,0*6e61
 * 31-01-2025 16:17:38.438
CRC-Response  - 89,3,I001,1*d0ac * 31-01-2025 16:17:38.548
CRC-Response  - 89,3,F000,1*effd * 31-01-2025 16:17:44.213
Command * HEATER DOOR OPEN - #90,8,1,1*5491
 * 31-01-2025 16:19:36.71
CRC-Response  - 90,8,I001*8e8c * 31-01-2025 16:19:36.269
CRC-Response  - 90,8,F000*5a4e * 31-01-2025 16:19:36.519
Rack - 5Protocol Started * 31-01-2025 16:19:37.288
Command * Rack-5 Picked from L2 - #91,2,1,13934,16380,0,0*fd5c
 * 31-01-2025 16:19:37.383
CRC-Response  - 91,2,I001,1*0ae8 * 31-01-2025 16:19:37.493
CRC-Response  - 91,2,F000,1*35b9 * 31-01-2025 16:19:44.398
Command * Rack-5 Placed in H2 - #92,3,1,2688,8700,0,1*c825
 * 31-01-2025 16:19:44.586
CRC-Response  - 92,3,I001,1*c9d9 * 31-01-2025 16:19:44.695
CRC-Response  - 92,3,F000,1*f688 * 31-01-2025 16:19:51.224
Command * HEATER DOOR CLOSE - #93,8,1,0*9463
 * 31-01-2025 16:19:51.330
CRC-Response  - 93,8,I001*9bcc * 31-01-2025 16:19:51.443
CRC-Response  - 93,8,F000*4f0e * 31-01-2025 16:19:51.785
Command * READ TEMPERATURE - #94,11*b8a3
 * 31-01-2025 16:19:51.993
CRC-Response  - 94,11,F000,37*f489 * 31-01-2025 16:19:52.110
Command * READ TEMPERATURE - #95,11*44a2
 * 31-01-2025 16:19:57.168
CRC-Response  - 95,11,F000,37*3774 * 31-01-2025 16:19:57.282
Command * READ TEMPERATURE - #96,11*00a2
 * 31-01-2025 16:20:02.342
CRC-Response  - 96,11,F000,37*3370 * 31-01-2025 16:20:02.456
Command * READ TEMPERATURE - #97,11*fca3
 * 31-01-2025 16:20:07.514
CRC-Response  - 97,11,F000,37*f08d * 31-01-2025 16:20:07.676
Command * READ TEMPERATURE - #98,11*e8a0
 * 31-01-2025 16:20:12.732
CRC-Response  - 98,11,F000,37*e499 * 31-01-2025 16:20:12.839
Command * READ TEMPERATURE - #99,11*14a1
 * 31-01-2025 16:20:17.884
CRC-Response  - 99,11,F000,37*2764 * 31-01-2025 16:20:18.4
Command * READ TEMPERATURE - #100,11*b35e
 * 31-01-2025 16:20:23.85
CRC-Response  - 100,11,F000,38*edbd * 31-01-2025 16:20:23.199
Command * WATER VALVE - 1 CONTROL ON - #101,13,1,1*48de
 * 31-01-2025 16:20:27.113
CRC-Response  - 101,13,F000*ae13 * 31-01-2025 16:20:27.224
Command * Rack-1 Picked from J6 - #102,2,1,28454,800 ,0,0*6bbf
 * 31-01-2025 16:20:45.441
CRC-Response  - 102,2,I001,1*fce9 * 31-01-2025 16:20:45.574
CRC-Response  - 102,2,F000,1*c3b8 * 31-01-2025 16:20:53.710
Command * Rack-1 Placed in W1 - #103,3,1,42974,800 ,0,0*212b
 * 31-01-2025 16:20:54.208
CRC-Response  - 103,3,I001,1*f579 * 31-01-2025 16:20:54.317
CRC-Response  - 103,3,F000,1*ca28 * 31-01-2025 16:21:01.206
Command * Rack-2 Picked from J3 - #104,2,1,17564,800 ,0,0*86d2
 * 31-01-2025 16:21:53.639
CRC-Response  - 104,2,I001,1*e309 * 31-01-2025 16:21:53.763
CRC-Response  - 104,2,F000,1*dc58 * 31-01-2025 16:22:01.845
Command * Rack-2 Placed in J4 - #105,3,1,21194,800 ,0,0*b575
 * 31-01-2025 16:22:02.400
CRC-Response  - 105,3,I001,1*ea99 * 31-01-2025 16:22:02.520
CRC-Response  - 105,3,F000,1*d5c8 * 31-01-2025 16:22:08.176
Command * Rack-3 Picked from J1 - #106,2,1,10304,800,0,0*e87e
 * 31-01-2025 16:22:27.880
CRC-Response  - 106,2,I001,1*29a8 * 31-01-2025 16:22:28.114
CRC-Response  - 106,2,F000,1*16f9 * 31-01-2025 16:22:34.475
Command * Rack-3 Placed in J2 - #107,3,1,13934,800 ,0,0*11c8
 * 31-01-2025 16:22:34.756
CRC-Response  - 107,3,I001,1*2038 * 31-01-2025 16:22:34.863
CRC-Response  - 107,3,F000,1*1f69 * 31-01-2025 16:22:40.536
18 Secconds Timer incrementes in Jar W1 for R1 as this rack in water station and other rack is elasping time in tmr_r1_incub() * 31-01-2025 16:24:01.892
Command * WATER VALVE - 1 CONTROL OFF - #108,13,1,0*e2df
 * 31-01-2025 16:24:20.231
CRC-Response  - 108,13,F000*fe79 * 31-01-2025 16:24:20.354
Command * Rack-1 Picked from W1 - #109,2,1,42974,800 ,0,0*76e2
 * 31-01-2025 16:24:21.179
CRC-Response  - 109,2,I001,1*1998 * 31-01-2025 16:24:21.296
CRC-Response  - 109,2,F000,1*26c9 * 31-01-2025 16:24:29.796
Command * Rack-1 Placed in J8 - #110,3,1,35714,800 ,0,0*1c85
 * 31-01-2025 16:24:29.945
CRC-Response  - 110,3,I001,1*068d * 31-01-2025 16:24:30.61
CRC-Response  - 110,3,F000,1*39dc * 31-01-2025 16:24:36.132
Command * Rack-2 Picked from J4 - #111,2,1,21194,800 ,0,0*1cc5
 * 31-01-2025 16:25:09.307
CRC-Response  - 111,2,I001,1*0f1d * 31-01-2025 16:25:09.530
CRC-Response  - 111,2,F000,1*304c * 31-01-2025 16:25:16.303
Command * Rack-2 Placed in J5 - #112,3,1,24824,800 ,0,0*eee5
 * 31-01-2025 16:25:16.634
CRC-Response  - 112,3,I001,1*cc2c * 31-01-2025 16:25:16.740
CRC-Response  - 112,3,F000,1*f37d * 31-01-2025 16:25:22.408
Command * Rack-3 Picked from J2 - #113,2,1,13934,800 ,0,0*b878
 * 31-01-2025 16:27:41.952
CRC-Response  - 113,2,I001,1*c5bc * 31-01-2025 16:27:42.68
CRC-Response  - 113,2,F000,1*faed * 31-01-2025 16:27:48.550
Command * Rack-3 Placed in J3 - #114,3,1,17564,800 ,0,0*ab93
 * 31-01-2025 16:27:48.676
CRC-Response  - 114,3,I001,1*d3cc * 31-01-2025 16:27:48.781
CRC-Response  - 114,3,F000,1*ec9d * 31-01-2025 16:27:54.448
Command * Rack-2 Picked from J5 - #115,2,1,24824,800 ,0,0*a501
 * 31-01-2025 16:28:23.687
CRC-Response  - 115,2,I001,1*da5c * 31-01-2025 16:28:23.801
CRC-Response  - 115,2,F000,1*e50d * 31-01-2025 16:28:29.881
Command * Rack-2 Placed in J6 - #116,3,1,28454,800 ,0,0*c20f
 * 31-01-2025 16:28:30.457
CRC-Response  - 116,3,I001,1*196d * 31-01-2025 16:28:30.575
CRC-Response  - 116,3,F000,1*263c * 31-01-2025 16:28:36.236
Command * HEATER DOOR OPEN - #117,8,1,1*58f5
 * 31-01-2025 16:28:49.36
CRC-Response  - 117,8,I001*6581 * 31-01-2025 16:28:49.155
CRC-Response  - 117,8,F000*b143 * 31-01-2025 16:28:49.492
Command * Rack-4 Picked from H1 - #118,2,1,2688,1000,0,1*40a2
 * 31-01-2025 16:28:49.702
CRC-Response  - 118,2,I001,1*20cd * 31-01-2025 16:28:49.819
CRC-Response  - 118,2,F000,1*1f9c * 31-01-2025 16:28:57.957
Command * HEATER DOOR CLOSE - #119,8,1,0*58db
 * 31-01-2025 16:28:58.499
CRC-Response  - 119,8,I001*e900 * 31-01-2025 16:28:58.606
CRC-Response  - 119,8,F000*3dc2 * 31-01-2025 16:28:58.946
Command * Rack-4 Placed in J1 - #120,3,1,10304,800,0,0*12de
 * 31-01-2025 16:28:59.156
CRC-Response  - 120,3,I001,1*4282 * 31-01-2025 16:28:59.273
CRC-Response  - 120,3,F000,1*7dd3 * 31-01-2025 16:29:05.379
Command * HEATER DOOR OPEN - #121,8,1,1*4dd3
 * 31-01-2025 16:30:38.705
CRC-Response  - 121,8,I001*bf15 * 31-01-2025 16:30:38.872
CRC-Response  - 121,8,F000*6bd7 * 31-01-2025 16:30:39.186
Rack - 6Protocol Started * 31-01-2025 16:30:39.894
Command * Rack-6 Picked from L3 - #122,2,1,10304,16380,0,0*0901
 * 31-01-2025 16:30:40.211
CRC-Response  - 122,2,I001,1*44e2 * 31-01-2025 16:30:40.332
CRC-Response  - 122,2,F000,1*7bb3 * 31-01-2025 16:30:46.782
Command * Rack-6 Placed in H3 - #123,3,1,2688,16380,0,1*7e6b
 * 31-01-2025 16:30:47.198
CRC-Response  - 123,3,I001,1*4d72 * 31-01-2025 16:30:47.310
CRC-Response  - 123,3,F000,1*7223 * 31-01-2025 16:30:53.430
Command * HEATER DOOR CLOSE - #124,8,1,0*8d47
 * 31-01-2025 16:30:53.920
CRC-Response  - 124,8,I001*80d5 * 31-01-2025 16:30:54.31
CRC-Response  - 124,8,F000*5417 * 31-01-2025 16:30:54.369
Command * READ TEMPERATURE - #125,11*bf27
 * 31-01-2025 16:30:54.591
CRC-Response  - 125,11,F000,38*a3b6 * 31-01-2025 16:30:54.708
Command * READ TEMPERATURE - #126,11*fb27
 * 31-01-2025 16:30:59.762
CRC-Response  - 126,11,F000,38*a7b2 * 31-01-2025 16:30:59.879
Command * READ TEMPERATURE - #127,11*0726
 * 31-01-2025 16:31:04.937
CRC-Response  - 127,11,F000,38*644f * 31-01-2025 16:31:05.51
Command * READ TEMPERATURE - #128,11*1325
 * 31-01-2025 16:31:10.205
CRC-Response  - 128,11,F000,38*705b * 31-01-2025 16:31:10.322
Command * READ TEMPERATURE - #129,11*ef24
 * 31-01-2025 16:31:15.375
CRC-Response  - 129,11,F000,38*b3a6 * 31-01-2025 16:31:15.508
Command * WATER VALVE - 1 CONTROL ON - #130,13,1,1*740b
 * 31-01-2025 16:31:19.191
CRC-Response  - 130,13,F000*31ee * 31-01-2025 16:31:19.303
Command * Rack-2 Picked from J6 - #131,2,1,28454,800 ,0,0*6bc8
 * 31-01-2025 16:31:37.457
CRC-Response  - 131,2,I001,1*b716 * 31-01-2025 16:31:37.573
CRC-Response  - 131,2,F000,1*8847 * 31-01-2025 16:31:45.735
Command * Rack-2 Placed in W1 - #132,3,1,42974,800 ,0,0*c325
 * 31-01-2025 16:31:46.244
CRC-Response  - 132,3,I001,1*7427 * 31-01-2025 16:31:46.365
CRC-Response  - 132,3,F000,1*4b76 * 31-01-2025 16:31:53.240
Command * WATER VALVE - 2 CONTROL ON - #133,13,2,1*61bb
 * 31-01-2025 16:32:19.308
CRC-Response  - 133,13,F000*c1fa * 31-01-2025 16:32:19.488
Command * Rack-1 Picked from J8 - #134,2,1,35714,800 ,0,0*8606
 * 31-01-2025 16:32:37.663
CRC-Response  - 134,2,I001,1*a706 * 31-01-2025 16:32:37.789
CRC-Response  - 134,2,F000,1*9857 * 31-01-2025 16:32:43.843
Command * Rack-1 Placed in W2 - #135,3,1,46604,800 ,0,0*9090
 * 31-01-2025 16:32:44.397
CRC-Response  - 135,3,I001,1*ae96 * 31-01-2025 16:32:44.505
CRC-Response  - 135,3,F000,1*91c7 * 31-01-2025 16:32:50.980
Command * Rack-3 Picked from J3 - #136,2,1,17564,800 ,0,0*5798
 * 31-01-2025 16:32:56.51
CRC-Response  - 136,2,I001,1*6da7 * 31-01-2025 16:32:56.168
CRC-Response  - 136,2,F000,1*52f6 * 31-01-2025 16:33:04.670
Command * Rack-3 Placed in J4 - #137,3,1,21194,800 ,0,0*643f
 * 31-01-2025 16:33:04.824
CRC-Response  - 137,3,I001,1*6437 * 31-01-2025 16:33:04.930
CRC-Response  - 137,3,F000,1*5b66 * 31-01-2025 16:33:10.601
Command * Rack-4 Picked from J1 - #138,2,1,10304,800,0,0*3250
 * 31-01-2025 16:34:06.160
CRC-Response  - 138,2,I001,1*98c6 * 31-01-2025 16:34:06.287
CRC-Response  - 138,2,F000,1*a797 * 31-01-2025 16:34:12.748
Command * Rack-4 Placed in J2 - #139,3,1,13934,800 ,0,0*0d92
 * 31-01-2025 16:34:12.889
CRC-Response  - 139,3,I001,1*9156 * 31-01-2025 16:34:12.996
CRC-Response  - 139,3,F000,1*ae07 * 31-01-2025 16:34:18.670
Command * WATER VALVE - 1 CONTROL OFF - #140,13,1,0*84ec
 * 31-01-2025 16:34:54.377
CRC-Response  - 140,13,F000*eb5f * 31-01-2025 16:34:54.593
Command * WATER VALVE - 1 CONTROL OFF - #141,13,1,0*482d
 * 31-01-2025 16:34:54.793
CRC-Response  - 141,13,F000*7b52 * 31-01-2025 16:35:00.683
15 Secconds Timer incrementes in Jar W2 for R1 as other racks picking by RA in tmr_r1_incub() * 31-01-2025 16:35:51.730
15 Secconds Timer incrementes in Jar W2 for R1 as other racks picking by RA in tmr_r1_incub() * 31-01-2025 16:36:06.765
15 Secconds Timer incrementes in Jar J4 for R3 as other racks picking by RA in tmr_r3_incub() * 31-01-2025 16:36:11.749
15 Secconds Timer incrementes in Jar W2 for R1 as other racks picking by RA in tmr_r1_incub() * 31-01-2025 16:36:21.845
15 Secconds Timer incrementes in Jar J4 for R3 as other racks picking by RA in tmr_r3_incub() * 31-01-2025 16:36:26.806
15 Secconds Timer incrementes in Jar W2 for R1 as other racks picking by RA in tmr_r1_incub() * 31-01-2025 16:36:36.881
15 Secconds Timer incrementes in Jar J4 for R3 as other racks picking by RA in tmr_r3_incub() * 31-01-2025 16:36:41.863
15 Secconds Timer incrementes in Jar W2 for R1 as other racks picking by RA in tmr_r1_incub() * 31-01-2025 16:36:51.915
15 Secconds Timer incrementes in Jar J4 for R3 as other racks picking by RA in tmr_r3_incub() * 31-01-2025 16:36:56.935
15 Secconds Timer incrementes in Jar W2 for R1 as other racks picking by RA in tmr_r1_incub() * 31-01-2025 16:37:06.988
15 Secconds Timer incrementes in Jar J4 for R3 as other racks picking by RA in tmr_r3_incub() * 31-01-2025 16:37:10.994
15 Secconds Timer incrementes in Jar W2 for R1 as other racks picking by RA in tmr_r1_incub() * 31-01-2025 16:37:22.24
15 Secconds Timer incrementes in Jar J4 for R3 as other racks picking by RA in tmr_r3_incub() * 31-01-2025 16:37:26.72
15 Secconds Timer incrementes in Jar W2 for R1 as other racks picking by RA in tmr_r1_incub() * 31-01-2025 16:37:36.69
15 Secconds Timer incrementes in Jar J4 for R3 as other racks picking by RA in tmr_r3_incub() * 31-01-2025 16:37:41.114
15 Secconds Timer incrementes in Jar W2 for R1 as other racks picking by RA in tmr_r1_incub() * 31-01-2025 16:37:51.102
15 Secconds Timer incrementes in Jar J4 for R3 as other racks picking by RA in tmr_r3_incub() * 31-01-2025 16:37:56.175
15 Secconds Timer incrementes in Jar W2 for R1 as other racks picking by RA in tmr_r1_incub() * 31-01-2025 16:38:06.175
15 Secconds Timer incrementes in Jar J4 for R3 as other racks picking by RA in tmr_r3_incub() * 31-01-2025 16:38:11.224
15 Secconds Timer incrementes in Jar W2 for R1 as other racks picking by RA in tmr_r1_incub() * 31-01-2025 16:38:21.203
15 Secconds Timer incrementes in Jar W2 for R1 as other racks picking by RA in tmr_r1_incub() * 31-01-2025 16:38:48.298
15 Secconds Timer incrementes in Jar J4 for R3 as other racks picking by RA in tmr_r3_incub() * 31-01-2025 16:40:02.41
15 Secconds Timer incrementes in Jar H2 for R5 as other racks picking by RA in tmr_r5_incub() * 31-01-2025 16:40:02.50
15 Secconds Timer incrementes in Jar J2 for R4 as other racks picking by RA in tmr_r4_incub() * 31-01-2025 16:40:02.51
15 Secconds Timer incrementes in Jar W2 for R1 as other racks picking by RA in tmr_r1_incub() * 31-01-2025 16:40:02.52
15 Secconds Timer incrementes in Jar J4 for R3 as other racks picking by RA in tmr_r3_incub() * 31-01-2025 16:40:06.409
15 Secconds Timer incrementes in Jar W2 for R1 as other racks picking by RA in tmr_r1_incub() * 31-01-2025 16:40:06.414
15 Secconds Timer incrementes in Jar J2 for R4 as other racks picking by RA in tmr_r4_incub() * 31-01-2025 16:40:06.415
15 Secconds Timer incrementes in Jar H2 for R5 as other racks picking by RA in tmr_r5_incub() * 31-01-2025 16:40:06.415
15 Secconds Timer incrementes in Jar J2 for R4 as other racks picking by RA in tmr_r4_incub() * 31-01-2025 16:40:07.434
15 Secconds Timer incrementes in Jar W2 for R1 as other racks picking by RA in tmr_r1_incub() * 31-01-2025 16:40:07.436
15 Secconds Timer incrementes in Jar J4 for R3 as other racks picking by RA in tmr_r3_incub() * 31-01-2025 16:40:07.439
15 Secconds Timer incrementes in Jar W2 for R1 as other racks picking by RA in tmr_r1_incub() * 31-01-2025 16:40:08.424
15 Secconds Timer incrementes in Jar J2 for R4 as other racks picking by RA in tmr_r4_incub() * 31-01-2025 16:40:08.425
15 Secconds Timer incrementes in Jar J4 for R3 as other racks picking by RA in tmr_r3_incub() * 31-01-2025 16:40:08.445
15 Secconds Timer incrementes in Jar W2 for R1 as other racks picking by RA in tmr_r1_incub() * 31-01-2025 16:40:09.434
15 Secconds Timer incrementes in Jar J4 for R3 as other racks picking by RA in tmr_r3_incub() * 31-01-2025 16:40:09.442
15 Secconds Timer incrementes in Jar W2 for R1 as other racks picking by RA in tmr_r1_incub() * 31-01-2025 16:40:10.439
15 Secconds Timer incrementes in Jar J4 for R3 as other racks picking by RA in tmr_r3_incub() * 31-01-2025 16:40:10.450
15 Secconds Timer incrementes in Jar J4 for R3 as other racks picking by RA in tmr_r3_incub() * 31-01-2025 16:40:11.448
15 Secconds Timer incrementes in Jar J4 for R3 as other racks picking by RA in tmr_r3_incub() * 31-01-2025 16:40:12.445
15 Secconds Timer incrementes in Jar J2 for R4 as other racks picking by RA in tmr_r4_incub() * 31-01-2025 16:40:19.444
15 Secconds Timer incrementes in Jar H2 for R5 as other racks picking by RA in tmr_r5_incub() * 31-01-2025 16:40:21.462
15 Secconds Timer incrementes in Jar W2 for R1 as other racks picking by RA in tmr_r1_incub() * 31-01-2025 16:40:21.525
User Aborted / Stopped the application forcefully  * 31-01-2025 16:40:25.95
Command * HEATER OFF - #142,12,0*23d1
 * 31-01-2025 16:40:28.186
CRC-Response  - 142,12,F000*5a47 * 31-01-2025 16:40:28.327
Command * WATER VALVE - 1 CONTROL OFF - #143,13,1,0*91ac
 * 31-01-2025 16:40:29.190
CRC-Response  - 143,13,F000*1b4b * 31-01-2025 16:40:29.302
Command * WATER VALVE - 3 CONTROL ON - #144,13,3,1*778d
 * 31-01-2025 16:40:29.856
CRC-Response  - 144,13,F000*2b6d * 31-01-2025 16:40:29.973
Command * WATER VALVE - 4 CONTROL ON - #145,13,4,1*7afd
 * 31-01-2025 16:40:30.529
CRC-Response  - 145,13,F000*bb60 * 31-01-2025 16:40:30.642
Command * WATER VALVE - 5 CONTROL ON - #146,13,5,1*afec
 * 31-01-2025 16:40:31.201
CRC-Response  - 146,13,F000*4b74 * 31-01-2025 16:40:31.312
Command * WATER VALVE - 6 CONTROL ON - #147,13,6,1*63dd
 * 31-01-2025 16:40:31.880
CRC-Response  - 147,13,F000*db79 * 31-01-2025 16:40:31.992
Command * Home Command - #148,5,00100100*4c00
 * 31-01-2025 16:40:32.543
CRC-Response  - 148,5,I001,00100100*52b3 * 31-01-2025 16:40:32.661
CRC-Response  - 148,5,F000*bc3d * 31-01-2025 16:40:32.665
Command * Home Command - #149,5,01111111*2311
 * 31-01-2025 16:40:35.256
CRC-Response  - 149,5,I001,01111111*6e0e * 31-01-2025 16:40:35.363
CRC-Response  - 149,5,F000*70fc * 31-01-2025 16:40:45.633
Command * Home Command - #150,5,01111111*be0f
 * 31-01-2025 16:40:47.988
CRC-Response  - 150,5,I001,01111111*c089 * 31-01-2025 16:40:48.102
CRC-Response  - 150,5,F000*8a31 * 31-01-2025 16:40:48.105
Command * Level Sensing For U1 - #151,4,61124,16380,0,0*c599
 * 31-01-2025 16:40:50.663
CRC-Response  - 151,4,I001*4333 * 31-01-2025 16:40:50.781
CRC-Response  - 151,4,F000,3121*584a * 31-01-2025 16:40:54.922
U1 Value - 3121 * 31-01-2025 16:40:54.936
Device Intialization started * 31-01-2025 17:11:32.490
Command * SET TEMPERATURE - #0,10,37*84ca
 * 31-01-2025 17:11:32.625
CRC-Response  - 0,10,F000*1ae9 * 31-01-2025 17:11:32.736
Command * WATER VALVE - 1 CONTROL ON - #1,13,1,1*7feb
 * 31-01-2025 17:11:33.836
CRC-Response  - 1,13,F000*b9e4 * 31-01-2025 17:11:39.0
Command * WATER VALVE - 2 CONTROL ON - #2,13,2,1*6a5b
 * 31-01-2025 17:11:39.401
CRC-Response  - 2,13,F000*49f0 * 31-01-2025 17:11:39.513
Command * WATER VALVE - 3 CONTROL ON - #3,13,3,1*66cb
 * 31-01-2025 17:11:40.63
CRC-Response  - 3,13,F000*d9fd * 31-01-2025 17:11:40.179
Command * WATER VALVE - 4 CONTROL ON - #4,13,4,1*413b
 * 31-01-2025 17:11:40.733
CRC-Response  - 4,13,F000*e9db * 31-01-2025 17:11:40.846
Command * WATER VALVE - 5 CONTROL ON - #5,13,5,1*4dab
 * 31-01-2025 17:11:41.408
CRC-Response  - 5,13,F000*79d6 * 31-01-2025 17:11:41.521
Command * WATER VALVE - 6 CONTROL ON - #6,13,6,1*581b
 * 31-01-2025 17:11:42.86
CRC-Response  - 6,13,F000*89c2 * 31-01-2025 17:11:42.198
Command * Home Command - #7,5,00100100*dea4
 * 31-01-2025 17:11:42.751
CRC-Response  - 7,5,I001,00100100*33ee * 31-01-2025 17:11:42.867
CRC-Response  - 7,5,F000*0b7a * 31-01-2025 17:11:44.231
Command * Home Command - #8,5,01111111*665c
 * 31-01-2025 17:11:46.463
CRC-Response  - 8,5,I001,01111111*6c37 * 31-01-2025 17:11:46.572
CRC-Response  - 8,5,F000*4b3a * 31-01-2025 17:11:49.943
Command * Home Command - #9,5,01111111*a5a1
 * 31-01-2025 17:11:52.160
CRC-Response  - 9,5,I001,01111111*fc66 * 31-01-2025 17:11:52.273
CRC-Response  - 9,5,F000*87fb * 31-01-2025 17:11:52.277
Command * Level Sensing For U1 - #10,4,61124,16380,0,0*9f4f
 * 31-01-2025 17:11:54.856
CRC-Response  - 10,4,I001*82eb * 31-01-2025 17:11:54.971
CRC-Response  - 10,4,F000,3079*e104 * 31-01-2025 17:11:59.122
U1 Value - 3079 * 31-01-2025 17:11:59.146
Command * Level Sensing For U2 - #11,4,57494,16380,0,0*bade
 * 31-01-2025 17:11:59.527
CRC-Response  - 11,4,I001*4e2a * 31-01-2025 17:11:59.646
CRC-Response  - 11,4,F000,3074*a5c7 * 31-01-2025 17:12:01.931
U2 Value - 3074 * 31-01-2025 17:12:01.951
Command * Level Sensing For U3 - #12,4,53864,16380,0,0*e29a
 * 31-01-2025 17:12:02.247
CRC-Response  - 12,4,I001*5b6a * 31-01-2025 17:12:02.365
CRC-Response  - 12,4,F000,3077*6782 * 31-01-2025 17:12:04.652
U3 Value - 3077 * 31-01-2025 17:12:04.669
Command * Level Sensing For U4 - #13,4,50234,16380,0,0*1bb0
 * 31-01-2025 17:12:04.923
CRC-Response  - 13,4,I001*97ab * 31-01-2025 17:12:05.38
CRC-Response  - 13,4,F000,3067*7681 * 31-01-2025 17:12:07.320
U4 Value - 3067 * 31-01-2025 17:12:07.336
Command * Level Sensing For U5 - #14,4,46604,16380,0,0*e9c8
 * 31-01-2025 17:12:07.594
CRC-Response  - 14,4,I001*71ea * 31-01-2025 17:12:07.709
CRC-Response  - 14,4,F000,3067*318a * 31-01-2025 17:12:10.3
U5 Value - 3067 * 31-01-2025 17:12:10.21
Command * Level Sensing For U6 - #15,4,42974,16380,0,0*1511
 * 31-01-2025 17:12:10.277
CRC-Response  - 15,4,I001*bd2b * 31-01-2025 17:12:10.393
CRC-Response  - 15,4,F000,3079*e408 * 31-01-2025 17:12:12.686
U6 Value - 3079 * 31-01-2025 17:12:12.701
Command * Level Sensing For J1 - #16,4,10304,800,0,0*e5a2
 * 31-01-2025 17:12:12.952
CRC-Response  - 16,4,I001*a86b * 31-01-2025 17:12:13.71
CRC-Response  - 16,4,F000,3074*e2cc * 31-01-2025 17:12:18.603
J1 Value - 3074 * 31-01-2025 17:12:18.620
