Command * WATER VALVE - 1 CONTROL OFF - #0,13,1,0*73eb
 * 25-02-2025 17:50:45.3
CRC-Response  - 0,13,F000*29e9 * 25-02-2025 17:50:45.358
Command * WATER VALVE - 2 CONTROL OFF - #1,13,2,0*bfda
 * 25-02-2025 17:50:45.919
CRC-Response  - 1,13,F000*b9e4 * 25-02-2025 17:50:46.127
Command * WATER VALVE - 3 CONTROL OFF - #2,13,3,0*6acb
 * 25-02-2025 17:50:46.682
CRC-Response  - 2,13,F000*49f0 * 25-02-2025 17:50:46.899
Command * WATER VALVE - 4 CONTROL OFF - #3,13,4,0*67bb
 * 25-02-2025 17:50:47.452
CRC-Response  - 3,13,F000*d9fd * 25-02-2025 17:50:47.657
Command * WATER VALVE - 5 CONTROL OFF - #4,13,5,0*41ab
 * 25-02-2025 17:50:48.221
CRC-Response  - 4,13,F000*e9db * 25-02-2025 17:50:48.426
Command * WATER VALVE - 6 CONTROL OFF - #5,13,6,0*8d9a
 * 25-02-2025 17:50:48.979
CRC-Response  - 5,13,F000*79d6 * 25-02-2025 17:50:49.184
Command * Home Command - #6,5,01111111*b1b5
 * 25-02-2025 17:50:49.734
CRC-Response  - 6,5,I001,01111111*0f53 * 25-02-2025 17:50:49.940
CRC-Response  - 6,5,F000*c7bb * 25-02-2025 17:51:03.225
Command * Home Command - #7,5,01111111*7248
 * 25-02-2025 17:51:05.518
CRC-Response  - 7,5,I001,01111111*9f02 * 25-02-2025 17:51:05.770
CRC-Response  - 7,5,F000*0b7a * 25-02-2025 17:51:18.993
Command * Level Sensing For L1 - #8,4,17564,16380,0,0*ab6b
 * 25-02-2025 17:51:20.346
CRC-Response  - 8,4,I001*4ef9 * 25-02-2025 17:51:20.557
CRC-Response  - 8,4,F000,763*e0c3 * 25-02-2025 17:51:24.651
L1 Value - 600 * 25-02-2025 17:51:24.676
Command * Level Sensing For L2 - #9,4,13934,16380,0,0*534e
 * 25-02-2025 17:51:25.107
CRC-Response  - 9,4,I001*8238 * 25-02-2025 17:51:25.316
CRC-Response  - 9,4,F000,780*427a * 25-02-2025 17:51:27.609
L2 Value - 600 * 25-02-2025 17:51:27.627
Command * Level Sensing For L3 - #10,4,10304,16380,0,0*d9f6
 * 25-02-2025 17:51:27.867
CRC-Response  - 10,4,I001*82eb * 25-02-2025 17:51:28.87
CRC-Response  - 10,4,F000,774*f546 * 25-02-2025 17:51:30.383
L3 Value - 600 * 25-02-2025 17:51:30.404
Command * Home Command - #11,5,01111111*e264
 * 25-02-2025 17:51:30.641
CRC-Response  - 11,5,I001,01111111*59be * 25-02-2025 17:51:30.852
CRC-Response  - 11,5,F000*4be9 * 25-02-2025 17:51:44.128
Command * Home Command - #12,5,01111111*e660
 * 25-02-2025 17:51:46.418
CRC-Response  - 12,5,I001,01111111*a94e * 25-02-2025 17:51:46.629
CRC-Response  - 12,5,F000*5ea9 * 25-02-2025 17:51:59.905
Rack - 1Protocol Started * 25-02-2025 17:52:01.659
Command * Rack-1 Picked from L1 - #13,2,1,17564,16380,0,0*bdee
 * 25-02-2025 17:52:01.769
CRC-Response  - 13,2,I001,1*a063 * 25-02-2025 17:52:01.985
CRC-Response  - 13,2,F000,1*9f32 * 25-02-2025 17:52:08.2
Command * Rack-1 Placed in J1 - #14,3,1,10304,800,0,0*3371
 * 25-02-2025 17:52:08.595
CRC-Response  - 14,3,I001,1*b613 * 25-02-2025 17:52:08.804
CRC-Response  - 14,3,F000,1*8942 * 25-02-2025 17:52:15.216
Command * Rack-1 Picked from J1 - #15,2,1,10304,800,0,0*5f1d
 * 25-02-2025 17:54:15.413
CRC-Response  - 15,2,I001,1*bf83 * 25-02-2025 17:54:15.628
CRC-Response  - 15,2,F000,1*80d2 * 25-02-2025 17:54:20.727
Command * Rack-1 Placed in J2 - #16,3,1,13934,800 ,0,0*da46
 * 25-02-2025 17:54:21.213
CRC-Response  - 16,3,I001,1*7cb2 * 25-02-2025 17:54:21.423
CRC-Response  - 16,3,F000,1*43e3 * 25-02-2025 17:54:27.30
Rack - 2Protocol Started * 25-02-2025 17:55:30.71
Command * Rack-2 Picked from L2 - #17,2,1,13934,16380,0,0*3db3
 * 25-02-2025 17:55:30.165
CRC-Response  - 17,2,I001,1*7522 * 25-02-2025 17:55:30.441
CRC-Response  - 17,2,F000,1*4a73 * 25-02-2025 17:55:36.799
Command * Rack-2 Placed in J1 - #18,3,1,10304,800,0,0*6262
 * 25-02-2025 17:55:37.130
CRC-Response  - 18,3,I001,1*89d3 * 25-02-2025 17:55:37.342
CRC-Response  - 18,3,F000,1*b682 * 25-02-2025 17:55:43.767
Command * Rack-1 Picked from J2 - #19,2,1,13934,800 ,0,0*d843
 * 25-02-2025 17:56:27.515
CRC-Response  - 19,2,I001,1*8043 * 25-02-2025 17:56:27.765
CRC-Response  - 19,2,F000,1*bf12 * 25-02-2025 17:56:33.329
Command * Rack-1 Placed in J3 - #20,3,1,17564,800 ,0,0*d7f2
 * 25-02-2025 17:56:33.860
CRC-Response  - 20,3,I001,1*275d * 25-02-2025 17:56:34.77
CRC-Response  - 20,3,F000,1*180c * 25-02-2025 17:56:39.681
Command * Rack-2 Picked from J1 - #21,2,1,10304,800,0,0*5ca8
 * 25-02-2025 17:57:43.944
CRC-Response  - 21,2,I001,1*2ecd * 25-02-2025 17:57:44.163
CRC-Response  - 21,2,F000,1*119c * 25-02-2025 17:57:50.179
Command * Rack-2 Placed in J2 - #22,3,1,13934,800 ,0,0*6d84
 * 25-02-2025 17:57:50.740
CRC-Response  - 22,3,I001,1*edfc * 25-02-2025 17:57:50.953
CRC-Response  - 22,3,F000,1*d2ad * 25-02-2025 17:57:56.569
Command * Rack-1 Picked from J3 - #23,2,1,17564,800 ,0,0*18e7
 * 25-02-2025 17:58:40.192
CRC-Response  - 23,2,I001,1*e46c * 25-02-2025 17:58:40.417
CRC-Response  - 23,2,F000,1*db3d * 25-02-2025 17:58:46.24
Command * Rack-1 Placed in J4 - #24,3,1,21194,800 ,0,0*4dc8
 * 25-02-2025 17:58:46.505
CRC-Response  - 24,3,I001,1*f21c * 25-02-2025 17:58:46.719
CRC-Response  - 24,3,F000,1*cd4d * 25-02-2025 17:58:52.329
Rack - R3Protocol Started * 25-02-2025 17:58:58.630
Command * Rack-3 Picked from L3 - #25,2,1,10304,16380,0,0*c7fc
 * 25-02-2025 17:58:58.715
CRC-Response  - 25,2,I001,1*fb8c * 25-02-2025 17:58:58.923
CRC-Response  - 25,2,F000,1*c4dd * 25-02-2025 17:59:05.347
Command * Rack-3 Placed in J1 - #26,3,1,10304,800,0,0*b84c
 * 25-02-2025 17:59:05.514
CRC-Response  - 26,3,I001,1*38bd * 25-02-2025 17:59:05.733
CRC-Response  - 26,3,F000,1*07ec * 25-02-2025 17:59:12.136
Command * Rack-2 Picked from J2 - #27,2,1,13934,800 ,0,0*c419
 * 25-02-2025 17:59:57.40
CRC-Response  - 27,2,I001,1*312d * 25-02-2025 17:59:57.353
CRC-Response  - 27,2,F000,1*0e7c * 25-02-2025 18:00:02.861
Command * Rack-2 Placed in J3 - #28,3,1,17564,800 ,0,0*9e13
 * 25-02-2025 18:00:03.425
CRC-Response  - 28,3,I001,1*cddc * 25-02-2025 18:00:03.636
CRC-Response  - 28,3,F000,1*f28d * 25-02-2025 18:00:09.244
Command * Rack-1 Picked from J4 - #29,2,1,21194,800 ,0,0*adb4
 * 25-02-2025 18:00:52.857
CRC-Response  - 29,2,I001,1*c44c * 25-02-2025 18:00:53.83
CRC-Response  - 29,2,F000,1*fb1d * 25-02-2025 18:00:58.681
Command * Rack-1 Placed in J5 - #30,3,1,24824,800 ,0,0*251c
 * 25-02-2025 18:00:59.161
CRC-Response  - 30,3,I001,1*db59 * 25-02-2025 18:00:59.375
CRC-Response  - 30,3,F000,1*e408 * 25-02-2025 18:01:04.983
Command * Rack-3 Picked from J1 - #31,2,1,10304,800,0,0*8d95
 * 25-02-2025 18:01:13.326
CRC-Response  - 31,2,I001,1*d2c9 * 25-02-2025 18:01:13.531
CRC-Response  - 31,2,F000,1*ed98 * 25-02-2025 18:01:20.387
Command * Rack-3 Placed in J2 - #32,3,1,13934,800 ,0,0*bc94
 * 25-02-2025 18:01:20.606
CRC-Response  - 32,3,I001,1*11f8 * 25-02-2025 18:01:20.823
CRC-Response  - 32,3,F000,1*2ea9 * 25-02-2025 18:01:26.423
Command * Rack-2 Picked from J3 - #33,2,1,17564,800 ,0,0*c9f7
 * 25-02-2025 18:02:09.733
CRC-Response  - 33,2,I001,1*1868 * 25-02-2025 18:02:10.47
CRC-Response  - 33,2,F000,1*2739 * 25-02-2025 18:02:15.558
Command * Rack-2 Placed in J4 - #34,3,1,21194,800 ,0,0*9cd8
 * 25-02-2025 18:02:16.129
CRC-Response  - 34,3,I001,1*0e18 * 25-02-2025 18:02:16.331
CRC-Response  - 34,3,F000,1*3149 * 25-02-2025 18:02:21.937
Command * Level Sensing For L1 - #35,4,17564,16380,0,0*fe44
 * 25-02-2025 18:02:30.571
CRC-Response  - 35,4,I001*dd32 * 25-02-2025 18:02:30.790
CRC-Response  - 35,4,F000,779*7e8c * 25-02-2025 18:02:34.865
L1 Value - 600 * 25-02-2025 18:02:34.885
Command * Level Sensing For L2 - #36,4,13934,16380,0,0*be18
 * 25-02-2025 18:02:35.340
CRC-Response  - 36,4,I001*c872 * 25-02-2025 18:02:35.545
CRC-Response  - 36,4,F000,787*4e0c * 25-02-2025 18:02:37.848
L2 Value - 600 * 25-02-2025 18:02:37.949
Command * Level Sensing For L3 - #37,4,10304,16380,0,0*4f3a
 * 25-02-2025 18:02:38.104
CRC-Response  - 37,4,I001*04b3 * 25-02-2025 18:02:38.312
CRC-Response  - 37,4,F000,765*2c74 * 25-02-2025 18:02:40.605
L3 Value - 600 * 25-02-2025 18:02:40.622
Command * Home Command - #38,5,01111111*bc7f
 * 25-02-2025 18:02:40.880
CRC-Response  - 38,5,I001,01111111*b3c9 * 25-02-2025 18:02:41.87
CRC-Response  - 38,5,F000*4130 * 25-02-2025 18:02:54.367
Command * Home Command - #39,5,01111111*7f82
 * 25-02-2025 18:02:56.683
CRC-Response  - 39,5,I001,01111111*2398 * 25-02-2025 18:02:56.903
Rack R3delayed by 11 seconds due to As other rack is ready for pickup in Jar J2 in tmr_r3_incub() function * 25-02-2025 18:03:05.860
CRC-Response  - 39,5,F000*8df1 * 25-02-2025 18:03:10.163
Rack - 4Protocol Started * 25-02-2025 18:03:11.930
Command * Rack-4 Picked from L1 - #40,2,1,17564,16380,0,0*b148
 * 25-02-2025 18:03:12.28
CRC-Response  - 40,2,I001,1*6382 * 25-02-2025 18:03:12.242
CRC-Response  - 40,2,F000,1*5cd3 * 25-02-2025 18:03:18.257
Command * Rack-4 Placed in J1 - #42,3,1,10304,800,0,0*ee35
 * 25-02-2025 18:03:18.824
CRC-Response  - 42,3,I001,1*65e2 * 25-02-2025 18:03:19.31
CRC-Response  - 42,3,F000,1*5ab3 * 25-02-2025 18:03:25.445
Command * Rack-3 Picked from J2 - #43,2,1,13934,800 ,0,0*268e
 * 25-02-2025 18:03:37.927
CRC-Response  - 43,2,I001,1*6c72 * 25-02-2025 18:03:38.135
CRC-Response  - 43,2,F000,1*5323 * 25-02-2025 18:03:43.745
Command * Rack-1 Placed in J6 - #44,3,1,28454,800 ,0,0*be80
 * 25-02-2025 18:03:43.840
CRC-Response  - 44,3,I001,1*7a02 * 25-02-2025 18:03:44.53
CRC-Response  - 44,3,F000,1*4553 * 25-02-2025 18:03:50.889
Command * Rack-2 Picked from J4 - #45,2,1,21194,800 ,0,0*06c2
 * 25-02-2025 18:04:23.423
CRC-Response  - 45,2,I001,1*7392 * 25-02-2025 18:04:23.675
CRC-Response  - 45,2,F000,1*4cc3 * 25-02-2025 18:04:29.661
Command * Rack-2 Placed in J5 - #46,3,1,24824,800 ,0,0*f4e2
 * 25-02-2025 18:04:29.755
CRC-Response  - 46,3,I001,1*b0a3 * 25-02-2025 18:04:29.968
CRC-Response  - 46,3,F000,1*8ff2 * 25-02-2025 18:04:35.577
Command * Rack-3 Placed in J3 - #47,3,1,17564,800 ,0,0*0621
 * 25-02-2025 18:04:35.707
CRC-Response  - 47,3,I001,1*75f2 * 25-02-2025 18:04:35.917
CRC-Response  - 47,3,F000,1*4aa3 * 25-02-2025 18:04:41.944
Command * Rack-4 Picked from J1 - #48,2,1,10304,800,0,0*a7ff
 * 25-02-2025 18:05:25.632
CRC-Response  - 48,2,I001,1*8903 * 25-02-2025 18:05:25.982
CRC-Response  - 48,2,F000,1*b652 * 25-02-2025 18:05:31.863
Command * Rack-1 Picked from J6 - #49,2,1,28454,800 ,0,0*5efc
 * 25-02-2025 18:05:51.187
CRC-Response  - 49,2,I001,1*4c52 * 25-02-2025 18:05:51.469
CRC-Response  - 49,2,F000,1*7303 * 25-02-2025 18:05:58.646
Command * Rack-1 Placed in J7 - #50,3,1,32084,800 ,0,0*43b3
 * 25-02-2025 18:05:59.51
CRC-Response  - 50,3,I001,1*5347 * 25-02-2025 18:05:59.265
CRC-Response  - 50,3,F000,1*6c16 * 25-02-2025 18:06:04.873
Command * Rack-4 Placed in J2 - #51,3,1,13934,800 ,0,0*e9b6
 * 25-02-2025 18:06:05.92
CRC-Response  - 51,3,I001,1*9616 * 25-02-2025 18:06:05.301
CRC-Response  - 51,3,F000,1*a947 * 25-02-2025 18:06:12.561
Command * Rack-2 Picked from J5 - #52,2,1,24824,800 ,0,0*5d52
 * 25-02-2025 18:06:42.97
CRC-Response  - 52,2,I001,1*5527 * 25-02-2025 18:06:42.347
CRC-Response  - 52,2,F000,1*6a76 * 25-02-2025 18:06:48.747
Command * Rack-3 Picked from J3 - #53,2,1,17564,800 ,0,0*af91
 * 25-02-2025 18:07:31.999
CRC-Response  - 53,2,I001,1*9076 * 25-02-2025 18:07:32.222
CRC-Response  - 53,2,F000,1*af27 * 25-02-2025 18:07:38.239
Command * Rack-2 Placed in J6 - #54,3,1,28454,800 ,0,0*6f90
 * 25-02-2025 18:07:38.463
CRC-Response  - 54,3,I001,1*8606 * 25-02-2025 18:07:38.675
CRC-Response  - 54,3,F000,1*b957 * 25-02-2025 18:07:45.105
Rack - 5Protocol Started * 25-02-2025 18:07:53.196
Command * Rack-5 Picked from L2 - #55,2,1,13934,16380,0,0*2cd5
 * 25-02-2025 18:07:53.285
CRC-Response  - 55,2,I001,1*8f96 * 25-02-2025 18:07:53.490
CRC-Response  - 55,2,F000,1*b0c7 * 25-02-2025 18:08:00.325
Command * Rack-5 Placed in J1 - #56,3,1,10304,800,0,0*0ff9
 * 25-02-2025 18:08:00.587
CRC-Response  - 56,3,I001,1*4ca7 * 25-02-2025 18:08:00.801
CRC-Response  - 56,3,F000,1*73f6 * 25-02-2025 18:08:07.204
Command * Rack-3 Placed in J4 - #57,3,1,21194,800 ,0,0*c9fa
 * 25-02-2025 18:08:07.316
CRC-Response  - 57,3,I001,1*89f6 * 25-02-2025 18:08:07.526
CRC-Response  - 57,3,F000,1*b6a7 * 25-02-2025 18:08:13.964
Command * Rack-4 Picked from J2 - #59,2,1,13934,800 ,0,0*5c06
 * 25-02-2025 18:08:48.935
CRC-Response  - 59,2,I001,1*b056 * 25-02-2025 18:08:49.152
CRC-Response  - 59,2,F000,1*8f07 * 25-02-2025 18:08:55.167
Rack - 6Protocol Started * 25-02-2025 18:12:24.27
Command * Rack-6 Picked from L3 - #60,2,1,21194,800 ,0,0*b12d
 * 25-02-2025 18:12:24.602
CRC-Response  - 60,2,I001,1*db89 * 25-02-2025 18:12:24.822
CRC-Response  - 60,2,F000,1*e4d8 * 25-02-2025 18:12:30.837
Command * Rack-6 Picked from L3 - #63,2,1,10304,16380,0,0*52df
 * 25-02-2025 18:12:30.901
CRC-Response  - 63,2,I001,1*d479 * 25-02-2025 18:12:31.115
CRC-Response  - 63,2,F000,1*eb28 * 25-02-2025 18:12:37.538
Command * Rack-4 Placed in J3 - #65,3,1,17564,800 ,0,0*067b
 * 25-02-2025 18:12:37.747
CRC-Response  - 65,3,I001,1*0758 * 25-02-2025 18:12:37.957
CRC-Response  - 65,3,F000,1*3809 * 25-02-2025 18:12:44.370
Command * Rack-5 Placed in J2 - #66,3,1,13934,800 ,0,0*6d30
 * 25-02-2025 18:12:44.480
CRC-Response  - 66,3,I001,1*08a8 * 25-02-2025 18:12:44.695
CRC-Response  - 66,3,F000,1*37f9 * 25-02-2025 18:12:50.306
Command * Rack-6 Placed in J1 - #67,3,1,10304,800,0,0*c080
 * 25-02-2025 18:12:50.626
CRC-Response  - 67,3,I001,1*cdf9 * 25-02-2025 18:12:50.833
CRC-Response  - 67,3,F000,1*f2a8 * 25-02-2025 18:12:56.444
