Command * RACK HOLDING STATUS - #0,7*d92c
 * 05-12-2023 11:56:16.398
Device Intialization started * 05-12-2023 11:56:17.817
Command * Home Command - #1,5,11111111*b681
 * 05-12-2023 11:56:17.967
Command * Home Command - #0,7*d92c
 * 05-12-2023 11:56:22.978
Command * Home Command - #1,5,11111111*b681
 * 05-12-2023 11:56:27.979
Response  - 1,5,11111111*b681 * 05-12-2023 11:56:33.148
Command * Home Command - #1,5,11111111*b681
 * 05-12-2023 11:56:33.177
Command * RACK HOLDING STATUS - #5,7*d83c
 * 05-12-2023 11:57:53.757
Response  - 5,7,F000,01*2c20 * 05-12-2023 11:57:53.929
Device Intialization started * 05-12-2023 11:57:54.333
Command * Home Command - #6,5,11111111*7d74
 * 05-12-2023 11:57:54.335
Response  - 6,5,I001,11111111*c392 * 05-12-2023 11:57:54.803
Response  - 6,5,F000*c7bb * 05-12-2023 11:57:56.361
Command * Home Command - #7,5,11111111*be89
 * 05-12-2023 11:58:01.704
Response  - 7,5,I001,11111111*53c3 * 05-12-2023 11:58:01.871
Response  - 7,5,F000*0b7a * 05-12-2023 11:58:01.876
Response  - 0,16,F000*7ce9 * 05-12-2023 11:58:01.893
Command * Level Sensing For U1 - #8,4,64754,16380,0,0*ec2c
 * 05-12-2023 11:58:07.295
Response  - 8,4,I001*4ef9 * 05-12-2023 11:58:07.464
Response  - 8,4,F000,2425*dac0 * 05-12-2023 11:58:12.391
U1 Value - 2425 * 05-12-2023 11:58:12.420
Command * Level Sensing For U2 - #9,4,61124,16380,0,0*18e8
 * 05-12-2023 11:58:12.847
Response  - 9,4,I001*8238 * 05-12-2023 11:58:13.23
Response  - 9,4,F000,2449*fec1 * 05-12-2023 11:58:17.83
U2 Value - 2449 * 05-12-2023 11:58:17.99
Command * Level Sensing For U3 - #10,4,57494,16380,0,0*46e3
 * 05-12-2023 11:58:17.522
Response  - 10,4,I001*82eb * 05-12-2023 11:58:17.690
Response  - 10,4,F000,2432*db07 * 05-12-2023 11:58:21.760
U3 Value - 2432 * 05-12-2023 11:58:21.776
Command * Level Sensing For U4 - #11,4,53864,16380,0,0*a6de
 * 05-12-2023 11:58:22.98
Response  - 11,4,I001*4e2a * 05-12-2023 11:58:22.256
Response  - 11,4,F000,2434*5885 * 05-12-2023 11:58:26.331
U4 Value - 2434 * 05-12-2023 11:58:26.348
Command * Level Sensing For U5 - #12,4,50234,16380,0,0*e78d
 * 05-12-2023 11:58:26.728
Response  - 12,4,I001*5b6a * 05-12-2023 11:58:26.894
Response  - 12,4,F000,2467*cac3 * 05-12-2023 11:58:30.966
U5 Value - 2467 * 05-12-2023 11:58:30.985
Command * Level Sensing For U6 - #13,4,46604,16380,0,0*9d7d
 * 05-12-2023 11:58:31.325
Response  - 13,4,I001*97ab * 05-12-2023 11:58:31.492
Response  - 13,4,F000,2442*2800 * 05-12-2023 11:58:35.565
U6 Value - 2442 * 05-12-2023 11:58:35.583
Command * Level Sensing For J1 - #14,4,10304,800,0,0*8503
 * 05-12-2023 11:58:35.928
Response  - 14,4,I001*71ea * 05-12-2023 11:58:36.94
Response  - 14,4,F000,2454*fd8a * 05-12-2023 11:58:43.854
J1 Value - 2454 * 05-12-2023 11:58:43.873
Command * Level Sensing For J2 - #15,4,13934,800 ,0,0*e158
 * 05-12-2023 11:58:44.33
Response  - 15,4,I001*bd2b * 05-12-2023 11:58:44.191
Response  - 15,4,F000,2438*d98b * 05-12-2023 11:58:48.263
J2 Value - 2438 * 05-12-2023 11:58:48.280
Command * Level Sensing For J3 - #16,4,17564,800 ,0,0*fda7
 * 05-12-2023 11:58:48.608
Response  - 16,4,I001*a86b * 05-12-2023 11:58:48.773
Response  - 16,4,F000,2496*7e09 * 05-12-2023 11:58:52.849
J3 Value - 2496 * 05-12-2023 11:58:52.868
Command * Level Sensing For J4 - #17,4,21194,800 ,0,0*1f3d
 * 05-12-2023 11:58:53.197
Response  - 17,4,I001*64aa * 05-12-2023 11:58:53.365
Response  - 17,4,F000,2456*ff0e * 05-12-2023 11:58:57.430
J4 Value - 2456 * 05-12-2023 11:58:57.449
Command * Level Sensing For J5 - #18,4,24824,800 ,0,0*353b
 * 05-12-2023 11:58:57.823
Response  - 18,4,I001*24ea * 05-12-2023 11:58:58.75
Response  - 18,4,F000,2475*915b * 05-12-2023 11:59:02.59
J5 Value - 2475 * 05-12-2023 11:59:02.76
Command * Level Sensing For J6 - #19,4,28454,800 ,0,0*6171
 * 05-12-2023 11:59:02.439
Response  - 19,4,I001*e82b * 05-12-2023 11:59:02.603
Response  - 19,4,F000,2461*4359 * 05-12-2023 11:59:06.668
J6 Value - 2461 * 05-12-2023 11:59:06.686
Command * Level Sensing For J7 - #20,4,32084,800 ,0,0*1334
 * 05-12-2023 11:59:07.36
Response  - 20,4,I001*72ff * 05-12-2023 11:59:07.195
Response  - 20,4,F000,2434*da84 * 05-12-2023 11:59:11.267
J7 Value - 2434 * 05-12-2023 11:59:11.286
Command * Level Sensing For J8 - #21,4,35714,800 ,0,0*ffb5
 * 05-12-2023 11:59:11.599
Response  - 21,4,I001*be3e * 05-12-2023 11:59:11.765
Response  - 21,4,F000,2468*0e85 * 05-12-2023 11:59:15.837
J8 Value - 2468 * 05-12-2023 11:59:15.852
Command * Level Sensing For J9 - #22,4,39344,800 ,0,0*74b4
 * 05-12-2023 11:59:16.186
Response  - 22,4,I001*ab7e * 05-12-2023 11:59:16.348
Response  - 22,4,F000,2478*5d81 * 05-12-2023 11:59:20.423
J9 Value - 2478 * 05-12-2023 11:59:20.442
Command * Level Sensing For W1 - #23,4,42974,800 ,0,0*98ee
 * 05-12-2023 11:59:20.784
Response  - 23,4,I001*67bf * 05-12-2023 11:59:20.951
Response  - 23,4,F000,2479*1c42 * 05-12-2023 11:59:25.23
W1 Value - 2479 * 05-12-2023 11:59:25.43
Command * Level Sensing For W2 - #24,4,46604,800 ,0,0*095f
 * 05-12-2023 11:59:25.381
Response  - 24,4,I001*81fe * 05-12-2023 11:59:25.550
Response  - 24,4,F000,2471*9d48 * 05-12-2023 11:59:29.612
W2 Value - 2471 * 05-12-2023 11:59:29.630
Command * Level Sensing For W3 - #25,4,50234,800 ,0,0*79f9
 * 05-12-2023 11:59:29.979
Response  - 25,4,I001*4d3f * 05-12-2023 11:59:30.140
Response  - 25,4,F000,2452*7d0b * 05-12-2023 11:59:34.219
W3 Value - 2452 * 05-12-2023 11:59:34.237
Command * Level Sensing For J10 - #26,4,53864,800 ,0,0*2a05
 * 05-12-2023 11:59:34.550
Response  - 26,4,I001*587f * 05-12-2023 11:59:34.717
Response  - 26,4,F000,2464*4c8e * 05-12-2023 11:59:38.773
J10 Value - 2464 * 05-12-2023 11:59:38.792
Command * Level Sensing For J11 - #27,4,57494,800 ,0,0*567a
 * 05-12-2023 11:59:39.167
Response  - 27,4,I001*94be * 05-12-2023 11:59:39.335
Response  - 27,4,F000,2451*3e4c * 05-12-2023 11:59:43.393
J11 Value - 2451 * 05-12-2023 11:59:43.413
Command * Level Sensing For J12 - #28,4,61124,800 ,0,0*ac6a
 * 05-12-2023 11:59:43.755
Response  - 28,4,I001*d4fe * 05-12-2023 11:59:43.921
Response  - 28,4,F000,2444*a299 * 05-12-2023 11:59:47.987
J12 Value - 2444 * 05-12-2023 11:59:48.6
Command * Level Sensing For J13 - #29,4,64754,800 ,0,0*2925
 * 05-12-2023 11:59:48.351
Response  - 29,4,I001*183f * 05-12-2023 11:59:48.515
Response  - 29,4,F000,2513*7188 * 05-12-2023 11:59:52.584
J13 Value - 2513 * 05-12-2023 11:59:52.604
Command * Level Sensing For J14 - #30,4,64754,8590,0,0*115f
 * 05-12-2023 11:59:52.943
Response  - 30,4,I001*e2f2 * 05-12-2023 11:59:53.111
Response  - 30,4,F000,2505*eb14 * 05-12-2023 11:59:57.354
J14 Value - 2505 * 05-12-2023 11:59:57.383
Command * Level Sensing For J15 - #31,4,61124,8590,0,0*9410
 * 05-12-2023 11:59:57.550
Response  - 31,4,I001*2e33 * 05-12-2023 11:59:57.711
Response  - 31,4,F000,2459*ff44 * 05-12-2023 12:00:01.782
J15 Value - 2459 * 05-12-2023 12:00:01.798
Command * Level Sensing For J16 - #32,4,57494,8590,0,0*3dc3
 * 05-12-2023 12:00:02.192
Response  - 32,4,I001*3b73 * 05-12-2023 12:00:02.355
Response  - 32,4,F000,2469*cc41 * 05-12-2023 12:00:06.418
J16 Value - 2469 * 05-12-2023 12:00:06.432
Command * Level Sensing For J17 - #33,4,53864,8590,0,0*41bc
 * 05-12-2023 12:00:06.773
Response  - 33,4,I001*f7b2 * 05-12-2023 12:00:06.945
Response  - 33,4,F000,2463*4ac3 * 05-12-2023 12:00:11.9
J17 Value - 2463 * 05-12-2023 12:00:11.27
Command * Level Sensing For W4 - #34,4,50234,8590,0,0*2301
 * 05-12-2023 12:00:11.405
Response  - 34,4,I001*11f3 * 05-12-2023 12:00:11.571
Response  - 34,4,F000,2462*cd09 * 05-12-2023 12:00:15.634
W4 Value - 2462 * 05-12-2023 12:00:15.653
Command * Level Sensing For W5 - #35,4,46604,8590,0,0*53a7
 * 05-12-2023 12:00:15.980
Response  - 35,4,I001*dd32 * 05-12-2023 12:00:16.149
Response  - 35,4,F000,2436*df09 * 05-12-2023 12:00:20.213
W5 Value - 2436 * 05-12-2023 12:00:20.233
Command * Level Sensing For W6 - #36,4,42974,8590,0,0*f357
 * 05-12-2023 12:00:20.574
Response  - 36,4,I001*c872 * 05-12-2023 12:00:20.740
Response  - 36,4,F000,2446*2c0e * 05-12-2023 12:00:24.814
W6 Value - 2446 * 05-12-2023 12:00:24.824
Command * Level Sensing For J18 - #37,4,39344,8590,0,0*1f0d
 * 05-12-2023 12:00:25.159
Response  - 37,4,I001*04b3 * 05-12-2023 12:00:25.330
Response  - 37,4,F000,2474*9c8d * 05-12-2023 12:00:29.396
J18 Value - 2474 * 05-12-2023 12:00:29.408
Command * Level Sensing For J19 - #38,4,35714,8590,0,0*c7cf
 * 05-12-2023 12:00:29.740
Response  - 38,4,I001*44f3 * 05-12-2023 12:00:29.897
Response  - 38,4,F000,2480*a09d * 05-12-2023 12:00:33.965
J19 Value - 2480 * 05-12-2023 12:00:33.975
Command * Level Sensing For J20 - #39,4,32084,8590,0,0*2b4e
 * 05-12-2023 12:00:34.313
Response  - 39,4,I001*8832 * 05-12-2023 12:00:34.478
Response  - 39,4,F000,2458*779a * 05-12-2023 12:00:38.550
J20 Value - 2458 * 05-12-2023 12:00:38.564
Command * Level Sensing For J21 - #40,4,28454,8590,0,0*69fa
 * 05-12-2023 12:00:38.896
Response  - 40,4,I001*d2d4 * 05-12-2023 12:00:39.63
Response  - 40,4,F000,2472*1e00 * 05-12-2023 12:00:43.129
J21 Value - 2472 * 05-12-2023 12:00:43.143
Command * Level Sensing For J22 - #41,4,24824,8590,0,0*3db0
 * 05-12-2023 12:00:43.479
Response  - 41,4,I001*1e15 * 05-12-2023 12:00:43.649
Response  - 41,4,F000,2465*cd42 * 05-12-2023 12:00:47.713
J22 Value - 2465 * 05-12-2023 12:00:47.725
Command * Level Sensing For J23 - #42,4,21194,8590,0,0*4475
 * 05-12-2023 12:00:48.48
Response  - 42,4,I001*0b55 * 05-12-2023 12:00:48.216
Response  - 42,4,F000,2456*ff07 * 05-12-2023 12:00:52.286
J23 Value - 2456 * 05-12-2023 12:00:52.297
Command * Level Sensing For J24 - #43,4,17564,8590,0,0*a6ef
 * 05-12-2023 12:00:52.645
Response  - 43,4,I001*c794 * 05-12-2023 12:00:52.804
Response  - 43,4,F000,2456*7e05 * 05-12-2023 12:00:56.880
J24 Value - 2456 * 05-12-2023 12:00:56.893
Command * Level Sensing For J25 - #44,4,13934,8590,0,0*8b51
 * 05-12-2023 12:00:57.228
Response  - 44,4,I001*21d5 * 05-12-2023 12:00:57.397
Response  - 44,4,F000,2457*f9cf * 05-12-2023 12:01:01.454
J25 Value - 2457 * 05-12-2023 12:01:01.464
Command * Level Sensing For J26 - #45,4,10304,8590,0,0*e812
 * 05-12-2023 12:01:01.819
Response  - 45,4,I001*ed14 * 05-12-2023 12:01:01.987
Response  - 45,4,F000,2459*bc4c * 05-12-2023 12:01:06.46
J26 Value - 2459 * 05-12-2023 12:01:06.59
Command * Level Sensing For J27 - #46,4,42974,16380,0,0*0499
 * 05-12-2023 12:01:06.393
Response  - 46,4,I001*f854 * 05-12-2023 12:01:06.559
Response  - 46,4,F000,2422*880a * 05-12-2023 12:01:13.907
J27 Value - 2422 * 05-12-2023 12:01:13.925
Command * Level Sensing For J28 - #47,4,39344,16380,0,0*3ff5
 * 05-12-2023 12:01:13.991
Response  - 47,4,I001*3495 * 05-12-2023 12:01:14.160
Response  - 47,4,F000,2472*590b * 05-12-2023 12:01:18.222
J28 Value - 2472 * 05-12-2023 12:01:18.240
Command * Level Sensing For J29 - #48,4,35714,16380,0,0*aeac
 * 05-12-2023 12:01:18.583
Response  - 48,4,I001*74d5 * 05-12-2023 12:01:18.752
Response  - 48,4,F000,2478*519f * 05-12-2023 12:01:22.813
J29 Value - 2478 * 05-12-2023 12:01:22.830
Command * Level Sensing For J30 - #49,4,32084,16380,0,0*ce80
 * 05-12-2023 12:01:23.208
Response  - 49,4,I001*b814 * 05-12-2023 12:01:23.374
Response  - 49,4,F000,2468*409c * 05-12-2023 12:01:27.442
J30 Value - 2468 * 05-12-2023 12:01:27.461
Command * Level Sensing For J31 - #50,4,28454,16380,0,0*df4a
 * 05-12-2023 12:01:27.821
Response  - 50,4,I001*42d9 * 05-12-2023 12:01:27.988
Response  - 50,4,F000,2475*1d41 * 05-12-2023 12:01:32.45
J31 Value - 2475 * 05-12-2023 12:01:32.58
Command * Level Sensing For J32 - #51,4,24824,16380,0,0*289f
 * 05-12-2023 12:01:32.402
Response  - 51,4,I001*8e18 * 05-12-2023 12:01:32.573
Response  - 51,4,F000,2468*c983 * 05-12-2023 12:01:36.635
J32 Value - 2468 * 05-12-2023 12:01:36.651
Command * Level Sensing For J33 - #52,4,21194,16380,0,0*7b26
 * 05-12-2023 12:01:37.15
Response  - 52,4,I001*9b58 * 05-12-2023 12:01:37.182
Response  - 52,4,F000,2493*3dc2 * 05-12-2023 12:01:41.253
J33 Value - 2493 * 05-12-2023 12:01:41.269
Command * Level Sensing For H1 - #53,4,2688,1000,0,1*157b
 * 05-12-2023 12:01:41.569
Response  - 53,4,I001*5799 * 05-12-2023 12:01:41.736
Response  - 53,4,F000,3412*4007 * 05-12-2023 12:01:47.487
H1 Value - 3412 * 05-12-2023 12:01:47.497
Command * Level Sensing For H2 - #54,4,2688,8700,0,1*8e7f
 * 05-12-2023 12:01:47.693
Response  - 54,4,I001*b1d8 * 05-12-2023 12:01:47.862
Response  - 54,4,F000,3397*057a * 05-12-2023 12:01:52.93
H2 Value - 3397 * 05-12-2023 12:01:52.109
Command * Level Sensing For H3 - #55,4,2688,16380,0,1*d8d8
 * 05-12-2023 12:01:52.298
Response  - 55,4,I001*7d19 * 05-12-2023 12:01:52.466
Response  - 55,4,F000,3369*b0fc * 05-12-2023 12:01:56.699
H3 Value - 3369 * 05-12-2023 12:01:56.778
Command * Home Command - #56,5,11111111*615e
 * 05-12-2023 12:01:56.888
Response  - 56,5,I001,11111111*958c * 05-12-2023 12:01:57.58
Response  - 56,5,F000*6d9a * 05-12-2023 12:02:09.656
Command * Home Command - #57,5,11111111*a2a3
 * 05-12-2023 12:02:14.974
Response  - 57,5,I001,11111111*05dd * 05-12-2023 12:02:15.147
Response  - 57,5,F000*a15b * 05-12-2023 12:02:15.150
Response  - 0,16,F000*7ce9 * 05-12-2023 12:02:15.164
Command * RACK HOLDING STATUS - #0,7*d92c
 * 05-12-2023 12:04:52.121
Response  - 0,7,F000,01*e031 * 05-12-2023 12:04:52.313
Device Intialization started * 05-12-2023 12:04:52.713
Command * Home Command - #1,5,11111111*b681
 * 05-12-2023 12:04:52.717
Response  - 1,5,I001,11111111*f220 * 05-12-2023 12:04:52.884
Response  - 1,5,F000*21fa * 05-12-2023 12:04:52.888
Response  - 0,16,F000*7ce9 * 05-12-2023 12:04:52.903
Command * Home Command - #2,5,11111111*b285
 * 05-12-2023 12:04:58.307
Response  - 2,5,I001,11111111*02d0 * 05-12-2023 12:04:58.474
Response  - 2,5,F000*34ba * 05-12-2023 12:04:58.489
Response  - 0,16,F000*7ce9 * 05-12-2023 12:04:58.502
Command * Level Sensing For U1 - #3,4,64754,16380,0,0*c98a
 * 05-12-2023 12:05:03.878
Response  - 3,4,I001*fdb8 * 05-12-2023 12:05:04.46
Response  - 3,4,F000,2419*a4da * 05-12-2023 12:05:08.974
U1 Value - 2419 * 05-12-2023 12:05:08.988
Command * Level Sensing For U2 - #4,4,61124,16380,0,0*b5c6
 * 05-12-2023 12:05:09.447
Response  - 4,4,I001*1bf9 * 05-12-2023 12:05:09.613
Response  - 4,4,F000,2447*7753 * 05-12-2023 12:05:13.673
U2 Value - 2447 * 05-12-2023 12:05:13.687
Command * Level Sensing For U3 - #5,4,57494,16380,0,0*9057
 * 05-12-2023 12:05:14.51
Response  - 5,4,I001*d738 * 05-12-2023 12:05:14.217
Response  - 5,4,F000,2413*6553 * 05-12-2023 12:05:18.280
U3 Value - 2413 * 05-12-2023 12:05:18.298
Command * Level Sensing For U4 - #6,4,53864,16380,0,0*c813
 * 05-12-2023 12:05:18.656
Response  - 6,4,I001*c278 * 05-12-2023 12:05:18.824
Response  - 6,4,F000,2427*9557 * 05-12-2023 12:05:22.905
U4 Value - 2427 * 05-12-2023 12:05:22.921
Command * Level Sensing For U5 - #7,4,50234,16380,0,0*3139
 * 05-12-2023 12:05:23.267
Response  - 7,4,I001*0eb9 * 05-12-2023 12:05:23.443
Response  - 7,4,F000,2471*46d6 * 05-12-2023 12:05:27.494
U5 Value - 2471 * 05-12-2023 12:05:27.505
Command * Level Sensing For U6 - #8,4,46604,16380,0,0*a2a3
 * 05-12-2023 12:05:27.889
Response  - 8,4,I001*4ef9 * 05-12-2023 12:05:28.52
Response  - 8,4,F000,2438*8f00 * 05-12-2023 12:05:32.121
U6 Value - 2438 * 05-12-2023 12:05:32.136
Command * Level Sensing For J1 - #9,4,10304,800,0,0*71c8
 * 05-12-2023 12:05:32.446
Response  - 9,4,I001*8238 * 05-12-2023 12:05:32.617
Response  - 9,4,F000,2452*a981 * 05-12-2023 12:05:40.378
J1 Value - 2452 * 05-12-2023 12:05:40.395
Command * Level Sensing For J2 - #10,4,13934,800 ,0,0*2c48
 * 05-12-2023 12:05:40.570
Response  - 10,4,I001*82eb * 05-12-2023 12:05:40.740
Response  - 10,4,F000,2431*da47 * 05-12-2023 12:05:44.807
J2 Value - 2431 * 05-12-2023 12:05:44.824
Command * Level Sensing For J3 - #11,4,17564,800 ,0,0*8816
 * 05-12-2023 12:05:45.155
Response  - 11,4,I001*4e2a * 05-12-2023 12:05:45.322
Response  - 11,4,F000,2462*0a06 * 05-12-2023 12:05:49.392
J3 Value - 2462 * 05-12-2023 12:05:49.407
Command * Level Sensing For J4 - #12,4,21194,800 ,0,0*d22d
 * 05-12-2023 12:05:49.724
Response  - 12,4,I001*5b6a * 05-12-2023 12:05:49.891
Response  - 12,4,F000,2460*0882 * 05-12-2023 12:05:53.967
J4 Value - 2460 * 05-12-2023 12:05:53.983
Command * Level Sensing For J5 - #13,4,24824,800 ,0,0*1349
 * 05-12-2023 12:05:54.312
Response  - 13,4,I001*97ab * 05-12-2023 12:05:54.479
Response  - 13,4,F000,2448*2f80 * 05-12-2023 12:05:58.549
J5 Value - 2448 * 05-12-2023 12:05:58.565
Command * Level Sensing For J6 - #14,4,28454,800 ,0,0*cee3
 * 05-12-2023 12:05:58.891
Response  - 14,4,I001*71ea * 05-12-2023 12:05:59.64
Response  - 14,4,F000,2454*fd8a * 05-12-2023 12:06:03.124
J6 Value - 2454 * 05-12-2023 12:06:03.144
Command * Level Sensing For J7 - #15,4,32084,800 ,0,0*9a60
 * 05-12-2023 12:06:03.468
Response  - 15,4,I001*bd2b * 05-12-2023 12:06:03.636
Response  - 15,4,F000,2424*4c8a * 05-12-2023 12:06:07.702
J7 Value - 2424 * 05-12-2023 12:06:07.719
Command * Level Sensing For J8 - #16,4,35714,800 ,0,0*ce40
 * 05-12-2023 12:06:08.49
Response  - 16,4,I001*a86b * 05-12-2023 12:06:08.214
Response  - 16,4,F000,2482*2d09 * 05-12-2023 12:06:12.277
J8 Value - 2482 * 05-12-2023 12:06:12.292
Command * Level Sensing For J9 - #17,4,39344,800 ,0,0*fde0
 * 05-12-2023 12:06:12.656
Response  - 17,4,I001*64aa * 05-12-2023 12:06:12.821
Response  - 17,4,F000,2464*ce8f * 05-12-2023 12:06:16.886
J9 Value - 2464 * 05-12-2023 12:06:16.903
Command * Level Sensing For W1 - #18,4,42974,800 ,0,0*fad8
 * 05-12-2023 12:06:17.218
Response  - 18,4,I001*24ea * 05-12-2023 12:06:17.386
Response  - 18,4,F000,2452*331b * 05-12-2023 12:06:21.451
W1 Value - 2452 * 05-12-2023 12:06:21.469
Command * Level Sensing For W2 - #19,4,46604,800 ,0,0*e289
 * 05-12-2023 12:06:21.812
Response  - 19,4,I001*e82b * 05-12-2023 12:06:21.979
Response  - 19,4,F000,2439*d55b * 05-12-2023 12:06:26.43
W2 Value - 2439 * 05-12-2023 12:06:26.59
Command * Level Sensing For W3 - #20,4,50234,800 ,0,0*b4e9
 * 05-12-2023 12:06:26.390
Response  - 20,4,I001*72ff * 05-12-2023 12:06:26.557
Response  - 20,4,F000,2435*1a45 * 05-12-2023 12:06:30.657
W3 Value - 2435 * 05-12-2023 12:06:30.674
Command * Level Sensing For J10 - #21,4,53864,800 ,0,0*5fb4
 * 05-12-2023 12:06:30.948
Response  - 21,4,I001*be3e * 05-12-2023 12:06:31.113
Response  - 21,4,F000,2430*9887 * 05-12-2023 12:06:35.183
J10 Value - 2430 * 05-12-2023 12:06:35.192
Command * Level Sensing For J11 - #22,4,57494,800 ,0,0*9b6a
 * 05-12-2023 12:06:35.562
Response  - 22,4,I001*ab7e * 05-12-2023 12:06:35.728
Response  - 22,4,F000,2449*6d40 * 05-12-2023 12:06:39.798
J11 Value - 2449 * 05-12-2023 12:06:39.813
Command * Level Sensing For J12 - #23,4,61124,800 ,0,0*8a18
 * 05-12-2023 12:06:40.143
Response  - 23,4,I001*67bf * 05-12-2023 12:06:40.309
Response  - 23,4,F000,2453*7bc3 * 05-12-2023 12:06:44.387
J12 Value - 2453 * 05-12-2023 12:06:44.403
Command * Level Sensing For J13 - #24,4,64754,800 ,0,0*86b7
 * 05-12-2023 12:06:44.760
Response  - 24,4,I001*81fe * 05-12-2023 12:06:44.930
Response  - 24,4,F000,2442*6c08 * 05-12-2023 12:06:48.993
J13 Value - 2442 * 05-12-2023 12:06:49.11
Command * Level Sensing For J14 - #25,4,64754,8590,0,0*2072
 * 05-12-2023 12:06:49.348
Response  - 25,4,I001*4d3f * 05-12-2023 12:06:49.506
Response  - 25,4,F000,2455*bf4a * 05-12-2023 12:06:53.758
J14 Value - 2455 * 05-12-2023 12:06:53.774
Command * Level Sensing For J15 - #26,4,61124,8590,0,0*1d9c
 * 05-12-2023 12:06:53.941
Response  - 26,4,I001*587f * 05-12-2023 12:06:54.102
Response  - 26,4,F000,2429*494d * 05-12-2023 12:06:58.175
J15 Value - 2429 * 05-12-2023 12:06:58.191
Command * Level Sensing For J16 - #27,4,57494,8590,0,0*0cee
 * 05-12-2023 12:06:58.552
Response  - 27,4,I001*94be * 05-12-2023 12:06:58.720
Response  - 27,4,F000,2444*ad8d * 05-12-2023 12:07:02.794
J16 Value - 2444 * 05-12-2023 12:07:02.808
Command * Level Sensing For J17 - #28,4,53864,8590,0,0*9bf3
 * 05-12-2023 12:07:03.155
Response  - 28,4,I001*d4fe * 05-12-2023 12:07:03.403
Response  - 28,4,F000,2445*6258 * 05-12-2023 12:07:07.392
J17 Value - 2445 * 05-12-2023 12:07:07.411
Command * Level Sensing For W4 - #29,4,50234,8590,0,0*70ae
 * 05-12-2023 12:07:07.723
Response  - 29,4,I001*183f * 05-12-2023 12:07:07.888
Response  - 29,4,F000,2426*4219 * 05-12-2023 12:07:11.953
W4 Value - 2426 * 05-12-2023 12:07:11.970
Command * Level Sensing For W5 - #30,4,46604,8590,0,0*9eb7
 * 05-12-2023 12:07:12.300
Response  - 30,4,I001*e2f2 * 05-12-2023 12:07:12.469
Response  - 30,4,F000,2453*79c6 * 05-12-2023 12:07:16.531
W5 Value - 2453 * 05-12-2023 12:07:16.550
Command * Level Sensing For W6 - #31,4,42974,8590,0,0*86e6
 * 05-12-2023 12:07:16.909
Response  - 31,4,I001*2e33 * 05-12-2023 12:07:17.76
Response  - 31,4,F000,2444*aa84 * 05-12-2023 12:07:21.144
W6 Value - 2444 * 05-12-2023 12:07:21.163
Command * Level Sensing For J18 - #32,4,39344,8590,0,0*d21d
 * 05-12-2023 12:07:21.506
Response  - 32,4,I001*3b73 * 05-12-2023 12:07:21.674
Response  - 32,4,F000,2423*0bc3 * 05-12-2023 12:07:25.737
J18 Value - 2423 * 05-12-2023 12:07:25.755
Command * Level Sensing For J19 - #33,4,35714,8590,0,0*e1bd
 * 05-12-2023 12:07:26.99
Response  - 33,4,I001*f7b2 * 05-12-2023 12:07:26.265
Response  - 33,4,F000,2461*8b42 * 05-12-2023 12:07:30.338
J19 Value - 2461 * 05-12-2023 12:07:30.354
Command * Level Sensing For J20 - #34,4,32084,8590,0,0*84dc
 * 05-12-2023 12:07:30.688
Response  - 34,4,I001*11f3 * 05-12-2023 12:07:30.851
Response  - 34,4,F000,2443*6dc9 * 05-12-2023 12:07:34.915
J20 Value - 2443 * 05-12-2023 12:07:34.931
Command * Level Sensing For J21 - #35,4,28454,8590,0,0*d05f
 * 05-12-2023 12:07:35.276
Response  - 35,4,I001*dd32 * 05-12-2023 12:07:35.443
Response  - 35,4,F000,2456*7f0a * 05-12-2023 12:07:39.498
J21 Value - 2456 * 05-12-2023 12:07:39.514
Command * Level Sensing For J22 - #36,4,24824,8590,0,0*3cb4
 * 05-12-2023 12:07:39.829
Response  - 36,4,I001*c872 * 05-12-2023 12:07:39.994
Response  - 36,4,F000,2465*4d4f * 05-12-2023 12:07:44.54
J22 Value - 2465 * 05-12-2023 12:07:44.70
Command * Level Sensing For J23 - #37,4,21194,8590,0,0*fdd0
 * 05-12-2023 12:07:44.390
Response  - 37,4,I001*04b3 * 05-12-2023 12:07:44.550
Response  - 37,4,F000,2448*698d * 05-12-2023 12:07:48.627
J23 Value - 2448 * 05-12-2023 12:07:48.644
Command * Level Sensing For J24 - #38,4,17564,8590,0,0*f428
 * 05-12-2023 12:07:48.956
Response  - 38,4,I001*44f3 * 05-12-2023 12:07:49.124
Response  - 38,4,F000,2459*3659 * 05-12-2023 12:07:53.181
J24 Value - 2459 * 05-12-2023 12:07:53.201
Command * Level Sensing For J25 - #39,4,13934,8590,0,0*5076
 * 05-12-2023 12:07:53.526
Response  - 39,4,I001*8832 * 05-12-2023 12:07:53.695
Response  - 39,4,F000,2454*729a * 05-12-2023 12:07:57.760
J25 Value - 2454 * 05-12-2023 12:07:57.777
Command * Level Sensing For J26 - #40,4,10304,8590,0,0*2502
 * 05-12-2023 12:07:58.90
Response  - 40,4,I001*d2d4 * 05-12-2023 12:07:58.258
Response  - 40,4,F000,2451*7f41 * 05-12-2023 12:08:02.315
J26 Value - 2451 * 05-12-2023 12:08:02.331
Command * Level Sensing For J27 - #41,4,42974,16380,0,0*702c
 * 05-12-2023 12:08:02.645
Response  - 41,4,I001*1e15 * 05-12-2023 12:08:02.812
Response  - 41,4,F000,2455*3d42 * 05-12-2023 12:08:10.159
J27 Value - 2455 * 05-12-2023 12:08:10.174
Command * Level Sensing For J28 - #42,4,39344,16380,0,0*f339
 * 05-12-2023 12:08:10.210
Response  - 42,4,I001*0b55 * 05-12-2023 12:08:10.375
Response  - 42,4,F000,2469*0b47 * 05-12-2023 12:08:14.438
J28 Value - 2469 * 05-12-2023 12:08:14.454
Command * Level Sensing For J29 - #43,4,35714,16380,0,0*8b0a
 * 05-12-2023 12:08:14.772
Response  - 43,4,I001*c794 * 05-12-2023 12:08:14.940
Response  - 43,4,F000,2478*da85 * 05-12-2023 12:08:19.3
J29 Value - 2478 * 05-12-2023 12:08:19.21
Command * Level Sensing For J30 - #44,4,32084,16380,0,0*63ae
 * 05-12-2023 12:08:19.363
Response  - 44,4,I001*21d5 * 05-12-2023 12:08:19.531
Response  - 44,4,F000,2466*c90e * 05-12-2023 12:08:23.591
J30 Value - 2466 * 05-12-2023 12:08:23.609
Command * Level Sensing For J31 - #45,4,28454,16380,0,0*c2bb
 * 05-12-2023 12:08:23.969
Response  - 45,4,I001*ed14 * 05-12-2023 12:08:24.135
Response  - 45,4,F000,2500*2ade * 05-12-2023 12:08:28.209
J31 Value - 2500 * 05-12-2023 12:08:28.228
Command * Level Sensing For J32 - #46,4,24824,16380,0,0*8d17
 * 05-12-2023 12:08:28.602
Response  - 46,4,I001*f854 * 05-12-2023 12:08:28.771
Response  - 46,4,F000,2499*7f4c * 05-12-2023 12:08:32.829
J32 Value - 2499 * 05-12-2023 12:08:32.837
Command * Level Sensing For J33 - #47,4,21194,16380,0,0*66d7
 * 05-12-2023 12:08:33.223
Response  - 47,4,I001*3495 * 05-12-2023 12:08:33.389
Response  - 47,4,F000,2475*9b4a * 05-12-2023 12:08:37.459
J33 Value - 2475 * 05-12-2023 12:08:37.475
Command * Level Sensing For H1 - #48,4,2688,1000,0,1*db5d
 * 05-12-2023 12:08:37.856
Response  - 48,4,I001*74d5 * 05-12-2023 12:08:38.23
Response  - 48,4,F000,3403*5add * 05-12-2023 12:08:43.779
H1 Value - 3403 * 05-12-2023 12:08:43.797
Command * Level Sensing For H2 - #49,4,2688,8700,0,1*e1ba
 * 05-12-2023 12:08:43.939
Response  - 49,4,I001*b814 * 05-12-2023 12:08:44.107
Response  - 49,4,F000,3384*1828 * 05-12-2023 12:08:48.348
H2 Value - 3384 * 05-12-2023 12:08:48.363
Command * Level Sensing For H3 - #50,4,2688,16380,0,1*15c8
 * 05-12-2023 12:08:48.539
Response  - 50,4,I001*42d9 * 05-12-2023 12:08:48.723
Response  - 50,4,F000,3373*2271 * 05-12-2023 12:08:52.972
H3 Value - 3373 * 05-12-2023 12:08:52.987
Command * Home Command - #51,5,11111111*aaab
 * 05-12-2023 12:08:53.146
Response  - 51,5,I001,11111111*a43e * 05-12-2023 12:08:53.315
Response  - 51,5,F000*8bdb * 05-12-2023 12:09:05.893
Command * Home Command - #52,5,11111111*aeaf
 * 05-12-2023 12:09:11.312
Response  - 52,5,I001,11111111*54ce * 05-12-2023 12:09:11.505
Response  - 52,5,F000*9e9b * 05-12-2023 12:09:11.510
Command * Home Command - #0,5,11111111*757c
 * 05-12-2023 12:09:41.92
Response  - 0,5,I001,11111111*6271 * 05-12-2023 12:09:41.346
Response  - 0,5,F000*ed3b * 05-12-2023 12:09:41.349
Response  - 0,16,F000*7ce9 * 05-12-2023 12:09:41.369
Command * Home Command - #1,5,11111111*b681
 * 05-12-2023 12:09:46.873
Response  - 1,5,I001,11111111*f220 * 05-12-2023 12:09:47.46
Response  - 1,5,F000*21fa * 05-12-2023 12:09:47.49
Response  - 0,16,F000*7ce9 * 05-12-2023 12:09:47.70
Command * Level Sensing For L1 - #2,4,17564,16380,0,0*72f0
 * 05-12-2023 12:09:52.437
Response  - 2,4,I001*3179 * 05-12-2023 12:09:52.602
Response  - 2,4,F000,260*f88b * 05-12-2023 12:10:01.737
L1 Value - 260 * 05-12-2023 12:10:01.746
Command * Level Sensing For L2 - #3,4,13934,16380,0,0*8ad5
 * 05-12-2023 12:10:02.64
Response  - 3,4,I001*fdb8 * 05-12-2023 12:10:02.221
Response  - 3,4,F000,270*ab77 * 05-12-2023 12:10:06.302
L2 Value - 270 * 05-12-2023 12:10:06.321
Command * Level Sensing For L3 - #4,4,10304,16380,0,0*f37f
 * 05-12-2023 12:10:06.643
Response  - 4,4,I001*1bf9 * 05-12-2023 12:10:06.815
Response  - 4,4,F000,257*c2c2 * 05-12-2023 12:10:10.867
L3 Value - 257 * 05-12-2023 12:10:10.884
Rack - 1Protocol Started * 05-12-2023 12:10:11.738
Command * Rack-1 Picked from L1 - #5,2,1,17564,16380,0,0*102b
 * 05-12-2023 12:10:11.818
Response  - 5,2,I001,1*a00e * 05-12-2023 12:10:11.988
Response  - 5,2,F000,1*9f5f * 05-12-2023 12:10:17.867
Command * Rack-1 Placed in J1 - #6,3,1,10304,800,0,0*9170
 * 05-12-2023 12:10:17.952
Response  - 6,3,I001,1*633f * 05-12-2023 12:10:18.115
Response  - 6,3,F000,1*5c6e * 05-12-2023 12:10:24.399
Command * Rack-1 Picked from J1 - #7,2,1,10304,800,0,0*fd1c
 * 05-12-2023 12:30:25.265
Command * Home Command - #0,5,11111111*757c
 * 05-12-2023 12:32:23.47
Command * Home Command - #0,5,11111111*757c
 * 05-12-2023 12:35:09.338
Command * RACK HOLDING STATUS - #1,7*197d
 * 05-12-2023 12:35:59.128
Device Intialization started * 05-12-2023 12:36:04.689
Command * Home Command - #2,5,11111111*b285
 * 05-12-2023 12:36:04.692
Command * Home Command - #0,5,11111111*757c
 * 05-12-2023 12:37:20.639
Command * Home Command - #0,5,11111111*757c
 * 05-12-2023 12:39:32.740
Command * RACK HOLDING STATUS - #0,7*d92c
 * 05-12-2023 12:41:18.31
Device Intialization started * 05-12-2023 12:41:24.377
Command * Home Command - #1,5,11111111*b681
 * 05-12-2023 12:41:24.468
Command * RACK HOLDING STATUS - #0,7*d92c
 * 05-12-2023 12:44:05.8
Response  - 0,7,F000,01*e031 * 05-12-2023 12:44:05.677
Device Intialization started * 05-12-2023 12:44:07.77
Command * Home Command - #1,5,11111111*b681
 * 05-12-2023 12:44:07.79
Response  - 1,5,I001,11111111*f220 * 05-12-2023 12:44:07.246
Response  - 1,5,F000*21fa * 05-12-2023 12:44:07.254
Response  - 0,16,F000*7ce9 * 05-12-2023 12:44:07.270
Command * Home Command - #2,5,11111111*b285
 * 05-12-2023 12:44:12.698
Response  - 2,5,I001,11111111*02d0 * 05-12-2023 12:44:12.866
Response  - 2,5,F000*34ba * 05-12-2023 12:44:12.870
Response  - 0,16,F000*7ce9 * 05-12-2023 12:44:12.890
Command * Level Sensing For U1 - #3,4,64754,16380,0,0*c98a
 * 05-12-2023 12:44:18.311
Response  - 3,4,I001*fdb8 * 05-12-2023 12:44:18.478
Device Intialization started * 05-12-2023 12:54:30.177
Command * DOOR STATUS - #4,9*dcec
 * 05-12-2023 12:56:25.620
Response  - 4,9,F000,11*2069 * 05-12-2023 12:56:25.913
Command * Home Command - #5,5,11111111*7970
 * 05-12-2023 12:56:36.695
Response  - 5,5,I001,11111111*3362 * 05-12-2023 12:56:36.855
Response  - 5,5,F000*d2fb * 05-12-2023 12:56:40.160
Command * LEVEL SENSING OF -J13- Using RA 0 - #6,4,64754,800 ,0,0*4275
 * 05-12-2023 12:56:58.663
Response  - 6,4,I001*c278 * 05-12-2023 12:56:58.835
Response  - 6,4,F000,2455*64d4 * 05-12-2023 12:57:01.855
Command * LEVEL SENSING OF -J12- Using RA 0 - #7,4,61124,800 ,0,0*c73a
 * 05-12-2023 12:57:14.292
Response  - 7,4,I001*0eb9 * 05-12-2023 12:57:14.465
Response  - 7,4,F000,1523*5305 * 05-12-2023 12:57:17.741
Command * Home Command - #8,5,11111111*aa9d
 * 05-12-2023 12:57:33.691
Response  - 8,5,I001,11111111*a0f6 * 05-12-2023 12:57:33.853
Response  - 8,5,F000*4b3a * 05-12-2023 12:57:35.704
Command * DOOR STATUS - #9,9*1f7d
 * 05-12-2023 13:12:43.177
Response  - 9,9,F000,11*8c52 * 05-12-2023 13:12:44.135
Command * Home Command - #10,5,11111111*ed58
 * 05-12-2023 13:12:51.494
Response  - 10,5,I001,11111111*052e * 05-12-2023 13:12:51.657
Response  - 10,5,F000*8728 * 05-12-2023 13:12:52.249
Command * LEVEL SENSING OF -J13- Using RA 0 - #11,4,64754,800 ,0,0*0fe3
 * 05-12-2023 13:13:03.277
Response  - 11,4,I001*4e2a * 05-12-2023 13:13:03.444
Response  - 11,4,F000,2430*9b84 * 05-12-2023 13:13:06.464
Command * LEVEL SENSING OF -J12- Using RA 0 - #12,4,61124,800 ,0,0*320d
 * 05-12-2023 13:13:18.248
Response  - 12,4,I001*5b6a * 05-12-2023 13:13:18.407
Response  - 12,4,F000,2422*0901 * 05-12-2023 13:13:20.706
Command * LEVEL SENSING OF -J11- Using RA 0 - #13,4,57494,800 ,0,0*237f
 * 05-12-2023 13:13:38.351
Response  - 13,4,I001*97ab * 05-12-2023 13:13:38.519
Response  - 13,4,F000,2445*ea41 * 05-12-2023 13:13:40.811
Command * LEVEL SENSING OF -J1- Using RA 0 - #14,4,10304,800,0,0*8503
 * 05-12-2023 13:14:11.674
Response  - 14,4,I001*71ea * 05-12-2023 13:14:11.857
Response  - 14,4,F000,2469*c84b * 05-12-2023 13:14:19.54
Command * LEVEL SENSING OF -J2- Using RA 0 - #15,4,13934,800 ,0,0*e158
 * 05-12-2023 13:14:28.254
Response  - 15,4,I001*bd2b * 05-12-2023 13:14:28.418
Response  - 15,4,F000,2445*2c48 * 05-12-2023 13:14:30.721
Command * LEVEL SENSING OF -J3- Using RA 0 - #16,4,17564,800 ,0,0*fda7
 * 05-12-2023 13:14:32.995
Response  - 16,4,I001*a86b * 05-12-2023 13:14:33.165
Response  - 16,4,F000,2456*7e0c * 05-12-2023 13:14:35.460
Command * LEVEL SENSING OF -J4- Using RA 0 - #17,4,21194,800 ,0,0*1f3d
 * 05-12-2023 13:14:36.939
Response  - 17,4,I001*64aa * 05-12-2023 13:14:37.98
Response  - 17,4,F000,2497*3fca * 05-12-2023 13:14:39.404
Command * LEVEL SENSING OF -J5- Using RA 0 - #18,4,24824,800 ,0,0*353b
 * 05-12-2023 13:14:41.490
Response  - 18,4,I001*24ea * 05-12-2023 13:14:41.657
Response  - 18,4,F000,2468*c49b * 05-12-2023 13:14:43.962
Command * LEVEL SENSING OF -H1- Using RA 0 - #19,4,2688,1000,0,1*861c
 * 05-12-2023 13:14:52.30
Response  - 19,4,I001*e82b * 05-12-2023 13:14:52.191
Response  - 19,4,F000,3411*8f5a * 05-12-2023 13:14:56.587
Command * LEVEL SENSING OF -H2- Using RA 0 - #20,4,2688,8700,0,1*3a8c
 * 05-12-2023 13:15:03.59
Response  - 20,4,I001*72ff * 05-12-2023 13:15:03.220
Response  - 20,4,F000,3337*e674 * 05-12-2023 13:15:05.700
Command * LEVEL SENSING OF -H3- Using RA 0 - #21,4,2688,16380,0,1*9d2c
 * 05-12-2023 13:15:11.716
Response  - 21,4,I001*be3e * 05-12-2023 13:15:11.887
Response  - 21,4,F000,3355*06f4 * 05-12-2023 13:15:14.352
Command * LEVEL SENSING OF -J5- Using RA 0 - #22,4,24824,800 ,0,0*ab5c
 * 05-12-2023 13:15:18.401
Response  - 22,4,I001*ab7e * 05-12-2023 13:15:18.565
Response  - 22,4,F000,2456*f901 * 05-12-2023 13:15:22.959
Command * LEVEL SENSING OF -J6- Using RA 0 - #23,4,28454,800 ,0,0*ff16
 * 05-12-2023 13:15:27.97
Response  - 23,4,I001*67bf * 05-12-2023 13:15:27.256
Response  - 23,4,F000,2438*1c81 * 05-12-2023 13:15:29.557
Command * LEVEL SENSING OF -J7- Using RA 0 - #24,4,32084,800 ,0,0*2275
 * 05-12-2023 13:15:34.133
Response  - 24,4,I001*81fe * 05-12-2023 13:15:34.295
Response  - 24,4,F000,2434*5e8a * 05-12-2023 13:15:36.600
Command * Rack Picked from J7Using RA 1 - #25,2,1,32084,800 ,0,0*5d58
 * 05-12-2023 13:15:51.475
Response  - 25,2,I001,1*fb8c * 05-12-2023 13:15:51.644
Response  - 25,2,F000,1*c4dd * 05-12-2023 13:15:56.796
Command * Home Command - #26,5,11111111*2655
 * 05-12-2023 13:16:19.925
Response  - 26,5,I001,11111111*e03d * 05-12-2023 13:16:20.206
Response  - 26,5,F000*5dbc * 05-12-2023 13:16:26.842
Command * RA 1 Movement to J8 - #27,1,1,35714,800 ,0*542c
 * 05-12-2023 13:16:37.776
Response  - 27,1,I001,1*246d * 05-12-2023 13:16:37.938
Response  - 27,1,F000,1*1b3c * 05-12-2023 13:16:42.212
Command * Rack Picked from J8Using RA 1 - #28,2,1,35714,800 ,0,0*51a5
 * 05-12-2023 13:16:46.380
Response  - 28,2,I001,1*011d * 05-12-2023 13:16:46.548
Response  - 28,2,F000,1*3e4c * 05-12-2023 13:16:51.696
Command * Rack Placed in J9Using RA 1 - #29,3,1,39344,800 ,0,0*b338
 * 05-12-2023 13:17:10.606
Response  - 29,3,I001,1*088d * 05-12-2023 13:17:10.771
Response  - 29,3,F000,1*37dc * 05-12-2023 13:17:16.451
Command * Rack Picked from J9Using RA 1 - #30,2,1,39344,800 ,0,0*06a5
 * 05-12-2023 13:17:21.76
Response  - 30,2,I001,1*1798 * 05-12-2023 13:17:21.236
Response  - 30,2,F000,1*28c9 * 05-12-2023 13:17:26.394
Command * Rack Placed in W1Using RA 1 - #31,3,1,42974,800 ,0,0*3bc2
 * 05-12-2023 13:17:37.302
Response  - 31,3,I001,1*1e08 * 05-12-2023 13:17:37.469
Response  - 31,3,F000,1*2159 * 05-12-2023 13:17:43.149
Command * RACK HOLDING STATUS - #32,7*b9f3
 * 05-12-2023 13:18:04.360
Response  - 32,7,F000,01*fa1c * 05-12-2023 13:18:04.539
Device Intialization started * 05-12-2023 13:18:04.923
Command * Home Command - #33,5,11111111*ab5b
 * 05-12-2023 13:18:04.925
Response  - 33,5,I001,11111111*4d7f * 05-12-2023 13:18:05.99
Response  - 33,5,F000*f271 * 05-12-2023 13:18:09.665
Command * Home Command - #34,5,11111111*60ae
 * 05-12-2023 13:18:15.25
Response  - 34,5,I001,11111111*7ccd * 05-12-2023 13:18:15.197
Response  - 34,5,F000*1430 * 05-12-2023 13:18:15.200
Response  - 0,16,F000*7ce9 * 05-12-2023 13:18:15.219
Command * Level Sensing For U1 - #35,4,64754,16380,0,0*b903
 * 05-12-2023 13:18:20.601
Response  - 35,4,I001*dd32 * 05-12-2023 13:18:20.775
Response  - 35,4,F000,4093*358e * 05-12-2023 13:18:23.927
U1 Value - 4093 * 05-12-2023 13:18:23.956
Command * Level Sensing For U2 - #36,4,61124,16380,0,0*f5be
 * 05-12-2023 13:18:24.163
Response  - 36,4,I001*c872 * 05-12-2023 13:18:24.330
Response  - 36,4,F000,4093*f68b * 05-12-2023 13:18:26.632
U2 Value - 4093 * 05-12-2023 13:18:26.650
Command * Level Sensing For U3 - #37,4,57494,16380,0,0*d02f
 * 05-12-2023 13:18:26.720
Response  - 37,4,I001*04b3 * 05-12-2023 13:18:26.883
Response  - 37,4,F000,4092*b748 * 05-12-2023 13:18:29.184
U3 Value - 4092 * 05-12-2023 13:18:29.201
Command * Level Sensing For U4 - #38,4,53864,16380,0,0*d978
 * 05-12-2023 13:18:29.286
Response  - 38,4,I001*44f3 * 05-12-2023 13:18:29.447
Response  - 38,4,F000,4091*b91c * 05-12-2023 13:18:31.745
U4 Value - 4091 * 05-12-2023 13:18:31.764
Command * Level Sensing For U5 - #39,4,50234,16380,0,0*2052
 * 05-12-2023 13:18:31.846
Response  - 39,4,I001*8832 * 05-12-2023 13:18:32.11
Response  - 39,4,F000,4092*395e * 05-12-2023 13:18:34.311
U5 Value - 4092 * 05-12-2023 13:18:34.329
Command * Level Sensing For U6 - #40,4,46604,16380,0,0*8cf5
 * 05-12-2023 13:18:34.409
Response  - 40,4,I001*d2d4 * 05-12-2023 13:18:34.574
Response  - 40,4,F000,4089*6005 * 05-12-2023 13:18:36.874
U6 Value - 4089 * 05-12-2023 13:18:36.894
Command * Level Sensing For J1 - #41,4,10304,800,0,0*1900
 * 05-12-2023 13:18:36.969
Response  - 41,4,I001*1e15 * 05-12-2023 13:18:37.137
Response  - 41,4,F000,4092*b647 * 05-12-2023 13:18:43.132
J1 Value - 4092 * 05-12-2023 13:18:43.149
Command * Level Sensing For J2 - #42,4,13934,800 ,0,0*5825
 * 05-12-2023 13:18:43.541
Response  - 42,4,I001*0b55 * 05-12-2023 13:18:43.707
Response  - 42,4,F000,4092*7542 * 05-12-2023 13:18:45.998
J2 Value - 4092 * 05-12-2023 13:18:46.19
Command * Level Sensing For J3 - #43,4,17564,800 ,0,0*fc7b
 * 05-12-2023 13:18:46.96
Response  - 43,4,I001*c794 * 05-12-2023 13:18:46.260
Response  - 43,4,F000,4089*a300 * 05-12-2023 13:18:48.567
J3 Value - 4089 * 05-12-2023 13:18:48.585
Command * Level Sensing For J4 - #44,4,21194,800 ,0,0*9701
 * 05-12-2023 13:18:48.666
Response  - 44,4,I001*21d5 * 05-12-2023 13:18:48.830
Response  - 44,4,F000,4095*710a * 05-12-2023 13:18:51.130
J4 Value - 4095 * 05-12-2023 13:18:51.150
Command * Level Sensing For J5 - #45,4,24824,800 ,0,0*5665
 * 05-12-2023 13:18:51.230
Response  - 45,4,I001*ed14 * 05-12-2023 13:18:51.394
Response  - 45,4,F000,4095*f008 * 05-12-2023 13:18:53.695
J5 Value - 4095 * 05-12-2023 13:18:53.720
Command * Level Sensing For J6 - #46,4,28454,800 ,0,0*ba8e
 * 05-12-2023 13:18:53.793
Response  - 46,4,I001*f854 * 05-12-2023 13:18:53.957
Response  - 46,4,F000,4091*f00c * 05-12-2023 13:18:56.260
J6 Value - 4091 * 05-12-2023 13:18:56.283
Command * Level Sensing For J7 - #47,4,32084,800 ,0,0*ee0d
 * 05-12-2023 13:18:56.360
Response  - 47,4,I001*3495 * 05-12-2023 13:18:56.525
Response  - 47,4,F000,4081*e10f * 05-12-2023 13:18:58.829
J7 Value - 4081 * 05-12-2023 13:18:58.847
Command * Level Sensing For J8 - #48,4,35714,800 ,0,0*e9ee
 * 05-12-2023 13:18:58.928
Response  - 48,4,I001*74d5 * 05-12-2023 13:18:59.94
Response  - 48,4,F000,4094*7dda * 05-12-2023 13:19:01.398
J8 Value - 4094 * 05-12-2023 13:19:01.414
Command * Level Sensing For J9 - #49,4,39344,800 ,0,0*da4e
 * 05-12-2023 13:19:01.500
Response  - 49,4,I001*b814 * 05-12-2023 13:19:01.661
Response  - 49,4,F000,4094*fcd8 * 05-12-2023 13:19:03.957
J9 Value - 4094 * 05-12-2023 13:19:03.975
Command * Level Sensing For W1 - #50,4,42974,800 ,0,0*a8ab
 * 05-12-2023 13:19:04.72
Response  - 50,4,I001*42d9 * 05-12-2023 13:19:04.236
Response  - 50,4,F000,4092*f645 * 05-12-2023 13:19:06.539
W1 Value - 4092 * 05-12-2023 13:19:06.555
Command * Level Sensing For W2 - #51,4,46604,800 ,0,0*b0fa
 * 05-12-2023 13:19:06.659
Response  - 51,4,I001*8e18 * 05-12-2023 13:19:06.818
Response  - 51,4,F000,4091*7607 * 05-12-2023 13:19:09.126
W2 Value - 4091 * 05-12-2023 13:19:09.139
Command * Level Sensing For W3 - #52,4,50234,800 ,0,0*78fd
 * 05-12-2023 13:19:09.223
Response  - 52,4,I001*9b58 * 05-12-2023 13:19:09.390
Response  - 52,4,F000,4091*b502 * 05-12-2023 13:19:11.690
W3 Value - 4091 * 05-12-2023 13:19:11.707
Command * Level Sensing For J10 - #53,4,53864,800 ,0,0*93a0
 * 05-12-2023 13:19:11.787
Response  - 53,4,I001*5799 * 05-12-2023 13:19:11.953
Response  - 53,4,F000,4093*f581 * 05-12-2023 13:19:14.249
J10 Value - 4093 * 05-12-2023 13:19:14.265
Command * Level Sensing For J11 - #54,4,57494,800 ,0,0*663f
 * 05-12-2023 13:19:14.348
Response  - 54,4,I001*b1d8 * 05-12-2023 13:19:14.512
Response  - 54,4,F000,4092*724b * 05-12-2023 13:19:16.818
J11 Value - 4092 * 05-12-2023 13:19:16.835
Command * Level Sensing For J12 - #55,4,61124,800 ,0,0*774d
 * 05-12-2023 13:19:16.909
Response  - 55,4,I001*7d19 * 05-12-2023 13:19:17.67
Command * RACK HOLDING STATUS - #56,7*f0b2
 * 05-12-2023 13:19:54.972
Response  - 56,7,F000,01*c201 * 05-12-2023 13:19:55.183
Device Intialization started * 05-12-2023 13:19:55.609
Command * Home Command - #57,5,11111111*a2a3
 * 05-12-2023 13:19:55.612
Response  - 57,5,I001,11111111*05dd * 05-12-2023 13:19:55.775
Response  - 57,5,F000*a15b * 05-12-2023 13:19:56.744
Command * Home Command - #58,5,11111111*b6b7
 * 05-12-2023 13:20:02.252
Response  - 58,5,I001,11111111*f6e8 * 05-12-2023 13:20:02.418
Response  - 58,5,F000*e11b * 05-12-2023 13:20:02.423
Response  - 0,16,F000*7ce9 * 05-12-2023 13:20:02.444
Command * Level Sensing For U1 - #59,4,64754,16380,0,0*8e98
 * 05-12-2023 13:20:14.505
Response  - 59,4,I001*2819 * 05-12-2023 13:20:14.668
Response  - 59,4,F000,2405*e45e * 05-12-2023 13:20:18.818
U1 Value - 2405 * 05-12-2023 13:20:18.836
Command * Level Sensing For U2 - #60,4,61124,16380,0,0*28fa
 * 05-12-2023 13:20:19.65
Response  - 60,4,I001*b2cd * 05-12-2023 13:20:19.231
Response  - 60,4,F000,2443*ecc2 * 05-12-2023 13:20:21.527
U2 Value - 2443 * 05-12-2023 13:20:21.547
Command * Level Sensing For U3 - #61,4,57494,16380,0,0*0d6b
 * 05-12-2023 13:20:21.627
Response  - 61,4,I001*7e0c * 05-12-2023 13:20:21.792
Response  - 61,4,F000,2427*0ec2 * 05-12-2023 13:20:24.94
U3 Value - 2427 * 05-12-2023 13:20:24.109
Command * Level Sensing For U4 - #62,4,53864,16380,0,0*552f
 * 05-12-2023 13:20:24.194
Response  - 62,4,I001*6b4c * 05-12-2023 13:20:24.356
Response  - 62,4,F000,2394*3d31 * 05-12-2023 13:20:26.658
U4 Value - 2394 * 05-12-2023 13:20:26.673
Command * Level Sensing For U5 - #63,4,50234,16380,0,0*ac05
 * 05-12-2023 13:20:26.777
Response  - 63,4,I001*a78d * 05-12-2023 13:20:26.937
Response  - 63,4,F000,2437*dcc4 * 05-12-2023 13:20:29.237
U5 Value - 2437 * 05-12-2023 13:20:29.254
Command * Level Sensing For U6 - #64,4,46604,16380,0,0*5e7d
 * 05-12-2023 13:20:29.336
Response  - 64,4,I001*41cc * 05-12-2023 13:20:29.501
Response  - 64,4,F000,2425*ca4f * 05-12-2023 13:20:31.801
U6 Value - 2425 * 05-12-2023 13:20:31.816
Command * Level Sensing For J1 - #65,4,10304,800,0,0*60e3
 * 05-12-2023 13:20:31.899
Response  - 65,4,I001*8d0d * 05-12-2023 13:20:32.62
Response  - 65,4,F000,2438*1e8d * 05-12-2023 13:20:38.65
J1 Value - 2438 * 05-12-2023 13:20:38.84
Command * Level Sensing For J2 - #66,4,13934,800 ,0,0*d11d
 * 05-12-2023 13:20:38.458
Response  - 66,4,I001*984d * 05-12-2023 13:20:38.625
Response  - 66,4,F000,2423*8ac8 * 05-12-2023 13:20:40.915
J2 Value - 2423 * 05-12-2023 13:20:40.932
Command * Level Sensing For J3 - #67,4,17564,800 ,0,0*7543
 * 05-12-2023 13:20:41.30
Response  - 67,4,I001*548c * 05-12-2023 13:20:41.198
Response  - 67,4,F000,2435*994b * 05-12-2023 13:20:43.499
J3 Value - 2435 * 05-12-2023 13:20:43.515
Command * Level Sensing For J4 - #68,4,21194,800 ,0,0*7cbb
 * 05-12-2023 13:20:43.597
Response  - 68,4,I001*14cc * 05-12-2023 13:20:43.764
Response  - 68,4,F000,2437*57de * 05-12-2023 13:20:46.63
J4 Value - 2437 * 05-12-2023 13:20:46.84
Command * Level Sensing For J5 - #69,4,24824,800 ,0,0*bddf
 * 05-12-2023 13:20:46.164
Response  - 69,4,I001*d80d * 05-12-2023 13:20:46.327
Response  - 69,4,F000,2428*429d * 05-12-2023 13:20:48.624
J5 Value - 2428 * 05-12-2023 13:20:48.645
Command * Level Sensing For J6 - #70,4,28454,800 ,0,0*772a
 * 05-12-2023 13:20:48.723
Response  - 70,4,I001*22c0 * 05-12-2023 13:20:48.888
Response  - 70,4,F000,2474*1f83 * 05-12-2023 13:20:51.184
J6 Value - 2474 * 05-12-2023 13:20:51.203
Command * Level Sensing For J7 - #71,4,32084,800 ,0,0*23a9
 * 05-12-2023 13:20:51.298
Response  - 71,4,I001*ee01 * 05-12-2023 13:20:51.460
Response  - 71,4,F000,2450*3d81 * 05-12-2023 13:20:53.760
J7 Value - 2450 * 05-12-2023 13:20:53.783
Command * Level Sensing For J8 - #72,4,35714,800 ,0,0*7789
 * 05-12-2023 13:20:53.874
Response  - 72,4,I001*fb41 * 05-12-2023 13:20:54.39
Response  - 72,4,F000,2436*5c07 * 05-12-2023 13:20:56.346
J8 Value - 2436 * 05-12-2023 13:20:56.367
Command * Level Sensing For J9 - #73,4,39344,800 ,0,0*4429
 * 05-12-2023 13:20:56.443
Response  - 73,4,I001*3780 * 05-12-2023 13:20:56.607
Response  - 73,4,F000,215*5699 * 05-12-2023 13:20:58.903
J9 Value - 215 * 05-12-2023 13:20:58.924
Command * Level Sensing For W1 - #74,4,42974,800 ,0,0*2193
 * 05-12-2023 13:20:59.93
Response  - 74,4,I001*d1c1 * 05-12-2023 13:21:04.257
Response  - 74,4,F000,2453*39cd * 05-12-2023 13:21:04.263
W1 Value - 2453 * 05-12-2023 13:21:04.280
Command * Level Sensing For W2 - #75,4,46604,800 ,0,0*39c2
 * 05-12-2023 13:21:04.652
Response  - 75,4,I001*1d00 * 05-12-2023 13:21:04.816
Response  - 75,4,F000,2436*1b0c * 05-12-2023 13:21:07.120
W2 Value - 2436 * 05-12-2023 13:21:07.140
Command * Level Sensing For W3 - #76,4,50234,800 ,0,0*f1c5
 * 05-12-2023 13:21:07.204
Response  - 76,4,I001*0840 * 05-12-2023 13:21:07.460
Response  - 76,4,F000,2440*ea8b * 05-12-2023 13:21:09.752
W3 Value - 2440 * 05-12-2023 13:21:09.772
Command * Level Sensing For J10 - #77,4,53864,800 ,0,0*1a98
 * 05-12-2023 13:21:09.850
Response  - 77,4,I001*c481 * 05-12-2023 13:21:10.17
Response  - 77,4,F000,2450*fb88 * 05-12-2023 13:21:12.312
J10 Value - 2450 * 05-12-2023 13:21:12.334
Command * Level Sensing For J11 - #78,4,57494,800 ,0,0*8d85
 * 05-12-2023 13:21:12.412
Response  - 78,4,I001*84c1 * 05-12-2023 13:21:12.575
Response  - 78,4,F000,2442*a51c * 05-12-2023 13:21:14.877
J11 Value - 2442 * 05-12-2023 13:21:14.896
Command * Level Sensing For J12 - #79,4,61124,800 ,0,0*9cf7
 * 05-12-2023 13:21:14.977
Response  - 79,4,I001*4800 * 05-12-2023 13:21:15.141
Response  - 79,4,F000,2435*d65d * 05-12-2023 13:21:17.437
J12 Value - 2435 * 05-12-2023 13:21:17.456
Command * Level Sensing For J13 - #80,4,64754,800 ,0,0*6e6d
 * 05-12-2023 13:21:17.538
Response  - 80,4,I001*d281 * 05-12-2023 13:21:17.702
Response  - 80,4,F000,2438*d58e * 05-12-2023 13:21:20.2
J13 Value - 2438 * 05-12-2023 13:21:20.20
Command * Level Sensing For J14 - #81,4,64754,8590,0,0*c8a8
 * 05-12-2023 13:21:20.98
Response  - 81,4,I001*1e40 * 05-12-2023 13:21:20.264
Response  - 81,4,F000,2441*624e * 05-12-2023 13:21:22.745
J14 Value - 2441 * 05-12-2023 13:21:22.769
Command * Level Sensing For J15 - #82,4,61124,8590,0,0*f546
 * 05-12-2023 13:21:23.160
Response  - 82,4,I001*0b00 * 05-12-2023 13:21:23.398
Response  - 82,4,F000,2415*3249 * 05-12-2023 13:21:25.692
J15 Value - 2415 * 05-12-2023 13:21:25.709
Command * Level Sensing For J16 - #83,4,57494,8590,0,0*e434
 * 05-12-2023 13:21:25.781
Response  - 83,4,I001*c7c1 * 05-12-2023 13:21:25.947
Response  - 83,4,F000,2434*138b * 05-12-2023 13:21:28.239
J16 Value - 2434 * 05-12-2023 13:21:28.255
Command * Level Sensing For J17 - #84,4,53864,8590,0,0*11ab
 * 05-12-2023 13:21:28.344
Response  - 84,4,I001*2180 * 05-12-2023 13:21:28.516
Response  - 84,4,F000,2453*36c2 * 05-12-2023 13:21:30.812
J17 Value - 2453 * 05-12-2023 13:21:30.833
Command * Level Sensing For W4 - #85,4,50234,8590,0,0*faf6
 * 05-12-2023 13:21:30.914
Response  - 85,4,I001*ed41 * 05-12-2023 13:21:31.79
Response  - 85,4,F000,2433*17c3 * 05-12-2023 13:21:33.370
W4 Value - 2433 * 05-12-2023 13:21:33.388
Command * Level Sensing For W5 - #86,4,46604,8590,0,0*32f1
 * 05-12-2023 13:21:33.485
Response  - 86,4,I001*f801 * 05-12-2023 13:21:33.649
Response  - 86,4,F000,2430*d586 * 05-12-2023 13:21:35.949
W5 Value - 2430 * 05-12-2023 13:21:35.972
Command * Level Sensing For W6 - #87,4,42974,8590,0,0*2aa0
 * 05-12-2023 13:21:36.49
Response  - 87,4,I001*34c0 * 05-12-2023 13:21:36.212
Response  - 87,4,F000,2424*0784 * 05-12-2023 13:21:38.515
W6 Value - 2424 * 05-12-2023 13:21:38.531
Command * Level Sensing For J18 - #88,4,39344,8590,0,0*2d98
 * 05-12-2023 13:21:38.614
Response  - 88,4,I001*7480 * 05-12-2023 13:21:38.778
Response  - 88,4,F000,2453*fad3 * 05-12-2023 13:21:41.77
J18 Value - 2453 * 05-12-2023 13:21:41.95
Command * Level Sensing For J19 - #89,4,35714,8590,0,0*1e38
 * 05-12-2023 13:21:41.174
Response  - 89,4,I001*b841 * 05-12-2023 13:21:41.339
Response  - 89,4,F000,2452*bb10 * 05-12-2023 13:21:43.641
J19 Value - 2452 * 05-12-2023 13:21:43.661
Command * Level Sensing For J20 - #90,4,32084,8590,0,0*6c06
 * 05-12-2023 13:21:43.738
Response  - 90,4,I001*428c * 05-12-2023 13:21:43.904
Response  - 90,4,F000,2459*744c * 05-12-2023 13:21:46.210
J20 Value - 2459 * 05-12-2023 13:21:46.231
Command * Level Sensing For J21 - #91,4,28454,8590,0,0*3885
 * 05-12-2023 13:21:46.305
Response  - 91,4,I001*8e4d * 05-12-2023 13:21:46.471
Response  - 91,4,F000,2439*554d * 05-12-2023 13:21:48.770
J21 Value - 2439 * 05-12-2023 13:21:48.790
Command * Level Sensing For J22 - #92,4,24824,8590,0,0*d46e
 * 05-12-2023 13:21:48.869
Response  - 92,4,I001*9b0d * 05-12-2023 13:21:49.35
Response  - 92,4,F000,2440*a08a * 05-12-2023 13:21:51.330
J22 Value - 2440 * 05-12-2023 13:21:51.350
Command * Level Sensing For J23 - #93,4,21194,8590,0,0*150a
 * 05-12-2023 13:21:51.427
Response  - 93,4,I001*57cc * 05-12-2023 13:21:51.592
Response  - 93,4,F000,2452*7008 * 05-12-2023 13:21:53.889
J23 Value - 2452 * 05-12-2023 13:21:53.908
Command * Level Sensing For J24 - #94,4,17564,8590,0,0*7e70
 * 05-12-2023 13:21:53.984
Response  - 94,4,I001*b18d * 05-12-2023 13:21:54.153
Response  - 94,4,F000,2463*07c2 * 05-12-2023 13:21:56.454
J24 Value - 2463 * 05-12-2023 13:21:56.469
Command * Level Sensing For J25 - #95,4,13934,8590,0,0*da2e
 * 05-12-2023 13:21:56.537
Response  - 95,4,I001*7d4c * 05-12-2023 13:21:56.702
Response  - 95,4,F000,2455*7440 * 05-12-2023 13:21:58.998
J25 Value - 2455 * 05-12-2023 13:21:59.19
Command * Level Sensing For J26 - #96,4,10304,8590,0,0*01cc
 * 05-12-2023 13:21:59.97
Response  - 96,4,I001*680c * 05-12-2023 13:21:59.264
Response  - 96,4,F000,2456*b605 * 05-12-2023 13:22:01.565
J26 Value - 2456 * 05-12-2023 13:22:01.587
Command * Level Sensing For J27 - #97,4,42974,16380,0,0*e489
 * 05-12-2023 13:22:01.664
Response  - 97,4,I001*a4cd * 05-12-2023 13:22:01.828
Response  - 97,4,F000,2429*0345 * 05-12-2023 13:22:07.410
J27 Value - 2429 * 05-12-2023 13:22:07.428
Command * Level Sensing For J28 - #98,4,39344,16380,0,0*368f
 * 05-12-2023 13:22:07.726
Response  - 98,4,I001*e48d * 05-12-2023 13:22:07.890
Response  - 98,4,F000,2463*cbd3 * 05-12-2023 13:22:10.189
J28 Value - 2463 * 05-12-2023 13:22:10.206
Command * Level Sensing For J29 - #99,4,35714,16380,0,0*4ebc
 * 05-12-2023 13:22:10.290
Response  - 99,4,I001*284c * 05-12-2023 13:22:10.454
Response  - 99,4,F000,2450*bb91 * 05-12-2023 13:22:12.751
J29 Value - 2450 * 05-12-2023 13:22:12.772
Command * Level Sensing For J30 - #100,4,32084,16380,0,0*f5b4
 * 05-12-2023 13:22:12.848
Response  - 100,4,I001*dfcd * 05-12-2023 13:22:13.15
Response  - 100,4,F000,2465*225f * 05-12-2023 13:22:15.317
J30 Value - 2465 * 05-12-2023 13:22:15.339
Command * Level Sensing For J31 - #101,4,28454,16380,0,0*54a1
 * 05-12-2023 13:22:15.421
Response  - 101,4,I001*130c * 05-12-2023 13:22:15.583
Response  - 101,4,F000,2463*a1dd * 05-12-2023 13:22:17.884
J31 Value - 2463 * 05-12-2023 13:22:17.905
Command * Level Sensing For J32 - #102,4,24824,16380,0,0*1b0d
 * 05-12-2023 13:22:17.985
Response  - 102,4,I001*064c * 05-12-2023 13:22:18.144
Response  - 102,4,F000,2469*6558 * 05-12-2023 13:22:20.448
J32 Value - 2469 * 05-12-2023 13:22:20.468
Command * Level Sensing For J33 - #103,4,21194,16380,0,0*f0cd
 * 05-12-2023 13:22:20.564
Response  - 103,4,I001*ca8d * 05-12-2023 13:22:20.726
Response  - 103,4,F000,2490*129f * 05-12-2023 13:22:23.27
J33 Value - 2490 * 05-12-2023 13:22:23.48
Command * J9 - Picked - #104,2,1,39344,800 ,0,0*7ac4
 * 05-12-2023 13:22:23.131
Response  - 104,2,I001,1*e309 * 05-12-2023 13:22:23.380
Response  - 104,2,F000,1*dc58 * 05-12-2023 13:22:30.617
Command * U1 - Placed - #105,3,1,64754,16380,0,0*d5a9
 * 05-12-2023 13:22:30.717
Response  - 105,3,I001,1*ea99 * 05-12-2023 13:22:30.878
Response  - 105,3,F000,1*d5c8 * 05-12-2023 13:22:39.32
Unloaded Racks from Normal Jars Completed * 05-12-2023 13:22:39.286
Command * Home Command - #106,5,11111111*7fca
 * 05-12-2023 13:22:48.442
Response  - 106,5,I001,11111111*60bb * 05-12-2023 13:22:48.604
Response  - 106,5,F000*f08e * 05-12-2023 13:22:51.892
