Device Intialization started * 06-01-2025 12:53:09.25
Command * SET TEMPERATURE - #0,10,37*84ca
 * 06-01-2025 12:53:09.200
CRC-Response  - 0,10,F000*1ae9 * 06-01-2025 12:53:09.411
Command * WATER VALVE - 1 CONTROL ON - #1,13,1,1*7feb
 * 06-01-2025 12:53:10.690
CRC-Response  - 1,13,F000*b9e4 * 06-01-2025 12:53:15.813
Command * WATER VALVE - 2 CONTROL ON - #2,13,2,1*6a5b
 * 06-01-2025 12:53:16.269
CRC-Response  - 2,13,F000*49f0 * 06-01-2025 12:53:16.384
Command * WATER VALVE - 3 CONTROL ON - #3,13,3,1*66cb
 * 06-01-2025 12:53:16.960
CRC-Response  - 3,13,F000*d9fd * 06-01-2025 12:53:17.70
Command * WATER VALVE - 4 CONTROL ON - #4,13,4,1*413b
 * 06-01-2025 12:53:17.616
CRC-Response  - 4,13,F000*e9db * 06-01-2025 12:53:17.736
Command * WATER VALVE - 5 CONTROL ON - #5,13,5,1*4dab
 * 06-01-2025 12:53:18.289
CRC-Response  - 5,13,F000*79d6 * 06-01-2025 12:53:18.405
Command * WATER VALVE - 6 CONTROL ON - #6,13,6,1*581b
 * 06-01-2025 12:53:18.972
CRC-Response  - 6,13,F000*89c2 * 06-01-2025 12:53:19.88
Command * Home Command - #7,5,00100100*dea4
 * 06-01-2025 12:53:19.656
CRC-Response  - 7,5,I001,00100100*33ee * 06-01-2025 12:53:19.772
CRC-Response  - 7,5,F000*0b7a * 06-01-2025 12:53:19.774
Command * Home Command - #8,5,01111111*665c
 * 06-01-2025 12:53:22.343
CRC-Response  - 8,5,I001,01111111*6c37 * 06-01-2025 12:53:22.455
CRC-Response  - 8,5,F000*4b3a * 06-01-2025 12:53:32.66
Command * Home Command - #9,5,01111111*a5a1
 * 06-01-2025 12:53:34.620
CRC-Response  - 9,5,I001,01111111*fc66 * 06-01-2025 12:53:34.734
CRC-Response  - 9,5,F000*87fb * 06-01-2025 12:53:34.740
Command * Level Sensing For U1 - #10,4,61124,16380,0,0*9f4f
 * 06-01-2025 12:53:37.319
CRC-Response  - 10,4,I001*82eb * 06-01-2025 12:53:37.425
CRC-Response  - 10,4,F000,3249*d1a5 * 06-01-2025 12:53:41.584
U1 Value - 3249 * 06-01-2025 12:53:41.628
Command * Level Sensing For U2 - #11,4,57494,16380,0,0*bade
 * 06-01-2025 12:53:41.996
CRC-Response  - 11,4,I001*4e2a * 06-01-2025 12:53:42.111
CRC-Response  - 11,4,F000,3217*c425 * 06-01-2025 12:53:44.409
U2 Value - 3217 * 06-01-2025 12:53:44.436
Command * Level Sensing For U3 - #12,4,53864,16380,0,0*e29a
 * 06-01-2025 12:53:44.665
CRC-Response  - 12,4,I001*5b6a * 06-01-2025 12:53:44.779
CRC-Response  - 12,4,F000,3318*c331 * 06-01-2025 12:53:47.74
U3 Value - 3318 * 06-01-2025 12:53:47.102
Command * Level Sensing For U4 - #13,4,50234,16380,0,0*1bb0
 * 06-01-2025 12:53:47.375
CRC-Response  - 13,4,I001*97ab * 06-01-2025 12:53:47.492
CRC-Response  - 13,4,F000,3299*82a4 * 06-01-2025 12:53:49.777
U4 Value - 3299 * 06-01-2025 12:53:49.806
Command * Level Sensing For U5 - #14,4,46604,16380,0,0*e9c8
 * 06-01-2025 12:53:50.79
CRC-Response  - 14,4,I001*71ea * 06-01-2025 12:53:50.194
CRC-Response  - 14,4,F000,3304*9039 * 06-01-2025 12:53:52.490
U5 Value - 3304 * 06-01-2025 12:53:52.518
Command * Level Sensing For U6 - #15,4,42974,16380,0,0*1511
 * 06-01-2025 12:53:52.779
CRC-Response  - 15,4,I001*bd2b * 06-01-2025 12:53:52.895
CRC-Response  - 15,4,F000,3361*b2f8 * 06-01-2025 12:53:55.186
U6 Value - 3361 * 06-01-2025 12:53:55.213
Command * Level Sensing For J1 - #16,4,10304,800,0,0*e5a2
 * 06-01-2025 12:53:55.457
CRC-Response  - 16,4,I001*a86b * 06-01-2025 12:53:55.572
CRC-Response  - 16,4,F000,3320*713e * 06-01-2025 12:54:01.114
J1 Value - 3320 * 06-01-2025 12:54:01.142
Command * Level Sensing For J2 - #17,4,13934,800 ,0,0*59f9
 * 06-01-2025 12:54:01.630
CRC-Response  - 17,4,I001*64aa * 06-01-2025 12:54:01.751
CRC-Response  - 17,4,F000,3248*566f * 06-01-2025 12:54:04.37
J2 Value - 3248 * 06-01-2025 12:54:04.68
Command * Level Sensing For J3 - #18,4,17564,800 ,0,0*16c5
 * 06-01-2025 12:54:04.308
CRC-Response  - 18,4,I001*24ea * 06-01-2025 12:54:04.428
CRC-Response  - 18,4,F000,3254*cc7a * 06-01-2025 12:54:06.710
J3 Value - 3254 * 06-01-2025 12:54:06.732
Command * Level Sensing For J4 - #19,4,21194,800 ,0,0*f45f
 * 06-01-2025 12:54:07.11
CRC-Response  - 19,4,I001*e82b * 06-01-2025 12:54:07.128
CRC-Response  - 19,4,F000,3331*2eea * 06-01-2025 12:54:09.414
J4 Value - 3331 * 06-01-2025 12:54:09.442
Command * Level Sensing For J5 - #20,4,24824,800 ,0,0*13fd
 * 06-01-2025 12:54:09.690
CRC-Response  - 20,4,I001*72ff * 06-01-2025 12:54:09.800
CRC-Response  - 20,4,F000,3348*d236 * 06-01-2025 12:54:12.94
J5 Value - 3348 * 06-01-2025 12:54:12.124
Command * Level Sensing For J6 - #21,4,28454,800 ,0,0*47b7
 * 06-01-2025 12:54:12.374
CRC-Response  - 21,4,I001*be3e * 06-01-2025 12:54:12.484
CRC-Response  - 21,4,F000,3338*6336 * 06-01-2025 12:54:14.775
J6 Value - 3338 * 06-01-2025 12:54:14.807
Command * Level Sensing For J7 - #22,4,32084,800 ,0,0*ab95
 * 06-01-2025 12:54:15.62
CRC-Response  - 22,4,I001*ab7e * 06-01-2025 12:54:15.178
CRC-Response  - 22,4,F000,3329*f0f3 * 06-01-2025 12:54:17.469
J7 Value - 3329 * 06-01-2025 12:54:17.499
Command * Level Sensing For J8 - #23,4,35714,800 ,0,0*4714
 * 06-01-2025 12:54:17.757
CRC-Response  - 23,4,I001*67bf * 06-01-2025 12:54:17.875
CRC-Response  - 23,4,F000,3337*2571 * 06-01-2025 12:54:20.163
J8 Value - 3337 * 06-01-2025 12:54:20.191
Command * Level Sensing For J9 - #24,4,39344,800 ,0,0*fd54
 * 06-01-2025 12:54:20.450
CRC-Response  - 24,4,I001*81fe * 06-01-2025 12:54:20.565
CRC-Response  - 24,4,F000,3349*96f9 * 06-01-2025 12:54:22.859
J9 Value - 3349 * 06-01-2025 12:54:22.890
Command * Level Sensing For J10 - #25,4,53864,800 ,0,0*6ef5
 * 06-01-2025 12:54:23.121
CRC-Response  - 25,4,I001*4d3f * 06-01-2025 12:54:23.231
CRC-Response  - 25,4,F000,3338*e738 * 06-01-2025 12:54:26.728
J11 Value - 3338 * 06-01-2025 12:54:26.761
Command * Level Sensing For J11 - #26,4,57494,800 ,0,0*aa2b
 * 06-01-2025 12:54:26.818
CRC-Response  - 26,4,I001*587f * 06-01-2025 12:54:31.936
CRC-Response  - 26,4,F000,3344*113f * 06-01-2025 12:54:31.938
J11 Value - 3344 * 06-01-2025 12:54:31.968
Command * Level Sensing For J12 - #27,4,61124,800 ,0,0*bb59
 * 06-01-2025 12:54:32.376
CRC-Response  - 27,4,I001*94be * 06-01-2025 12:54:32.491
CRC-Response  - 27,4,F000,3347*917d * 06-01-2025 12:54:34.787
J12 Value - 3347 * 06-01-2025 12:54:34.817
Command * Level Sensing For J13 - #28,4,64754,800 ,0,0*d574
 * 06-01-2025 12:54:35.61
CRC-Response  - 28,4,I001*d4fe * 06-01-2025 12:54:35.177
CRC-Response  - 28,4,F000,3317*ce6a * 06-01-2025 12:54:37.464
J13 Value - 3317 * 06-01-2025 12:54:37.493
Command * Level Sensing For J14 - #29,4,64754,8590,0,0*73b1
 * 06-01-2025 12:54:37.767
CRC-Response  - 29,4,I001*183f * 06-01-2025 12:54:37.881
CRC-Response  - 29,4,F000,3352*8caa * 06-01-2025 12:54:40.348
J14 Value - 3352 * 06-01-2025 12:54:40.377
Command * Level Sensing For J15 - #30,4,61124,8590,0,0*6841
 * 06-01-2025 12:54:40.465
CRC-Response  - 30,4,I001*e2f2 * 06-01-2025 12:54:40.582
CRC-Response  - 30,4,F000,3361*75f7 * 06-01-2025 12:54:42.866
J15 Value - 3361 * 06-01-2025 12:54:42.895
Command * Level Sensing For J16 - #31,4,57494,8590,0,0*7933
 * 06-01-2025 12:54:43.153
CRC-Response  - 31,4,I001*2e33 * 06-01-2025 12:54:43.270
CRC-Response  - 31,4,F000,3359*c2f4 * 06-01-2025 12:54:45.563
J16 Value - 3359 * 06-01-2025 12:54:45.592
Command * Level Sensing For J17 - #32,4,53864,8590,0,0*bded
 * 06-01-2025 12:54:45.866
CRC-Response  - 32,4,I001*3b73 * 06-01-2025 12:54:45.980
CRC-Response  - 32,4,F000,3360*f731 * 06-01-2025 12:54:48.272
J17 Value - 3360 * 06-01-2025 12:54:48.302
Command * Level Sensing For J18 - #33,4,39344,8590,0,0*2e4c
 * 06-01-2025 12:54:48.531
CRC-Response  - 33,4,I001*f7b2 * 06-01-2025 12:54:48.645
CRC-Response  - 33,4,F000,3369*70f3 * 06-01-2025 12:54:52.159
J18 Value - 3369 * 06-01-2025 12:54:52.189
Command * Level Sensing For J19 - #34,4,35714,8590,0,0*940c
 * 06-01-2025 12:54:52.728
CRC-Response  - 34,4,I001*11f3 * 06-01-2025 12:54:52.844
CRC-Response  - 34,4,F000,3370*a139 * 06-01-2025 12:54:55.136
J19 Value - 3370 * 06-01-2025 12:54:55.165
Command * Level Sensing For J20 - #35,4,32084,8590,0,0*788d
 * 06-01-2025 12:54:55.411
CRC-Response  - 35,4,I001*dd32 * 06-01-2025 12:54:55.528
CRC-Response  - 35,4,F000,3355*43fa * 06-01-2025 12:54:57.824
J20 Value - 3355 * 06-01-2025 12:54:57.850
Command * Level Sensing For J21 - #36,4,28454,8590,0,0*94af
 * 06-01-2025 12:54:58.108
CRC-Response  - 36,4,I001*c872 * 06-01-2025 12:54:58.226
CRC-Response  - 36,4,F000,3394*403b * 06-01-2025 12:55:00.512
J21 Value - 3394 * 06-01-2025 12:55:00.541
Command * Level Sensing For J22 - #37,4,24824,8590,0,0*c0e5
 * 06-01-2025 12:55:00.784
CRC-Response  - 37,4,I001*04b3 * 06-01-2025 12:55:00.899
CRC-Response  - 37,4,F000,3403*92cf * 06-01-2025 12:55:03.187
J22 Value - 3403 * 06-01-2025 12:55:03.221
Command * Level Sensing For J23 - #38,4,21194,8590,0,0*eae3
 * 06-01-2025 12:55:03.490
CRC-Response  - 38,4,I001*44f3 * 06-01-2025 12:55:03.603
CRC-Response  - 38,4,F000,3391*cded * 06-01-2025 12:55:05.897
J23 Value - 3391 * 06-01-2025 12:55:05.928
Command * Level Sensing For J24 - #39,4,17564,8590,0,0*0879
 * 06-01-2025 12:55:06.154
CRC-Response  - 39,4,I001*8832 * 06-01-2025 12:55:06.271
CRC-Response  - 39,4,F000,3394*4f2f * 06-01-2025 12:55:08.560
J24 Value - 3394 * 06-01-2025 12:55:08.587
Command * Level Sensing For J25 - #40,4,13934,8590,0,0*ba10
 * 06-01-2025 12:55:08.832
CRC-Response  - 40,4,I001*d2d4 * 06-01-2025 12:55:08.949
CRC-Response  - 40,4,F000,3400*1382 * 06-01-2025 12:55:11.242
J25 Value - 3400 * 06-01-2025 12:55:11.277
Command * Level Sensing For J26 - #41,4,10304,8590,0,0*d953
 * 06-01-2025 12:55:11.501
CRC-Response  - 41,4,I001*1e15 * 06-01-2025 12:55:11.615
CRC-Response  - 41,4,F000,3388*5537 * 06-01-2025 12:55:13.912
J26 Value - 3388 * 06-01-2025 12:55:13.938
Command * Level Sensing For J27 - #42,4,21194,16380,0,0*aa1b
 * 06-01-2025 12:55:14.170
CRC-Response  - 42,4,I001*0b55 * 06-01-2025 12:55:14.283
CRC-Response  - 42,4,F000,3441*5146 * 06-01-2025 12:55:17.394
J27 Value - 3441 * 06-01-2025 12:55:17.422
Command * Level Sensing For J28 - #43,4,24824,16380,0,0*41db
 * 06-01-2025 12:55:17.878
CRC-Response  - 43,4,I001*c794 * 06-01-2025 12:55:17.985
CRC-Response  - 43,4,F000,3448*d684 * 06-01-2025 12:55:20.278
J28 Value - 3448 * 06-01-2025 12:55:20.308
Command * Level Sensing For J29 - #44,4,28454,16380,0,0*3e86
 * 06-01-2025 12:55:20.553
CRC-Response  - 44,4,I001*21d5 * 06-01-2025 12:55:20.663
CRC-Response  - 44,4,F000,3410*078d * 06-01-2025 12:55:22.960
J29 Value - 3410 * 06-01-2025 12:55:22.991
Command * Level Sensing For J30 - #45,4,32084,16380,0,0*9f93
 * 06-01-2025 12:55:23.219
CRC-Response  - 45,4,I001*ed14 * 06-01-2025 12:55:23.334
CRC-Response  - 45,4,F000,3410*868f * 06-01-2025 12:55:25.627
J30 Value - 3410 * 06-01-2025 12:55:25.656
Command * Level Sensing For J31 - #46,4,35714,16380,0,0*47c6
 * 06-01-2025 12:55:25.918
CRC-Response  - 46,4,I001*f854 * 06-01-2025 12:55:26.32
CRC-Response  - 46,4,F000,3403*d4cb * 06-01-2025 12:55:28.325
J31 Value - 3403 * 06-01-2025 12:55:28.355
Command * Level Sensing For J32 - #47,4,39344,16380,0,0*3ff5
 * 06-01-2025 12:55:28.600
CRC-Response  - 47,4,I001*3495 * 06-01-2025 12:55:28.714
CRC-Response  - 47,4,F000,3422*f509 * 06-01-2025 12:55:31.11
J32 Value - 3422 * 06-01-2025 12:55:31.26
Command * Level Sensing For J33 - #48,4,64754,16380,0,0*a398
 * 06-01-2025 12:55:31.283
CRC-Response  - 48,4,I001*74d5 * 06-01-2025 12:55:31.402
CRC-Response  - 48,4,F000,3343*5b6e * 06-01-2025 12:55:36.100
J33 Value - 3343 * 06-01-2025 12:55:36.129
Command * Level Sensing For W1 - #49,4,42974,800 ,0,0*ca45
 * 06-01-2025 12:55:36.500
CRC-Response  - 49,4,I001*b814 * 06-01-2025 12:55:36.616
CRC-Response  - 49,4,F000,3353*4a6d * 06-01-2025 12:55:40.945
W1 Value - 3353 * 06-01-2025 12:55:40.969
Command * Level Sensing For W2 - #50,4,46604,800 ,0,0*4cab
 * 06-01-2025 12:55:41.205
CRC-Response  - 50,4,I001*42d9 * 06-01-2025 12:55:41.319
CRC-Response  - 50,4,F000,3349*d5f1 * 06-01-2025 12:55:43.605
W2 Value - 3349 * 06-01-2025 12:55:43.636
Command * Level Sensing For W3 - #51,4,50234,800 ,0,0*3c0d
 * 06-01-2025 12:55:43.877
CRC-Response  - 51,4,I001*8e18 * 06-01-2025 12:55:43.995
CRC-Response  - 51,4,F000,3340*5233 * 06-01-2025 12:55:46.289
W3 Value - 3340 * 06-01-2025 12:55:46.320
Command * Level Sensing For W4 - #52,4,50234,8590,0,0*2269
 * 06-01-2025 12:55:46.577
CRC-Response  - 52,4,I001*9b58 * 06-01-2025 12:55:46.693
CRC-Response  - 52,4,F000,3343*9076 * 06-01-2025 12:55:49.158
W4 Value - 3343 * 06-01-2025 12:55:49.185
Command * Level Sensing For W5 - #53,4,46604,8590,0,0*52cf
 * 06-01-2025 12:55:49.259
CRC-Response  - 53,4,I001*5799 * 06-01-2025 12:55:49.375
CRC-Response  - 53,4,F000,3340*1034 * 06-01-2025 12:55:51.659
W5 Value - 3340 * 06-01-2025 12:55:51.690
Command * Level Sensing For W6 - #54,4,42974,8590,0,0*c37e
 * 06-01-2025 12:55:51.963
CRC-Response  - 54,4,I001*b1d8 * 06-01-2025 12:55:52.79
CRC-Response  - 54,4,F000,3331*a7fc * 06-01-2025 12:55:54.372
W6 Value - 3331 * 06-01-2025 12:55:54.401
Command * Level Sensing For H1 - #55,4,2688,1000,0,1*b498
 * 06-01-2025 12:55:54.631
CRC-Response  - 55,4,I001*7d19 * 06-01-2025 12:55:54.745
CRC-Response  - 55,4,F000,4095*3108 * 06-01-2025 12:56:01.141
H1 Value - 4095 * 06-01-2025 12:56:01.170
Command * Level Sensing For H2 - #56,4,2688,8700,0,1*eede
 * 06-01-2025 12:56:01.333
CRC-Response  - 56,4,I001*6859 * 06-01-2025 12:56:01.449
CRC-Response  - 56,4,F000,4095*f20d * 06-01-2025 12:56:03.901
H2 Value - 4095 * 06-01-2025 12:56:03.933
Command * Level Sensing For H3 - #57,4,2688,16380,0,1*6079
 * 06-01-2025 12:56:04.19
CRC-Response  - 57,4,I001*a498 * 06-01-2025 12:56:04.138
CRC-Response  - 57,4,F000,4095*730f * 06-01-2025 12:56:06.592
H3 Value - 4095 * 06-01-2025 12:56:06.621
Command * Home Command - #58,5,01111111*7a76
 * 06-01-2025 12:56:06.715
CRC-Response  - 58,5,I001,01111111*3a29 * 06-01-2025 12:56:06.825
CRC-Response  - 58,5,F000*e11b * 06-01-2025 12:56:19.367
Command * Home Command - #59,5,01111111*b98b
 * 06-01-2025 12:56:22.460
CRC-Response  - 59,5,I001,01111111*aa78 * 06-01-2025 12:56:22.576
CRC-Response  - 59,5,F000*2dda * 06-01-2025 12:56:22.581
Command * WATER VALVE - 1 CONTROL OFF - #0,13,1,0*73eb
 * 06-01-2025 13:00:51.969
CRC-Response  - 0,13,F000*29e9 * 06-01-2025 13:00:52.231
Command * WATER VALVE - 2 CONTROL OFF - #1,13,2,0*bfda
 * 06-01-2025 13:00:52.780
CRC-Response  - 1,13,F000*b9e4 * 06-01-2025 13:00:52.897
Command * WATER VALVE - 3 CONTROL OFF - #2,13,3,0*6acb
 * 06-01-2025 13:00:53.448
CRC-Response  - 2,13,F000*49f0 * 06-01-2025 13:00:53.563
Command * WATER VALVE - 4 CONTROL OFF - #3,13,4,0*67bb
 * 06-01-2025 13:00:54.123
CRC-Response  - 3,13,F000*d9fd * 06-01-2025 13:00:54.230
Command * WATER VALVE - 5 CONTROL OFF - #4,13,5,0*41ab
 * 06-01-2025 13:00:54.783
CRC-Response  - 4,13,F000*e9db * 06-01-2025 13:00:54.901
Command * WATER VALVE - 6 CONTROL OFF - #5,13,6,0*8d9a
 * 06-01-2025 13:00:55.454
CRC-Response  - 5,13,F000*79d6 * 06-01-2025 13:00:55.569
Command * Home Command - #6,5,01111111*b1b5
 * 06-01-2025 13:00:56.144
CRC-Response  - 6,5,I001,01111111*0f53 * 06-01-2025 13:00:56.261
CRC-Response  - 6,5,F000*c7bb * 06-01-2025 13:00:56.267
Command * Home Command - #7,5,01111111*7248
 * 06-01-2025 13:00:58.848
CRC-Response  - 7,5,I001,01111111*9f02 * 06-01-2025 13:00:58.954
CRC-Response  - 7,5,F000*0b7a * 06-01-2025 13:00:59.234
Command * Level Sensing For L1 - #8,4,17564,16380,0,0*ab6b
 * 06-01-2025 13:01:00.525
CRC-Response  - 8,4,I001*4ef9 * 06-01-2025 13:01:00.642
CRC-Response  - 8,4,F000,400*4170 * 06-01-2025 13:01:08.899
L1 Value - 400 * 06-01-2025 13:01:08.930
Command * Level Sensing For L2 - #9,4,13934,16380,0,0*534e
 * 06-01-2025 13:01:09.266
CRC-Response  - 9,4,I001*8238 * 06-01-2025 13:01:09.385
CRC-Response  - 9,4,F000,399*15fa * 06-01-2025 13:01:11.666
L2 Value - 399 * 06-01-2025 13:01:11.698
Command * Level Sensing For L3 - #10,4,10304,16380,0,0*d9f6
 * 06-01-2025 13:01:11.954
CRC-Response  - 10,4,I001*82eb * 06-01-2025 13:01:12.70
CRC-Response  - 10,4,F000,331*f7c5 * 06-01-2025 13:01:14.352
L3 Value - 331 * 06-01-2025 13:01:14.381
Command * Home Command - #11,5,01111111*e264
 * 06-01-2025 13:01:29.111
CRC-Response  - 11,5,I001,01111111*59be * 06-01-2025 13:01:29.224
CRC-Response  - 11,5,F000*4be9 * 06-01-2025 13:01:40.250
Command * Home Command - #12,5,01111111*e660
 * 06-01-2025 13:01:42.435
CRC-Response  - 12,5,I001,01111111*a94e * 06-01-2025 13:01:42.545
CRC-Response  - 12,5,F000*5ea9 * 06-01-2025 13:01:42.551
Rack - 1Protocol Started * 06-01-2025 13:01:50.358
Command * Rack-1 Picked from L1 - #13,2,1,17564,16380,0,0*bdee
 * 06-01-2025 13:01:50.487
CRC-Response  - 13,2,I001,1*a063 * 06-01-2025 13:01:50.605
CRC-Response  - 13,2,F000,1*9f32 * 06-01-2025 13:02:01.241
Command * Rack-1 Placed in J1 - #14,3,1,10304,800,0,0*3371
 * 06-01-2025 13:02:01.738
CRC-Response  - 14,3,I001,1*b613 * 06-01-2025 13:02:01.847
CRC-Response  - 14,3,F000,1*8942 * 06-01-2025 13:02:08.328
Command * Rack-1 Picked from J1 - #15,2,1,10304,800,0,0*5f1d
 * 06-01-2025 13:04:09.187
CRC-Response  - 15,2,I001,1*bf83 * 06-01-2025 13:04:09.335
