Command * WATER VALVE - 1 CONTROL ON - #0,13,1,1*b32a
 * 11-11-2024 10:38:00.817
CRC-Response  - 0,13,F000*29e9 * 11-11-2024 10:38:01.71
Command * WATER VALVE - 2 CONTROL ON - #1,13,2,1*7f1b
 * 11-11-2024 10:38:02.86
CRC-Response  - 1,13,F000*b9e4 * 11-11-2024 10:38:02.255
Command * WATER VALVE - 3 CONTROL ON - #2,13,3,1*aa0a
 * 11-11-2024 10:38:03.271
CRC-Response  - 2,13,F000*49f0 * 11-11-2024 10:38:03.433
Command * WATER VALVE - 4 CONTROL ON - #3,13,4,1*a77a
 * 11-11-2024 10:38:04.450
CRC-Response  - 3,13,F000*d9fd * 11-11-2024 10:38:04.618
Command * WATER VALVE - 5 CONTROL ON - #4,13,5,1*816a
 * 11-11-2024 10:38:05.632
CRC-Response  - 4,13,F000*e9db * 11-11-2024 10:38:05.800
Command * WATER VALVE - 6 CONTROL ON - #5,13,6,1*4d5b
 * 11-11-2024 10:38:06.821
CRC-Response  - 5,13,F000*79d6 * 11-11-2024 10:38:06.979
Device Intialization started * 11-11-2024 10:38:13.5
Command * Both Z Axis Home Command - #6,5,00100100*1d59
 * 11-11-2024 10:38:13.9
CRC-Response  - 6,5,I001,00100100*a3bf * 11-11-2024 10:38:13.174
CRC-Response  - 6,5,F000*c7bb * 11-11-2024 10:38:14.658
Command * Home Command - #7,5,01111111*7248
 * 11-11-2024 10:38:16.724
CRC-Response  - 7,5,I001,01111111*9f02 * 11-11-2024 10:38:16.882
CRC-Response  - 7,5,F000*0b7a * 11-11-2024 10:38:22.547
Command * Home Command - #8,5,01111111*665c
 * 11-11-2024 10:38:24.888
CRC-Response  - 8,5,I001,01111111*6c37 * 11-11-2024 10:38:25.47
CRC-Response  - 8,5,F000*4b3a * 11-11-2024 10:38:25.51
Command * Level Sensing For U1 - #9,4,64754,16380,0,0*1011
 * 11-11-2024 10:38:27.630
CRC-Response  - 9,4,I001*8238 * 11-11-2024 10:38:27.796
CRC-Response  - 9,4,F000,2373*c8f0 * 11-11-2024 10:38:31.942
U1 Value - 2373 * 11-11-2024 10:38:31.992
Command * Level Sensing For U2 - #10,4,61124,16380,0,0*9f4f
 * 11-11-2024 10:38:32.315
CRC-Response  - 10,4,I001*82eb * 11-11-2024 10:38:32.486
CRC-Response  - 10,4,F000,2382*2ab1 * 11-11-2024 10:38:34.777
U2 Value - 2382 * 11-11-2024 10:38:34.804
Command * Level Sensing For U3 - #11,4,57494,16380,0,0*bade
 * 11-11-2024 10:38:35.2
CRC-Response  - 11,4,I001*4e2a * 11-11-2024 10:38:35.168
CRC-Response  - 11,4,F000,2389*6cf2 * 11-11-2024 10:38:37.461
U3 Value - 2389 * 11-11-2024 10:38:37.492
Command * Level Sensing For U4 - #12,4,53864,16380,0,0*e29a
 * 11-11-2024 10:38:37.681
CRC-Response  - 12,4,I001*5b6a * 11-11-2024 10:38:37.852
CRC-Response  - 12,4,F000,2384*6a36 * 11-11-2024 10:38:40.144
U4 Value - 2384 * 11-11-2024 10:38:40.174
Command * Level Sensing For U5 - #13,4,50234,16380,0,0*1bb0
 * 11-11-2024 10:38:40.350
CRC-Response  - 13,4,I001*97ab * 11-11-2024 10:38:40.521
CRC-Response  - 13,4,F000,2382*e9b4 * 11-11-2024 10:38:42.805
U5 Value - 2382 * 11-11-2024 10:38:42.834
Command * Level Sensing For U6 - #14,4,46604,16380,0,0*e9c8
 * 11-11-2024 10:38:43.43
CRC-Response  - 14,4,I001*71ea * 11-11-2024 10:38:43.208
CRC-Response  - 14,4,F000,2374*5c3a * 11-11-2024 10:38:45.505
U6 Value - 2374 * 11-11-2024 10:38:45.536
Command * Level Sensing For J1 - #15,4,10304,800,0,0*1552
 * 11-11-2024 10:38:45.744
CRC-Response  - 15,4,I001*bd2b * 11-11-2024 10:38:45.912
CRC-Response  - 15,4,F000,2390*7e3d * 11-11-2024 10:38:51.863
J1 Value - 2390 * 11-11-2024 10:38:51.891
Command * Level Sensing For J2 - #16,4,13934,800 ,0,0*a5a8
 * 11-11-2024 10:38:51.929
CRC-Response  - 16,4,I001*a86b * 11-11-2024 10:38:52.97
CRC-Response  - 16,4,F000,2391*7df9 * 11-11-2024 10:38:54.384
J2 Value - 2391 * 11-11-2024 10:38:54.415
Command * Level Sensing For J3 - #17,4,17564,800 ,0,0*01f6
 * 11-11-2024 10:38:54.631
CRC-Response  - 17,4,I001*64aa * 11-11-2024 10:38:54.789
CRC-Response  - 17,4,F000,2390*3c3a * 11-11-2024 10:38:57.93
J3 Value - 2390 * 11-11-2024 10:38:57.121
Command * Level Sensing For J4 - #18,4,21194,800 ,0,0*080e
 * 11-11-2024 10:38:57.285
CRC-Response  - 18,4,I001*24ea * 11-11-2024 10:38:57.449
CRC-Response  - 18,4,F000,2386*a1af * 11-11-2024 10:38:59.740
J4 Value - 2386 * 11-11-2024 10:38:59.770
Command * Level Sensing For J5 - #19,4,24824,800 ,0,0*c96a
 * 11-11-2024 10:38:59.976
CRC-Response  - 19,4,I001*e82b * 11-11-2024 10:39:00.143
CRC-Response  - 19,4,F000,2391*72ed * 11-11-2024 10:39:02.431
J5 Value - 2391 * 11-11-2024 10:39:02.470
Command * Level Sensing For J6 - #20,4,28454,800 ,0,0*bbe6
 * 11-11-2024 10:39:02.669
CRC-Response  - 20,4,I001*72ff * 11-11-2024 10:39:02.837
CRC-Response  - 20,4,F000,2392*b9b3 * 11-11-2024 10:39:05.140
J6 Value - 2392 * 11-11-2024 10:39:05.167
Command * Level Sensing For J7 - #21,4,32084,800 ,0,0*ef65
 * 11-11-2024 10:39:05.332
CRC-Response  - 21,4,I001*be3e * 11-11-2024 10:39:05.495
CRC-Response  - 21,4,F000,2386*6bb1 * 11-11-2024 10:39:07.798
J7 Value - 2386 * 11-11-2024 10:39:07.828
Command * Level Sensing For J8 - #22,4,35714,800 ,0,0*bb45
 * 11-11-2024 10:39:08.2
CRC-Response  - 22,4,I001*ab7e * 11-11-2024 10:39:08.172
CRC-Response  - 22,4,F000,2387*6875 * 11-11-2024 10:39:10.463
J8 Value - 2387 * 11-11-2024 10:39:10.490
Command * Level Sensing For J9 - #23,4,39344,800 ,0,0*88e5
 * 11-11-2024 10:39:10.698
CRC-Response  - 23,4,I001*67bf * 11-11-2024 10:39:10.866
CRC-Response  - 23,4,F000,2392*7ab6 * 11-11-2024 10:39:13.166
J9 Value - 2392 * 11-11-2024 10:39:13.200
Command * Level Sensing For W1 - #24,4,42974,800 ,0,0*ed5f
 * 11-11-2024 10:39:13.389
CRC-Response  - 24,4,I001*81fe * 11-11-2024 10:39:13.555
CRC-Response  - 24,4,F000,2387*ae7c * 11-11-2024 10:39:15.855
W1 Value - 2387 * 11-11-2024 10:39:15.885
Command * Level Sensing For W2 - #25,4,46604,800 ,0,0*f50e
 * 11-11-2024 10:39:16.92
CRC-Response  - 25,4,I001*4d3f * 11-11-2024 10:39:16.258
CRC-Response  - 25,4,F000,2380*ed3f * 11-11-2024 10:39:18.555
W2 Value - 2380 * 11-11-2024 10:39:18.577
Command * Level Sensing For W3 - #26,4,50234,800 ,0,0*3d09
 * 11-11-2024 10:39:18.760
CRC-Response  - 26,4,I001*587f * 11-11-2024 10:39:18.929
CRC-Response  - 26,4,F000,2382*efbb * 11-11-2024 10:39:21.217
W3 Value - 2382 * 11-11-2024 10:39:21.249
Command * Level Sensing For J10 - #27,4,53864,800 ,0,0*d654
 * 11-11-2024 10:39:21.425
CRC-Response  - 27,4,I001*94be * 11-11-2024 10:39:21.589
CRC-Response  - 27,4,F000,2395*3cf9 * 11-11-2024 10:39:23.892
J10 Value - 2395 * 11-11-2024 10:39:24.22
Command * Level Sensing For J11 - #28,4,57494,800 ,0,0*4149
 * 11-11-2024 10:39:24.116
CRC-Response  - 28,4,I001*d4fe * 11-11-2024 10:39:24.281
CRC-Response  - 28,4,F000,2387*626d * 11-11-2024 10:39:26.570
J11 Value - 2387 * 11-11-2024 10:39:26.599
Command * Level Sensing For J12 - #29,4,61124,800 ,0,0*503b
 * 11-11-2024 10:39:26.793
CRC-Response  - 29,4,I001*183f * 11-11-2024 10:39:26.956
CRC-Response  - 29,4,F000,2391*71ee * 11-11-2024 10:39:29.245
J12 Value - 2391 * 11-11-2024 10:39:29.264
Command * Level Sensing For J13 - #30,4,64754,800 ,0,0*4bcb
 * 11-11-2024 10:39:29.469
CRC-Response  - 30,4,I001*e2f2 * 11-11-2024 10:39:29.634
CRC-Response  - 30,4,F000,2379*dff6 * 11-11-2024 10:39:31.925
J13 Value - 2379 * 11-11-2024 10:39:31.945
Command * Level Sensing For J14 - #31,4,64754,8590,0,0*ed0e
 * 11-11-2024 10:39:32.145
CRC-Response  - 31,4,I001*2e33 * 11-11-2024 10:39:32.315
CRC-Response  - 31,4,F000,2389*aef1 * 11-11-2024 10:39:34.778
J14 Value - 2389 * 11-11-2024 10:39:34.807
Command * Level Sensing For J15 - #32,4,61124,8590,0,0*d0e0
 * 11-11-2024 10:39:34.845
CRC-Response  - 32,4,I001*3b73 * 11-11-2024 10:39:35.12
CRC-Response  - 32,4,F000,2401*aa43 * 11-11-2024 10:39:37.297
J15 Value - 2401 * 11-11-2024 10:39:37.321
Command * Level Sensing For J16 - #33,4,57494,8590,0,0*c192
 * 11-11-2024 10:39:37.533
CRC-Response  - 33,4,I001*f7b2 * 11-11-2024 10:39:37.701
CRC-Response  - 33,4,F000,2387*2877 * 11-11-2024 10:39:39.980
J16 Value - 2387 * 11-11-2024 10:39:40.7
Command * Level Sensing For J17 - #34,4,53864,8590,0,0*340d
 * 11-11-2024 10:39:40.218
CRC-Response  - 34,4,I001*11f3 * 11-11-2024 10:39:40.384
CRC-Response  - 34,4,F000,2396*3fbc * 11-11-2024 10:39:42.670
J17 Value - 2396 * 11-11-2024 10:39:42.701
Command * Level Sensing For W4 - #35,4,50234,8590,0,0*df50
 * 11-11-2024 10:39:42.908
CRC-Response  - 35,4,I001*dd32 * 11-11-2024 10:39:43.73
CRC-Response  - 35,4,F000,2391*7cff * 11-11-2024 10:39:45.378
W4 Value - 2391 * 11-11-2024 10:39:45.407
Command * Level Sensing For W5 - #36,4,46604,8590,0,0*1757
 * 11-11-2024 10:39:45.598
CRC-Response  - 36,4,I001*c872 * 11-11-2024 10:39:45.767
CRC-Response  - 36,4,F000,2388*293b * 11-11-2024 10:39:48.50
W5 Value - 2388 * 11-11-2024 10:39:48.79
Command * Level Sensing For W6 - #37,4,42974,8590,0,0*0f06
 * 11-11-2024 10:39:48.288
CRC-Response  - 37,4,I001*04b3 * 11-11-2024 10:39:48.455
CRC-Response  - 37,4,F000,2381*aef9 * 11-11-2024 10:39:50.743
W6 Value - 2381 * 11-11-2024 10:39:50.773
Command * Level Sensing For J18 - #38,4,39344,8590,0,0*083e
 * 11-11-2024 10:39:50.963
CRC-Response  - 38,4,I001*44f3 * 11-11-2024 10:39:51.132
CRC-Response  - 38,4,F000,2393*f06d * 11-11-2024 10:39:53.421
J18 Value - 2393 * 11-11-2024 10:39:53.440
Command * Level Sensing For J19 - #39,4,35714,8590,0,0*3b9e
 * 11-11-2024 10:39:53.627
CRC-Response  - 39,4,I001*8832 * 11-11-2024 10:39:53.797
CRC-Response  - 39,4,F000,2386*e2ae * 11-11-2024 10:39:56.96
J19 Value - 2386 * 11-11-2024 10:39:56.129
Command * Level Sensing For J20 - #40,4,32084,8590,0,0*c128
 * 11-11-2024 10:39:56.319
CRC-Response  - 40,4,I001*d2d4 * 11-11-2024 10:39:56.485
CRC-Response  - 40,4,F000,2393*7f74 * 11-11-2024 10:39:58.782
J20 Value - 2393 * 11-11-2024 10:39:58.814
Command * Level Sensing For J21 - #41,4,28454,8590,0,0*95ab
 * 11-11-2024 10:39:58.988
CRC-Response  - 41,4,I001*1e15 * 11-11-2024 10:39:59.156
CRC-Response  - 41,4,F000,2382*aeb6 * 11-11-2024 10:40:01.445
J21 Value - 2382 * 11-11-2024 10:40:01.473
Command * Level Sensing For J22 - #42,4,24824,8590,0,0*7940
 * 11-11-2024 10:40:01.667
CRC-Response  - 42,4,I001*0b55 * 11-11-2024 10:40:01.837
CRC-Response  - 42,4,F000,2394*ff32 * 11-11-2024 10:40:04.127
J22 Value - 2394 * 11-11-2024 10:40:04.156
Command * Level Sensing For J23 - #43,4,21194,8590,0,0*b824
 * 11-11-2024 10:40:04.334
CRC-Response  - 43,4,I001*c794 * 11-11-2024 10:40:04.502
CRC-Response  - 43,4,F000,2403*2dc6 * 11-11-2024 10:40:06.787
J23 Value - 2403 * 11-11-2024 10:40:06.815
Command * Level Sensing For J24 - #44,4,17564,8590,0,0*d35e
 * 11-11-2024 10:40:07.2
CRC-Response  - 44,4,I001*21d5 * 11-11-2024 10:40:07.163
CRC-Response  - 44,4,F000,2402*aa0c * 11-11-2024 10:40:09.457
J24 Value - 2402 * 11-11-2024 10:40:09.489
Command * Level Sensing For J25 - #45,4,13934,8590,0,0*7700
 * 11-11-2024 10:40:09.710
CRC-Response  - 45,4,I001*ed14 * 11-11-2024 10:40:09.876
CRC-Response  - 45,4,F000,2401*2a4e * 11-11-2024 10:40:12.163
J25 Value - 2401 * 11-11-2024 10:40:12.192
Command * Level Sensing For J26 - #46,4,10304,8590,0,0*ace2
 * 11-11-2024 10:40:12.383
CRC-Response  - 46,4,I001*f854 * 11-11-2024 10:40:12.551
CRC-Response  - 46,4,F000,2399*befd * 11-11-2024 10:40:14.836
J26 Value - 2399 * 11-11-2024 10:40:14.865
Command * Level Sensing For J27 - #47,4,42974,16380,0,0*f8a4
 * 11-11-2024 10:40:15.87
CRC-Response  - 47,4,I001*3495 * 11-11-2024 10:40:15.255
CRC-Response  - 47,4,F000,2380*a93e * 11-11-2024 10:40:20.789
J27 Value - 2380 * 11-11-2024 10:40:20.817
Command * Level Sensing For J28 - #48,4,39344,16380,0,0*2aa2
 * 11-11-2024 10:40:21.293
CRC-Response  - 48,4,I001*74d5 * 11-11-2024 10:40:21.459
CRC-Response  - 48,4,F000,2427*05dc * 11-11-2024 10:40:23.744
J28 Value - 2427 * 11-11-2024 10:40:23.773
Command * Level Sensing For J29 - #49,4,35714,16380,0,0*5291
 * 11-11-2024 10:40:23.966
CRC-Response  - 49,4,I001*b814 * 11-11-2024 10:40:24.130
CRC-Response  - 49,4,F000,2412*771e * 11-11-2024 10:40:26.433
J29 Value - 2412 * 11-11-2024 10:40:26.465
Command * Level Sensing For J30 - #50,4,32084,16380,0,0*8262
 * 11-11-2024 10:40:26.636
CRC-Response  - 50,4,I001*42d9 * 11-11-2024 10:40:26.805
CRC-Response  - 50,4,F000,2423*4fc2 * 11-11-2024 10:40:29.91
J30 Value - 2423 * 11-11-2024 10:40:29.119
Command * Level Sensing For J31 - #51,4,28454,16380,0,0*2377
 * 11-11-2024 10:40:29.332
CRC-Response  - 51,4,I001*8e18 * 11-11-2024 10:40:29.495
CRC-Response  - 51,4,F000,2422*0e01 * 11-11-2024 10:40:31.787
J31 Value - 2422 * 11-11-2024 10:40:31.815
Command * Level Sensing For J32 - #52,4,24824,16380,0,0*6cdb
 * 11-11-2024 10:40:31.993
CRC-Response  - 52,4,I001*9b58 * 11-11-2024 10:40:32.162
CRC-Response  - 52,4,F000,2441*6c47 * 11-11-2024 10:40:34.448
J32 Value - 2441 * 11-11-2024 10:40:34.479
Command * Level Sensing For J33 - #53,4,21194,16380,0,0*871b
 * 11-11-2024 10:40:34.671
CRC-Response  - 53,4,I001*5799 * 11-11-2024 10:40:34.836
CRC-Response  - 53,4,F000,2439*1b46 * 11-11-2024 10:40:37.135
J33 Value - 2439 * 11-11-2024 10:40:37.165
Command * Level Sensing For H1 - #54,4,2688,1000,0,1*24c9
 * 11-11-2024 10:40:37.341
CRC-Response  - 54,4,I001*b1d8 * 11-11-2024 10:40:37.505
CRC-Response  - 54,4,F000,3314*c43d * 11-11-2024 10:40:41.471
H1 Value - 3314 * 11-11-2024 10:40:41.501
Command * Level Sensing For H2 - #55,4,2688,8700,0,1*1e2e
 * 11-11-2024 10:40:41.512
CRC-Response  - 55,4,I001*7d19 * 11-11-2024 10:40:41.674
CRC-Response  - 55,4,F000,3316*84be * 11-11-2024 10:40:44.134
H2 Value - 3316 * 11-11-2024 10:40:44.172
Command * Level Sensing For H3 - #56,4,2688,16380,0,1*9c28
 * 11-11-2024 10:40:44.202
CRC-Response  - 56,4,I001*6859 * 11-11-2024 10:40:44.367
CRC-Response  - 56,4,F000,3307*177b * 11-11-2024 10:40:46.830
H3 Value - 3307 * 11-11-2024 10:40:46.860
Command * Home Command - #57,5,01111111*6e62
 * 11-11-2024 10:40:46.890
CRC-Response  - 57,5,I001,01111111*c91c * 11-11-2024 10:40:47.63
CRC-Response  - 57,5,F000*a15b * 11-11-2024 10:40:59.572
Command * Home Command - #58,5,01111111*7a76
 * 11-11-2024 10:41:04.680
CRC-Response  - 58,5,I001,01111111*3a29 * 11-11-2024 10:41:04.846
CRC-Response  - 58,5,F000*e11b * 11-11-2024 10:41:04.849
Command * WATER VALVE - 1 CONTROL OFF - #0,13,1,0*73eb
 * 11-11-2024 10:41:13.884
CRC-Response  - 0,13,F000*29e9 * 11-11-2024 10:41:14.45
Command * WATER VALVE - 2 CONTROL OFF - #1,13,2,0*bfda
 * 11-11-2024 10:41:15.61
CRC-Response  - 1,13,F000*b9e4 * 11-11-2024 10:41:15.223
Command * WATER VALVE - 3 CONTROL OFF - #2,13,3,0*6acb
 * 11-11-2024 10:41:16.243
CRC-Response  - 2,13,F000*49f0 * 11-11-2024 10:41:16.401
Command * WATER VALVE - 4 CONTROL OFF - #3,13,4,0*67bb
 * 11-11-2024 10:41:17.435
CRC-Response  - 3,13,F000*d9fd * 11-11-2024 10:41:17.601
Command * WATER VALVE - 5 CONTROL OFF - #4,13,5,0*41ab
 * 11-11-2024 10:41:18.617
CRC-Response  - 4,13,F000*e9db * 11-11-2024 10:41:18.775
Command * WATER VALVE - 6 CONTROL OFF - #5,13,6,0*8d9a
 * 11-11-2024 10:41:19.806
CRC-Response  - 5,13,F000*79d6 * 11-11-2024 10:41:19.976
Command * Home Command - #6,5,01111111*b1b5
 * 11-11-2024 10:41:37.649
CRC-Response  - 6,5,I001,01111111*0f53 * 11-11-2024 10:41:37.810
CRC-Response  - 6,5,F000*c7bb * 11-11-2024 10:41:37.812
Command * Home Command - #7,5,01111111*7248
 * 11-11-2024 10:41:40.330
CRC-Response  - 7,5,I001,01111111*9f02 * 11-11-2024 10:41:40.495
CRC-Response  - 7,5,F000*0b7a * 11-11-2024 10:41:40.499
Command * Level Sensing For H1 - #8,4,2688,1000,0,1*7112
 * 11-11-2024 10:41:42.7
CRC-Response  - 8,4,I001*4ef9 * 11-11-2024 10:41:42.172
CRC-Response  - 8,4,F000,3323*e5f0 * 11-11-2024 10:41:52.56
H1 Value - 3323 * 11-11-2024 10:41:52.86
Command * Level Sensing For H2 - #9,4,2688,8700,0,1*4bf5
 * 11-11-2024 10:41:52.245
CRC-Response  - 9,4,I001*8238 * 11-11-2024 10:41:52.413
CRC-Response  - 9,4,F000,3304*c6b2 * 11-11-2024 10:41:54.874
H2 Value - 3304 * 11-11-2024 10:41:54.901
Command * Level Sensing For H3 - #10,4,2688,16380,0,1*2539
 * 11-11-2024 10:41:54.913
CRC-Response  - 10,4,I001*82eb * 11-11-2024 10:41:55.76
CRC-Response  - 10,4,F000,3301*17f7 * 11-11-2024 10:41:57.545
H3 Value - 3301 * 11-11-2024 10:41:57.574
Command * Level Sensing For L1 - #11,4,17564,16380,0,0*2ccc
 * 11-11-2024 10:41:57.580
CRC-Response  - 11,4,I001*4e2a * 11-11-2024 10:42:02.745
CRC-Response  - 11,4,F000,274*37ab * 11-11-2024 10:42:02.748
L1 Value - 274 * 11-11-2024 10:42:02.777
Command * Level Sensing For L2 - #12,4,13934,16380,0,0*6c90
 * 11-11-2024 10:42:03.137
CRC-Response  - 12,4,I001*5b6a * 11-11-2024 10:42:03.307
CRC-Response  - 12,4,F000,273*f1ee * 11-11-2024 10:42:05.597
L2 Value - 273 * 11-11-2024 10:42:05.628
Command * Level Sensing For L3 - #13,4,10304,16380,0,0*9db2
 * 11-11-2024 10:42:05.837
CRC-Response  - 13,4,I001*97ab * 11-11-2024 10:42:06.4
CRC-Response  - 13,4,F000,242*02d2 * 11-11-2024 10:42:08.288
L3 Value - 242 * 11-11-2024 10:42:08.319
Command * Home Command - #14,5,01111111*ee68
 * 11-11-2024 10:42:16.936
CRC-Response  - 14,5,I001,01111111*08ad * 11-11-2024 10:42:17.162
CRC-Response  - 14,5,F000*7429 * 11-11-2024 10:42:28.121
Command * Home Command - #15,5,01111111*2d95
 * 11-11-2024 10:42:30.194
CRC-Response  - 15,5,I001,01111111*98fc * 11-11-2024 10:42:30.359
CRC-Response  - 15,5,F000*b8e8 * 11-11-2024 10:42:30.361
Command * L1 - Picked - #16,2,1,17564,16380,0,0*e8bb
 * 11-11-2024 10:42:35.828
CRC-Response  - 16,2,I001,1*b073 * 11-11-2024 10:42:35.991
CRC-Response  - 16,2,F000,1*8f22 * 11-11-2024 10:42:46.653
Command * H1 - Placed - #17,3,1,2688,1000,0,1*e7be
 * 11-11-2024 10:42:50.284
CRC-Response  - 17,3,I001,1*b9e3 * 11-11-2024 10:42:50.443
CRC-Response  - 17,3,F000,1*86b2 * 11-11-2024 10:42:57.395
Command * L2 - Picked - #18,2,1,13934,16380,0,0*c24c
 * 11-11-2024 10:42:59.232
CRC-Response  - 18,2,I001,1*4512 * 11-11-2024 10:42:59.398
CRC-Response  - 18,2,F000,1*7a43 * 11-11-2024 10:43:05.933
Command * H2 - Placed - #19,3,1,2688,8700,0,1*a462
 * 11-11-2024 10:43:08.680
CRC-Response  - 19,3,I001,1*4c82 * 11-11-2024 10:43:08.847
CRC-Response  - 19,3,F000,1*73d3 * 11-11-2024 10:43:15.379
Command * L3 - Picked - #20,2,1,10304,16380,0,0*92a9
 * 11-11-2024 10:43:16.575
CRC-Response  - 20,2,I001,1*eb9c * 11-11-2024 10:43:16.733
CRC-Response  - 20,2,F000,1*d4cd * 11-11-2024 10:43:22.862
Command * H3 - Placed - #21,3,1,2688,16380,0,1*57b1
 * 11-11-2024 10:43:24.889
CRC-Response  - 21,3,I001,1*e20c * 11-11-2024 10:43:25.52
CRC-Response  - 21,3,F000,1*dd5d * 11-11-2024 10:43:31.156
Racks Loaded to Heater * 11-11-2024 10:43:32.787
Command * HEATER DOOR CLOSE - #22,8,1,0*e732
 * 11-11-2024 10:43:32.805
CRC-Response  - 22,8,I001*677e * 11-11-2024 10:43:32.973
CRC-Response  - 22,8,F000*b3bc * 11-11-2024 10:43:33.301
Command * HEATER ON - #23,12,1*e1ee
 * 11-11-2024 10:43:33.474
CRC-Response  - 23,12,F000*ca27 * 11-11-2024 10:43:33.642
Command * SET TEMPERATURE - #24,10,32*8196
 * 11-11-2024 10:43:33.988
CRC-Response  - 24,10,F000*1800 * 11-11-2024 10:43:34.153
Command * READ TEMPERATURE - #25,11*8507
 * 11-11-2024 10:43:45.180
CRC-Response  - 25,11,F000,32*bfae * 11-11-2024 10:43:45.340
Command * Level Sensing For L1 - #26,4,17564,16380,0,0*6b3d
 * 11-11-2024 10:43:46.347
CRC-Response  - 26,4,I001*587f * 11-11-2024 10:43:46.511
CRC-Response  - 26,4,F000,251*5c9a * 11-11-2024 10:43:51.43
L1 Value - 251 * 11-11-2024 10:43:51.77
Command * Level Sensing For L2 - #27,4,13934,16380,0,0*9318
 * 11-11-2024 10:43:57.430
CRC-Response  - 27,4,I001*94be * 11-11-2024 10:43:57.589
CRC-Response  - 27,4,F000,266*ad26 * 11-11-2024 10:43:59.894
L2 Value - 266 * 11-11-2024 10:43:59.922
Command * Level Sensing For L3 - #28,4,10304,16380,0,0*8b50
 * 11-11-2024 10:44:00.82
CRC-Response  - 28,4,I001*d4fe * 11-11-2024 10:44:00.249
CRC-Response  - 28,4,F000,214*48b1 * 11-11-2024 10:44:02.539
L3 Value - 214 * 11-11-2024 10:44:02.556
Command * Both Z Axis Home Command - #29,5,00100100*526c
 * 11-11-2024 10:44:14.734
CRC-Response  - 29,5,I001,00100100*7325 * 11-11-2024 10:44:14.903
CRC-Response  - 29,5,F000*1dfc * 11-11-2024 10:44:16.286
Command * Both Z Axis Home Command - #30,5,00100100*cf72
 * 11-11-2024 10:44:17.491
CRC-Response  - 30,5,I001,00100100*dda2 * 11-11-2024 10:44:17.663
CRC-Response  - 30,5,F000*e731 * 11-11-2024 10:44:17.666
Command * READ TEMPERATURE - #31,11*753b
 * 11-11-2024 10:44:22.504
CRC-Response  - 31,11,F000,32*f15d * 11-11-2024 10:44:22.673
Command * READ TEMPERATURE - #32,11*313b
 * 11-11-2024 10:44:32.696
CRC-Response  - 32,11,F000,32*f559 * 11-11-2024 10:44:32.860
Command * READ TEMPERATURE - #33,11*cd3a
 * 11-11-2024 10:44:37.716
CRC-Response  - 33,11,F000,32*36a4 * 11-11-2024 10:44:37.885
Command * READ TEMPERATURE - #34,11*b93b
 * 11-11-2024 10:44:42.712
CRC-Response  - 34,11,F000,32*fd51 * 11-11-2024 10:44:42.881
Command * READ TEMPERATURE - #35,11*453a
 * 11-11-2024 10:44:47.711
CRC-Response  - 35,11,F000,32*3eac * 11-11-2024 10:44:47.882
Command * READ TEMPERATURE - #36,11*013a
 * 11-11-2024 10:44:52.708
CRC-Response  - 36,11,F000,32*3aa8 * 11-11-2024 10:44:52.876
Command * READ TEMPERATURE - #37,11*fd3b
 * 11-11-2024 10:44:57.733
CRC-Response  - 37,11,F000,32*f955 * 11-11-2024 10:44:57.899
Command * READ TEMPERATURE - #38,11*e938
 * 11-11-2024 10:45:02.732
CRC-Response  - 38,11,F000,32*ed41 * 11-11-2024 10:45:02.900
Command * READ TEMPERATURE - #39,11*1539
 * 11-11-2024 10:45:07.741
CRC-Response  - 39,11,F000,32*2ebc * 11-11-2024 10:45:07.911
Command * READ TEMPERATURE - #40,11*498f
 * 11-11-2024 10:45:12.746
CRC-Response  - 40,11,F000,32*75ab * 11-11-2024 10:45:12.915
Command * READ TEMPERATURE - #41,11*b58e
 * 11-11-2024 10:45:17.756
CRC-Response  - 41,11,F000,32*b656 * 11-11-2024 10:45:17.926
Command * READ TEMPERATURE - #42,11*f18e
 * 11-11-2024 10:45:22.764
CRC-Response  - 42,11,F000,32*b252 * 11-11-2024 10:45:22.922
Command * READ TEMPERATURE - #43,11*0d8f
 * 11-11-2024 10:45:27.757
CRC-Response  - 43,11,F000,32*71af * 11-11-2024 10:45:27.927
Command * READ TEMPERATURE - #44,11*798e
 * 11-11-2024 10:45:32.757
CRC-Response  - 44,11,F000,32*ba5a * 11-11-2024 10:45:32.924
Command * READ TEMPERATURE - #45,11*858f
 * 11-11-2024 10:45:37.751
CRC-Response  - 45,11,F000,32*79a7 * 11-11-2024 10:45:37.921
Command * READ TEMPERATURE - #46,11*c18f
 * 11-11-2024 10:45:42.763
CRC-Response  - 46,11,F000,32*7da3 * 11-11-2024 10:45:42.930
Command * READ TEMPERATURE - #47,11*3d8e
 * 11-11-2024 10:45:47.760
CRC-Response  - 47,11,F000,32*be5e * 11-11-2024 10:45:47.927
Command * READ TEMPERATURE - #48,11*298d
 * 11-11-2024 10:45:52.753
CRC-Response  - 48,11,F000,32*aa4a * 11-11-2024 10:45:52.921
Command * READ TEMPERATURE - #49,11*d58c
 * 11-11-2024 10:45:57.758
CRC-Response  - 49,11,F000,32*69b7 * 11-11-2024 10:45:57.924
Command * READ TEMPERATURE - #50,11*89b2
 * 11-11-2024 10:46:02.753
CRC-Response  - 50,11,F000,32*f4a9 * 11-11-2024 10:46:02.919
Command * READ TEMPERATURE - #51,11*75b3
 * 11-11-2024 10:46:07.755
CRC-Response  - 51,11,F000,32*3754 * 11-11-2024 10:46:07.921
Command * READ TEMPERATURE - #52,11*31b3
 * 11-11-2024 10:46:12.757
CRC-Response  - 52,11,F000,32*3350 * 11-11-2024 10:46:12.931
Command * READ TEMPERATURE - #53,11*cdb2
 * 11-11-2024 10:46:17.751
CRC-Response  - 53,11,F000,32*f0ad * 11-11-2024 10:46:17.923
Command * READ TEMPERATURE - #54,11*b9b3
 * 11-11-2024 10:46:22.756
CRC-Response  - 54,11,F000,32*3b58 * 11-11-2024 10:46:22.923
Command * READ TEMPERATURE - #55,11*45b2
 * 11-11-2024 10:46:27.765
CRC-Response  - 55,11,F000,32*f8a5 * 11-11-2024 10:46:27.938
Command * READ TEMPERATURE - #56,11*01b2
 * 11-11-2024 10:46:32.758
CRC-Response  - 56,11,F000,32*fca1 * 11-11-2024 10:46:32.926
Command * READ TEMPERATURE - #57,11*fdb3
 * 11-11-2024 10:46:37.759
CRC-Response  - 57,11,F000,32*3f5c * 11-11-2024 10:46:37.927
Command * READ TEMPERATURE - #58,11*e9b0
 * 11-11-2024 10:46:42.752
CRC-Response  - 58,11,F000,32*2b48 * 11-11-2024 10:46:42.919
Command * READ TEMPERATURE - #59,11*15b1
 * 11-11-2024 10:46:47.755
CRC-Response  - 59,11,F000,33*2874 * 11-11-2024 10:46:47.937
Command * READ TEMPERATURE - #60,11*89f6
 * 11-11-2024 10:46:52.763
CRC-Response  - 60,11,F000,32*37ac * 11-11-2024 10:46:52.931
Command * READ TEMPERATURE - #61,11*75f7
 * 11-11-2024 10:46:57.757
CRC-Response  - 61,11,F000,32*f451 * 11-11-2024 10:46:57.924
Command * READ TEMPERATURE - #62,11*31f7
 * 11-11-2024 10:47:02.751
CRC-Response  - 62,11,F000,32*f055 * 11-11-2024 10:47:02.918
Command * READ TEMPERATURE - #63,11*cdf6
 * 11-11-2024 10:47:07.764
CRC-Response  - 63,11,F000,32*33a8 * 11-11-2024 10:47:07.932
Command * READ TEMPERATURE - #64,11*b9f7
 * 11-11-2024 10:47:12.761
CRC-Response  - 64,11,F000,32*f85d * 11-11-2024 10:47:12.985
Command * READ TEMPERATURE - #65,11*45f6
 * 11-11-2024 10:47:17.757
CRC-Response  - 65,11,F000,32*3ba0 * 11-11-2024 10:47:17.926
Command * READ TEMPERATURE - #66,11*01f6
 * 11-11-2024 10:47:22.760
CRC-Response  - 66,11,F000,33*ff65 * 11-11-2024 10:47:22.928
Command * READ TEMPERATURE - #67,11*fdf7
 * 11-11-2024 10:47:27.758
CRC-Response  - 67,11,F000,32*fc59 * 11-11-2024 10:47:27.923
Command * READ TEMPERATURE - #68,11*e9f4
 * 11-11-2024 10:47:32.757
CRC-Response  - 68,11,F000,32*e84d * 11-11-2024 10:47:32.927
Command * READ TEMPERATURE - #69,11*15f5
 * 11-11-2024 10:47:37.761
CRC-Response  - 69,11,F000,32*2bb0 * 11-11-2024 10:47:37.930
Command * READ TEMPERATURE - #70,11*49cb
 * 11-11-2024 10:47:42.764
CRC-Response  - 70,11,F000,33*766f * 11-11-2024 10:47:42.932
Command * READ TEMPERATURE - #71,11*b5ca
 * 11-11-2024 10:47:47.754
CRC-Response  - 71,11,F000,32*7553 * 11-11-2024 10:47:47.920
Command * READ TEMPERATURE - #72,11*f1ca
 * 11-11-2024 10:47:52.763
CRC-Response  - 72,11,F000,32*7157 * 11-11-2024 10:47:52.928
Command * READ TEMPERATURE - #73,11*0dcb
 * 11-11-2024 10:47:57.762
CRC-Response  - 73,11,F000,32*b2aa * 11-11-2024 10:47:57.926
Command * READ TEMPERATURE - #74,11*79ca
 * 11-11-2024 10:48:02.756
CRC-Response  - 74,11,F000,32*795f * 11-11-2024 10:48:02.924
Command * READ TEMPERATURE - #75,11*85cb
 * 11-11-2024 10:48:07.757
CRC-Response  - 75,11,F000,32*baa2 * 11-11-2024 10:48:07.924
Command * READ TEMPERATURE - #76,11*c1cb
 * 11-11-2024 10:48:12.770
CRC-Response  - 76,11,F000,33*7e67 * 11-11-2024 10:48:12.937
Command * READ TEMPERATURE - #77,11*3dca
 * 11-11-2024 10:48:17.771
CRC-Response  - 77,11,F000,32*7d5b * 11-11-2024 10:48:17.937
Command * READ TEMPERATURE - #78,11*29c9
 * 11-11-2024 10:48:22.791
CRC-Response  - 78,11,F000,32*694f * 11-11-2024 10:48:22.958
Command * READ TEMPERATURE - #79,11*d5c8
 * 11-11-2024 10:48:27.790
CRC-Response  - 79,11,F000,33*6a73 * 11-11-2024 10:48:27.959
Command * READ TEMPERATURE - #80,11*489f
 * 11-11-2024 10:48:32.812
CRC-Response  - 80,11,F000,32*b9ba * 11-11-2024 10:48:32.979
Command * READ TEMPERATURE - #81,11*b49e
 * 11-11-2024 10:48:37.813
CRC-Response  - 81,11,F000,33*ba86 * 11-11-2024 10:48:37.981
Command * READ TEMPERATURE - #82,11*f09e
 * 11-11-2024 10:48:42.841
CRC-Response  - 82,11,F000,32*7e43 * 11-11-2024 10:48:43.5
Command * READ TEMPERATURE - #83,11*0c9f
 * 11-11-2024 10:48:47.842
CRC-Response  - 83,11,F000,33*7d7f * 11-11-2024 10:48:48.9
Command * READ TEMPERATURE - #84,11*789e
 * 11-11-2024 10:48:52.844
CRC-Response  - 84,11,F000,33*b68a * 11-11-2024 10:48:53.12
Command * READ TEMPERATURE - #85,11*849f
 * 11-11-2024 10:48:57.854
CRC-Response  - 85,11,F000,32*b5b6 * 11-11-2024 10:48:58.22
Command * READ TEMPERATURE - #86,11*c09f
 * 11-11-2024 10:49:02.852
CRC-Response  - 86,11,F000,33*7173 * 11-11-2024 10:49:03.17
Command * READ TEMPERATURE - #87,11*3c9e
 * 11-11-2024 10:49:07.871
CRC-Response  - 87,11,F000,32*724f * 11-11-2024 10:49:08.39
Command * READ TEMPERATURE - #88,11*289d
 * 11-11-2024 10:49:12.881
CRC-Response  - 88,11,F000,33*a69a * 11-11-2024 10:49:13.50
Command * READ TEMPERATURE - #89,11*d49c
 * 11-11-2024 10:49:17.889
CRC-Response  - 89,11,F000,33*6567 * 11-11-2024 10:49:18.58
Command * READ TEMPERATURE - #90,11*88a2
 * 11-11-2024 10:49:22.911
CRC-Response  - 90,11,F000,33*f879 * 11-11-2024 10:49:23.78
Command * READ TEMPERATURE - #91,11*74a3
 * 11-11-2024 10:49:27.919
CRC-Response  - 91,11,F000,33*3b84 * 11-11-2024 10:49:28.88
Command * READ TEMPERATURE - #92,11*30a3
 * 11-11-2024 10:49:32.919
CRC-Response  - 92,11,F000,32*ff41 * 11-11-2024 10:49:33.85
Command * READ TEMPERATURE - #93,11*cca2
 * 11-11-2024 10:49:37.916
CRC-Response  - 93,11,F000,33*fc7d * 11-11-2024 10:49:38.80
Command * READ TEMPERATURE - #94,11*b8a3
 * 11-11-2024 10:49:42.912
CRC-Response  - 94,11,F000,33*3788 * 11-11-2024 10:49:43.79
Command * READ TEMPERATURE - #95,11*44a2
 * 11-11-2024 10:49:47.915
CRC-Response  - 95,11,F000,33*f475 * 11-11-2024 10:49:48.96
Command * READ TEMPERATURE - #96,11*00a2
 * 11-11-2024 10:49:52.920
CRC-Response  - 96,11,F000,33*f071 * 11-11-2024 10:49:53.84
Command * READ TEMPERATURE - #97,11*fca3
 * 11-11-2024 10:49:57.918
CRC-Response  - 97,11,F000,33*338c * 11-11-2024 10:49:58.84
Command * READ TEMPERATURE - #98,11*e8a0
 * 11-11-2024 10:50:02.914
CRC-Response  - 98,11,F000,33*2798 * 11-11-2024 10:50:03.78
Command * READ TEMPERATURE - #99,11*14a1
 * 11-11-2024 10:50:07.921
CRC-Response  - 99,11,F000,33*e465 * 11-11-2024 10:50:08.87
Command * READ TEMPERATURE - #100,11*b35e
 * 11-11-2024 10:50:12.920
CRC-Response  - 100,11,F000,33*2afc * 11-11-2024 10:50:13.86
Command * READ TEMPERATURE - #101,11*4f5f
 * 11-11-2024 10:50:17.918
CRC-Response  - 101,11,F000,33*e901 * 11-11-2024 10:50:18.85
Command * READ TEMPERATURE - #102,11*0b5f
 * 11-11-2024 10:50:22.917
CRC-Response  - 102,11,F000,32*2dc4 * 11-11-2024 10:50:23.83
Command * READ TEMPERATURE - #103,11*f75e
 * 11-11-2024 10:50:27.911
CRC-Response  - 103,11,F000,33*2ef8 * 11-11-2024 10:50:28.80
Command * READ TEMPERATURE - #104,11*835f
 * 11-11-2024 10:50:32.911
CRC-Response  - 104,11,F000,32*25cc * 11-11-2024 10:50:33.77
Command * READ TEMPERATURE - #105,11*7f5e
 * 11-11-2024 10:50:37.910
CRC-Response  - 105,11,F000,33*26f0 * 11-11-2024 10:50:38.78
Command * READ TEMPERATURE - #106,11*3b5e
 * 11-11-2024 10:50:42.911
CRC-Response  - 106,11,F000,33*22f4 * 11-11-2024 10:50:43.75
Command * READ TEMPERATURE - #107,11*c75f
 * 11-11-2024 10:50:47.934
CRC-Response  - 107,11,F000,33*e109 * 11-11-2024 10:50:48.102
Command * READ TEMPERATURE - #108,11*d35c
 * 11-11-2024 10:50:52.930
CRC-Response  - 108,11,F000,33*f51d * 11-11-2024 10:50:53.98
Command * READ TEMPERATURE - #109,11*2f5d
 * 11-11-2024 10:50:57.942
CRC-Response  - 109,11,F000,33*36e0 * 11-11-2024 10:50:58.106
Command * READ TEMPERATURE - #110,11*7363
 * 11-11-2024 10:51:02.941
CRC-Response  - 110,11,F000,33*abfe * 11-11-2024 10:51:03.105
Command * READ TEMPERATURE - #111,11*8f62
 * 11-11-2024 10:51:07.952
CRC-Response  - 111,11,F000,33*6803 * 11-11-2024 10:51:08.119
Command * READ TEMPERATURE - #112,11*cb62
 * 11-11-2024 10:51:12.945
CRC-Response  - 112,11,F000,33*6c07 * 11-11-2024 10:51:13.115
Command * READ TEMPERATURE - #113,11*3763
 * 11-11-2024 10:51:17.965
CRC-Response  - 113,11,F000,33*affa * 11-11-2024 10:51:18.132
Command * READ TEMPERATURE - #114,11*4362
 * 11-11-2024 10:51:22.943
CRC-Response  - 114,11,F000,33*640f * 11-11-2024 10:51:23.110
Command * READ TEMPERATURE - #115,11*bf63
 * 11-11-2024 10:51:27.941
CRC-Response  - 115,11,F000,33*a7f2 * 11-11-2024 10:51:28.101
Command * READ TEMPERATURE - #116,11*fb63
 * 11-11-2024 10:51:32.946
CRC-Response  - 116,11,F000,33*a3f6 * 11-11-2024 10:51:33.112
Command * READ TEMPERATURE - #117,11*0762
 * 11-11-2024 10:51:37.951
CRC-Response  - 117,11,F000,33*600b * 11-11-2024 10:51:38.119
Command * READ TEMPERATURE - #118,11*1361
 * 11-11-2024 10:51:42.943
CRC-Response  - 118,11,F000,33*741f * 11-11-2024 10:51:43.108
Command * READ TEMPERATURE - #119,11*ef60
 * 11-11-2024 10:51:47.948
CRC-Response  - 119,11,F000,33*b7e2 * 11-11-2024 10:51:48.118
Command * READ TEMPERATURE - #120,11*7327
 * 11-11-2024 10:51:52.956
CRC-Response  - 120,11,F000,33*68fb * 11-11-2024 10:51:53.122
Command * READ TEMPERATURE - #121,11*8f26
 * 11-11-2024 10:51:57.960
CRC-Response  - 121,11,F000,33*ab06 * 11-11-2024 10:51:58.127
Command * READ TEMPERATURE - #122,11*cb26
 * 11-11-2024 10:52:02.955
CRC-Response  - 122,11,F000,33*af02 * 11-11-2024 10:52:03.123
Command * READ TEMPERATURE - #123,11*3727
 * 11-11-2024 10:52:07.957
CRC-Response  - 123,11,F000,33*6cff * 11-11-2024 10:52:08.123
Command * READ TEMPERATURE - #124,11*4326
 * 11-11-2024 10:52:12.962
CRC-Response  - 124,11,F000,33*a70a * 11-11-2024 10:52:13.130
Command * READ TEMPERATURE - #125,11*bf27
 * 11-11-2024 10:52:17.964
CRC-Response  - 125,11,F000,33*64f7 * 11-11-2024 10:52:18.135
Command * READ TEMPERATURE - #126,11*fb27
 * 11-11-2024 10:52:22.968
CRC-Response  - 126,11,F000,33*60f3 * 11-11-2024 10:52:23.135
Command * READ TEMPERATURE - #127,11*0726
 * 11-11-2024 10:52:27.961
CRC-Response  - 127,11,F000,33*a30e * 11-11-2024 10:52:28.130
Command * READ TEMPERATURE - #128,11*1325
 * 11-11-2024 10:52:32.957
CRC-Response  - 128,11,F000,33*b71a * 11-11-2024 10:52:33.124
Command * READ TEMPERATURE - #129,11*ef24
 * 11-11-2024 10:52:37.956
CRC-Response  - 129,11,F000,33*74e7 * 11-11-2024 10:52:38.122
Command * READ TEMPERATURE - #130,11*b31a
 * 11-11-2024 10:52:42.954
CRC-Response  - 130,11,F000,33*e9f9 * 11-11-2024 10:52:43.121
Command * READ TEMPERATURE - #131,11*4f1b
 * 11-11-2024 10:52:47.965
CRC-Response  - 131,11,F000,33*2a04 * 11-11-2024 10:52:48.133
Command * READ TEMPERATURE - #132,11*0b1b
 * 11-11-2024 10:52:52.982
CRC-Response  - 132,11,F000,33*2e00 * 11-11-2024 10:52:53.197
Command * READ TEMPERATURE - #133,11*f71a
 * 11-11-2024 10:52:57.981
CRC-Response  - 133,11,F000,33*edfd * 11-11-2024 10:52:58.149
Command * READ TEMPERATURE - #134,11*831b
 * 11-11-2024 10:53:02.974
CRC-Response  - 134,11,F000,33*2608 * 11-11-2024 10:53:03.142
Command * READ TEMPERATURE - #135,11*7f1a
 * 11-11-2024 10:53:07.978
CRC-Response  - 135,11,F000,33*e5f5 * 11-11-2024 10:53:08.145
Command * READ TEMPERATURE - #136,11*3b1a
 * 11-11-2024 10:53:12.973
CRC-Response  - 136,11,F000,33*e1f1 * 11-11-2024 10:53:13.203
Command * READ TEMPERATURE - #137,11*c71b
 * 11-11-2024 10:53:17.976
CRC-Response  - 137,11,F000,33*220c * 11-11-2024 10:53:18.142
Command * READ TEMPERATURE - #138,11*d318
 * 11-11-2024 10:53:22.974
CRC-Response  - 138,11,F000,33*3618 * 11-11-2024 10:53:23.140
Command * READ TEMPERATURE - #139,11*2f19
 * 11-11-2024 10:53:27.977
CRC-Response  - 139,11,F000,34*37a4 * 11-11-2024 10:53:28.144
Command * READ TEMPERATURE - #140,11*73af
 * 11-11-2024 10:53:32.972
CRC-Response  - 140,11,F000,33*aef2 * 11-11-2024 10:53:33.137
Command * READ TEMPERATURE - #141,11*8fae
 * 11-11-2024 10:53:37.975
CRC-Response  - 141,11,F000,34*af4e * 11-11-2024 10:53:38.141
Command * READ TEMPERATURE - #142,11*cbae
 * 11-11-2024 10:53:42.978
CRC-Response  - 142,11,F000,33*690b * 11-11-2024 10:53:43.143
Command * READ TEMPERATURE - #143,11*37af
 * 11-11-2024 10:53:47.990
CRC-Response  - 143,11,F000,33*aaf6 * 11-11-2024 10:53:48.425
Command * READ TEMPERATURE - #144,11*43ae
 * 11-11-2024 10:53:52.989
CRC-Response  - 144,11,F000,33*6103 * 11-11-2024 10:53:53.153
Command * READ TEMPERATURE - #145,11*bfaf
 * 11-11-2024 10:53:57.995
CRC-Response  - 145,11,F000,33*a2fe * 11-11-2024 10:53:58.161
Command * READ TEMPERATURE - #146,11*fbaf
 * 11-11-2024 10:54:02.988
CRC-Response  - 146,11,F000,34*64bb * 11-11-2024 10:54:03.155
Command * READ TEMPERATURE - #147,11*07ae
 * 11-11-2024 10:54:07.992
CRC-Response  - 147,11,F000,33*6507 * 11-11-2024 10:54:08.158
Command * READ TEMPERATURE - #148,11*13ad
 * 11-11-2024 10:54:12.995
CRC-Response  - 148,11,F000,33*7113 * 11-11-2024 10:54:13.162
Command * READ TEMPERATURE - #149,11*efac
 * 11-11-2024 10:54:17.997
CRC-Response  - 149,11,F000,33*b2ee * 11-11-2024 10:54:18.166
Command * READ TEMPERATURE - #150,11*b392
 * 11-11-2024 10:54:22.987
CRC-Response  - 150,11,F000,33*2ff0 * 11-11-2024 10:54:23.155
Command * READ TEMPERATURE - #151,11*4f93
 * 11-11-2024 10:54:27.992
CRC-Response  - 151,11,F000,33*ec0d * 11-11-2024 10:54:28.159
Command * READ TEMPERATURE - #152,11*0b93
 * 11-11-2024 10:54:32.997
CRC-Response  - 152,11,F000,33*e809 * 11-11-2024 10:54:33.164
Command * READ TEMPERATURE - #153,11*f792
 * 11-11-2024 10:54:37.994
CRC-Response  - 153,11,F000,33*2bf4 * 11-11-2024 10:54:38.160
Command * READ TEMPERATURE - #154,11*8393
 * 11-11-2024 10:54:42.998
CRC-Response  - 154,11,F000,33*e001 * 11-11-2024 10:54:43.165
Command * READ TEMPERATURE - #155,11*7f92
 * 11-11-2024 10:54:48.12
CRC-Response  - 155,11,F000,33*23fc * 11-11-2024 10:54:48.178
Command * READ TEMPERATURE - #156,11*3b92
 * 11-11-2024 10:54:53.13
CRC-Response  - 156,11,F000,33*27f8 * 11-11-2024 10:54:53.182
Command * READ TEMPERATURE - #157,11*c793
 * 11-11-2024 10:54:58.12
CRC-Response  - 157,11,F000,34*2644 * 11-11-2024 10:54:58.301
Command * READ TEMPERATURE - #158,11*d390
 * 11-11-2024 10:55:03.3
CRC-Response  - 158,11,F000,33*f011 * 11-11-2024 10:55:03.168
Command * READ TEMPERATURE - #159,11*2f91
 * 11-11-2024 10:55:08.6
CRC-Response  - 159,11,F000,34*f1ad * 11-11-2024 10:55:08.172
Command * READ TEMPERATURE - #160,11*b3d6
 * 11-11-2024 10:55:13.10
CRC-Response  - 160,11,F000,33*ecf5 * 11-11-2024 10:55:13.179
Command * READ TEMPERATURE - #161,11*4fd7
 * 11-11-2024 10:55:18.3
CRC-Response  - 161,11,F000,34*ed49 * 11-11-2024 10:55:18.170
Command * READ TEMPERATURE - #162,11*0bd7
 * 11-11-2024 10:55:23.16
CRC-Response  - 162,11,F000,33*2b0c * 11-11-2024 10:55:23.181
Command * READ TEMPERATURE - #163,11*f7d6
 * 11-11-2024 10:55:28.3
CRC-Response  - 163,11,F000,34*2ab0 * 11-11-2024 10:55:28.166
Command * READ TEMPERATURE - #164,11*83d7
 * 11-11-2024 10:55:33.10
CRC-Response  - 164,11,F000,33*2304 * 11-11-2024 10:55:33.181
Command * READ TEMPERATURE - #165,11*7fd6
 * 11-11-2024 10:55:38.2
CRC-Response  - 165,11,F000,33*e0f9 * 11-11-2024 10:55:38.160
Command * READ TEMPERATURE - #166,11*3bd6
 * 11-11-2024 10:55:43.0
CRC-Response  - 166,11,F000,34*26bc * 11-11-2024 10:55:43.169
Command * READ TEMPERATURE - #167,11*c7d7
 * 11-11-2024 10:55:48.1
CRC-Response  - 167,11,F000,33*2700 * 11-11-2024 10:55:48.168
Command * READ TEMPERATURE - #168,11*d3d4
 * 11-11-2024 10:55:53.4
CRC-Response  - 168,11,F000,34*f155 * 11-11-2024 10:55:53.175
Command * READ TEMPERATURE - #169,11*2fd5
 * 11-11-2024 10:55:58.7
CRC-Response  - 169,11,F000,34*32a8 * 11-11-2024 10:55:58.219
Command * READ TEMPERATURE - #170,11*73eb
 * 11-11-2024 10:56:03.6
CRC-Response  - 170,11,F000,34*afb6 * 11-11-2024 10:56:03.216
Command * READ TEMPERATURE - #171,11*8fea
 * 11-11-2024 10:56:08.17
CRC-Response  - 171,11,F000,34*6c4b * 11-11-2024 10:56:08.185
Command * READ TEMPERATURE - #172,11*cbea
 * 11-11-2024 10:56:13.7
CRC-Response  - 172,11,F000,33*aa0e * 11-11-2024 10:56:13.177
Command * READ TEMPERATURE - #173,11*37eb
 * 11-11-2024 10:56:18.9
CRC-Response  - 173,11,F000,34*abb2 * 11-11-2024 10:56:18.176
Command * READ TEMPERATURE - #174,11*43ea
 * 11-11-2024 10:56:23.20
CRC-Response  - 174,11,F000,34*6047 * 11-11-2024 10:56:23.187
Command * READ TEMPERATURE - #175,11*bfeb
 * 11-11-2024 10:56:28.20
CRC-Response  - 175,11,F000,34*a3ba * 11-11-2024 10:56:28.188
Command * READ TEMPERATURE - #176,11*fbeb
 * 11-11-2024 10:56:33.25
CRC-Response  - 176,11,F000,34*a7be * 11-11-2024 10:56:33.190
Command * READ TEMPERATURE - #177,11*07ea
 * 11-11-2024 10:56:38.25
CRC-Response  - 177,11,F000,34*6443 * 11-11-2024 10:56:38.193
Command * READ TEMPERATURE - #178,11*13e9
 * 11-11-2024 10:56:43.35
CRC-Response  - 178,11,F000,34*7057 * 11-11-2024 10:56:43.201
Command * READ TEMPERATURE - #179,11*efe8
 * 11-11-2024 10:56:48.33
CRC-Response  - 179,11,F000,34*b3aa * 11-11-2024 10:56:48.199
Command * READ TEMPERATURE - #180,11*72bf
 * 11-11-2024 10:56:53.39
CRC-Response  - 180,11,F000,33*62e3 * 11-11-2024 10:56:53.210
Command * READ TEMPERATURE - #181,11*8ebe
 * 11-11-2024 10:56:58.39
CRC-Response  - 181,11,F000,34*635f * 11-11-2024 10:56:58.282
Command * READ TEMPERATURE - #182,11*cabe
 * 11-11-2024 10:57:03.35
CRC-Response  - 182,11,F000,34*675b * 11-11-2024 10:57:03.201
Command * READ TEMPERATURE - #183,11*36bf
 * 11-11-2024 10:57:08.47
CRC-Response  - 183,11,F000,34*a4a6 * 11-11-2024 10:57:08.214
Command * READ TEMPERATURE - #184,11*42be
 * 11-11-2024 10:57:13.50
CRC-Response  - 184,11,F000,33*ad12 * 11-11-2024 10:57:13.217
Command * READ TEMPERATURE - #185,11*bebf
 * 11-11-2024 10:57:18.71
CRC-Response  - 185,11,F000,34*acae * 11-11-2024 10:57:18.229
Command * READ TEMPERATURE - #186,11*fabf
 * 11-11-2024 10:57:23.72
CRC-Response  - 186,11,F000,34*a8aa * 11-11-2024 10:57:23.236
Command * READ TEMPERATURE - #187,11*06be
 * 11-11-2024 10:57:28.64
CRC-Response  - 187,11,F000,34*6b57 * 11-11-2024 10:57:28.230
Command * READ TEMPERATURE - #188,11*12bd
 * 11-11-2024 10:57:33.66
CRC-Response  - 188,11,F000,34*7f43 * 11-11-2024 10:57:33.232
Command * READ TEMPERATURE - #189,11*eebc
 * 11-11-2024 10:57:38.74
CRC-Response  - 189,11,F000,34*bcbe * 11-11-2024 10:57:38.239
Command * READ TEMPERATURE - #190,11*b282
 * 11-11-2024 10:57:43.65
CRC-Response  - 190,11,F000,34*21a0 * 11-11-2024 10:57:43.231
Command * READ TEMPERATURE - #191,11*4e83
 * 11-11-2024 10:57:48.66
CRC-Response  - 191,11,F000,34*e25d * 11-11-2024 10:57:48.232
Command * READ TEMPERATURE - #192,11*0a83
 * 11-11-2024 10:57:53.78
CRC-Response  - 192,11,F000,34*e659 * 11-11-2024 10:57:53.243
Command * READ TEMPERATURE - #193,11*f682
 * 11-11-2024 10:57:58.71
CRC-Response  - 193,11,F000,34*25a4 * 11-11-2024 10:57:58.240
Command * READ TEMPERATURE - #194,11*8283
 * 11-11-2024 10:58:03.64
CRC-Response  - 194,11,F000,34*ee51 * 11-11-2024 10:58:03.232
Command * READ TEMPERATURE - #195,11*7e82
 * 11-11-2024 10:58:08.92
CRC-Response  - 195,11,F000,34*2dac * 11-11-2024 10:58:08.257
Command * READ TEMPERATURE - #196,11*3a82
 * 11-11-2024 10:58:13.81
CRC-Response  - 196,11,F000,34*29a8 * 11-11-2024 10:58:13.243
Command * READ TEMPERATURE - #197,11*c683
 * 11-11-2024 10:58:18.88
CRC-Response  - 197,11,F000,34*ea55 * 11-11-2024 10:58:18.254
Command * READ TEMPERATURE - #198,11*d280
 * 11-11-2024 10:58:23.92
CRC-Response  - 198,11,F000,35*3e80 * 11-11-2024 10:58:23.259
Command * READ TEMPERATURE - #199,11*2e81
 * 11-11-2024 10:58:28.83
CRC-Response  - 199,11,F000,34*3dbc * 11-11-2024 10:58:28.250
Command * READ TEMPERATURE - #200,11*805e
 * 11-11-2024 10:58:33.83
CRC-Response  - 200,11,F000,34*ebbe * 11-11-2024 10:58:33.247
Command * READ TEMPERATURE - #201,11*7c5f
 * 11-11-2024 10:58:38.109
CRC-Response  - 201,11,F000,34*2843 * 11-11-2024 10:58:38.276
Command * READ TEMPERATURE - #202,11*385f
 * 11-11-2024 10:58:43.115
CRC-Response  - 202,11,F000,34*2c47 * 11-11-2024 10:58:43.376
Command * READ TEMPERATURE - #203,11*c45e
 * 11-11-2024 10:58:48.135
CRC-Response  - 203,11,F000,34*efba * 11-11-2024 10:58:48.300
Command * READ TEMPERATURE - #204,11*b05f
 * 11-11-2024 10:58:53.126
CRC-Response  - 204,11,F000,34*244f * 11-11-2024 10:58:53.293
Command * READ TEMPERATURE - #205,11*4c5e
 * 11-11-2024 10:58:58.125
CRC-Response  - 205,11,F000,34*e7b2 * 11-11-2024 10:58:58.283
Command * READ TEMPERATURE - #206,11*085e
 * 11-11-2024 10:59:03.129
CRC-Response  - 206,11,F000,34*e3b6 * 11-11-2024 10:59:03.301
Command * READ TEMPERATURE - #207,11*f45f
 * 11-11-2024 10:59:08.150
CRC-Response  - 207,11,F000,34*204b * 11-11-2024 10:59:08.319
Command * READ TEMPERATURE - #208,11*e05c
 * 11-11-2024 10:59:13.143
CRC-Response  - 208,11,F000,34*345f * 11-11-2024 10:59:13.310
Command * READ TEMPERATURE - #209,11*1c5d
 * 11-11-2024 10:59:18.155
CRC-Response  - 209,11,F000,34*f7a2 * 11-11-2024 10:59:18.323
Command * READ TEMPERATURE - #210,11*4063
 * 11-11-2024 10:59:23.166
CRC-Response  - 210,11,F000,34*6abc * 11-11-2024 10:59:23.325
Command * READ TEMPERATURE - #211,11*bc62
 * 11-11-2024 10:59:28.166
CRC-Response  - 211,11,F000,34*a941 * 11-11-2024 10:59:28.335
Command * READ TEMPERATURE - #212,11*f862
 * 11-11-2024 10:59:33.168
CRC-Response  - 212,11,F000,34*ad45 * 11-11-2024 10:59:33.329
Command * READ TEMPERATURE - #213,11*0463
 * 11-11-2024 10:59:38.160
CRC-Response  - 213,11,F000,34*6eb8 * 11-11-2024 10:59:38.327
Command * READ TEMPERATURE - #214,11*7062
 * 11-11-2024 10:59:43.159
CRC-Response  - 214,11,F000,34*a54d * 11-11-2024 10:59:43.315
Command * READ TEMPERATURE - #215,11*8c63
 * 11-11-2024 10:59:48.165
CRC-Response  - 215,11,F000,34*66b0 * 11-11-2024 10:59:48.335
Command * READ TEMPERATURE - #216,11*c863
 * 11-11-2024 10:59:53.161
CRC-Response  - 216,11,F000,34*62b4 * 11-11-2024 10:59:53.329
Command * READ TEMPERATURE - #217,11*3462
 * 11-11-2024 10:59:58.163
CRC-Response  - 217,11,F000,34*a149 * 11-11-2024 10:59:58.331
Command * READ TEMPERATURE - #218,11*2061
 * 11-11-2024 11:00:03.158
CRC-Response  - 218,11,F000,35*759c * 11-11-2024 11:00:03.325
Command * READ TEMPERATURE - #219,11*dc60
 * 11-11-2024 11:00:08.161
CRC-Response  - 219,11,F000,34*76a0 * 11-11-2024 11:00:08.327
Command * READ TEMPERATURE - #220,11*4027
 * 11-11-2024 11:00:13.164
CRC-Response  - 220,11,F000,34*a9b9 * 11-11-2024 11:00:13.324
Command * READ TEMPERATURE - #221,11*bc26
 * 11-11-2024 11:00:18.165
CRC-Response  - 221,11,F000,34*6a44 * 11-11-2024 11:00:18.332
Command * READ TEMPERATURE - #222,11*f826
 * 11-11-2024 11:00:23.173
CRC-Response  - 222,11,F000,34*6e40 * 11-11-2024 11:00:23.338
Command * READ TEMPERATURE - #223,11*0427
 * 11-11-2024 11:00:28.171
CRC-Response  - 223,11,F000,34*adbd * 11-11-2024 11:00:28.337
Command * READ TEMPERATURE - #224,11*7026
 * 11-11-2024 11:00:33.165
CRC-Response  - 224,11,F000,34*6648 * 11-11-2024 11:00:33.333
Command * READ TEMPERATURE - #225,11*8c27
 * 11-11-2024 11:00:38.158
CRC-Response  - 225,11,F000,34*a5b5 * 11-11-2024 11:00:38.324
Command * READ TEMPERATURE - #226,11*c827
 * 11-11-2024 11:00:43.163
CRC-Response  - 226,11,F000,34*a1b1 * 11-11-2024 11:00:43.331
Command * READ TEMPERATURE - #227,11*3426
 * 11-11-2024 11:00:48.177
CRC-Response  - 227,11,F000,34*624c * 11-11-2024 11:00:48.347
Command * READ TEMPERATURE - #228,11*2025
 * 11-11-2024 11:00:53.187
CRC-Response  - 228,11,F000,34*7658 * 11-11-2024 11:00:53.437
Command * READ TEMPERATURE - #229,11*dc24
 * 11-11-2024 11:00:58.186
CRC-Response  - 229,11,F000,34*b5a5 * 11-11-2024 11:00:58.588
Command * READ TEMPERATURE - #230,11*801a
 * 11-11-2024 11:01:03.174
CRC-Response  - 230,11,F000,34*28bb * 11-11-2024 11:01:03.341
Command * READ TEMPERATURE - #231,11*7c1b
 * 11-11-2024 11:01:08.187
CRC-Response  - 231,11,F000,34*eb46 * 11-11-2024 11:01:08.354
Command * READ TEMPERATURE - #232,11*381b
 * 11-11-2024 11:01:13.183
CRC-Response  - 232,11,F000,34*ef42 * 11-11-2024 11:01:13.351
Command * READ TEMPERATURE - #233,11*c41a
 * 11-11-2024 11:01:18.194
CRC-Response  - 233,11,F000,34*2cbf * 11-11-2024 11:01:18.363
Command * READ TEMPERATURE - #234,11*b01b
 * 11-11-2024 11:01:23.218
CRC-Response  - 234,11,F000,34*e74a * 11-11-2024 11:01:23.385
Command * READ TEMPERATURE - #235,11*4c1a
 * 11-11-2024 11:01:28.227
CRC-Response  - 235,11,F000,34*24b7 * 11-11-2024 11:01:28.387
Command * READ TEMPERATURE - #236,11*081a
 * 11-11-2024 11:01:33.209
CRC-Response  - 236,11,F000,34*20b3 * 11-11-2024 11:01:33.376
Command * READ TEMPERATURE - #237,11*f41b
 * 11-11-2024 11:01:38.206
CRC-Response  - 237,11,F000,34*e34e * 11-11-2024 11:01:38.372
Command * READ TEMPERATURE - #238,11*e018
 * 11-11-2024 11:01:43.229
CRC-Response  - 238,11,F000,35*379b * 11-11-2024 11:01:43.398
Command * READ TEMPERATURE - #239,11*1c19
 * 11-11-2024 11:01:48.227
CRC-Response  - 239,11,F000,34*34a7 * 11-11-2024 11:01:48.393
Command * READ TEMPERATURE - #240,11*40af
 * 11-11-2024 11:01:53.230
CRC-Response  - 240,11,F000,35*af71 * 11-11-2024 11:01:53.397
Command * READ TEMPERATURE - #241,11*bcae
 * 11-11-2024 11:01:58.237
CRC-Response  - 241,11,F000,34*ac4d * 11-11-2024 11:01:58.411
Command * READ TEMPERATURE - #242,11*f8ae
 * 11-11-2024 11:02:03.244
CRC-Response  - 242,11,F000,35*6888 * 11-11-2024 11:02:03.409
Command * READ TEMPERATURE - #243,11*04af
 * 11-11-2024 11:02:08.274
CRC-Response  - 243,11,F000,35*ab75 * 11-11-2024 11:02:08.442
Command * READ TEMPERATURE - #244,11*70ae
 * 11-11-2024 11:02:13.265
CRC-Response  - 244,11,F000,35*6080 * 11-11-2024 11:02:13.423
Command * READ TEMPERATURE - #245,11*8caf
 * 11-11-2024 11:02:18.262
CRC-Response  - 245,11,F000,34*63bc * 11-11-2024 11:02:18.434
Command * READ TEMPERATURE - #246,11*c8af
 * 11-11-2024 11:02:23.267
CRC-Response  - 246,11,F000,35*a779 * 11-11-2024 11:02:23.435
Command * READ TEMPERATURE - #247,11*34ae
 * 11-11-2024 11:02:28.260
CRC-Response  - 247,11,F000,35*6484 * 11-11-2024 11:02:28.426
Command * READ TEMPERATURE - #248,11*20ad
 * 11-11-2024 11:02:33.269
CRC-Response  - 248,11,F000,35*7090 * 11-11-2024 11:02:33.436
Command * READ TEMPERATURE - #249,11*dcac
 * 11-11-2024 11:02:38.258
CRC-Response  - 249,11,F000,35*b36d * 11-11-2024 11:02:38.425
Command * READ TEMPERATURE - #250,11*8092
 * 11-11-2024 11:02:43.259
CRC-Response  - 250,11,F000,35*2e73 * 11-11-2024 11:02:43.427
Command * READ TEMPERATURE - #251,11*7c93
 * 11-11-2024 11:02:48.256
CRC-Response  - 251,11,F000,34*2d4f * 11-11-2024 11:02:48.424
Command * READ TEMPERATURE - #252,11*3893
 * 11-11-2024 11:02:53.252
CRC-Response  - 252,11,F000,35*e98a * 11-11-2024 11:02:53.419
Command * READ TEMPERATURE - #253,11*c492
 * 11-11-2024 11:02:58.259
CRC-Response  - 253,11,F000,35*2a77 * 11-11-2024 11:02:58.426
Command * READ TEMPERATURE - #254,11*b093
 * 11-11-2024 11:03:03.257
CRC-Response  - 254,11,F000,35*e182 * 11-11-2024 11:03:03.423
Command * READ TEMPERATURE - #255,11*4c92
 * 11-11-2024 11:03:08.260
CRC-Response  - 255,11,F000,35*227f * 11-11-2024 11:03:08.425
Command * READ TEMPERATURE - #0,11*a91a
 * 11-11-2024 11:03:13.265
CRC-Response  - 0,11,F000,35*2ac2 * 11-11-2024 11:03:13.432
Command * READ TEMPERATURE - #1,11*551b
 * 11-11-2024 11:03:18.262
CRC-Response  - 1,11,F000,35*e93f * 11-11-2024 11:03:18.428
Command * READ TEMPERATURE - #2,11*111b
 * 11-11-2024 11:03:23.253
CRC-Response  - 2,11,F000,35*ed3b * 11-11-2024 11:03:23.422
Command * READ TEMPERATURE - #3,11*ed1a
 * 11-11-2024 11:03:28.257
CRC-Response  - 3,11,F000,35*2ec6 * 11-11-2024 11:03:28.423
Command * READ TEMPERATURE - #4,11*991b
 * 11-11-2024 11:03:33.262
CRC-Response  - 4,11,F000,35*e533 * 11-11-2024 11:03:33.428
Command * READ TEMPERATURE - #5,11*651a
 * 11-11-2024 11:03:38.252
CRC-Response  - 5,11,F000,34*e60f * 11-11-2024 11:03:38.419
Command * READ TEMPERATURE - #6,11*211a
 * 11-11-2024 11:03:43.265
CRC-Response  - 6,11,F000,35*22ca * 11-11-2024 11:03:43.434
Command * READ TEMPERATURE - #7,11*dd1b
 * 11-11-2024 11:03:48.264
CRC-Response  - 7,11,F000,34*21f6 * 11-11-2024 11:03:48.434
Command * READ TEMPERATURE - #8,11*c918
 * 11-11-2024 11:03:53.257
CRC-Response  - 8,11,F000,35*f523 * 11-11-2024 11:03:53.424
Command * READ TEMPERATURE - #9,11*3519
 * 11-11-2024 11:03:58.262
CRC-Response  - 9,11,F000,35*36de * 11-11-2024 11:03:58.429
Command * READ TEMPERATURE - #10,11*4943
 * 11-11-2024 11:04:03.266
CRC-Response  - 10,11,F000,35*b2e6 * 11-11-2024 11:04:03.431
Command * READ TEMPERATURE - #11,11*b542
 * 11-11-2024 11:04:08.256
CRC-Response  - 11,11,F000,35*711b * 11-11-2024 11:04:08.423
Command * READ TEMPERATURE - #12,11*f142
 * 11-11-2024 11:04:13.249
CRC-Response  - 12,11,F000,34*b5de * 11-11-2024 11:04:13.420
Command * READ TEMPERATURE - #13,11*0d43
 * 11-11-2024 11:04:18.267
CRC-Response  - 13,11,F000,35*b6e2 * 11-11-2024 11:04:18.433
Command * READ TEMPERATURE - #14,11*7942
 * 11-11-2024 11:04:23.269
CRC-Response  - 14,11,F000,35*7d17 * 11-11-2024 11:04:23.437
Command * HEATER OFF - #15,12,0*471c
 * 11-11-2024 11:04:28.291
CRC-Response  - 15,12,F000*65fc * 11-11-2024 11:04:28.448
Command * HEATER DOOR OPEN - #16,8,1,1*f2f6
 * 11-11-2024 11:04:29.259
CRC-Response  - 16,8,I001*646b * 11-11-2024 11:04:29.423
CRC-Response  - 16,8,F000*b0a9 * 11-11-2024 11:04:29.765
Rack - 1Protocol Started * 11-11-2024 11:04:30.433
Command * Rack-1 Picked from H1 - #17,2,1,2688,1000,0,1*77ef
 * 11-11-2024 11:04:30.507
CRC-Response  - 17,2,I001,1*7522 * 11-11-2024 11:04:30.667
CRC-Response  - 17,2,F000,1*4a73 * 11-11-2024 11:04:37.134
Command * HEATER DOOR CLOSE - #18,8,1,0*f2d8
 * 11-11-2024 11:04:37.290
CRC-Response  - 18,8,I001*e8ea * 11-11-2024 11:04:37.460
CRC-Response  - 18,8,F000*3c28 * 11-11-2024 11:04:37.786
Command * Rack-1 Placed in J1 - #19,3,1,10304,800,0,0*9e5f
 * 11-11-2024 11:04:37.981
CRC-Response  - 19,3,I001,1*4c82 * 11-11-2024 11:04:38.143
CRC-Response  - 19,3,F000,1*73d3 * 11-11-2024 11:04:44.265
Command * Rack-1 Picked from J1 - #20,2,1,10304,800,0,0*a095
 * 11-11-2024 11:09:44.816
CRC-Response  - 20,2,I001,1*eb9c * 11-11-2024 11:09:45.6
CRC-Response  - 20,2,F000,1*d4cd * 11-11-2024 11:09:50.130
Command * Rack-1 Placed in J2 - #21,3,1,13934,800 ,0,0*5ec0
 * 11-11-2024 11:09:50.538
CRC-Response  - 21,3,I001,1*e20c * 11-11-2024 11:09:50.701
CRC-Response  - 21,3,F000,1*dd5d * 11-11-2024 11:09:56.365
Command * HEATER DOOR OPEN - #22,8,1,1*27f3
 * 11-11-2024 11:13:59.147
CRC-Response  - 22,8,I001*677e * 11-11-2024 11:13:59.403
CRC-Response  - 22,8,F000*b3bc * 11-11-2024 11:13:59.642
Rack - 2Protocol Started * 11-11-2024 11:14:00.416
Command * Rack-2 Picked from H2 - #23,2,1,2688,8700,0,1*deec
 * 11-11-2024 11:14:00.474
CRC-Response  - 23,2,I001,1*e46c * 11-11-2024 11:14:00.633
CRC-Response  - 23,2,F000,1*db3d * 11-11-2024 11:14:07.158
Command * HEATER DOOR CLOSE - #24,8,1,0*e754
 * 11-11-2024 11:14:07.696
CRC-Response  - 24,8,I001*4dfe * 11-11-2024 11:14:07.858
CRC-Response  - 24,8,F000*993c * 11-11-2024 11:14:08.198
Command * Rack-2 Placed in J1 - #25,3,1,10304,800,0,0*fc08
 * 11-11-2024 11:14:08.381
CRC-Response  - 25,3,I001,1*374d * 11-11-2024 11:14:08.540
CRC-Response  - 25,3,F000,1*081c * 11-11-2024 11:14:14.662
Command * Rack-1 Picked from J2 - #26,2,1,13934,800 ,0,0*1524
 * 11-11-2024 11:14:57.319
CRC-Response  - 26,2,I001,1*f47c * 11-11-2024 11:14:57.525
CRC-Response  - 26,2,F000,1*cb2d * 11-11-2024 11:15:03.145
Command * Rack-1 Placed in J3 - #27,3,1,17564,800 ,0,0*6047
 * 11-11-2024 11:15:03.617
CRC-Response  - 27,3,I001,1*fdec * 11-11-2024 11:15:03.781
CRC-Response  - 27,3,F000,1*c2bd * 11-11-2024 11:15:09.453
Command * Rack-2 Picked from J1 - #28,2,1,10304,800,0,0*c177
 * 11-11-2024 11:19:16.71
CRC-Response  - 28,2,I001,1*011d * 11-11-2024 11:19:16.264
CRC-Response  - 28,2,F000,1*3e4c * 11-11-2024 11:19:22.301
Command * Rack-2 Placed in J2 - #29,3,1,13934,800 ,0,0*1721
 * 11-11-2024 11:19:22.857
CRC-Response  - 29,3,I001,1*088d * 11-11-2024 11:19:23.16
CRC-Response  - 29,3,F000,1*37dc * 11-11-2024 11:19:28.684
Command * Rack-1 Picked from J3 - #30,2,1,17564,800 ,0,0*fab3
 * 11-11-2024 11:20:09.975
CRC-Response  - 30,2,I001,1*1798 * 11-11-2024 11:20:10.159
CRC-Response  - 30,2,F000,1*28c9 * 11-11-2024 11:20:15.811
Command * Rack-1 Placed in J4 - #31,3,1,21194,800 ,0,0*c914
 * 11-11-2024 11:20:16.274
CRC-Response  - 31,3,I001,1*1e08 * 11-11-2024 11:20:16.447
CRC-Response  - 31,3,F000,1*2159 * 11-11-2024 11:20:22.97
Command * Rack-1 Picked from J4 - #32,2,1,21194,800 ,0,0*0601
 * 11-11-2024 11:23:23.148
CRC-Response  - 32,2,I001,1*dd39 * 11-11-2024 11:23:23.345
CRC-Response  - 32,2,F000,1*e268 * 11-11-2024 11:23:28.462
Command * Rack-1 Placed in J5 - #33,3,1,24824,800 ,0,0*1658
 * 11-11-2024 11:23:28.930
CRC-Response  - 33,3,I001,1*d4a9 * 11-11-2024 11:23:29.95
CRC-Response  - 33,3,F000,1*ebf8 * 11-11-2024 11:23:34.765
Command * HEATER DOOR OPEN - #34,8,1,1*eb54
 * 11-11-2024 11:23:56.975
CRC-Response  - 34,8,I001*ddf3 * 11-11-2024 11:23:57.153
CRC-Response  - 34,8,F000*0931 * 11-11-2024 11:23:57.489
Rack - R3Protocol Started * 11-11-2024 11:23:58.186
Command * Rack-3 Picked from H3 - #35,2,1,2688,16380,0,1*fe01
 * 11-11-2024 11:23:58.236
CRC-Response  - 35,2,I001,1*0788 * 11-11-2024 11:23:58.402
CRC-Response  - 35,2,F000,1*38d9 * 11-11-2024 11:24:06.150
Command * HEATER DOOR CLOSE - #36,8,1,0*ebb6
 * 11-11-2024 11:24:06.488
CRC-Response  - 36,8,I001*0472 * 11-11-2024 11:24:06.646
CRC-Response  - 36,8,F000*d0b0 * 11-11-2024 11:24:06.985
Command * Rack-3 Placed in J1 - #37,3,1,10304,800,0,0*954c
 * 11-11-2024 11:24:07.195
CRC-Response  - 37,3,I001,1*01e8 * 11-11-2024 11:24:07.360
CRC-Response  - 37,3,F000,1*3eb9 * 11-11-2024 11:24:13.834
Command * Rack-2 Picked from J2 - #38,2,1,13934,800 ,0,0*eb5d
 * 11-11-2024 11:24:29.87
CRC-Response  - 38,2,I001,1*fd19 * 11-11-2024 11:24:29.432
CRC-Response  - 38,2,F000,1*c248 * 11-11-2024 11:24:34.915
Command * Rack-2 Placed in J3 - #39,3,1,17564,800 ,0,0*9e3e
 * 11-11-2024 11:24:35.13
CRC-Response  - 39,3,I001,1*f489 * 11-11-2024 11:24:35.177
CRC-Response  - 39,3,F000,1*cbd8 * 11-11-2024 11:24:40.854
Command * HEATER DOOR OPEN - #40,8,1,1*cd50
 * 11-11-2024 11:25:21.42
CRC-Response  - 40,8,I001*1ed4 * 11-11-2024 11:25:21.211
CRC-Response  - 40,8,F000*ca16 * 11-11-2024 11:25:21.545
Command * L1 - Picked - #41,2,1,17564,16380,0,0*6058
 * 11-11-2024 11:25:31.393
CRC-Response  - 41,2,I001,1*a6d3 * 11-11-2024 11:25:31.636
CRC-Response  - 41,2,F000,1*9982 * 11-11-2024 11:25:38.24
Command * H1 - Placed - #42,3,1,2688,1000,0,1*7ebe
 * 11-11-2024 11:25:39.691
CRC-Response  - 42,3,I001,1*65e2 * 11-11-2024 11:25:39.851
CRC-Response  - 42,3,F000,1*5ab3 * 11-11-2024 11:25:46.788
Command * L2 - Picked - #43,2,1,13934,16380,0,0*8663
 * 11-11-2024 11:25:48.620
CRC-Response  - 43,2,I001,1*6c72 * 11-11-2024 11:25:48.792
CRC-Response  - 43,2,F000,1*5323 * 11-11-2024 11:25:55.317
Command * H2 - Placed - #44,3,1,2688,8700,0,1*5c80
 * 11-11-2024 11:25:57.286
CRC-Response  - 44,3,I001,1*7a02 * 11-11-2024 11:25:57.446
CRC-Response  - 44,3,F000,1*4553 * 11-11-2024 11:26:03.975
Command * L3 - Picked - #45,2,1,10304,16380,0,0*ed1a
 * 11-11-2024 11:26:05.201
CRC-Response  - 45,2,I001,1*7392 * 11-11-2024 11:26:05.364
CRC-Response  - 45,2,F000,1*4cc3 * 11-11-2024 11:26:11.479
Command * H3 - Placed - #46,3,1,2688,16380,0,1*8662
 * 11-11-2024 11:26:12.683
CRC-Response  - 46,3,I001,1*b0a3 * 11-11-2024 11:26:12.840
CRC-Response  - 46,3,F000,1*8ff2 * 11-11-2024 11:26:18.949
Racks Loaded to Heater * 11-11-2024 11:26:21.280
Command * HEATER DOOR CLOSE - #47,8,1,0*cde7
 * 11-11-2024 11:26:21.331
CRC-Response  - 47,8,I001*f895 * 11-11-2024 11:26:21.497
CRC-Response  - 47,8,F000*2c57 * 11-11-2024 11:26:21.836
Command * HEATER ON - #48,12,1*9a89
 * 11-11-2024 11:26:22.9
CRC-Response  - 48,12,F000*e5b4 * 11-11-2024 11:26:22.177
Command * SET TEMPERATURE - #49,10,32*6bca
 * 11-11-2024 11:26:22.573
CRC-Response  - 49,10,F000*97b8 * 11-11-2024 11:26:22.732
Command * READ TEMPERATURE - #50,11*89b2
 * 11-11-2024 11:26:27.756
CRC-Response  - 50,11,F000,34*f629 * 11-11-2024 11:26:27.922
Command * Level Sensing For L1 - #51,4,17564,16380,0,0*a83d
 * 11-11-2024 11:26:28.923
CRC-Response  - 51,4,I001*8e18 * 11-11-2024 11:26:29.91
CRC-Response  - 51,4,F000,241*4065 * 11-11-2024 11:26:33.623
L2 Value - 241 * 11-11-2024 11:26:33.640
Command * Level Sensing For L2 - #52,4,13934,16380,0,0*e861
 * 11-11-2024 11:26:33.641
Command * Rack-1 Picked from J5 - #53,2,1,24824,800 ,0,0*8c6f
 * 11-11-2024 11:26:38.942
CRC-Response  - 53,2,I001,1*9076 * 11-11-2024 11:26:44.121
CRC-Response  - 53,2,F000,1*af27 * 11-11-2024 11:26:45.598
Command * Rack-1 Placed in J6 - #54,3,1,28454,800 ,0,0*6f90
 * 11-11-2024 11:26:46.37
CRC-Response  - 54,3,I001,1*8606 * 11-11-2024 11:26:46.202
CRC-Response  - 54,3,F000,1*b957 * 11-11-2024 11:26:51.862
Command * HEATER OFF - #55,12,0*8759
 * 11-11-2024 11:28:15.383
CRC-Response  - 55,12,F000*b0bd * 11-11-2024 11:28:15.597
Command * READ TEMPERATURE - #56,11*01b2
 * 11-11-2024 11:28:17.209
CRC-Response  - 56,11,F000,35*3ee0 * 11-11-2024 11:28:22.450
Command * Level Sensing For L3 - #57,4,10304,16380,0,0*29b2
 * 11-11-2024 11:28:23.257
CRC-Response  - 57,4,I001*a498 * 11-11-2024 11:28:23.426
Command * WATER VALVE - 1 CONTROL ON - #0,13,1,1*b32a
 * 11-11-2024 12:05:12.180
CRC-Response  - 0,13,F000*29e9 * 11-11-2024 12:05:12.351
Command * WATER VALVE - 2 CONTROL ON - #1,13,2,1*7f1b
 * 11-11-2024 12:05:13.359
CRC-Response  - 1,13,F000*b9e4 * 11-11-2024 12:05:13.534
Command * WATER VALVE - 3 CONTROL ON - #2,13,3,1*aa0a
 * 11-11-2024 12:05:14.541
CRC-Response  - 2,13,F000*49f0 * 11-11-2024 12:05:14.710
Command * WATER VALVE - 4 CONTROL ON - #3,13,4,1*a77a
 * 11-11-2024 12:05:15.723
CRC-Response  - 3,13,F000*d9fd * 11-11-2024 12:05:15.889
Command * WATER VALVE - 5 CONTROL ON - #4,13,5,1*816a
 * 11-11-2024 12:05:16.901
CRC-Response  - 4,13,F000*e9db * 11-11-2024 12:05:17.69
Command * WATER VALVE - 6 CONTROL ON - #5,13,6,1*4d5b
 * 11-11-2024 12:05:18.81
CRC-Response  - 5,13,F000*79d6 * 11-11-2024 12:05:18.247
Device Intialization started * 11-11-2024 12:05:24.264
Command * Both Z Axis Home Command - #6,5,00100100*1d59
 * 11-11-2024 12:05:24.268
CRC-Response  - 6,5,I001,00100100*a3bf * 11-11-2024 12:05:24.432
CRC-Response  - 6,5,F000*c7bb * 11-11-2024 12:05:25.878
Command * Home Command - #7,5,01111111*7248
 * 11-11-2024 12:05:27.948
CRC-Response  - 7,5,I001,01111111*9f02 * 11-11-2024 12:05:28.115
