Command * SET TEMPERATURE - #0,10,32*870a
 * 17-01-2025 18:12:13.874
CRC-Response  - 0,10,F000*1ae9 * 17-01-2025 18:12:13.978
Command * HEATER ON - #1,12,1*dbe7
 * 17-01-2025 18:12:15.82
CRC-Response  - 1,12,F000*68e5 * 17-01-2025 18:12:15.175
Command * HEATER DOOR CLOSE - #2,8,1,0*21eb
 * 17-01-2025 18:12:16.60
CRC-Response  - 2,8,I001*fd79 * 17-01-2025 18:12:16.169
CRC-Response  - 2,8,F000*29bb * 17-01-2025 18:12:16.510
Command * READ TEMPERATURE - #3,11*ed1a
 * 17-01-2025 18:12:16.718
CRC-Response  - 3,11,F000,36*2f86 * 17-01-2025 18:12:16.835
Command * WATER VALVE - 1 CONTROL OFF - #4,13,1,0*80ea
 * 17-01-2025 18:12:21.904
CRC-Response  - 4,13,F000*e9db * 17-01-2025 18:12:22.17
Command * WATER VALVE - 2 CONTROL OFF - #5,13,2,0*4cdb
 * 17-01-2025 18:12:22.570
CRC-Response  - 5,13,F000*79d6 * 17-01-2025 18:12:22.685
Command * WATER VALVE - 3 CONTROL OFF - #6,13,3,0*99ca
 * 17-01-2025 18:12:23.235
CRC-Response  - 6,13,F000*89c2 * 17-01-2025 18:12:23.350
Command * WATER VALVE - 4 CONTROL OFF - #7,13,4,0*94ba
 * 17-01-2025 18:12:23.927
CRC-Response  - 7,13,F000*19cf * 17-01-2025 18:12:24.43
Command * WATER VALVE - 5 CONTROL OFF - #8,13,5,0*14ab
 * 17-01-2025 18:12:24.592
CRC-Response  - 8,13,F000*e98e * 17-01-2025 18:12:24.704
Command * WATER VALVE - 6 CONTROL OFF - #9,13,6,0*d89a
 * 17-01-2025 18:12:25.270
CRC-Response  - 9,13,F000*7983 * 17-01-2025 18:12:25.385
Command * Home Command - #10,5,01111111*2199
 * 17-01-2025 18:12:25.937
CRC-Response  - 10,5,I001,01111111*c9ef * 17-01-2025 18:12:26.42
CRC-Response  - 10,5,F000*8728 * 17-01-2025 18:12:38.564
Command * Home Command - #11,5,01111111*e264
 * 17-01-2025 18:12:40.701
CRC-Response  - 11,5,I001,01111111*59be * 17-01-2025 18:12:40.816
CRC-Response  - 11,5,F000*4be9 * 17-01-2025 18:12:40.818
Command * Level Sensing For H1 - #12,4,2688,1000,0,1*b46b
 * 17-01-2025 18:12:42.386
CRC-Response  - 12,4,I001*5b6a * 17-01-2025 18:12:42.496
CRC-Response  - 12,4,F000,4095*b206 * 17-01-2025 18:12:52.427
H1 Value - 4095 * 17-01-2025 18:12:52.446
Command * Level Sensing For H2 - #13,4,2688,8700,0,1*8e8c
 * 17-01-2025 18:12:52.619
CRC-Response  - 13,4,I001*97ab * 17-01-2025 18:12:52.733
CRC-Response  - 13,4,F000,4095*3304 * 17-01-2025 18:12:55.198
H2 Value - 4095 * 17-01-2025 18:12:55.211
Command * Level Sensing For H3 - #14,4,2688,16380,0,1*1478
 * 17-01-2025 18:12:55.315
CRC-Response  - 14,4,I001*71ea * 17-01-2025 18:12:55.432
CRC-Response  - 14,4,F000,4095*740f * 17-01-2025 18:12:57.894
H3 Value - 4095 * 17-01-2025 18:12:57.913
Command * Level Sensing For L1 - #15,4,17564,16380,0,0*1c3d
 * 17-01-2025 18:12:57.996
CRC-Response  - 15,4,I001*bd2b * 17-01-2025 18:12:58.112
CRC-Response  - 15,4,F000,329*adc9 * 17-01-2025 18:13:01.665
L1 Value - 329 * 17-01-2025 18:13:01.685
Command * Level Sensing For L2 - #16,4,13934,16380,0,0*5c61
 * 17-01-2025 18:13:02.188
CRC-Response  - 16,4,I001*a86b * 17-01-2025 18:13:02.295
CRC-Response  - 16,4,F000,323*ae4d * 17-01-2025 18:13:04.598
L2 Value - 323 * 17-01-2025 18:13:04.618
Command * Level Sensing For L3 - #17,4,10304,16380,0,0*ad43
 * 17-01-2025 18:13:04.860
CRC-Response  - 17,4,I001*64aa * 17-01-2025 18:13:04.969
CRC-Response  - 17,4,F000,327*aeb1 * 17-01-2025 18:13:07.266
L3 Value - 327 * 17-01-2025 18:13:07.284
Command * Home Command - #18,5,01111111*fe78
 * 17-01-2025 18:13:07.562
CRC-Response  - 18,5,I001,01111111*0b68 * 17-01-2025 18:13:07.668
CRC-Response  - 18,5,F000*2129 * 17-01-2025 18:13:18.719
Command * Home Command - #19,5,01111111*3d85
 * 17-01-2025 18:13:21.314
CRC-Response  - 19,5,I001,01111111*9b39 * 17-01-2025 18:13:21.423
CRC-Response  - 19,5,F000*ede8 * 17-01-2025 18:13:21.426
Rack - 1Protocol Started * 17-01-2025 18:13:24.434
Command * Rack-1 Picked from L1 - #20,2,1,17564,16380,0,0*9bae
 * 17-01-2025 18:13:24.539
CRC-Response  - 20,2,I001,1*eb9c * 17-01-2025 18:13:24.653
CRC-Response  - 20,2,F000,1*d4cd * 17-01-2025 18:13:35.330
Command * Rack-1 Placed in H1 - #21,3,1,2688,1000,0,1*5c72
 * 17-01-2025 18:13:35.868
CRC-Response  - 21,3,I001,1*e20c * 17-01-2025 18:13:35.979
CRC-Response  - 21,3,F000,1*dd5d * 17-01-2025 18:13:42.925
Command * HEATER DOOR CLOSE - #22,8,1,0*e732
 * 17-01-2025 18:13:43.134
CRC-Response  - 22,8,I001*677e * 17-01-2025 18:13:43.247
CRC-Response  - 22,8,F000*b3bc * 17-01-2025 18:13:43.574
Command * READ TEMPERATURE - #23,11*0d07
 * 17-01-2025 18:13:43.800
CRC-Response  - 23,11,F000,35*75e7 * 17-01-2025 18:13:43.919
Command * READ TEMPERATURE - #24,11*7906
 * 17-01-2025 18:13:48.985
CRC-Response  - 24,11,F000,35*be12 * 17-01-2025 18:13:49.94
Command * READ TEMPERATURE - #25,11*8507
 * 17-01-2025 18:13:54.144
CRC-Response  - 25,11,F000,35*7def * 17-01-2025 18:13:54.258
Command * READ TEMPERATURE - #26,11*c107
 * 17-01-2025 18:13:59.313
CRC-Response  - 26,11,F000,35*79eb * 17-01-2025 18:13:59.427
Command * READ TEMPERATURE - #27,11*3d06
 * 17-01-2025 18:14:04.483
CRC-Response  - 27,11,F000,35*ba16 * 17-01-2025 18:14:04.589
Command * READ TEMPERATURE - #28,11*2905
 * 17-01-2025 18:14:09.664
CRC-Response  - 28,11,F000,35*ae02 * 17-01-2025 18:14:09.781
Command * READ TEMPERATURE - #29,11*d504
 * 17-01-2025 18:14:14.828
CRC-Response  - 29,11,F000,35*6dff * 17-01-2025 18:14:14.944
Command * READ TEMPERATURE - #30,11*893a
 * 17-01-2025 18:14:20.5
CRC-Response  - 30,11,F000,35*f0e1 * 17-01-2025 18:14:20.120
Command * READ TEMPERATURE - #31,11*753b
 * 17-01-2025 18:14:25.194
CRC-Response  - 31,11,F000,36*325c * 17-01-2025 18:14:25.339
Command * READ TEMPERATURE - #32,11*313b
 * 17-01-2025 18:14:30.410
CRC-Response  - 32,11,F000,36*3658 * 17-01-2025 18:14:30.524
Command * READ TEMPERATURE - #33,11*cd3a
 * 17-01-2025 18:14:35.594
CRC-Response  - 33,11,F000,36*f5a5 * 17-01-2025 18:14:35.714
Command * READ TEMPERATURE - #34,11*b93b
 * 17-01-2025 18:14:40.770
CRC-Response  - 34,11,F000,36*3e50 * 17-01-2025 18:14:40.885
Command * READ TEMPERATURE - #35,11*453a
 * 17-01-2025 18:14:45.941
CRC-Response  - 35,11,F000,36*fdad * 17-01-2025 18:14:46.57
Command * READ TEMPERATURE - #36,11*013a
 * 17-01-2025 18:14:51.121
CRC-Response  - 36,11,F000,36*f9a9 * 17-01-2025 18:14:51.237
Command * READ TEMPERATURE - #37,11*fd3b
 * 17-01-2025 18:14:56.291
CRC-Response  - 37,11,F000,36*3a54 * 17-01-2025 18:14:56.406
Command * READ TEMPERATURE - #38,11*e938
 * 17-01-2025 18:15:01.454
CRC-Response  - 38,11,F000,36*2e40 * 17-01-2025 18:15:01.566
Command * READ TEMPERATURE - #39,11*1539
 * 17-01-2025 18:15:06.625
CRC-Response  - 39,11,F000,36*edbd * 17-01-2025 18:15:06.741
Command * READ TEMPERATURE - #40,11*498f
 * 17-01-2025 18:15:11.813
CRC-Response  - 40,11,F000,36*b6aa * 17-01-2025 18:15:11.928
Command * READ TEMPERATURE - #41,11*b58e
 * 17-01-2025 18:15:17.4
CRC-Response  - 41,11,F000,36*7557 * 17-01-2025 18:15:17.149
Command * READ TEMPERATURE - #42,11*f18e
 * 17-01-2025 18:15:22.200
CRC-Response  - 42,11,F000,36*7153 * 17-01-2025 18:15:22.314
Command * READ TEMPERATURE - #43,11*0d8f
 * 17-01-2025 18:15:27.372
CRC-Response  - 43,11,F000,36*b2ae * 17-01-2025 18:15:27.490
Command * READ TEMPERATURE - #44,11*798e
 * 17-01-2025 18:15:32.558
CRC-Response  - 44,11,F000,36*795b * 17-01-2025 18:15:32.673
Command * READ TEMPERATURE - #45,11*858f
 * 17-01-2025 18:15:37.727
CRC-Response  - 45,11,F000,36*baa6 * 17-01-2025 18:15:37.841
Command * READ TEMPERATURE - #46,11*c18f
 * 17-01-2025 18:15:42.904
CRC-Response  - 46,11,F000,36*bea2 * 17-01-2025 18:15:43.17
Command * READ TEMPERATURE - #47,11*3d8e
 * 17-01-2025 18:15:48.68
CRC-Response  - 47,11,F000,36*7d5f * 17-01-2025 18:15:48.186
Command * READ TEMPERATURE - #48,11*298d
 * 17-01-2025 18:15:53.242
CRC-Response  - 48,11,F000,36*694b * 17-01-2025 18:15:53.357
Command * READ TEMPERATURE - #49,11*d58c
 * 17-01-2025 18:15:58.407
CRC-Response  - 49,11,F000,36*aab6 * 17-01-2025 18:15:58.525
Command * READ TEMPERATURE - #50,11*89b2
 * 17-01-2025 18:16:03.591
CRC-Response  - 50,11,F000,36*37a8 * 17-01-2025 18:16:03.706
Command * READ TEMPERATURE - #51,11*75b3
 * 17-01-2025 18:16:08.749
CRC-Response  - 51,11,F000,36*f455 * 17-01-2025 18:16:08.863
Command * READ TEMPERATURE - #52,11*31b3
 * 17-01-2025 18:16:13.930
CRC-Response  - 52,11,F000,36*f051 * 17-01-2025 18:16:14.46
Command * READ TEMPERATURE - #53,11*cdb2
 * 17-01-2025 18:16:19.132
CRC-Response  - 53,11,F000,36*33ac * 17-01-2025 18:16:19.217
Command * READ TEMPERATURE - #54,11*b9b3
 * 17-01-2025 18:16:24.280
CRC-Response  - 54,11,F000,36*f859 * 17-01-2025 18:16:24.387
Command * READ TEMPERATURE - #55,11*45b2
 * 17-01-2025 18:16:29.437
CRC-Response  - 55,11,F000,36*3ba4 * 17-01-2025 18:16:29.555
Command * READ TEMPERATURE - #56,11*01b2
 * 17-01-2025 18:16:34.611
CRC-Response  - 56,11,F000,36*3fa0 * 17-01-2025 18:16:34.729
Command * READ TEMPERATURE - #57,11*fdb3
 * 17-01-2025 18:16:39.796
CRC-Response  - 57,11,F000,36*fc5d * 17-01-2025 18:16:39.914
Command * READ TEMPERATURE - #58,11*e9b0
 * 17-01-2025 18:16:44.979
CRC-Response  - 58,11,F000,36*e849 * 17-01-2025 18:16:45.92
Command * READ TEMPERATURE - #59,11*15b1
 * 17-01-2025 18:16:50.148
CRC-Response  - 59,11,F000,36*2bb4 * 17-01-2025 18:16:50.263
Command * READ TEMPERATURE - #60,11*89f6
 * 17-01-2025 18:16:55.310
CRC-Response  - 60,11,F000,36*f4ad * 17-01-2025 18:16:55.428
Command * READ TEMPERATURE - #61,11*75f7
 * 17-01-2025 18:17:00.491
CRC-Response  - 61,11,F000,36*3750 * 17-01-2025 18:17:00.603
Command * READ TEMPERATURE - #62,11*31f7
 * 17-01-2025 18:17:05.656
CRC-Response  - 62,11,F000,36*3354 * 17-01-2025 18:17:05.817
Command * READ TEMPERATURE - #63,11*cdf6
 * 17-01-2025 18:17:10.883
CRC-Response  - 63,11,F000,36*f0a9 * 17-01-2025 18:17:11.1
Command * READ TEMPERATURE - #64,11*b9f7
 * 17-01-2025 18:17:16.49
CRC-Response  - 64,11,F000,36*3b5c * 17-01-2025 18:17:16.163
Command * READ TEMPERATURE - #65,11*45f6
 * 17-01-2025 18:17:21.219
CRC-Response  - 65,11,F000,36*f8a1 * 17-01-2025 18:17:21.336
Command * READ TEMPERATURE - #66,11*01f6
 * 17-01-2025 18:17:26.398
CRC-Response  - 66,11,F000,36*fca5 * 17-01-2025 18:17:26.517
Command * READ TEMPERATURE - #67,11*fdf7
 * 17-01-2025 18:17:31.568
CRC-Response  - 67,11,F000,36*3f58 * 17-01-2025 18:17:31.680
Command * READ TEMPERATURE - #68,11*e9f4
 * 17-01-2025 18:17:36.742
CRC-Response  - 68,11,F000,36*2b4c * 17-01-2025 18:17:36.859
Command * READ TEMPERATURE - #69,11*15f5
 * 17-01-2025 18:17:41.928
CRC-Response  - 69,11,F000,36*e8b1 * 17-01-2025 18:17:42.38
Command * READ TEMPERATURE - #70,11*49cb
 * 17-01-2025 18:17:47.118
CRC-Response  - 70,11,F000,36*75af * 17-01-2025 18:17:47.234
Command * READ TEMPERATURE - #71,11*b5ca
 * 17-01-2025 18:17:52.306
CRC-Response  - 71,11,F000,36*b652 * 17-01-2025 18:17:52.457
Command * READ TEMPERATURE - #72,11*f1ca
 * 17-01-2025 18:17:57.509
CRC-Response  - 72,11,F000,36*b256 * 17-01-2025 18:17:57.623
Command * READ TEMPERATURE - #73,11*0dcb
 * 17-01-2025 18:18:02.682
CRC-Response  - 73,11,F000,36*71ab * 17-01-2025 18:18:02.797
Command * READ TEMPERATURE - #74,11*79ca
 * 17-01-2025 18:18:07.866
CRC-Response  - 74,11,F000,36*ba5e * 17-01-2025 18:18:07.982
Command * READ TEMPERATURE - #75,11*85cb
 * 17-01-2025 18:18:13.34
CRC-Response  - 75,11,F000,36*79a3 * 17-01-2025 18:18:13.138
Command * READ TEMPERATURE - #76,11*c1cb
 * 17-01-2025 18:18:18.185
CRC-Response  - 76,11,F000,36*7da7 * 17-01-2025 18:18:18.302
Command * READ TEMPERATURE - #77,11*3dca
 * 17-01-2025 18:18:23.383
CRC-Response  - 77,11,F000,36*be5a * 17-01-2025 18:18:23.500
Command * READ TEMPERATURE - #78,11*29c9
 * 17-01-2025 18:18:28.552
CRC-Response  - 78,11,F000,36*aa4e * 17-01-2025 18:18:28.665
Command * READ TEMPERATURE - #79,11*d5c8
 * 17-01-2025 18:18:33.744
CRC-Response  - 79,11,F000,36*69b3 * 17-01-2025 18:18:33.863
Command * READ TEMPERATURE - #80,11*489f
 * 17-01-2025 18:18:38.905
CRC-Response  - 80,11,F000,36*7abb * 17-01-2025 18:18:39.16
Command * READ TEMPERATURE - #81,11*b49e
 * 17-01-2025 18:18:44.74
CRC-Response  - 81,11,F000,36*b946 * 17-01-2025 18:18:44.185
Command * READ TEMPERATURE - #82,11*f09e
 * 17-01-2025 18:18:49.240
CRC-Response  - 82,11,F000,36*bd42 * 17-01-2025 18:18:49.355
Command * READ TEMPERATURE - #83,11*0c9f
 * 17-01-2025 18:18:54.410
CRC-Response  - 83,11,F000,36*7ebf * 17-01-2025 18:18:54.529
Command * READ TEMPERATURE - #84,11*789e
 * 17-01-2025 18:18:59.575
CRC-Response  - 84,11,F000,36*b54a * 17-01-2025 18:18:59.694
Command * READ TEMPERATURE - #85,11*849f
 * 17-01-2025 18:19:04.752
CRC-Response  - 85,11,F000,36*76b7 * 17-01-2025 18:19:04.866
Command * READ TEMPERATURE - #86,11*c09f
 * 17-01-2025 18:19:09.947
CRC-Response  - 86,11,F000,36*72b3 * 17-01-2025 18:19:10.64
Command * READ TEMPERATURE - #87,11*3c9e
 * 17-01-2025 18:19:15.116
CRC-Response  - 87,11,F000,36*b14e * 17-01-2025 18:19:15.228
Command * READ TEMPERATURE - #88,11*289d
 * 17-01-2025 18:19:20.290
CRC-Response  - 88,11,F000,36*a55a * 17-01-2025 18:19:20.407
Command * READ TEMPERATURE - #89,11*d49c
 * 17-01-2025 18:19:25.459
CRC-Response  - 89,11,F000,37*a666 * 17-01-2025 18:19:25.573
Command * READ TEMPERATURE - #90,11*88a2
 * 17-01-2025 18:19:30.628
CRC-Response  - 90,11,F000,36*fbb9 * 17-01-2025 18:19:30.739
Command * READ TEMPERATURE - #91,11*74a3
 * 17-01-2025 18:19:35.806
CRC-Response  - 91,11,F000,36*3844 * 17-01-2025 18:19:35.920
Command * READ TEMPERATURE - #92,11*30a3
 * 17-01-2025 18:19:40.969
CRC-Response  - 92,11,F000,36*3c40 * 17-01-2025 18:19:41.86
Command * READ TEMPERATURE - #93,11*cca2
 * 17-01-2025 18:19:46.143
CRC-Response  - 93,11,F000,36*ffbd * 17-01-2025 18:19:46.258
Command * HEATER DOOR OPEN - #94,8,1,1*94d4
 * 17-01-2025 18:19:47.715
CRC-Response  - 94,8,I001*7d8d * 17-01-2025 18:19:47.824
CRC-Response  - 94,8,F000*a94f * 17-01-2025 18:19:48.163
Rack - 2Protocol Started * 17-01-2025 18:19:48.862
Command * Rack-2 Picked from L2 - #95,2,1,13934,16380,0,0*7919
 * 17-01-2025 18:19:52.902
CRC-Response  - 95,2,I001,1*dfa9 * 17-01-2025 18:19:53.22
CRC-Response  - 95,2,F000,1*e0f8 * 17-01-2025 18:19:59.555
Command * Rack-2 Placed in H2 - #96,3,1,2688,8700,0,1*f8d4
 * 17-01-2025 18:20:01.76
CRC-Response  - 96,3,I001,1*1c98 * 17-01-2025 18:20:01.181
CRC-Response  - 96,3,F000,1*23c9 * 17-01-2025 18:20:07.712
Command * HEATER DOOR CLOSE - #97,8,1,0*5426
 * 17-01-2025 18:20:07.803
CRC-Response  - 97,8,I001*68cd * 17-01-2025 18:20:07.916
CRC-Response  - 97,8,F000*bc0f * 17-01-2025 18:20:08.258
Command * READ TEMPERATURE - #98,11*e8a0
 * 17-01-2025 18:20:08.482
CRC-Response  - 98,11,F000,35*2518 * 17-01-2025 18:20:08.595
Command * READ TEMPERATURE - #99,11*14a1
 * 17-01-2025 18:20:13.641
CRC-Response  - 99,11,F000,35*e6e5 * 17-01-2025 18:20:13.759
Command * READ TEMPERATURE - #100,11*b35e
 * 17-01-2025 18:20:18.823
CRC-Response  - 100,11,F000,36*293c * 17-01-2025 18:20:18.928
Command * READ TEMPERATURE - #101,11*4f5f
 * 17-01-2025 18:20:24.8
CRC-Response  - 101,11,F000,35*eb81 * 17-01-2025 18:20:24.125
Command * READ TEMPERATURE - #102,11*0b5f
 * 17-01-2025 18:20:29.185
CRC-Response  - 102,11,F000,36*eec5 * 17-01-2025 18:20:29.318
Command * READ TEMPERATURE - #103,11*f75e
 * 17-01-2025 18:20:34.398
CRC-Response  - 103,11,F000,36*2d38 * 17-01-2025 18:20:34.515
Command * READ TEMPERATURE - #104,11*835f
 * 17-01-2025 18:20:39.569
CRC-Response  - 104,11,F000,36*e6cd * 17-01-2025 18:20:39.684
Command * READ TEMPERATURE - #105,11*7f5e
 * 17-01-2025 18:20:44.744
CRC-Response  - 105,11,F000,36*2530 * 17-01-2025 18:20:44.861
Command * READ TEMPERATURE - #106,11*3b5e
 * 17-01-2025 18:20:49.918
CRC-Response  - 106,11,F000,35*2074 * 17-01-2025 18:20:50.32
Command * READ TEMPERATURE - #107,11*c75f
 * 17-01-2025 18:20:55.105
CRC-Response  - 107,11,F000,36*e2c9 * 17-01-2025 18:20:55.210
Command * READ TEMPERATURE - #108,11*d35c
 * 17-01-2025 18:21:00.269
CRC-Response  - 108,11,F000,36*f6dd * 17-01-2025 18:21:00.387
Command * READ TEMPERATURE - #109,11*2f5d
 * 17-01-2025 18:21:05.450
CRC-Response  - 109,11,F000,36*3520 * 17-01-2025 18:21:05.565
Command * READ TEMPERATURE - #110,11*7363
 * 17-01-2025 18:21:10.626
CRC-Response  - 110,11,F000,36*a83e * 17-01-2025 18:21:10.741
Command * READ TEMPERATURE - #111,11*8f62
 * 17-01-2025 18:21:15.805
CRC-Response  - 111,11,F000,36*6bc3 * 17-01-2025 18:21:15.920
Command * READ TEMPERATURE - #112,11*cb62
 * 17-01-2025 18:21:20.997
CRC-Response  - 112,11,F000,36*6fc7 * 17-01-2025 18:21:21.109
Command * READ TEMPERATURE - #113,11*3763
 * 17-01-2025 18:21:26.175
CRC-Response  - 113,11,F000,36*ac3a * 17-01-2025 18:21:26.291
Command * READ TEMPERATURE - #114,11*4362
 * 17-01-2025 18:21:31.358
CRC-Response  - 114,11,F000,36*67cf * 17-01-2025 18:21:31.477
Command * READ TEMPERATURE - #115,11*bf63
 * 17-01-2025 18:21:36.532
CRC-Response  - 115,11,F000,36*a432 * 17-01-2025 18:21:36.711
Command * READ TEMPERATURE - #116,11*fb63
 * 17-01-2025 18:21:41.768
CRC-Response  - 116,11,F000,36*a036 * 17-01-2025 18:21:41.884
Command * READ TEMPERATURE - #117,11*0762
 * 17-01-2025 18:21:46.937
CRC-Response  - 117,11,F000,36*63cb * 17-01-2025 18:21:47.55
Command * READ TEMPERATURE - #118,11*1361
 * 17-01-2025 18:21:52.122
CRC-Response  - 118,11,F000,37*b71e * 17-01-2025 18:21:52.231
Command * READ TEMPERATURE - #119,11*ef60
 * 17-01-2025 18:21:57.283
CRC-Response  - 119,11,F000,36*b422 * 17-01-2025 18:21:57.398
Command * READ TEMPERATURE - #120,11*7327
 * 17-01-2025 18:22:02.469
CRC-Response  - 120,11,F000,36*6b3b * 17-01-2025 18:22:02.582
Command * READ TEMPERATURE - #121,11*8f26
 * 17-01-2025 18:22:07.648
CRC-Response  - 121,11,F000,37*6807 * 17-01-2025 18:22:07.764
Command * READ TEMPERATURE - #122,11*cb26
 * 17-01-2025 18:22:12.813
CRC-Response  - 122,11,F000,36*acc2 * 17-01-2025 18:22:12.928
Command * READ TEMPERATURE - #123,11*3727
 * 17-01-2025 18:22:17.995
CRC-Response  - 123,11,F000,36*6f3f * 17-01-2025 18:22:18.98
Command * READ TEMPERATURE - #124,11*4326
 * 17-01-2025 18:22:23.165
CRC-Response  - 124,11,F000,36*a4ca * 17-01-2025 18:22:23.271
Command * READ TEMPERATURE - #125,11*bf27
 * 17-01-2025 18:22:28.327
CRC-Response  - 125,11,F000,36*6737 * 17-01-2025 18:22:28.444
Command * READ TEMPERATURE - #126,11*fb27
 * 17-01-2025 18:22:33.513
CRC-Response  - 126,11,F000,36*6333 * 17-01-2025 18:22:33.629
Command * READ TEMPERATURE - #127,11*0726
 * 17-01-2025 18:22:38.693
CRC-Response  - 127,11,F000,36*a0ce * 17-01-2025 18:22:38.810
Command * READ TEMPERATURE - #128,11*1325
 * 17-01-2025 18:22:43.858
CRC-Response  - 128,11,F000,36*b4da * 17-01-2025 18:22:43.971
Command * READ TEMPERATURE - #129,11*ef24
 * 17-01-2025 18:22:49.18
CRC-Response  - 129,11,F000,37*b7e6 * 17-01-2025 18:22:49.135
Command * READ TEMPERATURE - #130,11*b31a
 * 17-01-2025 18:22:54.199
CRC-Response  - 130,11,F000,36*ea39 * 17-01-2025 18:22:54.315
Command * READ TEMPERATURE - #131,11*4f1b
 * 17-01-2025 18:22:59.366
CRC-Response  - 131,11,F000,36*29c4 * 17-01-2025 18:22:59.483
Command * READ TEMPERATURE - #132,11*0b1b
 * 17-01-2025 18:23:04.534
CRC-Response  - 132,11,F000,36*2dc0 * 17-01-2025 18:23:04.652
Command * READ TEMPERATURE - #133,11*f71a
 * 17-01-2025 18:23:09.706
CRC-Response  - 133,11,F000,36*ee3d * 17-01-2025 18:23:09.817
Command * READ TEMPERATURE - #134,11*831b
 * 17-01-2025 18:23:14.882
CRC-Response  - 134,11,F000,36*25c8 * 17-01-2025 18:23:14.997
Command * READ TEMPERATURE - #135,11*7f1a
 * 17-01-2025 18:23:20.72
CRC-Response  - 135,11,F000,36*e635 * 17-01-2025 18:23:20.184
Command * READ TEMPERATURE - #136,11*3b1a
 * 17-01-2025 18:23:25.244
CRC-Response  - 136,11,F000,37*22f0 * 17-01-2025 18:23:25.363
Command * READ TEMPERATURE - #137,11*c71b
 * 17-01-2025 18:23:30.422
CRC-Response  - 137,11,F000,36*21cc * 17-01-2025 18:23:30.536
Command * READ TEMPERATURE - #138,11*d318
 * 17-01-2025 18:23:35.617
CRC-Response  - 138,11,F000,36*35d8 * 17-01-2025 18:23:35.737
Command * READ TEMPERATURE - #139,11*2f19
 * 17-01-2025 18:23:40.792
CRC-Response  - 139,11,F000,37*36e4 * 17-01-2025 18:23:40.905
Command * READ TEMPERATURE - #140,11*73af
 * 17-01-2025 18:23:45.973
CRC-Response  - 140,11,F000,36*ad32 * 17-01-2025 18:23:46.88
Command * READ TEMPERATURE - #141,11*8fae
 * 17-01-2025 18:23:51.152
CRC-Response  - 141,11,F000,37*ae0e * 17-01-2025 18:23:51.270
Command * READ TEMPERATURE - #142,11*cbae
 * 17-01-2025 18:23:56.326
CRC-Response  - 142,11,F000,36*6acb * 17-01-2025 18:23:56.438
Command * READ TEMPERATURE - #143,11*37af
 * 17-01-2025 18:24:01.488
CRC-Response  - 143,11,F000,37*69f7 * 17-01-2025 18:24:01.608
Command * READ TEMPERATURE - #144,11*43ae
 * 17-01-2025 18:24:06.662
CRC-Response  - 144,11,F000,36*62c3 * 17-01-2025 18:24:06.780
Command * READ TEMPERATURE - #145,11*bfaf
 * 17-01-2025 18:24:11.847
CRC-Response  - 145,11,F000,37*61ff * 17-01-2025 18:24:11.960
Command * READ TEMPERATURE - #146,11*fbaf
 * 17-01-2025 18:24:17.29
CRC-Response  - 146,11,F000,37*65fb * 17-01-2025 18:24:17.141
Command * READ TEMPERATURE - #147,11*07ae
 * 17-01-2025 18:24:22.200
CRC-Response  - 147,11,F000,37*a606 * 17-01-2025 18:24:22.312
Command * READ TEMPERATURE - #148,11*13ad
 * 17-01-2025 18:24:27.381
CRC-Response  - 148,11,F000,36*72d3 * 17-01-2025 18:24:27.498
Command * READ TEMPERATURE - #149,11*efac
 * 17-01-2025 18:24:32.549
CRC-Response  - 149,11,F000,37*71ef * 17-01-2025 18:24:32.667
Command * READ TEMPERATURE - #150,11*b392
 * 17-01-2025 18:24:37.721
CRC-Response  - 150,11,F000,37*ecf1 * 17-01-2025 18:24:37.839
Command * READ TEMPERATURE - #151,11*4f93
 * 17-01-2025 18:24:42.899
CRC-Response  - 151,11,F000,36*efcd * 17-01-2025 18:24:43.11
Command * READ TEMPERATURE - #152,11*0b93
 * 17-01-2025 18:24:48.67
CRC-Response  - 152,11,F000,37*2b08 * 17-01-2025 18:24:48.179
Command * READ TEMPERATURE - #153,11*f792
 * 17-01-2025 18:24:53.234
CRC-Response  - 153,11,F000,37*e8f5 * 17-01-2025 18:24:53.348
Command * READ TEMPERATURE - #154,11*8393
 * 17-01-2025 18:24:58.414
CRC-Response  - 154,11,F000,37*2300 * 17-01-2025 18:24:58.532
Command * READ TEMPERATURE - #155,11*7f92
 * 17-01-2025 18:25:03.585
CRC-Response  - 155,11,F000,37*e0fd * 17-01-2025 18:25:03.700
Command * READ TEMPERATURE - #156,11*3b92
 * 17-01-2025 18:25:08.756
CRC-Response  - 156,11,F000,37*e4f9 * 17-01-2025 18:25:08.866
Command * READ TEMPERATURE - #157,11*c793
 * 17-01-2025 18:25:13.940
CRC-Response  - 157,11,F000,37*2704 * 17-01-2025 18:25:14.60
Command * READ TEMPERATURE - #158,11*d390
 * 17-01-2025 18:25:19.115
CRC-Response  - 158,11,F000,37*3310 * 17-01-2025 18:25:19.232
Command * READ TEMPERATURE - #159,11*2f91
 * 17-01-2025 18:25:24.298
CRC-Response  - 159,11,F000,36*302c * 17-01-2025 18:25:24.417
Command * READ TEMPERATURE - #160,11*b3d6
 * 17-01-2025 18:25:29.471
CRC-Response  - 160,11,F000,37*2ff4 * 17-01-2025 18:25:29.586
Command * READ TEMPERATURE - #161,11*4fd7
 * 17-01-2025 18:25:34.653
CRC-Response  - 161,11,F000,37*ec09 * 17-01-2025 18:25:34.755
Command * READ TEMPERATURE - #162,11*0bd7
 * 17-01-2025 18:25:39.836
CRC-Response  - 162,11,F000,37*e80d * 17-01-2025 18:25:39.948
Command * READ TEMPERATURE - #163,11*f7d6
 * 17-01-2025 18:25:45.15
CRC-Response  - 163,11,F000,38*2fb0 * 17-01-2025 18:25:45.124
Command * READ TEMPERATURE - #164,11*83d7
 * 17-01-2025 18:25:50.181
CRC-Response  - 164,11,F000,37*e005 * 17-01-2025 18:25:50.293
Command * READ TEMPERATURE - #165,11*7fd6
 * 17-01-2025 18:25:55.343
CRC-Response  - 165,11,F000,37*23f8 * 17-01-2025 18:25:55.454
Command * READ TEMPERATURE - #166,11*3bd6
 * 17-01-2025 18:26:00.520
CRC-Response  - 166,11,F000,37*27fc * 17-01-2025 18:26:00.639
Command * READ TEMPERATURE - #167,11*c7d7
 * 17-01-2025 18:26:05.690
CRC-Response  - 167,11,F000,35*2580 * 17-01-2025 18:26:05.804
Command * READ TEMPERATURE - #168,11*d3d4
 * 17-01-2025 18:26:10.864
CRC-Response  - 168,11,F000,37*f015 * 17-01-2025 18:26:10.979
Command * READ TEMPERATURE - #169,11*2fd5
 * 17-01-2025 18:26:16.43
CRC-Response  - 169,11,F000,37*33e8 * 17-01-2025 18:26:16.151
Command * READ TEMPERATURE - #170,11*73eb
 * 17-01-2025 18:26:21.213
CRC-Response  - 170,11,F000,37*aef6 * 17-01-2025 18:26:21.328
Command * READ TEMPERATURE - #171,11*8fea
 * 17-01-2025 18:26:26.392
CRC-Response  - 171,11,F000,37*6d0b * 17-01-2025 18:26:26.509
Command * READ TEMPERATURE - #172,11*cbea
 * 17-01-2025 18:26:31.573
CRC-Response  - 172,11,F000,37*690f * 17-01-2025 18:26:31.689
Command * READ TEMPERATURE - #173,11*37eb
 * 17-01-2025 18:26:36.741
CRC-Response  - 173,11,F000,37*aaf2 * 17-01-2025 18:26:36.852
Command * READ TEMPERATURE - #174,11*43ea
 * 17-01-2025 18:26:41.915
CRC-Response  - 174,11,F000,37*6107 * 17-01-2025 18:26:42.27
Command * READ TEMPERATURE - #175,11*bfeb
 * 17-01-2025 18:26:47.89
CRC-Response  - 175,11,F000,37*a2fa * 17-01-2025 18:26:47.208
Command * READ TEMPERATURE - #176,11*fbeb
 * 17-01-2025 18:26:52.282
CRC-Response  - 176,11,F000,37*a6fe * 17-01-2025 18:26:52.388
Command * READ TEMPERATURE - #177,11*07ea
 * 17-01-2025 18:26:57.437
CRC-Response  - 177,11,F000,37*6503 * 17-01-2025 18:26:57.552
Command * READ TEMPERATURE - #178,11*13e9
 * 17-01-2025 18:27:02.633
CRC-Response  - 178,11,F000,37*7117 * 17-01-2025 18:27:02.741
Command * READ TEMPERATURE - #179,11*efe8
 * 17-01-2025 18:27:07.810
CRC-Response  - 179,11,F000,37*b2ea * 17-01-2025 18:27:07.923
Command * READ TEMPERATURE - #180,11*72bf
 * 17-01-2025 18:27:12.980
CRC-Response  - 180,11,F000,37*a1e2 * 17-01-2025 18:27:13.98
Command * READ TEMPERATURE - #181,11*8ebe
 * 17-01-2025 18:27:18.159
CRC-Response  - 181,11,F000,37*621f * 17-01-2025 18:27:18.276
Command * READ TEMPERATURE - #182,11*cabe
 * 17-01-2025 18:27:23.337
CRC-Response  - 182,11,F000,37*661b * 17-01-2025 18:27:23.453
Command * READ TEMPERATURE - #183,11*36bf
 * 17-01-2025 18:27:28.507
CRC-Response  - 183,11,F000,37*a5e6 * 17-01-2025 18:27:28.731
Command * READ TEMPERATURE - #184,11*42be
 * 17-01-2025 18:27:33.781
CRC-Response  - 184,11,F000,37*6e13 * 17-01-2025 18:27:33.899
Command * READ TEMPERATURE - #185,11*bebf
 * 17-01-2025 18:27:38.967
CRC-Response  - 185,11,F000,37*adee * 17-01-2025 18:27:39.75
Command * READ TEMPERATURE - #186,11*fabf
 * 17-01-2025 18:27:44.130
CRC-Response  - 186,11,F000,37*a9ea * 17-01-2025 18:27:44.245
Command * READ TEMPERATURE - #187,11*06be
 * 17-01-2025 18:27:49.298
CRC-Response  - 187,11,F000,37*6a17 * 17-01-2025 18:27:49.415
Command * READ TEMPERATURE - #188,11*12bd
 * 17-01-2025 18:27:54.475
CRC-Response  - 188,11,F000,37*7e03 * 17-01-2025 18:27:54.584
Command * READ TEMPERATURE - #189,11*eebc
 * 17-01-2025 18:27:59.644
CRC-Response  - 189,11,F000,37*bdfe * 17-01-2025 18:27:59.760
Command * READ TEMPERATURE - #190,11*b282
 * 17-01-2025 18:28:04.822
CRC-Response  - 190,11,F000,37*20e0 * 17-01-2025 18:28:04.998
Command * READ TEMPERATURE - #191,11*4e83
 * 17-01-2025 18:28:10.43
CRC-Response  - 191,11,F000,37*e31d * 17-01-2025 18:28:10.158
Command * HEATER DOOR OPEN - #192,8,1,1*fea1
 * 17-01-2025 18:28:12.986
CRC-Response  - 192,8,I001*9a26 * 17-01-2025 18:28:13.98
CRC-Response  - 192,8,F000*4ee4 * 17-01-2025 18:28:13.438
Rack - R3Protocol Started * 17-01-2025 18:28:14.143
Command * Rack-3 Picked from L3 - #193,2,1,10304,16380,0,0*6beb
 * 17-01-2025 18:28:17.769
CRC-Response  - 193,2,I001,1*a596 * 17-01-2025 18:28:17.882
CRC-Response  - 193,2,F000,1*9ac7 * 17-01-2025 18:28:23.996
Command * Rack-3 Placed in H3 - #194,3,1,2688,16380,0,1*b264
 * 17-01-2025 18:28:27.300
CRC-Response  - 194,3,I001,1*b3e6 * 17-01-2025 18:28:27.407
CRC-Response  - 194,3,F000,1*8cb7 * 17-01-2025 18:28:33.523
Command * HEATER DOOR OPEN - #195,8,1,1*3ed7
 * 17-01-2025 18:28:48.983
CRC-Response  - 195,8,I001*7c67 * 17-01-2025 18:28:49.108
CRC-Response  - 195,8,F000*a8a5 * 17-01-2025 18:28:49.426
Command * Rack-1 Picked from H1 - #197,2,1,2688,1000,0,1*1c14
 * 17-01-2025 18:28:53.867
CRC-Response  - 197,2,I001,1*70d7 * 17-01-2025 18:28:53.984
