Command * DOOR STATUS - #0,9*1dad
 * 24-03-2025 12:05:59.400
Response  - 0,9,F000,11*107c * 24-03-2025 12:05:59.748
Command * Home Command - #1,5,01111111*7a40
 * 24-03-2025 12:06:52.452
Response  - 1,5,I001,01111111*3ee1 * 24-03-2025 12:06:52.659
Response  - 1,5,F000*21fa * 24-03-2025 12:06:52.676
Command * Home Command - #2,5,01111111*7e44
 * 24-03-2025 12:06:59.197
Response  - 2,5,I001,01111111*ce11 * 24-03-2025 12:06:59.356
Response  - 2,5,F000*34ba * 24-03-2025 12:06:59.365
Command * GET HOME STATUS - #3,6*191d
 * 24-03-2025 12:07:07.275
Response  - 3,6,F000,11111111*5987 * 24-03-2025 12:07:07.442
Command * RACK HOLDING STATUS - #4,7*186d
 * 24-03-2025 12:07:12.806
Response  - 4,7,F000,10*80e4 * 24-03-2025 12:07:12.970
Command * POLL COMMAND  - #5,15*a61b
 * 24-03-2025 12:07:38.939
Response  - 5,15,F000,01.00.001*0f68 * 24-03-2025 12:07:39.107
Command * HEATER ON - #6,12,1*6ce6
 * 24-03-2025 12:07:44.975
Response  - 6,12,F000*58c3 * 24-03-2025 12:07:45.136
Command * SET TEMPERATURE - #7,10,36*847d
 * 24-03-2025 12:07:56.853
Response  - 7,10,F000*2acf * 24-03-2025 12:07:57.12
Command * GET TEMPERATURE - #8,11*c918
 * 24-03-2025 12:08:02.237
Response  - 8,11,F000,447*5e45 * 24-03-2025 12:08:02.398
Command * HEATER OFF - #9,12,0*5327
 * 24-03-2025 12:08:27.107
Response  - 9,12,F000*a882 * 24-03-2025 12:08:27.464
Command * HEATER ON - #10,12,1*d2dd
 * 24-03-2025 12:08:29.995
Response  - 10,12,F000*35c3 * 24-03-2025 12:08:30.166
Command * START AGITATION - #11,16,1*c29d
 * 24-03-2025 12:08:38.563
Response  - 11,16,F000*21cf * 24-03-2025 12:08:38.725
Command * STOP AGITATION - #12,16,0*315c
 * 24-03-2025 12:08:44.988
Response  - 12,16,I001*0519 * 24-03-2025 12:08:45.147
Response  - 12,16,F000*d1db * 24-03-2025 12:08:46.283
Command * VALVE STATUS - #13,14*0e83
 * 24-03-2025 12:08:51.318
Response  - 13,14,F000,000000*b30c * 24-03-2025 12:08:51.490
Command * WATER VALVE-3 CONTROL ON - #14,13,3,1*ea99
 * 24-03-2025 12:08:55.140
Response  - 14,13,F000*24f0 * 24-03-2025 12:08:55.301
Command * WATER VALVE-3 CONTROL OFF - #15,13,3,0*e699
 * 24-03-2025 12:08:58.193
Response  - 15,13,F000*b4fd * 24-03-2025 12:08:58.348
Command * WATER VALVE-6 CONTROL ON - #16,13,6,1*3208
 * 24-03-2025 12:08:59.306
Response  - 16,13,F000*44e9 * 24-03-2025 12:08:59.472
Command * WATER VALVE-6 CONTROL OFF - #17,13,6,0*3e08
 * 24-03-2025 12:09:00.276
Response  - 17,13,F000*d4e4 * 24-03-2025 12:09:00.445
Command * RA 1 Movement to J16 - #18,1,1,57494,8590,0*2101
 * 24-03-2025 12:09:12.993
Response  - 18,1,I001,1*5052 * 24-03-2025 12:09:13.153
Response  - 18,1,F000,1*6f03 * 24-03-2025 12:09:14.959
Command Sent SET TEMPERATURE - #0,10,32*870a  * 24-03-2025 12:15:59.355
CRC-Response  - 0,10,F000*1ae9 * 24-03-2025 12:15:59.581
Command Sent HEATER ON - #1,12,1*dbe7  * 24-03-2025 12:16:03.125
CRC-Response  - 1,12,F000*68e5 * 24-03-2025 12:16:03.344
Command Sent HEATER DOOR CLOSE - #2,8,1,0*21eb  * 24-03-2025 12:16:04.17
CRC-Response  - 2,8,I001*fd79 * 24-03-2025 12:16:04.235
CRC-Response  - 2,8,F000*29bb * 24-03-2025 12:16:04.578
Command Sent READ TEMPERATURE - #3,11*ed1a  * 24-03-2025 12:16:04.890
CRC-Response  - 3,11,F000,545*d48f * 24-03-2025 12:16:05.105
Command Sent WATER VALVE - 1 CONTROL OFF - #4,13,1,0*80ea  * 24-03-2025 12:16:15.301
CRC-Response  - 4,13,F000*e9db * 24-03-2025 12:16:15.517
Command Sent WATER VALVE - 2 CONTROL OFF - #5,13,2,0*4cdb  * 24-03-2025 12:16:16.183
CRC-Response  - 5,13,F000*79d6 * 24-03-2025 12:16:16.394
Command Sent WATER VALVE - 3 CONTROL OFF - #6,13,3,0*99ca  * 24-03-2025 12:16:17.65
CRC-Response  - 6,13,F000*89c2 * 24-03-2025 12:16:17.278
Command Sent WATER VALVE - 4 CONTROL OFF - #7,13,4,0*94ba  * 24-03-2025 12:16:17.958
CRC-Response  - 7,13,F000*19cf * 24-03-2025 12:16:18.174
Command Sent WATER VALVE - 5 CONTROL OFF - #8,13,5,0*14ab  * 24-03-2025 12:16:18.837
CRC-Response  - 8,13,F000*e98e * 24-03-2025 12:16:19.56
Command Sent WATER VALVE - 6 CONTROL OFF - #9,13,6,0*d89a  * 24-03-2025 12:16:19.720
CRC-Response  - 9,13,F000*7983 * 24-03-2025 12:16:19.937
Command Sent HEATER OFF - #10,12,0*121c  * 24-03-2025 12:16:20.605
CRC-Response  - 10,12,F000*35c3 * 24-03-2025 12:16:20.820
Command Sent Home Command - #11,5,01111111*e264  * 24-03-2025 12:16:21.484
CRC-Response  - 11,5,I001,01111111*59be * 24-03-2025 12:16:21.702
CRC-Response  - 11,5,F000*4be9 * 24-03-2025 12:16:21.706
Command Sent Home Command - #12,5,01111111*e660  * 24-03-2025 12:16:24.355
CRC-Response  - 12,5,I001,01111111*a94e * 24-03-2025 12:16:24.570
CRC-Response  - 12,5,F000*5ea9 * 24-03-2025 12:16:24.573
Command Sent Level Sensing For L1 - #13,4,17564,16380,0,0*94b5  * 24-03-2025 12:16:26.267
CRC-Response  - 13,4,I001*97ab * 24-03-2025 12:16:26.479
CRC-Response  - 13,4,F000,983*0067 * 24-03-2025 12:16:34.769
L1 Value - 200 * 24-03-2025 12:16:34.795
Command Sent Level Sensing For L2 - #14,4,13934,16380,0,0*e418  * 24-03-2025 12:16:35.204
CRC-Response  - 14,4,I001*71ea * 24-03-2025 12:16:35.419
CRC-Response  - 14,4,F000,939*fc15 * 24-03-2025 12:16:37.708
L2 Value - 200 * 24-03-2025 12:16:37.727
Command Sent Level Sensing For L3 - #15,4,10304,16380,0,0*153a  * 24-03-2025 12:16:38.112
CRC-Response  - 15,4,I001*bd2b * 24-03-2025 12:16:38.325
CRC-Response  - 15,4,F000,938*ff29 * 24-03-2025 12:16:40.602
L3 Value - 200 * 24-03-2025 12:16:40.622
Command Sent Home Command - #16,5,01111111*2991  * 24-03-2025 12:16:40.995
CRC-Response  - 16,5,I001,01111111*680c * 24-03-2025 12:16:41.211
CRC-Response  - 16,5,F000*ada8 * 24-03-2025 12:16:41.214
Command Sent Home Command - #17,5,01111111*ea6c  * 24-03-2025 12:16:42.887
CRC-Response  - 17,5,I001,01111111*f85d * 24-03-2025 12:16:43.101
CRC-Response  - 17,5,F000*6169 * 24-03-2025 12:16:43.104
Rack - 1Protocol Started * 24-03-2025 12:16:44.376
Command Sent Rack-1 Picked from L1 - #18,2,1,17564,16380,0,0*c654  * 24-03-2025 12:16:44.561
CRC-Response  - 18,2,I001,1*4512 * 24-03-2025 12:16:44.776
CRC-Response  - 18,2,F000,1*7a43 * 24-03-2025 12:16:55.402
RA Picked Rack From L1 * 24-03-2025 12:16:55.404
Command Sent Rack-1 Placed in H1 - #19,3,1,2688,1000,0,1*0ed4  * 24-03-2025 12:16:56.8
CRC-Response  - 19,3,I001,1*4c82 * 24-03-2025 12:16:56.220
CRC-Response  - 19,3,F000,1*73d3 * 24-03-2025 12:17:03.98
RA Placed Rack in H1 * 24-03-2025 12:17:03.102
Command Sent HEATER ON - #20,12,1*d2ee  * 24-03-2025 12:17:03.461
CRC-Response  - 20,12,F000*3a33 * 24-03-2025 12:17:03.676
Command Sent HEATER DOOR CLOSE - #21,8,1,0*e701  * 24-03-2025 12:17:04.383
CRC-Response  - 21,8,I001*723e * 24-03-2025 12:17:04.593
CRC-Response  - 21,8,F000*a6fc * 24-03-2025 12:17:04.937
Command Sent READ TEMPERATURE - #22,11*f106  * 24-03-2025 12:17:05.249
CRC-Response  - 22,11,F000,-273*1a6b * 24-03-2025 12:17:05.461
Command Sent READ TEMPERATURE - #23,11*0d07  * 24-03-2025 12:17:15.619
CRC-Response  - 23,11,F000,-273*db6b * 24-03-2025 12:17:15.832
Command Sent READ TEMPERATURE - #24,11*7906  * 24-03-2025 12:17:25.991
CRC-Response  - 24,11,F000,447*8acf * 24-03-2025 12:17:26.207
Command Sent READ TEMPERATURE - #25,11*8507  * 24-03-2025 12:17:35.348
CRC-Response  - 25,11,F000,545*0a1d * 24-03-2025 12:17:35.559
Command Sent READ TEMPERATURE - #26,11*c107  * 24-03-2025 12:17:36.369
CRC-Response  - 26,11,F000,-273*de6e * 24-03-2025 12:17:36.584
Command Sent READ TEMPERATURE - #27,11*3d06  * 24-03-2025 12:17:46.743
CRC-Response  - 27,11,F000,545*481a * 24-03-2025 12:17:46.957
Command Sent READ TEMPERATURE - #28,11*2905  * 24-03-2025 12:17:57.125
CRC-Response  - 28,11,F000,447*46de * 24-03-2025 12:17:57.367
Command Sent READ TEMPERATURE - #29,11*d504  * 24-03-2025 12:18:07.530
CRC-Response  - 29,11,F000,545*c60c * 24-03-2025 12:18:07.740
Command Sent READ TEMPERATURE - #30,11*893a  * 24-03-2025 12:18:17.912
CRC-Response  - 30,11,F000,545*ce11 * 24-03-2025 12:18:18.126
Command Sent READ TEMPERATURE - #31,11*753b  * 24-03-2025 12:18:28.287
CRC-Response  - 31,11,F000,447*4ec3 * 24-03-2025 12:18:28.500
Command Sent READ TEMPERATURE - #32,11*313b  * 24-03-2025 12:18:38.661
CRC-Response  - 32,11,F000,545*8c16 * 24-03-2025 12:18:38.877
Command Sent READ TEMPERATURE - #33,11*cd3a  * 24-03-2025 12:18:49.33
CRC-Response  - 33,11,F000,545*0d14 * 24-03-2025 12:18:49.250
Command Sent READ TEMPERATURE - #34,11*b93b  * 24-03-2025 12:18:59.404
CRC-Response  - 34,11,F000,-273*1cac * 24-03-2025 12:18:59.617
Command Sent READ TEMPERATURE - #35,11*453a  * 24-03-2025 12:19:09.820
CRC-Response  - 35,11,F000,545*cb1d * 24-03-2025 12:19:10.135
Command Sent READ TEMPERATURE - #36,11*013a  * 24-03-2025 12:19:20.289
CRC-Response  - 36,11,F000,545*0818 * 24-03-2025 12:19:20.503
Command Sent READ TEMPERATURE - #37,11*fd3b  * 24-03-2025 12:19:30.672
CRC-Response  - 37,11,F000,545*891a * 24-03-2025 12:19:30.885
Command Sent READ TEMPERATURE - #38,11*e938  * 24-03-2025 12:19:41.49
CRC-Response  - 38,11,F000,545*860e * 24-03-2025 12:19:41.258
Command Sent READ TEMPERATURE - #39,11*1539  * 24-03-2025 12:19:51.426
CRC-Response  - 39,11,F000,447*06dc * 24-03-2025 12:19:51.636
Command Sent READ TEMPERATURE - #40,11*498f  * 24-03-2025 12:20:01.791
CRC-Response  - 40,11,F000,545*0917 * 24-03-2025 12:20:02.5
Command Sent READ TEMPERATURE - #41,11*b58e  * 24-03-2025 12:20:12.176
CRC-Response  - 41,11,F000,545*8815 * 24-03-2025 12:20:12.389
Command Sent READ TEMPERATURE - #42,11*f18e  * 24-03-2025 12:20:22.543
CRC-Response  - 42,11,F000,545*4b10 * 24-03-2025 12:20:22.784
Command Sent READ TEMPERATURE - #43,11*0d8f  * 24-03-2025 12:20:32.986
CRC-Response  - 43,11,F000,545*ca12 * 24-03-2025 12:20:33.194
Command Sent READ TEMPERATURE - #44,11*798e  * 24-03-2025 12:20:43.374
CRC-Response  - 44,11,F000,545*8d19 * 24-03-2025 12:20:43.588
Command Sent READ TEMPERATURE - #45,11*858f  * 24-03-2025 12:20:53.762
CRC-Response  - 45,11,F000,545*0c1b * 24-03-2025 12:20:53.975
Command Sent READ TEMPERATURE - #46,11*c18f  * 24-03-2025 12:21:04.166
CRC-Response  - 46,11,F000,-273*dce8 * 24-03-2025 12:21:04.374
Command Sent READ TEMPERATURE - #47,11*3d8e  * 24-03-2025 12:21:14.527
CRC-Response  - 47,11,F000,545*4e1c * 24-03-2025 12:21:14.743
Command Sent READ TEMPERATURE - #48,11*298d  * 24-03-2025 12:21:24.907
CRC-Response  - 48,11,F000,545*4108 * 24-03-2025 12:21:25.123
Command Sent READ TEMPERATURE - #49,11*d58c  * 24-03-2025 12:21:35.305
CRC-Response  - 49,11,F000,545*c00a * 24-03-2025 12:21:35.514
Command Sent HEATER OFF - #50,12,0*d259  * 24-03-2025 12:21:44.342
CRC-Response  - 50,12,F000*e082 * 24-03-2025 12:21:44.555
Command Sent HEATER DOOR OPEN - #51,8,1,1*c181  * 24-03-2025 12:22:04.426
CRC-Response  - 51,8,I001*4218 * 24-03-2025 12:22:04.638
CRC-Response  - 51,8,F000*96da * 24-03-2025 12:22:04.978
Command Sent Rack-1 Picked from H1 - #52,2,1,2688,1000,0,1*3fd2  * 24-03-2025 12:22:05.292
CRC-Response  - 52,2,I001,1*5527 * 24-03-2025 12:22:05.503
CRC-Response  - 52,2,F000,1*6a76 * 24-03-2025 12:22:10.610
RA Picked Rack From H1 * 24-03-2025 12:22:10.615
Command Sent HEATER DOOR CLOSE - #53,8,1,0*c163  * 24-03-2025 12:22:11.211
CRC-Response  - 53,8,I001*9b99 * 24-03-2025 12:22:11.424
CRC-Response  - 53,8,F000*4f5b * 24-03-2025 12:22:11.770
Command Sent Rack-1 Placed in J1 - #54,3,1,10304,800,0,0*b780  * 24-03-2025 12:22:12.67
CRC-Response  - 54,3,I001,1*8606 * 24-03-2025 12:22:12.282
CRC-Response  - 54,3,F000,1*b957 * 24-03-2025 12:22:18.348
RA Placed Rack in J1 * 24-03-2025 12:22:18.353
Command Sent HEATER ON - #55,12,1*4798  * 24-03-2025 12:22:19.1
CRC-Response  - 55,12,F000*b0bd * 24-03-2025 12:22:19.212
Command Sent HEATER OFF - #56,12,0*b459  * 24-03-2025 12:22:34.835
CRC-Response  - 56,12,F000*40a9 * 24-03-2025 12:22:35.49
Command Sent HEATER DOOR OPEN - #57,8,1,1*c1e7  * 24-03-2025 12:22:35.717
CRC-Response  - 57,8,I001*6898 * 24-03-2025 12:22:35.934
CRC-Response  - 57,8,F000*bc5a * 24-03-2025 12:22:36.273
Rack - 2Protocol Started * 24-03-2025 12:22:36.450
Command Sent Rack-2 Picked from L2 - #58,2,1,13934,16380,0,0*3109  * 24-03-2025 12:22:36.647
CRC-Response  - 58,2,I001,1*7507 * 24-03-2025 12:22:36.860
CRC-Response  - 58,2,F000,1*4a56 * 24-03-2025 12:22:43.267
RA Picked Rack From L2 * 24-03-2025 12:22:43.272
Command Sent Rack-2 Placed in H1 - #59,3,1,2688,1000,0,1*8a25  * 24-03-2025 12:22:43.595
CRC-Response  - 59,3,I001,1*7c97 * 24-03-2025 12:22:43.805
CRC-Response  - 59,3,F000,1*43c6 * 24-03-2025 12:22:50.287
RA Placed Rack in H1 * 24-03-2025 12:22:50.291
Command Sent HEATER ON - #60,12,1*12ab  * 24-03-2025 12:22:50.534
CRC-Response  - 60,12,F000*ef72 * 24-03-2025 12:22:50.751
Command Sent HEATER DOOR CLOSE - #61,8,1,0*1400  * 24-03-2025 12:22:51.437
CRC-Response  - 61,8,I001*b20c * 24-03-2025 12:22:51.647
CRC-Response  - 61,8,F000*66ce * 24-03-2025 12:22:51.987
Command Sent READ TEMPERATURE - #62,11*31f7  * 24-03-2025 12:22:52.312
CRC-Response  - 62,11,F000,545*8913 * 24-03-2025 12:22:52.527
Command Sent READ TEMPERATURE - #63,11*cdf6  * 24-03-2025 12:23:02.703
CRC-Response  - 63,11,F000,545*0811 * 24-03-2025 12:23:02.914
Command Sent READ TEMPERATURE - #64,11*b9f7  * 24-03-2025 12:23:13.98
CRC-Response  - 64,11,F000,545*4f1a * 24-03-2025 12:23:13.320
Command Sent READ TEMPERATURE - #65,11*45f6  * 24-03-2025 12:23:22.160
CRC-Response  - 65,11,F000,545*ce18 * 24-03-2025 12:23:22.364
Command Sent READ TEMPERATURE - #66,11*01f6  * 24-03-2025 12:23:23.496
CRC-Response  - 66,11,F000,545*0d1d * 24-03-2025 12:23:23.704
Command Sent READ TEMPERATURE - #67,11*fdf7  * 24-03-2025 12:23:33.861
CRC-Response  - 67,11,F000,545*8c1f * 24-03-2025 12:23:34.75
Command Sent READ TEMPERATURE - #68,11*e9f4  * 24-03-2025 12:23:44.235
CRC-Response  - 68,11,F000,545*830b * 24-03-2025 12:23:44.552
Command Sent READ TEMPERATURE - #69,11*15f5  * 24-03-2025 12:23:54.734
CRC-Response  - 69,11,F000,545*0209 * 24-03-2025 12:23:54.942
Command Sent HEATER OFF - #70,12,0*127a  * 24-03-2025 12:23:59.334
CRC-Response  - 70,12,F000*2a23 * 24-03-2025 12:23:59.550
Command Sent Rack-1 Picked from J1 - #71,2,1,10304,800,0,0*0964  * 24-03-2025 12:24:19.394
CRC-Response  - 71,2,I001,1*e2dc * 24-03-2025 12:24:19.605
CRC-Response  - 71,2,F000,1*dd8d * 24-03-2025 12:24:25.660
RA Picked Rack From J1 * 24-03-2025 12:24:25.664
Command Sent Rack-1 Placed in J2 - #72,3,1,13934,800 ,0,0*38d1  * 24-03-2025 12:24:26.341
CRC-Response  - 72,3,I001,1*21ed * 24-03-2025 12:24:26.635
CRC-Response  - 72,3,F000,1*1ebc * 24-03-2025 12:24:32.247
RA Placed Rack in J2 * 24-03-2025 12:24:32.251
Command Sent HEATER ON - #73,12,1*e1bb  * 24-03-2025 12:24:32.823
CRC-Response  - 73,12,F000*da37 * 24-03-2025 12:24:33.30
Command Sent READ TEMPERATURE - #74,11*79ca  * 24-03-2025 12:25:03.716
CRC-Response  - 74,11,F000,545*8e1a * 24-03-2025 12:25:03.930
Command Sent READ TEMPERATURE - #75,11*85cb  * 24-03-2025 12:25:14.100
CRC-Response  - 75,11,F000,545*0f18 * 24-03-2025 12:25:14.311
Command Sent READ TEMPERATURE - #76,11*c1cb  * 24-03-2025 12:25:24.460
CRC-Response  - 76,11,F000,545*cc1d * 24-03-2025 12:25:24.674
Command Sent READ TEMPERATURE - #77,11*3dca  * 24-03-2025 12:25:34.836
CRC-Response  - 77,11,F000,-273*1cab * 24-03-2025 12:25:35.50
Command Sent READ TEMPERATURE - #78,11*29c9  * 24-03-2025 12:25:45.236
CRC-Response  - 78,11,F000,447*43db * 24-03-2025 12:25:45.448
Command Sent READ TEMPERATURE - #79,11*d5c8  * 24-03-2025 12:25:55.605
CRC-Response  - 79,11,F000,545*c309 * 24-03-2025 12:25:55.818
Command Sent READ TEMPERATURE - #80,11*489f  * 24-03-2025 12:26:05.972
CRC-Response  - 80,11,F000,545*051b * 24-03-2025 12:26:06.188
Command Sent HEATER OFF - #81,12,0*c384  * 24-03-2025 12:26:13.191
CRC-Response  - 81,12,F000*8a1e * 24-03-2025 12:26:13.398
Command Sent Rack-1 Picked from J2 - #82,2,1,13934,800 ,0,0*3b7f  * 24-03-2025 12:26:33.269
CRC-Response  - 82,2,I001,1*f91c * 24-03-2025 12:26:33.483
CRC-Response  - 82,2,F000,1*c64d * 24-03-2025 12:26:38.577
RA Picked Rack From J2 * 24-03-2025 12:26:38.581
Command Sent Rack-1 Placed in J4 - #83,3,1,21194,800 ,0,0*50d7  * 24-03-2025 12:26:39.196
CRC-Response  - 83,3,I001,1*f08c * 24-03-2025 12:26:39.411
CRC-Response  - 83,3,F000,1*cfdd * 24-03-2025 12:26:45.424
RA Placed Rack in J4 * 24-03-2025 12:26:45.428
Command Sent HEATER ON - #84,12,1*5645  * 24-03-2025 12:26:45.657
CRC-Response  - 84,12,F000*da21 * 24-03-2025 12:26:45.871
User Aborted / Stopped the application forcefully  * 24-03-2025 12:26:53.786
Command Sent HEATER OFF - #85,12,0*4785  * 24-03-2025 12:26:57.40
CRC-Response  - 85,12,F000*4a2c * 24-03-2025 12:26:57.247
Command Sent WATER VALVE - 1 CONTROL OFF - #86,13,1,0*6312  * 24-03-2025 12:26:58.226
CRC-Response  - 86,13,F000*6b39 * 24-03-2025 12:26:58.443
Command Sent WATER VALVE - 2 CONTROL OFF - #87,13,2,0*af23  * 24-03-2025 12:26:58.617
CRC-Response  - 87,13,F000*fb34 * 24-03-2025 12:26:58.830
Command Sent WATER VALVE - 3 CONTROL OFF - #88,13,3,0*2f32  * 24-03-2025 12:26:59.496
CRC-Response  - 88,13,F000*0b75 * 24-03-2025 12:26:59.714
Command Sent WATER VALVE - 4 CONTROL OFF - #89,13,4,0*2242  * 24-03-2025 12:27:00.376
CRC-Response  - 89,13,F000*9b78 * 24-03-2025 12:27:00.592
Command Sent WATER VALVE - 5 CONTROL OFF - #90,13,5,0*18de  * 24-03-2025 12:27:01.247
CRC-Response  - 90,13,F000*0e43 * 24-03-2025 12:27:01.466
Command Sent WATER VALVE - 6 CONTROL OFF - #91,13,6,0*d4ef  * 24-03-2025 12:27:02.129
CRC-Response  - 91,13,F000*9e4e * 24-03-2025 12:27:02.345
Command * DOOR STATUS - #92,9*a571
 * 24-03-2025 12:27:13.891
Response  - 92,9,F000,11*1249 * 24-03-2025 12:27:14.55
Command * Home Command - #93,5,01111111*6d82
 * 24-03-2025 12:27:17.550
Response  - 93,5,I001,01111111*5b9d * 24-03-2025 12:27:17.708
Response  - 93,5,F000*520f * 24-03-2025 12:27:17.719
Command * Home Command - #94,5,01111111*a677
 * 24-03-2025 12:27:20.421
Response  - 94,5,I001,01111111*6a2f * 24-03-2025 12:27:20.580
Response  - 94,5,F000*b44e * 24-03-2025 12:27:20.590
Command * RACK HOLDING STATUS - #95,7*a041
 * 24-03-2025 12:27:23.557
Response  - 95,7,F000,10*c6de * 24-03-2025 12:27:23.724
