Command * RACK HOLDING STATUS - #0,7*d92c
 * 12-12-2023 14:23:03.526
Device Intialization started * 12-12-2023 14:23:09.754
Command * Home Command - #1,5,11111111*b681
 * 12-12-2023 14:23:09.756
Command * RACK HOLDING STATUS - #2,7*198d
 * 12-12-2023 14:23:50.49
Response  - 2,7,F000,01*583a * 12-12-2023 14:23:50.313
Command * DOOR STATUS - #3,9*1d5d
 * 12-12-2023 14:25:19.414
Response  - 3,9,F000,11*5473 * 12-12-2023 14:25:19.657
Command * Home Command - #4,5,11111111*ba8d
 * 12-12-2023 14:25:25.581
Response  - 4,5,I001,11111111*a333 * 12-12-2023 14:25:25.756
Response  - 4,5,F000*1e3a * 12-12-2023 14:25:35.432
Command * CLOSE HEATER DOOR - #5,8,1,0*e19d
 * 12-12-2023 14:25:37.964
Response  - 5,8,I001*1b38 * 12-12-2023 14:25:38.125
Response  - 5,8,F000*cffa * 12-12-2023 14:25:38.466
Command * OPEN HEATER DOOR - #6,8,1,1*216f
 * 12-12-2023 14:25:39.731
Response  - 6,8,I001*0e78 * 12-12-2023 14:25:39.897
Response  - 6,8,F000*daba * 12-12-2023 14:25:40.237
Command * HEATER ON - #7,12,1*bde7
 * 12-12-2023 14:25:41.462
Response  - 7,12,F000*c8ce * 12-12-2023 14:25:41.621
Command * HEATER OFF - #8,12,0*8226
 * 12-12-2023 14:25:45.271
Response  - 8,12,F000*388f * 12-12-2023 14:25:45.439
Command * RACK HOLDING STATUS - #9,7*dbfc
 * 12-12-2023 14:26:07.415
Response  - 9,7,F000,01*7c1f * 12-12-2023 14:26:07.623
Command * RACK HOLDING STATUS - #0,7*d92c
 * 12-12-2023 14:27:05.343
Response  - 0,7,F000,01*e031 * 12-12-2023 14:27:05.537
Command * RACK HOLDING STATUS - #1,7*197d
 * 12-12-2023 14:27:43.794
Response  - 1,7,F000,01*1c35 * 12-12-2023 14:27:44.91
Command * Home Command - #0,5,11111111*757c
 * 12-12-2023 14:28:03.483
Response  - 0,5,I001,11111111*6271 * 12-12-2023 14:28:03.652
Response  - 0,5,F000*ed3b * 12-12-2023 14:28:03.655
Command * Home Command - #1,5,11111111*b681
 * 12-12-2023 14:28:09.168
Response  - 1,5,I001,11111111*f220 * 12-12-2023 14:28:09.325
Response  - 1,5,F000*21fa * 12-12-2023 14:28:09.328
Response  - 0,16,F000*7ce9 * 12-12-2023 14:28:09.349
Command * Level Sensing For H1 - #2,4,2688,1000,0,1*d334
 * 12-12-2023 14:28:14.738
Response  - 2,4,I001*3179 * 12-12-2023 14:28:14.898
Response  - 2,4,F000,3352*1f2b * 12-12-2023 14:28:25.78
H1 Value - 3352 * 12-12-2023 14:28:25.105
Command * Level Sensing For H2 - #3,4,2688,8700,0,1*e9d3
 * 12-12-2023 14:28:25.307
Response  - 3,4,I001*fdb8 * 12-12-2023 14:28:25.474
Response  - 3,4,F000,3338*39aa * 12-12-2023 14:28:27.949
H2 Value - 3338 * 12-12-2023 14:28:27.964
Command * Level Sensing For H3 - #4,4,2688,16380,0,1*2c5f
 * 12-12-2023 14:28:28.376
Response  - 4,4,I001*1bf9 * 12-12-2023 14:28:28.545
Response  - 4,4,F000,3340*88a2 * 12-12-2023 14:28:31.6
H3 Value - 3340 * 12-12-2023 14:28:31.24
Command * Level Sensing For L1 - #5,4,17564,16380,0,0*0645
 * 12-12-2023 14:28:31.430
Response  - 5,4,I001*d738 * 12-12-2023 14:28:31.599
Response  - 5,4,F000,249*55bf * 12-12-2023 14:28:35.195
L1 Value - 249 * 12-12-2023 14:28:35.209
Command * Level Sensing For L2 - #6,4,13934,16380,0,0*4619
 * 12-12-2023 14:28:35.492
Response  - 6,4,I001*c278 * 12-12-2023 14:28:35.664
Response  - 6,4,F000,250*c77a * 12-12-2023 14:28:37.970
L2 Value - 250 * 12-12-2023 14:28:37.981
Command * Level Sensing For L3 - #7,4,10304,16380,0,0*b73b
 * 12-12-2023 14:28:38.49
Response  - 7,4,I001*0eb9 * 12-12-2023 14:28:38.216
Response  - 7,4,F000,262*3506 * 12-12-2023 14:28:40.517
L3 Value - 262 * 12-12-2023 14:28:40.534
Command * Both Y & Z Axis Home Command - #8,5,00110110*9a8c
 * 12-12-2023 14:28:40.599
Response  - 8,5,I001,00110110*90e7 * 12-12-2023 14:28:40.764
Response  - 8,5,F000*4b3a * 12-12-2023 14:28:43.827
Command * Both Y & Z Axis Home Command - #9,5,00110110*5971
 * 12-12-2023 14:28:48.175
Response  - 9,5,I001,00110110*00b6 * 12-12-2023 14:28:48.341
Response  - 9,5,F000*87fb * 12-12-2023 14:28:48.347
Command * L1 - Picked - #10,2,1,17564,16380,0,0*8edd
 * 12-12-2023 14:28:53.736
Response  - 10,2,I001,1*af93 * 12-12-2023 14:28:53.895
Response  - 10,2,F000,1*90c2 * 12-12-2023 14:29:00.457
Command * H1 - Placed - #11,3,1,2688,1000,0,1*6f36
 * 12-12-2023 14:29:00.818
Response  - 11,3,I001,1*a603 * 12-12-2023 14:29:00.989
Response  - 11,3,F000,1*9952 * 12-12-2023 14:29:07.969
Command * L2 - Picked - #12,2,1,13934,16380,0,0*68e6
 * 12-12-2023 14:29:08.411
Response  - 12,2,I001,1*6532 * 12-12-2023 14:29:08.578
Response  - 12,2,F000,1*5a63 * 12-12-2023 14:29:15.132
Command * H2 - Placed - #13,3,1,2688,8700,0,1*7df9
 * 12-12-2023 14:29:15.499
Response  - 13,3,I001,1*6ca2 * 12-12-2023 14:29:15.659
Response  - 13,3,F000,1*53f3 * 12-12-2023 14:29:22.224
Command * L3 - Picked - #14,2,1,10304,16380,0,0*039f
 * 12-12-2023 14:29:22.559
Response  - 14,2,I001,1*7ad2 * 12-12-2023 14:29:22.720
Response  - 14,2,F000,1*4583 * 12-12-2023 14:29:28.876
Command * H3 - Placed - #15,3,1,2688,16380,0,1*e073
 * 12-12-2023 14:29:29.145
Response  - 15,3,I001,1*7342 * 12-12-2023 14:29:29.312
Response  - 15,3,F000,1*4c13 * 12-12-2023 14:29:35.456
Racks Loaded to Heater * 12-12-2023 14:29:35.723
Command * HEATER DOOR CLOSE - #16,8,1,0*3237
 * 12-12-2023 14:29:35.728
Response  - 16,8,I001*646b * 12-12-2023 14:29:35.890
Response  - 16,8,F000*b0a9 * 12-12-2023 14:29:36.232
Command * HEATER ON - #17,12,1*65dc
 * 12-12-2023 14:29:36.297
Command * SET TEMPERATURE - #18,10,72*5418
 * 12-12-2023 14:29:36.361
Response  - 18,10,F000*17a5 * 12-12-2023 14:29:36.464
Command * READ TEMPERATURE - #19,11*d540
 * 12-12-2023 14:29:36.477
Response  - 19,11,F000,27*ff7a * 12-12-2023 14:29:36.634
Command * READ TEMPERATURE - #20,11*4907
 * 12-12-2023 14:29:41.541
Response  - 20,11,F000,28*2423 * 12-12-2023 14:29:41.699
Command * READ TEMPERATURE - #21,11*b506
 * 12-12-2023 14:29:46.601
Response  - 21,11,F000,28*e7de * 12-12-2023 14:29:46.768
Command * READ TEMPERATURE - #22,11*f106
 * 12-12-2023 14:29:51.665
Response  - 22,11,F000,28*e3da * 12-12-2023 14:29:51.831
Command * READ TEMPERATURE - #23,11*0d07
 * 12-12-2023 14:29:56.730
Response  - 23,11,F000,29*e0e6 * 12-12-2023 14:29:56.898
Command * READ TEMPERATURE - #24,11*7906
 * 12-12-2023 14:30:01.789
Response  - 24,11,F000,30*bdd2 * 12-12-2023 14:30:01.949
Command * READ TEMPERATURE - #25,11*8507
 * 12-12-2023 14:30:06.857
Response  - 25,11,F000,30*7e2f * 12-12-2023 14:30:07.23
Command * READ TEMPERATURE - #26,11*c107
 * 12-12-2023 14:30:11.920
Response  - 26,11,F000,32*bbaa * 12-12-2023 14:30:12.86
Command * READ TEMPERATURE - #27,11*3d06
 * 12-12-2023 14:30:16.980
Response  - 27,11,F000,32*7857 * 12-12-2023 14:30:17.150
Command * READ TEMPERATURE - #28,11*2905
 * 12-12-2023 14:30:22.41
Response  - 28,11,F000,33*ac82 * 12-12-2023 14:30:22.208
Command * READ TEMPERATURE - #29,11*d504
 * 12-12-2023 14:30:27.116
Response  - 29,11,F000,35*6dff * 12-12-2023 14:30:27.273
Command * READ TEMPERATURE - #30,11*893a
 * 12-12-2023 14:30:32.175
Response  - 30,11,F000,35*f0e1 * 12-12-2023 14:30:32.344
Command * READ TEMPERATURE - #31,11*753b
 * 12-12-2023 14:30:37.233
Response  - 31,11,F000,37*f29d * 12-12-2023 14:30:37.402
Command * READ TEMPERATURE - #32,11*313b
 * 12-12-2023 14:30:42.292
Response  - 32,11,F000,37*f699 * 12-12-2023 14:30:42.455
Command * READ TEMPERATURE - #33,11*cd3a
 * 12-12-2023 14:30:47.352
Response  - 33,11,F000,39*f1e5 * 12-12-2023 14:30:47.513
Command * READ TEMPERATURE - #34,11*b93b
 * 12-12-2023 14:30:52.449
Response  - 34,11,F000,39*3a10 * 12-12-2023 14:30:52.617
Command * READ TEMPERATURE - #35,11*453a
 * 12-12-2023 14:30:57.516
Response  - 35,11,F000,42*0eae * 12-12-2023 14:30:57.685
Command * READ TEMPERATURE - #36,11*013a
 * 12-12-2023 14:31:02.574
Response  - 36,11,F000,42*0aaa * 12-12-2023 14:31:02.739
Command * READ TEMPERATURE - #37,11*fd3b
 * 12-12-2023 14:31:07.629
Response  - 37,11,F000,43*0996 * 12-12-2023 14:31:07.798
Command * READ TEMPERATURE - #38,11*e938
 * 12-12-2023 14:31:12.685
Response  - 38,11,F000,43*1d82 * 12-12-2023 14:31:12.852
Command * READ TEMPERATURE - #39,11*1539
 * 12-12-2023 14:31:17.900
Response  - 39,11,F000,45*dcff * 12-12-2023 14:31:27.822
Command * READ TEMPERATURE - #40,11*498f
 * 12-12-2023 14:31:31.885
Response  - 40,11,F000,47*4669 * 12-12-2023 14:31:37.78
Command * READ TEMPERATURE - #41,11*b58e
 * 12-12-2023 14:31:41.954
Response  - 41,11,F000,49*4115 * 12-12-2023 14:31:42.123
Command * READ TEMPERATURE - #42,11*f18e
 * 12-12-2023 14:31:47.16
Response  - 42,11,F000,50*d3d0 * 12-12-2023 14:31:47.183
Command * READ TEMPERATURE - #43,11*0d8f
 * 12-12-2023 14:31:52.79
Response  - 43,11,F000,51*d0ec * 12-12-2023 14:31:52.251
Command * READ TEMPERATURE - #44,11*798e
 * 12-12-2023 14:31:57.134
Response  - 44,11,F000,52*1a59 * 12-12-2023 14:31:57.298
Command * READ TEMPERATURE - #45,11*858f
 * 12-12-2023 14:32:02.201
Response  - 45,11,F000,52*d9a4 * 12-12-2023 14:32:02.368
Command * READ TEMPERATURE - #46,11*c18f
 * 12-12-2023 14:32:07.277
Response  - 46,11,F000,53*1d61 * 12-12-2023 14:32:07.478
Command * READ TEMPERATURE - #47,11*3d8e
 * 12-12-2023 14:32:12.349
Response  - 47,11,F000,54*1cdd * 12-12-2023 14:32:12.511
Command * READ TEMPERATURE - #48,11*298d
 * 12-12-2023 14:32:17.424
Response  - 48,11,F000,55*c808 * 12-12-2023 14:32:17.591
Command * READ TEMPERATURE - #49,11*d58c
 * 12-12-2023 14:32:22.475
Response  - 49,11,F000,55*0bf5 * 12-12-2023 14:32:22.632
Command * READ TEMPERATURE - #50,11*89b2
 * 12-12-2023 14:32:27.540
Response  - 50,11,F000,57*576a * 12-12-2023 14:32:27.709
Command * READ TEMPERATURE - #51,11*75b3
 * 12-12-2023 14:32:45.439
Response  - 51,11,F000,59*5016 * 12-12-2023 14:32:50.656
Command * READ TEMPERATURE - #52,11*31b3
 * 12-12-2023 14:32:55.502
Response  - 52,11,F000,60*a2d2 * 12-12-2023 14:32:55.669
Command * READ TEMPERATURE - #53,11*cdb2
 * 12-12-2023 14:33:00.583
Response  - 53,11,F000,61*a1ee * 12-12-2023 14:33:00.750
Command * READ TEMPERATURE - #54,11*b9b3
 * 12-12-2023 14:33:05.635
Response  - 54,11,F000,62*6b5b * 12-12-2023 14:33:05.802
Command * READ TEMPERATURE - #55,11*45b2
 * 12-12-2023 14:33:10.703
Response  - 55,11,F000,63*6867 * 12-12-2023 14:33:10.870
Command * READ TEMPERATURE - #56,11*01b2
 * 12-12-2023 14:33:15.804
Response  - 56,11,F000,62*aca2 * 12-12-2023 14:33:15.963
Command * READ TEMPERATURE - #57,11*fdb3
 * 12-12-2023 14:33:20.909
Response  - 57,11,F000,63*af9e * 12-12-2023 14:33:21.72
Command * READ TEMPERATURE - #58,11*e9b0
 * 12-12-2023 14:33:25.972
Response  - 58,11,F000,64*79cb * 12-12-2023 14:33:26.139
Command * READ TEMPERATURE - #59,11*15b1
 * 12-12-2023 14:33:31.30
Response  - 59,11,F000,64*ba36 * 12-12-2023 14:33:31.200
Command * READ TEMPERATURE - #60,11*89f6
 * 12-12-2023 14:33:36.94
Response  - 60,11,F000,64*652f * 12-12-2023 14:33:36.262
Command * READ TEMPERATURE - #61,11*75f7
 * 12-12-2023 14:33:41.147
Response  - 61,11,F000,65*6613 * 12-12-2023 14:33:41.316
Command * READ TEMPERATURE - #62,11*31f7
 * 12-12-2023 14:33:46.219
Response  - 62,11,F000,65*6217 * 12-12-2023 14:33:46.383
Command * READ TEMPERATURE - #63,11*cdf6
 * 12-12-2023 14:33:51.273
Response  - 63,11,F000,66*a0aa * 12-12-2023 14:33:51.440
Command * READ TEMPERATURE - #64,11*b9f7
 * 12-12-2023 14:33:56.341
Response  - 64,11,F000,66*6b5f * 12-12-2023 14:33:56.508
Command * READ TEMPERATURE - #65,11*45f6
 * 12-12-2023 14:34:01.402
Response  - 65,11,F000,67*6863 * 12-12-2023 14:34:01.570
Command * READ TEMPERATURE - #66,11*01f6
 * 12-12-2023 14:34:06.462
Response  - 66,11,F000,67*6c67 * 12-12-2023 14:34:06.629
Command * READ TEMPERATURE - #67,11*fdf7
 * 12-12-2023 14:34:11.525
Response  - 67,11,F000,68*abda * 12-12-2023 14:34:11.694
Command * READ TEMPERATURE - #68,11*e9f4
 * 12-12-2023 14:34:16.585
Response  - 68,11,F000,68*bfce * 12-12-2023 14:34:16.750
Command * READ TEMPERATURE - #69,11*15f5
 * 12-12-2023 14:34:21.659
Response  - 69,11,F000,67*7873 * 12-12-2023 14:34:21.824
Command * READ TEMPERATURE - #70,11*49cb
 * 12-12-2023 14:34:26.710
Response  - 70,11,F000,68*e12d * 12-12-2023 14:34:26.878
Command * READ TEMPERATURE - #71,11*b5ca
 * 12-12-2023 14:34:31.776
Response  - 71,11,F000,68*22d0 * 12-12-2023 14:34:31.945
Command * READ TEMPERATURE - #72,11*f1ca
 * 12-12-2023 14:34:36.850
Response  - 72,11,F000,68*26d4 * 12-12-2023 14:34:37.14
Command * READ TEMPERATURE - #73,11*0dcb
 * 12-12-2023 14:34:41.912
Response  - 73,11,F000,69*25e8 * 12-12-2023 14:34:42.79
Command * READ TEMPERATURE - #74,11*79ca
 * 12-12-2023 14:34:46.979
Response  - 74,11,F000,71*b81d * 12-12-2023 14:34:47.147
Command * READ TEMPERATURE - #75,11*85cb
 * 12-12-2023 14:34:57.48
Response  - 75,11,F000,70*bb21 * 12-12-2023 14:34:57.210
Command * READ TEMPERATURE - #76,11*c1cb
 * 12-12-2023 14:35:02.106
Response  - 76,11,F000,69*29e4 * 12-12-2023 14:35:02.276
Command * READ TEMPERATURE - #77,11*3dca
 * 12-12-2023 14:35:07.172
Response  - 77,11,F000,70*7cd8 * 12-12-2023 14:35:07.337
Command * READ TEMPERATURE - #78,11*29c9
 * 12-12-2023 14:35:12.235
Response  - 78,11,F000,69*fe0d * 12-12-2023 14:35:12.429
Command * READ TEMPERATURE - #79,11*d5c8
 * 12-12-2023 14:35:17.356
Response  - 79,11,F000,69*3df0 * 12-12-2023 14:35:17.519
Command * READ TEMPERATURE - #80,11*489f
 * 12-12-2023 14:35:22.412
Response  - 80,11,F000,70*b839 * 12-12-2023 14:35:22.573
Command * READ TEMPERATURE - #81,11*b49e
 * 12-12-2023 14:35:27.479
Response  - 81,11,F000,70*7bc4 * 12-12-2023 14:35:27.663
Command * READ TEMPERATURE - #82,11*f09e
 * 12-12-2023 14:35:32.542
Response  - 82,11,F000,70*7fc0 * 12-12-2023 14:35:32.705
Command * READ TEMPERATURE - #83,11*0c9f
 * 12-12-2023 14:35:37.605
Response  - 83,11,F000,70*bc3d * 12-12-2023 14:35:37.774
Command * READ TEMPERATURE - #84,11*789e
 * 12-12-2023 14:35:42.676
Response  - 84,11,F000,69*e109 * 12-12-2023 14:35:42.842
Command * READ TEMPERATURE - #85,11*849f
 * 12-12-2023 14:35:47.781
Response  - 85,11,F000,69*22f4 * 12-12-2023 14:35:47.946
Command * READ TEMPERATURE - #86,11*c09f
 * 12-12-2023 14:35:52.853
Response  - 86,11,F000,69*26f0 * 12-12-2023 14:35:53.19
Command * READ TEMPERATURE - #87,11*3c9e
 * 12-12-2023 14:35:57.922
Response  - 87,11,F000,69*e50d * 12-12-2023 14:35:58.89
Command * READ TEMPERATURE - #88,11*289d
 * 12-12-2023 14:36:02.977
Response  - 88,11,F000,70*67d8 * 12-12-2023 14:36:03.139
Command * READ TEMPERATURE - #89,11*d49c
 * 12-12-2023 14:36:08.43
Response  - 89,11,F000,70*a425 * 12-12-2023 14:36:08.210
Command * READ TEMPERATURE - #90,11*88a2
 * 12-12-2023 14:36:13.103
Response  - 90,11,F000,69*affa * 12-12-2023 14:36:13.265
Command * READ TEMPERATURE - #91,11*74a3
 * 12-12-2023 14:36:18.175
Response  - 91,11,F000,70*fac6 * 12-12-2023 14:36:18.341
Command * READ TEMPERATURE - #92,11*30a3
 * 12-12-2023 14:36:23.234
Response  - 92,11,F000,70*fec2 * 12-12-2023 14:36:23.399
Command * READ TEMPERATURE - #93,11*cca2
 * 12-12-2023 14:36:28.298
Response  - 93,11,F000,70*3d3f * 12-12-2023 14:36:28.464
Command * READ TEMPERATURE - #94,11*b8a3
 * 12-12-2023 14:36:33.362
Response  - 94,11,F000,69*600b * 12-12-2023 14:36:33.525
Command * READ TEMPERATURE - #95,11*44a2
 * 12-12-2023 14:36:38.418
Response  - 95,11,F000,70*3537 * 12-12-2023 14:36:38.615
Command * READ TEMPERATURE - #96,11*00a2
 * 12-12-2023 14:36:43.506
Response  - 96,11,F000,70*3133 * 12-12-2023 14:36:43.671
Command * READ TEMPERATURE - #97,11*fca3
 * 12-12-2023 14:36:48.566
Response  - 97,11,F000,69*640f * 12-12-2023 14:36:48.726
Command * READ TEMPERATURE - #98,11*e8a0
 * 12-12-2023 14:36:53.640
Response  - 98,11,F000,70*e6da * 12-12-2023 14:36:53.815
Command * READ TEMPERATURE - #99,11*14a1
 * 12-12-2023 14:36:58.691
Response  - 99,11,F000,70*2527 * 12-12-2023 14:36:58.864
Command * READ TEMPERATURE - #100,11*b35e
 * 12-12-2023 14:37:03.756
Response  - 100,11,F000,70*ebbe * 12-12-2023 14:37:03.923
Command * READ TEMPERATURE - #101,11*4f5f
 * 12-12-2023 14:37:08.822
Response  - 101,11,F000,70*2843 * 12-12-2023 14:37:08.989
Command * READ TEMPERATURE - #102,11*0b5f
 * 12-12-2023 14:37:13.891
Response  - 102,11,F000,71*ec86 * 12-12-2023 14:37:14.55
Command * READ TEMPERATURE - #103,11*f75e
 * 12-12-2023 14:37:18.949
Response  - 103,11,F000,70*efba * 12-12-2023 14:37:19.108
Command * READ TEMPERATURE - #104,11*835f
 * 12-12-2023 14:37:24.10
Response  - 104,11,F000,69*b28e * 12-12-2023 14:37:24.177
Command * READ TEMPERATURE - #105,11*7f5e
 * 12-12-2023 14:37:29.70
Response  - 105,11,F000,71*2773 * 12-12-2023 14:37:29.238
Command * READ TEMPERATURE - #106,11*3b5e
 * 12-12-2023 14:37:34.133
Response  - 106,11,F000,70*e3b6 * 12-12-2023 14:37:34.300
Command * READ TEMPERATURE - #107,11*c75f
 * 12-12-2023 14:37:39.197
Response  - 107,11,F000,71*e08a * 12-12-2023 14:37:39.362
Command * READ TEMPERATURE - #108,11*d35c
 * 12-12-2023 14:37:44.302
Response  - 108,11,F000,70*345f * 12-12-2023 14:37:44.466
Command * READ TEMPERATURE - #109,11*2f5d
 * 12-12-2023 14:37:49.357
Response  - 109,11,F000,70*f7a2 * 12-12-2023 14:37:49.524
Command * READ TEMPERATURE - #110,11*7363
 * 12-12-2023 14:37:54.418
Response  - 110,11,F000,68*3cbc * 12-12-2023 14:37:54.577
Command * READ TEMPERATURE - #111,11*8f62
 * 12-12-2023 14:37:59.476
Response  - 111,11,F000,68*ff41 * 12-12-2023 14:37:59.641
Command * READ TEMPERATURE - #112,11*cb62
 * 12-12-2023 14:38:04.546
Response  - 112,11,F000,70*ad45 * 12-12-2023 14:38:04.710
Command * READ TEMPERATURE - #113,11*3763
 * 12-12-2023 14:38:09.600
Response  - 113,11,F000,71*ae79 * 12-12-2023 14:38:09.952
Command * READ TEMPERATURE - #114,11*4362
 * 12-12-2023 14:38:14.859
Response  - 114,11,F000,69*338c * 12-12-2023 14:38:15.18
Command * READ TEMPERATURE - #115,11*bf63
 * 12-12-2023 14:38:19.925
Response  - 115,11,F000,70*66b0 * 12-12-2023 14:38:20.90
Command * READ TEMPERATURE - #116,11*fb63
 * 12-12-2023 14:38:24.987
Response  - 116,11,F000,70*62b4 * 12-12-2023 14:38:25.152
Command * READ TEMPERATURE - #117,11*0762
 * 12-12-2023 14:38:30.49
Response  - 117,11,F000,70*a149 * 12-12-2023 14:38:30.214
Command * READ TEMPERATURE - #118,11*1361
 * 12-12-2023 14:38:35.107
Response  - 118,11,F000,70*b55d * 12-12-2023 14:38:35.273
Command * READ TEMPERATURE - #119,11*ef60
 * 12-12-2023 14:38:40.172
Response  - 119,11,F000,69*e061 * 12-12-2023 14:38:40.338
Command * READ TEMPERATURE - #120,11*7327
 * 12-12-2023 14:38:45.236
Response  - 120,11,F000,71*6978 * 12-12-2023 14:38:45.432
Command * READ TEMPERATURE - #121,11*8f26
 * 12-12-2023 14:38:50.319
Response  - 121,11,F000,70*6a44 * 12-12-2023 14:38:50.484
Command * READ TEMPERATURE - #122,11*cb26
 * 12-12-2023 14:38:55.379
Response  - 122,11,F000,70*6e40 * 12-12-2023 14:38:55.545
Command * READ TEMPERATURE - #123,11*3727
 * 12-12-2023 14:39:00.434
Response  - 123,11,F000,71*6d7c * 12-12-2023 14:39:00.593
Command * READ TEMPERATURE - #124,11*4326
 * 12-12-2023 14:39:05.491
Response  - 124,11,F000,70*6648 * 12-12-2023 14:39:05.653
Command * READ TEMPERATURE - #125,11*bf27
 * 12-12-2023 14:39:10.561
Response  - 125,11,F000,70*a5b5 * 12-12-2023 14:39:10.726
Command * READ TEMPERATURE - #126,11*fb27
 * 12-12-2023 14:39:15.644
Response  - 126,11,F000,69*3770 * 12-12-2023 14:39:15.802
Command * READ TEMPERATURE - #127,11*0726
 * 12-12-2023 14:39:20.711
Response  - 127,11,F000,71*a28d * 12-12-2023 14:39:20.877
Command * READ TEMPERATURE - #128,11*1325
 * 12-12-2023 14:39:25.771
Response  - 128,11,F000,70*7658 * 12-12-2023 14:39:25.935
Command * READ TEMPERATURE - #129,11*ef24
 * 12-12-2023 14:39:30.868
Response  - 129,11,F000,69*2364 * 12-12-2023 14:39:31.32
Command * READ TEMPERATURE - #130,11*b31a
 * 12-12-2023 14:39:35.933
Response  - 130,11,F000,70*28bb * 12-12-2023 14:39:36.102
Command * READ TEMPERATURE - #131,11*4f1b
 * 12-12-2023 14:39:40.996
Response  - 131,11,F000,70*eb46 * 12-12-2023 14:39:41.161
Command * READ TEMPERATURE - #132,11*0b1b
 * 12-12-2023 14:39:46.56
Response  - 132,11,F000,70*ef42 * 12-12-2023 14:39:46.217
Command * READ TEMPERATURE - #133,11*f71a
 * 12-12-2023 14:39:51.116
Response  - 133,11,F000,70*2cbf * 12-12-2023 14:39:51.286
Command * READ TEMPERATURE - #134,11*831b
 * 12-12-2023 14:39:56.175
Response  - 134,11,F000,70*e74a * 12-12-2023 14:39:56.336
Command * READ TEMPERATURE - #135,11*7f1a
 * 12-12-2023 14:40:01.226
Response  - 135,11,F000,70*24b7 * 12-12-2023 14:40:01.391
Command * READ TEMPERATURE - #136,11*3b1a
 * 12-12-2023 14:40:06.294
Response  - 136,11,F000,71*e072 * 12-12-2023 14:40:06.460
Command * READ TEMPERATURE - #137,11*c71b
 * 12-12-2023 14:40:11.356
Response  - 137,11,F000,70*e34e * 12-12-2023 14:40:11.522
Command * READ TEMPERATURE - #138,11*d318
 * 12-12-2023 14:40:16.450
Response  - 138,11,F000,70*f75a * 12-12-2023 14:40:16.617
Command * READ TEMPERATURE - #139,11*2f19
 * 12-12-2023 14:40:21.536
Response  - 139,11,F000,68*62a7 * 12-12-2023 14:40:21.702
Command * READ TEMPERATURE - #140,11*73af
 * 12-12-2023 14:40:26.598
Response  - 140,11,F000,70*6fb0 * 12-12-2023 14:40:26.765
Command * READ TEMPERATURE - #141,11*8fae
 * 12-12-2023 14:40:31.664
Response  - 141,11,F000,70*ac4d * 12-12-2023 14:40:31.828
Command * READ TEMPERATURE - #142,11*cbae
 * 12-12-2023 14:40:36.724
Response  - 142,11,F000,70*a849 * 12-12-2023 14:40:36.894
Command * READ TEMPERATURE - #143,11*37af
 * 12-12-2023 14:40:41.788
Response  - 143,11,F000,70*6bb4 * 12-12-2023 14:40:41.950
Command * READ TEMPERATURE - #144,11*43ae
 * 12-12-2023 14:40:46.859
Response  - 144,11,F000,71*6080 * 12-12-2023 14:40:47.25
Command * READ TEMPERATURE - #145,11*bfaf
 * 12-12-2023 14:40:51.918
Response  - 145,11,F000,72*a23d * 12-12-2023 14:40:52.86
Command * READ TEMPERATURE - #146,11*fbaf
 * 12-12-2023 14:40:56.974
Response  - 146,11,F000,70*67b8 * 12-12-2023 14:40:57.139
Command * READ TEMPERATURE - #147,11*07ae
 * 12-12-2023 14:41:02.41
Response  - 147,11,F000,69*3284 * 12-12-2023 14:41:02.204
Command * READ TEMPERATURE - #148,11*13ad
 * 12-12-2023 14:41:07.108
Response  - 148,11,F000,71*7090 * 12-12-2023 14:41:07.277
Command * READ TEMPERATURE - #149,11*efac
 * 12-12-2023 14:41:12.163
Response  - 149,11,F000,69*e56d * 12-12-2023 14:41:12.334
Command * READ TEMPERATURE - #150,11*b392
 * 12-12-2023 14:41:17.234
Response  - 150,11,F000,70*eeb2 * 12-12-2023 14:41:17.398
Command * READ TEMPERATURE - #151,11*4f93
 * 12-12-2023 14:41:22.289
Response  - 151,11,F000,69*bb8e * 12-12-2023 14:41:22.454
Command * READ TEMPERATURE - #152,11*0b93
 * 12-12-2023 14:41:27.352
Response  - 152,11,F000,70*294b * 12-12-2023 14:41:27.517
Command * READ TEMPERATURE - #153,11*f792
 * 12-12-2023 14:41:32.421
Response  - 153,11,F000,70*eab6 * 12-12-2023 14:41:32.587
Command * READ TEMPERATURE - #154,11*8393
 * 12-12-2023 14:41:37.480
Response  - 154,11,F000,69*b782 * 12-12-2023 14:41:37.644
Command * READ TEMPERATURE - #155,11*7f92
 * 12-12-2023 14:41:42.550
Response  - 155,11,F000,69*747f * 12-12-2023 14:41:42.710
Command * READ TEMPERATURE - #156,11*3b92
 * 12-12-2023 14:41:47.601
Response  - 156,11,F000,70*e6ba * 12-12-2023 14:41:47.767
Command * READ TEMPERATURE - #157,11*c793
 * 12-12-2023 14:41:52.671
Response  - 157,11,F000,70*2547 * 12-12-2023 14:41:52.839
Command * READ TEMPERATURE - #158,11*d390
 * 12-12-2023 14:41:57.725
Response  - 158,11,F000,70*3153 * 12-12-2023 14:41:57.891
Command * READ TEMPERATURE - #159,11*2f91
 * 12-12-2023 14:42:02.794
Response  - 159,11,F000,70*f2ae * 12-12-2023 14:42:02.960
Command * READ TEMPERATURE - #160,11*b3d6
 * 12-12-2023 14:42:07.853
Response  - 160,11,F000,70*2db7 * 12-12-2023 14:42:08.25
Command * READ TEMPERATURE - #161,11*4fd7
 * 12-12-2023 14:42:12.924
Response  - 161,11,F000,69*788b * 12-12-2023 14:42:13.92
Command * READ TEMPERATURE - #162,11*0bd7
 * 12-12-2023 14:42:17.990
Response  - 162,11,F000,71*2a8f * 12-12-2023 14:42:18.158
Command * READ TEMPERATURE - #163,11*f7d6
 * 12-12-2023 14:42:23.58
Response  - 163,11,F000,71*e972 * 12-12-2023 14:42:23.219
Command * READ TEMPERATURE - #164,11*83d7
 * 12-12-2023 14:42:28.119
Response  - 164,11,F000,72*23c7 * 12-12-2023 14:42:28.281
Command * READ TEMPERATURE - #165,11*7fd6
 * 12-12-2023 14:42:33.190
Response  - 165,11,F000,70*21bb * 12-12-2023 14:42:33.355
Command * READ TEMPERATURE - #166,11*3bd6
 * 12-12-2023 14:42:38.256
Response  - 166,11,F000,70*25bf * 12-12-2023 14:42:38.505
Command * READ TEMPERATURE - #167,11*c7d7
 * 12-12-2023 14:42:43.323
Response  - 167,11,F000,70*e642 * 12-12-2023 14:42:43.520
Command * READ TEMPERATURE - #168,11*d3d4
 * 12-12-2023 14:42:48.412
Response  - 168,11,F000,74*3157 * 12-12-2023 14:42:48.579
Command * READ TEMPERATURE - #169,11*2fd5
 * 12-12-2023 14:42:53.480
Response  - 169,11,F000,70*31ab * 12-12-2023 14:42:53.646
Command * READ TEMPERATURE - #170,11*73eb
 * 12-12-2023 14:42:58.540
Response  - 170,11,F000,70*acb5 * 12-12-2023 14:42:58.706
Command * READ TEMPERATURE - #171,11*8fea
 * 12-12-2023 14:43:03.600
Response  - 171,11,F000,70*6f48 * 12-12-2023 14:43:03.763
Command * READ TEMPERATURE - #172,11*cbea
 * 12-12-2023 14:43:08.666
Response  - 172,11,F000,71*ab8d * 12-12-2023 14:43:08.840
Command * READ TEMPERATURE - #173,11*37eb
 * 12-12-2023 14:43:13.736
Response  - 173,11,F000,70*a8b1 * 12-12-2023 14:43:13.905
Command * READ TEMPERATURE - #174,11*43ea
 * 12-12-2023 14:43:18.796
Response  - 174,11,F000,71*a385 * 12-12-2023 14:43:18.963
Command * READ TEMPERATURE - #175,11*bfeb
 * 12-12-2023 14:43:23.862
Response  - 175,11,F000,70*a0b9 * 12-12-2023 14:43:24.29
Command * READ TEMPERATURE - #176,11*fbeb
 * 12-12-2023 14:43:28.919
Response  - 176,11,F000,70*a4bd * 12-12-2023 14:43:29.86
Command * READ TEMPERATURE - #177,11*07ea
 * 12-12-2023 14:43:33.986
Response  - 177,11,F000,70*6740 * 12-12-2023 14:43:34.152
Command * READ TEMPERATURE - #178,11*13e9
 * 12-12-2023 14:43:39.36
Response  - 178,11,F000,70*7354 * 12-12-2023 14:43:39.202
Command * READ TEMPERATURE - #179,11*efe8
 * 12-12-2023 14:43:44.94
Response  - 179,11,F000,71*7068 * 12-12-2023 14:43:44.260
Command * READ TEMPERATURE - #180,11*72bf
 * 12-12-2023 14:43:49.145
Response  - 180,11,F000,70*a3a1 * 12-12-2023 14:43:49.311
Command * READ TEMPERATURE - #181,11*8ebe
 * 12-12-2023 14:43:54.200
Response  - 181,11,F000,70*605c * 12-12-2023 14:43:54.364
Command * READ TEMPERATURE - #182,11*cabe
 * 12-12-2023 14:43:59.260
Response  - 182,11,F000,70*6458 * 12-12-2023 14:43:59.434
Command * READ TEMPERATURE - #183,11*36bf
 * 12-12-2023 14:44:04.328
Response  - 183,11,F000,70*a7a5 * 12-12-2023 14:44:04.496
Command * READ TEMPERATURE - #184,11*42be
 * 12-12-2023 14:44:09.388
Response  - 184,11,F000,70*6c50 * 12-12-2023 14:44:09.556
Command * READ TEMPERATURE - #185,11*bebf
 * 12-12-2023 14:44:14.453
Response  - 185,11,F000,70*afad * 12-12-2023 14:44:14.614
Command * READ TEMPERATURE - #186,11*fabf
 * 12-12-2023 14:44:19.517
Response  - 186,11,F000,70*aba9 * 12-12-2023 14:44:19.684
Command * READ TEMPERATURE - #187,11*06be
 * 12-12-2023 14:44:24.582
Response  - 187,11,F000,69*fe95 * 12-12-2023 14:44:24.747
Command * READ TEMPERATURE - #188,11*12bd
 * 12-12-2023 14:44:29.681
Response  - 188,11,F000,70*7c40 * 12-12-2023 14:44:29.847
Command * READ TEMPERATURE - #189,11*eebc
 * 12-12-2023 14:44:34.744
Response  - 189,11,F000,70*bfbd * 12-12-2023 14:44:34.910
Command * READ TEMPERATURE - #190,11*b282
 * 12-12-2023 14:44:39.808
Response  - 190,11,F000,70*22a3 * 12-12-2023 14:44:39.974
Command * READ TEMPERATURE - #191,11*4e83
 * 12-12-2023 14:44:44.870
Response  - 191,11,F000,70*e15e * 12-12-2023 14:44:45.34
Command * READ TEMPERATURE - #192,11*0a83
 * 12-12-2023 14:44:49.931
Response  - 192,11,F000,70*e55a * 12-12-2023 14:44:50.96
Command * READ TEMPERATURE - #193,11*f682
 * 12-12-2023 14:44:54.999
Response  - 193,11,F000,71*e666 * 12-12-2023 14:44:55.164
Command * READ TEMPERATURE - #194,11*8283
 * 12-12-2023 14:45:00.61
Response  - 194,11,F000,71*2d93 * 12-12-2023 14:45:00.232
Command * READ TEMPERATURE - #195,11*7e82
 * 12-12-2023 14:45:05.120
Response  - 195,11,F000,70*2eaf * 12-12-2023 14:45:05.293
Command * READ TEMPERATURE - #196,11*3a82
 * 12-12-2023 14:45:10.186
Response  - 196,11,F000,73*2beb * 12-12-2023 14:45:10.380
Command * READ TEMPERATURE - #197,11*c683
 * 12-12-2023 14:45:15.276
Response  - 197,11,F000,70*e956 * 12-12-2023 14:45:15.444
Command * READ TEMPERATURE - #198,11*d280
 * 12-12-2023 14:45:20.346
Response  - 198,11,F000,69*6b83 * 12-12-2023 14:45:20.509
Command * READ TEMPERATURE - #199,11*2e81
 * 12-12-2023 14:45:25.401
Response  - 199,11,F000,71*fe7e * 12-12-2023 14:45:25.662
Command * READ TEMPERATURE - #200,11*805e
 * 12-12-2023 14:45:30.554
Response  - 200,11,F000,71*287c * 12-12-2023 14:45:30.721
Command * READ TEMPERATURE - #201,11*7c5f
 * 12-12-2023 14:45:35.651
Response  - 201,11,F000,70*2b40 * 12-12-2023 14:45:35.814
Command * READ TEMPERATURE - #202,11*385f
 * 12-12-2023 14:45:40.712
Response  - 202,11,F000,70*2f44 * 12-12-2023 14:45:40.878
Command * READ TEMPERATURE - #203,11*c45e
 * 12-12-2023 14:45:45.782
Response  - 203,11,F000,70*ecb9 * 12-12-2023 14:45:45.948
Command * READ TEMPERATURE - #204,11*b05f
 * 12-12-2023 14:45:50.847
Response  - 204,11,F000,70*274c * 12-12-2023 14:45:51.14
Command * READ TEMPERATURE - #205,11*4c5e
 * 12-12-2023 14:45:55.901
Response  - 205,11,F000,70*e4b1 * 12-12-2023 14:45:56.65
Command * READ TEMPERATURE - #206,11*085e
 * 12-12-2023 14:46:00.969
Response  - 206,11,F000,70*e0b5 * 12-12-2023 14:46:01.136
Command * READ TEMPERATURE - #207,11*f45f
 * 12-12-2023 14:46:06.22
Response  - 207,11,F000,71*e389 * 12-12-2023 14:46:06.187
Command * READ TEMPERATURE - #208,11*e05c
 * 12-12-2023 14:46:11.88
Response  - 208,11,F000,71*f79d * 12-12-2023 14:46:11.253
Command * READ TEMPERATURE - #209,11*1c5d
 * 12-12-2023 14:46:16.145
Response  - 209,11,F000,71*3460 * 12-12-2023 14:46:16.314
Command * READ TEMPERATURE - #210,11*4063
 * 12-12-2023 14:46:21.204
Response  - 210,11,F000,70*69bf * 12-12-2023 14:46:21.367
Command * READ TEMPERATURE - #211,11*bc62
 * 12-12-2023 14:46:26.261
Response  - 211,11,F000,70*aa42 * 12-12-2023 14:46:26.433
Command * READ TEMPERATURE - #212,11*f862
 * 12-12-2023 14:46:31.322
Response  - 212,11,F000,70*ae46 * 12-12-2023 14:46:31.489
Command * READ TEMPERATURE - #213,11*0463
 * 12-12-2023 14:46:36.382
Response  - 213,11,F000,71*ad7a * 12-12-2023 14:46:36.551
Command * READ TEMPERATURE - #214,11*7062
 * 12-12-2023 14:46:41.453
Response  - 214,11,F000,71*668f * 12-12-2023 14:46:41.614
Command * READ TEMPERATURE - #215,11*8c63
 * 12-12-2023 14:46:46.522
Response  - 215,11,F000,71*a572 * 12-12-2023 14:46:46.737
Command * READ TEMPERATURE - #216,11*c863
 * 12-12-2023 14:46:51.635
Response  - 216,11,F000,70*61b7 * 12-12-2023 14:46:51.800
Command * READ TEMPERATURE - #217,11*3462
 * 12-12-2023 14:46:56.697
Response  - 217,11,F000,71*628b * 12-12-2023 14:46:56.863
Command * READ TEMPERATURE - #218,11*2061
 * 12-12-2023 14:47:01.756
Response  - 218,11,F000,71*769f * 12-12-2023 14:47:01.920
Command * READ TEMPERATURE - #219,11*dc60
 * 12-12-2023 14:47:06.831
Response  - 219,11,F000,71*b562 * 12-12-2023 14:47:06.998
Command * READ TEMPERATURE - #220,11*4027
 * 12-12-2023 14:47:11.881
Response  - 220,11,F000,70*aaba * 12-12-2023 14:47:12.48
Command * READ TEMPERATURE - #221,11*bc26
 * 12-12-2023 14:47:16.984
Response  - 221,11,F000,70*6947 * 12-12-2023 14:47:17.158
Command * READ TEMPERATURE - #222,11*f826
 * 12-12-2023 14:47:22.38
Response  - 222,11,F000,71*ad82 * 12-12-2023 14:47:22.205
Command * READ TEMPERATURE - #223,11*0427
 * 12-12-2023 14:47:27.102
Response  - 223,11,F000,70*aebe * 12-12-2023 14:47:27.267
Command * READ TEMPERATURE - #224,11*7026
 * 12-12-2023 14:47:32.161
Response  - 224,11,F000,70*654b * 12-12-2023 14:47:32.328
Command * READ TEMPERATURE - #225,11*8c27
 * 12-12-2023 14:47:37.216
Response  - 225,11,F000,70*a6b6 * 12-12-2023 14:47:37.382
Command * READ TEMPERATURE - #226,11*c827
 * 12-12-2023 14:47:42.277
Response  - 226,11,F000,70*a2b2 * 12-12-2023 14:47:42.443
Command * READ TEMPERATURE - #227,11*3426
 * 12-12-2023 14:47:47.367
Response  - 227,11,F000,70*614f * 12-12-2023 14:47:47.534
Command * READ TEMPERATURE - #228,11*2025
 * 12-12-2023 14:47:52.447
Response  - 228,11,F000,71*b59a * 12-12-2023 14:47:52.622
Command * READ TEMPERATURE - #229,11*dc24
 * 12-12-2023 14:47:57.510
Response  - 229,11,F000,70*b6a6 * 12-12-2023 14:47:57.676
Command * READ TEMPERATURE - #230,11*801a
 * 12-12-2023 14:48:02.572
Response  - 230,11,F000,70*2bb8 * 12-12-2023 14:48:02.737
Command * READ TEMPERATURE - #231,11*7c1b
 * 12-12-2023 14:48:07.635
Response  - 231,11,F000,71*2884 * 12-12-2023 14:48:07.812
Command * READ TEMPERATURE - #232,11*381b
 * 12-12-2023 14:48:12.697
Response  - 232,11,F000,70*ec41 * 12-12-2023 14:48:12.861
Command * READ TEMPERATURE - #233,11*c41a
 * 12-12-2023 14:48:17.759
Response  - 233,11,F000,72*ee3d * 12-12-2023 14:48:17.922
Command * READ TEMPERATURE - #234,11*b01b
 * 12-12-2023 14:48:22.831
Response  - 234,11,F000,70*e449 * 12-12-2023 14:48:22.995
Command * READ TEMPERATURE - #235,11*4c1a
 * 12-12-2023 14:48:27.881
Response  - 235,11,F000,70*27b4 * 12-12-2023 14:48:28.49
Command * READ TEMPERATURE - #236,11*081a
 * 12-12-2023 14:48:32.954
Response  - 236,11,F000,70*23b0 * 12-12-2023 14:48:33.119
Command * READ TEMPERATURE - #237,11*f41b
 * 12-12-2023 14:48:38.16
Response  - 237,11,F000,69*768c * 12-12-2023 14:48:38.181
Command * READ TEMPERATURE - #238,11*e018
 * 12-12-2023 14:48:43.83
Response  - 238,11,F000,70*f459 * 12-12-2023 14:48:43.246
Command * READ TEMPERATURE - #239,11*1c19
 * 12-12-2023 14:48:48.150
Response  - 239,11,F000,70*37a4 * 12-12-2023 14:48:48.317
Command * READ TEMPERATURE - #240,11*40af
 * 12-12-2023 14:48:53.209
Response  - 240,11,F000,72*ad32 * 12-12-2023 14:48:53.374
Command * READ TEMPERATURE - #241,11*bcae
 * 12-12-2023 14:48:58.274
Response  - 241,11,F000,71*6f8f * 12-12-2023 14:48:58.431
Command * READ TEMPERATURE - #242,11*f8ae
 * 12-12-2023 14:49:03.339
Response  - 242,11,F000,70*ab4a * 12-12-2023 14:49:03.505
Command * READ TEMPERATURE - #243,11*04af
 * 12-12-2023 14:49:08.407
Response  - 243,11,F000,71*a876 * 12-12-2023 14:49:08.572
Command * READ TEMPERATURE - #244,11*70ae
 * 12-12-2023 14:49:13.468
Response  - 244,11,F000,69*3583 * 12-12-2023 14:49:13.634
Command * READ TEMPERATURE - #245,11*8caf
 * 12-12-2023 14:49:18.531
Response  - 245,11,F000,67*32ff * 12-12-2023 14:49:18.700
Command * READ TEMPERATURE - #246,11*c8af
 * 12-12-2023 14:49:23.592
Response  - 246,11,F000,70*64bb * 12-12-2023 14:49:23.758
Command * READ TEMPERATURE - #247,11*34ae
 * 12-12-2023 14:49:28.656
Response  - 247,11,F000,71*6787 * 12-12-2023 14:49:28.822
Command * READ TEMPERATURE - #248,11*20ad
 * 12-12-2023 14:49:33.717
Response  - 248,11,F000,71*7393 * 12-12-2023 14:49:33.883
Command * READ TEMPERATURE - #249,11*dcac
 * 12-12-2023 14:49:38.782
Response  - 249,11,F000,70*70af * 12-12-2023 14:49:38.949
Command * READ TEMPERATURE - #250,11*8092
 * 12-12-2023 14:49:43.847
Response  - 250,11,F000,69*7b70 * 12-12-2023 14:49:44.10
Command * READ TEMPERATURE - #251,11*7c93
 * 12-12-2023 14:49:48.909
Response  - 251,11,F000,70*2e4c * 12-12-2023 14:49:49.75
Command * READ TEMPERATURE - #252,11*3893
 * 12-12-2023 14:49:53.972
Response  - 252,11,F000,71*ea89 * 12-12-2023 14:49:54.137
Command * READ TEMPERATURE - #253,11*c492
 * 12-12-2023 14:49:59.29
Response  - 253,11,F000,70*e9b5 * 12-12-2023 14:49:59.196
Command * READ TEMPERATURE - #254,11*b093
 * 12-12-2023 14:50:04.120
Response  - 254,11,F000,70*2240 * 12-12-2023 14:50:04.280
Command * READ TEMPERATURE - #255,11*4c92
 * 12-12-2023 14:50:09.212
Response  - 255,11,F000,69*777c * 12-12-2023 14:50:09.382
Command * READ TEMPERATURE - #0,11*a91a
 * 12-12-2023 14:50:14.277
Response  - 0,11,F000,70*e900 * 12-12-2023 14:50:14.444
Command * READ TEMPERATURE - #1,11*551b
 * 12-12-2023 14:50:19.354
Response  - 1,11,F000,70*2afd * 12-12-2023 14:50:19.520
Command * READ TEMPERATURE - #2,11*111b
 * 12-12-2023 14:50:24.417
Response  - 2,11,F000,71*ee38 * 12-12-2023 14:50:24.582
Command * READ TEMPERATURE - #3,11*ed1a
 * 12-12-2023 14:50:29.489
Response  - 3,11,F000,69*7bc5 * 12-12-2023 14:50:29.655
Command * READ TEMPERATURE - #4,11*991b
 * 12-12-2023 14:50:34.536
Response  - 4,11,F000,72*e770 * 12-12-2023 14:50:34.700
Command * READ TEMPERATURE - #5,11*651a
 * 12-12-2023 14:50:39.591
Response  - 5,11,F000,70*e50c * 12-12-2023 14:50:39.755
Command * READ TEMPERATURE - #6,11*211a
 * 12-12-2023 14:50:44.651
Response  - 6,11,F000,71*21c9 * 12-12-2023 14:50:44.863
Command * READ TEMPERATURE - #7,11*dd1b
 * 12-12-2023 14:50:49.749
Response  - 7,11,F000,70*22f5 * 12-12-2023 14:50:49.916
Command * READ TEMPERATURE - #8,11*c918
 * 12-12-2023 14:50:54.814
Response  - 8,11,F000,70*36e1 * 12-12-2023 14:50:54.980
Command * READ TEMPERATURE - #9,11*3519
 * 12-12-2023 14:50:59.872
Response  - 9,11,F000,70*f51c * 12-12-2023 14:51:00.38
Command * READ TEMPERATURE - #10,11*4943
 * 12-12-2023 14:51:04.961
Response  - 10,11,F000,71*b1e5 * 12-12-2023 14:51:05.127
Command * READ TEMPERATURE - #11,11*b542
 * 12-12-2023 14:51:10.22
Response  - 11,11,F000,71*7218 * 12-12-2023 14:51:10.189
Command * READ TEMPERATURE - #12,11*f142
 * 12-12-2023 14:51:15.88
Response  - 12,11,F000,70*b6dd * 12-12-2023 14:51:15.254
Command * READ TEMPERATURE - #13,11*0d43
 * 12-12-2023 14:51:20.159
Response  - 13,11,F000,70*7520 * 12-12-2023 14:51:20.321
Command * READ TEMPERATURE - #14,11*7942
 * 12-12-2023 14:51:25.220
Response  - 14,11,F000,70*bed5 * 12-12-2023 14:51:25.385
Command * READ TEMPERATURE - #15,11*8543
 * 12-12-2023 14:51:30.277
Response  - 15,11,F000,70*7d28 * 12-12-2023 14:51:30.444
Command * READ TEMPERATURE - #16,11*c143
 * 12-12-2023 14:51:35.348
Response  - 16,11,F000,71*b9ed * 12-12-2023 14:51:35.514
Command * READ TEMPERATURE - #17,11*3d42
 * 12-12-2023 14:51:40.425
Response  - 17,11,F000,71*7a10 * 12-12-2023 14:51:40.589
Command * READ TEMPERATURE - #18,11*2941
 * 12-12-2023 14:51:45.480
Response  - 18,11,F000,70*aec5 * 12-12-2023 14:51:45.640
Command * READ TEMPERATURE - #19,11*d540
 * 12-12-2023 14:51:50.549
Response  - 19,11,F000,70*6d38 * 12-12-2023 14:51:50.715
Command * READ TEMPERATURE - #20,11*4907
 * 12-12-2023 14:51:55.607
Response  - 20,11,F000,70*b221 * 12-12-2023 14:51:55.773
Command * READ TEMPERATURE - #21,11*b506
 * 12-12-2023 14:52:00.673
Response  - 21,11,F000,70*71dc * 12-12-2023 14:52:00.841
Command * READ TEMPERATURE - #22,11*f106
 * 12-12-2023 14:52:05.732
Response  - 22,11,F000,70*75d8 * 12-12-2023 14:52:05.894
Command * READ TEMPERATURE - #23,11*0d07
 * 12-12-2023 14:52:10.793
Response  - 23,11,F000,70*b625 * 12-12-2023 14:52:10.957
Command * READ TEMPERATURE - #24,11*7906
 * 12-12-2023 14:52:15.857
Response  - 24,11,F000,71*bd11 * 12-12-2023 14:52:16.26
Command * READ TEMPERATURE - #25,11*8507
 * 12-12-2023 14:52:20.922
Response  - 25,11,F000,70*be2d * 12-12-2023 14:52:21.89
Command * READ TEMPERATURE - #26,11*c107
 * 12-12-2023 14:52:25.986
Response  - 26,11,F000,71*7ae8 * 12-12-2023 14:52:26.152
Command * READ TEMPERATURE - #27,11*3d06
 * 12-12-2023 14:52:31.48
Response  - 27,11,F000,71*b915 * 12-12-2023 14:52:31.214
Command * READ TEMPERATURE - #28,11*2905
 * 12-12-2023 14:52:36.137
Response  - 28,11,F000,71*ad01 * 12-12-2023 14:52:36.302
Command * READ TEMPERATURE - #29,11*d504
 * 12-12-2023 14:52:41.201
Response  - 29,11,F000,72*6fbc * 12-12-2023 14:52:41.367
Command * READ TEMPERATURE - #30,11*893a
 * 12-12-2023 14:52:46.298
Response  - 30,11,F000,71*f3e2 * 12-12-2023 14:52:46.462
Command * READ TEMPERATURE - #31,11*753b
 * 12-12-2023 14:52:51.352
Response  - 31,11,F000,71*301f * 12-12-2023 14:52:51.513
Command * READ TEMPERATURE - #32,11*313b
 * 12-12-2023 14:52:56.425
Response  - 32,11,F000,69*621b * 12-12-2023 14:52:56.592
Command * READ TEMPERATURE - #33,11*cd3a
 * 12-12-2023 14:53:01.486
Response  - 33,11,F000,70*3727 * 12-12-2023 14:53:01.650
Command * READ TEMPERATURE - #34,11*b93b
 * 12-12-2023 14:53:06.549
Response  - 34,11,F000,70*fcd2 * 12-12-2023 14:53:06.714
Command * READ TEMPERATURE - #35,11*453a
 * 12-12-2023 14:53:11.600
Response  - 35,11,F000,72*feae * 12-12-2023 14:53:11.773
Command * READ TEMPERATURE - #36,11*013a
 * 12-12-2023 14:53:16.671
Response  - 36,11,F000,70*3b2b * 12-12-2023 14:53:16.839
Command * READ TEMPERATURE - #37,11*fd3b
 * 12-12-2023 14:53:21.727
Response  - 37,11,F000,71*3817 * 12-12-2023 14:53:21.891
Command * READ TEMPERATURE - #38,11*e938
 * 12-12-2023 14:53:26.791
Response  - 38,11,F000,70*ecc2 * 12-12-2023 14:53:26.953
Command * READ TEMPERATURE - #39,11*1539
 * 12-12-2023 14:53:31.863
Response  - 39,11,F000,70*2f3f * 12-12-2023 14:53:32.26
Command * READ TEMPERATURE - #40,11*498f
 * 12-12-2023 14:53:36.921
Response  - 40,11,F000,70*7428 * 12-12-2023 14:53:37.88
Command * READ TEMPERATURE - #41,11*b58e
 * 12-12-2023 14:53:41.993
Response  - 41,11,F000,70*b7d5 * 12-12-2023 14:53:42.154
Command * READ TEMPERATURE - #42,11*f18e
 * 12-12-2023 14:53:47.53
Response  - 42,11,F000,70*b3d1 * 12-12-2023 14:53:47.221
Command * READ TEMPERATURE - #43,11*0d8f
 * 12-12-2023 14:53:52.125
Response  - 43,11,F000,71*b0ed * 12-12-2023 14:53:52.292
Command * READ TEMPERATURE - #44,11*798e
 * 12-12-2023 14:53:57.182
Response  - 44,11,F000,71*7b18 * 12-12-2023 14:53:57.354
Command * READ TEMPERATURE - #45,11*858f
 * 12-12-2023 14:54:02.245
Response  - 45,11,F000,71*b8e5 * 12-12-2023 14:54:02.418
Command * READ TEMPERATURE - #46,11*c18f
 * 12-12-2023 14:54:07.307
Response  - 46,11,F000,72*bda1 * 12-12-2023 14:54:07.473
Command * READ TEMPERATURE - #47,11*3d8e
 * 12-12-2023 14:54:12.381
Response  - 47,11,F000,71*7f1c * 12-12-2023 14:54:12.544
Command * READ TEMPERATURE - #48,11*298d
 * 12-12-2023 14:54:17.452
Response  - 48,11,F000,70*abc9 * 12-12-2023 14:54:17.618
Command * READ TEMPERATURE - #49,11*d58c
 * 12-12-2023 14:54:22.508
Response  - 49,11,F000,71*a8f5 * 12-12-2023 14:54:22.675
Command * READ TEMPERATURE - #50,11*89b2
 * 12-12-2023 14:54:27.575
Response  - 50,11,F000,70*f52a * 12-12-2023 14:54:27.740
Command * READ TEMPERATURE - #51,11*75b3
 * 12-12-2023 14:54:32.634
Response  - 51,11,F000,71*f616 * 12-12-2023 14:54:32.801
Command * READ TEMPERATURE - #52,11*31b3
 * 12-12-2023 14:54:37.706
Response  - 52,11,F000,69*a412 * 12-12-2023 14:54:37.872
Command * READ TEMPERATURE - #53,11*cdb2
 * 12-12-2023 14:54:42.758
Response  - 53,11,F000,70*f12e * 12-12-2023 14:54:42.927
Command * READ TEMPERATURE - #54,11*b9b3
 * 12-12-2023 14:54:47.828
Response  - 54,11,F000,70*3adb * 12-12-2023 14:54:47.995
Command * HEATER OFF - #55,12,0*8759
 * 12-12-2023 14:54:52.883
Response  - 55,12,F000*b0bd * 12-12-2023 14:54:53.53
Command * HEATER DOOR OPEN - #56,8,1,1*01f7
 * 12-12-2023 14:55:01.118
Response  - 56,8,I001*a459 * 12-12-2023 14:56:13.750
Response  - 56,8,F000*709b * 12-12-2023 14:56:13.753
Rack - 1Protocol Started * 12-12-2023 14:56:14.573
Command * Rack-1 Picked from H1 - #57,2,1,2688,1000,0,1*f31e
 * 12-12-2023 14:56:14.718
Response  - 57,2,I001,1*4537 * 12-12-2023 14:56:15.7
Response  - 57,2,F000,1*7a66 * 12-12-2023 14:56:21.353
Command * HEATER DOOR CLOSE - #58,8,1,0*01d9
 * 12-12-2023 14:56:21.443
Response  - 58,8,I001*28d8 * 12-12-2023 14:56:21.602
Response  - 58,8,F000*fc1a * 12-12-2023 14:56:21.945
Command * Rack-1 Placed in J1 - #59,3,1,10304,800,0,0*1aae
 * 12-12-2023 14:56:22.27
Response  - 59,3,I001,1*7c97 * 12-12-2023 14:56:22.192
Response  - 59,3,F000,1*43c6 * 12-12-2023 14:56:28.339
Command * Rack-1 Picked from J1 - #60,2,1,10304,800,0,0*2464
 * 12-12-2023 14:59:28.699
Response  - 60,2,I001,1*db89 * 12-12-2023 14:59:28.881
Response  - 60,2,F000,1*e4d8 * 12-12-2023 14:59:34.25
Command * Rack-1 Placed in J2 - #61,3,1,13934,800 ,0,0*da85
 * 12-12-2023 14:59:34.288
Response  - 61,3,I001,1*d219 * 12-12-2023 14:59:34.462
Response  - 61,3,F000,1*ed48 * 12-12-2023 14:59:40.142
Command * Rack-1 Picked from J2 - #62,2,1,13934,800 ,0,0*1590
 * 12-12-2023 15:02:40.397
Response  - 62,2,I001,1*1128 * 12-12-2023 15:02:40.715
Response  - 62,2,F000,1*2e79 * 12-12-2023 15:02:45.722
Command * Rack-1 Placed in J3 - #63,3,1,17564,800 ,0,0*60f3
 * 12-12-2023 15:02:46.140
Response  - 63,3,I001,1*18b8 * 12-12-2023 15:02:46.300
Response  - 63,3,F000,1*27e9 * 12-12-2023 15:02:51.989
Command * HEATER DOOR OPEN - #64,8,1,1*d494
 * 12-12-2023 15:04:49.41
Response  - 64,8,I001*8dcc * 12-12-2023 15:04:49.246
Response  - 64,8,F000*590e * 12-12-2023 15:04:49.539
Rack - 2Protocol Started * 12-12-2023 15:04:50.166
Command * Rack-2 Picked from H2 - #65,2,1,2688,8700,0,1*d295
 * 12-12-2023 15:04:50.201
Response  - 65,2,I001,1*cb99 * 12-12-2023 15:04:50.369
Response  - 65,2,F000,1*f4c8 * 12-12-2023 15:04:57.336
Command * HEATER DOOR CLOSE - #66,8,1,0*d476
 * 12-12-2023 15:04:57.790
Response  - 66,8,I001*544d * 12-12-2023 15:04:57.961
Response  - 66,8,F000*808f * 12-12-2023 15:04:58.300
Command * Rack-2 Placed in J1 - #67,3,1,10304,800,0,0*c080
 * 12-12-2023 15:04:58.381
Response  - 67,3,I001,1*cdf9 * 12-12-2023 15:04:58.550
Response  - 67,3,F000,1*f2a8 * 12-12-2023 15:05:04.688
Command * Rack-1 Picked from J3 - #68,2,1,17564,800 ,0,0*e607
 * 12-12-2023 15:05:52.272
Response  - 68,2,I001,1*3108 * 12-12-2023 15:05:52.449
Response  - 68,2,F000,1*0e59 * 12-12-2023 15:05:58.530
Command * Rack-1 Placed in J4 - #69,3,1,21194,800 ,0,0*d5a0
 * 12-12-2023 15:05:58.870
Response  - 69,3,I001,1*3898 * 12-12-2023 15:05:59.29
Response  - 69,3,F000,1*07c9 * 12-12-2023 15:06:04.727
Command * Rack-2 Picked from J1 - #70,2,1,10304,800,0,0*f559
 * 12-12-2023 15:08:05.59
Response  - 70,2,I001,1*278d * 12-12-2023 15:08:05.304
Response  - 70,2,F000,1*18dc * 12-12-2023 15:08:11.747
Command * Rack-2 Placed in J2 - #71,3,1,13934,800 ,0,0*0b95
 * 12-12-2023 15:08:12.238
Response  - 71,3,I001,1*2e1d * 12-12-2023 15:08:12.400
Response  - 71,3,F000,1*114c * 12-12-2023 15:08:18.80
Command * Rack-1 Picked from J4 - #72,2,1,21194,800 ,0,0*8244
 * 12-12-2023 15:09:04.961
Response  - 72,2,I001,1*ed2c * 12-12-2023 15:09:05.145
Response  - 72,2,F000,1*d27d * 12-12-2023 15:09:11.235
Command * Rack-1 Placed in J5 - #73,3,1,24824,800 ,0,0*921d
 * 12-12-2023 15:09:11.574
Response  - 73,3,I001,1*e4bc * 12-12-2023 15:09:11.739
Response  - 73,3,F000,1*dbed * 12-12-2023 15:09:17.431
Command * Rack-2 Picked from J2 - #74,2,1,13934,800 ,0,0*a208
 * 12-12-2023 15:11:18.356
Response  - 74,2,I001,1*f2cc * 12-12-2023 15:11:18.521
Response  - 74,2,F000,1*cd9d * 12-12-2023 15:11:25.44
Command * Rack-2 Placed in J3 - #75,3,1,17564,800 ,0,0*d76b
 * 12-12-2023 15:11:25.494
Response  - 75,3,I001,1*fb5c * 12-12-2023 15:11:25.656
Response  - 75,3,F000,1*c40d * 12-12-2023 15:11:31.338
Command * Rack-1 Picked from J5 - #76,2,1,24824,800 ,0,0*3b80
 * 12-12-2023 15:12:17.692
Response  - 76,2,I001,1*386d * 12-12-2023 15:12:17.899
Response  - 76,2,F000,1*073c * 12-12-2023 15:12:23.969
Command * Rack-1 Placed in J6 - #77,3,1,28454,800 ,0,0*bef7
 * 12-12-2023 15:12:24.332
Response  - 77,3,I001,1*31fd * 12-12-2023 15:12:24.497
Response  - 77,3,F000,1*0eac * 12-12-2023 15:12:30.189
Command * HEATER DOOR OPEN - #78,8,1,1*1899
 * 12-12-2023 15:13:25.432
Response  - 78,8,I001*48c1 * 12-12-2023 15:13:25.603
Response  - 78,8,F000*9c03 * 12-12-2023 15:13:25.936
Rack - R3Protocol Started * 12-12-2023 15:13:26.511
Command * Rack-3 Picked from H3 - #79,2,1,2688,16380,0,1*b754
 * 12-12-2023 15:13:26.562
Response  - 79,2,I001,1*085d * 12-12-2023 15:13:26.726
Response  - 79,2,F000,1*370c * 12-12-2023 15:13:34.958
Command * HEATER DOOR CLOSE - #80,8,1,0*5891
 * 12-12-2023 15:13:35.156
Response  - 80,8,I001*1e81 * 12-12-2023 15:13:35.315
Response  - 80,8,F000*ca43 * 12-12-2023 15:13:35.657
Command * Rack-3 Placed in J1 - #81,3,1,10304,800,0,0*6761
 * 12-12-2023 15:13:35.727
Response  - 81,3,I001,1*3a2d * 12-12-2023 15:13:35.889
Response  - 81,3,F000,1*057c * 12-12-2023 15:13:42.370
Command * Rack-2 Picked from J3 - #82,2,1,17564,800 ,0,0*6370
 * 12-12-2023 15:14:31.618
Response  - 82,2,I001,1*f91c * 12-12-2023 15:14:31.800
Response  - 82,2,F000,1*c64d * 12-12-2023 15:14:37.881
Command * Rack-2 Placed in J4 - #83,3,1,21194,800 ,0,0*50d7
 * 12-12-2023 15:14:38.248
Response  - 83,3,I001,1*f08c * 12-12-2023 15:14:38.410
Response  - 83,3,F000,1*cfdd * 12-12-2023 15:14:44.108
Command * Rack-1 Picked from J6 - #84,2,1,28454,800 ,0,0*8e1d
 * 12-12-2023 15:15:30.442
Response  - 84,2,I001,1*e6fc * 12-12-2023 15:15:30.610
Response  - 84,2,F000,1*d9ad * 12-12-2023 15:15:36.705
Command * Rack-1 Placed in J7 - #85,3,1,32084,800 ,0,0*0ba3
 * 12-12-2023 15:15:37.65
Response  - 85,3,I001,1*ef6c * 12-12-2023 15:15:37.236
Response  - 85,3,F000,1*d03d * 12-12-2023 15:15:42.909
Command * Rack-3 Picked from J1 - #86,2,1,10304,800,0,0*8385
 * 12-12-2023 15:16:42.854
Response  - 86,2,I001,1*2c5d * 12-12-2023 15:16:43.65
Response  - 86,2,F000,1*130c * 12-12-2023 15:16:50.800
Command * Rack-3 Placed in J2 - #87,3,1,13934,800 ,0,0*92e2
 * 12-12-2023 15:16:51.29
Response  - 87,3,I001,1*25cd * 12-12-2023 15:16:51.189
Response  - 87,3,F000,1*1a9c * 12-12-2023 15:16:56.885
Command * Rack-1 Picked from J7 - #88,2,1,32084,800 ,0,0*ebdf
 * 12-12-2023 15:17:44.145
Response  - 88,2,I001,1*d93c * 12-12-2023 15:17:44.312
Response  - 88,2,F000,1*e66d * 12-12-2023 15:17:51.669
Command * Rack-1 Placed in J8 - #89,3,1,35714,800 ,0,0*d663
 * 12-12-2023 15:17:51.767
Response  - 89,3,I001,1*d0ac * 12-12-2023 15:17:51.935
Response  - 89,3,F000,1*effd * 12-12-2023 15:17:57.619
Command * Rack-2 Picked from J4 - #90,2,1,21194,800 ,0,0*4ed2
 * 12-12-2023 15:18:06.395
Response  - 90,2,I001,1*cfb9 * 12-12-2023 15:18:06.561
Response  - 90,2,F000,1*f0e8 * 12-12-2023 15:18:13.510
Command * Rack-2 Placed in J5 - #91,3,1,24824,800 ,0,0*5e8b
 * 12-12-2023 15:18:14.8
Response  - 91,3,I001,1*c629 * 12-12-2023 15:18:14.179
Response  - 91,3,F000,1*f978 * 12-12-2023 15:18:19.869
Command * HEATER DOOR OPEN - #92,8,1,1*94b2
 * 12-12-2023 15:18:43.739
Response  - 92,8,I001*570d * 12-12-2023 15:18:44.124
Response  - 92,8,F000*83cf * 12-12-2023 15:18:44.250
Command * Level Sensing For L1 - #93,4,17564,16380,0,0*dd54
 * 12-12-2023 15:18:44.565
Response  - 93,4,I001*57cc * 12-12-2023 15:18:44.731
Response  - 93,4,F000,289*8d89 * 12-12-2023 15:18:48.827
L1 Value - 289 * 12-12-2023 15:18:48.848
Command * Level Sensing For L2 - #94,4,13934,16380,0,0*adf9
 * 12-12-2023 15:18:49.132
Response  - 94,4,I001*b18d * 12-12-2023 15:18:49.296
Response  - 94,4,F000,262*e139 * 12-12-2023 15:18:51.603
L2 Value - 262 * 12-12-2023 15:18:51.623
Command * Level Sensing For L3 - #95,4,10304,16380,0,0*5cdb
 * 12-12-2023 15:18:51.702
Response  - 95,4,I001*7d4c * 12-12-2023 15:18:51.869
Response  - 95,4,F000,258*d544 * 12-12-2023 15:18:54.169
L3 Value - 258 * 12-12-2023 15:18:54.187
Command * Both Y & Z Axis Home Command - #96,5,00110110*9d5e
 * 12-12-2023 15:18:54.262
Response  - 96,5,I001,00110110*f65e * 12-12-2023 15:18:54.419
Response  - 96,5,F000*6dcf * 12-12-2023 15:18:57.718
Command * Both Y & Z Axis Home Command - #97,5,00110110*5ea3
 * 12-12-2023 15:19:01.864
Response  - 97,5,I001,00110110*660f * 12-12-2023 15:19:02.22
Response  - 97,5,F000*a10e * 12-12-2023 15:19:02.26
Command * L1 - Picked - #98,2,1,17564,16380,0,0*60dd
 * 12-12-2023 15:19:07.467
Response  - 98,2,I001,1*2538 * 12-12-2023 15:19:07.639
Response  - 98,2,F000,1*1a69 * 12-12-2023 15:19:14.189
Command * H1 - Placed - #99,3,1,2688,1000,0,1*4735
 * 12-12-2023 15:19:14.539
Response  - 99,3,I001,1*2ca8 * 12-12-2023 15:19:14.705
Response  - 99,3,F000,1*13f9 * 12-12-2023 15:19:21.686
Command * L2 - Picked - #100,2,1,13934,16380,0,0*3f9e
 * 12-12-2023 15:19:22.154
Response  - 100,2,I001,1*3648 * 12-12-2023 15:19:22.326
Response  - 100,2,F000,1*0919 * 12-12-2023 15:19:28.872
Command * H2 - Placed - #101,3,1,2688,8700,0,1*36a7
 * 12-12-2023 15:19:29.250
Response  - 101,3,I001,1*3fd8 * 12-12-2023 15:19:29.419
Response  - 101,3,F000,1*0089 * 12-12-2023 15:19:35.975
Command * L3 - Picked - #102,2,1,10304,16380,0,0*d0a2
 * 12-12-2023 15:19:36.317
Response  - 102,2,I001,1*fce9 * 12-12-2023 15:19:36.489
Response  - 102,2,F000,1*c3b8 * 12-12-2023 15:19:42.634
Command * H3 - Placed - #103,3,1,2688,16380,0,1*9c48
 * 12-12-2023 15:19:42.913
Response  - 103,3,I001,1*f579 * 12-12-2023 15:19:43.72
Response  - 103,3,F000,1*ca28 * 12-12-2023 15:19:49.225
Racks Loaded to Heater * 12-12-2023 15:19:49.480
Command * HEATER DOOR CLOSE - #104,8,1,0*54c6
 * 12-12-2023 15:19:49.484
Response  - 104,8,I001*e0cc * 12-12-2023 15:19:49.648
Response  - 104,8,F000*340e * 12-12-2023 15:19:49.988
Command * HEATER ON - #105,12,1*9454
 * 12-12-2023 15:19:50.42
Response  - 105,12,F000*bf20 * 12-12-2023 15:19:50.208
Command * SET TEMPERATURE - #106,10,72*3225
 * 12-12-2023 15:19:55.694
Response  - 106,10,F000*ad35 * 12-12-2023 15:19:55.912
Command * READ TEMPERATURE - #107,11*c75f
 * 12-12-2023 15:19:56.286
Response  - 107,11,F000,47*120a * 12-12-2023 15:19:56.451
Command * Rack-3 Picked from J2 - #108,2,1,13934,800 ,0,0*13cd
 * 12-12-2023 15:19:58.401
Response  - 108,2,I001,1*dcc9 * 12-12-2023 15:19:58.570
Response  - 108,2,F000,1*e398 * 12-12-2023 15:20:05.119
Command * Rack-3 Placed in J3 - #109,3,1,17564,800 ,0,0*66ae
 * 12-12-2023 15:20:05.495
Response  - 109,3,I001,1*d559 * 12-12-2023 15:20:05.662
Response  - 109,3,F000,1*ea08 * 12-12-2023 15:20:11.354
Command * READ TEMPERATURE - #110,11*7363
 * 12-12-2023 15:20:16.152
Response  - 110,11,F000,48*5cbd * 12-12-2023 15:20:16.313
Command * READ TEMPERATURE - #111,11*8f62
 * 12-12-2023 15:20:21.211
Response  - 111,11,F000,49*5f81 * 12-12-2023 15:20:21.375
Command * READ TEMPERATURE - #112,11*cb62
 * 12-12-2023 15:20:26.275
Response  - 112,11,F000,49*5b85 * 12-12-2023 15:20:26.433
Command * READ TEMPERATURE - #113,11*3763
 * 12-12-2023 15:20:31.333
Response  - 113,11,F000,50*0eb9 * 12-12-2023 15:20:31.500
Command * READ TEMPERATURE - #114,11*4362
 * 12-12-2023 15:20:36.394
Response  - 114,11,F000,52*04cd * 12-12-2023 15:20:36.560
Command * READ TEMPERATURE - #115,11*bf63
 * 12-12-2023 15:20:41.444
Response  - 115,11,F000,53*07f1 * 12-12-2023 15:20:41.610
Command * READ TEMPERATURE - #116,11*fb63
 * 12-12-2023 15:20:46.516
Response  - 116,11,F000,54*c1b4 * 12-12-2023 15:20:46.691
Command * READ TEMPERATURE - #117,11*0762
 * 12-12-2023 15:20:51.593
Response  - 117,11,F000,55*c288 * 12-12-2023 15:20:51.762
Command * READ TEMPERATURE - #118,11*1361
 * 12-12-2023 15:20:56.644
Response  - 118,11,F000,55*d69c * 12-12-2023 15:20:56.813
Command * READ TEMPERATURE - #119,11*ef60
 * 12-12-2023 15:21:01.746
Response  - 119,11,F000,58*d0a0 * 12-12-2023 15:21:01.914
Command * READ TEMPERATURE - #120,11*7327
 * 12-12-2023 15:21:07.805
Response  - 120,11,F000,58*0fb9 * 12-12-2023 15:21:07.969
Command * READ TEMPERATURE - #121,11*8f26
 * 12-12-2023 15:21:13.866
Response  - 121,11,F000,59*0c85 * 12-12-2023 15:21:14.22
Command * READ TEMPERATURE - #122,11*cb26
 * 12-12-2023 15:21:19.940
Response  - 122,11,F000,61*3e80 * 12-12-2023 15:21:20.109
Command * Rack-2 Picked from J5 - #123,2,1,24824,800 ,0,0*f0ba
 * 12-12-2023 15:21:21.392
Response  - 123,2,I001,1*81b3 * 12-12-2023 15:21:21.562
Response  - 123,2,F000,1*bee2 * 12-12-2023 15:21:27.658
Command * Rack-2 Placed in J6 - #124,3,1,28454,800 ,0,0*1345
 * 12-12-2023 15:21:27.986
Response  - 124,3,I001,1*97c3 * 12-12-2023 15:21:28.154
Response  - 124,3,F000,1*a892 * 12-12-2023 15:21:33.842
Command * READ TEMPERATURE - #125,11*bf27
 * 12-12-2023 15:21:38.153
Response  - 125,11,F000,63*34f4 * 12-12-2023 15:21:38.317
Command * READ TEMPERATURE - #126,11*fb27
 * 12-12-2023 15:21:43.212
Response  - 126,11,F000,64*f2b1 * 12-12-2023 15:21:43.379
Command * READ TEMPERATURE - #127,11*0726
 * 12-12-2023 15:21:48.281
Response  - 127,11,F000,65*f18d * 12-12-2023 15:21:48.452
Command * READ TEMPERATURE - #128,11*1325
 * 12-12-2023 15:21:53.333
Response  - 128,11,F000,66*e4d9 * 12-12-2023 15:21:53.500
Command * READ TEMPERATURE - #129,11*ef24
 * 12-12-2023 15:21:58.389
Response  - 129,11,F000,66*2724 * 12-12-2023 15:21:58.558
Command * READ TEMPERATURE - #130,11*b31a
 * 12-12-2023 15:22:03.441
Response  - 130,11,F000,66*ba3a * 12-12-2023 15:22:03.609
Command * READ TEMPERATURE - #131,11*4f1b
 * 12-12-2023 15:22:08.491
Response  - 131,11,F000,68*bd46 * 12-12-2023 15:22:08.656
Command * READ TEMPERATURE - #132,11*0b1b
 * 12-12-2023 15:22:13.558
Response  - 132,11,F000,68*b942 * 12-12-2023 15:22:13.726
Command * READ TEMPERATURE - #133,11*f71a
 * 12-12-2023 15:22:18.622
Response  - 133,11,F000,69*ba7e * 12-12-2023 15:22:18.789
Command * READ TEMPERATURE - #134,11*831b
 * 12-12-2023 15:22:23.705
Response  - 134,11,F000,69*718b * 12-12-2023 15:22:23.875
Command * READ TEMPERATURE - #135,11*7f1a
 * 12-12-2023 15:22:28.763
Response  - 135,11,F000,69*b276 * 12-12-2023 15:22:28.933
Command * READ TEMPERATURE - #136,11*3b1a
 * 12-12-2023 15:22:33.819
Response  - 136,11,F000,69*b672 * 12-12-2023 15:22:33.977
Command * READ TEMPERATURE - #137,11*c71b
 * 12-12-2023 15:22:38.907
Response  - 137,11,F000,70*e34e * 12-12-2023 15:22:39.77
Command * READ TEMPERATURE - #138,11*d318
 * 12-12-2023 15:22:48.963
Response  - 138,11,F000,71*379b * 12-12-2023 15:22:49.127
Command * READ TEMPERATURE - #139,11*2f19
 * 12-12-2023 15:22:54.58
Response  - 139,11,F000,71*f466 * 12-12-2023 15:22:54.226
Command * READ TEMPERATURE - #140,11*73af
 * 12-12-2023 15:22:59.156
Response  - 140,11,F000,71*af71 * 12-12-2023 15:22:59.323
Command * READ TEMPERATURE - #141,11*8fae
 * 12-12-2023 15:23:04.224
Response  - 141,11,F000,71*6c8c * 12-12-2023 15:23:04.385
Command * READ TEMPERATURE - #142,11*cbae
 * 12-12-2023 15:23:09.301
Response  - 142,11,F000,71*6888 * 12-12-2023 15:23:09.465
Command * Rack-3 Picked from J3 - #143,2,1,17564,800 ,0,0*b522
 * 12-12-2023 15:23:12.841
Response  - 143,2,I001,1*09ad * 12-12-2023 15:23:13.0
Response  - 143,2,F000,1*36fc * 12-12-2023 15:23:19.532
Command * Rack-3 Placed in J4 - #144,3,1,21194,800 ,0,0*e00d
 * 12-12-2023 15:23:19.942
Response  - 144,3,I001,1*1fdd * 12-12-2023 15:23:20.111
Response  - 144,3,F000,1*208c * 12-12-2023 15:23:25.801
Command * READ TEMPERATURE - #145,11*bfaf
 * 12-12-2023 15:23:30.592
Response  - 145,11,F000,70*63bc * 12-12-2023 15:23:30.758
Command * READ TEMPERATURE - #146,11*fbaf
 * 12-12-2023 15:23:35.660
Response  - 146,11,F000,70*67b8 * 12-12-2023 15:23:35.825
Command * READ TEMPERATURE - #147,11*07ae
 * 12-12-2023 15:23:40.721
Response  - 147,11,F000,71*6484 * 12-12-2023 15:23:40.886
Command * READ TEMPERATURE - #148,11*13ad
 * 12-12-2023 15:23:45.781
Response  - 148,11,F000,70*b051 * 12-12-2023 15:23:45.951
Command * READ TEMPERATURE - #149,11*efac
 * 12-12-2023 15:23:50.849
Response  - 149,11,F000,70*73ac * 12-12-2023 15:23:51.24
Command * READ TEMPERATURE - #150,11*b392
 * 12-12-2023 15:23:55.918
Response  - 150,11,F000,70*eeb2 * 12-12-2023 15:23:56.82
Command * READ TEMPERATURE - #151,11*4f93
 * 12-12-2023 15:24:00.976
Response  - 151,11,F000,71*ed8e * 12-12-2023 15:24:01.143
Command * READ TEMPERATURE - #152,11*0b93
 * 12-12-2023 15:24:06.46
Response  - 152,11,F000,69*bf8a * 12-12-2023 15:24:06.211
Command * READ TEMPERATURE - #153,11*f792
 * 12-12-2023 15:24:11.104
Response  - 153,11,F000,69*7c77 * 12-12-2023 15:24:11.271
Command * READ TEMPERATURE - #154,11*8393
 * 12-12-2023 15:24:16.174
Response  - 154,11,F000,70*2143 * 12-12-2023 15:24:16.339
Command * READ TEMPERATURE - #155,11*7f92
 * 12-12-2023 15:24:21.227
Response  - 155,11,F000,70*e2be * 12-12-2023 15:24:21.389
Command * READ TEMPERATURE - #156,11*3b92
 * 12-12-2023 15:24:26.288
Response  - 156,11,F000,70*e6ba * 12-12-2023 15:24:26.470
Command * READ TEMPERATURE - #157,11*c793
 * 12-12-2023 15:24:31.351
Response  - 157,11,F000,70*2547 * 12-12-2023 15:24:31.516
Command * Rack-2 Picked from J6 - #158,2,1,28454,800 ,0,0*9572
 * 12-12-2023 15:24:35.329
Response  - 158,2,I001,1*10d8 * 12-12-2023 15:24:35.490
Response  - 158,2,F000,1*2f89 * 12-12-2023 15:24:41.607
Command * Rack-2 Placed in J7 - #159,3,1,32084,800 ,0,0*10cc
 * 12-12-2023 15:24:41.946
Response  - 159,3,I001,1*1948 * 12-12-2023 15:24:42.112
Response  - 159,3,F000,1*2619 * 12-12-2023 15:24:47.801
Command * READ TEMPERATURE - #160,11*b3d6
 * 12-12-2023 15:24:52.92
Response  - 160,11,F000,70*2db7 * 12-12-2023 15:24:52.259
Command * READ TEMPERATURE - #161,11*4fd7
 * 12-12-2023 15:24:57.145
Response  - 161,11,F000,70*ee4a * 12-12-2023 15:24:57.311
Command * READ TEMPERATURE - #162,11*0bd7
 * 12-12-2023 15:25:02.209
Response  - 162,11,F000,70*ea4e * 12-12-2023 15:25:02.373
Command * READ TEMPERATURE - #163,11*f7d6
 * 12-12-2023 15:25:07.270
Response  - 163,11,F000,70*29b3 * 12-12-2023 15:25:07.439
Command * READ TEMPERATURE - #164,11*83d7
 * 12-12-2023 15:25:12.347
Response  - 164,11,F000,70*e246 * 12-12-2023 15:25:12.519
Command * READ TEMPERATURE - #165,11*7fd6
 * 12-12-2023 15:25:17.415
Response  - 165,11,F000,70*21bb * 12-12-2023 15:25:17.580
Command * READ TEMPERATURE - #166,11*3bd6
 * 12-12-2023 15:25:22.508
Response  - 166,11,F000,70*25bf * 12-12-2023 15:25:22.674
Command * READ TEMPERATURE - #167,11*c7d7
 * 12-12-2023 15:25:27.580
Response  - 167,11,F000,70*e642 * 12-12-2023 15:25:27.748
Command * READ TEMPERATURE - #168,11*d3d4
 * 12-12-2023 15:25:32.630
Response  - 168,11,F000,70*f256 * 12-12-2023 15:25:32.796
Command * READ TEMPERATURE - #169,11*2fd5
 * 12-12-2023 15:25:37.706
Response  - 169,11,F000,70*31ab * 12-12-2023 15:25:37.872
Command * WATER VALVE - 1 CONTROL ON - #170,13,1,1*b439
 * 12-12-2023 15:25:39.898
Response  - 170,13,F000*e4af * 12-12-2023 15:25:40.69
Command * READ TEMPERATURE - #171,11*8fea
 * 12-12-2023 15:25:50.528
Response  - 171,11,F000,70*6f48 * 12-12-2023 15:25:58.727
Command * Rack-1 Picked from J8 - #172,2,1,35714,800 ,0,0*64cb
 * 12-12-2023 15:25:59.372
Response  - 172,2,I001,1*88f3 * 12-12-2023 15:25:59.533
Response  - 172,2,F000,1*b7a2 * 12-12-2023 15:26:05.221
Command * Rack-1 Dipped in W1 - #173,17,1,42974,800 ,1,1,1*f1c6
 * 12-12-2023 15:26:05.460
Response  - 173,17,I001,1*27ff * 12-12-2023 15:26:05.628
Response  - 173,17,F000,1*18ae * 12-12-2023 15:26:11.556
Command * Rack-1 Placed in W1 - #174,3,1,42974,800 ,0,0*21e8
 * 12-12-2023 15:26:12.66
Response  - 174,3,I001,1*5bd2 * 12-12-2023 15:26:12.227
Response  - 174,3,F000,1*6483 * 12-12-2023 15:26:17.388
Command * READ TEMPERATURE - #175,11*bfeb
 * 12-12-2023 15:26:22.642
Response  - 175,11,F000,71*6078 * 12-12-2023 15:26:22.809
Command * Rack-3 Picked from J4 - #176,2,1,21194,800 ,0,0*cd16
 * 12-12-2023 15:26:27.273
Response  - 176,2,I001,1*5db2 * 12-12-2023 15:26:27.437
Response  - 176,2,F000,1*62e3 * 12-12-2023 15:26:35.221
Command * Rack-3 Placed in J5 - #177,3,1,24824,800 ,0,0*dd4f
 * 12-12-2023 15:26:35.382
Response  - 177,3,I001,1*5422 * 12-12-2023 15:26:35.548
Response  - 177,3,F000,1*6b73 * 12-12-2023 15:26:41.224
Command * READ TEMPERATURE - #178,11*13e9
 * 12-12-2023 15:26:46.43
Response  - 178,11,F000,71*b395 * 12-12-2023 15:26:46.204
Command * Rack-2 Picked from J7 - #179,2,1,32084,800 ,0,0*0ebe
 * 12-12-2023 15:26:49.282
Response  - 179,2,I001,1*6d82 * 12-12-2023 15:26:49.448
Response  - 179,2,F000,1*52d3 * 12-12-2023 15:26:55.553
Command * Rack-2 Placed in J8 - #180,3,1,35714,800 ,0,0*851c
 * 12-12-2023 15:26:55.872
Response  - 180,3,I001,1*9aa3 * 12-12-2023 15:26:56.31
Response  - 180,3,F000,1*a5f2 * 12-12-2023 15:27:01.711
Command * READ TEMPERATURE - #181,11*8ebe
 * 12-12-2023 15:27:06.42
Response  - 181,11,F000,70*605c * 12-12-2023 15:27:06.211
Command * READ TEMPERATURE - #182,11*cabe
 * 12-12-2023 15:27:11.99
Response  - 182,11,F000,70*6458 * 12-12-2023 15:27:11.265
Command * READ TEMPERATURE - #183,11*36bf
 * 12-12-2023 15:27:16.173
Response  - 183,11,F000,70*a7a5 * 12-12-2023 15:27:16.338
Command * READ TEMPERATURE - #184,11*42be
 * 12-12-2023 15:27:21.233
Response  - 184,11,F000,70*6c50 * 12-12-2023 15:27:21.399
Command * READ TEMPERATURE - #185,11*bebf
 * 12-12-2023 15:27:26.290
Response  - 185,11,F000,70*afad * 12-12-2023 15:27:26.454
Command * READ TEMPERATURE - #186,11*fabf
 * 12-12-2023 15:27:31.365
Response  - 186,11,F000,70*aba9 * 12-12-2023 15:27:31.525
Command * READ TEMPERATURE - #187,11*06be
 * 12-12-2023 15:27:36.440
Response  - 187,11,F000,70*6854 * 12-12-2023 15:27:36.603
Command * READ TEMPERATURE - #188,11*12bd
 * 12-12-2023 15:27:41.510
Response  - 188,11,F000,70*7c40 * 12-12-2023 15:27:41.670
Command * READ TEMPERATURE - #189,11*eebc
 * 12-12-2023 15:27:46.649
Response  - 189,11,F000,70*bfbd * 12-12-2023 15:27:46.807
Command * READ TEMPERATURE - #190,11*b282
 * 12-12-2023 15:27:51.714
Response  - 190,11,F000,70*22a3 * 12-12-2023 15:27:51.877
Command * READ TEMPERATURE - #191,11*4e83
 * 12-12-2023 15:27:56.777
Response  - 191,11,F000,70*e15e * 12-12-2023 15:27:56.941
Command * READ TEMPERATURE - #192,11*0a83
 * 12-12-2023 15:28:01.837
Response  - 192,11,F000,70*e55a * 12-12-2023 15:28:02.2
Command * READ TEMPERATURE - #193,11*f682
 * 12-12-2023 15:28:06.937
Response  - 193,11,F000,70*26a7 * 12-12-2023 15:28:07.102
Command * READ TEMPERATURE - #194,11*8283
 * 12-12-2023 15:28:12.3
Response  - 194,11,F000,70*ed52 * 12-12-2023 15:28:12.169
Command * READ TEMPERATURE - #195,11*7e82
 * 12-12-2023 15:28:17.71
Response  - 195,11,F000,70*2eaf * 12-12-2023 15:28:17.234
Command * READ TEMPERATURE - #196,11*3a82
 * 12-12-2023 15:28:22.133
Response  - 196,11,F000,70*2aab * 12-12-2023 15:28:22.299
Command * READ TEMPERATURE - #197,11*c683
 * 12-12-2023 15:28:27.204
Response  - 197,11,F000,70*e956 * 12-12-2023 15:28:27.371
Command * READ TEMPERATURE - #198,11*d280
 * 12-12-2023 15:28:32.259
Response  - 198,11,F000,69*6b83 * 12-12-2023 15:28:32.428
Command * READ TEMPERATURE - #199,11*2e81
 * 12-12-2023 15:28:37.325
Response  - 199,11,F000,70*3ebf * 12-12-2023 15:28:37.523
Command * READ TEMPERATURE - #200,11*805e
 * 12-12-2023 15:28:42.416
Response  - 200,11,F000,70*e8bd * 12-12-2023 15:28:42.582
Command * READ TEMPERATURE - #201,11*7c5f
 * 12-12-2023 15:28:47.479
Response  - 201,11,F000,70*2b40 * 12-12-2023 15:28:47.646
Command * READ TEMPERATURE - #202,11*385f
 * 12-12-2023 15:28:52.540
Response  - 202,11,F000,70*2f44 * 12-12-2023 15:28:52.699
Command * READ TEMPERATURE - #203,11*c45e
 * 12-12-2023 15:28:57.602
Response  - 203,11,F000,70*ecb9 * 12-12-2023 15:28:57.772
Command * READ TEMPERATURE - #204,11*b05f
 * 12-12-2023 15:29:02.668
Response  - 204,11,F000,71*e78d * 12-12-2023 15:29:02.836
Command * READ TEMPERATURE - #205,11*4c5e
 * 12-12-2023 15:29:07.731
Response  - 205,11,F000,70*e4b1 * 12-12-2023 15:29:07.896
Command * READ TEMPERATURE - #206,11*085e
 * 12-12-2023 15:29:12.798
Response  - 206,11,F000,71*2074 * 12-12-2023 15:29:12.964
Command * Rack-1 Picked from W1 - #207,2,1,42974,800 ,0,0*4cf8
 * 12-12-2023 15:29:18.401
Response  - 207,2,I001,1*e8fd * 12-12-2023 15:29:18.566
Response  - 207,2,F000,1*d7ac * 12-12-2023 15:29:24.657
Command * Rack-1 Dipped in J9 - #208,17,1,39344,800 ,1,1,1*2f9a
 * 12-12-2023 15:29:24.997
Response  - 208,17,I001,1*0b2a * 12-12-2023 15:29:25.170
Response  - 208,17,F000,1*347b * 12-12-2023 15:29:30.675
Command * Rack-1 Placed in J9 - #209,3,1,39344,800 ,0,0*8fcb
 * 12-12-2023 15:29:31.78
Response  - 209,3,I001,1*d15d * 12-12-2023 15:29:31.249
Response  - 209,3,F000,1*ee0c * 12-12-2023 15:29:36.406
Command * Rack-1 Picked from J9 - #210,2,1,39344,800 ,0,0*3a56
 * 12-12-2023 15:29:38.410
Response  - 210,2,I001,1*ce48 * 12-12-2023 15:29:38.572
Response  - 210,2,F000,1*f119 * 12-12-2023 15:29:43.725
Command * Rack-1 Dipped in W1 - #211,17,1,42974,800 ,1,1,1*7c6b
 * 12-12-2023 15:29:43.993
Response  - 211,17,I001,1*54f9 * 12-12-2023 15:29:44.161
Response  - 211,17,F000,1*6ba8 * 12-12-2023 15:29:49.670
Command * Rack-1 Placed in W1 - #212,3,1,42974,800 ,0,0*3475
 * 12-12-2023 15:29:50.84
Response  - 212,3,I001,1*c828 * 12-12-2023 15:29:50.243
Response  - 212,3,F000,1*f779 * 12-12-2023 15:29:55.400
Command * Rack-3 Picked from J5 - #213,2,1,24824,800 ,0,0*d6fa
 * 12-12-2023 15:29:58.761
Response  - 213,2,I001,1*c1b8 * 12-12-2023 15:29:58.922
Response  - 213,2,F000,1*fee9 * 12-12-2023 15:30:06.277
Command * Rack-3 Placed in J6 - #214,3,1,28454,800 ,0,0*3505
 * 12-12-2023 15:30:06.337
Response  - 214,3,I001,1*d7c8 * 12-12-2023 15:30:06.495
Response  - 214,3,F000,1*e899 * 12-12-2023 15:30:12.184
Command * READ TEMPERATURE - #215,11*8c63
 * 12-12-2023 15:30:16.648
Response  - 215,11,F000,70*65b3 * 12-12-2023 15:30:16.816
Command * READ TEMPERATURE - #216,11*c863
 * 12-12-2023 15:30:21.751
Response  - 216,11,F000,69*f776 * 12-12-2023 15:30:21.916
Command * READ TEMPERATURE - #217,11*3462
 * 12-12-2023 15:30:26.849
Response  - 217,11,F000,70*a24a * 12-12-2023 15:30:27.13
Command * READ TEMPERATURE - #218,11*2061
 * 12-12-2023 15:30:31.919
Response  - 218,11,F000,71*769f * 12-12-2023 15:30:32.85
Command * READ TEMPERATURE - #219,11*dc60
 * 12-12-2023 15:30:36.977
Response  - 219,11,F000,70*75a3 * 12-12-2023 15:30:37.145
Command * READ TEMPERATURE - #220,11*4027
 * 12-12-2023 15:30:42.46
Response  - 220,11,F000,70*aaba * 12-12-2023 15:30:42.212
Command * READ TEMPERATURE - #221,11*bc26
 * 12-12-2023 15:30:47.154
Response  - 221,11,F000,71*a986 * 12-12-2023 15:30:47.322
Command * READ TEMPERATURE - #222,11*f826
 * 12-12-2023 15:30:52.250
Response  - 222,11,F000,72*acc2 * 12-12-2023 15:30:52.412
Command * READ TEMPERATURE - #223,11*0427
 * 12-12-2023 15:30:57.316
Response  - 223,11,F000,71*6e7f * 12-12-2023 15:30:57.482
Command * READ TEMPERATURE - #224,11*7026
 * 12-12-2023 15:31:02.370
Response  - 224,11,F000,70*654b * 12-12-2023 15:31:02.537
Command * READ TEMPERATURE - #225,11*8c27
 * 12-12-2023 15:31:07.437
Response  - 225,11,F000,70*a6b6 * 12-12-2023 15:31:07.596
Command * READ TEMPERATURE - #226,11*c827
 * 12-12-2023 15:31:12.503
Response  - 226,11,F000,70*a2b2 * 12-12-2023 15:31:12.667
Command * READ TEMPERATURE - #227,11*3426
 * 12-12-2023 15:31:17.557
Response  - 227,11,F000,71*a18e * 12-12-2023 15:31:17.724
Command * READ TEMPERATURE - #228,11*2025
 * 12-12-2023 15:31:22.617
Response  - 228,11,F000,70*755b * 12-12-2023 15:31:22.784
Command * READ TEMPERATURE - #229,11*dc24
 * 12-12-2023 15:31:27.677
Response  - 229,11,F000,71*7667 * 12-12-2023 15:31:27.842
Command * READ TEMPERATURE - #230,11*801a
 * 12-12-2023 15:31:32.746
Response  - 230,11,F000,70*2bb8 * 12-12-2023 15:31:32.914
Command * READ TEMPERATURE - #231,11*7c1b
 * 12-12-2023 15:31:37.805
Response  - 231,11,F000,70*e845 * 12-12-2023 15:31:37.968
Command * READ TEMPERATURE - #232,11*381b
 * 12-12-2023 15:31:42.872
Response  - 232,11,F000,70*ec41 * 12-12-2023 15:31:43.39
Command * READ TEMPERATURE - #233,11*c41a
 * 12-12-2023 15:31:47.934
Response  - 233,11,F000,71*ef7d * 12-12-2023 15:31:48.96
Command * READ TEMPERATURE - #234,11*b01b
 * 12-12-2023 15:31:53.6
Response  - 234,11,F000,71*2488 * 12-12-2023 15:31:53.169
Command * READ TEMPERATURE - #235,11*4c1a
 * 12-12-2023 15:31:58.76
Response  - 235,11,F000,70*27b4 * 12-12-2023 15:31:58.242
Command * READ TEMPERATURE - #236,11*081a
 * 12-12-2023 15:32:03.141
Response  - 236,11,F000,70*23b0 * 12-12-2023 15:32:03.308
Command * READ TEMPERATURE - #237,11*f41b
 * 12-12-2023 15:32:08.193
Response  - 237,11,F000,69*768c * 12-12-2023 15:32:08.358
Command * READ TEMPERATURE - #238,11*e018
 * 12-12-2023 15:32:13.242
Response  - 238,11,F000,71*3498 * 12-12-2023 15:32:13.404
Command * READ TEMPERATURE - #239,11*1c19
 * 12-12-2023 15:32:18.320
Response  - 239,11,F000,70*37a4 * 12-12-2023 15:32:18.483
Command * READ TEMPERATURE - #240,11*40af
 * 12-12-2023 15:32:23.380
Response  - 240,11,F000,71*ac72 * 12-12-2023 15:32:23.548
Command * READ TEMPERATURE - #241,11*bcae
 * 12-12-2023 15:32:28.474
Response  - 241,11,F000,70*af4e * 12-12-2023 15:32:28.644
Command * READ TEMPERATURE - #242,11*f8ae
 * 12-12-2023 15:32:33.535
Response  - 242,11,F000,70*ab4a * 12-12-2023 15:32:33.700
Command * READ TEMPERATURE - #243,11*04af
 * 12-12-2023 15:32:38.593
Response  - 243,11,F000,70*68b7 * 12-12-2023 15:32:38.758
Command * READ TEMPERATURE - #244,11*70ae
 * 12-12-2023 15:32:43.657
Response  - 244,11,F000,69*3583 * 12-12-2023 15:32:43.821
Command * READ TEMPERATURE - #245,11*8caf
 * 12-12-2023 15:32:48.719
Response  - 245,11,F000,69*f67e * 12-12-2023 15:32:48.878
Command * READ TEMPERATURE - #246,11*c8af
 * 12-12-2023 15:32:53.784
Response  - 246,11,F000,69*f27a * 12-12-2023 15:32:53.952
Command * Rack-1 Picked from W1 - #247,2,1,42974,800 ,0,0*c8bd
 * 12-12-2023 15:32:56.462
Response  - 247,2,I001,1*d8e8 * 12-12-2023 15:32:56.628
Response  - 247,2,F000,1*e7b9 * 12-12-2023 15:33:03.567
Command * Rack-1 Dipped in J18 - #248,17,1,39344,8590,1,1,1*0106
 * 12-12-2023 15:33:04.46
Response  - 248,17,I001,1*c4db * 12-12-2023 15:33:04.204
Response  - 248,17,F000,1*fb8a * 12-12-2023 15:33:09.886
Command * Rack-1 Placed in J18 - #249,3,1,39344,8590,0,0*511a
 * 12-12-2023 15:33:10.133
Response  - 249,3,I001,1*e148 * 12-12-2023 15:33:10.291
Response  - 249,3,F000,1*de19 * 12-12-2023 15:33:15.447
Command * Rack-1 Picked from J18 - #250,2,1,39344,8590,0,0*e487
 * 12-12-2023 15:33:17.485
Response  - 250,2,I001,1*fe5d * 12-12-2023 15:33:17.662
Response  - 250,2,F000,1*c10c * 12-12-2023 15:33:22.808
Command * Rack-1 Dipped in W6 - #251,17,1,42974,8590,1,1,1*52f7
 * 12-12-2023 15:33:23.103
Response  - 251,17,I001,1*9b08 * 12-12-2023 15:33:23.276
Response  - 251,17,F000,1*a459 * 12-12-2023 15:33:28.773
Command * Rack-1 Placed in W6 - #252,3,1,42974,8590,0,0*eaa4
 * 12-12-2023 15:33:29.191
Response  - 252,3,I001,1*f83d * 12-12-2023 15:33:29.350
Response  - 252,3,F000,1*c76c * 12-12-2023 15:33:34.515
Command * Rack-3 Picked from J6 - #253,2,1,28454,800 ,0,0*faa4
 * 12-12-2023 15:33:40.702
Response  - 253,2,I001,1*f1ad * 12-12-2023 15:33:40.868
Response  - 253,2,F000,1*cefc * 12-12-2023 15:33:47.797
Command * Rack-3 Placed in J7 - #254,3,1,32084,800 ,0,0*1992
 * 12-12-2023 15:33:48.289
Response  - 254,3,I001,1*e7dd * 12-12-2023 15:33:48.452
Response  - 254,3,F000,1*d88c * 12-12-2023 15:33:54.128
Command * READ TEMPERATURE - #255,11*4c92
 * 12-12-2023 15:33:58.714
Response  - 255,11,F000,70*e1bd * 12-12-2023 15:33:58.880
Command * READ TEMPERATURE - #0,11*a91a
 * 12-12-2023 15:34:03.778
Response  - 0,11,F000,72*2881 * 12-12-2023 15:34:03.947
Command * READ TEMPERATURE - #1,11*551b
 * 12-12-2023 15:34:08.838
Response  - 1,11,F000,71*ea3c * 12-12-2023 15:34:09.4
Command * READ TEMPERATURE - #2,11*111b
 * 12-12-2023 15:34:13.903
Response  - 2,11,F000,72*ef78 * 12-12-2023 15:34:14.68
Command * READ TEMPERATURE - #3,11*ed1a
 * 12-12-2023 15:34:18.997
Response  - 3,11,F000,71*2dc5 * 12-12-2023 15:34:19.154
Command * READ TEMPERATURE - #4,11*991b
 * 12-12-2023 15:34:24.57
Response  - 4,11,F000,70*26f1 * 12-12-2023 15:34:24.223
Command * READ TEMPERATURE - #5,11*651a
 * 12-12-2023 15:34:29.150
Response  - 5,11,F000,69*73cd * 12-12-2023 15:34:29.315
Command * READ TEMPERATURE - #6,11*211a
 * 12-12-2023 15:34:34.216
Response  - 6,11,F000,70*e108 * 12-12-2023 15:34:34.380
Command * READ TEMPERATURE - #7,11*dd1b
 * 12-12-2023 15:34:39.272
Response  - 7,11,F000,69*b434 * 12-12-2023 15:34:39.438
Command * WATER VALVE - 1 CONTROL ON - #8,13,1,1*152b
 * 12-12-2023 15:34:43.989
Response  - 8,13,F000*e98e * 12-12-2023 15:34:44.158
Command * READ TEMPERATURE - #9,11*3519
 * 12-12-2023 15:34:44.335
Response  - 9,11,F000,71*35dd * 12-12-2023 15:34:44.499
Command * READ TEMPERATURE - #10,11*4943
 * 12-12-2023 15:34:49.399
Response  - 10,11,F000,70*7124 * 12-12-2023 15:34:49.568
Command * READ TEMPERATURE - #11,11*b542
 * 12-12-2023 15:34:54.458
Response  - 11,11,F000,70*b2d9 * 12-12-2023 15:34:54.625
Command * READ TEMPERATURE - #12,11*f142
 * 12-12-2023 15:34:59.526
Response  - 12,11,F000,69*201c * 12-12-2023 15:34:59.691
Command * Rack-2 Picked from J8 - #13,2,1,35714,800 ,0,0*1833
 * 12-12-2023 15:35:03.247
Response  - 13,2,I001,1*a063 * 12-12-2023 15:35:03.410
Response  - 13,2,F000,1*9f32 * 12-12-2023 15:35:09.98
Command * Rack-2 Dipped in W1 - #14,17,1,42974,800 ,1,1,1*4acc
 * 12-12-2023 15:35:09.351
Response  - 14,17,I001,1*c3c9 * 12-12-2023 15:35:09.520
Response  - 14,17,F000,1*fc98 * 12-12-2023 15:35:15.432
Command * Rack-2 Placed in W1 - #15,3,1,42974,800 ,0,0*5d10
 * 12-12-2023 15:35:15.941
Response  - 15,3,I001,1*7342 * 12-12-2023 15:35:16.101
Response  - 15,3,F000,1*4c13 * 12-12-2023 15:35:21.249
Command * READ TEMPERATURE - #16,11*c143
 * 12-12-2023 15:35:25.989
Response  - 16,11,F000,70*792c * 12-12-2023 15:35:26.165
Command * READ TEMPERATURE - #17,11*3d42
 * 12-12-2023 15:35:31.57
Response  - 17,11,F000,70*bad1 * 12-12-2023 15:35:31.222
Command * READ TEMPERATURE - #18,11*2941
 * 12-12-2023 15:35:36.116
Response  - 18,11,F000,71*6e04 * 12-12-2023 15:35:36.281
Command * READ TEMPERATURE - #19,11*d540
 * 12-12-2023 15:35:41.184
Response  - 19,11,F000,71*adf9 * 12-12-2023 15:35:41.350
Command * READ TEMPERATURE - #20,11*4907
 * 12-12-2023 15:35:46.251
Response  - 20,11,F000,71*72e0 * 12-12-2023 15:35:46.416
Command * READ TEMPERATURE - #21,11*b506
 * 12-12-2023 15:35:51.305
Response  - 21,11,F000,71*b11d * 12-12-2023 15:35:51.479
Command * Rack-3 Picked from J7 - #22,2,1,32084,800 ,0,0*eaed
 * 12-12-2023 15:35:55.617
Response  - 22,2,I001,1*213d * 12-12-2023 15:35:55.780
Response  - 22,2,F000,1*1e6c * 12-12-2023 15:36:02.308
Command * Rack-3 Placed in J8 - #23,3,1,35714,800 ,0,0*d751
 * 12-12-2023 15:36:02.712
Response  - 23,3,I001,1*28ad * 12-12-2023 15:36:02.875
Response  - 23,3,F000,1*17fc * 12-12-2023 15:36:08.560
Command * READ TEMPERATURE - #24,11*7906
 * 12-12-2023 15:36:13.373
Response  - 24,11,F000,71*bd11 * 12-12-2023 15:36:13.540
Command * READ TEMPERATURE - #25,11*8507
 * 12-12-2023 15:36:18.433
Response  - 25,11,F000,71*7eec * 12-12-2023 15:36:18.601
Command * READ TEMPERATURE - #26,11*c107
 * 12-12-2023 15:36:23.501
Response  - 26,11,F000,70*ba29 * 12-12-2023 15:36:23.697
Command * READ TEMPERATURE - #27,11*3d06
 * 12-12-2023 15:36:28.607
Response  - 27,11,F000,70*79d4 * 12-12-2023 15:36:28.770
Command * READ TEMPERATURE - #28,11*2905
 * 12-12-2023 15:36:33.660
Response  - 28,11,F000,70*6dc0 * 12-12-2023 15:36:33.848
Command * Rack-1 Picked from W6 - #29,2,1,42974,8590,0,0*05f6
 * 12-12-2023 15:36:35.542
Response  - 29,2,I001,1*c44c * 12-12-2023 15:36:35.714
Response  - 29,2,F000,1*fb1d * 12-12-2023 15:36:41.810
Command * Rack-1 Dipped in J19 - #30,17,1,35714,8590,1,1,1*10aa
 * 12-12-2023 15:36:42.132
Response  - 30,17,I001,1*3425 * 12-12-2023 15:36:42.299
Response  - 30,17,F000,1*0b74 * 12-12-2023 15:36:48.223
Command * Rack-1 Placed in J19 - #31,3,1,35714,8590,0,0*beac
 * 12-12-2023 15:36:48.720
Response  - 31,3,I001,1*1e08 * 12-12-2023 15:36:48.879
Response  - 31,3,F000,1*2159 * 12-12-2023 15:36:54.33
Command * Rack-1 Picked from J19 - #32,2,1,35714,8590,0,0*71b9
 * 12-12-2023 15:36:56.66
Response  - 32,2,I001,1*dd39 * 12-12-2023 15:36:56.232
Response  - 32,2,F000,1*e268 * 12-12-2023 15:37:01.383
Command * Rack-1 Placed in J20 - #33,3,1,32084,8590,0,0*4c05
 * 12-12-2023 15:37:01.641
Response  - 33,3,I001,1*d4a9 * 12-12-2023 15:37:01.804
Response  - 33,3,F000,1*ebf8 * 12-12-2023 15:37:07.491
Command * READ TEMPERATURE - #34,11*b93b
 * 12-12-2023 15:37:11.806
Response  - 34,11,F000,68*aad2 * 12-12-2023 15:37:11.972
Command * READ TEMPERATURE - #35,11*453a
 * 12-12-2023 15:37:16.868
Response  - 35,11,F000,70*3f2f * 12-12-2023 15:37:17.36
Command * READ TEMPERATURE - #36,11*013a
 * 12-12-2023 15:37:21.940
Response  - 36,11,F000,71*fbea * 12-12-2023 15:37:22.103
Command * READ TEMPERATURE - #37,11*fd3b
 * 12-12-2023 15:37:26.991
Response  - 37,11,F000,70*f8d6 * 12-12-2023 15:37:27.165
Command * READ TEMPERATURE - #38,11*e938
 * 12-12-2023 15:37:32.57
Response  - 38,11,F000,69*7a03 * 12-12-2023 15:37:32.221
Command * READ TEMPERATURE - #39,11*1539
 * 12-12-2023 15:37:37.122
Response  - 39,11,F000,70*2f3f * 12-12-2023 15:37:37.286
Command * READ TEMPERATURE - #40,11*498f
 * 12-12-2023 15:37:42.181
Response  - 40,11,F000,70*7428 * 12-12-2023 15:37:42.345
Command * READ TEMPERATURE - #41,11*b58e
 * 12-12-2023 15:37:47.272
Response  - 41,11,F000,70*b7d5 * 12-12-2023 15:37:47.438
Command * READ TEMPERATURE - #42,11*f18e
 * 12-12-2023 15:37:52.341
Response  - 42,11,F000,71*7310 * 12-12-2023 15:37:52.511
Command * READ TEMPERATURE - #43,11*0d8f
 * 12-12-2023 15:37:57.412
Response  - 43,11,F000,70*702c * 12-12-2023 15:37:57.575
Command * READ TEMPERATURE - #44,11*798e
 * 12-12-2023 15:38:02.488
Response  - 44,11,F000,70*bbd9 * 12-12-2023 15:38:02.655
Command * READ TEMPERATURE - #45,11*858f
 * 12-12-2023 15:38:07.550
Response  - 45,11,F000,71*b8e5 * 12-12-2023 15:38:07.715
Command * READ TEMPERATURE - #46,11*c18f
 * 12-12-2023 15:38:12.603
Response  - 46,11,F000,70*7c20 * 12-12-2023 15:38:12.769
Command * READ TEMPERATURE - #47,11*3d8e
 * 12-12-2023 15:38:17.671
Response  - 47,11,F000,69*291c * 12-12-2023 15:38:17.837
Command * Rack-2 Picked from W1 - #48,2,1,42974,800 ,0,0*e839
 * 12-12-2023 15:38:23.747
Response  - 48,2,I001,1*8903 * 12-12-2023 15:38:23.911
Response  - 48,2,F000,1*b652 * 12-12-2023 15:38:30.433
Command * Rack-2 Dipped in J9 - #49,17,1,39344,800 ,1,1,1*3f7d
 * 12-12-2023 15:38:30.836
Response  - 49,17,I001,1*63fe * 12-12-2023 15:38:31.3
Response  - 49,17,F000,1*5caf * 12-12-2023 15:38:36.503
Command * Rack-2 Placed in J9 - #50,3,1,39344,800 ,0,0*9c92
 * 12-12-2023 15:38:36.928
Response  - 50,3,I001,1*5347 * 12-12-2023 15:38:37.92
Response  - 50,3,F000,1*6c16 * 12-12-2023 15:38:42.240
Command * Rack-2 Picked from J9 - #51,2,1,39344,800 ,0,0*b1fe
 * 12-12-2023 15:38:45.760
Response  - 51,2,I001,1*5ad7 * 12-12-2023 15:38:45.923
Response  - 51,2,F000,1*6586 * 12-12-2023 15:38:51.81
Command * Rack-2 Dipped in W1 - #52,17,1,42974,800 ,1,1,1*1515
 * 12-12-2023 15:38:51.352
Response  - 52,17,I001,1*8426 * 12-12-2023 15:38:51.514
Response  - 52,17,F000,1*bb77 * 12-12-2023 15:38:57.23
Command * Rack-2 Placed in W1 - #53,3,1,42974,800 ,0,0*bfdd
 * 12-12-2023 15:38:57.442
Response  - 53,3,I001,1*5cb7 * 12-12-2023 15:38:57.611
Response  - 53,3,F000,1*63e6 * 12-12-2023 15:39:02.763
Command * READ TEMPERATURE - #54,11*b9b3
 * 12-12-2023 15:39:07.530
Response  - 54,11,F000,71*fa1a * 12-12-2023 15:39:07.701
Command * READ TEMPERATURE - #55,11*45b2
 * 12-12-2023 15:39:12.588
Response  - 55,11,F000,70*f926 * 12-12-2023 15:39:12.756
Command * READ TEMPERATURE - #56,11*01b2
 * 12-12-2023 15:39:17.677
Response  - 56,11,F000,70*fd22 * 12-12-2023 15:39:17.844
Command * READ TEMPERATURE - #57,11*fdb3
 * 12-12-2023 15:39:22.743
Response  - 57,11,F000,70*3edf * 12-12-2023 15:39:22.906
Command * READ TEMPERATURE - #58,11*e9b0
 * 12-12-2023 15:39:27.842
Response  - 58,11,F000,70*2acb * 12-12-2023 15:39:28.7
Command * READ TEMPERATURE - #59,11*15b1
 * 12-12-2023 15:39:32.897
Response  - 59,11,F000,70*e936 * 12-12-2023 15:39:33.64
Command * READ TEMPERATURE - #60,11*89f6
 * 12-12-2023 15:39:37.969
Response  - 60,11,F000,71*f6ee * 12-12-2023 15:39:38.138
Command * READ TEMPERATURE - #61,11*75f7
 * 12-12-2023 15:39:43.25
Response  - 61,11,F000,70*f5d2 * 12-12-2023 15:39:43.195
Command * READ TEMPERATURE - #62,11*31f7
 * 12-12-2023 15:39:48.88
Response  - 62,11,F000,70*f1d6 * 12-12-2023 15:39:48.253
Command * READ TEMPERATURE - #63,11*cdf6
 * 12-12-2023 15:39:53.152
Response  - 63,11,F000,70*322b * 12-12-2023 15:39:53.313
Command * READ TEMPERATURE - #64,11*b9f7
 * 12-12-2023 15:39:58.255
Response  - 64,11,F000,71*391f * 12-12-2023 15:39:58.421
Command * READ TEMPERATURE - #65,11*45f6
 * 12-12-2023 15:40:03.333
Response  - 65,11,F000,70*3a23 * 12-12-2023 15:40:03.498
Command * Rack-1 Picked from J20 - #66,2,1,32084,8590,0,0*b0cd
 * 12-12-2023 15:40:08.504
Response  - 66,2,I001,1*c469 * 12-12-2023 15:40:08.665
Response  - 66,2,F000,1*fb38 * 12-12-2023 15:40:15.184
Command * Rack-1 Placed in J21 - #67,3,1,28454,8590,0,0*3573
 * 12-12-2023 15:40:15.626
Response  - 67,3,I001,1*cdf9 * 12-12-2023 15:40:15.789
Response  - 67,3,F000,1*f2a8 * 12-12-2023 15:40:21.481
Command * READ TEMPERATURE - #68,11*e9f4
 * 12-12-2023 15:40:25.759
Response  - 68,11,F000,71*290f * 12-12-2023 15:40:25.931
Command * READ TEMPERATURE - #69,11*15f5
 * 12-12-2023 15:40:30.818
Response  - 69,11,F000,71*eaf2 * 12-12-2023 15:40:30.982
Command * READ TEMPERATURE - #70,11*49cb
 * 12-12-2023 15:40:35.883
Response  - 70,11,F000,71*77ec * 12-12-2023 15:40:36.51
Command * READ TEMPERATURE - #71,11*b5ca
 * 12-12-2023 15:40:40.944
Response  - 71,11,F000,71*b411 * 12-12-2023 15:40:41.108
Command * READ TEMPERATURE - #72,11*f1ca
 * 12-12-2023 15:40:46.11
Response  - 72,11,F000,70*70d4 * 12-12-2023 15:40:46.181
Command * READ TEMPERATURE - #73,11*0dcb
 * 12-12-2023 15:40:51.74
Response  - 73,11,F000,71*73e8 * 12-12-2023 15:40:51.237
Command * READ TEMPERATURE - #74,11*79ca
 * 12-12-2023 15:40:56.139
Response  - 74,11,F000,71*b81d * 12-12-2023 15:40:56.304
Command * READ TEMPERATURE - #75,11*85cb
 * 12-12-2023 15:41:01.195
Response  - 75,11,F000,70*bb21 * 12-12-2023 15:41:01.351
Command * READ TEMPERATURE - #76,11*c1cb
 * 12-12-2023 15:41:06.256
Response  - 76,11,F000,70*bf25 * 12-12-2023 15:41:06.421
Command * READ TEMPERATURE - #77,11*3dca
 * 12-12-2023 15:41:11.326
Response  - 77,11,F000,69*ea19 * 12-12-2023 15:41:11.493
Command * READ TEMPERATURE - #78,11*29c9
 * 12-12-2023 15:41:16.417
Response  - 78,11,F000,71*a80d * 12-12-2023 15:41:16.586
Command * READ TEMPERATURE - #79,11*d5c8
 * 12-12-2023 15:41:21.491
Response  - 79,11,F000,70*ab31 * 12-12-2023 15:41:21.653
Command * READ TEMPERATURE - #80,11*489f
 * 12-12-2023 15:41:26.564
Response  - 80,11,F000,70*b839 * 12-12-2023 15:41:26.730
Command * READ TEMPERATURE - #81,11*b49e
 * 12-12-2023 15:41:31.626
Response  - 81,11,F000,70*7bc4 * 12-12-2023 15:41:31.793
Command * READ TEMPERATURE - #82,11*f09e
 * 12-12-2023 15:41:36.684
Response  - 82,11,F000,70*7fc0 * 12-12-2023 15:41:36.850
Command * READ TEMPERATURE - #83,11*0c9f
 * 12-12-2023 15:41:41.742
Response  - 83,11,F000,71*7cfc * 12-12-2023 15:41:41.911
Command * READ TEMPERATURE - #84,11*789e
 * 12-12-2023 15:41:46.801
Response  - 84,11,F000,70*77c8 * 12-12-2023 15:41:46.970
Command * READ TEMPERATURE - #85,11*849f
 * 12-12-2023 15:41:51.853
Response  - 85,11,F000,71*74f4 * 12-12-2023 15:41:52.19
Command * READ TEMPERATURE - #86,11*c09f
 * 12-12-2023 15:41:56.922
Response  - 86,11,F000,70*b031 * 12-12-2023 15:41:57.93
Command * READ TEMPERATURE - #87,11*3c9e
 * 12-12-2023 15:42:01.973
Response  - 87,11,F000,71*b30d * 12-12-2023 15:42:02.140
Command * Rack-2 Picked from W1 - #88,2,1,42974,800 ,0,0*24f5
 * 12-12-2023 15:42:04.347
Response  - 88,2,I001,1*d93c * 12-12-2023 15:42:04.515
Response  - 88,2,F000,1*e66d * 12-12-2023 15:42:11.444
Command * Rack-2 Dipped in J18 - #89,17,1,39344,8590,1,1,1*fb06
 * 12-12-2023 15:42:11.957
Response  - 89,17,I001,1*73ee * 12-12-2023 15:42:12.116
Response  - 89,17,F000,1*4cbf * 12-12-2023 15:42:17.813
Command * Rack-2 Placed in J18 - #90,3,1,39344,8590,0,0*0aca
 * 12-12-2023 15:42:18.57
Response  - 90,3,I001,1*0378 * 12-12-2023 15:42:18.216
Response  - 90,3,F000,1*3c29 * 12-12-2023 15:42:23.386
Command * Rack-2 Picked from J18 - #91,2,1,39344,8590,0,0*27a6
 * 12-12-2023 15:42:25.903
Response  - 91,2,I001,1*0ae8 * 12-12-2023 15:42:26.65
Response  - 91,2,F000,1*35b9 * 12-12-2023 15:42:31.215
Command * Rack-2 Dipped in W6 - #92,17,1,42974,8590,1,1,1*d16e
 * 12-12-2023 15:42:31.540
Response  - 92,17,I001,1*9436 * 12-12-2023 15:42:31.712
Response  - 92,17,F000,1*ab67 * 12-12-2023 15:42:37.220
Command * Rack-2 Placed in W6 - #93,3,1,42974,8590,0,0*2985
 * 12-12-2023 15:42:37.629
Response  - 93,3,I001,1*0c88 * 12-12-2023 15:42:37.797
Response  - 93,3,F000,1*33d9 * 12-12-2023 15:42:42.947
Command * READ TEMPERATURE - #94,11*b8a3
 * 12-12-2023 15:42:48.107
Response  - 94,11,F000,70*f6ca * 12-12-2023 15:42:48.277
Command * HEATER OFF - #95,12,0*8795
 * 12-12-2023 15:42:53.167
Response  - 95,12,F000*8f7d * 12-12-2023 15:42:53.336
Command * HEATER DOOR OPEN - #96,8,1,1*54f7
 * 12-12-2023 15:42:54.49
Response  - 96,8,I001*a40c * 12-12-2023 15:42:54.207
Response  - 96,8,F000*70ce * 12-12-2023 15:42:54.550
Rack - 4Protocol Started * 12-12-2023 15:42:55.111
Command * Rack-4 Picked from H1 - #97,2,1,2688,1000,0,1*3e0e
 * 12-12-2023 15:42:55.182
Response  - 97,2,I001,1*1508 * 12-12-2023 15:42:55.345
Response  - 97,2,F000,1*2a59 * 12-12-2023 15:43:05.260
Command * HEATER DOOR CLOSE - #98,8,1,0*54d9
 * 12-12-2023 15:43:05.776
Response  - 98,8,I001*288d * 12-12-2023 15:43:05.945
Response  - 98,8,F000*fc4f * 12-12-2023 15:43:06.274
Command * Rack-4 Placed in J1 - #99,3,1,10304,800,0,0*d7be
 * 12-12-2023 15:43:06.374
Response  - 99,3,I001,1*2ca8 * 12-12-2023 15:43:06.575
Response  - 99,3,F000,1*13f9 * 12-12-2023 15:43:12.672
Command * Rack-1 Picked from J21 - #100,2,1,28454,8590,0,0*d352
 * 12-12-2023 15:43:22.726
Response  - 100,2,I001,1*3648 * 12-12-2023 15:43:22.919
Response  - 100,2,F000,1*0919 * 12-12-2023 15:43:30.250
Command * Rack-1 Placed in J22 - #101,3,1,24824,8590,0,0*5625
 * 12-12-2023 15:43:30.378
Response  - 101,3,I001,1*3fd8 * 12-12-2023 15:43:30.546
Response  - 101,3,F000,1*0089 * 12-12-2023 15:43:36.229
Command * WATER VALVE - 1 CONTROL ON - #102,13,1,1*5d9e
 * 12-12-2023 15:43:50.788
Response  - 102,13,F000*5e07 * 12-12-2023 15:43:50.956
Command * Rack-3 Picked from J8 - #103,2,1,35714,800 ,0,0*0280
 * 12-12-2023 15:44:08.814
Response  - 103,2,I001,1*39b8 * 12-12-2023 15:44:08.981
Response  - 103,2,F000,1*06e9 * 12-12-2023 15:44:15.500
Command * Rack-3 Dipped in W1 - #104,17,1,42974,800 ,1,1,1*cd36
 * 12-12-2023 15:44:15.971
Response  - 104,17,I001,1*9810 * 12-12-2023 15:44:16.141
Response  - 104,17,F000,1*a741 * 12-12-2023 15:44:22.65
Command * Rack-3 Placed in W1 - #105,3,1,42974,800 ,0,0*47a3
 * 12-12-2023 15:44:22.545
Response  - 105,3,I001,1*ea99 * 12-12-2023 15:44:22.721
Response  - 105,3,F000,1*d5c8 * 12-12-2023 15:44:27.860
Command * Rack-2 Picked from W6 - #106,2,1,42974,8590,0,0*d222
 * 12-12-2023 15:45:44.225
Response  - 106,2,I001,1*29a8 * 12-12-2023 15:45:44.407
Response  - 106,2,F000,1*16f9 * 12-12-2023 15:45:50.261
Command * Rack-2 Dipped in J19 - #107,17,1,35714,8590,1,1,1*eb8f
 * 12-12-2023 15:45:50.350
Response  - 107,17,I001,1*dc1f * 12-12-2023 15:45:50.510
Response  - 107,17,F000,1*e34e * 12-12-2023 15:45:56.431
Command * Rack-2 Placed in J19 - #108,3,1,35714,8590,0,0*dee0
 * 12-12-2023 15:45:56.940
Response  - 108,3,I001,1*1008 * 12-12-2023 15:45:57.100
Response  - 108,3,F000,1*2f59 * 12-12-2023 15:46:02.267
Command * Rack-2 Picked from J19 - #109,2,1,35714,8590,0,0*f38c
 * 12-12-2023 15:46:03.552
Response  - 109,2,I001,1*1998 * 12-12-2023 15:46:03.716
Response  - 109,2,F000,1*26c9 * 12-12-2023 15:46:08.875
Command * Rack-2 Placed in J20 - #110,3,1,32084,8590,0,0*56c1
 * 12-12-2023 15:46:09.166
Response  - 110,3,I001,1*068d * 12-12-2023 15:46:09.328
Response  - 110,3,F000,1*39dc * 12-12-2023 15:46:15.22
Command * Rack-4 Picked from J1 - #111,2,1,10304,800,0,0*4df6
 * 12-12-2023 15:46:28.978
Response  - 111,2,I001,1*0f1d * 12-12-2023 15:46:29.141
