Command Sent WATER VALVE - 1 CONTROL OFF - #0,13,1,0*73eb  * 01-04-2025 17:28:29.748
CRC-Response  - 0,13,F000*29e9 * 01-04-2025 17:28:30.7
Command Sent WATER VALVE - 2 CONTROL OFF - #1,13,2,0*bfda  * 01-04-2025 17:28:30.672
CRC-Response  - 1,13,F000*b9e4 * 01-04-2025 17:28:30.885
Command Sent WATER VALVE - 3 CONTROL OFF - #2,13,3,0*6acb  * 01-04-2025 17:28:31.553
CRC-Response  - 2,13,F000*49f0 * 01-04-2025 17:28:31.762
Command Sent WATER VALVE - 4 CONTROL OFF - #3,13,4,0*67bb  * 01-04-2025 17:28:32.421
CRC-Response  - 3,13,F000*d9fd * 01-04-2025 17:28:32.636
Command Sent WATER VALVE - 5 CONTROL OFF - #4,13,5,0*41ab  * 01-04-2025 17:28:33.299
CRC-Response  - 4,13,F000*e9db * 01-04-2025 17:28:33.516
Command Sent WATER VALVE - 6 CONTROL OFF - #5,13,6,0*8d9a  * 01-04-2025 17:28:34.168
CRC-Response  - 5,13,F000*79d6 * 01-04-2025 17:28:34.381
Command Sent Home Command - #6,5,01111111*b1b5  * 01-04-2025 17:28:35.49
CRC-Response  - 6,5,I001,01111111*0f53 * 01-04-2025 17:28:35.261
CRC-Response  - 6,5,F000*c7bb * 01-04-2025 17:28:35.265
Command Sent Home Command - #7,5,01111111*7248  * 01-04-2025 17:28:37.938
CRC-Response  - 7,5,I001,01111111*9f02 * 01-04-2025 17:28:38.150
CRC-Response  - 7,5,F000*0b7a * 01-04-2025 17:28:38.156
Command Sent Level Sensing For L1 - #8,4,17564,16380,0,0*ab6b  * 01-04-2025 17:28:39.825
CRC-Response  - 8,4,I001*4ef9 * 01-04-2025 17:28:40.39
CRC-Response  - 8,4,F000,979*b423 * 01-04-2025 17:28:48.325
L1 Value - 979 * 01-04-2025 17:28:48.353
Command Sent Level Sensing For L2 - #9,4,13934,16380,0,0*534e  * 01-04-2025 17:28:48.735
CRC-Response  - 9,4,I001*8238 * 01-04-2025 17:28:48.944
CRC-Response  - 9,4,F000,964*221e * 01-04-2025 17:28:51.231
L2 Value - 964 * 01-04-2025 17:28:51.252
Command Sent Level Sensing For L3 - #10,4,10304,16380,0,0*d9f6  * 01-04-2025 17:28:51.620
CRC-Response  - 10,4,I001*82eb * 01-04-2025 17:28:51.836
CRC-Response  - 10,4,F000,983*0463 * 01-04-2025 17:28:54.124
L3 Value - 983 * 01-04-2025 17:28:54.141
Command Sent Home Command - #11,5,01111111*e264  * 01-04-2025 17:28:54.502
CRC-Response  - 11,5,I001,01111111*59be * 01-04-2025 17:28:54.713
CRC-Response  - 11,5,F000*4be9 * 01-04-2025 17:28:54.720
Command Sent Home Command - #12,5,01111111*e660  * 01-04-2025 17:28:56.384
CRC-Response  - 12,5,I001,01111111*a94e * 01-04-2025 17:28:56.597
CRC-Response  - 12,5,F000*5ea9 * 01-04-2025 17:28:56.606
Rack - 1Protocol Started * 01-04-2025 17:28:57.857
Command Sent Rack-1 Picked from L1 - #13,2,2,17564,16380,0,0*4d1e  * 01-04-2025 17:28:58.73
CRC-Response  - 13,2,I001,2*a123 * 01-04-2025 17:28:58.284
CRC-Response  - 13,2,F000,2*9e72 * 01-04-2025 17:29:05.455
RA Picked Rack From L1 * 01-04-2025 17:29:05.459
Command Sent Rack-1 Placed in J13 - #14,3,2,64754,800,0,0*9acd  * 01-04-2025 17:29:06.16
CRC-Response  - 14,3,I001,2*b753 * 01-04-2025 17:29:06.225
CRC-Response  - 14,3,F000,2*8802 * 01-04-2025 17:29:16.727
RA Placed Rack in J13 * 01-04-2025 17:29:16.732
Command Sent RA-2 Movement - #15,1,2,2688,800 ,0*3aa1  * 01-04-2025 17:29:17.431
CRC-Response  - 15,1,I001,2*ab83 * 01-04-2025 17:29:17.641
CRC-Response  - 15,1,F000,2*94d2 * 01-04-2025 17:29:25.441
RA Moved to assigned Location * 01-04-2025 17:29:25.447
Command Sent Rack-1 Picked from J13 - #16,2,1,64754,800,0,0*b3a6  * 01-04-2025 17:31:17.25
CRC-Response  - 16,2,I001,1*b073 * 01-04-2025 17:31:17.251
CRC-Response  - 16,2,F000,1*8f22 * 01-04-2025 17:31:22.595
RA Picked Rack From J13 * 01-04-2025 17:31:22.598
Command Sent Rack-1 Placed in J12 - #17,3,1,61124,800,0,0*8169  * 01-04-2025 17:31:22.943
CRC-Response  - 17,3,I001,1*b9e3 * 01-04-2025 17:31:23.154
CRC-Response  - 17,3,F000,1*86b2 * 01-04-2025 17:31:28.762
RA Placed Rack in J12 * 01-04-2025 17:31:28.769
Command Sent Rack-1 Picked from J12 - #18,2,1,61124,800,0,0*046f  * 01-04-2025 17:33:29.488
CRC-Response  - 18,2,I001,1*4512 * 01-04-2025 17:33:29.884
CRC-Response  - 18,2,F000,1*7a43 * 01-04-2025 17:33:34.792
RA Picked Rack From J12 * 01-04-2025 17:33:34.798
Command Sent Rack-1 Placed in J11 - #19,3,1,57494,800,0,0*8a6e  * 01-04-2025 17:33:35.89
CRC-Response  - 19,3,I001,1*4c82 * 01-04-2025 17:33:35.301
CRC-Response  - 19,3,F000,1*73d3 * 01-04-2025 17:33:40.913
RA Placed Rack in J11 * 01-04-2025 17:33:40.918
Command Sent Home Command - #20,5,00111111*228c  * 01-04-2025 17:33:42.122
CRC-Response  - 20,5,I001,00111111*4d0f * 01-04-2025 17:33:42.336
CRC-Response  - 20,5,F000*773c * 01-04-2025 17:33:42.346
Rack - 2Protocol Started * 01-04-2025 17:33:42.855
Command Sent Rack-2 Picked from L2 - #21,2,2,13934,16380,0,0*be56  * 01-04-2025 17:33:43.36
CRC-Response  - 21,2,I001,2*2f8d * 01-04-2025 17:33:43.249
CRC-Response  - 21,2,F000,2*10dc * 01-04-2025 17:33:50.23
RA Picked Rack From L2 * 01-04-2025 17:33:50.30
Command Sent Rack-2 Placed in J13 - #22,3,2,64754,800,0,0*2101  * 01-04-2025 17:33:50.486
CRC-Response  - 22,3,I001,2*ecbc * 01-04-2025 17:33:50.704
CRC-Response  - 22,3,F000,2*d3ed * 01-04-2025 17:34:01.597
RA Placed Rack in J13 * 01-04-2025 17:34:01.605
Command Sent RA-2 Movement - #23,1,2,2688,800 ,0*dfb2  * 01-04-2025 17:34:02.526
CRC-Response  - 23,1,I001,2*f06c * 01-04-2025 17:34:02.738
CRC-Response  - 23,1,F000,2*cf3d * 01-04-2025 17:34:10.526
RA Moved to assigned Location * 01-04-2025 17:34:10.533
Command Sent Rack-1 Picked from J11 - #24,2,1,57494,800,0,0*8455  * 01-04-2025 17:35:41.622
CRC-Response  - 24,2,I001,1*3edd * 01-04-2025 17:35:41.935
CRC-Response  - 24,2,F000,1*018c * 01-04-2025 17:35:47.996
RA Picked Rack From J11 * 01-04-2025 17:35:48.1
Command Sent Rack-1 Placed in J10 - #25,3,1,53864,800,0,0*47c7  * 01-04-2025 17:35:48.618
CRC-Response  - 25,3,I001,1*374d * 01-04-2025 17:35:48.829
CRC-Response  - 25,3,F000,1*081c * 01-04-2025 17:35:54.449
RA Placed Rack in J10 * 01-04-2025 17:35:54.454
Command Sent Rack-2 Picked from J13 - #26,2,1,64754,800,0,0*80e2  * 01-04-2025 17:36:05.398
CRC-Response  - 26,2,I001,1*f47c * 01-04-2025 17:36:05.611
CRC-Response  - 26,2,F000,1*cb2d * 01-04-2025 17:36:12.43
RA Picked Rack From J13 * 01-04-2025 17:36:12.49
Command Sent Rack-2 Placed in J12 - #27,3,1,61124,800,0,0*b22d  * 01-04-2025 17:36:12.322
CRC-Response  - 27,3,I001,1*fdec * 01-04-2025 17:36:12.533
CRC-Response  - 27,3,F000,1*c2bd * 01-04-2025 17:36:18.157
RA Placed Rack in J12 * 01-04-2025 17:36:18.162
Command Sent Rack-1 Picked from J10 - #28,2,1,53864,800,0,0*7ab8  * 01-04-2025 17:37:55.76
CRC-Response  - 28,2,I001,1*011d * 01-04-2025 17:37:55.324
CRC-Response  - 28,2,F000,1*3e4c * 01-04-2025 17:38:01.311
RA Picked Rack From J10 * 01-04-2025 17:38:01.316
Command Sent Rack-1 Placed in J9 - #29,3,1,39344,800,0,0*2641  * 01-04-2025 17:38:01.517
CRC-Response  - 29,3,I001,1*088d * 01-04-2025 17:38:01.729
CRC-Response  - 29,3,F000,1*37dc * 01-04-2025 17:38:08.562
RA Placed Rack in J9 * 01-04-2025 17:38:08.567
Command Sent Rack-2 Picked from J12 - #30,2,1,61124,800,0,0*87f4  * 01-04-2025 17:38:18.825
CRC-Response  - 30,2,I001,1*1798 * 01-04-2025 17:38:19.44
CRC-Response  - 30,2,F000,1*28c9 * 01-04-2025 17:38:26.695
RA Picked Rack From J12 * 01-04-2025 17:38:26.699
Command Sent Rack-2 Placed in J11 - #31,3,1,57494,800,0,0*09f5  * 01-04-2025 17:38:27.257
CRC-Response  - 31,3,I001,1*1e08 * 01-04-2025 17:38:27.474
CRC-Response  - 31,3,F000,1*2159 * 01-04-2025 17:38:33.84
RA Placed Rack in J11 * 01-04-2025 17:38:33.86
Command Sent Home Command - #32,5,00111111*6477  * 01-04-2025 17:38:34.112
CRC-Response  - 32,5,I001,00111111*d1ff * 01-04-2025 17:38:34.329
CRC-Response  - 32,5,F000*3eb0 * 01-04-2025 17:38:34.332
Rack - R3Protocol Started * 01-04-2025 17:38:34.824
Command Sent Rack-3 Picked from L3 - #33,2,2,10304,16380,0,0*9dba  * 01-04-2025 17:38:35.12
CRC-Response  - 33,2,I001,2*1928 * 01-04-2025 17:38:35.224
CRC-Response  - 33,2,F000,2*2679 * 01-04-2025 17:38:41.716
RA Picked Rack From L3 * 01-04-2025 17:38:41.722
Command Sent Rack-3 Placed in J13 - #34,3,2,64754,800,0,0*78b4  * 01-04-2025 17:38:41.922
CRC-Response  - 34,3,I001,2*0f58 * 01-04-2025 17:38:42.134
CRC-Response  - 34,3,F000,2*3009 * 01-04-2025 17:38:53.445
RA Placed Rack in J13 * 01-04-2025 17:38:53.449
Command Sent RA-2 Movement - #35,1,2,2688,800 ,0*8200  * 01-04-2025 17:38:54.311
CRC-Response  - 35,1,I001,2*1388 * 01-04-2025 17:38:54.529
CRC-Response  - 35,1,F000,2*2cd9 * 01-04-2025 17:39:02.317
RA Moved to assigned Location * 01-04-2025 17:39:02.324
Command Sent WATER VALVE - 3 CONTROL ON - #36,13,3,1*5301  * 01-04-2025 17:39:51.33
CRC-Response  - 36,13,F000*8e48 * 01-04-2025 17:39:51.403
Command Sent Rack-1 Picked from J9 - #37,2,1,39344,800,0,0*8e47  * 01-04-2025 17:40:09.90
CRC-Response  - 37,2,I001,1*cd29 * 01-04-2025 17:40:09.302
CRC-Response  - 37,2,F000,1*f278 * 01-04-2025 17:40:17.498
RA Picked Rack From J9 * 01-04-2025 17:40:17.503
Command Sent Rack-1 Placed in W3 - #38,3,1,50234,800,0,0*f7e1  * 01-04-2025 17:40:17.994
CRC-Response  - 38,3,I001,1*31d8 * 01-04-2025 17:40:18.207
CRC-Response  - 38,3,F000,1*0e89 * 01-04-2025 17:40:24.640
RA Placed Rack in W3 * 01-04-2025 17:40:24.650
Command Sent Rack-2 Picked from J11 - #39,2,1,57494,800,0,0*f846  * 01-04-2025 17:40:33.759
CRC-Response  - 39,2,I001,1*3848 * 01-04-2025 17:40:33.974
CRC-Response  - 39,2,F000,1*0719 * 01-04-2025 17:40:39.994
RA Picked Rack From J11 * 01-04-2025 17:40:40.0
Command Sent Rack-2 Placed in J10 - #40,3,1,53864,800,0,0*ed83  * 01-04-2025 17:40:40.681
CRC-Response  - 40,3,I001,1*af43 * 01-04-2025 17:40:40.891
CRC-Response  - 40,3,F000,1*9012 * 01-04-2025 17:40:46.502
RA Placed Rack in J10 * 01-04-2025 17:40:46.507
Command Sent Rack-3 Picked from J13 - #41,2,1,64754,800,0,0*92df  * 01-04-2025 17:40:53.914
CRC-Response  - 41,2,I001,1*a6d3 * 01-04-2025 17:40:54.125
CRC-Response  - 41,2,F000,1*9982 * 01-04-2025 17:41:00.560
RA Picked Rack From J13 * 01-04-2025 17:41:00.565
Command Sent Rack-3 Placed in J12 - #42,3,1,61124,800,0,0*1869  * 01-04-2025 17:41:00.830
CRC-Response  - 42,3,I001,1*65e2 * 01-04-2025 17:41:01.41
CRC-Response  - 42,3,F000,1*5ab3 * 01-04-2025 17:41:06.661
RA Placed Rack in J12 * 01-04-2025 17:41:06.667
Command Sent WATER VALVE - 3 CONTROL OFF - #43,13,3,0*9c26  * 01-04-2025 17:42:24.995
CRC-Response  - 43,13,F000*04c6 * 01-04-2025 17:42:25.280
Command Sent Rack-1 Picked from W3 - #44,2,1,50234,800,0,0*8116  * 01-04-2025 17:42:25.458
CRC-Response  - 44,2,I001,1*b6c3 * 01-04-2025 17:42:25.668
CRC-Response  - 44,2,F000,1*8992 * 01-04-2025 17:42:32.102
RA Picked Rack From W3 * 01-04-2025 17:42:32.107
Command Sent RA-2 Movement - #45,1,2,2688,800 ,0*f7b1  * 01-04-2025 17:42:32.372
CRC-Response  - 45,1,I001,2*6792 * 01-04-2025 17:42:32.580
CRC-Response  - 45,1,F000,2*58c3 * 01-04-2025 17:42:33.321
RA Moved to assigned Location * 01-04-2025 17:42:33.327
Command Sent Rack-1 Placed in J8 - #46,3,1,35714,800,0,0*658b  * 01-04-2025 17:42:33.757
CRC-Response  - 46,3,I001,1*b0a3 * 01-04-2025 17:42:33.969
CRC-Response  - 46,3,F000,1*8ff2 * 01-04-2025 17:42:40.811
RA Placed Rack in J8 * 01-04-2025 17:42:40.819
11 Seconds Timer increments in Jar J10 for R2 as Command Execution under process in other function and timer updated for tmr_r2_incub() * 01-04-2025 17:42:46.963
11 Seconds Timer increments in Jar J10 for R2 as Command Execution under process in other function and timer updated for tmr_r2_incub() * 01-04-2025 17:42:57.972
11 Secconds Timer increments in Jar J12 for R3 as Command Execution under process in other function and timer upadted for tmr_r3_incub() * 01-04-2025 17:43:07.195
11 Seconds Timer increments in Jar J10 for R2 as Command Execution under process in other function and timer updated for tmr_r2_incub() * 01-04-2025 17:43:08.976
11 Secconds Timer increments in Jar J12 for R3 as Command Execution under process in other function and timer upadted for tmr_r3_incub() * 01-04-2025 17:43:18.198
11 Seconds Timer increments in Jar J10 for R2 as Command Execution under process in other function and timer updated for tmr_r2_incub() * 01-04-2025 17:43:20.0
11 Secconds Timer increments in Jar J12 for R3 as Command Execution under process in other function and timer upadted for tmr_r3_incub() * 01-04-2025 17:43:29.196
11 Seconds Timer increments in Jar J10 for R2 as Command Execution under process in other function and timer updated for tmr_r2_incub() * 01-04-2025 17:43:30.999
11 Secconds Timer increments in Jar J12 for R3 as Command Execution under process in other function and timer upadted for tmr_r3_incub() * 01-04-2025 17:43:40.203
11 Seconds Timer increments in Jar J10 for R2 as Command Execution under process in other function and timer updated for tmr_r2_incub() * 01-04-2025 17:43:41.994
11 Secconds Timer increments in Jar J12 for R3 as Command Execution under process in other function and timer upadted for tmr_r3_incub() * 01-04-2025 17:43:51.220
User Aborted / Stopped the application forcefully  * 01-04-2025 17:43:51.688
Command Sent WATER VALVE - 1 CONTROL OFF - #47,13,1,0*af86  * 01-04-2025 17:43:54.895
CRC-Response  - 47,13,F000*c4f4 * 01-04-2025 17:43:55.123
Command Sent WATER VALVE - 2 CONTROL OFF - #48,13,2,0*ef36  * 01-04-2025 17:43:55.790
CRC-Response  - 48,13,F000*34b5 * 01-04-2025 17:43:56.2
Command Sent WATER VALVE - 3 CONTROL OFF - #49,13,3,0*e3a6  * 01-04-2025 17:43:56.671
CRC-Response  - 49,13,F000*a4b8 * 01-04-2025 17:43:56.884
Command Sent WATER VALVE - 4 CONTROL OFF - #50,13,4,0*d8da  * 01-04-2025 17:43:57.552
CRC-Response  - 50,13,F000*3183 * 01-04-2025 17:43:57.783
Command Sent WATER VALVE - 5 CONTROL OFF - #51,13,5,0*d44a  * 01-04-2025 17:43:58.464
CRC-Response  - 51,13,F000*a18e * 01-04-2025 17:43:58.677
Command Sent WATER VALVE - 6 CONTROL OFF - #52,13,6,0*c1fa  * 01-04-2025 17:43:59.348
CRC-Response  - 52,13,F000*519a * 01-04-2025 17:43:59.564
