Command * WATER VALVE - 1 CONTROL OFF - #0,13,1,0*73eb
 * 25-02-2025 13:10:48.49
CRC-Response  - 0,13,F000*29e9 * 25-02-2025 13:10:48.290
Command * WATER VALVE - 2 CONTROL OFF - #1,13,2,0*bfda
 * 25-02-2025 13:10:48.840
CRC-Response  - 1,13,F000*b9e4 * 25-02-2025 13:10:49.61
Command * WATER VALVE - 3 CONTROL OFF - #2,13,3,0*6acb
 * 25-02-2025 13:10:49.629
CRC-Response  - 2,13,F000*49f0 * 25-02-2025 13:10:49.834
Command * WATER VALVE - 4 CONTROL OFF - #3,13,4,0*67bb
 * 25-02-2025 13:10:50.397
CRC-Response  - 3,13,F000*d9fd * 25-02-2025 13:10:50.602
Command * WATER VALVE - 5 CONTROL OFF - #4,13,5,0*41ab
 * 25-02-2025 13:10:51.155
CRC-Response  - 4,13,F000*e9db * 25-02-2025 13:10:51.372
Command * WATER VALVE - 6 CONTROL OFF - #5,13,6,0*8d9a
 * 25-02-2025 13:10:51.924
CRC-Response  - 5,13,F000*79d6 * 25-02-2025 13:10:52.130
Command * Home Command - #6,5,01111111*b1b5
 * 25-02-2025 13:10:52.699
CRC-Response  - 6,5,I001,01111111*0f53 * 25-02-2025 13:10:52.905
CRC-Response  - 6,5,F000*c7bb * 25-02-2025 13:11:06.178
Command * Home Command - #7,5,01111111*7248
 * 25-02-2025 13:11:08.488
CRC-Response  - 7,5,I001,01111111*9f02 * 25-02-2025 13:11:08.770
CRC-Response  - 7,5,F000*0b7a * 25-02-2025 13:11:21.974
Command * Level Sensing For L1 - #8,4,17564,16380,0,0*ab6b
 * 25-02-2025 13:11:27.195
CRC-Response  - 8,4,I001*4ef9 * 25-02-2025 13:11:27.414
CRC-Response  - 8,4,F000,712*1000 * 25-02-2025 13:11:35.739
L1 Value - 600 * 25-02-2025 13:11:35.767
Command * Level Sensing For L2 - #9,4,13934,16380,0,0*534e
 * 25-02-2025 13:11:35.965
CRC-Response  - 9,4,I001*8238 * 25-02-2025 13:11:36.174
CRC-Response  - 9,4,F000,696*10aa * 25-02-2025 13:11:38.470
L2 Value - 600 * 25-02-2025 13:11:38.488
Command * Level Sensing For L3 - #10,4,10304,16380,0,0*d9f6
 * 25-02-2025 13:11:38.725
CRC-Response  - 10,4,I001*82eb * 25-02-2025 13:11:38.934
CRC-Response  - 10,4,F000,700*0645 * 25-02-2025 13:11:41.229
L3 Value - 600 * 25-02-2025 13:11:41.244
Command * Home Command - #11,5,01111111*e264
 * 25-02-2025 13:11:41.489
CRC-Response  - 11,5,I001,01111111*59be * 25-02-2025 13:11:41.694
CRC-Response  - 11,5,F000*4be9 * 25-02-2025 13:11:54.970
Command * Home Command - #12,5,01111111*e660
 * 25-02-2025 13:11:57.282
CRC-Response  - 12,5,I001,01111111*a94e * 25-02-2025 13:11:57.499
CRC-Response  - 12,5,F000*5ea9 * 25-02-2025 13:12:10.760
Rack - 1Protocol Started * 25-02-2025 13:12:17.573
Command * Rack-1 Picked from L1 - #13,2,1,17564,16380,0,0*bdee
 * 25-02-2025 13:12:17.665
CRC-Response  - 13,2,I001,1*a063 * 25-02-2025 13:12:17.884
CRC-Response  - 13,2,F000,1*9f32 * 25-02-2025 13:12:23.895
Command * Rack-1 Placed in J1 - #14,3,1,10304,800,0,0*3371
 * 25-02-2025 13:12:24.469
CRC-Response  - 14,3,I001,1*b613 * 25-02-2025 13:12:24.684
CRC-Response  - 14,3,F000,1*8942 * 25-02-2025 13:12:31.87
Command * Rack-1 Picked from J1 - #15,2,1,10304,800,0,0*5f1d
 * 25-02-2025 13:14:31.429
CRC-Response  - 15,2,I001,1*bf83 * 25-02-2025 13:14:31.644
CRC-Response  - 15,2,F000,1*80d2 * 25-02-2025 13:14:36.737
Command * Rack-1 Placed in J2 - #16,3,1,13934,800 ,0,0*da46
 * 25-02-2025 13:14:37.234
CRC-Response  - 16,3,I001,1*7cb2 * 25-02-2025 13:14:37.450
CRC-Response  - 16,3,F000,1*43e3 * 25-02-2025 13:14:43.59
Rack - 2Protocol Started * 25-02-2025 13:15:46.217
Command * Rack-2 Picked from L2 - #17,2,1,13934,16380,0,0*3db3
 * 25-02-2025 13:15:46.312
CRC-Response  - 17,2,I001,1*7522 * 25-02-2025 13:15:46.529
CRC-Response  - 17,2,F000,1*4a73 * 25-02-2025 13:15:52.941
Command * Rack-2 Placed in J1 - #18,3,1,10304,800,0,0*6262
 * 25-02-2025 13:15:53.120
CRC-Response  - 18,3,I001,1*89d3 * 25-02-2025 13:15:53.329
CRC-Response  - 18,3,F000,1*b682 * 25-02-2025 13:15:59.752
Command * Rack-1 Picked from J2 - #19,2,1,13934,800 ,0,0*d843
 * 25-02-2025 13:16:43.667
CRC-Response  - 19,2,I001,1*8043 * 25-02-2025 13:16:43.953
CRC-Response  - 19,2,F000,1*bf12 * 25-02-2025 13:16:49.492
Command * Rack-1 Placed in J3 - #20,3,1,17564,800 ,0,0*d7f2
 * 25-02-2025 13:16:50.39
CRC-Response  - 20,3,I001,1*275d * 25-02-2025 13:16:50.250
CRC-Response  - 20,3,F000,1*180c * 25-02-2025 13:16:55.858
Command * Rack-2 Picked from J1 - #21,2,1,10304,800,0,0*5ca8
 * 25-02-2025 13:18:00.18
CRC-Response  - 21,2,I001,1*2ecd * 25-02-2025 13:18:00.240
CRC-Response  - 21,2,F000,1*119c * 25-02-2025 13:18:06.250
Command * Rack-2 Placed in J2 - #22,3,1,13934,800 ,0,0*6d84
 * 25-02-2025 13:18:06.367
CRC-Response  - 22,3,I001,1*edfc * 25-02-2025 13:18:06.575
CRC-Response  - 22,3,F000,1*d2ad * 25-02-2025 13:18:12.191
Command * Rack-1 Picked from J3 - #23,2,1,17564,800 ,0,0*18e7
 * 25-02-2025 13:18:56.453
CRC-Response  - 23,2,I001,1*e46c * 25-02-2025 13:18:56.707
CRC-Response  - 23,2,F000,1*db3d * 25-02-2025 13:19:02.268
Command * Rack-1 Placed in J4 - #24,3,1,21194,800 ,0,0*4dc8
 * 25-02-2025 13:19:02.798
CRC-Response  - 24,3,I001,1*f21c * 25-02-2025 13:19:03.12
CRC-Response  - 24,3,F000,1*cd4d * 25-02-2025 13:19:08.621
Rack - R3Protocol Started * 25-02-2025 13:19:14.735
Command * Rack-3 Picked from L3 - #25,2,1,10304,16380,0,0*c7fc
 * 25-02-2025 13:19:14.820
CRC-Response  - 25,2,I001,1*fb8c * 25-02-2025 13:19:15.27
CRC-Response  - 25,2,F000,1*c4dd * 25-02-2025 13:19:21.451
Command * Rack-3 Placed in J1 - #26,3,1,10304,800,0,0*b84c
 * 25-02-2025 13:19:21.604
CRC-Response  - 26,3,I001,1*38bd * 25-02-2025 13:19:21.821
CRC-Response  - 26,3,F000,1*07ec * 25-02-2025 13:19:28.236
Command * Rack-2 Picked from J2 - #27,2,1,13934,800 ,0,0*c419
 * 25-02-2025 13:20:12.763
CRC-Response  - 27,2,I001,1*312d * 25-02-2025 13:20:12.984
CRC-Response  - 27,2,F000,1*0e7c * 25-02-2025 13:20:18.583
Command * Rack-2 Placed in J3 - #28,3,1,17564,800 ,0,0*9e13
 * 25-02-2025 13:20:19.100
CRC-Response  - 28,3,I001,1*cddc * 25-02-2025 13:20:19.314
CRC-Response  - 28,3,F000,1*f28d * 25-02-2025 13:20:24.924
Command * Rack-1 Picked from J4 - #29,2,1,21194,800 ,0,0*adb4
 * 25-02-2025 13:21:09.106
CRC-Response  - 29,2,I001,1*c44c * 25-02-2025 13:21:09.372
CRC-Response  - 29,2,F000,1*fb1d * 25-02-2025 13:21:14.928
Command * Rack-1 Placed in J5 - #30,3,1,24824,800 ,0,0*251c
 * 25-02-2025 13:21:15.439
CRC-Response  - 30,3,I001,1*db59 * 25-02-2025 13:21:15.656
CRC-Response  - 30,3,F000,1*e408 * 25-02-2025 13:21:21.264
Command * Rack-3 Picked from J1 - #31,2,1,10304,800,0,0*8d95
 * 25-02-2025 13:21:28.519
CRC-Response  - 31,2,I001,1*d2c9 * 25-02-2025 13:21:28.730
CRC-Response  - 31,2,F000,1*ed98 * 25-02-2025 13:21:35.579
Command * Rack-3 Placed in J2 - #32,3,1,13934,800 ,0,0*bc94
 * 25-02-2025 13:21:35.824
CRC-Response  - 32,3,I001,1*11f8 * 25-02-2025 13:21:36.43
CRC-Response  - 32,3,F000,1*2ea9 * 25-02-2025 13:21:41.648
Command * Rack-2 Picked from J3 - #33,2,1,17564,800 ,0,0*c9f7
 * 25-02-2025 13:22:25.579
CRC-Response  - 33,2,I001,1*1868 * 25-02-2025 13:22:25.802
CRC-Response  - 33,2,F000,1*2739 * 25-02-2025 13:22:31.411
Command * Rack-2 Placed in J4 - #34,3,1,21194,800 ,0,0*9cd8
 * 25-02-2025 13:22:31.874
CRC-Response  - 34,3,I001,1*0e18 * 25-02-2025 13:22:32.89
CRC-Response  - 34,3,F000,1*3149 * 25-02-2025 13:22:37.707
Command * Level Sensing For L1 - #35,4,17564,16380,0,0*fe44
 * 25-02-2025 13:22:45.816
CRC-Response  - 35,4,I001*dd32 * 25-02-2025 13:22:46.24
CRC-Response  - 35,4,F000,755*1b8d * 25-02-2025 13:22:50.116
L1 Value - 600 * 25-02-2025 13:22:50.135
Command * Level Sensing For L2 - #36,4,13934,16380,0,0*be18
 * 25-02-2025 13:22:50.573
CRC-Response  - 36,4,I001*c872 * 25-02-2025 13:22:50.779
CRC-Response  - 36,4,F000,715*df8b * 25-02-2025 13:22:53.84
L2 Value - 600 * 25-02-2025 13:22:53.100
Command * Level Sensing For L3 - #37,4,10304,16380,0,0*4f3a
 * 25-02-2025 13:22:53.341
CRC-Response  - 37,4,I001*04b3 * 25-02-2025 13:22:53.548
CRC-Response  - 37,4,F000,756*dd34 * 25-02-2025 13:22:55.844
L3 Value - 600 * 25-02-2025 13:22:55.860
Command * Home Command - #38,5,01111111*bc7f
 * 25-02-2025 13:22:56.112
CRC-Response  - 38,5,I001,01111111*b3c9 * 25-02-2025 13:22:56.321
CRC-Response  - 38,5,F000*4130 * 25-02-2025 13:23:09.598
Command * Home Command - #39,5,01111111*7f82
 * 25-02-2025 13:23:11.933
CRC-Response  - 39,5,I001,01111111*2398 * 25-02-2025 13:23:12.146
CRC-Response  - 39,5,F000*8df1 * 25-02-2025 13:23:25.415
Command * Rack-3 Picked from J2 - #41,2,1,13934,800 ,0,0*c4f7
 * 25-02-2025 13:23:42.249
CRC-Response  - 41,2,I001,1*a6d3 * 25-02-2025 13:23:42.468
CRC-Response  - 41,2,F000,1*9982 * 25-02-2025 13:23:48.875
Command * Rack-1 Placed in J6 - #42,3,1,28454,800 ,0,0*d808
 * 25-02-2025 13:23:48.982
CRC-Response  - 42,3,I001,1*65e2 * 25-02-2025 13:23:49.203
CRC-Response  - 42,3,F000,1*5ab3 * 25-02-2025 13:23:56.29
Command * Rack-2 Picked from J4 - #43,2,1,21194,800 ,0,0*604a
 * 25-02-2025 13:24:38.307
CRC-Response  - 43,2,I001,1*6c72 * 25-02-2025 13:24:38.538
CRC-Response  - 43,2,F000,1*5323 * 25-02-2025 13:24:44.541
Command * Rack-2 Placed in J5 - #44,3,1,24824,800 ,0,0*169b
 * 25-02-2025 13:24:44.637
CRC-Response  - 44,3,I001,1*7a02 * 25-02-2025 13:24:44.852
CRC-Response  - 44,3,F000,1*4553 * 25-02-2025 13:24:50.460
Command * Rack-3 Placed in J3 - #45,3,1,17564,800 ,0,0*e458
 * 25-02-2025 13:24:50.712
CRC-Response  - 45,3,I001,1*bf53 * 25-02-2025 13:24:50.927
CRC-Response  - 45,3,F000,1*8002 * 25-02-2025 13:24:56.955
Command * Rack-1 Picked from J6 - #46,2,1,28454,800 ,0,0*a0a8
 * 25-02-2025 13:25:56.436
CRC-Response  - 46,2,I001,1*7c62 * 25-02-2025 13:25:56.780
CRC-Response  - 46,2,F000,1*4333 * 25-02-2025 13:26:03.88
Command * Rack-1 Placed in J7 - #47,3,1,32084,800 ,0,0*2516
 * 25-02-2025 13:26:03.366
CRC-Response  - 47,3,I001,1*75f2 * 25-02-2025 13:26:03.584
CRC-Response  - 47,3,F000,1*4aa3 * 25-02-2025 13:26:09.199
User Aborted / Stopped the application forcefully  * 25-02-2025 13:26:24.409
