Command Sent SET TEMPERATURE - #0,10,32*870a  * 07-04-2025 14:15:10.965
CRC-Response  - 0,10,F000*1ae9 * 07-04-2025 14:15:11.252
Command Sent HEATER ON - #1,12,1*dbe7  * 07-04-2025 14:15:12.427
CRC-Response  - 1,12,F000*68e5 * 07-04-2025 14:15:12.639
Command Sent HEATER DOOR CLOSE - #2,8,1,0*21eb  * 07-04-2025 14:15:13.308
CRC-Response  - 2,8,I001*fd79 * 07-04-2025 14:15:13.524
CRC-Response  - 2,8,F000*29bb * 07-04-2025 14:15:13.860
Command Sent READ TEMPERATURE - #3,11*ed1a  * 07-04-2025 14:15:14.188
CRC-Response  - 3,11,F000,545*d48f * 07-04-2025 14:15:14.401
Command Sent READ TEMPERATURE - #4,11*991b  * 07-04-2025 14:15:33.371
CRC-Response  - 4,11,F000,545*9384 * 07-04-2025 14:15:33.586
Command Sent WATER VALVE - 1 CONTROL OFF - #5,13,1,0*4c2b  * 07-04-2025 14:15:44.591
CRC-Response  - 5,13,F000*79d6 * 07-04-2025 14:15:44.800
Command Sent WATER VALVE - 2 CONTROL OFF - #6,13,2,0*599b  * 07-04-2025 14:15:45.466
CRC-Response  - 6,13,F000*89c2 * 07-04-2025 14:15:45.690
Command Sent WATER VALVE - 3 CONTROL OFF - #7,13,3,0*550b  * 07-04-2025 14:15:46.390
CRC-Response  - 7,13,F000*19cf * 07-04-2025 14:15:46.600
Command Sent WATER VALVE - 4 CONTROL OFF - #8,13,4,0*d4fa  * 07-04-2025 14:15:47.280
CRC-Response  - 8,13,F000*e98e * 07-04-2025 14:15:47.498
Command Sent WATER VALVE - 5 CONTROL OFF - #9,13,5,0*d86a  * 07-04-2025 14:15:48.167
CRC-Response  - 9,13,F000*7983 * 07-04-2025 14:15:48.382
Command Sent WATER VALVE - 6 CONTROL OFF - #10,13,6,0*d849  * 07-04-2025 14:15:49.44
CRC-Response  - 10,13,F000*e4c2 * 07-04-2025 14:15:49.259
Command Sent Home Command - #11,5,01111111*e264  * 07-04-2025 14:15:49.956
CRC-Response  - 11,5,I001,01111111*59be * 07-04-2025 14:15:50.172
CRC-Response  - 11,5,F000*4be9 * 07-04-2025 14:15:50.175
Command Sent Home Command - #12,5,01111111*e660  * 07-04-2025 14:15:52.865
CRC-Response  - 12,5,I001,01111111*a94e * 07-04-2025 14:15:53.81
CRC-Response  - 12,5,F000*5ea9 * 07-04-2025 14:15:53.87
Command Sent Level Sensing For L1 - #13,4,17564,16380,0,0*94b5  * 07-04-2025 14:15:54.757
CRC-Response  - 13,4,I001*97ab * 07-04-2025 14:15:54.970
CRC-Response  - 13,4,F000,958*5722 * 07-04-2025 14:16:03.251
L1 Value - 958 * 07-04-2025 14:16:03.281
Command Sent Level Sensing For L2 - #14,4,13934,16380,0,0*e418  * 07-04-2025 14:16:03.655
CRC-Response  - 14,4,I001*71ea * 07-04-2025 14:16:03.867
CRC-Response  - 14,4,F000,957*9897 * 07-04-2025 14:16:06.161
L2 Value - 957 * 07-04-2025 14:16:06.184
Command Sent Level Sensing For L3 - #15,4,10304,16380,0,0*153a  * 07-04-2025 14:16:06.559
CRC-Response  - 15,4,I001*bd2b * 07-04-2025 14:16:06.773
CRC-Response  - 15,4,F000,959*9feb * 07-04-2025 14:16:09.59
L3 Value - 959 * 07-04-2025 14:16:09.86
Command Sent Home Command - #16,5,01111111*2991  * 07-04-2025 14:16:09.462
CRC-Response  - 16,5,I001,01111111*680c * 07-04-2025 14:16:09.676
CRC-Response  - 16,5,F000*ada8 * 07-04-2025 14:16:09.681
Command Sent Home Command - #17,5,01111111*ea6c  * 07-04-2025 14:16:11.333
CRC-Response  - 17,5,I001,01111111*f85d * 07-04-2025 14:16:11.549
CRC-Response  - 17,5,F000*6169 * 07-04-2025 14:16:11.554
Rack - 1Protocol Started * 07-04-2025 14:16:12.821
Command Sent Rack-1 Picked from L1 - #18,2,2,17564,16380,0,0*36a4  * 07-04-2025 14:16:13.52
CRC-Response  - 18,2,I001,2*4452 * 07-04-2025 14:16:13.266
CRC-Response  - 18,2,F000,2*7b03 * 07-04-2025 14:16:24.239
RA Picked Rack From L1 * 07-04-2025 14:16:24.243
Command Sent Rack-1 Placed in H1 - #19,3,2,2688,1000,0,1*0f97  * 07-04-2025 14:16:24.517
CRC-Response  - 19,3,I001,2*4dc2 * 07-04-2025 14:16:24.733
CRC-Response  - 19,3,F000,2*7293 * 07-04-2025 14:16:31.600
RA Placed Rack in H1 * 07-04-2025 14:16:31.605
Command Sent HEATER DOOR CLOSE - #20,8,1,0*2711  * 07-04-2025 14:16:32.454
CRC-Response  - 20,8,I001*beff * 07-04-2025 14:16:32.663
CRC-Response  - 20,8,F000*6a3d * 07-04-2025 14:16:33.17
Command Sent READ TEMPERATURE - #21,11*b506  * 07-04-2025 14:16:33.340
CRC-Response  - 21,11,F000,545*8e13 * 07-04-2025 14:16:33.559
Command Sent READ TEMPERATURE - #22,11*f106  * 07-04-2025 14:16:53.265
CRC-Response  - 22,11,F000,545*4d16 * 07-04-2025 14:16:53.479
Command Sent READ TEMPERATURE - #23,11*0d07  * 07-04-2025 14:17:03.729
CRC-Response  - 23,11,F000,447*cdc4 * 07-04-2025 14:17:03.941
Command Sent READ TEMPERATURE - #24,11*7906  * 07-04-2025 14:17:34.104
CRC-Response  - 24,11,F000,545*8b1f * 07-04-2025 14:17:34.353
Command Sent READ TEMPERATURE - #25,11*8507  * 07-04-2025 14:18:04.532
CRC-Response  - 25,11,F000,545*0a1d * 07-04-2025 14:18:04.778
Command Sent READ TEMPERATURE - #26,11*c107  * 07-04-2025 14:18:34.966
CRC-Response  - 26,11,F000,-273*de6e * 07-04-2025 14:18:35.181
Command Sent READ TEMPERATURE - #27,11*3d06  * 07-04-2025 14:19:05.355
CRC-Response  - 27,11,F000,545*481a * 07-04-2025 14:19:05.569
Command Sent READ TEMPERATURE - #28,11*2905  * 07-04-2025 14:19:35.755
CRC-Response  - 28,11,F000,545*470e * 07-04-2025 14:19:36.156
Command Sent READ TEMPERATURE - #29,11*d504  * 07-04-2025 14:20:06.322
CRC-Response  - 29,11,F000,447*c7dc * 07-04-2025 14:20:06.623
Command Sent READ TEMPERATURE - #30,11*893a  * 07-04-2025 14:20:36.776
CRC-Response  - 30,11,F000,545*ce11 * 07-04-2025 14:20:37.44
Command Sent READ TEMPERATURE - #31,11*753b  * 07-04-2025 14:21:07.215
CRC-Response  - 31,11,F000,545*4f13 * 07-04-2025 14:21:07.434
Command Sent HEATER DOOR OPEN - #32,8,1,1*eb32  * 07-04-2025 14:21:32.615
CRC-Response  - 32,8,I001*f773 * 07-04-2025 14:21:32.901
CRC-Response  - 32,8,F000*23b1 * 07-04-2025 14:21:33.165
Command Sent Rack-1 Picked from H1 - #33,2,2,2688,1000,0,1*a424  * 07-04-2025 14:21:33.584
CRC-Response  - 33,2,I001,2*1928 * 07-04-2025 14:21:33.795
CRC-Response  - 33,2,F000,2*2679 * 07-04-2025 14:21:38.886
RA Picked Rack From H1 * 07-04-2025 14:21:38.893
Command Sent HEATER DOOR CLOSE - #34,8,1,0*2b95  * 07-04-2025 14:21:39.546
CRC-Response  - 34,8,I001*ddf3 * 07-04-2025 14:21:39.757
CRC-Response  - 34,8,F000*0931 * 07-04-2025 14:21:40.98
Command Sent Rack-1 Placed in J1 - #35,3,2,10304,800,0,0*2c76  * 07-04-2025 14:23:10.378
CRC-Response  - 35,3,I001,2*ca09 * 07-04-2025 14:23:10.596
CRC-Response  - 35,3,F000,2*f558 * 07-04-2025 14:23:16.650
RA Placed Rack in J1 * 07-04-2025 14:23:16.660
Command Sent Home Command - #36,5,00111111*ab86  * 07-04-2025 14:23:18.319
CRC-Response  - 36,5,I001,00111111*10bd * 07-04-2025 14:23:18.534
CRC-Response  - 36,5,F000*cdb1 * 07-04-2025 14:23:18.538
Command Sent HEATER DOOR OPEN - #37,8,1,1*eb67  * 07-04-2025 14:23:19.203
CRC-Response  - 37,8,I001*c8b3 * 07-04-2025 14:23:19.414
CRC-Response  - 37,8,F000*1c71 * 07-04-2025 14:23:19.755
Rack - 2Protocol Started * 07-04-2025 14:23:19.936
Command Sent Rack-2 Picked from L2 - #38,2,2,13934,16380,0,0*eb1f  * 07-04-2025 14:23:20.129
CRC-Response  - 38,2,I001,2*fc59 * 07-04-2025 14:23:20.343
CRC-Response  - 38,2,F000,2*c308 * 07-04-2025 14:23:27.125
RA Picked Rack From L2 * 07-04-2025 14:23:27.130
Command Sent Rack-2 Placed in H1 - #39,3,2,2688,1000,0,1*edee  * 07-04-2025 14:23:27.605
CRC-Response  - 39,3,I001,2*f5c9 * 07-04-2025 14:23:27.818
CRC-Response  - 39,3,F000,2*ca98 * 07-04-2025 14:23:34.301
RA Placed Rack in H1 * 07-04-2025 14:23:34.305
Command Sent HEATER DOOR CLOSE - #40,8,1,0*0d91  * 07-04-2025 14:23:35.103
CRC-Response  - 40,8,I001*1ed4 * 07-04-2025 14:23:35.309
CRC-Response  - 40,8,F000*ca16 * 07-04-2025 14:23:35.665
Command Sent READ TEMPERATURE - #41,11*b58e  * 07-04-2025 14:23:35.983
CRC-Response  - 41,11,F000,545*8815 * 07-04-2025 14:23:36.193
Command Sent READ TEMPERATURE - #42,11*f18e  * 07-04-2025 14:23:55.952
CRC-Response  - 42,11,F000,545*4b10 * 07-04-2025 14:23:56.351
Command Sent READ TEMPERATURE - #43,11*0d8f  * 07-04-2025 14:24:06.385
CRC-Response  - 43,11,F000,545*ca12 * 07-04-2025 14:24:06.601
Command Sent READ TEMPERATURE - #44,11*798e  * 07-04-2025 14:24:36.780
CRC-Response  - 44,11,F000,545*8d19 * 07-04-2025 14:24:36.993
Command Sent READ TEMPERATURE - #45,11*858f  * 07-04-2025 14:25:08.179
CRC-Response  - 45,11,F000,545*0c1b * 07-04-2025 14:25:08.390
Command Sent Rack-1 Picked from J1 - #46,2,2,10304,800,0,0*4fd6  * 07-04-2025 14:25:17.456
CRC-Response  - 46,2,I001,2*7d22 * 07-04-2025 14:25:17.671
CRC-Response  - 46,2,F000,2*4273 * 07-04-2025 14:25:23.716
RA Picked Rack From J1 * 07-04-2025 14:25:23.719
Command Sent Rack-1 Placed in J2 - #47,3,2,13934,800,0,0*f06f  * 07-04-2025 14:25:24.429
CRC-Response  - 47,3,I001,2*74b2 * 07-04-2025 14:25:24.644
CRC-Response  - 47,3,F000,2*4be3 * 07-04-2025 14:25:30.250
RA Placed Rack in J2 * 07-04-2025 14:25:30.254
Command Sent READ TEMPERATURE - #48,11*298d  * 07-04-2025 14:25:34.454
CRC-Response  - 48,11,F000,545*4108 * 07-04-2025 14:25:34.668
Command Sent READ TEMPERATURE - #49,11*d58c  * 07-04-2025 14:26:04.852
CRC-Response  - 49,11,F000,545*c00a * 07-04-2025 14:26:05.168
Command Sent READ TEMPERATURE - #50,11*89b2  * 07-04-2025 14:26:35.334
CRC-Response  - 50,11,F000,545*c817 * 07-04-2025 14:26:35.580
Command Sent READ TEMPERATURE - #51,11*75b3  * 07-04-2025 14:27:05.744
CRC-Response  - 51,11,F000,545*4915 * 07-04-2025 14:27:05.956
Command Sent Rack-1 Picked from J2 - #52,2,2,13934,800,0,0*7dcf  * 07-04-2025 14:27:31.80
CRC-Response  - 52,2,I001,2*5467 * 07-04-2025 14:27:31.297
CRC-Response  - 52,2,F000,2*6b36 * 07-04-2025 14:27:36.383
RA Picked Rack From J2 * 07-04-2025 14:27:36.390
Command Sent Rack-1 Placed in J4 - #53,3,2,21194,800,0,0*5555  * 07-04-2025 14:27:37.54
CRC-Response  - 53,3,I001,2*5df7 * 07-04-2025 14:27:37.263
CRC-Response  - 53,3,F000,2*62a6 * 07-04-2025 14:27:43.283
RA Placed Rack in J4 * 07-04-2025 14:27:43.286
Command Sent READ TEMPERATURE - #54,11*b9b3  * 07-04-2025 14:27:47.113
CRC-Response  - 54,11,F000,545*4c19 * 07-04-2025 14:27:47.327
Command Sent READ TEMPERATURE - #55,11*45b2  * 07-04-2025 14:28:18.488
CRC-Response  - 55,11,F000,545*cd1b * 07-04-2025 14:28:18.709
Command Sent HEATER DOOR OPEN - #56,8,1,1*01f7  * 07-04-2025 14:28:35.259
CRC-Response  - 56,8,I001*a459 * 07-04-2025 14:28:35.473
CRC-Response  - 56,8,F000*709b * 07-04-2025 14:28:35.818
Command Sent Rack-2 Picked from H1 - #57,2,2,2688,1000,0,1*f25d  * 07-04-2025 14:28:36.151
CRC-Response  - 57,2,I001,2*4477 * 07-04-2025 14:28:36.361
CRC-Response  - 57,2,F000,2*7b26 * 07-04-2025 14:28:43.644
RA Picked Rack From H1 * 07-04-2025 14:28:43.650
Command Sent HEATER DOOR CLOSE - #58,8,1,0*01d9  * 07-04-2025 14:28:44.172
CRC-Response  - 58,8,I001*28d8 * 07-04-2025 14:28:44.383
CRC-Response  - 58,8,F000*fc1a * 07-04-2025 14:28:44.726
Command Sent Rack-2 Placed in J1 - #59,3,2,10304,800,0,0*1bed  * 07-04-2025 14:28:45.77
CRC-Response  - 59,3,I001,2*7dd7 * 07-04-2025 14:28:45.297
CRC-Response  - 59,3,F000,2*4286 * 07-04-2025 14:28:51.348
RA Placed Rack in J1 * 07-04-2025 14:28:51.354
Command Sent READ TEMPERATURE - #60,11*89f6  * 07-04-2025 14:28:55.297
CRC-Response  - 60,11,F000,545*cb14 * 07-04-2025 14:28:55.511
Command Sent Home Command - #61,5,00111111*657f  * 07-04-2025 14:29:05.408
CRC-Response  - 61,5,I001,00111111*ec1f * 07-04-2025 14:29:05.623
CRC-Response  - 61,5,F000*7bcf * 07-04-2025 14:29:05.628
Command Sent HEATER DOOR OPEN - #62,8,1,1*d4f2  * 07-04-2025 14:29:06.294
CRC-Response  - 62,8,I001*a74c * 07-04-2025 14:29:06.508
CRC-Response  - 62,8,F000*738e * 07-04-2025 14:29:06.850
Rack - R3Protocol Started * 07-04-2025 14:29:07.46
Command Sent Rack-3 Picked from L3 - #63,2,2,10304,16380,0,0*a22f  * 07-04-2025 14:29:07.239
CRC-Response  - 63,2,I001,2*d539 * 07-04-2025 14:29:07.453
CRC-Response  - 63,2,F000,2*ea68 * 07-04-2025 14:29:13.928
RA Picked Rack From L3 * 07-04-2025 14:29:13.934
Command Sent Rack-3 Placed in H1 - #64,3,2,2688,1000,0,1*150c  * 07-04-2025 14:29:14.250
CRC-Response  - 64,3,I001,2*c349 * 07-04-2025 14:29:14.467
CRC-Response  - 64,3,F000,2*fc18 * 07-04-2025 14:29:20.856
RA Placed Rack in H1 * 07-04-2025 14:29:20.862
Command Sent HEATER DOOR CLOSE - #65,8,1,0*d445  * 07-04-2025 14:29:21.734
CRC-Response  - 65,8,I001*410d * 07-04-2025 14:29:21.948
CRC-Response  - 65,8,F000*95cf * 07-04-2025 14:29:22.291
Command Sent READ TEMPERATURE - #66,11*01f6  * 07-04-2025 14:29:22.617
CRC-Response  - 66,11,F000,545*0d1d * 07-04-2025 14:29:22.833
Command Sent READ TEMPERATURE - #67,11*fdf7  * 07-04-2025 14:29:42.292
CRC-Response  - 67,11,F000,447*8dcf * 07-04-2025 14:29:42.507
Command Sent Rack-1 Picked from J4 - #68,2,2,21194,800,0,0*d3e6  * 07-04-2025 14:29:44.285
CRC-Response  - 68,2,I001,2*3048 * 07-04-2025 14:29:44.500
CRC-Response  - 68,2,F000,2*0f19 * 07-04-2025 14:29:51.772
RA Picked Rack From J4 * 07-04-2025 14:29:51.777
Command Sent Rack-1 Placed in J5 - #69,3,2,24824,800,0,0*cad9  * 07-04-2025 14:29:52.270
CRC-Response  - 69,3,I001,2*39d8 * 07-04-2025 14:29:52.486
CRC-Response  - 69,3,F000,2*0689 * 07-04-2025 14:29:58.99
RA Placed Rack in J5 * 07-04-2025 14:29:58.106
Command Sent READ TEMPERATURE - #70,11*49cb  * 07-04-2025 14:30:02.340
CRC-Response  - 70,11,F000,447*0bc4 * 07-04-2025 14:30:02.552
Command Sent READ TEMPERATURE - #71,11*b5ca  * 07-04-2025 14:30:32.739
CRC-Response  - 71,11,F000,545*8b16 * 07-04-2025 14:30:32.957
Command Sent Rack-2 Picked from J1 - #72,2,2,10304,800,0,0*4c63  * 07-04-2025 14:30:52.288
CRC-Response  - 72,2,I001,2*ec6c * 07-04-2025 14:30:52.511
CRC-Response  - 72,2,F000,2*d33d * 07-04-2025 14:30:59.322
RA Picked Rack From J1 * 07-04-2025 14:30:59.327
Command Sent Rack-2 Placed in J2 - #73,3,2,13934,800,0,0*f3da  * 07-04-2025 14:30:59.728
CRC-Response  - 73,3,I001,2*e5fc * 07-04-2025 14:30:59.947
CRC-Response  - 73,3,F000,2*daad * 07-04-2025 14:31:05.556
RA Placed Rack in J2 * 07-04-2025 14:31:05.562
Command Sent READ TEMPERATURE - #74,11*79ca  * 07-04-2025 14:31:10.336
CRC-Response  - 74,11,F000,-273*1fa8 * 07-04-2025 14:31:10.549
Command Sent READ TEMPERATURE - #75,11*85cb  * 07-04-2025 14:31:40.707
CRC-Response  - 75,11,F000,545*0f18 * 07-04-2025 14:31:40.923
Command Sent Rack-1 Picked from J5 - #76,2,2,24824,800,0,0*9ee2  * 07-04-2025 14:31:59.144
CRC-Response  - 76,2,I001,2*392d * 07-04-2025 14:31:59.362
CRC-Response  - 76,2,F000,2*067c * 07-04-2025 14:32:05.782
RA Picked Rack From J5 * 07-04-2025 14:32:05.788
Command Sent Rack-1 Placed in J6 - #77,3,2,28454,800,0,0*6810  * 07-04-2025 14:32:06.95
CRC-Response  - 77,3,I001,2*30bd * 07-04-2025 14:32:06.307
CRC-Response  - 77,3,F000,2*0fec * 07-04-2025 14:32:11.922
RA Placed Rack in J6 * 07-04-2025 14:32:11.928
Command Sent READ TEMPERATURE - #78,11*29c9  * 07-04-2025 14:32:16.154
CRC-Response  - 78,11,F000,545*420b * 07-04-2025 14:32:16.366
Command Sent READ TEMPERATURE - #79,11*d5c8  * 07-04-2025 14:32:46.543
CRC-Response  - 79,11,F000,447*c2d9 * 07-04-2025 14:32:46.752
Command Sent Rack-2 Picked from J2 - #80,2,2,13934,800,0,0*d99b  * 07-04-2025 14:33:06.551
CRC-Response  - 80,2,I001,2*32fd * 07-04-2025 14:33:06.814
CRC-Response  - 80,2,F000,2*0dac * 07-04-2025 14:33:13.589
RA Picked Rack From J2 * 07-04-2025 14:33:13.594
Command Sent Rack-2 Placed in J4 - #81,3,2,21194,800,0,0*f101  * 07-04-2025 14:33:14.56
CRC-Response  - 81,3,I001,2*3b6d * 07-04-2025 14:33:14.269
CRC-Response  - 81,3,F000,2*043c * 07-04-2025 14:33:20.281
RA Placed Rack in J4 * 07-04-2025 14:33:20.290
Command Sent READ TEMPERATURE - #82,11*f09e  * 07-04-2025 14:33:24.591
CRC-Response  - 82,11,F000,545*471c * 07-04-2025 14:33:24.808
Command Sent WATER VALVE - 1 CONTROL ON - #83,13,1,1*9c13  * 07-04-2025 14:33:55.774
CRC-Response  - 83,13,F000*3b06 * 07-04-2025 14:33:55.991
Command Sent Rack-1 Picked from J6 - #84,2,2,28454,800,0,0*4251  * 07-04-2025 14:34:12.837
CRC-Response  - 84,2,I001,2*e7bc * 07-04-2025 14:34:13.55
CRC-Response  - 84,2,F000,2*d8ed * 07-04-2025 14:34:19.59
RA Picked Rack From J6 * 07-04-2025 14:34:19.64
Command Sent RA-1 Movement - #85,1,1,64754,800 ,0*052c  * 07-04-2025 14:34:19.281
CRC-Response  - 85,1,I001,1*36ed * 07-04-2025 14:34:19.506
CRC-Response  - 85,1,F000,1*09bc * 07-04-2025 14:34:20.490
RA Moved to assigned Location * 07-04-2025 14:34:20.497
Command Sent Rack-1 Placed in W1 - #86,3,2,42974,800,0,0*d2f2  * 07-04-2025 14:34:20.679
CRC-Response  - 86,3,I001,2*e1dc * 07-04-2025 14:34:20.892
5 Secconds Timer increments in Jar H1 for R3 as Command Execution under process in other function and timer upadted for tmr_r3_incub() * 07-04-2025 14:34:21.692
5 Secconds Timer increments in Jar H1 for R3 as Command Execution under process in other function and timer upadted for tmr_r3_incub() * 07-04-2025 14:34:26.725
CRC-Response  - 86,3,F000,2*de8d * 07-04-2025 14:34:27.713
RA Placed Rack in W1 * 07-04-2025 14:34:27.717
Command Sent RA-2 Movement - #87,1,2,2688,800 ,0*c4d3  * 07-04-2025 14:34:28.164
CRC-Response  - 87,1,I001,2*fd0c * 07-04-2025 14:34:28.377
5 Secconds Timer increments in Jar H1 for R3 as Command Execution under process in other function and timer upadted for tmr_r3_incub() * 07-04-2025 14:34:31.741
CRC-Response  - 87,1,F000,2*c25d * 07-04-2025 14:34:33.734
RA Moved to assigned Location * 07-04-2025 14:34:33.743
Command Sent HEATER DOOR OPEN - #88,8,1,1*58d9  * 07-04-2025 14:34:36.915
CRC-Response  - 88,8,I001*b880 * 07-04-2025 14:34:37.124
CRC-Response  - 88,8,F000*6c42 * 07-04-2025 14:34:37.466
Command Sent Rack-3 Picked from H1 - #89,2,2,2688,1000,0,1*071a  * 07-04-2025 14:34:37.794
CRC-Response  - 89,2,I001,2*1d2d * 07-04-2025 14:34:38.115
CRC-Response  - 89,2,F000,2*227c * 07-04-2025 14:34:43.270
RA Picked Rack From H1 * 07-04-2025 14:34:43.277
Command Sent HEATER DOOR CLOSE - #90,8,1,0*9450  * 07-04-2025 14:34:43.815
CRC-Response  - 90,8,I001*8e8c * 07-04-2025 14:34:44.26
CRC-Response  - 90,8,F000*5a4e * 07-04-2025 14:34:44.369
Command Sent Rack-3 Placed in J1 - #91,3,2,10304,800,0,0*b71f  * 07-04-2025 14:34:44.724
CRC-Response  - 91,3,I001,2*c769 * 07-04-2025 14:34:44.938
CRC-Response  - 91,3,F000,2*f838 * 07-04-2025 14:34:50.997
RA Placed Rack in J1 * 07-04-2025 14:34:51.3
Command Sent READ TEMPERATURE - #92,11*30a3  * 07-04-2025 14:34:55.215
CRC-Response  - 92,11,F000,545*861c * 07-04-2025 14:34:55.428
Command Sent Home Command - #93,5,00111111*ad92  * 07-04-2025 14:35:08.240
CRC-Response  - 93,5,I001,00111111*9b8d * 07-04-2025 14:35:08.449
CRC-Response  - 93,5,F000*520f * 07-04-2025 14:35:08.454
Command Sent Rack-2 Picked from J4 - #94,2,2,21194,800,0,0*7ca1  * 07-04-2025 14:35:21.381
CRC-Response  - 94,2,I001,2*1bb8 * 07-04-2025 14:35:21.598
CRC-Response  - 94,2,F000,2*24e9 * 07-04-2025 14:35:29.164
RA Picked Rack From J4 * 07-04-2025 14:35:29.170
Command Sent Rack-2 Placed in J5 - #95,3,2,24824,800,0,0*659e  * 07-04-2025 14:35:29.847
CRC-Response  - 95,3,I001,2*1228 * 07-04-2025 14:35:30.64
CRC-Response  - 95,3,F000,2*2d79 * 07-04-2025 14:35:35.676
RA Placed Rack in J5 * 07-04-2025 14:35:35.680
Command Sent READ TEMPERATURE - #96,11*00a2  * 07-04-2025 14:35:40.59
CRC-Response  - 96,11,F000,-273*d925 * 07-04-2025 14:35:40.275
Command Sent HEATER DOOR OPEN - #97,8,1,1*94e7  * 07-04-2025 14:35:41.272
CRC-Response  - 97,8,I001*68cd * 07-04-2025 14:35:41.482
CRC-Response  - 97,8,F000*bc0f * 07-04-2025 14:35:41.822
Command Sent Level Sensing For L1 - #98,4,17564,16380,0,0*f8f2  * 07-04-2025 14:35:42.169
CRC-Response  - 98,4,F006*32cf * 07-04-2025 14:35:42.378
Command Sent Level Sensing For L1 - #98,4,17564,16380,0,0*f8f2  * 07-04-2025 14:35:42.545
CRC-Response  - 98,4,F006*32cf * 07-04-2025 14:35:47.753
Command Sent Level Sensing For L1 - #98,4,17564,16380,0,0*f8f2  * 07-04-2025 14:35:47.907
CRC-Response  - 98,4,F006*32cf * 07-04-2025 14:35:53.114
Command Sent Level Sensing For L1 - #98,4,17564,16380,0,0*f8f2  * 07-04-2025 14:35:53.283
CRC-Response  - 98,4,F006*32cf * 07-04-2025 14:35:58.497
Command Sent Level Sensing For L1 - #98,4,17564,16380,0,0*f8f2  * 07-04-2025 14:35:58.653
CRC-Response  - 98,4,F006*32cf * 07-04-2025 14:36:03.858
Command Sent Level Sensing For L1 - #98,4,17564,16380,0,0*f8f2  * 07-04-2025 14:36:04.26
CRC-Response  - 98,4,F006*32cf * 07-04-2025 14:36:09.232
Command Sent Level Sensing For L1 - #98,4,17564,16380,0,0*f8f2  * 07-04-2025 14:36:09.387
CRC-Response  - 98,4,F006*32cf * 07-04-2025 14:36:14.593
Command Sent Level Sensing For L1 - #98,4,17564,16380,0,0*f8f2  * 07-04-2025 14:36:14.762
CRC-Response  - 98,4,F006*32cf * 07-04-2025 14:36:19.970
Command Sent Level Sensing For L1 - #98,4,17564,16380,0,0*f8f2  * 07-04-2025 14:36:20.147
CRC-Response  - 98,4,F006*32cf * 07-04-2025 14:36:25.366
Command Sent Level Sensing For L1 - #98,4,17564,16380,0,0*f8f2  * 07-04-2025 14:36:25.524
5 Seconds Timer increments in Jar W1 for R1 as Command Execution under process in other function and timer updated for tmr_r1_incub() * 07-04-2025 14:36:42.814
CRC-Response  - 98,4,F006*32cf * 07-04-2025 14:36:43.16
Command Sent Level Sensing For L1 - #98,4,17564,16380,0,0*f8f2  * 07-04-2025 14:36:43.171
5 Seconds Timer increments in Jar W1 for R1 as Command Execution under process in other function and timer updated for tmr_r1_incub() * 07-04-2025 14:36:47.582
CRC-Response  - 98,4,F006*32cf * 07-04-2025 14:36:48.394
Command Sent Level Sensing For L1 - #98,4,17564,16380,0,0*f8f2  * 07-04-2025 14:36:48.563
5 Seconds Timer increments in Jar W1 for R1 as Command Execution under process in other function and timer updated for tmr_r1_incub() * 07-04-2025 14:36:48.584
5 Seconds Timer increments in Jar W1 for R1 as Command Execution under process in other function and timer updated for tmr_r1_incub() * 07-04-2025 14:36:49.589
5 Seconds Timer increments in Jar W1 for R1 as Command Execution under process in other function and timer updated for tmr_r1_incub() * 07-04-2025 14:36:50.605
5 Secconds Timer increments in Jar J1 for R3 as Command Execution under process in other function and timer upadted for tmr_r3_incub() * 07-04-2025 14:36:51.795
5 Seconds Timer increments in Jar W1 for R1 as Command Execution under process in other function and timer updated for tmr_r1_incub() * 07-04-2025 14:36:53.624
CRC-Response  - 98,4,F006*32cf * 07-04-2025 14:36:53.778
Command Sent Level Sensing For L1 - #98,4,17564,16380,0,0*f8f2  * 07-04-2025 14:36:53.947
5 Secconds Timer increments in Jar J1 for R3 as Command Execution under process in other function and timer upadted for tmr_r3_incub() * 07-04-2025 14:36:56.795
5 Seconds Timer increments in Jar W1 for R1 as Command Execution under process in other function and timer updated for tmr_r1_incub() * 07-04-2025 14:36:58.633
CRC-Response  - 98,4,F006*32cf * 07-04-2025 14:36:59.152
Command Sent Level Sensing For L1 - #98,4,17564,16380,0,0*f8f2  * 07-04-2025 14:36:59.325
5 Secconds Timer increments in Jar J1 for R3 as Command Execution under process in other function and timer upadted for tmr_r3_incub() * 07-04-2025 14:37:01.821
5 Seconds Timer increments in Jar W1 for R1 as Command Execution under process in other function and timer updated for tmr_r1_incub() * 07-04-2025 14:37:03.639
CRC-Response  - 98,4,F006*32cf * 07-04-2025 14:37:04.532
Command Sent Level Sensing For L1 - #98,4,17564,16380,0,0*f8f2  * 07-04-2025 14:37:04.687
5 Secconds Timer increments in Jar J1 for R3 as Command Execution under process in other function and timer upadted for tmr_r3_incub() * 07-04-2025 14:37:06.813
5 Seconds Timer increments in Jar W1 for R1 as Command Execution under process in other function and timer updated for tmr_r1_incub() * 07-04-2025 14:37:08.652
CRC-Response  - 98,4,F006*32cf * 07-04-2025 14:37:09.900
Command Sent Level Sensing For L1 - #98,4,17564,16380,0,0*f8f2  * 07-04-2025 14:37:10.58
5 Secconds Timer increments in Jar J1 for R3 as Command Execution under process in other function and timer upadted for tmr_r3_incub() * 07-04-2025 14:37:11.894
5 Seconds Timer increments in Jar W1 for R1 as Command Execution under process in other function and timer updated for tmr_r1_incub() * 07-04-2025 14:37:13.663
CRC-Response  - 98,4,F006*32cf * 07-04-2025 14:37:15.269
Command Sent Level Sensing For L1 - #98,4,17564,16380,0,0*f8f2  * 07-04-2025 14:37:15.426
5 Secconds Timer increments in Jar J1 for R3 as Command Execution under process in other function and timer upadted for tmr_r3_incub() * 07-04-2025 14:37:16.920
5 Seconds Timer increments in Jar W1 for R1 as Command Execution under process in other function and timer updated for tmr_r1_incub() * 07-04-2025 14:37:18.660
CRC-Response  - 98,4,F006*32cf * 07-04-2025 14:37:20.635
Command Sent Level Sensing For L1 - #98,4,17564,16380,0,0*f8f2  * 07-04-2025 14:37:20.805
5 Secconds Timer increments in Jar J1 for R3 as Command Execution under process in other function and timer upadted for tmr_r3_incub() * 07-04-2025 14:37:21.921
5 Seconds Timer increments in Jar W1 for R1 as Command Execution under process in other function and timer updated for tmr_r1_incub() * 07-04-2025 14:37:23.667
CRC-Response  - 98,4,F006*32cf * 07-04-2025 14:37:26.19
Command Sent Level Sensing For L1 - #98,4,17564,16380,0,0*f8f2  * 07-04-2025 14:37:26.174
5 Secconds Timer increments in Jar J1 for R3 as Command Execution under process in other function and timer upadted for tmr_r3_incub() * 07-04-2025 14:37:26.920
5 Seconds Timer increments in Jar W1 for R1 as Command Execution under process in other function and timer updated for tmr_r1_incub() * 07-04-2025 14:37:28.690
CRC-Response  - 98,4,F006*32cf * 07-04-2025 14:37:31.392
Command Sent Level Sensing For L1 - #98,4,17564,16380,0,0*f8f2  * 07-04-2025 14:37:31.548
5 Secconds Timer increments in Jar J1 for R3 as Command Execution under process in other function and timer upadted for tmr_r3_incub() * 07-04-2025 14:37:31.940
5 Seconds Timer increments in Jar W1 for R1 as Command Execution under process in other function and timer updated for tmr_r1_incub() * 07-04-2025 14:37:33.702
5 Seconds Timer increments in Jar J5 for R2 as Command Execution under process in other function and timer updated for tmr_r2_incub() * 07-04-2025 14:37:36.336
CRC-Response  - 98,4,F006*32cf * 07-04-2025 14:37:36.768
Command Sent Level Sensing For L1 - #98,4,17564,16380,0,0*f8f2  * 07-04-2025 14:37:36.923
5 Secconds Timer increments in Jar J1 for R3 as Command Execution under process in other function and timer upadted for tmr_r3_incub() * 07-04-2025 14:37:36.955
5 Seconds Timer increments in Jar W1 for R1 as Command Execution under process in other function and timer updated for tmr_r1_incub() * 07-04-2025 14:37:38.707
5 Seconds Timer increments in Jar J5 for R2 as Command Execution under process in other function and timer updated for tmr_r2_incub() * 07-04-2025 14:37:41.355
5 Secconds Timer increments in Jar J1 for R3 as Command Execution under process in other function and timer upadted for tmr_r3_incub() * 07-04-2025 14:37:41.958
CRC-Response  - 98,4,F006*32cf * 07-04-2025 14:37:42.141
Command Sent Level Sensing For L1 - #98,4,17564,16380,0,0*f8f2  * 07-04-2025 14:37:42.299
5 Seconds Timer increments in Jar W1 for R1 as Command Execution under process in other function and timer updated for tmr_r1_incub() * 07-04-2025 14:37:43.706
5 Seconds Timer increments in Jar J5 for R2 as Command Execution under process in other function and timer updated for tmr_r2_incub() * 07-04-2025 14:37:46.381
5 Secconds Timer increments in Jar J1 for R3 as Command Execution under process in other function and timer upadted for tmr_r3_incub() * 07-04-2025 14:37:46.967
CRC-Response  - 98,4,F006*32cf * 07-04-2025 14:37:47.507
Command Sent Level Sensing For L1 - #98,4,17564,16380,0,0*f8f2  * 07-04-2025 14:37:47.675
5 Seconds Timer increments in Jar W1 for R1 as Command Execution under process in other function and timer updated for tmr_r1_incub() * 07-04-2025 14:37:48.705
5 Seconds Timer increments in Jar J5 for R2 as Command Execution under process in other function and timer updated for tmr_r2_incub() * 07-04-2025 14:37:51.393
5 Secconds Timer increments in Jar J1 for R3 as Command Execution under process in other function and timer upadted for tmr_r3_incub() * 07-04-2025 14:37:52.22
CRC-Response  - 98,4,F006*32cf * 07-04-2025 14:37:52.893
Command Sent Level Sensing For L1 - #98,4,17564,16380,0,0*f8f2  * 07-04-2025 14:37:53.49
5 Seconds Timer increments in Jar W1 for R1 as Command Execution under process in other function and timer updated for tmr_r1_incub() * 07-04-2025 14:37:53.769
5 Seconds Timer increments in Jar J5 for R2 as Command Execution under process in other function and timer updated for tmr_r2_incub() * 07-04-2025 14:37:56.407
5 Secconds Timer increments in Jar J1 for R3 as Command Execution under process in other function and timer upadted for tmr_r3_incub() * 07-04-2025 14:37:57.38
CRC-Response  - 98,4,F006*32cf * 07-04-2025 14:37:58.279
Command Sent Level Sensing For L1 - #98,4,17564,16380,0,0*f8f2  * 07-04-2025 14:37:58.432
5 Seconds Timer increments in Jar W1 for R1 as Command Execution under process in other function and timer updated for tmr_r1_incub() * 07-04-2025 14:37:58.790
5 Seconds Timer increments in Jar J5 for R2 as Command Execution under process in other function and timer updated for tmr_r2_incub() * 07-04-2025 14:38:01.414
5 Secconds Timer increments in Jar J1 for R3 as Command Execution under process in other function and timer upadted for tmr_r3_incub() * 07-04-2025 14:38:02.35
CRC-Response  - 98,4,F006*32cf * 07-04-2025 14:38:03.648
11 Seconds Timer increments in Jar W1 for R1 as Command Execution under process in other function and timer updated for tmr_r1_incub() * 07-04-2025 14:38:03.794
Command Sent Level Sensing For L1 - #98,4,17564,16380,0,0*f8f2  * 07-04-2025 14:38:03.803
5 Seconds Timer increments in Jar J5 for R2 as Command Execution under process in other function and timer updated for tmr_r2_incub() * 07-04-2025 14:38:06.441
5 Secconds Timer increments in Jar J1 for R3 as Command Execution under process in other function and timer upadted for tmr_r3_incub() * 07-04-2025 14:38:07.33
CRC-Response  - 98,4,F006*32cf * 07-04-2025 14:38:09.13
Command Sent Level Sensing For L1 - #98,4,17564,16380,0,0*f8f2  * 07-04-2025 14:38:09.167
5 Seconds Timer increments in Jar J5 for R2 as Command Execution under process in other function and timer updated for tmr_r2_incub() * 07-04-2025 14:38:11.439
5 Secconds Timer increments in Jar J1 for R3 as Command Execution under process in other function and timer upadted for tmr_r3_incub() * 07-04-2025 14:38:12.78
CRC-Response  - 98,4,F006*32cf * 07-04-2025 14:38:14.383
Command Sent Level Sensing For L1 - #98,4,17564,16380,0,0*f8f2  * 07-04-2025 14:38:14.552
5 Seconds Timer increments in Jar W1 for R1 as Command Execution under process in other function and timer updated for tmr_r1_incub() * 07-04-2025 14:38:14.840
5 Seconds Timer increments in Jar J5 for R2 as Command Execution under process in other function and timer updated for tmr_r2_incub() * 07-04-2025 14:38:16.460
5 Secconds Timer increments in Jar J1 for R3 as Command Execution under process in other function and timer upadted for tmr_r3_incub() * 07-04-2025 14:38:17.91
CRC-Response  - 98,4,F006*32cf * 07-04-2025 14:38:19.787
11 Seconds Timer increments in Jar W1 for R1 as Command Execution under process in other function and timer updated for tmr_r1_incub() * 07-04-2025 14:38:19.841
Command Sent Level Sensing For L1 - #98,4,17564,16380,0,0*f8f2  * 07-04-2025 14:38:19.947
5 Seconds Timer increments in Jar J5 for R2 as Command Execution under process in other function and timer updated for tmr_r2_incub() * 07-04-2025 14:38:21.456
5 Secconds Timer increments in Jar J1 for R3 as Command Execution under process in other function and timer upadted for tmr_r3_incub() * 07-04-2025 14:38:22.97
CRC-Response  - 98,4,F006*32cf * 07-04-2025 14:38:25.152
Command Sent Level Sensing For L1 - #98,4,17564,16380,0,0*f8f2  * 07-04-2025 14:38:25.308
5 Seconds Timer increments in Jar J5 for R2 as Command Execution under process in other function and timer updated for tmr_r2_incub() * 07-04-2025 14:38:26.452
5 Secconds Timer increments in Jar J1 for R3 as Command Execution under process in other function and timer upadted for tmr_r3_incub() * 07-04-2025 14:38:27.139
CRC-Response  - 98,4,F006*32cf * 07-04-2025 14:38:30.512
Command Sent Level Sensing For L1 - #98,4,17564,16380,0,0*f8f2  * 07-04-2025 14:38:30.681
5 Seconds Timer increments in Jar W1 for R1 as Command Execution under process in other function and timer updated for tmr_r1_incub() * 07-04-2025 14:38:30.868
5 Seconds Timer increments in Jar J5 for R2 as Command Execution under process in other function and timer updated for tmr_r2_incub() * 07-04-2025 14:38:31.460
5 Secconds Timer increments in Jar J1 for R3 as Command Execution under process in other function and timer upadted for tmr_r3_incub() * 07-04-2025 14:38:32.172
5 Seconds Timer increments in Jar W1 for R1 as Command Execution under process in other function and timer updated for tmr_r1_incub() * 07-04-2025 14:38:35.876
CRC-Response  - 98,4,F006*32cf * 07-04-2025 14:38:35.898
Command Sent Level Sensing For L1 - #98,4,17564,16380,0,0*f8f2  * 07-04-2025 14:38:36.68
5 Seconds Timer increments in Jar J5 for R2 as Command Execution under process in other function and timer updated for tmr_r2_incub() * 07-04-2025 14:38:36.487
5 Secconds Timer increments in Jar J1 for R3 as Command Execution under process in other function and timer upadted for tmr_r3_incub() * 07-04-2025 14:38:37.184
5 Seconds Timer increments in Jar W1 for R1 as Command Execution under process in other function and timer updated for tmr_r1_incub() * 07-04-2025 14:38:40.911
CRC-Response  - 98,4,F006*32cf * 07-04-2025 14:38:41.281
Command Sent Level Sensing For L1 - #98,4,17564,16380,0,0*f8f2  * 07-04-2025 14:38:41.437
5 Seconds Timer increments in Jar J5 for R2 as Command Execution under process in other function and timer updated for tmr_r2_incub() * 07-04-2025 14:38:41.483
5 Secconds Timer increments in Jar J1 for R3 as Command Execution under process in other function and timer upadted for tmr_r3_incub() * 07-04-2025 14:38:42.210
5 Seconds Timer increments in Jar W1 for R1 as Command Execution under process in other function and timer updated for tmr_r1_incub() * 07-04-2025 14:38:45.903
5 Seconds Timer increments in Jar J5 for R2 as Command Execution under process in other function and timer updated for tmr_r2_incub() * 07-04-2025 14:38:46.507
CRC-Response  - 98,4,F006*32cf * 07-04-2025 14:38:46.674
Command Sent Level Sensing For L1 - #98,4,17564,16380,0,0*f8f2  * 07-04-2025 14:38:46.841
5 Secconds Timer increments in Jar J1 for R3 as Command Execution under process in other function and timer upadted for tmr_r3_incub() * 07-04-2025 14:38:47.213
5 Seconds Timer increments in Jar W1 for R1 as Command Execution under process in other function and timer updated for tmr_r1_incub() * 07-04-2025 14:38:50.906
5 Seconds Timer increments in Jar J5 for R2 as Command Execution under process in other function and timer updated for tmr_r2_incub() * 07-04-2025 14:38:51.522
CRC-Response  - 98,4,F006*32cf * 07-04-2025 14:38:52.51
Command Sent Level Sensing For L1 - #98,4,17564,16380,0,0*f8f2  * 07-04-2025 14:38:52.217
5 Secconds Timer increments in Jar J1 for R3 as Command Execution under process in other function and timer upadted for tmr_r3_incub() * 07-04-2025 14:38:52.270
5 Seconds Timer increments in Jar W1 for R1 as Command Execution under process in other function and timer updated for tmr_r1_incub() * 07-04-2025 14:38:55.909
5 Seconds Timer increments in Jar J5 for R2 as Command Execution under process in other function and timer updated for tmr_r2_incub() * 07-04-2025 14:38:56.613
5 Secconds Timer increments in Jar J1 for R3 as Command Execution under process in other function and timer upadted for tmr_r3_incub() * 07-04-2025 14:38:57.292
CRC-Response  - 98,4,F006*32cf * 07-04-2025 14:38:57.430
Command Sent Level Sensing For L1 - #98,4,17564,16380,0,0*f8f2  * 07-04-2025 14:38:57.587
5 Seconds Timer increments in Jar W1 for R1 as Command Execution under process in other function and timer updated for tmr_r1_incub() * 07-04-2025 14:39:00.908
5 Seconds Timer increments in Jar J5 for R2 as Command Execution under process in other function and timer updated for tmr_r2_incub() * 07-04-2025 14:39:01.664
5 Secconds Timer increments in Jar J1 for R3 as Command Execution under process in other function and timer upadted for tmr_r3_incub() * 07-04-2025 14:39:02.313
CRC-Response  - 98,4,F006*32cf * 07-04-2025 14:39:02.793
Command Sent Level Sensing For L1 - #98,4,17564,16380,0,0*f8f2  * 07-04-2025 14:39:02.948
5 Seconds Timer increments in Jar W1 for R1 as Command Execution under process in other function and timer updated for tmr_r1_incub() * 07-04-2025 14:39:05.938
5 Seconds Timer increments in Jar J5 for R2 as Command Execution under process in other function and timer updated for tmr_r2_incub() * 07-04-2025 14:39:06.664
5 Secconds Timer increments in Jar J1 for R3 as Command Execution under process in other function and timer upadted for tmr_r3_incub() * 07-04-2025 14:39:07.338
CRC-Response  - 98,4,F006*32cf * 07-04-2025 14:39:08.185
Command Sent Level Sensing For L1 - #98,4,17564,16380,0,0*f8f2  * 07-04-2025 14:39:08.408
5 Seconds Timer increments in Jar W1 for R1 as Command Execution under process in other function and timer updated for tmr_r1_incub() * 07-04-2025 14:39:10.935
5 Seconds Timer increments in Jar J5 for R2 as Command Execution under process in other function and timer updated for tmr_r2_incub() * 07-04-2025 14:39:11.671
5 Secconds Timer increments in Jar J1 for R3 as Command Execution under process in other function and timer upadted for tmr_r3_incub() * 07-04-2025 14:39:12.356
CRC-Response  - 98,4,F006*32cf * 07-04-2025 14:39:13.612
Command Sent Level Sensing For L1 - #98,4,17564,16380,0,0*f8f2  * 07-04-2025 14:39:13.769
5 Seconds Timer increments in Jar W1 for R1 as Command Execution under process in other function and timer updated for tmr_r1_incub() * 07-04-2025 14:39:15.52
5 Seconds Timer increments in Jar J5 for R2 as Command Execution under process in other function and timer updated for tmr_r2_incub() * 07-04-2025 14:39:16.668
5 Secconds Timer increments in Jar J1 for R3 as Command Execution under process in other function and timer upadted for tmr_r3_incub() * 07-04-2025 14:39:17.368
CRC-Response  - 98,4,F006*32cf * 07-04-2025 14:39:18.986
Command Sent Level Sensing For L1 - #98,4,17564,16380,0,0*f8f2  * 07-04-2025 14:39:19.142
5 Seconds Timer increments in Jar W1 for R1 as Command Execution under process in other function and timer updated for tmr_r1_incub() * 07-04-2025 14:39:20.81
5 Seconds Timer increments in Jar J5 for R2 as Command Execution under process in other function and timer updated for tmr_r2_incub() * 07-04-2025 14:39:21.676
User Aborted / Stopped the application forcefully  * 07-04-2025 14:39:22.537
CRC-Response  - 98,4,F006*32cf * 07-04-2025 14:39:24.358
Command Sent HEATER OFF - #98,4,17564,16380,0,0*f8f2  * 07-04-2025 14:39:25.619
Command Sent HEATER OFF - #99,12,0*4b95  * 07-04-2025 14:39:30.845
CRC-Response  - 99,12,F000*8f28 * 07-04-2025 14:39:31.69
