Command Sent (SeqNo: 0, Retry: 0) SET TEMPERATURE - #0,10,32*870a  * 17-04-2025 06:59:29.697
CRC-Response (SeqNo: 0) - 0,10,F000*1ae9 * 17-04-2025 06:59:29.983
Command Sent (SeqNo: 1, Retry: 0) HEATER ON - #1,12,1*dbe7  * 17-04-2025 06:59:31.130
CRC-Response (SeqNo: 1) - 1,12,F000*68e5 * 17-04-2025 06:59:31.250
Command Sent (SeqNo: 2, Retry: 0) HEATER DOOR CLOSE - #2,8,1,0*21eb  * 17-04-2025 06:59:31.846
CRC-Response (SeqNo: 2) - 2,8,I001*fd79 * 17-04-2025 06:59:31.967
CRC-Response (SeqNo: 2) - 2,8,F000*29bb * 17-04-2025 06:59:32.306
Command Sent (SeqNo: 3, Retry: 0) READ TEMPERATURE - #3,11*ed1a  * 17-04-2025 06:59:32.898
CRC-Response (SeqNo: 3) - 3,11,F000,-273*7032 * 17-04-2025 06:59:33.16
Command Sent (SeqNo: 4, Retry: 0) READ TEMPERATURE - #4,11*991b  * 17-04-2025 06:59:48.116
CRC-Response (SeqNo: 4) - 4,11,F000,545*9384 * 17-04-2025 06:59:48.234
Command Sent (SeqNo: 5, Retry: 0) READ TEMPERATURE - #5,11*651a  * 17-04-2025 06:59:51.929
CRC-Response (SeqNo: 5) - 5,11,F000,-273*7634 * 17-04-2025 06:59:52.47
Command Sent (SeqNo: 6, Retry: 0) WATER VALVE - 1 CONTROL OFF - #6,13,1,0*596b  * 17-04-2025 07:00:03.325
CRC-Response (SeqNo: 6) - 6,13,F000*89c2 * 17-04-2025 07:00:03.439
Command Sent (SeqNo: 7, Retry: 0) WATER VALVE - 2 CONTROL OFF - #7,13,2,0*955a  * 17-04-2025 07:00:04.34
CRC-Response (SeqNo: 7) - 7,13,F000*19cf * 17-04-2025 07:00:04.153
Command Sent (SeqNo: 8, Retry: 0) WATER VALVE - 3 CONTROL OFF - #8,13,3,0*154b  * 17-04-2025 07:00:04.748
CRC-Response (SeqNo: 8) - 8,13,F000*e98e * 17-04-2025 07:00:04.865
Command Sent (SeqNo: 9, Retry: 0) WATER VALVE - 4 CONTROL OFF - #9,13,4,0*183b  * 17-04-2025 07:00:05.457
CRC-Response (SeqNo: 9) - 9,13,F000*7983 * 17-04-2025 07:00:05.576
Command Sent (SeqNo: 10, Retry: 0) WATER VALVE - 5 CONTROL OFF - #10,13,5,0*d8b9  * 17-04-2025 07:00:06.161
CRC-Response (SeqNo: 10) - 10,13,F000*e4c2 * 17-04-2025 07:00:06.278
Command Sent (SeqNo: 11, Retry: 0) WATER VALVE - 6 CONTROL OFF - #11,13,6,0*1488  * 17-04-2025 07:00:06.889
CRC-Response (SeqNo: 11) - 11,13,F000*74cf * 17-04-2025 07:00:07.6
Command Sent (SeqNo: 12, Retry: 0) Home Command - #12,5,01111111*e660  * 17-04-2025 07:00:07.590
CRC-Response (SeqNo: 12) - 12,5,I001,01111111*a94e * 17-04-2025 07:00:07.709
CRC-Response (SeqNo: 12) - 12,5,F000*5ea9 * 17-04-2025 07:00:07.710
Command Sent (SeqNo: 13, Retry: 0) Home Command - #13,5,01111111*259d  * 17-04-2025 07:00:09.831
CRC-Response (SeqNo: 13) - 13,5,I001,01111111*391f * 17-04-2025 07:00:09.956
CRC-Response (SeqNo: 13) - 13,5,F000*9268 * 17-04-2025 07:00:09.956
Command Sent (SeqNo: 14, Retry: 0) Level Sensing For L1 - #14,4,17564,16380,0,0*e000  * 17-04-2025 07:00:11.69
CRC-Response (SeqNo: 14) - 14,4,I001*71ea * 17-04-2025 07:00:11.185
CRC-Response (SeqNo: 14) - 14,4,F000,757*5bf6 * 17-04-2025 07:00:19.472
L1 Value - 757 * 17-04-2025 07:00:19.528
Command Sent (SeqNo: 15, Retry: 0) Level Sensing For L2 - #15,4,13934,16380,0,0*1825  * 17-04-2025 07:00:20.130
CRC-Response (SeqNo: 15) - 15,4,I001*bd2b * 17-04-2025 07:00:20.254
CRC-Response (SeqNo: 15) - 15,4,F000,755*598a * 17-04-2025 07:00:22.530
L2 Value - 755 * 17-04-2025 07:00:22.550
Command Sent (SeqNo: 16, Retry: 0) Level Sensing For L3 - #16,4,10304,16380,0,0*517e  * 17-04-2025 07:00:23.120
CRC-Response (SeqNo: 16) - 16,4,I001*a86b * 17-04-2025 07:00:23.246
CRC-Response (SeqNo: 16) - 16,4,F000,756*5cce * 17-04-2025 07:00:25.523
L3 Value - 756 * 17-04-2025 07:00:25.643
Command Sent (SeqNo: 17, Retry: 0) Home Command - #17,5,01111111*ea6c  * 17-04-2025 07:00:26.240
CRC-Response (SeqNo: 17) - 17,5,I001,01111111*f85d * 17-04-2025 07:00:26.364
CRC-Response (SeqNo: 17) - 17,5,F000*6169 * 17-04-2025 07:00:26.364
Command Sent (SeqNo: 18, Retry: 0) Home Command - #18,5,01111111*fe78  * 17-04-2025 07:00:27.962
CRC-Response (SeqNo: 18) - 18,5,I001,01111111*0b68 * 17-04-2025 07:00:28.83
CRC-Response (SeqNo: 18) - 18,5,F000*2129 * 17-04-2025 07:00:28.83
Rack - 1Protocol Started * 17-04-2025 07:00:29.390
Command Sent (SeqNo: 19, Retry: 0) Rack-1 Picked from L1 - With RA:2 - #19,2,2,17564,16380,0,0*e7b4  * 17-04-2025 07:00:29.533
CRC-Response (SeqNo: 19) - 19,2,I001,2*8103 * 17-04-2025 07:00:29.653
CRC-Response (SeqNo: 19) - 19,2,F000,2*be52 * 17-04-2025 07:00:36.830
RA Picked Rack From L1 * 17-04-2025 07:00:36.835
Command Sent (SeqNo: 20, Retry: 0) Rack-1 Placed in H1 - With RA:2 - #20,3,2,2688,1000,0,1*a10c  * 17-04-2025 07:00:37.210
CRC-Response (SeqNo: 20) - 20,3,I001,2*261d * 17-04-2025 07:00:37.346
CRC-Response (SeqNo: 20) - 20,3,F000,2*194c * 17-04-2025 07:00:44.228
RA Placed Rack in H1 * 17-04-2025 07:00:44.231
Command Sent (SeqNo: 21, Retry: 0) HEATER DOOR CLOSE - #21,8,1,0*e701  * 17-04-2025 07:00:44.866
CRC-Response (SeqNo: 21) - 21,8,I001*723e * 17-04-2025 07:00:45.24
CRC-Response (SeqNo: 21) - 21,8,F000*a6fc * 17-04-2025 07:00:45.358
Command Sent (SeqNo: 22, Retry: 0) READ TEMPERATURE - #22,11*f106  * 17-04-2025 07:00:45.954
CRC-Response (SeqNo: 22) - 22,11,F000,545*4d16 * 17-04-2025 07:00:46.74
Command Sent (SeqNo: 23, Retry: 0) READ TEMPERATURE - #23,11*0d07  * 17-04-2025 07:01:01.155
CRC-Response (SeqNo: 23) - 23,11,F000,-273*db6b * 17-04-2025 07:01:01.275
Command Sent (SeqNo: 24, Retry: 0) READ TEMPERATURE - #24,11*7906  * 17-04-2025 07:01:05.517
CRC-Response (SeqNo: 24) - 24,11,F000,545*8b1f * 17-04-2025 07:01:05.627
Command Sent (SeqNo: 25, Retry: 0) READ TEMPERATURE - #25,11*8507  * 17-04-2025 07:01:16.377
CRC-Response (SeqNo: 25) - 25,11,F000,-273*dd6d * 17-04-2025 07:01:16.495
Command Sent (SeqNo: 26, Retry: 0) READ TEMPERATURE - #26,11*c107  * 17-04-2025 07:01:31.594
CRC-Response (SeqNo: 26) - 26,11,F000,-273*de6e * 17-04-2025 07:01:31.706
Command Sent (SeqNo: 27, Retry: 0) READ TEMPERATURE - #27,11*3d06  * 17-04-2025 07:01:46.799
CRC-Response (SeqNo: 27) - 27,11,F000,-273*1f6e * 17-04-2025 07:01:46.924
Command Sent (SeqNo: 28, Retry: 0) READ TEMPERATURE - #28,11*2905  * 17-04-2025 07:02:02.12
CRC-Response (SeqNo: 28) - 28,11,F000,545*470e * 17-04-2025 07:02:02.132
Command Sent (SeqNo: 29, Retry: 0) READ TEMPERATURE - #29,11*d504  * 17-04-2025 07:02:17.209
CRC-Response (SeqNo: 29) - 29,11,F000,-273*d161 * 17-04-2025 07:02:17.337
Command Sent (SeqNo: 30, Retry: 0) READ TEMPERATURE - #30,11*893a  * 17-04-2025 07:02:32.427
CRC-Response (SeqNo: 30) - 30,11,F000,545*ce11 * 17-04-2025 07:02:32.548
Command Sent (SeqNo: 31, Retry: 0) READ TEMPERATURE - #31,11*753b  * 17-04-2025 07:02:47.630
CRC-Response (SeqNo: 31) - 31,11,F000,-273*19a9 * 17-04-2025 07:02:47.747
Command Sent (SeqNo: 32, Retry: 0) READ TEMPERATURE - #32,11*313b  * 17-04-2025 07:03:02.823
CRC-Response (SeqNo: 32) - 32,11,F000,545*8c16 * 17-04-2025 07:03:02.944
Command Sent (SeqNo: 33, Retry: 0) READ TEMPERATURE - #33,11*cd3a  * 17-04-2025 07:03:18.17
CRC-Response (SeqNo: 33) - 33,11,F000,-273*dbaa * 17-04-2025 07:03:18.128
Command Sent (SeqNo: 34, Retry: 0) READ TEMPERATURE - #34,11*b93b  * 17-04-2025 07:03:33.212
CRC-Response (SeqNo: 34) - 34,11,F000,-273*1cac * 17-04-2025 07:03:33.364
Command Sent (SeqNo: 35, Retry: 0) READ TEMPERATURE - #35,11*453a  * 17-04-2025 07:03:48.456
CRC-Response (SeqNo: 35) - 35,11,F000,-273*ddac * 17-04-2025 07:03:48.582
Command Sent (SeqNo: 36, Retry: 0) READ TEMPERATURE - #36,11*013a  * 17-04-2025 07:04:03.676
CRC-Response (SeqNo: 36) - 36,11,F000,-273*deaf * 17-04-2025 07:04:03.796
Command Sent (SeqNo: 37, Retry: 0) READ TEMPERATURE - #37,11*fd3b  * 17-04-2025 07:04:18.884
CRC-Response (SeqNo: 37) - 37,11,F000,545*891a * 17-04-2025 07:04:19.5
Command Sent (SeqNo: 38, Retry: 0) READ TEMPERATURE - #38,11*e938  * 17-04-2025 07:04:34.80
CRC-Response (SeqNo: 38) - 38,11,F000,545*860e * 17-04-2025 07:04:34.200
Command Sent (SeqNo: 39, Retry: 0) READ TEMPERATURE - #39,11*1539  * 17-04-2025 07:04:49.284
CRC-Response (SeqNo: 39) - 39,11,F000,-273*d1a0 * 17-04-2025 07:04:49.399
Command Sent (SeqNo: 40, Retry: 0) READ TEMPERATURE - #40,11*498f  * 17-04-2025 07:05:04.467
CRC-Response (SeqNo: 40) - 40,11,F000,-273*daee * 17-04-2025 07:05:04.621
Command Sent (SeqNo: 41, Retry: 0) READ TEMPERATURE - #41,11*b58e  * 17-04-2025 07:05:19.708
CRC-Response (SeqNo: 41) - 41,11,F000,-273*1bee * 17-04-2025 07:05:19.836
Command Sent (SeqNo: 42, Retry: 0) READ TEMPERATURE - #42,11*f18e  * 17-04-2025 07:05:34.909
CRC-Response (SeqNo: 42) - 42,11,F000,-273*18ed * 17-04-2025 07:05:35.36
Command Sent (SeqNo: 43, Retry: 0) READ TEMPERATURE - #43,11*0d8f  * 17-04-2025 07:05:50.124
CRC-Response (SeqNo: 43) - 43,11,F000,-273*d9ed * 17-04-2025 07:05:50.251
Command Sent (SeqNo: 44, Retry: 0) READ TEMPERATURE - #44,11*798e  * 17-04-2025 07:06:05.333
CRC-Response (SeqNo: 44) - 44,11,F000,-273*1eeb * 17-04-2025 07:06:05.457
Command Sent (SeqNo: 45, Retry: 0) READ TEMPERATURE - #45,11*858f  * 17-04-2025 07:06:20.552
CRC-Response (SeqNo: 45) - 45,11,F000,-273*dfeb * 17-04-2025 07:06:20.673
Command Sent (SeqNo: 46, Retry: 0) READ TEMPERATURE - #46,11*c18f  * 17-04-2025 07:06:35.751
CRC-Response (SeqNo: 46) - 46,11,F000,-273*dce8 * 17-04-2025 07:06:35.871
Command Sent (SeqNo: 47, Retry: 0) HEATER DOOR OPEN - #47,8,1,1*0d26  * 17-04-2025 07:06:50.53
CRC-Response (SeqNo: 47) - 47,8,I001*f895 * 17-04-2025 07:06:50.193
CRC-Response (SeqNo: 47) - 47,8,F000*2c57 * 17-04-2025 07:06:50.517
Rack - 2Protocol Started * 17-04-2025 07:06:51.54
Command Sent (SeqNo: 48, Retry: 0) Rack-2 Picked from L2 - With RA:2 - #48,2,2,13934,16380,0,0*0d29  * 17-04-2025 07:06:51.166
CRC-Response (SeqNo: 48) - 48,2,I001,2*8843 * 17-04-2025 07:06:51.286
CRC-Response (SeqNo: 48) - 48,2,F000,2*b712 * 17-04-2025 07:06:57.767
RA Picked Rack From L2 * 17-04-2025 07:06:57.770
Command Sent (SeqNo: 49, Retry: 0) Rack-2 Placed in H2 - With RA:2 - #49,3,2,2688,8700,0,1*f0ed  * 17-04-2025 07:06:58.301
CRC-Response (SeqNo: 49) - 49,3,I001,2*81d3 * 17-04-2025 07:06:58.439
CRC-Response (SeqNo: 49) - 49,3,F000,2*be82 * 17-04-2025 07:07:04.911
RA Placed Rack in H2 * 17-04-2025 07:07:04.914
Command Sent (SeqNo: 50, Retry: 0) HEATER DOOR CLOSE - #50,8,1,0*c150  * 17-04-2025 07:07:05.953
CRC-Response (SeqNo: 50) - 50,8,I001*8ed9 * 17-04-2025 07:07:06.89
CRC-Response (SeqNo: 50) - 50,8,F000*5a1b * 17-04-2025 07:07:06.427
Command Sent (SeqNo: 51, Retry: 0) READ TEMPERATURE - #51,11*75b3  * 17-04-2025 07:07:07.8
CRC-Response (SeqNo: 51) - 51,11,F000,545*4915 * 17-04-2025 07:07:07.126
Command Sent (SeqNo: 52, Retry: 0) READ TEMPERATURE - #52,11*31b3  * 17-04-2025 07:07:22.216
CRC-Response (SeqNo: 52) - 52,11,F000,-273*182c * 17-04-2025 07:07:22.336
Command Sent (SeqNo: 53, Retry: 0) READ TEMPERATURE - #53,11*cdb2  * 17-04-2025 07:07:26.833
CRC-Response (SeqNo: 53) - 53,11,F000,-273*d92c * 17-04-2025 07:07:26.951
Command Sent (SeqNo: 54, Retry: 0) READ TEMPERATURE - #54,11*b9b3  * 17-04-2025 07:07:37.435
CRC-Response (SeqNo: 54) - 54,11,F000,-273*1e2a * 17-04-2025 07:07:37.552
Command Sent (SeqNo: 55, Retry: 0) READ TEMPERATURE - #55,11*45b2  * 17-04-2025 07:07:52.628
CRC-Response (SeqNo: 55) - 55,11,F000,-273*df2a * 17-04-2025 07:07:52.745
Command Sent (SeqNo: 56, Retry: 0) READ TEMPERATURE - #56,11*01b2  * 17-04-2025 07:08:07.830
CRC-Response (SeqNo: 56) - 56,11,F000,-273*dc29 * 17-04-2025 07:08:07.948
Command Sent (SeqNo: 57, Retry: 0) READ TEMPERATURE - #57,11*fdb3  * 17-04-2025 07:08:23.34
CRC-Response (SeqNo: 57) - 57,11,F000,-273*1d29 * 17-04-2025 07:08:23.188
Command Sent (SeqNo: 58, Retry: 0) READ TEMPERATURE - #58,11*e9b0  * 17-04-2025 07:08:38.271
CRC-Response (SeqNo: 58) - 58,11,F000,-273*1226 * 17-04-2025 07:08:38.393
Command Sent (SeqNo: 59, Retry: 0) READ TEMPERATURE - #59,11*15b1  * 17-04-2025 07:08:53.475
CRC-Response (SeqNo: 59) - 59,11,F000,-273*d326 * 17-04-2025 07:08:53.595
Command Sent (SeqNo: 60, Retry: 0) READ TEMPERATURE - #60,11*89f6  * 17-04-2025 07:09:08.671
CRC-Response (SeqNo: 60) - 60,11,F000,-273*db6c * 17-04-2025 07:09:08.789
Command Sent (SeqNo: 61, Retry: 0) READ TEMPERATURE - #61,11*75f7  * 17-04-2025 07:09:23.901
CRC-Response (SeqNo: 61) - 61,11,F000,-273*1a6c * 17-04-2025 07:09:24.21
Command Sent (SeqNo: 62, Retry: 0) READ TEMPERATURE - #62,11*31f7  * 17-04-2025 07:09:39.107
CRC-Response (SeqNo: 62) - 62,11,F000,-273*196f * 17-04-2025 07:09:39.257
Command Sent (SeqNo: 63, Retry: 0) READ TEMPERATURE - #63,11*cdf6  * 17-04-2025 07:09:54.331
CRC-Response (SeqNo: 63) - 63,11,F000,545*0811 * 17-04-2025 07:09:54.451
Command Sent (SeqNo: 64, Retry: 0) READ TEMPERATURE - #64,11*b9f7  * 17-04-2025 07:10:09.537
CRC-Response (SeqNo: 64) - 64,11,F000,-273*1f69 * 17-04-2025 07:10:09.656
Command Sent (SeqNo: 65, Retry: 0) READ TEMPERATURE - #65,11*45f6  * 17-04-2025 07:10:24.733
CRC-Response (SeqNo: 65) - 65,11,F000,545*ce18 * 17-04-2025 07:10:24.857
Command Sent (SeqNo: 66, Retry: 0) READ TEMPERATURE - #66,11*01f6  * 17-04-2025 07:10:40.967
CRC-Response (SeqNo: 66) - 66,11,F000,-273*dd6a * 17-04-2025 07:10:41.84
Command Sent (SeqNo: 67, Retry: 0) HEATER DOOR OPEN - #67,8,1,1*d4a7  * 17-04-2025 07:10:44.469
CRC-Response (SeqNo: 67) - 67,8,I001*988c * 17-04-2025 07:10:44.602
CRC-Response (SeqNo: 67) - 67,8,F000*4c4e * 17-04-2025 07:10:44.925
Command Sent (SeqNo: 68, Retry: 0) Rack-1 Picked from H1 - With RA:2 - #68,2,2,2688,1000,0,1*d44e  * 17-04-2025 07:10:45.521
CRC-Response (SeqNo: 68) - 68,2,I001,2*3048 * 17-04-2025 07:10:45.645
CRC-Response (SeqNo: 68) - 68,2,F000,2*0f19 * 17-04-2025 07:10:51.414
RA Picked Rack From H1 * 17-04-2025 07:10:51.417
Command Sent (SeqNo: 69, Retry: 0) HEATER DOOR CLOSE - #69,8,1,0*d489  * 17-04-2025 07:10:51.649
CRC-Response (SeqNo: 69) - 69,8,I001*140d * 17-04-2025 07:10:51.791
CRC-Response (SeqNo: 69) - 69,8,F000*c0cf * 17-04-2025 07:10:52.127
Command Sent (SeqNo: 70, Retry: 0) Rack-1 Placed in J1 - With RA:2 - #70,3,2,10304,800,0,0*644b  * 17-04-2025 07:10:52.710
CRC-Response (SeqNo: 70) - 70,3,I001,2*ea0c * 17-04-2025 07:10:52.831
CRC-Response (SeqNo: 70) - 70,3,F000,2*d55d * 17-04-2025 07:10:58.865
RA Placed Rack in J1 * 17-04-2025 07:10:58.868
Command Sent (SeqNo: 71, Retry: 0) READ TEMPERATURE - #71,11*b5ca  * 17-04-2025 07:11:03.502
CRC-Response (SeqNo: 71) - 71,11,F000,-273*1aad * 17-04-2025 07:11:03.611
Command Sent (SeqNo: 72, Retry: 0) READ TEMPERATURE - #72,11*f1ca  * 17-04-2025 07:11:18.686
CRC-Response (SeqNo: 72) - 72,11,F000,545*4813 * 17-04-2025 07:11:18.804
Command Sent (SeqNo: 73, Retry: 0) READ TEMPERATURE - #73,11*0dcb  * 17-04-2025 07:11:33.875
CRC-Response (SeqNo: 73) - 73,11,F000,545*c911 * 17-04-2025 07:11:33.996
Command Sent (SeqNo: 74, Retry: 0) READ TEMPERATURE - #74,11*79ca  * 17-04-2025 07:11:49.83
CRC-Response (SeqNo: 74) - 74,11,F000,-273*1fa8 * 17-04-2025 07:11:49.221
Command Sent (SeqNo: 75, Retry: 0) READ TEMPERATURE - #75,11*85cb  * 17-04-2025 07:12:04.299
CRC-Response (SeqNo: 75) - 75,11,F000,545*0f18 * 17-04-2025 07:12:04.420
Command Sent (SeqNo: 76, Retry: 0) READ TEMPERATURE - #76,11*c1cb  * 17-04-2025 07:12:19.521
CRC-Response (SeqNo: 76) - 76,11,F000,-273*ddab * 17-04-2025 07:12:19.632
Command Sent (SeqNo: 77, Retry: 0) READ TEMPERATURE - #77,11*3dca  * 17-04-2025 07:12:34.737
CRC-Response (SeqNo: 77) - 77,11,F000,-273*1cab * 17-04-2025 07:12:34.864
Command Sent (SeqNo: 78, Retry: 0) READ TEMPERATURE - #78,11*29c9  * 17-04-2025 07:12:50.942
CRC-Response (SeqNo: 78) - 78,11,F000,-273*13a4 * 17-04-2025 07:12:51.64
Command Sent (SeqNo: 79, Retry: 0) Rack-1 Picked from J1 - With RA:2 - #79,2,2,10304,800,0,0*69c5  * 17-04-2025 07:12:59.593
CRC-Response (SeqNo: 79) - 79,2,I001,2*091d * 17-04-2025 07:12:59.714
CRC-Response (SeqNo: 79) - 79,2,F000,2*364c * 17-04-2025 07:13:04.796
RA Picked Rack From J1 * 17-04-2025 07:13:04.799
Command Sent (SeqNo: 80, Retry: 0) Rack-1 Placed in J2 - With RA:2 - #80,3,2,13934,800,0,0*49ca  * 17-04-2025 07:19:19.493
5 Seconds Timer increments in Jar H2 for R2 as Command Execution under process in other function and timer updated for tmr_r2_incub() * 17-04-2025 07:19:19.526
CRC-Response (SeqNo: 80) - 80,3,I001,2*fe3c * 17-04-2025 07:19:19.660
5 Seconds Timer increments in Jar H2 for R2 as Command Execution under process in other function and timer updated for tmr_r2_incub() * 17-04-2025 07:19:20.533
5 Seconds Timer increments in Jar H2 for R2 as Command Execution under process in other function and timer updated for tmr_r2_incub() * 17-04-2025 07:19:21.528
5 Seconds Timer increments in Jar H2 for R2 as Command Execution under process in other function and timer updated for tmr_r2_incub() * 17-04-2025 07:19:22.541
5 Seconds Timer increments in Jar H2 for R2 as Command Execution under process in other function and timer updated for tmr_r2_incub() * 17-04-2025 07:19:23.567
5 Seconds Timer increments in Jar H2 for R2 as Command Execution under process in other function and timer updated for tmr_r2_incub() * 17-04-2025 07:19:24.561
CRC-Response (SeqNo: 80) - 80,3,F000,2*c16d * 17-04-2025 07:19:25.255
RA Placed Rack in J2 * 17-04-2025 07:19:25.257
Command Sent (SeqNo: 81, Retry: 0) HEATER DOOR OPEN - #81,8,1,1*5840  * 17-04-2025 07:19:26.144
CRC-Response (SeqNo: 81) - 81,8,I001*d240 * 17-04-2025 07:19:26.484
CRC-Response (SeqNo: 81) - 81,8,F000*0682 * 17-04-2025 07:19:26.821
Command Sent (SeqNo: 82, Retry: 0) HEATER DOOR OPEN - #82,8,1,1*5873  * 17-04-2025 07:19:26.908
CRC-Response (SeqNo: 82) - 82,8,I001*c700 * 17-04-2025 07:19:27.25
CRC-Response (SeqNo: 82) - 82,8,F000*13c2 * 17-04-2025 07:19:27.364
Rack - R3Protocol Started * 17-04-2025 07:19:27.895
Command Sent (SeqNo: 83, Retry: 0) Rack-3 Picked from L3 - With RA:2 - #83,2,2,10304,16380,0,0*2e40  * 17-04-2025 07:19:27.989
CRC-Response (SeqNo: 83) - 83,2,I001,2*3d0d * 17-04-2025 07:19:28.109
CRC-Response (SeqNo: 83) - 83,2,F000,2*025c * 17-04-2025 07:19:34.523
RA Picked Rack From L3 * 17-04-2025 07:19:34.527
Command Sent (SeqNo: 84, Retry: 0) Rack-3 Placed in H1 - With RA:2 - #84,3,2,2688,1000,0,1*3a65  * 17-04-2025 07:19:34.618
CRC-Response (SeqNo: 84) - 84,3,I001,2*2b7d * 17-04-2025 07:19:34.757
CRC-Response (SeqNo: 84) - 84,3,F000,2*142c * 17-04-2025 07:19:41.165
RA Placed Rack in H1 * 17-04-2025 07:19:41.168
Command Sent (SeqNo: 85, Retry: 0) HEATER DOOR CLOSE - #85,8,1,0*58c4  * 17-04-2025 07:19:42.260
CRC-Response (SeqNo: 85) - 85,8,I001*2141 * 17-04-2025 07:19:42.399
CRC-Response (SeqNo: 85) - 85,8,F000*f583 * 17-04-2025 07:19:42.739
Command Sent (SeqNo: 86, Retry: 0) READ TEMPERATURE - #86,11*c09f  * 17-04-2025 07:19:43.320
CRC-Response (SeqNo: 86) - 86,11,F000,545*c312 * 17-04-2025 07:19:43.441
Command Sent (SeqNo: 87, Retry: 0) READ TEMPERATURE - #87,11*3c9e  * 17-04-2025 07:19:58.534
CRC-Response (SeqNo: 87) - 87,11,F000,545*4210 * 17-04-2025 07:19:58.653
Command Sent (SeqNo: 88, Retry: 0) READ TEMPERATURE - #88,11*289d  * 17-04-2025 07:20:02.452
CRC-Response (SeqNo: 88) - 88,11,F000,-273*17eb * 17-04-2025 07:20:02.581
Command Sent (SeqNo: 89, Retry: 0) READ TEMPERATURE - #89,11*d49c  * 17-04-2025 07:20:13.737
CRC-Response (SeqNo: 89) - 89,11,F000,545*cc06 * 17-04-2025 07:20:13.885
Command Sent (SeqNo: 90, Retry: 0) READ TEMPERATURE - #90,11*88a2  * 17-04-2025 07:20:28.976
CRC-Response (SeqNo: 90) - 90,11,F000,-273*df23 * 17-04-2025 07:20:29.94
Command Sent (SeqNo: 91, Retry: 0) READ TEMPERATURE - #91,11*74a3  * 17-04-2025 07:20:44.171
CRC-Response (SeqNo: 91) - 91,11,F000,545*4519 * 17-04-2025 07:20:44.290
Command Sent (SeqNo: 92, Retry: 0) READ TEMPERATURE - #92,11*30a3  * 17-04-2025 07:20:59.388
CRC-Response (SeqNo: 92) - 92,11,F000,545*861c * 17-04-2025 07:20:59.507
Command Sent (SeqNo: 93, Retry: 0) READ TEMPERATURE - #93,11*cca2  * 17-04-2025 07:21:15.576
CRC-Response (SeqNo: 93) - 93,11,F000,545*071e * 17-04-2025 07:21:15.691
11 Seconds Timer increments in Jar J2 for R1 as Command Execution under process in other function and timer updated for tmr_r1_incub() * 17-04-2025 07:21:25.926
11 Seconds Timer increments in Jar J2 for R1 as Command Execution under process in other function and timer updated for tmr_r1_incub() * 17-04-2025 07:21:37.3
11 Seconds Timer increments in Jar J2 for R1 as Command Execution under process in other function and timer updated for tmr_r1_incub() * 17-04-2025 07:21:48.25
11 Seconds Timer increments in Jar J2 for R1 as Command Execution under process in other function and timer updated for tmr_r1_incub() * 17-04-2025 07:21:59.38
11 Seconds Timer increments in Jar J2 for R1 as Command Execution under process in other function and timer updated for tmr_r1_incub() * 17-04-2025 07:22:10.85
11 Seconds Timer increments in Jar J2 for R1 as Command Execution under process in other function and timer updated for tmr_r1_incub() * 17-04-2025 07:22:21.133
11 Seconds Timer increments in Jar J2 for R1 as Command Execution under process in other function and timer updated for tmr_r1_incub() * 17-04-2025 07:22:32.201
11 Seconds Timer increments in Jar J2 for R1 as Command Execution under process in other function and timer updated for tmr_r1_incub() * 17-04-2025 07:22:43.244
11 Seconds Timer increments in Jar J2 for R1 as Command Execution under process in other function and timer updated for tmr_r1_incub() * 17-04-2025 07:22:54.259
11 Seconds Timer increments in Jar J2 for R1 as Command Execution under process in other function and timer updated for tmr_r1_incub() * 17-04-2025 07:23:05.295
11 Seconds Timer increments in Jar J2 for R1 as Command Execution under process in other function and timer updated for tmr_r1_incub() * 17-04-2025 07:23:16.346
11 Seconds Timer increments in Jar J2 for R1 as Command Execution under process in other function and timer updated for tmr_r1_incub() * 17-04-2025 07:23:27.366
11 Seconds Timer increments in Jar J2 for R1 as Command Execution under process in other function and timer updated for tmr_r1_incub() * 17-04-2025 07:23:38.397
11 Seconds Timer increments in Jar J2 for R1 as Command Execution under process in other function and timer updated for tmr_r1_incub() * 17-04-2025 07:23:49.418
11 Seconds Timer increments in Jar J2 for R1 as Command Execution under process in other function and timer updated for tmr_r1_incub() * 17-04-2025 07:24:00.462
11 Seconds Timer increments in Jar J2 for R1 as Command Execution under process in other function and timer updated for tmr_r1_incub() * 17-04-2025 07:24:11.535
11 Seconds Timer increments in Jar J2 for R1 as Command Execution under process in other function and timer updated for tmr_r1_incub() * 17-04-2025 07:24:22.573
11 Seconds Timer increments in Jar J2 for R1 as Command Execution under process in other function and timer updated for tmr_r1_incub() * 17-04-2025 07:24:32.591
11 Seconds Timer increments in Jar J2 for R1 as Command Execution under process in other function and timer updated for tmr_r1_incub() * 17-04-2025 07:24:43.643
11 Seconds Timer increments in Jar J2 for R1 as Command Execution under process in other function and timer updated for tmr_r1_incub() * 17-04-2025 07:24:54.706
11 Seconds Timer increments in Jar J2 for R1 as Command Execution under process in other function and timer updated for tmr_r1_incub() * 17-04-2025 07:25:05.741
11 Seconds Timer increments in Jar J2 for R1 as Command Execution under process in other function and timer updated for tmr_r1_incub() * 17-04-2025 07:25:16.771
11 Seconds Timer increments in Jar J2 for R1 as Command Execution under process in other function and timer updated for tmr_r1_incub() * 17-04-2025 07:25:27.778
11 Seconds Timer increments in Jar J2 for R1 as Command Execution under process in other function and timer updated for tmr_r1_incub() * 17-04-2025 07:25:38.827
11 Seconds Timer increments in Jar J2 for R1 as Command Execution under process in other function and timer updated for tmr_r1_incub() * 17-04-2025 07:25:49.866
11 Seconds Timer increments in Jar J2 for R1 as Command Execution under process in other function and timer updated for tmr_r1_incub() * 17-04-2025 07:26:00.937
11 Seconds Timer increments in Jar J2 for R1 as Command Execution under process in other function and timer updated for tmr_r1_incub() * 17-04-2025 07:26:11.976
11 Seconds Timer increments in Jar J2 for R1 as Command Execution under process in other function and timer updated for tmr_r1_incub() * 17-04-2025 07:26:23.29
11 Seconds Timer increments in Jar J2 for R1 as Command Execution under process in other function and timer updated for tmr_r1_incub() * 17-04-2025 07:26:34.120
11 Seconds Timer increments in Jar J2 for R1 as Command Execution under process in other function and timer updated for tmr_r1_incub() * 17-04-2025 07:26:45.153
11 Seconds Timer increments in Jar J2 for R1 as Command Execution under process in other function and timer updated for tmr_r1_incub() * 17-04-2025 07:26:56.163
11 Seconds Timer increments in Jar J2 for R1 as Command Execution under process in other function and timer updated for tmr_r1_incub() * 17-04-2025 07:27:07.168
11 Seconds Timer increments in Jar J2 for R1 as Command Execution under process in other function and timer updated for tmr_r1_incub() * 17-04-2025 07:27:18.199
11 Seconds Timer increments in Jar J2 for R1 as Command Execution under process in other function and timer updated for tmr_r1_incub() * 17-04-2025 07:27:29.287
11 Seconds Timer increments in Jar J2 for R1 as Command Execution under process in other function and timer updated for tmr_r1_incub() * 17-04-2025 07:27:40.281
11 Seconds Timer increments in Jar J2 for R1 as Command Execution under process in other function and timer updated for tmr_r1_incub() * 17-04-2025 07:27:51.308
11 Seconds Timer increments in Jar J2 for R1 as Command Execution under process in other function and timer updated for tmr_r1_incub() * 17-04-2025 07:28:02.341
11 Seconds Timer increments in Jar J2 for R1 as Command Execution under process in other function and timer updated for tmr_r1_incub() * 17-04-2025 07:28:13.381
11 Seconds Timer increments in Jar J2 for R1 as Command Execution under process in other function and timer updated for tmr_r1_incub() * 17-04-2025 07:28:24.402
11 Seconds Timer increments in Jar J2 for R1 as Command Execution under process in other function and timer updated for tmr_r1_incub() * 17-04-2025 07:28:35.453
11 Seconds Timer increments in Jar J2 for R1 as Command Execution under process in other function and timer updated for tmr_r1_incub() * 17-04-2025 07:28:46.457
11 Seconds Timer increments in Jar J2 for R1 as Command Execution under process in other function and timer updated for tmr_r1_incub() * 17-04-2025 07:28:57.505
11 Seconds Timer increments in Jar J2 for R1 as Command Execution under process in other function and timer updated for tmr_r1_incub() * 17-04-2025 07:29:08.528
11 Seconds Timer increments in Jar J2 for R1 as Command Execution under process in other function and timer updated for tmr_r1_incub() * 17-04-2025 07:29:18.595
11 Seconds Timer increments in Jar J2 for R1 as Command Execution under process in other function and timer updated for tmr_r1_incub() * 17-04-2025 07:29:29.623
11 Seconds Timer increments in Jar J2 for R1 as Command Execution under process in other function and timer updated for tmr_r1_incub() * 17-04-2025 07:29:40.655
11 Secconds Timer increments in Jar H1 for R3 as Command Execution under process in other function and timer upadted for tmr_r3_incub() * 17-04-2025 07:29:42.452
11 Seconds Timer increments in Jar J2 for R1 as Command Execution under process in other function and timer updated for tmr_r1_incub() * 17-04-2025 07:29:51.680
11 Secconds Timer increments in Jar H1 for R3 as Command Execution under process in other function and timer upadted for tmr_r3_incub() * 17-04-2025 07:29:53.462
11 Seconds Timer increments in Jar J2 for R1 as Command Execution under process in other function and timer updated for tmr_r1_incub() * 17-04-2025 07:30:02.706
11 Secconds Timer increments in Jar H1 for R3 as Command Execution under process in other function and timer upadted for tmr_r3_incub() * 17-04-2025 07:30:04.523
11 Seconds Timer increments in Jar J2 for R1 as Command Execution under process in other function and timer updated for tmr_r1_incub() * 17-04-2025 07:30:13.753
11 Secconds Timer increments in Jar H1 for R3 as Command Execution under process in other function and timer upadted for tmr_r3_incub() * 17-04-2025 07:30:15.533
11 Seconds Timer increments in Jar J2 for R1 as Command Execution under process in other function and timer updated for tmr_r1_incub() * 17-04-2025 07:30:24.746
11 Secconds Timer increments in Jar H1 for R3 as Command Execution under process in other function and timer upadted for tmr_r3_incub() * 17-04-2025 07:30:26.536
11 Seconds Timer increments in Jar J2 for R1 as Command Execution under process in other function and timer updated for tmr_r1_incub() * 17-04-2025 07:30:35.770
11 Secconds Timer increments in Jar H1 for R3 as Command Execution under process in other function and timer upadted for tmr_r3_incub() * 17-04-2025 07:30:37.586
11 Seconds Timer increments in Jar J2 for R1 as Command Execution under process in other function and timer updated for tmr_r1_incub() * 17-04-2025 07:30:46.792
11 Secconds Timer increments in Jar H1 for R3 as Command Execution under process in other function and timer upadted for tmr_r3_incub() * 17-04-2025 07:30:48.642
11 Seconds Timer increments in Jar J2 for R1 as Command Execution under process in other function and timer updated for tmr_r1_incub() * 17-04-2025 07:30:57.843
11 Secconds Timer increments in Jar H1 for R3 as Command Execution under process in other function and timer upadted for tmr_r3_incub() * 17-04-2025 07:30:59.691
11 Seconds Timer increments in Jar J2 for R1 as Command Execution under process in other function and timer updated for tmr_r1_incub() * 17-04-2025 07:31:08.877
11 Secconds Timer increments in Jar H1 for R3 as Command Execution under process in other function and timer upadted for tmr_r3_incub() * 17-04-2025 07:31:09.700
11 Seconds Timer increments in Jar J2 for R1 as Command Execution under process in other function and timer updated for tmr_r1_incub() * 17-04-2025 07:31:19.901
11 Secconds Timer increments in Jar H1 for R3 as Command Execution under process in other function and timer upadted for tmr_r3_incub() * 17-04-2025 07:31:20.752
11 Seconds Timer increments in Jar J2 for R1 as Command Execution under process in other function and timer updated for tmr_r1_incub() * 17-04-2025 07:31:30.951
11 Secconds Timer increments in Jar H1 for R3 as Command Execution under process in other function and timer upadted for tmr_r3_incub() * 17-04-2025 07:31:31.755
11 Seconds Timer increments in Jar J2 for R1 as Command Execution under process in other function and timer updated for tmr_r1_incub() * 17-04-2025 07:31:41.973
11 Secconds Timer increments in Jar H1 for R3 as Command Execution under process in other function and timer upadted for tmr_r3_incub() * 17-04-2025 07:31:42.765
11 Seconds Timer increments in Jar J2 for R1 as Command Execution under process in other function and timer updated for tmr_r1_incub() * 17-04-2025 07:31:53.27
11 Secconds Timer increments in Jar H1 for R3 as Command Execution under process in other function and timer upadted for tmr_r3_incub() * 17-04-2025 07:31:53.788
User Aborted / Stopped the application forcefully  * 17-04-2025 07:31:54.973
Command Sent (SeqNo: 94, Retry: 0) HEATER OFF - #94,12,0*5694  * 17-04-2025 07:31:58.74
CRC-Response (SeqNo: 94) - 94,12,F000*1f70 * 17-04-2025 07:31:58.298
Command Sent (SeqNo: 95, Retry: 0) WATER VALVE - 1 CONTROL OFF - #95,13,1,0*e65f  * 17-04-2025 07:31:59.295
CRC-Response (SeqNo: 95) - 95,13,F000*5e7c * 17-04-2025 07:31:59.429
Command Sent (SeqNo: 96, Retry: 0) WATER VALVE - 2 CONTROL OFF - #96,13,2,0*f3ef  * 17-04-2025 07:32:00.39
CRC-Response (SeqNo: 96) - 96,13,F000*ae68 * 17-04-2025 07:32:00.164
Command Sent (SeqNo: 97, Retry: 0) WATER VALVE - 3 CONTROL OFF - #97,13,3,0*ff7f  * 17-04-2025 07:32:00.740
CRC-Response (SeqNo: 97) - 97,13,F000*3e65 * 17-04-2025 07:32:00.859
Command Sent (SeqNo: 98, Retry: 0) WATER VALVE - 4 CONTROL OFF - #98,13,4,0*7e8e  * 17-04-2025 07:32:01.437
CRC-Response (SeqNo: 98) - 98,13,F000*ce24 * 17-04-2025 07:32:01.557
Command Sent (SeqNo: 99, Retry: 0) WATER VALVE - 5 CONTROL OFF - #99,13,5,0*721e  * 17-04-2025 07:32:02.155
CRC-Response (SeqNo: 99) - 99,13,F000*5e29 * 17-04-2025 07:32:02.270
Command Sent (SeqNo: 100, Retry: 0) WATER VALVE - 6 CONTROL OFF - #100,13,6,0*856f  * 17-04-2025 07:32:02.878
CRC-Response (SeqNo: 100) - 100,13,F000*3e1e * 17-04-2025 07:32:02.999
