Command * SET TEMPERATURE - #0,10,32*870a
 * 06-01-2025 15:22:00.311
CRC-Response  - 0,10,F000*1ae9 * 06-01-2025 15:22:00.452
Command * HEATER ON - #1,12,1*dbe7
 * 06-01-2025 15:22:01.502
CRC-Response  - 1,12,F000*68e5 * 06-01-2025 15:22:01.620
Command * WATER VALVE - 1 CONTROL OFF - #2,13,1,0*aa6a
 * 06-01-2025 15:22:02.497
CRC-Response  - 2,13,F000*49f0 * 06-01-2025 15:22:02.611
Command * WATER VALVE - 2 CONTROL OFF - #3,13,2,0*665b
 * 06-01-2025 15:22:02.668
CRC-Response  - 3,13,F000*d9fd * 06-01-2025 15:22:07.783
Command * WATER VALVE - 3 CONTROL OFF - #4,13,3,0*404b
 * 06-01-2025 15:22:08.228
CRC-Response  - 4,13,F000*e9db * 06-01-2025 15:22:08.343
Command * WATER VALVE - 4 CONTROL OFF - #5,13,4,0*4d3b
 * 06-01-2025 15:22:08.893
CRC-Response  - 5,13,F000*79d6 * 06-01-2025 15:22:09.13
Command * WATER VALVE - 5 CONTROL OFF - #6,13,5,0*982a
 * 06-01-2025 15:22:09.567
CRC-Response  - 6,13,F000*89c2 * 06-01-2025 15:22:09.683
Command * WATER VALVE - 6 CONTROL OFF - #7,13,6,0*541b
 * 06-01-2025 15:22:10.252
CRC-Response  - 7,13,F000*19cf * 06-01-2025 15:22:10.368
Command * Home Command - #8,5,01111111*665c
 * 06-01-2025 15:22:10.918
CRC-Response  - 8,5,I001,01111111*6c37 * 06-01-2025 15:22:11.35
CRC-Response  - 8,5,F000*4b3a * 06-01-2025 15:22:30.313
Command * Home Command - #9,5,01111111*a5a1
 * 06-01-2025 15:22:32.710
CRC-Response  - 9,5,I001,01111111*fc66 * 06-01-2025 15:22:32.842
CRC-Response  - 9,5,F000*87fb * 06-01-2025 15:22:32.849
Command * Level Sensing For H1 - #10,4,2688,1000,0,1*d4ca
 * 06-01-2025 15:22:34.413
CRC-Response  - 10,4,I001*82eb * 06-01-2025 15:22:34.528
CRC-Response  - 10,4,F000,4095*f001 * 06-01-2025 15:22:44.468
H1 Value - 4095 * 06-01-2025 15:22:44.486
Command * Level Sensing For H2 - #11,4,2688,8700,0,1*ee2d
 * 06-01-2025 15:22:44.629
CRC-Response  - 11,4,I001*4e2a * 06-01-2025 15:22:44.748
CRC-Response  - 11,4,F000,4095*7103 * 06-01-2025 15:22:47.202
H2 Value - 4095 * 06-01-2025 15:22:47.219
Command * Level Sensing For H3 - #12,4,2688,16380,0,1*9d98
 * 06-01-2025 15:22:47.318
CRC-Response  - 12,4,I001*5b6a * 06-01-2025 15:22:47.436
CRC-Response  - 12,4,F000,4095*b206 * 06-01-2025 15:22:49.892
H3 Value - 4095 * 06-01-2025 15:22:49.912
Command * Level Sensing For L1 - #13,4,17564,16380,0,0*94b5
 * 06-01-2025 15:22:50.9
CRC-Response  - 13,4,I001*97ab * 06-01-2025 15:22:50.129
CRC-Response  - 13,4,F000,357*5142 * 06-01-2025 15:22:53.666
L1 Value - 357 * 06-01-2025 15:22:53.680
Command * Level Sensing For L2 - #14,4,13934,16380,0,0*e418
 * 06-01-2025 15:22:54.217
CRC-Response  - 14,4,I001*71ea * 06-01-2025 15:22:54.333
CRC-Response  - 14,4,F000,377*fab6 * 06-01-2025 15:22:56.614
L2 Value - 377 * 06-01-2025 15:22:56.634
Command * Level Sensing For L3 - #15,4,10304,16380,0,0*153a
 * 06-01-2025 15:22:56.886
CRC-Response  - 15,4,I001*bd2b * 06-01-2025 15:22:56.999
CRC-Response  - 15,4,F000,406*0839 * 06-01-2025 15:22:59.294
L3 Value - 406 * 06-01-2025 15:22:59.316
Command * HEATER OFF - #16,12,0*741c
 * 06-01-2025 15:23:41.163
CRC-Response  - 16,12,F000*95e8 * 06-01-2025 15:23:41.272
Command * WATER VALVE - 1 CONTROL OFF - #17,13,1,0*ffb9
 * 06-01-2025 15:23:42.149
CRC-Response  - 17,13,F000*d4e4 * 06-01-2025 15:23:42.262
Command * WATER VALVE - 2 CONTROL OFF - #18,13,2,0*bf09
 * 06-01-2025 15:23:42.817
CRC-Response  - 18,13,F000*24a5 * 06-01-2025 15:23:42.925
Command * WATER VALVE - 3 CONTROL OFF - #19,13,3,0*b399
 * 06-01-2025 15:23:43.479
CRC-Response  - 19,13,F000*b4a8 * 06-01-2025 15:23:43.595
Command * WATER VALVE - 4 CONTROL OFF - #20,13,4,0*e8fc
 * 06-01-2025 15:23:44.149
CRC-Response  - 20,13,F000*eb32 * 06-01-2025 15:23:44.263
Command * WATER VALVE - 5 CONTROL OFF - #21,13,5,0*e46c
 * 06-01-2025 15:23:44.814
CRC-Response  - 21,13,F000*7b3f * 06-01-2025 15:23:44.931
Command * WATER VALVE - 6 CONTROL OFF - #22,13,6,0*f1dc
 * 06-01-2025 15:23:45.498
CRC-Response  - 22,13,F000*8b2b * 06-01-2025 15:23:45.614
