Command * RACK HOLDING STATUS - #0,7*d92c
 * 04-12-2023 16:08:54.772
Response  - 0,7,F000,01*e031 * 04-12-2023 16:08:55.163
Device Intialization started * 04-12-2023 16:08:55.551
Command * Home Command - #1,5,11111111*b681
 * 04-12-2023 16:08:55.554
Response  - 1,5,I001,11111111*f220 * 04-12-2023 16:08:55.719
Response  - 1,5,F000*21fa * 04-12-2023 16:09:01.726
Command * Home Command - #2,5,11111111*b285
 * 04-12-2023 16:09:07.151
Response  - 2,5,I001,11111111*02d0 * 04-12-2023 16:09:07.312
Response  - 2,5,F000*34ba * 04-12-2023 16:09:07.315
Command * Level Sensing For U1 - #3,4,64754,16380,0,0*c98a
 * 04-12-2023 16:09:12.867
Response  - 3,4,I001*fdb8 * 04-12-2023 16:09:18.75
Response  - 3,4,F000,2382*f22c * 04-12-2023 16:09:18.80
U1 Value - 2382 * 04-12-2023 16:09:18.112
Command * Level Sensing For U2 - #4,4,61124,16380,0,0*b5c6
 * 04-12-2023 16:09:18.422
Response  - 4,4,I001*1bf9 * 04-12-2023 16:09:18.588
Response  - 4,4,F000,2403*7450 * 04-12-2023 16:09:22.648
U2 Value - 2403 * 04-12-2023 16:09:22.666
Command * Level Sensing For U3 - #5,4,57494,16380,0,0*9057
 * 04-12-2023 16:09:23.5
Response  - 5,4,I001*d738 * 04-12-2023 16:09:23.347
Response  - 5,4,F000,2410*6413 * 04-12-2023 16:09:27.409
U3 Value - 2410 * 04-12-2023 16:09:27.428
Command * Level Sensing For U4 - #6,4,53864,16380,0,0*c813
 * 04-12-2023 16:09:27.745
Response  - 6,4,I001*c278 * 04-12-2023 16:09:27.911
Response  - 6,4,F000,2417*6557 * 04-12-2023 16:09:31.975
U4 Value - 2417 * 04-12-2023 16:09:31.994
Command * Level Sensing For U5 - #7,4,50234,16380,0,0*3139
 * 04-12-2023 16:09:32.307
Response  - 7,4,I001*0eb9 * 04-12-2023 16:09:32.471
Response  - 7,4,F000,2429*d0d4 * 04-12-2023 16:09:36.538
U5 Value - 2429 * 04-12-2023 16:09:36.553
Command * Level Sensing For U6 - #8,4,46604,16380,0,0*a2a3
 * 04-12-2023 16:09:36.868
Response  - 8,4,I001*4ef9 * 04-12-2023 16:09:37.37
Response  - 8,4,F000,2421*19c1 * 04-12-2023 16:09:41.105
U6 Value - 2421 * 04-12-2023 16:09:41.124
Command * Level Sensing For J1 - #9,4,10304,800,0,0*71c8
 * 04-12-2023 16:09:41.422
Response  - 9,4,I001*8238 * 04-12-2023 16:09:41.590
Response  - 9,4,F000,2440*f801 * 04-12-2023 16:09:49.346
J1 Value - 2440 * 04-12-2023 16:09:49.377
Command * Level Sensing For J2 - #10,4,13934,800 ,0,0*2c48
 * 04-12-2023 16:09:49.489
Response  - 10,4,I001*82eb * 04-12-2023 16:09:49.656
Response  - 10,4,F000,2433*1bc6 * 04-12-2023 16:09:53.725
J2 Value - 2433 * 04-12-2023 16:09:53.768
Command * Level Sensing For J3 - #11,4,17564,800 ,0,0*8816
 * 04-12-2023 16:09:54.104
Response  - 11,4,I001*4e2a * 04-12-2023 16:09:54.270
Response  - 11,4,F000,2455*3847 * 04-12-2023 16:09:58.332
J3 Value - 2455 * 04-12-2023 16:09:58.359
Command * Level Sensing For J4 - #12,4,21194,800 ,0,0*d22d
 * 04-12-2023 16:09:58.689
Response  - 12,4,I001*5b6a * 04-12-2023 16:09:58.857
Response  - 12,4,F000,2451*3843 * 04-12-2023 16:10:02.926
J4 Value - 2451 * 04-12-2023 16:10:02.953
Command * Level Sensing For J5 - #13,4,24824,800 ,0,0*1349
 * 04-12-2023 16:10:03.257
Response  - 13,4,I001*97ab * 04-12-2023 16:10:03.425
Response  - 13,4,F000,2445*ea41 * 04-12-2023 16:10:07.489
J5 Value - 2445 * 04-12-2023 16:10:07.518
Command * Level Sensing For J6 - #14,4,28454,800 ,0,0*cee3
 * 04-12-2023 16:10:07.826
Response  - 14,4,I001*71ea * 04-12-2023 16:10:07.992
Response  - 14,4,F000,2438*5889 * 04-12-2023 16:10:12.63
J6 Value - 2438 * 04-12-2023 16:10:12.96
Command * Level Sensing For J7 - #15,4,32084,800 ,0,0*9a60
 * 04-12-2023 16:10:12.380
Response  - 15,4,I001*bd2b * 04-12-2023 16:10:12.547
Response  - 15,4,F000,2438*d98b * 04-12-2023 16:10:16.612
J7 Value - 2438 * 04-12-2023 16:10:16.638
Command * Level Sensing For J8 - #16,4,35714,800 ,0,0*ce40
 * 04-12-2023 16:10:16.944
Response  - 16,4,I001*a86b * 04-12-2023 16:10:17.112
Response  - 16,4,F000,2419*ba4e * 04-12-2023 16:10:21.182
J8 Value - 2419 * 04-12-2023 16:10:21.207
Command * Level Sensing For J9 - #17,4,39344,800 ,0,0*fde0
 * 04-12-2023 16:10:21.515
Response  - 17,4,I001*64aa * 04-12-2023 16:10:21.680
Response  - 17,4,F000,2426*cf0c * 04-12-2023 16:10:25.746
J9 Value - 2426 * 04-12-2023 16:10:25.768
Command * Level Sensing For W1 - #18,4,42974,800 ,0,0*fad8
 * 04-12-2023 16:10:26.80
Response  - 18,4,I001*24ea * 04-12-2023 16:10:26.244
Response  - 18,4,F000,2436*5019 * 04-12-2023 16:10:30.311
W1 Value - 2436 * 04-12-2023 16:10:30.335
Command * Level Sensing For W2 - #19,4,46604,800 ,0,0*e289
 * 04-12-2023 16:10:30.648
Response  - 19,4,I001*e82b * 04-12-2023 16:10:30.812
Response  - 19,4,F000,2439*d55b * 04-12-2023 16:10:34.890
W2 Value - 2439 * 04-12-2023 16:10:34.925
Command * Level Sensing For W3 - #20,4,50234,800 ,0,0*b4e9
 * 04-12-2023 16:10:35.209
Response  - 20,4,I001*72ff * 04-12-2023 16:10:35.372
Response  - 20,4,F000,2435*1a45 * 04-12-2023 16:10:39.441
W3 Value - 2435 * 04-12-2023 16:10:39.460
Command * Level Sensing For J10 - #21,4,53864,800 ,0,0*5fb4
 * 04-12-2023 16:10:39.773
Response  - 21,4,I001*be3e * 04-12-2023 16:10:39.940
Response  - 21,4,F000,2457*fac5 * 04-12-2023 16:10:44.3
J10 Value - 2457 * 04-12-2023 16:10:44.27
Command * Level Sensing For J11 - #22,4,57494,800 ,0,0*9b6a
 * 04-12-2023 16:10:44.331
Response  - 22,4,I001*ab7e * 04-12-2023 16:10:44.499
Response  - 22,4,F000,2446*6900 * 04-12-2023 16:10:48.560
J11 Value - 2446 * 04-12-2023 16:10:48.580
Command * Level Sensing For J12 - #23,4,61124,800 ,0,0*8a18
 * 04-12-2023 16:10:48.895
Response  - 23,4,I001*67bf * 04-12-2023 16:10:49.58
Response  - 23,4,F000,2439*dc40 * 04-12-2023 16:10:53.125
J12 Value - 2439 * 04-12-2023 16:10:53.147
Command * Level Sensing For J13 - #24,4,64754,800 ,0,0*86b7
 * 04-12-2023 16:10:53.460
Response  - 24,4,I001*81fe * 04-12-2023 16:10:53.625
Response  - 24,4,F000,2449*ab49 * 04-12-2023 16:10:57.694
J13 Value - 2449 * 04-12-2023 16:10:57.724
Command * Level Sensing For J14 - #25,4,64754,8590,0,0*2072
 * 04-12-2023 16:10:58.27
Response  - 25,4,I001*4d3f * 04-12-2023 16:10:58.192
Response  - 25,4,F000,2453*bdca * 04-12-2023 16:11:02.429
J14 Value - 2453 * 04-12-2023 16:11:02.452
Command * Level Sensing For J15 - #26,4,61124,8590,0,0*1d9c
 * 04-12-2023 16:11:02.590
Response  - 26,4,I001*587f * 04-12-2023 16:11:02.757
Response  - 26,4,F000,2442*2e0f * 04-12-2023 16:11:06.820
J15 Value - 2442 * 04-12-2023 16:11:06.852
Command * Level Sensing For J16 - #27,4,57494,8590,0,0*0cee
 * 04-12-2023 16:11:07.175
Response  - 27,4,I001*94be * 04-12-2023 16:11:07.391
Response  - 27,4,F000,2444*ad8d * 04-12-2023 16:11:11.414
J16 Value - 2444 * 04-12-2023 16:11:11.438
Command * Level Sensing For J17 - #28,4,53864,8590,0,0*9bf3
 * 04-12-2023 16:11:11.743
Response  - 28,4,I001*d4fe * 04-12-2023 16:11:11.908
Response  - 28,4,F000,2454*3298 * 04-12-2023 16:11:15.976
J17 Value - 2454 * 04-12-2023 16:11:16.3
Command * Level Sensing For W4 - #29,4,50234,8590,0,0*70ae
 * 04-12-2023 16:11:16.304
Response  - 29,4,I001*183f * 04-12-2023 16:11:16.475
Response  - 29,4,F000,2431*1059 * 04-12-2023 16:11:20.544
W4 Value - 2431 * 04-12-2023 16:11:20.567
Command * Level Sensing For W5 - #30,4,46604,8590,0,0*9eb7
 * 04-12-2023 16:11:20.880
Response  - 30,4,I001*e2f2 * 04-12-2023 16:11:21.44
Response  - 30,4,F000,2436*da05 * 04-12-2023 16:11:25.107
W5 Value - 2436 * 04-12-2023 16:11:25.129
Command * Level Sensing For W6 - #31,4,42974,8590,0,0*86e6
 * 04-12-2023 16:11:25.442
Response  - 31,4,I001*2e33 * 04-12-2023 16:11:25.604
Response  - 31,4,F000,2455*fa44 * 04-12-2023 16:11:29.672
W6 Value - 2455 * 04-12-2023 16:11:29.694
Command * Level Sensing For J18 - #32,4,39344,8590,0,0*d21d
 * 04-12-2023 16:11:30.2
Response  - 32,4,I001*3b73 * 04-12-2023 16:11:30.169
Response  - 32,4,F000,2465*c941 * 04-12-2023 16:11:34.230
J18 Value - 2465 * 04-12-2023 16:11:34.251
Command * Level Sensing For J19 - #33,4,35714,8590,0,0*e1bd
 * 04-12-2023 16:11:34.579
Response  - 33,4,I001*f7b2 * 04-12-2023 16:11:34.742
Response  - 33,4,F000,2449*2d42 * 04-12-2023 16:11:38.807
J19 Value - 2449 * 04-12-2023 16:11:38.834
Command * Level Sensing For J20 - #34,4,32084,8590,0,0*84dc
 * 04-12-2023 16:11:39.147
Response  - 34,4,I001*11f3 * 04-12-2023 16:11:39.306
Response  - 34,4,F000,2460*0c88 * 04-12-2023 16:11:43.384
J20 Value - 2460 * 04-12-2023 16:11:43.407
Command * Level Sensing For J21 - #35,4,28454,8590,0,0*d05f
 * 04-12-2023 16:11:43.704
Response  - 35,4,I001*dd32 * 04-12-2023 16:11:43.867
Response  - 35,4,F000,2461*4d4b * 04-12-2023 16:11:47.935
J21 Value - 2461 * 04-12-2023 16:11:47.958
Command * Level Sensing For J22 - #36,4,24824,8590,0,0*3cb4
 * 04-12-2023 16:11:48.268
Response  - 36,4,I001*c872 * 04-12-2023 16:11:48.436
Response  - 36,4,F000,2457*7cce * 04-12-2023 16:11:52.502
J22 Value - 2457 * 04-12-2023 16:11:52.524
Command * Level Sensing For J23 - #37,4,21194,8590,0,0*fdd0
 * 04-12-2023 16:11:52.840
Response  - 37,4,I001*04b3 * 04-12-2023 16:11:53.13
Response  - 37,4,F000,2463*cecd * 04-12-2023 16:11:57.76
J23 Value - 2463 * 04-12-2023 16:11:57.108
Command * Level Sensing For J24 - #38,4,17564,8590,0,0*f428
 * 04-12-2023 16:11:57.406
Response  - 38,4,I001*44f3 * 04-12-2023 16:11:57.575
Response  - 38,4,F000,2468*0698 * 04-12-2023 16:12:01.653
J24 Value - 2468 * 04-12-2023 16:12:01.676
Command * Level Sensing For J25 - #39,4,13934,8590,0,0*5076
 * 04-12-2023 16:12:01.982
Response  - 39,4,I001*8832 * 04-12-2023 16:12:02.151
Response  - 39,4,F000,2464*829a * 04-12-2023 16:12:06.216
J25 Value - 2464 * 04-12-2023 16:12:06.239
Command * Level Sensing For J26 - #40,4,10304,8590,0,0*2502
 * 04-12-2023 16:12:06.533
Response  - 40,4,I001*d2d4 * 04-12-2023 16:12:06.700
Response  - 40,4,F000,2470*df81 * 04-12-2023 16:12:10.773
J26 Value - 2470 * 04-12-2023 16:12:10.799
Command * Level Sensing For J27 - #41,4,42974,16380,0,0*702c
 * 04-12-2023 16:12:11.102
Response  - 41,4,I001*1e15 * 04-12-2023 16:12:11.271
Response  - 41,4,F000,2447*6cc2 * 04-12-2023 16:12:18.623
J27 Value - 2447 * 04-12-2023 16:12:18.651
Command * Level Sensing For J28 - #42,4,39344,16380,0,0*f339
 * 04-12-2023 16:12:18.670
Response  - 42,4,I001*0b55 * 04-12-2023 16:12:23.834
Response  - 42,4,F000,2470*9d86 * 04-12-2023 16:12:23.838
J28 Value - 2470 * 04-12-2023 16:12:23.863
Command * Level Sensing For J29 - #43,4,35714,16380,0,0*8b0a
 * 04-12-2023 16:12:24.228
Response  - 43,4,I001*c794 * 04-12-2023 16:12:24.395
Response  - 43,4,F000,2487*2ec0 * 04-12-2023 16:12:28.465
J29 Value - 2487 * 04-12-2023 16:12:28.489
Command * Level Sensing For J30 - #44,4,32084,16380,0,0*63ae
 * 04-12-2023 16:12:28.781
Response  - 44,4,I001*21d5 * 04-12-2023 16:12:28.947
Response  - 44,4,F000,2499*3d4b * 04-12-2023 16:12:33.12
J30 Value - 2499 * 04-12-2023 16:12:33.49
Command * Level Sensing For J31 - #45,4,28454,16380,0,0*c2bb
 * 04-12-2023 16:12:33.357
Response  - 45,4,I001*ed14 * 04-12-2023 16:12:33.521
Response  - 45,4,F000,2497*78c8 * 04-12-2023 16:12:37.591
J31 Value - 2497 * 04-12-2023 16:12:37.613
Command * Level Sensing For J32 - #46,4,24824,16380,0,0*8d17
 * 04-12-2023 16:12:37.907
Response  - 46,4,I001*f854 * 04-12-2023 16:12:38.74
Response  - 46,4,F000,2494*ba8d * 04-12-2023 16:12:42.126
J32 Value - 2494 * 04-12-2023 16:12:42.151
Command * Level Sensing For J33 - #47,4,21194,16380,0,0*66d7
 * 04-12-2023 16:12:42.473
Response  - 47,4,I001*3495 * 04-12-2023 16:12:42.639
Response  - 47,4,F000,2505*6b19 * 04-12-2023 16:12:46.706
J33 Value - 2505 * 04-12-2023 16:12:46.730
Command * Level Sensing For H1 - #48,4,2688,1000,0,1*db5d
 * 04-12-2023 16:12:47.34
Response  - 48,4,I001*74d5 * 04-12-2023 16:12:47.206
Response  - 48,4,F000,3417*09dd * 04-12-2023 16:12:52.962
H1 Value - 3417 * 04-12-2023 16:12:52.984
Command * Level Sensing For H2 - #49,4,2688,8700,0,1*e1ba
 * 04-12-2023 16:12:53.97
Response  - 49,4,I001*b814 * 04-12-2023 16:12:53.268
Response  - 49,4,F000,3398*8d29 * 04-12-2023 16:12:57.495
H2 Value - 3398 * 04-12-2023 16:12:57.517
Command * Level Sensing For H3 - #50,4,2688,16380,0,1*15c8
 * 04-12-2023 16:12:57.662
Response  - 50,4,I001*42d9 * 04-12-2023 16:12:57.824
Response  - 50,4,F000,3392*82b4 * 04-12-2023 16:13:02.55
H3 Value - 3392 * 04-12-2023 16:13:02.80
Command * Home Command - #51,5,11111111*aaab
 * 04-12-2023 16:13:02.229
Response  - 51,5,I001,11111111*a43e * 04-12-2023 16:13:02.397
Response  - 51,5,F000*8bdb * 04-12-2023 16:13:15.0
Command * Home Command - #52,5,11111111*aeaf
 * 04-12-2023 16:13:20.303
Response  - 52,5,I001,11111111*54ce * 04-12-2023 16:13:20.470
Response  - 52,5,F000*9e9b * 04-12-2023 16:13:20.476
Command * Home Command - #0,5,11111111*757c
 * 04-12-2023 16:14:18.75
Response  - 0,5,I001,11111111*6271 * 04-12-2023 16:14:18.258
Response  - 0,5,F000*ed3b * 04-12-2023 16:14:18.265
Response  - 0,16,F000*7ce9 * 04-12-2023 16:14:18.286
Command * Home Command - #1,5,11111111*b681
 * 04-12-2023 16:14:23.673
Response  - 1,5,I001,11111111*f220 * 04-12-2023 16:14:23.839
Response  - 1,5,F000*21fa * 04-12-2023 16:14:23.843
Response  - 0,16,F000*7ce9 * 04-12-2023 16:14:23.877
Command * Level Sensing For L1 - #2,4,17564,16380,0,0*72f0
 * 04-12-2023 16:14:29.273
Response  - 2,4,I001*3179 * 04-12-2023 16:14:29.444
Response  - 2,4,F000,263*f9cb * 04-12-2023 16:14:38.559
L1 Value - 263 * 04-12-2023 16:14:38.582
Command * Level Sensing For L2 - #3,4,13934,16380,0,0*8ad5
 * 04-12-2023 16:14:38.876
Response  - 3,4,I001*fdb8 * 04-12-2023 16:14:39.42
Response  - 3,4,F000,254*0877 * 04-12-2023 16:14:43.107
L2 Value - 254 * 04-12-2023 16:14:43.135
Command * Level Sensing For L3 - #4,4,10304,16380,0,0*f37f
 * 04-12-2023 16:14:43.452
Response  - 4,4,I001*1bf9 * 04-12-2023 16:14:43.618
Response  - 4,4,F000,256*0203 * 04-12-2023 16:14:47.685
L3 Value - 256 * 04-12-2023 16:14:47.715
Rack - 1Protocol Started * 04-12-2023 16:14:48.509
Command * Rack-1 Picked from L1 - #5,2,1,17564,16380,0,0*102b
 * 04-12-2023 16:14:48.600
Response  - 5,2,I001,1*a00e * 04-12-2023 16:14:48.760
Response  - 5,2,F000,1*9f5f * 04-12-2023 16:14:54.649
Command * Rack-1 Placed in J1 - #6,3,1,10304,800,0,0*9170
 * 04-12-2023 16:14:54.726
Response  - 6,3,I001,1*633f * 04-12-2023 16:14:54.898
Response  - 6,3,F000,1*5c6e * 04-12-2023 16:15:01.171
Command * Rack-1 Picked from J1 - #7,2,1,10304,800,0,0*fd1c
 * 04-12-2023 16:35:01.879
Response  - 7,2,I001,1*6aaf * 04-12-2023 16:35:02.53
Response  - 7,2,F000,1*55fe * 04-12-2023 16:35:07.1
Command * Rack-1 Placed in J2 - #8,3,1,13934,800 ,0,0*d735
 * 04-12-2023 16:35:07.491
Response  - 8,3,I001,1*965e * 04-12-2023 16:35:07.653
Response  - 8,3,F000,1*a90f * 04-12-2023 16:35:13.129
Rack - 2Protocol Started * 04-12-2023 16:35:49.411
Command * Rack-2 Picked from L2 - #9,2,1,13934,16380,0,0*d8ff
 * 04-12-2023 16:35:49.448
Response  - 9,2,I001,1*9fce * 04-12-2023 16:35:49.645
Response  - 9,2,F000,1*a09f * 04-12-2023 16:35:55.893
Command * Rack-2 Placed in J1 - #10,3,1,10304,800,0,0*0380
 * 04-12-2023 16:35:56.104
Response  - 10,3,I001,1*6352 * 04-12-2023 16:35:56.264
Response  - 10,3,F000,1*5c03 * 04-12-2023 16:36:02.555
Command * Rack-1 Picked from J2 - #11,2,1,13934,800 ,0,0*91a2
 * 04-12-2023 16:38:13.592
Response  - 11,2,I001,1*6ac2 * 04-12-2023 16:38:13.812
Response  - 11,2,F000,1*5593 * 04-12-2023 16:38:19.239
Command * Rack-1 Placed in J3 - #12,3,1,17564,800 ,0,0*06b8
 * 04-12-2023 16:38:19.754
Response  - 12,3,I001,1*a9f3 * 04-12-2023 16:38:19.926
Response  - 12,3,F000,1*96a2 * 04-12-2023 16:38:25.396
Command * Rack-1 Picked from J3 - #13,2,1,17564,800 ,0,0*2bd4
 * 04-12-2023 16:41:25.846
Response  - 13,2,I001,1*a063 * 04-12-2023 16:41:26.27
Response  - 13,2,F000,1*9f32 * 04-12-2023 16:41:30.976
Command * Rack-1 Placed in J4 - #14,3,1,21194,800 ,0,0*7efb
 * 04-12-2023 16:41:31.495
Response  - 14,3,I001,1*b613 * 04-12-2023 16:41:31.660
Response  - 14,3,F000,1*8942 * 04-12-2023 16:41:37.146
Command * Rack-1 Picked from J4 - #15,2,1,21194,800 ,0,0*5397
 * 04-12-2023 16:44:37.612
Response  - 15,2,I001,1*bf83 * 04-12-2023 16:44:37.792
Response  - 15,2,F000,1*80d2 * 04-12-2023 16:44:42.731
Command * Rack-1 Placed in J5 - #16,3,1,24824,800 ,0,0*a1b7
 * 04-12-2023 16:44:43.237
Response  - 16,3,I001,1*7cb2 * 04-12-2023 16:44:43.401
Response  - 16,3,F000,1*43e3 * 04-12-2023 16:44:48.889
Command * Rack-1 Picked from J5 - #17,2,1,24824,800 ,0,0*8cdb
 * 04-12-2023 16:46:49.358
Response  - 17,2,I001,1*7522 * 04-12-2023 16:46:49.593
Response  - 17,2,F000,1*4a73 * 04-12-2023 16:46:54.486
Command * Rack-1 Placed in J6 - #18,3,1,28454,800 ,0,0*26c5
 * 04-12-2023 16:46:54.584
Response  - 18,3,I001,1*89d3 * 04-12-2023 16:46:54.752
Response  - 18,3,F000,1*b682 * 04-12-2023 16:47:00.236
Command * Rack-1 Picked from J6 - #19,2,1,28454,800 ,0,0*0ba9
 * 04-12-2023 16:52:00.730
Response  - 19,2,I001,1*8043 * 04-12-2023 16:52:00.895
Response  - 19,2,F000,1*bf12 * 04-12-2023 16:52:05.845
Command * Rack-1 Placed in W1 - #20,3,1,42974,800 ,0,0*3bef
 * 04-12-2023 16:52:06.388
Response  - 20,3,I001,1*275d * 04-12-2023 16:52:06.545
Response  - 20,3,F000,1*180c * 04-12-2023 16:52:13.263
Command * WATER VALVE-1 CONTROL ON - #21,13,1,1*e5ec
 * 04-12-2023 16:52:19.457
Response  - 21,13,F000*7b3f * 04-12-2023 16:52:19.623
Command * WATER VALVE-1 CONTROL OFF - #22,13,1,0*306d
 * 04-12-2023 16:54:04.495
Response  - 22,13,F000*8b2b * 04-12-2023 16:54:04.663
Command * Rack-1 Picked from W1 - #23,2,1,42974,800 ,0,0*f4fa
 * 04-12-2023 16:54:13.518
Response  - 23,2,I001,1*e46c * 04-12-2023 16:54:13.677
Response  - 23,2,F000,1*db3d * 04-12-2023 16:54:18.632
Command * Rack-1 Dipped in J7 - #24,17,1,32084,800 ,1,1,1*8177
 * 04-12-2023 16:54:19.116
Response  - 24,17,I001,1*c7cd * 04-12-2023 16:54:19.283
Response  - 24,17,F000,1*f89c * 04-12-2023 16:54:25.577
Command * Rack-1 Placed in J7 - #25,3,1,32084,800 ,0,0*a109
 * 04-12-2023 16:54:25.694
Response  - 25,3,I001,1*374d * 04-12-2023 16:54:25.858
Response  - 25,3,F000,1*081c * 04-12-2023 16:54:30.820
Command * Rack-1 Picked from J7 - #26,2,1,32084,800 ,0,0*6e1c
 * 04-12-2023 16:54:33.298
Response  - 26,2,I001,1*f47c * 04-12-2023 16:54:33.466
Response  - 26,2,F000,1*cb2d * 04-12-2023 16:54:38.418
Command * Rack-1 Placed in W1 - #27,3,1,42974,800 ,0,0*8c5a
 * 04-12-2023 16:54:38.914
Response  - 27,3,I001,1*fdec * 04-12-2023 16:54:39.86
Response  - 27,3,F000,1*c2bd * 04-12-2023 16:54:45.374
Command * WATER VALVE-1 CONTROL ON - #28,13,1,1*8f2c
 * 04-12-2023 16:54:51.490
Response  - 28,13,F000*2b55 * 04-12-2023 16:54:51.658
Command * Rack-2 Picked from J1 - #29,2,1,10304,800,0,0*3d4a
 * 04-12-2023 16:56:02.842
Response  - 29,2,I001,1*c44c * 04-12-2023 16:56:03.9
Response  - 29,2,F000,1*fb1d * 04-12-2023 16:56:11.758
Command * Rack-2 Placed in J2 - #30,3,1,13934,800 ,0,0*5eed
 * 04-12-2023 16:56:11.963
Response  - 30,3,I001,1*db59 * 04-12-2023 16:56:12.127
Response  - 30,3,F000,1*e408 * 04-12-2023 16:56:17.603
Command * WATER VALVE-1 CONTROL OFF - #31,13,1,0*b520
 * 04-12-2023 16:56:36.518
Response  - 31,13,F000*be6e * 04-12-2023 16:56:36.716
Command * Rack-1 Picked from W1 - #32,2,1,42974,800 ,0,0*f4d7
 * 04-12-2023 16:56:45.551
Response  - 32,2,I001,1*dd39 * 04-12-2023 16:56:45.711
Response  - 32,2,F000,1*e268 * 04-12-2023 16:56:54.65
Command * Rack-1 Dipped in J8 - #33,17,1,35714,800 ,20,1,1*d380
 * 04-12-2023 16:56:54.156
Response  - 33,17,I001,1*702a * 04-12-2023 16:56:54.326
Response  - 33,17,F000,1*4f7b * 04-12-2023 16:58:24.951
Command * Rack-1 Placed in J8 - #34,3,1,35714,800 ,0,0*b1f4
 * 04-12-2023 16:58:25.316
Response  - 34,3,I001,1*0e18 * 04-12-2023 16:58:25.476
Response  - 34,3,F000,1*3149 * 04-12-2023 16:58:30.441
Command * Rack-1 Picked from J8 - #35,2,1,35714,800 ,0,0*9c98
 * 04-12-2023 16:58:31.905
Response  - 35,2,I001,1*0788 * 04-12-2023 16:58:32.69
Response  - 35,2,F000,1*38d9 * 04-12-2023 16:58:37.25
Command * Rack-1 Placed in J9 - #36,3,1,39344,800 ,0,0*9c7c
 * 04-12-2023 16:58:37.512
Response  - 36,3,I001,1*c4b9 * 04-12-2023 16:58:37.674
Response  - 36,3,F000,1*fbe8 * 04-12-2023 16:58:43.158
Command * Rack-2 Picked from J2 - #37,2,1,13934,800 ,0,0*1509
 * 04-12-2023 16:59:18.89
Response  - 37,2,I001,1*cd29 * 04-12-2023 16:59:18.324
Response  - 37,2,F000,1*f278 * 04-12-2023 16:59:26.196
Command * Rack-2 Placed in J3 - #38,3,1,17564,800 ,0,0*4f03
 * 04-12-2023 16:59:26.283
Response  - 38,3,I001,1*31d8 * 04-12-2023 16:59:26.446
Response  - 38,3,F000,1*0e89 * 04-12-2023 16:59:31.929
Rack - R3Protocol Started * 04-12-2023 16:59:55.813
Command * Rack-3 Picked from L3 - #39,2,1,10304,16380,0,0*c7e0
 * 04-12-2023 16:59:55.851
Response  - 39,2,I001,1*3848 * 04-12-2023 16:59:56.16
Response  - 39,2,F000,1*0719 * 04-12-2023 17:00:02.293
Command * Rack-3 Placed in J1 - #40,3,1,10304,800,0,0*564c
 * 04-12-2023 17:00:02.440
Response  - 40,3,I001,1*af43 * 04-12-2023 17:00:02.600
Response  - 40,3,F000,1*9012 * 04-12-2023 17:00:08.885
Command * Rack-1 Picked from J9 - #41,2,1,39344,800 ,0,0*60ee
 * 04-12-2023 17:00:43.611
Response  - 41,2,I001,1*a6d3 * 04-12-2023 17:00:43.790
Response  - 41,2,F000,1*9982 * 04-12-2023 17:00:52.118
Command * Rack-1 Placed in J10 - #42,3,1,53864,800 ,0,0*c00b
 * 04-12-2023 17:00:52.236
Response  - 42,3,I001,1*65e2 * 04-12-2023 17:00:52.398
Response  - 42,3,F000,1*5ab3 * 04-12-2023 17:00:59.109
Command * Rack-2 Picked from J3 - #43,2,1,17564,800 ,0,0*7e81
 * 04-12-2023 17:02:33.393
Response  - 43,2,I001,1*6c72 * 04-12-2023 17:02:33.674
Response  - 43,2,F000,1*5323 * 04-12-2023 17:02:42.734
Command * Rack-2 Placed in J4 - #44,3,1,21194,800 ,0,0*2bae
 * 04-12-2023 17:02:43.116
Response  - 44,3,I001,1*7a02 * 04-12-2023 17:02:43.280
Response  - 44,3,F000,1*4553 * 04-12-2023 17:02:48.760
Command * Rack-1 Picked from J10 - #45,2,1,53864,800 ,0,0*8bef
 * 04-12-2023 17:02:59.352
Response  - 45,2,I001,1*7392 * 04-12-2023 17:02:59.523
Response  - 45,2,F000,1*4cc3 * 04-12-2023 17:03:08.260
Command * Rack-1 Placed in J11 - #46,3,1,57494,800 ,0,0*c4d4
 * 04-12-2023 17:03:08.467
Response  - 46,3,I001,1*b0a3 * 04-12-2023 17:03:08.633
Response  - 46,3,F000,1*8ff2 * 04-12-2023 17:03:14.113
Command * Rack-2 Picked from J4 - #47,2,1,21194,800 ,0,0*e4bb
 * 04-12-2023 17:05:49.237
Response  - 47,2,I001,1*b933 * 04-12-2023 17:05:49.402
Response  - 47,2,F000,1*8662 * 04-12-2023 17:05:58.573
Command * Rack-2 Placed in J5 - #48,3,1,24824,800 ,0,0*db8b
 * 04-12-2023 17:05:58.886
Response  - 48,3,I001,1*45c2 * 04-12-2023 17:05:59.53
Response  - 48,3,F000,1*7a93 * 04-12-2023 17:06:04.529
Command * Rack-1 Picked from J11 - #49,2,1,57494,800 ,0,0*c6d1
 * 04-12-2023 17:06:14.585
Response  - 49,2,I001,1*4c52 * 04-12-2023 17:06:14.750
Response  - 49,2,F000,1*7303 * 04-12-2023 17:06:23.499
Command * Rack-1 Placed in J12 - #50,3,1,61124,800 ,0,0*9e6f
 * 04-12-2023 17:06:23.680
Response  - 50,3,I001,1*5347 * 04-12-2023 17:06:23.839
Response  - 50,3,F000,1*6c16 * 04-12-2023 17:06:29.327
Command * Rack-1 Picked from J12 - #51,2,1,61124,800 ,0,0*b303
 * 04-12-2023 17:06:59.797
Response  - 51,2,I001,1*5ad7 * 04-12-2023 17:07:00.122
Response  - 51,2,F000,1*6586 * 04-12-2023 17:07:04.915
Command * Rack-1 Placed in J13 - #52,3,1,64754,800 ,0,0*0508
 * 04-12-2023 17:07:05.72
Response  - 52,3,I001,1*99e6 * 04-12-2023 17:07:05.242
Response  - 52,3,F000,1*a6b7 * 04-12-2023 17:07:10.714
Command * Rack-1 Picked from J13 - #53,2,1,64754,800 ,0,0*2864
 * 04-12-2023 17:07:41.170
Response  - 53,2,I001,1*9076 * 04-12-2023 17:07:41.373
Response  - 53,2,F000,1*af27 * 04-12-2023 17:07:46.307
Command * Rack-1 Placed in J14 - #54,3,1,64754,8590,0,0*3914
 * 04-12-2023 17:07:46.811
Response  - 54,3,I001,1*8606 * 04-12-2023 17:07:46.978
Response  - 54,3,F000,1*b957 * 04-12-2023 17:07:52.635
Command * Rack-2 Picked from J5 - #55,2,1,24824,800 ,0,0*eae7
 * 04-12-2023 17:08:04.997
Response  - 55,2,I001,1*8f96 * 04-12-2023 17:08:05.196
Response  - 55,2,F000,1*b0c7 * 04-12-2023 17:08:14.732
Command * Rack-2 Placed in J6 - #56,3,1,28454,800 ,0,0*8de9
 * 04-12-2023 17:08:15.154
Response  - 56,3,I001,1*4ca7 * 04-12-2023 17:08:15.319
Response  - 56,3,F000,1*73f6 * 04-12-2023 17:08:20.811
Command * Rack-2 Picked from J6 - #57,2,1,28454,800 ,0,0*a085
 * 04-12-2023 17:13:21.267
Response  - 57,2,I001,1*4537 * 04-12-2023 17:13:21.434
Response  - 57,2,F000,1*7a66 * 04-12-2023 17:13:26.392
Command * Rack-2 Placed in W1 - #58,3,1,42974,800 ,0,0*c578
 * 04-12-2023 17:13:26.891
Response  - 58,3,I001,1*b9c6 * 04-12-2023 17:13:27.62
Response  - 58,3,F000,1*8697 * 04-12-2023 17:13:33.760
Command * WATER VALVE-1 CONTROL ON - #59,13,1,1*73cb
 * 04-12-2023 17:13:40.954
Response  - 59,13,F000*61e9 * 04-12-2023 17:13:41.117
Command * WATER VALVE-1 CONTROL OFF - #60,13,1,0*29de
 * 04-12-2023 17:15:25.957
Response  - 60,13,F000*3e73 * 04-12-2023 17:15:26.185
Command * Rack-2 Picked from W1 - #61,2,1,42974,800 ,0,0*92c6
 * 04-12-2023 17:15:34.996
Response  - 61,2,I001,1*1ed8 * 04-12-2023 17:15:35.164
Response  - 61,2,F000,1*2189 * 04-12-2023 17:15:40.120
Command * Rack-2 Dipped in J7 - #62,17,1,32084,800 ,1,1,1*deae
 * 04-12-2023 17:15:40.606
Response  - 62,17,I001,1*8022 * 04-12-2023 17:15:40.774
Response  - 62,17,F000,1*bf73 * 04-12-2023 17:15:47.76
Command * Rack-2 Placed in J7 - #63,3,1,32084,800 ,0,0*43c4
 * 04-12-2023 17:15:47.194
Response  - 63,3,I001,1*18b8 * 04-12-2023 17:15:47.356
Response  - 63,3,F000,1*27e9 * 04-12-2023 17:15:52.320
Command * Rack-2 Picked from J7 - #64,2,1,32084,800 ,0,0*0820
 * 04-12-2023 17:15:54.805
Response  - 64,2,I001,1*0ec8 * 04-12-2023 17:15:54.974
Response  - 64,2,F000,1*3199 * 04-12-2023 17:15:59.932
Command * Rack-2 Placed in W1 - #65,3,1,42974,800 ,0,0*ea66
 * 04-12-2023 17:16:00.405
Response  - 65,3,I001,1*0758 * 04-12-2023 17:16:00.570
Response  - 65,3,F000,1*3809 * 04-12-2023 17:16:06.874
Command * Rack-1 Picked from J14 - #66,2,1,64754,8590,0,0*140f
 * 04-12-2023 17:17:52.929
Response  - 66,2,I001,1*c469 * 04-12-2023 17:17:53.172
Response  - 66,2,F000,1*fb38 * 04-12-2023 17:18:00.622
Command * Rack-1 Placed in J15 - #67,3,1,61124,8590,0,0*407d
 * 04-12-2023 17:18:01.116
Response  - 67,3,I001,1*cdf9 * 04-12-2023 17:18:01.289
Response  - 67,3,F000,1*f2a8 * 04-12-2023 17:18:06.763
Command * Rack-2 Picked from W1 - #68,2,1,42974,800 ,0,0*0a1a
 * 04-12-2023 17:18:30.999
Response  - 68,2,I001,1*3108 * 04-12-2023 17:18:31.223
Response  - 68,2,F000,1*0e59 * 04-12-2023 17:18:38.286
Command * Rack-2 Dipped in J8 - #69,17,1,35714,800 ,20,1,1*8fdf
 * 04-12-2023 17:18:38.700
Response  - 69,17,I001,1*a407 * 04-12-2023 17:18:38.863
Command * Rack-1 Picked from J15 - #70,2,1,61124,8590,0,0*da89
 * 04-12-2023 17:20:07.228
Response  - 69,17,F000,1*9b56 * 04-12-2023 17:20:09.522
Command * Rack-2 Placed in J8 - #71,3,1,35714,800 ,0,0*607d
 * 04-12-2023 17:20:09.819
Response  - 71,3,I001,1*2e1d * 04-12-2023 17:20:09.980
Response  - 71,3,F000,1*114c * 04-12-2023 17:20:14.936
Command * Rack-2 Picked from J8 - #72,2,1,35714,800 ,0,0*af68
 * 04-12-2023 17:20:17.430
Response  - 72,2,I001,1*ed2c * 04-12-2023 17:20:17.593
Response  - 72,2,F000,1*d27d * 04-12-2023 17:20:22.552
Command * Rack-1 Placed in J16 - #73,3,1,57494,8590,0,0*f8bf
 * 04-12-2023 17:20:22.968
Response  - 73,3,I001,1*e4bc * 04-12-2023 17:20:23.140
