Device Intialization started * 12-08-2024 15:41:43.179
Command * Home Command - #0,5,11111111*757c
 * 12-08-2024 15:41:43.339
Response  - 0,5,I001,11111111*6271 * 12-08-2024 15:41:43.502
Response  - 0,5,F000*ed3b * 12-08-2024 15:41:46.153
Command * Home Command - #1,5,11111111*b681
 * 12-08-2024 15:41:48.449
Response  - 1,5,I001,11111111*f220 * 12-08-2024 15:41:48.613
Response  - 1,5,F000*21fa * 12-08-2024 15:41:48.614
Command * Level Sensing For U1 - #2,4,64754,16380,0,0*35b7
 * 12-08-2024 15:41:51.85
Response  - 2,4,I001*3179 * 12-08-2024 15:41:51.248
Response  - 2,4,F000,2540*b34a * 12-08-2024 15:41:55.396
U1 Value - 2540 * 12-08-2024 15:41:55.431
Command * Level Sensing For U2 - #3,4,61124,16380,0,0*c173
 * 12-08-2024 15:41:55.644
Response  - 3,4,I001*fdb8 * 12-08-2024 15:41:55.814
Response  - 3,4,F000,2540*3248 * 12-08-2024 15:41:58.106
U2 Value - 2540 * 12-08-2024 15:41:58.131
Command * Level Sensing For U3 - #4,4,57494,16380,0,0*6c6a
 * 12-08-2024 15:41:58.200
Response  - 4,4,I001*1bf9 * 12-08-2024 15:41:58.367
Response  - 4,4,F000,2528*1341 * 12-08-2024 15:42:00.658
U3 Value - 2528 * 12-08-2024 15:42:00.682
Command * Level Sensing For U4 - #5,4,53864,16380,0,0*8c57
 * 12-08-2024 15:42:00.754
Response  - 5,4,I001*d738 * 12-08-2024 15:42:00.920
Response  - 5,4,F000,2576*06c1 * 12-08-2024 15:42:03.225
U4 Value - 2576 * 12-08-2024 15:42:03.251
Command * Level Sensing For U5 - #6,4,50234,16380,0,0*cd04
 * 12-08-2024 15:42:03.306
Response  - 6,4,I001*c278 * 12-08-2024 15:42:03.472
Response  - 6,4,F000,2566*55c5 * 12-08-2024 15:42:05.774
U5 Value - 2566 * 12-08-2024 15:42:05.803
Command * Level Sensing For U6 - #7,4,46604,16380,0,0*b7f4
 * 12-08-2024 15:42:05.870
Response  - 7,4,I001*0eb9 * 12-08-2024 15:42:06.38
Response  - 7,4,F000,2579*4086 * 12-08-2024 15:42:08.330
U6 Value - 2579 * 12-08-2024 15:42:08.355
Command * Level Sensing For J1 - #8,4,10304,800,0,0*e199
 * 12-08-2024 15:42:08.428
Response  - 8,4,I001*4ef9 * 12-08-2024 15:42:08.595
Response  - 8,4,F000,2545*ba92 * 12-08-2024 15:42:14.639
J1 Value - 2545 * 12-08-2024 15:42:14.666
Command * Level Sensing For J2 - #9,4,13934,800 ,0,0*8abc
 * 12-08-2024 15:42:14.991
Response  - 9,4,I001*8238 * 12-08-2024 15:42:15.153
Response  - 9,4,F000,2559*ae91 * 12-08-2024 15:42:17.452
J2 Value - 2559 * 12-08-2024 15:42:17.475
Command * Level Sensing For J3 - #10,4,17564,800 ,0,0*7447
 * 12-08-2024 15:42:17.551
Response  - 10,4,I001*82eb * 12-08-2024 15:42:17.718
Response  - 10,4,F000,2565*8914 * 12-08-2024 15:42:20.18
J3 Value - 2565 * 12-08-2024 15:42:20.41
Command * Level Sensing For J4 - #11,4,21194,800 ,0,0*96dd
 * 12-08-2024 15:42:20.104
Response  - 11,4,I001*4e2a * 12-08-2024 15:42:20.269
Response  - 11,4,F000,2570*9bd7 * 12-08-2024 15:42:22.575
J4 Value - 2570 * 12-08-2024 15:42:22.598
Command * Level Sensing For J5 - #12,4,24824,800 ,0,0*ef18
 * 12-08-2024 15:42:22.669
Response  - 12,4,I001*5b6a * 12-08-2024 15:42:22.837
Response  - 12,4,F000,2574*9bd3 * 12-08-2024 15:42:25.126
J5 Value - 2574 * 12-08-2024 15:42:25.150
Command * Level Sensing For J6 - #13,4,28454,800 ,0,0*bb52
 * 12-08-2024 15:42:25.236
Response  - 13,4,I001*97ab * 12-08-2024 15:42:25.402
Response  - 13,4,F000,2561*8910 * 12-08-2024 15:42:27.688
J6 Value - 2561 * 12-08-2024 15:42:27.712
Command * Level Sensing For J7 - #14,4,32084,800 ,0,0*6631
 * 12-08-2024 15:42:27.789
Response  - 14,4,I001*71ea * 12-08-2024 15:42:27.949
Response  - 14,4,F000,2574*5dda * 12-08-2024 15:42:30.258
J7 Value - 2574 * 12-08-2024 15:42:30.290
Command * Level Sensing For J8 - #15,4,35714,800 ,0,0*8ab0
 * 12-08-2024 15:42:30.353
Response  - 15,4,I001*bd2b * 12-08-2024 15:42:30.519
Response  - 15,4,F000,2574*dcd8 * 12-08-2024 15:42:32.819
J8 Value - 2574 * 12-08-2024 15:42:32.838
Command * Level Sensing For J9 - #16,4,39344,800 ,0,0*01b1
 * 12-08-2024 15:42:32.915
Response  - 16,4,I001*a86b * 12-08-2024 15:42:33.81
Response  - 16,4,F000,2569*4a1d * 12-08-2024 15:42:35.380
J9 Value - 2569 * 12-08-2024 15:42:35.423
Command * Level Sensing For W1 - #17,4,42974,800 ,0,0*edeb
 * 12-08-2024 15:42:35.479
Response  - 17,4,I001*64aa * 12-08-2024 15:42:35.646
Response  - 17,4,F000,2523*0c9d * 12-08-2024 15:42:37.946
W1 Value - 2523 * 12-08-2024 15:42:37.975
Command * Level Sensing For W2 - #18,4,46604,800 ,0,0*1ed8
 * 12-08-2024 15:42:38.42
Response  - 18,4,I001*24ea * 12-08-2024 15:42:38.207
Response  - 18,4,F000,2577*908b * 12-08-2024 15:42:40.509
W2 Value - 2577 * 12-08-2024 15:42:40.534
Command * Level Sensing For W3 - #19,4,50234,800 ,0,0*6e7e
 * 12-08-2024 15:42:40.604
Response  - 19,4,I001*e82b * 12-08-2024 15:42:40.771
Response  - 19,4,F000,2556*b149 * 12-08-2024 15:42:43.73
W3 Value - 2556 * 12-08-2024 15:42:43.127
Command * Level Sensing For J10 - #20,4,53864,800 ,0,0*a3e5
 * 12-08-2024 15:42:43.178
Response  - 20,4,I001*72ff * 12-08-2024 15:42:43.338
Response  - 20,4,F000,2575*1a16 * 12-08-2024 15:42:45.638
J10 Value - 2575 * 12-08-2024 15:42:45.667
Command * Level Sensing For J11 - #21,4,57494,800 ,0,0*df9a
 * 12-08-2024 15:42:45.747
Response  - 21,4,I001*be3e * 12-08-2024 15:42:45.917
Response  - 21,4,F000,2566*0a55 * 12-08-2024 15:42:48.214
J11 Value - 2566 * 12-08-2024 15:42:48.238
Command * Level Sensing For J12 - #22,4,61124,800 ,0,0*7649
 * 12-08-2024 15:42:48.302
Response  - 22,4,I001*ab7e * 12-08-2024 15:42:48.461
Response  - 22,4,F000,2557*f991 * 12-08-2024 15:42:50.763
J12 Value - 2557 * 12-08-2024 15:42:50.790
Command * Level Sensing For J13 - #23,4,64754,800 ,0,0*f306
 * 12-08-2024 15:42:50.866
Response  - 23,4,I001*67bf * 12-08-2024 15:42:51.29
Response  - 23,4,F000,2581*ea17 * 12-08-2024 15:42:53.327
J13 Value - 2581 * 12-08-2024 15:42:53.357
Command * Level Sensing For J14 - #24,4,64754,8590,0,0*dc23
 * 12-08-2024 15:42:53.437
Response  - 24,4,I001*81fe * 12-08-2024 15:42:53.605
Response  - 24,4,F000,2596*ff5c * 12-08-2024 15:42:56.72
J14 Value - 2596 * 12-08-2024 15:42:56.96
Command * Level Sensing For J15 - #25,4,61124,8590,0,0*596c
 * 12-08-2024 15:42:56.494
Response  - 25,4,I001*4d3f * 12-08-2024 15:42:56.663
Response  - 25,4,F000,2598*badf * 12-08-2024 15:42:58.952
J15 Value - 2598 * 12-08-2024 15:42:58.977
Command * Level Sensing For J16 - #26,4,57494,8590,0,0*f0bf
 * 12-08-2024 15:42:59.56
Response  - 26,4,I001*587f * 12-08-2024 15:42:59.217
Response  - 26,4,F000,2585*2c1a * 12-08-2024 15:43:01.523
J16 Value - 2585 * 12-08-2024 15:43:01.547
Command * Level Sensing For J17 - #27,4,53864,8590,0,0*8cc0
 * 12-08-2024 15:43:01.619
Response  - 27,4,I001*94be * 12-08-2024 15:43:01.786
Response  - 27,4,F000,2533*9f9f * 12-08-2024 15:43:04.87
J17 Value - 2533 * 12-08-2024 15:43:04.113
Command * Level Sensing For W4 - #28,4,50234,8590,0,0*8cff
 * 12-08-2024 15:43:04.191
Response  - 28,4,I001*d4fe * 12-08-2024 15:43:04.350
Response  - 28,4,F000,2585*a20c * 12-08-2024 15:43:06.656
W4 Value - 2585 * 12-08-2024 15:43:06.683
Command * Level Sensing For W5 - #29,4,46604,8590,0,0*fc59
 * 12-08-2024 15:43:06.737
Response  - 29,4,I001*183f * 12-08-2024 15:43:06.904
Response  - 29,4,F000,2578*16ca * 12-08-2024 15:43:09.206
W5 Value - 2578 * 12-08-2024 15:43:09.239
Command * Level Sensing For W6 - #30,4,42974,8590,0,0*7ab7
 * 12-08-2024 15:43:09.289
Response  - 30,4,I001*e2f2 * 12-08-2024 15:43:09.457
Response  - 30,4,F000,2604*2b25 * 12-08-2024 15:43:11.748
W6 Value - 2604 * 12-08-2024 15:43:11.769
Command * Level Sensing For J18 - #31,4,39344,8590,0,0*96ed
 * 12-08-2024 15:43:11.863
Response  - 31,4,I001*2e33 * 12-08-2024 15:43:12.25
Response  - 31,4,F000,2611*39e6 * 12-08-2024 15:43:14.319
J18 Value - 2611 * 12-08-2024 15:43:14.340
Command * Level Sensing For J19 - #32,4,35714,8590,0,0*1dec
 * 12-08-2024 15:43:14.416
Response  - 32,4,I001*3b73 * 12-08-2024 15:43:14.679
Response  - 32,4,F000,2595*f915 * 12-08-2024 15:43:16.874
J19 Value - 2595 * 12-08-2024 15:43:16.901
Command * Level Sensing For J20 - #33,4,32084,8590,0,0*f16d
 * 12-08-2024 15:43:16.985
Response  - 33,4,I001*f7b2 * 12-08-2024 15:43:17.150
Response  - 33,4,F000,2601*ebe0 * 12-08-2024 15:43:19.445
J20 Value - 2601 * 12-08-2024 15:43:19.471
Command * Level Sensing For J21 - #34,4,28454,8590,0,0*2c0e
 * 12-08-2024 15:43:19.542
Response  - 34,4,I001*11f3 * 12-08-2024 15:43:19.710
Response  - 34,4,F000,2594*ffdd * 12-08-2024 15:43:22.4
Command * Level Sensing For J22 - #35,4,24824,8590,0,0*7844
 * 12-08-2024 15:43:22.103
J22 Value - 2594 * 12-08-2024 15:43:22.121
Response  - 35,4,I001*dd32 * 12-08-2024 15:43:27.274
Response  - 35,4,F000,2600*ed28 * 12-08-2024 15:43:27.276
J22 Value - 2600 * 12-08-2024 15:43:27.306
Command * Level Sensing For J23 - #36,4,21194,8590,0,0*0181
 * 12-08-2024 15:43:27.648
Response  - 36,4,I001*c872 * 12-08-2024 15:43:27.816
Response  - 36,4,F000,2596*7c5b * 12-08-2024 15:43:30.120
J23 Value - 2596 * 12-08-2024 15:43:30.143
Command * Level Sensing For J24 - #37,4,17564,8590,0,0*e31b
 * 12-08-2024 15:43:30.211
Response  - 37,4,I001*04b3 * 12-08-2024 15:43:30.369
Response  - 37,4,F000,2583*6e98 * 12-08-2024 15:43:32.665
J24 Value - 2583 * 12-08-2024 15:43:32.691
Command * Level Sensing For J25 - #38,4,13934,8590,0,0*ac27
 * 12-08-2024 15:43:32.777
Response  - 38,4,I001*44f3 * 12-08-2024 15:43:32.943
Response  - 38,4,F000,2564*c3c9 * 12-08-2024 15:43:35.236
J25 Value - 2564 * 12-08-2024 15:43:35.260
Command * Level Sensing For J26 - #39,4,10304,8590,0,0*cf64
 * 12-08-2024 15:43:35.332
Response  - 39,4,I001*8832 * 12-08-2024 15:43:35.500
Response  - 39,4,F000,2538*17c8 * 12-08-2024 15:43:37.802
J26 Value - 2538 * 12-08-2024 15:43:37.824
Command * Level Sensing For J27 - #40,4,42974,16380,0,0*8c11
 * 12-08-2024 15:43:37.881
Response  - 40,4,I001*d2d4 * 12-08-2024 15:43:38.49
Response  - 40,4,F000,2548*29d1 * 12-08-2024 15:43:43.675
J27 Value - 2548 * 12-08-2024 15:43:43.701
Command * Level Sensing For J28 - #41,4,39344,16380,0,0*b77d
 * 12-08-2024 15:43:43.942
Response  - 41,4,I001*1e15 * 12-08-2024 15:43:44.109
Response  - 41,4,F000,2571*5e13 * 12-08-2024 15:43:46.401
J28 Value - 2571 * 12-08-2024 15:43:46.426
Command * Level Sensing For J29 - #42,4,35714,16380,0,0*7737
 * 12-08-2024 15:43:46.497
Response  - 42,4,I001*0b55 * 12-08-2024 15:43:46.664
Response  - 42,4,F000,2588*6bd3 * 12-08-2024 15:43:48.961
J29 Value - 2588 * 12-08-2024 15:43:48.985
Command * Level Sensing For J30 - #43,4,32084,16380,0,0*171b
 * 12-08-2024 15:43:49.56
Response  - 43,4,I001*c794 * 12-08-2024 15:43:49.223
Response  - 43,4,F000,2600*ec27 * 12-08-2024 15:43:51.513
J30 Value - 2600 * 12-08-2024 15:43:51.536
Command * Level Sensing For J31 - #44,4,28454,16380,0,0*3e86
 * 12-08-2024 15:43:51.627
Response  - 44,4,I001*21d5 * 12-08-2024 15:43:51.791
Response  - 44,4,F000,2584*a8da * 12-08-2024 15:43:54.96
J31 Value - 2584 * 12-08-2024 15:43:54.120
Command * Level Sensing For J32 - #45,4,24824,16380,0,0*c953
 * 12-08-2024 15:43:54.178
Response  - 45,4,I001*ed14 * 12-08-2024 15:43:54.345
Response  - 45,4,F000,2602*ebaf * 12-08-2024 15:43:56.647
J32 Value - 2602 * 12-08-2024 15:43:56.695
Command * Level Sensing For J33 - #46,4,21194,16380,0,0*9aea
 * 12-08-2024 15:43:56.741
Response  - 46,4,I001*f854 * 12-08-2024 15:43:56.909
Response  - 46,4,F000,2610*792a * 12-08-2024 15:43:59.201
J33 Value - 2610 * 12-08-2024 15:43:59.222
Command * Level Sensing For H1 - #47,4,2688,1000,0,1*2868
 * 12-08-2024 15:43:59.315
Response  - 47,4,I001*3495 * 12-08-2024 15:43:59.480
Response  - 47,4,F000,3559*c21b * 12-08-2024 15:44:03.478
H1 Value - 3559 * 12-08-2024 15:44:03.503
Command * Level Sensing For H2 - #48,4,2688,8700,0,1*71eb
 * 12-08-2024 15:44:03.866
Response  - 48,4,I001*74d5 * 12-08-2024 15:44:04.29
Response  - 48,4,F000,3549*5d0e * 12-08-2024 15:44:06.501
H2 Value - 3549 * 12-08-2024 15:44:06.528
Command * Level Sensing For H3 - #49,4,2688,16380,0,1*7726
 * 12-08-2024 15:44:06.931
Response  - 49,4,I001*b814 * 12-08-2024 15:44:07.93
Response  - 49,4,F000,3521*ba0e * 12-08-2024 15:44:09.558
H3 Value - 3521 * 12-08-2024 15:44:09.582
Command * Home Command - #50,5,11111111*6956
 * 12-08-2024 15:44:09.996
Response  - 50,5,I001,11111111*346f * 12-08-2024 15:44:10.165
Response  - 50,5,F000*471a * 12-08-2024 15:44:22.824
Command * Home Command - #51,5,11111111*aaab
 * 12-08-2024 15:44:28.81
Response  - 51,5,I001,11111111*a43e * 12-08-2024 15:44:28.246
Response  - 51,5,F000*8bdb * 12-08-2024 15:44:28.248
Response  - 0,16,F000*7ce9 * 12-08-2024 15:44:28.275
Command * Home Command - #0,5,11111111*757c
 * 12-08-2024 15:44:40.773
Response  - 0,5,I001,11111111*6271 * 12-08-2024 15:44:40.944
Response  - 0,5,F000*ed3b * 12-08-2024 15:44:40.946
Response  - 0,16,F000*7ce9 * 12-08-2024 15:44:40.977
Command * Home Command - #1,5,11111111*b681
 * 12-08-2024 15:44:44.354
Response  - 1,5,I001,11111111*f220 * 12-08-2024 15:44:44.527
Response  - 1,5,F000*21fa * 12-08-2024 15:44:44.529
Response  - 0,16,F000*7ce9 * 12-08-2024 15:44:44.563
Command * Level Sensing For H1 - #2,4,2688,1000,0,1*d334
 * 12-08-2024 15:44:47.917
Response  - 2,4,I001*3179 * 12-08-2024 15:44:48.85
Response  - 2,4,F000,3528*2949 * 12-08-2024 15:44:58.222
H1 Value - 3528 * 12-08-2024 15:44:58.245
Command * Level Sensing For H2 - #3,4,2688,8700,0,1*e9d3
 * 12-08-2024 15:44:58.473
Response  - 3,4,I001*fdb8 * 12-08-2024 15:44:58.641
Response  - 3,4,F000,3511*5e8b * 12-08-2024 15:45:01.100
H2 Value - 3511 * 12-08-2024 15:45:01.128
Command * Level Sensing For H3 - #4,4,2688,16380,0,1*2c5f
 * 12-08-2024 15:45:01.524
Response  - 4,4,I001*1bf9 * 12-08-2024 15:45:01.691
Response  - 4,4,F000,3594*da47 * 12-08-2024 15:45:04.150
H3 Value - 3594 * 12-08-2024 15:45:04.175
Command * Level Sensing For L1 - #5,4,17564,16380,0,0*0645
 * 12-08-2024 15:45:04.594
Response  - 5,4,I001*d738 * 12-08-2024 15:45:04.761
Response  - 5,4,F000,307*916d * 12-08-2024 15:45:08.357
L1 Value - 307 * 12-08-2024 15:45:08.377
Command * Level Sensing For L2 - #6,4,13934,16380,0,0*4619
 * 12-08-2024 15:45:08.649
Response  - 6,4,I001*c278 * 12-08-2024 15:45:08.808
Response  - 6,4,F000,262*f6fb * 12-08-2024 15:45:11.115
L2 Value - 262 * 12-08-2024 15:45:11.140
Command * Level Sensing For L3 - #7,4,10304,16380,0,0*b73b
 * 12-08-2024 15:45:11.211
Response  - 7,4,I001*0eb9 * 12-08-2024 15:45:11.378
Response  - 7,4,F000,304*57d4 * 12-08-2024 15:45:13.672
L3 Value - 304 * 12-08-2024 15:45:13.694
Command * Home Command - #8,5,11111111*aa9d
 * 12-08-2024 15:45:13.782
Response  - 8,5,I001,11111111*a0f6 * 12-08-2024 15:45:13.949
Response  - 8,5,F000*4b3a * 12-08-2024 15:45:25.78
Command * HOME STATUS - #9,6*1b3d
 * 12-08-2024 15:45:25.361
Response  - 9,6,F000,11111011*3bf0 * 12-08-2024 15:45:25.528
Command * Both Y & Z Axis Home Command - #10,5,00110110*dd49
 * 12-08-2024 15:45:26.932
Response  - 10,5,I001,00110110*353f * 12-08-2024 15:45:27.98
Response  - 10,5,F000*8728 * 12-08-2024 15:45:27.720
Command * L1 - Picked - #11,2,1,17564,16380,0,0*5fcd
 * 12-08-2024 15:45:28.941
Response  - 11,2,I001,1*6ac2 * 12-08-2024 15:45:29.110
Response  - 11,2,F000,1*5593 * 12-08-2024 15:45:39.919
Command * H1 - Placed - #12,3,1,2688,1000,0,1*2b72
 * 12-08-2024 15:45:40.25
Response  - 12,3,I001,1*a9f3 * 12-08-2024 15:45:40.182
Response  - 12,3,F000,1*96a2 * 12-08-2024 15:45:47.147
Command * L2 - Picked - #13,2,1,13934,16380,0,0*b9f6
 * 12-08-2024 15:45:47.596
Response  - 13,2,I001,1*a063 * 12-08-2024 15:45:47.755
Response  - 13,2,F000,1*9f32 * 12-08-2024 15:45:54.296
Command * H2 - Placed - #14,3,1,2688,8700,0,1*094c
 * 12-08-2024 15:45:54.654
Response  - 14,3,I001,1*b613 * 12-08-2024 15:45:54.822
Response  - 14,3,F000,1*8942 * 12-08-2024 15:46:01.364
Command * L3 - Picked - #15,2,1,10304,16380,0,0*d28f
 * 12-08-2024 15:46:01.715
Response  - 15,2,I001,1*bf83 * 12-08-2024 15:46:01.877
Response  - 15,2,F000,1*80d2 * 12-08-2024 15:46:08.8
Command * H3 - Placed - #16,3,1,2688,16380,0,1*d337
 * 12-08-2024 15:46:08.302
Response  - 16,3,I001,1*7cb2 * 12-08-2024 15:46:08.475
Response  - 16,3,F000,1*43e3 * 12-08-2024 15:46:14.602
Racks Loaded to Heater * 12-08-2024 15:46:14.870
Command * HEATER DOOR CLOSE - #17,8,1,0*f227
 * 12-08-2024 15:46:14.874
Response  - 17,8,I001*a8aa * 12-08-2024 15:46:15.37
Response  - 17,8,F000*7c68 * 12-08-2024 15:46:15.379
Command * HEATER ON - #18,12,1*9adc
 * 12-08-2024 15:46:15.430
Response  - 18,12,F000*f5a4 * 12-08-2024 15:46:15.596
Command * SET TEMPERATURE - #19,10,32*540a
 * 12-08-2024 15:46:15.808
Response  - 19,10,F000*87a8 * 12-08-2024 15:46:15.969
Command * READ TEMPERATURE - #20,11*4907
 * 12-08-2024 15:46:16.364
Response  - 20,11,F000,29*e4e2 * 12-08-2024 15:46:16.529
Command * READ TEMPERATURE - #21,11*b506
 * 12-08-2024 15:46:17.419
Response  - 21,11,F000,29*271f * 12-08-2024 15:46:17.585
Command * READ TEMPERATURE - #22,11*f106
 * 12-08-2024 15:46:18.477
Response  - 22,11,F000,29*231b * 12-08-2024 15:46:18.646
Command * READ TEMPERATURE - #23,11*0d07
 * 12-08-2024 15:46:19.533
Response  - 23,11,F000,29*e0e6 * 12-08-2024 15:46:19.703
Command * READ TEMPERATURE - #24,11*7906
 * 12-08-2024 15:46:20.596
Command * Home Command - #0,5,11111111*757c
 * 12-08-2024 15:47:35.634
Response  - 0,5,I001,11111111*6271 * 12-08-2024 15:47:35.849
Response  - 0,5,F000*ed3b * 12-08-2024 15:47:47.235
Command * Home Command - #1,5,11111111*b681
 * 12-08-2024 15:47:50.777
Response  - 1,5,I001,11111111*f220 * 12-08-2024 15:47:50.943
Response  - 1,5,F000*21fa * 12-08-2024 15:47:50.946
Response  - 0,16,F000*7ce9 * 12-08-2024 15:47:50.968
Command * Level Sensing For H1 - #2,4,2688,1000,0,1*d334
 * 12-08-2024 15:47:54.343
Response  - 2,4,I001*3179 * 12-08-2024 15:47:54.507
Response  - 2,4,F000,3537*bd08 * 12-08-2024 15:48:04.647
H1 Value - 3537 * 12-08-2024 15:48:04.665
Command * Level Sensing For H2 - #3,4,2688,8700,0,1*e9d3
 * 12-08-2024 15:48:04.916
Response  - 3,4,I001*fdb8 * 12-08-2024 15:48:05.84
Response  - 3,4,F000,3486*0c9d * 12-08-2024 15:48:07.546
H2 Value - 3486 * 12-08-2024 15:48:07.565
Command * Level Sensing For H3 - #4,4,2688,16380,0,1*2c5f
 * 12-08-2024 15:48:07.973
Response  - 4,4,I001*1bf9 * 12-08-2024 15:48:08.134
Response  - 4,4,F000,3425*ead0 * 12-08-2024 15:48:10.599
H3 Value - 3425 * 12-08-2024 15:48:10.626
Command * Level Sensing For L1 - #5,4,17564,16380,0,0*0645
 * 12-08-2024 15:48:11.21
Response  - 5,4,I001*d738 * 12-08-2024 15:48:11.188
Response  - 5,4,F000,263*323e * 12-08-2024 15:48:14.786
L1 Value - 263 * 12-08-2024 15:48:14.814
Command * Level Sensing For L2 - #6,4,13934,16380,0,0*4619
 * 12-08-2024 15:48:15.96
Response  - 6,4,I001*c278 * 12-08-2024 15:48:15.263
Response  - 6,4,F000,248*917a * 12-08-2024 15:48:17.558
L2 Value - 248 * 12-08-2024 15:48:17.584
Command * Level Sensing For L3 - #7,4,10304,16380,0,0*b73b
 * 12-08-2024 15:48:17.651
Response  - 7,4,I001*0eb9 * 12-08-2024 15:48:17.815
Response  - 7,4,F000,253*05c7 * 12-08-2024 15:48:20.120
L3 Value - 253 * 12-08-2024 15:48:20.145
Command * Home Command - #8,5,11111111*aa9d
 * 12-08-2024 15:48:20.217
Response  - 8,5,I001,11111111*a0f6 * 12-08-2024 15:48:20.384
Response  - 8,5,F000*4b3a * 12-08-2024 15:48:31.502
Command * HOME STATUS - #9,6*1b3d
 * 12-08-2024 15:48:31.773
Response  - 9,6,F000,11111111*fba1 * 12-08-2024 15:48:31.940
Command * Both Y & Z Axis Home Command - #10,5,00110110*dd49
 * 12-08-2024 15:48:33.342
Response  - 10,5,I001,00110110*353f * 12-08-2024 15:48:33.510
Response  - 10,5,F000*8728 * 12-08-2024 15:48:33.513
Command * L1 - Picked - #11,2,1,17564,16380,0,0*5fcd
 * 12-08-2024 15:48:34.847
Response  - 11,2,I001,1*6ac2 * 12-08-2024 15:48:35.10
Response  - 11,2,F000,1*5593 * 12-08-2024 15:48:45.811
Command * H1 - Placed - #12,3,1,2688,1000,0,1*2b72
 * 12-08-2024 15:48:45.919
Response  - 12,3,I001,1*a9f3 * 12-08-2024 15:48:46.90
Response  - 12,3,F000,1*96a2 * 12-08-2024 15:48:53.41
Command * L2 - Picked - #13,2,1,13934,16380,0,0*b9f6
 * 12-08-2024 15:48:53.487
Response  - 13,2,I001,1*a063 * 12-08-2024 15:48:53.648
Response  - 13,2,F000,1*9f32 * 12-08-2024 15:49:00.198
Command * H2 - Placed - #14,3,1,2688,8700,0,1*094c
 * 12-08-2024 15:49:00.567
Response  - 14,3,I001,1*b613 * 12-08-2024 15:49:00.729
Response  - 14,3,F000,1*8942 * 12-08-2024 15:49:07.277
Command * L3 - Picked - #15,2,1,10304,16380,0,0*d28f
 * 12-08-2024 15:49:07.634
Response  - 15,2,I001,1*bf83 * 12-08-2024 15:49:07.796
Response  - 15,2,F000,1*80d2 * 12-08-2024 15:49:13.919
Command * H3 - Placed - #16,3,1,2688,16380,0,1*d337
 * 12-08-2024 15:49:14.216
Response  - 16,3,I001,1*7cb2 * 12-08-2024 15:49:14.378
Response  - 16,3,F000,1*43e3 * 12-08-2024 15:49:20.507
Racks Loaded to Heater * 12-08-2024 15:49:20.771
Command * HEATER DOOR CLOSE - #17,8,1,0*f227
 * 12-08-2024 15:49:20.774
Response  - 17,8,I001*a8aa * 12-08-2024 15:49:20.931
Response  - 17,8,F000*7c68 * 12-08-2024 15:49:21.272
Command * HEATER ON - #18,12,1*9adc
 * 12-08-2024 15:49:21.338
Response  - 18,12,F000*f5a4 * 12-08-2024 15:49:21.506
Command * SET TEMPERATURE - #19,10,32*540a
 * 12-08-2024 15:49:21.719
Response  - 19,10,F000*87a8 * 12-08-2024 15:49:21.880
Command * READ TEMPERATURE - #20,11*4907
 * 12-08-2024 15:49:22.272
Response  - 20,11,F000,30*7223 * 12-08-2024 15:49:22.439
Command * READ TEMPERATURE - #21,11*b506
 * 12-08-2024 15:49:28.347
Response  - 21,11,F000,29*271f * 12-08-2024 15:49:28.511
Command * READ TEMPERATURE - #22,11*f106
 * 12-08-2024 15:49:29.401
Response  - 22,11,F000,29*231b * 12-08-2024 15:49:29.566
Command * READ TEMPERATURE - #23,11*0d07
 * 12-08-2024 15:49:30.471
Response  - 23,11,F000,30*7627 * 12-08-2024 15:49:30.637
Command * READ TEMPERATURE - #24,11*7906
 * 12-08-2024 15:49:31.530
Response  - 24,11,F000,29*2b13 * 12-08-2024 15:49:31.697
Command * READ TEMPERATURE - #25,11*8507
 * 12-08-2024 15:49:32.587
Response  - 25,11,F000,29*e8ee * 12-08-2024 15:49:32.756
Command * READ TEMPERATURE - #26,11*c107
 * 12-08-2024 15:49:33.646
Response  - 26,11,F000,29*ecea * 12-08-2024 15:49:33.814
Command * READ TEMPERATURE - #27,11*3d06
 * 12-08-2024 15:49:34.707
Response  - 27,11,F000,29*2f17 * 12-08-2024 15:49:34.873
Command * READ TEMPERATURE - #28,11*2905
 * 12-08-2024 15:49:35.756
Response  - 28,11,F000,29*3b03 * 12-08-2024 15:49:35.922
Command * READ TEMPERATURE - #29,11*d504
 * 12-08-2024 15:49:36.816
Response  - 29,11,F000,29*f8fe * 12-08-2024 15:49:36.980
Command * READ TEMPERATURE - #30,11*893a
 * 12-08-2024 15:49:37.884
Response  - 30,11,F000,29*65e0 * 12-08-2024 15:49:38.49
Command * READ TEMPERATURE - #31,11*753b
 * 12-08-2024 15:49:38.956
Response  - 31,11,F000,29*a61d * 12-08-2024 15:49:39.123
Command * READ TEMPERATURE - #32,11*313b
 * 12-08-2024 15:49:40.16
Response  - 32,11,F000,30*34d8 * 12-08-2024 15:49:40.182
Command * READ TEMPERATURE - #33,11*cd3a
 * 12-08-2024 15:49:41.75
Response  - 33,11,F000,28*a125 * 12-08-2024 15:49:41.240
Command * READ TEMPERATURE - #34,11*b93b
 * 12-08-2024 15:49:42.146
Response  - 34,11,F000,29*aa11 * 12-08-2024 15:49:42.313
Command * READ TEMPERATURE - #35,11*453a
 * 12-08-2024 15:49:43.205
Response  - 35,11,F000,29*69ec * 12-08-2024 15:49:43.372
Command * READ TEMPERATURE - #36,11*013a
 * 12-08-2024 15:49:44.261
Response  - 36,11,F000,29*6de8 * 12-08-2024 15:49:44.426
Command * READ TEMPERATURE - #37,11*fd3b
 * 12-08-2024 15:49:45.320
Response  - 37,11,F000,29*ae15 * 12-08-2024 15:49:45.486
Command * READ TEMPERATURE - #38,11*e938
 * 12-08-2024 15:49:46.388
Response  - 38,11,F000,30*2cc0 * 12-08-2024 15:49:46.555
Command * READ TEMPERATURE - #39,11*1539
 * 12-08-2024 15:49:47.444
Response  - 39,11,F000,30*ef3d * 12-08-2024 15:49:47.609
Command * READ TEMPERATURE - #40,11*498f
 * 12-08-2024 15:49:48.496
Response  - 40,11,F000,29*22eb * 12-08-2024 15:49:48.666
Command * READ TEMPERATURE - #41,11*b58e
 * 12-08-2024 15:49:49.556
Response  - 41,11,F000,30*77d7 * 12-08-2024 15:49:49.723
Command * READ TEMPERATURE - #42,11*f18e
 * 12-08-2024 15:49:50.615
Response  - 42,11,F000,30*73d3 * 12-08-2024 15:49:50.777
Command * READ TEMPERATURE - #43,11*0d8f
 * 12-08-2024 15:49:51.664
Response  - 43,11,F000,30*b02e * 12-08-2024 15:49:51.829
Command * READ TEMPERATURE - #44,11*798e
 * 12-08-2024 15:49:52.735
Response  - 44,11,F000,30*7bdb * 12-08-2024 15:49:52.901
Command * READ TEMPERATURE - #45,11*858f
 * 12-08-2024 15:49:53.793
Response  - 45,11,F000,30*b826 * 12-08-2024 15:49:53.951
Command * READ TEMPERATURE - #46,11*c18f
 * 12-08-2024 15:49:54.854
Response  - 46,11,F000,31*7ce3 * 12-08-2024 15:49:55.19
Command * READ TEMPERATURE - #47,11*3d8e
 * 12-08-2024 15:49:55.912
Response  - 47,11,F000,30*7fdf * 12-08-2024 15:49:56.78
Command * READ TEMPERATURE - #48,11*298d
 * 12-08-2024 15:49:56.964
Response  - 48,11,F000,30*6bcb * 12-08-2024 15:49:57.129
Command * READ TEMPERATURE - #49,11*d58c
 * 12-08-2024 15:49:58.34
Response  - 49,11,F000,30*a836 * 12-08-2024 15:49:58.202
Command * READ TEMPERATURE - #50,11*89b2
 * 12-08-2024 15:49:59.91
Response  - 50,11,F000,30*3528 * 12-08-2024 15:49:59.258
Command * READ TEMPERATURE - #51,11*75b3
 * 12-08-2024 15:50:00.159
Response  - 51,11,F000,30*f6d5 * 12-08-2024 15:50:00.323
Command * READ TEMPERATURE - #52,11*31b3
 * 12-08-2024 15:50:01.215
Response  - 52,11,F000,30*f2d1 * 12-08-2024 15:50:01.380
Command * READ TEMPERATURE - #53,11*cdb2
 * 12-08-2024 15:50:02.283
Response  - 53,11,F000,30*312c * 12-08-2024 15:50:02.450
Command * READ TEMPERATURE - #54,11*b9b3
 * 12-08-2024 15:50:03.344
Response  - 54,11,F000,31*3a18 * 12-08-2024 15:50:03.510
Command * READ TEMPERATURE - #55,11*45b2
 * 12-08-2024 15:50:04.411
Response  - 55,11,F000,30*3924 * 12-08-2024 15:50:04.578
Command * READ TEMPERATURE - #56,11*01b2
 * 12-08-2024 15:50:05.461
Response  - 56,11,F000,30*3d20 * 12-08-2024 15:50:05.626
Command * READ TEMPERATURE - #57,11*fdb3
 * 12-08-2024 15:50:06.528
Response  - 57,11,F000,30*fedd * 12-08-2024 15:50:06.693
Command * READ TEMPERATURE - #58,11*e9b0
 * 12-08-2024 15:50:07.596
Response  - 58,11,F000,30*eac9 * 12-08-2024 15:50:07.760
Command * READ TEMPERATURE - #59,11*15b1
 * 12-08-2024 15:50:08.646
Response  - 59,11,F000,30*2934 * 12-08-2024 15:50:08.811
Command * READ TEMPERATURE - #60,11*89f6
 * 12-08-2024 15:50:09.701
Response  - 60,11,F000,30*f62d * 12-08-2024 15:50:09.868
Command * READ TEMPERATURE - #61,11*75f7
 * 12-08-2024 15:50:10.764
Response  - 61,11,F000,30*35d0 * 12-08-2024 15:50:10.930
Command * READ TEMPERATURE - #62,11*31f7
 * 12-08-2024 15:50:11.820
Response  - 62,11,F000,31*f115 * 12-08-2024 15:50:11.988
Command * READ TEMPERATURE - #63,11*cdf6
 * 12-08-2024 15:50:12.880
Response  - 63,11,F000,31*32e8 * 12-08-2024 15:50:13.46
Command * READ TEMPERATURE - #64,11*b9f7
 * 12-08-2024 15:50:13.928
Response  - 64,11,F000,31*f91d * 12-08-2024 15:50:14.90
Command * READ TEMPERATURE - #65,11*45f6
 * 12-08-2024 15:50:14.978
Response  - 65,11,F000,30*fa21 * 12-08-2024 15:50:15.144
Command * READ TEMPERATURE - #66,11*01f6
 * 12-08-2024 15:50:16.35
Response  - 66,11,F000,31*3ee4 * 12-08-2024 15:50:16.204
Command * READ TEMPERATURE - #67,11*fdf7
 * 12-08-2024 15:50:17.87
Response  - 67,11,F000,31*fd19 * 12-08-2024 15:50:17.255
Command * READ TEMPERATURE - #68,11*e9f4
 * 12-08-2024 15:50:18.162
Response  - 68,11,F000,31*e90d * 12-08-2024 15:50:18.329
Command * READ TEMPERATURE - #69,11*15f5
 * 12-08-2024 15:50:19.218
Response  - 69,11,F000,31*2af0 * 12-08-2024 15:50:19.384
Command * READ TEMPERATURE - #70,11*49cb
 * 12-08-2024 15:50:20.273
Response  - 70,11,F000,31*b7ee * 12-08-2024 15:50:20.441
Command * READ TEMPERATURE - #71,11*b5ca
 * 12-08-2024 15:50:21.342
Response  - 71,11,F000,31*7413 * 12-08-2024 15:50:21.506
Command * READ TEMPERATURE - #72,11*f1ca
 * 12-08-2024 15:50:22.395
Response  - 72,11,F000,31*7017 * 12-08-2024 15:50:22.559
Command * READ TEMPERATURE - #73,11*0dcb
 * 12-08-2024 15:50:23.445
Response  - 73,11,F000,31*b3ea * 12-08-2024 15:50:23.613
Command * READ TEMPERATURE - #74,11*79ca
 * 12-08-2024 15:50:24.509
Response  - 74,11,F000,31*781f * 12-08-2024 15:50:24.670
Command * READ TEMPERATURE - #75,11*85cb
 * 12-08-2024 15:50:25.573
Response  - 75,11,F000,31*bbe2 * 12-08-2024 15:50:25.742
Command * READ TEMPERATURE - #76,11*c1cb
 * 12-08-2024 15:50:26.638
Response  - 76,11,F000,31*bfe6 * 12-08-2024 15:50:26.802
Command * READ TEMPERATURE - #77,11*3dca
 * 12-08-2024 15:50:27.694
Response  - 77,11,F000,32*7d5b * 12-08-2024 15:50:27.859
Command * READ TEMPERATURE - #78,11*29c9
 * 12-08-2024 15:50:28.750
Response  - 78,11,F000,31*680f * 12-08-2024 15:50:28.923
Command * READ TEMPERATURE - #79,11*d5c8
 * 12-08-2024 15:50:29.812
Response  - 79,11,F000,31*abf2 * 12-08-2024 15:50:29.976
Command * READ TEMPERATURE - #80,11*489f
 * 12-08-2024 15:50:30.865
Response  - 80,11,F000,31*b8fa * 12-08-2024 15:50:31.33
Command * READ TEMPERATURE - #81,11*b49e
 * 12-08-2024 15:50:31.921
Response  - 81,11,F000,31*7b07 * 12-08-2024 15:50:32.87
Command * READ TEMPERATURE - #82,11*f09e
 * 12-08-2024 15:50:32.976
Response  - 82,11,F000,31*7f03 * 12-08-2024 15:50:33.140
Command * READ TEMPERATURE - #83,11*0c9f
 * 12-08-2024 15:50:34.40
Response  - 83,11,F000,31*bcfe * 12-08-2024 15:50:34.199
Command * READ TEMPERATURE - #84,11*789e
 * 12-08-2024 15:50:35.101
Response  - 84,11,F000,31*770b * 12-08-2024 15:50:35.269
Command * READ TEMPERATURE - #85,11*849f
 * 12-08-2024 15:50:36.163
Response  - 85,11,F000,31*b4f6 * 12-08-2024 15:50:36.328
Command * READ TEMPERATURE - #86,11*c09f
 * 12-08-2024 15:50:37.230
Response  - 86,11,F000,31*b0f2 * 12-08-2024 15:50:37.397
Command * READ TEMPERATURE - #87,11*3c9e
 * 12-08-2024 15:50:38.298
Response  - 87,11,F000,31*730f * 12-08-2024 15:50:38.464
Command * READ TEMPERATURE - #88,11*289d
 * 12-08-2024 15:50:39.352
Response  - 88,11,F000,31*671b * 12-08-2024 15:50:39.519
Command * READ TEMPERATURE - #89,11*d49c
 * 12-08-2024 15:50:40.414
Response  - 89,11,F000,32*a5a6 * 12-08-2024 15:50:40.578
Command * READ TEMPERATURE - #90,11*88a2
 * 12-08-2024 15:50:41.487
Response  - 90,11,F000,31*39f8 * 12-08-2024 15:50:41.652
Command * READ TEMPERATURE - #91,11*74a3
 * 12-08-2024 15:50:42.546
Response  - 91,11,F000,31*fa05 * 12-08-2024 15:50:42.712
Command * READ TEMPERATURE - #92,11*30a3
 * 12-08-2024 15:50:43.600
Response  - 92,11,F000,31*fe01 * 12-08-2024 15:50:43.767
Command * READ TEMPERATURE - #93,11*cca2
 * 12-08-2024 15:50:44.659
Response  - 93,11,F000,31*3dfc * 12-08-2024 15:50:44.824
Command * READ TEMPERATURE - #94,11*b8a3
 * 12-08-2024 15:50:45.714
Response  - 94,11,F000,32*f749 * 12-08-2024 15:50:45.881
Command * READ TEMPERATURE - #95,11*44a2
 * 12-08-2024 15:50:46.771
Response  - 95,11,F000,31*35f4 * 12-08-2024 15:50:46.938
Command * READ TEMPERATURE - #96,11*00a2
 * 12-08-2024 15:50:47.822
Response  - 96,11,F000,31*31f0 * 12-08-2024 15:50:47.982
Command * READ TEMPERATURE - #97,11*fca3
 * 12-08-2024 15:50:48.888
Response  - 97,11,F000,31*f20d * 12-08-2024 15:50:49.45
Command * READ TEMPERATURE - #98,11*e8a0
 * 12-08-2024 15:50:49.956
Response  - 98,11,F000,31*e619 * 12-08-2024 15:50:50.121
Command * READ TEMPERATURE - #99,11*14a1
 * 12-08-2024 15:50:51.7
Response  - 99,11,F000,32*24a4 * 12-08-2024 15:50:51.172
Command * READ TEMPERATURE - #100,11*b35e
 * 12-08-2024 15:50:52.74
Response  - 100,11,F000,31*eb7d * 12-08-2024 15:50:52.240
Command * READ TEMPERATURE - #101,11*4f5f
 * 12-08-2024 15:50:53.142
Response  - 101,11,F000,32*29c0 * 12-08-2024 15:50:53.305
Command * READ TEMPERATURE - #102,11*0b5f
 * 12-08-2024 15:50:54.207
Response  - 102,11,F000,31*2c84 * 12-08-2024 15:50:54.369
Command * READ TEMPERATURE - #103,11*f75e
 * 12-08-2024 15:50:55.260
Response  - 103,11,F000,31*ef79 * 12-08-2024 15:50:55.428
Command * READ TEMPERATURE - #104,11*835f
 * 12-08-2024 15:50:56.321
Response  - 104,11,F000,31*248c * 12-08-2024 15:50:56.485
Command * READ TEMPERATURE - #105,11*7f5e
 * 12-08-2024 15:50:57.383
Response  - 105,11,F000,31*e771 * 12-08-2024 15:50:57.542
Command * READ TEMPERATURE - #106,11*3b5e
 * 12-08-2024 15:50:58.451
Response  - 106,11,F000,31*e375 * 12-08-2024 15:50:58.617
Command * READ TEMPERATURE - #107,11*c75f
 * 12-08-2024 15:50:59.513
Response  - 107,11,F000,31*2088 * 12-08-2024 15:50:59.678
Command * READ TEMPERATURE - #108,11*d35c
 * 12-08-2024 15:51:00.574
Response  - 108,11,F000,32*35dc * 12-08-2024 15:51:00.743
Command * READ TEMPERATURE - #109,11*2f5d
 * 12-08-2024 15:51:01.633
Response  - 109,11,F000,32*f621 * 12-08-2024 15:51:01.799
Command * READ TEMPERATURE - #110,11*7363
 * 12-08-2024 15:51:02.706
Response  - 110,11,F000,31*6a7f * 12-08-2024 15:51:02.874
Command * READ TEMPERATURE - #111,11*8f62
 * 12-08-2024 15:51:03.806
Response  - 111,11,F000,31*a982 * 12-08-2024 15:51:03.971
Command * READ TEMPERATURE - #112,11*cb62
 * 12-08-2024 15:51:04.864
Response  - 112,11,F000,31*ad86 * 12-08-2024 15:51:05.34
Command * READ TEMPERATURE - #113,11*3763
 * 12-08-2024 15:51:05.933
Response  - 113,11,F000,31*6e7b * 12-08-2024 15:51:06.98
Command * READ TEMPERATURE - #114,11*4362
 * 12-08-2024 15:51:06.999
Response  - 114,11,F000,31*a58e * 12-08-2024 15:51:07.162
Command * READ TEMPERATURE - #115,11*bf63
 * 12-08-2024 15:51:08.55
Response  - 115,11,F000,32*6733 * 12-08-2024 15:51:08.219
Command * READ TEMPERATURE - #116,11*fb63
 * 12-08-2024 15:51:09.117
Response  - 116,11,F000,31*6277 * 12-08-2024 15:51:09.281
Command * READ TEMPERATURE - #117,11*0762
 * 12-08-2024 15:51:10.185
Response  - 117,11,F000,31*a18a * 12-08-2024 15:51:10.355
Command * READ TEMPERATURE - #118,11*1361
 * 12-08-2024 15:51:11.244
Response  - 118,11,F000,31*b59e * 12-08-2024 15:51:11.412
Command * READ TEMPERATURE - #119,11*ef60
 * 12-08-2024 15:51:12.306
Response  - 119,11,F000,31*7663 * 12-08-2024 15:51:12.470
Command * READ TEMPERATURE - #120,11*7327
 * 12-08-2024 15:51:13.365
Response  - 120,11,F000,31*a97a * 12-08-2024 15:51:13.529
Command * READ TEMPERATURE - #121,11*8f26
 * 12-08-2024 15:51:14.424
Response  - 121,11,F000,31*6a87 * 12-08-2024 15:51:14.588
Command * READ TEMPERATURE - #122,11*cb26
 * 12-08-2024 15:51:15.477
Response  - 122,11,F000,31*6e83 * 12-08-2024 15:51:15.647
Command * READ TEMPERATURE - #123,11*3727
 * 12-08-2024 15:51:16.536
Response  - 123,11,F000,31*ad7e * 12-08-2024 15:51:16.701
Command * READ TEMPERATURE - #124,11*4326
 * 12-08-2024 15:51:17.597
Response  - 124,11,F000,31*668b * 12-08-2024 15:51:17.762
Command * READ TEMPERATURE - #125,11*bf27
 * 12-08-2024 15:51:18.654
Response  - 125,11,F000,31*a576 * 12-08-2024 15:51:18.821
Command * READ TEMPERATURE - #126,11*fb27
 * 12-08-2024 15:51:19.716
Response  - 126,11,F000,31*a172 * 12-08-2024 15:51:19.884
Command * READ TEMPERATURE - #127,11*0726
 * 12-08-2024 15:51:20.778
Response  - 127,11,F000,32*63cf * 12-08-2024 15:51:20.944
Command * READ TEMPERATURE - #128,11*1325
 * 12-08-2024 15:51:21.838
Response  - 128,11,F000,32*77db * 12-08-2024 15:51:22.3
Command * READ TEMPERATURE - #129,11*ef24
 * 12-08-2024 15:51:22.899
Response  - 129,11,F000,31*b566 * 12-08-2024 15:51:23.68
Command * READ TEMPERATURE - #130,11*b31a
 * 12-08-2024 15:51:23.961
Response  - 130,11,F000,31*2878 * 12-08-2024 15:51:24.124
Command * READ TEMPERATURE - #131,11*4f1b
 * 12-08-2024 15:51:25.31
Response  - 131,11,F000,31*eb85 * 12-08-2024 15:51:25.197
Command * READ TEMPERATURE - #132,11*0b1b
 * 12-08-2024 15:51:26.90
Response  - 132,11,F000,31*ef81 * 12-08-2024 15:51:26.255
Command * READ TEMPERATURE - #133,11*f71a
 * 12-08-2024 15:51:27.162
Response  - 133,11,F000,31*2c7c * 12-08-2024 15:51:27.328
Command * READ TEMPERATURE - #134,11*831b
 * 12-08-2024 15:51:28.220
Response  - 134,11,F000,31*e789 * 12-08-2024 15:51:28.386
Command * READ TEMPERATURE - #135,11*7f1a
 * 12-08-2024 15:51:29.270
Response  - 135,11,F000,31*2474 * 12-08-2024 15:51:29.439
Command * READ TEMPERATURE - #136,11*3b1a
 * 12-08-2024 15:51:30.317
Response  - 136,11,F000,32*2130 * 12-08-2024 15:51:30.482
Command * READ TEMPERATURE - #137,11*c71b
 * 12-08-2024 15:51:31.377
Response  - 137,11,F000,31*e38d * 12-08-2024 15:51:31.541
Command * READ TEMPERATURE - #138,11*d318
 * 12-08-2024 15:51:32.438
Response  - 138,11,F000,31*f799 * 12-08-2024 15:51:32.602
Command * READ TEMPERATURE - #139,11*2f19
 * 12-08-2024 15:51:33.491
Response  - 139,11,F000,31*3464 * 12-08-2024 15:51:33.661
Command * READ TEMPERATURE - #140,11*73af
 * 12-08-2024 15:51:34.554
Response  - 140,11,F000,31*6f73 * 12-08-2024 15:51:34.718
Command * READ TEMPERATURE - #141,11*8fae
 * 12-08-2024 15:51:35.616
Response  - 141,11,F000,32*adce * 12-08-2024 15:51:35.783
Command * READ TEMPERATURE - #142,11*cbae
 * 12-08-2024 15:51:36.686
Response  - 142,11,F000,32*a9ca * 12-08-2024 15:51:36.854
Command * READ TEMPERATURE - #143,11*37af
 * 12-08-2024 15:51:37.746
Response  - 143,11,F000,31*6b77 * 12-08-2024 15:51:37.911
Command * READ TEMPERATURE - #144,11*43ae
 * 12-08-2024 15:51:38.813
Response  - 144,11,F000,31*a082 * 12-08-2024 15:51:38.980
Command * READ TEMPERATURE - #145,11*bfaf
 * 12-08-2024 15:51:39.877
Response  - 145,11,F000,31*637f * 12-08-2024 15:51:40.44
Command * READ TEMPERATURE - #146,11*fbaf
 * 12-08-2024 15:51:40.933
Response  - 146,11,F000,31*677b * 12-08-2024 15:51:41.99
Command * READ TEMPERATURE - #147,11*07ae
 * 12-08-2024 15:51:42.5
Response  - 147,11,F000,31*a486 * 12-08-2024 15:51:42.170
Command * READ TEMPERATURE - #148,11*13ad
 * 12-08-2024 15:51:43.56
Response  - 148,11,F000,31*b092 * 12-08-2024 15:51:43.213
Command * READ TEMPERATURE - #149,11*efac
 * 12-08-2024 15:51:44.115
Response  - 149,11,F000,31*736f * 12-08-2024 15:51:44.274
Command * READ TEMPERATURE - #150,11*b392
 * 12-08-2024 15:51:45.164
Response  - 150,11,F000,31*ee71 * 12-08-2024 15:51:45.332
Command * READ TEMPERATURE - #151,11*4f93
 * 12-08-2024 15:51:46.227
Response  - 151,11,F000,31*2d8c * 12-08-2024 15:51:46.394
Command * READ TEMPERATURE - #152,11*0b93
 * 12-08-2024 15:51:47.288
Response  - 152,11,F000,31*2988 * 12-08-2024 15:51:47.454
Command * READ TEMPERATURE - #153,11*f792
 * 12-08-2024 15:51:48.336
Response  - 153,11,F000,31*ea75 * 12-08-2024 15:51:48.506
Command * READ TEMPERATURE - #154,11*8393
 * 12-08-2024 15:51:49.405
Response  - 154,11,F000,31*2180 * 12-08-2024 15:51:49.563
Command * READ TEMPERATURE - #155,11*7f92
 * 12-08-2024 15:51:50.459
Response  - 155,11,F000,31*e27d * 12-08-2024 15:51:50.624
Command * READ TEMPERATURE - #156,11*3b92
 * 12-08-2024 15:51:51.505
Response  - 156,11,F000,31*e679 * 12-08-2024 15:51:51.671
Command * READ TEMPERATURE - #157,11*c793
 * 12-08-2024 15:51:52.551
Response  - 157,11,F000,31*2584 * 12-08-2024 15:51:52.723
Command * READ TEMPERATURE - #158,11*d390
 * 12-08-2024 15:51:53.613
Response  - 158,11,F000,31*3190 * 12-08-2024 15:51:53.777
Command * READ TEMPERATURE - #159,11*2f91
 * 12-08-2024 15:51:54.677
Response  - 159,11,F000,31*f26d * 12-08-2024 15:51:54.841
Command * READ TEMPERATURE - #160,11*b3d6
 * 12-08-2024 15:51:55.729
Response  - 160,11,F000,31*2d74 * 12-08-2024 15:51:55.894
Command * READ TEMPERATURE - #161,11*4fd7
 * 12-08-2024 15:51:56.785
Response  - 161,11,F000,32*efc9 * 12-08-2024 15:51:56.952
Command * READ TEMPERATURE - #162,11*0bd7
 * 12-08-2024 15:51:57.838
Response  - 162,11,F000,31*ea8d * 12-08-2024 15:51:57.997
Command * READ TEMPERATURE - #163,11*f7d6
 * 12-08-2024 15:51:58.899
Response  - 163,11,F000,31*2970 * 12-08-2024 15:51:59.65
Command * READ TEMPERATURE - #164,11*83d7
 * 12-08-2024 15:51:59.972
Response  - 164,11,F000,31*e285 * 12-08-2024 15:52:00.137
Command * READ TEMPERATURE - #165,11*7fd6
 * 12-08-2024 15:52:01.29
Response  - 165,11,F000,32*2038 * 12-08-2024 15:52:01.196
Command * READ TEMPERATURE - #166,11*3bd6
 * 12-08-2024 15:52:02.86
Response  - 166,11,F000,31*257c * 12-08-2024 15:52:02.254
Command * READ TEMPERATURE - #167,11*c7d7
 * 12-08-2024 15:52:03.145
Response  - 167,11,F000,31*e681 * 12-08-2024 15:52:03.309
Command * READ TEMPERATURE - #168,11*d3d4
 * 12-08-2024 15:52:04.205
Response  - 168,11,F000,32*f3d5 * 12-08-2024 15:52:04.371
Command * READ TEMPERATURE - #169,11*2fd5
 * 12-08-2024 15:52:05.259
Response  - 169,11,F000,31*3168 * 12-08-2024 15:52:05.425
Command * READ TEMPERATURE - #170,11*73eb
 * 12-08-2024 15:52:06.329
Response  - 170,11,F000,31*ac76 * 12-08-2024 15:52:06.497
Command * READ TEMPERATURE - #171,11*8fea
 * 12-08-2024 15:52:07.387
Response  - 171,11,F000,31*6f8b * 12-08-2024 15:52:07.549
Command * READ TEMPERATURE - #172,11*cbea
 * 12-08-2024 15:52:08.447
Response  - 172,11,F000,31*6b8f * 12-08-2024 15:52:08.610
Command * READ TEMPERATURE - #173,11*37eb
 * 12-08-2024 15:52:09.507
Response  - 173,11,F000,32*a932 * 12-08-2024 15:52:09.674
Command * READ TEMPERATURE - #174,11*43ea
 * 12-08-2024 15:52:10.583
Response  - 174,11,F000,31*6387 * 12-08-2024 15:52:10.749
Command * READ TEMPERATURE - #175,11*bfeb
 * 12-08-2024 15:52:11.635
Response  - 175,11,F000,31*a07a * 12-08-2024 15:52:11.805
Command * READ TEMPERATURE - #176,11*fbeb
 * 12-08-2024 15:52:12.696
Response  - 176,11,F000,31*a47e * 12-08-2024 15:52:12.863
Command * READ TEMPERATURE - #177,11*07ea
 * 12-08-2024 15:52:13.758
Response  - 177,11,F000,31*6783 * 12-08-2024 15:52:13.923
Command * READ TEMPERATURE - #178,11*13e9
 * 12-08-2024 15:52:14.820
Response  - 178,11,F000,31*7397 * 12-08-2024 15:52:14.985
Command * READ TEMPERATURE - #179,11*efe8
 * 12-08-2024 15:52:15.890
Response  - 179,11,F000,31*b06a * 12-08-2024 15:52:16.54
Command * READ TEMPERATURE - #180,11*72bf
 * 12-08-2024 15:52:16.946
Response  - 180,11,F000,33*62e3 * 12-08-2024 15:52:17.111
Command * READ TEMPERATURE - #181,11*8ebe
 * 12-08-2024 15:52:18.7
Response  - 181,11,F000,32*61df * 12-08-2024 15:52:18.173
Command * READ TEMPERATURE - #182,11*cabe
 * 12-08-2024 15:52:19.82
Response  - 182,11,F000,31*649b * 12-08-2024 15:52:19.247
Command * READ TEMPERATURE - #183,11*36bf
 * 12-08-2024 15:52:20.142
Response  - 183,11,F000,31*a766 * 12-08-2024 15:52:20.311
Command * READ TEMPERATURE - #184,11*42be
 * 12-08-2024 15:52:21.202
Response  - 184,11,F000,31*6c93 * 12-08-2024 15:52:21.366
Command * READ TEMPERATURE - #185,11*bebf
 * 12-08-2024 15:52:22.254
Response  - 185,11,F000,31*af6e * 12-08-2024 15:52:22.420
Command * READ TEMPERATURE - #186,11*fabf
 * 12-08-2024 15:52:23.315
Response  - 186,11,F000,31*ab6a * 12-08-2024 15:52:23.482
Command * READ TEMPERATURE - #187,11*06be
 * 12-08-2024 15:52:24.371
Response  - 187,11,F000,32*69d7 * 12-08-2024 15:52:24.537
Command * READ TEMPERATURE - #188,11*12bd
 * 12-08-2024 15:52:25.429
Response  - 188,11,F000,32*7dc3 * 12-08-2024 15:52:25.592
Command * READ TEMPERATURE - #189,11*eebc
 * 12-08-2024 15:52:26.498
Response  - 189,11,F000,31*bf7e * 12-08-2024 15:52:26.661
Command * READ TEMPERATURE - #190,11*b282
 * 12-08-2024 15:52:27.557
Response  - 190,11,F000,31*2260 * 12-08-2024 15:52:27.723
Command * READ TEMPERATURE - #191,11*4e83
 * 12-08-2024 15:52:28.628
Response  - 191,11,F000,31*e19d * 12-08-2024 15:52:28.792
Command * READ TEMPERATURE - #192,11*0a83
 * 12-08-2024 15:52:29.682
Response  - 192,11,F000,31*e599 * 12-08-2024 15:52:29.849
Command * READ TEMPERATURE - #193,11*f682
 * 12-08-2024 15:52:30.738
Response  - 193,11,F000,32*2724 * 12-08-2024 15:52:30.908
Command * READ TEMPERATURE - #194,11*8283
 * 12-08-2024 15:52:31.798
Response  - 194,11,F000,31*ed91 * 12-08-2024 15:52:31.964
Command * READ TEMPERATURE - #195,11*7e82
 * 12-08-2024 15:52:32.860
Response  - 195,11,F000,31*2e6c * 12-08-2024 15:52:33.23
Command * READ TEMPERATURE - #196,11*3a82
 * 12-08-2024 15:52:33.915
Response  - 196,11,F000,31*2a68 * 12-08-2024 15:52:34.81
Command * READ TEMPERATURE - #197,11*c683
 * 12-08-2024 15:52:34.977
Response  - 197,11,F000,31*e995 * 12-08-2024 15:52:35.135
Command * READ TEMPERATURE - #198,11*d280
 * 12-08-2024 15:52:36.41
Response  - 198,11,F000,31*fd81 * 12-08-2024 15:52:36.206
Command * READ TEMPERATURE - #199,11*2e81
 * 12-08-2024 15:52:37.107
Response  - 199,11,F000,31*3e7c * 12-08-2024 15:52:37.270
Command * READ TEMPERATURE - #200,11*805e
 * 12-08-2024 15:52:38.162
Response  - 200,11,F000,30*28bf * 12-08-2024 15:52:38.330
Command * READ TEMPERATURE - #201,11*7c5f
 * 12-08-2024 15:52:39.222
Response  - 201,11,F000,31*2b83 * 12-08-2024 15:52:39.387
Command * READ TEMPERATURE - #202,11*385f
 * 12-08-2024 15:52:40.278
Response  - 202,11,F000,31*2f87 * 12-08-2024 15:52:40.443
Command * READ TEMPERATURE - #203,11*c45e
 * 12-08-2024 15:52:41.332
Response  - 203,11,F000,31*ec7a * 12-08-2024 15:52:41.498
Command * READ TEMPERATURE - #204,11*b05f
 * 12-08-2024 15:52:42.388
Response  - 204,11,F000,31*278f * 12-08-2024 15:52:42.554
Command * READ TEMPERATURE - #205,11*4c5e
 * 12-08-2024 15:52:43.446
Response  - 205,11,F000,31*e472 * 12-08-2024 15:52:43.616
Command * READ TEMPERATURE - #206,11*085e
 * 12-08-2024 15:52:44.511
Response  - 206,11,F000,31*e076 * 12-08-2024 15:52:44.676
Command * READ TEMPERATURE - #207,11*f45f
 * 12-08-2024 15:52:45.566
Response  - 207,11,F000,31*238b * 12-08-2024 15:52:45.733
Command * READ TEMPERATURE - #208,11*e05c
 * 12-08-2024 15:52:46.613
Response  - 208,11,F000,31*379f * 12-08-2024 15:52:46.778
Command * READ TEMPERATURE - #209,11*1c5d
 * 12-08-2024 15:52:47.671
Response  - 209,11,F000,31*f462 * 12-08-2024 15:52:47.838
Command * READ TEMPERATURE - #210,11*4063
 * 12-08-2024 15:52:48.732
Response  - 210,11,F000,32*683c * 12-08-2024 15:52:48.898
Command * READ TEMPERATURE - #211,11*bc62
 * 12-08-2024 15:52:49.791
Response  - 211,11,F000,31*aa81 * 12-08-2024 15:52:49.960
Command * READ TEMPERATURE - #212,11*f862
 * 12-08-2024 15:52:50.855
Response  - 212,11,F000,31*ae85 * 12-08-2024 15:52:51.20
Command * READ TEMPERATURE - #213,11*0463
 * 12-08-2024 15:52:51.915
Response  - 213,11,F000,32*6c38 * 12-08-2024 15:52:52.85
Command * READ TEMPERATURE - #214,11*7062
 * 12-08-2024 15:52:52.973
Response  - 214,11,F000,31*a68d * 12-08-2024 15:52:53.143
Command * READ TEMPERATURE - #215,11*8c63
 * 12-08-2024 15:52:54.22
Response  - 215,11,F000,31*6570 * 12-08-2024 15:52:54.189
Command * READ TEMPERATURE - #216,11*c863
 * 12-08-2024 15:52:55.79
Response  - 216,11,F000,31*6174 * 12-08-2024 15:52:55.246
Command * READ TEMPERATURE - #217,11*3462
 * 12-08-2024 15:52:56.132
Response  - 217,11,F000,31*a289 * 12-08-2024 15:52:56.300
Command * READ TEMPERATURE - #218,11*2061
 * 12-08-2024 15:52:57.187
Response  - 218,11,F000,31*b69d * 12-08-2024 15:52:57.353
Command * READ TEMPERATURE - #219,11*dc60
 * 12-08-2024 15:52:58.243
Response  - 219,11,F000,31*7560 * 12-08-2024 15:52:58.409
Command * READ TEMPERATURE - #220,11*4027
 * 12-08-2024 15:52:59.302
Response  - 220,11,F000,31*aa79 * 12-08-2024 15:52:59.467
Command * READ TEMPERATURE - #221,11*bc26
 * 12-08-2024 15:53:00.352
Response  - 221,11,F000,31*6984 * 12-08-2024 15:53:00.516
Command * READ TEMPERATURE - #222,11*f826
 * 12-08-2024 15:53:01.419
Response  - 222,11,F000,31*6d80 * 12-08-2024 15:53:01.587
Command * READ TEMPERATURE - #223,11*0427
 * 12-08-2024 15:53:02.477
Response  - 223,11,F000,31*ae7d * 12-08-2024 15:53:02.643
Command * READ TEMPERATURE - #224,11*7026
 * 12-08-2024 15:53:03.550
Response  - 224,11,F000,32*64c8 * 12-08-2024 15:53:03.716
Command * READ TEMPERATURE - #225,11*8c27
 * 12-08-2024 15:53:04.600
Response  - 225,11,F000,31*a675 * 12-08-2024 15:53:04.769
Command * READ TEMPERATURE - #226,11*c827
 * 12-08-2024 15:53:05.656
Response  - 226,11,F000,31*a271 * 12-08-2024 15:53:05.822
Command * READ TEMPERATURE - #227,11*3426
 * 12-08-2024 15:53:06.709
Response  - 227,11,F000,31*618c * 12-08-2024 15:53:06.873
Command * READ TEMPERATURE - #228,11*2025
 * 12-08-2024 15:53:07.757
Response  - 228,11,F000,30*b559 * 12-08-2024 15:53:07.915
Command * READ TEMPERATURE - #229,11*dc24
 * 12-08-2024 15:53:08.822
Response  - 229,11,F000,31*b665 * 12-08-2024 15:53:08.987
Command * READ TEMPERATURE - #230,11*801a
 * 12-08-2024 15:53:09.892
Response  - 230,11,F000,31*2b7b * 12-08-2024 15:53:10.59
Command * READ TEMPERATURE - #231,11*7c1b
 * 12-08-2024 15:53:10.948
Response  - 231,11,F000,31*e886 * 12-08-2024 15:53:11.116
Command * READ TEMPERATURE - #232,11*381b
 * 12-08-2024 15:53:12.9
Response  - 232,11,F000,31*ec82 * 12-08-2024 15:53:12.179
Command * READ TEMPERATURE - #233,11*c41a
 * 12-08-2024 15:53:13.81
Response  - 233,11,F000,31*2f7f * 12-08-2024 15:53:13.248
Command * READ TEMPERATURE - #234,11*b01b
 * 12-08-2024 15:53:14.139
Response  - 234,11,F000,31*e48a * 12-08-2024 15:53:14.400
Command * READ TEMPERATURE - #235,11*4c1a
 * 12-08-2024 15:53:15.294
Response  - 235,11,F000,31*2777 * 12-08-2024 15:53:15.460
Command * READ TEMPERATURE - #236,11*081a
 * 12-08-2024 15:53:16.351
Response  - 236,11,F000,31*2373 * 12-08-2024 15:53:16.517
Command * READ TEMPERATURE - #237,11*f41b
 * 12-08-2024 15:53:17.425
Response  - 237,11,F000,31*e08e * 12-08-2024 15:53:17.592
Command * READ TEMPERATURE - #238,11*e018
 * 12-08-2024 15:53:18.477
Response  - 238,11,F000,31*f49a * 12-08-2024 15:53:18.643
Command * READ TEMPERATURE - #239,11*1c19
 * 12-08-2024 15:53:19.540
Response  - 239,11,F000,31*3767 * 12-08-2024 15:53:19.705
Command * READ TEMPERATURE - #240,11*40af
 * 12-08-2024 15:53:20.601
Response  - 240,11,F000,32*6d30 * 12-08-2024 15:53:20.765
Command * READ TEMPERATURE - #241,11*bcae
 * 12-08-2024 15:53:21.662
Response  - 241,11,F000,31*af8d * 12-08-2024 15:53:21.827
Command * READ TEMPERATURE - #242,11*f8ae
 * 12-08-2024 15:53:22.716
Response  - 242,11,F000,31*ab89 * 12-08-2024 15:53:22.885
Command * READ TEMPERATURE - #243,11*04af
 * 12-08-2024 15:53:23.773
Response  - 243,11,F000,31*6874 * 12-08-2024 15:53:23.941
Command * READ TEMPERATURE - #244,11*70ae
 * 12-08-2024 15:53:24.834
Response  - 244,11,F000,31*a381 * 12-08-2024 15:53:25.2
Command * READ TEMPERATURE - #245,11*8caf
 * 12-08-2024 15:53:25.893
Response  - 245,11,F000,31*607c * 12-08-2024 15:53:26.60
Command * READ TEMPERATURE - #246,11*c8af
 * 12-08-2024 15:53:26.951
Response  - 246,11,F000,31*6478 * 12-08-2024 15:53:27.115
Command * READ TEMPERATURE - #247,11*34ae
 * 12-08-2024 15:53:28.7
Response  - 247,11,F000,32*a6c5 * 12-08-2024 15:53:28.171
Command * READ TEMPERATURE - #248,11*20ad
 * 12-08-2024 15:53:29.80
Response  - 248,11,F000,31*b391 * 12-08-2024 15:53:29.246
Command * READ TEMPERATURE - #249,11*dcac
 * 12-08-2024 15:53:30.132
Response  - 249,11,F000,31*706c * 12-08-2024 15:53:30.290
Command * READ TEMPERATURE - #250,11*8092
 * 12-08-2024 15:53:31.197
Response  - 250,11,F000,31*ed72 * 12-08-2024 15:53:31.352
Command * READ TEMPERATURE - #251,11*7c93
 * 12-08-2024 15:53:32.257
Response  - 251,11,F000,31*2e8f * 12-08-2024 15:53:32.420
Command * READ TEMPERATURE - #252,11*3893
 * 12-08-2024 15:53:33.321
Response  - 252,11,F000,31*2a8b * 12-08-2024 15:53:33.486
Command * READ TEMPERATURE - #253,11*c492
 * 12-08-2024 15:53:34.379
Response  - 253,11,F000,31*e976 * 12-08-2024 15:53:34.548
Command * READ TEMPERATURE - #254,11*b093
 * 12-08-2024 15:53:35.430
Response  - 254,11,F000,31*2283 * 12-08-2024 15:53:35.598
Command * READ TEMPERATURE - #255,11*4c92
 * 12-08-2024 15:53:36.492
Response  - 255,11,F000,31*e17e * 12-08-2024 15:53:36.659
Command * READ TEMPERATURE - #0,11*a91a
 * 12-08-2024 15:53:37.558
Response  - 0,11,F000,31*e9c3 * 12-08-2024 15:53:37.726
Command * READ TEMPERATURE - #1,11*551b
 * 12-08-2024 15:53:38.615
Response  - 1,11,F000,31*2a3e * 12-08-2024 15:53:38.780
Command * READ TEMPERATURE - #2,11*111b
 * 12-08-2024 15:53:39.668
Response  - 2,11,F000,31*2e3a * 12-08-2024 15:53:39.836
Command * READ TEMPERATURE - #3,11*ed1a
 * 12-08-2024 15:53:40.726
Response  - 3,11,F000,31*edc7 * 12-08-2024 15:53:40.890
Command * READ TEMPERATURE - #4,11*991b
 * 12-08-2024 15:53:41.794
Response  - 4,11,F000,31*2632 * 12-08-2024 15:53:41.958
Command * READ TEMPERATURE - #5,11*651a
 * 12-08-2024 15:53:42.857
Response  - 5,11,F000,31*e5cf * 12-08-2024 15:53:43.27
Command * READ TEMPERATURE - #6,11*211a
 * 12-08-2024 15:53:43.915
Response  - 6,11,F000,31*e1cb * 12-08-2024 15:53:44.79
Command * READ TEMPERATURE - #7,11*dd1b
 * 12-08-2024 15:53:44.976
Response  - 7,11,F000,31*2236 * 12-08-2024 15:53:45.133
Command * READ TEMPERATURE - #8,11*c918
 * 12-08-2024 15:53:46.40
Response  - 8,11,F000,31*3622 * 12-08-2024 15:53:46.205
Command * READ TEMPERATURE - #9,11*3519
 * 12-08-2024 15:53:47.103
Response  - 9,11,F000,31*f5df * 12-08-2024 15:53:47.258
Command * READ TEMPERATURE - #10,11*4943
 * 12-08-2024 15:53:48.162
Response  - 10,11,F000,31*71e7 * 12-08-2024 15:53:48.327
Command * READ TEMPERATURE - #11,11*b542
 * 12-08-2024 15:53:49.235
Response  - 11,11,F000,31*b21a * 12-08-2024 15:53:49.402
Command * READ TEMPERATURE - #12,11*f142
 * 12-08-2024 15:53:50.295
Response  - 12,11,F000,31*b61e * 12-08-2024 15:53:50.464
Command * READ TEMPERATURE - #13,11*0d43
 * 12-08-2024 15:53:51.353
Response  - 13,11,F000,31*75e3 * 12-08-2024 15:53:51.518
Command * READ TEMPERATURE - #14,11*7942
 * 12-08-2024 15:53:52.412
Response  - 14,11,F000,31*be16 * 12-08-2024 15:53:52.592
Command * READ TEMPERATURE - #15,11*8543
 * 12-08-2024 15:53:53.479
Response  - 15,11,F000,31*7deb * 12-08-2024 15:53:53.649
Command * READ TEMPERATURE - #16,11*c143
 * 12-08-2024 15:53:54.541
Response  - 16,11,F000,32*78af * 12-08-2024 15:53:54.711
Command * READ TEMPERATURE - #17,11*3d42
 * 12-08-2024 15:53:55.611
Response  - 17,11,F000,32*bb52 * 12-08-2024 15:53:55.773
Command * READ TEMPERATURE - #18,11*2941
 * 12-08-2024 15:53:56.663
Response  - 18,11,F000,32*af46 * 12-08-2024 15:53:56.828
Command * READ TEMPERATURE - #19,11*d540
 * 12-08-2024 15:53:57.720
Response  - 19,11,F000,32*6cbb * 12-08-2024 15:53:57.888
Command * READ TEMPERATURE - #20,11*4907
 * 12-08-2024 15:53:58.774
Response  - 20,11,F000,32*b3a2 * 12-08-2024 15:53:58.944
Command * READ TEMPERATURE - #21,11*b506
 * 12-08-2024 15:53:59.837
Response  - 21,11,F000,31*711f * 12-08-2024 15:54:00.5
Command * READ TEMPERATURE - #22,11*f106
 * 12-08-2024 15:54:00.908
Response  - 22,11,F000,32*745b * 12-08-2024 15:54:01.74
Command * READ TEMPERATURE - #23,11*0d07
 * 12-08-2024 15:54:01.969
Response  - 23,11,F000,32*b7a6 * 12-08-2024 15:54:02.134
Command * READ TEMPERATURE - #24,11*7906
 * 12-08-2024 15:54:03.23
Response  - 24,11,F000,32*7c53 * 12-08-2024 15:54:03.192
Command * READ TEMPERATURE - #25,11*8507
 * 12-08-2024 15:54:04.91
Response  - 25,11,F000,32*bfae * 12-08-2024 15:54:04.250
Command * READ TEMPERATURE - #26,11*c107
 * 12-08-2024 15:54:05.155
Response  - 26,11,F000,31*baea * 12-08-2024 15:54:05.320
Command * READ TEMPERATURE - #27,11*3d06
 * 12-08-2024 15:54:06.213
Response  - 27,11,F000,32*7857 * 12-08-2024 15:54:06.379
Command * READ TEMPERATURE - #28,11*2905
 * 12-08-2024 15:54:07.275
Response  - 28,11,F000,32*6c43 * 12-08-2024 15:54:07.442
Command * READ TEMPERATURE - #29,11*d504
 * 12-08-2024 15:54:08.336
Response  - 29,11,F000,32*afbe * 12-08-2024 15:54:08.502
Command * READ TEMPERATURE - #30,11*893a
 * 12-08-2024 15:54:09.407
Response  - 30,11,F000,32*32a0 * 12-08-2024 15:54:09.572
Command * READ TEMPERATURE - #31,11*753b
 * 12-08-2024 15:54:10.458
Response  - 31,11,F000,31*f01d * 12-08-2024 15:54:10.623
Command * READ TEMPERATURE - #32,11*313b
 * 12-08-2024 15:54:11.510
Response  - 32,11,F000,32*f559 * 12-08-2024 15:54:11.675
Command * READ TEMPERATURE - #33,11*cd3a
 * 12-08-2024 15:54:12.569
Response  - 33,11,F000,32*36a4 * 12-08-2024 15:54:12.728
Command * READ TEMPERATURE - #34,11*b93b
 * 12-08-2024 15:54:13.630
Response  - 34,11,F000,31*fc11 * 12-08-2024 15:54:13.795
Command * READ TEMPERATURE - #35,11*453a
 * 12-08-2024 15:54:14.693
Response  - 35,11,F000,31*3fec * 12-08-2024 15:54:14.853
Command * READ TEMPERATURE - #36,11*013a
 * 12-08-2024 15:54:15.765
Response  - 36,11,F000,31*3be8 * 12-08-2024 15:54:15.930
Command * READ TEMPERATURE - #37,11*fd3b
 * 12-08-2024 15:54:16.816
Response  - 37,11,F000,31*f815 * 12-08-2024 15:54:16.983
Command * READ TEMPERATURE - #38,11*e938
 * 12-08-2024 15:54:17.872
Response  - 38,11,F000,31*ec01 * 12-08-2024 15:54:18.38
Command * READ TEMPERATURE - #39,11*1539
 * 12-08-2024 15:54:18.933
Response  - 39,11,F000,31*2ffc * 12-08-2024 15:54:19.101
Command * READ TEMPERATURE - #40,11*498f
 * 12-08-2024 15:54:20.0
Response  - 40,11,F000,31*74eb * 12-08-2024 15:54:20.168
Command * READ TEMPERATURE - #41,11*b58e
 * 12-08-2024 15:54:21.64
Response  - 41,11,F000,31*b716 * 12-08-2024 15:54:21.229
Command * READ TEMPERATURE - #42,11*f18e
 * 12-08-2024 15:54:22.117
Response  - 42,11,F000,31*b312 * 12-08-2024 15:54:22.274
Command * READ TEMPERATURE - #43,11*0d8f
 * 12-08-2024 15:54:23.186
Response  - 43,11,F000,31*70ef * 12-08-2024 15:54:23.348
Command * READ TEMPERATURE - #44,11*798e
 * 12-08-2024 15:54:24.242
Response  - 44,11,F000,31*bb1a * 12-08-2024 15:54:24.407
Command * READ TEMPERATURE - #45,11*858f
 * 12-08-2024 15:54:25.310
Response  - 45,11,F000,30*b826 * 12-08-2024 15:54:25.477
Command * READ TEMPERATURE - #46,11*c18f
 * 12-08-2024 15:54:26.368
Response  - 46,11,F000,31*7ce3 * 12-08-2024 15:54:26.532
Command * READ TEMPERATURE - #47,11*3d8e
 * 12-08-2024 15:54:27.440
Response  - 47,11,F000,31*bf1e * 12-08-2024 15:54:27.609
Command * READ TEMPERATURE - #48,11*298d
 * 12-08-2024 15:54:28.490
Response  - 48,11,F000,31*ab0a * 12-08-2024 15:54:28.657
Command * READ TEMPERATURE - #49,11*d58c
 * 12-08-2024 15:54:29.563
Response  - 49,11,F000,31*68f7 * 12-08-2024 15:54:29.727
Command * READ TEMPERATURE - #50,11*89b2
 * 12-08-2024 15:54:30.613
Response  - 50,11,F000,30*3528 * 12-08-2024 15:54:30.780
Command * READ TEMPERATURE - #51,11*75b3
 * 12-08-2024 15:54:31.670
Response  - 51,11,F000,31*3614 * 12-08-2024 15:54:31.839
Command * READ TEMPERATURE - #52,11*31b3
 * 12-08-2024 15:54:32.736
Response  - 52,11,F000,31*3210 * 12-08-2024 15:54:32.900
Command * READ TEMPERATURE - #53,11*cdb2
 * 12-08-2024 15:54:33.793
Response  - 53,11,F000,32*f0ad * 12-08-2024 15:54:33.958
Command * READ TEMPERATURE - #54,11*b9b3
 * 12-08-2024 15:54:34.849
Response  - 54,11,F000,30*fad9 * 12-08-2024 15:54:35.12
Command * READ TEMPERATURE - #55,11*45b2
 * 12-08-2024 15:54:35.904
Response  - 55,11,F000,31*f9e5 * 12-08-2024 15:54:36.70
Command * READ TEMPERATURE - #56,11*01b2
 * 12-08-2024 15:54:36.958
Response  - 56,11,F000,32*fca1 * 12-08-2024 15:54:37.125
Command * READ TEMPERATURE - #57,11*fdb3
 * 12-08-2024 15:54:38.17
Response  - 57,11,F000,31*3e1c * 12-08-2024 15:54:38.186
Command * READ TEMPERATURE - #58,11*e9b0
 * 12-08-2024 15:54:39.69
Response  - 58,11,F000,31*2a08 * 12-08-2024 15:54:39.234
Command * READ TEMPERATURE - #59,11*15b1
 * 12-08-2024 15:54:40.126
Response  - 59,11,F000,30*2934 * 12-08-2024 15:54:40.292
Command * READ TEMPERATURE - #60,11*89f6
 * 12-08-2024 15:54:41.186
Response  - 60,11,F000,31*36ec * 12-08-2024 15:54:41.352
Command * READ TEMPERATURE - #61,11*75f7
 * 12-08-2024 15:54:42.246
Response  - 61,11,F000,31*f511 * 12-08-2024 15:54:42.411
Command * READ TEMPERATURE - #62,11*31f7
 * 12-08-2024 15:54:43.302
Response  - 62,11,F000,30*31d4 * 12-08-2024 15:54:43.471
Command * READ TEMPERATURE - #63,11*cdf6
 * 12-08-2024 15:54:44.354
Response  - 63,11,F000,32*33a8 * 12-08-2024 15:54:44.523
Command * READ TEMPERATURE - #64,11*b9f7
 * 12-08-2024 15:54:45.414
Response  - 64,11,F000,31*f91d * 12-08-2024 15:54:45.584
Command * READ TEMPERATURE - #65,11*45f6
 * 12-08-2024 15:54:46.481
Response  - 65,11,F000,31*3ae0 * 12-08-2024 15:54:46.638
Command * READ TEMPERATURE - #66,11*01f6
 * 12-08-2024 15:54:47.546
Response  - 66,11,F000,31*3ee4 * 12-08-2024 15:54:47.715
Command * READ TEMPERATURE - #67,11*fdf7
 * 12-08-2024 15:54:48.607
Response  - 67,11,F000,31*fd19 * 12-08-2024 15:54:48.772
Command * READ TEMPERATURE - #68,11*e9f4
 * 12-08-2024 15:54:49.664
Response  - 68,11,F000,31*e90d * 12-08-2024 15:54:49.833
Command * READ TEMPERATURE - #69,11*15f5
 * 12-08-2024 15:54:50.736
Response  - 69,11,F000,30*ea31 * 12-08-2024 15:54:51.86
Command * READ TEMPERATURE - #70,11*49cb
 * 12-08-2024 15:54:51.797
Response  - 70,11,F000,31*b7ee * 12-08-2024 15:54:51.962
Command * READ TEMPERATURE - #71,11*b5ca
 * 12-08-2024 15:54:52.860
Response  - 71,11,F000,31*7413 * 12-08-2024 15:54:53.24
Command * READ TEMPERATURE - #72,11*f1ca
 * 12-08-2024 15:54:53.913
Response  - 72,11,F000,31*7017 * 12-08-2024 15:54:54.81
Command * READ TEMPERATURE - #73,11*0dcb
 * 12-08-2024 15:54:54.975
Response  - 73,11,F000,31*b3ea * 12-08-2024 15:54:55.142
Command * READ TEMPERATURE - #74,11*79ca
 * 12-08-2024 15:54:56.28
Response  - 74,11,F000,31*781f * 12-08-2024 15:54:56.196
Command * READ TEMPERATURE - #75,11*85cb
 * 12-08-2024 15:54:57.89
Response  - 75,11,F000,31*bbe2 * 12-08-2024 15:54:57.256
Command * READ TEMPERATURE - #76,11*c1cb
 * 12-08-2024 15:54:58.149
Response  - 76,11,F000,31*bfe6 * 12-08-2024 15:54:58.316
Command * READ TEMPERATURE - #77,11*3dca
 * 12-08-2024 15:54:59.211
Response  - 77,11,F000,31*7c1b * 12-08-2024 15:54:59.377
Command * READ TEMPERATURE - #78,11*29c9
 * 12-08-2024 15:55:00.282
Response  - 78,11,F000,31*680f * 12-08-2024 15:55:00.450
Command * READ TEMPERATURE - #79,11*d5c8
 * 12-08-2024 15:55:01.345
Response  - 79,11,F000,31*abf2 * 12-08-2024 15:55:01.509
Command * READ TEMPERATURE - #80,11*489f
 * 12-08-2024 15:55:02.398
Response  - 80,11,F000,31*b8fa * 12-08-2024 15:55:02.563
Command * READ TEMPERATURE - #81,11*b49e
 * 12-08-2024 15:55:03.458
Response  - 81,11,F000,31*7b07 * 12-08-2024 15:55:03.626
Command * READ TEMPERATURE - #82,11*f09e
 * 12-08-2024 15:55:04.520
Response  - 82,11,F000,31*7f03 * 12-08-2024 15:55:04.699
Command * READ TEMPERATURE - #83,11*0c9f
 * 12-08-2024 15:55:05.584
Response  - 83,11,F000,31*bcfe * 12-08-2024 15:55:05.746
Command * READ TEMPERATURE - #84,11*789e
 * 12-08-2024 15:55:06.646
Response  - 84,11,F000,30*b7ca * 12-08-2024 15:55:06.806
Command * READ TEMPERATURE - #85,11*849f
 * 12-08-2024 15:55:07.694
Response  - 85,11,F000,30*7437 * 12-08-2024 15:55:07.861
Command * READ TEMPERATURE - #86,11*c09f
 * 12-08-2024 15:55:08.740
Response  - 86,11,F000,31*b0f2 * 12-08-2024 15:55:08.905
Command * READ TEMPERATURE - #87,11*3c9e
 * 12-08-2024 15:55:09.795
Response  - 87,11,F000,31*730f * 12-08-2024 15:55:09.963
Command * READ TEMPERATURE - #88,11*289d
 * 12-08-2024 15:55:10.854
Response  - 88,11,F000,31*671b * 12-08-2024 15:55:11.20
Command * READ TEMPERATURE - #89,11*d49c
 * 12-08-2024 15:55:11.924
Response  - 89,11,F000,31*a4e6 * 12-08-2024 15:55:12.88
Command * READ TEMPERATURE - #90,11*88a2
 * 12-08-2024 15:55:12.987
Response  - 90,11,F000,31*39f8 * 12-08-2024 15:55:13.151
Command * READ TEMPERATURE - #91,11*74a3
 * 12-08-2024 15:55:14.43
Response  - 91,11,F000,30*3ac4 * 12-08-2024 15:55:14.209
Command * READ TEMPERATURE - #92,11*30a3
 * 12-08-2024 15:55:15.102
Response  - 92,11,F000,30*3ec0 * 12-08-2024 15:55:15.268
Command * READ TEMPERATURE - #93,11*cca2
 * 12-08-2024 15:55:16.177
Response  - 93,11,F000,31*3dfc * 12-08-2024 15:55:16.341
Command * READ TEMPERATURE - #94,11*b8a3
 * 12-08-2024 15:55:17.225
Response  - 94,11,F000,31*f609 * 12-08-2024 15:55:17.392
Command * READ TEMPERATURE - #95,11*44a2
 * 12-08-2024 15:55:18.282
Response  - 95,11,F000,30*f535 * 12-08-2024 15:55:18.448
Command * READ TEMPERATURE - #96,11*00a2
 * 12-08-2024 15:55:19.334
Response  - 96,11,F000,31*31f0 * 12-08-2024 15:55:19.499
Command * READ TEMPERATURE - #97,11*fca3
 * 12-08-2024 15:55:20.387
Response  - 97,11,F000,30*32cc * 12-08-2024 15:55:20.550
Command * READ TEMPERATURE - #98,11*e8a0
 * 12-08-2024 15:55:21.448
Response  - 98,11,F000,30*26d8 * 12-08-2024 15:55:21.612
Command * READ TEMPERATURE - #99,11*14a1
 * 12-08-2024 15:55:22.511
Response  - 99,11,F000,31*25e4 * 12-08-2024 15:55:22.675
Command * READ TEMPERATURE - #100,11*b35e
 * 12-08-2024 15:55:23.572
Response  - 100,11,F000,30*2bbc * 12-08-2024 15:55:23.740
Command * READ TEMPERATURE - #101,11*4f5f
 * 12-08-2024 15:55:24.632
Response  - 101,11,F000,31*2880 * 12-08-2024 15:55:24.796
Command * READ TEMPERATURE - #102,11*0b5f
 * 12-08-2024 15:55:25.705
Response  - 102,11,F000,31*2c84 * 12-08-2024 15:55:25.869
Command * READ TEMPERATURE - #103,11*f75e
 * 12-08-2024 15:55:26.759
Response  - 103,11,F000,31*ef79 * 12-08-2024 15:55:26.927
Command * READ TEMPERATURE - #104,11*835f
 * 12-08-2024 15:55:27.825
Response  - 104,11,F000,31*248c * 12-08-2024 15:55:27.989
Command * READ TEMPERATURE - #105,11*7f5e
 * 12-08-2024 15:55:28.888
Response  - 105,11,F000,31*e771 * 12-08-2024 15:55:29.55
Command * READ TEMPERATURE - #106,11*3b5e
 * 12-08-2024 15:55:29.952
Response  - 106,11,F000,30*23b4 * 12-08-2024 15:55:30.116
Command * READ TEMPERATURE - #107,11*c75f
 * 12-08-2024 15:55:31.8
Response  - 107,11,F000,31*2088 * 12-08-2024 15:55:31.175
Command * READ TEMPERATURE - #108,11*d35c
 * 12-08-2024 15:55:32.67
Response  - 108,11,F000,31*349c * 12-08-2024 15:55:32.231
Command * READ TEMPERATURE - #109,11*2f5d
 * 12-08-2024 15:55:33.125
Response  - 109,11,F000,31*f761 * 12-08-2024 15:55:33.291
Command * READ TEMPERATURE - #110,11*7363
 * 12-08-2024 15:55:34.184
Response  - 110,11,F000,31*6a7f * 12-08-2024 15:55:34.350
Command * READ TEMPERATURE - #111,11*8f62
 * 12-08-2024 15:55:35.240
Response  - 111,11,F000,30*6943 * 12-08-2024 15:55:35.407
Command * READ TEMPERATURE - #112,11*cb62
 * 12-08-2024 15:55:36.295
Response  - 112,11,F000,31*ad86 * 12-08-2024 15:55:36.463
Command * READ TEMPERATURE - #113,11*3763
 * 12-08-2024 15:55:37.350
Response  - 113,11,F000,31*6e7b * 12-08-2024 15:55:37.511
Command * READ TEMPERATURE - #114,11*4362
 * 12-08-2024 15:55:38.404
Response  - 114,11,F000,31*a58e * 12-08-2024 15:55:38.571
Command * READ TEMPERATURE - #115,11*bf63
 * 12-08-2024 15:55:39.460
Response  - 115,11,F000,30*a6b2 * 12-08-2024 15:55:39.617
Command * READ TEMPERATURE - #116,11*fb63
 * 12-08-2024 15:55:40.524
Response  - 116,11,F000,30*a2b6 * 12-08-2024 15:55:40.689
Command * READ TEMPERATURE - #117,11*0762
 * 12-08-2024 15:55:41.584
Response  - 117,11,F000,30*614b * 12-08-2024 15:55:41.751
Command * READ TEMPERATURE - #118,11*1361
 * 12-08-2024 15:55:42.654
Response  - 118,11,F000,31*b59e * 12-08-2024 15:55:42.820
Command * READ TEMPERATURE - #119,11*ef60
 * 12-08-2024 15:55:43.712
Response  - 119,11,F000,31*7663 * 12-08-2024 15:55:43.880
Command * READ TEMPERATURE - #120,11*7327
 * 12-08-2024 15:55:44.773
Response  - 120,11,F000,31*a97a * 12-08-2024 15:55:44.937
Command * READ TEMPERATURE - #121,11*8f26
 * 12-08-2024 15:55:45.844
Response  - 121,11,F000,31*6a87 * 12-08-2024 15:55:46.12
Command * READ TEMPERATURE - #122,11*cb26
 * 12-08-2024 15:55:46.899
Response  - 122,11,F000,31*6e83 * 12-08-2024 15:55:47.55
Command * READ TEMPERATURE - #123,11*3727
 * 12-08-2024 15:55:47.966
Response  - 123,11,F000,31*ad7e * 12-08-2024 15:55:48.129
Command * READ TEMPERATURE - #124,11*4326
 * 12-08-2024 15:55:49.25
Response  - 124,11,F000,31*668b * 12-08-2024 15:55:49.190
Command * READ TEMPERATURE - #125,11*bf27
 * 12-08-2024 15:55:50.95
Response  - 125,11,F000,31*a576 * 12-08-2024 15:55:50.259
Command * READ TEMPERATURE - #126,11*fb27
 * 12-08-2024 15:55:51.150
Response  - 126,11,F000,31*a172 * 12-08-2024 15:55:51.318
Command * READ TEMPERATURE - #127,11*0726
 * 12-08-2024 15:55:52.223
Response  - 127,11,F000,31*628f * 12-08-2024 15:55:52.389
Command * READ TEMPERATURE - #128,11*1325
 * 12-08-2024 15:55:53.285
Response  - 128,11,F000,31*769b * 12-08-2024 15:55:53.447
Command * READ TEMPERATURE - #129,11*ef24
 * 12-08-2024 15:55:54.334
Response  - 129,11,F000,31*b566 * 12-08-2024 15:55:54.497
Command * READ TEMPERATURE - #130,11*b31a
 * 12-08-2024 15:55:55.395
Response  - 130,11,F000,31*2878 * 12-08-2024 15:55:55.558
Command * READ TEMPERATURE - #131,11*4f1b
 * 12-08-2024 15:55:56.447
Response  - 131,11,F000,31*eb85 * 12-08-2024 15:55:56.606
Command * READ TEMPERATURE - #132,11*0b1b
 * 12-08-2024 15:55:57.515
Response  - 132,11,F000,32*eec1 * 12-08-2024 15:55:57.680
Command * READ TEMPERATURE - #133,11*f71a
 * 12-08-2024 15:55:58.569
Response  - 133,11,F000,31*2c7c * 12-08-2024 15:55:58.737
Command * READ TEMPERATURE - #134,11*831b
 * 12-08-2024 15:55:59.633
Response  - 134,11,F000,31*e789 * 12-08-2024 15:55:59.800
Command * READ TEMPERATURE - #135,11*7f1a
 * 12-08-2024 15:56:00.704
Response  - 135,11,F000,31*2474 * 12-08-2024 15:56:00.869
Command * READ TEMPERATURE - #136,11*3b1a
 * 12-08-2024 15:56:01.766
Response  - 136,11,F000,31*2070 * 12-08-2024 15:56:01.930
Command * READ TEMPERATURE - #137,11*c71b
 * 12-08-2024 15:56:02.825
Response  - 137,11,F000,31*e38d * 12-08-2024 15:56:02.994
Command * READ TEMPERATURE - #138,11*d318
 * 12-08-2024 15:56:03.882
Response  - 138,11,F000,31*f799 * 12-08-2024 15:56:04.40
Command * READ TEMPERATURE - #139,11*2f19
 * 12-08-2024 15:56:04.946
Response  - 139,11,F000,31*3464 * 12-08-2024 15:56:05.112
Command * READ TEMPERATURE - #140,11*73af
 * 12-08-2024 15:56:06.7
Response  - 140,11,F000,31*6f73 * 12-08-2024 15:56:06.165
Command * READ TEMPERATURE - #141,11*8fae
 * 12-08-2024 15:56:07.72
Response  - 141,11,F000,31*ac8e * 12-08-2024 15:56:07.240
Command * READ TEMPERATURE - #142,11*cbae
 * 12-08-2024 15:56:08.132
Response  - 142,11,F000,32*a9ca * 12-08-2024 15:56:08.298
Command * READ TEMPERATURE - #143,11*37af
 * 12-08-2024 15:56:09.194
Response  - 143,11,F000,31*6b77 * 12-08-2024 15:56:09.361
Command * READ TEMPERATURE - #144,11*43ae
 * 12-08-2024 15:56:10.263
Response  - 144,11,F000,31*a082 * 12-08-2024 15:56:10.428
Command * READ TEMPERATURE - #145,11*bfaf
 * 12-08-2024 15:56:11.322
Response  - 145,11,F000,31*637f * 12-08-2024 15:56:11.487
Command * READ TEMPERATURE - #146,11*fbaf
 * 12-08-2024 15:56:12.390
Response  - 146,11,F000,31*677b * 12-08-2024 15:56:12.555
Command * READ TEMPERATURE - #147,11*07ae
 * 12-08-2024 15:56:13.447
Response  - 147,11,F000,31*a486 * 12-08-2024 15:56:13.610
Command * READ TEMPERATURE - #148,11*13ad
 * 12-08-2024 15:56:14.512
Response  - 148,11,F000,31*b092 * 12-08-2024 15:56:14.682
Command * READ TEMPERATURE - #149,11*efac
 * 12-08-2024 15:56:15.571
Response  - 149,11,F000,31*736f * 12-08-2024 15:56:15.730
Command * READ TEMPERATURE - #150,11*b392
 * 12-08-2024 15:56:16.637
Response  - 150,11,F000,31*ee71 * 12-08-2024 15:56:16.801
Command * READ TEMPERATURE - #151,11*4f93
 * 12-08-2024 15:56:17.699
Response  - 151,11,F000,31*2d8c * 12-08-2024 15:56:17.863
Command * READ TEMPERATURE - #152,11*0b93
 * 12-08-2024 15:56:18.767
Response  - 152,11,F000,31*2988 * 12-08-2024 15:56:18.932
Command * READ TEMPERATURE - #153,11*f792
 * 12-08-2024 15:56:19.825
Response  - 153,11,F000,30*2ab4 * 12-08-2024 15:56:19.992
Command * READ TEMPERATURE - #154,11*8393
 * 12-08-2024 15:56:20.886
Response  - 154,11,F000,31*2180 * 12-08-2024 15:56:21.52
Command * READ TEMPERATURE - #155,11*7f92
 * 12-08-2024 15:56:21.945
Response  - 155,11,F000,31*e27d * 12-08-2024 15:56:22.115
Command * READ TEMPERATURE - #156,11*3b92
 * 12-08-2024 15:56:23.6
Response  - 156,11,F000,31*e679 * 12-08-2024 15:56:23.169
Command * READ TEMPERATURE - #157,11*c793
 * 12-08-2024 15:56:24.72
Response  - 157,11,F000,31*2584 * 12-08-2024 15:56:24.242
Command * READ TEMPERATURE - #158,11*d390
 * 12-08-2024 15:56:25.134
Response  - 158,11,F000,31*3190 * 12-08-2024 15:56:25.300
Command * READ TEMPERATURE - #159,11*2f91
 * 12-08-2024 15:56:26.207
Response  - 159,11,F000,31*f26d * 12-08-2024 15:56:26.371
Command * READ TEMPERATURE - #160,11*b3d6
 * 12-08-2024 15:56:27.262
Response  - 160,11,F000,31*2d74 * 12-08-2024 15:56:27.432
Command * READ TEMPERATURE - #161,11*4fd7
 * 12-08-2024 15:56:28.326
Response  - 161,11,F000,31*ee89 * 12-08-2024 15:56:28.493
Command * READ TEMPERATURE - #162,11*0bd7
 * 12-08-2024 15:56:29.397
Response  - 162,11,F000,31*ea8d * 12-08-2024 15:56:29.562
Command * READ TEMPERATURE - #163,11*f7d6
 * 12-08-2024 15:56:30.443
Response  - 163,11,F000,31*2970 * 12-08-2024 15:56:30.608
Command * READ TEMPERATURE - #164,11*83d7
 * 12-08-2024 15:56:31.501
Response  - 164,11,F000,31*e285 * 12-08-2024 15:56:31.668
Command * READ TEMPERATURE - #165,11*7fd6
 * 12-08-2024 15:56:32.555
Response  - 165,11,F000,31*2178 * 12-08-2024 15:56:32.725
Command * READ TEMPERATURE - #166,11*3bd6
 * 12-08-2024 15:56:33.619
Response  - 166,11,F000,31*257c * 12-08-2024 15:56:33.785
Command * READ TEMPERATURE - #167,11*c7d7
 * 12-08-2024 15:56:34.678
Response  - 167,11,F000,31*e681 * 12-08-2024 15:56:34.842
Command * READ TEMPERATURE - #168,11*d3d4
 * 12-08-2024 15:56:35.745
Response  - 168,11,F000,31*f295 * 12-08-2024 15:56:35.912
Command * READ TEMPERATURE - #169,11*2fd5
 * 12-08-2024 15:56:36.802
Response  - 169,11,F000,31*3168 * 12-08-2024 15:56:36.969
Command * READ TEMPERATURE - #170,11*73eb
 * 12-08-2024 15:56:37.863
Response  - 170,11,F000,31*ac76 * 12-08-2024 15:56:38.31
Command * READ TEMPERATURE - #171,11*8fea
 * 12-08-2024 15:56:38.922
Response  - 171,11,F000,32*6ecb * 12-08-2024 15:56:39.87
Command * READ TEMPERATURE - #172,11*cbea
 * 12-08-2024 15:56:39.982
Response  - 172,11,F000,31*6b8f * 12-08-2024 15:56:40.151
Command * READ TEMPERATURE - #173,11*37eb
 * 12-08-2024 15:56:41.40
Response  - 173,11,F000,31*a872 * 12-08-2024 15:56:41.205
Command * READ TEMPERATURE - #174,11*43ea
 * 12-08-2024 15:56:42.98
Response  - 174,11,F000,31*6387 * 12-08-2024 15:56:42.267
Command * READ TEMPERATURE - #175,11*bfeb
 * 12-08-2024 15:56:43.154
Response  - 175,11,F000,31*a07a * 12-08-2024 15:56:43.323
Command * READ TEMPERATURE - #176,11*fbeb
 * 12-08-2024 15:56:44.223
Response  - 176,11,F000,31*a47e * 12-08-2024 15:56:44.387
Command * READ TEMPERATURE - #177,11*07ea
 * 12-08-2024 15:56:45.282
Response  - 177,11,F000,32*66c3 * 12-08-2024 15:56:45.448
Command * READ TEMPERATURE - #178,11*13e9
 * 12-08-2024 15:56:46.341
Response  - 178,11,F000,31*7397 * 12-08-2024 15:56:46.508
Command * READ TEMPERATURE - #179,11*efe8
 * 12-08-2024 15:56:47.402
Response  - 179,11,F000,31*b06a * 12-08-2024 15:56:47.566
Command * READ TEMPERATURE - #180,11*72bf
 * 12-08-2024 15:56:48.463
Response  - 180,11,F000,32*a222 * 12-08-2024 15:56:48.628
Command * READ TEMPERATURE - #181,11*8ebe
 * 12-08-2024 15:56:49.521
Response  - 181,11,F000,31*609f * 12-08-2024 15:56:49.689
Command * READ TEMPERATURE - #182,11*cabe
 * 12-08-2024 15:56:50.574
Response  - 182,11,F000,32*65db * 12-08-2024 15:56:50.738
Command * READ TEMPERATURE - #183,11*36bf
 * 12-08-2024 15:56:51.641
Response  - 183,11,F000,31*a766 * 12-08-2024 15:56:51.810
Command * READ TEMPERATURE - #184,11*42be
 * 12-08-2024 15:56:52.703
Response  - 184,11,F000,31*6c93 * 12-08-2024 15:56:52.866
Command * READ TEMPERATURE - #185,11*bebf
 * 12-08-2024 15:56:53.760
Response  - 185,11,F000,31*af6e * 12-08-2024 15:56:53.924
Command * READ TEMPERATURE - #186,11*fabf
 * 12-08-2024 15:56:54.833
Response  - 186,11,F000,31*ab6a * 12-08-2024 15:56:54.998
Command * READ TEMPERATURE - #187,11*06be
 * 12-08-2024 15:56:55.883
Response  - 187,11,F000,30*a856 * 12-08-2024 15:56:56.43
Command * READ TEMPERATURE - #188,11*12bd
 * 12-08-2024 15:56:56.948
Response  - 188,11,F000,31*7c83 * 12-08-2024 15:56:57.104
Command * READ TEMPERATURE - #189,11*eebc
 * 12-08-2024 15:56:58.6
Response  - 189,11,F000,31*bf7e * 12-08-2024 15:56:58.171
Command * READ TEMPERATURE - #190,11*b282
 * 12-08-2024 15:56:59.76
Response  - 190,11,F000,32*2320 * 12-08-2024 15:56:59.240
Command * READ TEMPERATURE - #191,11*4e83
 * 12-08-2024 15:57:00.131
Response  - 191,11,F000,31*e19d * 12-08-2024 15:57:00.299
Command * READ TEMPERATURE - #192,11*0a83
 * 12-08-2024 15:57:01.176
Response  - 192,11,F000,31*e599 * 12-08-2024 15:57:01.345
Command * READ TEMPERATURE - #193,11*f682
 * 12-08-2024 15:57:02.233
Response  - 193,11,F000,31*2664 * 12-08-2024 15:57:02.399
Command * READ TEMPERATURE - #194,11*8283
 * 12-08-2024 15:57:03.295
Response  - 194,11,F000,31*ed91 * 12-08-2024 15:57:03.460
Command * READ TEMPERATURE - #195,11*7e82
 * 12-08-2024 15:57:04.349
Response  - 195,11,F000,32*2f2c * 12-08-2024 15:57:04.516
Command * READ TEMPERATURE - #196,11*3a82
 * 12-08-2024 15:57:05.395
Response  - 196,11,F000,31*2a68 * 12-08-2024 15:57:05.561
Command * READ TEMPERATURE - #197,11*c683
 * 12-08-2024 15:57:06.453
Response  - 197,11,F000,31*e995 * 12-08-2024 15:57:06.619
Command * READ TEMPERATURE - #198,11*d280
 * 12-08-2024 15:57:07.519
Response  - 198,11,F000,31*fd81 * 12-08-2024 15:57:07.685
Command * READ TEMPERATURE - #199,11*2e81
 * 12-08-2024 15:57:08.576
Response  - 199,11,F000,31*3e7c * 12-08-2024 15:57:08.738
Command * READ TEMPERATURE - #200,11*805e
 * 12-08-2024 15:57:09.630
Response  - 200,11,F000,31*e87e * 12-08-2024 15:57:09.797
Command * READ TEMPERATURE - #201,11*7c5f
 * 12-08-2024 15:57:10.679
Response  - 201,11,F000,31*2b83 * 12-08-2024 15:57:10.840
Command * READ TEMPERATURE - #202,11*385f
 * 12-08-2024 15:57:11.747
Response  - 202,11,F000,31*2f87 * 12-08-2024 15:57:11.904
Command * READ TEMPERATURE - #203,11*c45e
 * 12-08-2024 15:57:12.812
Response  - 203,11,F000,31*ec7a * 12-08-2024 15:57:12.977
Command * READ TEMPERATURE - #204,11*b05f
 * 12-08-2024 15:57:13.869
Response  - 204,11,F000,31*278f * 12-08-2024 15:57:14.33
Command * READ TEMPERATURE - #205,11*4c5e
 * 12-08-2024 15:57:14.932
Response  - 205,11,F000,32*e532 * 12-08-2024 15:57:15.96
Command * READ TEMPERATURE - #206,11*085e
 * 12-08-2024 15:57:15.992
Response  - 206,11,F000,31*e076 * 12-08-2024 15:57:16.161
Command * READ TEMPERATURE - #207,11*f45f
 * 12-08-2024 15:57:17.63
Response  - 207,11,F000,31*238b * 12-08-2024 15:57:17.232
Command * READ TEMPERATURE - #208,11*e05c
 * 12-08-2024 15:57:18.115
Response  - 208,11,F000,31*379f * 12-08-2024 15:57:18.282
Command * READ TEMPERATURE - #209,11*1c5d
 * 12-08-2024 15:57:19.167
Response  - 209,11,F000,31*f462 * 12-08-2024 15:57:19.335
Command * READ TEMPERATURE - #210,11*4063
 * 12-08-2024 15:57:20.229
Response  - 210,11,F000,31*697c * 12-08-2024 15:57:20.395
Command * READ TEMPERATURE - #211,11*bc62
 * 12-08-2024 15:57:21.289
Response  - 211,11,F000,31*aa81 * 12-08-2024 15:57:21.453
Command * READ TEMPERATURE - #212,11*f862
 * 12-08-2024 15:57:22.350
Response  - 212,11,F000,31*ae85 * 12-08-2024 15:57:22.511
Command * READ TEMPERATURE - #213,11*0463
 * 12-08-2024 15:57:23.407
Response  - 213,11,F000,31*6d78 * 12-08-2024 15:57:23.572
Command * READ TEMPERATURE - #214,11*7062
 * 12-08-2024 15:57:24.466
Response  - 214,11,F000,31*a68d * 12-08-2024 15:57:24.633
Command * READ TEMPERATURE - #215,11*8c63
 * 12-08-2024 15:57:25.524
Response  - 215,11,F000,31*6570 * 12-08-2024 15:57:25.691
Command * READ TEMPERATURE - #216,11*c863
 * 12-08-2024 15:57:26.593
Response  - 216,11,F000,31*6174 * 12-08-2024 15:57:26.760
Command * READ TEMPERATURE - #217,11*3462
 * 12-08-2024 15:57:27.653
Response  - 217,11,F000,32*a3c9 * 12-08-2024 15:57:27.822
Command * READ TEMPERATURE - #218,11*2061
 * 12-08-2024 15:57:28.713
Response  - 218,11,F000,32*b7dd * 12-08-2024 15:57:28.879
Command * READ TEMPERATURE - #219,11*dc60
 * 12-08-2024 15:57:29.773
Response  - 219,11,F000,32*7420 * 12-08-2024 15:57:29.940
Command * READ TEMPERATURE - #220,11*4027
 * 12-08-2024 15:57:30.833
Response  - 220,11,F000,31*aa79 * 12-08-2024 15:57:30.999
Command * READ TEMPERATURE - #221,11*bc26
 * 12-08-2024 15:57:31.891
Response  - 221,11,F000,32*68c4 * 12-08-2024 15:57:32.57
Command * READ TEMPERATURE - #222,11*f826
 * 12-08-2024 15:57:32.946
Response  - 222,11,F000,32*6cc0 * 12-08-2024 15:57:33.112
Command * READ TEMPERATURE - #223,11*0427
 * 12-08-2024 15:57:34.18
Response  - 223,11,F000,31*ae7d * 12-08-2024 15:57:34.184
Command * READ TEMPERATURE - #224,11*7026
 * 12-08-2024 15:57:35.72
Response  - 224,11,F000,31*6588 * 12-08-2024 15:57:35.239
Command * READ TEMPERATURE - #225,11*8c27
 * 12-08-2024 15:57:36.139
Response  - 225,11,F000,32*a735 * 12-08-2024 15:57:36.308
Command * READ TEMPERATURE - #226,11*c827
 * 12-08-2024 15:57:37.198
Response  - 226,11,F000,31*a271 * 12-08-2024 15:57:37.392
Command * READ TEMPERATURE - #227,11*3426
 * 12-08-2024 15:57:38.290
Response  - 227,11,F000,30*a14d * 12-08-2024 15:57:38.460
Command * READ TEMPERATURE - #228,11*2025
 * 12-08-2024 15:57:39.355
Response  - 228,11,F000,31*7598 * 12-08-2024 15:57:39.511
Command * READ TEMPERATURE - #229,11*dc24
 * 12-08-2024 15:57:40.416
Response  - 229,11,F000,31*b665 * 12-08-2024 15:57:40.581
Command * READ TEMPERATURE - #230,11*801a
 * 12-08-2024 15:57:41.485
Response  - 230,11,F000,31*2b7b * 12-08-2024 15:57:41.653
Command * READ TEMPERATURE - #231,11*7c1b
 * 12-08-2024 15:57:42.540
Response  - 231,11,F000,31*e886 * 12-08-2024 15:57:42.704
Command * READ TEMPERATURE - #232,11*381b
 * 12-08-2024 15:57:43.611
Response  - 232,11,F000,31*ec82 * 12-08-2024 15:57:43.775
Command * READ TEMPERATURE - #233,11*c41a
 * 12-08-2024 15:57:44.671
Response  - 233,11,F000,31*2f7f * 12-08-2024 15:57:44.836
Command * READ TEMPERATURE - #234,11*b01b
 * 12-08-2024 15:57:45.732
Response  - 234,11,F000,30*244b * 12-08-2024 15:57:45.899
Command * READ TEMPERATURE - #235,11*4c1a
 * 12-08-2024 15:57:46.791
Response  - 235,11,F000,31*2777 * 12-08-2024 15:57:46.958
Command * READ TEMPERATURE - #236,11*081a
 * 12-08-2024 15:57:47.854
Response  - 236,11,F000,31*2373 * 12-08-2024 15:57:48.19
Command * READ TEMPERATURE - #237,11*f41b
 * 12-08-2024 15:57:48.913
Response  - 237,11,F000,31*e08e * 12-08-2024 15:57:49.78
Command * READ TEMPERATURE - #238,11*e018
 * 12-08-2024 15:57:49.974
Response  - 238,11,F000,31*f49a * 12-08-2024 15:57:50.140
Command * READ TEMPERATURE - #239,11*1c19
 * 12-08-2024 15:57:51.20
Response  - 239,11,F000,31*3767 * 12-08-2024 15:57:51.187
Command * READ TEMPERATURE - #240,11*40af
 * 12-08-2024 15:57:52.81
Response  - 240,11,F000,31*6c70 * 12-08-2024 15:57:52.247
Command * READ TEMPERATURE - #241,11*bcae
 * 12-08-2024 15:57:53.133
Response  - 241,11,F000,31*af8d * 12-08-2024 15:57:53.291
Command * READ TEMPERATURE - #242,11*f8ae
 * 12-08-2024 15:57:54.202
Response  - 242,11,F000,31*ab89 * 12-08-2024 15:57:54.364
Command * READ TEMPERATURE - #243,11*04af
 * 12-08-2024 15:57:55.260
Response  - 243,11,F000,31*6874 * 12-08-2024 15:57:55.425
Command * READ TEMPERATURE - #244,11*70ae
 * 12-08-2024 15:57:56.330
Response  - 244,11,F000,31*a381 * 12-08-2024 15:57:56.496
Command * READ TEMPERATURE - #245,11*8caf
 * 12-08-2024 15:57:57.388
Response  - 245,11,F000,31*607c * 12-08-2024 15:57:57.555
Command * READ TEMPERATURE - #246,11*c8af
 * 12-08-2024 15:57:58.447
Response  - 246,11,F000,31*6478 * 12-08-2024 15:57:58.616
Command * READ TEMPERATURE - #247,11*34ae
 * 12-08-2024 15:57:59.508
Response  - 247,11,F000,31*a785 * 12-08-2024 15:57:59.676
Command * READ TEMPERATURE - #248,11*20ad
 * 12-08-2024 15:58:00.577
Response  - 248,11,F000,31*b391 * 12-08-2024 15:58:00.741
Command * READ TEMPERATURE - #249,11*dcac
 * 12-08-2024 15:58:01.630
Response  - 249,11,F000,31*706c * 12-08-2024 15:58:01.801
Command * READ TEMPERATURE - #250,11*8092
 * 12-08-2024 15:58:02.680
Response  - 250,11,F000,31*ed72 * 12-08-2024 15:58:02.847
Command * READ TEMPERATURE - #251,11*7c93
 * 12-08-2024 15:58:03.754
Response  - 251,11,F000,31*2e8f * 12-08-2024 15:58:03.921
Command * READ TEMPERATURE - #252,11*3893
 * 12-08-2024 15:58:04.811
Response  - 252,11,F000,32*2bcb * 12-08-2024 15:58:04.976
Command * READ TEMPERATURE - #253,11*c492
 * 12-08-2024 15:58:05.872
Response  - 253,11,F000,31*e976 * 12-08-2024 15:58:06.37
Command * READ TEMPERATURE - #254,11*b093
 * 12-08-2024 15:58:06.932
Response  - 254,11,F000,32*23c3 * 12-08-2024 15:58:07.99
Command * READ TEMPERATURE - #255,11*4c92
 * 12-08-2024 15:58:07.990
Response  - 255,11,F000,31*e17e * 12-08-2024 15:58:08.160
Command * READ TEMPERATURE - #0,11*a91a
 * 12-08-2024 15:58:09.46
Response  - 0,11,F000,31*e9c3 * 12-08-2024 15:58:09.214
Command * READ TEMPERATURE - #1,11*551b
 * 12-08-2024 15:58:10.107
Response  - 1,11,F000,31*2a3e * 12-08-2024 15:58:10.269
Command * READ TEMPERATURE - #2,11*111b
 * 12-08-2024 15:58:11.163
Response  - 2,11,F000,31*2e3a * 12-08-2024 15:58:11.330
Command * READ TEMPERATURE - #3,11*ed1a
 * 12-08-2024 15:58:12.220
Response  - 3,11,F000,31*edc7 * 12-08-2024 15:58:12.384
Command * READ TEMPERATURE - #4,11*991b
 * 12-08-2024 15:58:13.283
Response  - 4,11,F000,31*2632 * 12-08-2024 15:58:13.448
Command * READ TEMPERATURE - #5,11*651a
 * 12-08-2024 15:58:14.338
Response  - 5,11,F000,31*e5cf * 12-08-2024 15:58:14.508
Command * READ TEMPERATURE - #6,11*211a
 * 12-08-2024 15:58:15.398
Response  - 6,11,F000,31*e1cb * 12-08-2024 15:58:15.564
Command * READ TEMPERATURE - #7,11*dd1b
 * 12-08-2024 15:58:16.462
Response  - 7,11,F000,31*2236 * 12-08-2024 15:58:16.620
Command * READ TEMPERATURE - #8,11*c918
 * 12-08-2024 15:58:17.530
Response  - 8,11,F000,31*3622 * 12-08-2024 15:58:17.695
Command * READ TEMPERATURE - #9,11*3519
 * 12-08-2024 15:58:18.590
Response  - 9,11,F000,31*f5df * 12-08-2024 15:58:18.757
Command * READ TEMPERATURE - #10,11*4943
 * 12-08-2024 15:58:19.650
Response  - 10,11,F000,30*b126 * 12-08-2024 15:58:19.817
Command * READ TEMPERATURE - #11,11*b542
 * 12-08-2024 15:58:20.722
Response  - 11,11,F000,30*72db * 12-08-2024 15:58:20.886
Command * READ TEMPERATURE - #12,11*f142
 * 12-08-2024 15:58:21.775
Response  - 12,11,F000,30*76df * 12-08-2024 15:58:21.942
Command * READ TEMPERATURE - #13,11*0d43
 * 12-08-2024 15:58:22.835
Response  - 13,11,F000,30*b522 * 12-08-2024 15:58:22.999
Command * HEATER OFF - #14,12,0*961d
 * 12-08-2024 15:58:23.899
Response  - 14,12,F000*f5f1 * 12-08-2024 15:58:24.64
Command * HEATER DOOR OPEN - #15,8,1,1*f2c5
 * 12-08-2024 15:58:24.768
Response  - 15,8,I001*712b * 12-08-2024 15:58:24.939
Response  - 15,8,F000*a5e9 * 12-08-2024 15:58:25.265
Rack - 1Protocol Started * 12-08-2024 15:58:25.842
Command * Rack-1 Picked from H1 - #16,2,1,2688,1000,0,1*8bd2
 * 12-08-2024 15:58:25.918
Response  - 16,2,I001,1*b073 * 12-08-2024 15:58:26.90
Response  - 16,2,F000,1*8f22 * 12-08-2024 15:58:32.536
Command * HEATER DOOR CLOSE - #17,8,1,0*f227
 * 12-08-2024 15:58:33.6
Response  - 17,8,I001*a8aa * 12-08-2024 15:58:33.174
Response  - 17,8,F000*7c68 * 12-08-2024 15:58:33.502
Command * Rack-1 Placed in J1 - #18,3,1,10304,800,0,0*6262
 * 12-08-2024 15:58:33.587
Response  - 18,3,I001,1*89d3 * 12-08-2024 15:58:33.748
Response  - 18,3,F000,1*b682 * 12-08-2024 15:58:39.876
Command * READ TEMPERATURE - #19,11*d540
 * 12-08-2024 15:58:43.895
Response  - 19,11,F000,30*ad3a * 12-08-2024 15:58:44.66
Command * WATER VALVE -  CONTROL OFF - #20,13,,0*f45a
 * 12-08-2024 16:03:40.968
Response  - 20,13,F004*2833 * 12-08-2024 16:03:41.200
Command * Rack-1 Picked from J1 - #21,2,1,10304,800,0,0*5ca8
 * 12-08-2024 16:03:41.885
Response  - 21,2,I001,1*2ecd * 12-08-2024 16:03:42.49
Response  - 21,2,F000,1*119c * 12-08-2024 16:03:47.187
Command * Rack-1 Placed in J2 - #22,3,1,13934,800 ,0,0*6d84
 * 12-08-2024 16:03:47.500
Response  - 22,3,I001,1*edfc * 12-08-2024 16:03:47.668
Response  - 22,3,F000,1*d2ad * 12-08-2024 16:03:53.330
Command * READ TEMPERATURE - #23,11*0d07
 * 12-08-2024 16:03:58.202
Response  - 23,11,F000,30*7627 * 12-08-2024 16:03:58.369
Command * HEATER OFF - #24,12,0*962e
 * 12-08-2024 16:03:59.264
Response  - 24,12,F000*fa01 * 12-08-2024 16:03:59.427
Command * HEATER DOOR OPEN - #25,8,1,1*e785
 * 12-08-2024 16:04:00.130
Response  - 25,8,I001*813f * 12-08-2024 16:04:00.300
Response  - 25,8,F000*55fd * 12-08-2024 16:04:00.626
Rack - 2Protocol Started * 12-08-2024 16:04:01.204
Command * Rack-2 Picked from H2 - #26,2,1,2688,8700,0,1*1220
 * 12-08-2024 16:04:01.256
Response  - 26,2,I001,1*f47c * 12-08-2024 16:04:01.424
Response  - 26,2,F000,1*cb2d * 12-08-2024 16:04:07.967
Command * HEATER DOOR CLOSE - #27,8,1,0*e767
 * 12-08-2024 16:04:08.359
Response  - 27,8,I001*58be * 12-08-2024 16:04:08.526
Response  - 27,8,F000*8c7c * 12-08-2024 16:04:08.855
Command * Rack-2 Placed in J1 - #28,3,1,10304,800,0,0*5126
 * 12-08-2024 16:04:08.939
Response  - 28,3,I001,1*cddc * 12-08-2024 16:04:09.103
Response  - 28,3,F000,1*f28d * 12-08-2024 16:04:15.233
Command * READ TEMPERATURE - #29,11*d504
 * 12-08-2024 16:04:19.241
Response  - 29,11,F000,30*6e3f * 12-08-2024 16:04:19.410
Command * WATER VALVE -  CONTROL OFF - #30,13,,0*389b
 * 12-08-2024 16:08:55.301
Response  - 30,13,F004*ed62 * 12-08-2024 16:08:55.511
Command * Rack-1 Picked from J2 - #31,2,1,13934,800 ,0,0*7381
 * 12-08-2024 16:08:56.190
Response  - 31,2,I001,1*d2c9 * 12-08-2024 16:08:56.354
Response  - 31,2,F000,1*ed98 * 12-08-2024 16:09:02.26
Command * Rack-1 Placed in J3 - #32,3,1,17564,800 ,0,0*e49b
 * 12-08-2024 16:09:02.362
Response  - 32,3,I001,1*11f8 * 12-08-2024 16:09:02.527
Response  - 32,3,F000,1*2ea9 * 12-08-2024 16:09:08.193
Command * READ TEMPERATURE - #33,11*cd3a
 * 12-08-2024 16:09:12.572
Device Intialization started * 12-08-2024 18:19:34.115
Command * Home Command - #0,5,11111111*757c
 * 12-08-2024 18:19:34.282
