Command * SET TEMPERATURE - #0,10,32*870a
 * 06-01-2025 15:24:53.990
CRC-Response  - 0,10,F000*1ae9 * 06-01-2025 15:24:54.116
Command * WATER VALVE - 1 CONTROL OFF - #1,13,1,0*bf2a
 * 06-01-2025 15:25:45.402
CRC-Response  - 1,13,F000*b9e4 * 06-01-2025 15:25:45.562
Command * WATER VALVE - 2 CONTROL OFF - #2,13,2,0*aa9a
 * 06-01-2025 15:25:46.114
CRC-Response  - 2,13,F000*49f0 * 06-01-2025 15:25:46.229
Command * WATER VALVE - 3 CONTROL OFF - #3,13,3,0*a60a
 * 06-01-2025 15:25:46.798
CRC-Response  - 3,13,F000*d9fd * 06-01-2025 15:25:46.912
Command * WATER VALVE - 4 CONTROL OFF - #4,13,4,0*81fa
 * 06-01-2025 15:25:47.461
CRC-Response  - 4,13,F000*e9db * 06-01-2025 15:25:47.576
Command * WATER VALVE - 5 CONTROL OFF - #5,13,5,0*8d6a
 * 06-01-2025 15:25:48.133
CRC-Response  - 5,13,F000*79d6 * 06-01-2025 15:25:48.432
Command * WATER VALVE - 6 CONTROL OFF - #6,13,6,0*98da
 * 06-01-2025 15:25:48.997
CRC-Response  - 6,13,F000*89c2 * 06-01-2025 15:25:49.114
Device Intialization started * 06-01-2025 17:01:24.215
Command * SET TEMPERATURE - #0,10,37*84ca
 * 06-01-2025 17:01:24.767
CRC-Response  - 0,10,F000*1ae9 * 06-01-2025 17:01:24.910
Command * WATER VALVE - 1 CONTROL ON - #1,13,1,1*7feb
 * 06-01-2025 17:01:26.768
CRC-Response  - 1,13,F000*b9e4 * 06-01-2025 17:01:31.887
Command * WATER VALVE - 2 CONTROL ON - #2,13,2,1*6a5b
 * 06-01-2025 17:01:32.331
CRC-Response  - 2,13,F000*49f0 * 06-01-2025 17:01:32.474
Command * WATER VALVE - 3 CONTROL ON - #3,13,3,1*66cb
 * 06-01-2025 17:01:33.24
CRC-Response  - 3,13,F000*d9fd * 06-01-2025 17:01:33.142
Command * WATER VALVE - 4 CONTROL ON - #4,13,4,1*413b
 * 06-01-2025 17:01:33.709
CRC-Response  - 4,13,F000*e9db * 06-01-2025 17:01:33.827
Command * WATER VALVE - 5 CONTROL ON - #5,13,5,1*4dab
 * 06-01-2025 17:01:34.380
CRC-Response  - 5,13,F000*79d6 * 06-01-2025 17:01:34.496
Command * WATER VALVE - 6 CONTROL ON - #6,13,6,1*581b
 * 06-01-2025 17:01:35.49
CRC-Response  - 6,13,F000*89c2 * 06-01-2025 17:01:35.163
Command * Home Command - #7,5,00100100*dea4
 * 06-01-2025 17:01:35.728
CRC-Response  - 7,5,I001,00100100*33ee * 06-01-2025 17:01:35.844
CRC-Response  - 7,5,F000*0b7a * 06-01-2025 17:01:35.847
Command * Home Command - #8,5,01111111*665c
 * 06-01-2025 17:01:38.415
CRC-Response  - 8,5,I001,01111111*6c37 * 06-01-2025 17:01:38.528
CRC-Response  - 8,5,F000*4b3a * 06-01-2025 17:01:51.86
Command * Home Command - #9,5,01111111*a5a1
 * 06-01-2025 17:01:53.641
CRC-Response  - 9,5,I001,01111111*fc66 * 06-01-2025 17:01:53.754
CRC-Response  - 9,5,F000*87fb * 06-01-2025 17:01:53.759
Command * Level Sensing For U1 - #10,4,61124,16380,0,0*9f4f
 * 06-01-2025 17:01:56.322
CRC-Response  - 10,4,I001*82eb * 06-01-2025 17:01:56.433
CRC-Response  - 10,4,F000,3411*4647 * 06-01-2025 17:02:00.586
U1 Value - 3411 * 06-01-2025 17:02:00.626
Command * Level Sensing For U2 - #11,4,57494,16380,0,0*bade
 * 06-01-2025 17:02:00.998
CRC-Response  - 11,4,I001*4e2a * 06-01-2025 17:02:01.114
CRC-Response  - 11,4,F000,3405*9445 * 06-01-2025 17:02:03.401
U2 Value - 3405 * 06-01-2025 17:02:03.429
Command * Level Sensing For U3 - #12,4,53864,16380,0,0*e29a
 * 06-01-2025 17:02:03.688
CRC-Response  - 12,4,I001*5b6a * 06-01-2025 17:02:03.805
CRC-Response  - 12,4,F000,3407*96c1 * 06-01-2025 17:02:06.99
U3 Value - 3407 * 06-01-2025 17:02:06.127
Command * Level Sensing For U4 - #13,4,50234,16380,0,0*1bb0
 * 06-01-2025 17:02:06.389
CRC-Response  - 13,4,I001*97ab * 06-01-2025 17:02:06.503
CRC-Response  - 13,4,F000,3394*8734 * 06-01-2025 17:02:08.800
U4 Value - 3394 * 06-01-2025 17:02:08.831
Command * Level Sensing For U5 - #14,4,46604,16380,0,0*e9c8
 * 06-01-2025 17:02:09.56
CRC-Response  - 14,4,I001*71ea * 06-01-2025 17:02:09.170
CRC-Response  - 14,4,F000,3393*027e * 06-01-2025 17:02:11.451
U5 Value - 3393 * 06-01-2025 17:02:11.473
Command * Level Sensing For U6 - #15,4,42974,16380,0,0*1511
 * 06-01-2025 17:02:11.736
CRC-Response  - 15,4,I001*bd2b * 06-01-2025 17:02:11.851
CRC-Response  - 15,4,F000,3393*837c * 06-01-2025 17:02:14.150
U6 Value - 3393 * 06-01-2025 17:02:14.177
Command * Level Sensing For J1 - #16,4,10304,800,0,0*e5a2
 * 06-01-2025 17:02:14.408
CRC-Response  - 16,4,I001*a86b * 06-01-2025 17:02:14.521
CRC-Response  - 16,4,F000,3406*d20e * 06-01-2025 17:02:20.53
J1 Value - 3406 * 06-01-2025 17:02:20.82
Command * Level Sensing For J2 - #17,4,13934,800 ,0,0*59f9
 * 06-01-2025 17:02:20.617
CRC-Response  - 17,4,I001*64aa * 06-01-2025 17:02:20.731
CRC-Response  - 17,4,F000,3403*50cc * 06-01-2025 17:02:23.23
J2 Value - 3403 * 06-01-2025 17:02:23.55
Command * Level Sensing For J3 - #18,4,17564,800 ,0,0*16c5
 * 06-01-2025 17:02:23.292
CRC-Response  - 18,4,I001*24ea * 06-01-2025 17:02:23.411
CRC-Response  - 18,4,F000,3415*cd59 * 06-01-2025 17:02:25.706
J3 Value - 3415 * 06-01-2025 17:02:25.734
Command * Level Sensing For J4 - #19,4,21194,800 ,0,0*f45f
 * 06-01-2025 17:02:25.991
CRC-Response  - 19,4,I001*e82b * 06-01-2025 17:02:26.107
CRC-Response  - 19,4,F000,3413*4edb * 06-01-2025 17:02:28.401
J4 Value - 3413 * 06-01-2025 17:02:28.441
Command * Level Sensing For J5 - #20,4,24824,800 ,0,0*13fd
 * 06-01-2025 17:02:28.687
CRC-Response  - 20,4,I001*72ff * 06-01-2025 17:02:28.802
CRC-Response  - 20,4,F000,3423*74c5 * 06-01-2025 17:02:31.81
J5 Value - 3423 * 06-01-2025 17:02:31.113
Command * Level Sensing For J6 - #21,4,28454,800 ,0,0*47b7
 * 06-01-2025 17:02:31.352
CRC-Response  - 21,4,I001*be3e * 06-01-2025 17:02:31.467
CRC-Response  - 21,4,F000,3412*c506 * 06-01-2025 17:02:33.763
J6 Value - 3412 * 06-01-2025 17:02:33.792
Command * Level Sensing For J7 - #22,4,32084,800 ,0,0*ab95
 * 06-01-2025 17:02:34.68
CRC-Response  - 22,4,I001*ab7e * 06-01-2025 17:02:34.181
CRC-Response  - 22,4,F000,3402*9602 * 06-01-2025 17:02:36.481
J7 Value - 3402 * 06-01-2025 17:02:36.509
Command * Level Sensing For J8 - #23,4,35714,800 ,0,0*4714
 * 06-01-2025 17:02:36.765
CRC-Response  - 23,4,I001*67bf * 06-01-2025 17:02:36.872
CRC-Response  - 23,4,F000,3397*8577 * 06-01-2025 17:02:39.169
J8 Value - 3397 * 06-01-2025 17:02:39.197
Command * Level Sensing For J9 - #24,4,39344,800 ,0,0*fd54
 * 06-01-2025 17:02:39.443
CRC-Response  - 24,4,I001*81fe * 06-01-2025 17:02:39.559
CRC-Response  - 24,4,F000,3410*018b * 06-01-2025 17:02:41.851
J9 Value - 3410 * 06-01-2025 17:02:41.883
Command * Level Sensing For J10 - #25,4,53864,800 ,0,0*6ef5
 * 06-01-2025 17:02:42.141
CRC-Response  - 25,4,I001*4d3f * 06-01-2025 17:02:42.259
CRC-Response  - 25,4,F000,3401*d049 * 06-01-2025 17:02:45.755
J10 Value - 3401 * 06-01-2025 17:02:45.782
Command * Level Sensing For J11 - #26,4,57494,800 ,0,0*aa2b
 * 06-01-2025 17:02:45.857
CRC-Response  - 26,4,I001*587f * 06-01-2025 17:02:45.973
CRC-Response  - 26,4,F000,3390*423a * 06-01-2025 17:02:48.266
J11 Value - 3390 * 06-01-2025 17:02:48.295
Command * Level Sensing For J12 - #27,4,61124,800 ,0,0*bb59
 * 06-01-2025 17:02:48.545
CRC-Response  - 27,4,I001*94be * 06-01-2025 17:02:48.654
CRC-Response  - 27,4,F000,3396*c1b8 * 06-01-2025 17:02:50.954
J12 Value - 3396 * 06-01-2025 17:02:50.984
Command * Level Sensing For J13 - #28,4,64754,800 ,0,0*d574
 * 06-01-2025 17:02:51.213
CRC-Response  - 28,4,I001*d4fe * 06-01-2025 17:02:51.327
CRC-Response  - 28,4,F000,3356*cea9 * 06-01-2025 17:02:53.614
J13 Value - 3356 * 06-01-2025 17:02:53.645
Command * Level Sensing For J14 - #29,4,64754,8590,0,0*73b1
 * 06-01-2025 17:02:53.918
CRC-Response  - 29,4,I001*183f * 06-01-2025 17:02:54.34
CRC-Response  - 29,4,F000,3395*4eee * 06-01-2025 17:02:56.501
J14 Value - 3395 * 06-01-2025 17:02:56.533
Command * Level Sensing For J15 - #30,4,61124,8590,0,0*6841
 * 06-01-2025 17:02:56.601
CRC-Response  - 30,4,I001*e2f2 * 06-01-2025 17:02:56.717
CRC-Response  - 30,4,F000,3402*1505 * 06-01-2025 17:02:59.9
J15 Value - 3402 * 06-01-2025 17:02:59.41
Command * Level Sensing For J16 - #31,4,57494,8590,0,0*7933
 * 06-01-2025 17:02:59.316
CRC-Response  - 31,4,I001*2e33 * 06-01-2025 17:02:59.429
CRC-Response  - 31,4,F000,3391*04f0 * 06-01-2025 17:03:01.723
J16 Value - 3391 * 06-01-2025 17:03:01.752
Command * Level Sensing For J17 - #32,4,53864,8590,0,0*bded
 * 06-01-2025 17:03:01.979
CRC-Response  - 32,4,I001*3b73 * 06-01-2025 17:03:02.92
CRC-Response  - 32,4,F000,3396*05b4 * 06-01-2025 17:03:04.379
J17 Value - 3396 * 06-01-2025 17:03:04.407
Command * Level Sensing For J18 - #33,4,39344,8590,0,0*2e4c
 * 06-01-2025 17:03:04.681
CRC-Response  - 33,4,I001*f7b2 * 06-01-2025 17:03:04.797
CRC-Response  - 33,4,F000,3406*1501 * 06-01-2025 17:03:08.285
J18 Value - 3406 * 06-01-2025 17:03:08.313
Command * Level Sensing For J19 - #34,4,35714,8590,0,0*940c
 * 06-01-2025 17:03:08.381
CRC-Response  - 34,4,I001*11f3 * 06-01-2025 17:03:08.487
CRC-Response  - 34,4,F000,3392*00bc * 06-01-2025 17:03:10.783
J19 Value - 3392 * 06-01-2025 17:03:10.812
Command * Level Sensing For J20 - #35,4,32084,8590,0,0*788d
 * 06-01-2025 17:03:11.58
CRC-Response  - 35,4,I001*dd32 * 06-01-2025 17:03:11.171
CRC-Response  - 35,4,F000,3365*b3fa * 06-01-2025 17:03:13.462
J20 Value - 3365 * 06-01-2025 17:03:13.490
Command * Level Sensing For J21 - #36,4,28454,8590,0,0*94af
 * 06-01-2025 17:03:13.767
CRC-Response  - 36,4,I001*c872 * 06-01-2025 17:03:13.883
CRC-Response  - 36,4,F000,3394*403b * 06-01-2025 17:03:16.174
J21 Value - 3394 * 06-01-2025 17:03:16.201
Command * Level Sensing For J22 - #37,4,24824,8590,0,0*c0e5
 * 06-01-2025 17:03:16.432
CRC-Response  - 37,4,I001*04b3 * 06-01-2025 17:03:16.545
CRC-Response  - 37,4,F000,3408*558e * 06-01-2025 17:03:18.839
J22 Value - 3408 * 06-01-2025 17:03:18.860
Command * Level Sensing For J23 - #38,4,21194,8590,0,0*eae3
 * 06-01-2025 17:03:19.129
CRC-Response  - 38,4,I001*44f3 * 06-01-2025 17:03:19.241
CRC-Response  - 38,4,F000,3400*9c9b * 06-01-2025 17:03:21.529
J23 Value - 3400 * 06-01-2025 17:03:21.565
Command * Level Sensing For J24 - #39,4,17564,8590,0,0*0879
 * 06-01-2025 17:03:21.792
CRC-Response  - 39,4,I001*8832 * 06-01-2025 17:03:21.900
CRC-Response  - 39,4,F000,3401*dd58 * 06-01-2025 17:03:24.192
J24 Value - 3401 * 06-01-2025 17:03:24.229
Command * Level Sensing For J25 - #40,4,13934,8590,0,0*ba10
 * 06-01-2025 17:03:24.465
CRC-Response  - 40,4,I001*d2d4 * 06-01-2025 17:03:24.576
CRC-Response  - 40,4,F000,3406*1102 * 06-01-2025 17:03:26.871
J25 Value - 3406 * 06-01-2025 17:03:26.892
Device Intialization started * 06-01-2025 17:22:06.414
Command * SET TEMPERATURE - #0,10,37*84ca
 * 06-01-2025 17:22:06.609
CRC-Response  - 0,10,F000*1ae9 * 06-01-2025 17:22:06.759
Command * WATER VALVE - 1 CONTROL ON - #1,13,1,1*7feb
 * 06-01-2025 17:22:08.391
CRC-Response  - 1,13,F000*b9e4 * 06-01-2025 17:22:13.517
Command * WATER VALVE - 2 CONTROL ON - #2,13,2,1*6a5b
 * 06-01-2025 17:22:13.963
CRC-Response  - 2,13,F000*49f0 * 06-01-2025 17:22:14.74
Command * WATER VALVE - 3 CONTROL ON - #3,13,3,1*66cb
 * 06-01-2025 17:22:14.623
CRC-Response  - 3,13,F000*d9fd * 06-01-2025 17:22:14.738
Command * WATER VALVE - 4 CONTROL ON - #4,13,4,1*413b
 * 06-01-2025 17:22:15.291
CRC-Response  - 4,13,F000*e9db * 06-01-2025 17:22:15.407
Command * WATER VALVE - 5 CONTROL ON - #5,13,5,1*4dab
 * 06-01-2025 17:22:15.990
CRC-Response  - 5,13,F000*79d6 * 06-01-2025 17:22:16.104
Command * WATER VALVE - 6 CONTROL ON - #6,13,6,1*581b
 * 06-01-2025 17:22:16.654
CRC-Response  - 6,13,F000*89c2 * 06-01-2025 17:22:16.768
Command * Home Command - #7,5,00100100*dea4
 * 06-01-2025 17:22:17.328
CRC-Response  - 7,5,I001,00100100*33ee * 06-01-2025 17:22:17.433
CRC-Response  - 7,5,F000*0b7a * 06-01-2025 17:22:18.834
Command * Home Command - #8,5,01111111*665c
 * 06-01-2025 17:22:20.988
CRC-Response  - 8,5,I001,01111111*6c37 * 06-01-2025 17:22:21.103
CRC-Response  - 8,5,F000*4b3a * 06-01-2025 17:22:31.390
Command * Home Command - #9,5,01111111*a5a1
 * 06-01-2025 17:22:33.772
CRC-Response  - 9,5,I001,01111111*fc66 * 06-01-2025 17:22:33.885
CRC-Response  - 9,5,F000*87fb * 06-01-2025 17:22:33.891
Command * Level Sensing For U1 - #10,4,61124,16380,0,0*9f4f
 * 06-01-2025 17:22:36.458
CRC-Response  - 10,4,I001*82eb * 06-01-2025 17:22:36.564
CRC-Response  - 10,4,F000,3378*2135 * 06-01-2025 17:22:40.722
U1 Value - 3378 * 06-01-2025 17:22:40.766
Command * Level Sensing For U2 - #11,4,57494,16380,0,0*bade
 * 06-01-2025 17:22:41.133
CRC-Response  - 11,4,I001*4e2a * 06-01-2025 17:22:41.246
CRC-Response  - 11,4,F000,3373*6776 * 06-01-2025 17:22:43.532
U2 Value - 3373 * 06-01-2025 17:22:43.559
Command * Level Sensing For U3 - #12,4,53864,16380,0,0*e29a
 * 06-01-2025 17:22:43.807
CRC-Response  - 12,4,I001*5b6a * 06-01-2025 17:22:43.921
CRC-Response  - 12,4,F000,3372*64b2 * 06-01-2025 17:22:46.219
U3 Value - 3372 * 06-01-2025 17:22:46.247
Command * Level Sensing For U4 - #13,4,50234,16380,0,0*1bb0
 * 06-01-2025 17:22:46.521
CRC-Response  - 13,4,I001*97ab * 06-01-2025 17:22:46.639
CRC-Response  - 13,4,F000,3364*7731 * 06-01-2025 17:22:48.924
U4 Value - 3364 * 06-01-2025 17:22:48.954
Command * Level Sensing For U5 - #14,4,46604,16380,0,0*e9c8
 * 06-01-2025 17:22:49.213
CRC-Response  - 14,4,I001*71ea * 06-01-2025 17:22:49.327
CRC-Response  - 14,4,F000,3360*f33b * 06-01-2025 17:22:51.625
U5 Value - 3360 * 06-01-2025 17:22:51.655
Command * Level Sensing For U6 - #15,4,42974,16380,0,0*1511
 * 06-01-2025 17:22:51.886
CRC-Response  - 15,4,I001*bd2b * 06-01-2025 17:22:51.994
CRC-Response  - 15,4,F000,3357*4078 * 06-01-2025 17:22:54.288
U6 Value - 3357 * 06-01-2025 17:22:54.314
Command * Level Sensing For J1 - #16,4,10304,800,0,0*e5a2
 * 06-01-2025 17:22:54.546
CRC-Response  - 16,4,I001*a86b * 06-01-2025 17:22:54.662
CRC-Response  - 16,4,F000,3377*e37c * 06-01-2025 17:23:00.205
J1 Value - 3377 * 06-01-2025 17:23:00.226
Command * Level Sensing For J2 - #17,4,13934,800 ,0,0*59f9
 * 06-01-2025 17:23:00.756
CRC-Response  - 17,4,I001*64aa * 06-01-2025 17:23:00.871
CRC-Response  - 17,4,F000,3370*a03f * 06-01-2025 17:23:03.160
J2 Value - 3370 * 06-01-2025 17:23:03.191
Command * Level Sensing For J3 - #18,4,17564,800 ,0,0*16c5
 * 06-01-2025 17:23:03.433
CRC-Response  - 18,4,I001*24ea * 06-01-2025 17:23:03.549
CRC-Response  - 18,4,F000,3376*adab * 06-01-2025 17:23:05.832
J3 Value - 3376 * 06-01-2025 17:23:05.853
Command * Level Sensing For J4 - #19,4,21194,800 ,0,0*f45f
 * 06-01-2025 17:23:06.120
CRC-Response  - 19,4,I001*e82b * 06-01-2025 17:23:06.238
CRC-Response  - 19,4,F000,3384*1d2d * 06-01-2025 17:23:08.533
J4 Value - 3384 * 06-01-2025 17:23:08.565
Command * Level Sensing For J5 - #20,4,24824,800 ,0,0*13fd
 * 06-01-2025 17:23:08.816
CRC-Response  - 20,4,I001*72ff * 06-01-2025 17:23:08.936
CRC-Response  - 20,4,F000,3386*16b2 * 06-01-2025 17:23:11.225
J5 Value - 3386 * 06-01-2025 17:23:11.256
Command * Level Sensing For J6 - #21,4,28454,800 ,0,0*47b7
 * 06-01-2025 17:23:11.514
CRC-Response  - 21,4,I001*be3e * 06-01-2025 17:23:11.627
CRC-Response  - 21,4,F000,3383*9470 * 06-01-2025 17:23:13.921
J6 Value - 3383 * 06-01-2025 17:23:13.952
Command * Level Sensing For J7 - #22,4,32084,800 ,0,0*ab95
 * 06-01-2025 17:23:14.180
CRC-Response  - 22,4,I001*ab7e * 06-01-2025 17:23:14.295
CRC-Response  - 22,4,F000,3371*66f1 * 06-01-2025 17:23:16.590
J7 Value - 3371 * 06-01-2025 17:23:16.623
Command * Level Sensing For J8 - #23,4,35714,800 ,0,0*4714
 * 06-01-2025 17:23:16.880
CRC-Response  - 23,4,I001*67bf * 06-01-2025 17:23:16.993
CRC-Response  - 23,4,F000,3374*e433 * 06-01-2025 17:23:19.289
J8 Value - 3374 * 06-01-2025 17:23:19.321
Command * Level Sensing For J9 - #24,4,39344,800 ,0,0*fd54
 * 06-01-2025 17:23:19.578
CRC-Response  - 24,4,I001*81fe * 06-01-2025 17:23:19.694
CRC-Response  - 24,4,F000,3383*917c * 06-01-2025 17:23:21.989
J9 Value - 3383 * 06-01-2025 17:23:22.16
Command * Level Sensing For J10 - #25,4,53864,800 ,0,0*6ef5
 * 06-01-2025 17:23:22.246
CRC-Response  - 25,4,I001*4d3f * 06-01-2025 17:23:22.361
CRC-Response  - 25,4,F000,3375*e2fb * 06-01-2025 17:23:25.864
J10 Value - 3375 * 06-01-2025 17:23:25.886
Command * Level Sensing For J11 - #26,4,57494,800 ,0,0*aa2b
 * 06-01-2025 17:23:25.943
CRC-Response  - 26,4,I001*587f * 06-01-2025 17:23:31.49
CRC-Response  - 26,4,F000,3376*20be * 06-01-2025 17:23:31.52
J11 Value - 3376 * 06-01-2025 17:23:31.84
Command * Level Sensing For J12 - #27,4,61124,800 ,0,0*bb59
 * 06-01-2025 17:23:31.496
CRC-Response  - 27,4,I001*94be * 06-01-2025 17:23:31.603
CRC-Response  - 27,4,F000,3370*a33c * 06-01-2025 17:23:33.902
J12 Value - 3370 * 06-01-2025 17:23:33.925
Command * Level Sensing For J13 - #28,4,64754,800 ,0,0*d574
 * 06-01-2025 17:23:34.158
CRC-Response  - 28,4,I001*d4fe * 06-01-2025 17:23:34.274
CRC-Response  - 28,4,F000,3337*ae6b * 06-01-2025 17:23:36.557
J13 Value - 3337 * 06-01-2025 17:23:36.589
Command * Level Sensing For J14 - #29,4,64754,8590,0,0*73b1
 * 06-01-2025 17:23:36.860
CRC-Response  - 29,4,I001*183f * 06-01-2025 17:23:36.974
CRC-Response  - 29,4,F000,3372*ecab * 06-01-2025 17:23:39.447
J14 Value - 3372 * 06-01-2025 17:23:39.478
Command * Level Sensing For J15 - #30,4,61124,8590,0,0*6841
 * 06-01-2025 17:23:39.563
CRC-Response  - 30,4,I001*e2f2 * 06-01-2025 17:23:39.679
CRC-Response  - 30,4,F000,3387*1773 * 06-01-2025 17:23:41.961
J15 Value - 3387 * 06-01-2025 17:23:41.993
Command * Level Sensing For J16 - #31,4,57494,8590,0,0*7933
 * 06-01-2025 17:23:42.264
CRC-Response  - 31,4,I001*2e33 * 06-01-2025 17:23:42.381
CRC-Response  - 31,4,F000,3368*f235 * 06-01-2025 17:23:44.669
J16 Value - 3368 * 06-01-2025 17:23:44.687
Command * Level Sensing For J17 - #32,4,53864,8590,0,0*bded
 * 06-01-2025 17:23:44.942
CRC-Response  - 32,4,I001*3b73 * 06-01-2025 17:23:45.57
CRC-Response  - 32,4,F000,3382*56b4 * 06-01-2025 17:23:47.338
J17 Value - 3382 * 06-01-2025 17:23:47.369
Command * Level Sensing For J18 - #33,4,39344,8590,0,0*2e4c
 * 06-01-2025 17:23:47.612
CRC-Response  - 33,4,I001*f7b2 * 06-01-2025 17:23:47.722
CRC-Response  - 33,4,F000,3380*1637 * 06-01-2025 17:23:51.233
J19 Value - 3380 * 06-01-2025 17:23:51.264
Command * Level Sensing For J19 - #34,4,35714,8590,0,0*940c
 * 06-01-2025 17:23:51.326
CRC-Response  - 34,4,I001*11f3 * 06-01-2025 17:23:51.433
CRC-Response  - 34,4,F000,3375*a2f9 * 06-01-2025 17:23:53.730
J19 Value - 3375 * 06-01-2025 17:23:53.763
Command * Level Sensing For J20 - #35,4,32084,8590,0,0*788d
 * 06-01-2025 17:23:53.986
CRC-Response  - 35,4,I001*dd32 * 06-01-2025 17:23:54.101
CRC-Response  - 35,4,F000,3349*d6fb * 06-01-2025 17:23:56.384
J20 Value - 3349 * 06-01-2025 17:23:56.417
Command * Level Sensing For J21 - #36,4,28454,8590,0,0*94af
 * 06-01-2025 17:23:56.674
CRC-Response  - 36,4,I001*c872 * 06-01-2025 17:23:56.790
CRC-Response  - 36,4,F000,3381*d3fa * 06-01-2025 17:23:59.82
J21 Value - 3381 * 06-01-2025 17:23:59.106
Command * Level Sensing For J22 - #37,4,24824,8590,0,0*c0e5
 * 06-01-2025 17:23:59.356
CRC-Response  - 37,4,I001*04b3 * 06-01-2025 17:23:59.468
CRC-Response  - 37,4,F000,3390*0238 * 06-01-2025 17:24:01.756
J22 Value - 3390 * 06-01-2025 17:24:01.788
Command * Level Sensing For J23 - #38,4,21194,8590,0,0*eae3
 * 06-01-2025 17:24:02.61
CRC-Response  - 38,4,I001*44f3 * 06-01-2025 17:24:02.174
CRC-Response  - 38,4,F000,3385*9eed * 06-01-2025 17:24:04.458
J23 Value - 3385 * 06-01-2025 17:24:04.486
Command * Level Sensing For J24 - #39,4,17564,8590,0,0*0879
 * 06-01-2025 17:24:04.745
CRC-Response  - 39,4,I001*8832 * 06-01-2025 17:24:04.860
CRC-Response  - 39,4,F000,3388*da2e * 06-01-2025 17:24:07.142
J24 Value - 3388 * 06-01-2025 17:24:07.175
Command * Level Sensing For J25 - #40,4,13934,8590,0,0*ba10
 * 06-01-2025 17:24:07.430
CRC-Response  - 40,4,I001*d2d4 * 06-01-2025 17:24:07.545
CRC-Response  - 40,4,F000,3391*42f4 * 06-01-2025 17:24:09.838
J25 Value - 3391 * 06-01-2025 17:24:09.871
Command * Level Sensing For J26 - #41,4,10304,8590,0,0*d953
 * 06-01-2025 17:24:10.111
CRC-Response  - 41,4,I001*1e15 * 06-01-2025 17:24:10.225
CRC-Response  - 41,4,F000,3381*53f7 * 06-01-2025 17:24:12.509
J26 Value - 3381 * 06-01-2025 17:24:12.540
Command * Level Sensing For J27 - #42,4,21194,16380,0,0*aa1b
 * 06-01-2025 17:24:12.781
CRC-Response  - 42,4,I001*0b55 * 06-01-2025 17:24:12.897
CRC-Response  - 42,4,F000,3444*5286 * 06-01-2025 17:24:16.0
J27 Value - 3444 * 06-01-2025 17:24:16.27
Command * Level Sensing For J28 - #43,4,24824,16380,0,0*41db
 * 06-01-2025 17:24:16.491
CRC-Response  - 43,4,I001*c794 * 06-01-2025 17:24:16.606
CRC-Response  - 43,4,F000,3449*1645 * 06-01-2025 17:24:18.901
J28 Value - 3449 * 06-01-2025 17:24:18.933
Command * Level Sensing For J29 - #44,4,28454,16380,0,0*3e86
 * 06-01-2025 17:24:19.159
CRC-Response  - 44,4,I001*21d5 * 06-01-2025 17:24:19.273
CRC-Response  - 44,4,F000,3418*c18c * 06-01-2025 17:24:21.558
J29 Value - 3418 * 06-01-2025 17:24:21.580
Command * Level Sensing For J30 - #45,4,32084,16380,0,0*9f93
 * 06-01-2025 17:24:21.831
CRC-Response  - 45,4,I001*ed14 * 06-01-2025 17:24:21.943
CRC-Response  - 45,4,F000,3415*854f * 06-01-2025 17:24:24.235
J30 Value - 3415 * 06-01-2025 17:24:24.265
Command * Level Sensing For J31 - #46,4,35714,16380,0,0*47c6
 * 06-01-2025 17:24:24.507
CRC-Response  - 46,4,I001*f854 * 06-01-2025 17:24:24.622
CRC-Response  - 46,4,F000,3413*44ca * 06-01-2025 17:24:26.908
J31 Value - 3413 * 06-01-2025 17:24:26.923
Command * Level Sensing For J32 - #47,4,39344,16380,0,0*3ff5
 * 06-01-2025 17:24:27.182
CRC-Response  - 47,4,I001*3495 * 06-01-2025 17:24:27.297
CRC-Response  - 47,4,F000,3424*f789 * 06-01-2025 17:24:29.580
J32 Value - 3424 * 06-01-2025 17:24:29.614
Command * Level Sensing For J33 - #48,4,64754,16380,0,0*a398
 * 06-01-2025 17:24:29.868
CRC-Response  - 48,4,I001*74d5 * 06-01-2025 17:24:29.984
CRC-Response  - 48,4,F000,3342*9baf * 06-01-2025 17:24:34.701
J33 Value - 3342 * 06-01-2025 17:24:34.725
Command * Level Sensing For W1 - #49,4,42974,800 ,0,0*ca45
 * 06-01-2025 17:24:35.56
CRC-Response  - 49,4,I001*b814 * 06-01-2025 17:24:35.167
CRC-Response  - 49,4,F000,3358*8d2c * 06-01-2025 17:24:39.513
W1 Value - 3358 * 06-01-2025 17:24:39.543
Command * Level Sensing For W2 - #50,4,46604,800 ,0,0*4cab
 * 06-01-2025 17:24:39.768
CRC-Response  - 50,4,I001*42d9 * 06-01-2025 17:24:39.882
CRC-Response  - 50,4,F000,3356*41b0 * 06-01-2025 17:24:42.177
W2 Value - 3356 * 06-01-2025 17:24:42.213
Command * Level Sensing For W3 - #51,4,50234,800 ,0,0*3c0d
 * 06-01-2025 17:24:42.449
CRC-Response  - 51,4,I001*8e18 * 06-01-2025 17:24:42.562
CRC-Response  - 51,4,F000,3365*31f2 * 06-01-2025 17:24:44.856
W3 Value - 3365 * 06-01-2025 17:24:44.884
Command * Level Sensing For W4 - #52,4,50234,8590,0,0*2269
 * 06-01-2025 17:24:45.130
CRC-Response  - 52,4,I001*9b58 * 06-01-2025 17:24:45.243
CRC-Response  - 52,4,F000,3371*a1f7 * 06-01-2025 17:24:47.714
W4 Value - 3371 * 06-01-2025 17:24:47.733
Command * Level Sensing For W5 - #53,4,46604,8590,0,0*52cf
 * 06-01-2025 17:24:47.816
CRC-Response  - 53,4,I001*5799 * 06-01-2025 17:24:47.931
CRC-Response  - 53,4,F000,3373*e174 * 06-01-2025 17:24:50.225
W5 Value - 3373 * 06-01-2025 17:24:50.254
Command * Level Sensing For W6 - #54,4,42974,8590,0,0*c37e
 * 06-01-2025 17:24:50.499
CRC-Response  - 54,4,I001*b1d8 * 06-01-2025 17:24:50.612
CRC-Response  - 54,4,F000,3355*c4fe * 06-01-2025 17:24:52.896
W6 Value - 3355 * 06-01-2025 17:24:52.925
Command * Level Sensing For H1 - #55,4,2688,1000,0,1*b498
 * 06-01-2025 17:24:53.182
CRC-Response  - 55,4,I001*7d19 * 06-01-2025 17:24:53.299
CRC-Response  - 55,4,F000,4095*3108 * 06-01-2025 17:24:59.694
H1 Value - 4095 * 06-01-2025 17:24:59.723
Command * Level Sensing For H2 - #56,4,2688,8700,0,1*eede
 * 06-01-2025 17:24:59.889
CRC-Response  - 56,4,I001*6859 * 06-01-2025 17:25:00.4
CRC-Response  - 56,4,F000,4095*f20d * 06-01-2025 17:25:02.458
H2 Value - 4095 * 06-01-2025 17:25:02.485
Command * Level Sensing For H3 - #57,4,2688,16380,0,1*6079
 * 06-01-2025 17:25:02.559
CRC-Response  - 57,4,I001*a498 * 06-01-2025 17:25:02.674
CRC-Response  - 57,4,F000,4095*730f * 06-01-2025 17:25:05.141
H3 Value - 4095 * 06-01-2025 17:25:05.167
Command * Home Command - #58,5,01111111*7a76
 * 06-01-2025 17:25:05.238
CRC-Response  - 58,5,I001,01111111*3a29 * 06-01-2025 17:25:05.358
CRC-Response  - 58,5,F000*e11b * 06-01-2025 17:25:17.871
Command * Home Command - #59,5,01111111*b98b
 * 06-01-2025 17:25:20.980
CRC-Response  - 59,5,I001,01111111*aa78 * 06-01-2025 17:25:21.92
CRC-Response  - 59,5,F000*2dda * 06-01-2025 17:25:21.98
Command * SET TEMPERATURE - #0,10,32*870a
 * 06-01-2025 17:27:00.17
CRC-Response  - 0,10,F000*1ae9 * 06-01-2025 17:27:00.131
Command * HEATER ON - #1,12,1*dbe7
 * 06-01-2025 17:27:01.182
CRC-Response  - 1,12,F000*68e5 * 06-01-2025 17:27:01.312
Command * WATER VALVE - 1 CONTROL OFF - #2,13,1,0*aa6a
 * 06-01-2025 17:28:01.104
CRC-Response  - 2,13,F000*49f0 * 06-01-2025 17:28:01.211
Command * WATER VALVE - 2 CONTROL OFF - #3,13,2,0*665b
 * 06-01-2025 17:28:07.738
CRC-Response  - 3,13,F000*d9fd * 06-01-2025 17:28:07.855
Command * WATER VALVE - 3 CONTROL OFF - #4,13,3,0*404b
 * 06-01-2025 17:28:08.419
CRC-Response  - 4,13,F000*e9db * 06-01-2025 17:28:08.527
Command * WATER VALVE - 4 CONTROL OFF - #5,13,4,0*4d3b
 * 06-01-2025 17:28:09.80
CRC-Response  - 5,13,F000*79d6 * 06-01-2025 17:28:09.195
Command * WATER VALVE - 5 CONTROL OFF - #6,13,5,0*982a
 * 06-01-2025 17:28:09.748
CRC-Response  - 6,13,F000*89c2 * 06-01-2025 17:28:09.863
Command * WATER VALVE - 6 CONTROL OFF - #7,13,6,0*541b
 * 06-01-2025 17:28:10.416
CRC-Response  - 7,13,F000*19cf * 06-01-2025 17:28:10.529
Command * Home Command - #8,5,01111111*665c
 * 06-01-2025 17:28:11.78
CRC-Response  - 8,5,I001,01111111*6c37 * 06-01-2025 17:28:11.196
CRC-Response  - 8,5,F000*4b3a * 06-01-2025 17:28:11.199
Command * Home Command - #9,5,01111111*a5a1
 * 06-01-2025 17:28:13.772
CRC-Response  - 9,5,I001,01111111*fc66 * 06-01-2025 17:28:13.878
CRC-Response  - 9,5,F000*87fb * 06-01-2025 17:28:13.885
Command * Level Sensing For H1 - #10,4,2688,1000,0,1*d4ca
 * 06-01-2025 17:28:15.465
CRC-Response  - 10,4,I001*82eb * 06-01-2025 17:28:15.571
CRC-Response  - 10,4,F000,4095*f001 * 06-01-2025 17:28:25.507
H1 Value - 4095 * 06-01-2025 17:28:25.535
Command * Level Sensing For H2 - #11,4,2688,8700,0,1*ee2d
 * 06-01-2025 17:28:25.670
CRC-Response  - 11,4,I001*4e2a * 06-01-2025 17:28:25.785
CRC-Response  - 11,4,F000,4095*7103 * 06-01-2025 17:28:28.250
H2 Value - 4095 * 06-01-2025 17:28:28.281
Command * Level Sensing For H3 - #12,4,2688,16380,0,1*9d98
 * 06-01-2025 17:28:28.368
CRC-Response  - 12,4,I001*5b6a * 06-01-2025 17:28:28.482
CRC-Response  - 12,4,F000,4095*b206 * 06-01-2025 17:28:30.942
H3 Value - 4095 * 06-01-2025 17:28:30.971
Command * Level Sensing For L1 - #13,4,17564,16380,0,0*94b5
 * 06-01-2025 17:28:31.45
CRC-Response  - 13,4,I001*97ab * 06-01-2025 17:28:31.161
CRC-Response  - 13,4,F000,347*c143 * 06-01-2025 17:28:34.709
L1 Value - 347 * 06-01-2025 17:28:34.738
Command * Level Sensing For L2 - #14,4,13934,16380,0,0*e418
 * 06-01-2025 17:28:35.234
CRC-Response  - 14,4,I001*71ea * 06-01-2025 17:28:35.346
CRC-Response  - 14,4,F000,339*fe35 * 06-01-2025 17:28:37.643
L2 Value - 339 * 06-01-2025 17:28:37.677
Command * Level Sensing For L3 - #15,4,10304,16380,0,0*153a
 * 06-01-2025 17:28:37.924
CRC-Response  - 15,4,I001*bd2b * 06-01-2025 17:28:38.30
CRC-Response  - 15,4,F000,398*5d0f * 06-01-2025 17:28:40.326
L3 Value - 398 * 06-01-2025 17:28:40.357
Command * Home Command - #16,5,01111111*2991
 * 06-01-2025 17:28:40.600
CRC-Response  - 16,5,I001,01111111*680c * 06-01-2025 17:28:40.715
CRC-Response  - 16,5,F000*ada8 * 06-01-2025 17:28:51.760
Command * Home Command - #17,5,01111111*ea6c
 * 06-01-2025 17:28:53.889
CRC-Response  - 17,5,I001,01111111*f85d * 06-01-2025 17:28:54.5
CRC-Response  - 17,5,F000*6169 * 06-01-2025 17:28:54.8
Rack - 1Protocol Started * 06-01-2025 17:28:57.19
Command * Rack-1 Picked from L1 - #18,2,1,17564,16380,0,0*c654
 * 06-01-2025 17:28:57.122
CRC-Response  - 18,2,I001,1*4512 * 06-01-2025 17:28:57.235
CRC-Response  - 18,2,F000,1*7a43 * 06-01-2025 17:29:11.714
Command * Rack-1 Placed in H1 - #19,3,1,2688,1000,0,1*0ed4
 * 06-01-2025 17:29:47.680
CRC-Response  - 19,3,I001,1*4c82 * 06-01-2025 17:29:47.785
CRC-Response  - 19,3,F000,1*73d3 * 06-01-2025 17:29:54.731
Command * HEATER DOOR CLOSE - #20,8,1,0*2711
 * 06-01-2025 17:29:54.907
CRC-Response  - 20,8,I001*beff * 06-01-2025 17:29:55.11
CRC-Response  - 20,8,F000*6a3d * 06-01-2025 17:29:55.353
Command * HEATER DOOR OPEN - #21,8,1,1*27c0
 * 06-01-2025 17:31:14.723
CRC-Response  - 21,8,I001*723e * 06-01-2025 17:31:14.838
CRC-Response  - 21,8,F000*a6fc * 06-01-2025 17:31:15.180
Command * Rack-1 Picked from H1 - #22,2,1,2688,1000,0,1*8867
 * 06-01-2025 17:31:15.384
CRC-Response  - 22,2,I001,1*213d * 06-01-2025 17:31:15.495
CRC-Response  - 22,2,F000,1*1e6c * 06-01-2025 17:31:20.652
Command * HEATER DOOR CLOSE - #23,8,1,0*2722
 * 06-01-2025 17:31:21.151
CRC-Response  - 23,8,I001*abbf * 06-01-2025 17:31:21.268
CRC-Response  - 23,8,F000*7f7d * 06-01-2025 17:31:21.609
Command * Rack-1 Placed in J1 - #24,3,1,10304,800,0,0*0035
 * 06-01-2025 17:31:21.826
CRC-Response  - 24,3,I001,1*f21c * 06-01-2025 17:31:21.932
CRC-Response  - 24,3,F000,1*cd4d * 06-01-2025 17:31:28.54
Command * HEATER OFF - #25,12,0*472f
 * 06-01-2025 17:31:38.716
CRC-Response  - 25,12,F000*6a0c * 06-01-2025 17:31:38.827
Command * WATER VALVE - 1 CONTROL OFF - #26,13,1,0*c36c
 * 06-01-2025 17:31:39.691
CRC-Response  - 26,13,F000*4b19 * 06-01-2025 17:31:39.795
Command * WATER VALVE - 2 CONTROL OFF - #27,13,2,0*0f5d
 * 06-01-2025 17:31:40.343
CRC-Response  - 27,13,F000*db14 * 06-01-2025 17:31:40.461
Command * WATER VALVE - 3 CONTROL OFF - #28,13,3,0*8f4c
 * 06-01-2025 17:31:41.15
CRC-Response  - 28,13,F000*2b55 * 06-01-2025 17:31:41.131
Command * WATER VALVE - 4 CONTROL OFF - #29,13,4,0*823c
 * 06-01-2025 17:31:41.683
CRC-Response  - 29,13,F000*bb58 * 06-01-2025 17:31:41.796
Command * WATER VALVE - 5 CONTROL OFF - #30,13,5,0*b8a0
 * 06-01-2025 17:31:42.361
CRC-Response  - 30,13,F000*2e63 * 06-01-2025 17:31:42.480
Command * WATER VALVE - 6 CONTROL OFF - #31,13,6,0*7491
 * 06-01-2025 17:31:43.34
CRC-Response  - 31,13,F000*be6e * 06-01-2025 17:31:43.147
Device Intialization started * 06-01-2025 17:55:50.30
Command * SET TEMPERATURE - #0,10,37*84ca
 * 06-01-2025 17:55:50.183
CRC-Response  - 0,10,F000*1ae9 * 06-01-2025 17:55:50.351
Command * WATER VALVE - 1 CONTROL ON - #1,13,1,1*7feb
 * 06-01-2025 17:55:51.989
CRC-Response  - 1,13,F000*b9e4 * 06-01-2025 17:55:57.97
Command * WATER VALVE - 2 CONTROL ON - #2,13,2,1*6a5b
 * 06-01-2025 17:55:57.540
CRC-Response  - 2,13,F000*49f0 * 06-01-2025 17:55:57.655
Command * WATER VALVE - 3 CONTROL ON - #3,13,3,1*66cb
 * 06-01-2025 17:55:58.215
CRC-Response  - 3,13,F000*d9fd * 06-01-2025 17:55:58.325
Command * WATER VALVE - 4 CONTROL ON - #4,13,4,1*413b
 * 06-01-2025 17:55:58.875
CRC-Response  - 4,13,F000*e9db * 06-01-2025 17:55:58.988
Command * WATER VALVE - 5 CONTROL ON - #5,13,5,1*4dab
 * 06-01-2025 17:55:59.550
CRC-Response  - 5,13,F000*79d6 * 06-01-2025 17:55:59.656
Command * WATER VALVE - 6 CONTROL ON - #6,13,6,1*581b
 * 06-01-2025 17:56:00.218
CRC-Response  - 6,13,F000*89c2 * 06-01-2025 17:56:00.335
Command * Home Command - #7,5,00100100*dea4
 * 06-01-2025 17:56:00.900
CRC-Response  - 7,5,I001,00100100*33ee * 06-01-2025 17:56:01.13
CRC-Response  - 7,5,F000*0b7a * 06-01-2025 17:56:01.17
Command * Home Command - #8,5,01111111*665c
 * 06-01-2025 17:56:03.574
CRC-Response  - 8,5,I001,01111111*6c37 * 06-01-2025 17:56:03.689
CRC-Response  - 8,5,F000*4b3a * 06-01-2025 17:56:14.679
Command * Home Command - #9,5,01111111*a5a1
 * 06-01-2025 17:56:17.277
CRC-Response  - 9,5,I001,01111111*fc66 * 06-01-2025 17:56:17.393
CRC-Response  - 9,5,F000*87fb * 06-01-2025 17:56:17.396
Command * Level Sensing For U1 - #10,4,61124,16380,0,0*9f4f
 * 06-01-2025 17:56:19.988
CRC-Response  - 10,4,I001*82eb * 06-01-2025 17:56:20.96
CRC-Response  - 10,4,F000,2416*7807 * 06-01-2025 17:56:24.244
U1 Value - 2416 * 06-01-2025 17:56:24.287
Command * Level Sensing For U2 - #11,4,57494,16380,0,0*bade
 * 06-01-2025 17:56:24.675
CRC-Response  - 11,4,I001*4e2a * 06-01-2025 17:56:24.790
CRC-Response  - 11,4,F000,2426*0905 * 06-01-2025 17:56:27.72
U2 Value - 2426 * 06-01-2025 17:56:27.102
Command * Level Sensing For U3 - #12,4,53864,16380,0,0*e29a
 * 06-01-2025 17:56:27.345
CRC-Response  - 12,4,I001*5b6a * 06-01-2025 17:56:27.462
CRC-Response  - 12,4,F000,2428*0e81 * 06-01-2025 17:56:29.747
U3 Value - 2428 * 06-01-2025 17:56:29.778
Command * Level Sensing For U4 - #13,4,50234,16380,0,0*1bb0
 * 06-01-2025 17:56:30.15
CRC-Response  - 13,4,I001*97ab * 06-01-2025 17:56:30.121
CRC-Response  - 13,4,F000,2417*7bc3 * 06-01-2025 17:56:32.422
U4 Value - 2417 * 06-01-2025 17:56:32.448
Command * Level Sensing For U5 - #14,4,46604,16380,0,0*e9c8
 * 06-01-2025 17:56:32.694
CRC-Response  - 14,4,I001*71ea * 06-01-2025 17:56:32.810
CRC-Response  - 14,4,F000,2413*ffc9 * 06-01-2025 17:56:35.89
U5 Value - 2413 * 06-01-2025 17:56:35.120
Command * Level Sensing For U6 - #15,4,42974,16380,0,0*1511
 * 06-01-2025 17:56:35.364
CRC-Response  - 15,4,I001*bd2b * 06-01-2025 17:56:35.475
CRC-Response  - 15,4,F000,2410*7f8b * 06-01-2025 17:56:37.767
U6 Value - 2410 * 06-01-2025 17:56:37.795
Command * Level Sensing For J1 - #16,4,10304,800,0,0*e5a2
 * 06-01-2025 17:56:38.28
CRC-Response  - 16,4,I001*a86b * 06-01-2025 17:56:38.138
CRC-Response  - 16,4,F000,2412*7d0f * 06-01-2025 17:56:43.673
J1 Value - 2412 * 06-01-2025 17:56:43.691
Command * Level Sensing For J2 - #17,4,13934,800 ,0,0*59f9
 * 06-01-2025 17:56:44.210
CRC-Response  - 17,4,I001*64aa * 06-01-2025 17:56:44.326
CRC-Response  - 17,4,F000,2408*6b8c * 06-01-2025 17:56:46.620
J2 Value - 2408 * 06-01-2025 17:56:46.651
Command * Level Sensing For J3 - #18,4,17564,800 ,0,0*16c5
 * 06-01-2025 17:56:46.940
CRC-Response  - 18,4,I001*24ea * 06-01-2025 17:56:47.18
CRC-Response  - 18,4,F000,2411*f259 * 06-01-2025 17:56:49.311
J3 Value - 2411 * 06-01-2025 17:56:49.342
Command * Level Sensing For J4 - #19,4,21194,800 ,0,0*f45f
 * 06-01-2025 17:56:49.604
CRC-Response  - 19,4,I001*e82b * 06-01-2025 17:56:49.713
CRC-Response  - 19,4,F000,2420*439a * 06-01-2025 17:56:52.3
J4 Value - 2420 * 06-01-2025 17:56:52.34
Command * Level Sensing For J5 - #20,4,24824,800 ,0,0*13fd
 * 06-01-2025 17:56:52.261
CRC-Response  - 20,4,I001*72ff * 06-01-2025 17:56:52.378
CRC-Response  - 20,4,F000,2417*bbc5 * 06-01-2025 17:56:54.665
J5 Value - 2417 * 06-01-2025 17:56:54.698
Command * Level Sensing For J6 - #21,4,28454,800 ,0,0*47b7
 * 06-01-2025 17:56:54.966
CRC-Response  - 21,4,I001*be3e * 06-01-2025 17:56:55.81
CRC-Response  - 21,4,F000,2409*6e47 * 06-01-2025 17:56:57.375
J6 Value - 2409 * 06-01-2025 17:56:57.403
Command * Level Sensing For J7 - #22,4,32084,800 ,0,0*ab95
 * 06-01-2025 17:56:57.676
CRC-Response  - 22,4,I001*ab7e * 06-01-2025 17:56:57.792
CRC-Response  - 22,4,F000,2422*0a02 * 06-01-2025 17:57:00.82
J7 Value - 2422 * 06-01-2025 17:57:00.105
Command * Level Sensing For J8 - #23,4,35714,800 ,0,0*4714
 * 06-01-2025 17:57:00.352
CRC-Response  - 23,4,I001*67bf * 06-01-2025 17:57:00.467
CRC-Response  - 23,4,F000,2422*8b00 * 06-01-2025 17:57:02.758
J8 Value - 2422 * 06-01-2025 17:57:02.789
Command * Level Sensing For J9 - #24,4,39344,800 ,0,0*fd54
 * 06-01-2025 17:57:03.61
CRC-Response  - 24,4,I001*81fe * 06-01-2025 17:57:03.176
CRC-Response  - 24,4,F000,2424*ce8b * 06-01-2025 17:57:05.464
J9 Value - 2424 * 06-01-2025 17:57:05.495
Command * Level Sensing For J10 - #25,4,53864,800 ,0,0*6ef5
 * 06-01-2025 17:57:05.729
CRC-Response  - 25,4,I001*4d3f * 06-01-2025 17:57:05.838
CRC-Response  - 25,4,F000,2404*2f88 * 06-01-2025 17:57:09.333
J10 Value - 2404 * 06-01-2025 17:57:09.360
Command * Level Sensing For J11 - #26,4,57494,800 ,0,0*aa2b
 * 06-01-2025 17:57:09.915
CRC-Response  - 26,4,I001*587f * 06-01-2025 17:57:10.29
CRC-Response  - 26,4,F000,2401*ef4d * 06-01-2025 17:57:12.318
J11 Value - 2401 * 06-01-2025 17:57:12.349
Command * Level Sensing For J12 - #27,4,61124,800 ,0,0*bb59
 * 06-01-2025 17:57:12.589
CRC-Response  - 27,4,I001*94be * 06-01-2025 17:57:12.705
CRC-Response  - 27,4,F000,2406*ac0e * 06-01-2025 17:57:14.988
J12 Value - 2406 * 06-01-2025 17:57:15.21
Command * Level Sensing For J13 - #28,4,64754,800 ,0,0*d574
 * 06-01-2025 17:57:15.261
CRC-Response  - 28,4,I001*d4fe * 06-01-2025 17:57:15.375
CRC-Response  - 28,4,F000,2380*a02c * 06-01-2025 17:57:17.664
J13 Value - 2380 * 06-01-2025 17:57:17.695
Command * Level Sensing For J14 - #29,4,64754,8590,0,0*73b1
 * 06-01-2025 17:57:17.937
CRC-Response  - 29,4,I001*183f * 06-01-2025 17:57:18.54
CRC-Response  - 29,4,F000,2416*b219 * 06-01-2025 17:57:20.520
J14 Value - 2416 * 06-01-2025 17:57:20.536
Command * Level Sensing For J15 - #30,4,61124,8590,0,0*6841
 * 06-01-2025 17:57:20.606
CRC-Response  - 30,4,I001*e2f2 * 06-01-2025 17:57:20.724
CRC-Response  - 30,4,F000,2420*4884 * 06-01-2025 17:57:23.16
J15 Value - 2420 * 06-01-2025 17:57:23.43
Command * Level Sensing For J16 - #31,4,57494,8590,0,0*7933
 * 06-01-2025 17:57:23.308
CRC-Response  - 31,4,I001*2e33 * 06-01-2025 17:57:23.418
CRC-Response  - 31,4,F000,2416*3b06 * 06-01-2025 17:57:25.707
J16 Value - 2416 * 06-01-2025 17:57:25.739
Command * Level Sensing For J17 - #32,4,53864,8590,0,0*bded
 * 06-01-2025 17:57:25.982
CRC-Response  - 32,4,I001*3b73 * 06-01-2025 17:57:26.96
CRC-Response  - 32,4,F000,2403*6bc2 * 06-01-2025 17:57:28.386
J17 Value - 2403 * 06-01-2025 17:57:28.416
Command * Level Sensing For J18 - #33,4,39344,8590,0,0*2e4c
 * 06-01-2025 17:57:28.658
CRC-Response  - 33,4,I001*f7b2 * 06-01-2025 17:57:28.773
CRC-Response  - 33,4,F000,2412*ba00 * 06-01-2025 17:57:32.269
J18 Value - 2412 * 06-01-2025 17:57:32.297
Command * Level Sensing For J19 - #34,4,35714,8590,0,0*940c
 * 06-01-2025 17:57:32.363
CRC-Response  - 34,4,I001*11f3 * 06-01-2025 17:57:32.473
CRC-Response  - 34,4,F000,2403*adcb * 06-01-2025 17:57:34.769
J19 Value - 2403 * 06-01-2025 17:57:34.799
Command * Level Sensing For J20 - #35,4,32084,8590,0,0*788d
 * 06-01-2025 17:57:35.26
CRC-Response  - 35,4,I001*dd32 * 06-01-2025 17:57:35.140
CRC-Response  - 35,4,F000,2389*2aff * 06-01-2025 17:57:37.432
J20 Value - 2389 * 06-01-2025 17:57:37.450
Command * Level Sensing For J21 - #36,4,28454,8590,0,0*94af
 * 06-01-2025 17:57:37.733
CRC-Response  - 36,4,I001*c872 * 06-01-2025 17:57:37.854
CRC-Response  - 36,4,F000,2438*d88d * 06-01-2025 17:57:40.144
J21 Value - 2438 * 06-01-2025 17:57:40.180
Command * Level Sensing For J22 - #37,4,24824,8590,0,0*c0e5
 * 06-01-2025 17:57:40.431
CRC-Response  - 37,4,I001*04b3 * 06-01-2025 17:57:40.550
CRC-Response  - 37,4,F000,2425*0c4f * 06-01-2025 17:57:42.825
J22 Value - 2425 * 06-01-2025 17:57:42.862
Command * Level Sensing For J23 - #38,4,21194,8590,0,0*eae3
 * 06-01-2025 17:57:43.109
CRC-Response  - 38,4,I001*44f3 * 06-01-2025 17:57:43.227
CRC-Response  - 38,4,F000,2453*31d9 * 06-01-2025 17:57:45.509
J23 Value - 2453 * 06-01-2025 17:57:45.533
Command * Level Sensing For J24 - #39,4,17564,8590,0,0*0879
 * 06-01-2025 17:57:45.808
CRC-Response  - 39,4,I001*8832 * 06-01-2025 17:57:45.926
CRC-Response  - 39,4,F000,2452*701a * 06-01-2025 17:57:48.210
J24 Value - 2452 * 06-01-2025 17:57:48.238
Command * Level Sensing For J25 - #40,4,13934,8590,0,0*ba10
 * 06-01-2025 17:57:48.497
CRC-Response  - 40,4,I001*d2d4 * 06-01-2025 17:57:48.611
CRC-Response  - 40,4,F000,2436*1d03 * 06-01-2025 17:57:50.901
J25 Value - 2436 * 06-01-2025 17:57:50.929
Command * Level Sensing For J26 - #41,4,10304,8590,0,0*d953
 * 06-01-2025 17:57:51.203
CRC-Response  - 41,4,I001*1e15 * 06-01-2025 17:57:51.320
CRC-Response  - 41,4,F000,2421*ce41 * 06-01-2025 17:57:53.599
J26 Value - 2421 * 06-01-2025 17:57:53.631
Command * Level Sensing For J27 - #42,4,21194,16380,0,0*aa1b
 * 06-01-2025 17:57:53.872
CRC-Response  - 42,4,I001*0b55 * 06-01-2025 17:57:53.983
CRC-Response  - 42,4,F000,2486*6f03 * 06-01-2025 17:57:57.84
J27 Value - 2486 * 06-01-2025 17:57:57.117
Command * Level Sensing For J28 - #43,4,24824,16380,0,0*41db
 * 06-01-2025 17:57:57.544
CRC-Response  - 43,4,I001*c794 * 06-01-2025 17:57:57.663
CRC-Response  - 43,4,F000,2472*dd05 * 06-01-2025 17:57:59.955
J28 Value - 2472 * 06-01-2025 17:57:59.987
Command * Level Sensing For J29 - #44,4,28454,16380,0,0*3e86
 * 06-01-2025 17:58:00.214
CRC-Response  - 44,4,I001*21d5 * 06-01-2025 17:58:00.330
CRC-Response  - 44,4,F000,2448*6d8e * 06-01-2025 17:58:02.619
J29 Value - 2448 * 06-01-2025 17:58:02.649
Command * Level Sensing For J30 - #45,4,32084,16380,0,0*9f93
 * 06-01-2025 17:58:02.894
CRC-Response  - 45,4,I001*ed14 * 06-01-2025 17:58:03.7
CRC-Response  - 45,4,F000,2415*794e * 06-01-2025 17:58:05.300
J30 Value - 2415 * 06-01-2025 17:58:05.327
Command * Level Sensing For J31 - #46,4,35714,16380,0,0*47c6
 * 06-01-2025 17:58:05.557
CRC-Response  - 46,4,I001*f854 * 06-01-2025 17:58:05.671
CRC-Response  - 46,4,F000,2419*bf4b * 06-01-2025 17:58:07.957
J31 Value - 2419 * 06-01-2025 17:58:07.995
Command * Level Sensing For J32 - #47,4,39344,16380,0,0*3ff5
 * 06-01-2025 17:58:08.248
CRC-Response  - 47,4,I001*3495 * 06-01-2025 17:58:08.365
CRC-Response  - 47,4,F000,2436*5a08 * 06-01-2025 17:58:10.655
J32 Value - 2436 * 06-01-2025 17:58:10.677
Command * Level Sensing For J33 - #48,4,64754,16380,0,0*a398
 * 06-01-2025 17:58:10.923
CRC-Response  - 48,4,I001*74d5 * 06-01-2025 17:58:11.43
CRC-Response  - 48,4,F000,2379*50ef * 06-01-2025 17:58:15.733
J33 Value - 2379 * 06-01-2025 17:58:15.764
Command * Level Sensing For W1 - #49,4,42974,800 ,0,0*ca45
 * 06-01-2025 17:58:16.145
CRC-Response  - 49,4,I001*b814 * 06-01-2025 17:58:16.257
CRC-Response  - 49,4,F000,2396*b5a9 * 06-01-2025 17:58:20.581
W1 Value - 2396 * 06-01-2025 17:58:20.607
Command * Level Sensing For W2 - #50,4,46604,800 ,0,0*4cab
 * 06-01-2025 17:58:20.808
CRC-Response  - 50,4,I001*42d9 * 06-01-2025 17:58:20.923
CRC-Response  - 50,4,F000,2401*ee42 * 06-01-2025 17:58:23.216
W2 Value - 2401 * 06-01-2025 17:58:23.238
Command * Level Sensing For W3 - #51,4,50234,800 ,0,0*3c0d
 * 06-01-2025 17:58:23.486
CRC-Response  - 51,4,I001*8e18 * 06-01-2025 17:58:23.600
CRC-Response  - 51,4,F000,2403*aec1 * 06-01-2025 17:58:25.893
W3 Value - 2403 * 06-01-2025 17:58:25.924
Command * Level Sensing For W4 - #52,4,50234,8590,0,0*2269
 * 06-01-2025 17:58:26.150
CRC-Response  - 52,4,I001*9b58 * 06-01-2025 17:58:26.266
CRC-Response  - 52,4,F000,2406*6e04 * 06-01-2025 17:58:28.741
W4 Value - 2406 * 06-01-2025 17:58:28.805
Command * Level Sensing For W5 - #53,4,46604,8590,0,0*52cf
 * 06-01-2025 17:58:28.863
CRC-Response  - 53,4,I001*5799 * 06-01-2025 17:58:34.364
CRC-Response  - 53,4,F000,2410*7d87 * 06-01-2025 17:58:34.368
W5 Value - 2410 * 06-01-2025 17:58:34.599
Command * Level Sensing For W6 - #54,4,42974,8590,0,0*c37e
 * 06-01-2025 17:58:34.923
CRC-Response  - 54,4,I001*b1d8 * 06-01-2025 17:58:35.36
CRC-Response  - 54,4,F000,2409*ac4d * 06-01-2025 17:58:37.333
W6 Value - 2409 * 06-01-2025 17:58:37.359
Command * Level Sensing For H1 - #55,4,2688,1000,0,1*b498
 * 06-01-2025 17:58:37.606
CRC-Response  - 55,4,I001*7d19 * 06-01-2025 17:58:37.724
CRC-Response  - 55,4,F000,3328*b03f * 06-01-2025 17:58:44.79
H1 Value - 3328 * 06-01-2025 17:58:44.100
Command * Level Sensing For H2 - #56,4,2688,8700,0,1*eede
 * 06-01-2025 17:58:44.302
CRC-Response  - 56,4,I001*6859 * 06-01-2025 17:58:44.419
CRC-Response  - 56,4,F000,3324*763a * 06-01-2025 17:58:46.885
H2 Value - 3324 * 06-01-2025 17:58:46.903
Command * Level Sensing For H3 - #57,4,2688,16380,0,1*6079
 * 06-01-2025 17:58:46.969
CRC-Response  - 57,4,I001*a498 * 06-01-2025 17:58:47.87
CRC-Response  - 57,4,F000,3301*94f9 * 06-01-2025 17:58:49.540
H3 Value - 3301 * 06-01-2025 17:58:49.563
Command * Home Command - #58,5,01111111*7a76
 * 06-01-2025 17:58:49.639
CRC-Response  - 58,5,I001,01111111*3a29 * 06-01-2025 17:58:49.759
CRC-Response  - 58,5,F000*e11b * 06-01-2025 17:59:02.274
Command * Home Command - #59,5,01111111*b98b
 * 06-01-2025 17:59:05.756
CRC-Response  - 59,5,I001,01111111*aa78 * 06-01-2025 17:59:05.864
CRC-Response  - 59,5,F000*2dda * 06-01-2025 17:59:05.867
Command * SET TEMPERATURE - #0,10,32*870a
 * 06-01-2025 17:59:24.34
CRC-Response  - 0,10,F000*1ae9 * 06-01-2025 17:59:24.183
Command * HEATER ON - #1,12,1*dbe7
 * 06-01-2025 17:59:25.248
CRC-Response  - 1,12,F000*68e5 * 06-01-2025 17:59:25.358
Command * WATER VALVE - 1 CONTROL OFF - #2,13,1,0*aa6a
 * 06-01-2025 17:59:29.624
CRC-Response  - 2,13,F000*49f0 * 06-01-2025 17:59:29.732
Command * WATER VALVE - 2 CONTROL OFF - #3,13,2,0*665b
 * 06-01-2025 17:59:29.787
CRC-Response  - 3,13,F000*d9fd * 06-01-2025 17:59:34.939
Command * WATER VALVE - 3 CONTROL OFF - #4,13,3,0*404b
 * 06-01-2025 17:59:35.349
CRC-Response  - 4,13,F000*e9db * 06-01-2025 17:59:35.465
Command * WATER VALVE - 4 CONTROL OFF - #5,13,4,0*4d3b
 * 06-01-2025 17:59:36.16
CRC-Response  - 5,13,F000*79d6 * 06-01-2025 17:59:36.131
Command * WATER VALVE - 5 CONTROL OFF - #6,13,5,0*982a
 * 06-01-2025 17:59:36.696
CRC-Response  - 6,13,F000*89c2 * 06-01-2025 17:59:36.811
Command * WATER VALVE - 6 CONTROL OFF - #7,13,6,0*541b
 * 06-01-2025 17:59:37.364
CRC-Response  - 7,13,F000*19cf * 06-01-2025 17:59:37.478
Command * Home Command - #8,5,01111111*665c
 * 06-01-2025 17:59:38.30
CRC-Response  - 8,5,I001,01111111*6c37 * 06-01-2025 17:59:38.147
CRC-Response  - 8,5,F000*4b3a * 06-01-2025 17:59:38.151
Command * Home Command - #9,5,01111111*a5a1
 * 06-01-2025 17:59:40.708
CRC-Response  - 9,5,I001,01111111*fc66 * 06-01-2025 17:59:40.821
CRC-Response  - 9,5,F000*87fb * 06-01-2025 17:59:40.824
Command * Level Sensing For H1 - #10,4,2688,1000,0,1*d4ca
 * 06-01-2025 17:59:42.381
CRC-Response  - 10,4,I001*82eb * 06-01-2025 17:59:42.494
CRC-Response  - 10,4,F000,3298*8160 * 06-01-2025 17:59:52.429
H1 Value - 3298 * 06-01-2025 17:59:52.451
Command * Level Sensing For H2 - #11,4,2688,8700,0,1*ee2d
 * 06-01-2025 17:59:52.608
CRC-Response  - 11,4,I001*4e2a * 06-01-2025 17:59:52.724
CRC-Response  - 11,4,F000,3288*9063 * 06-01-2025 17:59:55.175
H2 Value - 3288 * 06-01-2025 17:59:55.202
Command * Level Sensing For H3 - #12,4,2688,16380,0,1*9d98
 * 06-01-2025 17:59:55.308
CRC-Response  - 12,4,I001*5b6a * 06-01-2025 17:59:55.424
CRC-Response  - 12,4,F000,3277*a723 * 06-01-2025 17:59:57.889
H3 Value - 3277 * 06-01-2025 17:59:57.923
Command * Level Sensing For L1 - #13,4,17564,16380,0,0*94b5
 * 06-01-2025 17:59:57.990
CRC-Response  - 13,4,I001*97ab * 06-01-2025 17:59:58.107
CRC-Response  - 13,4,F000,200*0351 * 06-01-2025 18:00:01.652
L2 Value - 200 * 06-01-2025 18:00:01.684
Command * Level Sensing For L2 - #14,4,13934,16380,0,0*e418
 * 06-01-2025 18:00:01.739
CRC-Response  - 14,4,I001*71ea * 06-01-2025 18:00:06.859
CRC-Response  - 14,4,F000,233*39e4 * 06-01-2025 18:00:06.862
L2 Value - 233 * 06-01-2025 18:00:06.887
Command * HEATER OFF - #15,12,0*471c
 * 06-01-2025 18:00:33.873
CRC-Response  - 15,12,F000*65fc * 06-01-2025 18:00:33.993
Command * WATER VALVE - 1 CONTROL OFF - #16,13,1,0*3378
 * 06-01-2025 18:00:34.874
CRC-Response  - 16,13,F000*44e9 * 06-01-2025 18:00:34.991
Command * WATER VALVE - 2 CONTROL OFF - #17,13,2,0*ff49
 * 06-01-2025 18:00:35.547
CRC-Response  - 17,13,F000*d4e4 * 06-01-2025 18:00:35.657
Command * WATER VALVE - 3 CONTROL OFF - #18,13,3,0*7f58
 * 06-01-2025 18:00:36.223
CRC-Response  - 18,13,F000*24a5 * 06-01-2025 18:00:36.339
Command * WATER VALVE - 4 CONTROL OFF - #19,13,4,0*7228
 * 06-01-2025 18:00:36.890
CRC-Response  - 19,13,F000*b4a8 * 06-01-2025 18:00:37.4
Command * WATER VALVE - 5 CONTROL OFF - #20,13,5,0*28ad
 * 06-01-2025 18:00:37.556
CRC-Response  - 20,13,F000*eb32 * 06-01-2025 18:00:37.669
Command * WATER VALVE - 6 CONTROL OFF - #21,13,6,0*e49c
 * 06-01-2025 18:00:38.232
CRC-Response  - 21,13,F000*7b3f * 06-01-2025 18:00:38.348
Command * SET TEMPERATURE - #0,10,32*870a
 * 06-01-2025 18:00:54.86
CRC-Response  - 0,10,F000*1ae9 * 06-01-2025 18:00:54.191
Command * WATER VALVE - 1 CONTROL OFF - #1,13,1,0*bf2a
 * 06-01-2025 18:01:19.613
CRC-Response  - 1,13,F000*b9e4 * 06-01-2025 18:01:19.730
Command * WATER VALVE - 2 CONTROL OFF - #2,13,2,0*aa9a
 * 06-01-2025 18:01:20.281
CRC-Response  - 2,13,F000*49f0 * 06-01-2025 18:01:20.397
Command * WATER VALVE - 3 CONTROL OFF - #3,13,3,0*a60a
 * 06-01-2025 18:01:20.952
CRC-Response  - 3,13,F000*d9fd * 06-01-2025 18:01:21.66
Command * WATER VALVE - 4 CONTROL OFF - #4,13,4,0*81fa
 * 06-01-2025 18:01:21.618
CRC-Response  - 4,13,F000*e9db * 06-01-2025 18:01:21.733
Command * WATER VALVE - 5 CONTROL OFF - #5,13,5,0*8d6a
 * 06-01-2025 18:01:22.303
CRC-Response  - 5,13,F000*79d6 * 06-01-2025 18:01:22.416
Command * WATER VALVE - 6 CONTROL OFF - #6,13,6,0*98da
 * 06-01-2025 18:01:22.964
CRC-Response  - 6,13,F000*89c2 * 06-01-2025 18:01:23.79
Command * SET TEMPERATURE - #0,10,32*870a
 * 06-01-2025 18:01:37.834
CRC-Response  - 0,10,F000*1ae9 * 06-01-2025 18:01:37.979
Command * WATER VALVE - 1 CONTROL OFF - #1,13,1,0*bf2a
 * 06-01-2025 18:02:30.164
CRC-Response  - 1,13,F000*b9e4 * 06-01-2025 18:02:30.270
Command * WATER VALVE - 2 CONTROL OFF - #2,13,2,0*aa9a
 * 06-01-2025 18:02:30.832
CRC-Response  - 2,13,F000*49f0 * 06-01-2025 18:02:30.947
Command * WATER VALVE - 3 CONTROL OFF - #3,13,3,0*a60a
 * 06-01-2025 18:02:31.500
CRC-Response  - 3,13,F000*d9fd * 06-01-2025 18:02:31.790
Command * WATER VALVE - 4 CONTROL OFF - #4,13,4,0*81fa
 * 06-01-2025 18:02:32.342
CRC-Response  - 4,13,F000*e9db * 06-01-2025 18:02:32.456
Command * WATER VALVE - 5 CONTROL OFF - #5,13,5,0*8d6a
 * 06-01-2025 18:02:33.46
CRC-Response  - 5,13,F000*79d6 * 06-01-2025 18:02:33.147
Command * WATER VALVE - 6 CONTROL OFF - #6,13,6,0*98da
 * 06-01-2025 18:02:33.713
CRC-Response  - 6,13,F000*89c2 * 06-01-2025 18:02:33.826
Command * SET TEMPERATURE - #0,10,32*870a
 * 06-01-2025 18:03:00.417
CRC-Response  - 0,10,F000*1ae9 * 06-01-2025 18:03:00.688
Command * WATER VALVE - 1 CONTROL OFF - #1,13,1,0*bf2a
 * 06-01-2025 18:04:11.834
CRC-Response  - 1,13,F000*b9e4 * 06-01-2025 18:04:12.4
Command * WATER VALVE - 2 CONTROL OFF - #2,13,2,0*aa9a
 * 06-01-2025 18:04:12.567
CRC-Response  - 2,13,F000*49f0 * 06-01-2025 18:04:12.685
Command * WATER VALVE - 3 CONTROL OFF - #3,13,3,0*a60a
 * 06-01-2025 18:04:13.233
CRC-Response  - 3,13,F000*d9fd * 06-01-2025 18:04:13.345
Command * WATER VALVE - 4 CONTROL OFF - #4,13,4,0*81fa
 * 06-01-2025 18:04:13.910
CRC-Response  - 4,13,F000*e9db * 06-01-2025 18:04:14.24
Command * WATER VALVE - 5 CONTROL OFF - #5,13,5,0*8d6a
 * 06-01-2025 18:04:14.573
CRC-Response  - 5,13,F000*79d6 * 06-01-2025 18:04:14.688
Command * WATER VALVE - 6 CONTROL OFF - #6,13,6,0*98da
 * 06-01-2025 18:04:15.260
CRC-Response  - 6,13,F000*89c2 * 06-01-2025 18:04:15.373
Command * SET TEMPERATURE - #0,10,32*870a
 * 06-01-2025 18:04:27.428
CRC-Response  - 0,10,F000*1ae9 * 06-01-2025 18:04:27.536
Command * HEATER ON - #1,12,1*dbe7
 * 06-01-2025 18:04:28.603
CRC-Response  - 1,12,F000*68e5 * 06-01-2025 18:04:28.710
Command * WATER VALVE - 1 CONTROL OFF - #2,13,1,0*aa6a
 * 06-01-2025 18:04:31.233
CRC-Response  - 2,13,F000*49f0 * 06-01-2025 18:04:31.343
Command * WATER VALVE - 2 CONTROL OFF - #3,13,2,0*665b
 * 06-01-2025 18:04:31.402
CRC-Response  - 3,13,F000*d9fd * 06-01-2025 18:04:36.529
Command * WATER VALVE - 3 CONTROL OFF - #4,13,3,0*404b
 * 06-01-2025 18:04:36.970
CRC-Response  - 4,13,F000*e9db * 06-01-2025 18:04:37.85
Command * WATER VALVE - 4 CONTROL OFF - #5,13,4,0*4d3b
 * 06-01-2025 18:04:37.642
CRC-Response  - 5,13,F000*79d6 * 06-01-2025 18:04:37.752
Command * WATER VALVE - 5 CONTROL OFF - #6,13,5,0*982a
 * 06-01-2025 18:04:38.316
CRC-Response  - 6,13,F000*89c2 * 06-01-2025 18:04:38.432
Command * WATER VALVE - 6 CONTROL OFF - #7,13,6,0*541b
 * 06-01-2025 18:04:38.989
CRC-Response  - 7,13,F000*19cf * 06-01-2025 18:04:39.99
Command * Home Command - #8,5,01111111*665c
 * 06-01-2025 18:04:39.649
CRC-Response  - 8,5,I001,01111111*6c37 * 06-01-2025 18:04:39.763
CRC-Response  - 8,5,F000*4b3a * 06-01-2025 18:04:50.88
Command * Home Command - #9,5,01111111*a5a1
 * 06-01-2025 18:04:52.366
CRC-Response  - 9,5,I001,01111111*fc66 * 06-01-2025 18:04:52.479
CRC-Response  - 9,5,F000*87fb * 06-01-2025 18:04:52.481
Command * Level Sensing For H1 - #10,4,2688,1000,0,1*d4ca
 * 06-01-2025 18:04:54.39
CRC-Response  - 10,4,I001*82eb * 06-01-2025 18:04:54.151
CRC-Response  - 10,4,F000,3313*4677 * 06-01-2025 18:05:04.97
H1 Value - 3313 * 06-01-2025 18:05:04.128
Command * Level Sensing For H2 - #11,4,2688,8700,0,1*ee2d
 * 06-01-2025 18:05:04.261
CRC-Response  - 11,4,I001*4e2a * 06-01-2025 18:05:04.375
CRC-Response  - 11,4,F000,3295*c5a3 * 06-01-2025 18:05:06.835
H2 Value - 3295 * 06-01-2025 18:05:06.858
Command * Level Sensing For H3 - #12,4,2688,16380,0,1*9d98
 * 06-01-2025 18:05:06.935
CRC-Response  - 12,4,I001*5b6a * 06-01-2025 18:05:07.54
CRC-Response  - 12,4,F000,3289*93a7 * 06-01-2025 18:05:09.512
H3 Value - 3289 * 06-01-2025 18:05:09.547
Command * Level Sensing For L1 - #13,4,17564,16380,0,0*94b5
 * 06-01-2025 18:05:09.610
CRC-Response  - 13,4,I001*97ab * 06-01-2025 18:05:09.731
CRC-Response  - 13,4,F000,194*90a6 * 06-01-2025 18:05:13.280
L1 Value - 194 * 06-01-2025 18:05:13.311
Command * Level Sensing For L2 - #14,4,13934,16380,0,0*e418
 * 06-01-2025 18:05:13.842
CRC-Response  - 14,4,I001*71ea * 06-01-2025 18:05:13.958
CRC-Response  - 14,4,F000,240*08a6 * 06-01-2025 18:05:16.246
L2 Value - 240 * 06-01-2025 18:05:16.279
Command * Level Sensing For L3 - #15,4,10304,16380,0,0*153a
 * 06-01-2025 18:05:16.535
CRC-Response  - 15,4,I001*bd2b * 06-01-2025 18:05:16.650
CRC-Response  - 15,4,F000,281*0b9f * 06-01-2025 18:05:18.936
L3 Value - 281 * 06-01-2025 18:05:18.967
Command * Home Command - #16,5,01111111*2991
 * 06-01-2025 18:05:19.225
CRC-Response  - 16,5,I001,01111111*680c * 06-01-2025 18:05:19.337
CRC-Response  - 16,5,F000*ada8 * 06-01-2025 18:05:30.392
Command * Home Command - #17,5,01111111*ea6c
 * 06-01-2025 18:05:32.497
CRC-Response  - 17,5,I001,01111111*f85d * 06-01-2025 18:05:32.610
CRC-Response  - 17,5,F000*6169 * 06-01-2025 18:05:32.613
Rack - 1Protocol Started * 06-01-2025 18:05:35.679
Command * Rack-1 Picked from L1 - #18,2,1,17564,16380,0,0*c654
 * 06-01-2025 18:05:35.794
CRC-Response  - 18,2,I001,1*4512 * 06-01-2025 18:05:35.912
CRC-Response  - 18,2,F000,1*7a43 * 06-01-2025 18:05:46.592
Command * Rack-1 Placed in H1 - #19,3,1,2688,1000,0,1*0ed4
 * 06-01-2025 18:05:47.75
CRC-Response  - 19,3,I001,1*4c82 * 06-01-2025 18:05:47.194
CRC-Response  - 19,3,F000,1*73d3 * 06-01-2025 18:05:54.129
Command * HEATER DOOR CLOSE - #20,8,1,0*2711
 * 06-01-2025 18:05:54.355
CRC-Response  - 20,8,I001*beff * 06-01-2025 18:05:54.471
CRC-Response  - 20,8,F000*6a3d * 06-01-2025 18:05:54.813
Command * READ TEMPERATURE - #21,11*b506
 * 06-01-2025 18:06:07.918
CRC-Response  - 21,11,F000,33*b09e * 06-01-2025 18:06:08.24
Command * READ TEMPERATURE - #22,11*f106
 * 06-01-2025 18:06:24.493
CRC-Response  - 22,11,F000,33*b49a * 06-01-2025 18:06:24.607
Command * READ TEMPERATURE - #23,11*0d07
 * 06-01-2025 18:06:29.488
CRC-Response  - 23,11,F000,33*7767 * 06-01-2025 18:06:29.607
Command * READ TEMPERATURE - #24,11*7906
 * 06-01-2025 18:06:34.485
CRC-Response  - 24,11,F000,33*bc92 * 06-01-2025 18:06:34.714
Command * READ TEMPERATURE - #25,11*8507
 * 06-01-2025 18:06:39.481
CRC-Response  - 25,11,F000,33*7f6f * 06-01-2025 18:06:39.596
Command * READ TEMPERATURE - #26,11*c107
 * 06-01-2025 18:06:44.486
CRC-Response  - 26,11,F000,33*7b6b * 06-01-2025 18:06:44.598
Command * READ TEMPERATURE - #27,11*3d06
 * 06-01-2025 18:06:49.494
CRC-Response  - 27,11,F000,33*b896 * 06-01-2025 18:06:49.608
Command * HEATER DOOR OPEN - #28,8,1,1*2759
 * 06-01-2025 18:06:50.857
CRC-Response  - 28,8,I001*18fe * 06-01-2025 18:06:50.972
CRC-Response  - 28,8,F000*cc3c * 06-01-2025 18:06:51.312
Command * Rack-1 Picked from H1 - #29,2,1,2688,1000,0,1*adc1
 * 06-01-2025 18:06:51.538
CRC-Response  - 29,2,I001,1*c44c * 06-01-2025 18:06:51.652
CRC-Response  - 29,2,F000,1*fb1d * 06-01-2025 18:06:56.787
Command * HEATER DOOR CLOSE - #30,8,1,0*ebd0
 * 06-01-2025 18:06:57.323
CRC-Response  - 30,8,I001*2ef2 * 06-01-2025 18:06:57.441
CRC-Response  - 30,8,F000*fa30 * 06-01-2025 18:06:57.781
Command * Rack-1 Placed in J1 - #31,3,1,10304,800,0,0*1dc4
 * 06-01-2025 18:06:58.1
CRC-Response  - 31,3,I001,1*1e08 * 06-01-2025 18:06:58.119
CRC-Response  - 31,3,F000,1*2159 * 06-01-2025 18:07:04.228
Command * HEATER OFF - #32,12,0*303e
 * 06-01-2025 18:07:17.705
CRC-Response  - 32,12,F000*9f7b * 06-01-2025 18:07:17.812
Command * WATER VALVE - 1 CONTROL OFF - #33,13,1,0*6ca1
 * 06-01-2025 18:07:18.690
CRC-Response  - 33,13,F000*de77 * 06-01-2025 18:07:18.804
Command * WATER VALVE - 2 CONTROL OFF - #34,13,2,0*8a10
 * 06-01-2025 18:07:19.355
CRC-Response  - 34,13,F000*ee51 * 06-01-2025 18:07:19.468
Command * WATER VALVE - 3 CONTROL OFF - #35,13,3,0*8680
 * 06-01-2025 18:07:20.37
CRC-Response  - 35,13,F000*7e5c * 06-01-2025 18:07:20.151
Command * WATER VALVE - 4 CONTROL OFF - #36,13,4,0*5271
 * 06-01-2025 18:07:20.703
CRC-Response  - 36,13,F000*8e48 * 06-01-2025 18:07:20.818
Command * WATER VALVE - 5 CONTROL OFF - #37,13,5,0*5ee1
 * 06-01-2025 18:07:21.382
CRC-Response  - 37,13,F000*1e45 * 06-01-2025 18:07:21.496
Command * WATER VALVE - 6 CONTROL OFF - #38,13,6,0*1e51
 * 06-01-2025 18:07:22.46
CRC-Response  - 38,13,F000*ee04 * 06-01-2025 18:07:22.162
