--------------------------------------------------------------------------
Water Valves On / Off condifition failed  In watervalveonpff functionSystem.InvalidOperationException: Queue empty.
   at System.ThrowHelper.ThrowInvalidOperationException(ExceptionResource resource)
   at System.Collections.Generic.Queue`1.Dequeue()
   at HematoxinandEosin.Form_RunProto.<snd_rcvCmd>d__1046.MoveNext()
--- End of stack trace from previous location where exception was thrown ---
   at System.Runtime.CompilerServices.TaskAwaiter.ThrowForNonSuccess(Task task)
   at System.Runtime.CompilerServices.TaskAwaiter.HandleNonSuccessAndDebuggerNotification(Task task)
   at System.Runtime.CompilerServices.TaskAwaiter.GetResult()
   at HematoxinandEosin.Form_RunProto.<watervalveonpff>d__917.MoveNext(),02-05-2025 15:30:35
--------------------------------------------------------------------------
--------------------------------------------------------------------------
Water Valves On / Off condifition failed  In watervalveonpff functionSystem.InvalidOperationException: Queue empty.
   at System.ThrowHelper.ThrowInvalidOperationException(ExceptionResource resource)
   at System.Collections.Generic.Queue`1.Dequeue()
   at HematoxinandEosin.Form_RunProto.<snd_rcvCmd>d__1046.MoveNext()
--- End of stack trace from previous location where exception was thrown ---
   at System.Runtime.CompilerServices.TaskAwaiter.ThrowForNonSuccess(Task task)
   at System.Runtime.CompilerServices.TaskAwaiter.HandleNonSuccessAndDebuggerNotification(Task task)
   at System.Runtime.CompilerServices.TaskAwaiter.GetResult()
   at HematoxinandEosin.Form_RunProto.<watervalveonpff>d__917.MoveNext(),02-05-2025 15:35:08
--------------------------------------------------------------------------
--------------------------------------------------------------------------
Water Valves On / Off condifition failed  In watervalveonpff functionSystem.InvalidOperationException: Queue empty.
   at System.ThrowHelper.ThrowInvalidOperationException(ExceptionResource resource)
   at System.Collections.Generic.Queue`1.Dequeue()
   at HematoxinandEosin.Form_RunProto.<snd_rcvCmd>d__1046.MoveNext()
--- End of stack trace from previous location where exception was thrown ---
   at System.Runtime.CompilerServices.TaskAwaiter.ThrowForNonSuccess(Task task)
   at System.Runtime.CompilerServices.TaskAwaiter.HandleNonSuccessAndDebuggerNotification(Task task)
   at System.Runtime.CompilerServices.TaskAwaiter.GetResult()
   at HematoxinandEosin.Form_RunProto.<watervalveonpff>d__917.MoveNext(),02-05-2025 15:36:38
--------------------------------------------------------------------------
--------------------------------------------------------------------------
Water Valves On / Off condifition failed  In watervalveonpff functionSystem.InvalidOperationException: Queue empty.
   at System.ThrowHelper.ThrowInvalidOperationException(ExceptionResource resource)
   at System.Collections.Generic.Queue`1.Dequeue()
   at HematoxinandEosin.Form_RunProto.<snd_rcvCmd>d__1046.MoveNext()
--- End of stack trace from previous location where exception was thrown ---
   at System.Runtime.CompilerServices.TaskAwaiter.ThrowForNonSuccess(Task task)
   at System.Runtime.CompilerServices.TaskAwaiter.HandleNonSuccessAndDebuggerNotification(Task task)
   at System.Runtime.CompilerServices.TaskAwaiter.GetResult()
   at HematoxinandEosin.Form_RunProto.<watervalveonpff>d__917.MoveNext(),02-05-2025 15:37:36
--------------------------------------------------------------------------
--------------------------------------------------------------------------
Water Valves On / Off condifition failed  In watervalveonpff functionSystem.InvalidOperationException: Queue empty.
   at System.ThrowHelper.ThrowInvalidOperationException(ExceptionResource resource)
   at System.Collections.Generic.Queue`1.Dequeue()
   at HematoxinandEosin.Form_RunProto.<snd_rcvCmd>d__1046.MoveNext()
--- End of stack trace from previous location where exception was thrown ---
   at System.Runtime.CompilerServices.TaskAwaiter.ThrowForNonSuccess(Task task)
   at System.Runtime.CompilerServices.TaskAwaiter.HandleNonSuccessAndDebuggerNotification(Task task)
   at System.Runtime.CompilerServices.TaskAwaiter.GetResult()
   at HematoxinandEosin.Form_RunProto.<watervalveonpff>d__917.MoveNext(),02-05-2025 15:40:14
--------------------------------------------------------------------------
--------------------------------------------------------------------------
Water Valves On / Off condifition failed  In watervalveonpff functionSystem.InvalidOperationException: Queue empty.
   at System.ThrowHelper.ThrowInvalidOperationException(ExceptionResource resource)
   at System.Collections.Generic.Queue`1.Dequeue()
   at HematoxinandEosin.Form_RunProto.<snd_rcvCmd>d__1046.MoveNext()
--- End of stack trace from previous location where exception was thrown ---
   at System.Runtime.CompilerServices.TaskAwaiter.ThrowForNonSuccess(Task task)
   at System.Runtime.CompilerServices.TaskAwaiter.HandleNonSuccessAndDebuggerNotification(Task task)
   at System.Runtime.CompilerServices.TaskAwaiter.GetResult()
   at HematoxinandEosin.Form_RunProto.<watervalveonpff>d__917.MoveNext(),02-05-2025 15:41:12
--------------------------------------------------------------------------
--------------------------------------------------------------------------
Water Valves On / Off condifition failed  In watervalveonpff functionSystem.InvalidOperationException: Queue empty.
   at System.ThrowHelper.ThrowInvalidOperationException(ExceptionResource resource)
   at System.Collections.Generic.Queue`1.Dequeue()
   at HematoxinandEosin.Form_RunProto.<snd_rcvCmd>d__1046.MoveNext()
--- End of stack trace from previous location where exception was thrown ---
   at System.Runtime.CompilerServices.TaskAwaiter.ThrowForNonSuccess(Task task)
   at System.Runtime.CompilerServices.TaskAwaiter.HandleNonSuccessAndDebuggerNotification(Task task)
   at System.Runtime.CompilerServices.TaskAwaiter.GetResult()
   at HematoxinandEosin.Form_RunProto.<watervalveonpff>d__917.MoveNext(),02-05-2025 15:42:52
--------------------------------------------------------------------------
--------------------------------------------------------------------------
Water Valves On / Off condifition failed  In watervalveonpff functionSystem.InvalidOperationException: Queue empty.
   at System.ThrowHelper.ThrowInvalidOperationException(ExceptionResource resource)
   at System.Collections.Generic.Queue`1.Dequeue()
   at HematoxinandEosin.Form_RunProto.<snd_rcvCmd>d__1046.MoveNext()
--- End of stack trace from previous location where exception was thrown ---
   at System.Runtime.CompilerServices.TaskAwaiter.ThrowForNonSuccess(Task task)
   at System.Runtime.CompilerServices.TaskAwaiter.HandleNonSuccessAndDebuggerNotification(Task task)
   at System.Runtime.CompilerServices.TaskAwaiter.GetResult()
   at HematoxinandEosin.Form_RunProto.<watervalveonpff>d__917.MoveNext(),02-05-2025 15:43:39
--------------------------------------------------------------------------
--------------------------------------------------------------------------
Water Valves On / Off condifition failed  In watervalveonpff functionSystem.InvalidOperationException: Queue empty.
   at System.ThrowHelper.ThrowInvalidOperationException(ExceptionResource resource)
   at System.Collections.Generic.Queue`1.Dequeue()
   at HematoxinandEosin.Form_RunProto.<snd_rcvCmd>d__1046.MoveNext()
--- End of stack trace from previous location where exception was thrown ---
   at System.Runtime.CompilerServices.TaskAwaiter.ThrowForNonSuccess(Task task)
   at System.Runtime.CompilerServices.TaskAwaiter.HandleNonSuccessAndDebuggerNotification(Task task)
   at System.Runtime.CompilerServices.TaskAwaiter.GetResult()
   at HematoxinandEosin.Form_RunProto.<watervalveonpff>d__917.MoveNext(),02-05-2025 15:46:04
--------------------------------------------------------------------------
--------------------------------------------------------------------------
Water Valves On / Off condifition failed  In watervalveonpff functionSystem.InvalidOperationException: Queue empty.
   at System.ThrowHelper.ThrowInvalidOperationException(ExceptionResource resource)
   at System.Collections.Generic.Queue`1.Dequeue()
   at HematoxinandEosin.Form_RunProto.<snd_rcvCmd>d__1046.MoveNext()
--- End of stack trace from previous location where exception was thrown ---
   at System.Runtime.CompilerServices.TaskAwaiter.ThrowForNonSuccess(Task task)
   at System.Runtime.CompilerServices.TaskAwaiter.HandleNonSuccessAndDebuggerNotification(Task task)
   at System.Runtime.CompilerServices.TaskAwaiter.GetResult()
   at HematoxinandEosin.Form_RunProto.<watervalveonpff>d__917.MoveNext(),02-05-2025 15:47:53
--------------------------------------------------------------------------
--------------------------------------------------------------------------
Water Valves On / Off condifition failed  In watervalveonpff functionSystem.InvalidOperationException: Queue empty.
   at System.ThrowHelper.ThrowInvalidOperationException(ExceptionResource resource)
   at System.Collections.Generic.Queue`1.Dequeue()
   at HematoxinandEosin.Form_RunProto.<snd_rcvCmd>d__1046.MoveNext()
--- End of stack trace from previous location where exception was thrown ---
   at System.Runtime.CompilerServices.TaskAwaiter.ThrowForNonSuccess(Task task)
   at System.Runtime.CompilerServices.TaskAwaiter.HandleNonSuccessAndDebuggerNotification(Task task)
   at System.Runtime.CompilerServices.TaskAwaiter.GetResult()
   at HematoxinandEosin.Form_RunProto.<watervalveonpff>d__917.MoveNext(),02-05-2025 15:49:30
--------------------------------------------------------------------------
--------------------------------------------------------------------------
Water Valves On / Off condifition failed  In watervalveonpff functionSystem.InvalidOperationException: Queue empty.
   at System.ThrowHelper.ThrowInvalidOperationException(ExceptionResource resource)
   at System.Collections.Generic.Queue`1.Dequeue()
   at HematoxinandEosin.Form_RunProto.<snd_rcvCmd>d__1046.MoveNext()
--- End of stack trace from previous location where exception was thrown ---
   at System.Runtime.CompilerServices.TaskAwaiter.ThrowForNonSuccess(Task task)
   at System.Runtime.CompilerServices.TaskAwaiter.HandleNonSuccessAndDebuggerNotification(Task task)
   at System.Runtime.CompilerServices.TaskAwaiter.GetResult()
   at HematoxinandEosin.Form_RunProto.<watervalveonpff>d__917.MoveNext(),02-05-2025 15:50:53
--------------------------------------------------------------------------
--------------------------------------------------------------------------
Water Valves On / Off condifition failed  In watervalveonpff functionSystem.InvalidOperationException: Queue empty.
   at System.ThrowHelper.ThrowInvalidOperationException(ExceptionResource resource)
   at System.Collections.Generic.Queue`1.Dequeue()
   at HematoxinandEosin.Form_RunProto.<snd_rcvCmd>d__1046.MoveNext()
--- End of stack trace from previous location where exception was thrown ---
   at System.Runtime.CompilerServices.TaskAwaiter.ThrowForNonSuccess(Task task)
   at System.Runtime.CompilerServices.TaskAwaiter.HandleNonSuccessAndDebuggerNotification(Task task)
   at System.Runtime.CompilerServices.TaskAwaiter.GetResult()
   at HematoxinandEosin.Form_RunProto.<watervalveonpff>d__917.MoveNext(),02-05-2025 15:53:25
--------------------------------------------------------------------------
--------------------------------------------------------------------------
Water Valves On / Off condifition failed  In watervalveonpff functionSystem.InvalidOperationException: Queue empty.
   at System.ThrowHelper.ThrowInvalidOperationException(ExceptionResource resource)
   at System.Collections.Generic.Queue`1.Dequeue()
   at HematoxinandEosin.Form_RunProto.<snd_rcvCmd>d__1046.MoveNext()
--- End of stack trace from previous location where exception was thrown ---
   at System.Runtime.CompilerServices.TaskAwaiter.ThrowForNonSuccess(Task task)
   at System.Runtime.CompilerServices.TaskAwaiter.HandleNonSuccessAndDebuggerNotification(Task task)
   at System.Runtime.CompilerServices.TaskAwaiter.GetResult()
   at HematoxinandEosin.Form_RunProto.<watervalveonpff>d__917.MoveNext(),02-05-2025 15:54:21
--------------------------------------------------------------------------
--------------------------------------------------------------------------
Water Valves On / Off condifition failed  In watervalveonpff functionSystem.InvalidOperationException: Queue empty.
   at System.ThrowHelper.ThrowInvalidOperationException(ExceptionResource resource)
   at System.Collections.Generic.Queue`1.Dequeue()
   at HematoxinandEosin.Form_RunProto.<snd_rcvCmd>d__1046.MoveNext()
--- End of stack trace from previous location where exception was thrown ---
   at System.Runtime.CompilerServices.TaskAwaiter.ThrowForNonSuccess(Task task)
   at System.Runtime.CompilerServices.TaskAwaiter.HandleNonSuccessAndDebuggerNotification(Task task)
   at System.Runtime.CompilerServices.TaskAwaiter.GetResult()
   at HematoxinandEosin.Form_RunProto.<watervalveonpff>d__917.MoveNext(),02-05-2025 15:56:37
--------------------------------------------------------------------------
--------------------------------------------------------------------------
Water Valves On / Off condifition failed  In watervalveonpff functionSystem.InvalidOperationException: Queue empty.
   at System.ThrowHelper.ThrowInvalidOperationException(ExceptionResource resource)
   at System.Collections.Generic.Queue`1.Dequeue()
   at HematoxinandEosin.Form_RunProto.<snd_rcvCmd>d__1046.MoveNext()
--- End of stack trace from previous location where exception was thrown ---
   at System.Runtime.CompilerServices.TaskAwaiter.ThrowForNonSuccess(Task task)
   at System.Runtime.CompilerServices.TaskAwaiter.HandleNonSuccessAndDebuggerNotification(Task task)
   at System.Runtime.CompilerServices.TaskAwaiter.GetResult()
   at HematoxinandEosin.Form_RunProto.<watervalveonpff>d__917.MoveNext(),02-05-2025 15:57:11
--------------------------------------------------------------------------
--------------------------------------------------------------------------
Water Valves On / Off condifition failed  In watervalveonpff functionSystem.InvalidOperationException: Queue empty.
   at System.ThrowHelper.ThrowInvalidOperationException(ExceptionResource resource)
   at System.Collections.Generic.Queue`1.Dequeue()
   at HematoxinandEosin.Form_RunProto.<snd_rcvCmd>d__1046.MoveNext()
--- End of stack trace from previous location where exception was thrown ---
   at System.Runtime.CompilerServices.TaskAwaiter.ThrowForNonSuccess(Task task)
   at System.Runtime.CompilerServices.TaskAwaiter.HandleNonSuccessAndDebuggerNotification(Task task)
   at System.Runtime.CompilerServices.TaskAwaiter.GetResult()
   at HematoxinandEosin.Form_RunProto.<watervalveonpff>d__917.MoveNext(),02-05-2025 15:59:57
--------------------------------------------------------------------------
--------------------------------------------------------------------------
Water Valves On / Off condifition failed  In watervalveonpff functionSystem.InvalidOperationException: Queue empty.
   at System.ThrowHelper.ThrowInvalidOperationException(ExceptionResource resource)
   at System.Collections.Generic.Queue`1.Dequeue()
   at HematoxinandEosin.Form_RunProto.<snd_rcvCmd>d__1046.MoveNext()
--- End of stack trace from previous location where exception was thrown ---
   at System.Runtime.CompilerServices.TaskAwaiter.ThrowForNonSuccess(Task task)
   at System.Runtime.CompilerServices.TaskAwaiter.HandleNonSuccessAndDebuggerNotification(Task task)
   at System.Runtime.CompilerServices.TaskAwaiter.GetResult()
   at HematoxinandEosin.Form_RunProto.<watervalveonpff>d__917.MoveNext(),02-05-2025 16:01:43
--------------------------------------------------------------------------
--------------------------------------------------------------------------
Water Valves On / Off condifition failed  In watervalveonpff functionSystem.InvalidOperationException: Queue empty.
   at System.ThrowHelper.ThrowInvalidOperationException(ExceptionResource resource)
   at System.Collections.Generic.Queue`1.Dequeue()
   at HematoxinandEosin.Form_RunProto.<snd_rcvCmd>d__1046.MoveNext()
--- End of stack trace from previous location where exception was thrown ---
   at System.Runtime.CompilerServices.TaskAwaiter.ThrowForNonSuccess(Task task)
   at System.Runtime.CompilerServices.TaskAwaiter.HandleNonSuccessAndDebuggerNotification(Task task)
   at System.Runtime.CompilerServices.TaskAwaiter.GetResult()
   at HematoxinandEosin.Form_RunProto.<watervalveonpff>d__917.MoveNext(),02-05-2025 16:03:27
--------------------------------------------------------------------------
--------------------------------------------------------------------------
Water Valves On / Off condifition failed  In watervalveonpff functionSystem.InvalidOperationException: Queue empty.
   at System.ThrowHelper.ThrowInvalidOperationException(ExceptionResource resource)
   at System.Collections.Generic.Queue`1.Dequeue()
   at HematoxinandEosin.Form_RunProto.<snd_rcvCmd>d__1046.MoveNext()
--- End of stack trace from previous location where exception was thrown ---
   at System.Runtime.CompilerServices.TaskAwaiter.ThrowForNonSuccess(Task task)
   at System.Runtime.CompilerServices.TaskAwaiter.HandleNonSuccessAndDebuggerNotification(Task task)
   at System.Runtime.CompilerServices.TaskAwaiter.GetResult()
   at HematoxinandEosin.Form_RunProto.<watervalveonpff>d__917.MoveNext(),02-05-2025 16:04:12
--------------------------------------------------------------------------
--------------------------------------------------------------------------
Water Valves On / Off condifition failed  In watervalveonpff functionSystem.InvalidOperationException: Queue empty.
   at System.ThrowHelper.ThrowInvalidOperationException(ExceptionResource resource)
   at System.Collections.Generic.Queue`1.Dequeue()
   at HematoxinandEosin.Form_RunProto.<snd_rcvCmd>d__1046.MoveNext()
--- End of stack trace from previous location where exception was thrown ---
   at System.Runtime.CompilerServices.TaskAwaiter.ThrowForNonSuccess(Task task)
   at System.Runtime.CompilerServices.TaskAwaiter.HandleNonSuccessAndDebuggerNotification(Task task)
   at System.Runtime.CompilerServices.TaskAwaiter.GetResult()
   at HematoxinandEosin.Form_RunProto.<watervalveonpff>d__917.MoveNext(),02-05-2025 16:07:04
--------------------------------------------------------------------------
--------------------------------------------------------------------------
Water Valves On / Off condifition failed  In watervalveonpff functionSystem.InvalidOperationException: Queue empty.
   at System.ThrowHelper.ThrowInvalidOperationException(ExceptionResource resource)
   at System.Collections.Generic.Queue`1.Dequeue()
   at HematoxinandEosin.Form_RunProto.<snd_rcvCmd>d__1046.MoveNext()
--- End of stack trace from previous location where exception was thrown ---
   at System.Runtime.CompilerServices.TaskAwaiter.ThrowForNonSuccess(Task task)
   at System.Runtime.CompilerServices.TaskAwaiter.HandleNonSuccessAndDebuggerNotification(Task task)
   at System.Runtime.CompilerServices.TaskAwaiter.GetResult()
   at HematoxinandEosin.Form_RunProto.<watervalveonpff>d__917.MoveNext(),02-05-2025 16:08:02
--------------------------------------------------------------------------
--------------------------------------------------------------------------
Water Valves On / Off condifition failed  In watervalveonpff functionSystem.InvalidOperationException: Queue empty.
   at System.ThrowHelper.ThrowInvalidOperationException(ExceptionResource resource)
   at System.Collections.Generic.Queue`1.Dequeue()
   at HematoxinandEosin.Form_RunProto.<snd_rcvCmd>d__1046.MoveNext()
--- End of stack trace from previous location where exception was thrown ---
   at System.Runtime.CompilerServices.TaskAwaiter.ThrowForNonSuccess(Task task)
   at System.Runtime.CompilerServices.TaskAwaiter.HandleNonSuccessAndDebuggerNotification(Task task)
   at System.Runtime.CompilerServices.TaskAwaiter.GetResult()
   at HematoxinandEosin.Form_RunProto.<watervalveonpff>d__917.MoveNext(),02-05-2025 16:10:27
--------------------------------------------------------------------------
--------------------------------------------------------------------------
Water Valves On / Off condifition failed  In watervalveonpff functionSystem.InvalidOperationException: Queue empty.
   at System.ThrowHelper.ThrowInvalidOperationException(ExceptionResource resource)
   at System.Collections.Generic.Queue`1.Dequeue()
   at HematoxinandEosin.Form_RunProto.<snd_rcvCmd>d__1046.MoveNext()
--- End of stack trace from previous location where exception was thrown ---
   at System.Runtime.CompilerServices.TaskAwaiter.ThrowForNonSuccess(Task task)
   at System.Runtime.CompilerServices.TaskAwaiter.HandleNonSuccessAndDebuggerNotification(Task task)
   at System.Runtime.CompilerServices.TaskAwaiter.GetResult()
   at HematoxinandEosin.Form_RunProto.<watervalveonpff>d__917.MoveNext(),02-05-2025 16:12:55
--------------------------------------------------------------------------
--------------------------------------------------------------------------
Water Valves On / Off condifition failed  In watervalveonpff functionSystem.InvalidOperationException: Queue empty.
   at System.ThrowHelper.ThrowInvalidOperationException(ExceptionResource resource)
   at System.Collections.Generic.Queue`1.Dequeue()
   at HematoxinandEosin.Form_RunProto.<snd_rcvCmd>d__1046.MoveNext()
--- End of stack trace from previous location where exception was thrown ---
   at System.Runtime.CompilerServices.TaskAwaiter.ThrowForNonSuccess(Task task)
   at System.Runtime.CompilerServices.TaskAwaiter.HandleNonSuccessAndDebuggerNotification(Task task)
   at System.Runtime.CompilerServices.TaskAwaiter.GetResult()
   at HematoxinandEosin.Form_RunProto.<watervalveonpff>d__917.MoveNext(),02-05-2025 16:23:38
--------------------------------------------------------------------------
--------------------------------------------------------------------------
Water Valves On / Off condifition failed  In watervalveonpff functionSystem.InvalidOperationException: Queue empty.
   at System.ThrowHelper.ThrowInvalidOperationException(ExceptionResource resource)
   at System.Collections.Generic.Queue`1.Dequeue()
   at HematoxinandEosin.Form_RunProto.<snd_rcvCmd>d__1046.MoveNext()
--- End of stack trace from previous location where exception was thrown ---
   at System.Runtime.CompilerServices.TaskAwaiter.ThrowForNonSuccess(Task task)
   at System.Runtime.CompilerServices.TaskAwaiter.HandleNonSuccessAndDebuggerNotification(Task task)
   at System.Runtime.CompilerServices.TaskAwaiter.GetResult()
   at HematoxinandEosin.Form_RunProto.<watervalveonpff>d__917.MoveNext(),02-05-2025 16:28:14
--------------------------------------------------------------------------
--------------------------------------------------------------------------
Water Valves On / Off condifition failed  In watervalveonpff functionSystem.InvalidOperationException: Queue empty.
   at System.ThrowHelper.ThrowInvalidOperationException(ExceptionResource resource)
   at System.Collections.Generic.Queue`1.Dequeue()
   at HematoxinandEosin.Form_RunProto.<snd_rcvCmd>d__1046.MoveNext()
--- End of stack trace from previous location where exception was thrown ---
   at System.Runtime.CompilerServices.TaskAwaiter.ThrowForNonSuccess(Task task)
   at System.Runtime.CompilerServices.TaskAwaiter.HandleNonSuccessAndDebuggerNotification(Task task)
   at System.Runtime.CompilerServices.TaskAwaiter.GetResult()
   at HematoxinandEosin.Form_RunProto.<watervalveonpff>d__917.MoveNext(),02-05-2025 16:29:59
--------------------------------------------------------------------------
--------------------------------------------------------------------------
Water Valves On / Off condifition failed  In watervalveonpff functionSystem.InvalidOperationException: Queue empty.
   at System.ThrowHelper.ThrowInvalidOperationException(ExceptionResource resource)
   at System.Collections.Generic.Queue`1.Dequeue()
   at HematoxinandEosin.Form_RunProto.<snd_rcvCmd>d__1046.MoveNext()
--- End of stack trace from previous location where exception was thrown ---
   at System.Runtime.CompilerServices.TaskAwaiter.ThrowForNonSuccess(Task task)
   at System.Runtime.CompilerServices.TaskAwaiter.HandleNonSuccessAndDebuggerNotification(Task task)
   at System.Runtime.CompilerServices.TaskAwaiter.GetResult()
   at HematoxinandEosin.Form_RunProto.<watervalveonpff>d__917.MoveNext(),02-05-2025 16:30:46
--------------------------------------------------------------------------
--------------------------------------------------------------------------
Water Valves On / Off condifition failed  In watervalveonpff functionSystem.InvalidOperationException: Queue empty.
   at System.ThrowHelper.ThrowInvalidOperationException(ExceptionResource resource)
   at System.Collections.Generic.Queue`1.Dequeue()
   at HematoxinandEosin.Form_RunProto.<snd_rcvCmd>d__1046.MoveNext()
--- End of stack trace from previous location where exception was thrown ---
   at System.Runtime.CompilerServices.TaskAwaiter.ThrowForNonSuccess(Task task)
   at System.Runtime.CompilerServices.TaskAwaiter.HandleNonSuccessAndDebuggerNotification(Task task)
   at System.Runtime.CompilerServices.TaskAwaiter.GetResult()
   at HematoxinandEosin.Form_RunProto.<watervalveonpff>d__917.MoveNext(),02-05-2025 16:33:38
--------------------------------------------------------------------------
--------------------------------------------------------------------------
Water Valves On / Off condifition failed  In watervalveonpff functionSystem.InvalidOperationException: Queue empty.
   at System.ThrowHelper.ThrowInvalidOperationException(ExceptionResource resource)
   at System.Collections.Generic.Queue`1.Dequeue()
   at HematoxinandEosin.Form_RunProto.<snd_rcvCmd>d__1046.MoveNext()
--- End of stack trace from previous location where exception was thrown ---
   at System.Runtime.CompilerServices.TaskAwaiter.ThrowForNonSuccess(Task task)
   at System.Runtime.CompilerServices.TaskAwaiter.HandleNonSuccessAndDebuggerNotification(Task task)
   at System.Runtime.CompilerServices.TaskAwaiter.GetResult()
   at HematoxinandEosin.Form_RunProto.<watervalveonpff>d__917.MoveNext(),02-05-2025 16:34:36
--------------------------------------------------------------------------
--------------------------------------------------------------------------
Water Valves On / Off condifition failed  In watervalveonpff functionSystem.InvalidOperationException: Queue empty.
   at System.ThrowHelper.ThrowInvalidOperationException(ExceptionResource resource)
   at System.Collections.Generic.Queue`1.Dequeue()
   at HematoxinandEosin.Form_RunProto.<snd_rcvCmd>d__1046.MoveNext()
--- End of stack trace from previous location where exception was thrown ---
   at System.Runtime.CompilerServices.TaskAwaiter.ThrowForNonSuccess(Task task)
   at System.Runtime.CompilerServices.TaskAwaiter.HandleNonSuccessAndDebuggerNotification(Task task)
   at System.Runtime.CompilerServices.TaskAwaiter.GetResult()
   at HematoxinandEosin.Form_RunProto.<watervalveonpff>d__917.MoveNext(),02-05-2025 16:36:57
--------------------------------------------------------------------------
--------------------------------------------------------------------------
Water Valves On / Off condifition failed  In watervalveonpff functionSystem.InvalidOperationException: Queue empty.
   at System.ThrowHelper.ThrowInvalidOperationException(ExceptionResource resource)
   at System.Collections.Generic.Queue`1.Dequeue()
   at HematoxinandEosin.Form_RunProto.<snd_rcvCmd>d__1046.MoveNext()
--- End of stack trace from previous location where exception was thrown ---
   at System.Runtime.CompilerServices.TaskAwaiter.ThrowForNonSuccess(Task task)
   at System.Runtime.CompilerServices.TaskAwaiter.HandleNonSuccessAndDebuggerNotification(Task task)
   at System.Runtime.CompilerServices.TaskAwaiter.GetResult()
   at HematoxinandEosin.Form_RunProto.<watervalveonpff>d__917.MoveNext(),02-05-2025 16:37:18
--------------------------------------------------------------------------
--------------------------------------------------------------------------
Water Valves On / Off condifition failed  In watervalveonpff functionSystem.InvalidOperationException: Queue empty.
   at System.ThrowHelper.ThrowInvalidOperationException(ExceptionResource resource)
   at System.Collections.Generic.Queue`1.Dequeue()
   at HematoxinandEosin.Form_RunProto.<snd_rcvCmd>d__1046.MoveNext()
--- End of stack trace from previous location where exception was thrown ---
   at System.Runtime.CompilerServices.TaskAwaiter.ThrowForNonSuccess(Task task)
   at System.Runtime.CompilerServices.TaskAwaiter.HandleNonSuccessAndDebuggerNotification(Task task)
   at System.Runtime.CompilerServices.TaskAwaiter.GetResult()
   at HematoxinandEosin.Form_RunProto.<watervalveonpff>d__917.MoveNext(),02-05-2025 16:39:44
--------------------------------------------------------------------------
--------------------------------------------------------------------------
Water Valves On / Off condifition failed  In watervalveonpff functionSystem.InvalidOperationException: Queue empty.
   at System.ThrowHelper.ThrowInvalidOperationException(ExceptionResource resource)
   at System.Collections.Generic.Queue`1.Dequeue()
   at HematoxinandEosin.Form_RunProto.<snd_rcvCmd>d__1046.MoveNext()
--- End of stack trace from previous location where exception was thrown ---
   at System.Runtime.CompilerServices.TaskAwaiter.ThrowForNonSuccess(Task task)
   at System.Runtime.CompilerServices.TaskAwaiter.HandleNonSuccessAndDebuggerNotification(Task task)
   at System.Runtime.CompilerServices.TaskAwaiter.GetResult()
   at HematoxinandEosin.Form_RunProto.<watervalveonpff>d__917.MoveNext(),02-05-2025 16:41:56
--------------------------------------------------------------------------
--------------------------------------------------------------------------
Water Valves On / Off condifition failed  In watervalveonpff functionSystem.InvalidOperationException: Queue empty.
   at System.ThrowHelper.ThrowInvalidOperationException(ExceptionResource resource)
   at System.Collections.Generic.Queue`1.Dequeue()
   at HematoxinandEosin.Form_RunProto.<snd_rcvCmd>d__1046.MoveNext()
--- End of stack trace from previous location where exception was thrown ---
   at System.Runtime.CompilerServices.TaskAwaiter.ThrowForNonSuccess(Task task)
   at System.Runtime.CompilerServices.TaskAwaiter.HandleNonSuccessAndDebuggerNotification(Task task)
   at System.Runtime.CompilerServices.TaskAwaiter.GetResult()
   at HematoxinandEosin.Form_RunProto.<watervalveonpff>d__917.MoveNext(),02-05-2025 16:44:23
--------------------------------------------------------------------------
--------------------------------------------------------------------------
Water Valves On / Off condifition failed  In watervalveonpff functionSystem.InvalidOperationException: Queue empty.
   at System.ThrowHelper.ThrowInvalidOperationException(ExceptionResource resource)
   at System.Collections.Generic.Queue`1.Dequeue()
   at HematoxinandEosin.Form_RunProto.<snd_rcvCmd>d__1046.MoveNext()
--- End of stack trace from previous location where exception was thrown ---
   at System.Runtime.CompilerServices.TaskAwaiter.ThrowForNonSuccess(Task task)
   at System.Runtime.CompilerServices.TaskAwaiter.HandleNonSuccessAndDebuggerNotification(Task task)
   at System.Runtime.CompilerServices.TaskAwaiter.GetResult()
   at HematoxinandEosin.Form_RunProto.<watervalveonpff>d__917.MoveNext(),02-05-2025 16:44:41
--------------------------------------------------------------------------
--------------------------------------------------------------------------
Water Valves On / Off condifition failed  In watervalveonpff functionSystem.InvalidOperationException: Queue empty.
   at System.ThrowHelper.ThrowInvalidOperationException(ExceptionResource resource)
   at System.Collections.Generic.Queue`1.Dequeue()
   at HematoxinandEosin.Form_RunProto.<snd_rcvCmd>d__1046.MoveNext()
--- End of stack trace from previous location where exception was thrown ---
   at System.Runtime.CompilerServices.TaskAwaiter.ThrowForNonSuccess(Task task)
   at System.Runtime.CompilerServices.TaskAwaiter.HandleNonSuccessAndDebuggerNotification(Task task)
   at System.Runtime.CompilerServices.TaskAwaiter.GetResult()
   at HematoxinandEosin.Form_RunProto.<watervalveonpff>d__917.MoveNext(),02-05-2025 16:47:16
--------------------------------------------------------------------------
--------------------------------------------------------------------------
Water Valves On / Off condifition failed  In watervalveonpff functionSystem.InvalidOperationException: Queue empty.
   at System.ThrowHelper.ThrowInvalidOperationException(ExceptionResource resource)
   at System.Collections.Generic.Queue`1.Dequeue()
   at HematoxinandEosin.Form_RunProto.<snd_rcvCmd>d__1046.MoveNext()
--- End of stack trace from previous location where exception was thrown ---
   at System.Runtime.CompilerServices.TaskAwaiter.ThrowForNonSuccess(Task task)
   at System.Runtime.CompilerServices.TaskAwaiter.HandleNonSuccessAndDebuggerNotification(Task task)
   at System.Runtime.CompilerServices.TaskAwaiter.GetResult()
   at HematoxinandEosin.Form_RunProto.<watervalveonpff>d__917.MoveNext(),02-05-2025 16:49:27
--------------------------------------------------------------------------
--------------------------------------------------------------------------
Water Valves On / Off condifition failed  In watervalveonpff functionSystem.InvalidOperationException: Queue empty.
   at System.ThrowHelper.ThrowInvalidOperationException(ExceptionResource resource)
   at System.Collections.Generic.Queue`1.Dequeue()
   at HematoxinandEosin.Form_RunProto.<snd_rcvCmd>d__1046.MoveNext()
--- End of stack trace from previous location where exception was thrown ---
   at System.Runtime.CompilerServices.TaskAwaiter.ThrowForNonSuccess(Task task)
   at System.Runtime.CompilerServices.TaskAwaiter.HandleNonSuccessAndDebuggerNotification(Task task)
   at System.Runtime.CompilerServices.TaskAwaiter.GetResult()
   at HematoxinandEosin.Form_RunProto.<watervalveonpff>d__917.MoveNext(),02-05-2025 16:51:18
--------------------------------------------------------------------------
--------------------------------------------------------------------------
Water Valves On / Off condifition failed  In watervalveonpff functionSystem.InvalidOperationException: Queue empty.
   at System.ThrowHelper.ThrowInvalidOperationException(ExceptionResource resource)
   at System.Collections.Generic.Queue`1.Dequeue()
   at HematoxinandEosin.Form_RunProto.<snd_rcvCmd>d__1046.MoveNext()
--- End of stack trace from previous location where exception was thrown ---
   at System.Runtime.CompilerServices.TaskAwaiter.ThrowForNonSuccess(Task task)
   at System.Runtime.CompilerServices.TaskAwaiter.HandleNonSuccessAndDebuggerNotification(Task task)
   at System.Runtime.CompilerServices.TaskAwaiter.GetResult()
   at HematoxinandEosin.Form_RunProto.<watervalveonpff>d__917.MoveNext(),02-05-2025 16:52:04
--------------------------------------------------------------------------
--------------------------------------------------------------------------
Water Valves On / Off condifition failed  In watervalveonpff functionSystem.InvalidOperationException: Queue empty.
   at System.ThrowHelper.ThrowInvalidOperationException(ExceptionResource resource)
   at System.Collections.Generic.Queue`1.Dequeue()
   at HematoxinandEosin.Form_RunProto.<snd_rcvCmd>d__1046.MoveNext()
--- End of stack trace from previous location where exception was thrown ---
   at System.Runtime.CompilerServices.TaskAwaiter.ThrowForNonSuccess(Task task)
   at System.Runtime.CompilerServices.TaskAwaiter.HandleNonSuccessAndDebuggerNotification(Task task)
   at System.Runtime.CompilerServices.TaskAwaiter.GetResult()
   at HematoxinandEosin.Form_RunProto.<watervalveonpff>d__917.MoveNext(),02-05-2025 16:54:42
--------------------------------------------------------------------------
--------------------------------------------------------------------------
Water Valves On / Off condifition failed  In watervalveonpff functionSystem.InvalidOperationException: Queue empty.
   at System.ThrowHelper.ThrowInvalidOperationException(ExceptionResource resource)
   at System.Collections.Generic.Queue`1.Dequeue()
   at HematoxinandEosin.Form_RunProto.<snd_rcvCmd>d__1046.MoveNext()
--- End of stack trace from previous location where exception was thrown ---
   at System.Runtime.CompilerServices.TaskAwaiter.ThrowForNonSuccess(Task task)
   at System.Runtime.CompilerServices.TaskAwaiter.HandleNonSuccessAndDebuggerNotification(Task task)
   at System.Runtime.CompilerServices.TaskAwaiter.GetResult()
   at HematoxinandEosin.Form_RunProto.<watervalveonpff>d__917.MoveNext(),02-05-2025 16:56:26
--------------------------------------------------------------------------
--------------------------------------------------------------------------
Water Valves On / Off condifition failed  In watervalveonpff functionSystem.InvalidOperationException: Queue empty.
   at System.ThrowHelper.ThrowInvalidOperationException(ExceptionResource resource)
   at System.Collections.Generic.Queue`1.Dequeue()
   at HematoxinandEosin.Form_RunProto.<snd_rcvCmd>d__1046.MoveNext()
--- End of stack trace from previous location where exception was thrown ---
   at System.Runtime.CompilerServices.TaskAwaiter.ThrowForNonSuccess(Task task)
   at System.Runtime.CompilerServices.TaskAwaiter.HandleNonSuccessAndDebuggerNotification(Task task)
   at System.Runtime.CompilerServices.TaskAwaiter.GetResult()
   at HematoxinandEosin.Form_RunProto.<watervalveonpff>d__917.MoveNext(),02-05-2025 16:58:02
--------------------------------------------------------------------------
--------------------------------------------------------------------------
Water Valves On / Off condifition failed  In watervalveonpff functionSystem.InvalidOperationException: Queue empty.
   at System.ThrowHelper.ThrowInvalidOperationException(ExceptionResource resource)
   at System.Collections.Generic.Queue`1.Dequeue()
   at HematoxinandEosin.Form_RunProto.<snd_rcvCmd>d__1046.MoveNext()
--- End of stack trace from previous location where exception was thrown ---
   at System.Runtime.CompilerServices.TaskAwaiter.ThrowForNonSuccess(Task task)
   at System.Runtime.CompilerServices.TaskAwaiter.HandleNonSuccessAndDebuggerNotification(Task task)
   at System.Runtime.CompilerServices.TaskAwaiter.GetResult()
   at HematoxinandEosin.Form_RunProto.<watervalveonpff>d__917.MoveNext(),02-05-2025 16:59:03
--------------------------------------------------------------------------
--------------------------------------------------------------------------
Water Valves On / Off condifition failed  In watervalveonpff functionSystem.InvalidOperationException: Queue empty.
   at System.ThrowHelper.ThrowInvalidOperationException(ExceptionResource resource)
   at System.Collections.Generic.Queue`1.Dequeue()
   at HematoxinandEosin.Form_RunProto.<snd_rcvCmd>d__1046.MoveNext()
--- End of stack trace from previous location where exception was thrown ---
   at System.Runtime.CompilerServices.TaskAwaiter.ThrowForNonSuccess(Task task)
   at System.Runtime.CompilerServices.TaskAwaiter.HandleNonSuccessAndDebuggerNotification(Task task)
   at System.Runtime.CompilerServices.TaskAwaiter.GetResult()
   at HematoxinandEosin.Form_RunProto.<watervalveonpff>d__917.MoveNext(),02-05-2025 17:01:54
--------------------------------------------------------------------------
--------------------------------------------------------------------------
Water Valves On / Off condifition failed  In watervalveonpff functionSystem.InvalidOperationException: Queue empty.
   at System.ThrowHelper.ThrowInvalidOperationException(ExceptionResource resource)
   at System.Collections.Generic.Queue`1.Dequeue()
   at HematoxinandEosin.Form_RunProto.<snd_rcvCmd>d__1046.MoveNext()
--- End of stack trace from previous location where exception was thrown ---
   at System.Runtime.CompilerServices.TaskAwaiter.ThrowForNonSuccess(Task task)
   at System.Runtime.CompilerServices.TaskAwaiter.HandleNonSuccessAndDebuggerNotification(Task task)
   at System.Runtime.CompilerServices.TaskAwaiter.GetResult()
   at HematoxinandEosin.Form_RunProto.<watervalveonpff>d__917.MoveNext(),02-05-2025 17:02:45
--------------------------------------------------------------------------
--------------------------------------------------------------------------
Water Valves On / Off condifition failed  In watervalveonpff functionSystem.InvalidOperationException: Queue empty.
   at System.ThrowHelper.ThrowInvalidOperationException(ExceptionResource resource)
   at System.Collections.Generic.Queue`1.Dequeue()
   at HematoxinandEosin.Form_RunProto.<snd_rcvCmd>d__1046.MoveNext()
--- End of stack trace from previous location where exception was thrown ---
   at System.Runtime.CompilerServices.TaskAwaiter.ThrowForNonSuccess(Task task)
   at System.Runtime.CompilerServices.TaskAwaiter.HandleNonSuccessAndDebuggerNotification(Task task)
   at System.Runtime.CompilerServices.TaskAwaiter.GetResult()
   at HematoxinandEosin.Form_RunProto.<watervalveonpff>d__917.MoveNext(),02-05-2025 17:05:10
--------------------------------------------------------------------------
--------------------------------------------------------------------------
Water Valves On / Off condifition failed  In watervalveonpff functionSystem.InvalidOperationException: Queue empty.
   at System.ThrowHelper.ThrowInvalidOperationException(ExceptionResource resource)
   at System.Collections.Generic.Queue`1.Dequeue()
   at HematoxinandEosin.Form_RunProto.<snd_rcvCmd>d__1046.MoveNext()
--- End of stack trace from previous location where exception was thrown ---
   at System.Runtime.CompilerServices.TaskAwaiter.ThrowForNonSuccess(Task task)
   at System.Runtime.CompilerServices.TaskAwaiter.HandleNonSuccessAndDebuggerNotification(Task task)
   at System.Runtime.CompilerServices.TaskAwaiter.GetResult()
   at HematoxinandEosin.Form_RunProto.<watervalveonpff>d__917.MoveNext(),02-05-2025 17:07:37
--------------------------------------------------------------------------
--------------------------------------------------------------------------
Water Valves On / Off condifition failed  In watervalveonpff functionSystem.InvalidOperationException: Queue empty.
   at System.ThrowHelper.ThrowInvalidOperationException(ExceptionResource resource)
   at System.Collections.Generic.Queue`1.Dequeue()
   at HematoxinandEosin.Form_RunProto.<snd_rcvCmd>d__1046.MoveNext()
--- End of stack trace from previous location where exception was thrown ---
   at System.Runtime.CompilerServices.TaskAwaiter.ThrowForNonSuccess(Task task)
   at System.Runtime.CompilerServices.TaskAwaiter.HandleNonSuccessAndDebuggerNotification(Task task)
   at System.Runtime.CompilerServices.TaskAwaiter.GetResult()
   at HematoxinandEosin.Form_RunProto.<watervalveonpff>d__917.MoveNext(),02-05-2025 17:18:57
--------------------------------------------------------------------------
--------------------------------------------------------------------------
Water Valves On / Off condifition failed  In watervalveonpff functionSystem.InvalidOperationException: Queue empty.
   at System.ThrowHelper.ThrowInvalidOperationException(ExceptionResource resource)
   at System.Collections.Generic.Queue`1.Dequeue()
   at HematoxinandEosin.Form_RunProto.<snd_rcvCmd>d__1046.MoveNext()
--- End of stack trace from previous location where exception was thrown ---
   at System.Runtime.CompilerServices.TaskAwaiter.ThrowForNonSuccess(Task task)
   at System.Runtime.CompilerServices.TaskAwaiter.HandleNonSuccessAndDebuggerNotification(Task task)
   at System.Runtime.CompilerServices.TaskAwaiter.GetResult()
   at HematoxinandEosin.Form_RunProto.<watervalveonpff>d__917.MoveNext(),02-05-2025 17:23:44
--------------------------------------------------------------------------
--------------------------------------------------------------------------
Water Valves On / Off condifition failed  In watervalveonpff functionSystem.InvalidOperationException: Queue empty.
   at System.ThrowHelper.ThrowInvalidOperationException(ExceptionResource resource)
   at System.Collections.Generic.Queue`1.Dequeue()
   at HematoxinandEosin.Form_RunProto.<snd_rcvCmd>d__1046.MoveNext()
--- End of stack trace from previous location where exception was thrown ---
   at System.Runtime.CompilerServices.TaskAwaiter.ThrowForNonSuccess(Task task)
   at System.Runtime.CompilerServices.TaskAwaiter.HandleNonSuccessAndDebuggerNotification(Task task)
   at System.Runtime.CompilerServices.TaskAwaiter.GetResult()
   at HematoxinandEosin.Form_RunProto.<watervalveonpff>d__917.MoveNext(),02-05-2025 17:24:21
--------------------------------------------------------------------------
--------------------------------------------------------------------------
Water Valves On / Off condifition failed  In watervalveonpff functionSystem.InvalidOperationException: Queue empty.
   at System.ThrowHelper.ThrowInvalidOperationException(ExceptionResource resource)
   at System.Collections.Generic.Queue`1.Dequeue()
   at HematoxinandEosin.Form_RunProto.<snd_rcvCmd>d__1046.MoveNext()
--- End of stack trace from previous location where exception was thrown ---
   at System.Runtime.CompilerServices.TaskAwaiter.ThrowForNonSuccess(Task task)
   at System.Runtime.CompilerServices.TaskAwaiter.HandleNonSuccessAndDebuggerNotification(Task task)
   at System.Runtime.CompilerServices.TaskAwaiter.GetResult()
   at HematoxinandEosin.Form_RunProto.<watervalveonpff>d__917.MoveNext(),02-05-2025 17:26:11
--------------------------------------------------------------------------
--------------------------------------------------------------------------
Water Valves On / Off condifition failed  In watervalveonpff functionSystem.InvalidOperationException: Queue empty.
   at System.ThrowHelper.ThrowInvalidOperationException(ExceptionResource resource)
   at System.Collections.Generic.Queue`1.Dequeue()
   at HematoxinandEosin.Form_RunProto.<snd_rcvCmd>d__1046.MoveNext()
--- End of stack trace from previous location where exception was thrown ---
   at System.Runtime.CompilerServices.TaskAwaiter.ThrowForNonSuccess(Task task)
   at System.Runtime.CompilerServices.TaskAwaiter.HandleNonSuccessAndDebuggerNotification(Task task)
   at System.Runtime.CompilerServices.TaskAwaiter.GetResult()
   at HematoxinandEosin.Form_RunProto.<watervalveonpff>d__917.MoveNext(),02-05-2025 17:28:40
--------------------------------------------------------------------------
--------------------------------------------------------------------------
Water Valves On / Off condifition failed  In watervalveonpff functionSystem.InvalidOperationException: Queue empty.
   at System.ThrowHelper.ThrowInvalidOperationException(ExceptionResource resource)
   at System.Collections.Generic.Queue`1.Dequeue()
   at HematoxinandEosin.Form_RunProto.<snd_rcvCmd>d__1046.MoveNext()
--- End of stack trace from previous location where exception was thrown ---
   at System.Runtime.CompilerServices.TaskAwaiter.ThrowForNonSuccess(Task task)
   at System.Runtime.CompilerServices.TaskAwaiter.HandleNonSuccessAndDebuggerNotification(Task task)
   at System.Runtime.CompilerServices.TaskAwaiter.GetResult()
   at HematoxinandEosin.Form_RunProto.<watervalveonpff>d__917.MoveNext(),02-05-2025 17:29:21
--------------------------------------------------------------------------
--------------------------------------------------------------------------
Water Valves On / Off condifition failed  In watervalveonpff functionSystem.InvalidOperationException: Queue empty.
   at System.ThrowHelper.ThrowInvalidOperationException(ExceptionResource resource)
   at System.Collections.Generic.Queue`1.Dequeue()
   at HematoxinandEosin.Form_RunProto.<snd_rcvCmd>d__1046.MoveNext()
--- End of stack trace from previous location where exception was thrown ---
   at System.Runtime.CompilerServices.TaskAwaiter.ThrowForNonSuccess(Task task)
   at System.Runtime.CompilerServices.TaskAwaiter.HandleNonSuccessAndDebuggerNotification(Task task)
   at System.Runtime.CompilerServices.TaskAwaiter.GetResult()
   at HematoxinandEosin.Form_RunProto.<watervalveonpff>d__917.MoveNext(),02-05-2025 17:31:20
--------------------------------------------------------------------------
--------------------------------------------------------------------------
Water Valves On / Off condifition failed  In watervalveonpff functionSystem.InvalidOperationException: Queue empty.
   at System.ThrowHelper.ThrowInvalidOperationException(ExceptionResource resource)
   at System.Collections.Generic.Queue`1.Dequeue()
   at HematoxinandEosin.Form_RunProto.<snd_rcvCmd>d__1046.MoveNext()
--- End of stack trace from previous location where exception was thrown ---
   at System.Runtime.CompilerServices.TaskAwaiter.ThrowForNonSuccess(Task task)
   at System.Runtime.CompilerServices.TaskAwaiter.HandleNonSuccessAndDebuggerNotification(Task task)
   at System.Runtime.CompilerServices.TaskAwaiter.GetResult()
   at HematoxinandEosin.Form_RunProto.<watervalveonpff>d__917.MoveNext(),02-05-2025 17:31:47
--------------------------------------------------------------------------
--------------------------------------------------------------------------
Water Valves On / Off condifition failed  In watervalveonpff functionSystem.InvalidOperationException: Queue empty.
   at System.ThrowHelper.ThrowInvalidOperationException(ExceptionResource resource)
   at System.Collections.Generic.Queue`1.Dequeue()
   at HematoxinandEosin.Form_RunProto.<snd_rcvCmd>d__1046.MoveNext()
--- End of stack trace from previous location where exception was thrown ---
   at System.Runtime.CompilerServices.TaskAwaiter.ThrowForNonSuccess(Task task)
   at System.Runtime.CompilerServices.TaskAwaiter.HandleNonSuccessAndDebuggerNotification(Task task)
   at System.Runtime.CompilerServices.TaskAwaiter.GetResult()
   at HematoxinandEosin.Form_RunProto.<watervalveonpff>d__917.MoveNext(),02-05-2025 17:34:13
--------------------------------------------------------------------------
--------------------------------------------------------------------------
Water Valves On / Off condifition failed  In watervalveonpff functionSystem.InvalidOperationException: Queue empty.
   at System.ThrowHelper.ThrowInvalidOperationException(ExceptionResource resource)
   at System.Collections.Generic.Queue`1.Dequeue()
   at HematoxinandEosin.Form_RunProto.<snd_rcvCmd>d__1046.MoveNext()
--- End of stack trace from previous location where exception was thrown ---
   at System.Runtime.CompilerServices.TaskAwaiter.ThrowForNonSuccess(Task task)
   at System.Runtime.CompilerServices.TaskAwaiter.HandleNonSuccessAndDebuggerNotification(Task task)
   at System.Runtime.CompilerServices.TaskAwaiter.GetResult()
   at HematoxinandEosin.Form_RunProto.<watervalveonpff>d__917.MoveNext(),02-05-2025 17:36:11
--------------------------------------------------------------------------
--------------------------------------------------------------------------
Water Valves On / Off condifition failed  In watervalveonpff functionSystem.InvalidOperationException: Queue empty.
   at System.ThrowHelper.ThrowInvalidOperationException(ExceptionResource resource)
   at System.Collections.Generic.Queue`1.Dequeue()
   at HematoxinandEosin.Form_RunProto.<snd_rcvCmd>d__1046.MoveNext()
--- End of stack trace from previous location where exception was thrown ---
   at System.Runtime.CompilerServices.TaskAwaiter.ThrowForNonSuccess(Task task)
   at System.Runtime.CompilerServices.TaskAwaiter.HandleNonSuccessAndDebuggerNotification(Task task)
   at System.Runtime.CompilerServices.TaskAwaiter.GetResult()
   at HematoxinandEosin.Form_RunProto.<watervalveonpff>d__917.MoveNext(),02-05-2025 17:39:05
--------------------------------------------------------------------------
--------------------------------------------------------------------------
Water Valves On / Off condifition failed  In watervalveonpff functionSystem.InvalidOperationException: Queue empty.
   at System.ThrowHelper.ThrowInvalidOperationException(ExceptionResource resource)
   at System.Collections.Generic.Queue`1.Dequeue()
   at HematoxinandEosin.Form_RunProto.<snd_rcvCmd>d__1046.MoveNext()
--- End of stack trace from previous location where exception was thrown ---
   at System.Runtime.CompilerServices.TaskAwaiter.ThrowForNonSuccess(Task task)
   at System.Runtime.CompilerServices.TaskAwaiter.HandleNonSuccessAndDebuggerNotification(Task task)
   at System.Runtime.CompilerServices.TaskAwaiter.GetResult()
   at HematoxinandEosin.Form_RunProto.<watervalveonpff>d__917.MoveNext(),02-05-2025 17:40:45
--------------------------------------------------------------------------
--------------------------------------------------------------------------
Water Valves On / Off condifition failed  In watervalveonpff functionSystem.InvalidOperationException: Queue empty.
   at System.ThrowHelper.ThrowInvalidOperationException(ExceptionResource resource)
   at System.Collections.Generic.Queue`1.Dequeue()
   at HematoxinandEosin.Form_RunProto.<snd_rcvCmd>d__1046.MoveNext()
--- End of stack trace from previous location where exception was thrown ---
   at System.Runtime.CompilerServices.TaskAwaiter.ThrowForNonSuccess(Task task)
   at System.Runtime.CompilerServices.TaskAwaiter.HandleNonSuccessAndDebuggerNotification(Task task)
   at System.Runtime.CompilerServices.TaskAwaiter.GetResult()
   at HematoxinandEosin.Form_RunProto.<watervalveonpff>d__917.MoveNext(),02-05-2025 17:42:00
--------------------------------------------------------------------------
--------------------------------------------------------------------------
Water Valves On / Off condifition failed  In watervalveonpff functionSystem.InvalidOperationException: Queue empty.
   at System.ThrowHelper.ThrowInvalidOperationException(ExceptionResource resource)
   at System.Collections.Generic.Queue`1.Dequeue()
   at HematoxinandEosin.Form_RunProto.<snd_rcvCmd>d__1046.MoveNext()
--- End of stack trace from previous location where exception was thrown ---
   at System.Runtime.CompilerServices.TaskAwaiter.ThrowForNonSuccess(Task task)
   at System.Runtime.CompilerServices.TaskAwaiter.HandleNonSuccessAndDebuggerNotification(Task task)
   at System.Runtime.CompilerServices.TaskAwaiter.GetResult()
   at HematoxinandEosin.Form_RunProto.<watervalveonpff>d__917.MoveNext(),02-05-2025 17:45:30
--------------------------------------------------------------------------
--------------------------------------------------------------------------
Water Valves On / Off condifition failed  In watervalveonpff functionSystem.InvalidOperationException: Queue empty.
   at System.ThrowHelper.ThrowInvalidOperationException(ExceptionResource resource)
   at System.Collections.Generic.Queue`1.Dequeue()
   at HematoxinandEosin.Form_RunProto.<snd_rcvCmd>d__1046.MoveNext()
--- End of stack trace from previous location where exception was thrown ---
   at System.Runtime.CompilerServices.TaskAwaiter.ThrowForNonSuccess(Task task)
   at System.Runtime.CompilerServices.TaskAwaiter.HandleNonSuccessAndDebuggerNotification(Task task)
   at System.Runtime.CompilerServices.TaskAwaiter.GetResult()
   at HematoxinandEosin.Form_RunProto.<watervalveonpff>d__917.MoveNext(),02-05-2025 17:45:50
--------------------------------------------------------------------------
--------------------------------------------------------------------------
Water Valves On / Off condifition failed  In watervalveonpff functionSystem.InvalidOperationException: Queue empty.
   at System.ThrowHelper.ThrowInvalidOperationException(ExceptionResource resource)
   at System.Collections.Generic.Queue`1.Dequeue()
   at HematoxinandEosin.Form_RunProto.<snd_rcvCmd>d__1046.MoveNext()
--- End of stack trace from previous location where exception was thrown ---
   at System.Runtime.CompilerServices.TaskAwaiter.ThrowForNonSuccess(Task task)
   at System.Runtime.CompilerServices.TaskAwaiter.HandleNonSuccessAndDebuggerNotification(Task task)
   at System.Runtime.CompilerServices.TaskAwaiter.GetResult()
   at HematoxinandEosin.Form_RunProto.<watervalveonpff>d__917.MoveNext(),02-05-2025 17:48:14
--------------------------------------------------------------------------
--------------------------------------------------------------------------
Water Valves On / Off condifition failed  In watervalveonpff functionSystem.InvalidOperationException: Queue empty.
   at System.ThrowHelper.ThrowInvalidOperationException(ExceptionResource resource)
   at System.Collections.Generic.Queue`1.Dequeue()
   at HematoxinandEosin.Form_RunProto.<snd_rcvCmd>d__1046.MoveNext()
--- End of stack trace from previous location where exception was thrown ---
   at System.Runtime.CompilerServices.TaskAwaiter.ThrowForNonSuccess(Task task)
   at System.Runtime.CompilerServices.TaskAwaiter.HandleNonSuccessAndDebuggerNotification(Task task)
   at System.Runtime.CompilerServices.TaskAwaiter.GetResult()
   at HematoxinandEosin.Form_RunProto.<watervalveonpff>d__917.MoveNext(),02-05-2025 17:49:18
--------------------------------------------------------------------------
--------------------------------------------------------------------------
Water Valves On / Off condifition failed  In watervalveonpff functionSystem.InvalidOperationException: Queue empty.
   at System.ThrowHelper.ThrowInvalidOperationException(ExceptionResource resource)
   at System.Collections.Generic.Queue`1.Dequeue()
   at HematoxinandEosin.Form_RunProto.<snd_rcvCmd>d__1046.MoveNext()
--- End of stack trace from previous location where exception was thrown ---
   at System.Runtime.CompilerServices.TaskAwaiter.ThrowForNonSuccess(Task task)
   at System.Runtime.CompilerServices.TaskAwaiter.HandleNonSuccessAndDebuggerNotification(Task task)
   at System.Runtime.CompilerServices.TaskAwaiter.GetResult()
   at HematoxinandEosin.Form_RunProto.<watervalveonpff>d__917.MoveNext(),02-05-2025 17:50:23
--------------------------------------------------------------------------
--------------------------------------------------------------------------
Water Valves On / Off condifition failed  In watervalveonpff functionSystem.InvalidOperationException: Queue empty.
   at System.ThrowHelper.ThrowInvalidOperationException(ExceptionResource resource)
   at System.Collections.Generic.Queue`1.Dequeue()
   at HematoxinandEosin.Form_RunProto.<snd_rcvCmd>d__1046.MoveNext()
--- End of stack trace from previous location where exception was thrown ---
   at System.Runtime.CompilerServices.TaskAwaiter.ThrowForNonSuccess(Task task)
   at System.Runtime.CompilerServices.TaskAwaiter.HandleNonSuccessAndDebuggerNotification(Task task)
   at System.Runtime.CompilerServices.TaskAwaiter.GetResult()
   at HematoxinandEosin.Form_RunProto.<watervalveonpff>d__917.MoveNext(),02-05-2025 17:50:43
--------------------------------------------------------------------------
--------------------------------------------------------------------------
Water Valves On / Off condifition failed  In watervalveonpff functionSystem.InvalidOperationException: Queue empty.
   at System.ThrowHelper.ThrowInvalidOperationException(ExceptionResource resource)
   at System.Collections.Generic.Queue`1.Dequeue()
   at HematoxinandEosin.Form_RunProto.<snd_rcvCmd>d__1046.MoveNext()
--- End of stack trace from previous location where exception was thrown ---
   at System.Runtime.CompilerServices.TaskAwaiter.ThrowForNonSuccess(Task task)
   at System.Runtime.CompilerServices.TaskAwaiter.HandleNonSuccessAndDebuggerNotification(Task task)
   at System.Runtime.CompilerServices.TaskAwaiter.GetResult()
   at HematoxinandEosin.Form_RunProto.<watervalveonpff>d__917.MoveNext(),02-05-2025 17:52:15
--------------------------------------------------------------------------
--------------------------------------------------------------------------
Water Valves On / Off condifition failed  In watervalveonpff functionSystem.InvalidOperationException: Queue empty.
   at System.ThrowHelper.ThrowInvalidOperationException(ExceptionResource resource)
   at System.Collections.Generic.Queue`1.Dequeue()
   at HematoxinandEosin.Form_RunProto.<snd_rcvCmd>d__1046.MoveNext()
--- End of stack trace from previous location where exception was thrown ---
   at System.Runtime.CompilerServices.TaskAwaiter.ThrowForNonSuccess(Task task)
   at System.Runtime.CompilerServices.TaskAwaiter.HandleNonSuccessAndDebuggerNotification(Task task)
   at System.Runtime.CompilerServices.TaskAwaiter.GetResult()
   at HematoxinandEosin.Form_RunProto.<watervalveonpff>d__917.MoveNext(),02-05-2025 17:52:55
--------------------------------------------------------------------------
--------------------------------------------------------------------------
Water Valves On / Off condifition failed  In watervalveonpff functionSystem.InvalidOperationException: Queue empty.
   at System.ThrowHelper.ThrowInvalidOperationException(ExceptionResource resource)
   at System.Collections.Generic.Queue`1.Dequeue()
   at HematoxinandEosin.Form_RunProto.<snd_rcvCmd>d__1046.MoveNext()
--- End of stack trace from previous location where exception was thrown ---
   at System.Runtime.CompilerServices.TaskAwaiter.ThrowForNonSuccess(Task task)
   at System.Runtime.CompilerServices.TaskAwaiter.HandleNonSuccessAndDebuggerNotification(Task task)
   at System.Runtime.CompilerServices.TaskAwaiter.GetResult()
   at HematoxinandEosin.Form_RunProto.<watervalveonpff>d__917.MoveNext(),02-05-2025 17:55:51
--------------------------------------------------------------------------
--------------------------------------------------------------------------
Water Valves On / Off condifition failed  In watervalveonpff functionSystem.InvalidOperationException: Queue empty.
   at System.ThrowHelper.ThrowInvalidOperationException(ExceptionResource resource)
   at System.Collections.Generic.Queue`1.Dequeue()
   at HematoxinandEosin.Form_RunProto.<snd_rcvCmd>d__1046.MoveNext()
--- End of stack trace from previous location where exception was thrown ---
   at System.Runtime.CompilerServices.TaskAwaiter.ThrowForNonSuccess(Task task)
   at System.Runtime.CompilerServices.TaskAwaiter.HandleNonSuccessAndDebuggerNotification(Task task)
   at System.Runtime.CompilerServices.TaskAwaiter.GetResult()
   at HematoxinandEosin.Form_RunProto.<watervalveonpff>d__917.MoveNext(),02-05-2025 17:56:50
--------------------------------------------------------------------------
--------------------------------------------------------------------------
Water Valves On / Off condifition failed  In watervalveonpff functionSystem.InvalidOperationException: Queue empty.
   at System.ThrowHelper.ThrowInvalidOperationException(ExceptionResource resource)
   at System.Collections.Generic.Queue`1.Dequeue()
   at HematoxinandEosin.Form_RunProto.<snd_rcvCmd>d__1046.MoveNext()
--- End of stack trace from previous location where exception was thrown ---
   at System.Runtime.CompilerServices.TaskAwaiter.ThrowForNonSuccess(Task task)
   at System.Runtime.CompilerServices.TaskAwaiter.HandleNonSuccessAndDebuggerNotification(Task task)
   at System.Runtime.CompilerServices.TaskAwaiter.GetResult()
   at HematoxinandEosin.Form_RunProto.<watervalveonpff>d__917.MoveNext(),02-05-2025 17:59:14
--------------------------------------------------------------------------
--------------------------------------------------------------------------
Water Valves On / Off condifition failed  In watervalveonpff functionSystem.InvalidOperationException: Queue empty.
   at System.ThrowHelper.ThrowInvalidOperationException(ExceptionResource resource)
   at System.Collections.Generic.Queue`1.Dequeue()
   at HematoxinandEosin.Form_RunProto.<snd_rcvCmd>d__1046.MoveNext()
--- End of stack trace from previous location where exception was thrown ---
   at System.Runtime.CompilerServices.TaskAwaiter.ThrowForNonSuccess(Task task)
   at System.Runtime.CompilerServices.TaskAwaiter.HandleNonSuccessAndDebuggerNotification(Task task)
   at System.Runtime.CompilerServices.TaskAwaiter.GetResult()
   at HematoxinandEosin.Form_RunProto.<watervalveonpff>d__917.MoveNext(),02-05-2025 18:01:38
--------------------------------------------------------------------------
--------------------------------------------------------------------------
Water Valves On / Off condifition failed  In watervalveonpff functionSystem.InvalidOperationException: Queue empty.
   at System.ThrowHelper.ThrowInvalidOperationException(ExceptionResource resource)
   at System.Collections.Generic.Queue`1.Dequeue()
   at HematoxinandEosin.Form_RunProto.<snd_rcvCmd>d__1046.MoveNext()
--- End of stack trace from previous location where exception was thrown ---
   at System.Runtime.CompilerServices.TaskAwaiter.ThrowForNonSuccess(Task task)
   at System.Runtime.CompilerServices.TaskAwaiter.HandleNonSuccessAndDebuggerNotification(Task task)
   at System.Runtime.CompilerServices.TaskAwaiter.GetResult()
   at HematoxinandEosin.Form_RunProto.<watervalveonpff>d__917.MoveNext(),02-05-2025 18:08:23
--------------------------------------------------------------------------
--------------------------------------------------------------------------
Water Valves On / Off condifition failed  In watervalveonpff functionSystem.InvalidOperationException: Queue empty.
   at System.ThrowHelper.ThrowInvalidOperationException(ExceptionResource resource)
   at System.Collections.Generic.Queue`1.Dequeue()
   at HematoxinandEosin.Form_RunProto.<snd_rcvCmd>d__1046.MoveNext()
--- End of stack trace from previous location where exception was thrown ---
   at System.Runtime.CompilerServices.TaskAwaiter.ThrowForNonSuccess(Task task)
   at System.Runtime.CompilerServices.TaskAwaiter.HandleNonSuccessAndDebuggerNotification(Task task)
   at System.Runtime.CompilerServices.TaskAwaiter.GetResult()
   at HematoxinandEosin.Form_RunProto.<watervalveonpff>d__917.MoveNext(),02-05-2025 18:13:13
--------------------------------------------------------------------------
--------------------------------------------------------------------------
Water Valves On / Off condifition failed  In watervalveonpff functionSystem.InvalidOperationException: Queue empty.
   at System.ThrowHelper.ThrowInvalidOperationException(ExceptionResource resource)
   at System.Collections.Generic.Queue`1.Dequeue()
   at HematoxinandEosin.Form_RunProto.<snd_rcvCmd>d__1046.MoveNext()
--- End of stack trace from previous location where exception was thrown ---
   at System.Runtime.CompilerServices.TaskAwaiter.ThrowForNonSuccess(Task task)
   at System.Runtime.CompilerServices.TaskAwaiter.HandleNonSuccessAndDebuggerNotification(Task task)
   at System.Runtime.CompilerServices.TaskAwaiter.GetResult()
   at HematoxinandEosin.Form_RunProto.<watervalveonpff>d__917.MoveNext(),02-05-2025 18:15:39
--------------------------------------------------------------------------
--------------------------------------------------------------------------
Water Valves On / Off condifition failed  In watervalveonpff functionSystem.InvalidOperationException: Queue empty.
   at System.ThrowHelper.ThrowInvalidOperationException(ExceptionResource resource)
   at System.Collections.Generic.Queue`1.Dequeue()
   at HematoxinandEosin.Form_RunProto.<snd_rcvCmd>d__1046.MoveNext()
--- End of stack trace from previous location where exception was thrown ---
   at System.Runtime.CompilerServices.TaskAwaiter.ThrowForNonSuccess(Task task)
   at System.Runtime.CompilerServices.TaskAwaiter.HandleNonSuccessAndDebuggerNotification(Task task)
   at System.Runtime.CompilerServices.TaskAwaiter.GetResult()
   at HematoxinandEosin.Form_RunProto.<watervalveonpff>d__917.MoveNext(),02-05-2025 18:18:07
--------------------------------------------------------------------------
--------------------------------------------------------------------------
Water Valves On / Off condifition failed  In watervalveonpff functionSystem.InvalidOperationException: Queue empty.
   at System.ThrowHelper.ThrowInvalidOperationException(ExceptionResource resource)
   at System.Collections.Generic.Queue`1.Dequeue()
   at HematoxinandEosin.Form_RunProto.<snd_rcvCmd>d__1046.MoveNext()
--- End of stack trace from previous location where exception was thrown ---
   at System.Runtime.CompilerServices.TaskAwaiter.ThrowForNonSuccess(Task task)
   at System.Runtime.CompilerServices.TaskAwaiter.HandleNonSuccessAndDebuggerNotification(Task task)
   at System.Runtime.CompilerServices.TaskAwaiter.GetResult()
   at HematoxinandEosin.Form_RunProto.<watervalveonpff>d__917.MoveNext(),02-05-2025 18:19:22
--------------------------------------------------------------------------
--------------------------------------------------------------------------
Water Valves On / Off condifition failed  In watervalveonpff functionSystem.InvalidOperationException: Queue empty.
   at System.ThrowHelper.ThrowInvalidOperationException(ExceptionResource resource)
   at System.Collections.Generic.Queue`1.Dequeue()
   at HematoxinandEosin.Form_RunProto.<snd_rcvCmd>d__1046.MoveNext()
--- End of stack trace from previous location where exception was thrown ---
   at System.Runtime.CompilerServices.TaskAwaiter.ThrowForNonSuccess(Task task)
   at System.Runtime.CompilerServices.TaskAwaiter.HandleNonSuccessAndDebuggerNotification(Task task)
   at System.Runtime.CompilerServices.TaskAwaiter.GetResult()
   at HematoxinandEosin.Form_RunProto.<watervalveonpff>d__917.MoveNext(),02-05-2025 18:24:11
--------------------------------------------------------------------------
--------------------------------------------------------------------------
Water Valves On / Off condifition failed  In watervalveonpff functionSystem.InvalidOperationException: Queue empty.
   at System.ThrowHelper.ThrowInvalidOperationException(ExceptionResource resource)
   at System.Collections.Generic.Queue`1.Dequeue()
   at HematoxinandEosin.Form_RunProto.<snd_rcvCmd>d__1046.MoveNext()
--- End of stack trace from previous location where exception was thrown ---
   at System.Runtime.CompilerServices.TaskAwaiter.ThrowForNonSuccess(Task task)
   at System.Runtime.CompilerServices.TaskAwaiter.HandleNonSuccessAndDebuggerNotification(Task task)
   at System.Runtime.CompilerServices.TaskAwaiter.GetResult()
   at HematoxinandEosin.Form_RunProto.<watervalveonpff>d__917.MoveNext(),02-05-2025 18:25:37
--------------------------------------------------------------------------
--------------------------------------------------------------------------
Water Valves On / Off condifition failed  In watervalveonpff functionSystem.InvalidOperationException: Queue empty.
   at System.ThrowHelper.ThrowInvalidOperationException(ExceptionResource resource)
   at System.Collections.Generic.Queue`1.Dequeue()
   at HematoxinandEosin.Form_RunProto.<snd_rcvCmd>d__1046.MoveNext()
--- End of stack trace from previous location where exception was thrown ---
   at System.Runtime.CompilerServices.TaskAwaiter.ThrowForNonSuccess(Task task)
   at System.Runtime.CompilerServices.TaskAwaiter.HandleNonSuccessAndDebuggerNotification(Task task)
   at System.Runtime.CompilerServices.TaskAwaiter.GetResult()
   at HematoxinandEosin.Form_RunProto.<watervalveonpff>d__917.MoveNext(),02-05-2025 18:26:38
--------------------------------------------------------------------------
--------------------------------------------------------------------------
Water Valves On / Off condifition failed  In watervalveonpff functionSystem.InvalidOperationException: Queue empty.
   at System.ThrowHelper.ThrowInvalidOperationException(ExceptionResource resource)
   at System.Collections.Generic.Queue`1.Dequeue()
   at HematoxinandEosin.Form_RunProto.<snd_rcvCmd>d__1046.MoveNext()
--- End of stack trace from previous location where exception was thrown ---
   at System.Runtime.CompilerServices.TaskAwaiter.ThrowForNonSuccess(Task task)
   at System.Runtime.CompilerServices.TaskAwaiter.HandleNonSuccessAndDebuggerNotification(Task task)
   at System.Runtime.CompilerServices.TaskAwaiter.GetResult()
   at HematoxinandEosin.Form_RunProto.<watervalveonpff>d__917.MoveNext(),02-05-2025 18:29:25
--------------------------------------------------------------------------
--------------------------------------------------------------------------
Water Valves On / Off condifition failed  In watervalveonpff functionSystem.InvalidOperationException: Queue empty.
   at System.ThrowHelper.ThrowInvalidOperationException(ExceptionResource resource)
   at System.Collections.Generic.Queue`1.Dequeue()
   at HematoxinandEosin.Form_RunProto.<snd_rcvCmd>d__1046.MoveNext()
--- End of stack trace from previous location where exception was thrown ---
   at System.Runtime.CompilerServices.TaskAwaiter.ThrowForNonSuccess(Task task)
   at System.Runtime.CompilerServices.TaskAwaiter.HandleNonSuccessAndDebuggerNotification(Task task)
   at System.Runtime.CompilerServices.TaskAwaiter.GetResult()
   at HematoxinandEosin.Form_RunProto.<watervalveonpff>d__917.MoveNext(),02-05-2025 18:30:48
--------------------------------------------------------------------------
--------------------------------------------------------------------------
Water Valves On / Off condifition failed  In watervalveonpff functionSystem.InvalidOperationException: Queue empty.
   at System.ThrowHelper.ThrowInvalidOperationException(ExceptionResource resource)
   at System.Collections.Generic.Queue`1.Dequeue()
   at HematoxinandEosin.Form_RunProto.<snd_rcvCmd>d__1046.MoveNext()
--- End of stack trace from previous location where exception was thrown ---
   at System.Runtime.CompilerServices.TaskAwaiter.ThrowForNonSuccess(Task task)
   at System.Runtime.CompilerServices.TaskAwaiter.HandleNonSuccessAndDebuggerNotification(Task task)
   at System.Runtime.CompilerServices.TaskAwaiter.GetResult()
   at HematoxinandEosin.Form_RunProto.<watervalveonpff>d__917.MoveNext(),02-05-2025 18:32:49
--------------------------------------------------------------------------
--------------------------------------------------------------------------
Water Valves On / Off condifition failed  In watervalveonpff functionSystem.InvalidOperationException: Queue empty.
   at System.ThrowHelper.ThrowInvalidOperationException(ExceptionResource resource)
   at System.Collections.Generic.Queue`1.Dequeue()
   at HematoxinandEosin.Form_RunProto.<snd_rcvCmd>d__1046.MoveNext()
--- End of stack trace from previous location where exception was thrown ---
   at System.Runtime.CompilerServices.TaskAwaiter.ThrowForNonSuccess(Task task)
   at System.Runtime.CompilerServices.TaskAwaiter.HandleNonSuccessAndDebuggerNotification(Task task)
   at System.Runtime.CompilerServices.TaskAwaiter.GetResult()
   at HematoxinandEosin.Form_RunProto.<watervalveonpff>d__917.MoveNext(),02-05-2025 18:33:30
--------------------------------------------------------------------------
--------------------------------------------------------------------------
Water Valves On / Off condifition failed  In watervalveonpff functionSystem.InvalidOperationException: Queue empty.
   at System.ThrowHelper.ThrowInvalidOperationException(ExceptionResource resource)
   at System.Collections.Generic.Queue`1.Dequeue()
   at HematoxinandEosin.Form_RunProto.<snd_rcvCmd>d__1046.MoveNext()
--- End of stack trace from previous location where exception was thrown ---
   at System.Runtime.CompilerServices.TaskAwaiter.ThrowForNonSuccess(Task task)
   at System.Runtime.CompilerServices.TaskAwaiter.HandleNonSuccessAndDebuggerNotification(Task task)
   at System.Runtime.CompilerServices.TaskAwaiter.GetResult()
   at HematoxinandEosin.Form_RunProto.<watervalveonpff>d__917.MoveNext(),02-05-2025 18:35:55
--------------------------------------------------------------------------
--------------------------------------------------------------------------
Water Valves On / Off condifition failed  In watervalveonpff functionSystem.InvalidOperationException: Queue empty.
   at System.ThrowHelper.ThrowInvalidOperationException(ExceptionResource resource)
   at System.Collections.Generic.Queue`1.Dequeue()
   at HematoxinandEosin.Form_RunProto.<snd_rcvCmd>d__1046.MoveNext()
--- End of stack trace from previous location where exception was thrown ---
   at System.Runtime.CompilerServices.TaskAwaiter.ThrowForNonSuccess(Task task)
   at System.Runtime.CompilerServices.TaskAwaiter.HandleNonSuccessAndDebuggerNotification(Task task)
   at System.Runtime.CompilerServices.TaskAwaiter.GetResult()
   at HematoxinandEosin.Form_RunProto.<watervalveonpff>d__917.MoveNext(),02-05-2025 18:37:53
--------------------------------------------------------------------------
--------------------------------------------------------------------------
Water Valves On / Off condifition failed  In watervalveonpff functionSystem.InvalidOperationException: Queue empty.
   at System.ThrowHelper.ThrowInvalidOperationException(ExceptionResource resource)
   at System.Collections.Generic.Queue`1.Dequeue()
   at HematoxinandEosin.Form_RunProto.<snd_rcvCmd>d__1046.MoveNext()
--- End of stack trace from previous location where exception was thrown ---
   at System.Runtime.CompilerServices.TaskAwaiter.ThrowForNonSuccess(Task task)
   at System.Runtime.CompilerServices.TaskAwaiter.HandleNonSuccessAndDebuggerNotification(Task task)
   at System.Runtime.CompilerServices.TaskAwaiter.GetResult()
   at HematoxinandEosin.Form_RunProto.<watervalveonpff>d__917.MoveNext(),02-05-2025 18:39:52
--------------------------------------------------------------------------
--------------------------------------------------------------------------
Water Valves On / Off condifition failed  In watervalveonpff functionSystem.InvalidOperationException: Queue empty.
   at System.ThrowHelper.ThrowInvalidOperationException(ExceptionResource resource)
   at System.Collections.Generic.Queue`1.Dequeue()
   at HematoxinandEosin.Form_RunProto.<snd_rcvCmd>d__1046.MoveNext()
--- End of stack trace from previous location where exception was thrown ---
   at System.Runtime.CompilerServices.TaskAwaiter.ThrowForNonSuccess(Task task)
   at System.Runtime.CompilerServices.TaskAwaiter.HandleNonSuccessAndDebuggerNotification(Task task)
   at System.Runtime.CompilerServices.TaskAwaiter.GetResult()
   at HematoxinandEosin.Form_RunProto.<watervalveonpff>d__917.MoveNext(),02-05-2025 18:40:35
--------------------------------------------------------------------------
--------------------------------------------------------------------------
Water Valves On / Off condifition failed  In watervalveonpff functionSystem.InvalidOperationException: Queue empty.
   at System.ThrowHelper.ThrowInvalidOperationException(ExceptionResource resource)
   at System.Collections.Generic.Queue`1.Dequeue()
   at HematoxinandEosin.Form_RunProto.<snd_rcvCmd>d__1046.MoveNext()
--- End of stack trace from previous location where exception was thrown ---
   at System.Runtime.CompilerServices.TaskAwaiter.ThrowForNonSuccess(Task task)
   at System.Runtime.CompilerServices.TaskAwaiter.HandleNonSuccessAndDebuggerNotification(Task task)
   at System.Runtime.CompilerServices.TaskAwaiter.GetResult()
   at HematoxinandEosin.Form_RunProto.<watervalveonpff>d__917.MoveNext(),02-05-2025 18:43:07
--------------------------------------------------------------------------
--------------------------------------------------------------------------
Water Valves On / Off condifition failed  In watervalveonpff functionSystem.InvalidOperationException: Queue empty.
   at System.ThrowHelper.ThrowInvalidOperationException(ExceptionResource resource)
   at System.Collections.Generic.Queue`1.Dequeue()
   at HematoxinandEosin.Form_RunProto.<snd_rcvCmd>d__1046.MoveNext()
--- End of stack trace from previous location where exception was thrown ---
   at System.Runtime.CompilerServices.TaskAwaiter.ThrowForNonSuccess(Task task)
   at System.Runtime.CompilerServices.TaskAwaiter.HandleNonSuccessAndDebuggerNotification(Task task)
   at System.Runtime.CompilerServices.TaskAwaiter.GetResult()
   at HematoxinandEosin.Form_RunProto.<watervalveonpff>d__917.MoveNext(),02-05-2025 18:44:53
--------------------------------------------------------------------------
--------------------------------------------------------------------------
Water Valves On / Off condifition failed  In watervalveonpff functionSystem.InvalidOperationException: Queue empty.
   at System.ThrowHelper.ThrowInvalidOperationException(ExceptionResource resource)
   at System.Collections.Generic.Queue`1.Dequeue()
   at HematoxinandEosin.Form_RunProto.<snd_rcvCmd>d__1046.MoveNext()
--- End of stack trace from previous location where exception was thrown ---
   at System.Runtime.CompilerServices.TaskAwaiter.ThrowForNonSuccess(Task task)
   at System.Runtime.CompilerServices.TaskAwaiter.HandleNonSuccessAndDebuggerNotification(Task task)
   at System.Runtime.CompilerServices.TaskAwaiter.GetResult()
   at HematoxinandEosin.Form_RunProto.<watervalveonpff>d__917.MoveNext(),02-05-2025 18:46:20
--------------------------------------------------------------------------
--------------------------------------------------------------------------
Water Valves On / Off condifition failed  In watervalveonpff functionSystem.InvalidOperationException: Queue empty.
   at System.ThrowHelper.ThrowInvalidOperationException(ExceptionResource resource)
   at System.Collections.Generic.Queue`1.Dequeue()
   at HematoxinandEosin.Form_RunProto.<snd_rcvCmd>d__1046.MoveNext()
--- End of stack trace from previous location where exception was thrown ---
   at System.Runtime.CompilerServices.TaskAwaiter.ThrowForNonSuccess(Task task)
   at System.Runtime.CompilerServices.TaskAwaiter.HandleNonSuccessAndDebuggerNotification(Task task)
   at System.Runtime.CompilerServices.TaskAwaiter.GetResult()
   at HematoxinandEosin.Form_RunProto.<watervalveonpff>d__917.MoveNext(),02-05-2025 18:47:30
--------------------------------------------------------------------------
--------------------------------------------------------------------------
Water Valves On / Off condifition failed  In watervalveonpff functionSystem.InvalidOperationException: Queue empty.
   at System.ThrowHelper.ThrowInvalidOperationException(ExceptionResource resource)
   at System.Collections.Generic.Queue`1.Dequeue()
   at HematoxinandEosin.Form_RunProto.<snd_rcvCmd>d__1046.MoveNext()
--- End of stack trace from previous location where exception was thrown ---
   at System.Runtime.CompilerServices.TaskAwaiter.ThrowForNonSuccess(Task task)
   at System.Runtime.CompilerServices.TaskAwaiter.HandleNonSuccessAndDebuggerNotification(Task task)
   at System.Runtime.CompilerServices.TaskAwaiter.GetResult()
   at HematoxinandEosin.Form_RunProto.<watervalveonpff>d__917.MoveNext(),02-05-2025 18:50:11
--------------------------------------------------------------------------
--------------------------------------------------------------------------
Water Valves On / Off condifition failed  In watervalveonpff functionSystem.InvalidOperationException: Queue empty.
   at System.ThrowHelper.ThrowInvalidOperationException(ExceptionResource resource)
   at System.Collections.Generic.Queue`1.Dequeue()
   at HematoxinandEosin.Form_RunProto.<snd_rcvCmd>d__1046.MoveNext()
--- End of stack trace from previous location where exception was thrown ---
   at System.Runtime.CompilerServices.TaskAwaiter.ThrowForNonSuccess(Task task)
   at System.Runtime.CompilerServices.TaskAwaiter.HandleNonSuccessAndDebuggerNotification(Task task)
   at System.Runtime.CompilerServices.TaskAwaiter.GetResult()
   at HematoxinandEosin.Form_RunProto.<watervalveonpff>d__917.MoveNext(),02-05-2025 18:50:51
--------------------------------------------------------------------------
--------------------------------------------------------------------------
Water Valves On / Off condifition failed  In watervalveonpff functionSystem.InvalidOperationException: Queue empty.
   at System.ThrowHelper.ThrowInvalidOperationException(ExceptionResource resource)
   at System.Collections.Generic.Queue`1.Dequeue()
   at HematoxinandEosin.Form_RunProto.<snd_rcvCmd>d__1046.MoveNext()
--- End of stack trace from previous location where exception was thrown ---
   at System.Runtime.CompilerServices.TaskAwaiter.ThrowForNonSuccess(Task task)
   at System.Runtime.CompilerServices.TaskAwaiter.HandleNonSuccessAndDebuggerNotification(Task task)
   at System.Runtime.CompilerServices.TaskAwaiter.GetResult()
   at HematoxinandEosin.Form_RunProto.<watervalveonpff>d__917.MoveNext(),02-05-2025 18:53:20
--------------------------------------------------------------------------
--------------------------------------------------------------------------
Water Valves On / Off condifition failed  In watervalveonpff functionSystem.InvalidOperationException: Queue empty.
   at System.ThrowHelper.ThrowInvalidOperationException(ExceptionResource resource)
   at System.Collections.Generic.Queue`1.Dequeue()
   at HematoxinandEosin.Form_RunProto.<snd_rcvCmd>d__1046.MoveNext()
--- End of stack trace from previous location where exception was thrown ---
   at System.Runtime.CompilerServices.TaskAwaiter.ThrowForNonSuccess(Task task)
   at System.Runtime.CompilerServices.TaskAwaiter.HandleNonSuccessAndDebuggerNotification(Task task)
   at System.Runtime.CompilerServices.TaskAwaiter.GetResult()
   at HematoxinandEosin.Form_RunProto.<watervalveonpff>d__917.MoveNext(),02-05-2025 18:53:36
--------------------------------------------------------------------------
--------------------------------------------------------------------------
Water Valves On / Off condifition failed  In watervalveonpff functionSystem.InvalidOperationException: Queue empty.
   at System.ThrowHelper.ThrowInvalidOperationException(ExceptionResource resource)
   at System.Collections.Generic.Queue`1.Dequeue()
   at HematoxinandEosin.Form_RunProto.<snd_rcvCmd>d__1046.MoveNext()
--- End of stack trace from previous location where exception was thrown ---
   at System.Runtime.CompilerServices.TaskAwaiter.ThrowForNonSuccess(Task task)
   at System.Runtime.CompilerServices.TaskAwaiter.HandleNonSuccessAndDebuggerNotification(Task task)
   at System.Runtime.CompilerServices.TaskAwaiter.GetResult()
   at HematoxinandEosin.Form_RunProto.<watervalveonpff>d__917.MoveNext(),02-05-2025 18:55:51
--------------------------------------------------------------------------
