--------------------------------------------------------------------------
Water Valves On / Off condifition failed  In watervalveonpff functionSystem.InvalidOperationException: Queue empty.
   at System.ThrowHelper.ThrowInvalidOperationException(ExceptionResource resource)
   at System.Collections.Generic.Queue`1.Dequeue()
   at HematoxinandEosin.Form_RunProto.<snd_rcvCmd>d__1046.MoveNext()
--- End of stack trace from previous location where exception was thrown ---
   at System.Runtime.CompilerServices.TaskAwaiter.ThrowForNonSuccess(Task task)
   at System.Runtime.CompilerServices.TaskAwaiter.HandleNonSuccessAndDebuggerNotification(Task task)
   at System.Runtime.CompilerServices.TaskAwaiter.GetResult()
   at HematoxinandEosin.Form_RunProto.<watervalveonpff>d__917.MoveNext(),19-05-2025 11:13:01
--------------------------------------------------------------------------
--------------------------------------------------------------------------
Communication Failed for func_code: 11, SeqNo: 228,19-05-2025 11:18:00
--------------------------------------------------------------------------
--------------------------------------------------------------------------
Communication Failed for func_code: 11, SeqNo: 227,19-05-2025 11:18:08
--------------------------------------------------------------------------
--------------------------------------------------------------------------
Communication Failed for func_code: 11, SeqNo: 227,19-05-2025 11:18:10
--------------------------------------------------------------------------
--------------------------------------------------------------------------
Communication Failed for func_code: 11, SeqNo: 227,19-05-2025 11:18:11
--------------------------------------------------------------------------
--------------------------------------------------------------------------
Communication Failed for func_code: 11, SeqNo: 227,19-05-2025 11:18:12
--------------------------------------------------------------------------
--------------------------------------------------------------------------
Communication Failed for func_code: 12, SeqNo: 227,19-05-2025 11:19:06
--------------------------------------------------------------------------
--------------------------------------------------------------------------
Water Valves On / Off condifition failed  In watervalveonpff functionSystem.InvalidOperationException: Queue empty.
   at System.ThrowHelper.ThrowInvalidOperationException(ExceptionResource resource)
   at System.Collections.Generic.Queue`1.Dequeue()
   at HematoxinandEosin.Form_RunProto.<snd_rcvCmd>d__1047.MoveNext()
--- End of stack trace from previous location where exception was thrown ---
   at System.Runtime.CompilerServices.TaskAwaiter.ThrowForNonSuccess(Task task)
   at System.Runtime.CompilerServices.TaskAwaiter.HandleNonSuccessAndDebuggerNotification(Task task)
   at System.Runtime.CompilerServices.TaskAwaiter.GetResult()
   at HematoxinandEosin.Form_RunProto.<watervalveonpff>d__917.MoveNext(),19-05-2025 12:08:37
--------------------------------------------------------------------------
--------------------------------------------------------------------------
Water Valves On / Off condifition failed  In watervalveonpff functionSystem.InvalidOperationException: Queue empty.
   at System.ThrowHelper.ThrowInvalidOperationException(ExceptionResource resource)
   at System.Collections.Generic.Queue`1.Dequeue()
   at HematoxinandEosin.Form_RunProto.<snd_rcvCmd>d__1047.MoveNext()
--- End of stack trace from previous location where exception was thrown ---
   at System.Runtime.CompilerServices.TaskAwaiter.ThrowForNonSuccess(Task task)
   at System.Runtime.CompilerServices.TaskAwaiter.HandleNonSuccessAndDebuggerNotification(Task task)
   at System.Runtime.CompilerServices.TaskAwaiter.GetResult()
   at HematoxinandEosin.Form_RunProto.<watervalveonpff>d__917.MoveNext(),19-05-2025 12:21:20
--------------------------------------------------------------------------
--------------------------------------------------------------------------
Water Valves On / Off condifition failed  In watervalveonpff functionSystem.InvalidOperationException: Queue empty.
   at System.ThrowHelper.ThrowInvalidOperationException(ExceptionResource resource)
   at System.Collections.Generic.Queue`1.Dequeue()
   at HematoxinandEosin.Form_RunProto.<snd_rcvCmd>d__1047.MoveNext()
--- End of stack trace from previous location where exception was thrown ---
   at System.Runtime.CompilerServices.TaskAwaiter.ThrowForNonSuccess(Task task)
   at System.Runtime.CompilerServices.TaskAwaiter.HandleNonSuccessAndDebuggerNotification(Task task)
   at System.Runtime.CompilerServices.TaskAwaiter.GetResult()
   at HematoxinandEosin.Form_RunProto.<watervalveonpff>d__917.MoveNext(),19-05-2025 12:23:41
--------------------------------------------------------------------------
--------------------------------------------------------------------------
Water Valves On / Off condifition failed  In watervalveonpff functionSystem.InvalidOperationException: Queue empty.
   at System.ThrowHelper.ThrowInvalidOperationException(ExceptionResource resource)
   at System.Collections.Generic.Queue`1.Dequeue()
   at HematoxinandEosin.Form_RunProto.<snd_rcvCmd>d__1047.MoveNext()
--- End of stack trace from previous location where exception was thrown ---
   at System.Runtime.CompilerServices.TaskAwaiter.ThrowForNonSuccess(Task task)
   at System.Runtime.CompilerServices.TaskAwaiter.HandleNonSuccessAndDebuggerNotification(Task task)
   at System.Runtime.CompilerServices.TaskAwaiter.GetResult()
   at HematoxinandEosin.Form_RunProto.<watervalveonpff>d__917.MoveNext(),19-05-2025 12:24:57
--------------------------------------------------------------------------
--------------------------------------------------------------------------
Water Valves On / Off condifition failed  In watervalveonpff functionSystem.InvalidOperationException: Queue empty.
   at System.ThrowHelper.ThrowInvalidOperationException(ExceptionResource resource)
   at System.Collections.Generic.Queue`1.Dequeue()
   at HematoxinandEosin.Form_RunProto.<snd_rcvCmd>d__1047.MoveNext()
--- End of stack trace from previous location where exception was thrown ---
   at System.Runtime.CompilerServices.TaskAwaiter.ThrowForNonSuccess(Task task)
   at System.Runtime.CompilerServices.TaskAwaiter.HandleNonSuccessAndDebuggerNotification(Task task)
   at System.Runtime.CompilerServices.TaskAwaiter.GetResult()
   at HematoxinandEosin.Form_RunProto.<watervalveonpff>d__917.MoveNext(),19-05-2025 12:26:03
--------------------------------------------------------------------------
--------------------------------------------------------------------------
Water Valves On / Off condifition failed  In watervalveonpff functionSystem.InvalidOperationException: Queue empty.
   at System.ThrowHelper.ThrowInvalidOperationException(ExceptionResource resource)
   at System.Collections.Generic.Queue`1.Dequeue()
   at HematoxinandEosin.Form_RunProto.<snd_rcvCmd>d__1047.MoveNext()
--- End of stack trace from previous location where exception was thrown ---
   at System.Runtime.CompilerServices.TaskAwaiter.ThrowForNonSuccess(Task task)
   at System.Runtime.CompilerServices.TaskAwaiter.HandleNonSuccessAndDebuggerNotification(Task task)
   at System.Runtime.CompilerServices.TaskAwaiter.GetResult()
   at HematoxinandEosin.Form_RunProto.<watervalveonpff>d__917.MoveNext(),19-05-2025 15:04:35
--------------------------------------------------------------------------
--------------------------------------------------------------------------
Water Valves On / Off condifition failed  In watervalveonpff functionSystem.InvalidOperationException: Queue empty.
   at System.ThrowHelper.ThrowInvalidOperationException(ExceptionResource resource)
   at System.Collections.Generic.Queue`1.Dequeue()
   at HematoxinandEosin.Form_RunProto.<snd_rcvCmd>d__1047.MoveNext() in E:\PathnSituProjects\HENewProj\HematoxinandEosin\HematoxinandEosin\Form_RunProto.cs:line 13500
--- End of stack trace from previous location where exception was thrown ---
   at System.Runtime.CompilerServices.TaskAwaiter.ThrowForNonSuccess(Task task)
   at System.Runtime.CompilerServices.TaskAwaiter.HandleNonSuccessAndDebuggerNotification(Task task)
   at System.Runtime.CompilerServices.TaskAwaiter.GetResult()
   at HematoxinandEosin.Form_RunProto.<watervalveonpff>d__917.MoveNext() in E:\PathnSituProjects\HENewProj\HematoxinandEosin\HematoxinandEosin\Form_RunProto.cs:line 1478,19-05-2025 16:06:54
--------------------------------------------------------------------------
--------------------------------------------------------------------------
Water Valves On / Off condifition failed  In watervalveonpff functionSystem.InvalidOperationException: Queue empty.
   at System.ThrowHelper.ThrowInvalidOperationException(ExceptionResource resource)
   at System.Collections.Generic.Queue`1.Dequeue()
   at HematoxinandEosin.Form_RunProto.<snd_rcvCmd>d__1047.MoveNext() in E:\PathnSituProjects\HENewProj\HematoxinandEosin\HematoxinandEosin\Form_RunProto.cs:line 13500
--- End of stack trace from previous location where exception was thrown ---
   at System.Runtime.CompilerServices.TaskAwaiter.ThrowForNonSuccess(Task task)
   at System.Runtime.CompilerServices.TaskAwaiter.HandleNonSuccessAndDebuggerNotification(Task task)
   at System.Runtime.CompilerServices.TaskAwaiter.GetResult()
   at HematoxinandEosin.Form_RunProto.<watervalveonpff>d__917.MoveNext() in E:\PathnSituProjects\HENewProj\HematoxinandEosin\HematoxinandEosin\Form_RunProto.cs:line 1478,19-05-2025 16:19:25
--------------------------------------------------------------------------
--------------------------------------------------------------------------
Water Valves On / Off condifition failed  In watervalveonpff functionSystem.InvalidOperationException: Queue empty.
   at System.ThrowHelper.ThrowInvalidOperationException(ExceptionResource resource)
   at System.Collections.Generic.Queue`1.Dequeue()
   at HematoxinandEosin.Form_RunProto.<snd_rcvCmd>d__1047.MoveNext()
--- End of stack trace from previous location where exception was thrown ---
   at System.Runtime.CompilerServices.TaskAwaiter.ThrowForNonSuccess(Task task)
   at System.Runtime.CompilerServices.TaskAwaiter.HandleNonSuccessAndDebuggerNotification(Task task)
   at System.Runtime.CompilerServices.TaskAwaiter.GetResult()
   at HematoxinandEosin.Form_RunProto.<watervalveonpff>d__917.MoveNext(),19-05-2025 16:28:54
--------------------------------------------------------------------------
--------------------------------------------------------------------------
Water Valves On / Off condifition failed  In watervalveonpff functionSystem.InvalidOperationException: Queue empty.
   at System.ThrowHelper.ThrowInvalidOperationException(ExceptionResource resource)
   at System.Collections.Generic.Queue`1.Dequeue()
   at HematoxinandEosin.Form_RunProto.<snd_rcvCmd>d__1047.MoveNext()
--- End of stack trace from previous location where exception was thrown ---
   at System.Runtime.CompilerServices.TaskAwaiter.ThrowForNonSuccess(Task task)
   at System.Runtime.CompilerServices.TaskAwaiter.HandleNonSuccessAndDebuggerNotification(Task task)
   at System.Runtime.CompilerServices.TaskAwaiter.GetResult()
   at HematoxinandEosin.Form_RunProto.<watervalveonpff>d__917.MoveNext(),19-05-2025 16:30:10
--------------------------------------------------------------------------
--------------------------------------------------------------------------
Water Valves On / Off condifition failed  In watervalveonpff functionSystem.InvalidOperationException: Queue empty.
   at System.ThrowHelper.ThrowInvalidOperationException(ExceptionResource resource)
   at System.Collections.Generic.Queue`1.Dequeue()
   at HematoxinandEosin.Form_RunProto.<snd_rcvCmd>d__1047.MoveNext()
--- End of stack trace from previous location where exception was thrown ---
   at System.Runtime.CompilerServices.TaskAwaiter.ThrowForNonSuccess(Task task)
   at System.Runtime.CompilerServices.TaskAwaiter.HandleNonSuccessAndDebuggerNotification(Task task)
   at System.Runtime.CompilerServices.TaskAwaiter.GetResult()
   at HematoxinandEosin.Form_RunProto.<watervalveonpff>d__917.MoveNext(),19-05-2025 16:39:46
--------------------------------------------------------------------------
--------------------------------------------------------------------------
Water Valves On / Off condifition failed  In watervalveonpff functionSystem.InvalidOperationException: Queue empty.
   at System.ThrowHelper.ThrowInvalidOperationException(ExceptionResource resource)
   at System.Collections.Generic.Queue`1.Dequeue()
   at HematoxinandEosin.Form_RunProto.<snd_rcvCmd>d__1047.MoveNext()
--- End of stack trace from previous location where exception was thrown ---
   at System.Runtime.CompilerServices.TaskAwaiter.ThrowForNonSuccess(Task task)
   at System.Runtime.CompilerServices.TaskAwaiter.HandleNonSuccessAndDebuggerNotification(Task task)
   at System.Runtime.CompilerServices.TaskAwaiter.GetResult()
   at HematoxinandEosin.Form_RunProto.<watervalveonpff>d__917.MoveNext(),19-05-2025 16:41:01
--------------------------------------------------------------------------
--------------------------------------------------------------------------
Water Valves On / Off condifition failed  In watervalveonpff functionSystem.InvalidOperationException: Queue empty.
   at System.ThrowHelper.ThrowInvalidOperationException(ExceptionResource resource)
   at System.Collections.Generic.Queue`1.Dequeue()
   at HematoxinandEosin.Form_RunProto.<snd_rcvCmd>d__1047.MoveNext()
--- End of stack trace from previous location where exception was thrown ---
   at System.Runtime.CompilerServices.TaskAwaiter.ThrowForNonSuccess(Task task)
   at System.Runtime.CompilerServices.TaskAwaiter.HandleNonSuccessAndDebuggerNotification(Task task)
   at System.Runtime.CompilerServices.TaskAwaiter.GetResult()
   at HematoxinandEosin.Form_RunProto.<watervalveonpff>d__917.MoveNext(),19-05-2025 17:12:14
--------------------------------------------------------------------------
--------------------------------------------------------------------------
Water Valves On / Off condifition failed  In watervalveonpff functionSystem.InvalidOperationException: Queue empty.
   at System.ThrowHelper.ThrowInvalidOperationException(ExceptionResource resource)
   at System.Collections.Generic.Queue`1.Dequeue()
   at HematoxinandEosin.Form_RunProto.<snd_rcvCmd>d__1047.MoveNext()
--- End of stack trace from previous location where exception was thrown ---
   at System.Runtime.CompilerServices.TaskAwaiter.ThrowForNonSuccess(Task task)
   at System.Runtime.CompilerServices.TaskAwaiter.HandleNonSuccessAndDebuggerNotification(Task task)
   at System.Runtime.CompilerServices.TaskAwaiter.GetResult()
   at HematoxinandEosin.Form_RunProto.<watervalveonpff>d__917.MoveNext(),19-05-2025 17:13:30
--------------------------------------------------------------------------
--------------------------------------------------------------------------
Water Valves On / Off condifition failed  In watervalveonpff functionSystem.InvalidOperationException: Queue empty.
   at System.ThrowHelper.ThrowInvalidOperationException(ExceptionResource resource)
   at System.Collections.Generic.Queue`1.Dequeue()
   at HematoxinandEosin.Form_RunProto.<snd_rcvCmd>d__1047.MoveNext()
--- End of stack trace from previous location where exception was thrown ---
   at System.Runtime.CompilerServices.TaskAwaiter.ThrowForNonSuccess(Task task)
   at System.Runtime.CompilerServices.TaskAwaiter.HandleNonSuccessAndDebuggerNotification(Task task)
   at System.Runtime.CompilerServices.TaskAwaiter.GetResult()
   at HematoxinandEosin.Form_RunProto.<watervalveonpff>d__917.MoveNext(),19-05-2025 17:18:05
--------------------------------------------------------------------------
--------------------------------------------------------------------------
Water Valves On / Off condifition failed  In watervalveonpff functionSystem.InvalidOperationException: Queue empty.
   at System.ThrowHelper.ThrowInvalidOperationException(ExceptionResource resource)
   at System.Collections.Generic.Queue`1.Dequeue()
   at HematoxinandEosin.Form_RunProto.<snd_rcvCmd>d__1047.MoveNext()
--- End of stack trace from previous location where exception was thrown ---
   at System.Runtime.CompilerServices.TaskAwaiter.ThrowForNonSuccess(Task task)
   at System.Runtime.CompilerServices.TaskAwaiter.HandleNonSuccessAndDebuggerNotification(Task task)
   at System.Runtime.CompilerServices.TaskAwaiter.GetResult()
   at HematoxinandEosin.Form_RunProto.<watervalveonpff>d__917.MoveNext(),19-05-2025 17:19:20
--------------------------------------------------------------------------
