,ps,18-12-2023,-,-,0,18-12-2023 15:19:43,December,Rack Hold Status - 00
,ps,18-12-2023,-,-,0,18-12-2023 15:19:55,December,Home Reached
,ps,18-12-2023,-,-,0,18-12-2023 15:20:00,December,Home Reached
,ps,18-12-2023,-,-,0,18-12-2023 15:20:00,December,
,ps,18-12-2023,U1,-,0,18-12-2023 15:20:10,December,Liquid Level - 2515
,ps,18-12-2023,U2,-,0,18-12-2023 15:20:13,December,Liquid Level - 2525
,ps,18-12-2023,U3,-,0,18-12-2023 15:20:15,December,Liquid Level - 2524
,ps,18-12-2023,U4,-,0,18-12-2023 15:20:18,December,Liquid Level - 2527
,ps,18-12-2023,U5,-,0,18-12-2023 15:20:21,December,Liquid Level - 2537
,ps,18-12-2023,U6,-,0,18-12-2023 15:20:23,December,Liquid Level - 2520
,ps,18-12-2023,J1,-,0,18-12-2023 15:20:29,December,Liquid Level - 2548
,ps,18-12-2023,J2,-,0,18-12-2023 15:20:32,December,Liquid Level - 2547
,ps,18-12-2023,J3,-,0,18-12-2023 15:20:35,December,Liquid Level - 2541
,ps,18-12-2023,J4,-,0,18-12-2023 15:20:37,December,Liquid Level - 2552
,ps,18-12-2023,J5,-,0,18-12-2023 15:20:40,December,Liquid Level - 2549
,ps,18-12-2023,J6,-,0,18-12-2023 15:20:43,December,Liquid Level - 2550
,ps,18-12-2023,J7,-,0,18-12-2023 15:20:45,December,Liquid Level - 2543
,ps,18-12-2023,J8,-,0,18-12-2023 15:20:48,December,Liquid Level - 2538
,ps,18-12-2023,J9,-,0,18-12-2023 15:20:50,December,Liquid Level - 2536
,ps,18-12-2023,W1,-,0,18-12-2023 15:20:53,December,Liquid Level - 2533
,ps,18-12-2023,W2,-,0,18-12-2023 15:20:55,December,Liquid Level - 2524
,ps,18-12-2023,W3,-,0,18-12-2023 15:20:58,December,Liquid Level - 2526
,ps,18-12-2023,J10,-,0,18-12-2023 15:21:00,December,Liquid Level - 2542
,ps,18-12-2023,J11,-,0,18-12-2023 15:21:03,December,Liquid Level - 2525
,ps,18-12-2023,J12,-,0,18-12-2023 15:21:06,December,Liquid Level - 2535
,ps,18-12-2023,J13,-,0,18-12-2023 15:21:08,December,Liquid Level - 2517
,ps,18-12-2023,J14,-,0,18-12-2023 15:21:11,December,Liquid Level - 2549
,ps,18-12-2023,J15,-,0,18-12-2023 15:21:14,December,Liquid Level - 2539
,ps,18-12-2023,J16,-,0,18-12-2023 15:21:16,December,Liquid Level - 2535
,ps,18-12-2023,J17,-,0,18-12-2023 15:21:19,December,Liquid Level - 2543
,ps,18-12-2023,W4,-,0,18-12-2023 15:21:22,December,Liquid Level - 2513
,ps,18-12-2023,W5,-,0,18-12-2023 15:21:24,December,Liquid Level - 2531
,ps,18-12-2023,W6,-,0,18-12-2023 15:21:27,December,Liquid Level - 2530
,ps,18-12-2023,J18,-,0,18-12-2023 15:21:29,December,Liquid Level - 2546
,ps,18-12-2023,J19,-,0,18-12-2023 15:21:32,December,Liquid Level - 2545
,ps,18-12-2023,J20,-,0,18-12-2023 15:21:34,December,Liquid Level - 2554
,ps,18-12-2023,J21,-,0,18-12-2023 15:21:37,December,Liquid Level - 2546
,ps,18-12-2023,J22,-,0,18-12-2023 15:21:39,December,Liquid Level - 2550
,ps,18-12-2023,J23,-,0,18-12-2023 15:21:42,December,Liquid Level - 2554
,ps,18-12-2023,J24,-,0,18-12-2023 15:21:45,December,Liquid Level - 2564
,ps,18-12-2023,J25,-,0,18-12-2023 15:21:47,December,Liquid Level - 2556
,ps,18-12-2023,J26,-,0,18-12-2023 15:21:50,December,Liquid Level - 2571
,ps,18-12-2023,J27,-,0,18-12-2023 15:21:56,December,Liquid Level - 2531
,ps,18-12-2023,J28,-,0,18-12-2023 15:21:58,December,Liquid Level - 2572
,ps,18-12-2023,J29,-,0,18-12-2023 15:22:01,December,Liquid Level - 2562
,ps,18-12-2023,J30,-,0,18-12-2023 15:22:03,December,Liquid Level - 2570
,ps,18-12-2023,J31,-,0,18-12-2023 15:22:06,December,Liquid Level - 2579
,ps,18-12-2023,J32,-,0,18-12-2023 15:22:09,December,Liquid Level - 2578
,ps,18-12-2023,J33,-,0,18-12-2023 15:22:11,December,Liquid Level - 2586
,ps,18-12-2023,H1,-,0,18-12-2023 15:22:15,December,Liquid Level - 3525
,ps,18-12-2023,H2,-,0,18-12-2023 15:22:18,December,Liquid Level - 3518
,ps,18-12-2023,H3,-,0,18-12-2023 15:22:21,December,Liquid Level - 3506
,ps,18-12-2023,-,-,0,18-12-2023 15:22:35,December,Home Reached
,ps,18-12-2023,-,-,0,18-12-2023 15:22:40,December,Home Reached
HEU1,ps,18-12-2023,-,-,0,18-12-2023 15:30:24,December,Test Started
HEU1,ps,18-12-2023,-,-,0,18-12-2023 15:30:34,December,Home Reached
HEU1,ps,18-12-2023,-,-,0,18-12-2023 15:30:34,December,
HEU1,ps,18-12-2023,-,-,0,18-12-2023 15:30:40,December,Home Reached
HEU1,ps,18-12-2023,-,-,0,18-12-2023 15:30:40,December,
HEU1,ps,18-12-2023,L1,-,0,18-12-2023 15:30:54,December,Liquid Level - 300
HEU1,ps,18-12-2023,L2,-,0,18-12-2023 15:30:56,December,Liquid Level - 263
HEU1,ps,18-12-2023,L3,-,0,18-12-2023 15:30:59,December,Liquid Level - 284
HEU1,ps,18-12-2023,-,-,0,18-12-2023 15:31:03,December,Home Reached
HEU1,ps,18-12-2023,-,-,0,18-12-2023 15:31:07,December,Home Reached
HEU1,ps,18-12-2023,,R1,0,18-12-2023 15:31:13,December,Test Started
HEU1,ps,18-12-2023,L1,R1,0,18-12-2023 15:31:19,December,Picked From
Rack Status,ps,18-12-2023,-,-,0,18-12-2023 15:33:44,December,Rack Hold Status - 00
Rack Status,ps,18-12-2023,-,-,0,18-12-2023 15:33:56,December,Home Reached
Rack Status,ps,18-12-2023,-,-,0,18-12-2023 15:34:02,December,Home Reached
Rack Status,ps,18-12-2023,U1,-,0,18-12-2023 15:34:11,December,Liquid Level - 2507
Rack Status,ps,18-12-2023,U2,-,0,18-12-2023 15:34:14,December,Liquid Level - 2528
Rack Status,ps,18-12-2023,U3,-,0,18-12-2023 15:34:17,December,Liquid Level - 2524
Rack Status,ps,18-12-2023,U4,-,0,18-12-2023 15:34:19,December,Liquid Level - 2533
Rack Status,ps,18-12-2023,U5,-,0,18-12-2023 15:34:22,December,Liquid Level - 2532
Rack Status,ps,18-12-2023,U6,-,0,18-12-2023 15:34:24,December,Liquid Level - 2522
Rack Status,ps,18-12-2023,J1,-,0,18-12-2023 15:34:31,December,Liquid Level - 2542
Rack Status,ps,18-12-2023,J2,-,0,18-12-2023 15:34:33,December,Liquid Level - 2537
Rack Status,ps,18-12-2023,J3,-,0,18-12-2023 15:34:36,December,Liquid Level - 2552
Rack Status,ps,18-12-2023,J4,-,0,18-12-2023 15:34:39,December,Liquid Level - 2547
Rack Status,ps,18-12-2023,J5,-,0,18-12-2023 15:34:41,December,Liquid Level - 2541
Rack Status,ps,18-12-2023,J6,-,0,18-12-2023 15:34:44,December,Liquid Level - 2530
Rack Status,ps,18-12-2023,J7,-,0,18-12-2023 15:34:46,December,Liquid Level - 2539
Rack Status,ps,18-12-2023,J8,-,0,18-12-2023 15:34:49,December,Liquid Level - 2536
Rack Status,ps,18-12-2023,J9,-,0,18-12-2023 15:34:51,December,Liquid Level - 2532
Rack Status,ps,18-12-2023,W1,-,0,18-12-2023 15:34:54,December,Liquid Level - 2524
Rack Status,ps,18-12-2023,W2,-,0,18-12-2023 15:34:57,December,Liquid Level - 2509
Rack Status,ps,18-12-2023,W3,-,0,18-12-2023 15:34:59,December,Liquid Level - 2525
Rack Status,ps,18-12-2023,J10,-,0,18-12-2023 15:35:02,December,Liquid Level - 2539
Rack Status,ps,18-12-2023,J11,-,0,18-12-2023 15:35:04,December,Liquid Level - 2539
Rack Status,ps,18-12-2023,J12,-,0,18-12-2023 15:35:07,December,Liquid Level - 2530
Rack Status,ps,18-12-2023,J13,-,0,18-12-2023 15:35:10,December,Liquid Level - 2518
Rack Status,ps,18-12-2023,J14,-,0,18-12-2023 15:35:12,December,Liquid Level - 2540
Rack Status,ps,18-12-2023,J15,-,0,18-12-2023 15:35:15,December,Liquid Level - 2529
Rack Status,ps,18-12-2023,J16,-,0,18-12-2023 15:35:18,December,Liquid Level - 2534
Rack Status,ps,18-12-2023,J17,-,0,18-12-2023 15:35:20,December,Liquid Level - 2536
Rack Status,ps,18-12-2023,W4,-,0,18-12-2023 15:35:23,December,Liquid Level - 2527
Rack Status,ps,18-12-2023,W5,-,0,18-12-2023 15:35:25,December,Liquid Level - 2524
Rack Status,ps,18-12-2023,W6,-,0,18-12-2023 15:35:28,December,Liquid Level - 2527
Rack Status,ps,18-12-2023,J18,-,0,18-12-2023 15:35:31,December,Liquid Level - 2538
Rack Status,ps,18-12-2023,J19,-,0,18-12-2023 15:35:33,December,Liquid Level - 2544
Rack Status,ps,18-12-2023,J20,-,0,18-12-2023 15:35:36,December,Liquid Level - 2554
Rack Status,ps,18-12-2023,J21,-,0,18-12-2023 15:35:38,December,Liquid Level - 2557
Rack Status,ps,18-12-2023,J22,-,0,18-12-2023 15:35:41,December,Liquid Level - 2544
Rack Status,ps,18-12-2023,J23,-,0,18-12-2023 15:35:43,December,Liquid Level - 2554
Rack Status,ps,18-12-2023,J24,-,0,18-12-2023 15:35:46,December,Liquid Level - 2554
Rack Status,ps,18-12-2023,J25,-,0,18-12-2023 15:35:49,December,Liquid Level - 2549
Rack Status,ps,18-12-2023,J26,-,0,18-12-2023 15:35:51,December,Liquid Level - 2558
Rack Status,ps,18-12-2023,J27,-,0,18-12-2023 15:35:57,December,Liquid Level - 2528
Rack Status,ps,18-12-2023,J28,-,0,18-12-2023 15:36:00,December,Liquid Level - 2563
Rack Status,ps,18-12-2023,J29,-,0,18-12-2023 15:36:02,December,Liquid Level - 2557
Rack Status,ps,18-12-2023,J30,-,0,18-12-2023 15:36:05,December,Liquid Level - 2566
Rack Status,ps,18-12-2023,J31,-,0,18-12-2023 15:36:08,December,Liquid Level - 2578
Rack Status,ps,18-12-2023,J32,-,0,18-12-2023 15:36:10,December,Liquid Level - 2563
Rack Status,ps,18-12-2023,J33,-,0,18-12-2023 15:36:13,December,Liquid Level - 2585
Rack Status,ps,18-12-2023,H1,-,0,18-12-2023 15:36:17,December,Liquid Level - 3522
Rack Status,ps,18-12-2023,H2,-,0,18-12-2023 15:36:20,December,Liquid Level - 3511
Rack Status,ps,18-12-2023,H3,-,0,18-12-2023 15:36:23,December,Liquid Level - 3496
Rack Status,ps,18-12-2023,-,-,0,18-12-2023 15:36:36,December,Home Reached
Rack Status,ps,18-12-2023,-,-,0,18-12-2023 15:36:42,December,Home Reached
HEU1,ps,18-12-2023,-,-,0,18-12-2023 15:42:17,December,Test Started
HEU1,ps,18-12-2023,-,-,0,18-12-2023 15:42:27,December,Home Reached
HEU1,ps,18-12-2023,-,-,0,18-12-2023 15:42:27,December,
HEU1,ps,18-12-2023,-,-,0,18-12-2023 15:42:32,December,Home Reached
HEU1,ps,18-12-2023,L1,-,0,18-12-2023 15:42:46,December,Liquid Level - 301
HEU1,ps,18-12-2023,L2,-,0,18-12-2023 15:42:49,December,Liquid Level - 249
HEU1,ps,18-12-2023,L3,-,0,18-12-2023 15:42:51,December,Liquid Level - 287
HEU1,ps,18-12-2023,-,-,0,18-12-2023 15:42:55,December,Home Reached
HEU1,ps,18-12-2023,-,-,0,18-12-2023 15:42:59,December,Home Reached
HEU1,ps,18-12-2023,,R1,0,18-12-2023 15:43:05,December,Test Started
HEU1,ps,18-12-2023,L1,R1,0,18-12-2023 15:43:12,December,Picked From
HEU1,ps,18-12-2023,J1,R1,0,18-12-2023 15:43:19,December,Placed In
HEU1,ps,18-12-2023,J1,R1,0,18-12-2023 15:48:26,December,Picked From
HEU1,ps,18-12-2023,J2,R1,0,18-12-2023 15:48:32,December,Placed In
HEU1,ps,18-12-2023,,R2,0,18-12-2023 15:51:40,December,Test Started
HEU1,ps,18-12-2023,L2,R2,0,18-12-2023 15:51:47,December,Picked From
HEU1,ps,18-12-2023,J1,R2,0,18-12-2023 15:51:54,December,Placed In
HEU1,ps,18-12-2023,J2,R1,0,18-12-2023 15:53:39,December,Picked From
HEU1,ps,18-12-2023,J3,R1,0,18-12-2023 15:53:45,December,Placed In
HEU1,ps,18-12-2023,J1,R2,0,18-12-2023 15:57:01,December,Picked From
HEU1,ps,18-12-2023,J2,R2,0,18-12-2023 15:57:07,December,Placed In
HEU1,ps,18-12-2023,J3,R1,0,18-12-2023 15:58:52,December,Picked From
HEU1,ps,18-12-2023,J4,R1,0,18-12-2023 15:58:58,December,Placed In
HEU1,ps,18-12-2023,,R3,0,18-12-2023 16:00:15,December,Test Started
HEU1,ps,18-12-2023,L3,R3,0,18-12-2023 16:00:22,December,Picked From
HEU1,ps,18-12-2023,J1,R3,0,18-12-2023 16:00:29,December,Placed In
HEU1,ps,18-12-2023,J4,R1,0,18-12-2023 16:02:05,December,Picked From
HEU1,ps,18-12-2023,J5,R1,0,18-12-2023 16:02:11,December,Placed In
HEU1,ps,18-12-2023,J2,R2,0,18-12-2023 16:02:26,December,Picked From
HEU1,ps,18-12-2023,J3,R2,0,18-12-2023 16:02:32,December,Placed In
HEU1,ps,18-12-2023,J5,R1,0,18-12-2023 16:05:18,December,Picked From
HEU1,ps,18-12-2023,J6,R1,0,18-12-2023 16:05:24,December,Placed In
HEU1,ps,18-12-2023,J1,R3,0,18-12-2023 16:05:38,December,Picked From
HEU1,ps,18-12-2023,J2,R3,0,18-12-2023 16:05:44,December,Placed In
HEU1,ps,18-12-2023,J3,R2,0,18-12-2023 16:07:39,December,Picked From
HEU1,ps,18-12-2023,J4,R2,0,18-12-2023 16:07:45,December,Placed In
HEU1,ps,18-12-2023,J6,R1,0,18-12-2023 16:08:31,December,Picked From
HEU1,ps,18-12-2023,J7,R1,0,18-12-2023 16:08:37,December,Placed In
HEU1,ps,18-12-2023,L1,-,0,18-12-2023 16:09:28,December,Liquid Level - 256
HEU1,ps,18-12-2023,L2,-,0,18-12-2023 16:09:30,December,Liquid Level - 290
HEU1,ps,18-12-2023,L3,-,0,18-12-2023 16:09:33,December,Liquid Level - 2576
HEU1,ps,18-12-2023,-,-,0,18-12-2023 16:09:37,December,Home Reached
HEU1,ps,18-12-2023,-,-,0,18-12-2023 16:09:41,December,Home Reached
HEU1,ps,18-12-2023,,R4,0,18-12-2023 16:09:47,December,Test Started
HEU1,ps,18-12-2023,L1,R4,0,18-12-2023 16:09:54,December,Picked From
HEU1,ps,18-12-2023,J1,R4,0,18-12-2023 16:10:01,December,Placed In
HEU1,ps,18-12-2023,J7,R1,0,18-12-2023 16:10:46,December,Picked From
HEU1,ps,18-12-2023,J8,R1,0,18-12-2023 16:10:52,December,Placed In
HEU1,ps,18-12-2023,J2,R3,0,18-12-2023 16:11:03,December,Picked From
HEU1,ps,18-12-2023,J3,R3,0,18-12-2023 16:11:10,December,Placed In
HEU1,ps,18-12-2023,J4,R2,0,18-12-2023 16:11:25,December,Picked From
HEU1,ps,18-12-2023,J5,R2,0,18-12-2023 16:11:31,December,Placed In
HEU1,ps,18-12-2023,J5,R2,0,18-12-2023 16:14:37,December,Picked From
HEU1,ps,18-12-2023,J6,R2,0,18-12-2023 16:14:43,December,Placed In
HEU1,ps,18-12-2023,J1,R4,0,18-12-2023 16:15:09,December,Picked From
HEU1,ps,18-12-2023,J2,R4,0,18-12-2023 16:15:15,December,Placed In
HEU1,ps,18-12-2023,J3,R3,0,18-12-2023 16:16:16,December,Picked From
HEU1,ps,18-12-2023,J4,R3,0,18-12-2023 16:16:22,December,Placed In
HEU1,ps,18-12-2023,J6,R2,0,18-12-2023 16:17:50,December,Picked From
HEU1,ps,18-12-2023,J7,R2,0,18-12-2023 16:17:56,December,Placed In
HEU1,ps,18-12-2023,,R5,0,18-12-2023 16:18:22,December,Test Started
HEU1,ps,18-12-2023,L2,R5,0,18-12-2023 16:18:30,December,Picked From
Water Valve,ps,18-12-2023,W1,R1,0,18-12-2023 16:18:37,December,Water Valve : 1 is On
HEU1,ps,18-12-2023,J1,R5,0,18-12-2023 16:18:37,December,Placed In
HEU1,ps,18-12-2023,J8,R1,0,18-12-2023 16:19:01,December,Picked From
HEU1,ps,18-12-2023,W1,R1,0,18-12-2023 16:19:08,December,Placed In
HEU1,ps,18-12-2023,J4,R3,0,18-12-2023 16:19:31,December,Picked From
HEU1,ps,18-12-2023,J5,R3,0,18-12-2023 16:19:37,December,Placed In
HEU1,ps,18-12-2023,J7,R2,0,18-12-2023 16:20:03,December,Picked From
HEU1,ps,18-12-2023,J8,R2,0,18-12-2023 16:20:09,December,Placed In
HEU1,ps,18-12-2023,J2,R4,0,18-12-2023 16:20:24,December,Picked From
HEU1,ps,18-12-2023,J3,R4,0,18-12-2023 16:20:30,December,Placed In
HEU1,ps,18-12-2023,W1,R1,0,18-12-2023 16:21:17,December,Picked From
Water Valve,ps,18-12-2023,W1,R2,0,18-12-2023 16:21:17,December,Water Valve : 1 is On
HEU1,ps,18-12-2023,J9,R1,0,18-12-2023 16:21:23,December,Placed In
Water Valve,ps,18-12-2023,W1,R2,0,18-12-2023 16:21:26,December,Water Valve : 1 is On
HEU1,ps,18-12-2023,J9,R1,0,18-12-2023 16:21:31,December,Picked From
Water Valve,ps,18-12-2023,W1,R2,0,18-12-2023 16:21:32,December,Water Valve : 1 is On
HEU1,ps,18-12-2023,W1,R1,0,18-12-2023 16:21:38,December,Placed In
HEU1,ps,18-12-2023,J5,R3,0,18-12-2023 16:22:44,December,Picked From
HEU1,ps,18-12-2023,J6,R3,0,18-12-2023 16:22:51,December,Placed In
HEU1,ps,18-12-2023,J1,R5,0,18-12-2023 16:23:45,December,Picked From
HEU1,ps,18-12-2023,J2,R5,0,18-12-2023 16:23:51,December,Placed In
HEU1,ps,18-12-2023,W1,R1,0,18-12-2023 16:24:09,December,Picked From
Water Valve,ps,18-12-2023,W6,R2,0,18-12-2023 16:24:09,December,Water Valve : 6 is On
HEU1,ps,18-12-2023,J18,R1,0,18-12-2023 16:24:16,December,Placed In
Water Valve,ps,18-12-2023,W6,R2,0,18-12-2023 16:24:18,December,Water Valve : 6 is On
HEU1,ps,18-12-2023,J18,R1,0,18-12-2023 16:24:24,December,Picked From
Water Valve,ps,18-12-2023,W6,R2,0,18-12-2023 16:24:24,December,Water Valve : 6 is On
Water Valve,ps,18-12-2023,W1,R2,0,18-12-2023 16:25:40,December,Water Valve : 1 is Off
Rack Status,ps,18-12-2023,-,-,0,18-12-2023 16:53:28,December,Rack Hold Status - 00
Rack Status,ps,18-12-2023,-,-,0,18-12-2023 16:53:38,December,Home Reached
Rack Status,ps,18-12-2023,-,-,0,18-12-2023 16:53:44,December,Home Reached
Rack Status,ps,18-12-2023,-,-,0,18-12-2023 16:53:44,December,
Rack Status,ps,18-12-2023,U1,-,0,18-12-2023 16:53:53,December,Liquid Level - 2508
Rack Status,ps,18-12-2023,U2,-,0,18-12-2023 16:53:56,December,Liquid Level - 2520
Rack Status,ps,18-12-2023,U3,-,0,18-12-2023 16:53:59,December,Liquid Level - 2519
Rack Status,ps,18-12-2023,U4,-,0,18-12-2023 16:54:01,December,Liquid Level - 2521
Rack Status,ps,18-12-2023,U5,-,0,18-12-2023 16:54:04,December,Liquid Level - 2526
Rack Status,ps,18-12-2023,U6,-,0,18-12-2023 16:54:07,December,Liquid Level - 2522
Rack Status,ps,18-12-2023,J1,-,0,18-12-2023 16:54:13,December,Liquid Level - 2537
Rack Status,ps,18-12-2023,J2,-,0,18-12-2023 16:54:16,December,Liquid Level - 2526
Rack Status,ps,18-12-2023,J3,-,0,18-12-2023 16:54:18,December,Liquid Level - 2541
Rack Status,ps,18-12-2023,J4,-,0,18-12-2023 16:54:21,December,Liquid Level - 2535
Rack Status,ps,18-12-2023,J5,-,0,18-12-2023 16:54:23,December,Liquid Level - 2555
Rack Status,ps,18-12-2023,J6,-,0,18-12-2023 16:54:26,December,Liquid Level - 2536
Rack Status,ps,18-12-2023,J7,-,0,18-12-2023 16:54:29,December,Liquid Level - 2546
Rack Status,ps,18-12-2023,J8,-,0,18-12-2023 16:54:31,December,Liquid Level - 2541
Rack Status,ps,18-12-2023,J9,-,0,18-12-2023 16:54:34,December,Liquid Level - 2531
Rack Status,ps,18-12-2023,W1,-,0,18-12-2023 16:54:36,December,Liquid Level - 2538
Rack Status,ps,18-12-2023,W2,-,0,18-12-2023 16:54:39,December,Liquid Level - 2511
Rack Status,ps,18-12-2023,W3,-,0,18-12-2023 16:54:41,December,Liquid Level - 2530
Rack Status,ps,18-12-2023,J10,-,0,18-12-2023 16:54:44,December,Liquid Level - 2550
Rack Status,ps,18-12-2023,J11,-,0,18-12-2023 16:54:47,December,Liquid Level - 2535
Rack Status,ps,18-12-2023,J12,-,0,18-12-2023 16:54:49,December,Liquid Level - 2547
Rack Status,ps,18-12-2023,J13,-,0,18-12-2023 16:54:52,December,Liquid Level - 2515
Rack Status,ps,18-12-2023,J14,-,0,18-12-2023 16:54:54,December,Liquid Level - 2532
Rack Status,ps,18-12-2023,J15,-,0,18-12-2023 16:54:57,December,Liquid Level - 2539
Rack Status,ps,18-12-2023,J16,-,0,18-12-2023 16:55:00,December,Liquid Level - 2527
Rack Status,ps,18-12-2023,J17,-,0,18-12-2023 16:55:03,December,Liquid Level - 2547
Rack Status,ps,18-12-2023,W4,-,0,18-12-2023 16:55:05,December,Liquid Level - 2532
Rack Status,ps,18-12-2023,W5,-,0,18-12-2023 16:55:08,December,Liquid Level - 2537
Rack Status,ps,18-12-2023,W6,-,0,18-12-2023 16:55:10,December,Liquid Level - 2532
Rack Status,ps,18-12-2023,J18,-,0,18-12-2023 16:55:13,December,Liquid Level - 2541
Rack Status,ps,18-12-2023,J19,-,0,18-12-2023 16:55:15,December,Liquid Level - 2544
Rack Status,ps,18-12-2023,J20,-,0,18-12-2023 16:55:18,December,Liquid Level - 2554
Rack Status,ps,18-12-2023,J21,-,0,18-12-2023 16:55:21,December,Liquid Level - 2553
Rack Status,ps,18-12-2023,J22,-,0,18-12-2023 16:55:23,December,Liquid Level - 2553
Rack Status,ps,18-12-2023,J23,-,0,18-12-2023 16:55:26,December,Liquid Level - 2558
Rack Status,ps,18-12-2023,J24,-,0,18-12-2023 16:55:28,December,Liquid Level - 2560
Rack Status,ps,18-12-2023,J25,-,0,18-12-2023 16:55:31,December,Liquid Level - 2564
Rack Status,ps,18-12-2023,J26,-,0,18-12-2023 16:55:34,December,Liquid Level - 2548
Rack Status,ps,18-12-2023,J27,-,0,18-12-2023 16:55:40,December,Liquid Level - 2543
Rack Status,ps,18-12-2023,J28,-,0,18-12-2023 16:55:42,December,Liquid Level - 2575
Rack Status,ps,18-12-2023,J29,-,0,18-12-2023 16:55:45,December,Liquid Level - 2558
Rack Status,ps,18-12-2023,J30,-,0,18-12-2023 16:55:47,December,Liquid Level - 2565
Rack Status,ps,18-12-2023,J31,-,0,18-12-2023 16:55:50,December,Liquid Level - 2573
Rack Status,ps,18-12-2023,J32,-,0,18-12-2023 16:55:53,December,Liquid Level - 2591
Rack Status,ps,18-12-2023,J33,-,0,18-12-2023 16:55:55,December,Liquid Level - 2575
Rack Status,ps,18-12-2023,H1,-,0,18-12-2023 16:55:59,December,Liquid Level - 3500
Rack Status,ps,18-12-2023,H2,-,0,18-12-2023 16:56:03,December,Liquid Level - 3492
Rack Status,ps,18-12-2023,H3,-,0,18-12-2023 16:56:06,December,Liquid Level - 3474
Rack Status,ps,18-12-2023,-,-,0,18-12-2023 16:56:19,December,Home Reached
Rack Status,ps,18-12-2023,-,-,0,18-12-2023 16:56:24,December,Home Reached
Rack Status,ps,18-12-2023,-,-,0,18-12-2023 16:56:24,December,
HEU1,ps,18-12-2023,-,-,0,18-12-2023 16:57:09,December,Test Started
HEU1,ps,18-12-2023,-,-,0,18-12-2023 16:57:20,December,Home Reached
HEU1,ps,18-12-2023,-,-,0,18-12-2023 16:57:20,December,
HEU1,ps,18-12-2023,-,-,0,18-12-2023 16:57:25,December,Home Reached
HEU1,ps,18-12-2023,-,-,0,18-12-2023 16:57:25,December,
HEU1,ps,18-12-2023,L1,-,0,18-12-2023 16:57:39,December,Liquid Level - 261
HEU1,ps,18-12-2023,L2,-,0,18-12-2023 16:57:42,December,Liquid Level - 272
HEU1,ps,18-12-2023,L3,-,0,18-12-2023 16:57:45,December,Liquid Level - 251
HEU1,ps,18-12-2023,-,-,0,18-12-2023 16:57:48,December,Home Reached
HEU1,ps,18-12-2023,-,-,0,18-12-2023 16:57:53,December,Home Reached
HEU1,ps,18-12-2023,,R1,0,18-12-2023 16:57:59,December,Test Started
HEU1,ps,18-12-2023,L1,R1,0,18-12-2023 16:58:06,December,Picked From
HEU1,ps,18-12-2023,J1,R1,0,18-12-2023 16:58:13,December,Placed In
HEU1,ps,18-12-2023,J1,R1,0,18-12-2023 17:03:18,December,Picked From
HEU1,ps,18-12-2023,J2,R1,0,18-12-2023 17:03:24,December,Placed In
HEU1,ps,18-12-2023,,R2,0,18-12-2023 17:06:34,December,Test Started
HEU1,ps,18-12-2023,L2,R2,0,18-12-2023 17:06:41,December,Picked From
HEU1,ps,18-12-2023,J1,R2,0,18-12-2023 17:06:48,December,Placed In
HEU1,ps,18-12-2023,J2,R1,0,18-12-2023 17:08:31,December,Picked From
HEU1,ps,18-12-2023,J3,R1,0,18-12-2023 17:08:38,December,Placed In
HEU1,ps,18-12-2023,J1,R2,0,18-12-2023 17:11:55,December,Picked From
HEU1,ps,18-12-2023,J2,R2,0,18-12-2023 17:12:01,December,Placed In
HEU1,ps,18-12-2023,J3,R1,0,18-12-2023 17:13:45,December,Picked From
HEU1,ps,18-12-2023,J4,R1,0,18-12-2023 17:13:51,December,Placed In
HEU1,ps,18-12-2023,,R3,0,18-12-2023 17:15:09,December,Test Started
HEU1,ps,18-12-2023,L3,R3,0,18-12-2023 17:15:15,December,Picked From
HEU1,ps,18-12-2023,J1,R3,0,18-12-2023 17:15:22,December,Placed In
HEU1,ps,18-12-2023,J4,R1,0,18-12-2023 17:16:58,December,Picked From
HEU1,ps,18-12-2023,J5,R1,0,18-12-2023 17:17:05,December,Placed In
HEU1,ps,18-12-2023,J2,R2,0,18-12-2023 17:17:21,December,Picked From
HEU1,ps,18-12-2023,J3,R2,0,18-12-2023 17:17:27,December,Placed In
HEU1,ps,18-12-2023,J5,R1,0,18-12-2023 17:20:12,December,Picked From
HEU1,ps,18-12-2023,J6,R1,0,18-12-2023 17:20:18,December,Placed In
HEU1,ps,18-12-2023,J1,R3,0,18-12-2023 17:20:31,December,Picked From
HEU1,ps,18-12-2023,J2,R3,0,18-12-2023 17:20:37,December,Placed In
HEU1,ps,18-12-2023,J3,R2,0,18-12-2023 17:22:33,December,Picked From
HEU1,ps,18-12-2023,J4,R2,0,18-12-2023 17:22:39,December,Placed In
HEU1,ps,18-12-2023,J6,R1,0,18-12-2023 17:23:25,December,Picked From
HEU1,ps,18-12-2023,J7,R1,0,18-12-2023 17:23:32,December,Placed In
HEU1,ps,18-12-2023,L1,-,0,18-12-2023 17:24:20,December,Liquid Level - 289
HEU1,ps,18-12-2023,L2,-,0,18-12-2023 17:24:23,December,Liquid Level - 314
HEU1,ps,18-12-2023,L3,-,0,18-12-2023 17:24:25,December,Liquid Level - 270
HEU1,ps,18-12-2023,-,-,0,18-12-2023 17:24:29,December,Home Reached
HEU1,ps,18-12-2023,-,-,0,18-12-2023 17:24:33,December,Home Reached
HEU1,ps,18-12-2023,,R4,0,18-12-2023 17:24:39,December,Test Started
HEU1,ps,18-12-2023,L1,R4,0,18-12-2023 17:24:46,December,Picked From
HEU1,ps,18-12-2023,J1,R4,0,18-12-2023 17:24:54,December,Placed In
HEU1,ps,18-12-2023,J7,R1,0,18-12-2023 17:25:40,December,Picked From
HEU1,ps,18-12-2023,J8,R1,0,18-12-2023 17:25:46,December,Placed In
HEU1,ps,18-12-2023,J2,R3,0,18-12-2023 17:25:57,December,Picked From
HEU1,ps,18-12-2023,J3,R3,0,18-12-2023 17:26:03,December,Placed In
HEU1,ps,18-12-2023,J4,R2,0,18-12-2023 17:26:19,December,Picked From
HEU1,ps,18-12-2023,J5,R2,0,18-12-2023 17:26:25,December,Placed In
HEU1,ps,18-12-2023,J5,R2,0,18-12-2023 17:29:31,December,Picked From
HEU1,ps,18-12-2023,J6,R2,0,18-12-2023 17:29:37,December,Placed In
HEU1,ps,18-12-2023,J1,R4,0,18-12-2023 17:30:02,December,Picked From
HEU1,ps,18-12-2023,J2,R4,0,18-12-2023 17:30:08,December,Placed In
HEU1,ps,18-12-2023,J3,R3,0,18-12-2023 17:31:10,December,Picked From
HEU1,ps,18-12-2023,J4,R3,0,18-12-2023 17:31:16,December,Placed In
HEU1,ps,18-12-2023,J6,R2,0,18-12-2023 17:32:45,December,Picked From
HEU1,ps,18-12-2023,J7,R2,0,18-12-2023 17:32:51,December,Placed In
HEU1,ps,18-12-2023,,R5,0,18-12-2023 17:33:15,December,Test Started
HEU1,ps,18-12-2023,L2,R5,0,18-12-2023 17:33:22,December,Picked From
HEU1,ps,18-12-2023,J1,R5,0,18-12-2023 17:33:29,December,Placed In
Water Valve,ps,18-12-2023,W1,R1,0,18-12-2023 17:33:30,December,Water Valve : 1 is On
HEU1,ps,18-12-2023,J8,R1,0,18-12-2023 17:33:56,December,Picked From
HEU1,ps,18-12-2023,W1,R1,0,18-12-2023 17:34:02,December,Placed In
HEU1,ps,18-12-2023,J4,R3,0,18-12-2023 17:34:25,December,Picked From
HEU1,ps,18-12-2023,J5,R3,0,18-12-2023 17:34:31,December,Placed In
HEU1,ps,18-12-2023,J7,R2,0,18-12-2023 17:34:58,December,Picked From
HEU1,ps,18-12-2023,J8,R2,0,18-12-2023 17:35:04,December,Placed In
HEU1,ps,18-12-2023,J2,R4,0,18-12-2023 17:35:17,December,Picked From
HEU1,ps,18-12-2023,J3,R4,0,18-12-2023 17:35:23,December,Placed In
HEU1,ps,18-12-2023,W1,R1,0,18-12-2023 17:36:11,December,Picked From
Water Valve,ps,18-12-2023,W1,R2,0,18-12-2023 17:36:11,December,Water Valve : 1 is On
HEU1,ps,18-12-2023,J9,R1,0,18-12-2023 17:36:18,December,Placed In
Water Valve,ps,18-12-2023,W1,R2,0,18-12-2023 17:36:19,December,Water Valve : 1 is On
HEU1,ps,18-12-2023,J9,R1,0,18-12-2023 17:36:25,December,Picked From
Water Valve,ps,18-12-2023,W1,R2,0,18-12-2023 17:36:25,December,Water Valve : 1 is On
HEU1,ps,18-12-2023,W1,R1,0,18-12-2023 17:36:32,December,Placed In
HEU1,ps,18-12-2023,J5,R3,0,18-12-2023 17:37:39,December,Picked From
HEU1,ps,18-12-2023,J6,R3,0,18-12-2023 17:37:46,December,Placed In
HEU1,ps,18-12-2023,J1,R5,0,18-12-2023 17:38:38,December,Picked From
HEU1,ps,18-12-2023,J2,R5,0,18-12-2023 17:38:44,December,Placed In
HEU1,ps,18-12-2023,W1,R1,0,18-12-2023 17:39:03,December,Picked From
Water Valve,ps,18-12-2023,W6,R2,0,18-12-2023 17:39:04,December,Water Valve : 6 is On
HEU1,ps,18-12-2023,J18,R1,0,18-12-2023 17:39:10,December,Placed In
Water Valve,ps,18-12-2023,W6,R2,0,18-12-2023 17:39:12,December,Water Valve : 6 is On
HEU1,ps,18-12-2023,J18,R1,0,18-12-2023 17:39:18,December,Picked From
Water Valve,ps,18-12-2023,W6,R2,0,18-12-2023 17:39:18,December,Water Valve : 6 is On
Water Valve,ps,18-12-2023,W1,R2,0,18-12-2023 17:39:57,December,Water Valve : 1 is Off
HEU1,ps,18-12-2023,W6,R1,0,18-12-2023 17:40:32,December,Placed In
Rack Status,ps,18-12-2023,-,-,0,18-12-2023 17:50:30,December,Rack Hold Status - 00
Rack Status,ps,18-12-2023,-,-,0,18-12-2023 17:50:40,December,Home Reached
Rack Status,ps,18-12-2023,-,-,0,18-12-2023 17:50:46,December,Home Reached
Rack Status,ps,18-12-2023,-,-,0,18-12-2023 17:50:46,December,
Rack Status,ps,18-12-2023,U1,-,0,18-12-2023 17:50:55,December,Liquid Level - 2555
Rack Status,ps,18-12-2023,U2,-,0,18-12-2023 17:50:58,December,Liquid Level - 2563
Rack Status,ps,18-12-2023,U3,-,0,18-12-2023 17:51:01,December,Liquid Level - 2575
Rack Status,ps,18-12-2023,U4,-,0,18-12-2023 17:51:03,December,Liquid Level - 2570
Rack Status,ps,18-12-2023,U5,-,0,18-12-2023 17:51:06,December,Liquid Level - 2562
Rack Status,ps,18-12-2023,U6,-,0,18-12-2023 17:51:08,December,Liquid Level - 2565
Rack Status,ps,18-12-2023,J1,-,0,18-12-2023 17:51:15,December,Liquid Level - 2573
Rack Status,ps,18-12-2023,J2,-,0,18-12-2023 17:51:18,December,Liquid Level - 267
Rack Status,ps,18-12-2023,J3,-,0,18-12-2023 17:51:20,December,Liquid Level - 254
Rack Status,ps,18-12-2023,J4,-,0,18-12-2023 17:51:23,December,Liquid Level - 2587
Rack Status,ps,18-12-2023,J5,-,0,18-12-2023 17:51:25,December,Liquid Level - 2581
Rack Status,ps,18-12-2023,J6,-,0,18-12-2023 17:51:28,December,Liquid Level - 251
Rack Status,ps,18-12-2023,J7,-,0,18-12-2023 17:51:30,December,Liquid Level - 2581
Rack Status,ps,18-12-2023,J8,-,0,18-12-2023 17:51:33,December,Liquid Level - 247
Rack Status,ps,18-12-2023,J9,-,0,18-12-2023 17:51:36,December,Liquid Level - 2584
Rack Status,ps,18-12-2023,W1,-,0,18-12-2023 17:51:38,December,Liquid Level - 2562
Rack Status,ps,18-12-2023,W2,-,0,18-12-2023 17:51:41,December,Liquid Level - 2556
Rack Status,ps,18-12-2023,W3,-,0,18-12-2023 17:51:43,December,Liquid Level - 2559
Rack Status,ps,18-12-2023,J10,-,0,18-12-2023 17:51:46,December,Liquid Level - 2570
Rack Status,ps,18-12-2023,J11,-,0,18-12-2023 17:51:48,December,Liquid Level - 2563
Rack Status,ps,18-12-2023,J12,-,0,18-12-2023 17:51:51,December,Liquid Level - 2572
Rack Status,ps,18-12-2023,J13,-,0,18-12-2023 17:51:53,December,Liquid Level - 2553
Rack Status,ps,18-12-2023,J14,-,0,18-12-2023 17:51:56,December,Liquid Level - 2561
Rack Status,ps,18-12-2023,J15,-,0,18-12-2023 17:51:59,December,Liquid Level - 2564
Rack Status,ps,18-12-2023,J16,-,0,18-12-2023 17:52:02,December,Liquid Level - 2560
Rack Status,ps,18-12-2023,J17,-,0,18-12-2023 17:52:04,December,Liquid Level - 2557
Rack Status,ps,18-12-2023,W4,-,0,18-12-2023 17:52:07,December,Liquid Level - 2560
Rack Status,ps,18-12-2023,W5,-,0,18-12-2023 17:52:09,December,Liquid Level - 2553
Rack Status,ps,18-12-2023,W6,-,0,18-12-2023 17:52:12,December,Liquid Level - 2556
Rack Status,ps,18-12-2023,J18,-,0,18-12-2023 17:52:15,December,Liquid Level - 2570
Rack Status,ps,18-12-2023,J19,-,0,18-12-2023 17:52:17,December,Liquid Level - 2570
Rack Status,ps,18-12-2023,J20,-,0,18-12-2023 17:52:20,December,Liquid Level - 2584
Rack Status,ps,18-12-2023,J21,-,0,18-12-2023 17:52:22,December,Liquid Level - 2576
Rack Status,ps,18-12-2023,J22,-,0,18-12-2023 17:52:25,December,Liquid Level - 2578
Rack Status,ps,18-12-2023,J23,-,0,18-12-2023 17:52:27,December,Liquid Level - 2589
Rack Status,ps,18-12-2023,J24,-,0,18-12-2023 17:52:30,December,Liquid Level - 2584
Rack Status,ps,18-12-2023,J25,-,0,18-12-2023 17:52:32,December,Liquid Level - 2588
Rack Status,ps,18-12-2023,J26,-,0,18-12-2023 17:52:35,December,Liquid Level - 2586
Rack Status,ps,18-12-2023,J27,-,0,18-12-2023 17:52:41,December,Liquid Level - 2561
Rack Status,ps,18-12-2023,J28,-,0,18-12-2023 17:52:44,December,Liquid Level - 2587
Rack Status,ps,18-12-2023,J29,-,0,18-12-2023 17:52:46,December,Liquid Level - 2602
Rack Status,ps,18-12-2023,J30,-,0,18-12-2023 17:52:49,December,Liquid Level - 2596
Rack Status,ps,18-12-2023,J31,-,0,18-12-2023 17:52:51,December,Liquid Level - 2604
Rack Status,ps,18-12-2023,J32,-,0,18-12-2023 17:52:54,December,Liquid Level - 2605
Rack Status,ps,18-12-2023,J33,-,0,18-12-2023 17:52:56,December,Liquid Level - 2608
Rack Status,ps,18-12-2023,-,-,0,18-12-2023 17:53:00,December,Home Reached
Rack Status,ps,18-12-2023,-,-,0,18-12-2023 17:53:05,December,Home Reached
Rack Status,ps,18-12-2023,-,-,0,18-12-2023 17:54:40,December,Home Reached
Rack Status,ps,18-12-2023,-,-,0,18-12-2023 18:14:50,December,Rack Hold Status - 00
Rack Status,ps,18-12-2023,-,-,0,18-12-2023 18:14:56,December,Home Reached
Rack Status,ps,18-12-2023,-,-,0,18-12-2023 18:14:56,December,
Rack Status,ps,18-12-2023,-,-,0,18-12-2023 18:15:01,December,Home Reached
Rack Status,ps,18-12-2023,-,-,0,18-12-2023 18:15:01,December,
Rack Status,ps,18-12-2023,U1,-,0,18-12-2023 18:15:11,December,Liquid Level - 2518
Rack Status,ps,18-12-2023,U2,-,0,18-12-2023 18:15:14,December,Liquid Level - 2558
Rack Status,ps,18-12-2023,U3,-,0,18-12-2023 18:15:16,December,Liquid Level - 2558
Rack Status,ps,18-12-2023,U4,-,0,18-12-2023 18:15:19,December,Liquid Level - 2562
Rack Status,ps,18-12-2023,U5,-,0,18-12-2023 18:15:22,December,Liquid Level - 2543
Rack Status,ps,18-12-2023,U6,-,0,18-12-2023 18:15:24,December,Liquid Level - 2554
Rack Status,ps,18-12-2023,J1,-,0,18-12-2023 18:15:30,December,Liquid Level - 2572
Rack Status,ps,18-12-2023,J2,-,0,18-12-2023 18:15:33,December,Liquid Level - 2572
Rack Status,ps,18-12-2023,J3,-,0,18-12-2023 18:15:36,December,Liquid Level - 2585
Rack Status,ps,18-12-2023,J4,-,0,18-12-2023 18:15:38,December,Liquid Level - 2573
Rack Status,ps,18-12-2023,J5,-,0,18-12-2023 18:15:41,December,Liquid Level - 2551
Rack Status,ps,18-12-2023,J6,-,0,18-12-2023 18:15:43,December,Liquid Level - 2567
Rack Status,ps,18-12-2023,J7,-,0,18-12-2023 18:15:46,December,Liquid Level - 2568
Rack Status,ps,18-12-2023,J8,-,0,18-12-2023 18:15:49,December,Liquid Level - 2566
Rack Status,ps,18-12-2023,J9,-,0,18-12-2023 18:15:51,December,Liquid Level - 2566
Rack Status,ps,18-12-2023,W1,-,0,18-12-2023 18:15:54,December,Liquid Level - 2561
Rack Status,ps,18-12-2023,W2,-,0,18-12-2023 18:15:56,December,Liquid Level - 2552
Rack Status,ps,18-12-2023,W3,-,0,18-12-2023 18:15:59,December,Liquid Level - 2559
Rack Status,ps,18-12-2023,J10,-,0,18-12-2023 18:16:01,December,Liquid Level - 2573
Rack Status,ps,18-12-2023,J11,-,0,18-12-2023 18:16:04,December,Liquid Level - 2558
Rack Status,ps,18-12-2023,J12,-,0,18-12-2023 18:16:07,December,Liquid Level - 2558
Rack Status,ps,18-12-2023,J13,-,0,18-12-2023 18:16:09,December,Liquid Level - 2546
Rack Status,ps,18-12-2023,J14,-,0,18-12-2023 18:16:12,December,Liquid Level - 2569
Rack Status,ps,18-12-2023,J15,-,0,18-12-2023 18:16:15,December,Liquid Level - 2569
Rack Status,ps,18-12-2023,J16,-,0,18-12-2023 18:16:17,December,Liquid Level - 2557
Rack Status,ps,18-12-2023,J17,-,0,18-12-2023 18:16:20,December,Liquid Level - 2582
Rack Status,ps,18-12-2023,W4,-,0,18-12-2023 18:16:22,December,Liquid Level - 2557
Rack Status,ps,18-12-2023,W5,-,0,18-12-2023 18:16:25,December,Liquid Level - 2560
Rack Status,ps,18-12-2023,W6,-,0,18-12-2023 18:16:28,December,Liquid Level - 2551
Rack Status,ps,18-12-2023,J18,-,0,18-12-2023 18:16:30,December,Liquid Level - 2577
Rack Status,ps,18-12-2023,J19,-,0,18-12-2023 18:16:33,December,Liquid Level - 2569
Rack Status,ps,18-12-2023,J20,-,0,18-12-2023 18:16:35,December,Liquid Level - 2576
Rack Status,ps,18-12-2023,J21,-,0,18-12-2023 18:16:38,December,Liquid Level - 2544
Rack Status,ps,18-12-2023,J22,-,0,18-12-2023 18:16:40,December,Liquid Level - 2578
Rack Status,ps,18-12-2023,J23,-,0,18-12-2023 18:16:43,December,Liquid Level - 2572
Rack Status,ps,18-12-2023,J24,-,0,18-12-2023 18:16:45,December,Liquid Level - 2599
Rack Status,ps,18-12-2023,J25,-,0,18-12-2023 18:16:48,December,Liquid Level - 2572
Rack Status,ps,18-12-2023,J26,-,0,18-12-2023 18:16:51,December,Liquid Level - 2585
Rack Status,ps,18-12-2023,J27,-,0,18-12-2023 18:16:57,December,Liquid Level - 2564
Rack Status,ps,18-12-2023,J28,-,0,18-12-2023 18:16:59,December,Liquid Level - 2576
Rack Status,ps,18-12-2023,J29,-,0,18-12-2023 18:17:02,December,Liquid Level - 2586
Rack Status,ps,18-12-2023,J30,-,0,18-12-2023 18:17:04,December,Liquid Level - 2587
Rack Status,ps,18-12-2023,J31,-,0,18-12-2023 18:17:07,December,Liquid Level - 2598
Rack Status,ps,18-12-2023,J32,-,0,18-12-2023 18:17:09,December,Liquid Level - 2595
Rack Status,ps,18-12-2023,J33,-,0,18-12-2023 18:17:12,December,Liquid Level - 2607
Rack Status,ps,18-12-2023,H1,-,0,18-12-2023 18:17:16,December,Liquid Level - 3540
Rack Status,ps,18-12-2023,H2,-,0,18-12-2023 18:17:19,December,Liquid Level - 3531
Rack Status,ps,18-12-2023,H3,-,0,18-12-2023 18:17:22,December,Liquid Level - 3513
Rack Status,ps,18-12-2023,-,-,0,18-12-2023 18:17:36,December,Home Reached
Rack Status,ps,18-12-2023,-,-,0,18-12-2023 18:17:41,December,Home Reached
Rack Status,ps,18-12-2023,-,-,0,18-12-2023 18:17:41,December,
TSP,ps,18-12-2023,-,-,0,18-12-2023 18:33:09,December,Test Started
TSP,ps,18-12-2023,-,-,0,18-12-2023 18:33:14,December,Home Reached
TSP,ps,18-12-2023,-,-,0,18-12-2023 18:33:14,December,
TSP,ps,18-12-2023,-,-,0,18-12-2023 18:33:19,December,Home Reached
TSP,ps,18-12-2023,-,-,0,18-12-2023 18:33:19,December,
TSP,ps,18-12-2023,L1,-,0,18-12-2023 18:33:33,December,Liquid Level - 290
TSP,ps,18-12-2023,L2,-,0,18-12-2023 18:33:36,December,Liquid Level - 309
TSP,ps,18-12-2023,L3,-,0,18-12-2023 18:33:39,December,Liquid Level - 255
TSP,ps,18-12-2023,-,-,0,18-12-2023 18:33:42,December,Home Reached
TSP,ps,18-12-2023,-,-,0,18-12-2023 18:33:47,December,Home Reached
TSP,ps,18-12-2023,,R1,0,18-12-2023 18:33:53,December,Test Started
TSP,ps,18-12-2023,L1,R1,0,18-12-2023 18:34:00,December,Picked From
TSP,ps,18-12-2023,J1,R1,0,18-12-2023 18:34:07,December,Placed In
TSP,ps,18-12-2023,W1,R1,0,18-12-2023 18:36:49,December,Water Valve : 1 is On
TSP,ps,18-12-2023,J1,R1,0,18-12-2023 18:37:12,December,Picked From
TSP,ps,18-12-2023,W1,R1,0,18-12-2023 18:37:22,December,Placed In
TSP,ps,18-12-2023,,R2,0,18-12-2023 18:37:54,December,Test Started
TSP,ps,18-12-2023,L2,R2,0,18-12-2023 18:38:03,December,Picked From
TSP,ps,18-12-2023,J1,R2,0,18-12-2023 18:38:11,December,Placed In
TSP,ps,18-12-2023,W1,R1,0,18-12-2023 18:39:32,December,Picked From
TSP,ps,18-12-2023,J2,R1,0,18-12-2023 18:39:41,December,Placed In
TSP,ps,18-12-2023,W1,R1,0,18-12-2023 18:39:59,December,Water Valve : 1 is Off
TSP,ps,18-12-2023,W1,R1,0,18-12-2023 18:40:53,December,Water Valve : 1 is On
TSP,ps,18-12-2023,J1,R2,0,18-12-2023 18:41:17,December,Picked From
TSP,ps,18-12-2023,W1,R2,0,18-12-2023 18:41:26,December,Placed In
TSP,ps,18-12-2023,,R3,0,18-12-2023 18:41:58,December,Test Started
TSP,ps,18-12-2023,L3,R3,0,18-12-2023 18:42:08,December,Picked From
TSP,ps,18-12-2023,J1,R3,0,18-12-2023 18:42:15,December,Placed In
TSP,ps,18-12-2023,W2,R1,0,18-12-2023 18:42:23,December,Water Valve : 2 is On
TSP,ps,18-12-2023,J2,R1,0,18-12-2023 18:42:47,December,Picked From
TSP,ps,18-12-2023,W2,R1,0,18-12-2023 18:42:56,December,Placed In
TSP,ps,18-12-2023,W1,R2,0,18-12-2023 18:43:32,December,Picked From
TSP,ps,18-12-2023,J2,R2,0,18-12-2023 18:43:41,December,Placed In
TSP,ps,18-12-2023,W1,R1,0,18-12-2023 18:44:01,December,Water Valve : 1 is Off
TSP,ps,18-12-2023,W1,R3,0,18-12-2023 18:44:57,December,Water Valve : 1 is On
TSP,ps,18-12-2023,W2,R1,0,18-12-2023 18:45:06,December,Picked From
TSP,ps,18-12-2023,W3,R3,0,18-12-2023 18:45:06,December,Water Valve : 3 is On
TSP,ps,18-12-2023,J3,R1,0,18-12-2023 18:45:16,December,Placed In
TSP,ps,18-12-2023,W3,R3,0,18-12-2023 18:45:18,December,Water Valve : 3 is On
TSP,ps,18-12-2023,J3,R1,0,18-12-2023 18:45:24,December,Picked From
TSP,ps,18-12-2023,W3,R3,0,18-12-2023 18:45:24,December,Water Valve : 3 is On
