,ps,16-01-2025,-,-,-,35,16-01-2025 14:17:24.144,January,35 - Temperature set to device,0
Water valve,ps,16-01-2025,W1,Tap Water,--,0,16-01-2025 14:17:25.312,January,Water Valve : 1 is On,0
Water valve,ps,16-01-2025,W2,Tap Water,--,0,16-01-2025 14:17:30.482,January,Water Valve : 2 is On,0
Water valve,ps,16-01-2025,W3,Tap Water,--,0,16-01-2025 14:17:31.040,January,Water Valve : 3 is On,0
Water valve,ps,16-01-2025,W4,Tap Water,--,0,16-01-2025 14:17:31.709,January,Water Valve : 4 is On,0
Water valve,ps,16-01-2025,W5,Tap Water,--,0,16-01-2025 14:17:32.379,January,Water Valve : 5 is On,0
Water valve,ps,16-01-2025,W6,Tap Water,--,0,16-01-2025 14:17:33.057,January,Water Valve : 6 is On,0
Water valve,ps,16-01-2025,-,-,-,0,16-01-2025 14:17:33.727,January,Home Reached,0
Water valve,ps,16-01-2025,-,-,-,0,16-01-2025 14:17:47.396,January,Home Reached,0
Water valve,ps,16-01-2025,-,-,-,0,16-01-2025 14:17:50.068,January,Home Reached,0
Water valve,ps,16-01-2025,U1,-,-,0,16-01-2025 14:17:56.916,January,Liquid Level - 3250,0
Water valve,ps,16-01-2025,U2,-,-,0,16-01-2025 14:17:59.717,January,Liquid Level - 3254,0
Water valve,ps,16-01-2025,U3,-,-,0,16-01-2025 14:18:02.386,January,Liquid Level - 3253,0
Water valve,ps,16-01-2025,U4,-,-,0,16-01-2025 14:18:05.050,January,Liquid Level - 3247,0
Water valve,ps,16-01-2025,U5,-,-,0,16-01-2025 14:18:07.725,January,Liquid Level - 3238,0
Water valve,ps,16-01-2025,U6,-,-,0,16-01-2025 14:18:10.384,January,Liquid Level - 3248,0
Water valve,ps,16-01-2025,J1,-,-,0,16-01-2025 14:18:16.320,January,Liquid Level - 3266,0
Water valve,ps,16-01-2025,J2,-,-,0,16-01-2025 14:18:19.226,January,Liquid Level - 3262,0
Water valve,ps,16-01-2025,J3,-,-,0,16-01-2025 14:18:21.901,January,Liquid Level - 3272,0
Water valve,ps,16-01-2025,J4,-,-,0,16-01-2025 14:18:24.579,January,Liquid Level - 3274,0
Water valve,ps,16-01-2025,J5,-,-,0,16-01-2025 14:18:27.262,January,Liquid Level - 3282,0
Water valve,ps,16-01-2025,J6,-,-,0,16-01-2025 14:18:29.912,January,Liquid Level - 3265,0
Water valve,ps,16-01-2025,J7,-,-,0,16-01-2025 14:18:32.581,January,Liquid Level - 3263,0
Water valve,ps,16-01-2025,J8,-,-,0,16-01-2025 14:18:35.241,January,Liquid Level - 3262,0
Water valve,ps,16-01-2025,J9,-,-,0,16-01-2025 14:18:37.896,January,Liquid Level - 3271,0
Water valve,ps,16-01-2025,J10,-,-,0,16-01-2025 14:18:41.783,January,Liquid Level - 3265,0
Water valve,ps,16-01-2025,J11,-,-,0,16-01-2025 14:18:46.978,January,Liquid Level - 3262,0
Water valve,ps,16-01-2025,J12,-,-,0,16-01-2025 14:18:49.819,January,Liquid Level - 3268,0
Water valve,ps,16-01-2025,J13,-,-,0,16-01-2025 14:18:52.481,January,Liquid Level - 3231,0
Water valve,ps,16-01-2025,J14,-,-,0,16-01-2025 14:18:55.342,January,Liquid Level - 3263,0
Water valve,ps,16-01-2025,J15,-,-,0,16-01-2025 14:18:57.835,January,Liquid Level - 3281,0
Water valve,ps,16-01-2025,J16,-,-,0,16-01-2025 14:19:00.495,January,Liquid Level - 3265,0
Water valve,ps,16-01-2025,J17,-,-,0,16-01-2025 14:19:03.168,January,Liquid Level - 3268,0
Water valve,ps,16-01-2025,J18,-,-,0,16-01-2025 14:19:07.046,January,Liquid Level - 3281,0
Water valve,ps,16-01-2025,J19,-,-,0,16-01-2025 14:19:09.995,January,Liquid Level - 3271,0
Water valve,ps,16-01-2025,J20,-,-,0,16-01-2025 14:19:12.668,January,Liquid Level - 3251,0
Water valve,ps,16-01-2025,J21,-,-,0,16-01-2025 14:19:15.339,January,Liquid Level - 3274,0
Water valve,ps,16-01-2025,J22,-,-,0,16-01-2025 14:19:18.017,January,Liquid Level - 3283,0
Water valve,ps,16-01-2025,J23,-,-,0,16-01-2025 14:19:20.683,January,Liquid Level - 3278,0
Water valve,ps,16-01-2025,J24,-,-,0,16-01-2025 14:19:23.351,January,Liquid Level - 3280,0
Water valve,ps,16-01-2025,J25,-,-,0,16-01-2025 14:19:26.016,January,Liquid Level - 3287,0
Water valve,ps,16-01-2025,J26,-,-,0,16-01-2025 14:19:28.676,January,Liquid Level - 3288,0
Water valve,ps,16-01-2025,J27,-,-,0,16-01-2025 14:19:32.165,January,Liquid Level - 3338,0
Water valve,ps,16-01-2025,J28,-,-,0,16-01-2025 14:19:35.005,January,Liquid Level - 3336,0
Water valve,ps,16-01-2025,J29,-,-,0,16-01-2025 14:19:37.689,January,Liquid Level - 3305,0
Water valve,ps,16-01-2025,J30,-,-,0,16-01-2025 14:19:40.358,January,Liquid Level - 3304,0
Water valve,ps,16-01-2025,J31,-,-,0,16-01-2025 14:19:43.034,January,Liquid Level - 3296,0
Water valve,ps,16-01-2025,J32,-,-,0,16-01-2025 14:19:45.693,January,Liquid Level - 3317,0
Water valve,ps,16-01-2025,J33,-,-,0,16-01-2025 14:19:50.787,January,Liquid Level - 3223,0
Water valve,ps,16-01-2025,W1,-,-,0,16-01-2025 14:19:55.584,January,Liquid Level - 3264,0
Water valve,ps,16-01-2025,W2,-,-,0,16-01-2025 14:19:58.208,January,Liquid Level - 3269,0
Water valve,ps,16-01-2025,W3,-,-,0,16-01-2025 14:20:00.890,January,Liquid Level - 3249,0
Water valve,ps,16-01-2025,W4,-,-,0,16-01-2025 14:20:03.739,January,Liquid Level - 3261,0
Water valve,ps,16-01-2025,W5,-,-,0,16-01-2025 14:20:08.937,January,Liquid Level - 3264,0
Water valve,ps,16-01-2025,W6,-,-,0,16-01-2025 14:20:11.779,January,Liquid Level - 3264,0
Water valve,ps,16-01-2025,H1,-,-,0,16-01-2025 14:20:18.530,January,Liquid Level - 4095,0
Water valve,ps,16-01-2025,H2,-,-,0,16-01-2025 14:20:21.295,January,Liquid Level - 4095,0
Water valve,ps,16-01-2025,H3,-,-,0,16-01-2025 14:20:23.995,January,Liquid Level - 4095,0
Water valve,ps,16-01-2025,-,-,-,0,16-01-2025 14:20:36.717,January,Home Reached,0
Water valve,ps,16-01-2025,-,-,-,0,16-01-2025 14:20:40.627,January,Home Reached,0
H- E,ps,16-01-2025,-,-,-,0,16-01-2025 14:21:59.613,January,Protorun Started,190
H- E,ps,16-01-2025,-,-,-,30,16-01-2025 14:22:10.394,January,30 - Temperature set to device,190
H- E,ps,16-01-2025,-,-,-,0,16-01-2025 14:22:11.573,January,Heater Switched On ,190
H- E,ps,16-01-2025,-,-,-,0,16-01-2025 14:22:12.886,January,Heater Door Closed,190
H- E,ps,16-01-2025,-,-,-,30,16-01-2025 14:22:13.223,January,Device temperature ,190
H- E,ps,16-01-2025,W1,Tap Water,--,0,16-01-2025 14:22:18.389,January,Water Valve : 1 is Off,190
H- E,ps,16-01-2025,W2,Tap Water,--,0,16-01-2025 14:22:19.070,January,Water Valve : 2 is Off,190
H- E,ps,16-01-2025,W3,Tap Water,--,0,16-01-2025 14:22:19.733,January,Water Valve : 3 is Off,190
H- E,ps,16-01-2025,W4,Tap Water,--,0,16-01-2025 14:22:20.414,January,Water Valve : 4 is Off,190
H- E,ps,16-01-2025,W5,Tap Water,--,0,16-01-2025 14:22:21.081,January,Water Valve : 5 is Off,190
H- E,ps,16-01-2025,W6,Tap Water,--,0,16-01-2025 14:22:21.745,January,Water Valve : 6 is Off,190
H- E,ps,16-01-2025,-,-,-,0,16-01-2025 14:22:23.209,January,Home Reached,190
H- E,ps,16-01-2025,-,-,-,0,16-01-2025 14:22:25.582,January,Home Reached,190
H- E,ps,16-01-2025,H1,-,-,0,16-01-2025 14:22:37.197,January,Liquid Level - 4095,190
H- E,ps,16-01-2025,H2,-,-,0,16-01-2025 14:22:39.896,January,Liquid Level - 4095,190
H- E,ps,16-01-2025,H3,-,-,0,16-01-2025 14:22:42.566,January,Liquid Level - 4095,190
H- E,ps,16-01-2025,L1,-,-,0,16-01-2025 14:22:46.331,January,Liquid Level - 333,190
H- E,ps,16-01-2025,L2,-,-,0,16-01-2025 14:22:49.242,January,Liquid Level - 324,190
H- E,ps,16-01-2025,L3,-,-,0,16-01-2025 14:22:51.918,January,Liquid Level - 318,190
H- E,ps,16-01-2025,-,-,-,0,16-01-2025 14:23:03.339,January,Home Reached,190
H- E,ps,16-01-2025,-,-,-,0,16-01-2025 14:23:05.972,January,Home Reached,190
H- E,ps,16-01-2025,,,R1,0,16-01-2025 14:23:08.998,January,Test Started,190
H- E,ps,16-01-2025,L1,Loading,R1,0,16-01-2025 14:23:20.211,January,Picked From,190
H- E,ps,16-01-2025,H1,Heating,R1,0,16-01-2025 14:23:27.422,January,Placed In,190
H- E,ps,16-01-2025,-,-,-,0,16-01-2025 14:23:27.944,January,Heater Door Closed,190
H- E,ps,16-01-2025,-,-,-,30,16-01-2025 14:23:28.269,January,Device temperature ,190
H- E,ps,16-01-2025,-,-,-,30,16-01-2025 14:23:33.435,January,Device temperature ,190
H- E,ps,16-01-2025,-,-,-,30,16-01-2025 14:23:38.613,January,Device temperature ,190
H- E,ps,16-01-2025,-,-,-,30,16-01-2025 14:23:43.784,January,Device temperature ,190
H- E,ps,16-01-2025,-,-,-,30,16-01-2025 14:23:48.952,January,Device temperature ,190
H- E,ps,16-01-2025,-,-,-,30,16-01-2025 14:23:54.133,January,Device temperature ,190
H- E,ps,16-01-2025,-,-,-,30,16-01-2025 14:23:59.305,January,Device temperature ,190
H- E,ps,16-01-2025,-,-,-,30,16-01-2025 14:24:04.469,January,Device temperature ,190
H- E,ps,16-01-2025,-,-,-,30,16-01-2025 14:24:09.640,January,Device temperature ,190
H- E,ps,16-01-2025,-,-,-,30,16-01-2025 14:24:14.808,January,Device temperature ,190
H- E,ps,16-01-2025,-,-,-,30,16-01-2025 14:24:19.968,January,Device temperature ,190
H- E,ps,16-01-2025,-,-,-,30,16-01-2025 14:24:25.138,January,Device temperature ,190
H- E,ps,16-01-2025,-,-,-,30,16-01-2025 14:24:30.318,January,Device temperature ,190
H- E,ps,16-01-2025,-,-,-,31,16-01-2025 14:24:35.492,January,Device temperature ,190
H- E,ps,16-01-2025,-,-,-,30,16-01-2025 14:24:40.661,January,Device temperature ,190
H- E,ps,16-01-2025,-,-,-,30,16-01-2025 14:24:45.830,January,Device temperature ,190
H- E,ps,16-01-2025,-,-,-,30,16-01-2025 14:24:51.006,January,Device temperature ,190
H- E,ps,16-01-2025,-,-,-,30,16-01-2025 14:24:56.183,January,Device temperature ,190
H- E,ps,16-01-2025,-,-,-,30,16-01-2025 14:25:01.337,January,Device temperature ,190
H- E,ps,16-01-2025,-,-,-,30,16-01-2025 14:25:06.506,January,Device temperature ,190
H- E,ps,16-01-2025,-,-,-,30,16-01-2025 14:25:11.679,January,Device temperature ,190
H- E,ps,16-01-2025,-,-,-,30,16-01-2025 14:25:16.839,January,Device temperature ,190
H- E,ps,16-01-2025,-,-,-,30,16-01-2025 14:25:22.006,January,Device temperature ,190
H- E,ps,16-01-2025,-,-,-,30,16-01-2025 14:25:27.179,January,Device temperature ,190
H- E,ps,16-01-2025,-,-,-,30,16-01-2025 14:25:32.345,January,Device temperature ,190
H- E,ps,16-01-2025,-,-,-,30,16-01-2025 14:25:37.518,January,Device temperature ,190
H- E,ps,16-01-2025,-,-,-,30,16-01-2025 14:25:42.700,January,Device temperature ,190
H- E,ps,16-01-2025,-,-,-,30,16-01-2025 14:25:47.866,January,Device temperature ,190
H- E,ps,16-01-2025,-,-,-,30,16-01-2025 14:25:53.031,January,Device temperature ,190
H- E,ps,16-01-2025,-,-,-,30,16-01-2025 14:25:58.212,January,Device temperature ,190
H- E,ps,16-01-2025,-,-,-,30,16-01-2025 14:26:03.381,January,Device temperature ,190
H- E,ps,16-01-2025,-,-,-,30,16-01-2025 14:26:08.545,January,Device temperature ,190
H- E,ps,16-01-2025,-,-,-,30,16-01-2025 14:26:13.720,January,Device temperature ,190
H- E,ps,16-01-2025,-,-,-,31,16-01-2025 14:26:18.902,January,Device temperature ,190
H- E,ps,16-01-2025,-,-,-,30,16-01-2025 14:26:24.089,January,Device temperature ,190
H- E,ps,16-01-2025,-,-,-,30,16-01-2025 14:26:29.253,January,Device temperature ,190
H- E,ps,16-01-2025,-,-,-,30,16-01-2025 14:26:34.425,January,Device temperature ,190
H- E,ps,16-01-2025,-,-,-,30,16-01-2025 14:26:39.606,January,Device temperature ,190
H- E,ps,16-01-2025,-,-,-,31,16-01-2025 14:26:44.778,January,Device temperature ,190
H- E,ps,16-01-2025,-,-,-,31,16-01-2025 14:26:49.921,January,Device temperature ,190
H- E,ps,16-01-2025,-,-,-,30,16-01-2025 14:26:55.094,January,Device temperature ,190
H- E,ps,16-01-2025,-,-,-,30,16-01-2025 14:27:00.261,January,Device temperature ,190
H- E,ps,16-01-2025,-,-,-,30,16-01-2025 14:27:05.453,January,Device temperature ,190
H- E,ps,16-01-2025,-,-,-,30,16-01-2025 14:27:10.626,January,Device temperature ,190
H- E,ps,16-01-2025,-,-,-,30,16-01-2025 14:27:15.800,January,Device temperature ,190
H- E,ps,16-01-2025,-,-,-,30,16-01-2025 14:27:20.965,January,Device temperature ,190
H- E,ps,16-01-2025,-,-,-,30,16-01-2025 14:27:26.126,January,Device temperature ,190
H- E,ps,16-01-2025,-,-,-,30,16-01-2025 14:27:31.304,January,Device temperature ,190
H- E,ps,16-01-2025,-,-,-,31,16-01-2025 14:27:36.478,January,Device temperature ,190
H- E,ps,16-01-2025,-,-,-,30,16-01-2025 14:27:41.644,January,Device temperature ,190
H- E,ps,16-01-2025,-,-,-,31,16-01-2025 14:27:46.817,January,Device temperature ,190
H- E,ps,16-01-2025,-,-,-,31,16-01-2025 14:27:51.994,January,Device temperature ,190
H- E,ps,16-01-2025,-,-,-,30,16-01-2025 14:27:57.152,January,Device temperature ,190
H- E,ps,16-01-2025,-,-,-,31,16-01-2025 14:28:02.313,January,Device temperature ,190
H- E,ps,16-01-2025,-,-,-,30,16-01-2025 14:28:07.482,January,Device temperature ,190
H- E,ps,16-01-2025,-,-,-,31,16-01-2025 14:28:12.650,January,Device temperature ,190
H- E,ps,16-01-2025,-,-,-,31,16-01-2025 14:28:17.813,January,Device temperature ,190
H- E,ps,16-01-2025,-,-,-,31,16-01-2025 14:28:22.974,January,Device temperature ,190
H- E,ps,16-01-2025,-,-,-,31,16-01-2025 14:28:28.142,January,Device temperature ,190
H- E,ps,16-01-2025,-,-,-,31,16-01-2025 14:28:33.310,January,Device temperature ,190
H- E,ps,16-01-2025,-,-,-,30,16-01-2025 14:28:38.491,January,Device temperature ,190
H- E,ps,16-01-2025,-,-,-,31,16-01-2025 14:28:43.664,January,Device temperature ,190
H- E,ps,16-01-2025,-,-,-,31,16-01-2025 14:28:48.840,January,Device temperature ,190
H- E,ps,16-01-2025,-,-,-,31,16-01-2025 14:28:53.984,January,Device temperature ,190
H- E,ps,16-01-2025,-,-,-,31,16-01-2025 14:28:59.155,January,Device temperature ,190
H- E,ps,16-01-2025,-,-,-,31,16-01-2025 14:29:04.328,January,Device temperature ,190
H- E,ps,16-01-2025,-,-,-,31,16-01-2025 14:29:09.509,January,Device temperature ,190
H- E,ps,16-01-2025,-,-,-,31,16-01-2025 14:29:14.678,January,Device temperature ,190
H- E,ps,16-01-2025,-,-,-,32,16-01-2025 14:29:19.842,January,Device temperature ,190
H- E,ps,16-01-2025,-,-,-,31,16-01-2025 14:29:25.019,January,Device temperature ,190
H- E,ps,16-01-2025,-,-,-,31,16-01-2025 14:29:30.197,January,Device temperature ,190
H- E,ps,16-01-2025,-,-,-,31,16-01-2025 14:29:35.356,January,Device temperature ,190
H- E,ps,16-01-2025,-,-,-,31,16-01-2025 14:29:40.530,January,Device temperature ,190
H- E,ps,16-01-2025,-,-,-,31,16-01-2025 14:29:45.703,January,Device temperature ,190
H- E,ps,16-01-2025,-,-,-,31,16-01-2025 14:29:50.884,January,Device temperature ,190
H- E,ps,16-01-2025,-,-,-,31,16-01-2025 14:29:56.051,January,Device temperature ,190
H- E,ps,16-01-2025,-,-,-,31,16-01-2025 14:30:01.217,January,Device temperature ,190
H- E,ps,16-01-2025,-,-,-,31,16-01-2025 14:30:06.401,January,Device temperature ,190
H- E,ps,16-01-2025,-,-,-,31,16-01-2025 14:30:11.561,January,Device temperature ,190
H- E,ps,16-01-2025,-,-,-,31,16-01-2025 14:30:16.729,January,Device temperature ,190
H- E,ps,16-01-2025,-,-,-,31,16-01-2025 14:30:21.903,January,Device temperature ,190
H- E,ps,16-01-2025,-,-,-,31,16-01-2025 14:30:27.078,January,Device temperature ,190
H- E,ps,16-01-2025,-,-,-,31,16-01-2025 14:30:32.263,January,Device temperature ,190
H- E,ps,16-01-2025,-,-,-,31,16-01-2025 14:30:37.447,January,Device temperature ,190
H- E,ps,16-01-2025,-,-,-,31,16-01-2025 14:30:42.606,January,Device temperature ,190
H- E,ps,16-01-2025,-,-,-,31,16-01-2025 14:30:47.787,January,Device temperature ,190
H- E,ps,16-01-2025,-,-,-,31,16-01-2025 14:30:52.959,January,Device temperature ,190
H- E,ps,16-01-2025,-,-,-,31,16-01-2025 14:30:58.116,January,Device temperature ,190
H- E,ps,16-01-2025,-,-,-,31,16-01-2025 14:31:03.290,January,Device temperature ,190
H- E,ps,16-01-2025,-,-,-,31,16-01-2025 14:31:08.465,January,Device temperature ,190
H- E,ps,16-01-2025,-,-,-,31,16-01-2025 14:31:13.642,January,Device temperature ,190
H- E,ps,16-01-2025,-,-,-,31,16-01-2025 14:31:18.820,January,Device temperature ,190
H- E,ps,16-01-2025,-,-,-,31,16-01-2025 14:31:23.992,January,Device temperature ,190
H- E,ps,16-01-2025,-,-,-,31,16-01-2025 14:31:29.161,January,Device temperature ,190
H- E,ps,16-01-2025,-,-,-,31,16-01-2025 14:31:34.333,January,Device temperature ,190
H- E,ps,16-01-2025,-,-,-,31,16-01-2025 14:31:39.494,January,Device temperature ,190
H- E,ps,16-01-2025,-,-,-,31,16-01-2025 14:31:44.657,January,Device temperature ,190
H- E,ps,16-01-2025,-,-,-,31,16-01-2025 14:31:49.824,January,Device temperature ,190
H- E,ps,16-01-2025,-,-,-,31,16-01-2025 14:31:55.013,January,Device temperature ,190
H- E,ps,16-01-2025,-,-,-,31,16-01-2025 14:32:00.189,January,Device temperature ,190
H- E,ps,16-01-2025,-,-,-,31,16-01-2025 14:32:05.362,January,Device temperature ,190
H- E,ps,16-01-2025,-,-,-,31,16-01-2025 14:32:10.543,January,Device temperature ,190
H- E,ps,16-01-2025,-,-,-,31,16-01-2025 14:32:15.717,January,Device temperature ,190
H- E,ps,16-01-2025,-,-,-,31,16-01-2025 14:32:20.884,January,Device temperature ,190
H- E,ps,16-01-2025,-,-,-,31,16-01-2025 14:32:26.043,January,Device temperature ,190
H- E,ps,16-01-2025,-,-,-,31,16-01-2025 14:32:31.208,January,Device temperature ,190
H- E,ps,16-01-2025,-,-,-,31,16-01-2025 14:32:36.373,January,Device temperature ,190
H- E,ps,16-01-2025,-,-,-,31,16-01-2025 14:32:41.555,January,Device temperature ,190
H- E,ps,16-01-2025,-,-,-,31,16-01-2025 14:32:46.724,January,Device temperature ,190
H- E,ps,16-01-2025,-,-,-,31,16-01-2025 14:32:51.895,January,Device temperature ,190
H- E,ps,16-01-2025,-,-,-,31,16-01-2025 14:32:57.058,January,Device temperature ,190
H- E,ps,16-01-2025,-,-,-,31,16-01-2025 14:33:02.219,January,Device temperature ,190
H- E,ps,16-01-2025,-,-,-,31,16-01-2025 14:33:07.395,January,Device temperature ,190
H- E,ps,16-01-2025,-,-,-,31,16-01-2025 14:33:12.565,January,Device temperature ,190
H- E,ps,16-01-2025,-,-,-,31,16-01-2025 14:33:17.746,January,Device temperature ,190
H- E,ps,16-01-2025,-,-,-,32,16-01-2025 14:33:22.927,January,Device temperature ,190
H- E,ps,16-01-2025,-,-,-,31,16-01-2025 14:33:28.106,January,Device temperature ,190
H- E,ps,16-01-2025,-,-,-,32,16-01-2025 14:33:33.266,January,Device temperature ,190
H- E,ps,16-01-2025,-,-,-,31,16-01-2025 14:33:38.440,January,Device temperature ,190
H- E,ps,16-01-2025,-,-,-,31,16-01-2025 14:33:43.612,January,Device temperature ,190
H- E,ps,16-01-2025,-,-,-,31,16-01-2025 14:33:48.789,January,Device temperature ,190
H- E,ps,16-01-2025,-,-,-,31,16-01-2025 14:33:53.960,January,Device temperature ,190
H- E,ps,16-01-2025,-,-,-,32,16-01-2025 14:33:59.130,January,Device temperature ,190
H- E,ps,16-01-2025,-,-,-,32,16-01-2025 14:34:04.307,January,Device temperature ,190
H- E,ps,16-01-2025,-,-,-,32,16-01-2025 14:34:09.471,January,Device temperature ,190
H- E,ps,16-01-2025,-,-,-,31,16-01-2025 14:34:14.650,January,Device temperature ,190
H- E,ps,16-01-2025,-,-,-,32,16-01-2025 14:34:19.813,January,Device temperature ,190
H- E,ps,16-01-2025,-,-,-,32,16-01-2025 14:34:24.993,January,Device temperature ,190
H- E,ps,16-01-2025,-,-,-,32,16-01-2025 14:34:30.153,January,Device temperature ,190
H- E,ps,16-01-2025,-,-,-,0,16-01-2025 14:34:32.364,January,Heater Door Opened,190
H- E,ps,16-01-2025,,,R2,0,16-01-2025 14:34:33.029,January,Test Started,190
H- E,ps,16-01-2025,L2,Loading,R2,0,16-01-2025 14:34:40.221,January,Picked From,190
H- E,ps,16-01-2025,H2,Heating,R2,0,16-01-2025 14:34:47.418,January,Placed In,190
H- E,ps,16-01-2025,-,-,-,0,16-01-2025 14:34:47.944,January,Heater Door Closed,190
H- E,ps,16-01-2025,-,-,-,32,16-01-2025 14:34:48.265,January,Device temperature ,190
H- E,ps,16-01-2025,-,-,-,32,16-01-2025 14:34:53.442,January,Device temperature ,190
H- E,ps,16-01-2025,-,-,-,32,16-01-2025 14:34:58.624,January,Device temperature ,190
H- E,ps,16-01-2025,-,-,-,32,16-01-2025 14:35:03.808,January,Device temperature ,190
H- E,ps,16-01-2025,-,-,-,32,16-01-2025 14:35:08.972,January,Device temperature ,190
H- E,ps,16-01-2025,-,-,-,32,16-01-2025 14:35:14.168,January,Device temperature ,190
H- E,ps,16-01-2025,-,-,-,32,16-01-2025 14:35:19.331,January,Device temperature ,190
H- E,ps,16-01-2025,-,-,-,31,16-01-2025 14:35:24.509,January,Device temperature ,190
H- E,ps,16-01-2025,-,-,-,32,16-01-2025 14:35:29.677,January,Device temperature ,190
H- E,ps,16-01-2025,-,-,-,32,16-01-2025 14:35:34.851,January,Device temperature ,190
H- E,ps,16-01-2025,-,-,-,32,16-01-2025 14:35:40.016,January,Device temperature ,190
H- E,ps,16-01-2025,-,-,-,32,16-01-2025 14:35:45.187,January,Device temperature ,190
H- E,ps,16-01-2025,-,-,-,32,16-01-2025 14:35:50.376,January,Device temperature ,190
H- E,ps,16-01-2025,-,-,-,32,16-01-2025 14:35:55.559,January,Device temperature ,190
H- E,ps,16-01-2025,-,-,-,32,16-01-2025 14:36:00.715,January,Device temperature ,190
H- E,ps,16-01-2025,-,-,-,32,16-01-2025 14:36:05.889,January,Device temperature ,190
H- E,ps,16-01-2025,-,-,-,32,16-01-2025 14:36:11.059,January,Device temperature ,190
H- E,ps,16-01-2025,-,-,-,32,16-01-2025 14:36:16.242,January,Device temperature ,190
H- E,ps,16-01-2025,-,-,-,32,16-01-2025 14:36:21.400,January,Device temperature ,190
H- E,ps,16-01-2025,-,-,-,32,16-01-2025 14:36:26.568,January,Device temperature ,190
H- E,ps,16-01-2025,-,-,-,32,16-01-2025 14:36:31.753,January,Device temperature ,190
H- E,ps,16-01-2025,-,-,-,32,16-01-2025 14:36:36.925,January,Device temperature ,190
H- E,ps,16-01-2025,-,-,-,32,16-01-2025 14:36:42.099,January,Device temperature ,190
H- E,ps,16-01-2025,-,-,-,32,16-01-2025 14:36:47.265,January,Device temperature ,190
H- E,ps,16-01-2025,-,-,-,32,16-01-2025 14:36:52.440,January,Device temperature ,190
H- E,ps,16-01-2025,-,-,-,32,16-01-2025 14:36:57.614,January,Device temperature ,190
H- E,ps,16-01-2025,-,-,-,32,16-01-2025 14:37:02.780,January,Device temperature ,190
H- E,ps,16-01-2025,-,-,-,32,16-01-2025 14:37:07.963,January,Device temperature ,190
H- E,ps,16-01-2025,-,-,-,32,16-01-2025 14:37:13.135,January,Device temperature ,190
H- E,ps,16-01-2025,-,-,-,32,16-01-2025 14:37:18.294,January,Device temperature ,190
H- E,ps,16-01-2025,-,-,-,32,16-01-2025 14:37:23.470,January,Device temperature ,190
H- E,ps,16-01-2025,-,-,-,32,16-01-2025 14:37:28.650,January,Device temperature ,190
H- E,ps,16-01-2025,-,-,-,32,16-01-2025 14:37:33.809,January,Device temperature ,190
H- E,ps,16-01-2025,-,-,-,32,16-01-2025 14:37:38.987,January,Device temperature ,190
H- E,ps,16-01-2025,-,-,-,32,16-01-2025 14:37:44.158,January,Device temperature ,190
H- E,ps,16-01-2025,-,-,-,32,16-01-2025 14:37:49.335,January,Device temperature ,190
H- E,ps,16-01-2025,-,-,-,32,16-01-2025 14:37:54.511,January,Device temperature ,190
H- E,ps,16-01-2025,-,-,-,32,16-01-2025 14:37:59.678,January,Device temperature ,190
H- E,ps,16-01-2025,-,-,-,32,16-01-2025 14:38:04.843,January,Device temperature ,190
H- E,ps,16-01-2025,-,-,-,32,16-01-2025 14:38:10.016,January,Device temperature ,190
H- E,ps,16-01-2025,-,-,-,32,16-01-2025 14:38:15.199,January,Device temperature ,190
H- E,ps,16-01-2025,-,-,-,32,16-01-2025 14:38:20.360,January,Device temperature ,190
H- E,ps,16-01-2025,-,-,-,32,16-01-2025 14:38:25.530,January,Device temperature ,190
H- E,ps,16-01-2025,-,-,-,32,16-01-2025 14:38:30.716,January,Device temperature ,190
H- E,ps,16-01-2025,-,-,-,32,16-01-2025 14:38:35.903,January,Device temperature ,190
H- E,ps,16-01-2025,-,-,-,32,16-01-2025 14:38:41.091,January,Device temperature ,190
H- E,ps,16-01-2025,-,-,-,32,16-01-2025 14:38:46.269,January,Device temperature ,190
H- E,ps,16-01-2025,-,-,-,32,16-01-2025 14:38:51.449,January,Device temperature ,190
H- E,ps,16-01-2025,-,-,-,33,16-01-2025 14:38:56.606,January,Device temperature ,190
H- E,ps,16-01-2025,-,-,-,33,16-01-2025 14:39:01.784,January,Device temperature ,190
H- E,ps,16-01-2025,-,-,-,33,16-01-2025 14:39:06.950,January,Device temperature ,190
H- E,ps,16-01-2025,-,-,-,32,16-01-2025 14:39:12.107,January,Device temperature ,190
H- E,ps,16-01-2025,-,-,-,32,16-01-2025 14:39:17.286,January,Device temperature ,190
H- E,ps,16-01-2025,-,-,-,33,16-01-2025 14:39:22.461,January,Device temperature ,190
H- E,ps,16-01-2025,-,-,-,32,16-01-2025 14:39:27.632,January,Device temperature ,190
H- E,ps,16-01-2025,-,-,-,32,16-01-2025 14:39:32.792,January,Device temperature ,190
H- E,ps,16-01-2025,-,-,-,32,16-01-2025 14:39:38.060,January,Device temperature ,190
H- E,ps,16-01-2025,-,-,-,33,16-01-2025 14:39:43.232,January,Device temperature ,190
H- E,ps,16-01-2025,-,-,-,32,16-01-2025 14:39:48.392,January,Device temperature ,190
H- E,ps,16-01-2025,-,-,-,33,16-01-2025 14:39:53.571,January,Device temperature ,190
H- E,ps,16-01-2025,-,-,-,32,16-01-2025 14:39:58.733,January,Device temperature ,190
H- E,ps,16-01-2025,-,-,-,33,16-01-2025 14:40:03.914,January,Device temperature ,190
H- E,ps,16-01-2025,-,-,-,33,16-01-2025 14:40:09.071,January,Device temperature ,190
H- E,ps,16-01-2025,-,-,-,32,16-01-2025 14:40:14.243,January,Device temperature ,190
H- E,ps,16-01-2025,-,-,-,33,16-01-2025 14:40:19.408,January,Device temperature ,190
H- E,ps,16-01-2025,-,-,-,33,16-01-2025 14:40:24.586,January,Device temperature ,190
H- E,ps,16-01-2025,-,-,-,33,16-01-2025 14:40:29.760,January,Device temperature ,190
H- E,ps,16-01-2025,-,-,-,33,16-01-2025 14:40:34.914,January,Device temperature ,190
H- E,ps,16-01-2025,-,-,-,32,16-01-2025 14:40:40.091,January,Device temperature ,190
H- E,ps,16-01-2025,-,-,-,33,16-01-2025 14:40:45.261,January,Device temperature ,190
H- E,ps,16-01-2025,-,-,-,33,16-01-2025 14:40:50.430,January,Device temperature ,190
H- E,ps,16-01-2025,-,-,-,33,16-01-2025 14:40:55.590,January,Device temperature ,190
H- E,ps,16-01-2025,-,-,-,33,16-01-2025 14:41:00.757,January,Device temperature ,190
H- E,ps,16-01-2025,-,-,-,34,16-01-2025 14:41:05.930,January,Device temperature ,190
H- E,ps,16-01-2025,-,-,-,33,16-01-2025 14:41:11.092,January,Device temperature ,190
H- E,ps,16-01-2025,-,-,-,33,16-01-2025 14:41:16.264,January,Device temperature ,190
H- E,ps,16-01-2025,-,-,-,33,16-01-2025 14:41:21.487,January,Device temperature ,190
H- E,ps,16-01-2025,-,-,-,33,16-01-2025 14:41:26.667,January,Device temperature ,190
H- E,ps,16-01-2025,-,-,-,33,16-01-2025 14:41:31.826,January,Device temperature ,190
H- E,ps,16-01-2025,-,-,-,33,16-01-2025 14:41:37.008,January,Device temperature ,190
H- E,ps,16-01-2025,-,-,-,33,16-01-2025 14:41:42.168,January,Device temperature ,190
H- E,ps,16-01-2025,-,-,-,33,16-01-2025 14:41:47.352,January,Device temperature ,190
H- E,ps,16-01-2025,-,-,-,33,16-01-2025 14:41:52.522,January,Device temperature ,190
H- E,ps,16-01-2025,-,-,-,33,16-01-2025 14:41:57.695,January,Device temperature ,190
H- E,ps,16-01-2025,-,-,-,33,16-01-2025 14:42:02.864,January,Device temperature ,190
H- E,ps,16-01-2025,-,-,-,33,16-01-2025 14:42:08.023,January,Device temperature ,190
H- E,ps,16-01-2025,-,-,-,33,16-01-2025 14:42:13.195,January,Device temperature ,190
H- E,ps,16-01-2025,-,-,-,33,16-01-2025 14:42:18.394,January,Device temperature ,190
H- E,ps,16-01-2025,-,-,-,33,16-01-2025 14:42:23.569,January,Device temperature ,190
H- E,ps,16-01-2025,-,-,-,33,16-01-2025 14:42:28.736,January,Device temperature ,190
H- E,ps,16-01-2025,-,-,-,33,16-01-2025 14:42:33.901,January,Device temperature ,190
H- E,ps,16-01-2025,-,-,-,33,16-01-2025 14:42:39.066,January,Device temperature ,190
H- E,ps,16-01-2025,-,-,-,33,16-01-2025 14:42:44.241,January,Device temperature ,190
H- E,ps,16-01-2025,-,-,-,33,16-01-2025 14:42:49.404,January,Device temperature ,190
H- E,ps,16-01-2025,-,-,-,33,16-01-2025 14:42:54.579,January,Device temperature ,190
H- E,ps,16-01-2025,-,-,-,34,16-01-2025 14:42:59.762,January,Device temperature ,190
H- E,ps,16-01-2025,-,-,-,33,16-01-2025 14:43:04.931,January,Device temperature ,190
H- E,ps,16-01-2025,-,-,-,0,16-01-2025 14:43:28.307,January,Heater Door Opened,190
H- E,ps,16-01-2025,H1,Heating,R1,0,16-01-2025 14:43:34.788,January,Picked From,190
H- E,ps,16-01-2025,-,-,-,0,16-01-2025 14:43:35.319,January,Heater Door Closed,190
H- E,ps,16-01-2025,J1,XYLENE-1,R1,0,16-01-2025 14:43:42.157,January,Placed In,190
H- E,ps,16-01-2025,-,-,-,0,16-01-2025 14:47:52.367,January,Heater Door Opened,190
H- E,ps,16-01-2025,,,R3,0,16-01-2025 14:47:53.064,January,Test Started,190
H- E,ps,16-01-2025,L3,Loading,R3,0,16-01-2025 14:48:02.774,January,Picked From,190
H- E,ps,16-01-2025,H3,Heating,R3,0,16-01-2025 14:48:11.335,January,Placed In,190
H- E,ps,16-01-2025,-,-,-,0,16-01-2025 14:48:11.860,January,Heater Door Closed,190
H- E,ps,16-01-2025,-,-,-,34,16-01-2025 14:48:12.199,January,Device temperature ,190
H- E,ps,16-01-2025,-,-,-,33,16-01-2025 14:48:17.356,January,Device temperature ,190
H- E,ps,16-01-2025,-,-,-,33,16-01-2025 14:48:22.539,January,Device temperature ,190
H- E,ps,16-01-2025,J1,XYLENE-1,R1,0,16-01-2025 14:48:49.069,January,Picked From,190
H- E,ps,16-01-2025,J2,XYLENE-2,R1,0,16-01-2025 14:48:55.284,January,Placed In,190
H- E,ps,16-01-2025,J2,XYLENE-2,R1,0,16-01-2025 14:54:01.227,January,Picked From,190
H- E,ps,16-01-2025,J3,XYLENE-3,R1,0,16-01-2025 14:54:07.426,January,Placed In,190
H- E,ps,16-01-2025,-,-,-,0,16-01-2025 14:54:48.467,January,Heater Door Opened,190
H- E,ps,16-01-2025,H2,Heating,R2,0,16-01-2025 14:54:55.719,January,Picked From,190
H- E,ps,16-01-2025,-,-,-,0,16-01-2025 14:54:56.247,January,Heater Door Closed,190
H- E,ps,16-01-2025,-,-,-,0,16-01-2025 14:55:22.107,January,Heater Switched Off ,190
H- E,ps,16-01-2025,W1,Tap Water,--,0,16-01-2025 14:55:27.750,January,Water Valve : 1 is Off,190
H- E,ps,16-01-2025,W2,Tap Water,--,0,16-01-2025 14:55:28.424,January,Water Valve : 2 is Off,190
H- E,ps,16-01-2025,W3,Tap Water,--,0,16-01-2025 14:55:29.093,January,Water Valve : 3 is Off,190
H- E,ps,16-01-2025,W4,Tap Water,--,0,16-01-2025 14:55:29.763,January,Water Valve : 4 is Off,190
H- E,ps,16-01-2025,W5,Tap Water,--,0,16-01-2025 14:55:30.447,January,Water Valve : 5 is Off,190
H- E,ps,16-01-2025,W6,Tap Water,--,0,16-01-2025 14:55:31.116,January,Water Valve : 6 is Off,190
H- E,ps,16-01-2025,-,-,-,0,16-01-2025 14:55:31.612,January,Protorun Stopped,190
,ps,16-01-2025,-,-,-,35,16-01-2025 14:57:01.800,January,35 - Temperature set to device,0
Water valve,ps,16-01-2025,W1,Tap Water,--,0,16-01-2025 14:57:02.973,January,Water Valve : 1 is On,0
Water valve,ps,16-01-2025,W2,Tap Water,--,0,16-01-2025 14:57:08.146,January,Water Valve : 2 is On,0
Water valve,ps,16-01-2025,W3,Tap Water,--,0,16-01-2025 14:57:08.705,January,Water Valve : 3 is On,0
Water valve,ps,16-01-2025,W4,Tap Water,--,0,16-01-2025 14:57:09.372,January,Water Valve : 4 is On,0
Water valve,ps,16-01-2025,W5,Tap Water,--,0,16-01-2025 14:57:10.059,January,Water Valve : 5 is On,0
Water valve,ps,16-01-2025,W6,Tap Water,--,0,16-01-2025 14:57:10.729,January,Water Valve : 6 is On,0
Water valve,ps,16-01-2025,-,-,-,0,16-01-2025 14:57:11.402,January,Home Reached,0
Water valve,ps,16-01-2025,-,-,-,0,16-01-2025 14:57:26.581,January,Home Reached,0
Water valve,ps,16-01-2025,-,-,-,0,16-01-2025 14:57:29.747,January,Home Reached,0
Water valve,ps,16-01-2025,U1,-,-,0,16-01-2025 14:57:36.575,January,Liquid Level - 2593,0
Water valve,ps,16-01-2025,U2,-,-,0,16-01-2025 14:57:39.398,January,Liquid Level - 2589,0
Water valve,ps,16-01-2025,U3,-,-,0,16-01-2025 14:57:42.148,January,Liquid Level - 2588,0
Water valve,ps,16-01-2025,U4,-,-,0,16-01-2025 14:57:44.727,January,Liquid Level - 2582,0
Water valve,ps,16-01-2025,U5,-,-,0,16-01-2025 14:57:47.403,January,Liquid Level - 2572,0
Water valve,ps,16-01-2025,U6,-,-,0,16-01-2025 14:57:50.059,January,Liquid Level - 2580,0
Water valve,ps,16-01-2025,J1,-,-,0,16-01-2025 14:57:55.987,January,Liquid Level - 2592,0
Water valve,ps,16-01-2025,J2,-,-,0,16-01-2025 14:57:58.904,January,Liquid Level - 2589,0
Water valve,ps,16-01-2025,J3,-,-,0,16-01-2025 14:58:01.587,January,Liquid Level - 2594,0
Water valve,ps,16-01-2025,J4,-,-,0,16-01-2025 14:58:04.246,January,Liquid Level - 2598,0
Water valve,ps,16-01-2025,J5,-,-,0,16-01-2025 14:58:06.923,January,Liquid Level - 2602,0
Water valve,ps,16-01-2025,J6,-,-,0,16-01-2025 14:58:09.581,January,Liquid Level - 2587,0
Water valve,ps,16-01-2025,J7,-,-,0,16-01-2025 14:58:12.252,January,Liquid Level - 2579,0
Water valve,ps,16-01-2025,J8,-,-,0,16-01-2025 14:58:14.930,January,Liquid Level - 2585,0
Water valve,ps,16-01-2025,J9,-,-,0,16-01-2025 14:58:17.589,January,Liquid Level - 2595,0
Water valve,ps,16-01-2025,J10,-,-,0,16-01-2025 14:58:21.480,January,Liquid Level - 2584,0
Water valve,ps,16-01-2025,J11,-,-,0,16-01-2025 14:58:24.419,January,Liquid Level - 2577,0
Water valve,ps,16-01-2025,J12,-,-,0,16-01-2025 14:58:27.107,January,Liquid Level - 2580,0
Water valve,ps,16-01-2025,J13,-,-,0,16-01-2025 14:58:29.753,January,Liquid Level - 2557,0
Water valve,ps,16-01-2025,J14,-,-,0,16-01-2025 14:58:32.602,January,Liquid Level - 2580,0
Water valve,ps,16-01-2025,J15,-,-,0,16-01-2025 14:58:35.087,January,Liquid Level - 2594,0
Water valve,ps,16-01-2025,J16,-,-,0,16-01-2025 14:58:40.502,January,Liquid Level - 2591,0
Water valve,ps,16-01-2025,J17,-,-,0,16-01-2025 14:58:43.350,January,Liquid Level - 2589,0
Water valve,ps,16-01-2025,J18,-,-,0,16-01-2025 14:58:47.217,January,Liquid Level - 2597,0
Water valve,ps,16-01-2025,J19,-,-,0,16-01-2025 14:58:52.406,January,Liquid Level - 2588,0
Water valve,ps,16-01-2025,J20,-,-,0,16-01-2025 14:58:55.252,January,Liquid Level - 2560,0
Water valve,ps,16-01-2025,J21,-,-,0,16-01-2025 14:58:57.921,January,Liquid Level - 2582,0
Water valve,ps,16-01-2025,J22,-,-,0,16-01-2025 14:59:00.589,January,Liquid Level - 2585,0
Water valve,ps,16-01-2025,J23,-,-,0,16-01-2025 14:59:03.262,January,Liquid Level - 2588,0
Water valve,ps,16-01-2025,J24,-,-,0,16-01-2025 14:59:05.909,January,Liquid Level - 2588,0
Water valve,ps,16-01-2025,J25,-,-,0,16-01-2025 14:59:08.574,January,Liquid Level - 2590,0
Water valve,ps,16-01-2025,J26,-,-,0,16-01-2025 14:59:11.253,January,Liquid Level - 2590,0
Water valve,ps,16-01-2025,J27,-,-,0,16-01-2025 14:59:14.752,January,Liquid Level - 2632,0
Water valve,ps,16-01-2025,J28,-,-,0,16-01-2025 14:59:17.600,January,Liquid Level - 2634,0
Water valve,ps,16-01-2025,J29,-,-,0,16-01-2025 14:59:20.280,January,Liquid Level - 2605,0
Water valve,ps,16-01-2025,J30,-,-,0,16-01-2025 14:59:22.939,January,Liquid Level - 2611,0
Water valve,ps,16-01-2025,J31,-,-,0,16-01-2025 14:59:25.690,January,Liquid Level - 2604,0
Water valve,ps,16-01-2025,J32,-,-,0,16-01-2025 14:59:28.364,January,Liquid Level - 2618,0
Water valve,ps,16-01-2025,J33,-,-,0,16-01-2025 14:59:33.430,January,Liquid Level - 2543,0
Water valve,ps,16-01-2025,W1,-,-,0,16-01-2025 14:59:38.245,January,Liquid Level - 2571,0
Water valve,ps,16-01-2025,W2,-,-,0,16-01-2025 14:59:40.887,January,Liquid Level - 2584,0
Water valve,ps,16-01-2025,W3,-,-,0,16-01-2025 14:59:43.575,January,Liquid Level - 3154,0
Water valve,ps,16-01-2025,W4,-,-,0,16-01-2025 14:59:46.426,January,Liquid Level - 3161,0
Water valve,ps,16-01-2025,W5,-,-,0,16-01-2025 14:59:48.932,January,Liquid Level - 2573,0
Water valve,ps,16-01-2025,W6,-,-,0,16-01-2025 14:59:51.599,January,Liquid Level - 2575,0
Water valve,ps,16-01-2025,H1,-,-,0,16-01-2025 14:59:58.356,January,Liquid Level - 3566,0
Water valve,ps,16-01-2025,H2,-,-,0,16-01-2025 15:00:01.144,January,Liquid Level - 3540,0
Water valve,ps,16-01-2025,H3,-,-,0,16-01-2025 15:00:03.809,January,Liquid Level - 3523,0
Water valve,ps,16-01-2025,-,-,-,0,16-01-2025 15:00:16.543,January,Home Reached,0
Water valve,ps,16-01-2025,-,-,-,0,16-01-2025 15:00:20.407,January,Home Reached,0
H- E,ps,16-01-2025,-,-,-,0,16-01-2025 15:00:26.798,January,Protorun Started,191
H- E,ps,16-01-2025,-,-,-,30,16-01-2025 15:00:37.379,January,30 - Temperature set to device,191
H- E,ps,16-01-2025,-,-,-,0,16-01-2025 15:00:38.552,January,Heater Switched On ,191
H- E,ps,16-01-2025,-,-,-,0,16-01-2025 15:00:39.867,January,Heater Door Closed,191
H- E,ps,16-01-2025,-,-,-,35,16-01-2025 15:00:40.211,January,Device temperature ,191
H- E,ps,16-01-2025,W1,Tap Water,--,0,16-01-2025 15:00:45.380,January,Water Valve : 1 is Off,191
H- E,ps,16-01-2025,W2,Tap Water,--,0,16-01-2025 15:00:46.034,January,Water Valve : 2 is Off,191
H- E,ps,16-01-2025,W3,Tap Water,--,0,16-01-2025 15:00:46.717,January,Water Valve : 3 is Off,191
H- E,ps,16-01-2025,W4,Tap Water,--,0,16-01-2025 15:00:47.385,January,Water Valve : 4 is Off,191
H- E,ps,16-01-2025,W5,Tap Water,--,0,16-01-2025 15:00:48.067,January,Water Valve : 5 is Off,191
H- E,ps,16-01-2025,W6,Tap Water,--,0,16-01-2025 15:00:48.732,January,Water Valve : 6 is Off,191
H- E,ps,16-01-2025,-,-,-,0,16-01-2025 15:00:50.198,January,Home Reached,191
H- E,ps,16-01-2025,-,-,-,0,16-01-2025 15:00:52.592,January,Home Reached,191
H- E,ps,16-01-2025,H1,-,-,0,16-01-2025 15:01:04.207,January,Liquid Level - 3552,191
H- E,ps,16-01-2025,H2,-,-,0,16-01-2025 15:01:06.898,January,Liquid Level - 3555,191
H- E,ps,16-01-2025,H3,-,-,0,16-01-2025 15:01:09.568,January,Liquid Level - 3553,191
H- E,ps,16-01-2025,L1,-,-,0,16-01-2025 15:01:13.325,January,Liquid Level - 322,191
H- E,ps,16-01-2025,L2,-,-,0,16-01-2025 15:01:16.249,January,Liquid Level - 337,191
H- E,ps,16-01-2025,L3,-,-,0,16-01-2025 15:01:18.928,January,Liquid Level - 320,191
H- E,ps,16-01-2025,-,-,-,0,16-01-2025 15:01:30.319,January,Home Reached,191
H- E,ps,16-01-2025,-,-,-,0,16-01-2025 15:01:32.990,January,Home Reached,191
H- E,ps,16-01-2025,,,R1,0,16-01-2025 15:01:36.018,January,Test Started,191
H- E,ps,16-01-2025,L1,Loading,R1,0,16-01-2025 15:01:47.217,January,Picked From,191
H- E,ps,16-01-2025,H1,Heating,R1,0,16-01-2025 15:01:54.421,January,Placed In,191
H- E,ps,16-01-2025,-,-,-,0,16-01-2025 15:01:54.948,January,Heater Door Closed,191
H- E,ps,16-01-2025,-,-,-,34,16-01-2025 15:01:55.278,January,Device temperature ,191
H- E,ps,16-01-2025,-,-,-,34,16-01-2025 15:02:00.451,January,Device temperature ,191
H- E,ps,16-01-2025,-,-,-,33,16-01-2025 15:02:05.628,January,Device temperature ,191
H- E,ps,16-01-2025,-,-,-,34,16-01-2025 15:02:10.795,January,Device temperature ,191
H- E,ps,16-01-2025,-,-,-,34,16-01-2025 15:02:15.980,January,Device temperature ,191
H- E,ps,16-01-2025,-,-,-,35,16-01-2025 15:02:21.163,January,Device temperature ,191
H- E,ps,16-01-2025,-,-,-,34,16-01-2025 15:02:26.545,January,Device temperature ,191
H- E,ps,16-01-2025,-,-,-,34,16-01-2025 15:02:31.728,January,Device temperature ,191
H- E,ps,16-01-2025,-,-,-,34,16-01-2025 15:02:36.895,January,Device temperature ,191
H- E,ps,16-01-2025,-,-,-,34,16-01-2025 15:02:42.062,January,Device temperature ,191
H- E,ps,16-01-2025,-,-,-,35,16-01-2025 15:02:47.242,January,Device temperature ,191
H- E,ps,16-01-2025,-,-,-,35,16-01-2025 15:02:52.408,January,Device temperature ,191
H- E,ps,16-01-2025,-,-,-,35,16-01-2025 15:02:57.573,January,Device temperature ,191
H- E,ps,16-01-2025,-,-,-,35,16-01-2025 15:03:02.741,January,Device temperature ,191
H- E,ps,16-01-2025,-,-,-,35,16-01-2025 15:03:07.920,January,Device temperature ,191
H- E,ps,16-01-2025,-,-,-,35,16-01-2025 15:03:13.093,January,Device temperature ,191
H- E,ps,16-01-2025,-,-,-,34,16-01-2025 15:03:18.257,January,Device temperature ,191
H- E,ps,16-01-2025,-,-,-,35,16-01-2025 15:03:23.419,January,Device temperature ,191
H- E,ps,16-01-2025,-,-,-,34,16-01-2025 15:03:28.596,January,Device temperature ,191
H- E,ps,16-01-2025,-,-,-,35,16-01-2025 15:03:33.762,January,Device temperature ,191
H- E,ps,16-01-2025,-,-,-,35,16-01-2025 15:03:38.926,January,Device temperature ,191
H- E,ps,16-01-2025,-,-,-,35,16-01-2025 15:03:44.104,January,Device temperature ,191
H- E,ps,16-01-2025,-,-,-,35,16-01-2025 15:03:49.277,January,Device temperature ,191
H- E,ps,16-01-2025,-,-,-,35,16-01-2025 15:03:54.450,January,Device temperature ,191
H- E,ps,16-01-2025,-,-,-,35,16-01-2025 15:03:59.631,January,Device temperature ,191
H- E,ps,16-01-2025,-,-,-,35,16-01-2025 15:04:04.801,January,Device temperature ,191
H- E,ps,16-01-2025,-,-,-,34,16-01-2025 15:04:09.970,January,Device temperature ,191
H- E,ps,16-01-2025,-,-,-,35,16-01-2025 15:04:15.149,January,Device temperature ,191
H- E,ps,16-01-2025,-,-,-,35,16-01-2025 15:04:20.307,January,Device temperature ,191
H- E,ps,16-01-2025,-,-,-,35,16-01-2025 15:04:25.462,January,Device temperature ,191
H- E,ps,16-01-2025,-,-,-,35,16-01-2025 15:04:30.634,January,Device temperature ,191
H- E,ps,16-01-2025,-,-,-,35,16-01-2025 15:04:35.798,January,Device temperature ,191
H- E,ps,16-01-2025,-,-,-,35,16-01-2025 15:04:40.966,January,Device temperature ,191
H- E,ps,16-01-2025,-,-,-,35,16-01-2025 15:04:46.153,January,Device temperature ,191
H- E,ps,16-01-2025,-,-,-,36,16-01-2025 15:04:51.319,January,Device temperature ,191
H- E,ps,16-01-2025,-,-,-,35,16-01-2025 15:04:56.491,January,Device temperature ,191
H- E,ps,16-01-2025,-,-,-,35,16-01-2025 15:05:01.642,January,Device temperature ,191
H- E,ps,16-01-2025,-,-,-,35,16-01-2025 15:05:06.819,January,Device temperature ,191
H- E,ps,16-01-2025,-,-,-,35,16-01-2025 15:05:11.995,January,Device temperature ,191
H- E,ps,16-01-2025,-,-,-,35,16-01-2025 15:05:17.156,January,Device temperature ,191
H- E,ps,16-01-2025,-,-,-,35,16-01-2025 15:05:22.329,January,Device temperature ,191
H- E,ps,16-01-2025,-,-,-,35,16-01-2025 15:05:27.507,January,Device temperature ,191
H- E,ps,16-01-2025,-,-,-,35,16-01-2025 15:05:32.685,January,Device temperature ,191
H- E,ps,16-01-2025,-,-,-,35,16-01-2025 15:05:37.868,January,Device temperature ,191
H- E,ps,16-01-2025,-,-,-,35,16-01-2025 15:05:43.021,January,Device temperature ,191
H- E,ps,16-01-2025,-,-,-,35,16-01-2025 15:05:48.191,January,Device temperature ,191
H- E,ps,16-01-2025,-,-,-,35,16-01-2025 15:05:53.362,January,Device temperature ,191
H- E,ps,16-01-2025,-,-,-,35,16-01-2025 15:05:58.540,January,Device temperature ,191
H- E,ps,16-01-2025,-,-,-,35,16-01-2025 15:06:03.698,January,Device temperature ,191
H- E,ps,16-01-2025,-,-,-,35,16-01-2025 15:06:08.868,January,Device temperature ,191
H- E,ps,16-01-2025,-,-,-,35,16-01-2025 15:06:14.039,January,Device temperature ,191
H- E,ps,16-01-2025,-,-,-,35,16-01-2025 15:06:19.207,January,Device temperature ,191
H- E,ps,16-01-2025,-,-,-,35,16-01-2025 15:06:24.374,January,Device temperature ,191
H- E,ps,16-01-2025,-,-,-,35,16-01-2025 15:06:29.554,January,Device temperature ,191
H- E,ps,16-01-2025,-,-,-,35,16-01-2025 15:06:34.720,January,Device temperature ,191
H- E,ps,16-01-2025,-,-,-,35,16-01-2025 15:06:39.895,January,Device temperature ,191
H- E,ps,16-01-2025,-,-,-,35,16-01-2025 15:06:45.061,January,Device temperature ,191
H- E,ps,16-01-2025,-,-,-,35,16-01-2025 15:06:50.234,January,Device temperature ,191
H- E,ps,16-01-2025,-,-,-,35,16-01-2025 15:06:55.410,January,Device temperature ,191
H- E,ps,16-01-2025,-,-,-,35,16-01-2025 15:07:00.576,January,Device temperature ,191
H- E,ps,16-01-2025,-,-,-,35,16-01-2025 15:07:05.753,January,Device temperature ,191
H- E,ps,16-01-2025,-,-,-,35,16-01-2025 15:07:10.929,January,Device temperature ,191
H- E,ps,16-01-2025,-,-,-,35,16-01-2025 15:07:16.092,January,Device temperature ,191
H- E,ps,16-01-2025,-,-,-,35,16-01-2025 15:07:21.276,January,Device temperature ,191
H- E,ps,16-01-2025,-,-,-,35,16-01-2025 15:07:26.436,January,Device temperature ,191
H- E,ps,16-01-2025,-,-,-,35,16-01-2025 15:07:31.607,January,Device temperature ,191
H- E,ps,16-01-2025,-,-,-,35,16-01-2025 15:07:36.781,January,Device temperature ,191
H- E,ps,16-01-2025,-,-,-,35,16-01-2025 15:07:41.963,January,Device temperature ,191
H- E,ps,16-01-2025,-,-,-,35,16-01-2025 15:07:47.135,January,Device temperature ,191
H- E,ps,16-01-2025,-,-,-,35,16-01-2025 15:07:52.306,January,Device temperature ,191
H- E,ps,16-01-2025,-,-,-,35,16-01-2025 15:07:57.478,January,Device temperature ,191
H- E,ps,16-01-2025,-,-,-,35,16-01-2025 15:08:02.643,January,Device temperature ,191
H- E,ps,16-01-2025,-,-,-,35,16-01-2025 15:08:07.817,January,Device temperature ,191
H- E,ps,16-01-2025,-,-,-,35,16-01-2025 15:08:12.986,January,Device temperature ,191
H- E,ps,16-01-2025,-,-,-,35,16-01-2025 15:08:18.154,January,Device temperature ,191
H- E,ps,16-01-2025,-,-,-,35,16-01-2025 15:08:23.336,January,Device temperature ,191
H- E,ps,16-01-2025,-,-,-,35,16-01-2025 15:08:28.500,January,Device temperature ,191
H- E,ps,16-01-2025,-,-,-,35,16-01-2025 15:08:33.680,January,Device temperature ,191
H- E,ps,16-01-2025,-,-,-,35,16-01-2025 15:08:38.846,January,Device temperature ,191
H- E,ps,16-01-2025,-,-,-,35,16-01-2025 15:08:44.011,January,Device temperature ,191
H- E,ps,16-01-2025,-,-,-,35,16-01-2025 15:08:49.167,January,Device temperature ,191
H- E,ps,16-01-2025,-,-,-,35,16-01-2025 15:08:54.318,January,Device temperature ,191
H- E,ps,16-01-2025,-,-,-,35,16-01-2025 15:08:59.540,January,Device temperature ,191
H- E,ps,16-01-2025,-,-,-,35,16-01-2025 15:09:04.704,January,Device temperature ,191
H- E,ps,16-01-2025,-,-,-,36,16-01-2025 15:09:09.872,January,Device temperature ,191
H- E,ps,16-01-2025,-,-,-,35,16-01-2025 15:09:15.043,January,Device temperature ,191
H- E,ps,16-01-2025,-,-,-,35,16-01-2025 15:09:20.216,January,Device temperature ,191
H- E,ps,16-01-2025,-,-,-,35,16-01-2025 15:09:25.375,January,Device temperature ,191
H- E,ps,16-01-2025,-,-,-,35,16-01-2025 15:09:30.553,January,Device temperature ,191
H- E,ps,16-01-2025,-,-,-,35,16-01-2025 15:09:35.715,January,Device temperature ,191
H- E,ps,16-01-2025,-,-,-,35,16-01-2025 15:09:40.896,January,Device temperature ,191
H- E,ps,16-01-2025,-,-,-,35,16-01-2025 15:09:46.070,January,Device temperature ,191
H- E,ps,16-01-2025,-,-,-,35,16-01-2025 15:09:51.242,January,Device temperature ,191
H- E,ps,16-01-2025,-,-,-,35,16-01-2025 15:09:56.419,January,Device temperature ,191
H- E,ps,16-01-2025,-,-,-,35,16-01-2025 15:10:01.604,January,Device temperature ,191
H- E,ps,16-01-2025,-,-,-,35,16-01-2025 15:10:06.764,January,Device temperature ,191
H- E,ps,16-01-2025,-,-,-,35,16-01-2025 15:10:11.948,January,Device temperature ,191
H- E,ps,16-01-2025,-,-,-,35,16-01-2025 15:10:17.118,January,Device temperature ,191
H- E,ps,16-01-2025,-,-,-,35,16-01-2025 15:10:22.277,January,Device temperature ,191
H- E,ps,16-01-2025,-,-,-,35,16-01-2025 15:10:27.449,January,Device temperature ,191
H- E,ps,16-01-2025,-,-,-,35,16-01-2025 15:10:32.607,January,Device temperature ,191
H- E,ps,16-01-2025,-,-,-,35,16-01-2025 15:10:37.787,January,Device temperature ,191
H- E,ps,16-01-2025,-,-,-,35,16-01-2025 15:10:42.947,January,Device temperature ,191
H- E,ps,16-01-2025,-,-,-,35,16-01-2025 15:10:48.113,January,Device temperature ,191
H- E,ps,16-01-2025,-,-,-,35,16-01-2025 15:10:53.287,January,Device temperature ,191
H- E,ps,16-01-2025,-,-,-,36,16-01-2025 15:10:58.446,January,Device temperature ,191
H- E,ps,16-01-2025,-,-,-,35,16-01-2025 15:11:03.617,January,Device temperature ,191
H- E,ps,16-01-2025,-,-,-,36,16-01-2025 15:11:08.784,January,Device temperature ,191
H- E,ps,16-01-2025,-,-,-,36,16-01-2025 15:11:13.958,January,Device temperature ,191
H- E,ps,16-01-2025,-,-,-,35,16-01-2025 15:11:19.227,January,Device temperature ,191
H- E,ps,16-01-2025,-,-,-,35,16-01-2025 15:11:24.303,January,Device temperature ,191
H- E,ps,16-01-2025,-,-,-,36,16-01-2025 15:11:29.478,January,Device temperature ,191
H- E,ps,16-01-2025,-,-,-,35,16-01-2025 15:11:34.646,January,Device temperature ,191
H- E,ps,16-01-2025,-,-,-,36,16-01-2025 15:11:39.808,January,Device temperature ,191
H- E,ps,16-01-2025,-,-,-,35,16-01-2025 15:11:44.977,January,Device temperature ,191
H- E,ps,16-01-2025,-,-,-,35,16-01-2025 15:11:50.142,January,Device temperature ,191
H- E,ps,16-01-2025,-,-,-,35,16-01-2025 15:11:55.315,January,Device temperature ,191
H- E,ps,16-01-2025,-,-,-,35,16-01-2025 15:12:00.490,January,Device temperature ,191
H- E,ps,16-01-2025,-,-,-,35,16-01-2025 15:12:05.669,January,Device temperature ,191
H- E,ps,16-01-2025,-,-,-,35,16-01-2025 15:12:10.841,January,Device temperature ,191
H- E,ps,16-01-2025,-,-,-,35,16-01-2025 15:12:16.049,January,Device temperature ,191
H- E,ps,16-01-2025,-,-,-,35,16-01-2025 15:12:21.232,January,Device temperature ,191
H- E,ps,16-01-2025,-,-,-,35,16-01-2025 15:12:26.408,January,Device temperature ,191
H- E,ps,16-01-2025,-,-,-,36,16-01-2025 15:12:31.575,January,Device temperature ,191
H- E,ps,16-01-2025,-,-,-,35,16-01-2025 15:12:36.753,January,Device temperature ,191
H- E,ps,16-01-2025,-,-,-,36,16-01-2025 15:12:41.929,January,Device temperature ,191
H- E,ps,16-01-2025,-,-,-,36,16-01-2025 15:12:47.095,January,Device temperature ,191
H- E,ps,16-01-2025,-,-,-,36,16-01-2025 15:12:52.276,January,Device temperature ,191
H- E,ps,16-01-2025,-,-,-,35,16-01-2025 15:12:57.444,January,Device temperature ,191
H- E,ps,16-01-2025,-,-,-,0,16-01-2025 15:12:59.359,January,Heater Door Opened,191
H- E,ps,16-01-2025,,,R2,0,16-01-2025 15:13:00.045,January,Test Started,191
H- E,ps,16-01-2025,L2,Loading,R2,0,16-01-2025 15:13:07.238,January,Picked From,191
H- E,ps,16-01-2025,H2,Heating,R2,0,16-01-2025 15:13:14.433,January,Placed In,191
H- E,ps,16-01-2025,-,-,-,0,16-01-2025 15:13:14.958,January,Heater Door Closed,191
H- E,ps,16-01-2025,-,-,-,35,16-01-2025 15:13:15.286,January,Device temperature ,191
H- E,ps,16-01-2025,-,-,-,35,16-01-2025 15:13:20.442,January,Device temperature ,191
H- E,ps,16-01-2025,-,-,-,35,16-01-2025 15:13:25.611,January,Device temperature ,191
H- E,ps,16-01-2025,-,-,-,35,16-01-2025 15:13:30.778,January,Device temperature ,191
H- E,ps,16-01-2025,-,-,-,35,16-01-2025 15:13:35.958,January,Device temperature ,191
H- E,ps,16-01-2025,-,-,-,35,16-01-2025 15:13:41.124,January,Device temperature ,191
H- E,ps,16-01-2025,-,-,-,35,16-01-2025 15:13:46.395,January,Device temperature ,191
H- E,ps,16-01-2025,-,-,-,35,16-01-2025 15:13:51.560,January,Device temperature ,191
H- E,ps,16-01-2025,-,-,-,35,16-01-2025 15:13:56.746,January,Device temperature ,191
H- E,ps,16-01-2025,-,-,-,35,16-01-2025 15:14:01.911,January,Device temperature ,191
H- E,ps,16-01-2025,-,-,-,35,16-01-2025 15:14:07.075,January,Device temperature ,191
H- E,ps,16-01-2025,-,-,-,35,16-01-2025 15:14:12.283,January,Device temperature ,191
H- E,ps,16-01-2025,-,-,-,35,16-01-2025 15:14:17.455,January,Device temperature ,191
H- E,ps,16-01-2025,-,-,-,36,16-01-2025 15:14:22.628,January,Device temperature ,191
H- E,ps,16-01-2025,-,-,-,35,16-01-2025 15:14:27.799,January,Device temperature ,191
H- E,ps,16-01-2025,-,-,-,36,16-01-2025 15:14:32.968,January,Device temperature ,191
H- E,ps,16-01-2025,-,-,-,35,16-01-2025 15:14:38.139,January,Device temperature ,191
H- E,ps,16-01-2025,-,-,-,36,16-01-2025 15:14:43.308,January,Device temperature ,191
H- E,ps,16-01-2025,-,-,-,35,16-01-2025 15:14:48.471,January,Device temperature ,191
H- E,ps,16-01-2025,-,-,-,36,16-01-2025 15:14:53.652,January,Device temperature ,191
H- E,ps,16-01-2025,-,-,-,36,16-01-2025 15:14:58.817,January,Device temperature ,191
H- E,ps,16-01-2025,-,-,-,36,16-01-2025 15:15:03.992,January,Device temperature ,191
H- E,ps,16-01-2025,-,-,-,36,16-01-2025 15:15:09.164,January,Device temperature ,191
H- E,ps,16-01-2025,-,-,-,35,16-01-2025 15:15:14.322,January,Device temperature ,191
H- E,ps,16-01-2025,-,-,-,36,16-01-2025 15:15:19.489,January,Device temperature ,191
H- E,ps,16-01-2025,-,-,-,36,16-01-2025 15:15:24.660,January,Device temperature ,191
H- E,ps,16-01-2025,-,-,-,36,16-01-2025 15:15:29.832,January,Device temperature ,191
H- E,ps,16-01-2025,-,-,-,36,16-01-2025 15:15:35.003,January,Device temperature ,191
H- E,ps,16-01-2025,-,-,-,37,16-01-2025 15:15:40.181,January,Device temperature ,191
H- E,ps,16-01-2025,-,-,-,36,16-01-2025 15:15:45.349,January,Device temperature ,191
H- E,ps,16-01-2025,-,-,-,36,16-01-2025 15:15:50.515,January,Device temperature ,191
H- E,ps,16-01-2025,-,-,-,36,16-01-2025 15:15:55.697,January,Device temperature ,191
H- E,ps,16-01-2025,-,-,-,36,16-01-2025 15:16:00.873,January,Device temperature ,191
H- E,ps,16-01-2025,-,-,-,36,16-01-2025 15:16:06.061,January,Device temperature ,191
H- E,ps,16-01-2025,-,-,-,36,16-01-2025 15:16:11.232,January,Device temperature ,191
H- E,ps,16-01-2025,-,-,-,36,16-01-2025 15:16:16.407,January,Device temperature ,191
H- E,ps,16-01-2025,-,-,-,36,16-01-2025 15:16:21.590,January,Device temperature ,191
H- E,ps,16-01-2025,-,-,-,36,16-01-2025 15:16:26.756,January,Device temperature ,191
H- E,ps,16-01-2025,-,-,-,36,16-01-2025 15:16:31.921,January,Device temperature ,191
H- E,ps,16-01-2025,-,-,-,36,16-01-2025 15:16:37.090,January,Device temperature ,191
H- E,ps,16-01-2025,-,-,-,36,16-01-2025 15:16:42.266,January,Device temperature ,191
H- E,ps,16-01-2025,-,-,-,35,16-01-2025 15:16:47.437,January,Device temperature ,191
H- E,ps,16-01-2025,-,-,-,36,16-01-2025 15:16:52.616,January,Device temperature ,191
H- E,ps,16-01-2025,-,-,-,36,16-01-2025 15:16:57.779,January,Device temperature ,191
H- E,ps,16-01-2025,-,-,-,36,16-01-2025 15:17:02.952,January,Device temperature ,191
H- E,ps,16-01-2025,-,-,-,36,16-01-2025 15:17:08.122,January,Device temperature ,191
H- E,ps,16-01-2025,-,-,-,36,16-01-2025 15:17:13.307,January,Device temperature ,191
H- E,ps,16-01-2025,-,-,-,36,16-01-2025 15:17:18.477,January,Device temperature ,191
H- E,ps,16-01-2025,-,-,-,36,16-01-2025 15:17:23.661,January,Device temperature ,191
H- E,ps,16-01-2025,-,-,-,36,16-01-2025 15:17:28.828,January,Device temperature ,191
H- E,ps,16-01-2025,-,-,-,36,16-01-2025 15:17:34.003,January,Device temperature ,191
H- E,ps,16-01-2025,-,-,-,36,16-01-2025 15:17:39.171,January,Device temperature ,191
H- E,ps,16-01-2025,-,-,-,36,16-01-2025 15:17:44.355,January,Device temperature ,191
H- E,ps,16-01-2025,-,-,-,36,16-01-2025 15:17:49.529,January,Device temperature ,191
H- E,ps,16-01-2025,-,-,-,36,16-01-2025 15:17:54.699,January,Device temperature ,191
H- E,ps,16-01-2025,-,-,-,36,16-01-2025 15:17:59.854,January,Device temperature ,191
H- E,ps,16-01-2025,-,-,-,37,16-01-2025 15:18:05.023,January,Device temperature ,191
H- E,ps,16-01-2025,-,-,-,36,16-01-2025 15:18:10.185,January,Device temperature ,191
H- E,ps,16-01-2025,-,-,-,36,16-01-2025 15:18:15.359,January,Device temperature ,191
H- E,ps,16-01-2025,-,-,-,36,16-01-2025 15:18:20.537,January,Device temperature ,191
H- E,ps,16-01-2025,-,-,-,36,16-01-2025 15:18:25.700,January,Device temperature ,191
H- E,ps,16-01-2025,-,-,-,36,16-01-2025 15:18:30.872,January,Device temperature ,191
H- E,ps,16-01-2025,-,-,-,36,16-01-2025 15:18:36.032,January,Device temperature ,191
H- E,ps,16-01-2025,-,-,-,36,16-01-2025 15:18:41.206,January,Device temperature ,191
H- E,ps,16-01-2025,-,-,-,36,16-01-2025 15:18:46.380,January,Device temperature ,191
H- E,ps,16-01-2025,-,-,-,36,16-01-2025 15:18:51.544,January,Device temperature ,191
H- E,ps,16-01-2025,-,-,-,37,16-01-2025 15:18:56.718,January,Device temperature ,191
H- E,ps,16-01-2025,-,-,-,36,16-01-2025 15:19:01.897,January,Device temperature ,191
H- E,ps,16-01-2025,-,-,-,36,16-01-2025 15:19:07.063,January,Device temperature ,191
H- E,ps,16-01-2025,-,-,-,36,16-01-2025 15:19:12.238,January,Device temperature ,191
H- E,ps,16-01-2025,-,-,-,36,16-01-2025 15:19:17.414,January,Device temperature ,191
H- E,ps,16-01-2025,-,-,-,36,16-01-2025 15:19:22.591,January,Device temperature ,191
H- E,ps,16-01-2025,-,-,-,36,16-01-2025 15:19:27.765,January,Device temperature ,191
H- E,ps,16-01-2025,-,-,-,36,16-01-2025 15:19:32.938,January,Device temperature ,191
H- E,ps,16-01-2025,-,-,-,36,16-01-2025 15:19:38.105,January,Device temperature ,191
H- E,ps,16-01-2025,-,-,-,36,16-01-2025 15:19:43.283,January,Device temperature ,191
H- E,ps,16-01-2025,-,-,-,36,16-01-2025 15:19:48.451,January,Device temperature ,191
H- E,ps,16-01-2025,-,-,-,36,16-01-2025 15:19:53.627,January,Device temperature ,191
H- E,ps,16-01-2025,-,-,-,36,16-01-2025 15:19:58.804,January,Device temperature ,191
H- E,ps,16-01-2025,-,-,-,36,16-01-2025 15:20:03.978,January,Device temperature ,191
H- E,ps,16-01-2025,-,-,-,36,16-01-2025 15:20:09.147,January,Device temperature ,191
H- E,ps,16-01-2025,-,-,-,36,16-01-2025 15:20:14.322,January,Device temperature ,191
H- E,ps,16-01-2025,-,-,-,36,16-01-2025 15:20:19.488,January,Device temperature ,191
H- E,ps,16-01-2025,-,-,-,36,16-01-2025 15:20:24.650,January,Device temperature ,191
H- E,ps,16-01-2025,-,-,-,37,16-01-2025 15:20:29.815,January,Device temperature ,191
H- E,ps,16-01-2025,-,-,-,36,16-01-2025 15:20:34.993,January,Device temperature ,191
H- E,ps,16-01-2025,-,-,-,36,16-01-2025 15:20:40.155,January,Device temperature ,191
H- E,ps,16-01-2025,-,-,-,36,16-01-2025 15:20:45.374,January,Device temperature ,191
H- E,ps,16-01-2025,-,-,-,36,16-01-2025 15:20:50.554,January,Device temperature ,191
H- E,ps,16-01-2025,-,-,-,36,16-01-2025 15:20:55.717,January,Device temperature ,191
H- E,ps,16-01-2025,-,-,-,36,16-01-2025 15:21:00.899,January,Device temperature ,191
H- E,ps,16-01-2025,-,-,-,36,16-01-2025 15:21:06.069,January,Device temperature ,191
H- E,ps,16-01-2025,-,-,-,36,16-01-2025 15:21:11.235,January,Device temperature ,191
H- E,ps,16-01-2025,-,-,-,36,16-01-2025 15:21:16.412,January,Device temperature ,191
H- E,ps,16-01-2025,-,-,-,36,16-01-2025 15:21:21.579,January,Device temperature ,191
H- E,ps,16-01-2025,-,-,-,36,16-01-2025 15:21:26.756,January,Device temperature ,191
H- E,ps,16-01-2025,-,-,-,36,16-01-2025 15:21:31.923,January,Device temperature ,191
H- E,ps,16-01-2025,-,-,-,0,16-01-2025 15:21:55.224,January,Heater Door Opened,191
H- E,ps,16-01-2025,H1,Heating,R1,0,16-01-2025 15:22:12.917,January,Picked From,191
H- E,ps,16-01-2025,-,-,-,0,16-01-2025 15:22:13.436,January,Heater Door Closed,191
H- E,ps,16-01-2025,J1,XYLENE-1,R1,0,16-01-2025 15:22:20.276,January,Placed In,191
H- E,ps,16-01-2025,-,-,-,0,16-01-2025 15:26:19.368,January,Heater Door Opened,191
H- E,ps,16-01-2025,,,R3,0,16-01-2025 15:26:20.141,January,Test Started,191
H- E,ps,16-01-2025,L3,Loading,R3,0,16-01-2025 15:26:26.832,January,Picked From,191
H- E,ps,16-01-2025,H3,Heating,R3,0,16-01-2025 15:26:33.532,January,Placed In,191
H- E,ps,16-01-2025,-,-,-,0,16-01-2025 15:26:34.056,January,Heater Door Closed,191
H- E,ps,16-01-2025,-,-,-,36,16-01-2025 15:26:34.366,January,Device temperature ,191
H- E,ps,16-01-2025,-,-,-,36,16-01-2025 15:26:39.544,January,Device temperature ,191
H- E,ps,16-01-2025,-,-,-,36,16-01-2025 15:26:44.716,January,Device temperature ,191
H- E,ps,16-01-2025,-,-,-,36,16-01-2025 15:26:49.886,January,Device temperature ,191
H- E,ps,16-01-2025,-,-,-,36,16-01-2025 15:26:55.066,January,Device temperature ,191
H- E,ps,16-01-2025,-,-,-,36,16-01-2025 15:27:00.229,January,Device temperature ,191
H- E,ps,16-01-2025,J1,XYLENE-1,R1,0,16-01-2025 15:27:27.269,January,Picked From,191
H- E,ps,16-01-2025,J2,XYLENE-2,R1,0,16-01-2025 15:27:33.493,January,Placed In,191
H- E,ps,16-01-2025,J2,XYLENE-2,R1,0,16-01-2025 15:32:39.494,January,Picked From,191
H- E,ps,16-01-2025,J3,XYLENE-3,R1,0,16-01-2025 15:32:45.694,January,Placed In,191
H- E,ps,16-01-2025,-,-,-,0,16-01-2025 15:33:15.224,January,Heater Door Opened,191
H- E,ps,16-01-2025,H2,Heating,R2,0,16-01-2025 15:33:31.215,January,Picked From,191
H- E,ps,16-01-2025,-,-,-,0,16-01-2025 15:33:42.143,January,Heater Door Closed,191
H- E,ps,16-01-2025,J1,XYLENE-1,R2,0,16-01-2025 15:33:49.057,January,Placed In,191
,ps,16-01-2025,-,-,-,35,16-01-2025 15:45:26.977,January,35 - Temperature set to device,0
Water valve,ps,16-01-2025,W1,Tap Water,--,0,16-01-2025 15:45:28.141,January,Water Valve : 1 is On,0
Water valve,ps,16-01-2025,W2,Tap Water,--,0,16-01-2025 15:45:33.307,January,Water Valve : 2 is On,0
Water valve,ps,16-01-2025,W3,Tap Water,--,0,16-01-2025 15:45:33.864,January,Water Valve : 3 is On,0
Water valve,ps,16-01-2025,W4,Tap Water,--,0,16-01-2025 15:45:34.531,January,Water Valve : 4 is On,0
Water valve,ps,16-01-2025,W5,Tap Water,--,0,16-01-2025 15:45:35.204,January,Water Valve : 5 is On,0
Water valve,ps,16-01-2025,W6,Tap Water,--,0,16-01-2025 15:45:35.883,January,Water Valve : 6 is On,0
Water valve,ps,16-01-2025,-,-,-,0,16-01-2025 15:45:36.546,January,Home Reached,0
Water valve,ps,16-01-2025,-,-,-,0,16-01-2025 15:45:50.160,January,Home Reached,0
Water valve,ps,16-01-2025,-,-,-,0,16-01-2025 15:45:52.386,January,Home Reached,0
Water valve,ps,16-01-2025,U1,-,-,0,16-01-2025 15:45:59.220,January,Liquid Level - 2983,0
Water valve,ps,16-01-2025,U2,-,-,0,16-01-2025 15:46:02.026,January,Liquid Level - 2980,0
Water valve,ps,16-01-2025,U3,-,-,0,16-01-2025 15:46:04.683,January,Liquid Level - 2980,0
Water valve,ps,16-01-2025,U4,-,-,0,16-01-2025 15:46:07.360,January,Liquid Level - 2978,0
Water valve,ps,16-01-2025,U5,-,-,0,16-01-2025 15:46:10.019,January,Liquid Level - 2974,0
Water valve,ps,16-01-2025,U6,-,-,0,16-01-2025 15:46:12.697,January,Liquid Level - 2975,0
Water valve,ps,16-01-2025,J1,-,-,0,16-01-2025 15:46:18.608,January,Liquid Level - 2979,0
Water valve,ps,16-01-2025,J2,-,-,0,16-01-2025 15:46:21.537,January,Liquid Level - 2981,0
Water valve,ps,16-01-2025,J3,-,-,0,16-01-2025 15:46:24.200,January,Liquid Level - 2751,0
Water valve,ps,16-01-2025,J4,-,-,0,16-01-2025 15:46:26.876,January,Liquid Level - 2708,0
Water valve,ps,16-01-2025,J5,-,-,0,16-01-2025 15:46:29.543,January,Liquid Level - 2713,0
Water valve,ps,16-01-2025,J6,-,-,0,16-01-2025 15:46:32.218,January,Liquid Level - 2988,0
Water valve,ps,16-01-2025,J7,-,-,0,16-01-2025 15:46:34.893,January,Liquid Level - 2683,0
Water valve,ps,16-01-2025,J8,-,-,0,16-01-2025 15:46:40.420,January,Liquid Level - 2979,0
Water valve,ps,16-01-2025,J9,-,-,0,16-01-2025 15:46:43.269,January,Liquid Level - 2752,0
Water valve,ps,16-01-2025,J10,-,-,0,16-01-2025 15:46:47.151,January,Liquid Level - 2673,0
Water valve,ps,16-01-2025,J11,-,-,0,16-01-2025 15:46:50.101,January,Liquid Level - 2661,0
Water valve,ps,16-01-2025,J12,-,-,0,16-01-2025 15:46:52.758,January,Liquid Level - 2637,0
Water valve,ps,16-01-2025,J13,-,-,0,16-01-2025 15:46:55.428,January,Liquid Level - 2575,0
Water valve,ps,16-01-2025,J14,-,-,0,16-01-2025 15:46:58.293,January,Liquid Level - 2596,0
Water valve,ps,16-01-2025,J15,-,-,0,16-01-2025 15:47:00.784,January,Liquid Level - 2605,0
Water valve,ps,16-01-2025,J16,-,-,0,16-01-2025 15:47:03.446,January,Liquid Level - 2594,0
Water valve,ps,16-01-2025,J17,-,-,0,16-01-2025 15:47:06.103,January,Liquid Level - 2590,0
Water valve,ps,16-01-2025,J18,-,-,0,16-01-2025 15:47:09.992,January,Liquid Level - 2599,0
Water valve,ps,16-01-2025,J19,-,-,0,16-01-2025 15:47:12.941,January,Liquid Level - 2596,0
Water valve,ps,16-01-2025,J20,-,-,0,16-01-2025 15:47:15.625,January,Liquid Level - 2577,0
Water valve,ps,16-01-2025,J21,-,-,0,16-01-2025 15:47:18.298,January,Liquid Level - 2585,0
Water valve,ps,16-01-2025,J22,-,-,0,16-01-2025 15:47:20.965,January,Liquid Level - 2602,0
Water valve,ps,16-01-2025,J23,-,-,0,16-01-2025 15:47:23.638,January,Liquid Level - 2590,0
Water valve,ps,16-01-2025,J24,-,-,0,16-01-2025 15:47:26.308,January,Liquid Level - 2588,0
Water valve,ps,16-01-2025,J25,-,-,0,16-01-2025 15:47:28.973,January,Liquid Level - 2595,0
Water valve,ps,16-01-2025,J26,-,-,0,16-01-2025 15:47:31.654,January,Liquid Level - 2584,0
Water valve,ps,16-01-2025,J27,-,-,0,16-01-2025 15:47:35.133,January,Liquid Level - 2629,0
Water valve,ps,16-01-2025,J28,-,-,0,16-01-2025 15:47:37.983,January,Liquid Level - 2636,0
Water valve,ps,16-01-2025,J29,-,-,0,16-01-2025 15:47:40.651,January,Liquid Level - 2604,0
Water valve,ps,16-01-2025,J30,-,-,0,16-01-2025 15:47:43.322,January,Liquid Level - 2610,0
Water valve,ps,16-01-2025,J31,-,-,0,16-01-2025 15:47:45.998,January,Liquid Level - 2613,0
Water valve,ps,16-01-2025,J32,-,-,0,16-01-2025 15:47:48.675,January,Liquid Level - 2616,0
Water valve,ps,16-01-2025,J33,-,-,0,16-01-2025 15:47:53.765,January,Liquid Level - 2540,0
Water valve,ps,16-01-2025,W1,-,-,0,16-01-2025 15:47:58.545,January,Liquid Level - 2564,0
Water valve,ps,16-01-2025,W2,-,-,0,16-01-2025 15:48:01.191,January,Liquid Level - 2570,0
Water valve,ps,16-01-2025,W3,-,-,0,16-01-2025 15:48:03.848,January,Liquid Level - 2549,0
Water valve,ps,16-01-2025,W4,-,-,0,16-01-2025 15:48:06.696,January,Liquid Level - 2570,0
Water valve,ps,16-01-2025,W5,-,-,0,16-01-2025 15:48:09.197,January,Liquid Level - 2559,0
Water valve,ps,16-01-2025,W6,-,-,0,16-01-2025 15:48:11.876,January,Liquid Level - 2566,0
Water valve,ps,16-01-2025,H1,-,-,0,16-01-2025 15:48:18.613,January,Liquid Level - 3536,0
Water valve,ps,16-01-2025,H2,-,-,0,16-01-2025 15:48:21.364,January,Liquid Level - 3520,0
Water valve,ps,16-01-2025,H3,-,-,0,16-01-2025 15:48:24.048,January,Liquid Level - 3525,0
Water valve,ps,16-01-2025,-,-,-,0,16-01-2025 15:48:36.796,January,Home Reached,0
Water valve,ps,16-01-2025,-,-,-,0,16-01-2025 15:48:40.432,January,Home Reached,0
H- E,ps,16-01-2025,-,-,-,0,16-01-2025 15:57:16.364,January,Protorun Started,192
H- E,ps,16-01-2025,-,-,-,30,16-01-2025 15:57:26.936,January,30 - Temperature set to device,192
H- E,ps,16-01-2025,-,-,-,0,16-01-2025 15:57:28.195,January,Heater Switched On ,192
H- E,ps,16-01-2025,-,-,-,0,16-01-2025 15:57:29.518,January,Heater Door Closed,192
H- E,ps,16-01-2025,-,-,-,36,16-01-2025 15:57:29.842,January,Device temperature ,192
H- E,ps,16-01-2025,W1,Tap Water,--,0,16-01-2025 15:57:35.012,January,Water Valve : 1 is Off,192
H- E,ps,16-01-2025,W2,Tap Water,--,0,16-01-2025 15:57:35.675,January,Water Valve : 2 is Off,192
H- E,ps,16-01-2025,W3,Tap Water,--,0,16-01-2025 15:57:36.343,January,Water Valve : 3 is Off,192
H- E,ps,16-01-2025,W4,Tap Water,--,0,16-01-2025 15:57:37.024,January,Water Valve : 4 is Off,192
H- E,ps,16-01-2025,W5,Tap Water,--,0,16-01-2025 15:57:37.693,January,Water Valve : 5 is Off,192
H- E,ps,16-01-2025,W6,Tap Water,--,0,16-01-2025 15:57:38.362,January,Water Valve : 6 is Off,192
H- E,ps,16-01-2025,-,-,-,0,16-01-2025 15:57:39.840,January,Home Reached,192
H- E,ps,16-01-2025,-,-,-,0,16-01-2025 15:57:42.227,January,Home Reached,192
H- E,ps,16-01-2025,H1,-,-,0,16-01-2025 15:57:53.834,January,Liquid Level - 3516,192
H- E,ps,16-01-2025,H2,-,-,0,16-01-2025 15:57:56.542,January,Liquid Level - 3513,192
H- E,ps,16-01-2025,H3,-,-,0,16-01-2025 15:57:59.212,January,Liquid Level - 3536,192
H- E,ps,16-01-2025,L1,-,-,0,16-01-2025 15:58:02.982,January,Liquid Level - 262,192
H- E,ps,16-01-2025,L2,-,-,0,16-01-2025 15:58:05.898,January,Liquid Level - 270,192
H- E,ps,16-01-2025,L3,-,-,0,16-01-2025 15:58:08.558,January,Liquid Level - 254,192
H- E,ps,16-01-2025,-,-,-,0,16-01-2025 15:58:19.975,January,Home Reached,192
H- E,ps,16-01-2025,-,-,-,0,16-01-2025 15:58:22.614,January,Home Reached,192
H- E,ps,16-01-2025,,,R1,0,16-01-2025 15:58:25.649,January,Test Started,192
H- E,ps,16-01-2025,L1,Loading,R1,0,16-01-2025 15:58:36.875,January,Picked From,192
H- E,ps,16-01-2025,H1,Heating,R1,0,16-01-2025 15:58:44.066,January,Placed In,192
H- E,ps,16-01-2025,-,-,-,0,16-01-2025 15:58:44.582,January,Heater Door Closed,192
H- E,ps,16-01-2025,-,-,-,34,16-01-2025 15:58:44.920,January,Device temperature ,192
H- E,ps,16-01-2025,-,-,-,34,16-01-2025 15:58:50.094,January,Device temperature ,192
H- E,ps,16-01-2025,-,-,-,35,16-01-2025 15:58:55.270,January,Device temperature ,192
H- E,ps,16-01-2025,-,-,-,35,16-01-2025 15:59:00.435,January,Device temperature ,192
H- E,ps,16-01-2025,-,-,-,35,16-01-2025 15:59:05.621,January,Device temperature ,192
H- E,ps,16-01-2025,-,-,-,35,16-01-2025 15:59:10.777,January,Device temperature ,192
H- E,ps,16-01-2025,-,-,-,35,16-01-2025 15:59:15.960,January,Device temperature ,192
H- E,ps,16-01-2025,-,-,-,35,16-01-2025 15:59:21.123,January,Device temperature ,192
H- E,ps,16-01-2025,-,-,-,35,16-01-2025 15:59:26.303,January,Device temperature ,192
H- E,ps,16-01-2025,-,-,-,36,16-01-2025 15:59:31.468,January,Device temperature ,192
H- E,ps,16-01-2025,-,-,-,36,16-01-2025 15:59:36.642,January,Device temperature ,192
H- E,ps,16-01-2025,-,-,-,36,16-01-2025 15:59:41.821,January,Device temperature ,192
H- E,ps,16-01-2025,-,-,-,36,16-01-2025 15:59:46.988,January,Device temperature ,192
H- E,ps,16-01-2025,-,-,-,36,16-01-2025 15:59:52.156,January,Device temperature ,192
H- E,ps,16-01-2025,-,-,-,36,16-01-2025 15:59:57.335,January,Device temperature ,192
H- E,ps,16-01-2025,-,-,-,36,16-01-2025 16:00:02.507,January,Device temperature ,192
H- E,ps,16-01-2025,-,-,-,36,16-01-2025 16:00:07.672,January,Device temperature ,192
H- E,ps,16-01-2025,-,-,-,36,16-01-2025 16:00:12.847,January,Device temperature ,192
H- E,ps,16-01-2025,-,-,-,36,16-01-2025 16:00:18.025,January,Device temperature ,192
H- E,ps,16-01-2025,-,-,-,36,16-01-2025 16:00:23.185,January,Device temperature ,192
H- E,ps,16-01-2025,-,-,-,36,16-01-2025 16:00:28.357,January,Device temperature ,192
H- E,ps,16-01-2025,-,-,-,36,16-01-2025 16:00:33.530,January,Device temperature ,192
H- E,ps,16-01-2025,-,-,-,36,16-01-2025 16:00:38.693,January,Device temperature ,192
H- E,ps,16-01-2025,-,-,-,36,16-01-2025 16:00:43.847,January,Device temperature ,192
H- E,ps,16-01-2025,-,-,-,36,16-01-2025 16:00:49.020,January,Device temperature ,192
H- E,ps,16-01-2025,-,-,-,36,16-01-2025 16:00:54.187,January,Device temperature ,192
H- E,ps,16-01-2025,-,-,-,36,16-01-2025 16:00:59.358,January,Device temperature ,192
H- E,ps,16-01-2025,-,-,-,36,16-01-2025 16:01:04.525,January,Device temperature ,192
H- E,ps,16-01-2025,-,-,-,36,16-01-2025 16:01:09.689,January,Device temperature ,192
H- E,ps,16-01-2025,-,-,-,36,16-01-2025 16:01:14.867,January,Device temperature ,192
H- E,ps,16-01-2025,-,-,-,35,16-01-2025 16:01:20.031,January,Device temperature ,192
H- E,ps,16-01-2025,-,-,-,36,16-01-2025 16:01:25.205,January,Device temperature ,192
H- E,ps,16-01-2025,-,-,-,36,16-01-2025 16:01:30.384,January,Device temperature ,192
H- E,ps,16-01-2025,-,-,-,36,16-01-2025 16:01:35.544,January,Device temperature ,192
H- E,ps,16-01-2025,-,-,-,36,16-01-2025 16:01:40.725,January,Device temperature ,192
H- E,ps,16-01-2025,-,-,-,36,16-01-2025 16:01:45.896,January,Device temperature ,192
H- E,ps,16-01-2025,-,-,-,36,16-01-2025 16:01:51.063,January,Device temperature ,192
H- E,ps,16-01-2025,-,-,-,35,16-01-2025 16:01:56.242,January,Device temperature ,192
H- E,ps,16-01-2025,-,-,-,36,16-01-2025 16:02:01.412,January,Device temperature ,192
H- E,ps,16-01-2025,-,-,-,36,16-01-2025 16:02:06.576,January,Device temperature ,192
H- E,ps,16-01-2025,-,-,-,36,16-01-2025 16:02:11.755,January,Device temperature ,192
H- E,ps,16-01-2025,-,-,-,36,16-01-2025 16:02:16.930,January,Device temperature ,192
H- E,ps,16-01-2025,-,-,-,36,16-01-2025 16:02:22.104,January,Device temperature ,192
H- E,ps,16-01-2025,-,-,-,36,16-01-2025 16:02:27.267,January,Device temperature ,192
H- E,ps,16-01-2025,-,-,-,36,16-01-2025 16:02:32.507,January,Device temperature ,192
H- E,ps,16-01-2025,-,-,-,36,16-01-2025 16:02:37.670,January,Device temperature ,192
H- E,ps,16-01-2025,-,-,-,36,16-01-2025 16:02:42.849,January,Device temperature ,192
H- E,ps,16-01-2025,-,-,-,36,16-01-2025 16:02:48.018,January,Device temperature ,192
H- E,ps,16-01-2025,-,-,-,36,16-01-2025 16:02:53.190,January,Device temperature ,192
H- E,ps,16-01-2025,-,-,-,36,16-01-2025 16:02:58.359,January,Device temperature ,192
H- E,ps,16-01-2025,-,-,-,36,16-01-2025 16:03:03.537,January,Device temperature ,192
H- E,ps,16-01-2025,-,-,-,36,16-01-2025 16:03:08.700,January,Device temperature ,192
H- E,ps,16-01-2025,-,-,-,36,16-01-2025 16:03:13.880,January,Device temperature ,192
H- E,ps,16-01-2025,-,-,-,36,16-01-2025 16:03:19.053,January,Device temperature ,192
H- E,ps,16-01-2025,-,-,-,36,16-01-2025 16:03:24.218,January,Device temperature ,192
H- E,ps,16-01-2025,-,-,-,36,16-01-2025 16:03:29.399,January,Device temperature ,192
H- E,ps,16-01-2025,-,-,-,36,16-01-2025 16:03:34.569,January,Device temperature ,192
H- E,ps,16-01-2025,-,-,-,36,16-01-2025 16:03:39.728,January,Device temperature ,192
H- E,ps,16-01-2025,-,-,-,36,16-01-2025 16:03:44.884,January,Device temperature ,192
H- E,ps,16-01-2025,-,-,-,36,16-01-2025 16:03:50.048,January,Device temperature ,192
H- E,ps,16-01-2025,-,-,-,36,16-01-2025 16:03:55.220,January,Device temperature ,192
H- E,ps,16-01-2025,-,-,-,36,16-01-2025 16:04:00.393,January,Device temperature ,192
H- E,ps,16-01-2025,-,-,-,36,16-01-2025 16:04:05.570,January,Device temperature ,192
H- E,ps,16-01-2025,-,-,-,36,16-01-2025 16:04:10.733,January,Device temperature ,192
H- E,ps,16-01-2025,-,-,-,37,16-01-2025 16:04:15.904,January,Device temperature ,192
H- E,ps,16-01-2025,-,-,-,36,16-01-2025 16:04:21.068,January,Device temperature ,192
H- E,ps,16-01-2025,-,-,-,36,16-01-2025 16:04:26.247,January,Device temperature ,192
H- E,ps,16-01-2025,-,-,-,36,16-01-2025 16:04:31.580,January,Device temperature ,192
H- E,ps,16-01-2025,-,-,-,36,16-01-2025 16:04:36.750,January,Device temperature ,192
H- E,ps,16-01-2025,-,-,-,36,16-01-2025 16:04:41.925,January,Device temperature ,192
H- E,ps,16-01-2025,-,-,-,36,16-01-2025 16:04:47.102,January,Device temperature ,192
H- E,ps,16-01-2025,-,-,-,36,16-01-2025 16:04:52.274,January,Device temperature ,192
H- E,ps,16-01-2025,-,-,-,36,16-01-2025 16:04:57.436,January,Device temperature ,192
H- E,ps,16-01-2025,-,-,-,36,16-01-2025 16:05:02.615,January,Device temperature ,192
H- E,ps,16-01-2025,-,-,-,36,16-01-2025 16:05:07.781,January,Device temperature ,192
H- E,ps,16-01-2025,-,-,-,36,16-01-2025 16:05:12.954,January,Device temperature ,192
H- E,ps,16-01-2025,-,-,-,36,16-01-2025 16:05:18.120,January,Device temperature ,192
H- E,ps,16-01-2025,-,-,-,36,16-01-2025 16:05:23.276,January,Device temperature ,192
H- E,ps,16-01-2025,-,-,-,36,16-01-2025 16:05:28.429,January,Device temperature ,192
H- E,ps,16-01-2025,-,-,-,37,16-01-2025 16:05:33.596,January,Device temperature ,192
H- E,ps,16-01-2025,-,-,-,36,16-01-2025 16:05:38.765,January,Device temperature ,192
H- E,ps,16-01-2025,-,-,-,36,16-01-2025 16:05:43.947,January,Device temperature ,192
H- E,ps,16-01-2025,-,-,-,36,16-01-2025 16:05:49.109,January,Device temperature ,192
H- E,ps,16-01-2025,-,-,-,37,16-01-2025 16:05:54.283,January,Device temperature ,192
H- E,ps,16-01-2025,-,-,-,36,16-01-2025 16:05:59.452,January,Device temperature ,192
H- E,ps,16-01-2025,-,-,-,37,16-01-2025 16:06:04.632,January,Device temperature ,192
H- E,ps,16-01-2025,-,-,-,36,16-01-2025 16:06:09.785,January,Device temperature ,192
H- E,ps,16-01-2025,-,-,-,36,16-01-2025 16:06:14.949,January,Device temperature ,192
H- E,ps,16-01-2025,-,-,-,36,16-01-2025 16:06:20.117,January,Device temperature ,192
H- E,ps,16-01-2025,-,-,-,36,16-01-2025 16:06:25.280,January,Device temperature ,192
H- E,ps,16-01-2025,-,-,-,36,16-01-2025 16:06:30.459,January,Device temperature ,192
H- E,ps,16-01-2025,-,-,-,36,16-01-2025 16:06:35.620,January,Device temperature ,192
H- E,ps,16-01-2025,-,-,-,36,16-01-2025 16:06:40.786,January,Device temperature ,192
H- E,ps,16-01-2025,-,-,-,36,16-01-2025 16:06:45.955,January,Device temperature ,192
H- E,ps,16-01-2025,-,-,-,36,16-01-2025 16:06:51.136,January,Device temperature ,192
H- E,ps,16-01-2025,-,-,-,36,16-01-2025 16:06:56.299,January,Device temperature ,192
H- E,ps,16-01-2025,-,-,-,36,16-01-2025 16:07:01.474,January,Device temperature ,192
H- E,ps,16-01-2025,-,-,-,36,16-01-2025 16:07:06.638,January,Device temperature ,192
H- E,ps,16-01-2025,-,-,-,36,16-01-2025 16:07:11.816,January,Device temperature ,192
H- E,ps,16-01-2025,-,-,-,36,16-01-2025 16:07:16.979,January,Device temperature ,192
H- E,ps,16-01-2025,-,-,-,36,16-01-2025 16:07:22.138,January,Device temperature ,192
H- E,ps,16-01-2025,-,-,-,36,16-01-2025 16:07:27.314,January,Device temperature ,192
H- E,ps,16-01-2025,-,-,-,36,16-01-2025 16:07:32.497,January,Device temperature ,192
H- E,ps,16-01-2025,-,-,-,36,16-01-2025 16:07:37.667,January,Device temperature ,192
H- E,ps,16-01-2025,-,-,-,36,16-01-2025 16:07:42.833,January,Device temperature ,192
H- E,ps,16-01-2025,-,-,-,36,16-01-2025 16:07:48.011,January,Device temperature ,192
H- E,ps,16-01-2025,-,-,-,36,16-01-2025 16:07:53.169,January,Device temperature ,192
H- E,ps,16-01-2025,-,-,-,36,16-01-2025 16:07:58.352,January,Device temperature ,192
H- E,ps,16-01-2025,-,-,-,36,16-01-2025 16:08:03.514,January,Device temperature ,192
H- E,ps,16-01-2025,-,-,-,36,16-01-2025 16:08:08.686,January,Device temperature ,192
H- E,ps,16-01-2025,-,-,-,36,16-01-2025 16:08:13.857,January,Device temperature ,192
H- E,ps,16-01-2025,-,-,-,36,16-01-2025 16:08:19.040,January,Device temperature ,192
H- E,ps,16-01-2025,-,-,-,36,16-01-2025 16:08:24.209,January,Device temperature ,192
H- E,ps,16-01-2025,-,-,-,36,16-01-2025 16:08:29.384,January,Device temperature ,192
H- E,ps,16-01-2025,-,-,-,37,16-01-2025 16:08:34.549,January,Device temperature ,192
H- E,ps,16-01-2025,-,-,-,36,16-01-2025 16:08:39.725,January,Device temperature ,192
H- E,ps,16-01-2025,-,-,-,36,16-01-2025 16:08:44.887,January,Device temperature ,192
H- E,ps,16-01-2025,-,-,-,36,16-01-2025 16:08:50.271,January,Device temperature ,192
H- E,ps,16-01-2025,-,-,-,36,16-01-2025 16:08:55.446,January,Device temperature ,192
H- E,ps,16-01-2025,-,-,-,36,16-01-2025 16:09:00.611,January,Device temperature ,192
H- E,ps,16-01-2025,-,-,-,36,16-01-2025 16:09:05.777,January,Device temperature ,192
H- E,ps,16-01-2025,-,-,-,36,16-01-2025 16:09:10.939,January,Device temperature ,192
H- E,ps,16-01-2025,-,-,-,36,16-01-2025 16:09:16.117,January,Device temperature ,192
H- E,ps,16-01-2025,-,-,-,37,16-01-2025 16:09:21.278,January,Device temperature ,192
H- E,ps,16-01-2025,-,-,-,36,16-01-2025 16:09:26.438,January,Device temperature ,192
H- E,ps,16-01-2025,-,-,-,37,16-01-2025 16:09:31.619,January,Device temperature ,192
H- E,ps,16-01-2025,-,-,-,37,16-01-2025 16:09:36.805,January,Device temperature ,192
H- E,ps,16-01-2025,-,-,-,36,16-01-2025 16:09:41.971,January,Device temperature ,192
H- E,ps,16-01-2025,-,-,-,36,16-01-2025 16:09:47.140,January,Device temperature ,192
H- E,ps,16-01-2025,-,-,-,0,16-01-2025 16:09:48.992,January,Heater Door Opened,192
H- E,ps,16-01-2025,,,R2,0,16-01-2025 16:09:49.672,January,Test Started,192
H- E,ps,16-01-2025,L2,Loading,R2,0,16-01-2025 16:09:56.862,January,Picked From,192
H- E,ps,16-01-2025,H2,Heating,R2,0,16-01-2025 16:10:04.064,January,Placed In,192
H- E,ps,16-01-2025,-,-,-,0,16-01-2025 16:10:04.601,January,Heater Door Closed,192
H- E,ps,16-01-2025,-,-,-,36,16-01-2025 16:10:04.943,January,Device temperature ,192
H- E,ps,16-01-2025,-,-,-,36,16-01-2025 16:10:10.117,January,Device temperature ,192
H- E,ps,16-01-2025,-,-,-,36,16-01-2025 16:10:15.287,January,Device temperature ,192
H- E,ps,16-01-2025,-,-,-,36,16-01-2025 16:10:20.458,January,Device temperature ,192
H- E,ps,16-01-2025,-,-,-,36,16-01-2025 16:10:25.623,January,Device temperature ,192
H- E,ps,16-01-2025,-,-,-,36,16-01-2025 16:10:30.794,January,Device temperature ,192
H- E,ps,16-01-2025,-,-,-,35,16-01-2025 16:10:35.966,January,Device temperature ,192
H- E,ps,16-01-2025,-,-,-,36,16-01-2025 16:10:41.145,January,Device temperature ,192
H- E,ps,16-01-2025,-,-,-,36,16-01-2025 16:10:46.313,January,Device temperature ,192
H- E,ps,16-01-2025,-,-,-,36,16-01-2025 16:10:51.480,January,Device temperature ,192
H- E,ps,16-01-2025,-,-,-,36,16-01-2025 16:10:56.663,January,Device temperature ,192
H- E,ps,16-01-2025,-,-,-,37,16-01-2025 16:11:01.828,January,Device temperature ,192
H- E,ps,16-01-2025,-,-,-,36,16-01-2025 16:11:07.003,January,Device temperature ,192
H- E,ps,16-01-2025,-,-,-,36,16-01-2025 16:11:12.169,January,Device temperature ,192
H- E,ps,16-01-2025,-,-,-,36,16-01-2025 16:11:17.353,January,Device temperature ,192
H- E,ps,16-01-2025,-,-,-,36,16-01-2025 16:11:22.516,January,Device temperature ,192
H- E,ps,16-01-2025,-,-,-,36,16-01-2025 16:11:27.694,January,Device temperature ,192
H- E,ps,16-01-2025,-,-,-,36,16-01-2025 16:11:32.864,January,Device temperature ,192
H- E,ps,16-01-2025,-,-,-,37,16-01-2025 16:11:38.027,January,Device temperature ,192
H- E,ps,16-01-2025,-,-,-,36,16-01-2025 16:11:43.188,January,Device temperature ,192
H- E,ps,16-01-2025,-,-,-,36,16-01-2025 16:11:48.358,January,Device temperature ,192
H- E,ps,16-01-2025,-,-,-,36,16-01-2025 16:11:53.530,January,Device temperature ,192
H- E,ps,16-01-2025,-,-,-,37,16-01-2025 16:11:58.713,January,Device temperature ,192
H- E,ps,16-01-2025,-,-,-,37,16-01-2025 16:12:03.885,January,Device temperature ,192
H- E,ps,16-01-2025,-,-,-,37,16-01-2025 16:12:09.042,January,Device temperature ,192
H- E,ps,16-01-2025,-,-,-,37,16-01-2025 16:12:14.215,January,Device temperature ,192
H- E,ps,16-01-2025,-,-,-,37,16-01-2025 16:12:19.381,January,Device temperature ,192
H- E,ps,16-01-2025,-,-,-,36,16-01-2025 16:12:24.554,January,Device temperature ,192
H- E,ps,16-01-2025,-,-,-,37,16-01-2025 16:12:29.725,January,Device temperature ,192
H- E,ps,16-01-2025,-,-,-,36,16-01-2025 16:12:34.883,January,Device temperature ,192
H- E,ps,16-01-2025,-,-,-,37,16-01-2025 16:12:40.043,January,Device temperature ,192
H- E,ps,16-01-2025,-,-,-,36,16-01-2025 16:12:45.207,January,Device temperature ,192
H- E,ps,16-01-2025,-,-,-,37,16-01-2025 16:12:50.383,January,Device temperature ,192
H- E,ps,16-01-2025,-,-,-,36,16-01-2025 16:12:55.547,January,Device temperature ,192
H- E,ps,16-01-2025,-,-,-,36,16-01-2025 16:13:00.718,January,Device temperature ,192
H- E,ps,16-01-2025,-,-,-,37,16-01-2025 16:13:05.890,January,Device temperature ,192
H- E,ps,16-01-2025,-,-,-,37,16-01-2025 16:13:11.060,January,Device temperature ,192
H- E,ps,16-01-2025,-,-,-,37,16-01-2025 16:13:16.236,January,Device temperature ,192
H- E,ps,16-01-2025,-,-,-,36,16-01-2025 16:13:21.395,January,Device temperature ,192
H- E,ps,16-01-2025,-,-,-,37,16-01-2025 16:13:26.622,January,Device temperature ,192
H- E,ps,16-01-2025,-,-,-,37,16-01-2025 16:13:31.785,January,Device temperature ,192
H- E,ps,16-01-2025,-,-,-,37,16-01-2025 16:13:36.953,January,Device temperature ,192
H- E,ps,16-01-2025,-,-,-,37,16-01-2025 16:13:42.119,January,Device temperature ,192
H- E,ps,16-01-2025,-,-,-,37,16-01-2025 16:13:47.283,January,Device temperature ,192
H- E,ps,16-01-2025,-,-,-,37,16-01-2025 16:13:52.450,January,Device temperature ,192
H- E,ps,16-01-2025,-,-,-,37,16-01-2025 16:13:57.626,January,Device temperature ,192
H- E,ps,16-01-2025,-,-,-,37,16-01-2025 16:14:02.794,January,Device temperature ,192
H- E,ps,16-01-2025,-,-,-,37,16-01-2025 16:14:07.980,January,Device temperature ,192
H- E,ps,16-01-2025,-,-,-,37,16-01-2025 16:14:13.147,January,Device temperature ,192
H- E,ps,16-01-2025,-,-,-,37,16-01-2025 16:14:18.314,January,Device temperature ,192
H- E,ps,16-01-2025,-,-,-,37,16-01-2025 16:14:23.491,January,Device temperature ,192
H- E,ps,16-01-2025,-,-,-,37,16-01-2025 16:14:28.657,January,Device temperature ,192
H- E,ps,16-01-2025,-,-,-,37,16-01-2025 16:14:33.826,January,Device temperature ,192
H- E,ps,16-01-2025,-,-,-,37,16-01-2025 16:14:38.998,January,Device temperature ,192
H- E,ps,16-01-2025,-,-,-,37,16-01-2025 16:14:44.172,January,Device temperature ,192
H- E,ps,16-01-2025,-,-,-,37,16-01-2025 16:14:49.347,January,Device temperature ,192
H- E,ps,16-01-2025,-,-,-,37,16-01-2025 16:14:54.516,January,Device temperature ,192
H- E,ps,16-01-2025,-,-,-,37,16-01-2025 16:14:59.693,January,Device temperature ,192
H- E,ps,16-01-2025,-,-,-,37,16-01-2025 16:15:04.849,January,Device temperature ,192
H- E,ps,16-01-2025,-,-,-,37,16-01-2025 16:15:10.023,January,Device temperature ,192
H- E,ps,16-01-2025,-,-,-,37,16-01-2025 16:15:15.191,January,Device temperature ,192
H- E,ps,16-01-2025,-,-,-,37,16-01-2025 16:15:20.457,January,Device temperature ,192
H- E,ps,16-01-2025,-,-,-,37,16-01-2025 16:15:25.709,January,Device temperature ,192
H- E,ps,16-01-2025,-,-,-,37,16-01-2025 16:15:30.872,January,Device temperature ,192
H- E,ps,16-01-2025,-,-,-,37,16-01-2025 16:15:36.042,January,Device temperature ,192
H- E,ps,16-01-2025,-,-,-,37,16-01-2025 16:15:41.199,January,Device temperature ,192
H- E,ps,16-01-2025,-,-,-,36,16-01-2025 16:15:46.379,January,Device temperature ,192
H- E,ps,16-01-2025,-,-,-,37,16-01-2025 16:15:51.546,January,Device temperature ,192
H- E,ps,16-01-2025,-,-,-,37,16-01-2025 16:15:56.718,January,Device temperature ,192
H- E,ps,16-01-2025,-,-,-,37,16-01-2025 16:16:01.892,January,Device temperature ,192
H- E,ps,16-01-2025,-,-,-,37,16-01-2025 16:16:07.096,January,Device temperature ,192
H- E,ps,16-01-2025,-,-,-,37,16-01-2025 16:16:12.224,January,Device temperature ,192
H- E,ps,16-01-2025,-,-,-,37,16-01-2025 16:16:17.395,January,Device temperature ,192
H- E,ps,16-01-2025,-,-,-,37,16-01-2025 16:16:22.642,January,Device temperature ,192
H- E,ps,16-01-2025,-,-,-,37,16-01-2025 16:16:27.807,January,Device temperature ,192
H- E,ps,16-01-2025,-,-,-,37,16-01-2025 16:16:32.979,January,Device temperature ,192
H- E,ps,16-01-2025,-,-,-,37,16-01-2025 16:16:38.147,January,Device temperature ,192
H- E,ps,16-01-2025,-,-,-,37,16-01-2025 16:16:43.308,January,Device temperature ,192
H- E,ps,16-01-2025,-,-,-,37,16-01-2025 16:16:48.479,January,Device temperature ,192
H- E,ps,16-01-2025,-,-,-,37,16-01-2025 16:16:53.635,January,Device temperature ,192
H- E,ps,16-01-2025,-,-,-,37,16-01-2025 16:16:58.801,January,Device temperature ,192
H- E,ps,16-01-2025,-,-,-,37,16-01-2025 16:17:04.076,January,Device temperature ,192
H- E,ps,16-01-2025,-,-,-,37,16-01-2025 16:17:09.138,January,Device temperature ,192
H- E,ps,16-01-2025,-,-,-,37,16-01-2025 16:17:14.309,January,Device temperature ,192
H- E,ps,16-01-2025,-,-,-,37,16-01-2025 16:17:19.480,January,Device temperature ,192
H- E,ps,16-01-2025,-,-,-,37,16-01-2025 16:17:24.659,January,Device temperature ,192
H- E,ps,16-01-2025,-,-,-,37,16-01-2025 16:17:29.834,January,Device temperature ,192
H- E,ps,16-01-2025,-,-,-,37,16-01-2025 16:17:34.986,January,Device temperature ,192
H- E,ps,16-01-2025,-,-,-,37,16-01-2025 16:17:40.156,January,Device temperature ,192
H- E,ps,16-01-2025,-,-,-,37,16-01-2025 16:17:45.341,January,Device temperature ,192
H- E,ps,16-01-2025,-,-,-,37,16-01-2025 16:17:50.515,January,Device temperature ,192
H- E,ps,16-01-2025,-,-,-,37,16-01-2025 16:17:55.695,January,Device temperature ,192
H- E,ps,16-01-2025,-,-,-,37,16-01-2025 16:18:00.857,January,Device temperature ,192
H- E,ps,16-01-2025,-,-,-,37,16-01-2025 16:18:06.040,January,Device temperature ,192
H- E,ps,16-01-2025,-,-,-,37,16-01-2025 16:18:11.206,January,Device temperature ,192
H- E,ps,16-01-2025,-,-,-,37,16-01-2025 16:18:16.364,January,Device temperature ,192
H- E,ps,16-01-2025,-,-,-,37,16-01-2025 16:18:21.529,January,Device temperature ,192
H- E,ps,16-01-2025,-,-,-,0,16-01-2025 16:18:48.195,January,Heater Door Opened,192
H- E,ps,16-01-2025,H1,Heating,R1,0,16-01-2025 16:18:57.419,January,Picked From,192
H- E,ps,16-01-2025,-,-,-,0,16-01-2025 16:18:57.956,January,Heater Door Closed,192
H- E,ps,16-01-2025,J1,XYLENE-1,R1,0,16-01-2025 16:19:04.788,January,Placed In,192
H- E,ps,16-01-2025,-,-,-,0,16-01-2025 16:23:09.060,January,Heater Door Opened,192
H- E,ps,16-01-2025,,,R3,0,16-01-2025 16:23:09.773,January,Test Started,192
H- E,ps,16-01-2025,L3,Loading,R3,0,16-01-2025 16:23:16.467,January,Picked From,192
H- E,ps,16-01-2025,H3,Heating,R3,0,16-01-2025 16:23:27.073,January,Placed In,192
H- E,ps,16-01-2025,-,-,-,0,16-01-2025 16:23:33.843,January,Heater Door Closed,192
H- E,ps,16-01-2025,-,-,-,37,16-01-2025 16:23:34.445,January,Device temperature ,192
H- E,ps,16-01-2025,-,-,-,36,16-01-2025 16:23:39.616,January,Device temperature ,192
H- E,ps,16-01-2025,-,-,-,37,16-01-2025 16:23:44.787,January,Device temperature ,192
H- E,ps,16-01-2025,J1,XYLENE-1,R1,0,16-01-2025 16:24:20.584,January,Picked From,192
H- E,ps,16-01-2025,J2,XYLENE-2,R1,0,16-01-2025 16:24:26.774,January,Placed In,192
H- E,ps,16-01-2025,J2,XYLENE-2,R1,0,16-01-2025 16:29:36.513,January,Picked From,192
H- E,ps,16-01-2025,J3,XYLENE-3,R1,0,16-01-2025 16:29:42.712,January,Placed In,192
H- E,ps,16-01-2025,-,-,-,0,16-01-2025 16:30:04.881,January,Heater Door Opened,192
H- E,ps,16-01-2025,H2,Heating,R2,0,16-01-2025 16:30:15.072,January,Picked From,192
H- E,ps,16-01-2025,-,-,-,0,16-01-2025 16:30:17.273,January,Heater Door Closed,192
H- E,ps,16-01-2025,J1,XYLENE-1,R2,0,16-01-2025 16:30:24.104,January,Placed In,192
H- E,ps,16-01-2025,H3,Heating,R3,0,16-01-2025 16:36:03.651,January,Picked From,192
H- E,ps,16-01-2025,-,-,-,0,16-01-2025 16:36:04.187,January,Heater Door Closed,192
H- E,ps,16-01-2025,-,-,-,0,16-01-2025 16:36:25.434,January,Heater Switched Off ,192
H- E,ps,16-01-2025,W1,Tap Water,--,0,16-01-2025 16:36:26.433,January,Water Valve : 1 is Off,192
H- E,ps,16-01-2025,W2,Tap Water,--,0,16-01-2025 16:36:27.097,January,Water Valve : 2 is Off,192
H- E,ps,16-01-2025,W3,Tap Water,--,0,16-01-2025 16:36:27.765,January,Water Valve : 3 is Off,192
H- E,ps,16-01-2025,W4,Tap Water,--,0,16-01-2025 16:36:28.437,January,Water Valve : 4 is Off,192
H- E,ps,16-01-2025,W5,Tap Water,--,0,16-01-2025 16:36:29.104,January,Water Valve : 5 is Off,192
H- E,ps,16-01-2025,W6,Tap Water,--,0,16-01-2025 16:36:29.838,January,Water Valve : 6 is Off,192
H- E,ps,16-01-2025,-,-,-,0,16-01-2025 16:36:30.281,January,Protorun Stopped,192
