,ps,31-01-2025,-,-,-,35,31-01-2025 15:27:05.660,January,35 - Temperature set to device,0
,ps,31-01-2025,-,-,-,35,31-01-2025 15:29:58.134,January,35 - Temperature set to device,0
Water valve,ps,31-01-2025,W1,Tap Water,--,0,31-01-2025 15:30:04.133,January,Water Valve : 1 is On,0
Water valve,ps,31-01-2025,W2,Tap Water,--,0,31-01-2025 15:30:04.677,January,Water Valve : 2 is On,0
Water valve,ps,31-01-2025,W3,Tap Water,--,0,31-01-2025 15:30:05.355,January,Water Valve : 3 is On,0
Water valve,ps,31-01-2025,W4,Tap Water,--,0,31-01-2025 15:30:06.023,January,Water Valve : 4 is On,0
Water valve,ps,31-01-2025,W5,Tap Water,--,0,31-01-2025 15:30:06.693,January,Water Valve : 5 is On,0
Water valve,ps,31-01-2025,W6,Tap Water,--,0,31-01-2025 15:30:07.353,January,Water Valve : 6 is On,0
Water valve,ps,31-01-2025,-,-,-,0,31-01-2025 15:30:08.027,January,Home Reached,0
Water valve,ps,31-01-2025,-,-,-,0,31-01-2025 15:30:18.099,January,Home Reached,0
Water valve,ps,31-01-2025,-,-,-,0,31-01-2025 15:30:20.417,January,Home Reached,0
Water valve,ps,31-01-2025,U1,-,-,0,31-01-2025 15:30:27.256,January,Liquid Level - 3168,0
Water valve,ps,31-01-2025,U2,-,-,0,31-01-2025 15:30:30.082,January,Liquid Level - 3162,0
Water valve,ps,31-01-2025,U3,-,-,0,31-01-2025 15:30:32.772,January,Liquid Level - 3163,0
Water valve,ps,31-01-2025,U4,-,-,0,31-01-2025 15:30:35.444,January,Liquid Level - 3143,0
Water valve,ps,31-01-2025,U5,-,-,0,31-01-2025 15:30:38.122,January,Liquid Level - 3152,0
Water valve,ps,31-01-2025,U6,-,-,0,31-01-2025 15:30:40.810,January,Liquid Level - 3165,0
Water valve,ps,31-01-2025,J1,-,-,0,31-01-2025 15:30:46.782,January,Liquid Level - 3166,0
Water valve,ps,31-01-2025,J2,-,-,0,31-01-2025 15:30:49.711,January,Liquid Level - 3167,0
Water valve,ps,31-01-2025,J3,-,-,0,31-01-2025 15:30:52.407,January,Liquid Level - 3169,0
Water valve,ps,31-01-2025,J4,-,-,0,31-01-2025 15:30:55.080,January,Liquid Level - 3168,0
Water valve,ps,31-01-2025,J5,-,-,0,31-01-2025 15:30:57.741,January,Liquid Level - 3177,0
Water valve,ps,31-01-2025,J6,-,-,0,31-01-2025 15:31:00.400,January,Liquid Level - 3165,0
Water valve,ps,31-01-2025,J7,-,-,0,31-01-2025 15:31:03.098,January,Liquid Level - 3168,0
Water valve,ps,31-01-2025,J8,-,-,0,31-01-2025 15:31:05.760,January,Liquid Level - 3164,0
Water valve,ps,31-01-2025,J9,-,-,0,31-01-2025 15:31:08.427,January,Liquid Level - 3160,0
Water valve,ps,31-01-2025,J10,-,-,0,31-01-2025 15:31:12.323,January,Liquid Level - 3162,0
Water valve,ps,31-01-2025,J11,-,-,0,31-01-2025 15:31:14.809,January,Liquid Level - 3161,0
Water valve,ps,31-01-2025,J12,-,-,0,31-01-2025 15:31:17.467,January,Liquid Level - 3158,0
Water valve,ps,31-01-2025,J13,-,-,0,31-01-2025 15:31:22.858,January,Liquid Level - 3148,0
Water valve,ps,31-01-2025,J14,-,-,0,31-01-2025 15:31:25.893,January,Liquid Level - 3119,0
Water valve,ps,31-01-2025,J15,-,-,0,31-01-2025 15:31:28.400,January,Liquid Level - 3172,0
Water valve,ps,31-01-2025,J16,-,-,0,31-01-2025 15:31:31.073,January,Liquid Level - 3163,0
Water valve,ps,31-01-2025,J17,-,-,0,31-01-2025 15:31:33.760,January,Liquid Level - 3170,0
Water valve,ps,31-01-2025,J18,-,-,0,31-01-2025 15:31:37.683,January,Liquid Level - 3157,0
Water valve,ps,31-01-2025,J19,-,-,0,31-01-2025 15:31:40.223,January,Liquid Level - 3151,0
Water valve,ps,31-01-2025,J20,-,-,0,31-01-2025 15:31:42.874,January,Liquid Level - 3140,0
Water valve,ps,31-01-2025,J21,-,-,0,31-01-2025 15:31:45.570,January,Liquid Level - 3164,0
Water valve,ps,31-01-2025,J22,-,-,0,31-01-2025 15:31:48.264,January,Liquid Level - 3172,0
Water valve,ps,31-01-2025,J23,-,-,0,31-01-2025 15:31:50.915,January,Liquid Level - 3175,0
Water valve,ps,31-01-2025,J24,-,-,0,31-01-2025 15:31:53.624,January,Liquid Level - 3170,0
Water valve,ps,31-01-2025,J25,-,-,0,31-01-2025 15:31:56.313,January,Liquid Level - 3174,0
Water valve,ps,31-01-2025,J26,-,-,0,31-01-2025 15:31:59.012,January,Liquid Level - 3175,0
Water valve,ps,31-01-2025,J27,-,-,0,31-01-2025 15:32:02.491,January,Liquid Level - 3232,0
Water valve,ps,31-01-2025,J28,-,-,0,31-01-2025 15:32:05.381,January,Liquid Level - 3230,0
Water valve,ps,31-01-2025,J29,-,-,0,31-01-2025 15:32:08.038,January,Liquid Level - 3196,0
Water valve,ps,31-01-2025,J30,-,-,0,31-01-2025 15:32:10.710,January,Liquid Level - 3206,0
Water valve,ps,31-01-2025,J31,-,-,0,31-01-2025 15:32:13.396,January,Liquid Level - 3196,0
Water valve,ps,31-01-2025,J32,-,-,0,31-01-2025 15:32:16.099,January,Liquid Level - 3193,0
Water valve,ps,31-01-2025,J33,-,-,0,31-01-2025 15:32:21.184,January,Liquid Level - 3147,0
Water valve,ps,31-01-2025,W1,-,-,0,31-01-2025 15:32:26.005,January,Liquid Level - 3149,0
Water valve,ps,31-01-2025,W2,-,-,0,31-01-2025 15:32:28.671,January,Liquid Level - 3159,0
Water valve,ps,31-01-2025,W3,-,-,0,31-01-2025 15:32:31.346,January,Liquid Level - 3147,0
Water valve,ps,31-01-2025,W4,-,-,0,31-01-2025 15:32:34.250,January,Liquid Level - 3155,0
Water valve,ps,31-01-2025,W5,-,-,0,31-01-2025 15:32:36.749,January,Liquid Level - 3155,0
Water valve,ps,31-01-2025,W6,-,-,0,31-01-2025 15:32:39.433,January,Liquid Level - 3153,0
Water valve,ps,31-01-2025,H1,-,-,0,31-01-2025 15:32:46.191,January,Liquid Level - 4095,0
Water valve,ps,31-01-2025,H2,-,-,0,31-01-2025 15:32:48.994,January,Liquid Level - 4095,0
Water valve,ps,31-01-2025,H3,-,-,0,31-01-2025 15:32:51.679,January,Liquid Level - 4095,0
Water valve,ps,31-01-2025,-,-,-,0,31-01-2025 15:33:04.454,January,Home Reached,0
Water valve,ps,31-01-2025,-,-,-,0,31-01-2025 15:33:07.657,January,Home Reached,0
H- E,ps,31-01-2025,-,-,-,0,31-01-2025 15:33:32.862,January,Protorun Started,225
H- E,ps,31-01-2025,-,-,-,30,31-01-2025 15:33:43.448,January,30 - Temperature set to device,225
H- E,ps,31-01-2025,-,-,-,0,31-01-2025 15:33:44.612,January,Heater Switched On ,225
H- E,ps,31-01-2025,-,-,-,0,31-01-2025 15:33:50.627,January,Heater Door Closed,225
H- E,ps,31-01-2025,-,-,-,32,31-01-2025 15:33:51.163,January,Device temperature ,225
H- E,ps,31-01-2025,W1,Tap Water,--,0,31-01-2025 15:33:56.323,January,Water Valve : 1 is Off,225
H- E,ps,31-01-2025,W2,Tap Water,--,0,31-01-2025 15:33:56.989,January,Water Valve : 2 is Off,225
H- E,ps,31-01-2025,W3,Tap Water,--,0,31-01-2025 15:33:57.671,January,Water Valve : 3 is Off,225
H- E,ps,31-01-2025,W4,Tap Water,--,0,31-01-2025 15:33:58.332,January,Water Valve : 4 is Off,225
H- E,ps,31-01-2025,W5,Tap Water,--,0,31-01-2025 15:33:59.015,January,Water Valve : 5 is Off,225
H- E,ps,31-01-2025,W6,Tap Water,--,0,31-01-2025 15:33:59.698,January,Water Valve : 6 is Off,225
H- E,ps,31-01-2025,-,-,-,0,31-01-2025 15:34:01.169,January,Home Reached,225
H- E,ps,31-01-2025,-,-,-,0,31-01-2025 15:34:03.557,January,Home Reached,225
H- E,ps,31-01-2025,H1,-,-,0,31-01-2025 15:34:15.185,January,Liquid Level - 4095,225
H- E,ps,31-01-2025,H2,-,-,0,31-01-2025 15:34:17.897,January,Liquid Level - 4095,225
H- E,ps,31-01-2025,H3,-,-,0,31-01-2025 15:34:20.590,January,Liquid Level - 4095,225
H- E,ps,31-01-2025,L1,-,-,0,31-01-2025 15:34:24.348,January,Liquid Level - 304,225
H- E,ps,31-01-2025,L2,-,-,0,31-01-2025 15:34:27.298,January,Liquid Level - 304,225
H- E,ps,31-01-2025,L3,-,-,0,31-01-2025 15:34:29.958,January,Liquid Level - 301,225
H- E,ps,31-01-2025,-,-,-,0,31-01-2025 15:34:41.375,January,Home Reached,225
H- E,ps,31-01-2025,-,-,-,0,31-01-2025 15:34:44.070,January,Home Reached,225
H- E,ps,31-01-2025,,,R1,0,31-01-2025 15:34:47.094,January,Test Started,225
H- E,ps,31-01-2025,L1,Loading,R1,0,31-01-2025 15:34:58.384,January,Picked From,225
H- E,ps,31-01-2025,H1,Heating,R1,0,31-01-2025 15:35:05.603,January,Placed In,225
H- E,ps,31-01-2025,-,-,-,0,31-01-2025 15:35:06.124,January,Heater Door Closed,225
H- E,ps,31-01-2025,-,-,-,32,31-01-2025 15:35:06.462,January,Device temperature ,225
H- E,ps,31-01-2025,-,-,-,32,31-01-2025 15:35:11.642,January,Device temperature ,225
H- E,ps,31-01-2025,-,-,-,32,31-01-2025 15:35:16.823,January,Device temperature ,225
H- E,ps,31-01-2025,-,-,-,32,31-01-2025 15:35:22.004,January,Device temperature ,225
H- E,ps,31-01-2025,-,-,-,32,31-01-2025 15:35:27.182,January,Device temperature ,225
H- E,ps,31-01-2025,-,-,-,32,31-01-2025 15:35:32.349,January,Device temperature ,225
H- E,ps,31-01-2025,-,-,-,32,31-01-2025 15:35:37.525,January,Device temperature ,225
H- E,ps,31-01-2025,-,-,-,32,31-01-2025 15:35:42.684,January,Device temperature ,225
H- E,ps,31-01-2025,-,-,-,32,31-01-2025 15:35:47.973,January,Device temperature ,225
H- E,ps,31-01-2025,-,-,-,32,31-01-2025 15:35:53.147,January,Device temperature ,225
H- E,ps,31-01-2025,-,-,-,32,31-01-2025 15:35:58.321,January,Device temperature ,225
H- E,ps,31-01-2025,-,-,-,33,31-01-2025 15:36:03.507,January,Device temperature ,225
H- E,ps,31-01-2025,-,-,-,32,31-01-2025 15:36:08.692,January,Device temperature ,225
H- E,ps,31-01-2025,-,-,-,32,31-01-2025 15:36:13.868,January,Device temperature ,225
H- E,ps,31-01-2025,-,-,-,32,31-01-2025 15:36:19.021,January,Device temperature ,225
H- E,ps,31-01-2025,-,-,-,32,31-01-2025 15:36:24.188,January,Device temperature ,225
H- E,ps,31-01-2025,-,-,-,32,31-01-2025 15:36:29.346,January,Device temperature ,225
H- E,ps,31-01-2025,-,-,-,32,31-01-2025 15:36:34.522,January,Device temperature ,225
H- E,ps,31-01-2025,-,-,-,32,31-01-2025 15:36:39.700,January,Device temperature ,225
H- E,ps,31-01-2025,-,-,-,32,31-01-2025 15:36:44.864,January,Device temperature ,225
H- E,ps,31-01-2025,-,-,-,32,31-01-2025 15:36:50.041,January,Device temperature ,225
H- E,ps,31-01-2025,-,-,-,32,31-01-2025 15:36:55.195,January,Device temperature ,225
H- E,ps,31-01-2025,-,-,-,32,31-01-2025 15:37:00.356,January,Device temperature ,225
H- E,ps,31-01-2025,-,-,-,32,31-01-2025 15:37:05.523,January,Device temperature ,225
H- E,ps,31-01-2025,-,-,-,32,31-01-2025 15:37:10.699,January,Device temperature ,225
H- E,ps,31-01-2025,-,-,-,32,31-01-2025 15:37:15.979,January,Device temperature ,225
H- E,ps,31-01-2025,-,-,-,32,31-01-2025 15:37:21.150,January,Device temperature ,225
H- E,ps,31-01-2025,-,-,-,32,31-01-2025 15:37:26.323,January,Device temperature ,225
H- E,ps,31-01-2025,-,-,-,32,31-01-2025 15:37:31.496,January,Device temperature ,225
H- E,ps,31-01-2025,-,-,-,32,31-01-2025 15:37:36.672,January,Device temperature ,225
H- E,ps,31-01-2025,-,-,-,32,31-01-2025 15:37:41.856,January,Device temperature ,225
H- E,ps,31-01-2025,-,-,-,32,31-01-2025 15:37:47.019,January,Device temperature ,225
H- E,ps,31-01-2025,-,-,-,32,31-01-2025 15:37:52.217,January,Device temperature ,225
H- E,ps,31-01-2025,-,-,-,32,31-01-2025 15:37:57.391,January,Device temperature ,225
H- E,ps,31-01-2025,-,-,-,33,31-01-2025 15:38:02.550,January,Device temperature ,225
H- E,ps,31-01-2025,-,-,-,32,31-01-2025 15:38:07.717,January,Device temperature ,225
H- E,ps,31-01-2025,-,-,-,32,31-01-2025 15:38:12.891,January,Device temperature ,225
H- E,ps,31-01-2025,-,-,-,32,31-01-2025 15:38:18.143,January,Device temperature ,225
H- E,ps,31-01-2025,-,-,-,32,31-01-2025 15:38:23.242,January,Device temperature ,225
H- E,ps,31-01-2025,-,-,-,33,31-01-2025 15:38:28.420,January,Device temperature ,225
H- E,ps,31-01-2025,-,-,-,32,31-01-2025 15:38:33.601,January,Device temperature ,225
H- E,ps,31-01-2025,-,-,-,32,31-01-2025 15:38:38.789,January,Device temperature ,225
H- E,ps,31-01-2025,-,-,-,33,31-01-2025 15:38:43.970,January,Device temperature ,225
H- E,ps,31-01-2025,-,-,-,32,31-01-2025 15:38:49.170,January,Device temperature ,225
H- E,ps,31-01-2025,-,-,-,33,31-01-2025 15:38:54.356,January,Device temperature ,225
H- E,ps,31-01-2025,-,-,-,32,31-01-2025 15:38:59.535,January,Device temperature ,225
H- E,ps,31-01-2025,-,-,-,33,31-01-2025 15:39:04.709,January,Device temperature ,225
H- E,ps,31-01-2025,-,-,-,33,31-01-2025 15:39:09.886,January,Device temperature ,225
H- E,ps,31-01-2025,-,-,-,33,31-01-2025 15:39:15.051,January,Device temperature ,225
H- E,ps,31-01-2025,-,-,-,33,31-01-2025 15:39:20.228,January,Device temperature ,225
H- E,ps,31-01-2025,-,-,-,33,31-01-2025 15:39:25.401,January,Device temperature ,225
H- E,ps,31-01-2025,-,-,-,33,31-01-2025 15:39:30.571,January,Device temperature ,225
H- E,ps,31-01-2025,-,-,-,33,31-01-2025 15:39:35.744,January,Device temperature ,225
H- E,ps,31-01-2025,-,-,-,33,31-01-2025 15:39:40.939,January,Device temperature ,225
H- E,ps,31-01-2025,-,-,-,33,31-01-2025 15:39:46.060,January,Device temperature ,225
H- E,ps,31-01-2025,-,-,-,33,31-01-2025 15:39:51.246,January,Device temperature ,225
H- E,ps,31-01-2025,-,-,-,33,31-01-2025 15:39:56.412,January,Device temperature ,225
H- E,ps,31-01-2025,-,-,-,33,31-01-2025 15:40:01.600,January,Device temperature ,225
H- E,ps,31-01-2025,-,-,-,33,31-01-2025 15:40:06.775,January,Device temperature ,225
H- E,ps,31-01-2025,-,-,-,33,31-01-2025 15:40:11.939,January,Device temperature ,225
H- E,ps,31-01-2025,-,-,-,33,31-01-2025 15:40:17.119,January,Device temperature ,225
H- E,ps,31-01-2025,-,-,-,33,31-01-2025 15:40:22.313,January,Device temperature ,225
H- E,ps,31-01-2025,-,-,-,33,31-01-2025 15:40:27.473,January,Device temperature ,225
H- E,ps,31-01-2025,-,-,-,33,31-01-2025 15:40:32.651,January,Device temperature ,225
H- E,ps,31-01-2025,-,-,-,33,31-01-2025 15:40:37.820,January,Device temperature ,225
H- E,ps,31-01-2025,-,-,-,33,31-01-2025 15:40:42.981,January,Device temperature ,225
H- E,ps,31-01-2025,-,-,-,33,31-01-2025 15:40:48.153,January,Device temperature ,225
H- E,ps,31-01-2025,-,-,-,33,31-01-2025 15:40:53.622,January,Device temperature ,225
H- E,ps,31-01-2025,-,-,-,33,31-01-2025 15:40:58.781,January,Device temperature ,225
H- E,ps,31-01-2025,-,-,-,33,31-01-2025 15:41:03.946,January,Device temperature ,225
H- E,ps,31-01-2025,-,-,-,33,31-01-2025 15:41:09.119,January,Device temperature ,225
H- E,ps,31-01-2025,-,-,-,33,31-01-2025 15:41:14.295,January,Device temperature ,225
H- E,ps,31-01-2025,-,-,-,33,31-01-2025 15:41:19.472,January,Device temperature ,225
H- E,ps,31-01-2025,-,-,-,33,31-01-2025 15:41:24.666,January,Device temperature ,225
H- E,ps,31-01-2025,-,-,-,33,31-01-2025 15:41:29.849,January,Device temperature ,225
H- E,ps,31-01-2025,-,-,-,33,31-01-2025 15:41:35.061,January,Device temperature ,225
H- E,ps,31-01-2025,-,-,-,33,31-01-2025 15:41:40.276,January,Device temperature ,225
H- E,ps,31-01-2025,-,-,-,33,31-01-2025 15:41:45.469,January,Device temperature ,225
H- E,ps,31-01-2025,-,-,-,33,31-01-2025 15:41:50.640,January,Device temperature ,225
H- E,ps,31-01-2025,-,-,-,33,31-01-2025 15:41:55.810,January,Device temperature ,225
H- E,ps,31-01-2025,-,-,-,33,31-01-2025 15:42:00.989,January,Device temperature ,225
H- E,ps,31-01-2025,-,-,-,33,31-01-2025 15:42:06.174,January,Device temperature ,225
H- E,ps,31-01-2025,-,-,-,33,31-01-2025 15:42:11.370,January,Device temperature ,225
H- E,ps,31-01-2025,-,-,-,32,31-01-2025 15:42:16.541,January,Device temperature ,225
H- E,ps,31-01-2025,-,-,-,33,31-01-2025 15:42:21.714,January,Device temperature ,225
H- E,ps,31-01-2025,-,-,-,33,31-01-2025 15:42:26.876,January,Device temperature ,225
H- E,ps,31-01-2025,-,-,-,33,31-01-2025 15:42:32.049,January,Device temperature ,225
H- E,ps,31-01-2025,-,-,-,33,31-01-2025 15:42:37.214,January,Device temperature ,225
H- E,ps,31-01-2025,-,-,-,33,31-01-2025 15:42:42.395,January,Device temperature ,225
H- E,ps,31-01-2025,-,-,-,33,31-01-2025 15:42:47.608,January,Device temperature ,225
H- E,ps,31-01-2025,-,-,-,33,31-01-2025 15:42:52.776,January,Device temperature ,225
H- E,ps,31-01-2025,-,-,-,33,31-01-2025 15:42:57.941,January,Device temperature ,225
H- E,ps,31-01-2025,-,-,-,33,31-01-2025 15:43:03.137,January,Device temperature ,225
H- E,ps,31-01-2025,-,-,-,33,31-01-2025 15:43:08.305,January,Device temperature ,225
H- E,ps,31-01-2025,-,-,-,33,31-01-2025 15:43:13.485,January,Device temperature ,225
H- E,ps,31-01-2025,-,-,-,33,31-01-2025 15:43:18.662,January,Device temperature ,225
H- E,ps,31-01-2025,-,-,-,33,31-01-2025 15:43:23.838,January,Device temperature ,225
H- E,ps,31-01-2025,-,-,-,33,31-01-2025 15:43:29.043,January,Device temperature ,225
H- E,ps,31-01-2025,-,-,-,34,31-01-2025 15:43:34.216,January,Device temperature ,225
H- E,ps,31-01-2025,-,-,-,34,31-01-2025 15:43:39.381,January,Device temperature ,225
H- E,ps,31-01-2025,-,-,-,33,31-01-2025 15:43:44.556,January,Device temperature ,225
H- E,ps,31-01-2025,-,-,-,33,31-01-2025 15:43:49.724,January,Device temperature ,225
H- E,ps,31-01-2025,-,-,-,34,31-01-2025 15:43:54.901,January,Device temperature ,225
H- E,ps,31-01-2025,-,-,-,34,31-01-2025 15:44:00.062,January,Device temperature ,225
H- E,ps,31-01-2025,-,-,-,34,31-01-2025 15:44:05.223,January,Device temperature ,225
H- E,ps,31-01-2025,-,-,-,34,31-01-2025 15:44:10.399,January,Device temperature ,225
H- E,ps,31-01-2025,-,-,-,34,31-01-2025 15:44:15.572,January,Device temperature ,225
H- E,ps,31-01-2025,-,-,-,34,31-01-2025 15:44:20.754,January,Device temperature ,225
H- E,ps,31-01-2025,-,-,-,34,31-01-2025 15:44:25.931,January,Device temperature ,225
H- E,ps,31-01-2025,-,-,-,33,31-01-2025 15:44:31.096,January,Device temperature ,225
H- E,ps,31-01-2025,-,-,-,34,31-01-2025 15:44:36.280,January,Device temperature ,225
H- E,ps,31-01-2025,-,-,-,33,31-01-2025 15:44:41.464,January,Device temperature ,225
H- E,ps,31-01-2025,-,-,-,34,31-01-2025 15:44:46.632,January,Device temperature ,225
H- E,ps,31-01-2025,-,-,-,34,31-01-2025 15:44:51.807,January,Device temperature ,225
H- E,ps,31-01-2025,-,-,-,34,31-01-2025 15:44:56.972,January,Device temperature ,225
H- E,ps,31-01-2025,-,-,-,34,31-01-2025 15:45:02.140,January,Device temperature ,225
H- E,ps,31-01-2025,-,-,-,34,31-01-2025 15:45:07.311,January,Device temperature ,225
H- E,ps,31-01-2025,-,-,-,34,31-01-2025 15:45:12.481,January,Device temperature ,225
H- E,ps,31-01-2025,-,-,-,34,31-01-2025 15:45:17.647,January,Device temperature ,225
H- E,ps,31-01-2025,-,-,-,34,31-01-2025 15:45:22.819,January,Device temperature ,225
H- E,ps,31-01-2025,-,-,-,34,31-01-2025 15:45:28.066,January,Device temperature ,225
H- E,ps,31-01-2025,-,-,-,34,31-01-2025 15:45:33.249,January,Device temperature ,225
H- E,ps,31-01-2025,-,-,-,34,31-01-2025 15:45:38.407,January,Device temperature ,225
H- E,ps,31-01-2025,-,-,-,34,31-01-2025 15:45:43.583,January,Device temperature ,225
H- E,ps,31-01-2025,-,-,-,34,31-01-2025 15:45:48.745,January,Device temperature ,225
H- E,ps,31-01-2025,-,-,-,0,31-01-2025 15:45:53.346,January,Heater Door Opened,225
H- E,ps,31-01-2025,,,R2,0,31-01-2025 15:45:54.026,January,Test Started,225
H- E,ps,31-01-2025,L2,Loading,R2,0,31-01-2025 15:46:01.264,January,Picked From,225
H- E,ps,31-01-2025,H2,Heating,R2,0,31-01-2025 15:46:08.479,January,Placed In,225
H- E,ps,31-01-2025,-,-,-,0,31-01-2025 15:46:09.006,January,Heater Door Closed,225
H- E,ps,31-01-2025,-,-,-,34,31-01-2025 15:46:09.330,January,Device temperature ,225
H- E,ps,31-01-2025,-,-,-,34,31-01-2025 15:46:14.500,January,Device temperature ,225
H- E,ps,31-01-2025,-,-,-,34,31-01-2025 15:46:19.666,January,Device temperature ,225
H- E,ps,31-01-2025,-,-,-,34,31-01-2025 15:46:24.850,January,Device temperature ,225
H- E,ps,31-01-2025,-,-,-,34,31-01-2025 15:46:30.008,January,Device temperature ,225
H- E,ps,31-01-2025,-,-,-,34,31-01-2025 15:46:35.179,January,Device temperature ,225
H- E,ps,31-01-2025,-,-,-,34,31-01-2025 15:46:40.359,January,Device temperature ,225
H- E,ps,31-01-2025,-,-,-,34,31-01-2025 15:46:45.542,January,Device temperature ,225
H- E,ps,31-01-2025,-,-,-,34,31-01-2025 15:46:50.741,January,Device temperature ,225
H- E,ps,31-01-2025,-,-,-,34,31-01-2025 15:46:55.909,January,Device temperature ,225
H- E,ps,31-01-2025,-,-,-,34,31-01-2025 15:47:01.098,January,Device temperature ,225
H- E,ps,31-01-2025,-,-,-,34,31-01-2025 15:47:06.289,January,Device temperature ,225
H- E,ps,31-01-2025,-,-,-,34,31-01-2025 15:47:11.474,January,Device temperature ,225
H- E,ps,31-01-2025,-,-,-,34,31-01-2025 15:47:16.644,January,Device temperature ,225
H- E,ps,31-01-2025,-,-,-,34,31-01-2025 15:47:21.823,January,Device temperature ,225
H- E,ps,31-01-2025,-,-,-,34,31-01-2025 15:47:26.999,January,Device temperature ,225
H- E,ps,31-01-2025,-,-,-,34,31-01-2025 15:47:32.177,January,Device temperature ,225
H- E,ps,31-01-2025,-,-,-,34,31-01-2025 15:47:37.371,January,Device temperature ,225
H- E,ps,31-01-2025,-,-,-,34,31-01-2025 15:47:42.559,January,Device temperature ,225
H- E,ps,31-01-2025,-,-,-,34,31-01-2025 15:47:47.846,January,Device temperature ,225
H- E,ps,31-01-2025,-,-,-,34,31-01-2025 15:47:53.018,January,Device temperature ,225
H- E,ps,31-01-2025,-,-,-,34,31-01-2025 15:47:58.198,January,Device temperature ,225
H- E,ps,31-01-2025,-,-,-,34,31-01-2025 15:48:03.351,January,Device temperature ,225
H- E,ps,31-01-2025,-,-,-,34,31-01-2025 15:48:08.541,January,Device temperature ,225
H- E,ps,31-01-2025,-,-,-,34,31-01-2025 15:48:13.711,January,Device temperature ,225
H- E,ps,31-01-2025,-,-,-,34,31-01-2025 15:48:18.879,January,Device temperature ,225
H- E,ps,31-01-2025,-,-,-,34,31-01-2025 15:48:24.058,January,Device temperature ,225
H- E,ps,31-01-2025,-,-,-,34,31-01-2025 15:48:29.239,January,Device temperature ,225
H- E,ps,31-01-2025,-,-,-,34,31-01-2025 15:48:34.425,January,Device temperature ,225
H- E,ps,31-01-2025,-,-,-,34,31-01-2025 15:48:39.609,January,Device temperature ,225
H- E,ps,31-01-2025,-,-,-,35,31-01-2025 15:48:44.805,January,Device temperature ,225
H- E,ps,31-01-2025,-,-,-,35,31-01-2025 15:48:49.999,January,Device temperature ,225
H- E,ps,31-01-2025,-,-,-,34,31-01-2025 15:48:55.174,January,Device temperature ,225
H- E,ps,31-01-2025,-,-,-,34,31-01-2025 15:49:00.353,January,Device temperature ,225
H- E,ps,31-01-2025,-,-,-,34,31-01-2025 15:49:05.522,January,Device temperature ,225
H- E,ps,31-01-2025,-,-,-,34,31-01-2025 15:49:10.687,January,Device temperature ,225
H- E,ps,31-01-2025,-,-,-,34,31-01-2025 15:49:15.860,January,Device temperature ,225
H- E,ps,31-01-2025,-,-,-,35,31-01-2025 15:49:21.022,January,Device temperature ,225
H- E,ps,31-01-2025,-,-,-,35,31-01-2025 15:49:26.192,January,Device temperature ,225
H- E,ps,31-01-2025,-,-,-,35,31-01-2025 15:49:31.382,January,Device temperature ,225
H- E,ps,31-01-2025,-,-,-,34,31-01-2025 15:49:36.556,January,Device temperature ,225
H- E,ps,31-01-2025,-,-,-,34,31-01-2025 15:49:41.720,January,Device temperature ,225
H- E,ps,31-01-2025,-,-,-,35,31-01-2025 15:49:46.904,January,Device temperature ,225
H- E,ps,31-01-2025,-,-,-,34,31-01-2025 15:49:52.081,January,Device temperature ,225
H- E,ps,31-01-2025,-,-,-,35,31-01-2025 15:49:57.258,January,Device temperature ,225
H- E,ps,31-01-2025,-,-,-,35,31-01-2025 15:50:02.435,January,Device temperature ,225
H- E,ps,31-01-2025,-,-,-,35,31-01-2025 15:50:07.607,January,Device temperature ,225
H- E,ps,31-01-2025,-,-,-,35,31-01-2025 15:50:12.788,January,Device temperature ,225
H- E,ps,31-01-2025,-,-,-,35,31-01-2025 15:50:17.965,January,Device temperature ,225
H- E,ps,31-01-2025,-,-,-,35,31-01-2025 15:50:23.116,January,Device temperature ,225
H- E,ps,31-01-2025,-,-,-,35,31-01-2025 15:50:28.296,January,Device temperature ,225
H- E,ps,31-01-2025,-,-,-,34,31-01-2025 15:50:33.456,January,Device temperature ,225
H- E,ps,31-01-2025,-,-,-,35,31-01-2025 15:50:38.631,January,Device temperature ,225
H- E,ps,31-01-2025,-,-,-,35,31-01-2025 15:50:43.800,January,Device temperature ,225
H- E,ps,31-01-2025,-,-,-,35,31-01-2025 15:50:48.979,January,Device temperature ,225
H- E,ps,31-01-2025,-,-,-,35,31-01-2025 15:50:54.141,January,Device temperature ,225
H- E,ps,31-01-2025,-,-,-,35,31-01-2025 15:50:59.311,January,Device temperature ,225
H- E,ps,31-01-2025,-,-,-,35,31-01-2025 15:51:04.493,January,Device temperature ,225
H- E,ps,31-01-2025,-,-,-,35,31-01-2025 15:51:09.679,January,Device temperature ,225
H- E,ps,31-01-2025,-,-,-,35,31-01-2025 15:51:14.849,January,Device temperature ,225
H- E,ps,31-01-2025,-,-,-,35,31-01-2025 15:51:20.016,January,Device temperature ,225
H- E,ps,31-01-2025,-,-,-,35,31-01-2025 15:51:25.179,January,Device temperature ,225
H- E,ps,31-01-2025,-,-,-,34,31-01-2025 15:51:30.349,January,Device temperature ,225
H- E,ps,31-01-2025,-,-,-,35,31-01-2025 15:51:35.516,January,Device temperature ,225
H- E,ps,31-01-2025,-,-,-,35,31-01-2025 15:51:40.692,January,Device temperature ,225
H- E,ps,31-01-2025,-,-,-,35,31-01-2025 15:51:45.853,January,Device temperature ,225
H- E,ps,31-01-2025,-,-,-,35,31-01-2025 15:51:51.032,January,Device temperature ,225
H- E,ps,31-01-2025,-,-,-,35,31-01-2025 15:51:56.194,January,Device temperature ,225
H- E,ps,31-01-2025,-,-,-,35,31-01-2025 15:52:01.364,January,Device temperature ,225
H- E,ps,31-01-2025,-,-,-,35,31-01-2025 15:52:06.539,January,Device temperature ,225
H- E,ps,31-01-2025,-,-,-,35,31-01-2025 15:52:11.705,January,Device temperature ,225
H- E,ps,31-01-2025,-,-,-,35,31-01-2025 15:52:16.879,January,Device temperature ,225
H- E,ps,31-01-2025,-,-,-,35,31-01-2025 15:52:22.047,January,Device temperature ,225
H- E,ps,31-01-2025,-,-,-,35,31-01-2025 15:52:27.230,January,Device temperature ,225
H- E,ps,31-01-2025,-,-,-,35,31-01-2025 15:52:32.406,January,Device temperature ,225
H- E,ps,31-01-2025,-,-,-,35,31-01-2025 15:52:37.569,January,Device temperature ,225
H- E,ps,31-01-2025,-,-,-,35,31-01-2025 15:52:42.751,January,Device temperature ,225
H- E,ps,31-01-2025,-,-,-,35,31-01-2025 15:52:47.932,January,Device temperature ,225
H- E,ps,31-01-2025,-,-,-,35,31-01-2025 15:52:53.106,January,Device temperature ,225
H- E,ps,31-01-2025,-,-,-,35,31-01-2025 15:52:58.273,January,Device temperature ,225
H- E,ps,31-01-2025,-,-,-,35,31-01-2025 15:53:03.437,January,Device temperature ,225
H- E,ps,31-01-2025,-,-,-,35,31-01-2025 15:53:08.599,January,Device temperature ,225
H- E,ps,31-01-2025,-,-,-,35,31-01-2025 15:53:13.777,January,Device temperature ,225
H- E,ps,31-01-2025,-,-,-,35,31-01-2025 15:53:18.966,January,Device temperature ,225
H- E,ps,31-01-2025,-,-,-,35,31-01-2025 15:53:24.126,January,Device temperature ,225
H- E,ps,31-01-2025,-,-,-,35,31-01-2025 15:53:29.313,January,Device temperature ,225
H- E,ps,31-01-2025,-,-,-,35,31-01-2025 15:53:34.513,January,Device temperature ,225
H- E,ps,31-01-2025,-,-,-,35,31-01-2025 15:53:39.685,January,Device temperature ,225
H- E,ps,31-01-2025,-,-,-,35,31-01-2025 15:53:44.862,January,Device temperature ,225
H- E,ps,31-01-2025,-,-,-,35,31-01-2025 15:53:50.040,January,Device temperature ,225
H- E,ps,31-01-2025,-,-,-,35,31-01-2025 15:53:55.203,January,Device temperature ,225
H- E,ps,31-01-2025,-,-,-,35,31-01-2025 15:54:00.379,January,Device temperature ,225
H- E,ps,31-01-2025,-,-,-,35,31-01-2025 15:54:05.561,January,Device temperature ,225
H- E,ps,31-01-2025,-,-,-,35,31-01-2025 15:54:10.722,January,Device temperature ,225
H- E,ps,31-01-2025,-,-,-,35,31-01-2025 15:54:15.905,January,Device temperature ,225
H- E,ps,31-01-2025,-,-,-,35,31-01-2025 15:54:21.092,January,Device temperature ,225
H- E,ps,31-01-2025,-,-,-,35,31-01-2025 15:54:26.267,January,Device temperature ,225
H- E,ps,31-01-2025,-,-,-,35,31-01-2025 15:54:31.447,January,Device temperature ,225
H- E,ps,31-01-2025,-,-,-,35,31-01-2025 15:54:36.636,January,Device temperature ,225
H- E,ps,31-01-2025,-,-,-,35,31-01-2025 15:54:41.807,January,Device temperature ,225
H- E,ps,31-01-2025,-,-,-,35,31-01-2025 15:54:46.992,January,Device temperature ,225
H- E,ps,31-01-2025,-,-,-,0,31-01-2025 15:55:06.599,January,Heater Door Opened,225
H- E,ps,31-01-2025,H1,Heating,R1,0,31-01-2025 15:55:13.063,January,Picked From,225
H- E,ps,31-01-2025,-,-,-,0,31-01-2025 15:55:13.588,January,Heater Door Closed,225
H- E,ps,31-01-2025,J1,XYLENE-1,R1,0,31-01-2025 15:55:20.441,January,Placed In,225
H- E,ps,31-01-2025,-,-,-,0,31-01-2025 15:56:56.121,January,Heater Door Opened,225
H- E,ps,31-01-2025,,,R3,0,31-01-2025 15:56:56.927,January,Test Started,225
H- E,ps,31-01-2025,L3,Loading,R3,0,31-01-2025 15:57:03.679,January,Picked From,225
H- E,ps,31-01-2025,H3,Heating,R3,0,31-01-2025 15:57:10.381,January,Placed In,225
H- E,ps,31-01-2025,-,-,-,0,31-01-2025 15:57:10.909,January,Heater Door Closed,225
H- E,ps,31-01-2025,-,-,-,35,31-01-2025 15:57:11.235,January,Device temperature ,225
H- E,ps,31-01-2025,-,-,-,35,31-01-2025 15:57:16.401,January,Device temperature ,225
H- E,ps,31-01-2025,-,-,-,34,31-01-2025 15:57:21.569,January,Device temperature ,225
H- E,ps,31-01-2025,-,-,-,35,31-01-2025 15:57:26.735,January,Device temperature ,225
H- E,ps,31-01-2025,-,-,-,35,31-01-2025 15:57:31.934,January,Device temperature ,225
H- E,ps,31-01-2025,-,-,-,35,31-01-2025 15:57:37.113,January,Device temperature ,225
H- E,ps,31-01-2025,-,-,-,35,31-01-2025 15:57:42.301,January,Device temperature ,225
H- E,ps,31-01-2025,-,-,-,35,31-01-2025 15:57:47.470,January,Device temperature ,225
H- E,ps,31-01-2025,-,-,-,35,31-01-2025 15:57:52.641,January,Device temperature ,225
H- E,ps,31-01-2025,-,-,-,35,31-01-2025 15:57:57.820,January,Device temperature ,225
H- E,ps,31-01-2025,-,-,-,36,31-01-2025 15:58:03.005,January,Device temperature ,225
H- E,ps,31-01-2025,-,-,-,36,31-01-2025 15:58:08.186,January,Device temperature ,225
H- E,ps,31-01-2025,-,-,-,36,31-01-2025 15:58:13.358,January,Device temperature ,225
H- E,ps,31-01-2025,-,-,-,35,31-01-2025 15:58:18.525,January,Device temperature ,225
H- E,ps,31-01-2025,-,-,-,35,31-01-2025 15:58:23.691,January,Device temperature ,225
H- E,ps,31-01-2025,-,-,-,36,31-01-2025 15:58:28.865,January,Device temperature ,225
H- E,ps,31-01-2025,-,-,-,35,31-01-2025 15:58:34.065,January,Device temperature ,225
H- E,ps,31-01-2025,-,-,-,36,31-01-2025 15:58:39.259,January,Device temperature ,225
H- E,ps,31-01-2025,-,-,-,36,31-01-2025 15:58:44.430,January,Device temperature ,225
H- E,ps,31-01-2025,-,-,-,36,31-01-2025 15:58:49.595,January,Device temperature ,225
H- E,ps,31-01-2025,-,-,-,36,31-01-2025 15:58:54.771,January,Device temperature ,225
H- E,ps,31-01-2025,-,-,-,36,31-01-2025 15:58:59.951,January,Device temperature ,225
H- E,ps,31-01-2025,-,-,-,36,31-01-2025 15:59:05.131,January,Device temperature ,225
H- E,ps,31-01-2025,-,-,-,36,31-01-2025 15:59:10.291,January,Device temperature ,225
H- E,ps,31-01-2025,-,-,-,36,31-01-2025 15:59:15.445,January,Device temperature ,225
H- E,ps,31-01-2025,-,-,-,36,31-01-2025 15:59:20.625,January,Device temperature ,225
H- E,ps,31-01-2025,-,-,-,36,31-01-2025 15:59:25.791,January,Device temperature ,225
H- E,ps,31-01-2025,-,-,-,36,31-01-2025 15:59:30.961,January,Device temperature ,225
H- E,ps,31-01-2025,-,-,-,36,31-01-2025 15:59:36.146,January,Device temperature ,225
H- E,ps,31-01-2025,-,-,-,36,31-01-2025 15:59:41.322,January,Device temperature ,225
H- E,ps,31-01-2025,-,-,-,36,31-01-2025 15:59:46.484,January,Device temperature ,225
H- E,ps,31-01-2025,-,-,-,36,31-01-2025 15:59:51.654,January,Device temperature ,225
H- E,ps,31-01-2025,-,-,-,36,31-01-2025 15:59:56.840,January,Device temperature ,225
H- E,ps,31-01-2025,-,-,-,36,31-01-2025 16:00:02.001,January,Device temperature ,225
H- E,ps,31-01-2025,J1,XYLENE-1,R1,0,31-01-2025 16:00:28.296,January,Picked From,225
H- E,ps,31-01-2025,J2,XYLENE-2,R1,0,31-01-2025 16:00:34.513,January,Placed In,225
H- E,ps,31-01-2025,J2,XYLENE-2,R1,0,31-01-2025 16:05:41.404,January,Picked From,225
H- E,ps,31-01-2025,J3,XYLENE-3,R1,0,31-01-2025 16:05:47.634,January,Placed In,225
H- E,ps,31-01-2025,-,-,-,0,31-01-2025 16:06:10.088,January,Heater Door Opened,225
H- E,ps,31-01-2025,H2,Heating,R2,0,31-01-2025 16:06:17.501,January,Picked From,225
H- E,ps,31-01-2025,-,-,-,0,31-01-2025 16:06:18.027,January,Heater Door Closed,225
H- E,ps,31-01-2025,J1,XYLENE-1,R2,0,31-01-2025 16:06:24.930,January,Placed In,225
H- E,ps,31-01-2025,-,-,-,0,31-01-2025 16:08:03.463,January,Heater Door Opened,225
H- E,ps,31-01-2025,L1,-,-,0,31-01-2025 16:08:07.914,January,Liquid Level - 343,225
H- E,ps,31-01-2025,L2,-,-,0,31-01-2025 16:08:10.807,January,Liquid Level - 352,225
H- E,ps,31-01-2025,L3,-,-,0,31-01-2025 16:08:13.483,January,Liquid Level - 343,225
H- E,ps,31-01-2025,-,-,-,0,31-01-2025 16:08:24.916,January,Home Reached,225
H- E,ps,31-01-2025,-,-,-,0,31-01-2025 16:08:27.183,January,Home Reached,225
H- E,ps,31-01-2025,,,R4,0,31-01-2025 16:08:30.201,January,Test Started,225
H- E,ps,31-01-2025,L1,Loading,R4,0,31-01-2025 16:08:41.440,January,Picked From,225
H- E,ps,31-01-2025,H1,Heating,R4,0,31-01-2025 16:08:48.679,January,Placed In,225
H- E,ps,31-01-2025,-,-,-,0,31-01-2025 16:08:49.221,January,Heater Door Closed,225
H- E,ps,31-01-2025,-,-,-,36,31-01-2025 16:08:49.575,January,Device temperature ,225
H- E,ps,31-01-2025,-,-,-,36,31-01-2025 16:08:54.741,January,Device temperature ,225
H- E,ps,31-01-2025,-,-,-,36,31-01-2025 16:08:59.914,January,Device temperature ,225
H- E,ps,31-01-2025,-,-,-,37,31-01-2025 16:09:05.087,January,Device temperature ,225
H- E,ps,31-01-2025,-,-,-,36,31-01-2025 16:09:10.251,January,Device temperature ,225
H- E,ps,31-01-2025,-,-,-,37,31-01-2025 16:09:15.436,January,Device temperature ,225
H- E,ps,31-01-2025,-,-,-,37,31-01-2025 16:09:20.600,January,Device temperature ,225
H- E,ps,31-01-2025,-,-,-,37,31-01-2025 16:09:25.778,January,Device temperature ,225
H- E,ps,31-01-2025,-,-,-,37,31-01-2025 16:09:30.946,January,Device temperature ,225
H- E,ps,31-01-2025,-,-,-,37,31-01-2025 16:09:36.117,January,Device temperature ,225
H- E,ps,31-01-2025,-,-,-,37,31-01-2025 16:09:41.283,January,Device temperature ,225
H- E,ps,31-01-2025,-,-,-,37,31-01-2025 16:09:46.470,January,Device temperature ,225
H- E,ps,31-01-2025,-,-,-,37,31-01-2025 16:09:51.647,January,Device temperature ,225
H- E,ps,31-01-2025,-,-,-,37,31-01-2025 16:09:56.820,January,Device temperature ,225
H- E,ps,31-01-2025,-,-,-,37,31-01-2025 16:10:01.987,January,Device temperature ,225
H- E,ps,31-01-2025,-,-,-,37,31-01-2025 16:10:07.160,January,Device temperature ,225
H- E,ps,31-01-2025,-,-,-,37,31-01-2025 16:10:12.337,January,Device temperature ,225
H- E,ps,31-01-2025,-,-,-,37,31-01-2025 16:10:17.511,January,Device temperature ,225
H- E,ps,31-01-2025,-,-,-,37,31-01-2025 16:10:22.677,January,Device temperature ,225
H- E,ps,31-01-2025,-,-,-,37,31-01-2025 16:10:27.859,January,Device temperature ,225
H- E,ps,31-01-2025,J3,XYLENE-3,R1,0,31-01-2025 16:10:55.193,January,Picked From,225
H- E,ps,31-01-2025,J4,100 % Alcohol,R1,0,31-01-2025 16:11:01.425,January,Placed In,225
H- E,ps,31-01-2025,J1,XYLENE-1,R2,0,31-01-2025 16:11:32.192,January,Picked From,225
H- E,ps,31-01-2025,J2,XYLENE-2,R2,0,31-01-2025 16:11:38.390,January,Placed In,225
H- E,ps,31-01-2025,J4,100 % Alcohol,R1,0,31-01-2025 16:14:09.009,January,Picked From,225
H- E,ps,31-01-2025,J5,70%Alcohol,R1,0,31-01-2025 16:14:15.265,January,Placed In,225
H- E,ps,31-01-2025,J2,XYLENE-2,R2,0,31-01-2025 16:16:46.255,January,Picked From,225
H- E,ps,31-01-2025,J3,XYLENE-3,R2,0,31-01-2025 16:16:52.429,January,Placed In,225
H- E,ps,31-01-2025,-,-,-,0,31-01-2025 16:17:11.937,January,Heater Door Opened,225
H- E,ps,31-01-2025,H3,Heating,R3,0,31-01-2025 16:17:19.300,January,Picked From,225
H- E,ps,31-01-2025,-,-,-,0,31-01-2025 16:17:19.827,January,Heater Door Closed,225
H- E,ps,31-01-2025,J1,XYLENE-1,R3,0,31-01-2025 16:17:26.679,January,Placed In,225
H- E,ps,31-01-2025,J5,70%Alcohol,R1,0,31-01-2025 16:17:38.363,January,Picked From,225
H- E,ps,31-01-2025,J6,50% Alcohol,R1,0,31-01-2025 16:17:44.554,January,Placed In,225
H- E,ps,31-01-2025,-,-,-,0,31-01-2025 16:19:36.519,January,Heater Door Opened,225
H- E,ps,31-01-2025,,,R5,0,31-01-2025 16:19:37.289,January,Test Started,225
H- E,ps,31-01-2025,L2,Loading,R5,0,31-01-2025 16:19:44.506,January,Picked From,225
H- E,ps,31-01-2025,H2,Heating,R5,0,31-01-2025 16:19:51.258,January,Placed In,225
H- E,ps,31-01-2025,-,-,-,0,31-01-2025 16:19:51.785,January,Heater Door Closed,225
H- E,ps,31-01-2025,-,-,-,37,31-01-2025 16:19:52.110,January,Device temperature ,225
H- E,ps,31-01-2025,-,-,-,37,31-01-2025 16:19:57.282,January,Device temperature ,225
H- E,ps,31-01-2025,-,-,-,37,31-01-2025 16:20:02.457,January,Device temperature ,225
H- E,ps,31-01-2025,-,-,-,37,31-01-2025 16:20:07.676,January,Device temperature ,225
H- E,ps,31-01-2025,-,-,-,37,31-01-2025 16:20:12.839,January,Device temperature ,225
H- E,ps,31-01-2025,-,-,-,37,31-01-2025 16:20:18.004,January,Device temperature ,225
H- E,ps,31-01-2025,-,-,-,38,31-01-2025 16:20:23.199,January,Device temperature ,225
H- E,ps,31-01-2025,W1,Tap Water,--,0,31-01-2025 16:20:27.224,January,Water Valve : 1 is On,225
H- E,ps,31-01-2025,J6,50% Alcohol,R1,0,31-01-2025 16:20:54.132,January,Picked From,225
H- E,ps,31-01-2025,W1,Running TAP Water,R1,0,31-01-2025 16:21:01.393,January,Placed In,225
H- E,ps,31-01-2025,J3,XYLENE-3,R2,0,31-01-2025 16:22:02.325,January,Picked From,225
H- E,ps,31-01-2025,J4,100 % Alcohol,R2,0,31-01-2025 16:22:08.580,January,Placed In,225
H- E,ps,31-01-2025,J1,XYLENE-1,R3,0,31-01-2025 16:22:34.681,January,Picked From,225
H- E,ps,31-01-2025,J2,XYLENE-2,R3,0,31-01-2025 16:22:40.896,January,Placed In,225
H- E,ps,31-01-2025,W1,Tap Water,--,0,31-01-2025 16:24:20.354,January,Water Valve : 1 is Off,225
H- E,ps,31-01-2025,W1,Running TAP Water,R1,0,31-01-2025 16:24:29.838,January,Picked From,225
H- E,ps,31-01-2025,J8,Hematoxin,R1,0,31-01-2025 16:24:36.599,January,Placed In,225
H- E,ps,31-01-2025,J4,100 % Alcohol,R2,0,31-01-2025 16:25:16.554,January,Picked From,225
H- E,ps,31-01-2025,J5,70%Alcohol,R2,0,31-01-2025 16:25:22.766,January,Placed In,225
H- E,ps,31-01-2025,J2,XYLENE-2,R3,0,31-01-2025 16:27:48.598,January,Picked From,225
H- E,ps,31-01-2025,J3,XYLENE-3,R3,0,31-01-2025 16:27:54.804,January,Placed In,225
H- E,ps,31-01-2025,J5,70%Alcohol,R2,0,31-01-2025 16:28:30.380,January,Picked From,225
H- E,ps,31-01-2025,J6,50% Alcohol,R2,0,31-01-2025 16:28:36.611,January,Placed In,225
H- E,ps,31-01-2025,-,-,-,0,31-01-2025 16:28:49.492,January,Heater Door Opened,225
H- E,ps,31-01-2025,H1,Heating,R4,0,31-01-2025 16:28:58.425,January,Picked From,225
H- E,ps,31-01-2025,-,-,-,0,31-01-2025 16:28:58.946,January,Heater Door Closed,225
H- E,ps,31-01-2025,J1,XYLENE-1,R4,0,31-01-2025 16:29:05.836,January,Placed In,225
H- E,ps,31-01-2025,-,-,-,0,31-01-2025 16:30:39.186,January,Heater Door Opened,225
H- E,ps,31-01-2025,,,R6,0,31-01-2025 16:30:39.894,January,Test Started,225
H- E,ps,31-01-2025,L3,Loading,R6,0,31-01-2025 16:30:46.891,January,Picked From,225
H- E,ps,31-01-2025,H3,Heating,R6,0,31-01-2025 16:30:53.849,January,Placed In,225
H- E,ps,31-01-2025,-,-,-,0,31-01-2025 16:30:54.369,January,Heater Door Closed,225
H- E,ps,31-01-2025,-,-,-,38,31-01-2025 16:30:54.708,January,Device temperature ,225
H- E,ps,31-01-2025,-,-,-,38,31-01-2025 16:30:59.880,January,Device temperature ,225
H- E,ps,31-01-2025,-,-,-,38,31-01-2025 16:31:05.051,January,Device temperature ,225
H- E,ps,31-01-2025,-,-,-,38,31-01-2025 16:31:10.322,January,Device temperature ,225
H- E,ps,31-01-2025,-,-,-,38,31-01-2025 16:31:15.508,January,Device temperature ,225
H- E,ps,31-01-2025,W1,Tap Water,--,0,31-01-2025 16:31:19.303,January,Water Valve : 1 is On,225
H- E,ps,31-01-2025,J6,50% Alcohol,R2,0,31-01-2025 16:31:46.149,January,Picked From,225
H- E,ps,31-01-2025,W1,Running TAP Water,R2,0,31-01-2025 16:31:53.388,January,Placed In,225
H- E,ps,31-01-2025,W2,Tap Water,--,0,31-01-2025 16:32:19.488,January,Water Valve : 2 is On,225
H- E,ps,31-01-2025,J8,Hematoxin,R1,0,31-01-2025 16:32:44.310,January,Picked From,225
H- E,ps,31-01-2025,W2,Running TAP Water,R1,0,31-01-2025 16:32:51.045,January,Placed In,225
H- E,ps,31-01-2025,J3,XYLENE-3,R3,0,31-01-2025 16:33:04.747,January,Picked From,225
H- E,ps,31-01-2025,J4,100 % Alcohol,R3,0,31-01-2025 16:33:10.959,January,Placed In,225
H- E,ps,31-01-2025,J1,XYLENE-1,R4,0,31-01-2025 16:34:12.812,January,Picked From,225
H- E,ps,31-01-2025,J2,XYLENE-2,R4,0,31-01-2025 16:34:19.012,January,Placed In,225
H- E,ps,31-01-2025,W1,Tap Water,--,0,31-01-2025 16:34:54.793,January,Water Valve : 1 is Off,225
H- E,ps,31-01-2025,W1,Tap Water,--,0,31-01-2025 16:35:00.683,January,,225
H- E,ps,31-01-2025,-,-,-,0,31-01-2025 16:40:28.328,January,Heater Switched Off ,225
H- E,ps,31-01-2025,W1,Tap Water,--,0,31-01-2025 16:40:29.323,January,Water Valve : 1 is Off,225
H- E,ps,31-01-2025,W3,Tap Water,--,0,31-01-2025 16:40:29.973,January,Water Valve : 3 is On,225
H- E,ps,31-01-2025,W4,Tap Water,--,0,31-01-2025 16:40:30.642,January,Water Valve : 4 is On,225
H- E,ps,31-01-2025,W5,Tap Water,--,0,31-01-2025 16:40:31.313,January,Water Valve : 5 is On,225
H- E,ps,31-01-2025,W6,Tap Water,--,0,31-01-2025 16:40:31.992,January,Water Valve : 6 is On,225
H- E,ps,31-01-2025,-,-,-,0,31-01-2025 16:40:32.665,January,Home Reached,225
H- E,ps,31-01-2025,-,-,-,0,31-01-2025 16:40:45.633,January,Home Reached,225
H- E,ps,31-01-2025,-,-,-,0,31-01-2025 16:40:48.106,January,Home Reached,225
H- E,ps,31-01-2025,U1,-,-,0,31-01-2025 16:40:54.923,January,Liquid Level - 3121,225
,ps,31-01-2025,-,-,-,35,31-01-2025 17:11:32.745,January,35 - Temperature set to device,0
Water valve,ps,31-01-2025,W1,Tap Water,--,0,31-01-2025 17:11:39.000,January,Water Valve : 1 is On,0
Water valve,ps,31-01-2025,W2,Tap Water,--,0,31-01-2025 17:11:39.514,January,Water Valve : 2 is On,0
Water valve,ps,31-01-2025,W3,Tap Water,--,0,31-01-2025 17:11:40.179,January,Water Valve : 3 is On,0
Water valve,ps,31-01-2025,W4,Tap Water,--,0,31-01-2025 17:11:40.846,January,Water Valve : 4 is On,0
Water valve,ps,31-01-2025,W5,Tap Water,--,0,31-01-2025 17:11:41.521,January,Water Valve : 5 is On,0
Water valve,ps,31-01-2025,W6,Tap Water,--,0,31-01-2025 17:11:42.198,January,Water Valve : 6 is On,0
Water valve,ps,31-01-2025,-,-,-,0,31-01-2025 17:11:44.231,January,Home Reached,0
Water valve,ps,31-01-2025,-,-,-,0,31-01-2025 17:11:49.943,January,Home Reached,0
Water valve,ps,31-01-2025,-,-,-,0,31-01-2025 17:11:52.277,January,Home Reached,0
Water valve,ps,31-01-2025,U1,-,-,0,31-01-2025 17:11:59.129,January,Liquid Level - 3079,0
Water valve,ps,31-01-2025,U2,-,-,0,31-01-2025 17:12:01.933,January,Liquid Level - 3074,0
Water valve,ps,31-01-2025,U3,-,-,0,31-01-2025 17:12:04.655,January,Liquid Level - 3077,0
Water valve,ps,31-01-2025,U4,-,-,0,31-01-2025 17:12:07.324,January,Liquid Level - 3067,0
Water valve,ps,31-01-2025,U5,-,-,0,31-01-2025 17:12:10.007,January,Liquid Level - 3067,0
Water valve,ps,31-01-2025,U6,-,-,0,31-01-2025 17:12:12.688,January,Liquid Level - 3079,0
Water valve,ps,31-01-2025,J1,-,-,0,31-01-2025 17:12:18.606,January,Liquid Level - 3074,0
Water valve,ps,31-01-2025,J2,-,-,0,31-01-2025 17:12:21.553,January,Liquid Level - 3077,0
Water valve,ps,31-01-2025,J3,-,-,0,31-01-2025 17:12:24.218,January,Liquid Level - 3082,0
Water valve,ps,31-01-2025,J4,-,-,0,31-01-2025 17:12:26.889,January,Liquid Level - 3082,0
Water valve,ps,31-01-2025,J5,-,-,0,31-01-2025 17:12:29.560,January,Liquid Level - 3091,0
Water valve,ps,31-01-2025,J6,-,-,0,31-01-2025 17:12:32.262,January,Liquid Level - 3082,0
Water valve,ps,31-01-2025,J7,-,-,0,31-01-2025 17:12:34.936,January,Liquid Level - 3081,0
Water valve,ps,31-01-2025,J8,-,-,0,31-01-2025 17:12:37.621,January,Liquid Level - 3085,0
Water valve,ps,31-01-2025,J9,-,-,0,31-01-2025 17:12:40.328,January,Liquid Level - 3094,0
Water valve,ps,31-01-2025,J10,-,-,0,31-01-2025 17:12:44.242,January,Liquid Level - 3077,0
Water valve,ps,31-01-2025,J11,-,-,0,31-01-2025 17:12:46.740,January,Liquid Level - 3076,0
Water valve,ps,31-01-2025,J12,-,-,0,31-01-2025 17:12:49.423,January,Liquid Level - 3080,0
Water valve,ps,31-01-2025,J13,-,-,0,31-01-2025 17:12:52.083,January,Liquid Level - 3067,0
Water valve,ps,31-01-2025,J14,-,-,0,31-01-2025 17:12:55.020,January,Liquid Level - 3042,0
Water valve,ps,31-01-2025,J15,-,-,0,31-01-2025 17:12:58.057,January,Liquid Level - 3096,0
Water valve,ps,31-01-2025,J16,-,-,0,31-01-2025 17:13:00.690,January,Liquid Level - 3087,0
Water valve,ps,31-01-2025,J17,-,-,0,31-01-2025 17:13:03.394,January,Liquid Level - 3089,0
Water valve,ps,31-01-2025,J18,-,-,0,31-01-2025 17:13:07.288,January,Liquid Level - 3094,0
Water valve,ps,31-01-2025,J19,-,-,0,31-01-2025 17:13:10.244,January,Liquid Level - 3069,0
Water valve,ps,31-01-2025,J20,-,-,0,31-01-2025 17:13:12.960,January,Liquid Level - 3059,0
Water valve,ps,31-01-2025,J21,-,-,0,31-01-2025 17:13:15.656,January,Liquid Level - 3091,0
Water valve,ps,31-01-2025,J22,-,-,0,31-01-2025 17:13:18.303,January,Liquid Level - 3095,0
Water valve,ps,31-01-2025,J23,-,-,0,31-01-2025 17:13:21.000,January,Liquid Level - 3089,0
Water valve,ps,31-01-2025,J24,-,-,0,31-01-2025 17:13:23.685,January,Liquid Level - 3093,0
Water valve,ps,31-01-2025,J25,-,-,0,31-01-2025 17:13:26.339,January,Liquid Level - 3088,0
Water valve,ps,31-01-2025,J26,-,-,0,31-01-2025 17:13:29.016,January,Liquid Level - 3091,0
Water valve,ps,31-01-2025,J27,-,-,0,31-01-2025 17:13:32.521,January,Liquid Level - 3139,0
Water valve,ps,31-01-2025,J28,-,-,0,31-01-2025 17:13:35.386,January,Liquid Level - 3149,0
Water valve,ps,31-01-2025,J29,-,-,0,31-01-2025 17:13:38.062,January,Liquid Level - 3115,0
Water valve,ps,31-01-2025,J30,-,-,0,31-01-2025 17:13:40.775,January,Liquid Level - 3121,0
Water valve,ps,31-01-2025,J31,-,-,0,31-01-2025 17:13:43.464,January,Liquid Level - 3114,0
Water valve,ps,31-01-2025,J32,-,-,0,31-01-2025 17:13:46.146,January,Liquid Level - 3109,0
Water valve,ps,31-01-2025,J33,-,-,0,31-01-2025 17:13:51.250,January,Liquid Level - 3066,0
Water valve,ps,31-01-2025,W1,-,-,0,31-01-2025 17:13:56.114,January,Liquid Level - 3073,0
Water valve,ps,31-01-2025,W2,-,-,0,31-01-2025 17:13:58.785,January,Liquid Level - 3067,0
Water valve,ps,31-01-2025,W3,-,-,0,31-01-2025 17:14:01.476,January,Liquid Level - 3067,0
Water valve,ps,31-01-2025,W4,-,-,0,31-01-2025 17:14:04.329,January,Liquid Level - 3073,0
Water valve,ps,31-01-2025,W5,-,-,0,31-01-2025 17:14:06.850,January,Liquid Level - 3072,0
Water valve,ps,31-01-2025,W6,-,-,0,31-01-2025 17:14:09.541,January,Liquid Level - 3072,0
Water valve,ps,31-01-2025,H1,-,-,0,31-01-2025 17:14:16.297,January,Liquid Level - 4095,0
Water valve,ps,31-01-2025,H2,-,-,0,31-01-2025 17:14:19.103,January,Liquid Level - 4095,0
Water valve,ps,31-01-2025,H3,-,-,0,31-01-2025 17:14:21.793,January,Liquid Level - 4095,0
Water valve,ps,31-01-2025,-,-,-,0,31-01-2025 17:14:34.517,January,Home Reached,0
Water valve,ps,31-01-2025,-,-,-,0,31-01-2025 17:14:37.741,January,Home Reached,0
H- E,ps,31-01-2025,-,-,-,0,31-01-2025 17:14:50.443,January,Protorun Started,226
H- E,ps,31-01-2025,-,-,-,30,31-01-2025 17:15:01.190,January,30 - Temperature set to device,226
H- E,ps,31-01-2025,-,-,-,0,31-01-2025 17:15:02.359,January,Heater Switched On ,226
H- E,ps,31-01-2025,-,-,-,0,31-01-2025 17:15:03.678,January,Heater Door Closed,226
H- E,ps,31-01-2025,-,-,-,35,31-01-2025 17:15:04.005,January,Device temperature ,226
H- E,ps,31-01-2025,W1,Tap Water,--,0,31-01-2025 17:15:09.183,January,Water Valve : 1 is Off,226
H- E,ps,31-01-2025,W2,Tap Water,--,0,31-01-2025 17:15:09.854,January,Water Valve : 2 is Off,226
H- E,ps,31-01-2025,W3,Tap Water,--,0,31-01-2025 17:15:10.519,January,Water Valve : 3 is Off,226
H- E,ps,31-01-2025,W4,Tap Water,--,0,31-01-2025 17:15:11.217,January,Water Valve : 4 is Off,226
H- E,ps,31-01-2025,W5,Tap Water,--,0,31-01-2025 17:15:11.896,January,Water Valve : 5 is Off,226
H- E,ps,31-01-2025,W6,Tap Water,--,0,31-01-2025 17:15:12.575,January,Water Valve : 6 is Off,226
H- E,ps,31-01-2025,-,-,-,0,31-01-2025 17:15:14.046,January,Home Reached,226
H- E,ps,31-01-2025,-,-,-,0,31-01-2025 17:15:16.434,January,Home Reached,226
H- E,ps,31-01-2025,H1,-,-,0,31-01-2025 17:15:28.046,January,Liquid Level - 4095,226
H- E,ps,31-01-2025,H2,-,-,0,31-01-2025 17:15:30.813,January,Liquid Level - 4095,226
H- E,ps,31-01-2025,H3,-,-,0,31-01-2025 17:15:33.497,January,Liquid Level - 4095,226
H- E,ps,31-01-2025,L1,-,-,0,31-01-2025 17:15:37.314,January,Liquid Level - 327,226
H- E,ps,31-01-2025,L2,-,-,0,31-01-2025 17:15:40.206,January,Liquid Level - 319,226
H- E,ps,31-01-2025,L3,-,-,0,31-01-2025 17:15:42.879,January,Liquid Level - 289,226
H- E,ps,31-01-2025,-,-,-,0,31-01-2025 17:15:54.323,January,Home Reached,226
H- E,ps,31-01-2025,-,-,-,0,31-01-2025 17:15:56.943,January,Home Reached,226
H- E,ps,31-01-2025,,,R1,0,31-01-2025 17:15:59.961,January,Test Started,226
H- E,ps,31-01-2025,L1,Loading,R1,0,31-01-2025 17:16:11.231,January,Picked From,226
H- E,ps,31-01-2025,H1,Heating,R1,0,31-01-2025 17:16:18.505,January,Placed In,226
H- E,ps,31-01-2025,-,-,-,0,31-01-2025 17:16:19.033,January,Heater Door Closed,226
H- E,ps,31-01-2025,-,-,-,34,31-01-2025 17:16:19.360,January,Device temperature ,226
H- E,ps,31-01-2025,-,-,-,34,31-01-2025 17:16:24.522,January,Device temperature ,226
H- E,ps,31-01-2025,-,-,-,34,31-01-2025 17:16:29.691,January,Device temperature ,226
H- E,ps,31-01-2025,-,-,-,34,31-01-2025 17:16:34.898,January,Device temperature ,226
H- E,ps,31-01-2025,-,-,-,35,31-01-2025 17:16:40.084,January,Device temperature ,226
H- E,ps,31-01-2025,-,-,-,35,31-01-2025 17:16:45.251,January,Device temperature ,226
H- E,ps,31-01-2025,-,-,-,35,31-01-2025 17:16:50.431,January,Device temperature ,226
H- E,ps,31-01-2025,-,-,-,35,31-01-2025 17:16:55.604,January,Device temperature ,226
H- E,ps,31-01-2025,-,-,-,35,31-01-2025 17:17:00.772,January,Device temperature ,226
H- E,ps,31-01-2025,-,-,-,0,31-01-2025 17:17:05.488,January,Heater Door Opened,226
H- E,ps,31-01-2025,,,R2,0,31-01-2025 17:17:06.183,January,Test Started,226
H- E,ps,31-01-2025,L2,Loading,R2,0,31-01-2025 17:17:13.416,January,Picked From,226
H- E,ps,31-01-2025,H2,Heating,R2,0,31-01-2025 17:17:20.655,January,Placed In,226
H- E,ps,31-01-2025,-,-,-,0,31-01-2025 17:17:21.173,January,Heater Door Closed,226
H- E,ps,31-01-2025,-,-,-,34,31-01-2025 17:17:21.498,January,Device temperature ,226
H- E,ps,31-01-2025,-,-,-,35,31-01-2025 17:17:26.654,January,Device temperature ,226
H- E,ps,31-01-2025,-,-,-,35,31-01-2025 17:17:31.821,January,Device temperature ,226
H- E,ps,31-01-2025,-,-,-,34,31-01-2025 17:17:36.990,January,Device temperature ,226
H- E,ps,31-01-2025,-,-,-,35,31-01-2025 17:17:42.156,January,Device temperature ,226
H- E,ps,31-01-2025,-,-,-,0,31-01-2025 17:17:47.433,January,Heater Switched Off ,226
H- E,ps,31-01-2025,W1,Tap Water,--,0,31-01-2025 17:17:48.424,January,Water Valve : 1 is Off,226
H- E,ps,31-01-2025,W2,Tap Water,--,0,31-01-2025 17:17:49.095,January,Water Valve : 2 is Off,226
H- E,ps,31-01-2025,W3,Tap Water,--,0,31-01-2025 17:17:49.775,January,Water Valve : 3 is Off,226
H- E,ps,31-01-2025,W4,Tap Water,--,0,31-01-2025 17:17:50.453,January,Water Valve : 4 is Off,226
H- E,ps,31-01-2025,W5,Tap Water,--,0,31-01-2025 17:17:51.137,January,Water Valve : 5 is Off,226
H- E,ps,31-01-2025,W6,Tap Water,--,0,31-01-2025 17:17:51.804,January,Water Valve : 6 is Off,226
H- E,ps,31-01-2025,-,-,-,0,31-01-2025 17:17:52.305,January,Protorun Stopped,226
H- E,ps,31-01-2025,-,-,-,0,31-01-2025 17:18:46.695,January,Protorun Started,227
H- E,ps,31-01-2025,-,-,-,30,31-01-2025 17:18:57.234,January,30 - Temperature set to device,227
H- E,ps,31-01-2025,-,-,-,0,31-01-2025 17:18:58.398,January,Heater Switched On ,227
H- E,ps,31-01-2025,-,-,-,0,31-01-2025 17:18:59.702,January,Heater Door Closed,227
H- E,ps,31-01-2025,-,-,-,35,31-01-2025 17:19:00.058,January,Device temperature ,227
H- E,ps,31-01-2025,W1,Tap Water,--,0,31-01-2025 17:19:05.221,January,Water Valve : 1 is Off,227
H- E,ps,31-01-2025,W2,Tap Water,--,0,31-01-2025 17:19:05.894,January,Water Valve : 2 is Off,227
H- E,ps,31-01-2025,W3,Tap Water,--,0,31-01-2025 17:19:06.584,January,Water Valve : 3 is Off,227
H- E,ps,31-01-2025,W4,Tap Water,--,0,31-01-2025 17:19:07.257,January,Water Valve : 4 is Off,227
H- E,ps,31-01-2025,W5,Tap Water,--,0,31-01-2025 17:19:07.920,January,Water Valve : 5 is Off,227
H- E,ps,31-01-2025,W6,Tap Water,--,0,31-01-2025 17:19:08.586,January,Water Valve : 6 is Off,227
H- E,ps,31-01-2025,-,-,-,0,31-01-2025 17:19:21.806,January,Home Reached,227
H- E,ps,31-01-2025,-,-,-,0,31-01-2025 17:19:24.049,January,Home Reached,227
H- E,ps,31-01-2025,H1,-,-,0,31-01-2025 17:19:35.668,January,Liquid Level - 4095,227
H- E,ps,31-01-2025,-,-,-,0,31-01-2025 17:20:06.482,January,Heater Switched Off ,227
H- E,ps,31-01-2025,W1,Tap Water,--,0,31-01-2025 17:20:07.455,January,Water Valve : 1 is Off,227
H- E,ps,31-01-2025,W2,Tap Water,--,0,31-01-2025 17:20:08.149,January,Water Valve : 2 is Off,227
H- E,ps,31-01-2025,W3,Tap Water,--,0,31-01-2025 17:20:08.895,January,Water Valve : 3 is Off,227
H- E,ps,31-01-2025,W4,Tap Water,--,0,31-01-2025 17:20:09.579,January,Water Valve : 4 is Off,227
H- E,ps,31-01-2025,-,-,-,0,31-01-2025 17:20:54.039,January,Protorun Started,228
H- E,ps,31-01-2025,-,-,-,30,31-01-2025 17:21:04.975,January,30 - Temperature set to device,228
H- E,ps,31-01-2025,-,-,-,0,31-01-2025 17:21:06.127,January,Heater Switched On ,228
H- E,ps,31-01-2025,-,-,-,0,31-01-2025 17:21:07.457,January,Heater Door Closed,228
H- E,ps,31-01-2025,-,-,-,34,31-01-2025 17:21:07.782,January,Device temperature ,228
H- E,ps,31-01-2025,W1,Tap Water,--,0,31-01-2025 17:21:12.956,January,Water Valve : 1 is Off,228
H- E,ps,31-01-2025,W2,Tap Water,--,0,31-01-2025 17:21:13.649,January,Water Valve : 2 is Off,228
H- E,ps,31-01-2025,W3,Tap Water,--,0,31-01-2025 17:21:14.339,January,Water Valve : 3 is Off,228
H- E,ps,31-01-2025,W4,Tap Water,--,0,31-01-2025 17:21:14.981,January,Water Valve : 4 is Off,228
H- E,ps,31-01-2025,W5,Tap Water,--,0,31-01-2025 17:21:15.635,January,Water Valve : 5 is Off,228
H- E,ps,31-01-2025,W6,Tap Water,--,0,31-01-2025 17:21:16.299,January,Water Valve : 6 is Off,228
H- E,ps,31-01-2025,-,-,-,0,31-01-2025 17:21:29.503,January,Home Reached,228
H- E,ps,31-01-2025,-,-,-,0,31-01-2025 17:21:31.732,January,Home Reached,228
H- E,ps,31-01-2025,H1,-,-,0,31-01-2025 17:21:43.361,January,Liquid Level - 4095,228
H- E,ps,31-01-2025,-,-,-,0,31-01-2025 17:22:11.197,January,Heater Switched Off ,228
H- E,ps,31-01-2025,W1,Tap Water,--,0,31-01-2025 17:22:12.254,January,Water Valve : 1 is Off,228
H- E,ps,31-01-2025,W2,Tap Water,--,0,31-01-2025 17:22:12.927,January,Water Valve : 2 is Off,228
H- E,ps,31-01-2025,W3,Tap Water,--,0,31-01-2025 17:22:13.597,January,Water Valve : 3 is Off,228
,ps,31-01-2025,-,-,-,35,31-01-2025 17:23:05.418,January,35 - Temperature set to device,0
Water valve,ps,31-01-2025,W1,Tap Water,--,0,31-01-2025 17:23:11.663,January,Water Valve : 1 is On,0
Water valve,ps,31-01-2025,W2,Tap Water,--,0,31-01-2025 17:23:12.206,January,Water Valve : 2 is On,0
Water valve,ps,31-01-2025,W3,Tap Water,--,0,31-01-2025 17:23:12.882,January,Water Valve : 3 is On,0
Water valve,ps,31-01-2025,W4,Tap Water,--,0,31-01-2025 17:23:13.561,January,Water Valve : 4 is On,0
Water valve,ps,31-01-2025,W5,Tap Water,--,0,31-01-2025 17:23:14.230,January,Water Valve : 5 is On,0
Water valve,ps,31-01-2025,W6,Tap Water,--,0,31-01-2025 17:23:14.893,January,Water Valve : 6 is On,0
Water valve,ps,31-01-2025,-,-,-,0,31-01-2025 17:23:16.955,January,Home Reached,0
Water valve,ps,31-01-2025,-,-,-,0,31-01-2025 17:23:31.738,January,Home Reached,0
Water valve,ps,31-01-2025,-,-,-,0,31-01-2025 17:23:34.010,January,Home Reached,0
Water valve,ps,31-01-2025,U1,-,-,0,31-01-2025 17:23:40.847,January,Liquid Level - 3087,0
Water valve,ps,31-01-2025,U2,-,-,0,31-01-2025 17:23:43.689,January,Liquid Level - 3083,0
Water valve,ps,31-01-2025,U3,-,-,0,31-01-2025 17:23:46.379,January,Liquid Level - 3080,0
Water valve,ps,31-01-2025,U4,-,-,0,31-01-2025 17:23:49.063,January,Liquid Level - 3074,0
Water valve,ps,31-01-2025,U5,-,-,0,31-01-2025 17:23:51.773,January,Liquid Level - 3068,0
Water valve,ps,31-01-2025,U6,-,-,0,31-01-2025 17:23:54.476,January,Liquid Level - 3082,0
Water valve,ps,31-01-2025,J1,-,-,0,31-01-2025 17:24:00.403,January,Liquid Level - 3084,0
Water valve,ps,31-01-2025,J2,-,-,0,31-01-2025 17:24:03.340,January,Liquid Level - 3086,0
Water valve,ps,31-01-2025,J3,-,-,0,31-01-2025 17:24:06.034,January,Liquid Level - 3092,0
Water valve,ps,31-01-2025,J4,-,-,0,31-01-2025 17:24:08.697,January,Liquid Level - 3087,0
Water valve,ps,31-01-2025,J5,-,-,0,31-01-2025 17:24:11.373,January,Liquid Level - 3087,0
Water valve,ps,31-01-2025,J6,-,-,0,31-01-2025 17:24:14.050,January,Liquid Level - 3082,0
Water valve,ps,31-01-2025,J7,-,-,0,31-01-2025 17:24:16.718,January,Liquid Level - 3080,0
Water valve,ps,31-01-2025,J8,-,-,0,31-01-2025 17:24:19.397,January,Liquid Level - 3085,0
Water valve,ps,31-01-2025,J9,-,-,0,31-01-2025 17:24:22.066,January,Liquid Level - 3096,0
Water valve,ps,31-01-2025,J10,-,-,0,31-01-2025 17:24:25.958,January,Liquid Level - 3078,0
Water valve,ps,31-01-2025,J11,-,-,0,31-01-2025 17:24:31.144,January,Liquid Level - 3081,0
Water valve,ps,31-01-2025,J12,-,-,0,31-01-2025 17:24:33.983,January,Liquid Level - 3084,0
Water valve,ps,31-01-2025,J13,-,-,0,31-01-2025 17:24:36.644,January,Liquid Level - 3069,0
Water valve,ps,31-01-2025,J14,-,-,0,31-01-2025 17:24:39.506,January,Liquid Level - 3042,0
Water valve,ps,31-01-2025,J15,-,-,0,31-01-2025 17:24:41.997,January,Liquid Level - 3099,0
Water valve,ps,31-01-2025,J16,-,-,0,31-01-2025 17:24:44.706,January,Liquid Level - 3088,0
Water valve,ps,31-01-2025,J17,-,-,0,31-01-2025 17:24:47.417,January,Liquid Level - 3092,0
Water valve,ps,31-01-2025,J18,-,-,0,31-01-2025 17:24:51.340,January,Liquid Level - 3089,0
Water valve,ps,31-01-2025,J19,-,-,0,31-01-2025 17:24:53.837,January,Liquid Level - 3076,0
Water valve,ps,31-01-2025,J20,-,-,0,31-01-2025 17:24:56.518,January,Liquid Level - 3059,0
Water valve,ps,31-01-2025,J21,-,-,0,31-01-2025 17:24:59.208,January,Liquid Level - 3091,0
Water valve,ps,31-01-2025,J22,-,-,0,31-01-2025 17:25:01.874,January,Liquid Level - 3098,0
Water valve,ps,31-01-2025,J23,-,-,0,31-01-2025 17:25:04.553,January,Liquid Level - 3088,0
Water valve,ps,31-01-2025,J24,-,-,0,31-01-2025 17:25:07.281,January,Liquid Level - 3095,0
Water valve,ps,31-01-2025,J25,-,-,0,31-01-2025 17:25:09.950,January,Liquid Level - 3088,0
Water valve,ps,31-01-2025,J26,-,-,0,31-01-2025 17:25:12.664,January,Liquid Level - 3096,0
Water valve,ps,31-01-2025,J27,-,-,0,31-01-2025 17:25:16.166,January,Liquid Level - 3144,0
Water valve,ps,31-01-2025,J28,-,-,0,31-01-2025 17:25:19.048,January,Liquid Level - 3150,0
Water valve,ps,31-01-2025,J29,-,-,0,31-01-2025 17:25:21.739,January,Liquid Level - 3114,0
Water valve,ps,31-01-2025,J30,-,-,0,31-01-2025 17:25:24.415,January,Liquid Level - 3115,0
Water valve,ps,31-01-2025,J31,-,-,0,31-01-2025 17:25:27.091,January,Liquid Level - 3114,0
Water valve,ps,31-01-2025,J32,-,-,0,31-01-2025 17:25:29.770,January,Liquid Level - 3111,0
Water valve,ps,31-01-2025,J33,-,-,0,31-01-2025 17:25:34.854,January,Liquid Level - 3063,0
Water valve,ps,31-01-2025,W1,-,-,0,31-01-2025 17:25:39.703,January,Liquid Level - 3073,0
Water valve,ps,31-01-2025,W2,-,-,0,31-01-2025 17:25:42.381,January,Liquid Level - 3078,0
Water valve,ps,31-01-2025,W3,-,-,0,31-01-2025 17:25:45.049,January,Liquid Level - 3059,0
Water valve,ps,31-01-2025,W4,-,-,0,31-01-2025 17:25:47.940,January,Liquid Level - 3076,0
Water valve,ps,31-01-2025,W5,-,-,0,31-01-2025 17:25:50.444,January,Liquid Level - 3071,0
Water valve,ps,31-01-2025,W6,-,-,0,31-01-2025 17:25:53.124,January,Liquid Level - 3071,0
Water valve,ps,31-01-2025,H1,-,-,0,31-01-2025 17:25:59.899,January,Liquid Level - 4095,0
Water valve,ps,31-01-2025,H2,-,-,0,31-01-2025 17:26:02.702,January,Liquid Level - 4095,0
Water valve,ps,31-01-2025,H3,-,-,0,31-01-2025 17:26:05.375,January,Liquid Level - 4095,0
Water valve,ps,31-01-2025,-,-,-,0,31-01-2025 17:26:18.111,January,Home Reached,0
Water valve,ps,31-01-2025,-,-,-,0,31-01-2025 17:26:21.324,January,Home Reached,0
H- E,ps,31-01-2025,-,-,-,0,31-01-2025 17:26:29.959,January,Protorun Started,229
H- E,ps,31-01-2025,-,-,-,30,31-01-2025 17:26:40.593,January,30 - Temperature set to device,229
H- E,ps,31-01-2025,-,-,-,0,31-01-2025 17:26:41.749,January,Heater Switched On ,229
H- E,ps,31-01-2025,-,-,-,0,31-01-2025 17:26:43.064,January,Heater Door Closed,229
H- E,ps,31-01-2025,-,-,-,34,31-01-2025 17:26:43.405,January,Device temperature ,229
H- E,ps,31-01-2025,W1,Tap Water,--,0,31-01-2025 17:26:48.579,January,Water Valve : 1 is Off,229
H- E,ps,31-01-2025,W2,Tap Water,--,0,31-01-2025 17:26:49.244,January,Water Valve : 2 is Off,229
H- E,ps,31-01-2025,W3,Tap Water,--,0,31-01-2025 17:26:49.901,January,Water Valve : 3 is Off,229
H- E,ps,31-01-2025,W4,Tap Water,--,0,31-01-2025 17:26:50.580,January,Water Valve : 4 is Off,229
H- E,ps,31-01-2025,W5,Tap Water,--,0,31-01-2025 17:26:51.262,January,Water Valve : 5 is Off,229
H- E,ps,31-01-2025,W6,Tap Water,--,0,31-01-2025 17:26:51.926,January,Water Valve : 6 is Off,229
H- E,ps,31-01-2025,-,-,-,0,31-01-2025 17:26:53.413,January,Home Reached,229
H- E,ps,31-01-2025,-,-,-,0,31-01-2025 17:26:55.781,January,Home Reached,229
H- E,ps,31-01-2025,H1,-,-,0,31-01-2025 17:27:07.423,January,Liquid Level - 4095,229
H- E,ps,31-01-2025,H2,-,-,0,31-01-2025 17:27:10.147,January,Liquid Level - 4095,229
H- E,ps,31-01-2025,H3,-,-,0,31-01-2025 17:27:12.810,January,Liquid Level - 4095,229
H- E,ps,31-01-2025,L1,-,-,0,31-01-2025 17:27:16.573,January,Liquid Level - 318,229
H- E,ps,31-01-2025,L2,-,-,0,31-01-2025 17:27:19.509,January,Liquid Level - 331,229
H- E,ps,31-01-2025,L3,-,-,0,31-01-2025 17:27:22.191,January,Liquid Level - 314,229
H- E,ps,31-01-2025,-,-,-,0,31-01-2025 17:27:33.613,January,Home Reached,229
H- E,ps,31-01-2025,-,-,-,0,31-01-2025 17:27:35.833,January,Home Reached,229
H- E,ps,31-01-2025,,,R1,0,31-01-2025 17:27:38.874,January,Test Started,229
H- E,ps,31-01-2025,L1,Loading,R1,0,31-01-2025 17:27:50.182,January,Picked From,229
H- E,ps,31-01-2025,H1,Heating,R1,0,31-01-2025 17:27:57.415,January,Placed In,229
H- E,ps,31-01-2025,-,-,-,0,31-01-2025 17:27:57.941,January,Heater Door Closed,229
H- E,ps,31-01-2025,-,-,-,34,31-01-2025 17:27:58.280,January,Device temperature ,229
H- E,ps,31-01-2025,-,-,-,34,31-01-2025 17:28:03.444,January,Device temperature ,229
H- E,ps,31-01-2025,-,-,-,34,31-01-2025 17:28:08.638,January,Device temperature ,229
H- E,ps,31-01-2025,-,-,-,34,31-01-2025 17:28:13.801,January,Device temperature ,229
H- E,ps,31-01-2025,-,-,-,34,31-01-2025 17:28:18.978,January,Device temperature ,229
H- E,ps,31-01-2025,-,-,-,34,31-01-2025 17:28:24.151,January,Device temperature ,229
H- E,ps,31-01-2025,-,-,-,34,31-01-2025 17:28:29.322,January,Device temperature ,229
H- E,ps,31-01-2025,-,-,-,34,31-01-2025 17:28:34.499,January,Device temperature ,229
H- E,ps,31-01-2025,-,-,-,35,31-01-2025 17:28:39.667,January,Device temperature ,229
H- E,ps,31-01-2025,-,-,-,35,31-01-2025 17:28:44.830,January,Device temperature ,229
H- E,ps,31-01-2025,-,-,-,35,31-01-2025 17:28:50.004,January,Device temperature ,229
H- E,ps,31-01-2025,-,-,-,35,31-01-2025 17:28:55.178,January,Device temperature ,229
H- E,ps,31-01-2025,-,-,-,35,31-01-2025 17:29:00.336,January,Device temperature ,229
H- E,ps,31-01-2025,-,-,-,35,31-01-2025 17:29:05.516,January,Device temperature ,229
H- E,ps,31-01-2025,-,-,-,35,31-01-2025 17:29:10.666,January,Device temperature ,229
H- E,ps,31-01-2025,-,-,-,35,31-01-2025 17:29:15.824,January,Device temperature ,229
H- E,ps,31-01-2025,-,-,-,35,31-01-2025 17:29:20.995,January,Device temperature ,229
H- E,ps,31-01-2025,-,-,-,35,31-01-2025 17:29:26.269,January,Device temperature ,229
H- E,ps,31-01-2025,-,-,-,34,31-01-2025 17:29:31.460,January,Device temperature ,229
H- E,ps,31-01-2025,-,-,-,35,31-01-2025 17:29:36.654,January,Device temperature ,229
H- E,ps,31-01-2025,-,-,-,35,31-01-2025 17:29:41.823,January,Device temperature ,229
H- E,ps,31-01-2025,-,-,-,35,31-01-2025 17:29:46.977,January,Device temperature ,229
H- E,ps,31-01-2025,-,-,-,35,31-01-2025 17:29:52.147,January,Device temperature ,229
H- E,ps,31-01-2025,-,-,-,35,31-01-2025 17:29:57.338,January,Device temperature ,229
H- E,ps,31-01-2025,-,-,-,35,31-01-2025 17:30:02.508,January,Device temperature ,229
H- E,ps,31-01-2025,-,-,-,35,31-01-2025 17:30:07.675,January,Device temperature ,229
H- E,ps,31-01-2025,-,-,-,35,31-01-2025 17:30:12.839,January,Device temperature ,229
H- E,ps,31-01-2025,-,-,-,35,31-01-2025 17:30:18.006,January,Device temperature ,229
H- E,ps,31-01-2025,-,-,-,35,31-01-2025 17:30:23.165,January,Device temperature ,229
H- E,ps,31-01-2025,-,-,-,35,31-01-2025 17:30:28.354,January,Device temperature ,229
H- E,ps,31-01-2025,-,-,-,35,31-01-2025 17:30:33.522,January,Device temperature ,229
H- E,ps,31-01-2025,-,-,-,35,31-01-2025 17:30:38.701,January,Device temperature ,229
H- E,ps,31-01-2025,-,-,-,35,31-01-2025 17:30:43.878,January,Device temperature ,229
H- E,ps,31-01-2025,-,-,-,35,31-01-2025 17:30:49.061,January,Device temperature ,229
H- E,ps,31-01-2025,-,-,-,35,31-01-2025 17:30:54.239,January,Device temperature ,229
H- E,ps,31-01-2025,-,-,-,35,31-01-2025 17:30:59.427,January,Device temperature ,229
H- E,ps,31-01-2025,-,-,-,35,31-01-2025 17:31:04.603,January,Device temperature ,229
H- E,ps,31-01-2025,-,-,-,35,31-01-2025 17:31:09.769,January,Device temperature ,229
H- E,ps,31-01-2025,-,-,-,35,31-01-2025 17:31:14.956,January,Device temperature ,229
H- E,ps,31-01-2025,-,-,-,35,31-01-2025 17:31:20.129,January,Device temperature ,229
H- E,ps,31-01-2025,-,-,-,35,31-01-2025 17:31:25.312,January,Device temperature ,229
H- E,ps,31-01-2025,-,-,-,35,31-01-2025 17:31:30.484,January,Device temperature ,229
H- E,ps,31-01-2025,-,-,-,35,31-01-2025 17:31:35.639,January,Device temperature ,229
H- E,ps,31-01-2025,-,-,-,35,31-01-2025 17:31:40.795,January,Device temperature ,229
H- E,ps,31-01-2025,-,-,-,35,31-01-2025 17:31:45.977,January,Device temperature ,229
H- E,ps,31-01-2025,-,-,-,35,31-01-2025 17:31:51.140,January,Device temperature ,229
H- E,ps,31-01-2025,-,-,-,35,31-01-2025 17:31:56.310,January,Device temperature ,229
H- E,ps,31-01-2025,-,-,-,34,31-01-2025 17:32:01.577,January,Device temperature ,229
H- E,ps,31-01-2025,-,-,-,35,31-01-2025 17:32:06.744,January,Device temperature ,229
H- E,ps,31-01-2025,-,-,-,35,31-01-2025 17:32:11.924,January,Device temperature ,229
H- E,ps,31-01-2025,-,-,-,35,31-01-2025 17:32:17.103,January,Device temperature ,229
H- E,ps,31-01-2025,-,-,-,35,31-01-2025 17:32:22.272,January,Device temperature ,229
H- E,ps,31-01-2025,-,-,-,35,31-01-2025 17:32:27.449,January,Device temperature ,229
H- E,ps,31-01-2025,-,-,-,35,31-01-2025 17:32:32.683,January,Device temperature ,229
H- E,ps,31-01-2025,-,-,-,35,31-01-2025 17:32:37.857,January,Device temperature ,229
H- E,ps,31-01-2025,-,-,-,35,31-01-2025 17:32:43.021,January,Device temperature ,229
H- E,ps,31-01-2025,-,-,-,0,31-01-2025 17:32:45.275,January,Heater Door Opened,229
H- E,ps,31-01-2025,,,R2,0,31-01-2025 17:32:45.942,January,Test Started,229
H- E,ps,31-01-2025,L2,Loading,R2,0,31-01-2025 17:32:52.726,January,Picked From,229
H- E,ps,31-01-2025,H2,Heating,R2,0,31-01-2025 17:32:59.494,January,Placed In,229
H- E,ps,31-01-2025,-,-,-,0,31-01-2025 17:33:00.020,January,Heater Door Closed,229
H- E,ps,31-01-2025,-,-,-,35,31-01-2025 17:33:00.345,January,Device temperature ,229
H- E,ps,31-01-2025,-,-,-,35,31-01-2025 17:33:05.513,January,Device temperature ,229
H- E,ps,31-01-2025,-,-,-,35,31-01-2025 17:33:10.689,January,Device temperature ,229
H- E,ps,31-01-2025,-,-,-,35,31-01-2025 17:33:15.870,January,Device temperature ,229
H- E,ps,31-01-2025,-,-,-,35,31-01-2025 17:33:21.033,January,Device temperature ,229
H- E,ps,31-01-2025,-,-,-,35,31-01-2025 17:33:26.200,January,Device temperature ,229
H- E,ps,31-01-2025,-,-,-,35,31-01-2025 17:33:31.374,January,Device temperature ,229
H- E,ps,31-01-2025,-,-,-,35,31-01-2025 17:33:36.537,January,Device temperature ,229
H- E,ps,31-01-2025,-,-,-,35,31-01-2025 17:33:41.714,January,Device temperature ,229
H- E,ps,31-01-2025,-,-,-,34,31-01-2025 17:33:46.892,January,Device temperature ,229
H- E,ps,31-01-2025,-,-,-,35,31-01-2025 17:33:52.081,January,Device temperature ,229
H- E,ps,31-01-2025,-,-,-,35,31-01-2025 17:33:57.253,January,Device temperature ,229
H- E,ps,31-01-2025,-,-,-,35,31-01-2025 17:34:02.427,January,Device temperature ,229
H- E,ps,31-01-2025,-,-,-,35,31-01-2025 17:34:07.605,January,Device temperature ,229
H- E,ps,31-01-2025,-,-,-,35,31-01-2025 17:34:12.768,January,Device temperature ,229
H- E,ps,31-01-2025,-,-,-,35,31-01-2025 17:34:17.958,January,Device temperature ,229
H- E,ps,31-01-2025,-,-,-,35,31-01-2025 17:34:23.225,January,Device temperature ,229
H- E,ps,31-01-2025,-,-,-,35,31-01-2025 17:34:28.397,January,Device temperature ,229
H- E,ps,31-01-2025,-,-,-,35,31-01-2025 17:34:33.566,January,Device temperature ,229
H- E,ps,31-01-2025,-,-,-,35,31-01-2025 17:34:38.745,January,Device temperature ,229
H- E,ps,31-01-2025,-,-,-,35,31-01-2025 17:34:43.928,January,Device temperature ,229
H- E,ps,31-01-2025,-,-,-,35,31-01-2025 17:34:49.106,January,Device temperature ,229
H- E,ps,31-01-2025,-,-,-,35,31-01-2025 17:34:54.272,January,Device temperature ,229
H- E,ps,31-01-2025,-,-,-,35,31-01-2025 17:34:59.442,January,Device temperature ,229
H- E,ps,31-01-2025,-,-,-,35,31-01-2025 17:35:04.666,January,Device temperature ,229
H- E,ps,31-01-2025,-,-,-,36,31-01-2025 17:35:09.842,January,Device temperature ,229
H- E,ps,31-01-2025,-,-,-,35,31-01-2025 17:35:15.012,January,Device temperature ,229
H- E,ps,31-01-2025,-,-,-,35,31-01-2025 17:35:20.176,January,Device temperature ,229
H- E,ps,31-01-2025,-,-,-,35,31-01-2025 17:35:25.352,January,Device temperature ,229
H- E,ps,31-01-2025,-,-,-,35,31-01-2025 17:35:30.515,January,Device temperature ,229
H- E,ps,31-01-2025,-,-,-,35,31-01-2025 17:35:35.687,January,Device temperature ,229
H- E,ps,31-01-2025,-,-,-,35,31-01-2025 17:35:40.845,January,Device temperature ,229
H- E,ps,31-01-2025,-,-,-,35,31-01-2025 17:35:46.038,January,Device temperature ,229
H- E,ps,31-01-2025,-,-,-,35,31-01-2025 17:35:51.261,January,Device temperature ,229
H- E,ps,31-01-2025,-,-,-,35,31-01-2025 17:35:56.439,January,Device temperature ,229
H- E,ps,31-01-2025,-,-,-,35,31-01-2025 17:36:01.626,January,Device temperature ,229
H- E,ps,31-01-2025,-,-,-,36,31-01-2025 17:36:06.797,January,Device temperature ,229
H- E,ps,31-01-2025,-,-,-,35,31-01-2025 17:36:11.968,January,Device temperature ,229
H- E,ps,31-01-2025,-,-,-,35,31-01-2025 17:36:17.143,January,Device temperature ,229
H- E,ps,31-01-2025,-,-,-,35,31-01-2025 17:36:22.322,January,Device temperature ,229
H- E,ps,31-01-2025,-,-,-,37,31-01-2025 17:36:27.617,January,Device temperature ,229
H- E,ps,31-01-2025,-,-,-,35,31-01-2025 17:36:32.685,January,Device temperature ,229
H- E,ps,31-01-2025,-,-,-,35,31-01-2025 17:36:37.848,January,Device temperature ,229
H- E,ps,31-01-2025,-,-,-,35,31-01-2025 17:36:43.088,January,Device temperature ,229
H- E,ps,31-01-2025,-,-,-,35,31-01-2025 17:36:48.276,January,Device temperature ,229
H- E,ps,31-01-2025,-,-,-,35,31-01-2025 17:36:53.447,January,Device temperature ,229
H- E,ps,31-01-2025,-,-,-,35,31-01-2025 17:36:58.610,January,Device temperature ,229
H- E,ps,31-01-2025,-,-,-,35,31-01-2025 17:37:03.793,January,Device temperature ,229
H- E,ps,31-01-2025,-,-,-,35,31-01-2025 17:37:08.955,January,Device temperature ,229
H- E,ps,31-01-2025,-,-,-,36,31-01-2025 17:37:14.127,January,Device temperature ,229
H- E,ps,31-01-2025,-,-,-,35,31-01-2025 17:37:19.303,January,Device temperature ,229
H- E,ps,31-01-2025,-,-,-,36,31-01-2025 17:37:24.478,January,Device temperature ,229
H- E,ps,31-01-2025,-,-,-,36,31-01-2025 17:37:29.649,January,Device temperature ,229
H- E,ps,31-01-2025,-,-,-,36,31-01-2025 17:37:34.817,January,Device temperature ,229
H- E,ps,31-01-2025,-,-,-,0,31-01-2025 17:37:58.211,January,Heater Door Opened,229
H- E,ps,31-01-2025,H1,Heating,R1,0,31-01-2025 17:38:04.635,January,Picked From,229
H- E,ps,31-01-2025,-,-,-,0,31-01-2025 17:38:05.157,January,Heater Door Closed,229
H- E,ps,31-01-2025,J1,XYLENE-1,R1,0,31-01-2025 17:38:11.982,January,Placed In,229
H- E,ps,31-01-2025,-,-,-,0,31-01-2025 17:38:31.447,January,Heater Door Opened,229
H- E,ps,31-01-2025,,,R3,0,31-01-2025 17:38:32.118,January,Test Started,229
H- E,ps,31-01-2025,L3,Loading,R3,0,31-01-2025 17:38:38.923,January,Picked From,229
H- E,ps,31-01-2025,H3,Heating,R3,0,31-01-2025 17:38:45.692,January,Placed In,229
H- E,ps,31-01-2025,-,-,-,0,31-01-2025 17:38:46.214,January,Heater Door Closed,229
H- E,ps,31-01-2025,-,-,-,35,31-01-2025 17:38:46.542,January,Device temperature ,229
H- E,ps,31-01-2025,-,-,-,35,31-01-2025 17:38:51.731,January,Device temperature ,229
H- E,ps,31-01-2025,-,-,-,35,31-01-2025 17:38:56.889,January,Device temperature ,229
H- E,ps,31-01-2025,-,-,-,35,31-01-2025 17:39:02.054,January,Device temperature ,229
H- E,ps,31-01-2025,-,-,-,36,31-01-2025 17:39:07.232,January,Device temperature ,229
H- E,ps,31-01-2025,-,-,-,35,31-01-2025 17:39:12.395,January,Device temperature ,229
H- E,ps,31-01-2025,-,-,-,35,31-01-2025 17:39:17.574,January,Device temperature ,229
H- E,ps,31-01-2025,-,-,-,35,31-01-2025 17:39:22.724,January,Device temperature ,229
H- E,ps,31-01-2025,-,-,-,35,31-01-2025 17:39:27.898,January,Device temperature ,229
H- E,ps,31-01-2025,-,-,-,35,31-01-2025 17:39:33.059,January,Device temperature ,229
H- E,ps,31-01-2025,-,-,-,35,31-01-2025 17:39:38.228,January,Device temperature ,229
H- E,ps,31-01-2025,-,-,-,35,31-01-2025 17:39:43.414,January,Device temperature ,229
H- E,ps,31-01-2025,-,-,-,35,31-01-2025 17:39:48.592,January,Device temperature ,229
H- E,ps,31-01-2025,-,-,-,36,31-01-2025 17:39:53.755,January,Device temperature ,229
H- E,ps,31-01-2025,-,-,-,35,31-01-2025 17:39:58.924,January,Device temperature ,229
H- E,ps,31-01-2025,-,-,-,35,31-01-2025 17:40:04.104,January,Device temperature ,229
H- E,ps,31-01-2025,-,-,-,36,31-01-2025 17:40:09.270,January,Device temperature ,229
H- E,ps,31-01-2025,-,-,-,35,31-01-2025 17:40:14.450,January,Device temperature ,229
H- E,ps,31-01-2025,-,-,-,35,31-01-2025 17:40:19.619,January,Device temperature ,229
H- E,ps,31-01-2025,J1,XYLENE-1,R1,0,31-01-2025 17:40:49.525,January,Picked From,229
H- E,ps,31-01-2025,J2,XYLENE-2,R1,0,31-01-2025 17:40:55.743,January,Placed In,229
H- E,ps,31-01-2025,-,-,-,0,31-01-2025 17:43:00.876,January,Heater Door Opened,229
H- E,ps,31-01-2025,H2,Heating,R2,0,31-01-2025 17:43:08.254,January,Picked From,229
H- E,ps,31-01-2025,-,-,-,0,31-01-2025 17:43:08.879,January,Heater Door Closed,229
H- E,ps,31-01-2025,J1,XYLENE-1,R2,0,31-01-2025 17:43:15.791,January,Placed In,229
H- E,ps,31-01-2025,J2,XYLENE-2,R1,0,31-01-2025 17:43:32.630,January,Picked From,229
H- E,ps,31-01-2025,J3,XYLENE-3,R1,0,31-01-2025 17:43:38.849,January,Placed In,229
H- E,ps,31-01-2025,-,-,-,0,31-01-2025 17:43:56.323,January,Heater Door Opened,229
H- E,ps,31-01-2025,L1,-,-,0,31-01-2025 17:44:00.765,January,Liquid Level - 323,229
H- E,ps,31-01-2025,L2,-,-,0,31-01-2025 17:44:03.677,January,Liquid Level - 312,229
H- E,ps,31-01-2025,L3,-,-,0,31-01-2025 17:44:06.347,January,Liquid Level - 320,229
H- E,ps,31-01-2025,-,-,-,0,31-01-2025 17:44:17.779,January,Home Reached,229
H- E,ps,31-01-2025,-,-,-,0,31-01-2025 17:44:20.479,January,Home Reached,229
H- E,ps,31-01-2025,,,R4,0,31-01-2025 17:44:23.514,January,Test Started,229
H- E,ps,31-01-2025,L1,Loading,R4,0,31-01-2025 17:44:34.758,January,Picked From,229
H- E,ps,31-01-2025,H1,Heating,R4,0,31-01-2025 17:44:42.007,January,Placed In,229
H- E,ps,31-01-2025,-,-,-,0,31-01-2025 17:44:42.530,January,Heater Door Closed,229
H- E,ps,31-01-2025,-,-,-,35,31-01-2025 17:44:42.869,January,Device temperature ,229
H- E,ps,31-01-2025,-,-,-,35,31-01-2025 17:44:48.032,January,Device temperature ,229
H- E,ps,31-01-2025,-,-,-,35,31-01-2025 17:44:53.211,January,Device temperature ,229
H- E,ps,31-01-2025,-,-,-,35,31-01-2025 17:44:58.376,January,Device temperature ,229
H- E,ps,31-01-2025,-,-,-,35,31-01-2025 17:45:03.556,January,Device temperature ,229
H- E,ps,31-01-2025,-,-,-,36,31-01-2025 17:45:08.725,January,Device temperature ,229
H- E,ps,31-01-2025,-,-,-,35,31-01-2025 17:45:13.893,January,Device temperature ,229
H- E,ps,31-01-2025,-,-,-,36,31-01-2025 17:45:19.078,January,Device temperature ,229
H- E,ps,31-01-2025,-,-,-,36,31-01-2025 17:45:24.236,January,Device temperature ,229
H- E,ps,31-01-2025,J1,XYLENE-1,R2,0,31-01-2025 17:45:52.985,January,Picked From,229
H- E,ps,31-01-2025,J2,XYLENE-2,R2,0,31-01-2025 17:45:59.196,January,Placed In,229
H- E,ps,31-01-2025,J3,XYLENE-3,R1,0,31-01-2025 17:46:15.949,January,Picked From,229
H- E,ps,31-01-2025,J4,100 % Alcohol,R1,0,31-01-2025 17:46:22.203,January,Placed In,229
H- E,ps,31-01-2025,J4,100 % Alcohol,R1,0,31-01-2025 17:47:58.376,January,Picked From,229
H- E,ps,31-01-2025,J5,70%Alcohol,R1,0,31-01-2025 17:48:04.614,January,Placed In,229
H- E,ps,31-01-2025,J2,XYLENE-2,R2,0,31-01-2025 17:48:36.972,January,Picked From,229
H- E,ps,31-01-2025,J3,XYLENE-3,R2,0,31-01-2025 17:48:43.247,January,Placed In,229
H- E,ps,31-01-2025,-,-,-,0,31-01-2025 17:48:47.106,January,Heater Door Opened,229
H- E,ps,31-01-2025,H3,Heating,R3,0,31-01-2025 17:48:54.517,January,Picked From,229
H- E,ps,31-01-2025,-,-,-,0,31-01-2025 17:48:55.045,January,Heater Door Closed,229
H- E,ps,31-01-2025,J1,XYLENE-1,R3,0,31-01-2025 17:49:01.912,January,Placed In,229
H- E,ps,31-01-2025,J5,70%Alcohol,R1,0,31-01-2025 17:49:42.523,January,Picked From,229
H- E,ps,31-01-2025,J6,50% Alcohol,R1,0,31-01-2025 17:49:48.767,January,Placed In,229
H- E,ps,31-01-2025,-,-,-,0,31-01-2025 17:49:56.151,January,Heater Door Opened,229
H- E,ps,31-01-2025,,,R5,0,31-01-2025 17:49:56.833,January,Test Started,229
H- E,ps,31-01-2025,L2,Loading,R5,0,31-01-2025 17:50:04.100,January,Picked From,229
H- E,ps,31-01-2025,H2,Heating,R5,0,31-01-2025 17:50:10.888,January,Placed In,229
H- E,ps,31-01-2025,-,-,-,0,31-01-2025 17:50:11.422,January,Heater Door Closed,229
H- E,ps,31-01-2025,-,-,-,36,31-01-2025 17:50:11.751,January,Device temperature ,229
H- E,ps,31-01-2025,-,-,-,35,31-01-2025 17:50:16.930,January,Device temperature ,229
H- E,ps,31-01-2025,-,-,-,35,31-01-2025 17:50:22.097,January,Device temperature ,229
H- E,ps,31-01-2025,-,-,-,36,31-01-2025 17:50:27.265,January,Device temperature ,229
H- E,ps,31-01-2025,-,-,-,36,31-01-2025 17:50:32.440,January,Device temperature ,229
H- E,ps,31-01-2025,-,-,-,36,31-01-2025 17:50:37.640,January,Device temperature ,229
H- E,ps,31-01-2025,-,-,-,36,31-01-2025 17:50:42.799,January,Device temperature ,229
H- E,ps,31-01-2025,-,-,-,36,31-01-2025 17:50:47.959,January,Device temperature ,229
H- E,ps,31-01-2025,-,-,-,36,31-01-2025 17:50:53.127,January,Device temperature ,229
H- E,ps,31-01-2025,W1,Tap Water,--,0,31-01-2025 17:51:01.287,January,Water Valve : 1 is On,229
H- E,ps,31-01-2025,J3,XYLENE-3,R2,0,31-01-2025 17:51:21.011,January,Picked From,229
H- E,ps,31-01-2025,J4,100 % Alcohol,R2,0,31-01-2025 17:51:27.238,January,Placed In,229
H- E,ps,31-01-2025,J6,50% Alcohol,R1,0,31-01-2025 17:51:41.198,January,Picked From,229
H- E,ps,31-01-2025,W1,Running TAP Water,R1,0,31-01-2025 17:51:48.429,January,Placed In,229
H- E,ps,31-01-2025,J1,XYLENE-1,R3,0,31-01-2025 17:52:03.853,January,Picked From,229
H- E,ps,31-01-2025,J2,XYLENE-2,R3,0,31-01-2025 17:52:10.050,January,Placed In,229
H- E,ps,31-01-2025,J4,100 % Alcohol,R2,0,31-01-2025 17:53:04.085,January,Picked From,229
H- E,ps,31-01-2025,J5,70%Alcohol,R2,0,31-01-2025 17:53:10.316,January,Placed In,229
H- E,ps,31-01-2025,W1,Tap Water,--,0,31-01-2025 17:53:19.202,January,Water Valve : 1 is Off,229
H- E,ps,31-01-2025,W1,Running TAP Water,R1,0,31-01-2025 17:53:27.739,January,Picked From,229
H- E,ps,31-01-2025,J8,Hematoxin,R1,0,31-01-2025 17:53:34.468,January,Placed In,229
H- E,ps,31-01-2025,J5,70%Alcohol,R2,0,31-01-2025 17:54:47.627,January,Picked From,229
H- E,ps,31-01-2025,J6,50% Alcohol,R2,0,31-01-2025 17:54:53.887,January,Placed In,229
H- E,ps,31-01-2025,J2,XYLENE-2,R3,0,31-01-2025 17:55:03.351,January,Picked From,229
H- E,ps,31-01-2025,J3,XYLENE-3,R3,0,31-01-2025 17:55:09.559,January,Placed In,229
H- E,ps,31-01-2025,-,-,-,0,31-01-2025 17:55:12.781,January,Heater Door Opened,229
H- E,ps,31-01-2025,H1,Heating,R4,0,31-01-2025 17:55:20.199,January,Picked From,229
H- E,ps,31-01-2025,-,-,-,0,31-01-2025 17:55:20.729,January,Heater Door Closed,229
H- E,ps,31-01-2025,J1,XYLENE-1,R4,0,31-01-2025 17:55:27.565,January,Placed In,229
H- E,ps,31-01-2025,-,-,-,0,31-01-2025 17:55:33.856,January,Heater Door Opened,229
H- E,ps,31-01-2025,,,R6,0,31-01-2025 17:55:34.524,January,Test Started,229
H- E,ps,31-01-2025,L3,Loading,R6,0,31-01-2025 17:55:41.475,January,Picked From,229
H- E,ps,31-01-2025,H3,Heating,R6,0,31-01-2025 17:55:48.429,January,Placed In,229
H- E,ps,31-01-2025,-,-,-,0,31-01-2025 17:55:48.957,January,Heater Door Closed,229
H- E,ps,31-01-2025,-,-,-,36,31-01-2025 17:55:49.282,January,Device temperature ,229
H- E,ps,31-01-2025,-,-,-,36,31-01-2025 17:55:54.440,January,Device temperature ,229
H- E,ps,31-01-2025,-,-,-,36,31-01-2025 17:55:59.614,January,Device temperature ,229
H- E,ps,31-01-2025,-,-,-,36,31-01-2025 17:56:04.788,January,Device temperature ,229
H- E,ps,31-01-2025,W1,Tap Water,--,0,31-01-2025 17:56:06.229,January,Water Valve : 1 is On,229
H- E,ps,31-01-2025,J6,50% Alcohol,R2,0,31-01-2025 17:56:32.634,January,Picked From,229
H- E,ps,31-01-2025,W1,Running TAP Water,R2,0,31-01-2025 17:56:39.851,January,Placed In,229
H- E,ps,31-01-2025,W2,Tap Water,--,0,31-01-2025 17:57:17.402,January,Water Valve : 2 is On,229
H- E,ps,31-01-2025,J8,Hematoxin,R1,0,31-01-2025 17:57:41.894,January,Picked From,229
H- E,ps,31-01-2025,W2,Running TAP Water,R1,0,31-01-2025 17:57:48.652,January,Placed In,229
H- E,ps,31-01-2025,J3,XYLENE-3,R3,0,31-01-2025 17:58:04.076,January,Picked From,229
H- E,ps,31-01-2025,J4,100 % Alcohol,R3,0,31-01-2025 17:58:10.261,January,Placed In,229
H- E,ps,31-01-2025,J1,XYLENE-1,R4,0,31-01-2025 17:58:20.070,January,Picked From,229
H- E,ps,31-01-2025,J2,XYLENE-2,R4,0,31-01-2025 17:58:26.308,January,Placed In,229
H- E,ps,31-01-2025,W1,Tap Water,--,0,31-01-2025 17:58:28.628,January,Water Valve : 1 is Off,229
H- E,ps,31-01-2025,W1,Tap Water,--,0,31-01-2025 17:58:34.592,January,,229
H- E,ps,31-01-2025,-,-,-,0,31-01-2025 18:00:25.757,January,Heater Switched Off ,229
H- E,ps,31-01-2025,W1,Tap Water,--,0,31-01-2025 18:00:26.793,January,Water Valve : 1 is Off,229
H- E,ps,31-01-2025,W3,Tap Water,--,0,31-01-2025 18:00:27.403,January,Water Valve : 3 is On,229
H- E,ps,31-01-2025,W4,Tap Water,--,0,31-01-2025 18:00:28.064,January,Water Valve : 4 is On,229
H- E,ps,31-01-2025,W5,Tap Water,--,0,31-01-2025 18:00:28.763,January,Water Valve : 5 is On,229
H- E,ps,31-01-2025,W6,Tap Water,--,0,31-01-2025 18:00:29.426,January,Water Valve : 6 is On,229
H- E,ps,31-01-2025,-,-,-,0,31-01-2025 18:00:30.098,January,Home Reached,229
H- E,ps,31-01-2025,-,-,-,0,31-01-2025 18:00:43.039,January,Home Reached,229
H- E,ps,31-01-2025,-,-,-,0,31-01-2025 18:00:45.544,January,Home Reached,229
H- E,ps,31-01-2025,U1,-,-,0,31-01-2025 18:00:52.361,January,Liquid Level - 3109,229
