Home Command,ps,28-09-2024,-,-,-,0,28-09-2024 10:54:09.363,September,Home Reached,0
Home Command,ps,28-09-2024,-,-,-,0,28-09-2024 10:54:11.910,September,Home Reached,0
Home Command,ps,28-09-2024,-,-,-,0,28-09-2024 10:54:11.928,September,,0
Home Command,ps,28-09-2024,U1,-,-,0,28-09-2024 10:54:19.522,September,Liquid Level - 2330,0
Home Command,ps,28-09-2024,U2,-,-,0,28-09-2024 10:54:23.820,September,Liquid Level - 2337,0
Level Sense,ps,28-09-2024,U3,-,-,0,28-09-2024 10:54:29.296,September,Liquid Level - 2331,0
Level Sense,ps,28-09-2024,U4,-,-,0,28-09-2024 10:54:33.596,September,Liquid Level - 2323,0
Level Sense,ps,28-09-2024,U5,-,-,0,28-09-2024 10:54:38.269,September,Liquid Level - 2326,0
Level Sense,ps,28-09-2024,U6,-,-,0,28-09-2024 10:54:42.933,September,Liquid Level - 2325,0
Level Sense,ps,28-09-2024,J1,-,-,0,28-09-2024 10:54:51.264,September,Liquid Level - 2332,0
Level Sense,ps,28-09-2024,J2,-,-,0,28-09-2024 10:54:55.765,September,Liquid Level - 2337,0
Level Sense,ps,28-09-2024,J3,-,-,0,28-09-2024 10:55:00.414,September,Liquid Level - 2338,0
Level Sense,ps,28-09-2024,J4,-,-,0,28-09-2024 10:55:05.075,September,Liquid Level - 2339,0
Level Sense,ps,28-09-2024,J5,-,-,0,28-09-2024 10:55:09.737,September,Liquid Level - 2343,0
Level Sense,ps,28-09-2024,J6,-,-,0,28-09-2024 10:55:14.406,September,Liquid Level - 2337,0
Level Sense,ps,28-09-2024,J7,-,-,0,28-09-2024 10:55:19.064,September,Liquid Level - 2348,0
Level Sense,ps,28-09-2024,J8,-,-,0,28-09-2024 10:55:23.735,September,Liquid Level - 2333,0
Level Sense,ps,28-09-2024,J9,-,-,0,28-09-2024 10:55:28.399,September,Liquid Level - 2348,0
Level Sense,ps,28-09-2024,W1,-,-,0,28-09-2024 10:55:33.066,September,Liquid Level - 2327,0
Level Sense,ps,28-09-2024,W2,-,-,0,28-09-2024 10:55:37.757,September,Liquid Level - 2329,0
Level Sense,ps,28-09-2024,W3,-,-,0,28-09-2024 10:55:42.412,September,Liquid Level - 2329,0
Level Sense,ps,28-09-2024,J10,-,-,0,28-09-2024 10:55:47.083,September,Liquid Level - 2333,0
Level Sense,ps,28-09-2024,J11,-,-,0,28-09-2024 10:55:51.749,September,Liquid Level - 2333,0
Level Sense,ps,28-09-2024,J12,-,-,0,28-09-2024 10:55:56.409,September,Liquid Level - 2320,0
Level Sense,ps,28-09-2024,J13,-,-,0,28-09-2024 10:56:01.094,September,Liquid Level - 2331,0
Level Sense,ps,28-09-2024,J14,-,-,0,28-09-2024 10:56:05.938,September,Liquid Level - 2329,0
Level Sense,ps,28-09-2024,J15,-,-,0,28-09-2024 10:56:10.450,September,Liquid Level - 2341,0
Level Sense,ps,28-09-2024,J16,-,-,0,28-09-2024 10:56:15.118,September,Liquid Level - 2334,0
Level Sense,ps,28-09-2024,J17,-,-,0,28-09-2024 10:56:19.784,September,Liquid Level - 2327,0
Level Sense,ps,28-09-2024,W4,-,-,0,28-09-2024 10:56:24.462,September,Liquid Level - 2331,0
Level Sense,ps,28-09-2024,W5,-,-,0,28-09-2024 10:56:29.145,September,Liquid Level - 2335,0
Level Sense,ps,28-09-2024,W6,-,-,0,28-09-2024 10:56:33.894,September,Liquid Level - 2333,0
Level Sense,ps,28-09-2024,J18,-,-,0,28-09-2024 10:56:47.863,September,Liquid Level - 2343,0
Level Sense,ps,28-09-2024,J19,-,-,0,28-09-2024 10:56:52.404,September,Liquid Level - 2328,0
Level Sense,ps,28-09-2024,J20,-,-,0,28-09-2024 10:56:57.063,September,Liquid Level - 2340,0
Level Sense,ps,28-09-2024,J21,-,-,0,28-09-2024 10:57:01.732,September,Liquid Level - 2345,0
Level Sense,ps,28-09-2024,J22,-,-,0,28-09-2024 10:57:06.412,September,Liquid Level - 2336,0
Level Sense,ps,28-09-2024,J23,-,-,0,28-09-2024 10:57:11.088,September,Liquid Level - 2346,0
Level Sense,ps,28-09-2024,J24,-,-,0,28-09-2024 10:57:15.749,September,Liquid Level - 2342,0
Level Sense,ps,28-09-2024,J25,-,-,0,28-09-2024 10:57:20.429,September,Liquid Level - 2343,0
Level Sense,ps,28-09-2024,J26,-,-,0,28-09-2024 10:57:25.338,September,Liquid Level - 2339,0
Level Sense,ps,28-09-2024,J27,-,-,0,28-09-2024 10:57:32.831,September,Liquid Level - 2324,0
Level Sense,ps,28-09-2024,J28,-,-,0,28-09-2024 10:57:37.412,September,Liquid Level - 2369,0
Level Sense,ps,28-09-2024,J29,-,-,0,28-09-2024 10:57:42.083,September,Liquid Level - 2353,0
Level Sense,ps,28-09-2024,J30,-,-,0,28-09-2024 10:57:46.747,September,Liquid Level - 2359,0
Level Sense,ps,28-09-2024,J31,-,-,0,28-09-2024 10:57:51.403,September,Liquid Level - 2363,0
Level Sense,ps,28-09-2024,J32,-,-,0,28-09-2024 10:57:56.076,September,Liquid Level - 2386,0
Level Sense,ps,28-09-2024,J33,-,-,0,28-09-2024 10:58:00.746,September,Liquid Level - 2383,0
Level Sense,ps,28-09-2024,H1,-,-,0,28-09-2024 10:58:07.096,September,Liquid Level - 3230,0
Level Sense,ps,28-09-2024,H2,-,-,0,28-09-2024 10:58:11.760,September,Liquid Level - 3224,0
Level Sense,ps,28-09-2024,H3,-,-,0,28-09-2024 10:58:16.425,September,Liquid Level - 3214,0
Level Sense,ps,28-09-2024,-,-,-,0,28-09-2024 10:58:29.433,September,Home Reached,0
Level Sense,ps,28-09-2024,-,-,-,0,28-09-2024 10:58:35.083,September,Home Reached,0
H- E,ps,28-09-2024,-,-,-,0,28-09-2024 11:00:03.159,September,Protorun Started,66
H- E,ps,28-09-2024,-,-,-,0,28-09-2024 11:00:13.915,September,Home Reached,66
H- E,ps,28-09-2024,-,-,-,0,28-09-2024 11:00:13.932,September,,66
H- E,ps,28-09-2024,-,-,-,0,28-09-2024 11:00:17.613,September,Home Reached,66
H- E,ps,28-09-2024,H1,-,-,0,28-09-2024 11:00:32.037,September,Liquid Level - 3231,66
H- E,ps,28-09-2024,H2,-,-,0,28-09-2024 11:00:36.672,September,Liquid Level - 3228,66
H- E,ps,28-09-2024,H3,-,-,0,28-09-2024 11:00:41.409,September,Liquid Level - 3218,66
H- E,ps,28-09-2024,L1,-,-,0,28-09-2024 11:00:47.171,September,Liquid Level - 2367,66
H- E,ps,28-09-2024,L2,-,-,0,28-09-2024 11:00:51.574,September,Liquid Level - 2362,66
H- E,ps,28-09-2024,L3,-,-,0,28-09-2024 11:00:56.339,September,Liquid Level - 2363,66
H- E,ps,28-09-2024,-,-,-,0,28-09-2024 11:02:34.035,September,Home Reached,66
H- E,ps,28-09-2024,-,-,-,0,28-09-2024 11:02:37.730,September,Home Reached,66
H- E,ps,28-09-2024,-,-,-,0,28-09-2024 11:02:37.743,September,,66
H- E,ps,28-09-2024,-,-,-,0,28-09-2024 11:02:47.743,September,Heater Door Opened,66
H- E,ps,28-09-2024,L1,-,-,0,28-09-2024 11:02:57.165,September,Liquid Level - 256,66
H- E,ps,28-09-2024,L2,-,-,0,28-09-2024 11:03:01.799,September,Liquid Level - 254,66
H- E,ps,28-09-2024,L3,-,-,0,28-09-2024 11:03:06.486,September,Liquid Level - 238,66
H- E,ps,28-09-2024,-,-,-,0,28-09-2024 11:03:18.174,September,Home Reached,66
H- E,ps,28-09-2024,-,-,-,0,28-09-2024 11:03:18.777,September,Home Status - 11111111,66
H- E,ps,28-09-2024,-,-,-,0,28-09-2024 11:03:20.450,September,Home Reached,66
H- E,ps,28-09-2024,-,-,-,0,28-09-2024 11:03:20.465,September,,66
H- E,ps,28-09-2024,L1,Heating,1,0,28-09-2024 11:03:32.943,September,1 Picked From L1,66
H- E,ps,28-09-2024,H1,Heating,1,0,28-09-2024 11:03:40.150,September,1 Placed In H1,66
H- E,ps,28-09-2024,L2,Heating,2,0,28-09-2024 11:03:46.840,September,2 Picked From L2,66
H- E,ps,28-09-2024,H2,Heating,2,0,28-09-2024 11:03:53.645,September,2 Placed In H2,66
H- E,ps,28-09-2024,L3,Heating,3,0,28-09-2024 11:03:59.841,September,3 Picked From L3,66
H- E,ps,28-09-2024,-,-,-,0,28-09-2024 11:04:06.525,September,Heater Door Closed,66
H- E,ps,28-09-2024,-,-,-,0,28-09-2024 11:04:06.865,September,Heater Switched On ,66
H- E,ps,28-09-2024,-,-,-,30,28-09-2024 11:04:07.347,September,30 - Temperature set to device,66
H- E,ps,28-09-2024,-,-,-,32,28-09-2024 11:04:12.530,September,Device temperature ,66
H- E,ps,28-09-2024,-,-,-,32,28-09-2024 11:04:22.589,September,Device temperature ,66
H- E,ps,28-09-2024,-,-,-,32,28-09-2024 11:04:27.672,September,Device temperature ,66
H- E,ps,28-09-2024,-,-,-,33,28-09-2024 11:04:32.614,September,Device temperature ,66
H- E,ps,28-09-2024,-,-,-,32,28-09-2024 11:04:37.607,September,Device temperature ,66
H- E,ps,28-09-2024,-,-,-,32,28-09-2024 11:04:42.615,September,Device temperature ,66
H- E,ps,28-09-2024,-,-,-,32,28-09-2024 11:04:47.606,September,Device temperature ,66
H- E,ps,28-09-2024,-,-,-,33,28-09-2024 11:04:52.610,September,Device temperature ,66
H- E,ps,28-09-2024,-,-,-,33,28-09-2024 11:04:57.600,September,Device temperature ,66
H- E,ps,28-09-2024,-,-,-,33,28-09-2024 11:05:02.612,September,Device temperature ,66
H- E,ps,28-09-2024,-,-,-,32,28-09-2024 11:05:07.616,September,Device temperature ,66
H- E,ps,28-09-2024,-,-,-,33,28-09-2024 11:05:12.616,September,Device temperature ,66
H- E,ps,28-09-2024,-,-,-,33,28-09-2024 11:05:17.609,September,Device temperature ,66
H- E,ps,28-09-2024,-,-,-,32,28-09-2024 11:05:22.612,September,Device temperature ,66
H- E,ps,28-09-2024,-,-,-,33,28-09-2024 11:05:27.620,September,Device temperature ,66
H- E,ps,28-09-2024,-,-,-,33,28-09-2024 11:05:32.611,September,Device temperature ,66
H- E,ps,28-09-2024,-,-,-,33,28-09-2024 11:05:37.609,September,Device temperature ,66
H- E,ps,28-09-2024,-,-,-,33,28-09-2024 11:05:42.607,September,Device temperature ,66
H- E,ps,28-09-2024,-,-,-,32,28-09-2024 11:05:47.620,September,Device temperature ,66
H- E,ps,28-09-2024,-,-,-,33,28-09-2024 11:05:52.617,September,Device temperature ,66
H- E,ps,28-09-2024,-,-,-,33,28-09-2024 11:05:57.608,September,Device temperature ,66
H- E,ps,28-09-2024,-,-,-,32,28-09-2024 11:06:02.610,September,Device temperature ,66
H- E,ps,28-09-2024,-,-,-,33,28-09-2024 11:06:07.620,September,Device temperature ,66
H- E,ps,28-09-2024,-,-,-,33,28-09-2024 11:06:12.616,September,Device temperature ,66
H- E,ps,28-09-2024,-,-,-,32,28-09-2024 11:06:17.601,September,Device temperature ,66
H- E,ps,28-09-2024,-,-,-,33,28-09-2024 11:06:22.605,September,Device temperature ,66
H- E,ps,28-09-2024,-,-,-,33,28-09-2024 11:06:27.616,September,Device temperature ,66
H- E,ps,28-09-2024,-,-,-,32,28-09-2024 11:06:32.616,September,Device temperature ,66
H- E,ps,28-09-2024,-,-,-,33,28-09-2024 11:06:37.610,September,Device temperature ,66
H- E,ps,28-09-2024,-,-,-,33,28-09-2024 11:06:42.605,September,Device temperature ,66
H- E,ps,28-09-2024,-,-,-,33,28-09-2024 11:06:47.611,September,Device temperature ,66
H- E,ps,28-09-2024,-,-,-,33,28-09-2024 11:06:52.608,September,Device temperature ,66
H- E,ps,28-09-2024,-,-,-,33,28-09-2024 11:06:57.618,September,Device temperature ,66
H- E,ps,28-09-2024,-,-,-,33,28-09-2024 11:07:02.611,September,Device temperature ,66
H- E,ps,28-09-2024,-,-,-,33,28-09-2024 11:07:07.610,September,Device temperature ,66
H- E,ps,28-09-2024,-,-,-,33,28-09-2024 11:07:12.612,September,Device temperature ,66
H- E,ps,28-09-2024,-,-,-,33,28-09-2024 11:07:17.609,September,Device temperature ,66
H- E,ps,28-09-2024,-,-,-,33,28-09-2024 11:07:22.605,September,Device temperature ,66
H- E,ps,28-09-2024,-,-,-,33,28-09-2024 11:07:27.609,September,Device temperature ,66
H- E,ps,28-09-2024,-,-,-,32,28-09-2024 11:07:32.609,September,Device temperature ,66
H- E,ps,28-09-2024,-,-,-,33,28-09-2024 11:07:37.612,September,Device temperature ,66
H- E,ps,28-09-2024,-,-,-,33,28-09-2024 11:07:42.614,September,Device temperature ,66
H- E,ps,28-09-2024,-,-,-,33,28-09-2024 11:07:47.615,September,Device temperature ,66
H- E,ps,28-09-2024,-,-,-,33,28-09-2024 11:07:52.617,September,Device temperature ,66
H- E,ps,28-09-2024,-,-,-,32,28-09-2024 11:07:57.613,September,Device temperature ,66
H- E,ps,28-09-2024,-,-,-,33,28-09-2024 11:08:02.619,September,Device temperature ,66
H- E,ps,28-09-2024,-,-,-,33,28-09-2024 11:08:07.616,September,Device temperature ,66
H- E,ps,28-09-2024,-,-,-,33,28-09-2024 11:08:12.610,September,Device temperature ,66
H- E,ps,28-09-2024,-,-,-,33,28-09-2024 11:08:17.609,September,Device temperature ,66
H- E,ps,28-09-2024,-,-,-,33,28-09-2024 11:08:22.614,September,Device temperature ,66
H- E,ps,28-09-2024,-,-,-,33,28-09-2024 11:08:27.621,September,Device temperature ,66
H- E,ps,28-09-2024,-,-,-,33,28-09-2024 11:08:32.625,September,Device temperature ,66
H- E,ps,28-09-2024,-,-,-,33,28-09-2024 11:08:37.607,September,Device temperature ,66
H- E,ps,28-09-2024,-,-,-,33,28-09-2024 11:08:42.662,September,Device temperature ,66
H- E,ps,28-09-2024,-,-,-,33,28-09-2024 11:08:47.609,September,Device temperature ,66
H- E,ps,28-09-2024,-,-,-,33,28-09-2024 11:08:52.609,September,Device temperature ,66
H- E,ps,28-09-2024,-,-,-,33,28-09-2024 11:08:57.608,September,Device temperature ,66
H- E,ps,28-09-2024,-,-,-,33,28-09-2024 11:09:02.618,September,Device temperature ,66
H- E,ps,28-09-2024,-,-,-,33,28-09-2024 11:09:07.610,September,Device temperature ,66
H- E,ps,28-09-2024,-,-,-,33,28-09-2024 11:09:12.610,September,Device temperature ,66
H- E,ps,28-09-2024,-,-,-,33,28-09-2024 11:09:17.600,September,Device temperature ,66
H- E,ps,28-09-2024,-,-,-,33,28-09-2024 11:09:22.601,September,Device temperature ,66
H- E,ps,28-09-2024,-,-,-,33,28-09-2024 11:09:27.606,September,Device temperature ,66
H- E,ps,28-09-2024,-,-,-,33,28-09-2024 11:09:32.612,September,Device temperature ,66
H- E,ps,28-09-2024,-,-,-,33,28-09-2024 11:09:37.608,September,Device temperature ,66
H- E,ps,28-09-2024,-,-,-,33,28-09-2024 11:09:42.612,September,Device temperature ,66
H- E,ps,28-09-2024,-,-,-,33,28-09-2024 11:09:47.612,September,Device temperature ,66
H- E,ps,28-09-2024,-,-,-,33,28-09-2024 11:09:52.612,September,Device temperature ,66
H- E,ps,28-09-2024,-,-,-,33,28-09-2024 11:09:57.610,September,Device temperature ,66
H- E,ps,28-09-2024,-,-,-,33,28-09-2024 11:10:02.606,September,Device temperature ,66
H- E,ps,28-09-2024,-,-,-,33,28-09-2024 11:10:07.613,September,Device temperature ,66
H- E,ps,28-09-2024,-,-,-,33,28-09-2024 11:10:12.601,September,Device temperature ,66
H- E,ps,28-09-2024,-,-,-,33,28-09-2024 11:10:17.611,September,Device temperature ,66
H- E,ps,28-09-2024,-,-,-,33,28-09-2024 11:10:22.622,September,Device temperature ,66
H- E,ps,28-09-2024,-,-,-,33,28-09-2024 11:10:27.605,September,Device temperature ,66
H- E,ps,28-09-2024,-,-,-,33,28-09-2024 11:10:32.610,September,Device temperature ,66
H- E,ps,28-09-2024,-,-,-,33,28-09-2024 11:10:37.616,September,Device temperature ,66
H- E,ps,28-09-2024,-,-,-,33,28-09-2024 11:10:42.676,September,Device temperature ,66
H- E,ps,28-09-2024,-,-,-,33,28-09-2024 11:10:47.607,September,Device temperature ,66
H- E,ps,28-09-2024,-,-,-,33,28-09-2024 11:10:52.621,September,Device temperature ,66
H- E,ps,28-09-2024,-,-,-,33,28-09-2024 11:10:57.622,September,Device temperature ,66
H- E,ps,28-09-2024,-,-,-,33,28-09-2024 11:11:02.616,September,Device temperature ,66
H- E,ps,28-09-2024,-,-,-,33,28-09-2024 11:11:07.616,September,Device temperature ,66
H- E,ps,28-09-2024,-,-,-,33,28-09-2024 11:11:12.616,September,Device temperature ,66
H- E,ps,28-09-2024,-,-,-,33,28-09-2024 11:11:17.611,September,Device temperature ,66
H- E,ps,28-09-2024,-,-,-,33,28-09-2024 11:11:22.609,September,Device temperature ,66
H- E,ps,28-09-2024,-,-,-,33,28-09-2024 11:11:27.608,September,Device temperature ,66
H- E,ps,28-09-2024,-,-,-,33,28-09-2024 11:11:32.620,September,Device temperature ,66
H- E,ps,28-09-2024,-,-,-,33,28-09-2024 11:11:37.617,September,Device temperature ,66
H- E,ps,28-09-2024,-,-,-,33,28-09-2024 11:11:42.601,September,Device temperature ,66
H- E,ps,28-09-2024,-,-,-,33,28-09-2024 11:11:47.622,September,Device temperature ,66
H- E,ps,28-09-2024,-,-,-,33,28-09-2024 11:11:52.616,September,Device temperature ,66
H- E,ps,28-09-2024,-,-,-,33,28-09-2024 11:11:57.609,September,Device temperature ,66
H- E,ps,28-09-2024,-,-,-,33,28-09-2024 11:12:02.607,September,Device temperature ,66
H- E,ps,28-09-2024,-,-,-,33,28-09-2024 11:12:07.616,September,Device temperature ,66
H- E,ps,28-09-2024,-,-,-,33,28-09-2024 11:12:12.612,September,Device temperature ,66
H- E,ps,28-09-2024,-,-,-,33,28-09-2024 11:12:17.616,September,Device temperature ,66
H- E,ps,28-09-2024,-,-,-,33,28-09-2024 11:12:22.622,September,Device temperature ,66
H- E,ps,28-09-2024,-,-,-,33,28-09-2024 11:12:27.604,September,Device temperature ,66
H- E,ps,28-09-2024,-,-,-,33,28-09-2024 11:12:32.617,September,Device temperature ,66
H- E,ps,28-09-2024,-,-,-,33,28-09-2024 11:12:37.612,September,Device temperature ,66
H- E,ps,28-09-2024,-,-,-,33,28-09-2024 11:12:42.615,September,Device temperature ,66
H- E,ps,28-09-2024,-,-,-,33,28-09-2024 11:12:47.618,September,Device temperature ,66
H- E,ps,28-09-2024,-,-,-,33,28-09-2024 11:12:52.608,September,Device temperature ,66
H- E,ps,28-09-2024,-,-,-,33,28-09-2024 11:12:57.605,September,Device temperature ,66
H- E,ps,28-09-2024,-,-,-,33,28-09-2024 11:13:02.613,September,Device temperature ,66
H- E,ps,28-09-2024,-,-,-,33,28-09-2024 11:13:07.601,September,Device temperature ,66
H- E,ps,28-09-2024,-,-,-,33,28-09-2024 11:13:12.609,September,Device temperature ,66
H- E,ps,28-09-2024,-,-,-,33,28-09-2024 11:13:17.606,September,Device temperature ,66
H- E,ps,28-09-2024,-,-,-,33,28-09-2024 11:13:22.612,September,Device temperature ,66
H- E,ps,28-09-2024,-,-,-,33,28-09-2024 11:13:27.619,September,Device temperature ,66
H- E,ps,28-09-2024,-,-,-,33,28-09-2024 11:13:32.607,September,Device temperature ,66
H- E,ps,28-09-2024,-,-,-,33,28-09-2024 11:13:37.618,September,Device temperature ,66
H- E,ps,28-09-2024,-,-,-,34,28-09-2024 11:13:42.617,September,Device temperature ,66
H- E,ps,28-09-2024,-,-,-,33,28-09-2024 11:13:47.606,September,Device temperature ,66
H- E,ps,28-09-2024,-,-,-,33,28-09-2024 11:13:52.615,September,Device temperature ,66
H- E,ps,28-09-2024,-,-,-,33,28-09-2024 11:13:57.615,September,Device temperature ,66
H- E,ps,28-09-2024,-,-,-,33,28-09-2024 11:14:02.606,September,Device temperature ,66
H- E,ps,28-09-2024,-,-,-,33,28-09-2024 11:14:07.607,September,Device temperature ,66
H- E,ps,28-09-2024,-,-,-,33,28-09-2024 11:14:12.599,September,Device temperature ,66
H- E,ps,28-09-2024,-,-,-,33,28-09-2024 11:14:17.613,September,Device temperature ,66
H- E,ps,28-09-2024,-,-,-,33,28-09-2024 11:14:22.614,September,Device temperature ,66
H- E,ps,28-09-2024,-,-,-,33,28-09-2024 11:14:27.614,September,Device temperature ,66
H- E,ps,28-09-2024,-,-,-,33,28-09-2024 11:14:32.603,September,Device temperature ,66
H- E,ps,28-09-2024,-,-,-,33,28-09-2024 11:14:37.621,September,Device temperature ,66
H- E,ps,28-09-2024,-,-,-,33,28-09-2024 11:14:42.607,September,Device temperature ,66
H- E,ps,28-09-2024,-,-,-,33,28-09-2024 11:14:47.612,September,Device temperature ,66
H- E,ps,28-09-2024,-,-,-,33,28-09-2024 11:14:52.616,September,Device temperature ,66
H- E,ps,28-09-2024,-,-,-,33,28-09-2024 11:14:57.622,September,Device temperature ,66
H- E,ps,28-09-2024,-,-,-,33,28-09-2024 11:15:02.613,September,Device temperature ,66
H- E,ps,28-09-2024,-,-,-,33,28-09-2024 11:15:07.618,September,Device temperature ,66
H- E,ps,28-09-2024,-,-,-,33,28-09-2024 11:15:12.614,September,Device temperature ,66
H- E,ps,28-09-2024,-,-,-,33,28-09-2024 11:15:17.613,September,Device temperature ,66
H- E,ps,28-09-2024,-,-,-,33,28-09-2024 11:15:22.608,September,Device temperature ,66
H- E,ps,28-09-2024,-,-,-,34,28-09-2024 11:15:27.613,September,Device temperature ,66
H- E,ps,28-09-2024,-,-,-,33,28-09-2024 11:15:32.598,September,Device temperature ,66
H- E,ps,28-09-2024,-,-,-,34,28-09-2024 11:15:37.612,September,Device temperature ,66
H- E,ps,28-09-2024,-,-,-,33,28-09-2024 11:15:42.605,September,Device temperature ,66
H- E,ps,28-09-2024,-,-,-,33,28-09-2024 11:15:47.616,September,Device temperature ,66
H- E,ps,28-09-2024,-,-,-,33,28-09-2024 11:15:52.612,September,Device temperature ,66
H- E,ps,28-09-2024,-,-,-,33,28-09-2024 11:15:57.618,September,Device temperature ,66
H- E,ps,28-09-2024,-,-,-,33,28-09-2024 11:16:02.613,September,Device temperature ,66
H- E,ps,28-09-2024,-,-,-,33,28-09-2024 11:16:07.670,September,Device temperature ,66
H- E,ps,28-09-2024,-,-,-,33,28-09-2024 11:16:12.611,September,Device temperature ,66
H- E,ps,28-09-2024,-,-,-,33,28-09-2024 11:16:17.608,September,Device temperature ,66
H- E,ps,28-09-2024,-,-,-,33,28-09-2024 11:16:22.606,September,Device temperature ,66
H- E,ps,28-09-2024,-,-,-,33,28-09-2024 11:16:27.616,September,Device temperature ,66
H- E,ps,28-09-2024,-,-,-,33,28-09-2024 11:16:32.613,September,Device temperature ,66
H- E,ps,28-09-2024,-,-,-,33,28-09-2024 11:16:37.614,September,Device temperature ,66
H- E,ps,28-09-2024,-,-,-,33,28-09-2024 11:16:42.607,September,Device temperature ,66
H- E,ps,28-09-2024,-,-,-,34,28-09-2024 11:16:47.609,September,Device temperature ,66
H- E,ps,28-09-2024,-,-,-,33,28-09-2024 11:16:52.611,September,Device temperature ,66
H- E,ps,28-09-2024,-,-,-,33,28-09-2024 11:16:57.608,September,Device temperature ,66
H- E,ps,28-09-2024,-,-,-,33,28-09-2024 11:17:02.616,September,Device temperature ,66
H- E,ps,28-09-2024,-,-,-,34,28-09-2024 11:17:07.613,September,Device temperature ,66
H- E,ps,28-09-2024,-,-,-,33,28-09-2024 11:17:12.608,September,Device temperature ,66
H- E,ps,28-09-2024,-,-,-,34,28-09-2024 11:17:17.618,September,Device temperature ,66
H- E,ps,28-09-2024,-,-,-,34,28-09-2024 11:17:22.606,September,Device temperature ,66
H- E,ps,28-09-2024,-,-,-,33,28-09-2024 11:17:27.613,September,Device temperature ,66
H- E,ps,28-09-2024,-,-,-,34,28-09-2024 11:17:32.610,September,Device temperature ,66
H- E,ps,28-09-2024,-,-,-,34,28-09-2024 11:17:37.621,September,Device temperature ,66
H- E,ps,28-09-2024,-,-,-,34,28-09-2024 11:17:42.619,September,Device temperature ,66
H- E,ps,28-09-2024,-,-,-,33,28-09-2024 11:17:47.616,September,Device temperature ,66
H- E,ps,28-09-2024,-,-,-,33,28-09-2024 11:17:52.620,September,Device temperature ,66
H- E,ps,28-09-2024,-,-,-,33,28-09-2024 11:17:57.615,September,Device temperature ,66
H- E,ps,28-09-2024,-,-,-,34,28-09-2024 11:18:02.616,September,Device temperature ,66
H- E,ps,28-09-2024,-,-,-,34,28-09-2024 11:18:07.608,September,Device temperature ,66
H- E,ps,28-09-2024,-,-,-,34,28-09-2024 11:18:12.607,September,Device temperature ,66
H- E,ps,28-09-2024,-,-,-,34,28-09-2024 11:18:17.606,September,Device temperature ,66
H- E,ps,28-09-2024,-,-,-,34,28-09-2024 11:18:22.613,September,Device temperature ,66
H- E,ps,28-09-2024,-,-,-,34,28-09-2024 11:18:27.611,September,Device temperature ,66
H- E,ps,28-09-2024,-,-,-,34,28-09-2024 11:18:32.604,September,Device temperature ,66
H- E,ps,28-09-2024,-,-,-,33,28-09-2024 11:18:37.615,September,Device temperature ,66
H- E,ps,28-09-2024,-,-,-,34,28-09-2024 11:18:42.611,September,Device temperature ,66
H- E,ps,28-09-2024,-,-,-,33,28-09-2024 11:18:47.616,September,Device temperature ,66
H- E,ps,28-09-2024,-,-,-,34,28-09-2024 11:18:52.607,September,Device temperature ,66
H- E,ps,28-09-2024,-,-,-,34,28-09-2024 11:18:57.607,September,Device temperature ,66
H- E,ps,28-09-2024,-,-,-,34,28-09-2024 11:19:02.619,September,Device temperature ,66
H- E,ps,28-09-2024,-,-,-,34,28-09-2024 11:19:07.616,September,Device temperature ,66
H- E,ps,28-09-2024,-,-,-,34,28-09-2024 11:19:12.618,September,Device temperature ,66
H- E,ps,28-09-2024,-,-,-,34,28-09-2024 11:19:17.607,September,Device temperature ,66
H- E,ps,28-09-2024,-,-,-,33,28-09-2024 11:19:22.620,September,Device temperature ,66
H- E,ps,28-09-2024,-,-,-,33,28-09-2024 11:19:27.612,September,Device temperature ,66
H- E,ps,28-09-2024,-,-,-,34,28-09-2024 11:19:32.612,September,Device temperature ,66
H- E,ps,28-09-2024,-,-,-,34,28-09-2024 11:19:37.618,September,Device temperature ,66
H- E,ps,28-09-2024,-,-,-,33,28-09-2024 11:19:42.608,September,Device temperature ,66
H- E,ps,28-09-2024,-,-,-,34,28-09-2024 11:19:47.610,September,Device temperature ,66
H- E,ps,28-09-2024,-,-,-,34,28-09-2024 11:19:52.622,September,Device temperature ,66
H- E,ps,28-09-2024,-,-,-,34,28-09-2024 11:19:57.611,September,Device temperature ,66
H- E,ps,28-09-2024,-,-,-,34,28-09-2024 11:20:02.616,September,Device temperature ,66
H- E,ps,28-09-2024,-,-,-,34,28-09-2024 11:20:07.616,September,Device temperature ,66
H- E,ps,28-09-2024,-,-,-,33,28-09-2024 11:20:12.620,September,Device temperature ,66
H- E,ps,28-09-2024,-,-,-,34,28-09-2024 11:20:17.611,September,Device temperature ,66
H- E,ps,28-09-2024,-,-,-,34,28-09-2024 11:20:22.608,September,Device temperature ,66
H- E,ps,28-09-2024,-,-,-,34,28-09-2024 11:20:27.609,September,Device temperature ,66
H- E,ps,28-09-2024,-,-,-,34,28-09-2024 11:20:32.609,September,Device temperature ,66
H- E,ps,28-09-2024,-,-,-,34,28-09-2024 11:20:37.606,September,Device temperature ,66
H- E,ps,28-09-2024,-,-,-,34,28-09-2024 11:20:42.609,September,Device temperature ,66
H- E,ps,28-09-2024,-,-,-,34,28-09-2024 11:20:47.615,September,Device temperature ,66
H- E,ps,28-09-2024,-,-,-,34,28-09-2024 11:20:52.610,September,Device temperature ,66
H- E,ps,28-09-2024,-,-,-,34,28-09-2024 11:20:57.623,September,Device temperature ,66
H- E,ps,28-09-2024,-,-,-,34,28-09-2024 11:21:02.611,September,Device temperature ,66
H- E,ps,28-09-2024,-,-,-,34,28-09-2024 11:21:07.619,September,Device temperature ,66
H- E,ps,28-09-2024,-,-,-,34,28-09-2024 11:21:12.612,September,Device temperature ,66
H- E,ps,28-09-2024,-,-,-,34,28-09-2024 11:21:17.603,September,Device temperature ,66
H- E,ps,28-09-2024,-,-,-,34,28-09-2024 11:21:22.610,September,Device temperature ,66
H- E,ps,28-09-2024,-,-,-,34,28-09-2024 11:21:27.619,September,Device temperature ,66
H- E,ps,28-09-2024,-,-,-,34,28-09-2024 11:21:32.618,September,Device temperature ,66
H- E,ps,28-09-2024,-,-,-,34,28-09-2024 11:21:37.613,September,Device temperature ,66
H- E,ps,28-09-2024,-,-,-,34,28-09-2024 11:21:42.623,September,Device temperature ,66
H- E,ps,28-09-2024,-,-,-,34,28-09-2024 11:21:47.619,September,Device temperature ,66
H- E,ps,28-09-2024,-,-,-,34,28-09-2024 11:21:52.610,September,Device temperature ,66
H- E,ps,28-09-2024,-,-,-,34,28-09-2024 11:21:57.609,September,Device temperature ,66
H- E,ps,28-09-2024,-,-,-,33,28-09-2024 11:22:02.620,September,Device temperature ,66
H- E,ps,28-09-2024,-,-,-,34,28-09-2024 11:22:07.610,September,Device temperature ,66
H- E,ps,28-09-2024,-,-,-,34,28-09-2024 11:22:12.604,September,Device temperature ,66
H- E,ps,28-09-2024,-,-,-,34,28-09-2024 11:22:17.603,September,Device temperature ,66
H- E,ps,28-09-2024,-,-,-,34,28-09-2024 11:22:22.598,September,Device temperature ,66
H- E,ps,28-09-2024,-,-,-,34,28-09-2024 11:22:27.614,September,Device temperature ,66
H- E,ps,28-09-2024,-,-,-,34,28-09-2024 11:22:32.617,September,Device temperature ,66
H- E,ps,28-09-2024,-,-,-,34,28-09-2024 11:22:37.609,September,Device temperature ,66
H- E,ps,28-09-2024,-,-,-,34,28-09-2024 11:22:42.611,September,Device temperature ,66
H- E,ps,28-09-2024,-,-,-,34,28-09-2024 11:22:47.612,September,Device temperature ,66
H- E,ps,28-09-2024,-,-,-,34,28-09-2024 11:22:52.635,September,Device temperature ,66
H- E,ps,28-09-2024,-,-,-,34,28-09-2024 11:22:57.623,September,Device temperature ,66
H- E,ps,28-09-2024,-,-,-,34,28-09-2024 11:23:02.629,September,Device temperature ,66
H- E,ps,28-09-2024,-,-,-,34,28-09-2024 11:23:07.626,September,Device temperature ,66
H- E,ps,28-09-2024,-,-,-,34,28-09-2024 11:23:12.626,September,Device temperature ,66
H- E,ps,28-09-2024,-,-,-,34,28-09-2024 11:23:17.623,September,Device temperature ,66
H- E,ps,28-09-2024,-,-,-,34,28-09-2024 11:23:22.618,September,Device temperature ,66
H- E,ps,28-09-2024,-,-,-,34,28-09-2024 11:23:27.619,September,Device temperature ,66
H- E,ps,28-09-2024,-,-,-,34,28-09-2024 11:23:32.624,September,Device temperature ,66
H- E,ps,28-09-2024,-,-,-,34,28-09-2024 11:23:37.636,September,Device temperature ,66
H- E,ps,28-09-2024,-,-,-,34,28-09-2024 11:23:42.634,September,Device temperature ,66
H- E,ps,28-09-2024,-,-,-,34,28-09-2024 11:23:47.627,September,Device temperature ,66
H- E,ps,28-09-2024,-,-,-,34,28-09-2024 11:23:52.629,September,Device temperature ,66
H- E,ps,28-09-2024,-,-,-,34,28-09-2024 11:23:57.625,September,Device temperature ,66
H- E,ps,28-09-2024,-,-,-,34,28-09-2024 11:24:02.633,September,Device temperature ,66
H- E,ps,28-09-2024,-,-,-,34,28-09-2024 11:24:07.636,September,Device temperature ,66
H- E,ps,28-09-2024,-,-,-,34,28-09-2024 11:24:12.620,September,Device temperature ,66
H- E,ps,28-09-2024,-,-,-,0,28-09-2024 11:24:17.631,September,Heater Switched Off ,66
H- E,ps,28-09-2024,-,-,-,0,28-09-2024 11:24:18.931,September,Heater Door Opened,66
H- E,ps,28-09-2024,,,R1,0,28-09-2024 11:24:19.705,September,Test Started,66
H- E,ps,28-09-2024,H1,Heating,R1,0,28-09-2024 11:24:26.518,September,Picked From,66
H- E,ps,28-09-2024,-,-,-,0,28-09-2024 11:24:27.053,September,Heater Door Closed,66
H- E,ps,28-09-2024,J1,XYLENE-1,R1,0,28-09-2024 11:24:33.401,September,Placed In,66
H- E,ps,28-09-2024,J1,XYLENE-1,R1,0,28-09-2024 11:29:39.071,September,Picked From,66
H- E,ps,28-09-2024,J2,XYLENE-2,R1,0,28-09-2024 11:29:44.776,September,Placed In,66
H- E,ps,28-09-2024,-,-,-,0,28-09-2024 11:33:48.115,September,Heater Door Opened,66
H- E,ps,28-09-2024,,,R2,0,28-09-2024 11:33:48.803,September,Test Started,66
H- E,ps,28-09-2024,H2,Heating,R2,0,28-09-2024 11:33:55.496,September,Picked From,66
H- E,ps,28-09-2024,-,-,-,0,28-09-2024 11:33:56.018,September,Heater Door Closed,66
H- E,ps,28-09-2024,J1,XYLENE-1,R2,0,28-09-2024 11:34:02.364,September,Placed In,66
H- E,ps,28-09-2024,J2,XYLENE-2,R1,0,28-09-2024 11:34:50.614,September,Picked From,66
H- E,ps,28-09-2024,J3,XYLENE-3,R1,0,28-09-2024 11:34:56.320,September,Placed In,66
H- E,ps,28-09-2024,J1,XYLENE-1,R2,0,28-09-2024 11:39:08.701,September,Picked From,66
H- E,ps,28-09-2024,J2,XYLENE-2,R2,0,28-09-2024 11:39:14.507,September,Placed In,66
H- E,ps,28-09-2024,J3,XYLENE-3,R1,0,28-09-2024 11:40:02.113,September,Picked From,66
H- E,ps,28-09-2024,J4,100 % Alcohol,R1,0,28-09-2024 11:40:07.810,September,Placed In,66
H- E,ps,28-09-2024,J4,100 % Alcohol,R1,0,28-09-2024 11:43:13.153,September,Picked From,66
H- E,ps,28-09-2024,J5,70%Alcohol,R1,0,28-09-2024 11:43:18.856,September,Placed In,66
H- E,ps,28-09-2024,J2,XYLENE-2,R2,0,28-09-2024 11:44:21.463,September,Picked From,66
H- E,ps,28-09-2024,J3,XYLENE-3,R2,0,28-09-2024 11:44:27.153,September,Placed In,66
H- E,ps,28-09-2024,-,-,-,0,28-09-2024 11:44:55.961,September,Heater Door Opened,66
H- E,ps,28-09-2024,,,R3,0,28-09-2024 11:44:56.752,September,Test Started,66
H- E,ps,28-09-2024,H3,Heating,R3,0,28-09-2024 11:45:03.962,September,Picked From,66
H- E,ps,28-09-2024,-,-,-,0,28-09-2024 11:45:04.490,September,Heater Door Closed,66
H- E,ps,28-09-2024,J1,XYLENE-1,R3,0,28-09-2024 11:45:11.342,September,Placed In,66
H- E,ps,28-09-2024,J5,70%Alcohol,R1,0,28-09-2024 11:46:26.192,September,Picked From,66
H- E,ps,28-09-2024,J6,50% Alcohol,R1,0,28-09-2024 11:46:31.902,September,Placed In,66
H- E,ps,28-09-2024,-,-,-,0,28-09-2024 11:47:05.938,September,Heater Door Opened,66
H- E,ps,28-09-2024,L1,-,-,0,28-09-2024 11:47:11.149,September,Liquid Level - 257,66
H- E,ps,28-09-2024,L2,-,-,0,28-09-2024 11:47:15.503,September,Liquid Level - 241,66
H- E,ps,28-09-2024,L3,-,-,0,28-09-2024 11:47:20.156,September,Liquid Level - 272,66
H- E,ps,28-09-2024,-,-,-,0,28-09-2024 11:47:31.836,September,Home Reached,66
H- E,ps,28-09-2024,-,-,-,0,28-09-2024 11:47:32.453,September,Home Status - 11111111,66
H- E,ps,28-09-2024,-,-,-,0,28-09-2024 11:47:34.163,September,Home Reached,66
H- E,ps,28-09-2024,-,-,-,0,28-09-2024 11:47:34.181,September,,66
H- E,ps,28-09-2024,L1,Heating,4,0,28-09-2024 11:47:46.157,September,4 Picked From L1,66
H- E,ps,28-09-2024,H1,Heating,4,0,28-09-2024 11:47:53.334,September,4 Placed In H1,66
H- E,ps,28-09-2024,L2,Heating,5,0,28-09-2024 11:48:00.034,September,5 Picked From L2,66
H- E,ps,28-09-2024,H2,Heating,5,0,28-09-2024 11:48:06.708,September,5 Placed In H2,66
H- E,ps,28-09-2024,L3,Heating,6,0,28-09-2024 11:48:12.888,September,6 Picked From L3,66
H- E,ps,28-09-2024,-,-,-,0,28-09-2024 11:48:19.583,September,Heater Door Closed,66
H- E,ps,28-09-2024,-,-,-,0,28-09-2024 11:48:19.909,September,Heater Switched On ,66
H- E,ps,28-09-2024,-,-,-,30,28-09-2024 11:48:20.406,September,30 - Temperature set to device,66
H- E,ps,28-09-2024,-,-,-,34,28-09-2024 11:48:25.577,September,Device temperature ,66
H- E,ps,28-09-2024,-,-,-,34,28-09-2024 11:48:35.739,September,Device temperature ,66
H- E,ps,28-09-2024,-,-,-,34,28-09-2024 11:48:40.634,September,Device temperature ,66
H- E,ps,28-09-2024,-,-,-,34,28-09-2024 11:48:45.648,September,Device temperature ,66
H- E,ps,28-09-2024,-,-,-,34,28-09-2024 11:48:50.647,September,Device temperature ,66
H- E,ps,28-09-2024,-,-,-,34,28-09-2024 11:48:55.645,September,Device temperature ,66
H- E,ps,28-09-2024,-,-,-,34,28-09-2024 11:49:00.636,September,Device temperature ,66
H- E,ps,28-09-2024,-,-,-,35,28-09-2024 11:49:05.635,September,Device temperature ,66
H- E,ps,28-09-2024,-,-,-,34,28-09-2024 11:49:10.634,September,Device temperature ,66
H- E,ps,28-09-2024,W1,Tap Water,--,0,28-09-2024 11:49:15.085,September,Water Valve : 1 is On,66
H- E,ps,28-09-2024,-,-,-,34,28-09-2024 11:49:15.645,September,Device temperature ,66
H- E,ps,28-09-2024,-,-,-,34,28-09-2024 11:49:20.649,September,Device temperature ,66
H- E,ps,28-09-2024,-,-,-,34,28-09-2024 11:49:25.652,September,Device temperature ,66
H- E,ps,28-09-2024,J3,XYLENE-3,R2,0,28-09-2024 11:49:35.643,September,Picked From,66
H- E,ps,28-09-2024,J4,100 % Alcohol,R2,0,28-09-2024 11:49:41.354,September,Placed In,66
H- E,ps,28-09-2024,J6,50% Alcohol,R1,0,28-09-2024 11:49:50.320,September,Picked From,66
H- E,ps,28-09-2024,W1,Running TAP Water,R1,0,28-09-2024 11:49:57.526,September,Placed In,66
H- E,ps,28-09-2024,-,-,-,34,28-09-2024 11:50:01.356,September,Device temperature ,66
H- E,ps,28-09-2024,-,-,-,34,28-09-2024 11:50:06.508,September,Device temperature ,66
H- E,ps,28-09-2024,-,-,-,34,28-09-2024 11:50:11.516,September,Device temperature ,66
H- E,ps,28-09-2024,J1,XYLENE-1,R3,0,28-09-2024 11:50:22.063,September,Picked From,66
H- E,ps,28-09-2024,J2,XYLENE-2,R3,0,28-09-2024 11:50:27.972,September,Placed In,66
H- E,ps,28-09-2024,-,-,-,34,28-09-2024 11:50:32.703,September,Device temperature ,66
H- E,ps,28-09-2024,-,-,-,34,28-09-2024 11:50:37.882,September,Device temperature ,66
H- E,ps,28-09-2024,-,-,-,34,28-09-2024 11:50:42.877,September,Device temperature ,66
H- E,ps,28-09-2024,-,-,-,34,28-09-2024 11:50:47.886,September,Device temperature ,66
H- E,ps,28-09-2024,-,-,-,34,28-09-2024 11:50:52.884,September,Device temperature ,66
H- E,ps,28-09-2024,-,-,-,34,28-09-2024 11:50:57.872,September,Device temperature ,66
H- E,ps,28-09-2024,-,-,-,34,28-09-2024 11:51:02.874,September,Device temperature ,66
H- E,ps,28-09-2024,-,-,-,35,28-09-2024 11:51:07.888,September,Device temperature ,66
H- E,ps,28-09-2024,-,-,-,34,28-09-2024 11:51:12.879,September,Device temperature ,66
H- E,ps,28-09-2024,-,-,-,35,28-09-2024 11:51:17.876,September,Device temperature ,66
H- E,ps,28-09-2024,-,-,-,34,28-09-2024 11:51:22.878,September,Device temperature ,66
H- E,ps,28-09-2024,-,-,-,34,28-09-2024 11:51:27.875,September,Device temperature ,66
H- E,ps,28-09-2024,-,-,-,34,28-09-2024 11:51:32.879,September,Device temperature ,66
H- E,ps,28-09-2024,-,-,-,34,28-09-2024 11:51:37.878,September,Device temperature ,66
H- E,ps,28-09-2024,-,-,-,34,28-09-2024 11:51:42.885,September,Device temperature ,66
H- E,ps,28-09-2024,-,-,-,34,28-09-2024 11:51:47.881,September,Device temperature ,66
H- E,ps,28-09-2024,-,-,-,34,28-09-2024 11:51:52.875,September,Device temperature ,66
H- E,ps,28-09-2024,-,-,-,34,28-09-2024 11:51:57.886,September,Device temperature ,66
H- E,ps,28-09-2024,-,-,-,34,28-09-2024 11:52:02.878,September,Device temperature ,66
H- E,ps,28-09-2024,-,-,-,35,28-09-2024 11:52:07.880,September,Device temperature ,66
H- E,ps,28-09-2024,-,-,-,34,28-09-2024 11:52:12.870,September,Device temperature ,66
H- E,ps,28-09-2024,-,-,-,34,28-09-2024 11:52:17.874,September,Device temperature ,66
H- E,ps,28-09-2024,-,-,-,35,28-09-2024 11:52:22.877,September,Device temperature ,66
H- E,ps,28-09-2024,-,-,-,34,28-09-2024 11:52:27.877,September,Device temperature ,66
H- E,ps,28-09-2024,-,-,-,35,28-09-2024 11:52:32.880,September,Device temperature ,66
H- E,ps,28-09-2024,-,-,-,35,28-09-2024 11:52:37.871,September,Device temperature ,66
H- E,ps,28-09-2024,J4,100 % Alcohol,R2,0,28-09-2024 11:52:48.803,September,Picked From,66
H- E,ps,28-09-2024,J5,70%Alcohol,R2,0,28-09-2024 11:52:54.497,September,Placed In,66
H- E,ps,28-09-2024,W1,Tap Water,--,0,28-09-2024 11:52:58.959,September,Water Valve : 1 is Off,66
H- E,ps,28-09-2024,W1,Running TAP Water,R1,0,28-09-2024 11:53:07.396,September,Picked From,66
H- E,ps,28-09-2024,J8,Hematoxin,R1,0,28-09-2024 11:53:13.608,September,Placed In,66
H- E,ps,28-09-2024,-,-,-,34,28-09-2024 11:53:17.586,September,Device temperature ,66
H- E,ps,28-09-2024,-,-,-,34,28-09-2024 11:53:22.753,September,Device temperature ,66
H- E,ps,28-09-2024,-,-,-,35,28-09-2024 11:53:27.752,September,Device temperature ,66
H- E,ps,28-09-2024,-,-,-,33,28-09-2024 11:53:32.750,September,Device temperature ,66
H- E,ps,28-09-2024,-,-,-,34,28-09-2024 11:53:37.890,September,Device temperature ,66
H- E,ps,28-09-2024,-,-,-,34,28-09-2024 11:53:42.761,September,Device temperature ,66
H- E,ps,28-09-2024,-,-,-,34,28-09-2024 11:53:47.751,September,Device temperature ,66
H- E,ps,28-09-2024,-,-,-,34,28-09-2024 11:53:52.746,September,Device temperature ,66
H- E,ps,28-09-2024,-,-,-,34,28-09-2024 11:53:57.751,September,Device temperature ,66
H- E,ps,28-09-2024,-,-,-,34,28-09-2024 11:54:02.755,September,Device temperature ,66
H- E,ps,28-09-2024,-,-,-,34,28-09-2024 11:54:07.756,September,Device temperature ,66
H- E,ps,28-09-2024,-,-,-,34,28-09-2024 11:54:12.759,September,Device temperature ,66
H- E,ps,28-09-2024,-,-,-,34,28-09-2024 11:54:17.755,September,Device temperature ,66
H- E,ps,28-09-2024,-,-,-,35,28-09-2024 11:54:22.758,September,Device temperature ,66
H- E,ps,28-09-2024,-,-,-,34,28-09-2024 11:54:27.751,September,Device temperature ,66
H- E,ps,28-09-2024,-,-,-,35,28-09-2024 11:54:32.755,September,Device temperature ,66
H- E,ps,28-09-2024,-,-,-,34,28-09-2024 11:54:37.759,September,Device temperature ,66
H- E,ps,28-09-2024,-,-,-,34,28-09-2024 11:54:42.744,September,Device temperature ,66
H- E,ps,28-09-2024,-,-,-,34,28-09-2024 11:54:47.748,September,Device temperature ,66
H- E,ps,28-09-2024,-,-,-,34,28-09-2024 11:54:52.756,September,Device temperature ,66
H- E,ps,28-09-2024,-,-,-,34,28-09-2024 11:54:57.758,September,Device temperature ,66
H- E,ps,28-09-2024,-,-,-,34,28-09-2024 11:55:02.750,September,Device temperature ,66
H- E,ps,28-09-2024,-,-,-,35,28-09-2024 11:55:07.753,September,Device temperature ,66
H- E,ps,28-09-2024,-,-,-,35,28-09-2024 11:55:12.761,September,Device temperature ,66
H- E,ps,28-09-2024,-,-,-,34,28-09-2024 11:55:17.760,September,Device temperature ,66
H- E,ps,28-09-2024,-,-,-,34,28-09-2024 11:55:22.757,September,Device temperature ,66
H- E,ps,28-09-2024,-,-,-,34,28-09-2024 11:55:27.749,September,Device temperature ,66
H- E,ps,28-09-2024,J2,XYLENE-2,R3,0,28-09-2024 11:55:37.106,September,Picked From,66
H- E,ps,28-09-2024,J3,XYLENE-3,R3,0,28-09-2024 11:55:43.027,September,Placed In,66
H- E,ps,28-09-2024,-,-,-,35,28-09-2024 11:55:48.172,September,Device temperature ,66
H- E,ps,28-09-2024,-,-,-,34,28-09-2024 11:55:53.347,September,Device temperature ,66
H- E,ps,28-09-2024,J5,70%Alcohol,R2,0,28-09-2024 11:56:01.928,September,Picked From,66
H- E,ps,28-09-2024,J6,50% Alcohol,R2,0,28-09-2024 11:56:07.626,September,Placed In,66
H- E,ps,28-09-2024,-,-,-,35,28-09-2024 11:56:12.701,September,Device temperature ,66
H- E,ps,28-09-2024,-,-,-,34,28-09-2024 11:56:17.886,September,Device temperature ,66
H- E,ps,28-09-2024,-,-,-,34,28-09-2024 11:56:22.887,September,Device temperature ,66
H- E,ps,28-09-2024,-,-,-,34,28-09-2024 11:56:27.886,September,Device temperature ,66
H- E,ps,28-09-2024,-,-,-,34,28-09-2024 11:56:32.886,September,Device temperature ,66
H- E,ps,28-09-2024,-,-,-,35,28-09-2024 11:56:37.884,September,Device temperature ,66
H- E,ps,28-09-2024,-,-,-,34,28-09-2024 11:56:42.882,September,Device temperature ,66
H- E,ps,28-09-2024,-,-,-,34,28-09-2024 11:56:47.872,September,Device temperature ,66
H- E,ps,28-09-2024,-,-,-,34,28-09-2024 11:56:52.878,September,Device temperature ,66
H- E,ps,28-09-2024,-,-,-,35,28-09-2024 11:56:57.880,September,Device temperature ,66
H- E,ps,28-09-2024,-,-,-,34,28-09-2024 11:57:02.882,September,Device temperature ,66
H- E,ps,28-09-2024,-,-,-,34,28-09-2024 11:57:07.875,September,Device temperature ,66
H- E,ps,28-09-2024,-,-,-,34,28-09-2024 11:57:12.875,September,Device temperature ,66
H- E,ps,28-09-2024,-,-,-,35,28-09-2024 11:57:17.885,September,Device temperature ,66
H- E,ps,28-09-2024,-,-,-,34,28-09-2024 11:57:22.887,September,Device temperature ,66
H- E,ps,28-09-2024,-,-,-,35,28-09-2024 11:57:27.878,September,Device temperature ,66
H- E,ps,28-09-2024,-,-,-,34,28-09-2024 11:57:32.871,September,Device temperature ,66
H- E,ps,28-09-2024,-,-,-,34,28-09-2024 11:57:37.878,September,Device temperature ,66
H- E,ps,28-09-2024,-,-,-,34,28-09-2024 11:57:42.882,September,Device temperature ,66
H- E,ps,28-09-2024,-,-,-,35,28-09-2024 11:57:47.879,September,Device temperature ,66
H- E,ps,28-09-2024,-,-,-,35,28-09-2024 11:57:52.877,September,Device temperature ,66
H- E,ps,28-09-2024,-,-,-,34,28-09-2024 11:57:57.876,September,Device temperature ,66
H- E,ps,28-09-2024,-,-,-,34,28-09-2024 11:58:02.878,September,Device temperature ,66
H- E,ps,28-09-2024,-,-,-,35,28-09-2024 11:58:07.875,September,Device temperature ,66
H- E,ps,28-09-2024,-,-,-,35,28-09-2024 11:58:12.879,September,Device temperature ,66
H- E,ps,28-09-2024,-,-,-,34,28-09-2024 11:58:17.880,September,Device temperature ,66
H- E,ps,28-09-2024,-,-,-,34,28-09-2024 11:58:22.876,September,Device temperature ,66
H- E,ps,28-09-2024,-,-,-,35,28-09-2024 11:58:27.870,September,Device temperature ,66
H- E,ps,28-09-2024,-,-,-,35,28-09-2024 11:58:32.873,September,Device temperature ,66
H- E,ps,28-09-2024,-,-,-,34,28-09-2024 11:58:37.873,September,Device temperature ,66
H- E,ps,28-09-2024,-,-,-,34,28-09-2024 11:58:42.875,September,Device temperature ,66
H- E,ps,28-09-2024,-,-,-,34,28-09-2024 11:58:47.886,September,Device temperature ,66
H- E,ps,28-09-2024,W1,Tap Water,--,0,28-09-2024 11:58:49.869,September,Water Valve : 1 is On,66
H- E,ps,28-09-2024,-,-,-,34,28-09-2024 11:58:52.879,September,Device temperature ,66
H- E,ps,28-09-2024,-,-,-,35,28-09-2024 11:58:57.885,September,Device temperature ,66
H- E,ps,28-09-2024,-,-,-,35,28-09-2024 11:59:02.876,September,Device temperature ,66
H- E,ps,28-09-2024,J6,50% Alcohol,R2,0,28-09-2024 11:59:14.131,September,Picked From,66
H- E,ps,28-09-2024,W1,Running TAP Water,R2,0,28-09-2024 11:59:21.322,September,Placed In,66
H- E,ps,28-09-2024,-,-,-,35,28-09-2024 11:59:24.860,September,Device temperature ,66
H- E,ps,28-09-2024,-,-,-,35,28-09-2024 11:59:30.039,September,Device temperature ,66
H- E,ps,28-09-2024,-,-,-,35,28-09-2024 11:59:35.029,September,Device temperature ,66
H- E,ps,28-09-2024,-,-,-,35,28-09-2024 11:59:40.043,September,Device temperature ,66
H- E,ps,28-09-2024,-,-,-,34,28-09-2024 11:59:45.036,September,Device temperature ,66
H- E,ps,28-09-2024,-,-,-,35,28-09-2024 11:59:50.028,September,Device temperature ,66
H- E,ps,28-09-2024,-,-,-,34,28-09-2024 11:59:55.031,September,Device temperature ,66
H- E,ps,28-09-2024,-,-,-,35,28-09-2024 12:00:00.033,September,Device temperature ,66
H- E,ps,28-09-2024,-,-,-,35,28-09-2024 12:00:05.044,September,Device temperature ,66
H- E,ps,28-09-2024,-,-,-,35,28-09-2024 12:00:10.137,September,Device temperature ,66
H- E,ps,28-09-2024,-,-,-,35,28-09-2024 12:00:15.033,September,Device temperature ,66
H- E,ps,28-09-2024,-,-,-,35,28-09-2024 12:00:20.025,September,Device temperature ,66
H- E,ps,28-09-2024,-,-,-,35,28-09-2024 12:00:25.028,September,Device temperature ,66
H- E,ps,28-09-2024,-,-,-,35,28-09-2024 12:00:30.038,September,Device temperature ,66
H- E,ps,28-09-2024,-,-,-,35,28-09-2024 12:00:35.042,September,Device temperature ,66
H- E,ps,28-09-2024,-,-,-,35,28-09-2024 12:00:40.044,September,Device temperature ,66
H- E,ps,28-09-2024,J3,XYLENE-3,R3,0,28-09-2024 12:00:52.705,September,Picked From,66
H- E,ps,28-09-2024,J4,100 % Alcohol,R3,0,28-09-2024 12:00:58.615,September,Placed In,66
H- E,ps,28-09-2024,W2,Tap Water,--,0,28-09-2024 12:00:58.875,September,Water Valve : 2 is On,66
H- E,ps,28-09-2024,-,-,-,35,28-09-2024 12:01:03.294,September,Device temperature ,66
H- E,ps,28-09-2024,-,-,-,35,28-09-2024 12:01:08.469,September,Device temperature ,66
H- E,ps,28-09-2024,-,-,-,34,28-09-2024 12:01:13.476,September,Device temperature ,66
H- E,ps,28-09-2024,J8,Hematoxin,R1,0,28-09-2024 12:01:22.134,September,Picked From,66
H- E,ps,28-09-2024,W2,Running TAP Water,R1,0,28-09-2024 12:01:28.818,September,Placed In,66
H- E,ps,28-09-2024,-,-,-,35,28-09-2024 12:01:32.918,September,Device temperature ,66
H- E,ps,28-09-2024,-,-,-,35,28-09-2024 12:01:38.089,September,Device temperature ,66
H- E,ps,28-09-2024,-,-,-,34,28-09-2024 12:01:43.125,September,Device temperature ,66
H- E,ps,28-09-2024,-,-,-,35,28-09-2024 12:01:48.070,September,Device temperature ,66
H- E,ps,28-09-2024,-,-,-,34,28-09-2024 12:01:53.080,September,Device temperature ,66
H- E,ps,28-09-2024,-,-,-,35,28-09-2024 12:01:58.080,September,Device temperature ,66
H- E,ps,28-09-2024,-,-,-,34,28-09-2024 12:02:03.078,September,Device temperature ,66
H- E,ps,28-09-2024,-,-,-,35,28-09-2024 12:02:08.075,September,Device temperature ,66
H- E,ps,28-09-2024,-,-,-,35,28-09-2024 12:02:13.086,September,Device temperature ,66
H- E,ps,28-09-2024,-,-,-,35,28-09-2024 12:02:18.084,September,Device temperature ,66
H- E,ps,28-09-2024,-,-,-,35,28-09-2024 12:02:31.608,September,Device temperature ,66
H- E,ps,28-09-2024,-,-,-,35,28-09-2024 12:02:36.794,September,Device temperature ,66
H- E,ps,28-09-2024,W1,Tap Water,--,0,28-09-2024 12:02:40.772,September,Water Valve : 1 is Off,66
H- E,ps,28-09-2024,W1,Running TAP Water,R2,0,28-09-2024 12:02:47.224,September,Picked From,66
H- E,ps,28-09-2024,J8,Hematoxin,R2,0,28-09-2024 12:02:53.538,September,Placed In,66
H- E,ps,28-09-2024,-,-,-,34,28-09-2024 12:02:57.551,September,Device temperature ,66
H- E,ps,28-09-2024,-,-,-,35,28-09-2024 12:03:02.729,September,Device temperature ,66
H- E,ps,28-09-2024,-,-,-,35,28-09-2024 12:03:07.724,September,Device temperature ,66
H- E,ps,28-09-2024,-,-,-,35,28-09-2024 12:03:12.714,September,Device temperature ,66
H- E,ps,28-09-2024,-,-,-,35,28-09-2024 12:03:17.726,September,Device temperature ,66
H- E,ps,28-09-2024,-,-,-,35,28-09-2024 12:03:22.723,September,Device temperature ,66
H- E,ps,28-09-2024,-,-,-,35,28-09-2024 12:03:27.756,September,Device temperature ,66
H- E,ps,28-09-2024,-,-,-,35,28-09-2024 12:03:32.720,September,Device temperature ,66
H- E,ps,28-09-2024,-,-,-,35,28-09-2024 12:03:37.721,September,Device temperature ,66
H- E,ps,28-09-2024,-,-,-,35,28-09-2024 12:03:42.716,September,Device temperature ,66
H- E,ps,28-09-2024,-,-,-,35,28-09-2024 12:03:47.707,September,Device temperature ,66
H- E,ps,28-09-2024,-,-,-,35,28-09-2024 12:03:52.718,September,Device temperature ,66
H- E,ps,28-09-2024,-,-,-,35,28-09-2024 12:03:57.733,September,Device temperature ,66
H- E,ps,28-09-2024,J4,100 % Alcohol,R3,0,28-09-2024 12:04:08.241,September,Picked From,66
H- E,ps,28-09-2024,J5,70%Alcohol,R3,0,28-09-2024 12:04:14.171,September,Placed In,66
H- E,ps,28-09-2024,-,-,-,35,28-09-2024 12:04:18.806,September,Device temperature ,66
H- E,ps,28-09-2024,-,-,-,35,28-09-2024 12:04:23.978,September,Device temperature ,66
H- E,ps,28-09-2024,-,-,-,35,28-09-2024 12:04:28.977,September,Device temperature ,66
H- E,ps,28-09-2024,-,-,-,0,28-09-2024 12:26:53.191,September,Protorun Stopped,66
Home Command,ps,28-09-2024,-,-,-,0,28-09-2024 12:48:40.589,September,Home Reached,0
Home Command,ps,28-09-2024,-,-,-,0,28-09-2024 12:48:43.177,September,Home Reached,0
Home Command,ps,28-09-2024,U1,-,-,0,28-09-2024 12:48:50.795,September,Liquid Level - 2341,0
Home Command,ps,28-09-2024,U2,-,-,0,28-09-2024 12:48:55.101,September,Liquid Level - 2350,0
Level Sense,ps,28-09-2024,U3,-,-,0,28-09-2024 12:48:59.762,September,Liquid Level - 2347,0
Level Sense,ps,28-09-2024,U4,-,-,0,28-09-2024 12:49:04.442,September,Liquid Level - 2347,0
Level Sense,ps,28-09-2024,U5,-,-,0,28-09-2024 12:49:09.133,September,Liquid Level - 2336,0
Level Sense,ps,28-09-2024,U6,-,-,0,28-09-2024 12:49:13.785,September,Liquid Level - 2335,0
Level Sense,ps,28-09-2024,J1,-,-,0,28-09-2024 12:49:22.108,September,Liquid Level - 2342,0
Level Sense,ps,28-09-2024,J2,-,-,0,28-09-2024 12:49:26.607,September,Liquid Level - 2347,0
Level Sense,ps,28-09-2024,J3,-,-,0,28-09-2024 12:49:31.278,September,Liquid Level - 2354,0
Level Sense,ps,28-09-2024,J4,-,-,0,28-09-2024 12:49:35.946,September,Liquid Level - 2348,0
Level Sense,ps,28-09-2024,J5,-,-,0,28-09-2024 12:49:40.625,September,Liquid Level - 2354,0
Level Sense,ps,28-09-2024,J6,-,-,0,28-09-2024 12:49:45.309,September,Liquid Level - 2348,0
Level Sense,ps,28-09-2024,J7,-,-,0,28-09-2024 12:49:49.974,September,Liquid Level - 2347,0
Level Sense,ps,28-09-2024,J8,-,-,0,28-09-2024 12:49:54.637,September,Liquid Level - 2344,0
Level Sense,ps,28-09-2024,J9,-,-,0,28-09-2024 12:49:59.312,September,Liquid Level - 2351,0
Level Sense,ps,28-09-2024,W1,-,-,0,28-09-2024 12:50:03.997,September,Liquid Level - 2345,0
Level Sense,ps,28-09-2024,W2,-,-,0,28-09-2024 12:50:08.658,September,Liquid Level - 2341,0
Level Sense,ps,28-09-2024,W3,-,-,0,28-09-2024 12:50:13.322,September,Liquid Level - 2337,0
Level Sense,ps,28-09-2024,J10,-,-,0,28-09-2024 12:50:17.996,September,Liquid Level - 2344,0
Level Sense,ps,28-09-2024,J11,-,-,0,28-09-2024 12:50:22.662,September,Liquid Level - 2353,0
Level Sense,ps,28-09-2024,J12,-,-,0,28-09-2024 12:50:27.332,September,Liquid Level - 2334,0
Level Sense,ps,28-09-2024,J13,-,-,0,28-09-2024 12:50:31.999,September,Liquid Level - 2341,0
Level Sense,ps,28-09-2024,J14,-,-,0,28-09-2024 12:50:36.961,September,Liquid Level - 2346,0
Level Sense,ps,28-09-2024,J15,-,-,0,28-09-2024 12:50:41.349,September,Liquid Level - 2360,0
Level Sense,ps,28-09-2024,J16,-,-,0,28-09-2024 12:50:51.245,September,Liquid Level - 2347,0
Level Sense,ps,28-09-2024,J17,-,-,0,28-09-2024 12:50:55.686,September,Liquid Level - 2335,0
Level Sense,ps,28-09-2024,W4,-,-,0,28-09-2024 12:51:00.363,September,Liquid Level - 2332,0
Level Sense,ps,28-09-2024,W5,-,-,0,28-09-2024 12:51:05.047,September,Liquid Level - 2343,0
Level Sense,ps,28-09-2024,W6,-,-,0,28-09-2024 12:51:09.703,September,Liquid Level - 2342,0
Level Sense,ps,28-09-2024,J18,-,-,0,28-09-2024 12:51:14.381,September,Liquid Level - 2355,0
Level Sense,ps,28-09-2024,J19,-,-,0,28-09-2024 12:51:19.039,September,Liquid Level - 2349,0
Level Sense,ps,28-09-2024,J20,-,-,0,28-09-2024 12:51:23.690,September,Liquid Level - 2352,0
Level Sense,ps,28-09-2024,J21,-,-,0,28-09-2024 12:51:28.392,September,Liquid Level - 2358,0
Level Sense,ps,28-09-2024,J22,-,-,0,28-09-2024 12:51:33.042,September,Liquid Level - 2347,0
Level Sense,ps,28-09-2024,J23,-,-,0,28-09-2024 12:51:37.716,September,Liquid Level - 2361,0
Level Sense,ps,28-09-2024,J24,-,-,0,28-09-2024 12:51:42.394,September,Liquid Level - 2355,0
Level Sense,ps,28-09-2024,J25,-,-,0,28-09-2024 12:51:47.057,September,Liquid Level - 2354,0
Level Sense,ps,28-09-2024,J26,-,-,0,28-09-2024 12:51:58.239,September,Liquid Level - 2347,0
Level Sense,ps,28-09-2024,J27,-,-,0,28-09-2024 12:52:06.194,September,Liquid Level - 2344,0
Level Sense,ps,28-09-2024,J28,-,-,0,28-09-2024 12:52:10.574,September,Liquid Level - 2382,0
Level Sense,ps,28-09-2024,J29,-,-,0,28-09-2024 12:52:15.243,September,Liquid Level - 2371,0
Level Sense,ps,28-09-2024,J30,-,-,0,28-09-2024 12:52:19.956,September,Liquid Level - 2380,0
Level Sense,ps,28-09-2024,J31,-,-,0,28-09-2024 12:52:24.622,September,Liquid Level - 2374,0
Level Sense,ps,28-09-2024,J32,-,-,0,28-09-2024 12:52:29.279,September,Liquid Level - 2397,0
Level Sense,ps,28-09-2024,J33,-,-,0,28-09-2024 12:52:33.950,September,Liquid Level - 2396,0
Level Sense,ps,28-09-2024,H1,-,-,0,28-09-2024 12:52:40.305,September,Liquid Level - 3237,0
Level Sense,ps,28-09-2024,H2,-,-,0,28-09-2024 12:52:44.954,September,Liquid Level - 3225,0
Level Sense,ps,28-09-2024,H3,-,-,0,28-09-2024 12:52:49.643,September,Liquid Level - 3220,0
Level Sense,ps,28-09-2024,-,-,-,0,28-09-2024 12:53:02.734,September,Home Reached,0
Level Sense,ps,28-09-2024,-,-,-,0,28-09-2024 12:53:15.774,September,Home Reached,0
Level Sense,ps,28-09-2024,-,-,-,0,28-09-2024 12:53:15.785,September,,0
Home Command,ps,28-09-2024,-,-,-,0,28-09-2024 12:56:55.699,September,Home Reached,0
Home Command,ps,28-09-2024,-,-,-,0,28-09-2024 12:56:58.129,September,Home Reached,0
Home Command,ps,28-09-2024,-,-,-,0,28-09-2024 12:56:58.143,September,,0
Level Sense,ps,28-09-2024,U1,-,-,0,28-09-2024 12:57:05.720,September,Liquid Level - 2339,0
Level Sense,ps,28-09-2024,U2,-,-,0,28-09-2024 12:57:10.041,September,Liquid Level - 2348,0
Level Sense,ps,28-09-2024,U3,-,-,0,28-09-2024 12:57:14.714,September,Liquid Level - 2347,0
Level Sense,ps,28-09-2024,U4,-,-,0,28-09-2024 12:57:19.384,September,Liquid Level - 2348,0
Level Sense,ps,28-09-2024,U5,-,-,0,28-09-2024 12:57:24.047,September,Liquid Level - 2338,0
Level Sense,ps,28-09-2024,U6,-,-,0,28-09-2024 12:57:28.723,September,Liquid Level - 2337,0
Level Sense,ps,28-09-2024,J1,-,-,0,28-09-2024 12:57:37.098,September,Liquid Level - 2346,0
Level Sense,ps,28-09-2024,J2,-,-,0,28-09-2024 12:57:41.589,September,Liquid Level - 2346,0
Level Sense,ps,28-09-2024,J3,-,-,0,28-09-2024 12:57:46.243,September,Liquid Level - 2350,0
Level Sense,ps,28-09-2024,J4,-,-,0,28-09-2024 12:57:50.934,September,Liquid Level - 2350,0
Level Sense,ps,28-09-2024,J5,-,-,0,28-09-2024 12:57:55.614,September,Liquid Level - 2352,0
Level Sense,ps,28-09-2024,J6,-,-,0,28-09-2024 12:58:00.281,September,Liquid Level - 2350,0
Level Sense,ps,28-09-2024,J7,-,-,0,28-09-2024 12:58:04.951,September,Liquid Level - 2356,0
Level Sense,ps,28-09-2024,J8,-,-,0,28-09-2024 12:58:09.627,September,Liquid Level - 2350,0
Level Sense,ps,28-09-2024,J9,-,-,0,28-09-2024 12:58:14.291,September,Liquid Level - 2354,0
Level Sense,ps,28-09-2024,W1,-,-,0,28-09-2024 12:58:18.955,September,Liquid Level - 2341,0
Level Sense,ps,28-09-2024,W2,-,-,0,28-09-2024 12:58:23.623,September,Liquid Level - 2344,0
Level Sense,ps,28-09-2024,W3,-,-,0,28-09-2024 12:58:28.307,September,Liquid Level - 2335,0
Level Sense,ps,28-09-2024,J10,-,-,0,28-09-2024 12:58:32.979,September,Liquid Level - 2352,0
Level Sense,ps,28-09-2024,J11,-,-,0,28-09-2024 12:58:37.635,September,Liquid Level - 2348,0
Level Sense,ps,28-09-2024,J12,-,-,0,28-09-2024 12:58:42.322,September,Liquid Level - 2331,0
Level Sense,ps,28-09-2024,J13,-,-,0,28-09-2024 12:58:46.998,September,Liquid Level - 2346,0
Level Sense,ps,28-09-2024,J14,-,-,0,28-09-2024 12:58:51.841,September,Liquid Level - 2344,0
Level Sense,ps,28-09-2024,J15,-,-,0,28-09-2024 12:58:56.330,September,Liquid Level - 2354,0
Level Sense,ps,28-09-2024,J16,-,-,0,28-09-2024 12:59:01.026,September,Liquid Level - 2346,0
Level Sense,ps,28-09-2024,J17,-,-,0,28-09-2024 12:59:05.699,September,Liquid Level - 2337,0
Level Sense,ps,28-09-2024,W4,-,-,0,28-09-2024 12:59:10.435,September,Liquid Level - 2342,0
Level Sense,ps,28-09-2024,W5,-,-,0,28-09-2024 12:59:15.023,September,Liquid Level - 2347,0
Level Sense,ps,28-09-2024,W6,-,-,0,28-09-2024 12:59:19.691,September,Liquid Level - 2347,0
Level Sense,ps,28-09-2024,J18,-,-,0,28-09-2024 12:59:24.343,September,Liquid Level - 2351,0
Level Sense,ps,28-09-2024,J19,-,-,0,28-09-2024 12:59:29.022,September,Liquid Level - 2353,0
Level Sense,ps,28-09-2024,J20,-,-,0,28-09-2024 12:59:33.683,September,Liquid Level - 2354,0
Level Sense,ps,28-09-2024,J21,-,-,0,28-09-2024 12:59:38.348,September,Liquid Level - 2358,0
Level Sense,ps,28-09-2024,J22,-,-,0,28-09-2024 12:59:43.021,September,Liquid Level - 2347,0
Level Sense,ps,28-09-2024,J23,-,-,0,28-09-2024 12:59:47.688,September,Liquid Level - 2354,0
Level Sense,ps,28-09-2024,J24,-,-,0,28-09-2024 12:59:52.349,September,Liquid Level - 2360,0
Level Sense,ps,28-09-2024,J25,-,-,0,28-09-2024 12:59:57.024,September,Liquid Level - 2362,0
Level Sense,ps,28-09-2024,J26,-,-,0,28-09-2024 13:00:01.699,September,Liquid Level - 2340,0
Level Sense,ps,28-09-2024,J27,-,-,0,28-09-2024 13:00:09.653,September,Liquid Level - 2337,0
Level Sense,ps,28-09-2024,J28,-,-,0,28-09-2024 13:00:14.067,September,Liquid Level - 2387,0
Level Sense,ps,28-09-2024,J29,-,-,0,28-09-2024 13:00:18.727,September,Liquid Level - 2369,0
Level Sense,ps,28-09-2024,J30,-,-,0,28-09-2024 13:00:23.390,September,Liquid Level - 2374,0
Level Sense,ps,28-09-2024,J31,-,-,0,28-09-2024 13:00:28.069,September,Liquid Level - 2372,0
Level Sense,ps,28-09-2024,J32,-,-,0,28-09-2024 13:00:32.751,September,Liquid Level - 2402,0
Level Sense,ps,28-09-2024,J33,-,-,0,28-09-2024 13:00:37.416,September,Liquid Level - 2403,0
Level Sense,ps,28-09-2024,H1,-,-,0,28-09-2024 13:00:43.757,September,Liquid Level - 3232,0
Level Sense,ps,28-09-2024,H2,-,-,0,28-09-2024 13:00:48.413,September,Liquid Level - 3229,0
Level Sense,ps,28-09-2024,H3,-,-,0,28-09-2024 13:00:53.075,September,Liquid Level - 3220,0
Level Sense,ps,28-09-2024,-,-,-,0,28-09-2024 13:01:06.093,September,Home Reached,0
Level Sense,ps,28-09-2024,-,-,-,0,28-09-2024 13:01:11.919,September,Home Reached,0
Level Sense,ps,28-09-2024,-,-,-,0,28-09-2024 13:01:11.932,September,,0
H- E,ps,28-09-2024,-,-,-,0,28-09-2024 13:01:23.274,September,Protorun Started,67
H- E,ps,28-09-2024,-,-,-,0,28-09-2024 13:01:34.188,September,Home Reached,67
H- E,ps,28-09-2024,-,-,-,0,28-09-2024 13:01:34.203,September,,67
H- E,ps,28-09-2024,-,-,-,0,28-09-2024 13:01:37.870,September,Home Reached,67
H- E,ps,28-09-2024,-,-,-,0,28-09-2024 13:01:37.887,September,,67
H- E,ps,28-09-2024,H1,-,-,0,28-09-2024 13:01:52.278,September,Liquid Level - 3242,67
H- E,ps,28-09-2024,H2,-,-,0,28-09-2024 13:01:56.929,September,Liquid Level - 3234,67
H- E,ps,28-09-2024,H3,-,-,0,28-09-2024 13:02:01.614,September,Liquid Level - 3219,67
H- E,ps,28-09-2024,L1,-,-,0,28-09-2024 13:02:07.375,September,Liquid Level - 263,67
H- E,ps,28-09-2024,L2,-,-,0,28-09-2024 13:02:11.785,September,Liquid Level - 242,67
H- E,ps,28-09-2024,L3,-,-,0,28-09-2024 13:02:16.468,September,Liquid Level - 252,67
H- E,ps,28-09-2024,-,-,-,0,28-09-2024 13:02:28.152,September,Home Reached,67
H- E,ps,28-09-2024,-,-,-,0,28-09-2024 13:02:28.737,September,Home Status - 11111111,67
H- E,ps,28-09-2024,-,-,-,0,28-09-2024 13:02:30.439,September,Home Reached,67
H- E,ps,28-09-2024,-,-,-,0,28-09-2024 13:02:30.450,September,,67
H- E,ps,28-09-2024,L1,Heating,1,0,28-09-2024 13:02:42.443,September,1 Picked From L1,67
H- E,ps,28-09-2024,H1,Heating,1,0,28-09-2024 13:02:49.677,September,1 Placed In H1,67
H- E,ps,28-09-2024,L2,Heating,2,0,28-09-2024 13:02:56.355,September,2 Picked From L2,67
H- E,ps,28-09-2024,H2,Heating,2,0,28-09-2024 13:03:03.038,September,2 Placed In H2,67
H- E,ps,28-09-2024,L3,Heating,3,0,28-09-2024 13:03:09.241,September,3 Picked From L3,67
H- E,ps,28-09-2024,-,-,-,0,28-09-2024 13:03:15.939,September,Heater Door Closed,67
H- E,ps,28-09-2024,-,-,-,0,28-09-2024 13:03:16.263,September,Heater Switched On ,67
H- E,ps,28-09-2024,-,-,-,30,28-09-2024 13:03:16.742,September,30 - Temperature set to device,67
H- E,ps,28-09-2024,-,-,-,35,28-09-2024 13:03:21.917,September,Device temperature ,67
H- E,ps,28-09-2024,-,-,-,36,28-09-2024 13:03:31.980,September,Device temperature ,67
H- E,ps,28-09-2024,-,-,-,36,28-09-2024 13:03:36.969,September,Device temperature ,67
H- E,ps,28-09-2024,-,-,-,36,28-09-2024 13:03:42.013,September,Device temperature ,67
H- E,ps,28-09-2024,-,-,-,36,28-09-2024 13:03:46.975,September,Device temperature ,67
H- E,ps,28-09-2024,-,-,-,36,28-09-2024 13:03:51.980,September,Device temperature ,67
H- E,ps,28-09-2024,-,-,-,36,28-09-2024 13:03:56.978,September,Device temperature ,67
H- E,ps,28-09-2024,-,-,-,36,28-09-2024 13:04:01.973,September,Device temperature ,67
H- E,ps,28-09-2024,-,-,-,36,28-09-2024 13:04:06.968,September,Device temperature ,67
H- E,ps,28-09-2024,-,-,-,36,28-09-2024 13:04:11.980,September,Device temperature ,67
H- E,ps,28-09-2024,-,-,-,36,28-09-2024 13:04:16.974,September,Device temperature ,67
H- E,ps,28-09-2024,-,-,-,36,28-09-2024 13:04:21.969,September,Device temperature ,67
H- E,ps,28-09-2024,-,-,-,36,28-09-2024 13:04:26.967,September,Device temperature ,67
H- E,ps,28-09-2024,-,-,-,35,28-09-2024 13:04:31.975,September,Device temperature ,67
H- E,ps,28-09-2024,-,-,-,36,28-09-2024 13:04:36.959,September,Device temperature ,67
H- E,ps,28-09-2024,-,-,-,36,28-09-2024 13:04:41.972,September,Device temperature ,67
H- E,ps,28-09-2024,-,-,-,36,28-09-2024 13:04:46.976,September,Device temperature ,67
H- E,ps,28-09-2024,-,-,-,36,28-09-2024 13:04:51.975,September,Device temperature ,67
H- E,ps,28-09-2024,-,-,-,36,28-09-2024 13:04:56.961,September,Device temperature ,67
H- E,ps,28-09-2024,-,-,-,36,28-09-2024 13:05:01.959,September,Device temperature ,67
H- E,ps,28-09-2024,-,-,-,36,28-09-2024 13:05:06.967,September,Device temperature ,67
H- E,ps,28-09-2024,-,-,-,36,28-09-2024 13:05:11.973,September,Device temperature ,67
H- E,ps,28-09-2024,-,-,-,36,28-09-2024 13:05:16.968,September,Device temperature ,67
H- E,ps,28-09-2024,-,-,-,36,28-09-2024 13:05:21.978,September,Device temperature ,67
H- E,ps,28-09-2024,-,-,-,36,28-09-2024 13:05:26.977,September,Device temperature ,67
H- E,ps,28-09-2024,-,-,-,36,28-09-2024 13:05:31.977,September,Device temperature ,67
H- E,ps,28-09-2024,-,-,-,36,28-09-2024 13:05:36.968,September,Device temperature ,67
H- E,ps,28-09-2024,-,-,-,35,28-09-2024 13:05:41.980,September,Device temperature ,67
H- E,ps,28-09-2024,-,-,-,36,28-09-2024 13:05:46.969,September,Device temperature ,67
H- E,ps,28-09-2024,-,-,-,36,28-09-2024 13:05:51.971,September,Device temperature ,67
H- E,ps,28-09-2024,-,-,-,36,28-09-2024 13:05:56.969,September,Device temperature ,67
H- E,ps,28-09-2024,-,-,-,36,28-09-2024 13:06:01.966,September,Device temperature ,67
H- E,ps,28-09-2024,-,-,-,36,28-09-2024 13:06:07.042,September,Device temperature ,67
H- E,ps,28-09-2024,-,-,-,36,28-09-2024 13:06:11.973,September,Device temperature ,67
H- E,ps,28-09-2024,-,-,-,36,28-09-2024 13:06:16.974,September,Device temperature ,67
H- E,ps,28-09-2024,-,-,-,36,28-09-2024 13:06:21.968,September,Device temperature ,67
H- E,ps,28-09-2024,-,-,-,36,28-09-2024 13:06:26.970,September,Device temperature ,67
H- E,ps,28-09-2024,-,-,-,36,28-09-2024 13:06:31.973,September,Device temperature ,67
H- E,ps,28-09-2024,-,-,-,36,28-09-2024 13:06:36.979,September,Device temperature ,67
H- E,ps,28-09-2024,-,-,-,36,28-09-2024 13:06:41.975,September,Device temperature ,67
H- E,ps,28-09-2024,-,-,-,36,28-09-2024 13:06:46.982,September,Device temperature ,67
H- E,ps,28-09-2024,-,-,-,36,28-09-2024 13:06:51.971,September,Device temperature ,67
H- E,ps,28-09-2024,-,-,-,36,28-09-2024 13:06:56.969,September,Device temperature ,67
H- E,ps,28-09-2024,-,-,-,36,28-09-2024 13:07:01.970,September,Device temperature ,67
H- E,ps,28-09-2024,-,-,-,36,28-09-2024 13:07:06.966,September,Device temperature ,67
H- E,ps,28-09-2024,-,-,-,36,28-09-2024 13:07:11.980,September,Device temperature ,67
H- E,ps,28-09-2024,-,-,-,36,28-09-2024 13:07:16.973,September,Device temperature ,67
H- E,ps,28-09-2024,-,-,-,36,28-09-2024 13:07:21.975,September,Device temperature ,67
H- E,ps,28-09-2024,-,-,-,36,28-09-2024 13:07:26.972,September,Device temperature ,67
H- E,ps,28-09-2024,-,-,-,36,28-09-2024 13:07:31.972,September,Device temperature ,67
H- E,ps,28-09-2024,-,-,-,36,28-09-2024 13:07:36.974,September,Device temperature ,67
H- E,ps,28-09-2024,-,-,-,36,28-09-2024 13:07:41.969,September,Device temperature ,67
H- E,ps,28-09-2024,-,-,-,36,28-09-2024 13:07:47.285,September,Device temperature ,67
H- E,ps,28-09-2024,-,-,-,36,28-09-2024 13:07:51.976,September,Device temperature ,67
H- E,ps,28-09-2024,-,-,-,36,28-09-2024 13:07:56.974,September,Device temperature ,67
H- E,ps,28-09-2024,-,-,-,36,28-09-2024 13:08:02.043,September,Device temperature ,67
H- E,ps,28-09-2024,-,-,-,36,28-09-2024 13:08:06.966,September,Device temperature ,67
H- E,ps,28-09-2024,-,-,-,35,28-09-2024 13:08:11.968,September,Device temperature ,67
H- E,ps,28-09-2024,-,-,-,36,28-09-2024 13:08:16.970,September,Device temperature ,67
H- E,ps,28-09-2024,-,-,-,36,28-09-2024 13:08:21.981,September,Device temperature ,67
H- E,ps,28-09-2024,-,-,-,36,28-09-2024 13:08:26.969,September,Device temperature ,67
H- E,ps,28-09-2024,-,-,-,0,28-09-2024 13:08:31.960,September,Heater Switched Off ,67
H- E,ps,28-09-2024,-,-,-,0,28-09-2024 13:08:33.277,September,Heater Door Opened,67
H- E,ps,28-09-2024,,,R1,0,28-09-2024 13:08:33.958,September,Test Started,67
H- E,ps,28-09-2024,H1,Heating,R1,0,28-09-2024 13:08:40.758,September,Picked From,67
H- E,ps,28-09-2024,-,-,-,0,28-09-2024 13:08:41.288,September,Heater Door Closed,67
H- E,ps,28-09-2024,J1,XYLENE-1,R1,0,28-09-2024 13:08:47.638,September,Placed In,67
H- E,ps,28-09-2024,J1,XYLENE-1,R1,0,28-09-2024 13:13:53.108,September,Picked From,67
H- E,ps,28-09-2024,J2,XYLENE-2,R1,0,28-09-2024 13:13:58.919,September,Placed In,67
H- E,ps,28-09-2024,-,-,-,0,28-09-2024 13:18:02.220,September,Heater Door Opened,67
H- E,ps,28-09-2024,,,R2,0,28-09-2024 13:18:02.963,September,Test Started,67
H- E,ps,28-09-2024,H2,Heating,R2,0,28-09-2024 13:18:09.683,September,Picked From,67
H- E,ps,28-09-2024,-,-,-,0,28-09-2024 13:18:10.200,September,Heater Door Closed,67
H- E,ps,28-09-2024,J1,XYLENE-1,R2,0,28-09-2024 13:18:16.576,September,Placed In,67
H- E,ps,28-09-2024,J2,XYLENE-2,R1,0,28-09-2024 13:19:04.853,September,Picked From,67
H- E,ps,28-09-2024,J3,XYLENE-3,R1,0,28-09-2024 13:19:10.574,September,Placed In,67
H- E,ps,28-09-2024,J1,XYLENE-1,R2,0,28-09-2024 13:23:22.820,September,Picked From,67
H- E,ps,28-09-2024,J2,XYLENE-2,R2,0,28-09-2024 13:23:28.535,September,Placed In,67
H- E,ps,28-09-2024,J3,XYLENE-3,R1,0,28-09-2024 13:24:16.307,September,Picked From,67
H- E,ps,28-09-2024,J4,100 % Alcohol,R1,0,28-09-2024 13:24:22.015,September,Placed In,67
H- E,ps,28-09-2024,J4,100 % Alcohol,R1,0,28-09-2024 13:27:28.235,September,Picked From,67
H- E,ps,28-09-2024,J5,70%Alcohol,R1,0,28-09-2024 13:27:33.940,September,Placed In,67
H- E,ps,28-09-2024,J2,XYLENE-2,R2,0,28-09-2024 13:28:35.308,September,Picked From,67
H- E,ps,28-09-2024,J3,XYLENE-3,R2,0,28-09-2024 13:28:40.996,September,Placed In,67
H- E,ps,28-09-2024,-,-,-,0,28-09-2024 13:29:10.123,September,Heater Door Opened,67
H- E,ps,28-09-2024,,,R3,0,28-09-2024 13:29:10.867,September,Test Started,67
H- E,ps,28-09-2024,H3,Heating,R3,0,28-09-2024 13:29:18.063,September,Picked From,67
H- E,ps,28-09-2024,-,-,-,0,28-09-2024 13:29:18.602,September,Heater Door Closed,67
H- E,ps,28-09-2024,J1,XYLENE-1,R3,0,28-09-2024 13:29:25.449,September,Placed In,67
H- E,ps,28-09-2024,J5,70%Alcohol,R1,0,28-09-2024 13:30:41.147,September,Picked From,67
H- E,ps,28-09-2024,J6,50% Alcohol,R1,0,28-09-2024 13:30:46.860,September,Placed In,67
H- E,ps,28-09-2024,-,-,-,0,28-09-2024 13:31:18.991,September,Heater Door Opened,67
H- E,ps,28-09-2024,L1,-,-,0,28-09-2024 13:31:24.215,September,Liquid Level - 2380,67
H- E,ps,28-09-2024,L2,-,-,0,28-09-2024 13:31:28.561,September,Liquid Level - 2374,67
H- E,ps,28-09-2024,L3,-,-,0,28-09-2024 13:31:33.247,September,Liquid Level - 2378,67
H- E,ps,28-09-2024,-,-,-,0,28-09-2024 13:33:17.540,September,Home Reached,67
H- E,ps,28-09-2024,-,-,-,0,28-09-2024 13:33:21.238,September,Home Reached,67
H- E,ps,28-09-2024,-,-,-,0,28-09-2024 13:33:21.254,September,,67
H- E,ps,28-09-2024,W1,Tap Water,--,0,28-09-2024 13:33:29.074,September,Water Valve : 1 is On,67
H- E,ps,28-09-2024,J3,XYLENE-3,R2,0,28-09-2024 13:33:51.713,September,Picked From,67
H- E,ps,28-09-2024,J4,100 % Alcohol,R2,0,28-09-2024 13:33:57.435,September,Placed In,67
H- E,ps,28-09-2024,J6,50% Alcohol,R1,0,28-09-2024 13:34:04.092,September,Picked From,67
H- E,ps,28-09-2024,W1,Running TAP Water,R1,0,28-09-2024 13:34:11.288,September,Placed In,67
H- E,ps,28-09-2024,J1,XYLENE-1,R3,0,28-09-2024 13:34:34.679,September,Picked From,67
H- E,ps,28-09-2024,J2,XYLENE-2,R3,0,28-09-2024 13:34:40.363,September,Placed In,67
H- E,ps,28-09-2024,-,-,-,0,28-09-2024 13:35:05.990,September,Heater Door Opened,67
H- E,ps,28-09-2024,L1,-,-,0,28-09-2024 13:35:11.179,September,Liquid Level - 247,67
H- E,ps,28-09-2024,L2,-,-,0,28-09-2024 13:35:15.561,September,Liquid Level - 250,67
H- E,ps,28-09-2024,L3,-,-,0,28-09-2024 13:35:20.242,September,Liquid Level - 249,67
H- E,ps,28-09-2024,-,-,-,0,28-09-2024 13:35:31.920,September,Home Reached,67
H- E,ps,28-09-2024,-,-,-,0,28-09-2024 13:35:32.511,September,Home Status - 11111111,67
H- E,ps,28-09-2024,-,-,-,0,28-09-2024 13:35:34.199,September,Home Reached,67
H- E,ps,28-09-2024,L1,Heating,4,0,28-09-2024 13:35:49.624,September,4 Picked From L1,67
H- E,ps,28-09-2024,H1,Heating,4,0,28-09-2024 13:35:56.890,September,4 Placed In H1,67
H- E,ps,28-09-2024,L2,Heating,5,0,28-09-2024 13:36:03.566,September,5 Picked From L2,67
H- E,ps,28-09-2024,H2,Heating,5,0,28-09-2024 13:36:10.263,September,5 Placed In H2,67
H- E,ps,28-09-2024,L3,Heating,6,0,28-09-2024 13:36:16.463,September,3 Picked From L3,67
H- E,ps,28-09-2024,-,-,-,0,28-09-2024 13:36:23.263,September,Heater Door Closed,67
H- E,ps,28-09-2024,-,-,-,0,28-09-2024 13:36:23.505,September,Heater Switched On ,67
H- E,ps,28-09-2024,-,-,-,30,28-09-2024 13:36:23.999,September,30 - Temperature set to device,67
H- E,ps,28-09-2024,-,-,-,35,28-09-2024 13:36:29.194,September,Device temperature ,67
H- E,ps,28-09-2024,-,-,-,35,28-09-2024 13:36:39.278,September,Device temperature ,67
H- E,ps,28-09-2024,-,-,-,35,28-09-2024 13:36:44.244,September,Device temperature ,67
H- E,ps,28-09-2024,-,-,-,35,28-09-2024 13:36:49.260,September,Device temperature ,67
H- E,ps,28-09-2024,-,-,-,34,28-09-2024 13:36:54.254,September,Device temperature ,67
H- E,ps,28-09-2024,J4,100 % Alcohol,R2,0,28-09-2024 13:37:07.348,September,Picked From,67
H- E,ps,28-09-2024,J5,70%Alcohol,R2,0,28-09-2024 13:37:13.052,September,Placed In,67
H- E,ps,28-09-2024,-,-,-,35,28-09-2024 13:37:21.618,September,Device temperature ,67
H- E,ps,28-09-2024,W1,Tap Water,--,0,28-09-2024 13:37:23.752,September,Water Valve : 1 is Off,67
H- E,ps,28-09-2024,W1,Running TAP Water,R1,0,28-09-2024 13:37:32.221,September,Picked From,67
H- E,ps,28-09-2024,J8,Hematoxin,R1,0,28-09-2024 13:37:38.413,September,Placed In,67
H- E,ps,28-09-2024,-,-,-,35,28-09-2024 13:37:43.013,September,Device temperature ,67
H- E,ps,28-09-2024,-,-,-,35,28-09-2024 13:37:48.168,September,Device temperature ,67
H- E,ps,28-09-2024,-,-,-,35,28-09-2024 13:37:53.180,September,Device temperature ,67
H- E,ps,28-09-2024,-,-,-,35,28-09-2024 13:37:58.181,September,Device temperature ,67
H- E,ps,28-09-2024,-,-,-,35,28-09-2024 13:38:03.178,September,Device temperature ,67
H- E,ps,28-09-2024,-,-,-,36,28-09-2024 13:38:08.184,September,Device temperature ,67
H- E,ps,28-09-2024,-,-,-,35,28-09-2024 13:38:13.173,September,Device temperature ,67
H- E,ps,28-09-2024,-,-,-,35,28-09-2024 13:38:18.172,September,Device temperature ,67
H- E,ps,28-09-2024,-,-,-,36,28-09-2024 13:38:23.215,September,Device temperature ,67
H- E,ps,28-09-2024,-,-,-,35,28-09-2024 13:38:28.170,September,Device temperature ,67
H- E,ps,28-09-2024,-,-,-,35,28-09-2024 13:38:33.177,September,Device temperature ,67
H- E,ps,28-09-2024,-,-,-,35,28-09-2024 13:38:38.172,September,Device temperature ,67
H- E,ps,28-09-2024,-,-,-,35,28-09-2024 13:38:43.178,September,Device temperature ,67
H- E,ps,28-09-2024,-,-,-,35,28-09-2024 13:38:48.184,September,Device temperature ,67
H- E,ps,28-09-2024,-,-,-,35,28-09-2024 13:38:53.179,September,Device temperature ,67
H- E,ps,28-09-2024,-,-,-,35,28-09-2024 13:38:58.175,September,Device temperature ,67
H- E,ps,28-09-2024,-,-,-,35,28-09-2024 13:39:03.177,September,Device temperature ,67
H- E,ps,28-09-2024,-,-,-,35,28-09-2024 13:39:08.178,September,Device temperature ,67
H- E,ps,28-09-2024,-,-,-,35,28-09-2024 13:39:13.167,September,Device temperature ,67
H- E,ps,28-09-2024,-,-,-,35,28-09-2024 13:39:18.174,September,Device temperature ,67
H- E,ps,28-09-2024,-,-,-,35,28-09-2024 13:39:23.173,September,Device temperature ,67
H- E,ps,28-09-2024,-,-,-,35,28-09-2024 13:39:28.180,September,Device temperature ,67
H- E,ps,28-09-2024,-,-,-,34,28-09-2024 13:39:33.186,September,Device temperature ,67
H- E,ps,28-09-2024,-,-,-,35,28-09-2024 13:39:38.181,September,Device temperature ,67
H- E,ps,28-09-2024,J2,XYLENE-2,R3,0,28-09-2024 13:39:49.812,September,Picked From,67
H- E,ps,28-09-2024,J3,XYLENE-3,R3,0,28-09-2024 13:39:55.510,September,Placed In,67
H- E,ps,28-09-2024,-,-,-,34,28-09-2024 13:40:00.557,September,Device temperature ,67
H- E,ps,28-09-2024,-,-,-,35,28-09-2024 13:40:05.715,September,Device temperature ,67
H- E,ps,28-09-2024,-,-,-,35,28-09-2024 13:40:10.730,September,Device temperature ,67
H- E,ps,28-09-2024,J5,70%Alcohol,R2,0,28-09-2024 13:40:20.494,September,Picked From,67
H- E,ps,28-09-2024,J6,50% Alcohol,R2,0,28-09-2024 13:40:26.195,September,Placed In,67
H- E,ps,28-09-2024,-,-,-,35,28-09-2024 13:40:31.245,September,Device temperature ,67
H- E,ps,28-09-2024,-,-,-,35,28-09-2024 13:40:36.407,September,Device temperature ,67
H- E,ps,28-09-2024,-,-,-,35,28-09-2024 13:40:41.405,September,Device temperature ,67
H- E,ps,28-09-2024,-,-,-,35,28-09-2024 13:40:46.411,September,Device temperature ,67
H- E,ps,28-09-2024,-,-,-,35,28-09-2024 13:40:51.404,September,Device temperature ,67
H- E,ps,28-09-2024,-,-,-,35,28-09-2024 13:40:56.410,September,Device temperature ,67
H- E,ps,28-09-2024,-,-,-,35,28-09-2024 13:41:01.421,September,Device temperature ,67
H- E,ps,28-09-2024,-,-,-,35,28-09-2024 13:41:06.408,September,Device temperature ,67
H- E,ps,28-09-2024,-,-,-,35,28-09-2024 13:41:11.406,September,Device temperature ,67
H- E,ps,28-09-2024,-,-,-,35,28-09-2024 13:41:16.406,September,Device temperature ,67
H- E,ps,28-09-2024,-,-,-,35,28-09-2024 13:41:21.406,September,Device temperature ,67
H- E,ps,28-09-2024,-,-,-,35,28-09-2024 13:41:26.403,September,Device temperature ,67
H- E,ps,28-09-2024,-,-,-,35,28-09-2024 13:41:31.400,September,Device temperature ,67
H- E,ps,28-09-2024,-,-,-,0,28-09-2024 13:41:36.404,September,Heater Switched Off ,67
H- E,ps,28-09-2024,-,-,-,0,28-09-2024 13:41:37.734,September,Heater Door Opened,67
H- E,ps,28-09-2024,,,R4,0,28-09-2024 13:41:38.414,September,Test Started,67
H- E,ps,28-09-2024,H1,Heating,R4,0,28-09-2024 13:41:46.630,September,Picked From,67
H- E,ps,28-09-2024,-,-,-,0,28-09-2024 13:41:47.150,September,Heater Door Closed,67
H- E,ps,28-09-2024,J1,XYLENE-1,R4,0,28-09-2024 13:41:53.512,September,Placed In,67
H- E,ps,28-09-2024,W1,Tap Water,--,0,28-09-2024 13:43:09.369,September,Water Valve : 1 is On,67
H- E,ps,28-09-2024,J6,50% Alcohol,R2,0,28-09-2024 13:43:34.903,September,Picked From,67
H- E,ps,28-09-2024,W1,Running TAP Water,R2,0,28-09-2024 13:43:42.093,September,Placed In,67
H- E,ps,28-09-2024,J3,XYLENE-3,R3,0,28-09-2024 13:45:03.723,September,Picked From,67
H- E,ps,28-09-2024,J4,100 % Alcohol,R3,0,28-09-2024 13:45:09.433,September,Placed In,67
H- E,ps,28-09-2024,W2,Tap Water,--,0,28-09-2024 13:45:20.651,September,Water Valve : 2 is On,67
H- E,ps,28-09-2024,J8,Hematoxin,R1,0,28-09-2024 13:45:45.705,September,Picked From,67
H- E,ps,28-09-2024,W2,Running TAP Water,R1,0,28-09-2024 13:45:52.396,September,Placed In,67
H- E,ps,28-09-2024,W1,Tap Water,--,0,28-09-2024 13:46:43.269,September,Water Valve : 1 is Off,67
H- E,ps,28-09-2024,W1,Running TAP Water,R2,0,28-09-2024 13:46:49.730,September,Picked From,67
H- E,ps,28-09-2024,J8,Hematoxin,R2,0,28-09-2024 13:46:55.937,September,Placed In,67
H- E,ps,28-09-2024,J1,XYLENE-1,R4,0,28-09-2024 13:47:12.775,September,Picked From,67
H- E,ps,28-09-2024,J2,XYLENE-2,R4,0,28-09-2024 13:47:18.532,September,Placed In,67
H- E,ps,28-09-2024,J4,100 % Alcohol,R3,0,28-09-2024 13:48:15.660,September,Picked From,67
H- E,ps,28-09-2024,J5,70%Alcohol,R3,0,28-09-2024 13:48:21.345,September,Placed In,67
H- E,ps,28-09-2024,W2,Tap Water,--,0,28-09-2024 13:49:10.717,September,Water Valve : 2 is Off,67
H- E,ps,28-09-2024,W2,Running TAP Water,R1,0,28-09-2024 13:49:19.195,September,Picked From,67
H- E,ps,28-09-2024,W2,Tap Water,--,0,28-09-2024 13:49:19.380,September,Water Valve : 2 is On,67
H- E,ps,28-09-2024,J9,1%Acid Alcohol,R1,0,28-09-2024 13:49:26.114,September,Dipped In,67
H- E,ps,28-09-2024,W2,Running TAP Water,R1,0,28-09-2024 13:49:32.831,September,Placed In,67
H- E,ps,28-09-2024,J5,70%Alcohol,R3,0,28-09-2024 13:51:29.133,September,Picked From,67
H- E,ps,28-09-2024,J6,50% Alcohol,R3,0,28-09-2024 13:51:34.846,September,Placed In,67
H- E,ps,28-09-2024,J2,XYLENE-2,R4,0,28-09-2024 13:52:25.741,September,Picked From,67
H- E,ps,28-09-2024,J3,XYLENE-3,R4,0,28-09-2024 13:52:31.446,September,Placed In,67
H- E,ps,28-09-2024,W2,Tap Water,--,0,28-09-2024 13:53:07.139,September,Water Valve : 2 is Off,67
H- E,ps,28-09-2024,W2,Running TAP Water,R1,0,28-09-2024 13:53:16.607,September,Picked From,67
H- E,ps,28-09-2024,W6,Tap Water,--,0,28-09-2024 13:53:16.789,September,Water Valve : 6 is On,67
H- E,ps,28-09-2024,J18,Lithium Carbonate,R1,0,28-09-2024 13:53:23.507,September,Dipped In,67
H- E,ps,28-09-2024,W6,Running TAP Water,R1,0,28-09-2024 13:53:29.740,September,Placed In,67
H- E,ps,28-09-2024,W1,Tap Water,--,0,28-09-2024 13:54:17.085,September,Water Valve : 1 is On,67
H- E,ps,28-09-2024,J6,50% Alcohol,R3,0,28-09-2024 13:54:42.109,September,Picked From,67
H- E,ps,28-09-2024,W1,Running TAP Water,R3,0,28-09-2024 13:54:49.300,September,Placed In,67
H- E,ps,28-09-2024,W2,Tap Water,--,0,28-09-2024 13:54:50.140,September,Water Valve : 2 is On,67
H- E,ps,28-09-2024,J8,Hematoxin,R2,0,28-09-2024 13:55:02.170,September,Picked From,67
H- E,ps,28-09-2024,W2,Running TAP Water,R2,0,28-09-2024 13:55:08.867,September,Placed In,67
H- E,ps,28-09-2024,-,-,-,0,28-09-2024 13:55:38.160,September,Heater Door Opened,67
H- E,ps,28-09-2024,,,R5,0,28-09-2024 13:55:38.948,September,Test Started,67
H- E,ps,28-09-2024,H2,Heating,R5,0,28-09-2024 13:55:49.183,September,Picked From,67
H- E,ps,28-09-2024,-,-,-,0,28-09-2024 13:55:49.703,September,Heater Door Closed,67
H- E,ps,28-09-2024,J1,XYLENE-1,R5,0,28-09-2024 13:55:56.058,September,Placed In,67
H- E,ps,28-09-2024,W6,Tap Water,--,0,28-09-2024 13:56:29.993,September,Water Valve : 6 is Off,67
H- E,ps,28-09-2024,W6,Running TAP Water,R1,0,28-09-2024 13:56:39.975,September,Picked From,67
H- E,ps,28-09-2024,J19,Eosin,R1,0,28-09-2024 13:56:46.178,September,Dipped In,67
H- E,ps,28-09-2024,J20,95% Alcohol,R1,0,28-09-2024 13:56:51.871,September,Placed In,67
H- E,ps,28-09-2024,J3,XYLENE-3,R4,0,28-09-2024 13:57:38.699,September,Picked From,67
H- E,ps,28-09-2024,J4,100 % Alcohol,R4,0,28-09-2024 13:57:44.408,September,Placed In,67
H- E,ps,28-09-2024,W2,Tap Water,--,0,28-09-2024 13:58:09.112,September,Water Valve : 2 is Off,67
H- E,ps,28-09-2024,W2,Running TAP Water,R2,0,28-09-2024 13:58:18.093,September,Picked From,67
H- E,ps,28-09-2024,W2,Tap Water,--,0,28-09-2024 13:58:18.272,September,Water Valve : 2 is On,67
H- E,ps,28-09-2024,J9,1%Acid Alcohol,R2,0,28-09-2024 13:58:24.995,September,Dipped In,67
H- E,ps,28-09-2024,W2,Running TAP Water,R2,0,28-09-2024 13:58:31.905,September,Placed In,67
H- E,ps,28-09-2024,W1,Tap Water,--,0,28-09-2024 13:58:36.903,September,Water Valve : 1 is Off,67
H- E,ps,28-09-2024,W1,Running TAP Water,R3,0,28-09-2024 13:58:43.369,September,Picked From,67
H- E,ps,28-09-2024,J8,Hematoxin,R3,0,28-09-2024 13:58:49.563,September,Placed In,67
H- E,ps,28-09-2024,J20,95% Alcohol,R1,0,28-09-2024 13:59:58.141,September,Picked From,67
H- E,ps,28-09-2024,J21,100 % Alcohol,R1,0,28-09-2024 14:00:03.848,September,Placed In,67
H- E,ps,28-09-2024,J4,100 % Alcohol,R4,0,28-09-2024 14:00:50.677,September,Picked From,67
H- E,ps,28-09-2024,J5,70%Alcohol,R4,0,28-09-2024 14:00:56.381,September,Placed In,67
H- E,ps,28-09-2024,W2,Tap Water,--,0,28-09-2024 14:01:32.180,September,Water Valve : 2 is Off,67
H- E,ps,28-09-2024,W2,Running TAP Water,R2,0,28-09-2024 14:01:40.662,September,Picked From,67
H- E,ps,28-09-2024,W6,Tap Water,--,0,28-09-2024 14:01:40.839,September,Water Valve : 6 is On,67
H- E,ps,28-09-2024,J18,Lithium Carbonate,R2,0,28-09-2024 14:01:47.539,September,Dipped In,67
H- E,ps,28-09-2024,W6,Running TAP Water,R2,0,28-09-2024 14:01:53.758,September,Placed In,67
H- E,ps,28-09-2024,J21,100 % Alcohol,R1,0,28-09-2024 14:03:55.136,September,Picked From,67
H- E,ps,28-09-2024,J22,100 % Alcohol,R1,0,28-09-2024 14:04:00.848,September,Placed In,67
H- E,ps,28-09-2024,J1,XYLENE-1,R5,0,28-09-2024 14:04:15.690,September,Picked From,67
H- E,ps,28-09-2024,J2,XYLENE-2,R5,0,28-09-2024 14:04:22.384,September,Placed In,67
H- E,ps,28-09-2024,J5,70%Alcohol,R4,0,28-09-2024 14:04:35.139,September,Picked From,67
H- E,ps,28-09-2024,J6,50% Alcohol,R4,0,28-09-2024 14:04:40.819,September,Placed In,67
H- E,ps,28-09-2024,W6,Tap Water,--,0,28-09-2024 14:05:12.110,September,Water Valve : 6 is Off,67
H- E,ps,28-09-2024,W6,Running TAP Water,R2,0,28-09-2024 14:05:20.086,September,Picked From,67
H- E,ps,28-09-2024,J19,Eosin,R2,0,28-09-2024 14:05:26.269,September,Dipped In,67
H- E,ps,28-09-2024,J20,95% Alcohol,R2,0,28-09-2024 14:05:31.982,September,Placed In,67
H- E,ps,28-09-2024,-,-,-,0,28-09-2024 14:05:58.676,September,Protorun Stopped,67
