H&E,ps,24-02-2025,-,-,-,0,24-02-2025 17:28:28.736,February,Protorun Started,265
H&E,ps,24-02-2025,-,-,-,30,24-02-2025 17:28:39.079,February,30 - Temperature set to device,265
H&E,ps,24-02-2025,-,-,-,0,24-02-2025 17:28:40.344,February,Heater Switched On ,265
H&E,ps,24-02-2025,-,-,-,0,24-02-2025 17:28:41.770,February,Heater Door Closed,265
H&E,ps,24-02-2025,-,-,-,545,24-02-2025 17:28:42.201,February,Device temperature ,265
H&E,ps,24-02-2025,W1,Tap Water,--,0,24-02-2025 17:28:47.469,February,Water Valve : 1 is Off,265
H&E,ps,24-02-2025,W2,Tap Water,--,0,24-02-2025 17:28:48.239,February,Water Valve : 2 is Off,265
H&E,ps,24-02-2025,W3,Tap Water,--,0,24-02-2025 17:28:49.011,February,Water Valve : 3 is Off,265
H&E,ps,24-02-2025,W4,Tap Water,--,0,24-02-2025 17:28:49.784,February,Water Valve : 4 is Off,265
H&E,ps,24-02-2025,W5,Tap Water,--,0,24-02-2025 17:28:50.570,February,Water Valve : 5 is Off,265
H&E,ps,24-02-2025,W6,Tap Water,--,0,24-02-2025 17:28:51.343,February,Water Valve : 6 is Off,265
H&E,ps,24-02-2025,-,-,-,0,24-02-2025 17:29:05.401,February,Home Reached,265
H&E,ps,24-02-2025,-,-,-,0,24-02-2025 17:29:21.169,February,Home Reached,265
H&E,ps,24-02-2025,L1,-,-,0,24-02-2025 17:29:34.910,February,Liquid Level - 851,265
H&E,ps,24-02-2025,L2,-,-,0,24-02-2025 17:29:42.524,February,Liquid Level - 854,265
H&E,ps,24-02-2025,L3,-,-,0,24-02-2025 17:29:45.283,February,Liquid Level - 861,265
H&E,ps,24-02-2025,-,-,-,0,24-02-2025 17:29:59.102,February,Home Reached,265
H&E,ps,24-02-2025,-,-,-,0,24-02-2025 17:30:14.882,February,Home Reached,265
H&E,ps,24-02-2025,-,-,-,0,24-02-2025 17:32:43.194,February,Protorun Started,266
H&E,ps,24-02-2025,-,-,-,30,24-02-2025 17:32:53.867,February,30 - Temperature set to device,266
H&E,ps,24-02-2025,-,-,-,0,24-02-2025 17:32:55.124,February,Heater Switched On ,266
H&E,ps,24-02-2025,-,-,-,0,24-02-2025 17:32:56.553,February,Heater Door Closed,266
H&E,ps,24-02-2025,-,-,-,39,24-02-2025 17:32:56.985,February,Device temperature ,266
H&E,ps,24-02-2025,W1,Tap Water,--,0,24-02-2025 17:33:02.258,February,Water Valve : 1 is Off,266
H&E,ps,24-02-2025,W2,Tap Water,--,0,24-02-2025 17:33:03.030,February,Water Valve : 2 is Off,266
H&E,ps,24-02-2025,W3,Tap Water,--,0,24-02-2025 17:33:03.805,February,Water Valve : 3 is Off,266
H&E,ps,24-02-2025,W4,Tap Water,--,0,24-02-2025 17:33:04.577,February,Water Valve : 4 is Off,266
H&E,ps,24-02-2025,W5,Tap Water,--,0,24-02-2025 17:33:05.366,February,Water Valve : 5 is Off,266
H&E,ps,24-02-2025,W6,Tap Water,--,0,24-02-2025 17:33:06.142,February,Water Valve : 6 is Off,266
H&E,ps,24-02-2025,-,-,-,0,24-02-2025 17:33:11.507,February,Home Reached,266
H&E,ps,24-02-2025,-,-,-,0,24-02-2025 17:33:14.191,February,Home Reached,266
H&E,ps,24-02-2025,L1,-,-,0,24-02-2025 17:33:24.352,February,Liquid Level - 322,266
H&E,ps,24-02-2025,L2,-,-,0,24-02-2025 17:33:27.044,February,Liquid Level - 332,266
H&E,ps,24-02-2025,L3,-,-,0,24-02-2025 17:33:29.819,February,Liquid Level - 313,266
H&E,ps,24-02-2025,-,-,-,0,24-02-2025 17:33:41.470,February,Home Reached,266
H&E,ps,24-02-2025,-,-,-,0,24-02-2025 17:33:44.056,February,Home Reached,266
H&E,ps,24-02-2025,,,R1,0,24-02-2025 17:33:46.077,February,Test Started,266
H&E,ps,24-02-2025,L1,Loading,R1,0,24-02-2025 17:33:57.447,February,Picked From,266
H&E,ps,24-02-2025,H1,Heating,R1,0,24-02-2025 17:34:33.852,February,Placed In,266
H&E,ps,24-02-2025,-,-,-,0,24-02-2025 17:34:34.304,February,Heater Door Closed,266
H&E,ps,24-02-2025,-,-,-,37,24-02-2025 17:34:35.065,February,Device temperature ,266
H&E,ps,24-02-2025,-,-,-,0,24-02-2025 17:34:35.700,February,Heater Door Opened,266
H&E,ps,24-02-2025,H1,Heating,R1,0,24-02-2025 17:34:41.640,February,Picked From,266
H&E,ps,24-02-2025,-,-,-,0,24-02-2025 17:34:42.315,February,Heater Door Closed,266
H&E,ps,24-02-2025,J1,XYLENE-1,R1,0,24-02-2025 17:35:05.829,February,Placed In,266
H&E,ps,24-02-2025,-,-,-,0,24-02-2025 17:36:52.053,February,Heater Switched Off ,266
H&E,ps,24-02-2025,W1,Tap Water,--,0,24-02-2025 17:36:53.146,February,Water Valve : 1 is Off,266
H&E,ps,24-02-2025,W2,Tap Water,--,0,24-02-2025 17:36:53.922,February,Water Valve : 2 is Off,266
H&E,ps,24-02-2025,W3,Tap Water,--,0,24-02-2025 17:36:54.696,February,Water Valve : 3 is Off,266
H&E,ps,24-02-2025,W4,Tap Water,--,0,24-02-2025 17:36:55.467,February,Water Valve : 4 is Off,266
H&E,ps,24-02-2025,W5,Tap Water,--,0,24-02-2025 17:36:56.242,February,Water Valve : 5 is Off,266
H&E,ps,24-02-2025,W6,Tap Water,--,0,24-02-2025 17:36:57.011,February,Water Valve : 6 is Off,266
H&E,ps,24-02-2025,-,-,-,0,24-02-2025 17:36:57.509,February,Protorun Stopped,266
H&E,ps,24-02-2025,-,-,-,0,24-02-2025 17:38:18.957,February,Protorun Started,267
H&E,ps,24-02-2025,-,-,-,30,24-02-2025 17:38:29.430,February,30 - Temperature set to device,267
H&E,ps,24-02-2025,-,-,-,0,24-02-2025 17:38:30.735,February,Heater Switched On ,267
H&E,ps,24-02-2025,-,-,-,0,24-02-2025 17:38:32.153,February,Heater Door Closed,267
H&E,ps,24-02-2025,-,-,-,38,24-02-2025 17:38:32.585,February,Device temperature ,267
H&E,ps,24-02-2025,W1,Tap Water,--,0,24-02-2025 17:38:37.860,February,Water Valve : 1 is Off,267
H&E,ps,24-02-2025,W2,Tap Water,--,0,24-02-2025 17:38:38.632,February,Water Valve : 2 is Off,267
H&E,ps,24-02-2025,W3,Tap Water,--,0,24-02-2025 17:38:39.388,February,Water Valve : 3 is Off,267
H&E,ps,24-02-2025,W4,Tap Water,--,0,24-02-2025 17:38:40.160,February,Water Valve : 4 is Off,267
H&E,ps,24-02-2025,W5,Tap Water,--,0,24-02-2025 17:38:40.930,February,Water Valve : 5 is Off,267
H&E,ps,24-02-2025,W6,Tap Water,--,0,24-02-2025 17:38:41.699,February,Water Valve : 6 is Off,267
H&E,ps,24-02-2025,-,-,-,0,24-02-2025 17:38:53.613,February,Home Reached,267
H&E,ps,24-02-2025,-,-,-,0,24-02-2025 17:38:56.265,February,Home Reached,267
H&E,ps,24-02-2025,L1,-,-,0,24-02-2025 17:39:06.411,February,Liquid Level - 472,267
H&E,ps,24-02-2025,L2,-,-,0,24-02-2025 17:39:09.122,February,Liquid Level - 502,267
H&E,ps,24-02-2025,L3,-,-,0,24-02-2025 17:39:11.873,February,Liquid Level - 466,267
H&E,ps,24-02-2025,-,-,-,0,24-02-2025 17:39:23.507,February,Home Reached,267
H&E,ps,24-02-2025,-,-,-,0,24-02-2025 17:39:26.155,February,Home Reached,267
H&E,ps,24-02-2025,,,R1,0,24-02-2025 17:39:28.171,February,Test Started,267
H&E,ps,24-02-2025,L1,Loading,R1,0,24-02-2025 17:39:39.566,February,Picked From,267
H&E,ps,24-02-2025,H1,Heating,R1,0,24-02-2025 17:40:55.288,February,Placed In,267
H&E,ps,24-02-2025,-,-,-,0,24-02-2025 17:40:56.020,February,Heater Door Closed,267
H&E,ps,24-02-2025,-,-,-,36,24-02-2025 17:40:56.375,February,Device temperature ,267
H&E,ps,24-02-2025,-,-,-,0,24-02-2025 17:41:01.788,February,Heater Door Opened,267
H&E,ps,24-02-2025,H1,Heating,R1,0,24-02-2025 17:41:14.671,February,Picked From,267
H&E,ps,24-02-2025,-,-,-,0,24-02-2025 17:41:43.191,February,Heater Door Closed,267
H&E,ps,24-02-2025,J1,XYLENE-1,R1,0,24-02-2025 17:42:38.314,February,Placed In,267
H&E,ps,24-02-2025,-,-,-,0,24-02-2025 17:43:01.562,February,Heater Switched Off ,267
H&E,ps,24-02-2025,W1,Tap Water,--,0,24-02-2025 17:43:02.657,February,Water Valve : 1 is Off,267
H&E,ps,24-02-2025,W2,Tap Water,--,0,24-02-2025 17:43:03.436,February,Water Valve : 2 is Off,267
H&E,ps,24-02-2025,W3,Tap Water,--,0,24-02-2025 17:43:04.221,February,Water Valve : 3 is Off,267
H&E,ps,24-02-2025,W4,Tap Water,--,0,24-02-2025 17:43:04.993,February,Water Valve : 4 is Off,267
H&E,ps,24-02-2025,W5,Tap Water,--,0,24-02-2025 17:43:05.750,February,Water Valve : 5 is Off,267
H&E,ps,24-02-2025,W6,Tap Water,--,0,24-02-2025 17:43:06.525,February,Water Valve : 6 is Off,267
H&E,ps,24-02-2025,-,-,-,0,24-02-2025 17:43:07.024,February,Protorun Stopped,267
H&E,ps,24-02-2025,-,-,-,0,24-02-2025 17:47:16.808,February,Protorun Started,268
H&E,ps,24-02-2025,-,-,-,30,24-02-2025 17:47:27.344,February,30 - Temperature set to device,268
H&E,ps,24-02-2025,-,-,-,0,24-02-2025 17:47:28.622,February,Heater Switched On ,268
H&E,ps,24-02-2025,-,-,-,0,24-02-2025 17:47:30.057,February,Heater Door Closed,268
H&E,ps,24-02-2025,-,-,-,37,24-02-2025 17:47:30.493,February,Device temperature ,268
H&E,ps,24-02-2025,W1,Tap Water,--,0,24-02-2025 17:47:35.760,February,Water Valve : 1 is Off,268
H&E,ps,24-02-2025,W2,Tap Water,--,0,24-02-2025 17:47:36.522,February,Water Valve : 2 is Off,268
H&E,ps,24-02-2025,W3,Tap Water,--,0,24-02-2025 17:47:37.295,February,Water Valve : 3 is Off,268
H&E,ps,24-02-2025,W4,Tap Water,--,0,24-02-2025 17:47:38.083,February,Water Valve : 4 is Off,268
H&E,ps,24-02-2025,W5,Tap Water,--,0,24-02-2025 17:47:38.871,February,Water Valve : 5 is Off,268
H&E,ps,24-02-2025,W6,Tap Water,--,0,24-02-2025 17:47:39.629,February,Water Valve : 6 is Off,268
H&E,ps,24-02-2025,-,-,-,0,24-02-2025 17:47:51.549,February,Home Reached,268
H&E,ps,24-02-2025,-,-,-,0,24-02-2025 17:47:54.212,February,Home Reached,268
H&E,ps,24-02-2025,L1,-,-,0,24-02-2025 17:48:04.333,February,Liquid Level - 344,268
H&E,ps,24-02-2025,L2,-,-,0,24-02-2025 17:48:07.064,February,Liquid Level - 314,268
H&E,ps,24-02-2025,L3,-,-,0,24-02-2025 17:48:09.847,February,Liquid Level - 323,268
H&E,ps,24-02-2025,-,-,-,0,24-02-2025 17:48:21.484,February,Home Reached,268
H&E,ps,24-02-2025,-,-,-,0,24-02-2025 17:48:24.130,February,Home Reached,268
H&E,ps,24-02-2025,,XYLENE-1,R1,0,24-02-2025 17:48:39.882,February,Test Started,268
H&E,ps,24-02-2025,L1,Loading,R1,0,24-02-2025 17:50:24.855,February,Picked From,268
H&E,ps,24-02-2025,H1,Heating,R1,0,24-02-2025 17:55:08.093,February,Placed In,268
H&E,ps,24-02-2025,-,-,-,0,24-02-2025 17:55:45.361,February,Heater Door Closed,268
H&E,ps,24-02-2025,-,-,-,36,24-02-2025 17:55:45.832,February,Device temperature ,268
H&E,ps,24-02-2025,-,-,-,36,24-02-2025 17:55:51.107,February,Device temperature ,268
H&E,ps,24-02-2025,-,-,-,36,24-02-2025 17:55:56.393,February,Device temperature ,268
H&E,ps,24-02-2025,-,-,-,36,24-02-2025 17:56:01.664,February,Device temperature ,268
H&E,ps,24-02-2025,-,-,-,36,24-02-2025 17:56:06.926,February,Device temperature ,268
H&E,ps,24-02-2025,-,-,-,36,24-02-2025 17:56:12.190,February,Device temperature ,268
H&E,ps,24-02-2025,-,-,-,36,24-02-2025 17:56:17.465,February,Device temperature ,268
H&E,ps,24-02-2025,-,-,-,36,24-02-2025 17:56:22.732,February,Device temperature ,268
H&E,ps,24-02-2025,-,-,-,36,24-02-2025 17:56:28.016,February,Device temperature ,268
H&E,ps,24-02-2025,-,-,-,36,24-02-2025 17:56:33.294,February,Device temperature ,268
H&E,ps,24-02-2025,-,-,-,36,24-02-2025 17:56:38.571,February,Device temperature ,268
H&E,ps,24-02-2025,-,-,-,36,24-02-2025 17:56:43.831,February,Device temperature ,268
H&E,ps,24-02-2025,-,-,-,36,24-02-2025 17:56:49.104,February,Device temperature ,268
H&E,ps,24-02-2025,-,-,-,37,24-02-2025 17:56:54.383,February,Device temperature ,268
H&E,ps,24-02-2025,-,-,-,37,24-02-2025 17:56:59.640,February,Device temperature ,268
H&E,ps,24-02-2025,-,-,-,36,24-02-2025 17:57:04.913,February,Device temperature ,268
H&E,ps,24-02-2025,-,-,-,36,24-02-2025 17:57:10.180,February,Device temperature ,268
H&E,ps,24-02-2025,-,-,-,37,24-02-2025 17:57:15.441,February,Device temperature ,268
H&E,ps,24-02-2025,-,-,-,37,24-02-2025 17:57:20.710,February,Device temperature ,268
H&E,ps,24-02-2025,-,-,-,36,24-02-2025 17:57:25.984,February,Device temperature ,268
H&E,ps,24-02-2025,-,-,-,36,24-02-2025 17:57:31.274,February,Device temperature ,268
H&E,ps,24-02-2025,-,-,-,37,24-02-2025 17:57:36.536,February,Device temperature ,268
H&E,ps,24-02-2025,-,-,-,37,24-02-2025 17:57:41.806,February,Device temperature ,268
H&E,ps,24-02-2025,-,-,-,37,24-02-2025 17:57:47.071,February,Device temperature ,268
H&E,ps,24-02-2025,-,-,-,37,24-02-2025 17:57:52.355,February,Device temperature ,268
H&E,ps,24-02-2025,-,-,-,37,24-02-2025 17:57:57.635,February,Device temperature ,268
H&E,ps,24-02-2025,-,-,-,37,24-02-2025 17:58:02.915,February,Device temperature ,268
H&E,ps,24-02-2025,-,-,-,36,24-02-2025 17:58:08.183,February,Device temperature ,268
H&E,ps,24-02-2025,-,-,-,36,24-02-2025 17:58:13.446,February,Device temperature ,268
H&E,ps,24-02-2025,-,-,-,37,24-02-2025 17:58:18.719,February,Device temperature ,268
H&E,ps,24-02-2025,-,-,-,37,24-02-2025 17:58:24.000,February,Device temperature ,268
H&E,ps,24-02-2025,-,-,-,37,24-02-2025 17:58:29.278,February,Device temperature ,268
H&E,ps,24-02-2025,-,-,-,37,24-02-2025 17:58:34.568,February,Device temperature ,268
H&E,ps,24-02-2025,-,-,-,37,24-02-2025 17:58:39.826,February,Device temperature ,268
H&E,ps,24-02-2025,-,-,-,37,24-02-2025 17:58:45.105,February,Device temperature ,268
H&E,ps,24-02-2025,-,-,-,37,24-02-2025 17:58:50.359,February,Device temperature ,268
H&E,ps,24-02-2025,-,-,-,37,24-02-2025 17:58:55.638,February,Device temperature ,268
H&E,ps,24-02-2025,-,-,-,37,24-02-2025 17:59:00.926,February,Device temperature ,268
H&E,ps,24-02-2025,-,-,-,37,24-02-2025 17:59:06.201,February,Device temperature ,268
H&E,ps,24-02-2025,-,-,-,37,24-02-2025 17:59:11.473,February,Device temperature ,268
H&E,ps,24-02-2025,-,-,-,37,24-02-2025 17:59:16.752,February,Device temperature ,268
H&E,ps,24-02-2025,-,-,-,37,24-02-2025 17:59:22.038,February,Device temperature ,268
H&E,ps,24-02-2025,-,-,-,37,24-02-2025 17:59:27.307,February,Device temperature ,268
H&E,ps,24-02-2025,-,-,-,37,24-02-2025 17:59:32.584,February,Device temperature ,268
H&E,ps,24-02-2025,-,-,-,37,24-02-2025 17:59:37.861,February,Device temperature ,268
H&E,ps,24-02-2025,-,-,-,37,24-02-2025 17:59:43.148,February,Device temperature ,268
H&E,ps,24-02-2025,-,-,-,36,24-02-2025 17:59:48.415,February,Device temperature ,268
H&E,ps,24-02-2025,-,-,-,37,24-02-2025 17:59:53.676,February,Device temperature ,268
H&E,ps,24-02-2025,-,-,-,37,24-02-2025 17:59:58.946,February,Device temperature ,268
H&E,ps,24-02-2025,-,-,-,37,24-02-2025 18:00:04.206,February,Device temperature ,268
H&E,ps,24-02-2025,-,-,-,37,24-02-2025 18:00:09.481,February,Device temperature ,268
H&E,ps,24-02-2025,-,-,-,37,24-02-2025 18:00:14.736,February,Device temperature ,268
H&E,ps,24-02-2025,-,-,-,37,24-02-2025 18:00:20.006,February,Device temperature ,268
H&E,ps,24-02-2025,-,-,-,37,24-02-2025 18:00:25.266,February,Device temperature ,268
H&E,ps,24-02-2025,-,-,-,37,24-02-2025 18:00:30.539,February,Device temperature ,268
H&E,ps,24-02-2025,-,-,-,37,24-02-2025 18:00:35.811,February,Device temperature ,268
DHPL,ps,24-02-2025,-,-,-,0,24-02-2025 18:36:50.957,February,Protorun Started,269
DHPL,ps,24-02-2025,-,-,-,0,24-02-2025 18:37:27.695,February,Protorun Started,270
DHPL,ps,24-02-2025,-,-,-,0,24-02-2025 18:38:20.732,February,Protorun Started,271
DHPL,ps,24-02-2025,W1,Tap Water,--,0,24-02-2025 18:38:24.772,February,Water Valve : 1 is Off,271
DHPL,ps,24-02-2025,W2,Tap Water,--,0,24-02-2025 18:38:25.530,February,Water Valve : 2 is Off,271
DHPL,ps,24-02-2025,W3,Tap Water,--,0,24-02-2025 18:38:26.314,February,Water Valve : 3 is Off,271
DHPL,ps,24-02-2025,W4,Tap Water,--,0,24-02-2025 18:38:27.099,February,Water Valve : 4 is Off,271
DHPL,ps,24-02-2025,W5,Tap Water,--,0,24-02-2025 18:38:27.860,February,Water Valve : 5 is Off,271
DHPL,ps,24-02-2025,W6,Tap Water,--,0,24-02-2025 18:38:28.623,February,Water Valve : 6 is Off,271
DHPL,ps,24-02-2025,-,-,-,0,24-02-2025 18:38:42.101,February,Home Reached,271
DHPL,ps,24-02-2025,-,-,-,0,24-02-2025 18:38:44.717,February,Home Reached,271
DHPL,ps,24-02-2025,L1,-,-,0,24-02-2025 18:38:54.858,February,Liquid Level - 342,271
DHPL,ps,24-02-2025,L2,-,-,0,24-02-2025 18:38:57.575,February,Liquid Level - 301,271
DHPL,ps,24-02-2025,L3,-,-,0,24-02-2025 18:39:00.361,February,Liquid Level - 326,271
DHPL,ps,24-02-2025,-,-,-,0,24-02-2025 18:39:12.001,February,Home Reached,271
DHPL,ps,24-02-2025,-,-,-,0,24-02-2025 18:39:14.617,February,Home Reached,271
DHPL,ps,24-02-2025,,,R1,0,24-02-2025 18:39:20.003,February,Test Started,271
DHPL,ps,24-02-2025,L1,Loading,R1,0,24-02-2025 18:39:33.292,February,Picked From,271
DHPL,ps,24-02-2025,J1,70%Alcohol,R1,0,24-02-2025 18:40:02.363,February,Placed In,271
DHPL,ps,24-02-2025,J1,70%Alcohol,R1,0,24-02-2025 18:42:09.179,February,Picked From,271
DHPL,ps,24-02-2025,J2,95% Alcohol,R1,0,24-02-2025 18:42:23.141,February,Placed In,271
DHPL,ps,24-02-2025,,,R2,0,24-02-2025 18:43:18.104,February,Test Started,271
DHPL,ps,24-02-2025,L2,Loading,R2,0,24-02-2025 18:43:25.040,February,Picked From,271
DHPL,ps,24-02-2025,J1,70%Alcohol,R2,0,24-02-2025 18:43:31.881,February,Placed In,271
DHPL,ps,24-02-2025,J1,70%Alcohol,R2,0,24-02-2025 18:43:37.964,February,Picked From,271
DHPL,ps,24-02-2025,J2,95% Alcohol,R2,0,24-02-2025 18:43:44.317,February,Placed In,271
DHPL,ps,24-02-2025,J2,95% Alcohol,R2,0,24-02-2025 18:45:37.992,February,Picked From,271
DHPL,ps,24-02-2025,J3,100 % Alcohol,R2,0,24-02-2025 18:45:44.360,February,Placed In,271
DHPL,ps,24-02-2025,-,-,-,0,24-02-2025 18:48:20.754,February,Protorun Started,272
DHPL,ps,24-02-2025,W1,Tap Water,--,0,24-02-2025 18:48:24.544,February,Water Valve : 1 is Off,272
DHPL,ps,24-02-2025,W2,Tap Water,--,0,24-02-2025 18:48:25.316,February,Water Valve : 2 is Off,272
DHPL,ps,24-02-2025,W3,Tap Water,--,0,24-02-2025 18:48:26.092,February,Water Valve : 3 is Off,272
DHPL,ps,24-02-2025,W4,Tap Water,--,0,24-02-2025 18:48:26.869,February,Water Valve : 4 is Off,272
DHPL,ps,24-02-2025,W5,Tap Water,--,0,24-02-2025 18:48:27.630,February,Water Valve : 5 is Off,272
DHPL,ps,24-02-2025,W6,Tap Water,--,0,24-02-2025 18:48:28.407,February,Water Valve : 6 is Off,272
DHPL,ps,24-02-2025,-,-,-,0,24-02-2025 18:48:38.904,February,Home Reached,272
DHPL,ps,24-02-2025,-,-,-,0,24-02-2025 18:48:41.491,February,Home Reached,272
DHPL,ps,24-02-2025,L1,-,-,0,24-02-2025 18:48:51.629,February,Liquid Level - 311,272
DHPL,ps,24-02-2025,L2,-,-,0,24-02-2025 18:48:54.352,February,Liquid Level - 4095,272
DHPL,ps,24-02-2025,L3,-,-,0,24-02-2025 18:48:57.123,February,Liquid Level - 322,272
DHPL,ps,24-02-2025,-,-,-,0,24-02-2025 18:49:08.774,February,Home Reached,272
DHPL,ps,24-02-2025,-,-,-,0,24-02-2025 18:49:11.412,February,Home Reached,272
DHPL,ps,24-02-2025,,,R1,0,24-02-2025 18:49:13.432,February,Test Started,272
DHPL,ps,24-02-2025,L1,Loading,R1,0,24-02-2025 18:49:24.795,February,Picked From,272
DHPL,ps,24-02-2025,J1,70%Alcohol,R1,0,24-02-2025 18:49:31.618,February,Placed In,272
DHPL,ps,24-02-2025,J1,70%Alcohol,R1,0,24-02-2025 18:51:38.459,February,Picked From,272
DHPL,ps,24-02-2025,J2,95% Alcohol,R1,0,24-02-2025 18:51:44.775,February,Placed In,272
DHPL,ps,24-02-2025,,,R2,0,24-02-2025 18:52:47.367,February,Test Started,272
DHPL,ps,24-02-2025,L3,Loading,R2,0,24-02-2025 18:52:54.265,February,Picked From,272
DHPL,ps,24-02-2025,J1,70%Alcohol,R2,0,24-02-2025 18:53:01.107,February,Placed In,272
DHPL,ps,24-02-2025,J2,95% Alcohol,R1,0,24-02-2025 18:53:50.792,February,Picked From,272
DHPL,ps,24-02-2025,J3,100 % Alcohol,R1,0,24-02-2025 18:53:57.105,February,Placed In,272
DHPL,ps,24-02-2025,J1,70%Alcohol,R2,0,24-02-2025 18:55:07.935,February,Picked From,272
DHPL,ps,24-02-2025,J2,95% Alcohol,R2,0,24-02-2025 18:55:14.241,February,Placed In,272
DHPL,ps,24-02-2025,J3,100 % Alcohol,R1,0,24-02-2025 18:56:03.430,February,Picked From,272
DHPL,ps,24-02-2025,J4,100 % Alcohol,R1,0,24-02-2025 18:56:09.769,February,Placed In,272
DHPL,ps,24-02-2025,L1,-,-,0,24-02-2025 18:56:22.739,February,Liquid Level - 297,272
DHPL,ps,24-02-2025,L2,-,-,0,24-02-2025 18:56:25.725,February,Liquid Level - 309,272
DHPL,ps,24-02-2025,L3,-,-,0,24-02-2025 18:56:28.496,February,Liquid Level - 321,272
DHPL,ps,24-02-2025,-,-,-,0,24-02-2025 18:56:40.130,February,Home Reached,272
DHPL,ps,24-02-2025,-,-,-,0,24-02-2025 18:56:42.778,February,Home Reached,272
DHPL,ps,24-02-2025,,,R3,0,24-02-2025 18:56:44.783,February,Test Started,272
DHPL,ps,24-02-2025,L1,Loading,R3,0,24-02-2025 18:56:56.103,February,Picked From,272
DHPL,ps,24-02-2025,J1,70%Alcohol,R3,0,24-02-2025 18:57:02.933,February,Placed In,272
DHPL,ps,24-02-2025,J2,95% Alcohol,R2,0,24-02-2025 18:57:21.557,February,Picked From,272
DHPL,ps,24-02-2025,J3,100 % Alcohol,R2,0,24-02-2025 18:57:27.871,February,Placed In,272
DHPL,ps,24-02-2025,J4,100 % Alcohol,R1,0,24-02-2025 18:58:16.163,February,Picked From,272
DHPL,ps,24-02-2025,J5,XYLENE-1,R1,0,24-02-2025 18:58:22.494,February,Placed In,272
DHPL,ps,24-02-2025,J1,70%Alcohol,R3,0,24-02-2025 18:59:10.330,February,Picked From,272
DHPL,ps,24-02-2025,J2,95% Alcohol,R3,0,24-02-2025 18:59:16.659,February,Placed In,272
DHPL,ps,24-02-2025,J3,100 % Alcohol,R2,0,24-02-2025 18:59:35.161,February,Picked From,272
DHPL,ps,24-02-2025,J4,100 % Alcohol,R2,0,24-02-2025 18:59:41.481,February,Placed In,272
DHPL,ps,24-02-2025,J5,XYLENE-1,R1,0,24-02-2025 19:00:28.867,February,Picked From,272
DHPL,ps,24-02-2025,J6,XYLENE-2,R1,0,24-02-2025 19:00:35.189,February,Placed In,272
DHPL,ps,24-02-2025,,,R4,0,24-02-2025 19:00:35.947,February,Test Started,272
DHPL,ps,24-02-2025,L2,Loading,R4,0,24-02-2025 19:00:43.281,February,Picked From,272
DHPL,ps,24-02-2025,J1,70%Alcohol,R4,0,24-02-2025 19:00:50.083,February,Placed In,272
DHPL,ps,24-02-2025,J2,95% Alcohol,R3,0,24-02-2025 19:01:23.966,February,Picked From,272
DHPL,ps,24-02-2025,J3,100 % Alcohol,R3,0,24-02-2025 19:01:30.275,February,Placed In,272
DHPL,ps,24-02-2025,J4,100 % Alcohol,R2,0,24-02-2025 19:01:47.835,February,Picked From,272
DHPL,ps,24-02-2025,J5,XYLENE-1,R2,0,24-02-2025 19:01:54.132,February,Placed In,272
DHPL,ps,24-02-2025,J6,XYLENE-2,R1,0,24-02-2025 19:02:42.501,February,Picked From,272
DHPL,ps,24-02-2025,J7,XYLENE-3,R1,0,24-02-2025 19:02:48.824,February,Placed In,272
DHPL,ps,24-02-2025,J1,70%Alcohol,R4,0,24-02-2025 19:02:58.382,February,Picked From,272
DHPL,ps,24-02-2025,J2,95% Alcohol,R4,0,24-02-2025 19:03:04.724,February,Placed In,272
DHPL,ps,24-02-2025,J3,100 % Alcohol,R3,0,24-02-2025 19:03:36.600,February,Picked From,272
DHPL,ps,24-02-2025,J4,100 % Alcohol,R3,0,24-02-2025 19:03:42.931,February,Placed In,272
DHPL,ps,24-02-2025,J5,XYLENE-1,R2,0,24-02-2025 19:04:00.424,February,Picked From,272
DHPL,ps,24-02-2025,J6,XYLENE-2,R2,0,24-02-2025 19:04:06.762,February,Placed In,272
DHPL,ps,24-02-2025,,,R5,0,24-02-2025 19:04:12.343,February,Test Started,272
DHPL,ps,24-02-2025,L3,Loading,R5,0,24-02-2025 19:04:20.437,February,Picked From,272
DHPL,ps,24-02-2025,J1,70%Alcohol,R5,0,24-02-2025 19:04:27.482,February,Placed In,272
DHPL,ps,24-02-2025,J7,XYLENE-3,R1,0,24-02-2025 19:04:57.198,February,Picked From,272
DHPL,ps,24-02-2025,U1,Unloading,R1,0,24-02-2025 19:05:06.512,February,Placed In,272
DHPL,ps,24-02-2025,U1,Unloading,R1,0,24-02-2025 19:05:07.540,February,Test Completed,272
DHPL,ps,24-02-2025,J2,95% Alcohol,R4,0,24-02-2025 19:05:53.012,February,Picked From,272
DHPL,ps,24-02-2025,J3,100 % Alcohol,R4,0,24-02-2025 19:05:59.319,February,Placed In,272
DHPL,ps,24-02-2025,J6,XYLENE-2,R2,0,24-02-2025 19:06:13.605,February,Picked From,272
DHPL,ps,24-02-2025,J7,XYLENE-3,R2,0,24-02-2025 19:06:19.912,February,Placed In,272
DHPL,ps,24-02-2025,J4,100 % Alcohol,R3,0,24-02-2025 19:06:35.949,February,Picked From,272
DHPL,ps,24-02-2025,J5,XYLENE-1,R3,0,24-02-2025 19:06:43.273,February,Placed In,272
DHPL,ps,24-02-2025,W1,Tap Water,--,0,24-02-2025 19:07:19.036,February,Water Valve : 1 is Off,272
DHPL,ps,24-02-2025,W2,Tap Water,--,0,24-02-2025 19:07:19.802,February,Water Valve : 2 is Off,272
DHPL,ps,24-02-2025,W3,Tap Water,--,0,24-02-2025 19:07:20.561,February,Water Valve : 3 is Off,272
DHPL,ps,24-02-2025,W4,Tap Water,--,0,24-02-2025 19:07:21.333,February,Water Valve : 4 is Off,272
DHPL,ps,24-02-2025,W5,Tap Water,--,0,24-02-2025 19:07:22.176,February,Water Valve : 5 is Off,272
DHPL,ps,24-02-2025,W6,Tap Water,--,0,24-02-2025 19:07:22.885,February,Water Valve : 6 is Off,272
DHPL,ps,24-02-2025,-,-,-,0,24-02-2025 19:07:23.378,February,Protorun Stopped,272
