Home Command,ps,27-09-2024,-,-,-,0,27-09-2024 11:58:43.960,September,Home Reached,0
Home Command,ps,27-09-2024,-,-,-,0,27-09-2024 11:58:46.664,September,Home Reached,0
Home Command,ps,27-09-2024,-,-,-,0,27-09-2024 11:58:46.697,September,,0
Home Command,ps,27-09-2024,U1,-,-,0,27-09-2024 11:58:54.295,September,Liquid Level - 2366,0
Level Sense,ps,27-09-2024,U2,-,-,0,27-09-2024 11:58:58.626,September,Liquid Level - 2371,0
Level Sense,ps,27-09-2024,U3,-,-,0,27-09-2024 11:59:03.309,September,Liquid Level - 2357,0
Level Sense,ps,27-09-2024,U4,-,-,0,27-09-2024 11:59:08.020,September,Liquid Level - 2360,0
Level Sense,ps,27-09-2024,U5,-,-,0,27-09-2024 11:59:12.747,September,Liquid Level - 2364,0
Level Sense,ps,27-09-2024,U6,-,-,0,27-09-2024 11:59:17.439,September,Liquid Level - 2363,0
Level Sense,ps,27-09-2024,J1,-,-,0,27-09-2024 11:59:25.793,September,Liquid Level - 2371,0
Level Sense,ps,27-09-2024,J2,-,-,0,27-09-2024 11:59:30.369,September,Liquid Level - 2373,0
Level Sense,ps,27-09-2024,J3,-,-,0,27-09-2024 11:59:35.024,September,Liquid Level - 2371,0
Level Sense,ps,27-09-2024,J4,-,-,0,27-09-2024 11:59:39.730,September,Liquid Level - 2377,0
Level Sense,ps,27-09-2024,J5,-,-,0,27-09-2024 11:59:44.452,September,Liquid Level - 2377,0
Level Sense,ps,27-09-2024,J6,-,-,0,27-09-2024 11:59:49.137,September,Liquid Level - 2368,0
Level Sense,ps,27-09-2024,J7,-,-,0,27-09-2024 11:59:53.398,September,Liquid Level - 2383,0
Level Sense,ps,27-09-2024,J8,-,-,0,27-09-2024 11:59:58.084,September,Liquid Level - 2372,0
Level Sense,ps,27-09-2024,J9,-,-,0,27-09-2024 12:00:02.400,September,Liquid Level - 2375,0
Level Sense,ps,27-09-2024,W1,-,-,0,27-09-2024 12:00:07.116,September,Liquid Level - 2359,0
Level Sense,ps,27-09-2024,W2,-,-,0,27-09-2024 12:00:11.807,September,Liquid Level - 2366,0
Level Sense,ps,27-09-2024,W3,-,-,0,27-09-2024 12:00:16.531,September,Liquid Level - 2360,0
Level Sense,ps,27-09-2024,J10,-,-,0,27-09-2024 12:00:21.216,September,Liquid Level - 2368,0
Level Sense,ps,27-09-2024,J11,-,-,0,27-09-2024 12:00:26.371,September,Liquid Level - 2367,0
Level Sense,ps,27-09-2024,J12,-,-,0,27-09-2024 12:00:31.558,September,Liquid Level - 2360,0
Level Sense,ps,27-09-2024,J13,-,-,0,27-09-2024 12:00:36.147,September,Liquid Level - 2364,0
Level Sense,ps,27-09-2024,J14,-,-,0,27-09-2024 12:00:41.023,September,Liquid Level - 2368,0
Level Sense,ps,27-09-2024,J15,-,-,0,27-09-2024 12:00:45.535,September,Liquid Level - 2380,0
Level Sense,ps,27-09-2024,J16,-,-,0,27-09-2024 12:00:50.239,September,Liquid Level - 2372,0
Level Sense,ps,27-09-2024,J17,-,-,0,27-09-2024 12:00:54.959,September,Liquid Level - 2355,0
Level Sense,ps,27-09-2024,W4,-,-,0,27-09-2024 12:00:59.618,September,Liquid Level - 2360,0
Level Sense,ps,27-09-2024,W5,-,-,0,27-09-2024 12:01:04.279,September,Liquid Level - 2364,0
Level Sense,ps,27-09-2024,W6,-,-,0,27-09-2024 12:01:08.980,September,Liquid Level - 2361,0
Level Sense,ps,27-09-2024,J18,-,-,0,27-09-2024 12:01:13.716,September,Liquid Level - 2372,0
Level Sense,ps,27-09-2024,J19,-,-,0,27-09-2024 12:01:18.486,September,Liquid Level - 2368,0
Level Sense,ps,27-09-2024,J20,-,-,0,27-09-2024 12:01:23.137,September,Liquid Level - 2378,0
Level Sense,ps,27-09-2024,J21,-,-,0,27-09-2024 12:01:27.807,September,Liquid Level - 2386,0
Level Sense,ps,27-09-2024,J22,-,-,0,27-09-2024 12:01:32.531,September,Liquid Level - 2375,0
Level Sense,ps,27-09-2024,J23,-,-,0,27-09-2024 12:01:37.737,September,Liquid Level - 2382,0
Level Sense,ps,27-09-2024,J24,-,-,0,27-09-2024 12:01:42.566,September,Liquid Level - 2382,0
Level Sense,ps,27-09-2024,J25,-,-,0,27-09-2024 12:01:47.181,September,Liquid Level - 2379,0
Level Sense,ps,27-09-2024,J26,-,-,0,27-09-2024 12:01:51.846,September,Liquid Level - 2370,0
Level Sense,ps,27-09-2024,J27,-,-,0,27-09-2024 12:01:59.833,September,Liquid Level - 2361,0
Level Sense,ps,27-09-2024,J28,-,-,0,27-09-2024 12:02:04.359,September,Liquid Level - 2402,0
Level Sense,ps,27-09-2024,J29,-,-,0,27-09-2024 12:02:09.044,September,Liquid Level - 2391,0
Level Sense,ps,27-09-2024,J30,-,-,0,27-09-2024 12:02:13.715,September,Liquid Level - 2404,0
Level Sense,ps,27-09-2024,J31,-,-,0,27-09-2024 12:02:18.419,September,Liquid Level - 2400,0
Level Sense,ps,27-09-2024,J32,-,-,0,27-09-2024 12:02:23.108,September,Liquid Level - 2422,0
Level Sense,ps,27-09-2024,J33,-,-,0,27-09-2024 12:02:27.672,September,Liquid Level - 2415,0
Level Sense,ps,27-09-2024,H1,-,-,0,27-09-2024 12:02:34.068,September,Liquid Level - 3283,0
Level Sense,ps,27-09-2024,H2,-,-,0,27-09-2024 12:02:38.777,September,Liquid Level - 3272,0
Level Sense,ps,27-09-2024,H3,-,-,0,27-09-2024 12:02:43.438,September,Liquid Level - 3257,0
Level Sense,ps,27-09-2024,-,-,-,0,27-09-2024 12:02:56.494,September,Home Reached,0
Level Sense,ps,27-09-2024,-,-,-,0,27-09-2024 12:03:02.189,September,Home Reached,0
Level Sense,ps,27-09-2024,-,-,-,0,27-09-2024 12:03:02.207,September,,0
H- E,ps,27-09-2024,-,-,-,0,27-09-2024 12:04:24.297,September,Protorun Started,60
H- E,ps,27-09-2024,-,-,-,0,27-09-2024 12:05:00.073,September,Home Reached,60
H- E,ps,27-09-2024,-,-,-,0,27-09-2024 12:05:00.103,September,,60
H- E,ps,27-09-2024,-,-,-,0,27-09-2024 12:05:03.751,September,Home Reached,60
H- E,ps,27-09-2024,-,-,-,0,27-09-2024 12:05:03.768,September,,60
H- E,ps,27-09-2024,H1,-,-,0,27-09-2024 12:05:18.175,September,Liquid Level - 3285,60
H- E,ps,27-09-2024,H2,-,-,0,27-09-2024 12:05:22.844,September,Liquid Level - 3274,60
H- E,ps,27-09-2024,H3,-,-,0,27-09-2024 12:05:27.562,September,Liquid Level - 3266,60
H- E,ps,27-09-2024,L1,-,-,0,27-09-2024 12:05:33.365,September,Liquid Level - 258,60
H- E,ps,27-09-2024,L2,-,-,0,27-09-2024 12:05:37.829,September,Liquid Level - 254,60
H- E,ps,27-09-2024,L3,-,-,0,27-09-2024 12:05:42.545,September,Liquid Level - 256,60
H- E,ps,27-09-2024,-,-,-,0,27-09-2024 12:05:54.243,September,Home Reached,60
H- E,ps,27-09-2024,-,-,-,0,27-09-2024 12:05:54.475,September,Home Status - 11111111,60
H- E,ps,27-09-2024,-,-,-,0,27-09-2024 12:05:56.150,September,Home Reached,60
H- E,ps,27-09-2024,-,-,-,0,27-09-2024 12:05:56.170,September,,60
H- E,ps,27-09-2024,L1,Heating,1,0,27-09-2024 12:06:14.986,September,1 Picked From L1,60
H- E,ps,27-09-2024,H1,Heating,1,0,27-09-2024 12:06:22.281,September,1 Placed In H1,60
H- E,ps,27-09-2024,L2,Heating,2,0,27-09-2024 12:06:32.150,September,2 Picked From L2,60
H- E,ps,27-09-2024,H2,Heating,2,0,27-09-2024 12:06:38.960,September,2 Placed In H2,60
H- E,ps,27-09-2024,L3,Heating,3,0,27-09-2024 12:06:57.955,September,3 Picked From L3,60
H- E,ps,27-09-2024,-,-,-,0,27-09-2024 12:07:04.719,September,Heater Door Closed,60
H- E,ps,27-09-2024,-,-,-,0,27-09-2024 12:07:05.058,September,Heater Switched On ,60
H- E,ps,27-09-2024,-,-,-,30,27-09-2024 12:07:05.572,September,30 - Temperature set to device,60
H- E,ps,27-09-2024,-,-,-,33,27-09-2024 12:07:06.239,September,Device temperature ,60
H- E,ps,27-09-2024,-,-,-,33,27-09-2024 12:07:16.424,September,Device temperature ,60
H- E,ps,27-09-2024,-,-,-,33,27-09-2024 12:07:21.430,September,Device temperature ,60
H- E,ps,27-09-2024,-,-,-,33,27-09-2024 12:07:26.426,September,Device temperature ,60
H- E,ps,27-09-2024,-,-,-,33,27-09-2024 12:07:31.433,September,Device temperature ,60
H- E,ps,27-09-2024,-,-,-,33,27-09-2024 12:07:36.429,September,Device temperature ,60
H- E,ps,27-09-2024,-,-,-,33,27-09-2024 12:07:41.422,September,Device temperature ,60
H- E,ps,27-09-2024,-,-,-,33,27-09-2024 12:07:46.431,September,Device temperature ,60
H- E,ps,27-09-2024,-,-,-,33,27-09-2024 12:07:51.431,September,Device temperature ,60
H- E,ps,27-09-2024,-,-,-,33,27-09-2024 12:07:56.434,September,Device temperature ,60
H- E,ps,27-09-2024,-,-,-,33,27-09-2024 12:08:01.415,September,Device temperature ,60
H- E,ps,27-09-2024,-,-,-,33,27-09-2024 12:08:06.431,September,Device temperature ,60
H- E,ps,27-09-2024,-,-,-,33,27-09-2024 12:08:11.424,September,Device temperature ,60
H- E,ps,27-09-2024,-,-,-,33,27-09-2024 12:08:16.521,September,Device temperature ,60
H- E,ps,27-09-2024,-,-,-,33,27-09-2024 12:08:21.427,September,Device temperature ,60
H- E,ps,27-09-2024,-,-,-,33,27-09-2024 12:08:26.430,September,Device temperature ,60
H- E,ps,27-09-2024,-,-,-,33,27-09-2024 12:08:31.431,September,Device temperature ,60
H- E,ps,27-09-2024,-,-,-,33,27-09-2024 12:08:36.426,September,Device temperature ,60
H- E,ps,27-09-2024,-,-,-,33,27-09-2024 12:08:41.518,September,Device temperature ,60
H- E,ps,27-09-2024,-,-,-,33,27-09-2024 12:08:46.451,September,Device temperature ,60
H- E,ps,27-09-2024,-,-,-,33,27-09-2024 12:08:51.465,September,Device temperature ,60
H- E,ps,27-09-2024,-,-,-,33,27-09-2024 12:08:56.456,September,Device temperature ,60
H- E,ps,27-09-2024,-,-,-,33,27-09-2024 12:09:01.455,September,Device temperature ,60
H- E,ps,27-09-2024,-,-,-,33,27-09-2024 12:09:06.463,September,Device temperature ,60
H- E,ps,27-09-2024,-,-,-,33,27-09-2024 12:09:11.498,September,Device temperature ,60
H- E,ps,27-09-2024,-,-,-,33,27-09-2024 12:09:16.509,September,Device temperature ,60
H- E,ps,27-09-2024,-,-,-,33,27-09-2024 12:09:21.501,September,Device temperature ,60
H- E,ps,27-09-2024,-,-,-,33,27-09-2024 12:09:26.506,September,Device temperature ,60
H- E,ps,27-09-2024,-,-,-,33,27-09-2024 12:09:31.510,September,Device temperature ,60
H- E,ps,27-09-2024,-,-,-,33,27-09-2024 12:09:36.511,September,Device temperature ,60
H- E,ps,27-09-2024,-,-,-,33,27-09-2024 12:09:41.504,September,Device temperature ,60
H- E,ps,27-09-2024,-,-,-,33,27-09-2024 12:09:52.453,September,Device temperature ,60
H- E,ps,27-09-2024,-,-,-,33,27-09-2024 12:09:56.498,September,Device temperature ,60
H- E,ps,27-09-2024,-,-,-,33,27-09-2024 12:10:01.505,September,Device temperature ,60
H- E,ps,27-09-2024,-,-,-,33,27-09-2024 12:10:06.513,September,Device temperature ,60
H- E,ps,27-09-2024,-,-,-,33,27-09-2024 12:10:11.509,September,Device temperature ,60
H- E,ps,27-09-2024,-,-,-,33,27-09-2024 12:10:16.496,September,Device temperature ,60
H- E,ps,27-09-2024,-,-,-,33,27-09-2024 12:10:21.510,September,Device temperature ,60
H- E,ps,27-09-2024,-,-,-,33,27-09-2024 12:10:26.511,September,Device temperature ,60
H- E,ps,27-09-2024,-,-,-,33,27-09-2024 12:10:31.511,September,Device temperature ,60
H- E,ps,27-09-2024,-,-,-,33,27-09-2024 12:10:36.600,September,Device temperature ,60
H- E,ps,27-09-2024,-,-,-,33,27-09-2024 12:10:41.508,September,Device temperature ,60
H- E,ps,27-09-2024,-,-,-,33,27-09-2024 12:10:46.513,September,Device temperature ,60
H- E,ps,27-09-2024,-,-,-,33,27-09-2024 12:10:51.524,September,Device temperature ,60
H- E,ps,27-09-2024,-,-,-,34,27-09-2024 12:10:56.516,September,Device temperature ,60
H- E,ps,27-09-2024,-,-,-,33,27-09-2024 12:11:01.530,September,Device temperature ,60
H- E,ps,27-09-2024,-,-,-,33,27-09-2024 12:11:06.520,September,Device temperature ,60
H- E,ps,27-09-2024,-,-,-,33,27-09-2024 12:11:11.531,September,Device temperature ,60
H- E,ps,27-09-2024,-,-,-,33,27-09-2024 12:11:16.572,September,Device temperature ,60
H- E,ps,27-09-2024,-,-,-,33,27-09-2024 12:11:21.522,September,Device temperature ,60
H- E,ps,27-09-2024,-,-,-,33,27-09-2024 12:11:26.541,September,Device temperature ,60
H- E,ps,27-09-2024,-,-,-,33,27-09-2024 12:11:31.542,September,Device temperature ,60
H- E,ps,27-09-2024,-,-,-,33,27-09-2024 12:11:36.537,September,Device temperature ,60
H- E,ps,27-09-2024,-,-,-,33,27-09-2024 12:11:45.007,September,Device temperature ,60
H- E,ps,27-09-2024,-,-,-,0,27-09-2024 12:27:16.557,September,Heater Switched Off ,60
H- E,ps,27-09-2024,-,-,-,0,27-09-2024 12:27:17.722,September,Heater Door Opened,60
H- E,ps,27-09-2024,,,R1,0,27-09-2024 12:27:18.405,September,Test Started,60
H- E,ps,27-09-2024,H1,Heating,R1,0,27-09-2024 12:27:25.422,September,Picked From,60
H- E,ps,27-09-2024,-,-,-,0,27-09-2024 12:27:26.041,September,Heater Door Closed,60
H- E,ps,27-09-2024,J1,XYLENE-1,R1,0,27-09-2024 12:27:32.447,September,Placed In,60
H- E,ps,27-09-2024,J1,XYLENE-1,R1,0,27-09-2024 12:32:38.396,September,Picked From,60
H- E,ps,27-09-2024,J2,XYLENE-2,R1,0,27-09-2024 12:32:44.177,September,Placed In,60
H- E,ps,27-09-2024,-,-,-,0,27-09-2024 12:36:47.569,September,Heater Door Opened,60
H- E,ps,27-09-2024,,,R2,0,27-09-2024 12:36:48.310,September,Test Started,60
H- E,ps,27-09-2024,H2,Heating,R2,0,27-09-2024 12:36:55.165,September,Picked From,60
H- E,ps,27-09-2024,-,-,-,0,27-09-2024 12:36:55.698,September,Heater Door Closed,60
H- E,ps,27-09-2024,J1,XYLENE-1,R2,0,27-09-2024 12:37:02.066,September,Placed In,60
H- E,ps,27-09-2024,J2,XYLENE-2,R1,0,27-09-2024 12:37:50.070,September,Picked From,60
H- E,ps,27-09-2024,J3,XYLENE-3,R1,0,27-09-2024 12:37:55.827,September,Placed In,60
H- E,ps,27-09-2024,J1,XYLENE-1,R2,0,27-09-2024 12:42:08.319,September,Picked From,60
H- E,ps,27-09-2024,J2,XYLENE-2,R2,0,27-09-2024 12:42:14.046,September,Placed In,60
H- E,ps,27-09-2024,J3,XYLENE-3,R1,0,27-09-2024 12:43:01.687,September,Picked From,60
H- E,ps,27-09-2024,J4,100 % Alcohol,R1,0,27-09-2024 12:43:07.415,September,Placed In,60
H- E,ps,27-09-2024,J4,100 % Alcohol,R1,0,27-09-2024 12:46:14.139,September,Picked From,60
H- E,ps,27-09-2024,J5,70%Alcohol,R1,0,27-09-2024 12:46:19.904,September,Placed In,60
H- E,ps,27-09-2024,J2,XYLENE-2,R2,0,27-09-2024 12:47:20.853,September,Picked From,60
H- E,ps,27-09-2024,J3,XYLENE-3,R2,0,27-09-2024 12:47:26.554,September,Placed In,60
H- E,ps,27-09-2024,-,-,-,0,27-09-2024 12:47:55.663,September,Heater Door Opened,60
H- E,ps,27-09-2024,,,R3,0,27-09-2024 12:47:56.449,September,Test Started,60
H- E,ps,27-09-2024,H3,Heating,R3,0,27-09-2024 12:48:03.680,September,Picked From,60
H- E,ps,27-09-2024,-,-,-,0,27-09-2024 12:48:04.326,September,Heater Door Closed,60
H- E,ps,27-09-2024,J1,XYLENE-1,R3,0,27-09-2024 12:48:11.210,September,Placed In,60
H- E,ps,27-09-2024,J5,70%Alcohol,R1,0,27-09-2024 12:49:27.218,September,Picked From,60
H- E,ps,27-09-2024,J6,50% Alcohol,R1,0,27-09-2024 12:49:33.010,September,Placed In,60
H- E,ps,27-09-2024,-,-,-,0,27-09-2024 12:50:06.772,September,Heater Door Opened,60
H- E,ps,27-09-2024,L1,-,-,0,27-09-2024 12:50:12.168,September,Liquid Level - 251,60
H- E,ps,27-09-2024,L2,-,-,0,27-09-2024 12:50:16.510,September,Liquid Level - 256,60
H- E,ps,27-09-2024,L3,-,-,0,27-09-2024 12:50:21.175,September,Liquid Level - 250,60
H- E,ps,27-09-2024,-,-,-,0,27-09-2024 12:50:32.885,September,Home Reached,60
H- E,ps,27-09-2024,-,-,-,0,27-09-2024 12:50:33.474,September,Home Status - 11111111,60
H- E,ps,27-09-2024,-,-,-,0,27-09-2024 12:50:35.200,September,Home Reached,60
H- E,ps,27-09-2024,-,-,-,0,27-09-2024 12:50:35.331,September,,60
H- E,ps,27-09-2024,L1,Heating,4,0,27-09-2024 12:50:50.037,September,4 Picked From L1,60
H- E,ps,27-09-2024,H1,Heating,4,0,27-09-2024 12:50:57.337,September,4 Placed In H1,60
H- E,ps,27-09-2024,L2,Heating,5,0,27-09-2024 12:51:25.185,September,5 Picked From L2,60
H- E,ps,27-09-2024,H2,Heating,5,0,27-09-2024 12:51:32.166,September,5 Placed In H2,60
H- E,ps,27-09-2024,L3,Heating,6,0,27-09-2024 12:51:48.384,September,6 Picked From L3,60
H- E,ps,27-09-2024,-,-,-,0,27-09-2024 12:51:55.218,September,Heater Door Closed,60
H- E,ps,27-09-2024,-,-,-,0,27-09-2024 12:51:55.559,September,,60
H- E,ps,27-09-2024,-,-,-,30,27-09-2024 12:51:56.054,September,30 - Temperature set to device,60
H- E,ps,27-09-2024,-,-,-,35,27-09-2024 12:52:01.241,September,Device temperature ,60
H- E,ps,27-09-2024,W1,Tap Water,--,0,27-09-2024 12:52:08.321,September,Water Valve : 1 is On,60
H- E,ps,27-09-2024,-,-,-,34,27-09-2024 12:52:11.278,September,Device temperature ,60
H- E,ps,27-09-2024,-,-,-,34,27-09-2024 12:52:16.279,September,Device temperature ,60
H- E,ps,27-09-2024,-,-,-,35,27-09-2024 12:52:21.283,September,Device temperature ,60
H- E,ps,27-09-2024,-,-,-,34,27-09-2024 12:52:26.287,September,Device temperature ,60
H- E,ps,27-09-2024,J3,XYLENE-3,R2,0,27-09-2024 12:52:35.122,September,Picked From,60
H- E,ps,27-09-2024,J4,100 % Alcohol,R2,0,27-09-2024 12:52:40.835,September,Placed In,60
H- E,ps,27-09-2024,J6,50% Alcohol,R1,0,27-09-2024 12:52:51.067,September,Picked From,60
H- E,ps,27-09-2024,W1,Running TAP Water,R1,0,27-09-2024 12:52:58.267,September,Placed In,60
H- E,ps,27-09-2024,-,-,-,34,27-09-2024 12:53:01.890,September,Device temperature ,60
H- E,ps,27-09-2024,-,-,-,34,27-09-2024 12:53:07.077,September,Device temperature ,60
H- E,ps,27-09-2024,J1,XYLENE-1,R3,0,27-09-2024 12:53:21.722,September,Picked From,60
H- E,ps,27-09-2024,J2,XYLENE-2,R3,0,27-09-2024 12:53:27.431,September,Placed In,60
H- E,ps,27-09-2024,-,-,-,35,27-09-2024 12:53:32.493,September,Device temperature ,60
H- E,ps,27-09-2024,-,-,-,34,27-09-2024 12:53:37.659,September,Device temperature ,60
H- E,ps,27-09-2024,-,-,-,34,27-09-2024 12:53:42.663,September,Device temperature ,60
H- E,ps,27-09-2024,-,-,-,34,27-09-2024 12:53:47.656,September,Device temperature ,60
H- E,ps,27-09-2024,-,-,-,34,27-09-2024 12:53:52.653,September,Device temperature ,60
H- E,ps,27-09-2024,-,-,-,35,27-09-2024 12:53:57.650,September,Device temperature ,60
H- E,ps,27-09-2024,-,-,-,35,27-09-2024 12:54:02.666,September,Device temperature ,60
H- E,ps,27-09-2024,-,-,-,35,27-09-2024 12:54:07.660,September,Device temperature ,60
H- E,ps,27-09-2024,-,-,-,34,27-09-2024 12:54:12.659,September,Device temperature ,60
H- E,ps,27-09-2024,-,-,-,34,27-09-2024 12:54:17.657,September,Device temperature ,60
H- E,ps,27-09-2024,-,-,-,35,27-09-2024 12:54:22.659,September,Device temperature ,60
H- E,ps,27-09-2024,-,-,-,35,27-09-2024 12:54:27.673,September,Device temperature ,60
H- E,ps,27-09-2024,-,-,-,35,27-09-2024 12:54:32.664,September,Device temperature ,60
H- E,ps,27-09-2024,-,-,-,34,27-09-2024 12:54:37.665,September,Device temperature ,60
H- E,ps,27-09-2024,-,-,-,35,27-09-2024 12:54:42.664,September,Device temperature ,60
H- E,ps,27-09-2024,-,-,-,34,27-09-2024 12:54:47.662,September,Device temperature ,60
H- E,ps,27-09-2024,-,-,-,35,27-09-2024 12:54:52.664,September,Device temperature ,60
H- E,ps,27-09-2024,-,-,-,34,27-09-2024 12:54:57.660,September,Device temperature ,60
H- E,ps,27-09-2024,-,-,-,34,27-09-2024 12:55:02.658,September,Device temperature ,60
H- E,ps,27-09-2024,-,-,-,34,27-09-2024 12:55:07.649,September,Device temperature ,60
H- E,ps,27-09-2024,-,-,-,35,27-09-2024 12:55:12.656,September,Device temperature ,60
H- E,ps,27-09-2024,-,-,-,35,27-09-2024 12:55:17.661,September,Device temperature ,60
H- E,ps,27-09-2024,-,-,-,34,27-09-2024 12:55:22.656,September,Device temperature ,60
H- E,ps,27-09-2024,-,-,-,34,27-09-2024 12:55:27.674,September,Device temperature ,60
H- E,ps,27-09-2024,-,-,-,35,27-09-2024 12:55:32.661,September,Device temperature ,60
H- E,ps,27-09-2024,-,-,-,35,27-09-2024 12:55:37.661,September,Device temperature ,60
H- E,ps,27-09-2024,J4,100 % Alcohol,R2,0,27-09-2024 12:55:48.347,September,Picked From,60
H- E,ps,27-09-2024,J5,70%Alcohol,R2,0,27-09-2024 12:55:54.052,September,Placed In,60
H- E,ps,27-09-2024,W1,Tap Water,--,0,27-09-2024 12:55:59.218,September,Water Valve : 1 is Off,60
H- E,ps,27-09-2024,W1,Running TAP Water,R1,0,27-09-2024 12:56:07.695,September,Picked From,60
H- E,ps,27-09-2024,J8,Hematoxin,R1,0,27-09-2024 12:56:13.912,September,Placed In,60
H- E,ps,27-09-2024,-,-,-,35,27-09-2024 12:56:18.101,September,Device temperature ,60
H- E,ps,27-09-2024,-,-,-,35,27-09-2024 12:56:23.273,September,Device temperature ,60
H- E,ps,27-09-2024,-,-,-,34,27-09-2024 12:56:28.261,September,Device temperature ,60
H- E,ps,27-09-2024,-,-,-,34,27-09-2024 12:56:33.270,September,Device temperature ,60
H- E,ps,27-09-2024,-,-,-,35,27-09-2024 12:56:38.263,September,Device temperature ,60
H- E,ps,27-09-2024,-,-,-,34,27-09-2024 12:56:43.288,September,Device temperature ,60
H- E,ps,27-09-2024,-,-,-,34,27-09-2024 12:56:48.273,September,Device temperature ,60
H- E,ps,27-09-2024,-,-,-,34,27-09-2024 12:56:53.261,September,Device temperature ,60
H- E,ps,27-09-2024,-,-,-,35,27-09-2024 12:56:58.260,September,Device temperature ,60
H- E,ps,27-09-2024,-,-,-,35,27-09-2024 12:57:03.259,September,Device temperature ,60
H- E,ps,27-09-2024,-,-,-,34,27-09-2024 12:57:08.266,September,Device temperature ,60
H- E,ps,27-09-2024,-,-,-,34,27-09-2024 12:57:13.263,September,Device temperature ,60
H- E,ps,27-09-2024,-,-,-,34,27-09-2024 12:57:18.276,September,Device temperature ,60
H- E,ps,27-09-2024,-,-,-,34,27-09-2024 12:57:23.278,September,Device temperature ,60
H- E,ps,27-09-2024,-,-,-,35,27-09-2024 12:57:28.263,September,Device temperature ,60
H- E,ps,27-09-2024,-,-,-,35,27-09-2024 12:57:33.284,September,Device temperature ,60
H- E,ps,27-09-2024,-,-,-,34,27-09-2024 12:57:38.273,September,Device temperature ,60
H- E,ps,27-09-2024,-,-,-,34,27-09-2024 12:57:43.267,September,Device temperature ,60
H- E,ps,27-09-2024,-,-,-,34,27-09-2024 12:57:48.270,September,Device temperature ,60
H- E,ps,27-09-2024,-,-,-,35,27-09-2024 12:57:53.269,September,Device temperature ,60
H- E,ps,27-09-2024,-,-,-,35,27-09-2024 12:57:58.268,September,Device temperature ,60
H- E,ps,27-09-2024,-,-,-,34,27-09-2024 12:58:03.263,September,Device temperature ,60
H- E,ps,27-09-2024,-,-,-,35,27-09-2024 12:58:08.272,September,Device temperature ,60
H- E,ps,27-09-2024,-,-,-,35,27-09-2024 12:58:13.261,September,Device temperature ,60
H- E,ps,27-09-2024,-,-,-,35,27-09-2024 12:58:18.286,September,Device temperature ,60
H- E,ps,27-09-2024,-,-,-,35,27-09-2024 12:58:23.279,September,Device temperature ,60
H- E,ps,27-09-2024,J2,XYLENE-2,R3,0,27-09-2024 12:58:36.411,September,Picked From,60
H- E,ps,27-09-2024,J3,XYLENE-3,R3,0,27-09-2024 12:58:42.211,September,Placed In,60
H- E,ps,27-09-2024,-,-,-,34,27-09-2024 12:58:47.692,September,Device temperature ,60
H- E,ps,27-09-2024,-,-,-,34,27-09-2024 12:58:52.860,September,Device temperature ,60
H- E,ps,27-09-2024,J5,70%Alcohol,R2,0,27-09-2024 12:59:02.512,September,Picked From,60
H- E,ps,27-09-2024,J6,50% Alcohol,R2,0,27-09-2024 12:59:08.226,September,Placed In,60
H- E,ps,27-09-2024,-,-,-,34,27-09-2024 12:59:13.238,September,Device temperature ,60
H- E,ps,27-09-2024,-,-,-,34,27-09-2024 12:59:18.433,September,Device temperature ,60
H- E,ps,27-09-2024,-,-,-,35,27-09-2024 12:59:23.408,September,Device temperature ,60
H- E,ps,27-09-2024,-,-,-,35,27-09-2024 12:59:28.417,September,Device temperature ,60
H- E,ps,27-09-2024,-,-,-,35,27-09-2024 12:59:33.436,September,Device temperature ,60
H- E,ps,27-09-2024,-,-,-,35,27-09-2024 12:59:38.436,September,Device temperature ,60
H- E,ps,27-09-2024,-,-,-,35,27-09-2024 12:59:43.423,September,Device temperature ,60
H- E,ps,27-09-2024,-,-,-,35,27-09-2024 12:59:48.423,September,Device temperature ,60
H- E,ps,27-09-2024,-,-,-,35,27-09-2024 12:59:53.425,September,Device temperature ,60
H- E,ps,27-09-2024,-,-,-,35,27-09-2024 12:59:58.451,September,Device temperature ,60
H- E,ps,27-09-2024,-,-,-,35,27-09-2024 13:00:03.440,September,Device temperature ,60
H- E,ps,27-09-2024,-,-,-,35,27-09-2024 13:00:08.420,September,Device temperature ,60
H- E,ps,27-09-2024,-,-,-,35,27-09-2024 13:00:13.422,September,Device temperature ,60
H- E,ps,27-09-2024,-,-,-,35,27-09-2024 13:00:18.450,September,Device temperature ,60
H- E,ps,27-09-2024,-,-,-,35,27-09-2024 13:00:23.428,September,Device temperature ,60
H- E,ps,27-09-2024,-,-,-,35,27-09-2024 13:00:28.427,September,Device temperature ,60
H- E,ps,27-09-2024,-,-,-,35,27-09-2024 13:00:33.423,September,Device temperature ,60
H- E,ps,27-09-2024,-,-,-,35,27-09-2024 13:00:38.428,September,Device temperature ,60
H- E,ps,27-09-2024,-,-,-,35,27-09-2024 13:00:43.423,September,Device temperature ,60
H- E,ps,27-09-2024,-,-,-,35,27-09-2024 13:00:48.424,September,Device temperature ,60
H- E,ps,27-09-2024,-,-,-,35,27-09-2024 13:00:53.420,September,Device temperature ,60
H- E,ps,27-09-2024,-,-,-,35,27-09-2024 13:00:58.426,September,Device temperature ,60
H- E,ps,27-09-2024,-,-,-,35,27-09-2024 13:01:03.428,September,Device temperature ,60
H- E,ps,27-09-2024,-,-,-,35,27-09-2024 13:01:08.431,September,Device temperature ,60
H- E,ps,27-09-2024,-,-,-,35,27-09-2024 13:01:13.429,September,Device temperature ,60
H- E,ps,27-09-2024,-,-,-,35,27-09-2024 13:01:18.422,September,Device temperature ,60
H- E,ps,27-09-2024,-,-,-,35,27-09-2024 13:01:23.427,September,Device temperature ,60
H- E,ps,27-09-2024,-,-,-,35,27-09-2024 13:01:28.429,September,Device temperature ,60
H- E,ps,27-09-2024,-,-,-,35,27-09-2024 13:01:33.416,September,Device temperature ,60
H- E,ps,27-09-2024,-,-,-,35,27-09-2024 13:01:38.427,September,Device temperature ,60
H- E,ps,27-09-2024,-,-,-,35,27-09-2024 13:01:43.423,September,Device temperature ,60
H- E,ps,27-09-2024,J6,50% Alcohol,R2,0,27-09-2024 13:02:15.709,September,Picked From,60
H- E,ps,27-09-2024,W1,Running TAP Water,R2,0,27-09-2024 13:02:22.938,September,Placed In,60
H- E,ps,27-09-2024,-,-,-,35,27-09-2024 13:02:26.044,September,Device temperature ,60
H- E,ps,27-09-2024,-,-,-,35,27-09-2024 13:02:31.198,September,Device temperature ,60
H- E,ps,27-09-2024,-,-,-,34,27-09-2024 13:02:36.205,September,Device temperature ,60
H- E,ps,27-09-2024,-,-,-,35,27-09-2024 13:02:41.204,September,Device temperature ,60
H- E,ps,27-09-2024,-,-,-,35,27-09-2024 13:02:46.211,September,Device temperature ,60
H- E,ps,27-09-2024,-,-,-,35,27-09-2024 13:02:51.213,September,Device temperature ,60
H- E,ps,27-09-2024,-,-,-,35,27-09-2024 13:02:56.209,September,Device temperature ,60
H- E,ps,27-09-2024,-,-,-,35,27-09-2024 13:03:01.203,September,Device temperature ,60
H- E,ps,27-09-2024,-,-,-,35,27-09-2024 13:03:06.204,September,Device temperature ,60
H- E,ps,27-09-2024,-,-,-,35,27-09-2024 13:03:11.211,September,Device temperature ,60
H- E,ps,27-09-2024,-,-,-,35,27-09-2024 13:03:16.215,September,Device temperature ,60
H- E,ps,27-09-2024,-,-,-,34,27-09-2024 13:03:21.200,September,Device temperature ,60
H- E,ps,27-09-2024,-,-,-,34,27-09-2024 13:03:26.203,September,Device temperature ,60
H- E,ps,27-09-2024,-,-,-,35,27-09-2024 13:03:31.211,September,Device temperature ,60
H- E,ps,27-09-2024,-,-,-,35,27-09-2024 13:03:36.218,September,Device temperature ,60
H- E,ps,27-09-2024,-,-,-,35,27-09-2024 13:03:41.203,September,Device temperature ,60
H- E,ps,27-09-2024,J3,XYLENE-3,R3,0,27-09-2024 13:03:51.736,September,Picked From,60
H- E,ps,27-09-2024,J4,100 % Alcohol,R3,0,27-09-2024 13:03:57.450,September,Placed In,60
H- E,ps,27-09-2024,W2,Tap Water,--,0,27-09-2024 13:03:58.247,September,Water Valve : 2 is On,60
H- E,ps,27-09-2024,-,-,-,35,27-09-2024 13:04:02.474,September,Device temperature ,60
H- E,ps,27-09-2024,-,-,-,35,27-09-2024 13:04:07.748,September,Device temperature ,60
H- E,ps,27-09-2024,-,-,-,35,27-09-2024 13:04:12.659,September,Device temperature ,60
H- E,ps,27-09-2024,J8,Hematoxin,R1,0,27-09-2024 13:04:22.158,September,Picked From,60
H- E,ps,27-09-2024,W2,Running TAP Water,R1,0,27-09-2024 13:04:28.879,September,Placed In,60
H- E,ps,27-09-2024,-,-,-,35,27-09-2024 13:04:33.264,September,Device temperature ,60
H- E,ps,27-09-2024,-,-,-,35,27-09-2024 13:04:38.444,September,Device temperature ,60
H- E,ps,27-09-2024,-,-,-,35,27-09-2024 13:04:43.439,September,Device temperature ,60
H- E,ps,27-09-2024,-,-,-,35,27-09-2024 13:04:48.448,September,Device temperature ,60
H- E,ps,27-09-2024,-,-,-,35,27-09-2024 13:04:53.434,September,Device temperature ,60
H- E,ps,27-09-2024,-,-,-,35,27-09-2024 13:04:58.443,September,Device temperature ,60
H- E,ps,27-09-2024,-,-,-,35,27-09-2024 13:05:03.452,September,Device temperature ,60
H- E,ps,27-09-2024,-,-,-,35,27-09-2024 13:05:08.435,September,Device temperature ,60
H- E,ps,27-09-2024,-,-,-,35,27-09-2024 13:05:13.447,September,Device temperature ,60
H- E,ps,27-09-2024,-,-,-,35,27-09-2024 13:05:18.445,September,Device temperature ,60
H- E,ps,27-09-2024,-,-,-,35,27-09-2024 13:05:33.155,September,Device temperature ,60
H- E,ps,27-09-2024,-,-,-,35,27-09-2024 13:05:38.326,September,Device temperature ,60
H- E,ps,27-09-2024,W1,Tap Water,--,0,27-09-2024 13:05:42.402,September,Water Valve : 1 is Off,60
H- E,ps,27-09-2024,W1,Running TAP Water,R2,0,27-09-2024 13:05:48.874,September,Picked From,60
H- E,ps,27-09-2024,J8,Hematoxin,R2,0,27-09-2024 13:05:55.141,September,Placed In,60
H- E,ps,27-09-2024,-,-,-,35,27-09-2024 13:06:26.704,September,Device temperature ,60
H- E,ps,27-09-2024,-,-,-,35,27-09-2024 13:06:31.935,September,Device temperature ,60
H- E,ps,27-09-2024,-,-,-,35,27-09-2024 13:06:36.917,September,Device temperature ,60
H- E,ps,27-09-2024,-,-,-,35,27-09-2024 13:06:41.920,September,Device temperature ,60
H- E,ps,27-09-2024,-,-,-,36,27-09-2024 13:06:46.922,September,Device temperature ,60
H- E,ps,27-09-2024,-,-,-,35,27-09-2024 13:06:51.928,September,Device temperature ,60
H- E,ps,27-09-2024,-,-,-,36,27-09-2024 13:06:56.926,September,Device temperature ,60
H- E,ps,27-09-2024,J4,100 % Alcohol,R3,0,27-09-2024 13:07:05.927,September,Picked From,60
H- E,ps,27-09-2024,J5,70%Alcohol,R3,0,27-09-2024 13:07:11.646,September,Placed In,60
H- E,ps,27-09-2024,-,-,-,35,27-09-2024 13:07:16.674,September,Device temperature ,60
H- E,ps,27-09-2024,-,-,-,35,27-09-2024 13:07:21.853,September,Device temperature ,60
H- E,ps,27-09-2024,-,-,-,35,27-09-2024 13:07:26.840,September,Device temperature ,60
H- E,ps,27-09-2024,W2,Tap Water,--,0,27-09-2024 13:07:30.773,September,Water Valve : 2 is Off,60
H- E,ps,27-09-2024,W2,Running TAP Water,R1,0,27-09-2024 13:07:39.248,September,Picked From,60
H- E,ps,27-09-2024,W2,Tap Water,--,0,27-09-2024 13:07:39.445,September,Water Valve : 2 is On,60
H- E,ps,27-09-2024,J9,1%Acid Alcohol,R1,0,27-09-2024 13:07:46.166,September,Dipped In,60
H- E,ps,27-09-2024,W2,Running TAP Water,R1,0,27-09-2024 13:07:52.926,September,Placed In,60
H- E,ps,27-09-2024,-,-,-,36,27-09-2024 13:07:57.084,September,Device temperature ,60
H- E,ps,27-09-2024,-,-,-,35,27-09-2024 13:08:02.256,September,Device temperature ,60
H- E,ps,27-09-2024,-,-,-,35,27-09-2024 13:08:07.262,September,Device temperature ,60
H- E,ps,27-09-2024,-,-,-,35,27-09-2024 13:08:12.259,September,Device temperature ,60
H- E,ps,27-09-2024,-,-,-,35,27-09-2024 13:08:17.257,September,Device temperature ,60
H- E,ps,27-09-2024,-,-,-,36,27-09-2024 13:08:22.253,September,Device temperature ,60
H- E,ps,27-09-2024,-,-,-,36,27-09-2024 13:08:27.252,September,Device temperature ,60
H- E,ps,27-09-2024,-,-,-,35,27-09-2024 13:08:32.246,September,Device temperature ,60
H- E,ps,27-09-2024,-,-,-,35,27-09-2024 13:08:37.253,September,Device temperature ,60
H- E,ps,27-09-2024,-,-,-,36,27-09-2024 13:08:42.254,September,Device temperature ,60
H- E,ps,27-09-2024,-,-,-,35,27-09-2024 13:08:47.256,September,Device temperature ,60
H- E,ps,27-09-2024,-,-,-,36,27-09-2024 13:08:52.257,September,Device temperature ,60
H- E,ps,27-09-2024,-,-,-,35,27-09-2024 13:08:57.260,September,Device temperature ,60
H- E,ps,27-09-2024,-,-,-,35,27-09-2024 13:09:02.255,September,Device temperature ,60
H- E,ps,27-09-2024,-,-,-,35,27-09-2024 13:09:07.250,September,Device temperature ,60
H- E,ps,27-09-2024,-,-,-,36,27-09-2024 13:09:12.255,September,Device temperature ,60
H- E,ps,27-09-2024,-,-,-,36,27-09-2024 13:09:17.254,September,Device temperature ,60
H- E,ps,27-09-2024,-,-,-,36,27-09-2024 13:09:22.251,September,Device temperature ,60
H- E,ps,27-09-2024,-,-,-,35,27-09-2024 13:09:27.249,September,Device temperature ,60
H- E,ps,27-09-2024,-,-,-,36,27-09-2024 13:09:32.243,September,Device temperature ,60
H- E,ps,27-09-2024,-,-,-,35,27-09-2024 13:09:37.247,September,Device temperature ,60
H- E,ps,27-09-2024,-,-,-,36,27-09-2024 13:09:42.238,September,Device temperature ,60
H- E,ps,27-09-2024,-,-,-,36,27-09-2024 13:09:47.258,September,Device temperature ,60
H- E,ps,27-09-2024,-,-,-,35,27-09-2024 13:09:52.256,September,Device temperature ,60
H- E,ps,27-09-2024,-,-,-,35,27-09-2024 13:09:57.258,September,Device temperature ,60
H- E,ps,27-09-2024,-,-,-,35,27-09-2024 13:10:02.260,September,Device temperature ,60
H- E,ps,27-09-2024,-,-,-,35,27-09-2024 13:10:07.251,September,Device temperature ,60
H- E,ps,27-09-2024,-,-,-,35,27-09-2024 13:10:12.251,September,Device temperature ,60
H- E,ps,27-09-2024,J5,70%Alcohol,R3,0,27-09-2024 13:10:22.220,September,Picked From,60
H- E,ps,27-09-2024,J6,50% Alcohol,R3,0,27-09-2024 13:10:27.932,September,Placed In,60
H- E,ps,27-09-2024,-,-,-,36,27-09-2024 13:10:32.836,September,Device temperature ,60
H- E,ps,27-09-2024,-,-,-,35,27-09-2024 13:10:37.995,September,Device temperature ,60
H- E,ps,27-09-2024,-,-,-,35,27-09-2024 13:10:42.996,September,Device temperature ,60
H- E,ps,27-09-2024,-,-,-,35,27-09-2024 13:10:48.001,September,Device temperature ,60
H- E,ps,27-09-2024,-,-,-,36,27-09-2024 13:10:52.991,September,Device temperature ,60
H- E,ps,27-09-2024,-,-,-,0,27-09-2024 13:21:09.545,September,Protorun Stopped,60
H- E,ps,27-09-2024,-,-,-,37,27-09-2024 13:21:13.343,September,Device temperature ,60
