PAPSL,ps,23-04-2025,-,-,-,0,23-04-2025 14:25:41.975,April,Protorun Started,560
PAPSL,ps,23-04-2025,W1,Tap Water,--,0,23-04-2025 14:25:51.696,April,Water Valve : 1 is Off,560
PAPSL,ps,23-04-2025,W2,Tap Water,--,0,23-04-2025 14:25:52.469,April,Water Valve : 2 is Off,560
PAPSL,ps,23-04-2025,W3,Tap Water,--,0,23-04-2025 14:25:53.168,April,Water Valve : 3 is Off,560
PAPSL,ps,23-04-2025,W4,Tap Water,--,0,23-04-2025 14:25:53.881,April,Water Valve : 4 is Off,560
PAPSL,ps,23-04-2025,W5,Tap Water,--,0,23-04-2025 14:25:54.579,April,Water Valve : 5 is Off,560
PAPSL,ps,23-04-2025,W6,Tap Water,--,0,23-04-2025 14:25:55.297,April,Water Valve : 6 is Off,560
PAPSL,ps,23-04-2025,-,-,-,0,23-04-2025 14:25:56.001,April,Home Reached,560
PAPSL,ps,23-04-2025,-,-,-,0,23-04-2025 14:25:58.233,April,Home Reached,560
PAPSL,ps,23-04-2025,L1,-,-,0,23-04-2025 14:26:08.798,April,Liquid Level - 3898,560
PAPSL,ps,23-04-2025,L2,-,-,0,23-04-2025 14:26:11.799,April,Liquid Level - 3897,560
PAPSL,ps,23-04-2025,L3,-,-,0,23-04-2025 14:26:14.779,April,Liquid Level - 3894,560
PAPSL,ps,23-04-2025,-,-,-,0,23-04-2025 14:26:15.894,April,Heater Door Closed,560
PAPSL,ps,23-04-2025,-,-,-,0,23-04-2025 14:26:27.683,April,Home Reached,560
PAPSL,ps,23-04-2025,-,-,-,0,23-04-2025 14:26:29.923,April,Home Reached,560
PAPSL,ps,23-04-2025,-,-,-,0,23-04-2025 14:26:43.136,April,Home Reached,560
PAPSL,ps,23-04-2025,L1,-,-,0,23-04-2025 14:26:57.356,April,Liquid Level - 467,560
PAPSL,ps,23-04-2025,L2,-,-,0,23-04-2025 14:26:59.870,April,Liquid Level - 498,560
PAPSL,ps,23-04-2025,L3,-,-,0,23-04-2025 14:27:02.882,April,Liquid Level - 465,560
PAPSL,ps,23-04-2025,-,-,-,0,23-04-2025 14:27:14.633,April,Home Reached,560
PAPSL,ps,23-04-2025,-,-,-,0,23-04-2025 14:27:16.351,April,Home Reached,560
PAPSL,ps,23-04-2025,,,R1,0,23-04-2025 14:27:17.885,April,Test Started,560
PAPSL,ps,23-04-2025,L1,Loading,R1,0,23-04-2025 14:27:25.659,April,Picked From,560
PAPSL,ps,23-04-2025,-,-,-,0,23-04-2025 14:27:25.893,April,Home Reached,560
PAPSL,ps,23-04-2025,J12,100% Alcohol,R1,0,23-04-2025 14:27:38.375,April,Placed In,560
PAPSL,ps,23-04-2025,-,-,-,0,23-04-2025 14:27:50.727,April,Home Reached,560
PAPSL,ps,23-04-2025,-,-,-,0,23-04-2025 14:27:52.433,April,Home Reached,560
PAPSL,ps,23-04-2025,-,-,-,0,23-04-2025 14:27:54.144,April,Home Reached,560
PAPSL,ps,23-04-2025,-,-,-,0,23-04-2025 14:27:55.862,April,Home Reached,560
PAPSL,ps,23-04-2025,-,-,-,0,23-04-2025 14:27:57.581,April,Home Reached,560
PAPSL,ps,23-04-2025,-,-,-,0,23-04-2025 14:27:59.317,April,Home Reached,560
PAPSL,ps,23-04-2025,-,-,-,0,23-04-2025 14:28:01.023,April,Home Reached,560
PAPSL,ps,23-04-2025,-,-,-,0,23-04-2025 14:28:02.735,April,Home Reached,560
PAPSL,ps,23-04-2025,-,-,-,0,23-04-2025 14:28:04.467,April,Home Reached,560
PAPSL,ps,23-04-2025,-,-,-,0,23-04-2025 14:28:06.175,April,Home Reached,560
PAPSL,ps,23-04-2025,-,-,-,0,23-04-2025 14:28:07.879,April,Home Reached,560
PAPSL,ps,23-04-2025,-,-,-,0,23-04-2025 14:28:09.587,April,Home Reached,560
PAPSL,ps,23-04-2025,-,-,-,0,23-04-2025 14:28:11.307,April,Home Reached,560
PAPSL,ps,23-04-2025,-,-,-,0,23-04-2025 14:28:13.031,April,Home Reached,560
PAPSL,ps,23-04-2025,-,-,-,0,23-04-2025 14:28:14.757,April,Home Reached,560
PAPSL,ps,23-04-2025,-,-,-,0,23-04-2025 14:28:16.461,April,Home Reached,560
PAPSL,ps,23-04-2025,-,-,-,0,23-04-2025 14:28:18.185,April,Home Reached,560
PAPSL,ps,23-04-2025,-,-,-,0,23-04-2025 14:28:19.905,April,Home Reached,560
PAPSL,ps,23-04-2025,-,-,-,0,23-04-2025 14:28:21.626,April,Home Reached,560
PAPSL,ps,23-04-2025,-,-,-,0,23-04-2025 14:28:23.362,April,Home Reached,560
PAPSL,ps,23-04-2025,-,-,-,0,23-04-2025 14:28:25.082,April,Home Reached,560
PAPSL,ps,23-04-2025,-,-,-,0,23-04-2025 14:28:26.796,April,Home Reached,560
PAPSL,ps,23-04-2025,-,-,-,0,23-04-2025 14:28:28.519,April,Home Reached,560
PAPSL,ps,23-04-2025,-,-,-,0,23-04-2025 14:28:30.224,April,Home Reached,560
PAPSL,ps,23-04-2025,-,-,-,0,23-04-2025 14:28:31.942,April,Home Reached,560
PAPSL,ps,23-04-2025,-,-,-,0,23-04-2025 14:28:33.657,April,Home Reached,560
PAPSL,ps,23-04-2025,-,-,-,0,23-04-2025 14:28:35.392,April,Home Reached,560
PAPSL,ps,23-04-2025,-,-,-,0,23-04-2025 14:28:37.141,April,Home Reached,560
PAPSL,ps,23-04-2025,-,-,-,0,23-04-2025 14:28:38.877,April,Home Reached,560
PAPSL,ps,23-04-2025,-,-,-,0,23-04-2025 14:28:40.663,April,Home Reached,560
PAPSL,ps,23-04-2025,-,-,-,0,23-04-2025 14:28:42.385,April,Home Reached,560
PAPSL,ps,23-04-2025,-,-,-,0,23-04-2025 14:28:44.108,April,Home Reached,560
PAPSL,ps,23-04-2025,-,-,-,0,23-04-2025 14:28:45.831,April,Home Reached,560
PAPSL,ps,23-04-2025,-,-,-,0,23-04-2025 14:28:47.556,April,Home Reached,560
PAPSL,ps,23-04-2025,-,-,-,0,23-04-2025 14:28:49.294,April,Home Reached,560
PAPSL,ps,23-04-2025,-,-,-,0,23-04-2025 14:28:51.007,April,Home Reached,560
PAPSL,ps,23-04-2025,-,-,-,0,23-04-2025 14:28:52.727,April,Home Reached,560
PAPSL,ps,23-04-2025,-,-,-,0,23-04-2025 14:28:54.463,April,Home Reached,560
PAPSL,ps,23-04-2025,-,-,-,0,23-04-2025 14:28:56.189,April,Home Reached,560
PAPSL,ps,23-04-2025,-,-,-,0,23-04-2025 14:28:57.908,April,Home Reached,560
PAPSL,ps,23-04-2025,-,-,-,0,23-04-2025 14:28:59.614,April,Home Reached,560
PAPSL,ps,23-04-2025,-,-,-,0,23-04-2025 14:29:01.333,April,Home Reached,560
PAPSL,ps,23-04-2025,-,-,-,0,23-04-2025 14:29:03.035,April,Home Reached,560
PAPSL,ps,23-04-2025,-,-,-,0,23-04-2025 14:29:04.745,April,Home Reached,560
PAPSL,ps,23-04-2025,-,-,-,0,23-04-2025 14:29:06.470,April,Home Reached,560
PAPSL,ps,23-04-2025,-,-,-,0,23-04-2025 14:29:08.191,April,Home Reached,560
PAPSL,ps,23-04-2025,-,-,-,0,23-04-2025 14:29:09.915,April,Home Reached,560
PAPSL,ps,23-04-2025,-,-,-,0,23-04-2025 14:29:11.636,April,Home Reached,560
PAPSL,ps,23-04-2025,-,-,-,0,23-04-2025 14:29:13.376,April,Home Reached,560
PAPSL,ps,23-04-2025,-,-,-,0,23-04-2025 14:29:15.081,April,Home Reached,560
PAPSL,ps,23-04-2025,-,-,-,0,23-04-2025 14:29:16.807,April,Home Reached,560
PAPSL,ps,23-04-2025,-,-,-,0,23-04-2025 14:29:18.544,April,Home Reached,560
PAPSL,ps,23-04-2025,-,-,-,0,23-04-2025 14:29:20.266,April,Home Reached,560
PAPSL,ps,23-04-2025,-,-,-,0,23-04-2025 14:29:21.973,April,Home Reached,560
PAPSL,ps,23-04-2025,-,-,-,0,23-04-2025 14:29:23.687,April,Home Reached,560
PAPSL,ps,23-04-2025,-,-,-,0,23-04-2025 14:29:25.429,April,Home Reached,560
PAPSL,ps,23-04-2025,-,-,-,0,23-04-2025 14:29:27.135,April,Home Reached,560
PAPSL,ps,23-04-2025,-,-,-,0,23-04-2025 14:29:28.871,April,Home Reached,560
PAPSL,ps,23-04-2025,-,-,-,0,23-04-2025 14:29:30.584,April,Home Reached,560
PAPSL,ps,23-04-2025,-,-,-,0,23-04-2025 14:29:32.288,April,Home Reached,560
PAPSL,ps,23-04-2025,-,-,-,0,23-04-2025 14:29:34.012,April,Home Reached,560
PAPSL,ps,23-04-2025,-,-,-,0,23-04-2025 14:29:35.734,April,Home Reached,560
PAPSL,ps,23-04-2025,-,-,-,0,23-04-2025 14:29:37.459,April,Home Reached,560
PAPSL,ps,23-04-2025,-,-,-,0,23-04-2025 14:29:39.180,April,Home Reached,560
PAPSL,ps,23-04-2025,-,-,-,0,23-04-2025 14:29:40.893,April,Home Reached,560
PAPSL,ps,23-04-2025,-,-,-,0,23-04-2025 14:29:42.599,April,Home Reached,560
PAPSL,ps,23-04-2025,-,-,-,0,23-04-2025 14:29:44.303,April,Home Reached,560
PAPSL,ps,23-04-2025,-,-,-,0,23-04-2025 14:29:46.010,April,Home Reached,560
PAPSL,ps,23-04-2025,-,-,-,0,23-04-2025 14:29:47.716,April,Home Reached,560
PAPSL,ps,23-04-2025,-,-,-,0,23-04-2025 14:29:49.454,April,Home Reached,560
PAPSL,ps,23-04-2025,-,-,-,0,23-04-2025 14:29:51.192,April,Home Reached,560
PAPSL,ps,23-04-2025,-,-,-,0,23-04-2025 14:29:52.895,April,Home Reached,560
PAPSL,ps,23-04-2025,-,-,-,0,23-04-2025 14:29:54.614,April,Home Reached,560
PAPSL,ps,23-04-2025,-,-,-,0,23-04-2025 14:29:56.337,April,Home Reached,560
PAPSL,ps,23-04-2025,-,-,-,0,23-04-2025 14:29:58.055,April,Home Reached,560
PAPSL,ps,23-04-2025,-,-,-,0,23-04-2025 14:29:59.787,April,Home Reached,560
PAPSL,ps,23-04-2025,-,-,-,0,23-04-2025 14:30:01.516,April,Home Reached,560
PAPSL,ps,23-04-2025,-,-,-,0,23-04-2025 14:30:03.264,April,Home Reached,560
PAPSL,ps,23-04-2025,-,-,-,0,23-04-2025 14:30:04.987,April,Home Reached,560
PAPSL,ps,23-04-2025,-,-,-,0,23-04-2025 14:30:06.714,April,Home Reached,560
PAPSL,ps,23-04-2025,-,-,-,0,23-04-2025 14:30:08.448,April,Home Reached,560
PAPSL,ps,23-04-2025,-,-,-,0,23-04-2025 14:30:10.169,April,Home Reached,560
PAPSL,ps,23-04-2025,-,-,-,0,23-04-2025 14:30:11.909,April,Home Reached,560
PAPSL,ps,23-04-2025,-,-,-,0,23-04-2025 14:30:13.628,April,Home Reached,560
PAPSL,ps,23-04-2025,-,-,-,0,23-04-2025 14:30:15.336,April,Home Reached,560
PAPSL,ps,23-04-2025,-,-,-,0,23-04-2025 14:30:17.055,April,Home Reached,560
PAPSL,ps,23-04-2025,-,-,-,0,23-04-2025 14:30:18.773,April,Home Reached,560
PAPSL,ps,23-04-2025,-,-,-,0,23-04-2025 14:30:20.505,April,Home Reached,560
PAPSL,ps,23-04-2025,-,-,-,0,23-04-2025 14:30:22.226,April,Home Reached,560
PAPSL,ps,23-04-2025,-,-,-,0,23-04-2025 14:30:23.953,April,Home Reached,560
PAPSL,ps,23-04-2025,-,-,-,0,23-04-2025 14:30:25.689,April,Home Reached,560
PAPSL,ps,23-04-2025,-,-,-,0,23-04-2025 14:30:27.408,April,Home Reached,560
PAPSL,ps,23-04-2025,-,-,-,0,23-04-2025 14:30:29.136,April,Home Reached,560
PAPSL,ps,23-04-2025,-,-,-,0,23-04-2025 14:30:30.861,April,Home Reached,560
PAPSL,ps,23-04-2025,-,-,-,0,23-04-2025 14:30:32.597,April,Home Reached,560
PAPSL,ps,23-04-2025,-,-,-,0,23-04-2025 14:30:34.306,April,Home Reached,560
PAPSL,ps,23-04-2025,-,-,-,0,23-04-2025 14:30:36.032,April,Home Reached,560
PAPSL,ps,23-04-2025,-,-,-,0,23-04-2025 14:30:37.752,April,Home Reached,560
PAPSL,ps,23-04-2025,-,-,-,0,23-04-2025 14:30:39.462,April,Home Reached,560
PAPSL,ps,23-04-2025,-,-,-,0,23-04-2025 14:30:41.181,April,Home Reached,560
PAPSL,ps,23-04-2025,-,-,-,0,23-04-2025 14:30:42.906,April,Home Reached,560
PAPSL,ps,23-04-2025,-,-,-,0,23-04-2025 14:30:44.637,April,Home Reached,560
PAPSL,ps,23-04-2025,-,-,-,0,23-04-2025 14:30:46.351,April,Home Reached,560
PAPSL,ps,23-04-2025,-,-,-,0,23-04-2025 14:30:48.071,April,Home Reached,560
PAPSL,ps,23-04-2025,-,-,-,0,23-04-2025 14:30:49.794,April,Home Reached,560
PAPSL,ps,23-04-2025,-,-,-,0,23-04-2025 14:30:51.519,April,Home Reached,560
PAPSL,ps,23-04-2025,-,-,-,0,23-04-2025 14:30:53.224,April,Home Reached,560
PAPSL,ps,23-04-2025,-,-,-,0,23-04-2025 14:30:54.945,April,Home Reached,560
PAPSL,ps,23-04-2025,-,-,-,0,23-04-2025 14:30:56.670,April,Home Reached,560
PAPSL,ps,23-04-2025,-,-,-,0,23-04-2025 14:30:58.391,April,Home Reached,560
PAPSL,ps,23-04-2025,-,-,-,0,23-04-2025 14:31:00.110,April,Home Reached,560
PAPSL,ps,23-04-2025,-,-,-,0,23-04-2025 14:31:01.820,April,Home Reached,560
PAPSL,ps,23-04-2025,-,-,-,0,23-04-2025 14:31:03.528,April,Home Reached,560
PAPSL,ps,23-04-2025,-,-,-,0,23-04-2025 14:31:05.247,April,Home Reached,560
PAPSL,ps,23-04-2025,-,-,-,0,23-04-2025 14:31:06.980,April,Home Reached,560
PAPSL,ps,23-04-2025,-,-,-,0,23-04-2025 14:31:08.683,April,Home Reached,560
PAPSL,ps,23-04-2025,-,-,-,0,23-04-2025 14:31:10.402,April,Home Reached,560
PAPSL,ps,23-04-2025,-,-,-,0,23-04-2025 14:31:12.139,April,Home Reached,560
PAPSL,ps,23-04-2025,-,-,-,0,23-04-2025 14:31:13.857,April,Home Reached,560
PAPSL,ps,23-04-2025,-,-,-,0,23-04-2025 14:31:15.576,April,Home Reached,560
PAPSL,ps,23-04-2025,-,-,-,0,23-04-2025 14:31:17.301,April,Home Reached,560
PAPSL,ps,23-04-2025,-,-,-,0,23-04-2025 14:31:19.023,April,Home Reached,560
PAPSL,ps,23-04-2025,-,-,-,0,23-04-2025 14:31:20.744,April,Home Reached,560
PAPSL,ps,23-04-2025,-,-,-,0,23-04-2025 14:31:22.481,April,Home Reached,560
PAPSL,ps,23-04-2025,-,-,-,0,23-04-2025 14:31:24.201,April,Home Reached,560
PAPSL,ps,23-04-2025,-,-,-,0,23-04-2025 14:31:25.939,April,Home Reached,560
PAPSL,ps,23-04-2025,-,-,-,0,23-04-2025 14:31:27.642,April,Home Reached,560
PAPSL,ps,23-04-2025,-,-,-,0,23-04-2025 14:31:29.364,April,Home Reached,560
PAPSL,ps,23-04-2025,-,-,-,0,23-04-2025 14:31:31.091,April,Home Reached,560
PAPSL,ps,23-04-2025,-,-,-,0,23-04-2025 14:31:32.807,April,Home Reached,560
PAPSL,ps,23-04-2025,-,-,-,0,23-04-2025 14:31:34.511,April,Home Reached,560
PAPSL,ps,23-04-2025,-,-,-,0,23-04-2025 14:31:36.227,April,Home Reached,560
PAPSL,ps,23-04-2025,-,-,-,0,23-04-2025 14:31:37.949,April,Home Reached,560
PAPSL,ps,23-04-2025,-,-,-,0,23-04-2025 14:31:39.664,April,Home Reached,560
PAPSL,ps,23-04-2025,-,-,-,0,23-04-2025 14:31:41.384,April,Home Reached,560
PAPSL,ps,23-04-2025,-,-,-,0,23-04-2025 14:31:43.103,April,Home Reached,560
PAPSL,ps,23-04-2025,-,-,-,0,23-04-2025 14:31:44.806,April,Home Reached,560
PAPSL,ps,23-04-2025,-,-,-,0,23-04-2025 14:31:46.509,April,Home Reached,560
PAPSL,ps,23-04-2025,-,-,-,0,23-04-2025 14:31:48.215,April,Home Reached,560
PAPSL,ps,23-04-2025,-,-,-,0,23-04-2025 14:31:49.943,April,Home Reached,560
PAPSL,ps,23-04-2025,-,-,-,0,23-04-2025 14:31:51.672,April,Home Reached,560
PAPSL,ps,23-04-2025,-,-,-,0,23-04-2025 14:31:53.390,April,Home Reached,560
PAPSL,ps,23-04-2025,-,-,-,0,23-04-2025 14:31:55.125,April,Home Reached,560
PAPSL,ps,23-04-2025,-,-,-,0,23-04-2025 14:31:56.838,April,Home Reached,560
PAPSL,ps,23-04-2025,-,-,-,0,23-04-2025 14:31:58.552,April,Home Reached,560
PAPSL,ps,23-04-2025,-,-,-,0,23-04-2025 14:32:00.251,April,Home Reached,560
PAPSL,ps,23-04-2025,-,-,-,0,23-04-2025 14:32:01.974,April,Home Reached,560
PAPSL,ps,23-04-2025,-,-,-,0,23-04-2025 14:32:03.693,April,Home Reached,560
PAPSL,ps,23-04-2025,-,-,-,0,23-04-2025 14:32:05.700,April,Home Reached,560
PAPSL,ps,23-04-2025,-,-,-,0,23-04-2025 14:32:07.417,April,Home Reached,560
PAPSL,ps,23-04-2025,-,-,-,0,23-04-2025 14:32:09.693,April,Home Reached,560
PAPSL,ps,23-04-2025,-,-,-,0,23-04-2025 14:32:11.402,April,Home Reached,560
PAPSL,ps,23-04-2025,-,-,-,0,23-04-2025 14:32:13.136,April,Home Reached,560
PAPSL,ps,23-04-2025,-,-,-,0,23-04-2025 14:32:14.833,April,Home Reached,560
PAPSL,ps,23-04-2025,-,-,-,0,23-04-2025 14:32:16.535,April,Home Reached,560
PAPSL,ps,23-04-2025,-,-,-,0,23-04-2025 14:32:18.802,April,Home Reached,560
PAPSL,ps,23-04-2025,-,-,-,0,23-04-2025 14:32:20.507,April,Home Reached,560
PAPSL,ps,23-04-2025,-,-,-,0,23-04-2025 14:32:22.219,April,Home Reached,560
PAPSL,ps,23-04-2025,-,-,-,0,23-04-2025 14:32:23.918,April,Home Reached,560
PAPSL,ps,23-04-2025,-,-,-,0,23-04-2025 14:32:25.623,April,Home Reached,560
PAPSL,ps,23-04-2025,-,-,-,0,23-04-2025 14:32:27.358,April,Home Reached,560
PAPSL,ps,23-04-2025,-,-,-,0,23-04-2025 14:32:29.088,April,Home Reached,560
PAPSL,ps,23-04-2025,-,-,-,0,23-04-2025 14:32:30.805,April,Home Reached,560
PAPSL,ps,23-04-2025,-,-,-,0,23-04-2025 14:32:32.539,April,Home Reached,560
PAPSL,ps,23-04-2025,-,-,-,0,23-04-2025 14:32:34.277,April,Home Reached,560
PAPSL,ps,23-04-2025,-,-,-,0,23-04-2025 14:32:36.015,April,Home Reached,560
PAPSL,ps,23-04-2025,-,-,-,0,23-04-2025 14:32:37.750,April,Home Reached,560
PAPSL,ps,23-04-2025,-,-,-,0,23-04-2025 14:32:39.498,April,Home Reached,560
PAPSL,ps,23-04-2025,-,-,-,0,23-04-2025 14:32:41.210,April,Home Reached,560
PAPSL,ps,23-04-2025,-,-,-,0,23-04-2025 14:32:42.910,April,Home Reached,560
PAPSL,ps,23-04-2025,-,-,-,0,23-04-2025 14:32:44.614,April,Home Reached,560
PAPSL,ps,23-04-2025,-,-,-,0,23-04-2025 14:32:46.334,April,Home Reached,560
PAPSL,ps,23-04-2025,-,-,-,0,23-04-2025 14:32:48.075,April,Home Reached,560
PAPSL,ps,23-04-2025,-,-,-,0,23-04-2025 14:32:49.787,April,Home Reached,560
PAPSL,ps,23-04-2025,-,-,-,0,23-04-2025 14:32:51.524,April,Home Reached,560
PAPSL,ps,23-04-2025,-,-,-,0,23-04-2025 14:32:53.255,April,Home Reached,560
PAPSL,ps,23-04-2025,-,-,-,0,23-04-2025 14:32:54.967,April,Home Reached,560
PAPSL,ps,23-04-2025,-,-,-,0,23-04-2025 14:32:56.687,April,Home Reached,560
PAPSL,ps,23-04-2025,-,-,-,0,23-04-2025 14:32:58.418,April,Home Reached,560
PAPSL,ps,23-04-2025,-,-,-,0,23-04-2025 14:33:00.148,April,Home Reached,560
PAPSL,ps,23-04-2025,-,-,-,0,23-04-2025 14:33:01.867,April,Home Reached,560
PAPSL,ps,23-04-2025,-,-,-,0,23-04-2025 14:33:03.587,April,Home Reached,560
PAPSL,ps,23-04-2025,-,-,-,0,23-04-2025 14:33:05.289,April,Home Reached,560
PAPSL,ps,23-04-2025,-,-,-,0,23-04-2025 14:33:07.009,April,Home Reached,560
PAPSL,ps,23-04-2025,-,-,-,0,23-04-2025 14:33:08.746,April,Home Reached,560
PAPSL,ps,23-04-2025,-,-,-,0,23-04-2025 14:33:10.484,April,Home Reached,560
PAPSL,ps,23-04-2025,-,-,-,0,23-04-2025 14:33:12.223,April,Home Reached,560
PAPSL,ps,23-04-2025,-,-,-,0,23-04-2025 14:33:13.944,April,Home Reached,560
PAPSL,ps,23-04-2025,-,-,-,0,23-04-2025 14:33:15.662,April,Home Reached,560
PAPSL,ps,23-04-2025,-,-,-,0,23-04-2025 14:33:17.384,April,Home Reached,560
PAPSL,ps,23-04-2025,-,-,-,0,23-04-2025 14:33:19.104,April,Home Reached,560
PAPSL,ps,23-04-2025,-,-,-,0,23-04-2025 14:33:20.812,April,Home Reached,560
PAPSL,ps,23-04-2025,-,-,-,0,23-04-2025 14:33:22.538,April,Home Reached,560
PAPSL,ps,23-04-2025,-,-,-,0,23-04-2025 14:33:24.259,April,Home Reached,560
PAPSL,ps,23-04-2025,-,-,-,0,23-04-2025 14:33:25.965,April,Home Reached,560
PAPSL,ps,23-04-2025,-,-,-,0,23-04-2025 14:33:27.687,April,Home Reached,560
PAPSL,ps,23-04-2025,-,-,-,0,23-04-2025 14:33:29.419,April,Home Reached,560
PAPSL,ps,23-04-2025,-,-,-,0,23-04-2025 14:33:31.162,April,Home Reached,560
PAPSL,ps,23-04-2025,-,-,-,0,23-04-2025 14:33:32.891,April,Home Reached,560
PAPSL,ps,23-04-2025,-,-,-,0,23-04-2025 14:33:34.612,April,Home Reached,560
PAPSL,ps,23-04-2025,-,-,-,0,23-04-2025 14:33:36.329,April,Home Reached,560
PAPSL,ps,23-04-2025,-,-,-,0,23-04-2025 14:33:38.059,April,Home Reached,560
PAPSL,ps,23-04-2025,-,-,-,0,23-04-2025 14:33:39.771,April,Home Reached,560
PAPSL,ps,23-04-2025,-,-,-,0,23-04-2025 14:33:41.482,April,Home Reached,560
PAPSL,ps,23-04-2025,-,-,-,0,23-04-2025 14:33:43.188,April,Home Reached,560
PAPSL,ps,23-04-2025,-,-,-,0,23-04-2025 14:41:17.721,April,Protorun Started,561
PAPSL,ps,23-04-2025,W1,Tap Water,--,0,23-04-2025 14:41:27.436,April,Water Valve : 1 is Off,561
PAPSL,ps,23-04-2025,W2,Tap Water,--,0,23-04-2025 14:41:28.168,April,Water Valve : 2 is Off,561
PAPSL,ps,23-04-2025,W3,Tap Water,--,0,23-04-2025 14:41:28.853,April,Water Valve : 3 is Off,561
PAPSL,ps,23-04-2025,W4,Tap Water,--,0,23-04-2025 14:41:29.548,April,Water Valve : 4 is Off,561
PAPSL,ps,23-04-2025,W5,Tap Water,--,0,23-04-2025 14:41:30.233,April,Water Valve : 5 is Off,561
PAPSL,ps,23-04-2025,W6,Tap Water,--,0,23-04-2025 14:41:30.914,April,Water Valve : 6 is Off,561
PAPSL,ps,23-04-2025,-,-,-,0,23-04-2025 14:41:31.615,April,Home Reached,561
PAPSL,ps,23-04-2025,-,-,-,0,23-04-2025 14:41:33.839,April,Home Reached,561
PAPSL,ps,23-04-2025,L1,-,-,0,23-04-2025 14:41:44.369,April,Liquid Level - 470,561
PAPSL,ps,23-04-2025,L2,-,-,0,23-04-2025 14:41:47.357,April,Liquid Level - 498,561
PAPSL,ps,23-04-2025,L3,-,-,0,23-04-2025 14:41:50.352,April,Liquid Level - 469,561
PAPSL,ps,23-04-2025,-,-,-,0,23-04-2025 14:42:02.113,April,Home Reached,561
