,ps,10-01-2025,-,-,-,35,10-01-2025 12:39:59.742,January,35 - Temperature set to device,0
Water valve,ps,10-01-2025,W1,Tap Water,--,0,10-01-2025 12:41:25.856,January,Water Valve : 1 is On,0
Water valve,ps,10-01-2025,W2,Tap Water,--,0,10-01-2025 12:41:26.384,January,Water Valve : 2 is On,0
Water valve,ps,10-01-2025,W3,Tap Water,--,0,10-01-2025 12:41:27.051,January,Water Valve : 3 is On,0
Water valve,ps,10-01-2025,W4,Tap Water,--,0,10-01-2025 12:41:27.701,January,Water Valve : 4 is On,0
Water valve,ps,10-01-2025,W5,Tap Water,--,0,10-01-2025 12:41:28.369,January,Water Valve : 5 is On,0
Water valve,ps,10-01-2025,W6,Tap Water,--,0,10-01-2025 12:41:29.037,January,Water Valve : 6 is On,0
Water valve,ps,10-01-2025,-,-,-,0,10-01-2025 12:41:29.707,January,Home Reached,0
Water valve,ps,10-01-2025,-,-,-,0,10-01-2025 12:41:43.394,January,Home Reached,0
Water valve,ps,10-01-2025,-,-,-,0,10-01-2025 12:41:46.058,January,Home Reached,0
Water valve,ps,10-01-2025,U1,-,-,0,10-01-2025 12:41:52.909,January,Liquid Level - 2494,0
Water valve,ps,10-01-2025,U2,-,-,0,10-01-2025 12:41:55.710,January,Liquid Level - 2491,0
Water valve,ps,10-01-2025,U3,-,-,0,10-01-2025 12:41:58.396,January,Liquid Level - 2494,0
Water valve,ps,10-01-2025,U4,-,-,0,10-01-2025 12:42:01.069,January,Liquid Level - 2480,0
Water valve,ps,10-01-2025,U5,-,-,0,10-01-2025 12:42:03.738,January,Liquid Level - 2483,0
Water valve,ps,10-01-2025,U6,-,-,0,10-01-2025 12:42:06.405,January,Liquid Level - 2483,0
Water valve,ps,10-01-2025,J1,-,-,0,10-01-2025 12:42:12.322,January,Liquid Level - 2493,0
Water valve,ps,10-01-2025,J2,-,-,0,10-01-2025 12:42:15.249,January,Liquid Level - 2491,0
Water valve,ps,10-01-2025,J3,-,-,0,10-01-2025 12:42:17.915,January,Liquid Level - 2492,0
Water valve,ps,10-01-2025,J4,-,-,0,10-01-2025 12:42:20.589,January,Liquid Level - 2507,0
Water valve,ps,10-01-2025,J5,-,-,0,10-01-2025 12:42:23.238,January,Liquid Level - 2502,0
Water valve,ps,10-01-2025,J6,-,-,0,10-01-2025 12:42:25.902,January,Liquid Level - 2493,0
Water valve,ps,10-01-2025,J7,-,-,0,10-01-2025 12:42:28.567,January,Liquid Level - 2495,0
Water valve,ps,10-01-2025,J8,-,-,0,10-01-2025 12:42:31.230,January,Liquid Level - 2487,0
Water valve,ps,10-01-2025,J9,-,-,0,10-01-2025 12:42:33.896,January,Liquid Level - 2493,0
Water valve,ps,10-01-2025,J10,-,-,0,10-01-2025 12:42:37.757,January,Liquid Level - 2495,0
Water valve,ps,10-01-2025,J11,-,-,0,10-01-2025 12:42:42.949,January,Liquid Level - 2497,0
Water valve,ps,10-01-2025,J12,-,-,0,10-01-2025 12:42:45.807,January,Liquid Level - 2493,0
Water valve,ps,10-01-2025,J13,-,-,0,10-01-2025 12:42:48.481,January,Liquid Level - 2463,0
Water valve,ps,10-01-2025,J14,-,-,0,10-01-2025 12:42:51.329,January,Liquid Level - 2496,0
Water valve,ps,10-01-2025,J15,-,-,0,10-01-2025 12:42:56.531,January,Liquid Level - 2506,0
Water valve,ps,10-01-2025,J16,-,-,0,10-01-2025 12:42:59.370,January,Liquid Level - 2494,0
Water valve,ps,10-01-2025,J17,-,-,0,10-01-2025 12:43:02.045,January,Liquid Level - 2499,0
Water valve,ps,10-01-2025,J18,-,-,0,10-01-2025 12:43:05.913,January,Liquid Level - 2503,0
Water valve,ps,10-01-2025,J19,-,-,0,10-01-2025 12:43:11.108,January,Liquid Level - 2493,0
Water valve,ps,10-01-2025,J20,-,-,0,10-01-2025 12:43:13.959,January,Liquid Level - 2476,0
Water valve,ps,10-01-2025,J21,-,-,0,10-01-2025 12:43:16.609,January,Liquid Level - 2494,0
Water valve,ps,10-01-2025,J22,-,-,0,10-01-2025 12:43:19.264,January,Liquid Level - 2502,0
Water valve,ps,10-01-2025,J23,-,-,0,10-01-2025 12:43:21.947,January,Liquid Level - 2501,0
Water valve,ps,10-01-2025,J24,-,-,0,10-01-2025 12:43:24.608,January,Liquid Level - 2499,0
Water valve,ps,10-01-2025,J25,-,-,0,10-01-2025 12:43:27.273,January,Liquid Level - 2517,0
Water valve,ps,10-01-2025,J26,-,-,0,10-01-2025 12:43:29.946,January,Liquid Level - 2504,0
Water valve,ps,10-01-2025,J27,-,-,0,10-01-2025 12:43:33.439,January,Liquid Level - 2546,0
Water valve,ps,10-01-2025,J28,-,-,0,10-01-2025 12:43:36.289,January,Liquid Level - 2549,0
Water valve,ps,10-01-2025,J29,-,-,0,10-01-2025 12:43:38.966,January,Liquid Level - 2523,0
Water valve,ps,10-01-2025,J30,-,-,0,10-01-2025 12:43:41.645,January,Liquid Level - 2525,0
Water valve,ps,10-01-2025,J31,-,-,0,10-01-2025 12:43:44.301,January,Liquid Level - 2517,0
Water valve,ps,10-01-2025,J32,-,-,0,10-01-2025 12:43:46.985,January,Liquid Level - 2533,0
Water valve,ps,10-01-2025,J33,-,-,0,10-01-2025 12:43:52.062,January,Liquid Level - 2459,0
Water valve,ps,10-01-2025,W1,-,-,0,10-01-2025 12:43:56.866,January,Liquid Level - 2488,0
Water valve,ps,10-01-2025,W2,-,-,0,10-01-2025 12:43:59.500,January,Liquid Level - 2490,0
Water valve,ps,10-01-2025,W3,-,-,0,10-01-2025 12:44:02.153,January,Liquid Level - 2476,0
Water valve,ps,10-01-2025,W4,-,-,0,10-01-2025 12:44:05.001,January,Liquid Level - 2302,0
Water valve,ps,10-01-2025,W5,-,-,0,10-01-2025 12:44:10.205,January,Liquid Level - 2478,0
Water valve,ps,10-01-2025,W6,-,-,0,10-01-2025 12:44:13.045,January,Liquid Level - 2484,0
Water valve,ps,10-01-2025,H1,-,-,0,10-01-2025 12:44:19.801,January,Liquid Level - 3472,0
Water valve,ps,10-01-2025,H2,-,-,0,10-01-2025 12:44:22.571,January,Liquid Level - 3449,0
Water valve,ps,10-01-2025,H3,-,-,0,10-01-2025 12:44:25.244,January,Liquid Level - 3449,0
Water valve,ps,10-01-2025,-,-,-,0,10-01-2025 12:44:37.980,January,Home Reached,0
Water valve,ps,10-01-2025,-,-,-,0,10-01-2025 12:44:41.626,January,Home Reached,0
H- E,ps,10-01-2025,-,-,-,0,10-01-2025 12:44:55.905,January,Protorun Started,179
H- E,ps,10-01-2025,-,-,-,30,10-01-2025 12:45:06.579,January,30 - Temperature set to device,179
H- E,ps,10-01-2025,-,-,-,0,10-01-2025 12:45:07.739,January,Heater Switched On ,179
H- E,ps,10-01-2025,-,-,-,0,10-01-2025 12:45:09.054,January,Heater Door Closed,179
H- E,ps,10-01-2025,-,-,-,29,10-01-2025 12:45:09.397,January,Device temperature ,179
H- E,ps,10-01-2025,-,-,-,31,10-01-2025 12:45:14.567,January,Device temperature ,179
H- E,ps,10-01-2025,W1,Tap Water,--,0,10-01-2025 12:45:19.728,January,Water Valve : 1 is Off,179
H- E,ps,10-01-2025,W2,Tap Water,--,0,10-01-2025 12:45:20.407,January,Water Valve : 2 is Off,179
H- E,ps,10-01-2025,W3,Tap Water,--,0,10-01-2025 12:45:21.071,January,Water Valve : 3 is Off,179
H- E,ps,10-01-2025,W4,Tap Water,--,0,10-01-2025 12:45:21.757,January,Water Valve : 4 is Off,179
H- E,ps,10-01-2025,W5,Tap Water,--,0,10-01-2025 12:45:22.421,January,Water Valve : 5 is Off,179
H- E,ps,10-01-2025,W6,Tap Water,--,0,10-01-2025 12:45:23.091,January,Water Valve : 6 is Off,179
H- E,ps,10-01-2025,-,-,-,0,10-01-2025 12:45:24.563,January,Home Reached,179
H- E,ps,10-01-2025,-,-,-,0,10-01-2025 12:45:26.955,January,Home Reached,179
H- E,ps,10-01-2025,H1,-,-,0,10-01-2025 12:45:38.569,January,Liquid Level - 3439,179
H- E,ps,10-01-2025,H2,-,-,0,10-01-2025 12:45:41.258,January,Liquid Level - 3419,179
H- E,ps,10-01-2025,H3,-,-,0,10-01-2025 12:45:43.930,January,Liquid Level - 3405,179
H- E,ps,10-01-2025,L1,-,-,0,10-01-2025 12:45:47.696,January,Liquid Level - 250,179
H- E,ps,10-01-2025,L2,-,-,0,10-01-2025 12:45:50.581,January,Liquid Level - 250,179
H- E,ps,10-01-2025,L3,-,-,0,10-01-2025 12:45:53.263,January,Liquid Level - 289,179
H- E,ps,10-01-2025,-,-,-,0,10-01-2025 12:46:04.684,January,Home Reached,179
H- E,ps,10-01-2025,-,-,-,0,10-01-2025 12:46:07.313,January,Home Reached,179
H- E,ps,10-01-2025,,,R1,0,10-01-2025 12:46:10.333,January,Test Started,179
H- E,ps,10-01-2025,L1,Loading,R1,0,10-01-2025 12:46:21.551,January,Picked From,179
H- E,ps,10-01-2025,H1,Heating,R1,0,10-01-2025 12:46:28.788,January,Placed In,179
H- E,ps,10-01-2025,-,-,-,0,10-01-2025 12:46:29.329,January,Heater Door Closed,179
H- E,ps,10-01-2025,-,-,-,30,10-01-2025 12:46:29.672,January,Device temperature ,179
H- E,ps,10-01-2025,-,-,-,30,10-01-2025 12:46:34.844,January,Device temperature ,179
H- E,ps,10-01-2025,-,-,-,30,10-01-2025 12:46:40.005,January,Device temperature ,179
H- E,ps,10-01-2025,-,-,-,31,10-01-2025 12:46:45.166,January,Device temperature ,179
H- E,ps,10-01-2025,-,-,-,30,10-01-2025 12:46:50.347,January,Device temperature ,179
H- E,ps,10-01-2025,-,-,-,30,10-01-2025 12:46:55.516,January,Device temperature ,179
H- E,ps,10-01-2025,-,-,-,30,10-01-2025 12:47:00.691,January,Device temperature ,179
H- E,ps,10-01-2025,-,-,-,30,10-01-2025 12:47:05.866,January,Device temperature ,179
H- E,ps,10-01-2025,-,-,-,30,10-01-2025 12:47:11.043,January,Device temperature ,179
H- E,ps,10-01-2025,-,-,-,31,10-01-2025 12:47:16.210,January,Device temperature ,179
H- E,ps,10-01-2025,-,-,-,31,10-01-2025 12:47:21.370,January,Device temperature ,179
H- E,ps,10-01-2025,-,-,-,31,10-01-2025 12:47:26.550,January,Device temperature ,179
H- E,ps,10-01-2025,-,-,-,31,10-01-2025 12:47:31.710,January,Device temperature ,179
H- E,ps,10-01-2025,-,-,-,31,10-01-2025 12:47:36.886,January,Device temperature ,179
H- E,ps,10-01-2025,-,-,-,31,10-01-2025 12:47:42.067,January,Device temperature ,179
H- E,ps,10-01-2025,-,-,-,31,10-01-2025 12:47:47.230,January,Device temperature ,179
H- E,ps,10-01-2025,-,-,-,30,10-01-2025 12:47:52.406,January,Device temperature ,179
H- E,ps,10-01-2025,-,-,-,31,10-01-2025 12:47:57.572,January,Device temperature ,179
H- E,ps,10-01-2025,-,-,-,31,10-01-2025 12:48:02.754,January,Device temperature ,179
H- E,ps,10-01-2025,-,-,-,31,10-01-2025 12:48:07.911,January,Device temperature ,179
H- E,ps,10-01-2025,-,-,-,30,10-01-2025 12:48:13.073,January,Device temperature ,179
H- E,ps,10-01-2025,-,-,-,31,10-01-2025 12:48:18.254,January,Device temperature ,179
H- E,ps,10-01-2025,-,-,-,31,10-01-2025 12:48:23.415,January,Device temperature ,179
H- E,ps,10-01-2025,-,-,-,31,10-01-2025 12:48:28.586,January,Device temperature ,179
H- E,ps,10-01-2025,-,-,-,31,10-01-2025 12:48:33.770,January,Device temperature ,179
H- E,ps,10-01-2025,-,-,-,31,10-01-2025 12:48:38.922,January,Device temperature ,179
H- E,ps,10-01-2025,-,-,-,31,10-01-2025 12:48:44.165,January,Device temperature ,179
H- E,ps,10-01-2025,-,-,-,31,10-01-2025 12:48:49.339,January,Device temperature ,179
H- E,ps,10-01-2025,-,-,-,31,10-01-2025 12:48:54.514,January,Device temperature ,179
H- E,ps,10-01-2025,-,-,-,31,10-01-2025 12:48:59.681,January,Device temperature ,179
H- E,ps,10-01-2025,-,-,-,31,10-01-2025 12:49:04.866,January,Device temperature ,179
H- E,ps,10-01-2025,-,-,-,31,10-01-2025 12:49:10.041,January,Device temperature ,179
H- E,ps,10-01-2025,-,-,-,31,10-01-2025 12:49:15.215,January,Device temperature ,179
H- E,ps,10-01-2025,-,-,-,31,10-01-2025 12:49:20.390,January,Device temperature ,179
H- E,ps,10-01-2025,-,-,-,31,10-01-2025 12:49:25.560,January,Device temperature ,179
H- E,ps,10-01-2025,-,-,-,31,10-01-2025 12:49:30.738,January,Device temperature ,179
H- E,ps,10-01-2025,-,-,-,31,10-01-2025 12:49:35.909,January,Device temperature ,179
H- E,ps,10-01-2025,-,-,-,31,10-01-2025 12:49:41.063,January,Device temperature ,179
H- E,ps,10-01-2025,-,-,-,31,10-01-2025 12:49:46.230,January,Device temperature ,179
H- E,ps,10-01-2025,-,-,-,31,10-01-2025 12:49:51.406,January,Device temperature ,179
H- E,ps,10-01-2025,-,-,-,31,10-01-2025 12:49:56.570,January,Device temperature ,179
H- E,ps,10-01-2025,-,-,-,31,10-01-2025 12:50:01.743,January,Device temperature ,179
H- E,ps,10-01-2025,-,-,-,31,10-01-2025 12:50:06.922,January,Device temperature ,179
H- E,ps,10-01-2025,-,-,-,31,10-01-2025 12:50:12.092,January,Device temperature ,179
H- E,ps,10-01-2025,-,-,-,31,10-01-2025 12:50:17.270,January,Device temperature ,179
H- E,ps,10-01-2025,-,-,-,31,10-01-2025 12:50:22.429,January,Device temperature ,179
H- E,ps,10-01-2025,-,-,-,31,10-01-2025 12:50:27.593,January,Device temperature ,179
H- E,ps,10-01-2025,-,-,-,31,10-01-2025 12:50:32.754,January,Device temperature ,179
H- E,ps,10-01-2025,-,-,-,31,10-01-2025 12:50:37.920,January,Device temperature ,179
H- E,ps,10-01-2025,-,-,-,31,10-01-2025 12:50:43.097,January,Device temperature ,179
H- E,ps,10-01-2025,-,-,-,31,10-01-2025 12:50:48.268,January,Device temperature ,179
H- E,ps,10-01-2025,-,-,-,31,10-01-2025 12:50:53.441,January,Device temperature ,179
H- E,ps,10-01-2025,-,-,-,31,10-01-2025 12:50:58.601,January,Device temperature ,179
H- E,ps,10-01-2025,-,-,-,31,10-01-2025 12:51:03.776,January,Device temperature ,179
H- E,ps,10-01-2025,-,-,-,31,10-01-2025 12:51:08.947,January,Device temperature ,179
H- E,ps,10-01-2025,-,-,-,31,10-01-2025 12:51:14.114,January,Device temperature ,179
H- E,ps,10-01-2025,-,-,-,31,10-01-2025 12:51:19.287,January,Device temperature ,179
H- E,ps,10-01-2025,-,-,-,31,10-01-2025 12:51:24.457,January,Device temperature ,179
H- E,ps,10-01-2025,-,-,-,31,10-01-2025 12:51:29.625,January,Device temperature ,179
H- E,ps,10-01-2025,-,-,-,31,10-01-2025 12:51:34.798,January,Device temperature ,179
H- E,ps,10-01-2025,-,-,-,31,10-01-2025 12:51:39.968,January,Device temperature ,179
H- E,ps,10-01-2025,-,-,-,31,10-01-2025 12:51:45.141,January,Device temperature ,179
H- E,ps,10-01-2025,-,-,-,31,10-01-2025 12:51:50.319,January,Device temperature ,179
H- E,ps,10-01-2025,-,-,-,31,10-01-2025 12:51:55.472,January,Device temperature ,179
H- E,ps,10-01-2025,-,-,-,31,10-01-2025 12:52:00.629,January,Device temperature ,179
H- E,ps,10-01-2025,-,-,-,31,10-01-2025 12:52:05.797,January,Device temperature ,179
H- E,ps,10-01-2025,-,-,-,31,10-01-2025 12:52:10.965,January,Device temperature ,179
H- E,ps,10-01-2025,-,-,-,31,10-01-2025 12:52:16.139,January,Device temperature ,179
H- E,ps,10-01-2025,-,-,-,31,10-01-2025 12:52:21.309,January,Device temperature ,179
H- E,ps,10-01-2025,-,-,-,31,10-01-2025 12:52:26.473,January,Device temperature ,179
H- E,ps,10-01-2025,-,-,-,31,10-01-2025 12:52:31.632,January,Device temperature ,179
H- E,ps,10-01-2025,-,-,-,31,10-01-2025 12:52:36.814,January,Device temperature ,179
H- E,ps,10-01-2025,-,-,-,31,10-01-2025 12:52:41.986,January,Device temperature ,179
H- E,ps,10-01-2025,-,-,-,31,10-01-2025 12:52:47.158,January,Device temperature ,179
H- E,ps,10-01-2025,-,-,-,31,10-01-2025 12:52:52.323,January,Device temperature ,179
H- E,ps,10-01-2025,-,-,-,31,10-01-2025 12:52:57.506,January,Device temperature ,179
H- E,ps,10-01-2025,-,-,-,31,10-01-2025 12:53:02.667,January,Device temperature ,179
H- E,ps,10-01-2025,-,-,-,31,10-01-2025 12:53:07.844,January,Device temperature ,179
H- E,ps,10-01-2025,-,-,-,31,10-01-2025 12:53:13.015,January,Device temperature ,179
H- E,ps,10-01-2025,-,-,-,31,10-01-2025 12:53:18.194,January,Device temperature ,179
H- E,ps,10-01-2025,-,-,-,31,10-01-2025 12:53:23.355,January,Device temperature ,179
H- E,ps,10-01-2025,-,-,-,32,10-01-2025 12:53:28.519,January,Device temperature ,179
H- E,ps,10-01-2025,-,-,-,31,10-01-2025 12:53:33.683,January,Device temperature ,179
H- E,ps,10-01-2025,-,-,-,31,10-01-2025 12:53:38.852,January,Device temperature ,179
H- E,ps,10-01-2025,-,-,-,32,10-01-2025 12:53:44.035,January,Device temperature ,179
H- E,ps,10-01-2025,-,-,-,31,10-01-2025 12:53:49.192,January,Device temperature ,179
H- E,ps,10-01-2025,-,-,-,31,10-01-2025 12:53:54.354,January,Device temperature ,179
H- E,ps,10-01-2025,-,-,-,31,10-01-2025 12:53:59.529,January,Device temperature ,179
H- E,ps,10-01-2025,-,-,-,31,10-01-2025 12:54:04.704,January,Device temperature ,179
H- E,ps,10-01-2025,-,-,-,31,10-01-2025 12:54:09.866,January,Device temperature ,179
H- E,ps,10-01-2025,-,-,-,31,10-01-2025 12:54:15.033,January,Device temperature ,179
H- E,ps,10-01-2025,-,-,-,31,10-01-2025 12:54:20.194,January,Device temperature ,179
H- E,ps,10-01-2025,-,-,-,31,10-01-2025 12:54:25.353,January,Device temperature ,179
H- E,ps,10-01-2025,-,-,-,31,10-01-2025 12:54:30.537,January,Device temperature ,179
H- E,ps,10-01-2025,-,-,-,32,10-01-2025 12:54:35.707,January,Device temperature ,179
H- E,ps,10-01-2025,-,-,-,32,10-01-2025 12:54:40.942,January,Device temperature ,179
H- E,ps,10-01-2025,-,-,-,32,10-01-2025 12:54:46.039,January,Device temperature ,179
H- E,ps,10-01-2025,-,-,-,32,10-01-2025 12:54:51.222,January,Device temperature ,179
H- E,ps,10-01-2025,-,-,-,32,10-01-2025 12:54:56.392,January,Device temperature ,179
H- E,ps,10-01-2025,-,-,-,32,10-01-2025 12:55:01.556,January,Device temperature ,179
H- E,ps,10-01-2025,-,-,-,31,10-01-2025 12:55:06.733,January,Device temperature ,179
H- E,ps,10-01-2025,-,-,-,32,10-01-2025 12:55:11.909,January,Device temperature ,179
H- E,ps,10-01-2025,-,-,-,32,10-01-2025 12:55:17.070,January,Device temperature ,179
H- E,ps,10-01-2025,-,-,-,31,10-01-2025 12:55:22.256,January,Device temperature ,179
H- E,ps,10-01-2025,-,-,-,32,10-01-2025 12:55:27.424,January,Device temperature ,179
H- E,ps,10-01-2025,-,-,-,32,10-01-2025 12:55:32.590,January,Device temperature ,179
H- E,ps,10-01-2025,-,-,-,32,10-01-2025 12:55:37.766,January,Device temperature ,179
H- E,ps,10-01-2025,-,-,-,32,10-01-2025 12:55:42.933,January,Device temperature ,179
H- E,ps,10-01-2025,-,-,-,32,10-01-2025 12:55:48.110,January,Device temperature ,179
H- E,ps,10-01-2025,-,-,-,32,10-01-2025 12:55:53.282,January,Device temperature ,179
H- E,ps,10-01-2025,-,-,-,32,10-01-2025 12:55:58.456,January,Device temperature ,179
H- E,ps,10-01-2025,-,-,-,32,10-01-2025 12:56:03.631,January,Device temperature ,179
H- E,ps,10-01-2025,-,-,-,32,10-01-2025 12:56:08.786,January,Device temperature ,179
H- E,ps,10-01-2025,-,-,-,32,10-01-2025 12:56:13.959,January,Device temperature ,179
H- E,ps,10-01-2025,-,-,-,32,10-01-2025 12:56:19.123,January,Device temperature ,179
H- E,ps,10-01-2025,-,-,-,32,10-01-2025 12:56:24.295,January,Device temperature ,179
H- E,ps,10-01-2025,-,-,-,32,10-01-2025 12:56:29.461,January,Device temperature ,179
H- E,ps,10-01-2025,-,-,-,32,10-01-2025 12:56:34.631,January,Device temperature ,179
H- E,ps,10-01-2025,-,-,-,32,10-01-2025 12:56:39.800,January,Device temperature ,179
H- E,ps,10-01-2025,-,-,-,32,10-01-2025 12:56:44.959,January,Device temperature ,179
H- E,ps,10-01-2025,-,-,-,32,10-01-2025 12:56:50.130,January,Device temperature ,179
H- E,ps,10-01-2025,-,-,-,32,10-01-2025 12:56:55.299,January,Device temperature ,179
H- E,ps,10-01-2025,-,-,-,32,10-01-2025 12:57:00.459,January,Device temperature ,179
H- E,ps,10-01-2025,-,-,-,32,10-01-2025 12:57:05.616,January,Device temperature ,179
H- E,ps,10-01-2025,-,-,-,32,10-01-2025 12:57:10.955,January,Device temperature ,179
H- E,ps,10-01-2025,-,-,-,32,10-01-2025 12:57:16.123,January,Device temperature ,179
H- E,ps,10-01-2025,-,-,-,32,10-01-2025 12:57:21.298,January,Device temperature ,179
H- E,ps,10-01-2025,-,-,-,32,10-01-2025 12:57:26.465,January,Device temperature ,179
H- E,ps,10-01-2025,-,-,-,32,10-01-2025 12:57:31.642,January,Device temperature ,179
H- E,ps,10-01-2025,-,-,-,0,10-01-2025 12:58:40.178,January,Heater Switched Off ,179
H- E,ps,10-01-2025,W1,Tap Water,--,0,10-01-2025 12:58:41.156,January,Water Valve : 1 is Off,179
H- E,ps,10-01-2025,W2,Tap Water,--,0,10-01-2025 12:58:41.823,January,Water Valve : 2 is Off,179
H- E,ps,10-01-2025,W3,Tap Water,--,0,10-01-2025 12:58:42.492,January,Water Valve : 3 is Off,179
H- E,ps,10-01-2025,W4,Tap Water,--,0,10-01-2025 12:58:43.172,January,Water Valve : 4 is Off,179
H- E,ps,10-01-2025,W5,Tap Water,--,0,10-01-2025 12:58:43.839,January,Water Valve : 5 is Off,179
H- E,ps,10-01-2025,W6,Tap Water,--,0,10-01-2025 12:58:44.520,January,Water Valve : 6 is Off,179
H- E,ps,10-01-2025,-,-,-,0,10-01-2025 12:58:45.016,January,Protorun Stopped,179
H- E,ps,10-01-2025,-,-,-,0,10-01-2025 12:59:07.606,January,Protorun Started,180
H- E,ps,10-01-2025,-,-,-,30,10-01-2025 12:59:18.203,January,30 - Temperature set to device,180
H- E,ps,10-01-2025,-,-,-,0,10-01-2025 12:59:19.375,January,Heater Switched On ,180
H- E,ps,10-01-2025,-,-,-,0,10-01-2025 12:59:20.690,January,Heater Door Closed,180
H- E,ps,10-01-2025,-,-,-,31,10-01-2025 12:59:21.031,January,Device temperature ,180
H- E,ps,10-01-2025,W1,Tap Water,--,0,10-01-2025 12:59:26.189,January,Water Valve : 1 is Off,180
H- E,ps,10-01-2025,W2,Tap Water,--,0,10-01-2025 12:59:26.853,January,Water Valve : 2 is Off,180
H- E,ps,10-01-2025,W3,Tap Water,--,0,10-01-2025 12:59:27.535,January,Water Valve : 3 is Off,180
H- E,ps,10-01-2025,W4,Tap Water,--,0,10-01-2025 12:59:28.202,January,Water Valve : 4 is Off,180
H- E,ps,10-01-2025,W5,Tap Water,--,0,10-01-2025 12:59:28.865,January,Water Valve : 5 is Off,180
H- E,ps,10-01-2025,W6,Tap Water,--,0,10-01-2025 12:59:29.549,January,Water Valve : 6 is Off,180
H- E,ps,10-01-2025,-,-,-,0,10-01-2025 12:59:42.736,January,Home Reached,180
H- E,ps,10-01-2025,-,-,-,0,10-01-2025 12:59:45.406,January,Home Reached,180
H- E,ps,10-01-2025,H1,-,-,0,10-01-2025 12:59:57.023,January,Liquid Level - 3442,180
H- E,ps,10-01-2025,H2,-,-,0,10-01-2025 12:59:59.725,January,Liquid Level - 3432,180
H- E,ps,10-01-2025,H3,-,-,0,10-01-2025 13:00:02.389,January,Liquid Level - 3420,180
H- E,ps,10-01-2025,L1,-,-,0,10-01-2025 13:00:06.154,January,Liquid Level - 264,180
H- E,ps,10-01-2025,L2,-,-,0,10-01-2025 13:00:09.076,January,Liquid Level - 250,180
H- E,ps,10-01-2025,L3,-,-,0,10-01-2025 13:00:11.742,January,Liquid Level - 295,180
H- E,ps,10-01-2025,-,-,-,0,10-01-2025 13:00:23.187,January,Home Reached,180
H- E,ps,10-01-2025,-,-,-,0,10-01-2025 13:00:25.817,January,Home Reached,180
H- E,ps,10-01-2025,,Heating,R1,0,10-01-2025 13:00:28.824,January,Test Started,180
H- E,ps,10-01-2025,L1,Loading,R1,0,10-01-2025 13:00:40.045,January,Picked From,180
H- E,ps,10-01-2025,H1,Heating,R1,0,10-01-2025 13:00:47.254,January,Placed In,180
H- E,ps,10-01-2025,-,-,-,0,10-01-2025 13:00:47.796,January,Heater Door Closed,180
H- E,ps,10-01-2025,-,-,-,32,10-01-2025 13:00:48.120,January,Device temperature ,180
H- E,ps,10-01-2025,-,-,-,32,10-01-2025 13:00:53.298,January,Device temperature ,180
H- E,ps,10-01-2025,-,-,-,32,10-01-2025 13:00:58.458,January,Device temperature ,180
H- E,ps,10-01-2025,-,-,-,32,10-01-2025 13:01:03.624,January,Device temperature ,180
H- E,ps,10-01-2025,-,-,-,32,10-01-2025 13:01:08.801,January,Device temperature ,180
H- E,ps,10-01-2025,-,-,-,32,10-01-2025 13:01:13.962,January,Device temperature ,180
H- E,ps,10-01-2025,-,-,-,32,10-01-2025 13:01:19.144,January,Device temperature ,180
H- E,ps,10-01-2025,-,-,-,32,10-01-2025 13:01:24.306,January,Device temperature ,180
H- E,ps,10-01-2025,-,-,-,32,10-01-2025 13:01:29.483,January,Device temperature ,180
H- E,ps,10-01-2025,-,-,-,32,10-01-2025 13:01:34.660,January,Device temperature ,180
H- E,ps,10-01-2025,-,-,-,32,10-01-2025 13:01:39.814,January,Device temperature ,180
H- E,ps,10-01-2025,-,-,-,32,10-01-2025 13:01:44.975,January,Device temperature ,180
H- E,ps,10-01-2025,-,-,-,32,10-01-2025 13:01:50.150,January,Device temperature ,180
H- E,ps,10-01-2025,-,-,-,32,10-01-2025 13:01:55.320,January,Device temperature ,180
H- E,ps,10-01-2025,-,-,-,32,10-01-2025 13:02:00.495,January,Device temperature ,180
H- E,ps,10-01-2025,-,-,-,32,10-01-2025 13:02:05.671,January,Device temperature ,180
H- E,ps,10-01-2025,-,-,-,33,10-01-2025 13:02:10.839,January,Device temperature ,180
H- E,ps,10-01-2025,-,-,-,32,10-01-2025 13:02:16.010,January,Device temperature ,180
H- E,ps,10-01-2025,-,-,-,32,10-01-2025 13:02:21.185,January,Device temperature ,180
H- E,ps,10-01-2025,-,-,-,33,10-01-2025 13:02:26.351,January,Device temperature ,180
H- E,ps,10-01-2025,-,-,-,33,10-01-2025 13:02:31.510,January,Device temperature ,180
H- E,ps,10-01-2025,-,-,-,33,10-01-2025 13:02:36.685,January,Device temperature ,180
H- E,ps,10-01-2025,-,-,-,33,10-01-2025 13:02:41.858,January,Device temperature ,180
H- E,ps,10-01-2025,-,-,-,32,10-01-2025 13:02:47.016,January,Device temperature ,180
H- E,ps,10-01-2025,-,-,-,33,10-01-2025 13:02:52.179,January,Device temperature ,180
H- E,ps,10-01-2025,-,-,-,33,10-01-2025 13:02:57.366,January,Device temperature ,180
H- E,ps,10-01-2025,-,-,-,33,10-01-2025 13:03:02.541,January,Device temperature ,180
H- E,ps,10-01-2025,-,-,-,33,10-01-2025 13:03:07.715,January,Device temperature ,180
H- E,ps,10-01-2025,-,-,-,33,10-01-2025 13:03:12.880,January,Device temperature ,180
H- E,ps,10-01-2025,-,-,-,33,10-01-2025 13:03:18.046,January,Device temperature ,180
H- E,ps,10-01-2025,-,-,-,32,10-01-2025 13:03:23.221,January,Device temperature ,180
H- E,ps,10-01-2025,-,-,-,32,10-01-2025 13:03:28.391,January,Device temperature ,180
H- E,ps,10-01-2025,-,-,-,32,10-01-2025 13:03:33.556,January,Device temperature ,180
H- E,ps,10-01-2025,-,-,-,33,10-01-2025 13:03:38.738,January,Device temperature ,180
H- E,ps,10-01-2025,-,-,-,33,10-01-2025 13:03:43.905,January,Device temperature ,180
H- E,ps,10-01-2025,-,-,-,33,10-01-2025 13:03:49.081,January,Device temperature ,180
H- E,ps,10-01-2025,-,-,-,33,10-01-2025 13:03:54.244,January,Device temperature ,180
H- E,ps,10-01-2025,-,-,-,33,10-01-2025 13:03:59.416,January,Device temperature ,180
H- E,ps,10-01-2025,-,-,-,33,10-01-2025 13:04:04.649,January,Device temperature ,180
H- E,ps,10-01-2025,-,-,-,33,10-01-2025 13:04:09.821,January,Device temperature ,180
H- E,ps,10-01-2025,-,-,-,33,10-01-2025 13:04:14.995,January,Device temperature ,180
H- E,ps,10-01-2025,-,-,-,33,10-01-2025 13:04:20.167,January,Device temperature ,180
H- E,ps,10-01-2025,-,-,-,33,10-01-2025 13:04:25.340,January,Device temperature ,180
H- E,ps,10-01-2025,-,-,-,33,10-01-2025 13:04:30.518,January,Device temperature ,180
H- E,ps,10-01-2025,-,-,-,33,10-01-2025 13:04:35.682,January,Device temperature ,180
H- E,ps,10-01-2025,-,-,-,33,10-01-2025 13:04:40.867,January,Device temperature ,180
H- E,ps,10-01-2025,-,-,-,33,10-01-2025 13:04:46.051,January,Device temperature ,180
H- E,ps,10-01-2025,-,-,-,32,10-01-2025 13:04:51.213,January,Device temperature ,180
H- E,ps,10-01-2025,-,-,-,33,10-01-2025 13:04:56.393,January,Device temperature ,180
H- E,ps,10-01-2025,-,-,-,33,10-01-2025 13:05:01.561,January,Device temperature ,180
H- E,ps,10-01-2025,-,-,-,33,10-01-2025 13:05:06.734,January,Device temperature ,180
H- E,ps,10-01-2025,-,-,-,33,10-01-2025 13:05:11.925,January,Device temperature ,180
H- E,ps,10-01-2025,-,-,-,33,10-01-2025 13:05:17.092,January,Device temperature ,180
H- E,ps,10-01-2025,-,-,-,33,10-01-2025 13:05:22.262,January,Device temperature ,180
H- E,ps,10-01-2025,-,-,-,33,10-01-2025 13:05:27.430,January,Device temperature ,180
H- E,ps,10-01-2025,-,-,-,33,10-01-2025 13:05:32.604,January,Device temperature ,180
H- E,ps,10-01-2025,-,-,-,33,10-01-2025 13:05:37.871,January,Device temperature ,180
H- E,ps,10-01-2025,-,-,-,33,10-01-2025 13:05:43.042,January,Device temperature ,180
H- E,ps,10-01-2025,-,-,-,33,10-01-2025 13:05:48.218,January,Device temperature ,180
H- E,ps,10-01-2025,-,-,-,33,10-01-2025 13:05:53.382,January,Device temperature ,180
H- E,ps,10-01-2025,-,-,-,33,10-01-2025 13:05:58.564,January,Device temperature ,180
H- E,ps,10-01-2025,-,-,-,34,10-01-2025 13:06:03.736,January,Device temperature ,180
H- E,ps,10-01-2025,-,-,-,33,10-01-2025 13:06:08.916,January,Device temperature ,180
H- E,ps,10-01-2025,-,-,-,33,10-01-2025 13:06:14.092,January,Device temperature ,180
H- E,ps,10-01-2025,-,-,-,33,10-01-2025 13:06:19.271,January,Device temperature ,180
H- E,ps,10-01-2025,-,-,-,33,10-01-2025 13:06:24.437,January,Device temperature ,180
H- E,ps,10-01-2025,-,-,-,33,10-01-2025 13:06:29.598,January,Device temperature ,180
H- E,ps,10-01-2025,-,-,-,33,10-01-2025 13:06:34.765,January,Device temperature ,180
H- E,ps,10-01-2025,-,-,-,33,10-01-2025 13:06:39.932,January,Device temperature ,180
H- E,ps,10-01-2025,-,-,-,33,10-01-2025 13:06:45.111,January,Device temperature ,180
H- E,ps,10-01-2025,-,-,-,33,10-01-2025 13:06:50.275,January,Device temperature ,180
H- E,ps,10-01-2025,-,-,-,33,10-01-2025 13:06:55.447,January,Device temperature ,180
H- E,ps,10-01-2025,-,-,-,33,10-01-2025 13:07:00.619,January,Device temperature ,180
H- E,ps,10-01-2025,-,-,-,33,10-01-2025 13:07:05.914,January,Device temperature ,180
H- E,ps,10-01-2025,-,-,-,34,10-01-2025 13:07:11.095,January,Device temperature ,180
H- E,ps,10-01-2025,-,-,-,33,10-01-2025 13:07:16.260,January,Device temperature ,180
H- E,ps,10-01-2025,-,-,-,33,10-01-2025 13:07:21.443,January,Device temperature ,180
H- E,ps,10-01-2025,-,-,-,33,10-01-2025 13:07:26.611,January,Device temperature ,180
H- E,ps,10-01-2025,-,-,-,33,10-01-2025 13:07:31.771,January,Device temperature ,180
H- E,ps,10-01-2025,-,-,-,33,10-01-2025 13:07:36.937,January,Device temperature ,180
H- E,ps,10-01-2025,-,-,-,33,10-01-2025 13:07:42.102,January,Device temperature ,180
H- E,ps,10-01-2025,-,-,-,34,10-01-2025 13:07:47.286,January,Device temperature ,180
H- E,ps,10-01-2025,-,-,-,33,10-01-2025 13:07:52.449,January,Device temperature ,180
H- E,ps,10-01-2025,-,-,-,33,10-01-2025 13:07:57.616,January,Device temperature ,180
H- E,ps,10-01-2025,-,-,-,33,10-01-2025 13:08:02.784,January,Device temperature ,180
H- E,ps,10-01-2025,-,-,-,34,10-01-2025 13:08:07.958,January,Device temperature ,180
H- E,ps,10-01-2025,-,-,-,34,10-01-2025 13:08:13.124,January,Device temperature ,180
H- E,ps,10-01-2025,-,-,-,34,10-01-2025 13:08:18.300,January,Device temperature ,180
H- E,ps,10-01-2025,-,-,-,33,10-01-2025 13:08:23.464,January,Device temperature ,180
H- E,ps,10-01-2025,-,-,-,34,10-01-2025 13:08:28.644,January,Device temperature ,180
H- E,ps,10-01-2025,-,-,-,34,10-01-2025 13:08:33.807,January,Device temperature ,180
H- E,ps,10-01-2025,-,-,-,34,10-01-2025 13:08:38.982,January,Device temperature ,180
H- E,ps,10-01-2025,-,-,-,34,10-01-2025 13:08:44.153,January,Device temperature ,180
H- E,ps,10-01-2025,-,-,-,34,10-01-2025 13:08:49.332,January,Device temperature ,180
H- E,ps,10-01-2025,-,-,-,34,10-01-2025 13:08:54.501,January,Device temperature ,180
H- E,ps,10-01-2025,-,-,-,34,10-01-2025 13:08:59.678,January,Device temperature ,180
H- E,ps,10-01-2025,-,-,-,33,10-01-2025 13:09:04.866,January,Device temperature ,180
H- E,ps,10-01-2025,-,-,-,34,10-01-2025 13:09:10.029,January,Device temperature ,180
H- E,ps,10-01-2025,-,-,-,34,10-01-2025 13:09:15.201,January,Device temperature ,180
H- E,ps,10-01-2025,-,-,-,34,10-01-2025 13:09:20.368,January,Device temperature ,180
H- E,ps,10-01-2025,-,-,-,34,10-01-2025 13:09:25.550,January,Device temperature ,180
H- E,ps,10-01-2025,-,-,-,34,10-01-2025 13:09:30.715,January,Device temperature ,180
H- E,ps,10-01-2025,-,-,-,34,10-01-2025 13:09:35.884,January,Device temperature ,180
H- E,ps,10-01-2025,-,-,-,34,10-01-2025 13:09:41.063,January,Device temperature ,180
H- E,ps,10-01-2025,-,-,-,34,10-01-2025 13:09:46.229,January,Device temperature ,180
H- E,ps,10-01-2025,-,-,-,33,10-01-2025 13:09:51.411,January,Device temperature ,180
H- E,ps,10-01-2025,-,-,-,34,10-01-2025 13:09:56.577,January,Device temperature ,180
H- E,ps,10-01-2025,-,-,-,34,10-01-2025 13:10:01.742,January,Device temperature ,180
H- E,ps,10-01-2025,-,-,-,34,10-01-2025 13:10:06.971,January,Device temperature ,180
H- E,ps,10-01-2025,-,-,-,34,10-01-2025 13:10:12.139,January,Device temperature ,180
H- E,ps,10-01-2025,-,-,-,34,10-01-2025 13:10:17.301,January,Device temperature ,180
H- E,ps,10-01-2025,-,-,-,34,10-01-2025 13:10:22.463,January,Device temperature ,180
H- E,ps,10-01-2025,-,-,-,34,10-01-2025 13:10:27.635,January,Device temperature ,180
H- E,ps,10-01-2025,-,-,-,34,10-01-2025 13:10:32.809,January,Device temperature ,180
H- E,ps,10-01-2025,-,-,-,34,10-01-2025 13:10:37.988,January,Device temperature ,180
H- E,ps,10-01-2025,-,-,-,34,10-01-2025 13:10:43.157,January,Device temperature ,180
H- E,ps,10-01-2025,-,-,-,34,10-01-2025 13:10:48.320,January,Device temperature ,180
H- E,ps,10-01-2025,-,-,-,34,10-01-2025 13:10:53.503,January,Device temperature ,180
H- E,ps,10-01-2025,-,-,-,34,10-01-2025 13:10:58.665,January,Device temperature ,180
H- E,ps,10-01-2025,-,-,-,34,10-01-2025 13:11:03.840,January,Device temperature ,180
H- E,ps,10-01-2025,-,-,-,34,10-01-2025 13:11:09.040,January,Device temperature ,180
H- E,ps,10-01-2025,-,-,-,34,10-01-2025 13:11:14.216,January,Device temperature ,180
H- E,ps,10-01-2025,-,-,-,34,10-01-2025 13:11:19.370,January,Device temperature ,180
H- E,ps,10-01-2025,-,-,-,34,10-01-2025 13:11:24.539,January,Device temperature ,180
H- E,ps,10-01-2025,-,-,-,34,10-01-2025 13:11:29.719,January,Device temperature ,180
H- E,ps,10-01-2025,-,-,-,34,10-01-2025 13:11:34.896,January,Device temperature ,180
H- E,ps,10-01-2025,-,-,-,34,10-01-2025 13:11:40.064,January,Device temperature ,180
H- E,ps,10-01-2025,-,-,-,34,10-01-2025 13:11:45.241,January,Device temperature ,180
H- E,ps,10-01-2025,-,-,-,34,10-01-2025 13:11:50.428,January,Device temperature ,180
H- E,ps,10-01-2025,-,-,-,0,10-01-2025 13:14:25.070,January,Heater Switched Off ,180
H- E,ps,10-01-2025,W1,Tap Water,--,0,10-01-2025 13:14:26.054,January,Water Valve : 1 is Off,180
H- E,ps,10-01-2025,W2,Tap Water,--,0,10-01-2025 13:14:26.789,January,Water Valve : 2 is Off,180
H- E,ps,10-01-2025,W3,Tap Water,--,0,10-01-2025 13:14:27.468,January,Water Valve : 3 is Off,180
H- E,ps,10-01-2025,W4,Tap Water,--,0,10-01-2025 13:14:28.137,January,Water Valve : 4 is Off,180
H- E,ps,10-01-2025,W5,Tap Water,--,0,10-01-2025 13:14:28.820,January,Water Valve : 5 is Off,180
H- E,ps,10-01-2025,W6,Tap Water,--,0,10-01-2025 13:14:29.501,January,Water Valve : 6 is Off,180
H- E,ps,10-01-2025,-,-,-,0,10-01-2025 13:14:29.996,January,Protorun Stopped,180
DHPL,ps,10-01-2025,-,-,-,0,10-01-2025 13:26:13.545,January,Protorun Started,181
DHPL,ps,10-01-2025,W1,Tap Water,--,0,10-01-2025 13:26:16.892,January,Water Valve : 1 is Off,181
DHPL,ps,10-01-2025,W2,Tap Water,--,0,10-01-2025 13:26:20.793,January,Water Valve : 2 is Off,181
DHPL,ps,10-01-2025,W3,Tap Water,--,0,10-01-2025 13:26:22.470,January,Water Valve : 3 is Off,181
DHPL,ps,10-01-2025,W4,Tap Water,--,0,10-01-2025 13:26:25.557,January,Water Valve : 4 is Off,181
DHPL,ps,10-01-2025,W5,Tap Water,--,0,10-01-2025 13:26:26.226,January,Water Valve : 5 is Off,181
DHPL,ps,10-01-2025,W6,Tap Water,--,0,10-01-2025 13:26:26.909,January,Water Valve : 6 is Off,181
DHPL,ps,10-01-2025,-,-,-,0,10-01-2025 13:26:40.061,January,Home Reached,181
DHPL,ps,10-01-2025,-,-,-,0,10-01-2025 13:26:42.762,January,Home Reached,181
DHPL,ps,10-01-2025,L1,-,-,0,10-01-2025 13:26:52.727,January,Liquid Level - 229,181
DHPL,ps,10-01-2025,L2,-,-,0,10-01-2025 13:26:55.424,January,Liquid Level - 255,181
DHPL,ps,10-01-2025,L3,-,-,0,10-01-2025 13:26:58.081,January,Liquid Level - 296,181
DHPL,ps,10-01-2025,-,-,-,0,10-01-2025 13:27:09.508,January,Home Reached,181
DHPL,ps,10-01-2025,-,-,-,0,10-01-2025 13:27:12.146,January,Home Reached,181
DHPL,ps,10-01-2025,,Heating,R1,0,10-01-2025 13:27:15.171,January,Test Started,181
DHPL,ps,10-01-2025,L1,Loading,R1,0,10-01-2025 13:27:26.370,January,Picked From,181
DHPL,ps,10-01-2025,J1,70%Alcohol,R1,0,10-01-2025 13:27:33.569,January,Placed In,181
DHPL,ps,10-01-2025,J1,70%Alcohol,R1,0,10-01-2025 13:29:40.608,January,Picked From,181
DHPL,ps,10-01-2025,J2,95% Alcohol,R1,0,10-01-2025 13:29:46.837,January,Placed In,181
DHPL,ps,10-01-2025,J2,95% Alcohol,R1,0,10-01-2025 13:31:53.750,January,Picked From,181
DHPL,ps,10-01-2025,J3,100 % Alcohol,R1,0,10-01-2025 13:31:59.965,January,Placed In,181
DHPL,ps,10-01-2025,J3,100 % Alcohol,R1,0,10-01-2025 13:34:06.887,January,Picked From,181
DHPL,ps,10-01-2025,J4,100 % Alcohol,R1,0,10-01-2025 13:34:13.107,January,Placed In,181
DHPL,ps,10-01-2025,W1,Tap Water,--,0,10-01-2025 13:34:23.051,January,Water Valve : 1 is Off,181
DHPL,ps,10-01-2025,W2,Tap Water,--,0,10-01-2025 13:34:23.708,January,Water Valve : 2 is Off,181
DHPL,ps,10-01-2025,W3,Tap Water,--,0,10-01-2025 13:34:24.373,January,Water Valve : 3 is Off,181
DHPL,ps,10-01-2025,W4,Tap Water,--,0,10-01-2025 13:34:25.041,January,Water Valve : 4 is Off,181
DHPL,ps,10-01-2025,W5,Tap Water,--,0,10-01-2025 13:34:25.726,January,Water Valve : 5 is Off,181
DHPL,ps,10-01-2025,W6,Tap Water,--,0,10-01-2025 13:34:26.406,January,Water Valve : 6 is Off,181
DHPL,ps,10-01-2025,-,-,-,0,10-01-2025 13:34:26.903,January,Protorun Stopped,181
DHPL,ps,10-01-2025,-,-,-,0,10-01-2025 13:36:04.141,January,Protorun Started,182
DHPL,ps,10-01-2025,W1,Tap Water,--,0,10-01-2025 13:36:07.548,January,Water Valve : 1 is Off,182
DHPL,ps,10-01-2025,W2,Tap Water,--,0,10-01-2025 13:36:08.215,January,Water Valve : 2 is Off,182
DHPL,ps,10-01-2025,W3,Tap Water,--,0,10-01-2025 13:36:08.882,January,Water Valve : 3 is Off,182
DHPL,ps,10-01-2025,W4,Tap Water,--,0,10-01-2025 13:36:09.568,January,Water Valve : 4 is Off,182
DHPL,ps,10-01-2025,W5,Tap Water,--,0,10-01-2025 13:36:10.235,January,Water Valve : 5 is Off,182
DHPL,ps,10-01-2025,W6,Tap Water,--,0,10-01-2025 13:36:10.902,January,Water Valve : 6 is Off,182
DHPL,ps,10-01-2025,-,-,-,0,10-01-2025 13:36:20.400,January,Home Reached,182
DHPL,ps,10-01-2025,-,-,-,0,10-01-2025 13:36:22.751,January,Home Reached,182
DHPL,ps,10-01-2025,L1,-,-,0,10-01-2025 13:36:32.705,January,Liquid Level - 271,182
DHPL,ps,10-01-2025,L2,-,-,0,10-01-2025 13:36:35.392,January,Liquid Level - 271,182
DHPL,ps,10-01-2025,L3,-,-,0,10-01-2025 13:36:38.085,January,Liquid Level - 305,182
DHPL,ps,10-01-2025,-,-,-,0,10-01-2025 13:36:49.490,January,Home Reached,182
DHPL,ps,10-01-2025,-,-,-,0,10-01-2025 13:36:52.134,January,Home Reached,182
DHPL,ps,10-01-2025,,100 % Alcohol,R1,0,10-01-2025 13:36:55.145,January,Test Started,182
DHPL,ps,10-01-2025,L1,Loading,R1,0,10-01-2025 13:37:06.358,January,Picked From,182
DHPL,ps,10-01-2025,J1,70%Alcohol,R1,0,10-01-2025 13:37:13.552,January,Placed In,182
DHPL,ps,10-01-2025,J1,70%Alcohol,R1,0,10-01-2025 13:39:19.468,January,Picked From,182
DHPL,ps,10-01-2025,J2,95% Alcohol,R1,0,10-01-2025 13:39:25.671,January,Placed In,182
DHPL,ps,10-01-2025,,,R2,0,10-01-2025 13:43:14.584,January,Test Started,182
DHPL,ps,10-01-2025,,,R3,0,10-01-2025 13:43:15.299,January,Test Started,182
DHPL,ps,10-01-2025,,,R4,0,10-01-2025 13:43:20.961,January,Test Started,182
DHPL,ps,10-01-2025,,,R5,0,10-01-2025 13:43:21.772,January,Test Started,182
DHPL,ps,10-01-2025,,,R6,0,10-01-2025 13:43:22.486,January,Test Started,182
DHPL,ps,10-01-2025,,,R7,0,10-01-2025 13:43:27.635,January,Test Started,182
DHPL,ps,10-01-2025,,,R1,0,10-01-2025 13:43:38.317,January,Test Started,182
DHPL,ps,10-01-2025,,Loading,R2,0,10-01-2025 13:43:39.109,January,Test Started,182
,ps,10-01-2025,-,-,-,35,10-01-2025 14:23:32.886,January,35 - Temperature set to device,0
Water valve,ps,10-01-2025,W1,Tap Water,--,0,10-01-2025 14:23:40.391,January,Water Valve : 1 is On,0
Water valve,ps,10-01-2025,W2,Tap Water,--,0,10-01-2025 14:23:40.947,January,Water Valve : 2 is On,0
Water valve,ps,10-01-2025,W3,Tap Water,--,0,10-01-2025 14:23:41.616,January,Water Valve : 3 is On,0
Water valve,ps,10-01-2025,W4,Tap Water,--,0,10-01-2025 14:23:42.285,January,Water Valve : 4 is On,0
Water valve,ps,10-01-2025,W5,Tap Water,--,0,10-01-2025 14:23:42.957,January,Water Valve : 5 is On,0
Water valve,ps,10-01-2025,W6,Tap Water,--,0,10-01-2025 14:23:43.623,January,Water Valve : 6 is On,0
Water valve,ps,10-01-2025,-,-,-,0,10-01-2025 14:23:44.988,January,Home Reached,0
Water valve,ps,10-01-2025,-,-,-,0,10-01-2025 14:23:57.841,January,Home Reached,0
Water valve,ps,10-01-2025,-,-,-,0,10-01-2025 14:24:00.174,January,Home Reached,0
Water valve,ps,10-01-2025,U1,-,-,0,10-01-2025 14:24:07.034,January,Liquid Level - 3022,0
Water valve,ps,10-01-2025,U2,-,-,0,10-01-2025 14:24:09.840,January,Liquid Level - 3025,0
Water valve,ps,10-01-2025,U3,-,-,0,10-01-2025 14:24:12.519,January,Liquid Level - 3017,0
Water valve,ps,10-01-2025,U4,-,-,0,10-01-2025 14:24:15.195,January,Liquid Level - 3012,0
Water valve,ps,10-01-2025,U5,-,-,0,10-01-2025 14:24:17.871,January,Liquid Level - 3012,0
Water valve,ps,10-01-2025,U6,-,-,0,10-01-2025 14:24:20.526,January,Liquid Level - 3013,0
Water valve,ps,10-01-2025,J1,-,-,0,10-01-2025 14:24:26.463,January,Liquid Level - 3025,0
Water valve,ps,10-01-2025,J2,-,-,0,10-01-2025 14:24:29.375,January,Liquid Level - 3026,0
Water valve,ps,10-01-2025,J3,-,-,0,10-01-2025 14:24:32.057,January,Liquid Level - 3038,0
Water valve,ps,10-01-2025,J4,-,-,0,10-01-2025 14:24:34.711,January,Liquid Level - 3041,0
Water valve,ps,10-01-2025,J5,-,-,0,10-01-2025 14:24:37.396,January,Liquid Level - 3057,0
Water valve,ps,10-01-2025,J6,-,-,0,10-01-2025 14:24:40.067,January,Liquid Level - 3047,0
Water valve,ps,10-01-2025,J7,-,-,0,10-01-2025 14:24:42.730,January,Liquid Level - 3044,0
Water valve,ps,10-01-2025,J8,-,-,0,10-01-2025 14:24:45.402,January,Liquid Level - 3055,0
Water valve,ps,10-01-2025,J9,-,-,0,10-01-2025 14:24:48.072,January,Liquid Level - 3063,0
Water valve,ps,10-01-2025,J10,-,-,0,10-01-2025 14:24:51.928,January,Liquid Level - 3059,0
Water valve,ps,10-01-2025,J11,-,-,0,10-01-2025 14:24:57.119,January,Liquid Level - 3043,0
Water valve,ps,10-01-2025,J12,-,-,0,10-01-2025 14:24:59.972,January,Liquid Level - 3037,0
Water valve,ps,10-01-2025,J13,-,-,0,10-01-2025 14:25:02.635,January,Liquid Level - 3007,0
Water valve,ps,10-01-2025,J14,-,-,0,10-01-2025 14:25:05.504,January,Liquid Level - 3041,0
Water valve,ps,10-01-2025,J15,-,-,0,10-01-2025 14:25:10.686,January,Liquid Level - 3066,0
Water valve,ps,10-01-2025,J16,-,-,0,10-01-2025 14:25:13.540,January,Liquid Level - 3055,0
Water valve,ps,10-01-2025,J17,-,-,0,10-01-2025 14:25:16.220,January,Liquid Level - 3061,0
Water valve,ps,10-01-2025,J18,-,-,0,10-01-2025 14:25:20.090,January,Liquid Level - 3066,0
Water valve,ps,10-01-2025,J19,-,-,0,10-01-2025 14:25:23.066,January,Liquid Level - 3050,0
Water valve,ps,10-01-2025,J20,-,-,0,10-01-2025 14:25:25.733,January,Liquid Level - 3026,0
Water valve,ps,10-01-2025,J21,-,-,0,10-01-2025 14:25:28.394,January,Liquid Level - 3047,0
Water valve,ps,10-01-2025,J22,-,-,0,10-01-2025 14:25:31.073,January,Liquid Level - 3056,0
Water valve,ps,10-01-2025,J23,-,-,0,10-01-2025 14:25:33.756,January,Liquid Level - 3062,0
Water valve,ps,10-01-2025,J24,-,-,0,10-01-2025 14:25:36.410,January,Liquid Level - 3067,0
Water valve,ps,10-01-2025,J25,-,-,0,10-01-2025 14:25:39.097,January,Liquid Level - 3076,0
Water valve,ps,10-01-2025,J26,-,-,0,10-01-2025 14:25:41.762,January,Liquid Level - 3070,0
Water valve,ps,10-01-2025,J27,-,-,0,10-01-2025 14:25:45.259,January,Liquid Level - 3119,0
Water valve,ps,10-01-2025,J28,-,-,0,10-01-2025 14:25:48.106,January,Liquid Level - 3126,0
Water valve,ps,10-01-2025,J29,-,-,0,10-01-2025 14:25:50.775,January,Liquid Level - 3089,0
Water valve,ps,10-01-2025,J30,-,-,0,10-01-2025 14:25:53.455,January,Liquid Level - 3096,0
Water valve,ps,10-01-2025,J31,-,-,0,10-01-2025 14:25:56.111,January,Liquid Level - 3092,0
Water valve,ps,10-01-2025,J32,-,-,0,10-01-2025 14:25:58.798,January,Liquid Level - 3144,0
Water valve,ps,10-01-2025,J33,-,-,0,10-01-2025 14:26:03.888,January,Liquid Level - 3045,0
Water valve,ps,10-01-2025,W1,-,-,0,10-01-2025 14:26:08.665,January,Liquid Level - 3065,0
Water valve,ps,10-01-2025,W2,-,-,0,10-01-2025 14:26:11.333,January,Liquid Level - 3078,0
Water valve,ps,10-01-2025,W3,-,-,0,10-01-2025 14:26:13.996,January,Liquid Level - 3067,0
Water valve,ps,10-01-2025,W4,-,-,0,10-01-2025 14:26:16.853,January,Liquid Level - 2846,0
Water valve,ps,10-01-2025,W5,-,-,0,10-01-2025 14:26:19.349,January,Liquid Level - 3073,0
Water valve,ps,10-01-2025,W6,-,-,0,10-01-2025 14:26:22.010,January,Liquid Level - 3075,0
Water valve,ps,10-01-2025,H1,-,-,0,10-01-2025 14:26:28.773,January,Liquid Level - 4095,0
Water valve,ps,10-01-2025,H2,-,-,0,10-01-2025 14:26:31.526,January,Liquid Level - 4095,0
Water valve,ps,10-01-2025,H3,-,-,0,10-01-2025 14:26:34.184,January,Liquid Level - 4095,0
Water valve,ps,10-01-2025,-,-,-,0,10-01-2025 14:26:46.943,January,Home Reached,0
Water valve,ps,10-01-2025,-,-,-,0,10-01-2025 14:26:50.591,January,Home Reached,0
DHPL,ps,10-01-2025,-,-,-,0,10-01-2025 14:27:00.419,January,Protorun Started,183
DHPL,ps,10-01-2025,W1,Tap Water,--,0,10-01-2025 14:27:03.954,January,Water Valve : 1 is Off,183
DHPL,ps,10-01-2025,W2,Tap Water,--,0,10-01-2025 14:27:04.621,January,Water Valve : 2 is Off,183
DHPL,ps,10-01-2025,W3,Tap Water,--,0,10-01-2025 14:27:05.303,January,Water Valve : 3 is Off,183
DHPL,ps,10-01-2025,W4,Tap Water,--,0,10-01-2025 14:27:05.968,January,Water Valve : 4 is Off,183
DHPL,ps,10-01-2025,W5,Tap Water,--,0,10-01-2025 14:27:06.636,January,Water Valve : 5 is Off,183
DHPL,ps,10-01-2025,W6,Tap Water,--,0,10-01-2025 14:27:07.306,January,Water Valve : 6 is Off,183
DHPL,ps,10-01-2025,-,-,-,0,10-01-2025 14:27:07.996,January,Home Reached,183
DHPL,ps,10-01-2025,-,-,-,0,10-01-2025 14:27:10.662,January,Home Reached,183
DHPL,ps,10-01-2025,L1,-,-,0,10-01-2025 14:27:20.619,January,Liquid Level - 309,183
DHPL,ps,10-01-2025,L2,-,-,0,10-01-2025 14:27:23.310,January,Liquid Level - 309,183
DHPL,ps,10-01-2025,L3,-,-,0,10-01-2025 14:27:25.984,January,Liquid Level - 354,183
DHPL,ps,10-01-2025,-,-,-,0,10-01-2025 14:27:37.387,January,Home Reached,183
DHPL,ps,10-01-2025,-,-,-,0,10-01-2025 14:27:40.067,January,Home Reached,183
DHPL,ps,10-01-2025,,,R1,0,10-01-2025 14:27:43.086,January,Test Started,183
DHPL,ps,10-01-2025,L1,Loading,R1,0,10-01-2025 14:27:54.319,January,Picked From,183
DHPL,ps,10-01-2025,J1,70%Alcohol,R1,0,10-01-2025 14:28:01.020,January,Placed In,183
DHPL,ps,10-01-2025,J1,70%Alcohol,R1,0,10-01-2025 14:30:07.096,January,Picked From,183
DHPL,ps,10-01-2025,J2,95% Alcohol,R1,0,10-01-2025 14:30:13.298,January,Placed In,183
DHPL,ps,10-01-2025,,,R2,0,10-01-2025 14:31:27.642,January,Test Started,183
DHPL,ps,10-01-2025,L2,Loading,R2,0,10-01-2025 14:31:34.364,January,Picked From,183
DHPL,ps,10-01-2025,J1,70%Alcohol,R2,0,10-01-2025 14:31:41.217,January,Placed In,183
DHPL,ps,10-01-2025,J2,95% Alcohol,R1,0,10-01-2025 14:32:19.726,January,Picked From,183
DHPL,ps,10-01-2025,J3,100 % Alcohol,R1,0,10-01-2025 14:32:25.937,January,Placed In,183
DHPL,ps,10-01-2025,J1,70%Alcohol,R2,0,10-01-2025 14:33:48.140,January,Picked From,183
DHPL,ps,10-01-2025,J2,95% Alcohol,R2,0,10-01-2025 14:33:54.348,January,Placed In,183
DHPL,ps,10-01-2025,J3,100 % Alcohol,R1,0,10-01-2025 14:34:32.419,January,Picked From,183
DHPL,ps,10-01-2025,J4,100 % Alcohol,R1,0,10-01-2025 14:34:38.633,January,Placed In,183
DHPL,ps,10-01-2025,,,R3,0,10-01-2025 14:34:55.994,January,Test Started,183
DHPL,ps,10-01-2025,L3,Loading,R3,0,10-01-2025 14:35:03.188,January,Picked From,183
DHPL,ps,10-01-2025,J1,70%Alcohol,R3,0,10-01-2025 14:35:09.902,January,Placed In,183
DHPL,ps,10-01-2025,J2,95% Alcohol,R2,0,10-01-2025 14:36:00.462,January,Picked From,183
DHPL,ps,10-01-2025,J3,100 % Alcohol,R2,0,10-01-2025 14:36:06.662,January,Placed In,183
DHPL,ps,10-01-2025,J4,100 % Alcohol,R1,0,10-01-2025 14:36:45.199,January,Picked From,183
DHPL,ps,10-01-2025,J5,XYLENE-1,R1,0,10-01-2025 14:36:51.412,January,Placed In,183
DHPL,ps,10-01-2025,J1,70%Alcohol,R3,0,10-01-2025 14:37:17.292,January,Picked From,183
DHPL,ps,10-01-2025,J2,95% Alcohol,R3,0,10-01-2025 14:37:23.508,January,Placed In,183
DHPL,ps,10-01-2025,J3,100 % Alcohol,R2,0,10-01-2025 14:38:12.951,January,Picked From,183
DHPL,ps,10-01-2025,J4,100 % Alcohol,R2,0,10-01-2025 14:38:19.154,January,Placed In,183
DHPL,ps,10-01-2025,J5,XYLENE-1,R1,0,10-01-2025 14:38:57.845,January,Picked From,183
DHPL,ps,10-01-2025,J6,XYLENE-2,R1,0,10-01-2025 14:39:04.048,January,Placed In,183
DHPL,ps,10-01-2025,J2,95% Alcohol,R3,0,10-01-2025 14:39:30.929,January,Picked From,183
DHPL,ps,10-01-2025,J3,100 % Alcohol,R3,0,10-01-2025 14:39:37.131,January,Placed In,183
DHPL,ps,10-01-2025,J4,100 % Alcohol,R2,0,10-01-2025 14:40:25.576,January,Picked From,183
DHPL,ps,10-01-2025,J5,XYLENE-1,R2,0,10-01-2025 14:40:31.656,January,Placed In,183
DHPL,ps,10-01-2025,J6,XYLENE-2,R1,0,10-01-2025 14:41:11.502,January,Picked From,183
DHPL,ps,10-01-2025,J7,XYLENE-3,R1,0,10-01-2025 14:41:17.728,January,Placed In,183
DHPL,ps,10-01-2025,J3,100 % Alcohol,R3,0,10-01-2025 14:41:44.691,January,Picked From,183
DHPL,ps,10-01-2025,J4,100 % Alcohol,R3,0,10-01-2025 14:41:50.889,January,Placed In,183
DHPL,ps,10-01-2025,J5,XYLENE-1,R2,0,10-01-2025 14:42:38.159,January,Picked From,183
DHPL,ps,10-01-2025,J6,XYLENE-2,R2,0,10-01-2025 14:42:44.365,January,Placed In,183
DHPL,ps,10-01-2025,J7,XYLENE-3,R1,0,10-01-2025 14:43:23.827,January,Picked From,183
DHPL,ps,10-01-2025,U1,Unloading,R1,0,10-01-2025 14:43:33.046,January,Placed In,183
DHPL,ps,10-01-2025,U1,Unloading,R1,0,10-01-2025 14:43:34.296,January,Test Completed,183
DHPL,ps,10-01-2025,J4,100 % Alcohol,R3,0,10-01-2025 14:44:01.311,January,Picked From,183
DHPL,ps,10-01-2025,J5,XYLENE-1,R3,0,10-01-2025 14:44:07.512,January,Placed In,183
DHPL,ps,10-01-2025,J6,XYLENE-2,R2,0,10-01-2025 14:44:50.817,January,Picked From,183
DHPL,ps,10-01-2025,J7,XYLENE-3,R2,0,10-01-2025 14:44:56.996,January,Placed In,183
DHPL,ps,10-01-2025,J5,XYLENE-1,R3,0,10-01-2025 14:46:15.323,January,Picked From,183
DHPL,ps,10-01-2025,J6,XYLENE-2,R3,0,10-01-2025 14:46:21.514,January,Placed In,183
DHPL,ps,10-01-2025,J7,XYLENE-3,R2,0,10-01-2025 14:47:04.444,January,Picked From,183
DHPL,ps,10-01-2025,U2,Unloading,R2,0,10-01-2025 14:47:13.164,January,Placed In,183
DHPL,ps,10-01-2025,U2,Unloading,R2,0,10-01-2025 14:47:14.402,January,Test Completed,183
DHPL,ps,10-01-2025,J6,XYLENE-2,R3,0,10-01-2025 14:48:31.904,January,Picked From,183
DHPL,ps,10-01-2025,J7,XYLENE-3,R3,0,10-01-2025 14:48:38.125,January,Placed In,183
DHPL,ps,10-01-2025,J7,XYLENE-3,R3,0,10-01-2025 14:50:44.063,January,Picked From,183
DHPL,ps,10-01-2025,U3,Unloading,R3,0,10-01-2025 14:50:52.279,January,Placed In,183
DHPL,ps,10-01-2025,U3,Unloading,R3,0,10-01-2025 14:50:53.493,January,Test Completed,183
DHPL,ps,10-01-2025,W1,Tap Water,--,0,10-01-2025 14:53:59.491,January,Water Valve : 1 is Off,183
DHPL,ps,10-01-2025,W2,Tap Water,--,0,10-01-2025 14:54:00.166,January,Water Valve : 2 is Off,183
DHPL,ps,10-01-2025,W3,Tap Water,--,0,10-01-2025 14:54:00.831,January,Water Valve : 3 is Off,183
DHPL,ps,10-01-2025,W4,Tap Water,--,0,10-01-2025 14:54:01.493,January,Water Valve : 4 is Off,183
DHPL,ps,10-01-2025,W5,Tap Water,--,0,10-01-2025 14:54:02.175,January,Water Valve : 5 is Off,183
DHPL,ps,10-01-2025,W6,Tap Water,--,0,10-01-2025 14:54:02.841,January,Water Valve : 6 is Off,183
DHPL,ps,10-01-2025,-,-,-,0,10-01-2025 14:54:03.341,January,Protorun Stopped,183
DHPL,ps,10-01-2025,-,-,-,0,10-01-2025 15:04:57.262,January,Protorun Started,184
DHPL,ps,10-01-2025,W1,Tap Water,--,0,10-01-2025 15:05:00.734,January,Water Valve : 1 is Off,184
DHPL,ps,10-01-2025,W2,Tap Water,--,0,10-01-2025 15:05:01.414,January,Water Valve : 2 is Off,184
DHPL,ps,10-01-2025,W3,Tap Water,--,0,10-01-2025 15:05:02.094,January,Water Valve : 3 is Off,184
DHPL,ps,10-01-2025,W4,Tap Water,--,0,10-01-2025 15:05:02.760,January,Water Valve : 4 is Off,184
DHPL,ps,10-01-2025,W5,Tap Water,--,0,10-01-2025 15:05:03.443,January,Water Valve : 5 is Off,184
DHPL,ps,10-01-2025,W6,Tap Water,--,0,10-01-2025 15:05:04.138,January,Water Valve : 6 is Off,184
DHPL,ps,10-01-2025,-,-,-,0,10-01-2025 15:05:08.105,January,Home Reached,184
DHPL,ps,10-01-2025,-,-,-,0,10-01-2025 15:05:10.544,January,Home Reached,184
DHPL,ps,10-01-2025,L1,-,-,0,10-01-2025 15:05:20.478,January,Liquid Level - 336,184
DHPL,ps,10-01-2025,L2,-,-,0,10-01-2025 15:05:23.233,January,Liquid Level - 342,184
DHPL,ps,10-01-2025,L3,-,-,0,10-01-2025 15:05:25.945,January,Liquid Level - 322,184
DHPL,ps,10-01-2025,-,-,-,0,10-01-2025 15:05:37.389,January,Home Reached,184
DHPL,ps,10-01-2025,-,-,-,0,10-01-2025 15:05:40.064,January,Home Reached,184
DHPL,ps,10-01-2025,,Unloading,R1,0,10-01-2025 15:05:43.067,January,Test Started,184
DHPL,ps,10-01-2025,L1,Loading,R1,0,10-01-2025 15:05:54.342,January,Picked From,184
DHPL,ps,10-01-2025,J1,70%Alcohol,R1,0,10-01-2025 15:06:01.117,January,Placed In,184
DHPL,ps,10-01-2025,J1,70%Alcohol,R1,0,10-01-2025 15:08:07.628,January,Picked From,184
DHPL,ps,10-01-2025,J2,95% Alcohol,R1,0,10-01-2025 15:08:13.885,January,Placed In,184
DHPL,ps,10-01-2025,,Unloading,R2,0,10-01-2025 15:09:16.668,January,Test Started,184
DHPL,ps,10-01-2025,L2,Loading,R2,0,10-01-2025 15:09:23.386,January,Picked From,184
DHPL,ps,10-01-2025,J1,70%Alcohol,R2,0,10-01-2025 15:09:30.109,January,Placed In,184
DHPL,ps,10-01-2025,J2,95% Alcohol,R1,0,10-01-2025 15:10:20.440,January,Picked From,184
DHPL,ps,10-01-2025,J3,100 % Alcohol,R1,0,10-01-2025 15:10:26.640,January,Placed In,184
DHPL,ps,10-01-2025,J1,70%Alcohol,R2,0,10-01-2025 15:11:37.358,January,Picked From,184
DHPL,ps,10-01-2025,J2,95% Alcohol,R2,0,10-01-2025 15:11:43.561,January,Placed In,184
DHPL,ps,10-01-2025,J3,100 % Alcohol,R1,0,10-01-2025 15:12:33.092,January,Picked From,184
DHPL,ps,10-01-2025,J4,100 % Alcohol,R1,0,10-01-2025 15:12:39.364,January,Placed In,184
DHPL,ps,10-01-2025,,,R3,0,10-01-2025 15:13:12.371,January,Test Started,184
DHPL,ps,10-01-2025,L3,Loading,R3,0,10-01-2025 15:13:19.582,January,Picked From,184
DHPL,ps,10-01-2025,J1,70%Alcohol,R3,0,10-01-2025 15:13:26.314,January,Placed In,184
DHPL,ps,10-01-2025,J2,95% Alcohol,R2,0,10-01-2025 15:13:50.502,January,Picked From,184
DHPL,ps,10-01-2025,J3,100 % Alcohol,R2,0,10-01-2025 15:13:56.749,January,Placed In,184
DHPL,ps,10-01-2025,J4,100 % Alcohol,R1,0,10-01-2025 15:14:46.362,January,Picked From,184
DHPL,ps,10-01-2025,J5,XYLENE-1,R1,0,10-01-2025 15:14:52.584,January,Placed In,184
DHPL,ps,10-01-2025,J1,70%Alcohol,R3,0,10-01-2025 15:15:34.190,January,Picked From,184
DHPL,ps,10-01-2025,J2,95% Alcohol,R3,0,10-01-2025 15:15:40.434,January,Placed In,184
DHPL,ps,10-01-2025,J3,100 % Alcohol,R2,0,10-01-2025 15:16:03.598,January,Picked From,184
DHPL,ps,10-01-2025,J4,100 % Alcohol,R2,0,10-01-2025 15:16:09.916,January,Placed In,184
DHPL,ps,10-01-2025,J5,XYLENE-1,R1,0,10-01-2025 15:16:59.670,January,Picked From,184
DHPL,ps,10-01-2025,J6,XYLENE-2,R1,0,10-01-2025 15:17:05.941,January,Placed In,184
DHPL,ps,10-01-2025,J2,95% Alcohol,R3,0,10-01-2025 15:17:48.240,January,Picked From,184
DHPL,ps,10-01-2025,J3,100 % Alcohol,R3,0,10-01-2025 15:17:54.485,January,Placed In,184
DHPL,ps,10-01-2025,J4,100 % Alcohol,R2,0,10-01-2025 15:18:16.818,January,Picked From,184
DHPL,ps,10-01-2025,J5,XYLENE-1,R2,0,10-01-2025 15:18:23.026,January,Placed In,184
DHPL,ps,10-01-2025,J6,XYLENE-2,R1,0,10-01-2025 15:19:12.869,January,Picked From,184
DHPL,ps,10-01-2025,J7,XYLENE-3,R1,0,10-01-2025 15:19:19.155,January,Placed In,184
DHPL,ps,10-01-2025,J3,100 % Alcohol,R3,0,10-01-2025 15:20:02.482,January,Picked From,184
DHPL,ps,10-01-2025,J4,100 % Alcohol,R3,0,10-01-2025 15:20:08.759,January,Placed In,184
DHPL,ps,10-01-2025,J5,XYLENE-1,R2,0,10-01-2025 15:20:29.973,January,Picked From,184
DHPL,ps,10-01-2025,J6,XYLENE-2,R2,0,10-01-2025 15:20:36.232,January,Placed In,184
DHPL,ps,10-01-2025,J7,XYLENE-3,R1,0,10-01-2025 15:21:26.102,January,Picked From,184
DHPL,ps,10-01-2025,U1,Unloading,R1,0,10-01-2025 15:21:34.886,January,Placed In,184
DHPL,ps,10-01-2025,U1,Unloading,R1,0,10-01-2025 15:21:36.103,January,Test Completed,184
DHPL,ps,10-01-2025,J4,100 % Alcohol,R3,0,10-01-2025 15:22:19.901,January,Picked From,184
DHPL,ps,10-01-2025,J5,XYLENE-1,R3,0,10-01-2025 15:22:26.141,January,Placed In,184
DHPL,ps,10-01-2025,J6,XYLENE-2,R2,0,10-01-2025 15:22:43.004,January,Picked From,184
DHPL,ps,10-01-2025,J7,XYLENE-3,R2,0,10-01-2025 15:22:49.240,January,Placed In,184
DHPL,ps,10-01-2025,L1,-,-,0,10-01-2025 15:23:18.796,January,Liquid Level - 323,184
DHPL,ps,10-01-2025,L2,-,-,0,10-01-2025 15:23:21.787,January,Liquid Level - 318,184
DHPL,ps,10-01-2025,L3,-,-,0,10-01-2025 15:23:24.445,January,Liquid Level - 322,184
DHPL,ps,10-01-2025,-,-,-,0,10-01-2025 15:23:35.875,January,Home Reached,184
DHPL,ps,10-01-2025,-,-,-,0,10-01-2025 15:23:38.169,January,Home Reached,184
DHPL,ps,10-01-2025,U1,Unloading,R4,0,10-01-2025 15:23:41.193,January,Test Started,184
DHPL,ps,10-01-2025,L1,Loading,R4,0,10-01-2025 15:23:52.444,January,Picked From,184
DHPL,ps,10-01-2025,J1,70%Alcohol,R4,0,10-01-2025 15:23:59.173,January,Placed In,184
DHPL,ps,10-01-2025,J5,XYLENE-1,R3,0,10-01-2025 15:24:33.866,January,Picked From,184
DHPL,ps,10-01-2025,J6,XYLENE-2,R3,0,10-01-2025 15:24:40.114,January,Placed In,184
DHPL,ps,10-01-2025,J7,XYLENE-3,R2,0,10-01-2025 15:24:55.936,January,Picked From,184
DHPL,ps,10-01-2025,U2,Unloading,R2,0,10-01-2025 15:25:04.666,January,Placed In,184
DHPL,ps,10-01-2025,U2,Unloading,R2,0,10-01-2025 15:25:05.901,January,Test Completed,184
DHPL,ps,10-01-2025,J1,70%Alcohol,R4,0,10-01-2025 15:26:10.666,January,Picked From,184
DHPL,ps,10-01-2025,J2,95% Alcohol,R4,0,10-01-2025 15:26:16.930,January,Placed In,184
DHPL,ps,10-01-2025,J6,XYLENE-2,R3,0,10-01-2025 15:26:48.302,January,Picked From,184
DHPL,ps,10-01-2025,J7,XYLENE-3,R3,0,10-01-2025 15:26:54.559,January,Placed In,184
DHPL,ps,10-01-2025,U2,Unloading,R5,0,10-01-2025 15:27:14.655,January,Test Started,184
DHPL,ps,10-01-2025,L2,Loading,R5,0,10-01-2025 15:27:22.387,January,Picked From,184
DHPL,ps,10-01-2025,J1,70%Alcohol,R5,0,10-01-2025 15:27:29.145,January,Placed In,184
DHPL,ps,10-01-2025,J2,95% Alcohol,R4,0,10-01-2025 15:28:23.772,January,Picked From,184
DHPL,ps,10-01-2025,J3,100 % Alcohol,R4,0,10-01-2025 15:28:29.993,January,Placed In,184
DHPL,ps,10-01-2025,J7,XYLENE-3,R3,0,10-01-2025 15:29:02.721,January,Picked From,184
DHPL,ps,10-01-2025,U3,Unloading,R3,0,10-01-2025 15:29:10.979,January,Placed In,184
DHPL,ps,10-01-2025,U3,Unloading,R3,0,10-01-2025 15:29:12.196,January,Test Completed,184
DHPL,ps,10-01-2025,J1,70%Alcohol,R5,0,10-01-2025 15:29:40.508,January,Picked From,184
DHPL,ps,10-01-2025,J2,95% Alcohol,R5,0,10-01-2025 15:29:46.775,January,Placed In,184
DHPL,ps,10-01-2025,J3,100 % Alcohol,R4,0,10-01-2025 15:30:37.023,January,Picked From,184
DHPL,ps,10-01-2025,J4,100 % Alcohol,R4,0,10-01-2025 15:30:43.267,January,Placed In,184
DHPL,ps,10-01-2025,,,R6,0,10-01-2025 15:31:11.720,January,Test Started,184
DHPL,ps,10-01-2025,L3,Loading,R6,0,10-01-2025 15:31:18.776,January,Picked From,184
DHPL,ps,10-01-2025,J1,70%Alcohol,R6,0,10-01-2025 15:31:25.488,January,Placed In,184
DHPL,ps,10-01-2025,J2,95% Alcohol,R5,0,10-01-2025 15:31:53.784,January,Picked From,184
DHPL,ps,10-01-2025,J3,100 % Alcohol,R5,0,10-01-2025 15:32:00.044,January,Placed In,184
DHPL,ps,10-01-2025,J4,100 % Alcohol,R4,0,10-01-2025 15:32:50.146,January,Picked From,184
DHPL,ps,10-01-2025,J5,XYLENE-1,R4,0,10-01-2025 15:32:56.397,January,Placed In,184
DHPL,ps,10-01-2025,J1,70%Alcohol,R6,0,10-01-2025 15:33:33.350,January,Picked From,184
DHPL,ps,10-01-2025,J2,95% Alcohol,R6,0,10-01-2025 15:33:39.622,January,Placed In,184
DHPL,ps,10-01-2025,J3,100 % Alcohol,R5,0,10-01-2025 15:34:07.068,January,Picked From,184
DHPL,ps,10-01-2025,J4,100 % Alcohol,R5,0,10-01-2025 15:34:13.316,January,Placed In,184
DHPL,ps,10-01-2025,J5,XYLENE-1,R4,0,10-01-2025 15:35:03.211,January,Picked From,184
DHPL,ps,10-01-2025,J6,XYLENE-2,R4,0,10-01-2025 15:35:09.463,January,Placed In,184
DHPL,ps,10-01-2025,J2,95% Alcohol,R6,0,10-01-2025 15:35:47.624,January,Picked From,184
DHPL,ps,10-01-2025,J3,100 % Alcohol,R6,0,10-01-2025 15:35:53.867,January,Placed In,184
DHPL,ps,10-01-2025,J4,100 % Alcohol,R5,0,10-01-2025 15:36:20.432,January,Picked From,184
DHPL,ps,10-01-2025,J5,XYLENE-1,R5,0,10-01-2025 15:36:26.681,January,Placed In,184
DHPL,ps,10-01-2025,J6,XYLENE-2,R4,0,10-01-2025 15:37:16.451,January,Picked From,184
DHPL,ps,10-01-2025,J7,XYLENE-3,R4,0,10-01-2025 15:37:22.707,January,Placed In,184
DHPL,ps,10-01-2025,J3,100 % Alcohol,R6,0,10-01-2025 15:38:01.884,January,Picked From,184
DHPL,ps,10-01-2025,J4,100 % Alcohol,R6,0,10-01-2025 15:38:08.174,January,Placed In,184
DHPL,ps,10-01-2025,J5,XYLENE-1,R5,0,10-01-2025 15:38:33.548,January,Picked From,184
DHPL,ps,10-01-2025,J6,XYLENE-2,R5,0,10-01-2025 15:38:39.761,January,Placed In,184
DHPL,ps,10-01-2025,J7,XYLENE-3,R4,0,10-01-2025 15:39:29.516,January,Picked From,184
DHPL,ps,10-01-2025,U1,Unloading,R4,0,10-01-2025 15:39:38.264,January,Placed In,184
DHPL,ps,10-01-2025,U1,Unloading,R4,0,10-01-2025 15:39:39.477,January,Test Completed,184
DHPL,ps,10-01-2025,J4,100 % Alcohol,R6,0,10-01-2025 15:40:19.015,January,Picked From,184
DHPL,ps,10-01-2025,J5,XYLENE-1,R6,0,10-01-2025 15:40:25.263,January,Placed In,184
DHPL,ps,10-01-2025,J6,XYLENE-2,R5,0,10-01-2025 15:40:46.613,January,Picked From,184
DHPL,ps,10-01-2025,J7,XYLENE-3,R5,0,10-01-2025 15:40:52.842,January,Placed In,184
DHPL,ps,10-01-2025,L1,-,-,0,10-01-2025 15:41:25.717,January,Liquid Level - 337,184
DHPL,ps,10-01-2025,L2,-,-,0,10-01-2025 15:41:28.304,January,Liquid Level - 331,184
DHPL,ps,10-01-2025,L3,-,-,0,10-01-2025 15:41:31.008,January,Liquid Level - 341,184
DHPL,ps,10-01-2025,-,-,-,0,10-01-2025 15:41:42.421,January,Home Reached,184
DHPL,ps,10-01-2025,-,-,-,0,10-01-2025 15:41:44.655,January,Home Reached,184
DHPL,ps,10-01-2025,U1,Unloading,R7,0,10-01-2025 15:41:47.682,January,Test Started,184
DHPL,ps,10-01-2025,L1,Loading,R7,0,10-01-2025 15:41:58.941,January,Picked From,184
DHPL,ps,10-01-2025,J1,70%Alcohol,R7,0,10-01-2025 15:42:05.634,January,Placed In,184
DHPL,ps,10-01-2025,J5,XYLENE-1,R6,0,10-01-2025 15:42:33.083,January,Picked From,184
DHPL,ps,10-01-2025,J6,XYLENE-2,R6,0,10-01-2025 15:42:39.322,January,Placed In,184
DHPL,ps,10-01-2025,J7,XYLENE-3,R5,0,10-01-2025 15:42:59.591,January,Picked From,184
DHPL,ps,10-01-2025,U2,Unloading,R5,0,10-01-2025 15:43:08.330,January,Placed In,184
DHPL,ps,10-01-2025,U2,Unloading,R5,0,10-01-2025 15:43:09.578,January,Test Completed,184
DHPL,ps,10-01-2025,J1,70%Alcohol,R7,0,10-01-2025 15:44:16.986,January,Picked From,184
DHPL,ps,10-01-2025,J2,95% Alcohol,R7,0,10-01-2025 15:44:23.232,January,Placed In,184
DHPL,ps,10-01-2025,J6,XYLENE-2,R6,0,10-01-2025 15:44:47.236,January,Picked From,184
DHPL,ps,10-01-2025,J7,XYLENE-3,R6,0,10-01-2025 15:44:53.500,January,Placed In,184
DHPL,ps,10-01-2025,U2,Unloading,R8,0,10-01-2025 15:45:21.086,January,Test Started,184
DHPL,ps,10-01-2025,L2,Loading,R8,0,10-01-2025 15:45:28.903,January,Picked From,184
DHPL,ps,10-01-2025,J1,70%Alcohol,R8,0,10-01-2025 15:45:35.710,January,Placed In,184
DHPL,ps,10-01-2025,J2,95% Alcohol,R7,0,10-01-2025 15:46:30.244,January,Picked From,184
DHPL,ps,10-01-2025,J3,100 % Alcohol,R7,0,10-01-2025 15:46:36.524,January,Placed In,184
DHPL,ps,10-01-2025,J7,XYLENE-3,R6,0,10-01-2025 15:47:01.496,January,Picked From,184
DHPL,ps,10-01-2025,U3,Unloading,R6,0,10-01-2025 15:47:09.764,January,Placed In,184
DHPL,ps,10-01-2025,U3,Unloading,R6,0,10-01-2025 15:47:10.985,January,Test Completed,184
DHPL,ps,10-01-2025,J1,70%Alcohol,R8,0,10-01-2025 15:47:46.882,January,Picked From,184
DHPL,ps,10-01-2025,J2,95% Alcohol,R8,0,10-01-2025 15:47:53.123,January,Placed In,184
DHPL,ps,10-01-2025,J3,100 % Alcohol,R7,0,10-01-2025 15:48:43.487,January,Picked From,184
DHPL,ps,10-01-2025,J4,100 % Alcohol,R7,0,10-01-2025 15:48:49.700,January,Placed In,184
DHPL,ps,10-01-2025,,,R9,0,10-01-2025 15:49:18.323,January,Test Started,184
DHPL,ps,10-01-2025,L3,Loading,R9,0,10-01-2025 15:49:25.066,January,Picked From,184
DHPL,ps,10-01-2025,J1,70%Alcohol,R9,0,10-01-2025 15:49:31.810,January,Placed In,184
DHPL,ps,10-01-2025,J2,95% Alcohol,R8,0,10-01-2025 15:50:00.196,January,Picked From,184
DHPL,ps,10-01-2025,J3,100 % Alcohol,R8,0,10-01-2025 15:50:06.466,January,Placed In,184
DHPL,ps,10-01-2025,J4,100 % Alcohol,R7,0,10-01-2025 15:50:56.609,January,Picked From,184
DHPL,ps,10-01-2025,J5,XYLENE-1,R7,0,10-01-2025 15:51:02.867,January,Placed In,184
DHPL,ps,10-01-2025,J1,70%Alcohol,R9,0,10-01-2025 15:51:39.809,January,Picked From,184
DHPL,ps,10-01-2025,J2,95% Alcohol,R9,0,10-01-2025 15:51:46.125,January,Placed In,184
DHPL,ps,10-01-2025,J3,100 % Alcohol,R8,0,10-01-2025 15:52:13.484,January,Picked From,184
DHPL,ps,10-01-2025,J4,100 % Alcohol,R8,0,10-01-2025 15:52:19.778,January,Placed In,184
DHPL,ps,10-01-2025,J5,XYLENE-1,R7,0,10-01-2025 15:53:09.607,January,Picked From,184
DHPL,ps,10-01-2025,J6,XYLENE-2,R7,0,10-01-2025 15:53:15.857,January,Placed In,184
DHPL,ps,10-01-2025,J2,95% Alcohol,R9,0,10-01-2025 15:53:54.145,January,Picked From,184
DHPL,ps,10-01-2025,J3,100 % Alcohol,R9,0,10-01-2025 15:54:00.395,January,Placed In,184
DHPL,ps,10-01-2025,J4,100 % Alcohol,R8,0,10-01-2025 15:54:26.594,January,Picked From,184
DHPL,ps,10-01-2025,J5,XYLENE-1,R8,0,10-01-2025 15:54:32.834,January,Placed In,184
DHPL,ps,10-01-2025,J6,XYLENE-2,R7,0,10-01-2025 15:55:22.634,January,Picked From,184
DHPL,ps,10-01-2025,J7,XYLENE-3,R7,0,10-01-2025 15:55:28.889,January,Placed In,184
DHPL,ps,10-01-2025,J3,100 % Alcohol,R9,0,10-01-2025 15:56:08.407,January,Picked From,184
DHPL,ps,10-01-2025,J4,100 % Alcohol,R9,0,10-01-2025 15:56:14.652,January,Placed In,184
DHPL,ps,10-01-2025,J5,XYLENE-1,R8,0,10-01-2025 15:56:39.593,January,Picked From,184
DHPL,ps,10-01-2025,J6,XYLENE-2,R8,0,10-01-2025 15:56:45.827,January,Placed In,184
DHPL,ps,10-01-2025,J7,XYLENE-3,R7,0,10-01-2025 15:57:35.791,January,Picked From,184
DHPL,ps,10-01-2025,U1,Unloading,R7,0,10-01-2025 15:57:44.597,January,Placed In,184
DHPL,ps,10-01-2025,U1,Unloading,R7,0,10-01-2025 15:57:45.815,January,Test Completed,184
DHPL,ps,10-01-2025,J4,100 % Alcohol,R9,0,10-01-2025 15:58:25.613,January,Picked From,184
DHPL,ps,10-01-2025,J5,XYLENE-1,R9,0,10-01-2025 15:58:31.878,January,Placed In,184
DHPL,ps,10-01-2025,J6,XYLENE-2,R8,0,10-01-2025 15:58:52.871,January,Picked From,184
DHPL,ps,10-01-2025,J7,XYLENE-3,R8,0,10-01-2025 15:58:59.092,January,Placed In,184
DHPL,ps,10-01-2025,L1,-,-,0,10-01-2025 15:59:32.351,January,Liquid Level - 279,184
DHPL,ps,10-01-2025,L2,-,-,0,10-01-2025 15:59:34.894,January,Liquid Level - 277,184
DHPL,ps,10-01-2025,L3,-,-,0,10-01-2025 15:59:37.563,January,Liquid Level - 281,184
DHPL,ps,10-01-2025,-,-,-,0,10-01-2025 15:59:48.982,January,Home Reached,184
DHPL,ps,10-01-2025,-,-,-,0,10-01-2025 15:59:51.263,January,Home Reached,184
DHPL,ps,10-01-2025,U1,Unloading,R10,0,10-01-2025 15:59:54.283,January,Test Started,184
DHPL,ps,10-01-2025,L1,Loading,R10,0,10-01-2025 16:00:05.582,January,Picked From,184
DHPL,ps,10-01-2025,J1,70%Alcohol,R10,0,10-01-2025 16:00:12.268,January,Placed In,184
DHPL,ps,10-01-2025,J5,XYLENE-1,R9,0,10-01-2025 16:00:39.437,January,Picked From,184
DHPL,ps,10-01-2025,J6,XYLENE-2,R9,0,10-01-2025 16:00:45.741,January,Placed In,184
DHPL,ps,10-01-2025,J7,XYLENE-3,R8,0,10-01-2025 16:01:05.762,January,Picked From,184
DHPL,ps,10-01-2025,U2,Unloading,R8,0,10-01-2025 16:01:14.468,January,Placed In,184
DHPL,ps,10-01-2025,U2,Unloading,R8,0,10-01-2025 16:01:15.680,January,Test Completed,184
DHPL,ps,10-01-2025,J1,70%Alcohol,R10,0,10-01-2025 16:02:23.453,January,Picked From,184
DHPL,ps,10-01-2025,J2,95% Alcohol,R10,0,10-01-2025 16:02:29.662,January,Placed In,184
DHPL,ps,10-01-2025,J6,XYLENE-2,R9,0,10-01-2025 16:02:53.406,January,Picked From,184
DHPL,ps,10-01-2025,J7,XYLENE-3,R9,0,10-01-2025 16:02:59.605,January,Placed In,184
DHPL,ps,10-01-2025,U2,Unloading,R11,0,10-01-2025 16:03:27.144,January,Test Started,184
DHPL,ps,10-01-2025,L2,Loading,R11,0,10-01-2025 16:03:34.853,January,Picked From,184
DHPL,ps,10-01-2025,J1,70%Alcohol,R11,0,10-01-2025 16:03:41.546,January,Placed In,184
DHPL,ps,10-01-2025,J2,95% Alcohol,R10,0,10-01-2025 16:04:36.197,January,Picked From,184
DHPL,ps,10-01-2025,J3,100 % Alcohol,R10,0,10-01-2025 16:04:42.422,January,Placed In,184
DHPL,ps,10-01-2025,J7,XYLENE-3,R9,0,10-01-2025 16:05:07.154,January,Picked From,184
DHPL,ps,10-01-2025,U3,Unloading,R9,0,10-01-2025 16:05:15.408,January,Placed In,184
DHPL,ps,10-01-2025,U3,Unloading,R9,0,10-01-2025 16:05:16.640,January,Test Completed,184
DHPL,ps,10-01-2025,J1,70%Alcohol,R11,0,10-01-2025 16:05:52.608,January,Picked From,184
DHPL,ps,10-01-2025,J2,95% Alcohol,R11,0,10-01-2025 16:05:58.815,January,Placed In,184
DHPL,ps,10-01-2025,J3,100 % Alcohol,R10,0,10-01-2025 16:06:48.891,January,Picked From,184
DHPL,ps,10-01-2025,J4,100 % Alcohol,R10,0,10-01-2025 16:06:55.176,January,Placed In,184
DHPL,ps,10-01-2025,,,R12,0,10-01-2025 16:07:23.537,January,Test Started,184
DHPL,ps,10-01-2025,L3,Loading,R12,0,10-01-2025 16:07:30.377,January,Picked From,184
DHPL,ps,10-01-2025,J1,70%Alcohol,R12,0,10-01-2025 16:07:37.096,January,Placed In,184
DHPL,ps,10-01-2025,J2,95% Alcohol,R11,0,10-01-2025 16:08:05.407,January,Picked From,184
DHPL,ps,10-01-2025,J3,100 % Alcohol,R11,0,10-01-2025 16:08:11.613,January,Placed In,184
DHPL,ps,10-01-2025,J4,100 % Alcohol,R10,0,10-01-2025 16:09:01.802,January,Picked From,184
DHPL,ps,10-01-2025,J5,XYLENE-1,R10,0,10-01-2025 16:09:08.030,January,Placed In,184
DHPL,ps,10-01-2025,J1,70%Alcohol,R12,0,10-01-2025 16:09:44.724,January,Picked From,184
DHPL,ps,10-01-2025,J2,95% Alcohol,R12,0,10-01-2025 16:09:50.925,January,Placed In,184
DHPL,ps,10-01-2025,J3,100 % Alcohol,R11,0,10-01-2025 16:10:18.176,January,Picked From,184
DHPL,ps,10-01-2025,J4,100 % Alcohol,R11,0,10-01-2025 16:10:24.372,January,Placed In,184
DHPL,ps,10-01-2025,J5,XYLENE-1,R10,0,10-01-2025 16:11:14.559,January,Picked From,184
DHPL,ps,10-01-2025,J6,XYLENE-2,R10,0,10-01-2025 16:11:20.750,January,Placed In,184
DHPL,ps,10-01-2025,J2,95% Alcohol,R12,0,10-01-2025 16:11:58.614,January,Picked From,184
DHPL,ps,10-01-2025,J3,100 % Alcohol,R12,0,10-01-2025 16:12:04.897,January,Placed In,184
DHPL,ps,10-01-2025,J4,100 % Alcohol,R11,0,10-01-2025 16:12:30.950,January,Picked From,184
DHPL,ps,10-01-2025,J5,XYLENE-1,R11,0,10-01-2025 16:12:37.157,January,Placed In,184
DHPL,ps,10-01-2025,J6,XYLENE-2,R10,0,10-01-2025 16:13:27.321,January,Picked From,184
DHPL,ps,10-01-2025,J7,XYLENE-3,R10,0,10-01-2025 16:13:33.515,January,Placed In,184
DHPL,ps,10-01-2025,J3,100 % Alcohol,R12,0,10-01-2025 16:14:12.544,January,Picked From,184
DHPL,ps,10-01-2025,J4,100 % Alcohol,R12,0,10-01-2025 16:14:18.821,January,Placed In,184
DHPL,ps,10-01-2025,J5,XYLENE-1,R11,0,10-01-2025 16:14:43.695,January,Picked From,184
DHPL,ps,10-01-2025,J6,XYLENE-2,R11,0,10-01-2025 16:14:49.912,January,Placed In,184
DHPL,ps,10-01-2025,J7,XYLENE-3,R10,0,10-01-2025 16:15:40.111,January,Picked From,184
DHPL,ps,10-01-2025,U1,Unloading,R10,0,10-01-2025 16:15:49.325,January,Placed In,184
DHPL,ps,10-01-2025,U1,Unloading,R10,0,10-01-2025 16:15:50.550,January,Test Completed,184
DHPL,ps,10-01-2025,J4,100 % Alcohol,R12,0,10-01-2025 16:16:29.401,January,Picked From,184
DHPL,ps,10-01-2025,J5,XYLENE-1,R12,0,10-01-2025 16:16:35.615,January,Placed In,184
DHPL,ps,10-01-2025,J6,XYLENE-2,R11,0,10-01-2025 16:16:56.482,January,Picked From,184
DHPL,ps,10-01-2025,J7,XYLENE-3,R11,0,10-01-2025 16:17:02.669,January,Placed In,184
DHPL,ps,10-01-2025,L1,-,-,0,10-01-2025 16:17:38.108,January,Liquid Level - 279,184
DHPL,ps,10-01-2025,L2,-,-,0,10-01-2025 16:17:40.606,January,Liquid Level - 280,184
DHPL,ps,10-01-2025,L3,-,-,0,10-01-2025 16:17:43.275,January,Liquid Level - 262,184
DHPL,ps,10-01-2025,-,-,-,0,10-01-2025 16:17:54.671,January,Home Reached,184
DHPL,ps,10-01-2025,-,-,-,0,10-01-2025 16:17:57.376,January,Home Reached,184
DHPL,ps,10-01-2025,U1,Unloading,R13,0,10-01-2025 16:18:00.401,January,Test Started,184
DHPL,ps,10-01-2025,L1,Loading,R13,0,10-01-2025 16:18:11.621,January,Picked From,184
DHPL,ps,10-01-2025,J1,70%Alcohol,R13,0,10-01-2025 16:18:18.329,January,Placed In,184
DHPL,ps,10-01-2025,J5,XYLENE-1,R12,0,10-01-2025 16:18:43.169,January,Picked From,184
DHPL,ps,10-01-2025,J6,XYLENE-2,R12,0,10-01-2025 16:18:49.375,January,Placed In,184
DHPL,ps,10-01-2025,J7,XYLENE-3,R11,0,10-01-2025 16:19:09.165,January,Picked From,184
DHPL,ps,10-01-2025,U2,Unloading,R11,0,10-01-2025 16:19:17.885,January,Placed In,184
DHPL,ps,10-01-2025,U2,Unloading,R11,0,10-01-2025 16:19:19.122,January,Test Completed,184
DHPL,ps,10-01-2025,J1,70%Alcohol,R13,0,10-01-2025 16:20:29.847,January,Picked From,184
DHPL,ps,10-01-2025,J2,95% Alcohol,R13,0,10-01-2025 16:20:36.046,January,Placed In,184
DHPL,ps,10-01-2025,J6,XYLENE-2,R12,0,10-01-2025 16:20:56.917,January,Picked From,184
DHPL,ps,10-01-2025,J7,XYLENE-3,R12,0,10-01-2025 16:21:03.154,January,Placed In,184
DHPL,ps,10-01-2025,U2,Unloading,R14,0,10-01-2025 16:21:33.223,January,Test Started,184
DHPL,ps,10-01-2025,L2,Loading,R14,0,10-01-2025 16:21:41.044,January,Picked From,184
DHPL,ps,10-01-2025,J1,70%Alcohol,R14,0,10-01-2025 16:21:47.778,January,Placed In,184
DHPL,ps,10-01-2025,J2,95% Alcohol,R13,0,10-01-2025 16:22:42.545,January,Picked From,184
DHPL,ps,10-01-2025,J3,100 % Alcohol,R13,0,10-01-2025 16:22:48.771,January,Placed In,184
DHPL,ps,10-01-2025,J7,XYLENE-3,R12,0,10-01-2025 16:23:10.690,January,Picked From,184
DHPL,ps,10-01-2025,U3,Unloading,R12,0,10-01-2025 16:23:18.914,January,Placed In,184
DHPL,ps,10-01-2025,U3,Unloading,R12,0,10-01-2025 16:23:20.151,January,Test Completed,184
DHPL,ps,10-01-2025,J1,70%Alcohol,R14,0,10-01-2025 16:23:58.769,January,Picked From,184
DHPL,ps,10-01-2025,J2,95% Alcohol,R14,0,10-01-2025 16:24:04.972,January,Placed In,184
DHPL,ps,10-01-2025,J3,100 % Alcohol,R13,0,10-01-2025 16:24:55.178,January,Picked From,184
DHPL,ps,10-01-2025,J4,100 % Alcohol,R13,0,10-01-2025 16:25:01.401,January,Placed In,184
DHPL,ps,10-01-2025,,,R15,0,10-01-2025 16:25:29.630,January,Test Started,184
DHPL,ps,10-01-2025,L3,Loading,R15,0,10-01-2025 16:25:36.356,January,Picked From,184
DHPL,ps,10-01-2025,J1,70%Alcohol,R15,0,10-01-2025 16:25:43.105,January,Placed In,184
DHPL,ps,10-01-2025,J2,95% Alcohol,R14,0,10-01-2025 16:26:11.578,January,Picked From,184
DHPL,ps,10-01-2025,J3,100 % Alcohol,R14,0,10-01-2025 16:26:17.779,January,Placed In,184
DHPL,ps,10-01-2025,J4,100 % Alcohol,R13,0,10-01-2025 16:27:08.062,January,Picked From,184
DHPL,ps,10-01-2025,J5,XYLENE-1,R13,0,10-01-2025 16:27:14.284,January,Placed In,184
DHPL,ps,10-01-2025,J1,70%Alcohol,R15,0,10-01-2025 16:27:50.687,January,Picked From,184
DHPL,ps,10-01-2025,J2,95% Alcohol,R15,0,10-01-2025 16:27:56.896,January,Placed In,184
DHPL,ps,10-01-2025,J3,100 % Alcohol,R14,0,10-01-2025 16:28:24.469,January,Picked From,184
DHPL,ps,10-01-2025,J4,100 % Alcohol,R14,0,10-01-2025 16:28:30.667,January,Placed In,184
DHPL,ps,10-01-2025,J5,XYLENE-1,R13,0,10-01-2025 16:29:20.811,January,Picked From,184
DHPL,ps,10-01-2025,J6,XYLENE-2,R13,0,10-01-2025 16:29:27.021,January,Placed In,184
DHPL,ps,10-01-2025,J2,95% Alcohol,R15,0,10-01-2025 16:30:04.458,January,Picked From,184
DHPL,ps,10-01-2025,J3,100 % Alcohol,R15,0,10-01-2025 16:30:10.659,January,Placed In,184
DHPL,ps,10-01-2025,J4,100 % Alcohol,R14,0,10-01-2025 16:30:37.154,January,Picked From,184
DHPL,ps,10-01-2025,J5,XYLENE-1,R14,0,10-01-2025 16:30:43.385,January,Placed In,184
DHPL,ps,10-01-2025,J6,XYLENE-2,R13,0,10-01-2025 16:31:33.483,January,Picked From,184
DHPL,ps,10-01-2025,J7,XYLENE-3,R13,0,10-01-2025 16:31:39.689,January,Placed In,184
DHPL,ps,10-01-2025,J3,100 % Alcohol,R15,0,10-01-2025 16:32:18.294,January,Picked From,184
DHPL,ps,10-01-2025,J4,100 % Alcohol,R15,0,10-01-2025 16:32:24.490,January,Placed In,184
DHPL,ps,10-01-2025,J5,XYLENE-1,R14,0,10-01-2025 16:32:49.923,January,Picked From,184
DHPL,ps,10-01-2025,J6,XYLENE-2,R14,0,10-01-2025 16:32:56.201,January,Placed In,184
DHPL,ps,10-01-2025,J7,XYLENE-3,R13,0,10-01-2025 16:33:46.212,January,Picked From,184
DHPL,ps,10-01-2025,U1,Unloading,R13,0,10-01-2025 16:33:55.030,January,Placed In,184
DHPL,ps,10-01-2025,U1,Unloading,R13,0,10-01-2025 16:33:56.281,January,Test Completed,184
DHPL,ps,10-01-2025,J4,100 % Alcohol,R15,0,10-01-2025 16:34:35.064,January,Picked From,184
DHPL,ps,10-01-2025,J5,XYLENE-1,R15,0,10-01-2025 16:34:41.275,January,Placed In,184
DHPL,ps,10-01-2025,J6,XYLENE-2,R14,0,10-01-2025 16:35:02.695,January,Picked From,184
DHPL,ps,10-01-2025,J7,XYLENE-3,R14,0,10-01-2025 16:35:08.946,January,Placed In,184
DHPL,ps,10-01-2025,L1,-,-,0,10-01-2025 16:35:45.050,January,Liquid Level - 279,184
DHPL,ps,10-01-2025,L2,-,-,0,10-01-2025 16:35:47.558,January,Liquid Level - 278,184
DHPL,ps,10-01-2025,L3,-,-,0,10-01-2025 16:35:50.216,January,Liquid Level - 267,184
DHPL,ps,10-01-2025,-,-,-,0,10-01-2025 16:36:01.653,January,Home Reached,184
DHPL,ps,10-01-2025,-,-,-,0,10-01-2025 16:36:04.317,January,Home Reached,184
DHPL,ps,10-01-2025,U1,Unloading,R16,0,10-01-2025 16:36:07.332,January,Test Started,184
DHPL,ps,10-01-2025,L1,Loading,R16,0,10-01-2025 16:36:18.589,January,Picked From,184
DHPL,ps,10-01-2025,J1,70%Alcohol,R16,0,10-01-2025 16:36:25.299,January,Placed In,184
DHPL,ps,10-01-2025,J5,XYLENE-1,R15,0,10-01-2025 16:36:48.761,January,Picked From,184
DHPL,ps,10-01-2025,J6,XYLENE-2,R15,0,10-01-2025 16:36:55.004,January,Placed In,184
DHPL,ps,10-01-2025,J7,XYLENE-3,R14,0,10-01-2025 16:37:15.479,January,Picked From,184
DHPL,ps,10-01-2025,U2,Unloading,R14,0,10-01-2025 16:37:24.232,January,Placed In,184
DHPL,ps,10-01-2025,U2,Unloading,R14,0,10-01-2025 16:37:25.464,January,Test Completed,184
DHPL,ps,10-01-2025,J1,70%Alcohol,R16,0,10-01-2025 16:38:36.375,January,Picked From,184
DHPL,ps,10-01-2025,J2,95% Alcohol,R16,0,10-01-2025 16:38:42.592,January,Placed In,184
DHPL,ps,10-01-2025,J6,XYLENE-2,R15,0,10-01-2025 16:39:02.530,January,Picked From,184
DHPL,ps,10-01-2025,J7,XYLENE-3,R15,0,10-01-2025 16:39:08.780,January,Placed In,184
DHPL,ps,10-01-2025,U2,Unloading,R17,0,10-01-2025 16:39:59.164,January,Test Started,184
DHPL,ps,10-01-2025,L2,Loading,R17,0,10-01-2025 16:40:18.714,January,Picked From,184
DHPL,ps,10-01-2025,J1,70%Alcohol,R17,0,10-01-2025 16:40:25.415,January,Placed In,184
DHPL,ps,10-01-2025,J2,95% Alcohol,R16,0,10-01-2025 16:40:49.091,January,Picked From,184
DHPL,ps,10-01-2025,J3,100 % Alcohol,R16,0,10-01-2025 16:40:55.298,January,Placed In,184
DHPL,ps,10-01-2025,J7,XYLENE-3,R15,0,10-01-2025 16:41:16.268,January,Picked From,184
DHPL,ps,10-01-2025,U3,Unloading,R15,0,10-01-2025 16:41:24.479,January,Placed In,184
DHPL,ps,10-01-2025,U3,Unloading,R15,0,10-01-2025 16:41:25.703,January,Test Completed,184
DHPL,ps,10-01-2025,J1,70%Alcohol,R17,0,10-01-2025 16:42:36.402,January,Picked From,184
DHPL,ps,10-01-2025,J2,95% Alcohol,R17,0,10-01-2025 16:42:42.634,January,Placed In,184
DHPL,ps,10-01-2025,J3,100 % Alcohol,R16,0,10-01-2025 16:43:01.773,January,Picked From,184
DHPL,ps,10-01-2025,J4,100 % Alcohol,R16,0,10-01-2025 16:43:07.977,January,Placed In,184
DHPL,ps,10-01-2025,,,R18,0,10-01-2025 16:43:49.451,January,Test Started,184
DHPL,ps,10-01-2025,L3,Loading,R18,0,10-01-2025 16:43:57.286,January,Picked From,184
DHPL,ps,10-01-2025,J1,70%Alcohol,R18,0,10-01-2025 16:44:04.005,January,Placed In,184
DHPL,ps,10-01-2025,J2,95% Alcohol,R17,0,10-01-2025 16:44:49.174,January,Picked From,184
DHPL,ps,10-01-2025,J3,100 % Alcohol,R17,0,10-01-2025 16:44:55.385,January,Placed In,184
DHPL,ps,10-01-2025,J4,100 % Alcohol,R16,0,10-01-2025 16:45:14.515,January,Picked From,184
DHPL,ps,10-01-2025,J5,XYLENE-1,R16,0,10-01-2025 16:45:20.734,January,Placed In,184
DHPL,ps,10-01-2025,J1,70%Alcohol,R18,0,10-01-2025 16:46:11.759,January,Picked From,184
DHPL,ps,10-01-2025,J2,95% Alcohol,R18,0,10-01-2025 16:46:18.079,January,Placed In,184
DHPL,ps,10-01-2025,J3,100 % Alcohol,R17,0,10-01-2025 16:47:01.958,January,Picked From,184
DHPL,ps,10-01-2025,J4,100 % Alcohol,R17,0,10-01-2025 16:47:08.185,January,Placed In,184
DHPL,ps,10-01-2025,J5,XYLENE-1,R16,0,10-01-2025 16:47:27.218,January,Picked From,184
DHPL,ps,10-01-2025,J6,XYLENE-2,R16,0,10-01-2025 16:47:33.435,January,Placed In,184
DHPL,ps,10-01-2025,J2,95% Alcohol,R18,0,10-01-2025 16:48:25.573,January,Picked From,184
DHPL,ps,10-01-2025,J3,100 % Alcohol,R18,0,10-01-2025 16:48:31.800,January,Placed In,184
DHPL,ps,10-01-2025,J4,100 % Alcohol,R17,0,10-01-2025 16:49:14.720,January,Picked From,184
DHPL,ps,10-01-2025,J5,XYLENE-1,R17,0,10-01-2025 16:49:25.659,January,Placed In,184
DHPL,ps,10-01-2025,J6,XYLENE-2,R16,0,10-01-2025 16:49:40.031,January,Picked From,184
DHPL,ps,10-01-2025,J7,XYLENE-3,R16,0,10-01-2025 16:49:46.258,January,Placed In,184
DHPL,ps,10-01-2025,J3,100 % Alcohol,R18,0,10-01-2025 16:50:39.308,January,Picked From,184
DHPL,ps,10-01-2025,J4,100 % Alcohol,R18,0,10-01-2025 16:50:45.547,January,Placed In,184
DHPL,ps,10-01-2025,J5,XYLENE-1,R17,0,10-01-2025 16:51:32.184,January,Picked From,184
DHPL,ps,10-01-2025,J6,XYLENE-2,R17,0,10-01-2025 16:51:38.421,January,Placed In,184
DHPL,ps,10-01-2025,J7,XYLENE-3,R16,0,10-01-2025 16:51:52.831,January,Picked From,184
DHPL,ps,10-01-2025,U1,Unloading,R16,0,10-01-2025 16:52:02.045,January,Placed In,184
DHPL,ps,10-01-2025,U1,Unloading,R16,0,10-01-2025 16:52:03.272,January,Test Completed,184
DHPL,ps,10-01-2025,J4,100 % Alcohol,R18,0,10-01-2025 16:52:56.168,January,Picked From,184
DHPL,ps,10-01-2025,J5,XYLENE-1,R18,0,10-01-2025 16:53:02.419,January,Placed In,184
DHPL,ps,10-01-2025,J6,XYLENE-2,R17,0,10-01-2025 16:53:44.989,January,Picked From,184
DHPL,ps,10-01-2025,J7,XYLENE-3,R17,0,10-01-2025 16:53:51.206,January,Placed In,184
DHPL,ps,10-01-2025,L1,-,-,0,10-01-2025 16:54:25.195,January,Liquid Level - 276,184
DHPL,ps,10-01-2025,L2,-,-,0,10-01-2025 16:54:27.736,January,Liquid Level - 264,184
DHPL,ps,10-01-2025,L3,-,-,0,10-01-2025 16:54:30.407,January,Liquid Level - 303,184
