Home Command,ps,01-10-2024,-,-,-,0,01-10-2024 12:55:26.889,October,Home Reached,0
Home Command,ps,01-10-2024,-,-,-,0,01-10-2024 12:55:29.607,October,Home Reached,0
Home Command,ps,01-10-2024,-,-,-,0,01-10-2024 12:55:29.621,October,,0
Home Command,ps,01-10-2024,U1,-,-,0,01-10-2024 12:55:37.241,October,Liquid Level - 2389,0
Home Command,ps,01-10-2024,U2,-,-,0,01-10-2024 12:55:41.590,October,Liquid Level - 2402,0
Home Command,ps,01-10-2024,U3,-,-,0,01-10-2024 12:55:46.775,October,Liquid Level - 2395,0
Home Command,ps,01-10-2024,U4,-,-,0,01-10-2024 12:55:51.391,October,Liquid Level - 2386,0
Home Command,ps,01-10-2024,U5,-,-,0,01-10-2024 12:55:56.107,October,Liquid Level - 2374,0
Home Command,ps,01-10-2024,U6,-,-,0,01-10-2024 12:56:00.792,October,Liquid Level - 2372,0
Home Command,ps,01-10-2024,J1,-,-,0,01-10-2024 12:56:09.192,October,Liquid Level - 2386,0
Home Command,ps,01-10-2024,J2,-,-,0,01-10-2024 12:56:13.752,October,Liquid Level - 2388,0
Home Command,ps,01-10-2024,J3,-,-,0,01-10-2024 12:56:18.468,October,Liquid Level - 2389,0
Home Command,ps,01-10-2024,J4,-,-,0,01-10-2024 12:56:23.197,October,Liquid Level - 2386,0
Home Command,ps,01-10-2024,J5,-,-,0,01-10-2024 12:56:27.932,October,Liquid Level - 2397,0
Home Command,ps,01-10-2024,J6,-,-,0,01-10-2024 12:56:32.629,October,Liquid Level - 2377,0
Home Command,ps,01-10-2024,J7,-,-,0,01-10-2024 12:56:37.817,October,Liquid Level - 2387,0
Home Command,ps,01-10-2024,J8,-,-,0,01-10-2024 12:56:42.435,October,Liquid Level - 2377,0
Home Command,ps,01-10-2024,J9,-,-,0,01-10-2024 12:56:47.109,October,Liquid Level - 2390,0
Home Command,ps,01-10-2024,W1,-,-,0,01-10-2024 12:56:51.835,October,Liquid Level - 2377,0
Home Command,ps,01-10-2024,W2,-,-,0,01-10-2024 12:56:56.550,October,Liquid Level - 2388,0
Home Command,ps,01-10-2024,W3,-,-,0,01-10-2024 12:57:01.226,October,Liquid Level - 2381,0
Home Command,ps,01-10-2024,J10,-,-,0,01-10-2024 12:57:05.935,October,Liquid Level - 2382,0
Home Command,ps,01-10-2024,J11,-,-,0,01-10-2024 12:57:10.664,October,Liquid Level - 2389,0
Home Command,ps,01-10-2024,J12,-,-,0,01-10-2024 12:57:15.387,October,Liquid Level - 2374,0
Home Command,ps,01-10-2024,J13,-,-,0,01-10-2024 12:57:20.059,October,Liquid Level - 2389,0
Home Command,ps,01-10-2024,J14,-,-,0,01-10-2024 12:57:24.915,October,Liquid Level - 2378,0
Home Command,ps,01-10-2024,J15,-,-,0,01-10-2024 12:57:29.433,October,Liquid Level - 2398,0
Home Command,ps,01-10-2024,J16,-,-,0,01-10-2024 12:57:34.167,October,Liquid Level - 2386,0
Home Command,ps,01-10-2024,J17,-,-,0,01-10-2024 12:57:38.884,October,Liquid Level - 2370,0
Home Command,ps,01-10-2024,W4,-,-,0,01-10-2024 12:57:43.583,October,Liquid Level - 2383,0
Home Command,ps,01-10-2024,W5,-,-,0,01-10-2024 12:57:48.278,October,Liquid Level - 2386,0
Home Command,ps,01-10-2024,W6,-,-,0,01-10-2024 12:57:52.995,October,Liquid Level - 2386,0
Home Command,ps,01-10-2024,J18,-,-,0,01-10-2024 12:57:57.695,October,Liquid Level - 2397,0
Home Command,ps,01-10-2024,J19,-,-,0,01-10-2024 12:58:02.432,October,Liquid Level - 2387,0
Home Command,ps,01-10-2024,J20,-,-,0,01-10-2024 12:58:07.171,October,Liquid Level - 2399,0
Home Command,ps,01-10-2024,J21,-,-,0,01-10-2024 12:58:11.863,October,Liquid Level - 2394,0
Home Command,ps,01-10-2024,J22,-,-,0,01-10-2024 12:58:16.542,October,Liquid Level - 2396,0
Home Command,ps,01-10-2024,J23,-,-,0,01-10-2024 12:58:21.232,October,Liquid Level - 2396,0
Home Command,ps,01-10-2024,J24,-,-,0,01-10-2024 12:58:26.425,October,Liquid Level - 2400,0
Home Command,ps,01-10-2024,J25,-,-,0,01-10-2024 12:58:31.038,October,Liquid Level - 2404,0
Home Command,ps,01-10-2024,J26,-,-,0,01-10-2024 12:58:35.771,October,Liquid Level - 2390,0
Home Command,ps,01-10-2024,J27,-,-,0,01-10-2024 12:58:43.732,October,Liquid Level - 2383,0
Home Command,ps,01-10-2024,J28,-,-,0,01-10-2024 12:58:48.219,October,Liquid Level - 2433,0
Home Command,ps,01-10-2024,J29,-,-,0,01-10-2024 12:58:52.904,October,Liquid Level - 2418,0
Home Command,ps,01-10-2024,J30,-,-,0,01-10-2024 12:58:57.600,October,Liquid Level - 2426,0
Home Command,ps,01-10-2024,J31,-,-,0,01-10-2024 12:59:01.836,October,Liquid Level - 2423,0
Home Command,ps,01-10-2024,J32,-,-,0,01-10-2024 12:59:07.023,October,Liquid Level - 2449,0
Home Command,ps,01-10-2024,J33,-,-,0,01-10-2024 12:59:11.624,October,Liquid Level - 2449,0
Home Command,ps,01-10-2024,H1,-,-,0,01-10-2024 12:59:17.977,October,Liquid Level - 3317,0
Home Command,ps,01-10-2024,H2,-,-,0,01-10-2024 12:59:22.718,October,Liquid Level - 3310,0
Home Command,ps,01-10-2024,H3,-,-,0,01-10-2024 12:59:27.443,October,Liquid Level - 3304,0
Home Command,ps,01-10-2024,-,-,-,0,01-10-2024 12:59:40.515,October,Home Reached,0
H- E,ps,01-10-2024,-,-,-,0,01-10-2024 12:59:45.894,October,Home Reached,0
H- E,ps,01-10-2024,-,-,-,0,01-10-2024 12:59:45.908,October,,0
H- E,ps,01-10-2024,-,-,-,0,01-10-2024 13:00:55.275,October,Protorun Started,80
H- E,ps,01-10-2024,-,-,-,0,01-10-2024 13:01:05.987,October,Home Reached,80
H- E,ps,01-10-2024,-,-,-,0,01-10-2024 13:01:05.999,October,,80
H- E,ps,01-10-2024,-,-,-,0,01-10-2024 13:01:09.664,October,Home Reached,80
H- E,ps,01-10-2024,-,-,-,0,01-10-2024 13:01:09.679,October,,80
H- E,ps,01-10-2024,H1,-,-,0,01-10-2024 13:01:24.083,October,Liquid Level - 3328,80
H- E,ps,01-10-2024,H2,-,-,0,01-10-2024 13:01:28.818,October,Liquid Level - 3322,80
H- E,ps,01-10-2024,H3,-,-,0,01-10-2024 13:01:33.479,October,Liquid Level - 3315,80
H- E,ps,01-10-2024,L1,-,-,0,01-10-2024 13:01:39.245,October,Liquid Level - 258,80
H- E,ps,01-10-2024,L2,-,-,0,01-10-2024 13:01:43.660,October,Liquid Level - 257,80
H- E,ps,01-10-2024,L3,-,-,0,01-10-2024 13:01:48.388,October,Liquid Level - 244,80
H- E,ps,01-10-2024,-,-,-,0,01-10-2024 13:02:00.118,October,Home Reached,80
H- E,ps,01-10-2024,-,-,-,0,01-10-2024 13:02:00.346,October,Home Status - 11111111,80
H- E,ps,01-10-2024,-,-,-,0,01-10-2024 13:02:02.030,October,Home Reached,80
H- E,ps,01-10-2024,-,-,-,0,01-10-2024 13:02:02.045,October,,80
H- E,ps,01-10-2024,L1,Heating,1,0,01-10-2024 13:02:14.076,October,1 Picked From L1,80
H- E,ps,01-10-2024,H1,Heating,1,0,01-10-2024 13:02:21.359,October,1 Placed In H1,80
H- E,ps,01-10-2024,L2,Heating,2,0,01-10-2024 13:02:28.086,October,2 Picked From L2,80
H- E,ps,01-10-2024,H2,Heating,2,0,01-10-2024 13:02:34.809,October,2 Placed In H2,80
H- E,ps,01-10-2024,L3,Heating,3,0,01-10-2024 13:02:41.069,October,3 Picked From L3,80
H- E,ps,01-10-2024,-,-,-,0,01-10-2024 13:02:47.815,October,Heater Door Closed,80
H- E,ps,01-10-2024,-,-,-,0,01-10-2024 13:02:48.172,October,Heater Switched On ,80
H- E,ps,01-10-2024,-,-,-,30,01-10-2024 13:02:48.652,October,30 - Temperature set to device,80
H- E,ps,01-10-2024,-,-,-,34,01-10-2024 13:02:53.828,October,Device temperature ,80
H- E,ps,01-10-2024,-,-,-,33,01-10-2024 13:03:03.876,October,Device temperature ,80
H- E,ps,01-10-2024,-,-,-,33,01-10-2024 13:03:08.885,October,Device temperature ,80
H- E,ps,01-10-2024,-,-,-,33,01-10-2024 13:03:13.880,October,Device temperature ,80
H- E,ps,01-10-2024,-,-,-,33,01-10-2024 13:03:18.891,October,Device temperature ,80
H- E,ps,01-10-2024,-,-,-,34,01-10-2024 13:03:23.901,October,Device temperature ,80
H- E,ps,01-10-2024,-,-,-,33,01-10-2024 13:03:28.924,October,Device temperature ,80
H- E,ps,01-10-2024,-,-,-,34,01-10-2024 13:03:33.935,October,Device temperature ,80
H- E,ps,01-10-2024,-,-,-,33,01-10-2024 13:03:38.927,October,Device temperature ,80
H- E,ps,01-10-2024,-,-,-,34,01-10-2024 13:03:43.934,October,Device temperature ,80
H- E,ps,01-10-2024,-,-,-,33,01-10-2024 13:03:48.942,October,Device temperature ,80
H- E,ps,01-10-2024,-,-,-,34,01-10-2024 13:03:53.926,October,Device temperature ,80
H- E,ps,01-10-2024,-,-,-,34,01-10-2024 13:03:58.938,October,Device temperature ,80
H- E,ps,01-10-2024,-,-,-,33,01-10-2024 13:04:03.936,October,Device temperature ,80
H- E,ps,01-10-2024,-,-,-,33,01-10-2024 13:04:08.939,October,Device temperature ,80
H- E,ps,01-10-2024,-,-,-,34,01-10-2024 13:04:13.934,October,Device temperature ,80
H- E,ps,01-10-2024,-,-,-,34,01-10-2024 13:04:18.938,October,Device temperature ,80
H- E,ps,01-10-2024,-,-,-,34,01-10-2024 13:04:23.929,October,Device temperature ,80
H- E,ps,01-10-2024,-,-,-,33,01-10-2024 13:04:28.925,October,Device temperature ,80
H- E,ps,01-10-2024,-,-,-,33,01-10-2024 13:04:33.923,October,Device temperature ,80
H- E,ps,01-10-2024,-,-,-,34,01-10-2024 13:04:38.934,October,Device temperature ,80
H- E,ps,01-10-2024,-,-,-,33,01-10-2024 13:04:43.939,October,Device temperature ,80
H- E,ps,01-10-2024,-,-,-,34,01-10-2024 13:04:48.928,October,Device temperature ,80
H- E,ps,01-10-2024,-,-,-,33,01-10-2024 13:04:53.949,October,Device temperature ,80
H- E,ps,01-10-2024,-,-,-,33,01-10-2024 13:04:58.940,October,Device temperature ,80
H- E,ps,01-10-2024,-,-,-,34,01-10-2024 13:05:03.947,October,Device temperature ,80
H- E,ps,01-10-2024,-,-,-,34,01-10-2024 13:05:08.947,October,Device temperature ,80
H- E,ps,01-10-2024,-,-,-,33,01-10-2024 13:05:13.943,October,Device temperature ,80
H- E,ps,01-10-2024,-,-,-,34,01-10-2024 13:05:18.944,October,Device temperature ,80
H- E,ps,01-10-2024,-,-,-,33,01-10-2024 13:05:23.952,October,Device temperature ,80
H- E,ps,01-10-2024,-,-,-,33,01-10-2024 13:05:28.958,October,Device temperature ,80
H- E,ps,01-10-2024,-,-,-,34,01-10-2024 13:05:33.950,October,Device temperature ,80
H- E,ps,01-10-2024,-,-,-,33,01-10-2024 13:05:38.958,October,Device temperature ,80
H- E,ps,01-10-2024,-,-,-,33,01-10-2024 13:05:43.964,October,Device temperature ,80
H- E,ps,01-10-2024,-,-,-,34,01-10-2024 13:05:48.993,October,Device temperature ,80
H- E,ps,01-10-2024,-,-,-,34,01-10-2024 13:05:53.978,October,Device temperature ,80
H- E,ps,01-10-2024,-,-,-,34,01-10-2024 13:05:58.976,October,Device temperature ,80
H- E,ps,01-10-2024,-,-,-,34,01-10-2024 13:06:03.967,October,Device temperature ,80
H- E,ps,01-10-2024,-,-,-,33,01-10-2024 13:06:08.985,October,Device temperature ,80
H- E,ps,01-10-2024,-,-,-,34,01-10-2024 13:06:13.981,October,Device temperature ,80
H- E,ps,01-10-2024,-,-,-,34,01-10-2024 13:06:18.961,October,Device temperature ,80
H- E,ps,01-10-2024,-,-,-,34,01-10-2024 13:06:23.975,October,Device temperature ,80
H- E,ps,01-10-2024,-,-,-,34,01-10-2024 13:06:28.977,October,Device temperature ,80
H- E,ps,01-10-2024,-,-,-,33,01-10-2024 13:06:33.980,October,Device temperature ,80
H- E,ps,01-10-2024,-,-,-,34,01-10-2024 13:06:38.980,October,Device temperature ,80
H- E,ps,01-10-2024,-,-,-,34,01-10-2024 13:06:43.987,October,Device temperature ,80
H- E,ps,01-10-2024,-,-,-,34,01-10-2024 13:06:48.984,October,Device temperature ,80
H- E,ps,01-10-2024,-,-,-,34,01-10-2024 13:06:53.977,October,Device temperature ,80
H- E,ps,01-10-2024,-,-,-,34,01-10-2024 13:06:58.984,October,Device temperature ,80
H- E,ps,01-10-2024,-,-,-,33,01-10-2024 13:07:03.989,October,Device temperature ,80
H- E,ps,01-10-2024,-,-,-,34,01-10-2024 13:07:08.998,October,Device temperature ,80
H- E,ps,01-10-2024,-,-,-,34,01-10-2024 13:07:14.017,October,Device temperature ,80
H- E,ps,01-10-2024,-,-,-,34,01-10-2024 13:07:19.011,October,Device temperature ,80
H- E,ps,01-10-2024,-,-,-,34,01-10-2024 13:07:24.013,October,Device temperature ,80
H- E,ps,01-10-2024,-,-,-,34,01-10-2024 13:07:29.003,October,Device temperature ,80
H- E,ps,01-10-2024,-,-,-,34,01-10-2024 13:07:34.017,October,Device temperature ,80
H- E,ps,01-10-2024,-,-,-,34,01-10-2024 13:07:39.017,October,Device temperature ,80
H- E,ps,01-10-2024,-,-,-,33,01-10-2024 13:07:44.014,October,Device temperature ,80
H- E,ps,01-10-2024,-,-,-,34,01-10-2024 13:07:49.018,October,Device temperature ,80
H- E,ps,01-10-2024,-,-,-,34,01-10-2024 13:07:54.024,October,Device temperature ,80
H- E,ps,01-10-2024,-,-,-,34,01-10-2024 13:07:59.021,October,Device temperature ,80
H- E,ps,01-10-2024,-,-,-,34,01-10-2024 13:08:04.036,October,Device temperature ,80
H- E,ps,01-10-2024,-,-,-,34,01-10-2024 13:08:09.045,October,Device temperature ,80
H- E,ps,01-10-2024,-,-,-,34,01-10-2024 13:08:14.048,October,Device temperature ,80
H- E,ps,01-10-2024,-,-,-,34,01-10-2024 13:08:19.053,October,Device temperature ,80
H- E,ps,01-10-2024,-,-,-,34,01-10-2024 13:08:24.069,October,Device temperature ,80
H- E,ps,01-10-2024,-,-,-,34,01-10-2024 13:08:29.083,October,Device temperature ,80
H- E,ps,01-10-2024,-,-,-,34,01-10-2024 13:08:34.089,October,Device temperature ,80
H- E,ps,01-10-2024,-,-,-,34,01-10-2024 13:08:39.083,October,Device temperature ,80
H- E,ps,01-10-2024,-,-,-,34,01-10-2024 13:08:44.108,October,Device temperature ,80
H- E,ps,01-10-2024,-,-,-,34,01-10-2024 13:08:49.096,October,Device temperature ,80
H- E,ps,01-10-2024,-,-,-,34,01-10-2024 13:08:54.100,October,Device temperature ,80
H- E,ps,01-10-2024,-,-,-,34,01-10-2024 13:08:59.109,October,Device temperature ,80
H- E,ps,01-10-2024,-,-,-,34,01-10-2024 13:09:04.107,October,Device temperature ,80
H- E,ps,01-10-2024,-,-,-,34,01-10-2024 13:09:09.107,October,Device temperature ,80
H- E,ps,01-10-2024,-,-,-,34,01-10-2024 13:09:14.101,October,Device temperature ,80
H- E,ps,01-10-2024,-,-,-,34,01-10-2024 13:09:19.109,October,Device temperature ,80
H- E,ps,01-10-2024,-,-,-,34,01-10-2024 13:09:24.098,October,Device temperature ,80
H- E,ps,01-10-2024,-,-,-,34,01-10-2024 13:09:29.098,October,Device temperature ,80
H- E,ps,01-10-2024,-,-,-,34,01-10-2024 13:09:34.098,October,Device temperature ,80
H- E,ps,01-10-2024,-,-,-,34,01-10-2024 13:09:39.105,October,Device temperature ,80
H- E,ps,01-10-2024,-,-,-,34,01-10-2024 13:09:44.104,October,Device temperature ,80
H- E,ps,01-10-2024,-,-,-,34,01-10-2024 13:09:49.092,October,Device temperature ,80
H- E,ps,01-10-2024,-,-,-,34,01-10-2024 13:09:54.099,October,Device temperature ,80
H- E,ps,01-10-2024,-,-,-,34,01-10-2024 13:09:59.107,October,Device temperature ,80
H- E,ps,01-10-2024,-,-,-,34,01-10-2024 13:10:04.105,October,Device temperature ,80
H- E,ps,01-10-2024,-,-,-,34,01-10-2024 13:10:09.098,October,Device temperature ,80
H- E,ps,01-10-2024,-,-,-,34,01-10-2024 13:10:14.102,October,Device temperature ,80
H- E,ps,01-10-2024,-,-,-,34,01-10-2024 13:10:19.095,October,Device temperature ,80
H- E,ps,01-10-2024,-,-,-,34,01-10-2024 13:10:24.123,October,Device temperature ,80
H- E,ps,01-10-2024,-,-,-,34,01-10-2024 13:10:29.126,October,Device temperature ,80
H- E,ps,01-10-2024,-,-,-,34,01-10-2024 13:10:34.126,October,Device temperature ,80
H- E,ps,01-10-2024,-,-,-,34,01-10-2024 13:10:39.129,October,Device temperature ,80
H- E,ps,01-10-2024,-,-,-,34,01-10-2024 13:10:44.128,October,Device temperature ,80
H- E,ps,01-10-2024,-,-,-,34,01-10-2024 13:10:49.133,October,Device temperature ,80
H- E,ps,01-10-2024,-,-,-,34,01-10-2024 13:10:54.131,October,Device temperature ,80
H- E,ps,01-10-2024,-,-,-,34,01-10-2024 13:10:59.127,October,Device temperature ,80
H- E,ps,01-10-2024,-,-,-,34,01-10-2024 13:11:04.138,October,Device temperature ,80
H- E,ps,01-10-2024,-,-,-,34,01-10-2024 13:11:09.125,October,Device temperature ,80
H- E,ps,01-10-2024,-,-,-,33,01-10-2024 13:11:14.127,October,Device temperature ,80
H- E,ps,01-10-2024,-,-,-,34,01-10-2024 13:11:19.132,October,Device temperature ,80
H- E,ps,01-10-2024,-,-,-,34,01-10-2024 13:11:24.127,October,Device temperature ,80
H- E,ps,01-10-2024,-,-,-,34,01-10-2024 13:11:29.156,October,Device temperature ,80
H- E,ps,01-10-2024,-,-,-,34,01-10-2024 13:16:39.906,October,Device temperature ,80
Home Command,ps,01-10-2024,-,-,-,0,01-10-2024 13:19:12.455,October,Home Reached,0
Home Command,ps,01-10-2024,-,-,-,0,01-10-2024 13:19:14.791,October,Home Reached,0
Home Command,ps,01-10-2024,-,-,-,0,01-10-2024 13:19:14.802,October,,0
Home Command,ps,01-10-2024,U1,-,-,0,01-10-2024 13:19:22.394,October,Liquid Level - 2381,0
Home Command,ps,01-10-2024,U2,-,-,0,01-10-2024 13:19:26.742,October,Liquid Level - 2389,0
Home Command,ps,01-10-2024,U3,-,-,0,01-10-2024 13:19:31.439,October,Liquid Level - 2381,0
Home Command,ps,01-10-2024,U4,-,-,0,01-10-2024 13:19:36.149,October,Liquid Level - 2396,0
Home Command,ps,01-10-2024,U5,-,-,0,01-10-2024 13:19:41.333,October,Liquid Level - 2384,0
Home Command,ps,01-10-2024,U6,-,-,0,01-10-2024 13:19:45.946,October,Liquid Level - 2382,0
H- E,ps,01-10-2024,-,-,-,0,01-10-2024 13:21:16.220,October,Protorun Started,81
H- E,ps,01-10-2024,-,-,-,0,01-10-2024 13:21:37.791,October,Home Reached,81
H- E,ps,01-10-2024,-,-,-,0,01-10-2024 13:21:41.189,October,Home Reached,81
H- E,ps,01-10-2024,-,-,-,0,01-10-2024 13:21:41.208,October,,81
H- E,ps,01-10-2024,H1,-,-,0,01-10-2024 13:21:55.594,October,Liquid Level - 3318,81
H- E,ps,01-10-2024,H2,-,-,0,01-10-2024 13:22:00.367,October,Liquid Level - 3306,81
H- E,ps,01-10-2024,H3,-,-,0,01-10-2024 13:22:05.029,October,Liquid Level - 3286,81
H- E,ps,01-10-2024,L1,-,-,0,01-10-2024 13:22:10.827,October,Liquid Level - 256,81
H- E,ps,01-10-2024,L2,-,-,0,01-10-2024 13:22:15.240,October,Liquid Level - 260,81
H- E,ps,01-10-2024,L3,-,-,0,01-10-2024 13:22:19.954,October,Liquid Level - 240,81
H- E,ps,01-10-2024,-,-,-,0,01-10-2024 13:22:31.661,October,Home Reached,81
H- E,ps,01-10-2024,-,-,-,0,01-10-2024 13:22:32.356,October,Home Status - 11111111,81
H- E,ps,01-10-2024,-,-,-,0,01-10-2024 13:22:34.031,October,Home Reached,81
H- E,ps,01-10-2024,-,-,-,0,01-10-2024 13:22:34.047,October,,81
H- E,ps,01-10-2024,L1,Heating,1,0,01-10-2024 13:22:46.120,October,1 Picked From L1,81
H- E,ps,01-10-2024,H1,Heating,1,0,01-10-2024 13:22:53.391,October,1 Placed In H1,81
H- E,ps,01-10-2024,L2,Heating,2,0,01-10-2024 13:23:00.125,October,2 Picked From L2,81
H- E,ps,01-10-2024,H2,Heating,2,0,01-10-2024 13:23:06.836,October,2 Placed In H2,81
H- E,ps,01-10-2024,L3,Heating,3,0,01-10-2024 13:23:13.064,October,3 Picked From L3,81
H- E,ps,01-10-2024,-,-,-,0,01-10-2024 13:23:19.788,October,Heater Door Closed,81
H- E,ps,01-10-2024,-,-,-,0,01-10-2024 13:23:20.142,October,Heater Switched On ,81
H- E,ps,01-10-2024,-,-,-,30,01-10-2024 13:23:20.626,October,30 - Temperature set to device,81
H- E,ps,01-10-2024,-,-,-,35,01-10-2024 13:23:25.802,October,Device temperature ,81
H- E,ps,01-10-2024,-,-,-,34,01-10-2024 13:23:35.874,October,Device temperature ,81
H- E,ps,01-10-2024,-,-,-,35,01-10-2024 13:23:40.888,October,Device temperature ,81
H- E,ps,01-10-2024,-,-,-,35,01-10-2024 13:23:45.886,October,Device temperature ,81
H- E,ps,01-10-2024,-,-,-,35,01-10-2024 13:23:50.967,October,Device temperature ,81
H- E,ps,01-10-2024,-,-,-,35,01-10-2024 13:23:55.895,October,Device temperature ,81
H- E,ps,01-10-2024,-,-,-,34,01-10-2024 13:24:00.896,October,Device temperature ,81
H- E,ps,01-10-2024,-,-,-,35,01-10-2024 13:24:05.907,October,Device temperature ,81
H- E,ps,01-10-2024,-,-,-,35,01-10-2024 13:24:10.909,October,Device temperature ,81
H- E,ps,01-10-2024,-,-,-,34,01-10-2024 13:24:15.906,October,Device temperature ,81
H- E,ps,01-10-2024,-,-,-,35,01-10-2024 13:24:20.895,October,Device temperature ,81
H- E,ps,01-10-2024,-,-,-,35,01-10-2024 13:24:25.882,October,Device temperature ,81
H- E,ps,01-10-2024,-,-,-,35,01-10-2024 13:24:30.909,October,Device temperature ,81
H- E,ps,01-10-2024,-,-,-,35,01-10-2024 13:24:35.933,October,Device temperature ,81
H- E,ps,01-10-2024,-,-,-,34,01-10-2024 13:24:40.943,October,Device temperature ,81
H- E,ps,01-10-2024,-,-,-,35,01-10-2024 13:24:45.947,October,Device temperature ,81
H- E,ps,01-10-2024,-,-,-,35,01-10-2024 13:24:51.061,October,Device temperature ,81
H- E,ps,01-10-2024,-,-,-,35,01-10-2024 13:24:55.960,October,Device temperature ,81
H- E,ps,01-10-2024,-,-,-,35,01-10-2024 13:25:00.954,October,Device temperature ,81
H- E,ps,01-10-2024,-,-,-,35,01-10-2024 13:25:05.943,October,Device temperature ,81
H- E,ps,01-10-2024,-,-,-,35,01-10-2024 13:25:10.949,October,Device temperature ,81
H- E,ps,01-10-2024,-,-,-,35,01-10-2024 13:25:15.960,October,Device temperature ,81
H- E,ps,01-10-2024,-,-,-,35,01-10-2024 13:25:20.983,October,Device temperature ,81
H- E,ps,01-10-2024,-,-,-,35,01-10-2024 13:25:25.987,October,Device temperature ,81
H- E,ps,01-10-2024,-,-,-,35,01-10-2024 13:25:30.978,October,Device temperature ,81
H- E,ps,01-10-2024,-,-,-,35,01-10-2024 13:25:35.982,October,Device temperature ,81
H- E,ps,01-10-2024,-,-,-,35,01-10-2024 13:25:40.972,October,Device temperature ,81
H- E,ps,01-10-2024,-,-,-,35,01-10-2024 13:25:45.982,October,Device temperature ,81
H- E,ps,01-10-2024,-,-,-,35,01-10-2024 13:25:50.990,October,Device temperature ,81
H- E,ps,01-10-2024,-,-,-,35,01-10-2024 13:25:55.984,October,Device temperature ,81
H- E,ps,01-10-2024,-,-,-,35,01-10-2024 13:26:00.977,October,Device temperature ,81
H- E,ps,01-10-2024,-,-,-,35,01-10-2024 13:26:05.976,October,Device temperature ,81
H- E,ps,01-10-2024,-,-,-,35,01-10-2024 13:26:10.990,October,Device temperature ,81
H- E,ps,01-10-2024,-,-,-,35,01-10-2024 13:26:15.997,October,Device temperature ,81
H- E,ps,01-10-2024,-,-,-,35,01-10-2024 13:26:20.992,October,Device temperature ,81
H- E,ps,01-10-2024,-,-,-,35,01-10-2024 13:26:26.001,October,Device temperature ,81
H- E,ps,01-10-2024,-,-,-,35,01-10-2024 13:26:31.000,October,Device temperature ,81
H- E,ps,01-10-2024,-,-,-,35,01-10-2024 13:26:35.992,October,Device temperature ,81
H- E,ps,01-10-2024,-,-,-,35,01-10-2024 13:26:40.989,October,Device temperature ,81
H- E,ps,01-10-2024,-,-,-,35,01-10-2024 13:26:46.000,October,Device temperature ,81
H- E,ps,01-10-2024,-,-,-,35,01-10-2024 13:26:51.009,October,Device temperature ,81
H- E,ps,01-10-2024,-,-,-,35,01-10-2024 13:26:56.032,October,Device temperature ,81
H- E,ps,01-10-2024,-,-,-,35,01-10-2024 13:27:01.011,October,Device temperature ,81
H- E,ps,01-10-2024,-,-,-,35,01-10-2024 13:27:06.014,October,Device temperature ,81
H- E,ps,01-10-2024,-,-,-,35,01-10-2024 13:27:11.019,October,Device temperature ,81
H- E,ps,01-10-2024,-,-,-,35,01-10-2024 13:27:16.009,October,Device temperature ,81
H- E,ps,01-10-2024,-,-,-,35,01-10-2024 13:27:21.016,October,Device temperature ,81
H- E,ps,01-10-2024,-,-,-,35,01-10-2024 13:27:26.016,October,Device temperature ,81
H- E,ps,01-10-2024,-,-,-,35,01-10-2024 13:27:31.018,October,Device temperature ,81
H- E,ps,01-10-2024,-,-,-,35,01-10-2024 13:27:36.016,October,Device temperature ,81
H- E,ps,01-10-2024,-,-,-,35,01-10-2024 13:27:41.013,October,Device temperature ,81
H- E,ps,01-10-2024,-,-,-,35,01-10-2024 13:27:46.021,October,Device temperature ,81
H- E,ps,01-10-2024,-,-,-,35,01-10-2024 13:27:51.042,October,Device temperature ,81
H- E,ps,01-10-2024,-,-,-,35,01-10-2024 13:27:56.044,October,Device temperature ,81
H- E,ps,01-10-2024,-,-,-,35,01-10-2024 13:28:01.037,October,Device temperature ,81
H- E,ps,01-10-2024,-,-,-,35,01-10-2024 13:28:06.028,October,Device temperature ,81
H- E,ps,01-10-2024,-,-,-,35,01-10-2024 13:28:11.039,October,Device temperature ,81
H- E,ps,01-10-2024,-,-,-,35,01-10-2024 13:28:16.062,October,Device temperature ,81
H- E,ps,01-10-2024,-,-,-,35,01-10-2024 13:28:21.064,October,Device temperature ,81
H- E,ps,01-10-2024,-,-,-,36,01-10-2024 13:28:26.062,October,Device temperature ,81
H- E,ps,01-10-2024,-,-,-,35,01-10-2024 13:28:31.062,October,Device temperature ,81
H- E,ps,01-10-2024,-,-,-,35,01-10-2024 13:28:36.072,October,Device temperature ,81
H- E,ps,01-10-2024,-,-,-,35,01-10-2024 13:28:41.087,October,Device temperature ,81
H- E,ps,01-10-2024,-,-,-,35,01-10-2024 13:28:46.087,October,Device temperature ,81
H- E,ps,01-10-2024,-,-,-,35,01-10-2024 13:28:51.088,October,Device temperature ,81
H- E,ps,01-10-2024,-,-,-,35,01-10-2024 13:28:56.081,October,Device temperature ,81
H- E,ps,01-10-2024,-,-,-,35,01-10-2024 13:29:01.106,October,Device temperature ,81
H- E,ps,01-10-2024,-,-,-,35,01-10-2024 13:29:06.104,October,Device temperature ,81
H- E,ps,01-10-2024,-,-,-,35,01-10-2024 13:29:11.339,October,Device temperature ,81
H- E,ps,01-10-2024,-,-,-,35,01-10-2024 13:29:16.114,October,Device temperature ,81
H- E,ps,01-10-2024,-,-,-,35,01-10-2024 13:29:21.110,October,Device temperature ,81
H- E,ps,01-10-2024,-,-,-,35,01-10-2024 13:29:26.130,October,Device temperature ,81
H- E,ps,01-10-2024,-,-,-,35,01-10-2024 13:29:31.129,October,Device temperature ,81
H- E,ps,01-10-2024,-,-,-,35,01-10-2024 13:29:36.143,October,Device temperature ,81
H- E,ps,01-10-2024,-,-,-,36,01-10-2024 13:29:41.141,October,Device temperature ,81
H- E,ps,01-10-2024,-,-,-,35,01-10-2024 13:29:46.141,October,Device temperature ,81
H- E,ps,01-10-2024,-,-,-,36,01-10-2024 13:29:51.133,October,Device temperature ,81
H- E,ps,01-10-2024,-,-,-,35,01-10-2024 13:29:56.118,October,Device temperature ,81
H- E,ps,01-10-2024,-,-,-,35,01-10-2024 13:30:01.134,October,Device temperature ,81
H- E,ps,01-10-2024,-,-,-,36,01-10-2024 13:30:06.115,October,Device temperature ,81
H- E,ps,01-10-2024,-,-,-,35,01-10-2024 13:30:11.145,October,Device temperature ,81
H- E,ps,01-10-2024,-,-,-,35,01-10-2024 13:30:16.151,October,Device temperature ,81
H- E,ps,01-10-2024,-,-,-,36,01-10-2024 13:30:21.164,October,Device temperature ,81
H- E,ps,01-10-2024,-,-,-,36,01-10-2024 13:30:26.176,October,Device temperature ,81
H- E,ps,01-10-2024,-,-,-,35,01-10-2024 13:30:31.177,October,Device temperature ,81
H- E,ps,01-10-2024,-,-,-,35,01-10-2024 13:30:36.183,October,Device temperature ,81
H- E,ps,01-10-2024,-,-,-,36,01-10-2024 13:30:41.183,October,Device temperature ,81
H- E,ps,01-10-2024,-,-,-,34,01-10-2024 13:30:46.171,October,Device temperature ,81
H- E,ps,01-10-2024,-,-,-,36,01-10-2024 13:30:51.190,October,Device temperature ,81
H- E,ps,01-10-2024,-,-,-,36,01-10-2024 13:30:56.182,October,Device temperature ,81
H- E,ps,01-10-2024,-,-,-,36,01-10-2024 13:31:01.187,October,Device temperature ,81
H- E,ps,01-10-2024,-,-,-,35,01-10-2024 13:31:06.201,October,Device temperature ,81
H- E,ps,01-10-2024,-,-,-,35,01-10-2024 13:31:11.185,October,Device temperature ,81
H- E,ps,01-10-2024,-,-,-,36,01-10-2024 13:31:16.299,October,Device temperature ,81
H- E,ps,01-10-2024,-,-,-,35,01-10-2024 13:31:21.216,October,Device temperature ,81
H- E,ps,01-10-2024,-,-,-,35,01-10-2024 13:31:26.220,October,Device temperature ,81
H- E,ps,01-10-2024,-,-,-,35,01-10-2024 13:31:31.217,October,Device temperature ,81
H- E,ps,01-10-2024,-,-,-,35,01-10-2024 13:31:36.224,October,Device temperature ,81
H- E,ps,01-10-2024,-,-,-,36,01-10-2024 13:31:41.211,October,Device temperature ,81
H- E,ps,01-10-2024,-,-,-,36,01-10-2024 13:31:46.212,October,Device temperature ,81
H- E,ps,01-10-2024,-,-,-,36,01-10-2024 13:31:51.215,October,Device temperature ,81
H- E,ps,01-10-2024,-,-,-,36,01-10-2024 13:31:56.221,October,Device temperature ,81
H- E,ps,01-10-2024,-,-,-,36,01-10-2024 13:32:01.228,October,Device temperature ,81
H- E,ps,01-10-2024,-,-,-,35,01-10-2024 13:32:06.221,October,Device temperature ,81
H- E,ps,01-10-2024,-,-,-,36,01-10-2024 13:32:11.239,October,Device temperature ,81
H- E,ps,01-10-2024,-,-,-,36,01-10-2024 13:32:16.244,October,Device temperature ,81
H- E,ps,01-10-2024,-,-,-,36,01-10-2024 13:32:21.237,October,Device temperature ,81
H- E,ps,01-10-2024,-,-,-,35,01-10-2024 13:32:26.245,October,Device temperature ,81
H- E,ps,01-10-2024,-,-,-,36,01-10-2024 13:32:31.232,October,Device temperature ,81
H- E,ps,01-10-2024,-,-,-,36,01-10-2024 13:32:36.256,October,Device temperature ,81
H- E,ps,01-10-2024,-,-,-,36,01-10-2024 13:32:41.248,October,Device temperature ,81
H- E,ps,01-10-2024,-,-,-,35,01-10-2024 13:32:46.261,October,Device temperature ,81
H- E,ps,01-10-2024,-,-,-,36,01-10-2024 13:32:51.256,October,Device temperature ,81
H- E,ps,01-10-2024,-,-,-,36,01-10-2024 13:32:56.246,October,Device temperature ,81
H- E,ps,01-10-2024,-,-,-,36,01-10-2024 13:33:01.255,October,Device temperature ,81
H- E,ps,01-10-2024,-,-,-,36,01-10-2024 13:33:06.244,October,Device temperature ,81
H- E,ps,01-10-2024,-,-,-,36,01-10-2024 13:33:11.253,October,Device temperature ,81
H- E,ps,01-10-2024,-,-,-,36,01-10-2024 13:33:16.259,October,Device temperature ,81
H- E,ps,01-10-2024,-,-,-,36,01-10-2024 13:33:21.432,October,Device temperature ,81
H- E,ps,01-10-2024,-,-,-,36,01-10-2024 13:33:26.255,October,Device temperature ,81
H- E,ps,01-10-2024,-,-,-,36,01-10-2024 13:33:31.275,October,Device temperature ,81
H- E,ps,01-10-2024,-,-,-,36,01-10-2024 13:33:36.277,October,Device temperature ,81
H- E,ps,01-10-2024,-,-,-,36,01-10-2024 13:33:41.303,October,Device temperature ,81
H- E,ps,01-10-2024,-,-,-,36,01-10-2024 13:33:46.307,October,Device temperature ,81
H- E,ps,01-10-2024,-,-,-,36,01-10-2024 13:33:51.305,October,Device temperature ,81
H- E,ps,01-10-2024,-,-,-,35,01-10-2024 13:33:56.314,October,Device temperature ,81
H- E,ps,01-10-2024,-,-,-,36,01-10-2024 13:34:01.320,October,Device temperature ,81
H- E,ps,01-10-2024,-,-,-,36,01-10-2024 13:34:06.322,October,Device temperature ,81
H- E,ps,01-10-2024,-,-,-,36,01-10-2024 13:34:11.336,October,Device temperature ,81
H- E,ps,01-10-2024,-,-,-,36,01-10-2024 13:34:16.329,October,Device temperature ,81
H- E,ps,01-10-2024,-,-,-,36,01-10-2024 13:34:21.339,October,Device temperature ,81
H- E,ps,01-10-2024,-,-,-,36,01-10-2024 13:34:26.360,October,Device temperature ,81
H- E,ps,01-10-2024,-,-,-,36,01-10-2024 13:34:31.353,October,Device temperature ,81
H- E,ps,01-10-2024,-,-,-,36,01-10-2024 13:34:36.339,October,Device temperature ,81
H- E,ps,01-10-2024,-,-,-,36,01-10-2024 13:34:41.352,October,Device temperature ,81
H- E,ps,01-10-2024,-,-,-,36,01-10-2024 13:34:46.353,October,Device temperature ,81
H- E,ps,01-10-2024,-,-,-,36,01-10-2024 13:34:51.357,October,Device temperature ,81
H- E,ps,01-10-2024,-,-,-,36,01-10-2024 13:34:56.352,October,Device temperature ,81
H- E,ps,01-10-2024,-,-,-,36,01-10-2024 13:35:01.366,October,Device temperature ,81
H- E,ps,01-10-2024,-,-,-,36,01-10-2024 13:35:06.366,October,Device temperature ,81
H- E,ps,01-10-2024,-,-,-,36,01-10-2024 13:35:11.373,October,Device temperature ,81
H- E,ps,01-10-2024,-,-,-,36,01-10-2024 13:35:16.373,October,Device temperature ,81
H- E,ps,01-10-2024,-,-,-,36,01-10-2024 13:35:21.390,October,Device temperature ,81
H- E,ps,01-10-2024,-,-,-,36,01-10-2024 13:35:26.379,October,Device temperature ,81
H- E,ps,01-10-2024,-,-,-,36,01-10-2024 13:35:31.393,October,Device temperature ,81
H- E,ps,01-10-2024,-,-,-,36,01-10-2024 13:35:36.392,October,Device temperature ,81
H- E,ps,01-10-2024,-,-,-,36,01-10-2024 13:35:41.382,October,Device temperature ,81
H- E,ps,01-10-2024,-,-,-,36,01-10-2024 13:35:46.394,October,Device temperature ,81
H- E,ps,01-10-2024,-,-,-,35,01-10-2024 13:35:51.396,October,Device temperature ,81
H- E,ps,01-10-2024,-,-,-,35,01-10-2024 13:35:56.396,October,Device temperature ,81
H- E,ps,01-10-2024,-,-,-,36,01-10-2024 13:36:01.394,October,Device temperature ,81
H- E,ps,01-10-2024,-,-,-,36,01-10-2024 13:36:06.397,October,Device temperature ,81
H- E,ps,01-10-2024,-,-,-,36,01-10-2024 13:36:11.422,October,Device temperature ,81
H- E,ps,01-10-2024,-,-,-,36,01-10-2024 13:36:16.414,October,Device temperature ,81
H- E,ps,01-10-2024,-,-,-,35,01-10-2024 13:36:21.411,October,Device temperature ,81
H- E,ps,01-10-2024,-,-,-,36,01-10-2024 13:36:26.417,October,Device temperature ,81
H- E,ps,01-10-2024,-,-,-,36,01-10-2024 13:36:31.409,October,Device temperature ,81
H- E,ps,01-10-2024,-,-,-,36,01-10-2024 13:36:36.413,October,Device temperature ,81
H- E,ps,01-10-2024,-,-,-,36,01-10-2024 13:36:41.425,October,Device temperature ,81
H- E,ps,01-10-2024,-,-,-,36,01-10-2024 13:36:46.447,October,Device temperature ,81
H- E,ps,01-10-2024,-,-,-,36,01-10-2024 13:36:51.455,October,Device temperature ,81
H- E,ps,01-10-2024,-,-,-,36,01-10-2024 13:36:56.493,October,Device temperature ,81
H- E,ps,01-10-2024,-,-,-,36,01-10-2024 13:37:01.465,October,Device temperature ,81
H- E,ps,01-10-2024,-,-,-,36,01-10-2024 13:37:06.479,October,Device temperature ,81
H- E,ps,01-10-2024,-,-,-,36,01-10-2024 13:37:11.480,October,Device temperature ,81
H- E,ps,01-10-2024,-,-,-,36,01-10-2024 13:37:16.477,October,Device temperature ,81
H- E,ps,01-10-2024,-,-,-,36,01-10-2024 13:37:21.495,October,Device temperature ,81
H- E,ps,01-10-2024,-,-,-,36,01-10-2024 13:37:26.525,October,Device temperature ,81
H- E,ps,01-10-2024,-,-,-,36,01-10-2024 13:37:31.502,October,Device temperature ,81
H- E,ps,01-10-2024,-,-,-,36,01-10-2024 13:37:36.518,October,Device temperature ,81
H- E,ps,01-10-2024,-,-,-,36,01-10-2024 13:37:41.502,October,Device temperature ,81
H- E,ps,01-10-2024,-,-,-,36,01-10-2024 13:37:46.499,October,Device temperature ,81
H- E,ps,01-10-2024,-,-,-,36,01-10-2024 13:37:51.505,October,Device temperature ,81
H- E,ps,01-10-2024,-,-,-,36,01-10-2024 13:37:56.516,October,Device temperature ,81
H- E,ps,01-10-2024,-,-,-,36,01-10-2024 13:38:01.509,October,Device temperature ,81
H- E,ps,01-10-2024,-,-,-,36,01-10-2024 13:38:06.514,October,Device temperature ,81
H- E,ps,01-10-2024,-,-,-,36,01-10-2024 13:38:11.511,October,Device temperature ,81
H- E,ps,01-10-2024,-,-,-,36,01-10-2024 13:38:16.515,October,Device temperature ,81
H- E,ps,01-10-2024,-,-,-,36,01-10-2024 13:38:21.513,October,Device temperature ,81
H- E,ps,01-10-2024,-,-,-,36,01-10-2024 13:38:26.504,October,Device temperature ,81
H- E,ps,01-10-2024,-,-,-,36,01-10-2024 13:38:31.519,October,Device temperature ,81
H- E,ps,01-10-2024,-,-,-,36,01-10-2024 13:38:36.531,October,Device temperature ,81
H- E,ps,01-10-2024,-,-,-,36,01-10-2024 13:38:41.531,October,Device temperature ,81
H- E,ps,01-10-2024,-,-,-,36,01-10-2024 13:38:46.534,October,Device temperature ,81
H- E,ps,01-10-2024,-,-,-,36,01-10-2024 13:38:51.540,October,Device temperature ,81
H- E,ps,01-10-2024,-,-,-,36,01-10-2024 13:38:56.582,October,Device temperature ,81
H- E,ps,01-10-2024,-,-,-,36,01-10-2024 13:39:01.557,October,Device temperature ,81
H- E,ps,01-10-2024,-,-,-,36,01-10-2024 13:39:06.566,October,Device temperature ,81
H- E,ps,01-10-2024,-,-,-,36,01-10-2024 13:39:11.559,October,Device temperature ,81
H- E,ps,01-10-2024,-,-,-,36,01-10-2024 13:39:16.562,October,Device temperature ,81
H- E,ps,01-10-2024,-,-,-,36,01-10-2024 13:39:21.557,October,Device temperature ,81
H- E,ps,01-10-2024,-,-,-,36,01-10-2024 13:39:26.570,October,Device temperature ,81
H- E,ps,01-10-2024,-,-,-,36,01-10-2024 13:39:31.581,October,Device temperature ,81
H- E,ps,01-10-2024,-,-,-,36,01-10-2024 13:39:36.561,October,Device temperature ,81
H- E,ps,01-10-2024,-,-,-,36,01-10-2024 13:39:41.573,October,Device temperature ,81
H- E,ps,01-10-2024,-,-,-,36,01-10-2024 13:39:46.571,October,Device temperature ,81
H- E,ps,01-10-2024,-,-,-,37,01-10-2024 13:39:51.566,October,Device temperature ,81
H- E,ps,01-10-2024,-,-,-,36,01-10-2024 13:39:56.570,October,Device temperature ,81
H- E,ps,01-10-2024,-,-,-,36,01-10-2024 13:40:01.569,October,Device temperature ,81
H- E,ps,01-10-2024,-,-,-,36,01-10-2024 13:40:06.575,October,Device temperature ,81
H- E,ps,01-10-2024,-,-,-,36,01-10-2024 13:40:11.581,October,Device temperature ,81
H- E,ps,01-10-2024,-,-,-,36,01-10-2024 13:40:16.595,October,Device temperature ,81
H- E,ps,01-10-2024,-,-,-,36,01-10-2024 13:40:21.590,October,Device temperature ,81
H- E,ps,01-10-2024,-,-,-,36,01-10-2024 13:40:26.608,October,Device temperature ,81
H- E,ps,01-10-2024,-,-,-,36,01-10-2024 13:40:31.620,October,Device temperature ,81
H- E,ps,01-10-2024,-,-,-,36,01-10-2024 13:40:36.618,October,Device temperature ,81
H- E,ps,01-10-2024,-,-,-,36,01-10-2024 13:40:41.609,October,Device temperature ,81
H- E,ps,01-10-2024,-,-,-,36,01-10-2024 13:40:46.627,October,Device temperature ,81
H- E,ps,01-10-2024,-,-,-,36,01-10-2024 13:40:51.627,October,Device temperature ,81
H- E,ps,01-10-2024,-,-,-,36,01-10-2024 13:40:56.642,October,Device temperature ,81
H- E,ps,01-10-2024,-,-,-,36,01-10-2024 13:41:01.638,October,Device temperature ,81
H- E,ps,01-10-2024,-,-,-,36,01-10-2024 13:41:06.635,October,Device temperature ,81
H- E,ps,01-10-2024,-,-,-,36,01-10-2024 13:41:11.628,October,Device temperature ,81
H- E,ps,01-10-2024,-,-,-,36,01-10-2024 13:41:16.643,October,Device temperature ,81
H- E,ps,01-10-2024,-,-,-,36,01-10-2024 13:41:21.645,October,Device temperature ,81
H- E,ps,01-10-2024,-,-,-,36,01-10-2024 13:41:26.658,October,Device temperature ,81
H- E,ps,01-10-2024,-,-,-,36,01-10-2024 13:41:31.651,October,Device temperature ,81
H- E,ps,01-10-2024,-,-,-,36,01-10-2024 13:41:36.672,October,Device temperature ,81
H- E,ps,01-10-2024,-,-,-,36,01-10-2024 13:41:41.669,October,Device temperature ,81
H- E,ps,01-10-2024,-,-,-,36,01-10-2024 13:41:46.673,October,Device temperature ,81
H- E,ps,01-10-2024,-,-,-,36,01-10-2024 13:41:51.720,October,Device temperature ,81
H- E,ps,01-10-2024,-,-,-,36,01-10-2024 13:41:56.675,October,Device temperature ,81
H- E,ps,01-10-2024,-,-,-,36,01-10-2024 13:42:01.682,October,Device temperature ,81
H- E,ps,01-10-2024,-,-,-,36,01-10-2024 13:42:06.686,October,Device temperature ,81
H- E,ps,01-10-2024,-,-,-,36,01-10-2024 13:42:11.700,October,Device temperature ,81
H- E,ps,01-10-2024,-,-,-,36,01-10-2024 13:42:16.692,October,Device temperature ,81
H- E,ps,01-10-2024,-,-,-,36,01-10-2024 13:42:21.717,October,Device temperature ,81
H- E,ps,01-10-2024,-,-,-,36,01-10-2024 13:42:26.721,October,Device temperature ,81
H- E,ps,01-10-2024,-,-,-,36,01-10-2024 13:42:31.731,October,Device temperature ,81
H- E,ps,01-10-2024,-,-,-,36,01-10-2024 13:42:36.724,October,Device temperature ,81
H- E,ps,01-10-2024,-,-,-,36,01-10-2024 13:42:41.732,October,Device temperature ,81
H- E,ps,01-10-2024,-,-,-,36,01-10-2024 13:42:46.737,October,Device temperature ,81
H- E,ps,01-10-2024,-,-,-,36,01-10-2024 13:42:51.723,October,Device temperature ,81
H- E,ps,01-10-2024,-,-,-,36,01-10-2024 13:42:56.732,October,Device temperature ,81
H- E,ps,01-10-2024,-,-,-,36,01-10-2024 13:43:01.723,October,Device temperature ,81
H- E,ps,01-10-2024,-,-,-,36,01-10-2024 13:43:06.731,October,Device temperature ,81
H- E,ps,01-10-2024,-,-,-,36,01-10-2024 13:43:11.725,October,Device temperature ,81
H- E,ps,01-10-2024,-,-,-,36,01-10-2024 13:43:16.733,October,Device temperature ,81
H- E,ps,01-10-2024,-,-,-,36,01-10-2024 13:43:21.735,October,Device temperature ,81
H- E,ps,01-10-2024,-,-,-,36,01-10-2024 13:43:26.740,October,Device temperature ,81
H- E,ps,01-10-2024,-,-,-,0,01-10-2024 13:43:31.754,October,Heater Switched Off ,81
H- E,ps,01-10-2024,-,-,-,0,01-10-2024 13:43:33.061,October,Heater Door Opened,81
H- E,ps,01-10-2024,,,R1,0,01-10-2024 13:43:33.760,October,Test Started,81
H- E,ps,01-10-2024,H1,Heating,R1,0,01-10-2024 13:43:40.476,October,Picked From,81
H- E,ps,01-10-2024,-,-,-,0,01-10-2024 13:43:41.007,October,Heater Door Closed,81
H- E,ps,01-10-2024,J1,XYLENE-1,R1,0,01-10-2024 13:43:47.387,October,Placed In,81
H- E,ps,01-10-2024,J1,XYLENE-1,R1,0,01-10-2024 13:48:52.973,October,Picked From,81
H- E,ps,01-10-2024,J2,XYLENE-2,R1,0,01-10-2024 13:48:58.726,October,Placed In,81
H- E,ps,01-10-2024,-,-,-,0,01-10-2024 13:53:02.889,October,Heater Door Opened,81
H- E,ps,01-10-2024,,,R2,0,01-10-2024 13:53:03.602,October,Test Started,81
H- E,ps,01-10-2024,H2,Heating,R2,0,01-10-2024 13:53:10.309,October,Picked From,81
H- E,ps,01-10-2024,-,-,-,0,01-10-2024 13:53:10.830,October,Heater Door Closed,81
H- E,ps,01-10-2024,J1,XYLENE-1,R2,0,01-10-2024 13:53:17.189,October,Placed In,81
H- E,ps,01-10-2024,J2,XYLENE-2,R1,0,01-10-2024 13:54:04.598,October,Picked From,81
H- E,ps,01-10-2024,J3,XYLENE-3,R1,0,01-10-2024 13:54:10.307,October,Placed In,81
H- E,ps,01-10-2024,J1,XYLENE-1,R2,0,01-10-2024 13:58:23.503,October,Picked From,81
H- E,ps,01-10-2024,J2,XYLENE-2,R2,0,01-10-2024 13:58:29.224,October,Placed In,81
H- E,ps,01-10-2024,J3,XYLENE-3,R1,0,01-10-2024 13:59:16.173,October,Picked From,81
H- E,ps,01-10-2024,J4,100 % Alcohol,R1,0,01-10-2024 13:59:21.926,October,Placed In,81
H- E,ps,01-10-2024,J4,100 % Alcohol,R1,0,01-10-2024 14:02:27.806,October,Picked From,81
H- E,ps,01-10-2024,J5,70%Alcohol,R1,0,01-10-2024 14:02:33.550,October,Placed In,81
H- E,ps,01-10-2024,J2,XYLENE-2,R2,0,01-10-2024 14:03:36.935,October,Picked From,81
H- E,ps,01-10-2024,J3,XYLENE-3,R2,0,01-10-2024 14:03:42.654,October,Placed In,81
H- E,ps,01-10-2024,-,-,-,0,01-10-2024 14:04:10.994,October,Heater Door Opened,81
H- E,ps,01-10-2024,,,R3,0,01-10-2024 14:04:11.794,October,Test Started,81
H- E,ps,01-10-2024,H3,Heating,R3,0,01-10-2024 14:04:19.045,October,Picked From,81
H- E,ps,01-10-2024,-,-,-,0,01-10-2024 14:04:19.571,October,Heater Door Closed,81
H- E,ps,01-10-2024,J1,XYLENE-1,R3,0,01-10-2024 14:04:26.476,October,Placed In,81
H- E,ps,01-10-2024,J5,70%Alcohol,R1,0,01-10-2024 14:05:41.269,October,Picked From,81
H- E,ps,01-10-2024,J6,50% Alcohol,R1,0,01-10-2024 14:05:46.968,October,Placed In,81
H- E,ps,01-10-2024,-,-,-,0,01-10-2024 14:06:20.372,October,Heater Door Opened,81
H- E,ps,01-10-2024,L1,-,-,0,01-10-2024 14:06:25.905,October,Liquid Level - 263,81
H- E,ps,01-10-2024,L2,-,-,0,01-10-2024 14:06:30.271,October,Liquid Level - 3962,81
H- E,ps,01-10-2024,L3,-,-,0,01-10-2024 14:06:34.982,October,Liquid Level - 239,81
H- E,ps,01-10-2024,-,-,-,0,01-10-2024 14:06:46.691,October,Home Reached,81
H- E,ps,01-10-2024,-,-,-,0,01-10-2024 14:06:46.892,October,Home Status - 11111111,81
H- E,ps,01-10-2024,-,-,-,0,01-10-2024 14:06:48.573,October,Home Reached,81
H- E,ps,01-10-2024,-,-,-,0,01-10-2024 14:06:48.590,October,,81
H- E,ps,01-10-2024,L1,Heating,4,0,01-10-2024 14:07:00.663,October,4 Picked From L1,81
H- E,ps,01-10-2024,H1,Heating,4,0,01-10-2024 14:07:07.886,October,4 Placed In H1,81
H- E,ps,01-10-2024,L2,Heating,5,0,01-10-2024 14:07:14.589,October,5 Picked From L2,81
H- E,ps,01-10-2024,H2,Heating,5,0,01-10-2024 14:07:21.316,October,5 Placed In H2,81
H- E,ps,01-10-2024,L3,Heating,6,0,01-10-2024 14:07:27.580,October,6 Picked From L3,81
H- E,ps,01-10-2024,-,-,-,0,01-10-2024 14:07:34.307,October,Heater Door Closed,81
H- E,ps,01-10-2024,-,-,-,0,01-10-2024 14:07:34.646,October,Heater Switched On ,81
H- E,ps,01-10-2024,-,-,-,30,01-10-2024 14:07:35.126,October,30 - Temperature set to device,81
H- E,ps,01-10-2024,-,-,-,35,01-10-2024 14:07:35.798,October,Device temperature ,81
H- E,ps,01-10-2024,-,-,-,36,01-10-2024 14:07:45.992,October,Device temperature ,81
H- E,ps,01-10-2024,-,-,-,36,01-10-2024 14:07:50.987,October,Device temperature ,81
H- E,ps,01-10-2024,-,-,-,35,01-10-2024 14:07:56.000,October,Device temperature ,81
H- E,ps,01-10-2024,-,-,-,36,01-10-2024 14:08:00.994,October,Device temperature ,81
H- E,ps,01-10-2024,-,-,-,36,01-10-2024 14:08:05.997,October,Device temperature ,81
H- E,ps,01-10-2024,-,-,-,36,01-10-2024 14:08:11.001,October,Device temperature ,81
H- E,ps,01-10-2024,-,-,-,36,01-10-2024 14:08:16.006,October,Device temperature ,81
H- E,ps,01-10-2024,-,-,-,36,01-10-2024 14:08:20.991,October,Device temperature ,81
H- E,ps,01-10-2024,-,-,-,35,01-10-2024 14:08:25.984,October,Device temperature ,81
H- E,ps,01-10-2024,W1,Tap Water,--,0,01-10-2024 14:08:29.515,October,Water Valve : 1 is On,81
H- E,ps,01-10-2024,-,-,-,36,01-10-2024 14:08:30.987,October,Device temperature ,81
H- E,ps,01-10-2024,-,-,-,36,01-10-2024 14:08:35.986,October,Device temperature ,81
H- E,ps,01-10-2024,-,-,-,35,01-10-2024 14:08:41.000,October,Device temperature ,81
H- E,ps,01-10-2024,J3,XYLENE-3,R2,0,01-10-2024 14:08:51.215,October,Picked From,81
H- E,ps,01-10-2024,J4,100 % Alcohol,R2,0,01-10-2024 14:08:56.945,October,Placed In,81
H- E,ps,01-10-2024,J6,50% Alcohol,R1,0,01-10-2024 14:09:05.347,October,Picked From,81
H- E,ps,01-10-2024,W1,Running TAP Water,R1,0,01-10-2024 14:09:12.596,October,Placed In,81
H- E,ps,01-10-2024,-,-,-,36,01-10-2024 14:09:16.013,October,Device temperature ,81
H- E,ps,01-10-2024,-,-,-,35,01-10-2024 14:09:21.191,October,Device temperature ,81
H- E,ps,01-10-2024,-,-,-,36,01-10-2024 14:09:26.217,October,Device temperature ,81
H- E,ps,01-10-2024,J1,XYLENE-1,R3,0,01-10-2024 14:09:37.815,October,Picked From,81
H- E,ps,01-10-2024,J2,XYLENE-2,R3,0,01-10-2024 14:09:43.558,October,Placed In,81
H- E,ps,01-10-2024,-,-,-,36,01-10-2024 14:09:48.637,October,Device temperature ,81
H- E,ps,01-10-2024,-,-,-,36,01-10-2024 14:09:53.802,October,Device temperature ,81
H- E,ps,01-10-2024,-,-,-,36,01-10-2024 14:09:58.813,October,Device temperature ,81
H- E,ps,01-10-2024,-,-,-,36,01-10-2024 14:10:03.797,October,Device temperature ,81
H- E,ps,01-10-2024,-,-,-,35,01-10-2024 14:10:08.808,October,Device temperature ,81
H- E,ps,01-10-2024,-,-,-,36,01-10-2024 14:10:13.800,October,Device temperature ,81
H- E,ps,01-10-2024,-,-,-,36,01-10-2024 14:10:18.804,October,Device temperature ,81
H- E,ps,01-10-2024,-,-,-,36,01-10-2024 14:10:23.805,October,Device temperature ,81
H- E,ps,01-10-2024,-,-,-,36,01-10-2024 14:10:28.826,October,Device temperature ,81
H- E,ps,01-10-2024,-,-,-,36,01-10-2024 14:10:33.840,October,Device temperature ,81
H- E,ps,01-10-2024,-,-,-,35,01-10-2024 14:10:38.834,October,Device temperature ,81
H- E,ps,01-10-2024,-,-,-,35,01-10-2024 14:10:43.842,October,Device temperature ,81
H- E,ps,01-10-2024,-,-,-,35,01-10-2024 14:10:48.852,October,Device temperature ,81
H- E,ps,01-10-2024,-,-,-,36,01-10-2024 14:10:53.851,October,Device temperature ,81
H- E,ps,01-10-2024,-,-,-,36,01-10-2024 14:10:58.846,October,Device temperature ,81
H- E,ps,01-10-2024,-,-,-,36,01-10-2024 14:11:03.847,October,Device temperature ,81
H- E,ps,01-10-2024,-,-,-,36,01-10-2024 14:11:08.848,October,Device temperature ,81
H- E,ps,01-10-2024,-,-,-,35,01-10-2024 14:11:13.858,October,Device temperature ,81
H- E,ps,01-10-2024,-,-,-,36,01-10-2024 14:11:18.862,October,Device temperature ,81
H- E,ps,01-10-2024,-,-,-,36,01-10-2024 14:11:23.874,October,Device temperature ,81
H- E,ps,01-10-2024,-,-,-,36,01-10-2024 14:11:28.893,October,Device temperature ,81
H- E,ps,01-10-2024,-,-,-,36,01-10-2024 14:11:33.890,October,Device temperature ,81
H- E,ps,01-10-2024,-,-,-,36,01-10-2024 14:11:38.883,October,Device temperature ,81
H- E,ps,01-10-2024,-,-,-,36,01-10-2024 14:11:43.881,October,Device temperature ,81
H- E,ps,01-10-2024,-,-,-,35,01-10-2024 14:11:48.879,October,Device temperature ,81
H- E,ps,01-10-2024,-,-,-,36,01-10-2024 14:11:53.869,October,Device temperature ,81
H- E,ps,01-10-2024,J4,100 % Alcohol,R2,0,01-10-2024 14:12:04.965,October,Picked From,81
H- E,ps,01-10-2024,J5,70%Alcohol,R2,0,01-10-2024 14:12:10.694,October,Placed In,81
H- E,ps,01-10-2024,W1,Tap Water,--,0,01-10-2024 14:12:13.785,October,Water Valve : 1 is Off,81
H- E,ps,01-10-2024,W1,Running TAP Water,R1,0,01-10-2024 14:12:22.307,October,Picked From,81
H- E,ps,01-10-2024,J8,Hematoxin,R1,0,01-10-2024 14:12:28.543,October,Placed In,81
H- E,ps,01-10-2024,-,-,-,36,01-10-2024 14:12:32.961,October,Device temperature ,81
H- E,ps,01-10-2024,-,-,-,36,01-10-2024 14:12:38.137,October,Device temperature ,81
H- E,ps,01-10-2024,-,-,-,36,01-10-2024 14:12:43.138,October,Device temperature ,81
H- E,ps,01-10-2024,-,-,-,36,01-10-2024 14:12:48.142,October,Device temperature ,81
H- E,ps,01-10-2024,-,-,-,35,01-10-2024 14:12:53.200,October,Device temperature ,81
H- E,ps,01-10-2024,-,-,-,36,01-10-2024 14:12:58.152,October,Device temperature ,81
H- E,ps,01-10-2024,-,-,-,36,01-10-2024 14:13:03.153,October,Device temperature ,81
H- E,ps,01-10-2024,-,-,-,36,01-10-2024 14:13:08.159,October,Device temperature ,81
H- E,ps,01-10-2024,-,-,-,36,01-10-2024 14:13:13.154,October,Device temperature ,81
H- E,ps,01-10-2024,-,-,-,36,01-10-2024 14:13:18.171,October,Device temperature ,81
H- E,ps,01-10-2024,-,-,-,36,01-10-2024 14:13:23.172,October,Device temperature ,81
H- E,ps,01-10-2024,-,-,-,36,01-10-2024 14:13:28.164,October,Device temperature ,81
H- E,ps,01-10-2024,-,-,-,36,01-10-2024 14:13:33.170,October,Device temperature ,81
H- E,ps,01-10-2024,-,-,-,36,01-10-2024 14:13:38.160,October,Device temperature ,81
H- E,ps,01-10-2024,-,-,-,36,01-10-2024 14:13:43.167,October,Device temperature ,81
H- E,ps,01-10-2024,-,-,-,36,01-10-2024 14:13:48.158,October,Device temperature ,81
H- E,ps,01-10-2024,-,-,-,35,01-10-2024 14:13:53.167,October,Device temperature ,81
H- E,ps,01-10-2024,-,-,-,36,01-10-2024 14:13:58.152,October,Device temperature ,81
H- E,ps,01-10-2024,-,-,-,36,01-10-2024 14:14:03.159,October,Device temperature ,81
H- E,ps,01-10-2024,-,-,-,36,01-10-2024 14:14:08.170,October,Device temperature ,81
H- E,ps,01-10-2024,-,-,-,36,01-10-2024 14:14:13.165,October,Device temperature ,81
H- E,ps,01-10-2024,-,-,-,36,01-10-2024 14:14:18.173,October,Device temperature ,81
H- E,ps,01-10-2024,-,-,-,36,01-10-2024 14:14:23.185,October,Device temperature ,81
H- E,ps,01-10-2024,-,-,-,36,01-10-2024 14:14:28.159,October,Device temperature ,81
H- E,ps,01-10-2024,-,-,-,36,01-10-2024 14:14:33.171,October,Device temperature ,81
H- E,ps,01-10-2024,-,-,-,36,01-10-2024 14:14:38.174,October,Device temperature ,81
H- E,ps,01-10-2024,-,-,-,36,01-10-2024 14:14:43.160,October,Device temperature ,81
H- E,ps,01-10-2024,J2,XYLENE-2,R3,0,01-10-2024 14:14:53.595,October,Picked From,81
H- E,ps,01-10-2024,J3,XYLENE-3,R3,0,01-10-2024 14:14:59.319,October,Placed In,81
H- E,ps,01-10-2024,-,-,-,36,01-10-2024 14:15:04.436,October,Device temperature ,81
H- E,ps,01-10-2024,-,-,-,36,01-10-2024 14:15:09.599,October,Device temperature ,81
H- E,ps,01-10-2024,J5,70%Alcohol,R2,0,01-10-2024 14:15:18.637,October,Picked From,81
H- E,ps,01-10-2024,J6,50% Alcohol,R2,0,01-10-2024 14:15:24.398,October,Placed In,81
H- E,ps,01-10-2024,-,-,-,36,01-10-2024 14:15:29.409,October,Device temperature ,81
H- E,ps,01-10-2024,-,-,-,36,01-10-2024 14:15:34.567,October,Device temperature ,81
H- E,ps,01-10-2024,-,-,-,35,01-10-2024 14:15:39.566,October,Device temperature ,81
H- E,ps,01-10-2024,-,-,-,36,01-10-2024 14:15:44.570,October,Device temperature ,81
H- E,ps,01-10-2024,-,-,-,36,01-10-2024 14:15:49.574,October,Device temperature ,81
H- E,ps,01-10-2024,-,-,-,36,01-10-2024 14:15:54.590,October,Device temperature ,81
H- E,ps,01-10-2024,-,-,-,36,01-10-2024 14:15:59.586,October,Device temperature ,81
H- E,ps,01-10-2024,-,-,-,36,01-10-2024 14:16:04.599,October,Device temperature ,81
