Home Command,ps,16-08-2024,-,-,-,0,16-08-2024 12:19:02.127,August,Home Reached,0
Home Command,ps,16-08-2024,-,-,-,0,16-08-2024 12:19:04.880,August,Home Reached,0
Home Command,ps,16-08-2024,-,-,-,0,16-08-2024 12:19:04.901,August,,0
Home Command,ps,16-08-2024,U1,-,-,0,16-08-2024 12:19:11.638,August,Liquid Level - 2513,0
Home Command,ps,16-08-2024,U2,-,-,0,16-08-2024 12:19:14.396,August,Liquid Level - 2517,0
Home Command,ps,16-08-2024,U3,-,-,0,16-08-2024 12:19:17.020,August,Liquid Level - 2497,0
Home Command,ps,16-08-2024,U4,-,-,0,16-08-2024 12:19:19.603,August,Liquid Level - 2505,0
Home Command,ps,16-08-2024,U5,-,-,0,16-08-2024 12:19:22.172,August,Liquid Level - 2499,0
Home Command,ps,16-08-2024,U6,-,-,0,16-08-2024 12:19:24.744,August,Liquid Level - 2495,0
Home Command,ps,16-08-2024,J1,-,-,0,16-08-2024 12:19:31.071,August,Liquid Level - 2520,0
Home Command,ps,16-08-2024,J2,-,-,0,16-08-2024 12:19:33.968,August,Liquid Level - 2535,0
Home Command,ps,16-08-2024,J3,-,-,0,16-08-2024 12:19:36.539,August,Liquid Level - 2533,0
Home Command,ps,16-08-2024,J4,-,-,0,16-08-2024 12:19:39.122,August,Liquid Level - 2523,0
Home Command,ps,16-08-2024,J5,-,-,0,16-08-2024 12:19:41.702,August,Liquid Level - 2522,0
Home Command,ps,16-08-2024,J6,-,-,0,16-08-2024 12:19:44.284,August,Liquid Level - 2530,0
Home Command,ps,16-08-2024,J7,-,-,0,16-08-2024 12:19:46.854,August,Liquid Level - 2532,0
Home Command,ps,16-08-2024,J8,-,-,0,16-08-2024 12:19:49.411,August,Liquid Level - 2526,0
Home Command,ps,16-08-2024,J9,-,-,0,16-08-2024 12:19:52.003,August,Liquid Level - 2530,0
Home Command,ps,16-08-2024,W1,-,-,0,16-08-2024 12:19:54.598,August,Liquid Level - 2507,0
Home Command,ps,16-08-2024,W2,-,-,0,16-08-2024 12:19:57.180,August,Liquid Level - 2517,0
Home Command,ps,16-08-2024,W3,-,-,0,16-08-2024 12:19:59.751,August,Liquid Level - 2509,0
Home Command,ps,16-08-2024,J10,-,-,0,16-08-2024 12:20:02.320,August,Liquid Level - 2524,0
Home Command,ps,16-08-2024,J11,-,-,0,16-08-2024 12:20:04.929,August,Liquid Level - 2524,0
Home Command,ps,16-08-2024,J12,-,-,0,16-08-2024 12:20:07.501,August,Liquid Level - 2482,0
Home Command,ps,16-08-2024,J13,-,-,0,16-08-2024 12:20:10.064,August,Liquid Level - 2501,0
Home Command,ps,16-08-2024,J14,-,-,0,16-08-2024 12:20:12.833,August,Liquid Level - 2528,0
Home Command,ps,16-08-2024,J15,-,-,0,16-08-2024 12:20:15.720,August,Liquid Level - 2521,0
Home Command,ps,16-08-2024,J16,-,-,0,16-08-2024 12:20:18.277,August,Liquid Level - 2526,0
Home Command,ps,16-08-2024,J17,-,-,0,16-08-2024 12:20:20.873,August,Liquid Level - 2533,0
Home Command,ps,16-08-2024,W4,-,-,0,16-08-2024 12:20:23.479,August,Liquid Level - 2516,0
Home Command,ps,16-08-2024,W5,-,-,0,16-08-2024 12:20:26.064,August,Liquid Level - 2513,0
Home Command,ps,16-08-2024,W6,-,-,0,16-08-2024 12:20:28.673,August,Liquid Level - 2521,0
Home Command,ps,16-08-2024,J18,-,-,0,16-08-2024 12:20:31.259,August,Liquid Level - 2529,0
Home Command,ps,16-08-2024,J19,-,-,0,16-08-2024 12:20:33.833,August,Liquid Level - 2528,0
Home Command,ps,16-08-2024,J20,-,-,0,16-08-2024 12:20:36.418,August,Liquid Level - 2525,0
Home Command,ps,16-08-2024,J21,-,-,0,16-08-2024 12:20:38.989,August,Liquid Level - 2532,0
Home Command,ps,16-08-2024,J22,-,-,0,16-08-2024 12:20:41.599,August,Liquid Level - 2536,0
Home Command,ps,16-08-2024,J23,-,-,0,16-08-2024 12:20:44.202,August,Liquid Level - 2532,0
Home Command,ps,16-08-2024,J24,-,-,0,16-08-2024 12:20:46.753,August,Liquid Level - 2524,0
Home Command,ps,16-08-2024,J25,-,-,0,16-08-2024 12:20:49.354,August,Liquid Level - 2533,0
Home Command,ps,16-08-2024,J26,-,-,0,16-08-2024 12:20:51.954,August,Liquid Level - 2492,0
Home Command,ps,16-08-2024,J27,-,-,0,16-08-2024 12:20:57.872,August,Liquid Level - 2511,0
Home Command,ps,16-08-2024,J28,-,-,0,16-08-2024 12:21:00.653,August,Liquid Level - 2561,0
Home Command,ps,16-08-2024,J29,-,-,0,16-08-2024 12:21:03.248,August,Liquid Level - 2548,0
Home Command,ps,16-08-2024,J30,-,-,0,16-08-2024 12:21:05.829,August,Liquid Level - 2550,0
Home Command,ps,16-08-2024,J31,-,-,0,16-08-2024 12:21:08.423,August,Liquid Level - 2551,0
Home Command,ps,16-08-2024,J32,-,-,0,16-08-2024 12:21:11.013,August,Liquid Level - 2587,0
Home Command,ps,16-08-2024,J33,-,-,0,16-08-2024 12:21:13.593,August,Liquid Level - 2578,0
Home Command,ps,16-08-2024,H1,-,-,0,16-08-2024 12:21:17.910,August,Liquid Level - 3489,0
Home Command,ps,16-08-2024,H2,-,-,0,16-08-2024 12:21:20.969,August,Liquid Level - 3477,0
Home Command,ps,16-08-2024,H3,-,-,0,16-08-2024 12:21:24.031,August,Liquid Level - 3456,0
Home Command,ps,16-08-2024,-,-,-,0,16-08-2024 12:21:37.345,August,Home Reached,0
Home Command,ps,16-08-2024,-,-,-,0,16-08-2024 12:21:42.912,August,Home Reached,0
Home Command,ps,16-08-2024,-,-,-,0,16-08-2024 12:21:42.927,August,,0
DPFZ,ps,16-08-2024,-,-,-,0,16-08-2024 12:22:30.430,August,Protorun Started,13
DPFZ,ps,16-08-2024,-,-,-,0,16-08-2024 12:22:34.951,August,Home Reached,13
DPFZ,ps,16-08-2024,-,-,-,0,16-08-2024 12:22:34.963,August,,13
DPFZ,ps,16-08-2024,-,-,-,0,16-08-2024 12:22:38.494,August,Home Reached,13
DPFZ,ps,16-08-2024,-,-,-,0,16-08-2024 12:22:38.512,August,,13
DPFZ,ps,16-08-2024,H1,-,-,0,16-08-2024 12:22:52.204,August,Liquid Level - 3479,13
DPFZ,ps,16-08-2024,H2,-,-,0,16-08-2024 12:22:55.203,August,Liquid Level - 3457,13
DPFZ,ps,16-08-2024,H3,-,-,0,16-08-2024 12:22:58.256,August,Liquid Level - 3453,13
DPFZ,ps,16-08-2024,L1,-,-,0,16-08-2024 12:23:02.469,August,Liquid Level - 273,13
DPFZ,ps,16-08-2024,L2,-,-,0,16-08-2024 12:23:05.242,August,Liquid Level - 268,13
DPFZ,ps,16-08-2024,L3,-,-,0,16-08-2024 12:23:07.820,August,Liquid Level - 257,13
DPFZ,ps,16-08-2024,-,-,-,0,16-08-2024 12:23:19.203,August,Home Reached,13
DPFZ,ps,16-08-2024,-,-,-,0,16-08-2024 12:23:19.729,August,Home Status - 11111111,13
DPFZ,ps,16-08-2024,-,-,-,0,16-08-2024 12:23:21.293,August,Home Reached,13
DPFZ,ps,16-08-2024,-,-,-,0,16-08-2024 12:24:09.341,August,Heater Door Closed,13
DPFZ,ps,16-08-2024,-,-,-,0,16-08-2024 12:24:09.573,August,,13
DPFZ,ps,16-08-2024,-,-,-,30,16-08-2024 12:24:09.941,August,30 - Temperature set to device,13
DPFZ,ps,16-08-2024,-,-,-,30,16-08-2024 12:24:10.514,August,Device temperature ,13
DPFZ,ps,16-08-2024,-,-,-,30,16-08-2024 12:24:16.564,August,Device temperature ,13
DPFZ,ps,16-08-2024,-,-,-,30,16-08-2024 12:24:17.649,August,Device temperature ,13
DPFZ,ps,16-08-2024,-,-,-,30,16-08-2024 12:24:18.658,August,Device temperature ,13
DPFZ,ps,16-08-2024,-,-,-,30,16-08-2024 12:24:19.667,August,Device temperature ,13
DPFZ,ps,16-08-2024,-,-,-,30,16-08-2024 12:24:20.658,August,Device temperature ,13
DPFZ,ps,16-08-2024,-,-,-,30,16-08-2024 12:24:21.670,August,Device temperature ,13
DPFZ,ps,16-08-2024,-,-,-,31,16-08-2024 12:24:22.665,August,Device temperature ,13
DPFZ,ps,16-08-2024,-,-,-,30,16-08-2024 12:24:23.688,August,Device temperature ,13
DPFZ,ps,16-08-2024,-,-,-,31,16-08-2024 12:24:24.680,August,Device temperature ,13
DPFZ,ps,16-08-2024,-,-,-,30,16-08-2024 12:24:25.673,August,Device temperature ,13
DPFZ,ps,16-08-2024,-,-,-,30,16-08-2024 12:24:26.694,August,Device temperature ,13
DPFZ,ps,16-08-2024,-,-,-,30,16-08-2024 12:24:27.697,August,Device temperature ,13
DPFZ,ps,16-08-2024,-,-,-,30,16-08-2024 12:24:28.700,August,Device temperature ,13
DPFZ,ps,16-08-2024,-,-,-,30,16-08-2024 12:24:29.701,August,Device temperature ,13
DPFZ,ps,16-08-2024,-,-,-,30,16-08-2024 12:24:30.703,August,Device temperature ,13
DPFZ,ps,16-08-2024,-,-,-,30,16-08-2024 12:24:31.692,August,Device temperature ,13
DPFZ,ps,16-08-2024,-,-,-,30,16-08-2024 12:24:32.765,August,Device temperature ,13
DPFZ,ps,16-08-2024,-,-,-,31,16-08-2024 12:24:33.695,August,Device temperature ,13
DPFZ,ps,16-08-2024,-,-,-,30,16-08-2024 12:24:34.704,August,Device temperature ,13
DPFZ,ps,16-08-2024,-,-,-,30,16-08-2024 12:24:35.698,August,Device temperature ,13
DPFZ,ps,16-08-2024,-,-,-,30,16-08-2024 12:24:36.691,August,Device temperature ,13
DPFZ,ps,16-08-2024,-,-,-,30,16-08-2024 12:24:37.697,August,Device temperature ,13
DPFZ,ps,16-08-2024,-,-,-,30,16-08-2024 12:24:38.692,August,Device temperature ,13
DPFZ,ps,16-08-2024,-,-,-,30,16-08-2024 12:24:39.704,August,Device temperature ,13
DPFZ,ps,16-08-2024,-,-,-,30,16-08-2024 12:24:40.695,August,Device temperature ,13
DPFZ,ps,16-08-2024,-,-,-,30,16-08-2024 12:24:41.687,August,Device temperature ,13
DPFZ,ps,16-08-2024,-,-,-,30,16-08-2024 12:24:42.693,August,Device temperature ,13
DPFZ,ps,16-08-2024,-,-,-,30,16-08-2024 12:24:43.698,August,Device temperature ,13
DPFZ,ps,16-08-2024,-,-,-,30,16-08-2024 12:24:44.704,August,Device temperature ,13
DPFZ,ps,16-08-2024,-,-,-,30,16-08-2024 12:24:45.697,August,Device temperature ,13
DPFZ,ps,16-08-2024,-,-,-,30,16-08-2024 12:24:46.701,August,Device temperature ,13
DPFZ,ps,16-08-2024,-,-,-,30,16-08-2024 12:24:47.703,August,Device temperature ,13
DPFZ,ps,16-08-2024,-,-,-,30,16-08-2024 12:24:48.698,August,Device temperature ,13
DPFZ,ps,16-08-2024,-,-,-,30,16-08-2024 12:24:49.688,August,Device temperature ,13
DPFZ,ps,16-08-2024,-,-,-,30,16-08-2024 12:24:50.704,August,Device temperature ,13
DPFZ,ps,16-08-2024,-,-,-,30,16-08-2024 12:24:51.690,August,Device temperature ,13
DPFZ,ps,16-08-2024,-,-,-,30,16-08-2024 12:24:52.696,August,Device temperature ,13
DPFZ,ps,16-08-2024,-,-,-,30,16-08-2024 12:24:53.704,August,Device temperature ,13
DPFZ,ps,16-08-2024,-,-,-,31,16-08-2024 12:24:54.688,August,Device temperature ,13
DPFZ,ps,16-08-2024,-,-,-,31,16-08-2024 12:24:55.695,August,Device temperature ,13
DPFZ,ps,16-08-2024,-,-,-,31,16-08-2024 12:24:56.703,August,Device temperature ,13
DPFZ,ps,16-08-2024,-,-,-,31,16-08-2024 12:24:57.700,August,Device temperature ,13
DPFZ,ps,16-08-2024,-,-,-,31,16-08-2024 12:24:58.691,August,Device temperature ,13
DPFZ,ps,16-08-2024,-,-,-,30,16-08-2024 12:24:59.697,August,Device temperature ,13
DPFZ,ps,16-08-2024,-,-,-,30,16-08-2024 12:25:00.707,August,Device temperature ,13
DPFZ,ps,16-08-2024,-,-,-,31,16-08-2024 12:25:01.711,August,Device temperature ,13
DPFZ,ps,16-08-2024,-,-,-,30,16-08-2024 12:25:02.720,August,Device temperature ,13
DPFZ,ps,16-08-2024,-,-,-,31,16-08-2024 12:25:03.721,August,Device temperature ,13
DPFZ,ps,16-08-2024,-,-,-,31,16-08-2024 12:25:04.726,August,Device temperature ,13
DPFZ,ps,16-08-2024,-,-,-,31,16-08-2024 12:25:05.748,August,Device temperature ,13
DPFZ,ps,16-08-2024,-,-,-,31,16-08-2024 12:25:06.742,August,Device temperature ,13
DPFZ,ps,16-08-2024,-,-,-,31,16-08-2024 12:25:07.743,August,Device temperature ,13
DPFZ,ps,16-08-2024,-,-,-,31,16-08-2024 12:25:08.727,August,Device temperature ,13
DPFZ,ps,16-08-2024,-,-,-,31,16-08-2024 12:25:09.754,August,Device temperature ,13
DPFZ,ps,16-08-2024,-,-,-,31,16-08-2024 12:25:10.786,August,Device temperature ,13
DPFZ,ps,16-08-2024,-,-,-,31,16-08-2024 12:25:11.779,August,Device temperature ,13
DPFZ,ps,16-08-2024,-,-,-,30,16-08-2024 12:25:12.775,August,Device temperature ,13
DPFZ,ps,16-08-2024,-,-,-,31,16-08-2024 12:25:13.778,August,Device temperature ,13
DPFZ,ps,16-08-2024,-,-,-,31,16-08-2024 12:25:14.784,August,Device temperature ,13
DPFZ,ps,16-08-2024,-,-,-,31,16-08-2024 12:25:15.778,August,Device temperature ,13
DPFZ,ps,16-08-2024,-,-,-,31,16-08-2024 12:25:16.779,August,Device temperature ,13
DPFZ,ps,16-08-2024,-,-,-,31,16-08-2024 12:25:17.784,August,Device temperature ,13
DPFZ,ps,16-08-2024,-,-,-,31,16-08-2024 12:25:18.779,August,Device temperature ,13
DPFZ,ps,16-08-2024,-,-,-,31,16-08-2024 12:25:19.767,August,Device temperature ,13
DPFZ,ps,16-08-2024,-,-,-,31,16-08-2024 12:25:20.772,August,Device temperature ,13
DPFZ,ps,16-08-2024,-,-,-,31,16-08-2024 12:25:21.772,August,Device temperature ,13
DPFZ,ps,16-08-2024,-,-,-,31,16-08-2024 12:25:22.780,August,Device temperature ,13
DPFZ,ps,16-08-2024,-,-,-,31,16-08-2024 12:25:23.775,August,Device temperature ,13
DPFZ,ps,16-08-2024,-,-,-,31,16-08-2024 12:25:24.785,August,Device temperature ,13
DPFZ,ps,16-08-2024,-,-,-,31,16-08-2024 12:25:25.779,August,Device temperature ,13
DPFZ,ps,16-08-2024,-,-,-,31,16-08-2024 12:25:26.772,August,Device temperature ,13
DPFZ,ps,16-08-2024,-,-,-,31,16-08-2024 12:25:27.794,August,Device temperature ,13
DPFZ,ps,16-08-2024,-,-,-,31,16-08-2024 12:25:28.786,August,Device temperature ,13
DPFZ,ps,16-08-2024,-,-,-,31,16-08-2024 12:25:29.800,August,Device temperature ,13
DPFZ,ps,16-08-2024,-,-,-,31,16-08-2024 12:25:30.798,August,Device temperature ,13
DPFZ,ps,16-08-2024,-,-,-,31,16-08-2024 12:25:31.792,August,Device temperature ,13
DPFZ,ps,16-08-2024,-,-,-,31,16-08-2024 12:25:32.797,August,Device temperature ,13
DPFZ,ps,16-08-2024,-,-,-,31,16-08-2024 12:25:33.787,August,Device temperature ,13
DPFZ,ps,16-08-2024,-,-,-,31,16-08-2024 12:25:34.796,August,Device temperature ,13
DPFZ,ps,16-08-2024,-,-,-,31,16-08-2024 12:25:35.785,August,Device temperature ,13
DPFZ,ps,16-08-2024,-,-,-,30,16-08-2024 12:25:36.799,August,Device temperature ,13
DPFZ,ps,16-08-2024,-,-,-,31,16-08-2024 12:25:37.794,August,Device temperature ,13
DPFZ,ps,16-08-2024,-,-,-,31,16-08-2024 12:25:38.799,August,Device temperature ,13
DPFZ,ps,16-08-2024,-,-,-,32,16-08-2024 12:25:39.807,August,Device temperature ,13
DPFZ,ps,16-08-2024,-,-,-,30,16-08-2024 12:25:40.815,August,Device temperature ,13
DPFZ,ps,16-08-2024,-,-,-,31,16-08-2024 12:25:41.810,August,Device temperature ,13
DPFZ,ps,16-08-2024,-,-,-,32,16-08-2024 12:25:42.801,August,Device temperature ,13
DPFZ,ps,16-08-2024,-,-,-,31,16-08-2024 12:25:43.807,August,Device temperature ,13
DPFZ,ps,16-08-2024,-,-,-,31,16-08-2024 12:25:44.829,August,Device temperature ,13
DPFZ,ps,16-08-2024,-,-,-,31,16-08-2024 12:25:45.820,August,Device temperature ,13
DPFZ,ps,16-08-2024,-,-,-,31,16-08-2024 12:25:46.844,August,Device temperature ,13
DPFZ,ps,16-08-2024,-,-,-,31,16-08-2024 12:25:47.854,August,Device temperature ,13
DPFZ,ps,16-08-2024,-,-,-,31,16-08-2024 12:25:48.875,August,Device temperature ,13
DPFZ,ps,16-08-2024,-,-,-,31,16-08-2024 12:25:49.869,August,Device temperature ,13
DPFZ,ps,16-08-2024,-,-,-,31,16-08-2024 12:25:50.877,August,Device temperature ,13
DPFZ,ps,16-08-2024,-,-,-,32,16-08-2024 12:25:51.881,August,Device temperature ,13
DPFZ,ps,16-08-2024,-,-,-,31,16-08-2024 12:25:52.885,August,Device temperature ,13
DPFZ,ps,16-08-2024,-,-,-,31,16-08-2024 12:25:53.889,August,Device temperature ,13
DPFZ,ps,16-08-2024,-,-,-,31,16-08-2024 12:25:54.884,August,Device temperature ,13
DPFZ,ps,16-08-2024,-,-,-,31,16-08-2024 12:25:55.889,August,Device temperature ,13
DPFZ,ps,16-08-2024,-,-,-,32,16-08-2024 12:25:56.893,August,Device temperature ,13
DPFZ,ps,16-08-2024,-,-,-,31,16-08-2024 12:25:57.912,August,Device temperature ,13
DPFZ,ps,16-08-2024,-,-,-,31,16-08-2024 12:25:58.916,August,Device temperature ,13
DPFZ,ps,16-08-2024,-,-,-,31,16-08-2024 12:25:59.921,August,Device temperature ,13
DPFZ,ps,16-08-2024,-,-,-,31,16-08-2024 12:26:00.912,August,Device temperature ,13
DPFZ,ps,16-08-2024,-,-,-,31,16-08-2024 12:26:01.935,August,Device temperature ,13
DPFZ,ps,16-08-2024,-,-,-,30,16-08-2024 12:26:02.937,August,Device temperature ,13
DPFZ,ps,16-08-2024,-,-,-,31,16-08-2024 12:26:03.940,August,Device temperature ,13
DPFZ,ps,16-08-2024,-,-,-,31,16-08-2024 12:26:04.953,August,Device temperature ,13
DPFZ,ps,16-08-2024,-,-,-,31,16-08-2024 12:26:05.948,August,Device temperature ,13
DPFZ,ps,16-08-2024,-,-,-,31,16-08-2024 12:26:06.970,August,Device temperature ,13
DPFZ,ps,16-08-2024,-,-,-,31,16-08-2024 12:26:07.964,August,Device temperature ,13
DPFZ,ps,16-08-2024,-,-,-,31,16-08-2024 12:26:08.967,August,Device temperature ,13
DPFZ,ps,16-08-2024,-,-,-,31,16-08-2024 12:26:09.979,August,Device temperature ,13
DPFZ,ps,16-08-2024,-,-,-,31,16-08-2024 12:26:10.970,August,Device temperature ,13
DPFZ,ps,16-08-2024,-,-,-,31,16-08-2024 12:26:11.979,August,Device temperature ,13
DPFZ,ps,16-08-2024,-,-,-,31,16-08-2024 12:26:12.976,August,Device temperature ,13
DPFZ,ps,16-08-2024,-,-,-,31,16-08-2024 12:26:13.993,August,Device temperature ,13
DPFZ,ps,16-08-2024,-,-,-,31,16-08-2024 12:26:15.001,August,Device temperature ,13
DPFZ,ps,16-08-2024,-,-,-,31,16-08-2024 12:26:16.042,August,Device temperature ,13
DPFZ,ps,16-08-2024,-,-,-,31,16-08-2024 12:26:17.002,August,Device temperature ,13
DPFZ,ps,16-08-2024,-,-,-,31,16-08-2024 12:26:17.994,August,Device temperature ,13
DPFZ,ps,16-08-2024,-,-,-,31,16-08-2024 12:26:18.992,August,Device temperature ,13
DPFZ,ps,16-08-2024,-,-,-,31,16-08-2024 12:26:19.980,August,Device temperature ,13
DPFZ,ps,16-08-2024,-,-,-,31,16-08-2024 12:26:21.000,August,Device temperature ,13
DPFZ,ps,16-08-2024,-,-,-,31,16-08-2024 12:26:22.007,August,Device temperature ,13
DPFZ,ps,16-08-2024,-,-,-,31,16-08-2024 12:26:23.014,August,Device temperature ,13
DPFZ,ps,16-08-2024,-,-,-,31,16-08-2024 12:26:24.020,August,Device temperature ,13
DPFZ,ps,16-08-2024,-,-,-,31,16-08-2024 12:26:25.030,August,Device temperature ,13
DPFZ,ps,16-08-2024,-,-,-,31,16-08-2024 12:26:26.021,August,Device temperature ,13
DPFZ,ps,16-08-2024,-,-,-,30,16-08-2024 12:26:27.040,August,Device temperature ,13
DPFZ,ps,16-08-2024,-,-,-,31,16-08-2024 12:26:28.045,August,Device temperature ,13
DPFZ,ps,16-08-2024,-,-,-,31,16-08-2024 12:26:29.051,August,Device temperature ,13
DPFZ,ps,16-08-2024,-,-,-,31,16-08-2024 12:26:30.058,August,Device temperature ,13
DPFZ,ps,16-08-2024,-,-,-,31,16-08-2024 12:26:31.050,August,Device temperature ,13
DPFZ,ps,16-08-2024,-,-,-,31,16-08-2024 12:26:32.056,August,Device temperature ,13
DPFZ,ps,16-08-2024,-,-,-,31,16-08-2024 12:26:33.067,August,Device temperature ,13
DPFZ,ps,16-08-2024,-,-,-,31,16-08-2024 12:26:34.075,August,Device temperature ,13
DPFZ,ps,16-08-2024,-,-,-,31,16-08-2024 12:26:35.068,August,Device temperature ,13
DPFZ,ps,16-08-2024,-,-,-,31,16-08-2024 12:26:36.080,August,Device temperature ,13
DPFZ,ps,16-08-2024,-,-,-,31,16-08-2024 12:26:37.084,August,Device temperature ,13
DPFZ,ps,16-08-2024,-,-,-,31,16-08-2024 12:26:38.096,August,Device temperature ,13
DPFZ,ps,16-08-2024,-,-,-,31,16-08-2024 12:26:39.083,August,Device temperature ,13
DPFZ,ps,16-08-2024,-,-,-,31,16-08-2024 12:26:40.101,August,Device temperature ,13
DPFZ,ps,16-08-2024,-,-,-,31,16-08-2024 12:26:41.112,August,Device temperature ,13
DPFZ,ps,16-08-2024,-,-,-,31,16-08-2024 12:26:42.097,August,Device temperature ,13
DPFZ,ps,16-08-2024,-,-,-,31,16-08-2024 12:26:43.106,August,Device temperature ,13
DPFZ,ps,16-08-2024,-,-,-,31,16-08-2024 12:26:44.090,August,Device temperature ,13
DPFZ,ps,16-08-2024,-,-,-,31,16-08-2024 12:26:45.110,August,Device temperature ,13
DPFZ,ps,16-08-2024,-,-,-,31,16-08-2024 12:26:46.096,August,Device temperature ,13
DPFZ,ps,16-08-2024,-,-,-,31,16-08-2024 12:26:47.100,August,Device temperature ,13
DPFZ,ps,16-08-2024,-,-,-,31,16-08-2024 12:26:48.124,August,Device temperature ,13
DPFZ,ps,16-08-2024,-,-,-,31,16-08-2024 12:26:49.133,August,Device temperature ,13
DPFZ,ps,16-08-2024,-,-,-,31,16-08-2024 12:26:50.182,August,Device temperature ,13
DPFZ,ps,16-08-2024,-,-,-,32,16-08-2024 12:26:51.151,August,Device temperature ,13
DPFZ,ps,16-08-2024,-,-,-,31,16-08-2024 12:26:52.156,August,Device temperature ,13
DPFZ,ps,16-08-2024,-,-,-,31,16-08-2024 12:26:53.148,August,Device temperature ,13
DPFZ,ps,16-08-2024,-,-,-,31,16-08-2024 12:26:54.155,August,Device temperature ,13
DPFZ,ps,16-08-2024,-,-,-,31,16-08-2024 12:26:55.144,August,Device temperature ,13
DPFZ,ps,16-08-2024,-,-,-,31,16-08-2024 12:26:56.154,August,Device temperature ,13
DPFZ,ps,16-08-2024,-,-,-,31,16-08-2024 12:26:57.156,August,Device temperature ,13
DPFZ,ps,16-08-2024,-,-,-,31,16-08-2024 12:26:58.146,August,Device temperature ,13
DPFZ,ps,16-08-2024,-,-,-,31,16-08-2024 12:26:59.150,August,Device temperature ,13
DPFZ,ps,16-08-2024,-,-,-,31,16-08-2024 12:27:00.154,August,Device temperature ,13
DPFZ,ps,16-08-2024,-,-,-,31,16-08-2024 12:27:01.154,August,Device temperature ,13
DPFZ,ps,16-08-2024,-,-,-,31,16-08-2024 12:27:02.155,August,Device temperature ,13
DPFZ,ps,16-08-2024,-,-,-,31,16-08-2024 12:27:03.147,August,Device temperature ,13
DPFZ,ps,16-08-2024,-,-,-,31,16-08-2024 12:27:04.140,August,Device temperature ,13
DPFZ,ps,16-08-2024,-,-,-,30,16-08-2024 12:27:05.144,August,Device temperature ,13
DPFZ,ps,16-08-2024,-,-,-,31,16-08-2024 12:27:06.151,August,Device temperature ,13
DPFZ,ps,16-08-2024,-,-,-,31,16-08-2024 12:27:07.142,August,Device temperature ,13
DPFZ,ps,16-08-2024,-,-,-,31,16-08-2024 12:27:08.152,August,Device temperature ,13
DPFZ,ps,16-08-2024,-,-,-,31,16-08-2024 12:27:09.144,August,Device temperature ,13
DPFZ,ps,16-08-2024,-,-,-,31,16-08-2024 12:27:10.148,August,Device temperature ,13
DPFZ,ps,16-08-2024,-,-,-,31,16-08-2024 12:27:11.147,August,Device temperature ,13
DPFZ,ps,16-08-2024,-,-,-,31,16-08-2024 12:27:12.148,August,Device temperature ,13
DPFZ,ps,16-08-2024,-,-,-,31,16-08-2024 12:27:13.145,August,Device temperature ,13
DPFZ,ps,16-08-2024,-,-,-,31,16-08-2024 12:27:14.149,August,Device temperature ,13
DPFZ,ps,16-08-2024,-,-,-,31,16-08-2024 12:27:15.169,August,Device temperature ,13
DPFZ,ps,16-08-2024,-,-,-,31,16-08-2024 12:27:16.165,August,Device temperature ,13
DPFZ,ps,16-08-2024,-,-,-,31,16-08-2024 12:27:17.172,August,Device temperature ,13
DPFZ,ps,16-08-2024,-,-,-,31,16-08-2024 12:27:18.173,August,Device temperature ,13
DPFZ,ps,16-08-2024,-,-,-,31,16-08-2024 12:27:19.167,August,Device temperature ,13
DPFZ,ps,16-08-2024,-,-,-,31,16-08-2024 12:27:20.167,August,Device temperature ,13
DPFZ,ps,16-08-2024,-,-,-,31,16-08-2024 12:27:21.182,August,Device temperature ,13
DPFZ,ps,16-08-2024,-,-,-,30,16-08-2024 12:27:22.179,August,Device temperature ,13
DPFZ,ps,16-08-2024,-,-,-,31,16-08-2024 12:27:23.183,August,Device temperature ,13
DPFZ,ps,16-08-2024,-,-,-,31,16-08-2024 12:27:24.176,August,Device temperature ,13
DPFZ,ps,16-08-2024,-,-,-,31,16-08-2024 12:27:25.176,August,Device temperature ,13
DPFZ,ps,16-08-2024,-,-,-,31,16-08-2024 12:27:26.198,August,Device temperature ,13
DPFZ,ps,16-08-2024,-,-,-,31,16-08-2024 12:27:27.202,August,Device temperature ,13
DPFZ,ps,16-08-2024,-,-,-,31,16-08-2024 12:27:28.194,August,Device temperature ,13
DPFZ,ps,16-08-2024,-,-,-,31,16-08-2024 12:27:29.201,August,Device temperature ,13
DPFZ,ps,16-08-2024,-,-,-,31,16-08-2024 12:27:30.196,August,Device temperature ,13
DPFZ,ps,16-08-2024,-,-,-,31,16-08-2024 12:27:31.202,August,Device temperature ,13
DPFZ,ps,16-08-2024,-,-,-,31,16-08-2024 12:27:32.220,August,Device temperature ,13
DPFZ,ps,16-08-2024,-,-,-,31,16-08-2024 12:27:33.216,August,Device temperature ,13
DPFZ,ps,16-08-2024,-,-,-,31,16-08-2024 12:27:34.228,August,Device temperature ,13
DPFZ,ps,16-08-2024,-,-,-,31,16-08-2024 12:27:35.235,August,Device temperature ,13
DPFZ,ps,16-08-2024,-,-,-,31,16-08-2024 12:27:36.228,August,Device temperature ,13
DPFZ,ps,16-08-2024,-,-,-,32,16-08-2024 12:27:37.221,August,Device temperature ,13
DPFZ,ps,16-08-2024,-,-,-,31,16-08-2024 12:27:38.223,August,Device temperature ,13
DPFZ,ps,16-08-2024,-,-,-,31,16-08-2024 12:27:39.237,August,Device temperature ,13
DPFZ,ps,16-08-2024,-,-,-,31,16-08-2024 12:27:40.242,August,Device temperature ,13
DPFZ,ps,16-08-2024,-,-,-,31,16-08-2024 12:27:41.245,August,Device temperature ,13
DPFZ,ps,16-08-2024,-,-,-,31,16-08-2024 12:27:42.239,August,Device temperature ,13
DPFZ,ps,16-08-2024,-,-,-,31,16-08-2024 12:27:43.238,August,Device temperature ,13
DPFZ,ps,16-08-2024,-,-,-,31,16-08-2024 12:27:44.241,August,Device temperature ,13
DPFZ,ps,16-08-2024,-,-,-,31,16-08-2024 12:27:45.249,August,Device temperature ,13
DPFZ,ps,16-08-2024,-,-,-,30,16-08-2024 12:27:46.254,August,Device temperature ,13
DPFZ,ps,16-08-2024,-,-,-,31,16-08-2024 12:27:47.249,August,Device temperature ,13
DPFZ,ps,16-08-2024,-,-,-,31,16-08-2024 12:27:48.250,August,Device temperature ,13
DPFZ,ps,16-08-2024,-,-,-,31,16-08-2024 12:27:49.242,August,Device temperature ,13
DPFZ,ps,16-08-2024,-,-,-,31,16-08-2024 12:27:50.251,August,Device temperature ,13
DPFZ,ps,16-08-2024,-,-,-,31,16-08-2024 12:27:51.242,August,Device temperature ,13
DPFZ,ps,16-08-2024,-,-,-,31,16-08-2024 12:27:52.241,August,Device temperature ,13
DPFZ,ps,16-08-2024,-,-,-,31,16-08-2024 12:27:53.257,August,Device temperature ,13
DPFZ,ps,16-08-2024,-,-,-,31,16-08-2024 12:27:54.249,August,Device temperature ,13
DPFZ,ps,16-08-2024,-,-,-,31,16-08-2024 12:27:55.275,August,Device temperature ,13
DPFZ,ps,16-08-2024,-,-,-,31,16-08-2024 12:27:56.283,August,Device temperature ,13
DPFZ,ps,16-08-2024,-,-,-,31,16-08-2024 12:27:57.262,August,Device temperature ,13
DPFZ,ps,16-08-2024,-,-,-,31,16-08-2024 12:27:58.272,August,Device temperature ,13
DPFZ,ps,16-08-2024,-,-,-,31,16-08-2024 12:27:59.265,August,Device temperature ,13
DPFZ,ps,16-08-2024,-,-,-,31,16-08-2024 12:28:00.283,August,Device temperature ,13
DPFZ,ps,16-08-2024,-,-,-,31,16-08-2024 12:28:01.357,August,Device temperature ,13
DPFZ,ps,16-08-2024,-,-,-,31,16-08-2024 12:28:02.276,August,Device temperature ,13
DPFZ,ps,16-08-2024,-,-,-,31,16-08-2024 12:28:03.268,August,Device temperature ,13
DPFZ,ps,16-08-2024,-,-,-,31,16-08-2024 12:28:04.272,August,Device temperature ,13
DPFZ,ps,16-08-2024,-,-,-,30,16-08-2024 12:28:05.282,August,Device temperature ,13
DPFZ,ps,16-08-2024,-,-,-,31,16-08-2024 12:28:06.280,August,Device temperature ,13
DPFZ,ps,16-08-2024,-,-,-,31,16-08-2024 12:28:07.271,August,Device temperature ,13
DPFZ,ps,16-08-2024,-,-,-,31,16-08-2024 12:28:08.283,August,Device temperature ,13
DPFZ,ps,16-08-2024,-,-,-,30,16-08-2024 12:28:09.278,August,Device temperature ,13
DPFZ,ps,16-08-2024,-,-,-,31,16-08-2024 12:28:10.272,August,Device temperature ,13
DPFZ,ps,16-08-2024,-,-,-,31,16-08-2024 12:28:11.284,August,Device temperature ,13
DPFZ,ps,16-08-2024,-,-,-,31,16-08-2024 12:28:12.277,August,Device temperature ,13
DPFZ,ps,16-08-2024,-,-,-,31,16-08-2024 12:28:13.271,August,Device temperature ,13
DPFZ,ps,16-08-2024,-,-,-,31,16-08-2024 12:28:14.279,August,Device temperature ,13
DPFZ,ps,16-08-2024,-,-,-,31,16-08-2024 12:28:15.278,August,Device temperature ,13
DPFZ,ps,16-08-2024,-,-,-,31,16-08-2024 12:28:16.281,August,Device temperature ,13
DPFZ,ps,16-08-2024,-,-,-,31,16-08-2024 12:28:17.281,August,Device temperature ,13
DPFZ,ps,16-08-2024,-,-,-,32,16-08-2024 12:28:18.264,August,Device temperature ,13
DPFZ,ps,16-08-2024,-,-,-,30,16-08-2024 12:28:19.270,August,Device temperature ,13
DPFZ,ps,16-08-2024,-,-,-,31,16-08-2024 12:28:20.270,August,Device temperature ,13
DPFZ,ps,16-08-2024,-,-,-,31,16-08-2024 12:28:21.280,August,Device temperature ,13
DPFZ,ps,16-08-2024,-,-,-,31,16-08-2024 12:28:22.277,August,Device temperature ,13
DPFZ,ps,16-08-2024,-,-,-,31,16-08-2024 12:28:23.274,August,Device temperature ,13
DPFZ,ps,16-08-2024,-,-,-,31,16-08-2024 12:28:24.283,August,Device temperature ,13
DPFZ,ps,16-08-2024,-,-,-,31,16-08-2024 12:28:25.273,August,Device temperature ,13
DPFZ,ps,16-08-2024,-,-,-,31,16-08-2024 12:28:26.268,August,Device temperature ,13
DPFZ,ps,16-08-2024,-,-,-,31,16-08-2024 12:28:27.272,August,Device temperature ,13
DPFZ,ps,16-08-2024,-,-,-,31,16-08-2024 12:28:28.277,August,Device temperature ,13
DPFZ,ps,16-08-2024,-,-,-,31,16-08-2024 12:28:29.271,August,Device temperature ,13
DPFZ,ps,16-08-2024,-,-,-,32,16-08-2024 12:28:30.286,August,Device temperature ,13
DPFZ,ps,16-08-2024,-,-,-,31,16-08-2024 12:28:31.264,August,Device temperature ,13
DPFZ,ps,16-08-2024,-,-,-,30,16-08-2024 12:28:32.272,August,Device temperature ,13
DPFZ,ps,16-08-2024,-,-,-,31,16-08-2024 12:28:33.272,August,Device temperature ,13
DPFZ,ps,16-08-2024,-,-,-,31,16-08-2024 12:28:34.263,August,Device temperature ,13
DPFZ,ps,16-08-2024,-,-,-,31,16-08-2024 12:28:35.313,August,Device temperature ,13
DPFZ,ps,16-08-2024,-,-,-,31,16-08-2024 12:28:36.271,August,Device temperature ,13
DPFZ,ps,16-08-2024,-,-,-,31,16-08-2024 12:28:37.284,August,Device temperature ,13
DPFZ,ps,16-08-2024,-,-,-,31,16-08-2024 12:28:38.261,August,Device temperature ,13
DPFZ,ps,16-08-2024,-,-,-,31,16-08-2024 12:28:39.271,August,Device temperature ,13
DPFZ,ps,16-08-2024,-,-,-,31,16-08-2024 12:28:40.273,August,Device temperature ,13
DPFZ,ps,16-08-2024,-,-,-,31,16-08-2024 12:28:41.281,August,Device temperature ,13
DPFZ,ps,16-08-2024,-,-,-,31,16-08-2024 12:28:42.266,August,Device temperature ,13
DPFZ,ps,16-08-2024,-,-,-,31,16-08-2024 12:28:43.274,August,Device temperature ,13
DPFZ,ps,16-08-2024,-,-,-,31,16-08-2024 12:28:44.282,August,Device temperature ,13
DPFZ,ps,16-08-2024,-,-,-,31,16-08-2024 12:28:45.275,August,Device temperature ,13
DPFZ,ps,16-08-2024,-,-,-,30,16-08-2024 12:28:46.272,August,Device temperature ,13
DPFZ,ps,16-08-2024,-,-,-,31,16-08-2024 12:28:47.270,August,Device temperature ,13
DPFZ,ps,16-08-2024,-,-,-,31,16-08-2024 12:28:48.282,August,Device temperature ,13
DPFZ,ps,16-08-2024,-,-,-,31,16-08-2024 12:28:49.274,August,Device temperature ,13
DPFZ,ps,16-08-2024,-,-,-,31,16-08-2024 12:28:50.277,August,Device temperature ,13
DPFZ,ps,16-08-2024,-,-,-,31,16-08-2024 12:28:51.286,August,Device temperature ,13
DPFZ,ps,16-08-2024,-,-,-,31,16-08-2024 12:28:52.274,August,Device temperature ,13
DPFZ,ps,16-08-2024,-,-,-,32,16-08-2024 12:28:53.266,August,Device temperature ,13
DPFZ,ps,16-08-2024,-,-,-,30,16-08-2024 12:28:54.272,August,Device temperature ,13
DPFZ,ps,16-08-2024,-,-,-,31,16-08-2024 12:28:55.295,August,Device temperature ,13
DPFZ,ps,16-08-2024,-,-,-,31,16-08-2024 12:28:56.289,August,Device temperature ,13
DPFZ,ps,16-08-2024,-,-,-,31,16-08-2024 12:28:57.294,August,Device temperature ,13
DPFZ,ps,16-08-2024,-,-,-,31,16-08-2024 12:28:58.282,August,Device temperature ,13
DPFZ,ps,16-08-2024,-,-,-,31,16-08-2024 12:28:59.295,August,Device temperature ,13
DPFZ,ps,16-08-2024,-,-,-,31,16-08-2024 12:29:00.302,August,Device temperature ,13
DPFZ,ps,16-08-2024,-,-,-,31,16-08-2024 12:29:01.306,August,Device temperature ,13
DPFZ,ps,16-08-2024,-,-,-,32,16-08-2024 12:29:02.327,August,Device temperature ,13
DPFZ,ps,16-08-2024,-,-,-,30,16-08-2024 12:29:03.318,August,Device temperature ,13
DPFZ,ps,16-08-2024,-,-,-,31,16-08-2024 12:29:04.325,August,Device temperature ,13
DPFZ,ps,16-08-2024,-,-,-,30,16-08-2024 12:29:05.319,August,Device temperature ,13
DPFZ,ps,16-08-2024,-,-,-,31,16-08-2024 12:29:06.316,August,Device temperature ,13
DPFZ,ps,16-08-2024,-,-,-,31,16-08-2024 12:29:07.313,August,Device temperature ,13
DPFZ,ps,16-08-2024,-,-,-,31,16-08-2024 12:29:08.328,August,Device temperature ,13
DPFZ,ps,16-08-2024,-,-,-,31,16-08-2024 12:29:09.324,August,Device temperature ,13
DPFZ,ps,16-08-2024,-,-,-,31,16-08-2024 12:29:10.323,August,Device temperature ,13
DPFZ,ps,16-08-2024,-,-,-,31,16-08-2024 12:29:11.315,August,Device temperature ,13
DPFZ,ps,16-08-2024,-,-,-,0,16-08-2024 12:29:12.321,August,Heater Switched Off ,13
DPFZ,ps,16-08-2024,-,-,-,0,16-08-2024 12:29:13.518,August,Heater Door Opened,13
DPFZ,ps,16-08-2024,,,R1,0,16-08-2024 12:29:14.095,August,Test Started,13
DPFZ,ps,16-08-2024,H1,Heating,R1,0,16-08-2024 12:29:21.215,August,Picked From,13
DPFZ,ps,16-08-2024,-,-,-,0,16-08-2024 12:29:21.745,August,Heater Door Closed,13
DPFZ,ps,16-08-2024,J1,XYLENE-1,R1,0,16-08-2024 12:29:28.446,August,Placed In,13
DPFZ,ps,16-08-2024,J1,XYLENE-1,R1,0,16-08-2024 12:34:35.075,August,Picked From,13
DPFZ,ps,16-08-2024,J2,XYLENE-2,R1,0,16-08-2024 12:34:41.204,August,Placed In,13
DPFZ,ps,16-08-2024,-,-,-,0,16-08-2024 12:35:43.379,August,Heater Door Opened,13
DPFZ,ps,16-08-2024,,,R2,0,16-08-2024 12:35:43.957,August,Test Started,13
DPFZ,ps,16-08-2024,H2,Heating,R2,0,16-08-2024 12:35:51.087,August,Picked From,13
DPFZ,ps,16-08-2024,-,-,-,0,16-08-2024 12:35:51.610,August,Heater Door Closed,13
DPFZ,ps,16-08-2024,J1,XYLENE-1,R2,0,16-08-2024 12:35:58.275,August,Placed In,13
DPFZ,ps,16-08-2024,J2,XYLENE-2,R1,0,16-08-2024 12:39:48.306,August,Picked From,13
DPFZ,ps,16-08-2024,J3,XYLENE-3,R1,0,16-08-2024 12:39:54.448,August,Placed In,13
DPFZ,ps,16-08-2024,J1,XYLENE-1,R2,0,16-08-2024 12:41:05.292,August,Picked From,13
DPFZ,ps,16-08-2024,J2,XYLENE-2,R2,0,16-08-2024 12:41:11.459,August,Placed In,13
DPFZ,ps,16-08-2024,-,-,-,0,16-08-2024 12:42:13.357,August,Heater Door Opened,13
DPFZ,ps,16-08-2024,,,R3,0,16-08-2024 12:42:14.044,August,Test Started,13
DPFZ,ps,16-08-2024,H3,Heating,R3,0,16-08-2024 12:42:21.213,August,Picked From,13
DPFZ,ps,16-08-2024,-,-,-,0,16-08-2024 12:42:21.876,August,Heater Door Closed,13
DPFZ,ps,16-08-2024,J1,XYLENE-1,R3,0,16-08-2024 12:42:29.020,August,Placed In,13
DPFZ,ps,16-08-2024,J3,XYLENE-3,R1,0,16-08-2024 12:45:02.167,August,Picked From,13
DPFZ,ps,16-08-2024,J4,100 % Alcohol,R1,0,16-08-2024 12:45:08.279,August,Placed In,13
DPFZ,ps,16-08-2024,J2,XYLENE-2,R2,0,16-08-2024 12:46:18.229,August,Picked From,13
DPFZ,ps,16-08-2024,J3,XYLENE-3,R2,0,16-08-2024 12:46:24.374,August,Placed In,13
DPFZ,ps,16-08-2024,J1,XYLENE-1,R3,0,16-08-2024 12:47:35.897,August,Picked From,13
DPFZ,ps,16-08-2024,J2,XYLENE-2,R3,0,16-08-2024 12:47:41.988,August,Placed In,13
DPFZ,ps,16-08-2024,J4,100 % Alcohol,R1,0,16-08-2024 12:48:16.398,August,Picked From,13
DPFZ,ps,16-08-2024,J5,70%Alcohol,R1,0,16-08-2024 12:48:22.483,August,Placed In,13
DPFZ,ps,16-08-2024,-,-,-,0,16-08-2024 12:48:48.875,August,Heater Door Opened,13
DPFZ,ps,16-08-2024,L1,-,-,0,16-08-2024 12:48:53.187,August,Liquid Level - 293,13
DPFZ,ps,16-08-2024,L2,-,-,0,16-08-2024 12:48:55.978,August,Liquid Level - 280,13
DPFZ,ps,16-08-2024,L3,-,-,0,16-08-2024 12:48:58.539,August,Liquid Level - 300,13
DPFZ,ps,16-08-2024,-,-,-,0,16-08-2024 12:49:09.913,August,Home Reached,13
DPFZ,ps,16-08-2024,-,-,-,0,16-08-2024 12:49:10.455,August,Home Status - 11111111,13
DPFZ,ps,16-08-2024,-,-,-,0,16-08-2024 12:49:12.043,August,Home Reached,13
DPFZ,ps,16-08-2024,-,-,-,0,16-08-2024 12:50:00.199,August,Heater Door Closed,13
DPFZ,ps,16-08-2024,-,-,-,0,16-08-2024 12:50:00.432,August,,13
DPFZ,ps,16-08-2024,-,-,-,30,16-08-2024 12:50:00.804,August,30 - Temperature set to device,13
DPFZ,ps,16-08-2024,-,-,-,31,16-08-2024 12:50:01.368,August,Device temperature ,13
DPFZ,ps,16-08-2024,-,-,-,31,16-08-2024 12:50:07.445,August,Device temperature ,13
DPFZ,ps,16-08-2024,-,-,-,31,16-08-2024 12:50:08.499,August,Device temperature ,13
DPFZ,ps,16-08-2024,-,-,-,31,16-08-2024 12:50:09.493,August,Device temperature ,13
DPFZ,ps,16-08-2024,-,-,-,31,16-08-2024 12:50:10.531,August,Device temperature ,13
DPFZ,ps,16-08-2024,-,-,-,31,16-08-2024 12:50:11.490,August,Device temperature ,13
DPFZ,ps,16-08-2024,-,-,-,31,16-08-2024 12:50:12.501,August,Device temperature ,13
DPFZ,ps,16-08-2024,-,-,-,31,16-08-2024 12:50:13.525,August,Device temperature ,13
DPFZ,ps,16-08-2024,-,-,-,31,16-08-2024 12:50:14.530,August,Device temperature ,13
DPFZ,ps,16-08-2024,-,-,-,30,16-08-2024 12:50:15.509,August,Device temperature ,13
DPFZ,ps,16-08-2024,-,-,-,31,16-08-2024 12:50:16.529,August,Device temperature ,13
DPFZ,ps,16-08-2024,-,-,-,31,16-08-2024 12:50:17.527,August,Device temperature ,13
DPFZ,ps,16-08-2024,-,-,-,31,16-08-2024 12:50:18.536,August,Device temperature ,13
DPFZ,ps,16-08-2024,-,-,-,31,16-08-2024 12:50:19.545,August,Device temperature ,13
DPFZ,ps,16-08-2024,-,-,-,31,16-08-2024 12:50:20.561,August,Device temperature ,13
DPFZ,ps,16-08-2024,-,-,-,31,16-08-2024 12:50:21.554,August,Device temperature ,13
DPFZ,ps,16-08-2024,-,-,-,31,16-08-2024 12:50:22.578,August,Device temperature ,13
DPFZ,ps,16-08-2024,-,-,-,31,16-08-2024 12:50:23.576,August,Device temperature ,13
DPFZ,ps,16-08-2024,-,-,-,31,16-08-2024 12:50:24.570,August,Device temperature ,13
DPFZ,ps,16-08-2024,-,-,-,31,16-08-2024 12:50:25.579,August,Device temperature ,13
DPFZ,ps,16-08-2024,-,-,-,31,16-08-2024 12:50:26.575,August,Device temperature ,13
DPFZ,ps,16-08-2024,-,-,-,30,16-08-2024 12:50:27.567,August,Device temperature ,13
DPFZ,ps,16-08-2024,-,-,-,32,16-08-2024 12:50:28.590,August,Device temperature ,13
DPFZ,ps,16-08-2024,-,-,-,30,16-08-2024 12:50:29.585,August,Device temperature ,13
DPFZ,ps,16-08-2024,-,-,-,31,16-08-2024 12:50:30.582,August,Device temperature ,13
DPFZ,ps,16-08-2024,-,-,-,30,16-08-2024 12:50:31.609,August,Device temperature ,13
DPFZ,ps,16-08-2024,-,-,-,30,16-08-2024 12:50:32.599,August,Device temperature ,13
DPFZ,ps,16-08-2024,-,-,-,31,16-08-2024 12:50:33.605,August,Device temperature ,13
DPFZ,ps,16-08-2024,-,-,-,30,16-08-2024 12:50:34.609,August,Device temperature ,13
DPFZ,ps,16-08-2024,-,-,-,31,16-08-2024 12:50:35.595,August,Device temperature ,13
DPFZ,ps,16-08-2024,-,-,-,30,16-08-2024 12:50:36.620,August,Device temperature ,13
DPFZ,ps,16-08-2024,-,-,-,30,16-08-2024 12:50:37.628,August,Device temperature ,13
DPFZ,ps,16-08-2024,-,-,-,30,16-08-2024 12:50:38.623,August,Device temperature ,13
DPFZ,ps,16-08-2024,-,-,-,30,16-08-2024 12:50:39.634,August,Device temperature ,13
DPFZ,ps,16-08-2024,-,-,-,30,16-08-2024 12:50:40.645,August,Device temperature ,13
DPFZ,ps,16-08-2024,-,-,-,31,16-08-2024 12:50:41.640,August,Device temperature ,13
DPFZ,ps,16-08-2024,-,-,-,30,16-08-2024 12:50:42.640,August,Device temperature ,13
DPFZ,ps,16-08-2024,-,-,-,30,16-08-2024 12:50:43.630,August,Device temperature ,13
DPFZ,ps,16-08-2024,-,-,-,31,16-08-2024 12:50:44.639,August,Device temperature ,13
DPFZ,ps,16-08-2024,-,-,-,31,16-08-2024 12:50:45.644,August,Device temperature ,13
DPFZ,ps,16-08-2024,-,-,-,30,16-08-2024 12:50:46.634,August,Device temperature ,13
DPFZ,ps,16-08-2024,-,-,-,31,16-08-2024 12:50:47.632,August,Device temperature ,13
DPFZ,ps,16-08-2024,-,-,-,30,16-08-2024 12:50:48.655,August,Device temperature ,13
DPFZ,ps,16-08-2024,-,-,-,31,16-08-2024 12:50:49.667,August,Device temperature ,13
DPFZ,ps,16-08-2024,-,-,-,30,16-08-2024 12:50:50.689,August,Device temperature ,13
DPFZ,ps,16-08-2024,-,-,-,31,16-08-2024 12:50:51.680,August,Device temperature ,13
DPFZ,ps,16-08-2024,-,-,-,31,16-08-2024 12:50:52.677,August,Device temperature ,13
DPFZ,ps,16-08-2024,-,-,-,30,16-08-2024 12:50:53.706,August,Device temperature ,13
DPFZ,ps,16-08-2024,-,-,-,31,16-08-2024 12:50:54.698,August,Device temperature ,13
DPFZ,ps,16-08-2024,-,-,-,31,16-08-2024 12:50:55.698,August,Device temperature ,13
DPFZ,ps,16-08-2024,-,-,-,31,16-08-2024 12:50:56.712,August,Device temperature ,13
DPFZ,ps,16-08-2024,-,-,-,30,16-08-2024 12:50:57.720,August,Device temperature ,13
DPFZ,ps,16-08-2024,-,-,-,31,16-08-2024 12:50:58.711,August,Device temperature ,13
DPFZ,ps,16-08-2024,-,-,-,31,16-08-2024 12:50:59.717,August,Device temperature ,13
DPFZ,ps,16-08-2024,-,-,-,31,16-08-2024 12:51:00.711,August,Device temperature ,13
DPFZ,ps,16-08-2024,-,-,-,30,16-08-2024 12:51:01.732,August,Device temperature ,13
DPFZ,ps,16-08-2024,-,-,-,31,16-08-2024 12:51:02.724,August,Device temperature ,13
DPFZ,ps,16-08-2024,-,-,-,31,16-08-2024 12:51:03.734,August,Device temperature ,13
DPFZ,ps,16-08-2024,-,-,-,31,16-08-2024 12:51:04.811,August,Device temperature ,13
DPFZ,ps,16-08-2024,-,-,-,31,16-08-2024 12:51:05.736,August,Device temperature ,13
DPFZ,ps,16-08-2024,-,-,-,31,16-08-2024 12:51:06.748,August,Device temperature ,13
DPFZ,ps,16-08-2024,-,-,-,31,16-08-2024 12:51:07.756,August,Device temperature ,13
DPFZ,ps,16-08-2024,-,-,-,31,16-08-2024 12:51:08.751,August,Device temperature ,13
DPFZ,ps,16-08-2024,-,-,-,30,16-08-2024 12:51:09.777,August,Device temperature ,13
DPFZ,ps,16-08-2024,-,-,-,31,16-08-2024 12:51:10.779,August,Device temperature ,13
DPFZ,ps,16-08-2024,-,-,-,31,16-08-2024 12:51:11.786,August,Device temperature ,13
DPFZ,ps,16-08-2024,-,-,-,31,16-08-2024 12:51:12.796,August,Device temperature ,13
DPFZ,ps,16-08-2024,-,-,-,31,16-08-2024 12:51:13.793,August,Device temperature ,13
DPFZ,ps,16-08-2024,-,-,-,31,16-08-2024 12:51:14.804,August,Device temperature ,13
DPFZ,ps,16-08-2024,-,-,-,31,16-08-2024 12:51:15.825,August,Device temperature ,13
DPFZ,ps,16-08-2024,-,-,-,31,16-08-2024 12:51:16.824,August,Device temperature ,13
DPFZ,ps,16-08-2024,-,-,-,30,16-08-2024 12:51:17.820,August,Device temperature ,13
DPFZ,ps,16-08-2024,-,-,-,31,16-08-2024 12:51:18.830,August,Device temperature ,13
DPFZ,ps,16-08-2024,-,-,-,31,16-08-2024 12:51:19.818,August,Device temperature ,13
DPFZ,ps,16-08-2024,-,-,-,32,16-08-2024 12:51:20.822,August,Device temperature ,13
DPFZ,ps,16-08-2024,-,-,-,31,16-08-2024 12:51:21.829,August,Device temperature ,13
DPFZ,ps,16-08-2024,-,-,-,31,16-08-2024 12:51:22.840,August,Device temperature ,13
DPFZ,ps,16-08-2024,J5,70%Alcohol,R1,0,16-08-2024 12:51:32.640,August,Picked From,13
DPFZ,ps,16-08-2024,J6,50% Alcohol,R1,0,16-08-2024 12:51:38.792,August,Placed In,13
DPFZ,ps,16-08-2024,-,-,-,31,16-08-2024 12:51:43.183,August,Device temperature ,13
DPFZ,ps,16-08-2024,-,-,-,32,16-08-2024 12:51:44.238,August,Device temperature ,13
DPFZ,ps,16-08-2024,-,-,-,30,16-08-2024 12:51:45.239,August,Device temperature ,13
DPFZ,ps,16-08-2024,-,-,-,31,16-08-2024 12:51:46.239,August,Device temperature ,13
DPFZ,ps,16-08-2024,J3,XYLENE-3,R2,0,16-08-2024 12:51:55.119,August,Picked From,13
DPFZ,ps,16-08-2024,J4,100 % Alcohol,R2,0,16-08-2024 12:52:01.214,August,Placed In,13
DPFZ,ps,16-08-2024,-,-,-,31,16-08-2024 12:52:05.896,August,Device temperature ,13
DPFZ,ps,16-08-2024,-,-,-,31,16-08-2024 12:52:06.949,August,Device temperature ,13
DPFZ,ps,16-08-2024,-,-,-,31,16-08-2024 12:52:07.962,August,Device temperature ,13
DPFZ,ps,16-08-2024,-,-,-,31,16-08-2024 12:52:08.980,August,Device temperature ,13
DPFZ,ps,16-08-2024,-,-,-,31,16-08-2024 12:52:09.986,August,Device temperature ,13
DPFZ,ps,16-08-2024,-,-,-,31,16-08-2024 12:52:10.994,August,Device temperature ,13
DPFZ,ps,16-08-2024,-,-,-,31,16-08-2024 12:52:11.995,August,Device temperature ,13
DPFZ,ps,16-08-2024,-,-,-,31,16-08-2024 12:52:12.990,August,Device temperature ,13
DPFZ,ps,16-08-2024,-,-,-,31,16-08-2024 12:52:13.999,August,Device temperature ,13
DPFZ,ps,16-08-2024,-,-,-,31,16-08-2024 12:52:14.994,August,Device temperature ,13
DPFZ,ps,16-08-2024,-,-,-,31,16-08-2024 12:52:15.989,August,Device temperature ,13
DPFZ,ps,16-08-2024,-,-,-,31,16-08-2024 12:52:16.999,August,Device temperature ,13
DPFZ,ps,16-08-2024,-,-,-,30,16-08-2024 12:52:17.993,August,Device temperature ,13
DPFZ,ps,16-08-2024,-,-,-,31,16-08-2024 12:52:18.996,August,Device temperature ,13
DPFZ,ps,16-08-2024,-,-,-,31,16-08-2024 12:52:19.998,August,Device temperature ,13
DPFZ,ps,16-08-2024,-,-,-,31,16-08-2024 12:52:20.987,August,Device temperature ,13
DPFZ,ps,16-08-2024,-,-,-,31,16-08-2024 12:52:21.999,August,Device temperature ,13
DPFZ,ps,16-08-2024,-,-,-,31,16-08-2024 12:52:22.987,August,Device temperature ,13
DPFZ,ps,16-08-2024,-,-,-,31,16-08-2024 12:52:23.996,August,Device temperature ,13
DPFZ,ps,16-08-2024,-,-,-,31,16-08-2024 12:52:25.000,August,Device temperature ,13
DPFZ,ps,16-08-2024,-,-,-,31,16-08-2024 12:52:26.011,August,Device temperature ,13
DPFZ,ps,16-08-2024,-,-,-,32,16-08-2024 12:52:27.032,August,Device temperature ,13
DPFZ,ps,16-08-2024,-,-,-,31,16-08-2024 12:52:28.025,August,Device temperature ,13
DPFZ,ps,16-08-2024,-,-,-,31,16-08-2024 12:52:29.020,August,Device temperature ,13
DPFZ,ps,16-08-2024,-,-,-,31,16-08-2024 12:52:30.032,August,Device temperature ,13
DPFZ,ps,16-08-2024,-,-,-,31,16-08-2024 12:52:31.018,August,Device temperature ,13
DPFZ,ps,16-08-2024,-,-,-,31,16-08-2024 12:52:32.025,August,Device temperature ,13
DPFZ,ps,16-08-2024,-,-,-,31,16-08-2024 12:52:33.016,August,Device temperature ,13
DPFZ,ps,16-08-2024,-,-,-,31,16-08-2024 12:52:34.025,August,Device temperature ,13
DPFZ,ps,16-08-2024,-,-,-,31,16-08-2024 12:52:35.032,August,Device temperature ,13
DPFZ,ps,16-08-2024,-,-,-,32,16-08-2024 12:52:36.027,August,Device temperature ,13
DPFZ,ps,16-08-2024,-,-,-,30,16-08-2024 12:52:37.033,August,Device temperature ,13
DPFZ,ps,16-08-2024,-,-,-,32,16-08-2024 12:52:38.021,August,Device temperature ,13
DPFZ,ps,16-08-2024,-,-,-,31,16-08-2024 12:52:39.016,August,Device temperature ,13
DPFZ,ps,16-08-2024,-,-,-,31,16-08-2024 12:52:40.027,August,Device temperature ,13
DPFZ,ps,16-08-2024,-,-,-,31,16-08-2024 12:52:41.014,August,Device temperature ,13
DPFZ,ps,16-08-2024,-,-,-,31,16-08-2024 12:52:42.022,August,Device temperature ,13
DPFZ,ps,16-08-2024,J2,XYLENE-2,R3,0,16-08-2024 12:52:49.933,August,Picked From,13
DPFZ,ps,16-08-2024,J3,XYLENE-3,R3,0,16-08-2024 12:52:56.088,August,Placed In,13
DPFZ,ps,16-08-2024,-,-,-,31,16-08-2024 12:53:00.326,August,Device temperature ,13
DPFZ,ps,16-08-2024,-,-,-,31,16-08-2024 12:53:01.398,August,Device temperature ,13
DPFZ,ps,16-08-2024,-,-,-,30,16-08-2024 12:53:02.408,August,Device temperature ,13
DPFZ,ps,16-08-2024,-,-,-,31,16-08-2024 12:53:03.413,August,Device temperature ,13
DPFZ,ps,16-08-2024,-,-,-,31,16-08-2024 12:53:04.433,August,Device temperature ,13
DPFZ,ps,16-08-2024,-,-,-,31,16-08-2024 12:53:05.451,August,Device temperature ,13
DPFZ,ps,16-08-2024,-,-,-,31,16-08-2024 12:53:06.444,August,Device temperature ,13
DPFZ,ps,16-08-2024,-,-,-,31,16-08-2024 12:53:07.454,August,Device temperature ,13
DPFZ,ps,16-08-2024,-,-,-,32,16-08-2024 12:53:08.444,August,Device temperature ,13
DPFZ,ps,16-08-2024,-,-,-,31,16-08-2024 12:53:09.452,August,Device temperature ,13
DPFZ,ps,16-08-2024,-,-,-,31,16-08-2024 12:53:10.453,August,Device temperature ,13
DPFZ,ps,16-08-2024,-,-,-,31,16-08-2024 12:53:11.444,August,Device temperature ,13
DPFZ,ps,16-08-2024,-,-,-,31,16-08-2024 12:53:12.464,August,Device temperature ,13
DPFZ,ps,16-08-2024,-,-,-,31,16-08-2024 12:53:13.461,August,Device temperature ,13
DPFZ,ps,16-08-2024,-,-,-,31,16-08-2024 12:53:14.464,August,Device temperature ,13
DPFZ,ps,16-08-2024,-,-,-,31,16-08-2024 12:53:15.472,August,Device temperature ,13
DPFZ,ps,16-08-2024,-,-,-,31,16-08-2024 12:53:16.459,August,Device temperature ,13
DPFZ,ps,16-08-2024,-,-,-,31,16-08-2024 12:53:17.480,August,Device temperature ,13
DPFZ,ps,16-08-2024,-,-,-,31,16-08-2024 12:53:18.473,August,Device temperature ,13
DPFZ,ps,16-08-2024,-,-,-,31,16-08-2024 12:53:19.484,August,Device temperature ,13
DPFZ,ps,16-08-2024,-,-,-,31,16-08-2024 12:53:20.492,August,Device temperature ,13
DPFZ,ps,16-08-2024,-,-,-,31,16-08-2024 12:53:21.489,August,Device temperature ,13
DPFZ,ps,16-08-2024,-,-,-,31,16-08-2024 12:53:22.483,August,Device temperature ,13
DPFZ,ps,16-08-2024,-,-,-,31,16-08-2024 12:53:23.492,August,Device temperature ,13
DPFZ,ps,16-08-2024,-,-,-,31,16-08-2024 12:53:24.508,August,Device temperature ,13
DPFZ,ps,16-08-2024,-,-,-,31,16-08-2024 12:53:25.506,August,Device temperature ,13
DPFZ,ps,16-08-2024,-,-,-,31,16-08-2024 12:53:26.507,August,Device temperature ,13
DPFZ,ps,16-08-2024,-,-,-,31,16-08-2024 12:53:27.509,August,Device temperature ,13
DPFZ,ps,16-08-2024,-,-,-,31,16-08-2024 12:53:28.508,August,Device temperature ,13
DPFZ,ps,16-08-2024,-,-,-,31,16-08-2024 12:53:29.510,August,Device temperature ,13
DPFZ,ps,16-08-2024,-,-,-,31,16-08-2024 12:53:30.515,August,Device temperature ,13
DPFZ,ps,16-08-2024,-,-,-,31,16-08-2024 12:53:31.517,August,Device temperature ,13
DPFZ,ps,16-08-2024,-,-,-,31,16-08-2024 12:53:32.511,August,Device temperature ,13
DPFZ,ps,16-08-2024,-,-,-,30,16-08-2024 12:53:33.517,August,Device temperature ,13
DPFZ,ps,16-08-2024,-,-,-,31,16-08-2024 12:53:34.497,August,Device temperature ,13
DPFZ,ps,16-08-2024,-,-,-,31,16-08-2024 12:53:35.525,August,Device temperature ,13
DPFZ,ps,16-08-2024,-,-,-,31,16-08-2024 12:53:36.519,August,Device temperature ,13
DPFZ,ps,16-08-2024,-,-,-,32,16-08-2024 12:53:37.521,August,Device temperature ,13
DPFZ,ps,16-08-2024,-,-,-,31,16-08-2024 12:53:38.513,August,Device temperature ,13
DPFZ,ps,16-08-2024,-,-,-,31,16-08-2024 12:53:39.519,August,Device temperature ,13
DPFZ,ps,16-08-2024,-,-,-,31,16-08-2024 12:53:40.518,August,Device temperature ,13
DPFZ,ps,16-08-2024,-,-,-,31,16-08-2024 12:53:41.535,August,Device temperature ,13
DPFZ,ps,16-08-2024,-,-,-,31,16-08-2024 12:53:42.532,August,Device temperature ,13
DPFZ,ps,16-08-2024,-,-,-,30,16-08-2024 12:53:43.526,August,Device temperature ,13
DPFZ,ps,16-08-2024,-,-,-,31,16-08-2024 12:53:44.529,August,Device temperature ,13
DPFZ,ps,16-08-2024,-,-,-,31,16-08-2024 12:53:45.533,August,Device temperature ,13
DPFZ,ps,16-08-2024,-,-,-,31,16-08-2024 12:53:46.528,August,Device temperature ,13
DPFZ,ps,16-08-2024,-,-,-,32,16-08-2024 12:53:47.526,August,Device temperature ,13
DPFZ,ps,16-08-2024,-,-,-,31,16-08-2024 12:53:48.528,August,Device temperature ,13
DPFZ,ps,16-08-2024,-,-,-,31,16-08-2024 12:53:49.519,August,Device temperature ,13
DPFZ,ps,16-08-2024,-,-,-,31,16-08-2024 12:53:50.543,August,Device temperature ,13
DPFZ,ps,16-08-2024,-,-,-,31,16-08-2024 12:53:51.553,August,Device temperature ,13
DPFZ,ps,16-08-2024,-,-,-,31,16-08-2024 12:53:52.553,August,Device temperature ,13
DPFZ,ps,16-08-2024,-,-,-,31,16-08-2024 12:53:53.569,August,Device temperature ,13
DPFZ,ps,16-08-2024,-,-,-,31,16-08-2024 12:53:54.565,August,Device temperature ,13
DPFZ,ps,16-08-2024,-,-,-,31,16-08-2024 12:53:55.568,August,Device temperature ,13
DPFZ,ps,16-08-2024,-,-,-,31,16-08-2024 12:53:56.582,August,Device temperature ,13
DPFZ,ps,16-08-2024,-,-,-,31,16-08-2024 12:53:57.576,August,Device temperature ,13
DPFZ,ps,16-08-2024,-,-,-,31,16-08-2024 12:53:58.564,August,Device temperature ,13
DPFZ,ps,16-08-2024,-,-,-,31,16-08-2024 12:53:59.588,August,Device temperature ,13
DPFZ,ps,16-08-2024,-,-,-,31,16-08-2024 12:54:00.591,August,Device temperature ,13
DPFZ,ps,16-08-2024,-,-,-,31,16-08-2024 12:54:01.581,August,Device temperature ,13
DPFZ,ps,16-08-2024,-,-,-,30,16-08-2024 12:54:02.606,August,Device temperature ,13
DPFZ,ps,16-08-2024,-,-,-,31,16-08-2024 12:54:03.585,August,Device temperature ,13
DPFZ,ps,16-08-2024,-,-,-,31,16-08-2024 12:54:04.622,August,Device temperature ,13
DPFZ,ps,16-08-2024,-,-,-,31,16-08-2024 12:54:05.618,August,Device temperature ,13
DPFZ,ps,16-08-2024,-,-,-,31,16-08-2024 12:54:06.623,August,Device temperature ,13
DPFZ,ps,16-08-2024,-,-,-,31,16-08-2024 12:54:07.624,August,Device temperature ,13
DPFZ,ps,16-08-2024,-,-,-,30,16-08-2024 12:54:08.604,August,Device temperature ,13
DPFZ,ps,16-08-2024,-,-,-,31,16-08-2024 12:54:09.622,August,Device temperature ,13
DPFZ,ps,16-08-2024,-,-,-,31,16-08-2024 12:54:10.631,August,Device temperature ,13
DPFZ,ps,16-08-2024,-,-,-,32,16-08-2024 12:54:11.634,August,Device temperature ,13
DPFZ,ps,16-08-2024,-,-,-,31,16-08-2024 12:54:12.626,August,Device temperature ,13
DPFZ,ps,16-08-2024,-,-,-,31,16-08-2024 12:54:13.639,August,Device temperature ,13
DPFZ,ps,16-08-2024,-,-,-,31,16-08-2024 12:54:14.641,August,Device temperature ,13
DPFZ,ps,16-08-2024,-,-,-,30,16-08-2024 12:54:15.632,August,Device temperature ,13
DPFZ,ps,16-08-2024,-,-,-,31,16-08-2024 12:54:16.638,August,Device temperature ,13
DPFZ,ps,16-08-2024,-,-,-,30,16-08-2024 12:54:17.660,August,Device temperature ,13
DPFZ,ps,16-08-2024,-,-,-,30,16-08-2024 12:54:18.651,August,Device temperature ,13
DPFZ,ps,16-08-2024,-,-,-,31,16-08-2024 12:54:19.655,August,Device temperature ,13
DPFZ,ps,16-08-2024,-,-,-,31,16-08-2024 12:54:20.643,August,Device temperature ,13
DPFZ,ps,16-08-2024,-,-,-,31,16-08-2024 12:54:21.654,August,Device temperature ,13
DPFZ,ps,16-08-2024,-,-,-,31,16-08-2024 12:54:22.647,August,Device temperature ,13
DPFZ,ps,16-08-2024,-,-,-,31,16-08-2024 12:54:23.654,August,Device temperature ,13
DPFZ,ps,16-08-2024,-,-,-,31,16-08-2024 12:54:24.653,August,Device temperature ,13
DPFZ,ps,16-08-2024,-,-,-,31,16-08-2024 12:54:25.673,August,Device temperature ,13
DPFZ,ps,16-08-2024,-,-,-,31,16-08-2024 12:54:26.658,August,Device temperature ,13
DPFZ,ps,16-08-2024,-,-,-,31,16-08-2024 12:54:27.665,August,Device temperature ,13
DPFZ,ps,16-08-2024,-,-,-,31,16-08-2024 12:54:28.667,August,Device temperature ,13
DPFZ,ps,16-08-2024,-,-,-,31,16-08-2024 12:54:29.661,August,Device temperature ,13
DPFZ,ps,16-08-2024,-,-,-,31,16-08-2024 12:54:30.673,August,Device temperature ,13
DPFZ,ps,16-08-2024,-,-,-,31,16-08-2024 12:54:31.667,August,Device temperature ,13
DPFZ,ps,16-08-2024,-,-,-,31,16-08-2024 12:54:32.652,August,Device temperature ,13
DPFZ,ps,16-08-2024,-,-,-,31,16-08-2024 12:54:33.660,August,Device temperature ,13
DPFZ,ps,16-08-2024,-,-,-,31,16-08-2024 12:54:34.670,August,Device temperature ,13
DPFZ,ps,16-08-2024,-,-,-,31,16-08-2024 12:54:35.655,August,Device temperature ,13
DPFZ,ps,16-08-2024,-,-,-,31,16-08-2024 12:54:36.657,August,Device temperature ,13
DPFZ,ps,16-08-2024,-,-,-,31,16-08-2024 12:54:37.682,August,Device temperature ,13
DPFZ,ps,16-08-2024,-,-,-,31,16-08-2024 12:54:38.688,August,Device temperature ,13
DPFZ,ps,16-08-2024,J6,50% Alcohol,R1,0,16-08-2024 12:54:47.982,August,Picked From,13
DPFZ,ps,16-08-2024,J7,DI Water,R1,0,16-08-2024 12:54:54.182,August,Placed In,13
DPFZ,ps,16-08-2024,-,-,-,31,16-08-2024 12:54:58.544,August,Device temperature ,13
DPFZ,ps,16-08-2024,-,-,-,31,16-08-2024 12:54:59.599,August,Device temperature ,13
DPFZ,ps,16-08-2024,-,-,-,31,16-08-2024 12:55:00.625,August,Device temperature ,13
DPFZ,ps,16-08-2024,-,-,-,31,16-08-2024 12:55:01.627,August,Device temperature ,13
DPFZ,ps,16-08-2024,J4,100 % Alcohol,R2,0,16-08-2024 12:55:10.187,August,Picked From,13
DPFZ,ps,16-08-2024,J5,70%Alcohol,R2,0,16-08-2024 12:55:16.289,August,Placed In,13
DPFZ,ps,16-08-2024,-,-,-,31,16-08-2024 12:55:21.043,August,Device temperature ,13
DPFZ,ps,16-08-2024,-,-,-,0,16-08-2024 12:55:22.120,August,Heater Switched Off ,13
DPFZ,ps,16-08-2024,-,-,-,0,16-08-2024 12:55:23.328,August,Heater Door Opened,13
DPFZ,ps,16-08-2024,,,R4,0,16-08-2024 12:55:23.917,August,Test Started,13
DPFZ,ps,16-08-2024,H1,Heating,R4,0,16-08-2024 12:55:32.084,August,Picked From,13
DPFZ,ps,16-08-2024,-,-,-,0,16-08-2024 12:55:32.620,August,Heater Door Closed,13
DPFZ,ps,16-08-2024,J1,XYLENE-1,R4,0,16-08-2024 12:55:39.264,August,Placed In,13
DPFZ,ps,16-08-2024,J7,DI Water,R1,0,16-08-2024 12:57:03.622,August,Picked From,13
DPFZ,ps,16-08-2024,J8,DI Water,R1,0,16-08-2024 12:57:09.797,August,Placed In,13
DPFZ,ps,16-08-2024,J3,XYLENE-3,R3,0,16-08-2024 12:58:03.905,August,Picked From,13
DPFZ,ps,16-08-2024,J4,100 % Alcohol,R3,0,16-08-2024 12:58:10.011,August,Placed In,13
DPFZ,ps,16-08-2024,J5,70%Alcohol,R2,0,16-08-2024 12:58:23.111,August,Picked From,13
DPFZ,ps,16-08-2024,J6,50% Alcohol,R2,0,16-08-2024 12:58:29.253,August,Placed In,13
DPFZ,ps,16-08-2024,J8,DI Water,R1,0,16-08-2024 12:59:17.686,August,Picked From,13
DPFZ,ps,16-08-2024,U1,Unloading,R1,0,16-08-2024 12:59:26.827,August,Placed In,13
DPFZ,ps,16-08-2024,U1,Unloading,R1,0,16-08-2024 12:59:28.654,August,Test Completed,13
DPFZ,ps,16-08-2024,J1,XYLENE-1,R4,0,16-08-2024 13:00:52.374,August,Picked From,13
DPFZ,ps,16-08-2024,J2,XYLENE-2,R4,0,16-08-2024 13:00:58.479,August,Placed In,13
DPFZ,ps,16-08-2024,J4,100 % Alcohol,R3,0,16-08-2024 13:01:17.449,August,Picked From,13
DPFZ,ps,16-08-2024,J5,70%Alcohol,R3,0,16-08-2024 13:01:23.570,August,Placed In,13
DPFZ,ps,16-08-2024,J6,50% Alcohol,R2,0,16-08-2024 13:01:36.086,August,Picked From,13
DPFZ,ps,16-08-2024,J7,DI Water,R2,0,16-08-2024 13:01:42.197,August,Placed In,13
DPFZ,ps,16-08-2024,-,-,-,0,16-08-2024 13:02:21.071,August,Heater Door Opened,13
DPFZ,ps,16-08-2024,,,R5,0,16-08-2024 13:02:21.753,August,Test Started,13
DPFZ,ps,16-08-2024,H2,Heating,R5,0,16-08-2024 13:02:30.908,August,Picked From,13
DPFZ,ps,16-08-2024,-,-,-,0,16-08-2024 13:02:31.438,August,Heater Door Closed,13
DPFZ,ps,16-08-2024,J1,XYLENE-1,R5,0,16-08-2024 13:02:38.160,August,Placed In,13
DPFZ,ps,16-08-2024,J7,DI Water,R2,0,16-08-2024 13:03:50.787,August,Picked From,13
DPFZ,ps,16-08-2024,J8,DI Water,R2,0,16-08-2024 13:03:56.944,August,Placed In,13
DPFZ,ps,16-08-2024,J5,70%Alcohol,R3,0,16-08-2024 13:04:31.239,August,Picked From,13
DPFZ,ps,16-08-2024,J6,50% Alcohol,R3,0,16-08-2024 13:04:37.373,August,Placed In,13
DPFZ,ps,16-08-2024,J8,DI Water,R2,0,16-08-2024 13:06:04.070,August,Picked From,13
DPFZ,ps,16-08-2024,U2,Unloading,R2,0,16-08-2024 13:06:12.703,August,Placed In,13
DPFZ,ps,16-08-2024,U2,Unloading,R2,0,16-08-2024 13:06:13.728,August,Test Completed,13
DPFZ,ps,16-08-2024,J2,XYLENE-2,R4,0,16-08-2024 13:06:43.748,August,Picked From,13
DPFZ,ps,16-08-2024,J3,XYLENE-3,R4,0,16-08-2024 13:06:49.858,August,Placed In,13
DPFZ,ps,16-08-2024,J6,50% Alcohol,R3,0,16-08-2024 13:07:45.191,August,Picked From,13
DPFZ,ps,16-08-2024,J7,DI Water,R3,0,16-08-2024 13:07:51.320,August,Placed In,13
DPFZ,ps,16-08-2024,J1,XYLENE-1,R5,0,16-08-2024 13:08:08.377,August,Picked From,13
DPFZ,ps,16-08-2024,J2,XYLENE-2,R5,0,16-08-2024 13:08:14.531,August,Placed In,13
DPFZ,ps,16-08-2024,-,-,-,0,16-08-2024 13:08:52.980,August,Heater Door Opened,13
DPFZ,ps,16-08-2024,,,R6,0,16-08-2024 13:08:53.619,August,Test Started,13
DPFZ,ps,16-08-2024,H3,Heating,R6,0,16-08-2024 13:09:00.808,August,Picked From,13
DPFZ,ps,16-08-2024,-,-,-,0,16-08-2024 13:09:01.331,August,Heater Door Closed,13
DPFZ,ps,16-08-2024,J1,XYLENE-1,R6,0,16-08-2024 13:09:08.077,August,Placed In,13
DPFZ,ps,16-08-2024,J7,DI Water,R3,0,16-08-2024 13:09:59.942,August,Picked From,13
DPFZ,ps,16-08-2024,J8,DI Water,R3,0,16-08-2024 13:10:06.134,August,Placed In,13
DPFZ,ps,16-08-2024,J3,XYLENE-3,R4,0,16-08-2024 13:11:58.513,August,Picked From,13
DPFZ,ps,16-08-2024,J4,100 % Alcohol,R4,0,16-08-2024 13:12:04.617,August,Placed In,13
DPFZ,ps,16-08-2024,J8,DI Water,R3,0,16-08-2024 13:12:13.668,August,Picked From,13
DPFZ,ps,16-08-2024,U3,Unloading,R3,0,16-08-2024 13:12:21.790,August,Placed In,13
DPFZ,ps,16-08-2024,U3,Unloading,R3,0,16-08-2024 13:12:22.807,August,Test Completed,13
DPFZ,ps,16-08-2024,J2,XYLENE-2,R5,0,16-08-2024 13:13:26.240,August,Picked From,13
DPFZ,ps,16-08-2024,J3,XYLENE-3,R5,0,16-08-2024 13:13:32.356,August,Placed In,13
DPFZ,ps,16-08-2024,J1,XYLENE-1,R6,0,16-08-2024 13:14:15.616,August,Picked From,13
DPFZ,ps,16-08-2024,J2,XYLENE-2,R6,0,16-08-2024 13:14:21.729,August,Placed In,13
DPFZ,ps,16-08-2024,J4,100 % Alcohol,R4,0,16-08-2024 13:15:11.738,August,Picked From,13
DPFZ,ps,16-08-2024,J5,70%Alcohol,R4,0,16-08-2024 13:15:17.863,August,Placed In,13
DPFZ,ps,16-08-2024,-,-,-,0,16-08-2024 13:15:54.734,August,Heater Door Opened,13
DPFZ,ps,16-08-2024,L1,-,-,0,16-08-2024 13:15:59.068,August,Liquid Level - 2583,13
DPFZ,ps,16-08-2024,L2,-,-,0,16-08-2024 13:16:01.887,August,Liquid Level - 2579,13
DPFZ,ps,16-08-2024,L3,-,-,0,16-08-2024 13:16:04.463,August,Liquid Level - 2569,13
DPFZ,ps,16-08-2024,-,-,-,0,16-08-2024 13:16:15.854,August,Home Reached,13
DPFZ,ps,16-08-2024,J5,70%Alcohol,R4,0,16-08-2024 13:18:28.977,August,Picked From,13
DPFZ,ps,16-08-2024,J6,50% Alcohol,R4,0,16-08-2024 13:18:35.102,August,Placed In,13
DPFZ,ps,16-08-2024,-,-,-,0,16-08-2024 13:19:09.131,August,Protorun Stopped,13
