Rack Status,ps,19-12-2023,-,-,0,19-12-2023 17:37:09,December,Rack Hold Status - 00
Rack Status,ps,19-12-2023,-,-,0,19-12-2023 17:37:15,December,Home Reached
Rack Status,ps,19-12-2023,-,-,0,19-12-2023 17:37:21,December,Home Reached
Rack Status,ps,19-12-2023,-,-,0,19-12-2023 17:37:21,December,
Rack Status,ps,19-12-2023,U1,-,0,19-12-2023 17:37:30,December,Liquid Level - 2519
Rack Status,ps,19-12-2023,U2,-,0,19-12-2023 17:37:33,December,Liquid Level - 2525
Rack Status,ps,19-12-2023,U3,-,0,19-12-2023 17:37:36,December,Liquid Level - 2505
Rack Status,ps,19-12-2023,U4,-,0,19-12-2023 17:37:38,December,Liquid Level - 2528
Rack Status,ps,19-12-2023,U5,-,0,19-12-2023 17:37:41,December,Liquid Level - 2534
Rack Status,ps,19-12-2023,U6,-,0,19-12-2023 17:37:44,December,Liquid Level - 2526
Rack Status,ps,19-12-2023,J1,-,0,19-12-2023 17:37:50,December,Liquid Level - 2541
Rack Status,ps,19-12-2023,J2,-,0,19-12-2023 17:37:53,December,Liquid Level - 2537
Rack Status,ps,19-12-2023,J3,-,0,19-12-2023 17:37:55,December,Liquid Level - 2555
Rack Status,ps,19-12-2023,J4,-,0,19-12-2023 17:37:58,December,Liquid Level - 2577
Rack Status,ps,19-12-2023,J5,-,0,19-12-2023 17:38:00,December,Liquid Level - 2522
Rack Status,ps,19-12-2023,J6,-,0,19-12-2023 17:38:03,December,Liquid Level - 2537
Rack Status,ps,19-12-2023,J7,-,0,19-12-2023 17:38:06,December,Liquid Level - 2546
Rack Status,ps,19-12-2023,J8,-,0,19-12-2023 17:38:08,December,Liquid Level - 2541
Rack Status,ps,19-12-2023,J9,-,0,19-12-2023 17:38:11,December,Liquid Level - 2539
Rack Status,ps,19-12-2023,W1,-,0,19-12-2023 17:38:13,December,Liquid Level - 2509
Rack Status,ps,19-12-2023,W2,-,0,19-12-2023 17:38:16,December,Liquid Level - 2528
Rack Status,ps,19-12-2023,W3,-,0,19-12-2023 17:38:18,December,Liquid Level - 2534
Rack Status,ps,19-12-2023,J10,-,0,19-12-2023 17:38:21,December,Liquid Level - 2542
Rack Status,ps,19-12-2023,J11,-,0,19-12-2023 17:38:24,December,Liquid Level - 2543
Rack Status,ps,19-12-2023,J12,-,0,19-12-2023 17:38:26,December,Liquid Level - 2536
Rack Status,ps,19-12-2023,J13,-,0,19-12-2023 17:38:29,December,Liquid Level - 2499
Rack Status,ps,19-12-2023,J14,-,0,19-12-2023 17:38:31,December,Liquid Level - 2543
Rack Status,ps,19-12-2023,J15,-,0,19-12-2023 17:38:34,December,Liquid Level - 2536
Rack Status,ps,19-12-2023,J16,-,0,19-12-2023 17:38:37,December,Liquid Level - 2534
Rack Status,ps,19-12-2023,J17,-,0,19-12-2023 17:38:39,December,Liquid Level - 2543
Rack Status,ps,19-12-2023,W4,-,0,19-12-2023 17:38:42,December,Liquid Level - 2534
Rack Status,ps,19-12-2023,W5,-,0,19-12-2023 17:38:45,December,Liquid Level - 2537
Rack Status,ps,19-12-2023,W6,-,0,19-12-2023 17:38:47,December,Liquid Level - 2530
Rack Status,ps,19-12-2023,J18,-,0,19-12-2023 17:38:50,December,Liquid Level - 2547
Rack Status,ps,19-12-2023,J19,-,0,19-12-2023 17:38:52,December,Liquid Level - 2544
Rack Status,ps,19-12-2023,J20,-,0,19-12-2023 17:38:55,December,Liquid Level - 2551
Rack Status,ps,19-12-2023,J21,-,0,19-12-2023 17:38:57,December,Liquid Level - 2541
Rack Status,ps,19-12-2023,J22,-,0,19-12-2023 17:39:00,December,Liquid Level - 2559
Rack Status,ps,19-12-2023,J23,-,0,19-12-2023 17:39:03,December,Liquid Level - 2553
Rack Status,ps,19-12-2023,J24,-,0,19-12-2023 17:39:05,December,Liquid Level - 2563
Rack Status,ps,19-12-2023,J25,-,0,19-12-2023 17:39:08,December,Liquid Level - 2549
Rack Status,ps,19-12-2023,J26,-,0,19-12-2023 17:39:10,December,Liquid Level - 2550
Rack Status,ps,19-12-2023,J27,-,0,19-12-2023 17:39:16,December,Liquid Level - 2494
Rack Status,ps,19-12-2023,J28,-,0,19-12-2023 17:39:19,December,Liquid Level - 2559
Rack Status,ps,19-12-2023,J29,-,0,19-12-2023 17:39:22,December,Liquid Level - 2566
Rack Status,ps,19-12-2023,J30,-,0,19-12-2023 17:39:24,December,Liquid Level - 2569
Rack Status,ps,19-12-2023,J31,-,0,19-12-2023 17:39:27,December,Liquid Level - 2559
Rack Status,ps,19-12-2023,J32,-,0,19-12-2023 17:39:29,December,Liquid Level - 2584
Rack Status,ps,19-12-2023,J33,-,0,19-12-2023 17:39:32,December,Liquid Level - 2577
Rack Status,ps,19-12-2023,H1,-,0,19-12-2023 17:39:36,December,Liquid Level - 3482
Rack Status,ps,19-12-2023,H2,-,0,19-12-2023 17:39:39,December,Liquid Level - 3505
Rack Status,ps,19-12-2023,H3,-,0,19-12-2023 17:39:42,December,Liquid Level - 3489
Rack Status,ps,19-12-2023,-,-,0,19-12-2023 17:39:56,December,Home Reached
Rack Status,ps,19-12-2023,-,-,0,19-12-2023 17:40:01,December,Home Reached
TSP,ps,19-12-2023,-,-,0,19-12-2023 17:41:00,December,Test Started
TSP,ps,19-12-2023,-,-,0,19-12-2023 17:41:30,December,Home Reached
TSP,ps,19-12-2023,-,-,0,19-12-2023 17:41:30,December,
TSP,ps,19-12-2023,-,-,0,19-12-2023 17:41:36,December,Home Reached
TSP,ps,19-12-2023,-,-,0,19-12-2023 17:41:36,December,
TSP,ps,19-12-2023,L1,-,0,19-12-2023 17:41:50,December,Liquid Level - 293
TSP,ps,19-12-2023,L2,-,0,19-12-2023 17:41:53,December,Liquid Level - 2576
TSP,ps,19-12-2023,L3,-,0,19-12-2023 17:41:55,December,Liquid Level - 2574
TSP,ps,19-12-2023,-,-,0,19-12-2023 17:41:59,December,Home Reached
TSP,ps,19-12-2023,-,-,0,19-12-2023 17:42:03,December,Home Reached
TSP,ps,19-12-2023,,R1,0,19-12-2023 17:42:09,December,Test Started
TSP,ps,19-12-2023,L1,R1,0,19-12-2023 17:42:16,December,Picked From
TSP,ps,19-12-2023,J1,R1,0,19-12-2023 17:42:23,December,Placed In
TSP,ps,19-12-2023,W1,R1,0,19-12-2023 17:45:06,December,Water Valve : 1 is On
TSP,ps,19-12-2023,J1,R1,0,19-12-2023 17:45:29,December,Picked From
TSP,ps,19-12-2023,W1,R1,0,19-12-2023 17:45:39,December,Placed In
TSP,ps,19-12-2023,W1,R1,0,19-12-2023 17:47:45,December,Picked From
TSP,ps,19-12-2023,J2,R1,0,19-12-2023 17:47:54,December,Placed In
TSP,ps,19-12-2023,W1,R1,0,19-12-2023 17:48:12,December,Water Valve : 1 is Off
TSP,ps,19-12-2023,W2,R1,0,19-12-2023 17:50:36,December,Water Valve : 2 is On
TSP,ps,19-12-2023,J2,R1,0,19-12-2023 17:50:59,December,Picked From
TSP,ps,19-12-2023,W2,R1,0,19-12-2023 17:51:09,December,Placed In
TSP,ps,19-12-2023,W2,R1,0,19-12-2023 17:53:15,December,Picked From
TSP,ps,19-12-2023,J3,R1,0,19-12-2023 17:53:24,December,Dipped In
TSP,ps,19-12-2023,W3,R1,0,19-12-2023 17:53:35,December,Placed In
TSP,ps,19-12-2023,W3,R1,0,19-12-2023 17:55:41,December,Picked From
TSP,ps,19-12-2023,J4,R1,0,19-12-2023 17:55:50,December,Placed In
TSP,ps,19-12-2023,W2,R1,0,19-12-2023 17:56:08,December,Water Valve : 2 is Off
TSP,ps,19-12-2023,J4,R1,0,19-12-2023 17:57:56,December,Picked From
TSP,ps,19-12-2023,J5,R1,0,19-12-2023 17:58:02,December,Placed In
TSP,ps,19-12-2023,J5,R1,0,19-12-2023 18:00:08,December,Picked From
TSP,ps,19-12-2023,J6,R1,0,19-12-2023 18:00:14,December,Placed In
TSP,ps,19-12-2023,J6,R1,0,19-12-2023 18:02:20,December,Picked From
TSP,ps,19-12-2023,J7,R1,0,19-12-2023 18:02:26,December,Placed In
TSP,ps,19-12-2023,J7,R1,0,19-12-2023 18:04:32,December,Picked From
TSP,ps,19-12-2023,U1,R1,0,19-12-2023 18:04:42,December,Placed In
TSP,ps,19-12-2023,U1,R1,0,19-12-2023 18:04:43,December,Test Completed
TSP,ps,19-12-2023,-,-,0,19-12-2023 18:13:44,December,Test Started
Rack Status,ps,19-12-2023,-,-,0,19-12-2023 18:17:59,December,Rack Hold Status - 00
Rack Status,ps,19-12-2023,-,-,0,19-12-2023 18:18:06,December,Home Reached
Rack Status,ps,19-12-2023,-,-,0,19-12-2023 18:18:11,December,Home Reached
Rack Status,ps,19-12-2023,-,-,0,19-12-2023 18:18:11,December,
Rack Status,ps,19-12-2023,U1,-,0,19-12-2023 18:18:21,December,Liquid Level - 2536
Rack Status,ps,19-12-2023,U2,-,0,19-12-2023 18:18:24,December,Liquid Level - 2562
Rack Status,ps,19-12-2023,U3,-,0,19-12-2023 18:18:26,December,Liquid Level - 2558
Rack Status,ps,19-12-2023,U4,-,0,19-12-2023 18:18:29,December,Liquid Level - 2535
Rack Status,ps,19-12-2023,U5,-,0,19-12-2023 18:18:32,December,Liquid Level - 2575
Rack Status,ps,19-12-2023,U6,-,0,19-12-2023 18:18:34,December,Liquid Level - 2552
Rack Status,ps,19-12-2023,J1,-,0,19-12-2023 18:18:40,December,Liquid Level - 2574
Rack Status,ps,19-12-2023,J2,-,0,19-12-2023 18:18:43,December,Liquid Level - 2560
Rack Status,ps,19-12-2023,J3,-,0,19-12-2023 18:18:46,December,Liquid Level - 2601
Rack Status,ps,19-12-2023,J4,-,0,19-12-2023 18:18:48,December,Liquid Level - 2578
Rack Status,ps,19-12-2023,J5,-,0,19-12-2023 18:18:51,December,Liquid Level - 2583
Rack Status,ps,19-12-2023,J6,-,0,19-12-2023 18:18:54,December,Liquid Level - 2566
Rack Status,ps,19-12-2023,J7,-,0,19-12-2023 18:18:56,December,Liquid Level - 2568
Rack Status,ps,19-12-2023,J8,-,0,19-12-2023 18:18:59,December,Liquid Level - 2551
Rack Status,ps,19-12-2023,J9,-,0,19-12-2023 18:19:01,December,Liquid Level - 2569
Rack Status,ps,19-12-2023,W1,-,0,19-12-2023 18:19:04,December,Liquid Level - 2559
Rack Status,ps,19-12-2023,W2,-,0,19-12-2023 18:19:06,December,Liquid Level - 2547
Rack Status,ps,19-12-2023,W3,-,0,19-12-2023 18:19:09,December,Liquid Level - 2571
Rack Status,ps,19-12-2023,J10,-,0,19-12-2023 18:19:12,December,Liquid Level - 2570
Rack Status,ps,19-12-2023,J11,-,0,19-12-2023 18:19:14,December,Liquid Level - 2571
Rack Status,ps,19-12-2023,J12,-,0,19-12-2023 18:19:17,December,Liquid Level - 2561
Rack Status,ps,19-12-2023,J13,-,0,19-12-2023 18:19:19,December,Liquid Level - 2548
Rack Status,ps,19-12-2023,J14,-,0,19-12-2023 18:19:22,December,Liquid Level - 2575
Rack Status,ps,19-12-2023,J15,-,0,19-12-2023 18:19:25,December,Liquid Level - 2551
Rack Status,ps,19-12-2023,J16,-,0,19-12-2023 18:19:27,December,Liquid Level - 2560
Rack Status,ps,19-12-2023,J17,-,0,19-12-2023 18:19:30,December,Liquid Level - 2568
Rack Status,ps,19-12-2023,W4,-,0,19-12-2023 18:19:33,December,Liquid Level - 2563
Rack Status,ps,19-12-2023,W5,-,0,19-12-2023 18:19:35,December,Liquid Level - 2559
Rack Status,ps,19-12-2023,W6,-,0,19-12-2023 18:19:38,December,Liquid Level - 2561
Rack Status,ps,19-12-2023,J18,-,0,19-12-2023 18:19:40,December,Liquid Level - 2562
Rack Status,ps,19-12-2023,J19,-,0,19-12-2023 18:19:43,December,Liquid Level - 2572
Rack Status,ps,19-12-2023,J20,-,0,19-12-2023 18:19:46,December,Liquid Level - 2578
Rack Status,ps,19-12-2023,J21,-,0,19-12-2023 18:19:48,December,Liquid Level - 2555
Rack Status,ps,19-12-2023,J22,-,0,19-12-2023 18:19:51,December,Liquid Level - 2586
Rack Status,ps,19-12-2023,J23,-,0,19-12-2023 18:19:53,December,Liquid Level - 2584
Rack Status,ps,19-12-2023,J24,-,0,19-12-2023 18:19:56,December,Liquid Level - 2599
Rack Status,ps,19-12-2023,J25,-,0,19-12-2023 18:19:58,December,Liquid Level - 2583
Rack Status,ps,19-12-2023,J26,-,0,19-12-2023 18:20:01,December,Liquid Level - 2586
Rack Status,ps,19-12-2023,J27,-,0,19-12-2023 18:20:07,December,Liquid Level - 2558
Rack Status,ps,19-12-2023,J28,-,0,19-12-2023 18:20:10,December,Liquid Level - 2596
Rack Status,ps,19-12-2023,J29,-,0,19-12-2023 18:20:12,December,Liquid Level - 2601
Rack Status,ps,19-12-2023,J30,-,0,19-12-2023 18:20:15,December,Liquid Level - 2592
Rack Status,ps,19-12-2023,J31,-,0,19-12-2023 18:20:17,December,Liquid Level - 2598
Rack Status,ps,19-12-2023,J32,-,0,19-12-2023 18:20:20,December,Liquid Level - 2609
Rack Status,ps,19-12-2023,J33,-,0,19-12-2023 18:20:23,December,Liquid Level - 2606
Rack Status,ps,19-12-2023,H1,-,0,19-12-2023 18:20:27,December,Liquid Level - 3550
Rack Status,ps,19-12-2023,H2,-,0,19-12-2023 18:20:30,December,Liquid Level - 3537
Rack Status,ps,19-12-2023,H3,-,0,19-12-2023 18:20:33,December,Liquid Level - 3527
Rack Status,ps,19-12-2023,-,-,0,19-12-2023 18:20:46,December,Home Reached
Rack Status,ps,19-12-2023,-,-,0,19-12-2023 18:20:52,December,Home Reached
Rack Status,ps,19-12-2023,-,-,0,19-12-2023 18:20:52,December,
