Water valve,ps,21-11-2024,W1,Tap Water,--,0,21-11-2024 14:39:59.347,November,Water Valve : 1 is On,0
Water valve,ps,21-11-2024,W2,Tap Water,--,0,21-11-2024 14:40:05.765,November,Water Valve : 2 is On,0
Water valve,ps,21-11-2024,W3,Tap Water,--,0,21-11-2024 14:40:06.304,November,Water Valve : 3 is On,0
Water valve,ps,21-11-2024,W4,Tap Water,--,0,21-11-2024 14:40:06.973,November,Water Valve : 4 is On,0
Water valve,ps,21-11-2024,W5,Tap Water,--,0,21-11-2024 14:40:07.656,November,Water Valve : 5 is On,0
Water valve,ps,21-11-2024,W6,Tap Water,--,0,21-11-2024 14:40:08.323,November,Water Valve : 6 is On,0
Water valve,ps,21-11-2024,-,-,-,0,21-11-2024 14:40:09.009,November,Home Reached,0
Water valve,ps,21-11-2024,-,-,-,0,21-11-2024 14:40:14.978,November,Home Reached,0
Water valve,ps,21-11-2024,-,-,-,0,21-11-2024 14:40:17.424,November,Home Reached,0
Water valve,ps,21-11-2024,U1,-,-,0,21-11-2024 14:40:24.299,November,Liquid Level - 2497,0
Water valve,ps,21-11-2024,U2,-,-,0,21-11-2024 14:40:27.091,November,Liquid Level - 2502,0
Water valve,ps,21-11-2024,U3,-,-,0,21-11-2024 14:40:29.820,November,Liquid Level - 2501,0
Water valve,ps,21-11-2024,U4,-,-,0,21-11-2024 14:40:32.488,November,Liquid Level - 2498,0
Water valve,ps,21-11-2024,U5,-,-,0,21-11-2024 14:40:35.158,November,Liquid Level - 2491,0
Water valve,ps,21-11-2024,U6,-,-,0,21-11-2024 14:40:37.896,November,Liquid Level - 2492,0
Water valve,ps,21-11-2024,J1,-,-,0,21-11-2024 14:40:43.851,November,Liquid Level - 2505,0
Water valve,ps,21-11-2024,J2,-,-,0,21-11-2024 14:40:46.780,November,Liquid Level - 2513,0
Water valve,ps,21-11-2024,J3,-,-,0,21-11-2024 14:40:49.450,November,Liquid Level - 2513,0
Water valve,ps,21-11-2024,J4,-,-,0,21-11-2024 14:40:52.160,November,Liquid Level - 2513,0
Water valve,ps,21-11-2024,J5,-,-,0,21-11-2024 14:40:54.830,November,Liquid Level - 2521,0
Water valve,ps,21-11-2024,J6,-,-,0,21-11-2024 14:40:57.506,November,Liquid Level - 2511,0
Water valve,ps,21-11-2024,J7,-,-,0,21-11-2024 14:41:00.186,November,Liquid Level - 2515,0
Water valve,ps,21-11-2024,J8,-,-,0,21-11-2024 14:41:02.866,November,Liquid Level - 2509,0
Water valve,ps,21-11-2024,J9,-,-,0,21-11-2024 14:41:05.540,November,Liquid Level - 2522,0
Water valve,ps,21-11-2024,J10,-,-,0,21-11-2024 14:41:09.448,November,Liquid Level - 2508,0
Water valve,ps,21-11-2024,J11,-,-,0,21-11-2024 14:41:12.412,November,Liquid Level - 2503,0
Water valve,ps,21-11-2024,J12,-,-,0,21-11-2024 14:41:15.077,November,Liquid Level - 2508,0
Water valve,ps,21-11-2024,J13,-,-,0,21-11-2024 14:41:17.752,November,Liquid Level - 2495,0
Water valve,ps,21-11-2024,J14,-,-,0,21-11-2024 14:41:20.599,November,Liquid Level - 2507,0
Water valve,ps,21-11-2024,J15,-,-,0,21-11-2024 14:41:23.108,November,Liquid Level - 2521,0
Water valve,ps,21-11-2024,J16,-,-,0,21-11-2024 14:41:25.775,November,Liquid Level - 2508,0
Water valve,ps,21-11-2024,J17,-,-,0,21-11-2024 14:41:28.479,November,Liquid Level - 2514,0
Water valve,ps,21-11-2024,J18,-,-,0,21-11-2024 14:41:32.363,November,Liquid Level - 2512,0
Water valve,ps,21-11-2024,J19,-,-,0,21-11-2024 14:41:35.321,November,Liquid Level - 2502,0
Water valve,ps,21-11-2024,J20,-,-,0,21-11-2024 14:41:38.016,November,Liquid Level - 2505,0
Water valve,ps,21-11-2024,J21,-,-,0,21-11-2024 14:41:40.680,November,Liquid Level - 2506,0
Water valve,ps,21-11-2024,J22,-,-,0,21-11-2024 14:41:43.357,November,Liquid Level - 2519,0
Water valve,ps,21-11-2024,J23,-,-,0,21-11-2024 14:41:46.021,November,Liquid Level - 2513,0
Water valve,ps,21-11-2024,J24,-,-,0,21-11-2024 14:41:48.708,November,Liquid Level - 2511,0
Water valve,ps,21-11-2024,J25,-,-,0,21-11-2024 14:41:51.398,November,Liquid Level - 2519,0
Water valve,ps,21-11-2024,J26,-,-,0,21-11-2024 14:41:54.073,November,Liquid Level - 2518,0
Water valve,ps,21-11-2024,J27,-,-,0,21-11-2024 14:41:57.570,November,Liquid Level - 2566,0
Water valve,ps,21-11-2024,J28,-,-,0,21-11-2024 14:42:00.447,November,Liquid Level - 2568,0
Water valve,ps,21-11-2024,J29,-,-,0,21-11-2024 14:42:03.117,November,Liquid Level - 2533,0
Water valve,ps,21-11-2024,J30,-,-,0,21-11-2024 14:42:05.790,November,Liquid Level - 2539,0
Water valve,ps,21-11-2024,J31,-,-,0,21-11-2024 14:42:08.478,November,Liquid Level - 2528,0
Water valve,ps,21-11-2024,J32,-,-,0,21-11-2024 14:42:11.155,November,Liquid Level - 2549,0
Water valve,ps,21-11-2024,J33,-,-,0,21-11-2024 14:42:16.278,November,Liquid Level - 2495,0
Water valve,ps,21-11-2024,W1,-,-,0,21-11-2024 14:42:21.094,November,Liquid Level - 2500,0
Water valve,ps,21-11-2024,W2,-,-,0,21-11-2024 14:42:23.741,November,Liquid Level - 2503,0
Water valve,ps,21-11-2024,W3,-,-,0,21-11-2024 14:42:26.433,November,Liquid Level - 2503,0
Water valve,ps,21-11-2024,W4,-,-,0,21-11-2024 14:42:29.307,November,Liquid Level - 2502,0
Water valve,ps,21-11-2024,W5,-,-,0,21-11-2024 14:42:31.828,November,Liquid Level - 2498,0
Water valve,ps,21-11-2024,W6,-,-,0,21-11-2024 14:42:34.524,November,Liquid Level - 2499,0
Water valve,ps,21-11-2024,H1,-,-,0,21-11-2024 14:42:41.314,November,Liquid Level - 3475,0
Water valve,ps,21-11-2024,H2,-,-,0,21-11-2024 14:42:44.082,November,Liquid Level - 3468,0
Water valve,ps,21-11-2024,H3,-,-,0,21-11-2024 14:42:46.775,November,Liquid Level - 3456,0
Water valve,ps,21-11-2024,-,-,-,0,21-11-2024 14:42:59.526,November,Home Reached,0
Water valve,ps,21-11-2024,-,-,-,0,21-11-2024 14:43:02.748,November,Home Reached,0
H- E,ps,21-11-2024,-,-,-,0,21-11-2024 14:43:12.945,November,Protorun Started,150
H- E,ps,21-11-2024,W1,Tap Water,--,0,21-11-2024 14:43:23.829,November,Water Valve : 1 is Off,150
H- E,ps,21-11-2024,W2,Tap Water,--,0,21-11-2024 14:43:24.524,November,Water Valve : 2 is Off,150
H- E,ps,21-11-2024,W3,Tap Water,--,0,21-11-2024 14:43:25.194,November,Water Valve : 3 is Off,150
H- E,ps,21-11-2024,W4,Tap Water,--,0,21-11-2024 14:43:25.862,November,Water Valve : 4 is Off,150
H- E,ps,21-11-2024,W5,Tap Water,--,0,21-11-2024 14:43:26.532,November,Water Valve : 5 is Off,150
H- E,ps,21-11-2024,W6,Tap Water,--,0,21-11-2024 14:43:27.202,November,Water Valve : 6 is Off,150
H- E,ps,21-11-2024,-,-,-,0,21-11-2024 14:43:27.878,November,Home Reached,150
H- E,ps,21-11-2024,-,-,-,0,21-11-2024 14:43:30.602,November,Home Reached,150
H- E,ps,21-11-2024,H1,-,-,0,21-11-2024 14:43:42.201,November,Liquid Level - 3462,150
H- E,ps,21-11-2024,H2,-,-,0,21-11-2024 14:43:44.980,November,Liquid Level - 3441,150
H- E,ps,21-11-2024,H3,-,-,0,21-11-2024 14:43:47.663,November,Liquid Level - 3440,150
H- E,ps,21-11-2024,L1,-,-,0,21-11-2024 14:43:51.414,November,Liquid Level - 273,150
H- E,ps,21-11-2024,L2,-,-,0,21-11-2024 14:43:54.351,November,Liquid Level - 261,150
H- E,ps,21-11-2024,L3,-,-,0,21-11-2024 14:43:57.038,November,Liquid Level - 237,150
H- E,ps,21-11-2024,-,-,-,0,21-11-2024 14:44:08.469,November,Home Reached,150
H- E,ps,21-11-2024,-,-,-,0,21-11-2024 14:44:10.710,November,Home Reached,150
H- E,ps,21-11-2024,L1,Heating,1,0,21-11-2024 14:44:24.444,November,1 Picked From L1,150
H- E,ps,21-11-2024,H1,Heating,1,0,21-11-2024 14:44:31.809,November,1 Placed In H1,150
H- E,ps,21-11-2024,L2,Heating,2,0,21-11-2024 14:44:39.035,November,2 Picked From L2,150
H- E,ps,21-11-2024,H2,Heating,2,0,21-11-2024 14:44:46.289,November,2 Placed In H2,150
H- E,ps,21-11-2024,L3,Heating,3,0,21-11-2024 14:44:52.985,November,3 Picked From L3,150
H- E,ps,21-11-2024,-,-,-,0,21-11-2024 14:45:00.254,November,Heater Door Closed,150
H- E,ps,21-11-2024,-,-,-,0,21-11-2024 14:45:00.580,November,Heater Switched On ,150
H- E,ps,21-11-2024,-,-,-,30,21-11-2024 14:45:01.079,November,30 - Temperature set to device,150
H- E,ps,21-11-2024,-,-,-,31,21-11-2024 14:45:06.268,November,Device temperature ,150
H- E,ps,21-11-2024,-,-,-,31,21-11-2024 14:45:16.446,November,Device temperature ,150
H- E,ps,21-11-2024,-,-,-,31,21-11-2024 14:45:21.444,November,Device temperature ,150
H- E,ps,21-11-2024,-,-,-,31,21-11-2024 14:45:26.440,November,Device temperature ,150
H- E,ps,21-11-2024,-,-,-,31,21-11-2024 14:45:31.438,November,Device temperature ,150
H- E,ps,21-11-2024,-,-,-,31,21-11-2024 14:45:36.444,November,Device temperature ,150
H- E,ps,21-11-2024,-,-,-,31,21-11-2024 14:45:41.436,November,Device temperature ,150
H- E,ps,21-11-2024,-,-,-,31,21-11-2024 14:45:46.439,November,Device temperature ,150
H- E,ps,21-11-2024,-,-,-,31,21-11-2024 14:45:51.437,November,Device temperature ,150
H- E,ps,21-11-2024,-,-,-,31,21-11-2024 14:45:56.437,November,Device temperature ,150
H- E,ps,21-11-2024,-,-,-,31,21-11-2024 14:46:01.450,November,Device temperature ,150
H- E,ps,21-11-2024,-,-,-,31,21-11-2024 14:46:06.456,November,Device temperature ,150
H- E,ps,21-11-2024,-,-,-,31,21-11-2024 14:46:11.463,November,Device temperature ,150
H- E,ps,21-11-2024,-,-,-,32,21-11-2024 14:46:16.476,November,Device temperature ,150
H- E,ps,21-11-2024,-,-,-,31,21-11-2024 14:46:21.447,November,Device temperature ,150
H- E,ps,21-11-2024,-,-,-,32,21-11-2024 14:46:26.472,November,Device temperature ,150
H- E,ps,21-11-2024,-,-,-,31,21-11-2024 14:46:31.466,November,Device temperature ,150
H- E,ps,21-11-2024,-,-,-,31,21-11-2024 14:46:36.465,November,Device temperature ,150
H- E,ps,21-11-2024,-,-,-,32,21-11-2024 14:46:41.494,November,Device temperature ,150
H- E,ps,21-11-2024,-,-,-,31,21-11-2024 14:46:46.479,November,Device temperature ,150
H- E,ps,21-11-2024,-,-,-,32,21-11-2024 14:46:51.471,November,Device temperature ,150
H- E,ps,21-11-2024,-,-,-,31,21-11-2024 14:46:56.471,November,Device temperature ,150
H- E,ps,21-11-2024,-,-,-,31,21-11-2024 14:47:01.478,November,Device temperature ,150
H- E,ps,21-11-2024,-,-,-,32,21-11-2024 14:47:06.492,November,Device temperature ,150
H- E,ps,21-11-2024,-,-,-,31,21-11-2024 14:47:11.480,November,Device temperature ,150
H- E,ps,21-11-2024,-,-,-,31,21-11-2024 14:47:16.486,November,Device temperature ,150
H- E,ps,21-11-2024,-,-,-,31,21-11-2024 14:47:21.484,November,Device temperature ,150
H- E,ps,21-11-2024,-,-,-,31,21-11-2024 14:47:26.487,November,Device temperature ,150
H- E,ps,21-11-2024,-,-,-,31,21-11-2024 14:47:31.481,November,Device temperature ,150
H- E,ps,21-11-2024,-,-,-,0,21-11-2024 14:47:34.104,November,Protorun Stopped,150
H- E,ps,21-11-2024,-,-,-,0,21-11-2024 14:49:19.507,November,Heater Switched Off ,150
H- E,ps,21-11-2024,W1,Tap Water,--,0,21-11-2024 14:49:36.126,November,Water Valve : 1 is Off,150
H- E,ps,21-11-2024,W2,Tap Water,--,0,21-11-2024 14:49:36.832,November,Water Valve : 2 is Off,150
H- E,ps,21-11-2024,W3,Tap Water,--,0,21-11-2024 14:49:52.993,November,Water Valve : 3 is Off,150
H- E,ps,21-11-2024,W4,Tap Water,--,0,21-11-2024 14:49:53.521,November,Water Valve : 4 is Off,150
H- E,ps,21-11-2024,W5,Tap Water,--,0,21-11-2024 14:49:54.189,November,Water Valve : 5 is Off,150
H- E,ps,21-11-2024,W6,Tap Water,--,0,21-11-2024 14:49:54.858,November,Water Valve : 6 is Off,150
H- E,ps,21-11-2024,-,-,-,0,21-11-2024 14:51:25.834,November,Protorun Started,151
H- E,ps,21-11-2024,W1,Tap Water,--,0,21-11-2024 14:51:36.393,November,Water Valve : 1 is Off,151
H- E,ps,21-11-2024,W2,Tap Water,--,0,21-11-2024 14:51:37.113,November,Water Valve : 2 is Off,151
H- E,ps,21-11-2024,W3,Tap Water,--,0,21-11-2024 14:51:37.807,November,Water Valve : 3 is Off,151
H- E,ps,21-11-2024,W4,Tap Water,--,0,21-11-2024 14:51:38.488,November,Water Valve : 4 is Off,151
H- E,ps,21-11-2024,W5,Tap Water,--,0,21-11-2024 14:51:39.157,November,Water Valve : 5 is Off,151
H- E,ps,21-11-2024,W6,Tap Water,--,0,21-11-2024 14:51:39.828,November,Water Valve : 6 is Off,151
H- E,ps,21-11-2024,-,-,-,0,21-11-2024 14:51:53.045,November,Home Reached,151
H- E,ps,21-11-2024,-,-,-,0,21-11-2024 14:51:55.682,November,Home Reached,151
H- E,ps,21-11-2024,H1,-,-,0,21-11-2024 14:52:07.246,November,Liquid Level - 3466,151
H- E,ps,21-11-2024,H2,-,-,0,21-11-2024 14:52:10.002,November,Liquid Level - 3453,151
H- E,ps,21-11-2024,H3,-,-,0,21-11-2024 14:52:12.664,November,Liquid Level - 3449,151
H- E,ps,21-11-2024,L1,-,-,0,21-11-2024 14:52:16.422,November,Liquid Level - 288,151
H- E,ps,21-11-2024,L2,-,-,0,21-11-2024 14:52:19.341,November,Liquid Level - 267,151
H- E,ps,21-11-2024,L3,-,-,0,21-11-2024 14:52:22.027,November,Liquid Level - 236,151
H- E,ps,21-11-2024,-,-,-,0,21-11-2024 14:52:33.422,November,Home Reached,151
H- E,ps,21-11-2024,-,-,-,0,21-11-2024 14:52:36.071,November,Home Reached,151
H- E,ps,21-11-2024,L1,Heating,1,0,21-11-2024 14:52:49.746,November,1 Picked From L1,151
H- E,ps,21-11-2024,H1,Heating,1,0,21-11-2024 14:52:56.949,November,1 Placed In H1,151
H- E,ps,21-11-2024,L2,Heating,2,0,21-11-2024 14:53:04.153,November,2 Picked From L2,151
H- E,ps,21-11-2024,H2,Heating,2,0,21-11-2024 14:53:11.349,November,2 Placed In H2,151
H- E,ps,21-11-2024,L3,Heating,3,0,21-11-2024 14:53:18.078,November,3 Picked From L3,151
H- E,ps,21-11-2024,-,-,-,0,21-11-2024 14:53:25.282,November,Heater Door Closed,151
H- E,ps,21-11-2024,-,-,-,0,21-11-2024 14:53:25.607,November,Heater Switched On ,151
H- E,ps,21-11-2024,-,-,-,30,21-11-2024 14:53:26.088,November,30 - Temperature set to device,151
H- E,ps,21-11-2024,-,-,-,32,21-11-2024 14:53:31.265,November,Device temperature ,151
H- E,ps,21-11-2024,-,-,-,32,21-11-2024 14:53:41.435,November,Device temperature ,151
H- E,ps,21-11-2024,-,-,-,32,21-11-2024 14:53:46.436,November,Device temperature ,151
H- E,ps,21-11-2024,-,-,-,32,21-11-2024 14:53:51.442,November,Device temperature ,151
H- E,ps,21-11-2024,-,-,-,32,21-11-2024 14:53:56.438,November,Device temperature ,151
H- E,ps,21-11-2024,-,-,-,32,21-11-2024 14:54:01.447,November,Device temperature ,151
H- E,ps,21-11-2024,-,-,-,32,21-11-2024 14:54:06.440,November,Device temperature ,151
H- E,ps,21-11-2024,-,-,-,32,21-11-2024 14:54:11.436,November,Device temperature ,151
H- E,ps,21-11-2024,-,-,-,32,21-11-2024 14:54:16.438,November,Device temperature ,151
H- E,ps,21-11-2024,-,-,-,32,21-11-2024 14:54:21.440,November,Device temperature ,151
H- E,ps,21-11-2024,-,-,-,32,21-11-2024 14:54:26.432,November,Device temperature ,151
H- E,ps,21-11-2024,-,-,-,31,21-11-2024 14:54:31.432,November,Device temperature ,151
H- E,ps,21-11-2024,-,-,-,32,21-11-2024 14:54:36.444,November,Device temperature ,151
H- E,ps,21-11-2024,-,-,-,32,21-11-2024 14:54:41.453,November,Device temperature ,151
H- E,ps,21-11-2024,-,-,-,32,21-11-2024 14:54:46.431,November,Device temperature ,151
H- E,ps,21-11-2024,-,-,-,32,21-11-2024 14:54:51.448,November,Device temperature ,151
H- E,ps,21-11-2024,-,-,-,32,21-11-2024 14:54:56.479,November,Device temperature ,151
H- E,ps,21-11-2024,-,-,-,32,21-11-2024 14:55:01.441,November,Device temperature ,151
H- E,ps,21-11-2024,-,-,-,32,21-11-2024 14:55:06.445,November,Device temperature ,151
H- E,ps,21-11-2024,-,-,-,32,21-11-2024 14:55:11.440,November,Device temperature ,151
H- E,ps,21-11-2024,-,-,-,32,21-11-2024 14:55:16.442,November,Device temperature ,151
H- E,ps,21-11-2024,-,-,-,32,21-11-2024 14:55:21.430,November,Device temperature ,151
H- E,ps,21-11-2024,-,-,-,32,21-11-2024 14:55:26.432,November,Device temperature ,151
H- E,ps,21-11-2024,-,-,-,32,21-11-2024 14:55:31.438,November,Device temperature ,151
H- E,ps,21-11-2024,-,-,-,32,21-11-2024 14:55:36.439,November,Device temperature ,151
H- E,ps,21-11-2024,-,-,-,32,21-11-2024 14:55:41.435,November,Device temperature ,151
H- E,ps,21-11-2024,-,-,-,32,21-11-2024 14:55:46.441,November,Device temperature ,151
H- E,ps,21-11-2024,-,-,-,32,21-11-2024 14:55:51.437,November,Device temperature ,151
H- E,ps,21-11-2024,-,-,-,33,21-11-2024 14:55:56.435,November,Device temperature ,151
H- E,ps,21-11-2024,-,-,-,32,21-11-2024 14:56:01.440,November,Device temperature ,151
H- E,ps,21-11-2024,-,-,-,32,21-11-2024 14:56:06.444,November,Device temperature ,151
H- E,ps,21-11-2024,-,-,-,32,21-11-2024 14:56:11.434,November,Device temperature ,151
H- E,ps,21-11-2024,-,-,-,33,21-11-2024 14:56:16.436,November,Device temperature ,151
H- E,ps,21-11-2024,-,-,-,32,21-11-2024 14:56:21.432,November,Device temperature ,151
H- E,ps,21-11-2024,-,-,-,32,21-11-2024 14:56:26.441,November,Device temperature ,151
H- E,ps,21-11-2024,-,-,-,32,21-11-2024 14:56:31.427,November,Device temperature ,151
H- E,ps,21-11-2024,-,-,-,32,21-11-2024 14:56:36.441,November,Device temperature ,151
H- E,ps,21-11-2024,-,-,-,32,21-11-2024 14:56:41.439,November,Device temperature ,151
H- E,ps,21-11-2024,-,-,-,32,21-11-2024 14:56:46.430,November,Device temperature ,151
H- E,ps,21-11-2024,-,-,-,33,21-11-2024 14:56:51.438,November,Device temperature ,151
H- E,ps,21-11-2024,-,-,-,32,21-11-2024 14:56:56.436,November,Device temperature ,151
H- E,ps,21-11-2024,-,-,-,32,21-11-2024 14:57:01.434,November,Device temperature ,151
H- E,ps,21-11-2024,-,-,-,33,21-11-2024 14:57:06.433,November,Device temperature ,151
H- E,ps,21-11-2024,-,-,-,32,21-11-2024 14:57:11.425,November,Device temperature ,151
H- E,ps,21-11-2024,-,-,-,32,21-11-2024 14:57:16.440,November,Device temperature ,151
H- E,ps,21-11-2024,-,-,-,33,21-11-2024 14:57:21.433,November,Device temperature ,151
H- E,ps,21-11-2024,-,-,-,33,21-11-2024 14:57:26.540,November,Device temperature ,151
H- E,ps,21-11-2024,-,-,-,32,21-11-2024 14:57:31.429,November,Device temperature ,151
H- E,ps,21-11-2024,-,-,-,33,21-11-2024 14:57:36.446,November,Device temperature ,151
H- E,ps,21-11-2024,-,-,-,33,21-11-2024 14:57:41.444,November,Device temperature ,151
H- E,ps,21-11-2024,-,-,-,32,21-11-2024 14:57:46.429,November,Device temperature ,151
H- E,ps,21-11-2024,-,-,-,32,21-11-2024 14:57:51.429,November,Device temperature ,151
H- E,ps,21-11-2024,-,-,-,33,21-11-2024 14:57:56.425,November,Device temperature ,151
H- E,ps,21-11-2024,-,-,-,33,21-11-2024 14:58:01.440,November,Device temperature ,151
H- E,ps,21-11-2024,-,-,-,33,21-11-2024 14:58:06.432,November,Device temperature ,151
H- E,ps,21-11-2024,-,-,-,33,21-11-2024 14:58:11.440,November,Device temperature ,151
H- E,ps,21-11-2024,-,-,-,33,21-11-2024 14:58:16.443,November,Device temperature ,151
H- E,ps,21-11-2024,-,-,-,33,21-11-2024 14:58:21.432,November,Device temperature ,151
H- E,ps,21-11-2024,-,-,-,32,21-11-2024 14:58:26.438,November,Device temperature ,151
H- E,ps,21-11-2024,-,-,-,33,21-11-2024 14:58:31.433,November,Device temperature ,151
H- E,ps,21-11-2024,-,-,-,33,21-11-2024 14:58:36.432,November,Device temperature ,151
H- E,ps,21-11-2024,-,-,-,33,21-11-2024 14:58:41.438,November,Device temperature ,151
H- E,ps,21-11-2024,-,-,-,33,21-11-2024 14:58:46.433,November,Device temperature ,151
H- E,ps,21-11-2024,-,-,-,32,21-11-2024 14:58:51.436,November,Device temperature ,151
H- E,ps,21-11-2024,-,-,-,33,21-11-2024 14:58:56.445,November,Device temperature ,151
H- E,ps,21-11-2024,-,-,-,33,21-11-2024 14:59:01.430,November,Device temperature ,151
H- E,ps,21-11-2024,-,-,-,33,21-11-2024 14:59:06.432,November,Device temperature ,151
H- E,ps,21-11-2024,-,-,-,33,21-11-2024 14:59:11.446,November,Device temperature ,151
H- E,ps,21-11-2024,-,-,-,33,21-11-2024 14:59:16.460,November,Device temperature ,151
H- E,ps,21-11-2024,-,-,-,33,21-11-2024 14:59:21.445,November,Device temperature ,151
H- E,ps,21-11-2024,-,-,-,33,21-11-2024 14:59:26.434,November,Device temperature ,151
H- E,ps,21-11-2024,-,-,-,33,21-11-2024 14:59:31.438,November,Device temperature ,151
H- E,ps,21-11-2024,-,-,-,33,21-11-2024 14:59:36.446,November,Device temperature ,151
H- E,ps,21-11-2024,-,-,-,33,21-11-2024 14:59:41.448,November,Device temperature ,151
H- E,ps,21-11-2024,-,-,-,33,21-11-2024 14:59:46.447,November,Device temperature ,151
H- E,ps,21-11-2024,-,-,-,33,21-11-2024 14:59:51.433,November,Device temperature ,151
H- E,ps,21-11-2024,-,-,-,33,21-11-2024 14:59:56.436,November,Device temperature ,151
H- E,ps,21-11-2024,-,-,-,33,21-11-2024 15:00:01.530,November,Device temperature ,151
H- E,ps,21-11-2024,-,-,-,33,21-11-2024 15:00:06.438,November,Device temperature ,151
H- E,ps,21-11-2024,-,-,-,32,21-11-2024 15:00:11.435,November,Device temperature ,151
H- E,ps,21-11-2024,-,-,-,33,21-11-2024 15:00:16.441,November,Device temperature ,151
H- E,ps,21-11-2024,-,-,-,33,21-11-2024 15:00:21.431,November,Device temperature ,151
H- E,ps,21-11-2024,-,-,-,33,21-11-2024 15:00:26.436,November,Device temperature ,151
H- E,ps,21-11-2024,-,-,-,33,21-11-2024 15:00:31.443,November,Device temperature ,151
H- E,ps,21-11-2024,-,-,-,32,21-11-2024 15:00:36.430,November,Device temperature ,151
H- E,ps,21-11-2024,-,-,-,33,21-11-2024 15:00:41.429,November,Device temperature ,151
H- E,ps,21-11-2024,-,-,-,33,21-11-2024 15:00:46.438,November,Device temperature ,151
H- E,ps,21-11-2024,-,-,-,33,21-11-2024 15:00:51.437,November,Device temperature ,151
H- E,ps,21-11-2024,-,-,-,33,21-11-2024 15:00:56.435,November,Device temperature ,151
H- E,ps,21-11-2024,-,-,-,33,21-11-2024 15:01:01.435,November,Device temperature ,151
H- E,ps,21-11-2024,-,-,-,33,21-11-2024 15:01:06.440,November,Device temperature ,151
H- E,ps,21-11-2024,-,-,-,33,21-11-2024 15:01:11.442,November,Device temperature ,151
H- E,ps,21-11-2024,-,-,-,33,21-11-2024 15:01:16.433,November,Device temperature ,151
H- E,ps,21-11-2024,-,-,-,33,21-11-2024 15:01:21.440,November,Device temperature ,151
H- E,ps,21-11-2024,-,-,-,34,21-11-2024 15:01:26.440,November,Device temperature ,151
H- E,ps,21-11-2024,-,-,-,33,21-11-2024 15:01:31.441,November,Device temperature ,151
H- E,ps,21-11-2024,-,-,-,33,21-11-2024 15:01:36.439,November,Device temperature ,151
H- E,ps,21-11-2024,-,-,-,33,21-11-2024 15:01:41.431,November,Device temperature ,151
H- E,ps,21-11-2024,-,-,-,33,21-11-2024 15:01:46.445,November,Device temperature ,151
H- E,ps,21-11-2024,-,-,-,33,21-11-2024 15:01:51.443,November,Device temperature ,151
H- E,ps,21-11-2024,-,-,-,33,21-11-2024 15:01:56.445,November,Device temperature ,151
H- E,ps,21-11-2024,-,-,-,33,21-11-2024 15:02:01.439,November,Device temperature ,151
H- E,ps,21-11-2024,-,-,-,34,21-11-2024 15:02:06.433,November,Device temperature ,151
H- E,ps,21-11-2024,-,-,-,33,21-11-2024 15:02:11.444,November,Device temperature ,151
H- E,ps,21-11-2024,-,-,-,33,21-11-2024 15:02:16.439,November,Device temperature ,151
H- E,ps,21-11-2024,-,-,-,33,21-11-2024 15:02:21.436,November,Device temperature ,151
H- E,ps,21-11-2024,-,-,-,33,21-11-2024 15:02:26.432,November,Device temperature ,151
H- E,ps,21-11-2024,-,-,-,33,21-11-2024 15:02:31.443,November,Device temperature ,151
H- E,ps,21-11-2024,-,-,-,33,21-11-2024 15:02:36.445,November,Device temperature ,151
H- E,ps,21-11-2024,-,-,-,33,21-11-2024 15:02:41.437,November,Device temperature ,151
H- E,ps,21-11-2024,-,-,-,33,21-11-2024 15:02:46.434,November,Device temperature ,151
H- E,ps,21-11-2024,-,-,-,33,21-11-2024 15:02:51.434,November,Device temperature ,151
H- E,ps,21-11-2024,-,-,-,33,21-11-2024 15:02:56.449,November,Device temperature ,151
H- E,ps,21-11-2024,-,-,-,33,21-11-2024 15:03:01.442,November,Device temperature ,151
H- E,ps,21-11-2024,-,-,-,33,21-11-2024 15:03:06.445,November,Device temperature ,151
H- E,ps,21-11-2024,-,-,-,34,21-11-2024 15:03:11.439,November,Device temperature ,151
H- E,ps,21-11-2024,-,-,-,33,21-11-2024 15:03:16.440,November,Device temperature ,151
H- E,ps,21-11-2024,-,-,-,33,21-11-2024 15:03:21.442,November,Device temperature ,151
H- E,ps,21-11-2024,-,-,-,34,21-11-2024 15:03:26.445,November,Device temperature ,151
H- E,ps,21-11-2024,-,-,-,33,21-11-2024 15:03:31.433,November,Device temperature ,151
H- E,ps,21-11-2024,-,-,-,33,21-11-2024 15:03:36.431,November,Device temperature ,151
H- E,ps,21-11-2024,-,-,-,33,21-11-2024 15:03:41.436,November,Device temperature ,151
H- E,ps,21-11-2024,-,-,-,34,21-11-2024 15:03:46.433,November,Device temperature ,151
H- E,ps,21-11-2024,-,-,-,33,21-11-2024 15:03:51.440,November,Device temperature ,151
H- E,ps,21-11-2024,-,-,-,34,21-11-2024 15:03:56.447,November,Device temperature ,151
H- E,ps,21-11-2024,-,-,-,33,21-11-2024 15:04:01.433,November,Device temperature ,151
H- E,ps,21-11-2024,-,-,-,34,21-11-2024 15:04:06.443,November,Device temperature ,151
H- E,ps,21-11-2024,-,-,-,33,21-11-2024 15:04:11.440,November,Device temperature ,151
H- E,ps,21-11-2024,-,-,-,33,21-11-2024 15:04:16.444,November,Device temperature ,151
H- E,ps,21-11-2024,-,-,-,33,21-11-2024 15:04:21.434,November,Device temperature ,151
H- E,ps,21-11-2024,-,-,-,33,21-11-2024 15:04:26.439,November,Device temperature ,151
H- E,ps,21-11-2024,-,-,-,34,21-11-2024 15:04:31.442,November,Device temperature ,151
H- E,ps,21-11-2024,-,-,-,34,21-11-2024 15:04:36.437,November,Device temperature ,151
H- E,ps,21-11-2024,-,-,-,33,21-11-2024 15:04:41.438,November,Device temperature ,151
H- E,ps,21-11-2024,-,-,-,33,21-11-2024 15:04:46.437,November,Device temperature ,151
H- E,ps,21-11-2024,-,-,-,34,21-11-2024 15:04:51.430,November,Device temperature ,151
H- E,ps,21-11-2024,-,-,-,34,21-11-2024 15:04:56.444,November,Device temperature ,151
H- E,ps,21-11-2024,-,-,-,34,21-11-2024 15:05:01.439,November,Device temperature ,151
H- E,ps,21-11-2024,-,-,-,34,21-11-2024 15:05:06.427,November,Device temperature ,151
H- E,ps,21-11-2024,-,-,-,33,21-11-2024 15:05:11.439,November,Device temperature ,151
H- E,ps,21-11-2024,-,-,-,34,21-11-2024 15:05:16.437,November,Device temperature ,151
H- E,ps,21-11-2024,-,-,-,34,21-11-2024 15:05:21.444,November,Device temperature ,151
H- E,ps,21-11-2024,-,-,-,35,21-11-2024 15:05:26.430,November,Device temperature ,151
H- E,ps,21-11-2024,-,-,-,34,21-11-2024 15:05:31.431,November,Device temperature ,151
H- E,ps,21-11-2024,-,-,-,34,21-11-2024 15:05:36.438,November,Device temperature ,151
H- E,ps,21-11-2024,-,-,-,34,21-11-2024 15:05:41.427,November,Device temperature ,151
H- E,ps,21-11-2024,-,-,-,34,21-11-2024 15:05:46.440,November,Device temperature ,151
H- E,ps,21-11-2024,-,-,-,34,21-11-2024 15:05:51.434,November,Device temperature ,151
H- E,ps,21-11-2024,-,-,-,34,21-11-2024 15:05:56.427,November,Device temperature ,151
H- E,ps,21-11-2024,-,-,-,34,21-11-2024 15:06:01.430,November,Device temperature ,151
H- E,ps,21-11-2024,-,-,-,34,21-11-2024 15:06:06.439,November,Device temperature ,151
H- E,ps,21-11-2024,-,-,-,34,21-11-2024 15:06:11.442,November,Device temperature ,151
H- E,ps,21-11-2024,-,-,-,34,21-11-2024 15:06:16.438,November,Device temperature ,151
H- E,ps,21-11-2024,-,-,-,34,21-11-2024 15:06:21.445,November,Device temperature ,151
H- E,ps,21-11-2024,-,-,-,34,21-11-2024 15:06:26.434,November,Device temperature ,151
H- E,ps,21-11-2024,-,-,-,33,21-11-2024 15:06:31.442,November,Device temperature ,151
H- E,ps,21-11-2024,-,-,-,34,21-11-2024 15:06:36.429,November,Device temperature ,151
H- E,ps,21-11-2024,-,-,-,34,21-11-2024 15:06:41.435,November,Device temperature ,151
H- E,ps,21-11-2024,-,-,-,34,21-11-2024 15:06:46.440,November,Device temperature ,151
H- E,ps,21-11-2024,-,-,-,34,21-11-2024 15:06:51.437,November,Device temperature ,151
H- E,ps,21-11-2024,-,-,-,34,21-11-2024 15:06:56.435,November,Device temperature ,151
H- E,ps,21-11-2024,-,-,-,34,21-11-2024 15:07:01.441,November,Device temperature ,151
H- E,ps,21-11-2024,-,-,-,34,21-11-2024 15:07:06.435,November,Device temperature ,151
H- E,ps,21-11-2024,-,-,-,34,21-11-2024 15:07:11.444,November,Device temperature ,151
H- E,ps,21-11-2024,-,-,-,34,21-11-2024 15:07:16.432,November,Device temperature ,151
H- E,ps,21-11-2024,-,-,-,34,21-11-2024 15:07:21.446,November,Device temperature ,151
H- E,ps,21-11-2024,-,-,-,34,21-11-2024 15:07:26.437,November,Device temperature ,151
H- E,ps,21-11-2024,-,-,-,34,21-11-2024 15:07:31.466,November,Device temperature ,151
H- E,ps,21-11-2024,-,-,-,34,21-11-2024 15:07:36.436,November,Device temperature ,151
H- E,ps,21-11-2024,-,-,-,34,21-11-2024 15:07:41.433,November,Device temperature ,151
H- E,ps,21-11-2024,-,-,-,33,21-11-2024 15:07:46.430,November,Device temperature ,151
H- E,ps,21-11-2024,-,-,-,34,21-11-2024 15:07:51.437,November,Device temperature ,151
H- E,ps,21-11-2024,-,-,-,34,21-11-2024 15:07:56.440,November,Device temperature ,151
H- E,ps,21-11-2024,-,-,-,34,21-11-2024 15:08:01.442,November,Device temperature ,151
H- E,ps,21-11-2024,-,-,-,34,21-11-2024 15:08:06.446,November,Device temperature ,151
H- E,ps,21-11-2024,-,-,-,34,21-11-2024 15:08:11.441,November,Device temperature ,151
H- E,ps,21-11-2024,-,-,-,34,21-11-2024 15:08:16.441,November,Device temperature ,151
H- E,ps,21-11-2024,-,-,-,34,21-11-2024 15:08:21.446,November,Device temperature ,151
H- E,ps,21-11-2024,-,-,-,34,21-11-2024 15:08:26.437,November,Device temperature ,151
H- E,ps,21-11-2024,-,-,-,34,21-11-2024 15:08:31.437,November,Device temperature ,151
H- E,ps,21-11-2024,-,-,-,34,21-11-2024 15:08:36.442,November,Device temperature ,151
H- E,ps,21-11-2024,-,-,-,34,21-11-2024 15:08:41.435,November,Device temperature ,151
H- E,ps,21-11-2024,-,-,-,34,21-11-2024 15:08:46.439,November,Device temperature ,151
H- E,ps,21-11-2024,-,-,-,34,21-11-2024 15:08:51.433,November,Device temperature ,151
H- E,ps,21-11-2024,-,-,-,34,21-11-2024 15:08:56.441,November,Device temperature ,151
H- E,ps,21-11-2024,-,-,-,34,21-11-2024 15:09:01.432,November,Device temperature ,151
H- E,ps,21-11-2024,-,-,-,34,21-11-2024 15:09:06.440,November,Device temperature ,151
H- E,ps,21-11-2024,-,-,-,34,21-11-2024 15:09:11.438,November,Device temperature ,151
H- E,ps,21-11-2024,-,-,-,34,21-11-2024 15:09:16.434,November,Device temperature ,151
H- E,ps,21-11-2024,-,-,-,34,21-11-2024 15:09:21.433,November,Device temperature ,151
H- E,ps,21-11-2024,-,-,-,34,21-11-2024 15:09:26.445,November,Device temperature ,151
H- E,ps,21-11-2024,-,-,-,34,21-11-2024 15:09:31.456,November,Device temperature ,151
H- E,ps,21-11-2024,-,-,-,34,21-11-2024 15:09:36.453,November,Device temperature ,151
H- E,ps,21-11-2024,-,-,-,34,21-11-2024 15:09:41.454,November,Device temperature ,151
H- E,ps,21-11-2024,-,-,-,34,21-11-2024 15:09:46.456,November,Device temperature ,151
H- E,ps,21-11-2024,-,-,-,34,21-11-2024 15:09:51.462,November,Device temperature ,151
H- E,ps,21-11-2024,-,-,-,34,21-11-2024 15:09:56.459,November,Device temperature ,151
H- E,ps,21-11-2024,-,-,-,34,21-11-2024 15:10:01.454,November,Device temperature ,151
H- E,ps,21-11-2024,-,-,-,34,21-11-2024 15:10:06.454,November,Device temperature ,151
H- E,ps,21-11-2024,-,-,-,34,21-11-2024 15:10:11.458,November,Device temperature ,151
H- E,ps,21-11-2024,-,-,-,34,21-11-2024 15:10:16.457,November,Device temperature ,151
H- E,ps,21-11-2024,-,-,-,35,21-11-2024 15:10:21.452,November,Device temperature ,151
H- E,ps,21-11-2024,-,-,-,34,21-11-2024 15:10:26.459,November,Device temperature ,151
H- E,ps,21-11-2024,-,-,-,34,21-11-2024 15:10:31.446,November,Device temperature ,151
H- E,ps,21-11-2024,-,-,-,34,21-11-2024 15:10:36.456,November,Device temperature ,151
H- E,ps,21-11-2024,-,-,-,35,21-11-2024 15:10:41.460,November,Device temperature ,151
H- E,ps,21-11-2024,-,-,-,35,21-11-2024 15:10:46.453,November,Device temperature ,151
H- E,ps,21-11-2024,-,-,-,35,21-11-2024 15:10:51.456,November,Device temperature ,151
H- E,ps,21-11-2024,-,-,-,34,21-11-2024 15:10:56.453,November,Device temperature ,151
H- E,ps,21-11-2024,-,-,-,35,21-11-2024 15:11:01.455,November,Device temperature ,151
H- E,ps,21-11-2024,-,-,-,34,21-11-2024 15:11:06.454,November,Device temperature ,151
H- E,ps,21-11-2024,-,-,-,34,21-11-2024 15:11:11.453,November,Device temperature ,151
H- E,ps,21-11-2024,-,-,-,34,21-11-2024 15:11:16.447,November,Device temperature ,151
H- E,ps,21-11-2024,-,-,-,34,21-11-2024 15:11:21.460,November,Device temperature ,151
H- E,ps,21-11-2024,-,-,-,34,21-11-2024 15:11:26.451,November,Device temperature ,151
H- E,ps,21-11-2024,-,-,-,34,21-11-2024 15:11:31.453,November,Device temperature ,151
H- E,ps,21-11-2024,-,-,-,35,21-11-2024 15:11:36.450,November,Device temperature ,151
H- E,ps,21-11-2024,-,-,-,35,21-11-2024 15:11:41.457,November,Device temperature ,151
H- E,ps,21-11-2024,-,-,-,34,21-11-2024 15:11:46.455,November,Device temperature ,151
H- E,ps,21-11-2024,-,-,-,34,21-11-2024 15:11:51.454,November,Device temperature ,151
H- E,ps,21-11-2024,-,-,-,35,21-11-2024 15:11:56.448,November,Device temperature ,151
H- E,ps,21-11-2024,-,-,-,35,21-11-2024 15:12:01.474,November,Device temperature ,151
H- E,ps,21-11-2024,-,-,-,34,21-11-2024 15:12:06.448,November,Device temperature ,151
H- E,ps,21-11-2024,-,-,-,34,21-11-2024 15:12:11.453,November,Device temperature ,151
H- E,ps,21-11-2024,-,-,-,35,21-11-2024 15:12:16.455,November,Device temperature ,151
H- E,ps,21-11-2024,-,-,-,35,21-11-2024 15:12:21.460,November,Device temperature ,151
H- E,ps,21-11-2024,-,-,-,35,21-11-2024 15:12:26.448,November,Device temperature ,151
H- E,ps,21-11-2024,-,-,-,35,21-11-2024 15:12:31.459,November,Device temperature ,151
H- E,ps,21-11-2024,-,-,-,35,21-11-2024 15:12:36.452,November,Device temperature ,151
H- E,ps,21-11-2024,-,-,-,34,21-11-2024 15:12:41.446,November,Device temperature ,151
H- E,ps,21-11-2024,-,-,-,35,21-11-2024 15:12:46.459,November,Device temperature ,151
H- E,ps,21-11-2024,-,-,-,35,21-11-2024 15:12:51.451,November,Device temperature ,151
H- E,ps,21-11-2024,-,-,-,34,21-11-2024 15:12:56.449,November,Device temperature ,151
H- E,ps,21-11-2024,-,-,-,35,21-11-2024 15:13:01.455,November,Device temperature ,151
H- E,ps,21-11-2024,-,-,-,35,21-11-2024 15:13:06.451,November,Device temperature ,151
H- E,ps,21-11-2024,-,-,-,35,21-11-2024 15:13:11.446,November,Device temperature ,151
H- E,ps,21-11-2024,-,-,-,35,21-11-2024 15:13:16.449,November,Device temperature ,151
H- E,ps,21-11-2024,-,-,-,34,21-11-2024 15:13:21.453,November,Device temperature ,151
H- E,ps,21-11-2024,-,-,-,35,21-11-2024 15:13:26.445,November,Device temperature ,151
H- E,ps,21-11-2024,-,-,-,35,21-11-2024 15:13:31.463,November,Device temperature ,151
H- E,ps,21-11-2024,-,-,-,0,21-11-2024 15:13:36.459,November,Heater Switched Off ,151
H- E,ps,21-11-2024,-,-,-,0,21-11-2024 15:13:37.769,November,Heater Door Opened,151
H- E,ps,21-11-2024,,,R1,0,21-11-2024 15:13:38.452,November,Test Started,151
H- E,ps,21-11-2024,H1,Heating,R1,0,21-11-2024 15:13:47.452,November,Picked From,151
H- E,ps,21-11-2024,-,-,-,0,21-11-2024 15:13:47.984,November,Heater Door Closed,151
H- E,ps,21-11-2024,J1,XYLENE-1,R1,0,21-11-2024 15:13:54.867,November,Placed In,151
H- E,ps,21-11-2024,J1,XYLENE-1,R1,0,21-11-2024 15:19:00.634,November,Picked From,151
H- E,ps,21-11-2024,J2,XYLENE-2,R1,0,21-11-2024 15:19:06.865,November,Placed In,151
H- E,ps,21-11-2024,-,-,-,0,21-11-2024 15:22:33.728,November,Protorun Stopped,151
H- E,ps,21-11-2024,-,-,-,0,21-11-2024 15:22:59.479,November,Heater Switched Off ,151
H- E,ps,21-11-2024,W1,Tap Water,--,0,21-11-2024 15:23:00.489,November,Water Valve : 1 is Off,151
H- E,ps,21-11-2024,W2,Tap Water,--,0,21-11-2024 15:23:01.151,November,Water Valve : 2 is Off,151
H- E,ps,21-11-2024,W3,Tap Water,--,0,21-11-2024 15:23:01.822,November,Water Valve : 3 is Off,151
H- E,ps,21-11-2024,W4,Tap Water,--,0,21-11-2024 15:23:02.486,November,Water Valve : 4 is Off,151
H- E,ps,21-11-2024,W5,Tap Water,--,0,21-11-2024 15:23:03.152,November,Water Valve : 5 is Off,151
H- E,ps,21-11-2024,W6,Tap Water,--,0,21-11-2024 15:23:03.817,November,Water Valve : 6 is Off,151
H- E,ps,21-11-2024,-,-,-,0,21-11-2024 15:23:53.243,November,Protorun Started,152
H- E,ps,21-11-2024,W1,Tap Water,--,0,21-11-2024 15:24:03.859,November,Water Valve : 1 is Off,152
H- E,ps,21-11-2024,W2,Tap Water,--,0,21-11-2024 15:24:04.523,November,Water Valve : 2 is Off,152
H- E,ps,21-11-2024,W3,Tap Water,--,0,21-11-2024 15:24:05.187,November,Water Valve : 3 is Off,152
H- E,ps,21-11-2024,W4,Tap Water,--,0,21-11-2024 15:24:05.854,November,Water Valve : 4 is Off,152
H- E,ps,21-11-2024,W5,Tap Water,--,0,21-11-2024 15:24:06.522,November,Water Valve : 5 is Off,152
H- E,ps,21-11-2024,W6,Tap Water,--,0,21-11-2024 15:24:07.182,November,Water Valve : 6 is Off,152
H- E,ps,21-11-2024,-,-,-,0,21-11-2024 15:24:18.135,November,Home Reached,152
H- E,ps,21-11-2024,-,-,-,0,21-11-2024 15:24:20.519,November,Home Reached,152
H- E,ps,21-11-2024,H1,-,-,0,21-11-2024 15:24:32.123,November,Liquid Level - 3475,152
H- E,ps,21-11-2024,H2,-,-,0,21-11-2024 15:24:34.858,November,Liquid Level - 3463,152
H- E,ps,21-11-2024,H3,-,-,0,21-11-2024 15:24:37.521,November,Liquid Level - 3462,152
H- E,ps,21-11-2024,L1,-,-,0,21-11-2024 15:24:41.282,November,Liquid Level - 287,152
H- E,ps,21-11-2024,L2,-,-,0,21-11-2024 15:24:44.212,November,Liquid Level - 269,152
H- E,ps,21-11-2024,L3,-,-,0,21-11-2024 15:24:46.869,November,Liquid Level - 244,152
H- E,ps,21-11-2024,-,-,-,0,21-11-2024 15:24:58.278,November,Home Reached,152
H- E,ps,21-11-2024,-,-,-,0,21-11-2024 15:25:00.946,November,Home Reached,152
H- E,ps,21-11-2024,L1,Heating,1,0,21-11-2024 15:25:14.624,November,1 Picked From L1,152
H- E,ps,21-11-2024,H1,Heating,1,0,21-11-2024 15:25:21.845,November,1 Placed In H1,152
H- E,ps,21-11-2024,L2,Heating,2,0,21-11-2024 15:25:29.052,November,2 Picked From L2,152
H- E,ps,21-11-2024,H2,Heating,2,0,21-11-2024 15:25:36.272,November,2 Placed In H2,152
H- E,ps,21-11-2024,L3,Heating,3,0,21-11-2024 15:25:42.970,November,3 Picked From L3,152
H- E,ps,21-11-2024,-,-,-,0,21-11-2024 15:25:50.187,November,Heater Door Closed,152
H- E,ps,21-11-2024,-,-,-,0,21-11-2024 15:25:50.513,November,Heater Switched On ,152
H- E,ps,21-11-2024,-,-,-,30,21-11-2024 15:25:50.995,November,30 - Temperature set to device,152
H- E,ps,21-11-2024,-,-,-,34,21-11-2024 15:25:57.173,November,Device temperature ,152
H- E,ps,21-11-2024,-,-,-,36,21-11-2024 15:26:07.357,November,Device temperature ,152
H- E,ps,21-11-2024,-,-,-,34,21-11-2024 15:26:12.364,November,Device temperature ,152
H- E,ps,21-11-2024,-,-,-,34,21-11-2024 15:26:17.362,November,Device temperature ,152
H- E,ps,21-11-2024,-,-,-,34,21-11-2024 15:26:22.356,November,Device temperature ,152
H- E,ps,21-11-2024,-,-,-,34,21-11-2024 15:26:27.352,November,Device temperature ,152
H- E,ps,21-11-2024,-,-,-,35,21-11-2024 15:26:32.357,November,Device temperature ,152
H- E,ps,21-11-2024,-,-,-,35,21-11-2024 15:26:37.361,November,Device temperature ,152
H- E,ps,21-11-2024,-,-,-,35,21-11-2024 15:26:42.359,November,Device temperature ,152
H- E,ps,21-11-2024,-,-,-,35,21-11-2024 15:26:47.356,November,Device temperature ,152
H- E,ps,21-11-2024,-,-,-,35,21-11-2024 15:26:52.364,November,Device temperature ,152
H- E,ps,21-11-2024,-,-,-,35,21-11-2024 15:26:57.362,November,Device temperature ,152
H- E,ps,21-11-2024,-,-,-,35,21-11-2024 15:27:02.359,November,Device temperature ,152
H- E,ps,21-11-2024,-,-,-,35,21-11-2024 15:27:07.356,November,Device temperature ,152
H- E,ps,21-11-2024,-,-,-,35,21-11-2024 15:27:12.356,November,Device temperature ,152
H- E,ps,21-11-2024,-,-,-,35,21-11-2024 15:27:17.360,November,Device temperature ,152
H- E,ps,21-11-2024,-,-,-,35,21-11-2024 15:27:22.355,November,Device temperature ,152
H- E,ps,21-11-2024,-,-,-,35,21-11-2024 15:27:27.352,November,Device temperature ,152
H- E,ps,21-11-2024,-,-,-,35,21-11-2024 15:27:32.366,November,Device temperature ,152
H- E,ps,21-11-2024,-,-,-,35,21-11-2024 15:27:37.362,November,Device temperature ,152
H- E,ps,21-11-2024,-,-,-,35,21-11-2024 15:27:42.357,November,Device temperature ,152
H- E,ps,21-11-2024,-,-,-,35,21-11-2024 15:27:47.357,November,Device temperature ,152
H- E,ps,21-11-2024,-,-,-,35,21-11-2024 15:27:52.357,November,Device temperature ,152
H- E,ps,21-11-2024,-,-,-,35,21-11-2024 15:27:57.365,November,Device temperature ,152
H- E,ps,21-11-2024,-,-,-,35,21-11-2024 15:28:02.364,November,Device temperature ,152
H- E,ps,21-11-2024,-,-,-,35,21-11-2024 15:28:07.356,November,Device temperature ,152
H- E,ps,21-11-2024,-,-,-,35,21-11-2024 15:28:12.361,November,Device temperature ,152
H- E,ps,21-11-2024,-,-,-,35,21-11-2024 15:28:17.361,November,Device temperature ,152
H- E,ps,21-11-2024,-,-,-,35,21-11-2024 15:28:22.367,November,Device temperature ,152
H- E,ps,21-11-2024,-,-,-,35,21-11-2024 15:28:27.353,November,Device temperature ,152
H- E,ps,21-11-2024,-,-,-,35,21-11-2024 15:28:32.352,November,Device temperature ,152
H- E,ps,21-11-2024,-,-,-,35,21-11-2024 15:28:37.351,November,Device temperature ,152
H- E,ps,21-11-2024,-,-,-,35,21-11-2024 15:28:42.350,November,Device temperature ,152
H- E,ps,21-11-2024,-,-,-,35,21-11-2024 15:28:47.367,November,Device temperature ,152
H- E,ps,21-11-2024,-,-,-,35,21-11-2024 15:28:52.366,November,Device temperature ,152
H- E,ps,21-11-2024,-,-,-,35,21-11-2024 15:28:57.360,November,Device temperature ,152
H- E,ps,21-11-2024,-,-,-,35,21-11-2024 15:29:02.362,November,Device temperature ,152
H- E,ps,21-11-2024,-,-,-,35,21-11-2024 15:29:07.364,November,Device temperature ,152
H- E,ps,21-11-2024,-,-,-,35,21-11-2024 15:29:12.356,November,Device temperature ,152
H- E,ps,21-11-2024,-,-,-,35,21-11-2024 15:29:17.372,November,Device temperature ,152
H- E,ps,21-11-2024,-,-,-,35,21-11-2024 15:29:22.382,November,Device temperature ,152
H- E,ps,21-11-2024,-,-,-,35,21-11-2024 15:29:27.376,November,Device temperature ,152
H- E,ps,21-11-2024,-,-,-,34,21-11-2024 15:29:32.377,November,Device temperature ,152
H- E,ps,21-11-2024,-,-,-,35,21-11-2024 15:29:37.373,November,Device temperature ,152
H- E,ps,21-11-2024,-,-,-,35,21-11-2024 15:29:42.382,November,Device temperature ,152
H- E,ps,21-11-2024,-,-,-,35,21-11-2024 15:29:47.367,November,Device temperature ,152
H- E,ps,21-11-2024,-,-,-,35,21-11-2024 15:29:52.379,November,Device temperature ,152
H- E,ps,21-11-2024,-,-,-,35,21-11-2024 15:29:57.373,November,Device temperature ,152
H- E,ps,21-11-2024,-,-,-,35,21-11-2024 15:30:02.370,November,Device temperature ,152
H- E,ps,21-11-2024,-,-,-,35,21-11-2024 15:30:07.383,November,Device temperature ,152
H- E,ps,21-11-2024,-,-,-,35,21-11-2024 15:30:12.372,November,Device temperature ,152
H- E,ps,21-11-2024,-,-,-,35,21-11-2024 15:30:17.373,November,Device temperature ,152
H- E,ps,21-11-2024,-,-,-,35,21-11-2024 15:30:22.380,November,Device temperature ,152
H- E,ps,21-11-2024,-,-,-,35,21-11-2024 15:30:27.381,November,Device temperature ,152
H- E,ps,21-11-2024,-,-,-,35,21-11-2024 15:30:32.377,November,Device temperature ,152
H- E,ps,21-11-2024,-,-,-,35,21-11-2024 15:30:37.378,November,Device temperature ,152
H- E,ps,21-11-2024,-,-,-,35,21-11-2024 15:30:42.371,November,Device temperature ,152
H- E,ps,21-11-2024,-,-,-,35,21-11-2024 15:30:47.376,November,Device temperature ,152
H- E,ps,21-11-2024,-,-,-,35,21-11-2024 15:30:52.375,November,Device temperature ,152
H- E,ps,21-11-2024,-,-,-,35,21-11-2024 15:30:57.370,November,Device temperature ,152
H- E,ps,21-11-2024,-,-,-,35,21-11-2024 15:31:02.383,November,Device temperature ,152
H- E,ps,21-11-2024,-,-,-,35,21-11-2024 15:31:07.373,November,Device temperature ,152
H- E,ps,21-11-2024,-,-,-,35,21-11-2024 15:31:12.364,November,Device temperature ,152
H- E,ps,21-11-2024,-,-,-,35,21-11-2024 15:31:17.371,November,Device temperature ,152
H- E,ps,21-11-2024,-,-,-,35,21-11-2024 15:31:22.431,November,Device temperature ,152
H- E,ps,21-11-2024,-,-,-,35,21-11-2024 15:31:27.379,November,Device temperature ,152
H- E,ps,21-11-2024,-,-,-,35,21-11-2024 15:31:32.371,November,Device temperature ,152
H- E,ps,21-11-2024,-,-,-,35,21-11-2024 15:31:37.381,November,Device temperature ,152
H- E,ps,21-11-2024,-,-,-,35,21-11-2024 15:31:42.368,November,Device temperature ,152
H- E,ps,21-11-2024,-,-,-,35,21-11-2024 15:31:47.374,November,Device temperature ,152
H- E,ps,21-11-2024,-,-,-,35,21-11-2024 15:31:52.375,November,Device temperature ,152
H- E,ps,21-11-2024,-,-,-,35,21-11-2024 15:31:57.375,November,Device temperature ,152
H- E,ps,21-11-2024,-,-,-,35,21-11-2024 15:32:02.369,November,Device temperature ,152
H- E,ps,21-11-2024,-,-,-,35,21-11-2024 15:32:07.382,November,Device temperature ,152
H- E,ps,21-11-2024,-,-,-,35,21-11-2024 15:32:12.377,November,Device temperature ,152
H- E,ps,21-11-2024,-,-,-,35,21-11-2024 15:32:17.379,November,Device temperature ,152
H- E,ps,21-11-2024,-,-,-,34,21-11-2024 15:32:22.376,November,Device temperature ,152
H- E,ps,21-11-2024,-,-,-,35,21-11-2024 15:32:27.374,November,Device temperature ,152
H- E,ps,21-11-2024,-,-,-,35,21-11-2024 15:32:32.380,November,Device temperature ,152
H- E,ps,21-11-2024,-,-,-,35,21-11-2024 15:32:37.372,November,Device temperature ,152
H- E,ps,21-11-2024,-,-,-,36,21-11-2024 15:32:42.371,November,Device temperature ,152
H- E,ps,21-11-2024,-,-,-,35,21-11-2024 15:32:47.372,November,Device temperature ,152
H- E,ps,21-11-2024,-,-,-,35,21-11-2024 15:32:52.363,November,Device temperature ,152
H- E,ps,21-11-2024,-,-,-,35,21-11-2024 15:32:57.370,November,Device temperature ,152
H- E,ps,21-11-2024,-,-,-,35,21-11-2024 15:33:02.381,November,Device temperature ,152
H- E,ps,21-11-2024,-,-,-,35,21-11-2024 15:33:07.372,November,Device temperature ,152
H- E,ps,21-11-2024,-,-,-,35,21-11-2024 15:33:12.373,November,Device temperature ,152
H- E,ps,21-11-2024,-,-,-,35,21-11-2024 15:33:17.365,November,Device temperature ,152
H- E,ps,21-11-2024,-,-,-,35,21-11-2024 15:33:22.384,November,Device temperature ,152
H- E,ps,21-11-2024,-,-,-,35,21-11-2024 15:33:27.373,November,Device temperature ,152
H- E,ps,21-11-2024,-,-,-,35,21-11-2024 15:33:32.369,November,Device temperature ,152
H- E,ps,21-11-2024,-,-,-,35,21-11-2024 15:33:37.375,November,Device temperature ,152
H- E,ps,21-11-2024,-,-,-,36,21-11-2024 15:33:42.379,November,Device temperature ,152
H- E,ps,21-11-2024,-,-,-,35,21-11-2024 15:33:47.379,November,Device temperature ,152
H- E,ps,21-11-2024,-,-,-,35,21-11-2024 15:33:52.376,November,Device temperature ,152
H- E,ps,21-11-2024,-,-,-,35,21-11-2024 15:33:57.369,November,Device temperature ,152
H- E,ps,21-11-2024,-,-,-,35,21-11-2024 15:34:02.369,November,Device temperature ,152
H- E,ps,21-11-2024,-,-,-,35,21-11-2024 15:34:07.368,November,Device temperature ,152
H- E,ps,21-11-2024,-,-,-,35,21-11-2024 15:34:12.373,November,Device temperature ,152
H- E,ps,21-11-2024,-,-,-,35,21-11-2024 15:34:17.381,November,Device temperature ,152
H- E,ps,21-11-2024,-,-,-,35,21-11-2024 15:34:22.371,November,Device temperature ,152
H- E,ps,21-11-2024,-,-,-,35,21-11-2024 15:34:27.370,November,Device temperature ,152
H- E,ps,21-11-2024,-,-,-,35,21-11-2024 15:34:32.368,November,Device temperature ,152
H- E,ps,21-11-2024,-,-,-,35,21-11-2024 15:34:37.366,November,Device temperature ,152
H- E,ps,21-11-2024,-,-,-,35,21-11-2024 15:34:42.387,November,Device temperature ,152
H- E,ps,21-11-2024,-,-,-,35,21-11-2024 15:34:47.379,November,Device temperature ,152
H- E,ps,21-11-2024,-,-,-,35,21-11-2024 15:34:52.373,November,Device temperature ,152
H- E,ps,21-11-2024,-,-,-,35,21-11-2024 15:34:57.365,November,Device temperature ,152
H- E,ps,21-11-2024,-,-,-,35,21-11-2024 15:35:02.370,November,Device temperature ,152
H- E,ps,21-11-2024,-,-,-,36,21-11-2024 15:35:07.387,November,Device temperature ,152
H- E,ps,21-11-2024,-,-,-,35,21-11-2024 15:35:12.394,November,Device temperature ,152
H- E,ps,21-11-2024,-,-,-,35,21-11-2024 15:35:17.384,November,Device temperature ,152
H- E,ps,21-11-2024,-,-,-,35,21-11-2024 15:35:22.393,November,Device temperature ,152
H- E,ps,21-11-2024,-,-,-,35,21-11-2024 15:35:27.394,November,Device temperature ,152
H- E,ps,21-11-2024,-,-,-,35,21-11-2024 15:35:32.390,November,Device temperature ,152
H- E,ps,21-11-2024,-,-,-,35,21-11-2024 15:35:37.387,November,Device temperature ,152
H- E,ps,21-11-2024,-,-,-,35,21-11-2024 15:35:42.382,November,Device temperature ,152
H- E,ps,21-11-2024,-,-,-,35,21-11-2024 15:35:47.390,November,Device temperature ,152
H- E,ps,21-11-2024,-,-,-,35,21-11-2024 15:35:52.384,November,Device temperature ,152
H- E,ps,21-11-2024,-,-,-,35,21-11-2024 15:35:57.396,November,Device temperature ,152
H- E,ps,21-11-2024,-,-,-,35,21-11-2024 15:36:02.391,November,Device temperature ,152
H- E,ps,21-11-2024,-,-,-,35,21-11-2024 15:36:07.397,November,Device temperature ,152
H- E,ps,21-11-2024,-,-,-,35,21-11-2024 15:36:12.378,November,Device temperature ,152
H- E,ps,21-11-2024,-,-,-,35,21-11-2024 15:36:17.385,November,Device temperature ,152
H- E,ps,21-11-2024,-,-,-,35,21-11-2024 15:36:22.393,November,Device temperature ,152
H- E,ps,21-11-2024,-,-,-,35,21-11-2024 15:36:27.399,November,Device temperature ,152
H- E,ps,21-11-2024,-,-,-,35,21-11-2024 15:36:32.397,November,Device temperature ,152
H- E,ps,21-11-2024,-,-,-,35,21-11-2024 15:36:37.390,November,Device temperature ,152
H- E,ps,21-11-2024,-,-,-,35,21-11-2024 15:36:42.397,November,Device temperature ,152
H- E,ps,21-11-2024,-,-,-,36,21-11-2024 15:36:47.383,November,Device temperature ,152
H- E,ps,21-11-2024,-,-,-,35,21-11-2024 15:36:52.483,November,Device temperature ,152
H- E,ps,21-11-2024,-,-,-,35,21-11-2024 15:36:57.393,November,Device temperature ,152
H- E,ps,21-11-2024,-,-,-,35,21-11-2024 15:37:02.394,November,Device temperature ,152
H- E,ps,21-11-2024,-,-,-,35,21-11-2024 15:37:07.389,November,Device temperature ,152
H- E,ps,21-11-2024,-,-,-,35,21-11-2024 15:37:12.390,November,Device temperature ,152
H- E,ps,21-11-2024,-,-,-,35,21-11-2024 15:37:17.398,November,Device temperature ,152
H- E,ps,21-11-2024,-,-,-,35,21-11-2024 15:37:22.398,November,Device temperature ,152
H- E,ps,21-11-2024,-,-,-,36,21-11-2024 15:37:27.391,November,Device temperature ,152
H- E,ps,21-11-2024,-,-,-,35,21-11-2024 15:37:32.388,November,Device temperature ,152
H- E,ps,21-11-2024,-,-,-,35,21-11-2024 15:37:37.388,November,Device temperature ,152
H- E,ps,21-11-2024,-,-,-,35,21-11-2024 15:37:42.385,November,Device temperature ,152
H- E,ps,21-11-2024,-,-,-,0,21-11-2024 15:37:45.070,November,Protorun Stopped,152
H- E,ps,21-11-2024,-,-,-,0,21-11-2024 15:37:55.951,November,Heater Switched Off ,152
H- E,ps,21-11-2024,W1,Tap Water,--,0,21-11-2024 15:37:56.998,November,Water Valve : 1 is Off,152
H- E,ps,21-11-2024,W2,Tap Water,--,0,21-11-2024 15:37:57.665,November,Water Valve : 2 is Off,152
H- E,ps,21-11-2024,W3,Tap Water,--,0,21-11-2024 15:37:58.342,November,Water Valve : 3 is Off,152
H- E,ps,21-11-2024,W4,Tap Water,--,0,21-11-2024 15:37:59.017,November,Water Valve : 4 is Off,152
H- E,ps,21-11-2024,W5,Tap Water,--,0,21-11-2024 15:37:59.682,November,Water Valve : 5 is Off,152
H- E,ps,21-11-2024,W6,Tap Water,--,0,21-11-2024 15:38:00.361,November,Water Valve : 6 is Off,152
