H&E,ps,22-04-2025,-,-,-,0,22-04-2025 15:15:04.572,April,Protorun Started,559
H&E,ps,22-04-2025,-,-,-,30,22-04-2025 15:15:14.903,April,30 - Temperature set to device,559
H&E,ps,22-04-2025,-,-,-,0,22-04-2025 15:15:16.159,April,Heater Switched On ,559
H&E,ps,22-04-2025,-,-,-,0,22-04-2025 15:15:17.194,April,Heater Door Closed,559
H&E,ps,22-04-2025,-,-,-,36,22-04-2025 15:15:17.907,April,Device temperature ,559
H&E,ps,22-04-2025,W1,Tap Water,--,0,22-04-2025 15:15:33.120,April,Water Valve : 1 is Off,559
H&E,ps,22-04-2025,W2,Tap Water,--,0,22-04-2025 15:15:33.841,April,Water Valve : 2 is Off,559
H&E,ps,22-04-2025,W3,Tap Water,--,0,22-04-2025 15:15:34.547,April,Water Valve : 3 is Off,559
H&E,ps,22-04-2025,W4,Tap Water,--,0,22-04-2025 15:15:35.243,April,Water Valve : 4 is Off,559
H&E,ps,22-04-2025,W5,Tap Water,--,0,22-04-2025 15:15:35.960,April,Water Valve : 5 is Off,559
H&E,ps,22-04-2025,W6,Tap Water,--,0,22-04-2025 15:15:36.655,April,Water Valve : 6 is Off,559
H&E,ps,22-04-2025,-,-,-,0,22-04-2025 15:15:38.186,April,Home Reached,559
H&E,ps,22-04-2025,-,-,-,0,22-04-2025 15:15:40.411,April,Home Reached,559
H&E,ps,22-04-2025,L1,-,-,0,22-04-2025 15:15:50.958,April,Liquid Level - 509,559
H&E,ps,22-04-2025,L2,-,-,0,22-04-2025 15:15:53.968,April,Liquid Level - 480,559
H&E,ps,22-04-2025,L3,-,-,0,22-04-2025 15:15:57.007,April,Liquid Level - 455,559
H&E,ps,22-04-2025,-,-,-,0,22-04-2025 15:16:08.811,April,Home Reached,559
H&E,ps,22-04-2025,-,-,-,0,22-04-2025 15:16:10.525,April,Home Reached,559
H&E,ps,22-04-2025,,,R1,0,22-04-2025 15:16:12.082,April,Test Started,559
H&E,ps,22-04-2025,L1,Loading,R1,0,22-04-2025 15:16:19.848,April,Picked From,559
H&E,ps,22-04-2025,H1,Heating,R1,0,22-04-2025 15:16:27.036,April,Placed In,559
H&E,ps,22-04-2025,-,-,-,0,22-04-2025 15:16:28.105,April,Heater Door Closed,559
H&E,ps,22-04-2025,-,-,-,36,22-04-2025 15:16:28.816,April,Device temperature ,559
H&E,ps,22-04-2025,-,-,-,36,22-04-2025 15:16:44.021,April,Device temperature ,559
H&E,ps,22-04-2025,-,-,-,36,22-04-2025 15:16:48.209,April,Device temperature ,559
H&E,ps,22-04-2025,-,-,-,36,22-04-2025 15:16:59.224,April,Device temperature ,559
H&E,ps,22-04-2025,-,-,-,36,22-04-2025 15:17:14.440,April,Device temperature ,559
H&E,ps,22-04-2025,-,-,-,36,22-04-2025 15:17:29.640,April,Device temperature ,559
H&E,ps,22-04-2025,-,-,-,36,22-04-2025 15:17:44.845,April,Device temperature ,559
H&E,ps,22-04-2025,-,-,-,36,22-04-2025 15:18:00.059,April,Device temperature ,559
H&E,ps,22-04-2025,-,-,-,36,22-04-2025 15:18:15.304,April,Device temperature ,559
H&E,ps,22-04-2025,-,-,-,36,22-04-2025 15:18:30.505,April,Device temperature ,559
H&E,ps,22-04-2025,-,-,-,36,22-04-2025 15:18:45.709,April,Device temperature ,559
H&E,ps,22-04-2025,-,-,-,37,22-04-2025 15:19:00.926,April,Device temperature ,559
H&E,ps,22-04-2025,-,-,-,36,22-04-2025 15:19:16.139,April,Device temperature ,559
H&E,ps,22-04-2025,-,-,-,36,22-04-2025 15:19:31.371,April,Device temperature ,559
H&E,ps,22-04-2025,-,-,-,36,22-04-2025 15:19:46.590,April,Device temperature ,559
H&E,ps,22-04-2025,-,-,-,37,22-04-2025 15:20:01.811,April,Device temperature ,559
H&E,ps,22-04-2025,-,-,-,37,22-04-2025 15:20:17.010,April,Device temperature ,559
H&E,ps,22-04-2025,-,-,-,37,22-04-2025 15:20:32.253,April,Device temperature ,559
H&E,ps,22-04-2025,-,-,-,37,22-04-2025 15:20:47.447,April,Device temperature ,559
H&E,ps,22-04-2025,-,-,-,37,22-04-2025 15:21:02.679,April,Device temperature ,559
H&E,ps,22-04-2025,-,-,-,36,22-04-2025 15:21:18.907,April,Device temperature ,559
H&E,ps,22-04-2025,-,-,-,0,22-04-2025 15:21:27.755,April,Heater Door Opened,559
H&E,ps,22-04-2025,H1,Heating,R1,0,22-04-2025 15:21:33.913,April,Picked From,559
H&E,ps,22-04-2025,-,-,-,0,22-04-2025 15:21:34.514,April,Heater Door Closed,559
H&E,ps,22-04-2025,J1,XYLENE-1,R1,0,22-04-2025 15:21:41.654,April,Placed In,559
H&E,ps,22-04-2025,-,-,-,37,22-04-2025 15:21:45.459,April,Device temperature ,559
H&E,ps,22-04-2025,-,-,-,0,22-04-2025 15:21:57.790,April,Heater Door Opened,559
H&E,ps,22-04-2025,,,R2,0,22-04-2025 15:21:58.332,April,Test Started,559
H&E,ps,22-04-2025,L2,Loading,R2,0,22-04-2025 15:22:05.454,April,Picked From,559
H&E,ps,22-04-2025,H1,Heating,R2,0,22-04-2025 15:22:12.603,April,Placed In,559
H&E,ps,22-04-2025,-,-,-,0,22-04-2025 15:22:13.695,April,Heater Door Closed,559
H&E,ps,22-04-2025,-,-,-,37,22-04-2025 15:22:14.409,April,Device temperature ,559
H&E,ps,22-04-2025,-,-,-,36,22-04-2025 15:22:29.617,April,Device temperature ,559
H&E,ps,22-04-2025,-,-,-,36,22-04-2025 15:22:33.341,April,Device temperature ,559
H&E,ps,22-04-2025,-,-,-,37,22-04-2025 15:22:44.822,April,Device temperature ,559
H&E,ps,22-04-2025,-,-,-,36,22-04-2025 15:23:00.063,April,Device temperature ,559
H&E,ps,22-04-2025,-,-,-,37,22-04-2025 15:23:15.277,April,Device temperature ,559
H&E,ps,22-04-2025,-,-,-,37,22-04-2025 15:23:31.494,April,Device temperature ,559
H&E,ps,22-04-2025,J1,XYLENE-1,R1,0,22-04-2025 15:23:48.663,April,Picked From,559
H&E,ps,22-04-2025,J2,XYLENE-2,R1,0,22-04-2025 15:23:54.778,April,Placed In,559
H&E,ps,22-04-2025,-,-,-,36,22-04-2025 15:23:59.253,April,Device temperature ,559
H&E,ps,22-04-2025,-,-,-,37,22-04-2025 15:24:14.475,April,Device temperature ,559
H&E,ps,22-04-2025,-,-,-,36,22-04-2025 15:24:29.686,April,Device temperature ,559
H&E,ps,22-04-2025,-,-,-,37,22-04-2025 15:24:44.887,April,Device temperature ,559
H&E,ps,22-04-2025,-,-,-,37,22-04-2025 15:25:00.103,April,Device temperature ,559
H&E,ps,22-04-2025,-,-,-,38,22-04-2025 15:25:15.318,April,Device temperature ,559
H&E,ps,22-04-2025,-,-,-,37,22-04-2025 15:25:30.523,April,Device temperature ,559
H&E,ps,22-04-2025,-,-,-,37,22-04-2025 15:25:46.741,April,Device temperature ,559
H&E,ps,22-04-2025,J2,XYLENE-2,R1,0,22-04-2025 15:26:00.815,April,Picked From,559
H&E,ps,22-04-2025,J4,100 % Alcohol,R1,0,22-04-2025 15:26:07.465,April,Placed In,559
H&E,ps,22-04-2025,-,-,-,37,22-04-2025 15:26:11.472,April,Device temperature ,559
H&E,ps,22-04-2025,-,-,-,37,22-04-2025 15:26:26.685,April,Device temperature ,559
H&E,ps,22-04-2025,-,-,-,37,22-04-2025 15:26:41.905,April,Device temperature ,559
H&E,ps,22-04-2025,-,-,-,37,22-04-2025 15:26:58.136,April,Device temperature ,559
H&E,ps,22-04-2025,-,-,-,0,22-04-2025 15:27:13.176,April,Heater Door Opened,559
H&E,ps,22-04-2025,H1,Heating,R2,0,22-04-2025 15:27:21.326,April,Picked From,559
H&E,ps,22-04-2025,-,-,-,0,22-04-2025 15:27:21.897,April,Heater Door Closed,559
H&E,ps,22-04-2025,J1,XYLENE-1,R2,0,22-04-2025 15:27:29.095,April,Placed In,559
H&E,ps,22-04-2025,-,-,-,38,22-04-2025 15:27:32.931,April,Device temperature ,559
H&E,ps,22-04-2025,-,-,-,0,22-04-2025 15:27:43.951,April,Heater Door Opened,559
H&E,ps,22-04-2025,,,R3,0,22-04-2025 15:27:44.502,April,Test Started,559
H&E,ps,22-04-2025,L3,Loading,R3,0,22-04-2025 15:27:51.631,April,Picked From,559
H&E,ps,22-04-2025,H1,Heating,R3,0,22-04-2025 15:27:58.751,April,Placed In,559
H&E,ps,22-04-2025,-,-,-,0,22-04-2025 15:27:59.835,April,Heater Door Closed,559
H&E,ps,22-04-2025,-,-,-,37,22-04-2025 15:28:00.535,April,Device temperature ,559
H&E,ps,22-04-2025,J4,100 % Alcohol,R1,0,22-04-2025 15:28:15.565,April,Picked From,559
H&E,ps,22-04-2025,J5,70%Alcohol,R1,0,22-04-2025 15:28:21.769,April,Placed In,559
H&E,ps,22-04-2025,-,-,-,37,22-04-2025 15:28:26.505,April,Device temperature ,559
H&E,ps,22-04-2025,-,-,-,37,22-04-2025 15:28:41.716,April,Device temperature ,559
H&E,ps,22-04-2025,-,-,-,37,22-04-2025 15:28:56.941,April,Device temperature ,559
H&E,ps,22-04-2025,-,-,-,36,22-04-2025 15:29:13.169,April,Device temperature ,559
H&E,ps,22-04-2025,-,-,-,37,22-04-2025 15:29:28.396,April,Device temperature ,559
H&E,ps,22-04-2025,J1,XYLENE-1,R2,0,22-04-2025 15:29:36.582,April,Picked From,559
H&E,ps,22-04-2025,J2,XYLENE-2,R2,0,22-04-2025 15:29:42.757,April,Placed In,559
H&E,ps,22-04-2025,-,-,-,38,22-04-2025 15:29:47.716,April,Device temperature ,559
H&E,ps,22-04-2025,-,-,-,38,22-04-2025 15:30:02.921,April,Device temperature ,559
H&E,ps,22-04-2025,-,-,-,37,22-04-2025 15:30:19.165,April,Device temperature ,559
H&E,ps,22-04-2025,J5,70%Alcohol,R1,0,22-04-2025 15:30:28.778,April,Picked From,559
H&E,ps,22-04-2025,J6,95% Alcohol,R1,0,22-04-2025 15:30:34.937,April,Placed In,559
H&E,ps,22-04-2025,-,-,-,38,22-04-2025 15:30:39.345,April,Device temperature ,559
H&E,ps,22-04-2025,-,-,-,38,22-04-2025 15:30:54.540,April,Device temperature ,559
H&E,ps,22-04-2025,-,-,-,38,22-04-2025 15:31:09.769,April,Device temperature ,559
H&E,ps,22-04-2025,-,-,-,38,22-04-2025 15:31:25.996,April,Device temperature ,559
H&E,ps,22-04-2025,-,-,-,38,22-04-2025 15:31:41.207,April,Device temperature ,559
H&E,ps,22-04-2025,J2,XYLENE-2,R2,0,22-04-2025 15:31:50.342,April,Picked From,559
H&E,ps,22-04-2025,J4,100 % Alcohol,R2,0,22-04-2025 15:31:57.021,April,Placed In,559
H&E,ps,22-04-2025,-,-,-,38,22-04-2025 15:32:01.463,April,Device temperature ,559
H&E,ps,22-04-2025,-,-,-,38,22-04-2025 15:32:16.671,April,Device temperature ,559
H&E,ps,22-04-2025,W1,Tap Water,--,0,22-04-2025 15:32:18.566,April,Water Valve : 1 is On,559
H&E,ps,22-04-2025,J6,95% Alcohol,R1,0,22-04-2025 15:32:42.018,April,Picked From,559
H&E,ps,22-04-2025,-,-,-,0,22-04-2025 15:32:42.235,April,Home Reached,559
H&E,ps,22-04-2025,W1,Running TAP Water,R1,0,22-04-2025 15:32:51.272,April,Placed In,559
H&E,ps,22-04-2025,-,-,-,0,22-04-2025 15:33:00.033,April,Home Reached,559
H&E,ps,22-04-2025,-,-,-,0,22-04-2025 15:33:04.301,April,Heater Door Opened,559
H&E,ps,22-04-2025,H1,Heating,R3,0,22-04-2025 15:33:10.902,April,Picked From,559
H&E,ps,22-04-2025,-,-,-,0,22-04-2025 15:33:11.468,April,Heater Door Closed,559
H&E,ps,22-04-2025,J1,XYLENE-1,R3,0,22-04-2025 15:33:18.592,April,Placed In,559
H&E,ps,22-04-2025,-,-,-,38,22-04-2025 15:33:22.771,April,Device temperature ,559
H&E,ps,22-04-2025,-,-,-,38,22-04-2025 15:33:46.715,April,Device temperature ,559
H&E,ps,22-04-2025,J4,100 % Alcohol,R2,0,22-04-2025 15:34:04.483,April,Picked From,559
H&E,ps,22-04-2025,J5,70%Alcohol,R2,0,22-04-2025 15:34:10.666,April,Placed In,559
H&E,ps,22-04-2025,-,-,-,0,22-04-2025 15:34:16.999,April,Home Reached,559
H&E,ps,22-04-2025,-,-,-,0,22-04-2025 15:34:18.032,April,Heater Door Opened,559
H&E,ps,22-04-2025,L1,-,-,0,22-04-2025 15:34:27.061,April,Liquid Level - 482,559
H&E,ps,22-04-2025,L2,-,-,0,22-04-2025 15:34:30.086,April,Liquid Level - 464,559
H&E,ps,22-04-2025,L3,-,-,0,22-04-2025 15:34:33.075,April,Liquid Level - 484,559
H&E,ps,22-04-2025,-,-,-,0,22-04-2025 15:34:44.866,April,Home Reached,559
H&E,ps,22-04-2025,-,-,-,0,22-04-2025 15:34:46.619,April,Home Reached,559
H&E,ps,22-04-2025,,,R4,0,22-04-2025 15:34:48.167,April,Test Started,559
H&E,ps,22-04-2025,L1,Loading,R4,0,22-04-2025 15:34:55.840,April,Picked From,559
H&E,ps,22-04-2025,H1,Heating,R4,0,22-04-2025 15:35:03.024,April,Placed In,559
H&E,ps,22-04-2025,-,-,-,0,22-04-2025 15:35:04.102,April,Heater Door Closed,559
H&E,ps,22-04-2025,-,-,-,37,22-04-2025 15:35:04.798,April,Device temperature ,559
H&E,ps,22-04-2025,W1,Tap Water,--,0,22-04-2025 15:35:07.010,April,Water Valve : 1 is Off,559
H&E,ps,22-04-2025,W1,Running TAP Water,R1,0,22-04-2025 15:35:15.468,April,Picked From,559
H&E,ps,22-04-2025,-,-,-,0,22-04-2025 15:35:16.224,April,Home Reached,559
H&E,ps,22-04-2025,J8,Hematoxin,R1,0,22-04-2025 15:35:24.211,April,Placed In,559
H&E,ps,22-04-2025,-,-,-,0,22-04-2025 15:35:30.439,April,Home Reached,559
H&E,ps,22-04-2025,J1,XYLENE-1,R3,0,22-04-2025 15:35:41.492,April,Picked From,559
H&E,ps,22-04-2025,J2,XYLENE-2,R3,0,22-04-2025 15:35:47.622,April,Placed In,559
H&E,ps,22-04-2025,-,-,-,37,22-04-2025 15:35:51.879,April,Device temperature ,559
H&E,ps,22-04-2025,-,-,-,37,22-04-2025 15:36:10.080,April,Device temperature ,559
H&E,ps,22-04-2025,J5,70%Alcohol,R2,0,22-04-2025 15:36:17.703,April,Picked From,559
H&E,ps,22-04-2025,J6,95% Alcohol,R2,0,22-04-2025 15:36:23.861,April,Placed In,559
H&E,ps,22-04-2025,-,-,-,38,22-04-2025 15:36:28.244,April,Device temperature ,559
H&E,ps,22-04-2025,-,-,-,38,22-04-2025 15:36:43.514,April,Device temperature ,559
H&E,ps,22-04-2025,-,-,-,38,22-04-2025 15:36:58.758,April,Device temperature ,559
H&E,ps,22-04-2025,-,-,-,38,22-04-2025 15:37:14.011,April,Device temperature ,559
H&E,ps,22-04-2025,-,-,-,38,22-04-2025 15:37:29.223,April,Device temperature ,559
H&E,ps,22-04-2025,-,-,-,38,22-04-2025 15:37:45.434,April,Device temperature ,559
H&E,ps,22-04-2025,J2,XYLENE-2,R3,0,22-04-2025 15:37:55.032,April,Picked From,559
H&E,ps,22-04-2025,J4,100 % Alcohol,R3,0,22-04-2025 15:38:01.724,April,Placed In,559
H&E,ps,22-04-2025,-,-,-,38,22-04-2025 15:38:06.128,April,Device temperature ,559
H&E,ps,22-04-2025,W1,Tap Water,--,0,22-04-2025 15:38:07.253,April,Water Valve : 1 is On,559
H&E,ps,22-04-2025,W2,Tap Water,--,0,22-04-2025 15:38:07.885,April,Water Valve : 2 is On,559
H&E,ps,22-04-2025,J6,95% Alcohol,R2,0,22-04-2025 15:38:30.799,April,Picked From,559
H&E,ps,22-04-2025,-,-,-,0,22-04-2025 15:38:36.693,April,Home Reached,559
H&E,ps,22-04-2025,W1,Running TAP Water,R2,0,22-04-2025 15:38:45.712,April,Placed In,559
H&E,ps,22-04-2025,-,-,-,0,22-04-2025 15:38:54.484,April,Home Reached,559
H&E,ps,22-04-2025,J8,Hematoxin,R1,0,22-04-2025 15:39:09.162,April,Picked From,559
H&E,ps,22-04-2025,-,-,-,0,22-04-2025 15:39:09.398,April,Home Reached,559
H&E,ps,22-04-2025,W2,Running TAP Water,R1,0,22-04-2025 15:39:17.930,April,Placed In,559
H&E,ps,22-04-2025,-,-,-,0,22-04-2025 15:39:27.411,April,Home Reached,559
H&E,ps,22-04-2025,-,-,-,39,22-04-2025 15:39:31.486,April,Device temperature ,559
H&E,ps,22-04-2025,-,-,-,38,22-04-2025 15:39:49.711,April,Device temperature ,559
H&E,ps,22-04-2025,J4,100 % Alcohol,R3,0,22-04-2025 15:40:10.220,April,Picked From,559
H&E,ps,22-04-2025,J5,70%Alcohol,R3,0,22-04-2025 15:40:16.382,April,Placed In,559
H&E,ps,22-04-2025,-,-,-,0,22-04-2025 15:40:19.275,April,Heater Door Opened,559
H&E,ps,22-04-2025,H1,Heating,R4,0,22-04-2025 15:40:27.932,April,Picked From,559
H&E,ps,22-04-2025,-,-,-,0,22-04-2025 15:40:28.485,April,Heater Door Closed,559
H&E,ps,22-04-2025,J1,XYLENE-1,R4,0,22-04-2025 15:40:35.580,April,Placed In,559
H&E,ps,22-04-2025,W2,Tap Water,--,0,22-04-2025 15:40:36.307,April,Water Valve : 2 is Off,559
H&E,ps,22-04-2025,W2,Running TAP Water,R1,0,22-04-2025 15:40:44.253,April,Picked From,559
H&E,ps,22-04-2025,J9,Mild Acid,R1,0,22-04-2025 15:40:50.877,April,Placed In,559
H&E,ps,22-04-2025,W1,Tap Water,--,0,22-04-2025 15:40:51.639,April,Water Valve : 1 is Off,559
H&E,ps,22-04-2025,W1,Running TAP Water,R2,0,22-04-2025 15:40:58.047,April,Picked From,559
H&E,ps,22-04-2025,-,-,-,0,22-04-2025 15:41:01.264,April,Home Reached,559
H&E,ps,22-04-2025,J8,Hematoxin,R2,0,22-04-2025 15:41:09.768,April,Placed In,559
H&E,ps,22-04-2025,-,-,-,0,22-04-2025 15:41:15.996,April,Home Reached,559
H&E,ps,22-04-2025,-,-,-,38,22-04-2025 15:41:18.432,April,Device temperature ,559
H&E,ps,22-04-2025,-,-,-,0,22-04-2025 15:41:33.290,April,Heater Door Opened,559
H&E,ps,22-04-2025,,,R5,0,22-04-2025 15:41:33.839,April,Test Started,559
H&E,ps,22-04-2025,L2,Loading,R5,0,22-04-2025 15:41:40.960,April,Picked From,559
H&E,ps,22-04-2025,H1,Heating,R5,0,22-04-2025 15:41:48.120,April,Placed In,559
H&E,ps,22-04-2025,-,-,-,0,22-04-2025 15:41:49.186,April,Heater Door Closed,559
H&E,ps,22-04-2025,-,-,-,38,22-04-2025 15:41:49.898,April,Device temperature ,559
H&E,ps,22-04-2025,W2,Tap Water,--,0,22-04-2025 15:41:50.116,April,Water Valve : 2 is On,559
H&E,ps,22-04-2025,J9,Mild Acid,R1,0,22-04-2025 15:41:59.528,April,Picked From,559
H&E,ps,22-04-2025,W2,Running TAP Water,R1,0,22-04-2025 15:42:06.214,April,Placed In,559
H&E,ps,22-04-2025,-,-,-,38,22-04-2025 15:42:09.798,April,Device temperature ,559
H&E,ps,22-04-2025,J5,70%Alcohol,R3,0,22-04-2025 15:42:24.759,April,Picked From,559
H&E,ps,22-04-2025,J6,95% Alcohol,R3,0,22-04-2025 15:42:30.937,April,Placed In,559
H&E,ps,22-04-2025,-,-,-,38,22-04-2025 15:42:35.865,April,Device temperature ,559
H&E,ps,22-04-2025,J1,XYLENE-1,R4,0,22-04-2025 15:42:43.501,April,Picked From,559
H&E,ps,22-04-2025,J2,XYLENE-2,R4,0,22-04-2025 15:42:49.665,April,Placed In,559
H&E,ps,22-04-2025,-,-,-,38,22-04-2025 15:42:54.080,April,Device temperature ,559
H&E,ps,22-04-2025,W2,Tap Water,--,0,22-04-2025 15:43:06.531,April,Water Valve : 2 is Off,559
H&E,ps,22-04-2025,W2,Running TAP Water,R1,0,22-04-2025 15:43:11.913,April,Picked From,559
H&E,ps,22-04-2025,J18,Bluing,R1,0,22-04-2025 15:43:18.535,April,Placed In,559
H&E,ps,22-04-2025,-,-,-,38,22-04-2025 15:43:22.571,April,Device temperature ,559
H&E,ps,22-04-2025,-,-,-,38,22-04-2025 15:43:37.798,April,Device temperature ,559
H&E,ps,22-04-2025,W2,Tap Water,--,0,22-04-2025 15:43:53.192,April,Water Valve : 2 is On,559
H&E,ps,22-04-2025,W6,Tap Water,--,0,22-04-2025 15:44:01.839,April,Water Valve : 6 is On,559
H&E,ps,22-04-2025,J8,Hematoxin,R2,0,22-04-2025 15:44:18.210,April,Picked From,559
H&E,ps,22-04-2025,-,-,-,0,22-04-2025 15:44:23.751,April,Home Reached,559
H&E,ps,22-04-2025,W2,Running TAP Water,R2,0,22-04-2025 15:44:32.538,April,Placed In,559
H&E,ps,22-04-2025,-,-,-,0,22-04-2025 15:44:42.029,April,Home Reached,559
H&E,ps,22-04-2025,W1,Tap Water,--,0,22-04-2025 15:44:42.559,April,Water Valve : 1 is On,559
H&E,ps,22-04-2025,J18,Bluing,R1,0,22-04-2025 15:44:52.159,April,Picked From,559
H&E,ps,22-04-2025,W6,Running TAP Water,R1,0,22-04-2025 15:44:58.294,April,Placed In,559
H&E,ps,22-04-2025,J6,95% Alcohol,R3,0,22-04-2025 15:45:10.067,April,Picked From,559
H&E,ps,22-04-2025,-,-,-,0,22-04-2025 15:45:14.870,April,Home Reached,559
H&E,ps,22-04-2025,W1,Running TAP Water,R3,0,22-04-2025 15:45:23.342,April,Placed In,559
H&E,ps,22-04-2025,-,-,-,0,22-04-2025 15:45:32.102,April,Home Reached,559
H&E,ps,22-04-2025,J2,XYLENE-2,R4,0,22-04-2025 15:45:43.391,April,Picked From,559
H&E,ps,22-04-2025,J4,100 % Alcohol,R4,0,22-04-2025 15:45:50.028,April,Placed In,559
H&E,ps,22-04-2025,W6,Tap Water,--,0,22-04-2025 15:45:58.564,April,Water Valve : 6 is Off,559
H&E,ps,22-04-2025,W6,Running TAP Water,R1,0,22-04-2025 15:46:07.012,April,Picked From,559
H&E,ps,22-04-2025,-,-,-,0,22-04-2025 15:46:11.451,April,Home Reached,559
H&E,ps,22-04-2025,J19,Ethnol ,R1,0,22-04-2025 15:46:19.777,April,Placed In,559
H&E,ps,22-04-2025,-,-,-,0,22-04-2025 15:46:26.064,April,Home Reached,559
H&E,ps,22-04-2025,W2,Tap Water,--,0,22-04-2025 15:46:29.014,April,Water Valve : 2 is Off,559
H&E,ps,22-04-2025,W2,Running TAP Water,R2,0,22-04-2025 15:46:36.985,April,Picked From,559
H&E,ps,22-04-2025,J9,Mild Acid,R2,0,22-04-2025 15:46:43.644,April,Placed In,559
H&E,ps,22-04-2025,-,-,-,38,22-04-2025 15:46:47.257,April,Device temperature ,559
H&E,ps,22-04-2025,-,-,-,0,22-04-2025 15:46:49.521,April,Heater Door Opened,559
H&E,ps,22-04-2025,H1,Heating,R5,0,22-04-2025 15:46:56.162,April,Picked From,559
H&E,ps,22-04-2025,-,-,-,0,22-04-2025 15:46:56.727,April,Heater Door Closed,559
H&E,ps,22-04-2025,J1,XYLENE-1,R5,0,22-04-2025 15:47:03.888,April,Placed In,559
H&E,ps,22-04-2025,-,-,-,39,22-04-2025 15:47:08.254,April,Device temperature ,559
H&E,ps,22-04-2025,J19,Ethnol ,R1,0,22-04-2025 15:47:28.575,April,Picked From,559
H&E,ps,22-04-2025,J20,Eosin ,R1,0,22-04-2025 15:47:34.710,April,Placed In,559
H&E,ps,22-04-2025,W1,Tap Water,--,0,22-04-2025 15:47:38.884,April,Water Valve : 1 is Off,559
H&E,ps,22-04-2025,W1,Running TAP Water,R3,0,22-04-2025 15:47:44.829,April,Picked From,559
H&E,ps,22-04-2025,-,-,-,0,22-04-2025 15:47:51.446,April,Home Reached,559
H&E,ps,22-04-2025,J8,Hematoxin,R3,0,22-04-2025 15:47:59.583,April,Placed In,559
H&E,ps,22-04-2025,-,-,-,0,22-04-2025 15:48:05.816,April,Home Reached,559
H&E,ps,22-04-2025,W2,Tap Water,--,0,22-04-2025 15:48:06.081,April,Water Valve : 2 is On,559
H&E,ps,22-04-2025,J9,Mild Acid,R2,0,22-04-2025 15:48:17.488,April,Picked From,559
H&E,ps,22-04-2025,W2,Running TAP Water,R2,0,22-04-2025 15:48:24.134,April,Placed In,559
H&E,ps,22-04-2025,J4,100 % Alcohol,R4,0,22-04-2025 15:48:33.341,April,Picked From,559
H&E,ps,22-04-2025,J5,70%Alcohol,R4,0,22-04-2025 15:48:39.465,April,Placed In,559
H&E,ps,22-04-2025,J20,Eosin ,R1,0,22-04-2025 15:48:47.461,April,Picked From,559
H&E,ps,22-04-2025,J21,95 % Alcohol,R1,0,22-04-2025 15:48:53.597,April,Placed In,559
H&E,ps,22-04-2025,-,-,-,39,22-04-2025 15:48:58.452,April,Device temperature ,559
H&E,ps,22-04-2025,J1,XYLENE-1,R5,0,22-04-2025 15:49:11.753,April,Picked From,559
H&E,ps,22-04-2025,J2,XYLENE-2,R5,0,22-04-2025 15:49:17.903,April,Placed In,559
H&E,ps,22-04-2025,W2,Tap Water,--,0,22-04-2025 15:49:24.412,April,Water Valve : 2 is Off,559
H&E,ps,22-04-2025,W2,Running TAP Water,R2,0,22-04-2025 15:49:29.846,April,Picked From,559
H&E,ps,22-04-2025,J18,Bluing,R2,0,22-04-2025 15:49:36.459,April,Placed In,559
H&E,ps,22-04-2025,-,-,-,38,22-04-2025 15:49:40.696,April,Device temperature ,559
H&E,ps,22-04-2025,J21,95 % Alcohol,R1,0,22-04-2025 15:50:00.913,April,Picked From,559
H&E,ps,22-04-2025,J22,100 % Alcohol,R1,0,22-04-2025 15:50:07.092,April,Placed In,559
H&E,ps,22-04-2025,-,-,-,40,22-04-2025 15:50:12.022,April,Device temperature ,559
H&E,ps,22-04-2025,-,-,-,0,22-04-2025 15:50:12.834,April,Heater Door Opened,559
H&E,ps,22-04-2025,,,R6,0,22-04-2025 15:50:13.382,April,Test Started,559
H&E,ps,22-04-2025,L3,Loading,R6,0,22-04-2025 15:50:20.530,April,Picked From,559
H&E,ps,22-04-2025,H1,Heating,R6,0,22-04-2025 15:50:27.195,April,Placed In,559
H&E,ps,22-04-2025,-,-,-,0,22-04-2025 15:50:28.262,April,Heater Door Closed,559
H&E,ps,22-04-2025,-,-,-,38,22-04-2025 15:50:28.977,April,Device temperature ,559
H&E,ps,22-04-2025,J18,Bluing,R2,0,22-04-2025 15:50:42.201,April,Picked From,559
H&E,ps,22-04-2025,W6,Running TAP Water,R2,0,22-04-2025 15:50:48.350,April,Placed In,559
H&E,ps,22-04-2025,W2,Tap Water,--,0,22-04-2025 15:50:49.201,April,Water Valve : 2 is On,559
H&E,ps,22-04-2025,J5,70%Alcohol,R4,0,22-04-2025 15:50:58.017,April,Picked From,559
H&E,ps,22-04-2025,J6,95% Alcohol,R4,0,22-04-2025 15:51:04.208,April,Placed In,559
H&E,ps,22-04-2025,J8,Hematoxin,R3,0,22-04-2025 15:51:11.711,April,Picked From,559
H&E,ps,22-04-2025,-,-,-,0,22-04-2025 15:51:16.518,April,Home Reached,559
H&E,ps,22-04-2025,W2,Running TAP Water,R3,0,22-04-2025 15:51:24.960,April,Placed In,559
H&E,ps,22-04-2025,-,-,-,0,22-04-2025 15:51:34.448,April,Home Reached,559
H&E,ps,22-04-2025,J22,100 % Alcohol,R1,0,22-04-2025 15:51:46.499,April,Picked From,559
H&E,ps,22-04-2025,J23,100 % Alcohol,R1,0,22-04-2025 15:51:52.629,April,Placed In,559
H&E,ps,22-04-2025,J2,XYLENE-2,R5,0,22-04-2025 15:51:59.824,April,Picked From,559
H&E,ps,22-04-2025,J4,100 % Alcohol,R5,0,22-04-2025 15:52:06.471,April,Placed In,559
H&E,ps,22-04-2025,W6,Tap Water,--,0,22-04-2025 15:52:08.691,April,Water Valve : 6 is Off,559
H&E,ps,22-04-2025,W6,Running TAP Water,R2,0,22-04-2025 15:52:17.156,April,Picked From,559
H&E,ps,22-04-2025,-,-,-,0,22-04-2025 15:52:21.597,April,Home Reached,559
H&E,ps,22-04-2025,J19,Ethnol ,R2,0,22-04-2025 15:52:29.907,April,Placed In,559
H&E,ps,22-04-2025,-,-,-,0,22-04-2025 15:52:36.156,April,Home Reached,559
H&E,ps,22-04-2025,W2,Tap Water,--,0,22-04-2025 15:52:40.739,April,Water Valve : 2 is Off,559
H&E,ps,22-04-2025,W2,Running TAP Water,R3,0,22-04-2025 15:52:48.656,April,Picked From,559
H&E,ps,22-04-2025,J9,Mild Acid,R3,0,22-04-2025 15:52:55.282,April,Placed In,559
H&E,ps,22-04-2025,W1,Tap Water,--,0,22-04-2025 15:52:56.056,April,Water Valve : 1 is On,559
H&E,ps,22-04-2025,J23,100 % Alcohol,R1,0,22-04-2025 15:53:05.952,April,Picked From,559
H&E,ps,22-04-2025,J24,XYLENE-1,R1,0,22-04-2025 15:53:12.146,April,Placed In,559
H&E,ps,22-04-2025,J6,95% Alcohol,R4,0,22-04-2025 15:53:21.753,April,Picked From,559
H&E,ps,22-04-2025,-,-,-,0,22-04-2025 15:53:27.247,April,Home Reached,559
H&E,ps,22-04-2025,W1,Running TAP Water,R4,0,22-04-2025 15:53:35.996,April,Placed In,559
H&E,ps,22-04-2025,-,-,-,0,22-04-2025 15:53:44.752,April,Home Reached,559
H&E,ps,22-04-2025,J19,Ethnol ,R2,0,22-04-2025 15:53:59.876,April,Picked From,559
H&E,ps,22-04-2025,J20,Eosin ,R2,0,22-04-2025 15:54:06.011,April,Placed In,559
H&E,ps,22-04-2025,W2,Tap Water,--,0,22-04-2025 15:54:06.762,April,Water Valve : 2 is On,559
H&E,ps,22-04-2025,J9,Mild Acid,R3,0,22-04-2025 15:54:19.177,April,Picked From,559
H&E,ps,22-04-2025,W2,Running TAP Water,R3,0,22-04-2025 15:54:25.826,April,Placed In,559
H&E,ps,22-04-2025,J4,100 % Alcohol,R5,0,22-04-2025 15:54:34.600,April,Picked From,559
H&E,ps,22-04-2025,J5,70%Alcohol,R5,0,22-04-2025 15:54:40.705,April,Placed In,559
H&E,ps,22-04-2025,-,-,-,39,22-04-2025 15:54:44.831,April,Device temperature ,559
H&E,ps,22-04-2025,J20,Eosin ,R2,0,22-04-2025 15:54:57.901,April,Picked From,559
H&E,ps,22-04-2025,J21,95 % Alcohol,R2,0,22-04-2025 15:55:04.082,April,Placed In,559
H&E,ps,22-04-2025,-,-,-,38,22-04-2025 15:55:08.542,April,Device temperature ,559
H&E,ps,22-04-2025,J24,XYLENE-1,R1,0,22-04-2025 15:55:19.479,April,Picked From,559
H&E,ps,22-04-2025,J25,XYLENE-2,R1,0,22-04-2025 15:55:25.597,April,Placed In,559
H&E,ps,22-04-2025,-,-,-,0,22-04-2025 15:55:28.607,April,Heater Door Opened,559
H&E,ps,22-04-2025,H1,Heating,R6,0,22-04-2025 15:55:36.215,April,Picked From,559
H&E,ps,22-04-2025,-,-,-,0,22-04-2025 15:55:36.764,April,Heater Door Closed,559
H&E,ps,22-04-2025,J1,XYLENE-1,R6,0,22-04-2025 15:55:43.916,April,Placed In,559
H&E,ps,22-04-2025,W1,Tap Water,--,0,22-04-2025 15:55:46.572,April,Water Valve : 1 is Off,559
H&E,ps,22-04-2025,W1,Running TAP Water,R4,0,22-04-2025 15:55:52.540,April,Picked From,559
H&E,ps,22-04-2025,-,-,-,0,22-04-2025 15:55:54.807,April,Home Reached,559
H&E,ps,22-04-2025,J8,Hematoxin,R4,0,22-04-2025 15:56:03.331,April,Placed In,559
H&E,ps,22-04-2025,-,-,-,0,22-04-2025 15:56:09.555,April,Home Reached,559
H&E,ps,22-04-2025,W2,Tap Water,--,0,22-04-2025 15:56:12.667,April,Water Valve : 2 is Off,559
H&E,ps,22-04-2025,W2,Running TAP Water,R3,0,22-04-2025 15:56:20.631,April,Picked From,559
H&E,ps,22-04-2025,J18,Bluing,R3,0,22-04-2025 15:56:27.252,April,Placed In,559
H&E,ps,22-04-2025,J21,95 % Alcohol,R2,0,22-04-2025 15:56:37.963,April,Picked From,559
H&E,ps,22-04-2025,J22,100 % Alcohol,R2,0,22-04-2025 15:56:44.123,April,Placed In,559
H&E,ps,22-04-2025,J5,70%Alcohol,R5,0,22-04-2025 15:56:52.044,April,Picked From,559
H&E,ps,22-04-2025,J6,95% Alcohol,R5,0,22-04-2025 15:56:58.172,April,Placed In,559
H&E,ps,22-04-2025,-,-,-,39,22-04-2025 15:57:03.010,April,Device temperature ,559
H&E,ps,22-04-2025,W6,Tap Water,--,0,22-04-2025 15:57:10.499,April,Water Valve : 6 is On,559
H&E,ps,22-04-2025,J25,XYLENE-2,R1,0,22-04-2025 15:57:33.038,April,Picked From,559
H&E,ps,22-04-2025,-,-,-,0,22-04-2025 15:57:38.570,April,Home Reached,559
H&E,ps,22-04-2025,U1,Unloading,R1,0,22-04-2025 15:57:51.330,April,Placed In,559
H&E,ps,22-04-2025,U1,Unloading,R1,0,22-04-2025 15:57:51.943,April,Test Completed,559
H&E,ps,22-04-2025,-,-,-,0,22-04-2025 15:58:03.737,April,Home Reached,559
H&E,ps,22-04-2025,J1,XYLENE-1,R6,0,22-04-2025 15:58:16.203,April,Picked From,559
H&E,ps,22-04-2025,J2,XYLENE-2,R6,0,22-04-2025 15:58:22.360,April,Placed In,559
H&E,ps,22-04-2025,J18,Bluing,R3,0,22-04-2025 15:58:32.663,April,Picked From,559
H&E,ps,22-04-2025,W6,Running TAP Water,R3,0,22-04-2025 15:58:38.783,April,Placed In,559
H&E,ps,22-04-2025,J22,100 % Alcohol,R2,0,22-04-2025 15:58:47.503,April,Picked From,559
H&E,ps,22-04-2025,J23,100 % Alcohol,R2,0,22-04-2025 15:58:53.633,April,Placed In,559
H&E,ps,22-04-2025,W2,Tap Water,--,0,22-04-2025 15:58:54.375,April,Water Valve : 2 is On,559
H&E,ps,22-04-2025,W1,Tap Water,--,0,22-04-2025 15:58:54.607,April,Water Valve : 1 is On,559
H&E,ps,22-04-2025,J6,95% Alcohol,R5,0,22-04-2025 15:59:05.011,April,Picked From,559
H&E,ps,22-04-2025,-,-,-,0,22-04-2025 15:59:09.825,April,Home Reached,559
H&E,ps,22-04-2025,W1,Running TAP Water,R5,0,22-04-2025 15:59:18.300,April,Placed In,559
H&E,ps,22-04-2025,-,-,-,0,22-04-2025 15:59:27.067,April,Home Reached,559
H&E,ps,22-04-2025,J8,Hematoxin,R4,0,22-04-2025 15:59:38.251,April,Picked From,559
H&E,ps,22-04-2025,-,-,-,0,22-04-2025 15:59:38.472,April,Home Reached,559
H&E,ps,22-04-2025,W2,Running TAP Water,R4,0,22-04-2025 15:59:47.498,April,Placed In,559
H&E,ps,22-04-2025,-,-,-,0,22-04-2025 15:59:56.987,April,Home Reached,559
H&E,ps,22-04-2025,J23,100 % Alcohol,R2,0,22-04-2025 16:00:06.972,April,Picked From,559
H&E,ps,22-04-2025,J24,XYLENE-1,R2,0,22-04-2025 16:00:13.076,April,Placed In,559
H&E,ps,22-04-2025,-,-,-,39,22-04-2025 16:00:17.325,April,Device temperature ,559
H&E,ps,22-04-2025,J2,XYLENE-2,R6,0,22-04-2025 16:00:39.854,April,Picked From,559
H&E,ps,22-04-2025,J4,100 % Alcohol,R6,0,22-04-2025 16:00:46.554,April,Placed In,559
H&E,ps,22-04-2025,W2,Tap Water,--,0,22-04-2025 16:00:47.938,April,Water Valve : 2 is Off,559
H&E,ps,22-04-2025,W2,Running TAP Water,R4,0,22-04-2025 16:00:55.878,April,Picked From,559
H&E,ps,22-04-2025,J9,Mild Acid,R4,0,22-04-2025 16:01:02.534,April,Placed In,559
H&E,ps,22-04-2025,-,-,-,39,22-04-2025 16:01:06.956,April,Device temperature ,559
H&E,ps,22-04-2025,W1,Tap Water,--,0,22-04-2025 16:01:18.806,April,Water Valve : 1 is Off,559
H&E,ps,22-04-2025,W1,Running TAP Water,R5,0,22-04-2025 16:01:24.752,April,Picked From,559
H&E,ps,22-04-2025,-,-,-,0,22-04-2025 16:01:29.189,April,Home Reached,559
H&E,ps,22-04-2025,J8,Hematoxin,R5,0,22-04-2025 16:01:37.530,April,Placed In,559
H&E,ps,22-04-2025,-,-,-,0,22-04-2025 16:01:43.772,April,Home Reached,559
H&E,ps,22-04-2025,W2,Tap Water,--,0,22-04-2025 16:01:45.530,April,Water Valve : 2 is On,559
H&E,ps,22-04-2025,J9,Mild Acid,R4,0,22-04-2025 16:02:33.402,April,Picked From,559
H&E,ps,22-04-2025,W2,Running TAP Water,R4,0,22-04-2025 16:02:40.041,April,Placed In,559
H&E,ps,22-04-2025,J24,XYLENE-1,R2,0,22-04-2025 16:02:48.280,April,Picked From,559
H&E,ps,22-04-2025,J25,XYLENE-2,R2,0,22-04-2025 16:02:54.375,April,Placed In,559
H&E,ps,22-04-2025,W6,Tap Water,--,0,22-04-2025 16:02:55.128,April,Water Valve : 6 is Off,559
H&E,ps,22-04-2025,W6,Running TAP Water,R3,0,22-04-2025 16:03:01.587,April,Picked From,559
H&E,ps,22-04-2025,-,-,-,0,22-04-2025 16:03:04.600,April,Home Reached,559
H&E,ps,22-04-2025,J19,Ethnol ,R3,0,22-04-2025 16:03:12.346,April,Placed In,559
H&E,ps,22-04-2025,-,-,-,0,22-04-2025 16:03:18.692,April,Home Reached,559
H&E,ps,22-04-2025,J4,100 % Alcohol,R6,0,22-04-2025 16:03:30.032,April,Picked From,559
H&E,ps,22-04-2025,J5,70%Alcohol,R6,0,22-04-2025 16:03:36.170,April,Placed In,559
H&E,ps,22-04-2025,W2,Tap Water,--,0,22-04-2025 16:03:40.331,April,Water Valve : 2 is Off,559
H&E,ps,22-04-2025,W2,Running TAP Water,R4,0,22-04-2025 16:03:48.284,April,Picked From,559
H&E,ps,22-04-2025,J18,Bluing,R4,0,22-04-2025 16:03:54.972,April,Placed In,559
H&E,ps,22-04-2025,-,-,-,39,22-04-2025 16:03:59.147,April,Device temperature ,559
H&E,ps,22-04-2025,W2,Tap Water,--,0,22-04-2025 16:04:21.201,April,Water Valve : 2 is On,559
H&E,ps,22-04-2025,J19,Ethnol ,R3,0,22-04-2025 16:04:41.244,April,Picked From,559
H&E,ps,22-04-2025,J20,Eosin ,R3,0,22-04-2025 16:04:47.443,April,Placed In,559
H&E,ps,22-04-2025,J8,Hematoxin,R5,0,22-04-2025 16:04:54.227,April,Picked From,559
H&E,ps,22-04-2025,-,-,-,0,22-04-2025 16:04:59.747,April,Home Reached,559
H&E,ps,22-04-2025,W2,Running TAP Water,R5,0,22-04-2025 16:05:08.004,April,Placed In,559
H&E,ps,22-04-2025,-,-,-,0,22-04-2025 16:05:17.507,April,Home Reached,559
H&E,ps,22-04-2025,W6,Tap Water,--,0,22-04-2025 16:05:19.280,April,Water Valve : 6 is On,559
H&E,ps,22-04-2025,J25,XYLENE-2,R2,0,22-04-2025 16:05:27.953,April,Picked From,559
H&E,ps,22-04-2025,-,-,-,0,22-04-2025 16:05:28.178,April,Home Reached,559
H&E,ps,22-04-2025,U2,Unloading,R2,0,22-04-2025 16:05:40.765,April,Placed In,559
H&E,ps,22-04-2025,U2,Unloading,R2,0,22-04-2025 16:05:41.381,April,Test Completed,559
H&E,ps,22-04-2025,-,-,-,0,22-04-2025 16:05:52.472,April,Home Reached,559
H&E,ps,22-04-2025,J5,70%Alcohol,R6,0,22-04-2025 16:06:05.166,April,Picked From,559
H&E,ps,22-04-2025,J6,95% Alcohol,R6,0,22-04-2025 16:06:11.326,April,Placed In,559
H&E,ps,22-04-2025,J18,Bluing,R4,0,22-04-2025 16:06:20.529,April,Picked From,559
H&E,ps,22-04-2025,W6,Running TAP Water,R4,0,22-04-2025 16:06:26.673,April,Placed In,559
H&E,ps,22-04-2025,W2,Tap Water,--,0,22-04-2025 16:06:28.439,April,Water Valve : 2 is Off,559
H&E,ps,22-04-2025,W2,Running TAP Water,R5,0,22-04-2025 16:06:34.835,April,Picked From,559
H&E,ps,22-04-2025,J9,Mild Acid,R5,0,22-04-2025 16:06:41.458,April,Placed In,559
H&E,ps,22-04-2025,J20,Eosin ,R3,0,22-04-2025 16:06:49.670,April,Picked From,559
H&E,ps,22-04-2025,J21,95 % Alcohol,R3,0,22-04-2025 16:06:55.778,April,Placed In,559
H&E,ps,22-04-2025,-,-,-,39,22-04-2025 16:07:00.172,April,Device temperature ,559
H&E,ps,22-04-2025,-,-,-,39,22-04-2025 16:07:18.371,April,Device temperature ,559
H&E,ps,22-04-2025,W2,Tap Water,--,0,22-04-2025 16:07:24.731,April,Water Valve : 2 is On,559
H&E,ps,22-04-2025,W6,Tap Water,--,0,22-04-2025 16:07:26.974,April,Water Valve : 6 is Off,559
H&E,ps,22-04-2025,W6,Running TAP Water,R4,0,22-04-2025 16:07:33.373,April,Picked From,559
H&E,ps,22-04-2025,-,-,-,0,22-04-2025 16:07:39.271,April,Home Reached,559
H&E,ps,22-04-2025,J19,Ethnol ,R4,0,22-04-2025 16:07:47.211,April,Placed In,559
H&E,ps,22-04-2025,-,-,-,0,22-04-2025 16:07:53.446,April,Home Reached,559
H&E,ps,22-04-2025,W1,Tap Water,--,0,22-04-2025 16:07:55.186,April,Water Valve : 1 is On,559
H&E,ps,22-04-2025,J9,Mild Acid,R5,0,22-04-2025 16:08:05.340,April,Picked From,559
H&E,ps,22-04-2025,W2,Running TAP Water,R5,0,22-04-2025 16:08:12.009,April,Placed In,559
H&E,ps,22-04-2025,J21,95 % Alcohol,R3,0,22-04-2025 16:08:21.245,April,Picked From,559
H&E,ps,22-04-2025,J22,100 % Alcohol,R3,0,22-04-2025 16:08:27.377,April,Placed In,559
H&E,ps,22-04-2025,J6,95% Alcohol,R6,0,22-04-2025 16:08:34.060,April,Picked From,559
H&E,ps,22-04-2025,-,-,-,0,22-04-2025 16:08:38.122,April,Home Reached,559
H&E,ps,22-04-2025,W1,Running TAP Water,R6,0,22-04-2025 16:08:46.329,April,Placed In,559
H&E,ps,22-04-2025,-,-,-,0,22-04-2025 16:08:55.088,April,Home Reached,559
H&E,ps,22-04-2025,J19,Ethnol ,R4,0,22-04-2025 16:09:07.101,April,Picked From,559
H&E,ps,22-04-2025,J20,Eosin ,R4,0,22-04-2025 16:09:13.254,April,Placed In,559
H&E,ps,22-04-2025,W2,Tap Water,--,0,22-04-2025 16:09:17.448,April,Water Valve : 2 is Off,559
H&E,ps,22-04-2025,W2,Running TAP Water,R5,0,22-04-2025 16:09:25.325,April,Picked From,559
H&E,ps,22-04-2025,J18,Bluing,R5,0,22-04-2025 16:09:31.974,April,Placed In,559
H&E,ps,22-04-2025,J22,100 % Alcohol,R3,0,22-04-2025 16:09:50.305,April,Picked From,559
H&E,ps,22-04-2025,J23,100 % Alcohol,R3,0,22-04-2025 16:09:56.462,April,Placed In,559
H&E,ps,22-04-2025,W6,Tap Water,--,0,22-04-2025 16:10:15.245,April,Water Valve : 6 is On,559
H&E,ps,22-04-2025,J20,Eosin ,R4,0,22-04-2025 16:10:27.539,April,Picked From,559
H&E,ps,22-04-2025,J21,95 % Alcohol,R4,0,22-04-2025 16:10:33.664,April,Placed In,559
H&E,ps,22-04-2025,J18,Bluing,R5,0,22-04-2025 16:10:53.706,April,Picked From,559
H&E,ps,22-04-2025,W6,Running TAP Water,R5,0,22-04-2025 16:10:59.920,April,Placed In,559
H&E,ps,22-04-2025,J23,100 % Alcohol,R3,0,22-04-2025 16:11:19.287,April,Picked From,559
H&E,ps,22-04-2025,J24,XYLENE-1,R3,0,22-04-2025 16:11:25.406,April,Placed In,559
H&E,ps,22-04-2025,W1,Tap Water,--,0,22-04-2025 16:11:28.198,April,Water Valve : 1 is Off,559
H&E,ps,22-04-2025,W1,Running TAP Water,R6,0,22-04-2025 16:11:34.595,April,Picked From,559
H&E,ps,22-04-2025,-,-,-,0,22-04-2025 16:11:38.304,April,Home Reached,559
H&E,ps,22-04-2025,J8,Hematoxin,R6,0,22-04-2025 16:11:46.367,April,Placed In,559
H&E,ps,22-04-2025,-,-,-,0,22-04-2025 16:11:52.578,April,Home Reached,559
H&E,ps,22-04-2025,J21,95 % Alcohol,R4,0,22-04-2025 16:12:02.755,April,Picked From,559
H&E,ps,22-04-2025,J22,100 % Alcohol,R4,0,22-04-2025 16:12:08.903,April,Placed In,559
H&E,ps,22-04-2025,W6,Tap Water,--,0,22-04-2025 16:12:10.329,April,Water Valve : 6 is Off,559
H&E,ps,22-04-2025,W6,Running TAP Water,R5,0,22-04-2025 16:12:18.761,April,Picked From,559
H&E,ps,22-04-2025,-,-,-,0,22-04-2025 16:12:23.928,April,Home Reached,559
H&E,ps,22-04-2025,J19,Ethnol ,R5,0,22-04-2025 16:12:32.591,April,Placed In,559
H&E,ps,22-04-2025,-,-,-,0,22-04-2025 16:12:38.829,April,Home Reached,559
H&E,ps,22-04-2025,-,-,-,39,22-04-2025 16:12:41.467,April,Device temperature ,559
H&E,ps,22-04-2025,-,-,-,40,22-04-2025 16:12:59.702,April,Device temperature ,559
H&E,ps,22-04-2025,J22,100 % Alcohol,R4,0,22-04-2025 16:13:39.994,April,Picked From,559
H&E,ps,22-04-2025,J23,100 % Alcohol,R4,0,22-04-2025 16:13:46.125,April,Placed In,559
H&E,ps,22-04-2025,J24,XYLENE-1,R3,0,22-04-2025 16:13:53.031,April,Picked From,559
H&E,ps,22-04-2025,J25,XYLENE-2,R3,0,22-04-2025 16:13:59.206,April,Placed In,559
H&E,ps,22-04-2025,-,-,-,39,22-04-2025 16:14:03.585,April,Device temperature ,559
H&E,ps,22-04-2025,J19,Ethnol ,R5,0,22-04-2025 16:14:11.943,April,Picked From,559
H&E,ps,22-04-2025,J20,Eosin ,R5,0,22-04-2025 16:14:18.073,April,Placed In,559
H&E,ps,22-04-2025,-,-,-,40,22-04-2025 16:14:23.047,April,Device temperature ,559
H&E,ps,22-04-2025,W2,Tap Water,--,0,22-04-2025 16:14:29.807,April,Water Valve : 2 is On,559
H&E,ps,22-04-2025,J23,100 % Alcohol,R4,0,22-04-2025 16:15:15.030,April,Picked From,559
H&E,ps,22-04-2025,J24,XYLENE-1,R4,0,22-04-2025 16:15:21.165,April,Placed In,559
H&E,ps,22-04-2025,J8,Hematoxin,R6,0,22-04-2025 16:15:31.348,April,Picked From,559
H&E,ps,22-04-2025,-,-,-,0,22-04-2025 16:15:31.549,April,Home Reached,559
H&E,ps,22-04-2025,W2,Running TAP Water,R6,0,22-04-2025 16:15:40.106,April,Placed In,559
H&E,ps,22-04-2025,-,-,-,0,22-04-2025 16:15:49.587,April,Home Reached,559
H&E,ps,22-04-2025,J20,Eosin ,R5,0,22-04-2025 16:16:03.522,April,Picked From,559
H&E,ps,22-04-2025,J21,95 % Alcohol,R5,0,22-04-2025 16:16:09.627,April,Placed In,559
H&E,ps,22-04-2025,J25,XYLENE-2,R3,0,22-04-2025 16:16:27.666,April,Picked From,559
H&E,ps,22-04-2025,-,-,-,0,22-04-2025 16:16:27.882,April,Home Reached,559
H&E,ps,22-04-2025,U3,Unloading,R3,0,22-04-2025 16:16:39.876,April,Placed In,559
H&E,ps,22-04-2025,U3,Unloading,R3,0,22-04-2025 16:16:40.493,April,Test Completed,559
H&E,ps,22-04-2025,-,-,-,0,22-04-2025 16:16:50.849,April,Home Reached,559
H&E,ps,22-04-2025,W2,Tap Water,--,0,22-04-2025 16:16:55.746,April,Water Valve : 2 is Off,559
H&E,ps,22-04-2025,W2,Running TAP Water,R6,0,22-04-2025 16:17:03.728,April,Picked From,559
H&E,ps,22-04-2025,J9,Mild Acid,R6,0,22-04-2025 16:17:10.343,April,Placed In,559
H&E,ps,22-04-2025,J21,95 % Alcohol,R5,0,22-04-2025 16:17:34.466,April,Picked From,559
H&E,ps,22-04-2025,J22,100 % Alcohol,R5,0,22-04-2025 16:17:40.585,April,Placed In,559
H&E,ps,22-04-2025,J24,XYLENE-1,R4,0,22-04-2025 16:17:49.169,April,Picked From,559
H&E,ps,22-04-2025,J25,XYLENE-2,R4,0,22-04-2025 16:17:55.266,April,Placed In,559
H&E,ps,22-04-2025,W2,Tap Water,--,0,22-04-2025 16:17:56.000,April,Water Valve : 2 is On,559
H&E,ps,22-04-2025,J9,Mild Acid,R6,0,22-04-2025 16:18:38.184,April,Picked From,559
H&E,ps,22-04-2025,W2,Running TAP Water,R6,0,22-04-2025 16:18:44.878,April,Placed In,559
H&E,ps,22-04-2025,J22,100 % Alcohol,R5,0,22-04-2025 16:19:03.335,April,Picked From,559
H&E,ps,22-04-2025,J23,100 % Alcohol,R5,0,22-04-2025 16:19:09.472,April,Placed In,559
H&E,ps,22-04-2025,-,-,-,39,22-04-2025 16:19:14.339,April,Device temperature ,559
H&E,ps,22-04-2025,-,-,-,40,22-04-2025 16:19:31.539,April,Device temperature ,559
H&E,ps,22-04-2025,W2,Tap Water,--,0,22-04-2025 16:19:45.174,April,Water Valve : 2 is Off,559
H&E,ps,22-04-2025,W2,Running TAP Water,R6,0,22-04-2025 16:19:50.578,April,Picked From,559
H&E,ps,22-04-2025,J18,Bluing,R6,0,22-04-2025 16:19:57.220,April,Placed In,559
H&E,ps,22-04-2025,J25,XYLENE-2,R4,0,22-04-2025 16:20:18.301,April,Picked From,559
H&E,ps,22-04-2025,-,-,-,0,22-04-2025 16:20:23.844,April,Home Reached,559
H&E,ps,22-04-2025,U4,Unloading,R4,0,22-04-2025 16:20:35.189,April,Placed In,559
H&E,ps,22-04-2025,U4,Unloading,R4,0,22-04-2025 16:20:35.785,April,Test Completed,559
H&E,ps,22-04-2025,-,-,-,0,22-04-2025 16:20:45.422,April,Home Reached,559
H&E,ps,22-04-2025,J23,100 % Alcohol,R5,0,22-04-2025 16:20:59.078,April,Picked From,559
H&E,ps,22-04-2025,J24,XYLENE-1,R5,0,22-04-2025 16:21:05.205,April,Placed In,559
H&E,ps,22-04-2025,W6,Tap Water,--,0,22-04-2025 16:21:05.917,April,Water Valve : 6 is On,559
H&E,ps,22-04-2025,J18,Bluing,R6,0,22-04-2025 16:21:16.043,April,Picked From,559
H&E,ps,22-04-2025,W6,Running TAP Water,R6,0,22-04-2025 16:21:22.153,April,Placed In,559
H&E,ps,22-04-2025,-,-,-,39,22-04-2025 16:21:26.463,April,Device temperature ,559
H&E,ps,22-04-2025,-,-,-,0,22-04-2025 16:21:35.841,April,Home Reached,559
H&E,ps,22-04-2025,-,-,-,0,22-04-2025 16:21:36.883,April,Heater Door Opened,559
H&E,ps,22-04-2025,L1,-,-,0,22-04-2025 16:21:45.915,April,Liquid Level - 469,559
H&E,ps,22-04-2025,L2,-,-,0,22-04-2025 16:21:48.940,April,Liquid Level - 486,559
H&E,ps,22-04-2025,L3,-,-,0,22-04-2025 16:21:51.957,April,Liquid Level - 454,559
H&E,ps,22-04-2025,-,-,-,0,22-04-2025 16:22:03.750,April,Home Reached,559
H&E,ps,22-04-2025,-,-,-,0,22-04-2025 16:22:05.518,April,Home Reached,559
H&E,ps,22-04-2025,U1,Unloading,R7,0,22-04-2025 16:22:07.061,April,Test Started,559
H&E,ps,22-04-2025,L1,Loading,R7,0,22-04-2025 16:22:14.704,April,Picked From,559
H&E,ps,22-04-2025,H1,Heating,R7,0,22-04-2025 16:22:21.886,April,Placed In,559
H&E,ps,22-04-2025,-,-,-,0,22-04-2025 16:22:22.981,April,Heater Door Closed,559
H&E,ps,22-04-2025,-,-,-,38,22-04-2025 16:22:23.697,April,Device temperature ,559
H&E,ps,22-04-2025,W6,Tap Water,--,0,22-04-2025 16:22:27.678,April,Water Valve : 6 is Off,559
H&E,ps,22-04-2025,W6,Running TAP Water,R6,0,22-04-2025 16:22:36.073,April,Picked From,559
H&E,ps,22-04-2025,-,-,-,0,22-04-2025 16:22:36.804,April,Home Reached,559
H&E,ps,22-04-2025,J19,Ethnol ,R6,0,22-04-2025 16:22:44.785,April,Placed In,559
H&E,ps,22-04-2025,-,-,-,0,22-04-2025 16:22:51.026,April,Home Reached,559
H&E,ps,22-04-2025,-,-,-,39,22-04-2025 16:22:53.445,April,Device temperature ,559
H&E,ps,22-04-2025,J24,XYLENE-1,R5,0,22-04-2025 16:23:13.134,April,Picked From,559
H&E,ps,22-04-2025,J25,XYLENE-2,R5,0,22-04-2025 16:23:19.267,April,Placed In,559
H&E,ps,22-04-2025,-,-,-,39,22-04-2025 16:23:23.720,April,Device temperature ,559
H&E,ps,22-04-2025,-,-,-,39,22-04-2025 16:23:41.920,April,Device temperature ,559
H&E,ps,22-04-2025,J19,Ethnol ,R6,0,22-04-2025 16:23:52.988,April,Picked From,559
H&E,ps,22-04-2025,J20,Eosin ,R6,0,22-04-2025 16:23:59.136,April,Placed In,559
H&E,ps,22-04-2025,-,-,-,40,22-04-2025 16:24:04.116,April,Device temperature ,559
H&E,ps,22-04-2025,-,-,-,39,22-04-2025 16:24:19.322,April,Device temperature ,559
H&E,ps,22-04-2025,-,-,-,39,22-04-2025 16:24:35.573,April,Device temperature ,559
H&E,ps,22-04-2025,J20,Eosin ,R6,0,22-04-2025 16:24:49.940,April,Picked From,559
H&E,ps,22-04-2025,J21,95 % Alcohol,R6,0,22-04-2025 16:24:56.063,April,Placed In,559
H&E,ps,22-04-2025,-,-,-,40,22-04-2025 16:25:00.542,April,Device temperature ,559
H&E,ps,22-04-2025,-,-,-,40,22-04-2025 16:25:18.754,April,Device temperature ,559
H&E,ps,22-04-2025,J25,XYLENE-2,R5,0,22-04-2025 16:25:26.708,April,Picked From,559
H&E,ps,22-04-2025,-,-,-,0,22-04-2025 16:25:26.932,April,Home Reached,559
H&E,ps,22-04-2025,U5,Unloading,R5,0,22-04-2025 16:25:37.975,April,Placed In,559
H&E,ps,22-04-2025,U5,Unloading,R5,0,22-04-2025 16:25:38.592,April,Test Completed,559
H&E,ps,22-04-2025,-,-,-,0,22-04-2025 16:25:47.525,April,Home Reached,559
H&E,ps,22-04-2025,-,-,-,39,22-04-2025 16:25:49.242,April,Device temperature ,559
H&E,ps,22-04-2025,J21,95 % Alcohol,R6,0,22-04-2025 16:26:04.872,April,Picked From,559
H&E,ps,22-04-2025,J22,100 % Alcohol,R6,0,22-04-2025 16:26:11.050,April,Placed In,559
H&E,ps,22-04-2025,-,-,-,39,22-04-2025 16:26:15.438,April,Device temperature ,559
H&E,ps,22-04-2025,-,-,-,39,22-04-2025 16:26:30.646,April,Device temperature ,559
H&E,ps,22-04-2025,-,-,-,39,22-04-2025 16:26:45.857,April,Device temperature ,559
H&E,ps,22-04-2025,-,-,-,39,22-04-2025 16:27:02.072,April,Device temperature ,559
H&E,ps,22-04-2025,J22,100 % Alcohol,R6,0,22-04-2025 16:27:16.962,April,Picked From,559
H&E,ps,22-04-2025,J23,100 % Alcohol,R6,0,22-04-2025 16:27:23.085,April,Placed In,559
H&E,ps,22-04-2025,-,-,-,0,22-04-2025 16:27:28.140,April,Heater Door Opened,559
H&E,ps,22-04-2025,H1,Heating,R7,0,22-04-2025 16:27:36.260,April,Picked From,559
H&E,ps,22-04-2025,-,-,-,0,22-04-2025 16:27:36.815,April,Heater Door Closed,559
H&E,ps,22-04-2025,J1,XYLENE-1,R7,0,22-04-2025 16:27:43.967,April,Placed In,559
H&E,ps,22-04-2025,-,-,-,39,22-04-2025 16:27:47.643,April,Device temperature ,559
H&E,ps,22-04-2025,-,-,-,0,22-04-2025 16:27:53.202,April,Heater Door Opened,559
H&E,ps,22-04-2025,U2,Unloading,R8,0,22-04-2025 16:27:53.741,April,Test Started,559
H&E,ps,22-04-2025,L2,Loading,R8,0,22-04-2025 16:28:00.873,April,Picked From,559
H&E,ps,22-04-2025,H1,Heating,R8,0,22-04-2025 16:28:08.013,April,Placed In,559
H&E,ps,22-04-2025,-,-,-,0,22-04-2025 16:28:09.091,April,Heater Door Closed,559
H&E,ps,22-04-2025,-,-,-,38,22-04-2025 16:28:09.791,April,Device temperature ,559
H&E,ps,22-04-2025,J23,100 % Alcohol,R6,0,22-04-2025 16:28:30.957,April,Picked From,559
H&E,ps,22-04-2025,J24,XYLENE-1,R6,0,22-04-2025 16:28:37.101,April,Placed In,559
H&E,ps,22-04-2025,-,-,-,39,22-04-2025 16:28:41.792,April,Device temperature ,559
H&E,ps,22-04-2025,-,-,-,39,22-04-2025 16:28:57.017,April,Device temperature ,559
H&E,ps,22-04-2025,-,-,-,39,22-04-2025 16:29:12.238,April,Device temperature ,559
H&E,ps,22-04-2025,-,-,-,39,22-04-2025 16:29:28.420,April,Device temperature ,559
H&E,ps,22-04-2025,-,-,-,39,22-04-2025 16:29:43.613,April,Device temperature ,559
H&E,ps,22-04-2025,J1,XYLENE-1,R7,0,22-04-2025 16:29:50.769,April,Picked From,559
H&E,ps,22-04-2025,J2,XYLENE-2,R7,0,22-04-2025 16:29:56.886,April,Placed In,559
H&E,ps,22-04-2025,-,-,-,39,22-04-2025 16:30:01.394,April,Device temperature ,559
H&E,ps,22-04-2025,-,-,-,39,22-04-2025 16:30:16.590,April,Device temperature ,559
H&E,ps,22-04-2025,-,-,-,39,22-04-2025 16:30:32.795,April,Device temperature ,559
H&E,ps,22-04-2025,J24,XYLENE-1,R6,0,22-04-2025 16:30:43.389,April,Picked From,559
H&E,ps,22-04-2025,J25,XYLENE-2,R6,0,22-04-2025 16:30:49.518,April,Placed In,559
H&E,ps,22-04-2025,-,-,-,39,22-04-2025 16:30:54.451,April,Device temperature ,559
H&E,ps,22-04-2025,-,-,-,39,22-04-2025 16:31:09.637,April,Device temperature ,559
H&E,ps,22-04-2025,-,-,-,39,22-04-2025 16:31:24.830,April,Device temperature ,559
H&E,ps,22-04-2025,-,-,-,39,22-04-2025 16:31:41.036,April,Device temperature ,559
H&E,ps,22-04-2025,-,-,-,39,22-04-2025 16:31:56.257,April,Device temperature ,559
H&E,ps,22-04-2025,J2,XYLENE-2,R7,0,22-04-2025 16:32:03.262,April,Picked From,559
H&E,ps,22-04-2025,J4,100 % Alcohol,R7,0,22-04-2025 16:32:09.879,April,Placed In,559
H&E,ps,22-04-2025,-,-,-,39,22-04-2025 16:32:14.369,April,Device temperature ,559
H&E,ps,22-04-2025,-,-,-,39,22-04-2025 16:32:29.573,April,Device temperature ,559
H&E,ps,22-04-2025,-,-,-,39,22-04-2025 16:32:45.770,April,Device temperature ,559
H&E,ps,22-04-2025,J25,XYLENE-2,R6,0,22-04-2025 16:32:56.452,April,Picked From,559
H&E,ps,22-04-2025,-,-,-,0,22-04-2025 16:32:56.642,April,Home Reached,559
H&E,ps,22-04-2025,U6,Unloading,R6,0,22-04-2025 16:33:07.655,April,Placed In,559
H&E,ps,22-04-2025,U6,Unloading,R6,0,22-04-2025 16:33:08.251,April,Test Completed,559
H&E,ps,22-04-2025,-,-,-,0,22-04-2025 16:33:16.427,April,Home Reached,559
H&E,ps,22-04-2025,-,-,-,0,22-04-2025 16:33:18.819,April,Heater Door Opened,559
H&E,ps,22-04-2025,H1,Heating,R8,0,22-04-2025 16:33:25.405,April,Picked From,559
H&E,ps,22-04-2025,-,-,-,0,22-04-2025 16:33:25.948,April,Heater Door Closed,559
H&E,ps,22-04-2025,J1,XYLENE-1,R8,0,22-04-2025 16:33:33.094,April,Placed In,559
H&E,ps,22-04-2025,-,-,-,39,22-04-2025 16:33:37.529,April,Device temperature ,559
H&E,ps,22-04-2025,-,-,-,0,22-04-2025 16:33:50.344,April,Heater Door Opened,559
H&E,ps,22-04-2025,U3,Unloading,R9,0,22-04-2025 16:33:50.869,April,Test Started,559
H&E,ps,22-04-2025,L3,Loading,R9,0,22-04-2025 16:33:57.487,April,Picked From,559
H&E,ps,22-04-2025,H1,Heating,R9,0,22-04-2025 16:34:04.577,April,Placed In,559
H&E,ps,22-04-2025,-,-,-,0,22-04-2025 16:34:05.631,April,Heater Door Closed,559
H&E,ps,22-04-2025,-,-,-,39,22-04-2025 16:34:06.329,April,Device temperature ,559
H&E,ps,22-04-2025,J4,100 % Alcohol,R7,0,22-04-2025 16:34:17.778,April,Picked From,559
H&E,ps,22-04-2025,J5,70%Alcohol,R7,0,22-04-2025 16:34:23.913,April,Placed In,559
H&E,ps,22-04-2025,-,-,-,39,22-04-2025 16:34:28.873,April,Device temperature ,559
H&E,ps,22-04-2025,-,-,-,39,22-04-2025 16:34:44.064,April,Device temperature ,559
H&E,ps,22-04-2025,-,-,-,39,22-04-2025 16:34:59.249,April,Device temperature ,559
H&E,ps,22-04-2025,-,-,-,39,22-04-2025 16:35:14.451,April,Device temperature ,559
H&E,ps,22-04-2025,-,-,-,39,22-04-2025 16:35:30.653,April,Device temperature ,559
H&E,ps,22-04-2025,J1,XYLENE-1,R8,0,22-04-2025 16:35:40.574,April,Picked From,559
H&E,ps,22-04-2025,J2,XYLENE-2,R8,0,22-04-2025 16:35:46.725,April,Placed In,559
H&E,ps,22-04-2025,-,-,-,39,22-04-2025 16:35:51.733,April,Device temperature ,559
H&E,ps,22-04-2025,-,-,-,39,22-04-2025 16:36:08.937,April,Device temperature ,559
H&E,ps,22-04-2025,-,-,-,39,22-04-2025 16:36:24.130,April,Device temperature ,559
H&E,ps,22-04-2025,J5,70%Alcohol,R7,0,22-04-2025 16:36:30.798,April,Picked From,559
H&E,ps,22-04-2025,J6,95% Alcohol,R7,0,22-04-2025 16:36:36.907,April,Placed In,559
H&E,ps,22-04-2025,-,-,-,40,22-04-2025 16:36:41.416,April,Device temperature ,559
H&E,ps,22-04-2025,-,-,-,39,22-04-2025 16:36:56.625,April,Device temperature ,559
H&E,ps,22-04-2025,-,-,-,39,22-04-2025 16:37:11.835,April,Device temperature ,559
H&E,ps,22-04-2025,-,-,-,39,22-04-2025 16:37:27.013,April,Device temperature ,559
H&E,ps,22-04-2025,-,-,-,39,22-04-2025 16:37:43.210,April,Device temperature ,559
H&E,ps,22-04-2025,J2,XYLENE-2,R8,0,22-04-2025 16:37:54.203,April,Picked From,559
H&E,ps,22-04-2025,J4,100 % Alcohol,R8,0,22-04-2025 16:38:00.825,April,Placed In,559
H&E,ps,22-04-2025,-,-,-,39,22-04-2025 16:38:05.369,April,Device temperature ,559
H&E,ps,22-04-2025,W1,Tap Water,--,0,22-04-2025 16:38:20.372,April,Water Valve : 1 is On,559
H&E,ps,22-04-2025,J6,95% Alcohol,R7,0,22-04-2025 16:38:43.881,April,Picked From,559
H&E,ps,22-04-2025,-,-,-,0,22-04-2025 16:38:44.087,April,Home Reached,559
H&E,ps,22-04-2025,W1,Running TAP Water,R7,0,22-04-2025 16:38:53.073,April,Placed In,559
H&E,ps,22-04-2025,-,-,-,0,22-04-2025 16:39:01.816,April,Home Reached,559
H&E,ps,22-04-2025,-,-,-,0,22-04-2025 16:39:06.023,April,Heater Door Opened,559
H&E,ps,22-04-2025,H1,Heating,R9,0,22-04-2025 16:39:12.661,April,Picked From,559
H&E,ps,22-04-2025,-,-,-,0,22-04-2025 16:39:13.206,April,Heater Door Closed,559
H&E,ps,22-04-2025,J1,XYLENE-1,R9,0,22-04-2025 16:39:20.283,April,Placed In,559
H&E,ps,22-04-2025,-,-,-,39,22-04-2025 16:39:24.585,April,Device temperature ,559
H&E,ps,22-04-2025,-,-,-,40,22-04-2025 16:39:52.591,April,Device temperature ,559
H&E,ps,22-04-2025,J4,100 % Alcohol,R8,0,22-04-2025 16:40:08.258,April,Picked From,559
H&E,ps,22-04-2025,J5,70%Alcohol,R8,0,22-04-2025 16:40:14.406,April,Placed In,559
H&E,ps,22-04-2025,-,-,-,39,22-04-2025 16:40:19.413,April,Device temperature ,559
H&E,ps,22-04-2025,-,-,-,39,22-04-2025 16:40:34.601,April,Device temperature ,559
H&E,ps,22-04-2025,-,-,-,40,22-04-2025 16:40:50.802,April,Device temperature ,559
H&E,ps,22-04-2025,W1,Tap Water,--,0,22-04-2025 16:40:53.545,April,Water Valve : 1 is Off,559
H&E,ps,22-04-2025,W1,Running TAP Water,R7,0,22-04-2025 16:41:01.558,April,Picked From,559
H&E,ps,22-04-2025,-,-,-,0,22-04-2025 16:41:06.683,April,Home Reached,559
H&E,ps,22-04-2025,J8,Hematoxin,R7,0,22-04-2025 16:41:15.281,April,Placed In,559
H&E,ps,22-04-2025,-,-,-,0,22-04-2025 16:41:21.485,April,Home Reached,559
H&E,ps,22-04-2025,J1,XYLENE-1,R9,0,22-04-2025 16:41:32.162,April,Picked From,559
H&E,ps,22-04-2025,J2,XYLENE-2,R9,0,22-04-2025 16:41:38.251,April,Placed In,559
H&E,ps,22-04-2025,-,-,-,39,22-04-2025 16:41:42.705,April,Device temperature ,559
H&E,ps,22-04-2025,-,-,-,40,22-04-2025 16:42:00.887,April,Device temperature ,559
H&E,ps,22-04-2025,J5,70%Alcohol,R8,0,22-04-2025 16:42:21.824,April,Picked From,559
H&E,ps,22-04-2025,J6,95% Alcohol,R8,0,22-04-2025 16:42:27.939,April,Placed In,559
H&E,ps,22-04-2025,-,-,-,39,22-04-2025 16:42:32.955,April,Device temperature ,559
H&E,ps,22-04-2025,-,-,-,0,22-04-2025 16:42:45.949,April,Home Reached,559
H&E,ps,22-04-2025,-,-,-,0,22-04-2025 16:42:47.153,April,Heater Door Opened,559
H&E,ps,22-04-2025,L1,-,-,0,22-04-2025 16:42:56.181,April,Liquid Level - 510,559
H&E,ps,22-04-2025,L2,-,-,0,22-04-2025 16:42:59.170,April,Liquid Level - 3904,559
H&E,ps,22-04-2025,L3,-,-,0,22-04-2025 16:43:02.167,April,Liquid Level - 3892,559
H&E,ps,22-04-2025,-,-,-,0,22-04-2025 16:43:13.979,April,Home Reached,559
H&E,ps,22-04-2025,-,-,-,0,22-04-2025 16:43:15.700,April,Home Reached,559
H&E,ps,22-04-2025,U4,Unloading,R10,0,22-04-2025 16:43:17.217,April,Test Started,559
H&E,ps,22-04-2025,L1,Loading,R10,0,22-04-2025 16:43:24.875,April,Picked From,559
H&E,ps,22-04-2025,H1,Heating,R10,0,22-04-2025 16:43:32.041,April,Placed In,559
H&E,ps,22-04-2025,-,-,-,0,22-04-2025 16:43:33.097,April,Heater Door Closed,559
H&E,ps,22-04-2025,-,-,-,39,22-04-2025 16:43:33.793,April,Device temperature ,559
H&E,ps,22-04-2025,J2,XYLENE-2,R9,0,22-04-2025 16:43:45.706,April,Picked From,559
H&E,ps,22-04-2025,J4,100 % Alcohol,R9,0,22-04-2025 16:43:52.342,April,Placed In,559
H&E,ps,22-04-2025,-,-,-,39,22-04-2025 16:43:56.421,April,Device temperature ,559
H&E,ps,22-04-2025,W2,Tap Water,--,0,22-04-2025 16:43:58.959,April,Water Valve : 2 is On,559
H&E,ps,22-04-2025,W1,Tap Water,--,0,22-04-2025 16:44:11.378,April,Water Valve : 1 is On,559
H&E,ps,22-04-2025,J8,Hematoxin,R7,0,22-04-2025 16:44:22.901,April,Picked From,559
H&E,ps,22-04-2025,-,-,-,0,22-04-2025 16:44:23.104,April,Home Reached,559
H&E,ps,22-04-2025,W2,Running TAP Water,R7,0,22-04-2025 16:44:31.629,April,Placed In,559
H&E,ps,22-04-2025,-,-,-,0,22-04-2025 16:44:41.093,April,Home Reached,559
H&E,ps,22-04-2025,J6,95% Alcohol,R8,0,22-04-2025 16:44:51.874,April,Picked From,559
H&E,ps,22-04-2025,-,-,-,0,22-04-2025 16:44:52.078,April,Home Reached,559
H&E,ps,22-04-2025,W1,Running TAP Water,R8,0,22-04-2025 16:45:01.084,April,Placed In,559
H&E,ps,22-04-2025,-,-,-,0,22-04-2025 16:45:09.826,April,Home Reached,559
H&E,ps,22-04-2025,-,-,-,39,22-04-2025 16:45:10.107,April,Device temperature ,559
H&E,ps,22-04-2025,-,-,-,40,22-04-2025 16:45:27.345,April,Device temperature ,559
H&E,ps,22-04-2025,W2,Tap Water,--,0,22-04-2025 16:45:32.012,April,Water Valve : 2 is Off,559
H&E,ps,22-04-2025,W2,Running TAP Water,R7,0,22-04-2025 16:45:39.911,April,Picked From,559
H&E,ps,22-04-2025,J9,Mild Acid,R7,0,22-04-2025 16:45:46.572,April,Placed In,559
H&E,ps,22-04-2025,-,-,-,39,22-04-2025 16:45:51.042,April,Device temperature ,559
H&E,ps,22-04-2025,J4,100 % Alcohol,R9,0,22-04-2025 16:46:00.834,April,Picked From,559
H&E,ps,22-04-2025,J5,70%Alcohol,R9,0,22-04-2025 16:46:06.955,April,Placed In,559
H&E,ps,22-04-2025,-,-,-,39,22-04-2025 16:46:11.952,April,Device temperature ,559
H&E,ps,22-04-2025,-,-,-,39,22-04-2025 16:46:27.141,April,Device temperature ,559
H&E,ps,22-04-2025,W2,Tap Water,--,0,22-04-2025 16:46:29.883,April,Water Valve : 2 is On,559
H&E,ps,22-04-2025,J9,Mild Acid,R7,0,22-04-2025 16:46:52.408,April,Picked From,559
H&E,ps,22-04-2025,W2,Running TAP Water,R7,0,22-04-2025 16:46:59.046,April,Placed In,559
H&E,ps,22-04-2025,W1,Tap Water,--,0,22-04-2025 16:47:01.704,April,Water Valve : 1 is Off,559
H&E,ps,22-04-2025,W1,Running TAP Water,R8,0,22-04-2025 16:47:07.625,April,Picked From,559
H&E,ps,22-04-2025,-,-,-,0,22-04-2025 16:47:12.752,April,Home Reached,559
H&E,ps,22-04-2025,J8,Hematoxin,R8,0,22-04-2025 16:47:21.432,April,Placed In,559
H&E,ps,22-04-2025,-,-,-,0,22-04-2025 16:47:27.620,April,Home Reached,559
H&E,ps,22-04-2025,-,-,-,40,22-04-2025 16:47:30.145,April,Device temperature ,559
H&E,ps,22-04-2025,-,-,-,39,22-04-2025 16:47:48.322,April,Device temperature ,559
H&E,ps,22-04-2025,J5,70%Alcohol,R9,0,22-04-2025 16:48:15.746,April,Picked From,559
H&E,ps,22-04-2025,J6,95% Alcohol,R9,0,22-04-2025 16:48:21.826,April,Placed In,559
H&E,ps,22-04-2025,W2,Tap Water,--,0,22-04-2025 16:48:22.529,April,Water Valve : 2 is Off,559
H&E,ps,22-04-2025,W2,Running TAP Water,R7,0,22-04-2025 16:48:30.449,April,Picked From,559
H&E,ps,22-04-2025,J18,Bluing,R7,0,22-04-2025 16:48:37.035,April,Placed In,559
H&E,ps,22-04-2025,-,-,-,0,22-04-2025 16:48:38.212,April,Heater Door Opened,559
H&E,ps,22-04-2025,H1,Heating,R10,0,22-04-2025 16:48:47.286,April,Picked From,559
H&E,ps,22-04-2025,-,-,-,0,22-04-2025 16:48:47.829,April,Heater Door Closed,559
H&E,ps,22-04-2025,J1,XYLENE-1,R10,0,22-04-2025 16:48:54.963,April,Placed In,559
H&E,ps,22-04-2025,-,-,-,39,22-04-2025 16:48:59.478,April,Device temperature ,559
H&E,ps,22-04-2025,-,-,-,39,22-04-2025 16:49:14.669,April,Device temperature ,559
H&E,ps,22-04-2025,W6,Tap Water,--,0,22-04-2025 16:49:30.444,April,Water Valve : 6 is On,559
H&E,ps,22-04-2025,J18,Bluing,R7,0,22-04-2025 16:49:42.901,April,Picked From,559
H&E,ps,22-04-2025,W6,Running TAP Water,R7,0,22-04-2025 16:49:49.001,April,Placed In,559
H&E,ps,22-04-2025,-,-,-,39,22-04-2025 16:49:53.840,April,Device temperature ,559
H&E,ps,22-04-2025,-,-,-,39,22-04-2025 16:50:12.038,April,Device temperature ,559
H&E,ps,22-04-2025,J8,Hematoxin,R8,0,22-04-2025 16:50:30.532,April,Picked From,559
H&E,ps,22-04-2025,-,-,-,0,22-04-2025 16:50:35.326,April,Home Reached,559
H&E,ps,22-04-2025,W2,Running TAP Water,R8,0,22-04-2025 16:50:43.269,April,Placed In,559
H&E,ps,22-04-2025,-,-,-,0,22-04-2025 16:50:52.723,April,Home Reached,559
H&E,ps,22-04-2025,W1,Tap Water,--,0,22-04-2025 16:50:53.344,April,Water Valve : 1 is On,559
H&E,ps,22-04-2025,J6,95% Alcohol,R9,0,22-04-2025 16:51:05.783,April,Picked From,559
H&E,ps,22-04-2025,-,-,-,0,22-04-2025 16:51:05.985,April,Home Reached,559
H&E,ps,22-04-2025,W1,Running TAP Water,R9,0,22-04-2025 16:51:14.952,April,Placed In,559
H&E,ps,22-04-2025,-,-,-,0,22-04-2025 16:51:23.689,April,Home Reached,559
H&E,ps,22-04-2025,J1,XYLENE-1,R10,0,22-04-2025 16:51:33.904,April,Picked From,559
H&E,ps,22-04-2025,J2,XYLENE-2,R10,0,22-04-2025 16:51:40.006,April,Placed In,559
H&E,ps,22-04-2025,W6,Tap Water,--,0,22-04-2025 16:51:42.584,April,Water Valve : 6 is Off,559
H&E,ps,22-04-2025,W6,Running TAP Water,R7,0,22-04-2025 16:51:51.042,April,Picked From,559
H&E,ps,22-04-2025,-,-,-,0,22-04-2025 16:51:54.015,April,Home Reached,559
H&E,ps,22-04-2025,J19,Ethnol ,R7,0,22-04-2025 16:52:01.701,April,Placed In,559
H&E,ps,22-04-2025,-,-,-,0,22-04-2025 16:52:07.923,April,Home Reached,559
H&E,ps,22-04-2025,W2,Tap Water,--,0,22-04-2025 16:52:08.605,April,Water Valve : 2 is Off,559
H&E,ps,22-04-2025,W2,Running TAP Water,R8,0,22-04-2025 16:52:16.570,April,Picked From,559
H&E,ps,22-04-2025,J9,Mild Acid,R8,0,22-04-2025 16:52:23.156,April,Placed In,559
H&E,ps,22-04-2025,-,-,-,39,22-04-2025 16:52:27.403,April,Device temperature ,559
H&E,ps,22-04-2025,-,-,-,40,22-04-2025 16:52:42.619,April,Device temperature ,559
H&E,ps,22-04-2025,-,-,-,39,22-04-2025 16:52:58.832,April,Device temperature ,559
H&E,ps,22-04-2025,J19,Ethnol ,R7,0,22-04-2025 16:53:11.577,April,Picked From,559
H&E,ps,22-04-2025,J20,Eosin ,R7,0,22-04-2025 16:53:17.714,April,Placed In,559
H&E,ps,22-04-2025,W2,Tap Water,--,0,22-04-2025 16:53:18.530,April,Water Valve : 2 is On,559
H&E,ps,22-04-2025,J9,Mild Acid,R8,0,22-04-2025 16:53:28.998,April,Picked From,559
H&E,ps,22-04-2025,W2,Running TAP Water,R8,0,22-04-2025 16:53:35.634,April,Placed In,559
H&E,ps,22-04-2025,J2,XYLENE-2,R10,0,22-04-2025 16:53:47.870,April,Picked From,559
H&E,ps,22-04-2025,J4,100 % Alcohol,R10,0,22-04-2025 16:53:54.525,April,Placed In,559
H&E,ps,22-04-2025,W1,Tap Water,--,0,22-04-2025 16:53:56.685,April,Water Valve : 1 is Off,559
H&E,ps,22-04-2025,W1,Running TAP Water,R9,0,22-04-2025 16:54:02.583,April,Picked From,559
H&E,ps,22-04-2025,-,-,-,0,22-04-2025 16:54:06.987,April,Home Reached,559
H&E,ps,22-04-2025,J8,Hematoxin,R9,0,22-04-2025 16:54:15.245,April,Placed In,559
H&E,ps,22-04-2025,-,-,-,0,22-04-2025 16:54:21.441,April,Home Reached,559
H&E,ps,22-04-2025,J20,Eosin ,R7,0,22-04-2025 16:54:32.140,April,Picked From,559
H&E,ps,22-04-2025,J21,95 % Alcohol,R7,0,22-04-2025 16:54:38.281,April,Placed In,559
H&E,ps,22-04-2025,W2,Tap Water,--,0,22-04-2025 16:54:40.974,April,Water Valve : 2 is Off,559
H&E,ps,22-04-2025,W2,Running TAP Water,R8,0,22-04-2025 16:54:48.933,April,Picked From,559
H&E,ps,22-04-2025,J18,Bluing,R8,0,22-04-2025 16:54:55.552,April,Placed In,559
H&E,ps,22-04-2025,-,-,-,39,22-04-2025 16:54:59.388,April,Device temperature ,559
H&E,ps,22-04-2025,-,-,-,40,22-04-2025 16:55:14.581,April,Device temperature ,559
H&E,ps,22-04-2025,-,-,-,39,22-04-2025 16:55:30.774,April,Device temperature ,559
H&E,ps,22-04-2025,J21,95 % Alcohol,R7,0,22-04-2025 16:55:44.000,April,Picked From,559
H&E,ps,22-04-2025,J22,100 % Alcohol,R7,0,22-04-2025 16:55:50.084,April,Placed In,559
H&E,ps,22-04-2025,W6,Tap Water,--,0,22-04-2025 16:55:50.912,April,Water Valve : 6 is On,559
H&E,ps,22-04-2025,J4,100 % Alcohol,R10,0,22-04-2025 16:56:00.960,April,Picked From,559
H&E,ps,22-04-2025,J5,70%Alcohol,R10,0,22-04-2025 16:56:07.106,April,Placed In,559
H&E,ps,22-04-2025,J18,Bluing,R8,0,22-04-2025 16:56:16.402,April,Picked From,559
H&E,ps,22-04-2025,W6,Running TAP Water,R8,0,22-04-2025 16:56:22.538,April,Placed In,559
H&E,ps,22-04-2025,-,-,-,39,22-04-2025 16:56:26.758,April,Device temperature ,559
H&E,ps,22-04-2025,-,-,-,40,22-04-2025 16:56:44.981,April,Device temperature ,559
H&E,ps,22-04-2025,J22,100 % Alcohol,R7,0,22-04-2025 16:56:56.338,April,Picked From,559
H&E,ps,22-04-2025,J23,100 % Alcohol,R7,0,22-04-2025 16:57:02.487,April,Placed In,559
H&E,ps,22-04-2025,W2,Tap Water,--,0,22-04-2025 16:57:03.199,April,Water Valve : 2 is On,559
H&E,ps,22-04-2025,J8,Hematoxin,R9,0,22-04-2025 16:57:22.956,April,Picked From,559
H&E,ps,22-04-2025,-,-,-,0,22-04-2025 16:57:27.737,April,Home Reached,559
H&E,ps,22-04-2025,W2,Running TAP Water,R9,0,22-04-2025 16:57:35.665,April,Placed In,559
H&E,ps,22-04-2025,-,-,-,0,22-04-2025 16:57:45.115,April,Home Reached,559
H&E,ps,22-04-2025,-,-,-,39,22-04-2025 16:57:49.554,April,Device temperature ,559
H&E,ps,22-04-2025,J23,100 % Alcohol,R7,0,22-04-2025 16:58:21.781,April,Picked From,559
H&E,ps,22-04-2025,J24,XYLENE-1,R7,0,22-04-2025 16:58:27.908,April,Placed In,559
H&E,ps,22-04-2025,J5,70%Alcohol,R10,0,22-04-2025 16:58:35.086,April,Picked From,559
H&E,ps,22-04-2025,J6,95% Alcohol,R10,0,22-04-2025 16:58:41.202,April,Placed In,559
H&E,ps,22-04-2025,W2,Tap Water,--,0,22-04-2025 16:58:45.955,April,Water Valve : 2 is Off,559
H&E,ps,22-04-2025,W2,Running TAP Water,R9,0,22-04-2025 16:58:53.888,April,Picked From,559
H&E,ps,22-04-2025,J9,Mild Acid,R9,0,22-04-2025 16:59:00.496,April,Placed In,559
H&E,ps,22-04-2025,-,-,-,39,22-04-2025 16:59:04.944,April,Device temperature ,559
H&E,ps,22-04-2025,-,-,-,39,22-04-2025 16:59:20.156,April,Device temperature ,559
H&E,ps,22-04-2025,-,-,-,0,22-04-2025 16:59:30.414,April,Home Reached,559
H&E,ps,22-04-2025,-,-,-,0,22-04-2025 16:59:31.456,April,Heater Door Opened,559
H&E,ps,22-04-2025,L1,-,-,0,22-04-2025 16:59:40.451,April,Liquid Level - 3908,559
H&E,ps,22-04-2025,L2,-,-,0,22-04-2025 16:59:43.437,April,Liquid Level - 512,559
H&E,ps,22-04-2025,W2,Tap Water,--,0,22-04-2025 16:59:43.700,April,Water Valve : 2 is On,559
H&E,ps,22-04-2025,L3,-,-,0,22-04-2025 16:59:46.413,April,Liquid Level - 3902,559
H&E,ps,22-04-2025,-,-,-,0,22-04-2025 16:59:58.201,April,Home Reached,559
H&E,ps,22-04-2025,-,-,-,0,22-04-2025 16:59:59.937,April,Home Reached,559
H&E,ps,22-04-2025,U5,Unloading,R11,0,22-04-2025 17:00:01.458,April,Test Started,559
H&E,ps,22-04-2025,L2,Loading,R11,0,22-04-2025 17:00:08.627,April,Picked From,559
H&E,ps,22-04-2025,H1,Heating,R11,0,22-04-2025 17:00:15.748,April,Placed In,559
H&E,ps,22-04-2025,-,-,-,0,22-04-2025 17:00:16.802,April,Heater Door Closed,559
H&E,ps,22-04-2025,-,-,-,38,22-04-2025 17:00:17.497,April,Device temperature ,559
H&E,ps,22-04-2025,W1,Tap Water,--,0,22-04-2025 17:00:24.737,April,Water Valve : 1 is On,559
H&E,ps,22-04-2025,J9,Mild Acid,R9,0,22-04-2025 17:00:35.159,April,Picked From,559
H&E,ps,22-04-2025,W2,Running TAP Water,R9,0,22-04-2025 17:00:41.766,April,Placed In,559
H&E,ps,22-04-2025,J24,XYLENE-1,R7,0,22-04-2025 17:01:01.907,April,Picked From,559
H&E,ps,22-04-2025,J25,XYLENE-2,R7,0,22-04-2025 17:01:08.013,April,Placed In,559
H&E,ps,22-04-2025,J6,95% Alcohol,R10,0,22-04-2025 17:01:15.893,April,Picked From,559
H&E,ps,22-04-2025,-,-,-,0,22-04-2025 17:01:19.933,April,Home Reached,559
H&E,ps,22-04-2025,W1,Running TAP Water,R10,0,22-04-2025 17:01:28.128,April,Placed In,559
H&E,ps,22-04-2025,-,-,-,0,22-04-2025 17:01:36.862,April,Home Reached,559
H&E,ps,22-04-2025,-,-,-,39,22-04-2025 17:01:41.983,April,Device temperature ,559
H&E,ps,22-04-2025,W2,Tap Water,--,0,22-04-2025 17:01:47.128,April,Water Valve : 2 is Off,559
H&E,ps,22-04-2025,W2,Running TAP Water,R9,0,22-04-2025 17:01:55.062,April,Picked From,559
H&E,ps,22-04-2025,J18,Bluing,R9,0,22-04-2025 17:02:01.711,April,Placed In,559
H&E,ps,22-04-2025,-,-,-,40,22-04-2025 17:02:06.165,April,Device temperature ,559
H&E,ps,22-04-2025,-,-,-,40,22-04-2025 17:02:21.380,April,Device temperature ,559
H&E,ps,22-04-2025,-,-,-,39,22-04-2025 17:02:36.574,April,Device temperature ,559
H&E,ps,22-04-2025,J25,XYLENE-2,R7,0,22-04-2025 17:03:15.245,April,Picked From,559
H&E,ps,22-04-2025,-,-,-,0,22-04-2025 17:03:20.758,April,Home Reached,559
H&E,ps,22-04-2025,U1,Unloading,R7,0,22-04-2025 17:03:33.501,April,Placed In,559
H&E,ps,22-04-2025,U1,Unloading,R7,0,22-04-2025 17:03:34.088,April,Test Completed,559
H&E,ps,22-04-2025,-,-,-,0,22-04-2025 17:03:45.883,April,Home Reached,559
H&E,ps,22-04-2025,J18,Bluing,R9,0,22-04-2025 17:03:56.601,April,Picked From,559
H&E,ps,22-04-2025,W1,Running TAP Water,R9,0,22-04-2025 17:04:02.690,April,Placed In,559
H&E,ps,22-04-2025,W1,Tap Water,--,0,22-04-2025 17:04:03.792,April,Water Valve : 1 is Off,559
H&E,ps,22-04-2025,W1,Running TAP Water,R10,0,22-04-2025 17:04:09.220,April,Picked From,559
H&E,ps,22-04-2025,-,-,-,0,22-04-2025 17:04:09.422,April,Home Reached,559
H&E,ps,22-04-2025,J8,Hematoxin,R10,0,22-04-2025 17:04:17.956,April,Placed In,559
H&E,ps,22-04-2025,-,-,-,0,22-04-2025 17:04:24.152,April,Home Reached,559
H&E,ps,22-04-2025,-,-,-,39,22-04-2025 17:04:27.291,April,Device temperature ,559
H&E,ps,22-04-2025,-,-,-,39,22-04-2025 17:04:42.479,April,Device temperature ,559
H&E,ps,22-04-2025,-,-,-,39,22-04-2025 17:04:58.679,April,Device temperature ,559
H&E,ps,22-04-2025,W1,Tap Water,--,0,22-04-2025 17:05:03.080,April,Water Valve : 1 is Off,559
H&E,ps,22-04-2025,W1,Running TAP Water,R9,0,22-04-2025 17:05:11.470,April,Picked From,559
H&E,ps,22-04-2025,-,-,-,0,22-04-2025 17:05:11.672,April,Home Reached,559
H&E,ps,22-04-2025,J19,Ethnol ,R9,0,22-04-2025 17:05:20.126,April,Placed In,559
H&E,ps,22-04-2025,-,-,-,0,22-04-2025 17:05:26.359,April,Home Reached,559
H&E,ps,22-04-2025,-,-,-,0,22-04-2025 17:05:26.951,April,Heater Door Opened,559
H&E,ps,22-04-2025,H1,Heating,R11,0,22-04-2025 17:05:33.490,April,Picked From,559
H&E,ps,22-04-2025,-,-,-,0,22-04-2025 17:05:34.033,April,Heater Door Closed,559
H&E,ps,22-04-2025,J1,XYLENE-1,R11,0,22-04-2025 17:05:41.143,April,Placed In,559
H&E,ps,22-04-2025,-,-,-,39,22-04-2025 17:05:45.129,April,Device temperature ,559
H&E,ps,22-04-2025,-,-,-,39,22-04-2025 17:06:14.600,April,Device temperature ,559
H&E,ps,22-04-2025,J19,Ethnol ,R9,0,22-04-2025 17:06:28.953,April,Picked From,559
H&E,ps,22-04-2025,J20,Eosin ,R9,0,22-04-2025 17:06:35.074,April,Placed In,559
H&E,ps,22-04-2025,-,-,-,39,22-04-2025 17:06:39.579,April,Device temperature ,559
H&E,ps,22-04-2025,-,-,-,0,22-04-2025 17:06:46.232,April,Home Reached,559
H&E,ps,22-04-2025,-,-,-,0,22-04-2025 17:06:47.266,April,Heater Door Opened,559
H&E,ps,22-04-2025,L1,-,-,0,22-04-2025 17:06:56.264,April,Liquid Level - 481,559
H&E,ps,22-04-2025,L2,-,-,0,22-04-2025 17:06:59.255,April,Liquid Level - 3900,559
H&E,ps,22-04-2025,L3,-,-,0,22-04-2025 17:07:02.236,April,Liquid Level - 486,559
H&E,ps,22-04-2025,-,-,-,0,22-04-2025 17:07:14.007,April,Home Reached,559
H&E,ps,22-04-2025,-,-,-,0,22-04-2025 17:07:15.725,April,Home Reached,559
H&E,ps,22-04-2025,U1,Unloading,R12,0,22-04-2025 17:07:17.252,April,Test Started,559
H&E,ps,22-04-2025,L1,Loading,R12,0,22-04-2025 17:07:24.913,April,Picked From,559
H&E,ps,22-04-2025,H1,Heating,R12,0,22-04-2025 17:07:32.041,April,Placed In,559
H&E,ps,22-04-2025,-,-,-,0,22-04-2025 17:07:33.103,April,Heater Door Closed,559
H&E,ps,22-04-2025,-,-,-,38,22-04-2025 17:07:33.801,April,Device temperature ,559
H&E,ps,22-04-2025,W2,Tap Water,--,0,22-04-2025 17:07:34.852,April,Water Valve : 2 is On,559
H&E,ps,22-04-2025,J8,Hematoxin,R10,0,22-04-2025 17:07:47.809,April,Picked From,559
H&E,ps,22-04-2025,-,-,-,0,22-04-2025 17:07:47.997,April,Home Reached,559
H&E,ps,22-04-2025,W2,Running TAP Water,R10,0,22-04-2025 17:07:56.534,April,Placed In,559
H&E,ps,22-04-2025,-,-,-,0,22-04-2025 17:08:05.998,April,Home Reached,559
H&E,ps,22-04-2025,J20,Eosin ,R9,0,22-04-2025 17:08:20.472,April,Picked From,559
H&E,ps,22-04-2025,J21,95 % Alcohol,R9,0,22-04-2025 17:08:26.585,April,Placed In,559
H&E,ps,22-04-2025,J1,XYLENE-1,R11,0,22-04-2025 17:08:35.345,April,Picked From,559
H&E,ps,22-04-2025,J2,XYLENE-2,R11,0,22-04-2025 17:08:41.448,April,Placed In,559
H&E,ps,22-04-2025,-,-,-,39,22-04-2025 17:08:46.048,April,Device temperature ,559
H&E,ps,22-04-2025,W2,Tap Water,--,0,22-04-2025 17:08:56.841,April,Water Valve : 2 is Off,559
H&E,ps,22-04-2025,W2,Running TAP Water,R10,0,22-04-2025 17:09:04.757,April,Picked From,559
H&E,ps,22-04-2025,J9,Mild Acid,R10,0,22-04-2025 17:09:11.359,April,Placed In,559
H&E,ps,22-04-2025,-,-,-,39,22-04-2025 17:09:15.824,April,Device temperature ,559
H&E,ps,22-04-2025,J21,95 % Alcohol,R9,0,22-04-2025 17:09:33.790,April,Picked From,559
H&E,ps,22-04-2025,J22,100 % Alcohol,R9,0,22-04-2025 17:09:39.905,April,Placed In,559
H&E,ps,22-04-2025,-,-,-,39,22-04-2025 17:09:44.926,April,Device temperature ,559
H&E,ps,22-04-2025,W2,Tap Water,--,0,22-04-2025 17:09:54.657,April,Water Valve : 2 is On,559
H&E,ps,22-04-2025,J9,Mild Acid,R10,0,22-04-2025 17:10:17.082,April,Picked From,559
H&E,ps,22-04-2025,W2,Running TAP Water,R10,0,22-04-2025 17:10:23.731,April,Placed In,559
H&E,ps,22-04-2025,-,-,-,39,22-04-2025 17:10:27.701,April,Device temperature ,559
H&E,ps,22-04-2025,J22,100 % Alcohol,R9,0,22-04-2025 17:10:45.662,April,Picked From,559
H&E,ps,22-04-2025,J23,100 % Alcohol,R9,0,22-04-2025 17:10:51.781,April,Placed In,559
H&E,ps,22-04-2025,J2,XYLENE-2,R11,0,22-04-2025 17:11:09.355,April,Picked From,559
H&E,ps,22-04-2025,J4,100 % Alcohol,R11,0,22-04-2025 17:11:15.984,April,Placed In,559
H&E,ps,22-04-2025,-,-,-,39,22-04-2025 17:11:20.366,April,Device temperature ,559
H&E,ps,22-04-2025,W2,Tap Water,--,0,22-04-2025 17:11:24.009,April,Water Valve : 2 is Off,559
H&E,ps,22-04-2025,W2,Running TAP Water,R10,0,22-04-2025 17:11:29.452,April,Picked From,559
H&E,ps,22-04-2025,J18,Bluing,R10,0,22-04-2025 17:11:36.125,April,Placed In,559
H&E,ps,22-04-2025,-,-,-,39,22-04-2025 17:11:40.037,April,Device temperature ,559
H&E,ps,22-04-2025,J23,100 % Alcohol,R9,0,22-04-2025 17:11:58.163,April,Picked From,559
H&E,ps,22-04-2025,J24,XYLENE-1,R9,0,22-04-2025 17:12:04.303,April,Placed In,559
H&E,ps,22-04-2025,W1,Tap Water,--,0,22-04-2025 17:12:19.488,April,Water Valve : 1 is On,559
H&E,ps,22-04-2025,-,-,-,0,22-04-2025 17:12:44.164,April,Heater Door Opened,559
H&E,ps,22-04-2025,H1,Heating,R12,0,22-04-2025 17:12:51.787,April,Picked From,559
H&E,ps,22-04-2025,-,-,-,0,22-04-2025 17:12:52.324,April,Heater Door Closed,559
H&E,ps,22-04-2025,J1,XYLENE-1,R12,0,22-04-2025 17:12:59.434,April,Placed In,559
H&E,ps,22-04-2025,J18,Bluing,R10,0,22-04-2025 17:13:09.113,April,Picked From,559
H&E,ps,22-04-2025,W1,Running TAP Water,R10,0,22-04-2025 17:13:15.290,April,Placed In,559
H&E,ps,22-04-2025,J4,100 % Alcohol,R11,0,22-04-2025 17:13:33.904,April,Picked From,559
H&E,ps,22-04-2025,J5,70%Alcohol,R11,0,22-04-2025 17:13:40.036,April,Placed In,559
H&E,ps,22-04-2025,-,-,-,39,22-04-2025 17:13:44.547,April,Device temperature ,559
H&E,ps,22-04-2025,-,-,-,0,22-04-2025 17:13:47.110,April,Heater Door Opened,559
H&E,ps,22-04-2025,U6,Unloading,R13,0,22-04-2025 17:13:47.639,April,Test Started,559
H&E,ps,22-04-2025,L3,Loading,R13,0,22-04-2025 17:13:54.784,April,Picked From,559
H&E,ps,22-04-2025,H1,Heating,R13,0,22-04-2025 17:14:01.418,April,Placed In,559
H&E,ps,22-04-2025,-,-,-,0,22-04-2025 17:14:02.470,April,Heater Door Closed,559
H&E,ps,22-04-2025,-,-,-,39,22-04-2025 17:14:03.151,April,Device temperature ,559
H&E,ps,22-04-2025,J24,XYLENE-1,R9,0,22-04-2025 17:14:22.777,April,Picked From,559
H&E,ps,22-04-2025,J25,XYLENE-2,R9,0,22-04-2025 17:14:28.880,April,Placed In,559
H&E,ps,22-04-2025,-,-,-,39,22-04-2025 17:14:33.744,April,Device temperature ,559
H&E,ps,22-04-2025,W1,Tap Water,--,0,22-04-2025 17:14:38.827,April,Water Valve : 1 is Off,559
H&E,ps,22-04-2025,W1,Running TAP Water,R10,0,22-04-2025 17:14:44.282,April,Picked From,559
H&E,ps,22-04-2025,-,-,-,0,22-04-2025 17:14:47.269,April,Home Reached,559
H&E,ps,22-04-2025,J19,Ethnol ,R10,0,22-04-2025 17:14:54.988,April,Placed In,559
H&E,ps,22-04-2025,-,-,-,0,22-04-2025 17:15:01.216,April,Home Reached,559
H&E,ps,22-04-2025,J1,XYLENE-1,R12,0,22-04-2025 17:15:11.456,April,Picked From,559
H&E,ps,22-04-2025,J2,XYLENE-2,R12,0,22-04-2025 17:15:17.594,April,Placed In,559
H&E,ps,22-04-2025,-,-,-,39,22-04-2025 17:15:21.937,April,Device temperature ,559
H&E,ps,22-04-2025,-,-,-,39,22-04-2025 17:15:40.173,April,Device temperature ,559
H&E,ps,22-04-2025,J5,70%Alcohol,R11,0,22-04-2025 17:15:46.911,April,Picked From,559
H&E,ps,22-04-2025,J6,95% Alcohol,R11,0,22-04-2025 17:15:53.044,April,Placed In,559
H&E,ps,22-04-2025,J19,Ethnol ,R10,0,22-04-2025 17:16:01.767,April,Picked From,559
H&E,ps,22-04-2025,J20,Eosin ,R10,0,22-04-2025 17:16:07.873,April,Placed In,559
H&E,ps,22-04-2025,-,-,-,39,22-04-2025 17:16:12.553,April,Device temperature ,559
H&E,ps,22-04-2025,-,-,-,39,22-04-2025 17:16:27.750,April,Device temperature ,559
H&E,ps,22-04-2025,J25,XYLENE-2,R9,0,22-04-2025 17:16:36.745,April,Picked From,559
H&E,ps,22-04-2025,-,-,-,0,22-04-2025 17:16:36.950,April,Home Reached,559
H&E,ps,22-04-2025,U3,Unloading,R9,0,22-04-2025 17:16:48.985,April,Placed In,559
H&E,ps,22-04-2025,U3,Unloading,R9,0,22-04-2025 17:16:49.570,April,Test Completed,559
H&E,ps,22-04-2025,-,-,-,0,22-04-2025 17:16:59.940,April,Home Reached,559
H&E,ps,22-04-2025,J20,Eosin ,R10,0,22-04-2025 17:17:12.177,April,Picked From,559
H&E,ps,22-04-2025,J21,95 % Alcohol,R10,0,22-04-2025 17:17:18.302,April,Placed In,559
H&E,ps,22-04-2025,J2,XYLENE-2,R12,0,22-04-2025 17:17:36.268,April,Picked From,559
H&E,ps,22-04-2025,J4,100 % Alcohol,R12,0,22-04-2025 17:17:42.919,April,Placed In,559
H&E,ps,22-04-2025,W1,Tap Water,--,0,22-04-2025 17:17:43.638,April,Water Valve : 1 is On,559
H&E,ps,22-04-2025,J6,95% Alcohol,R11,0,22-04-2025 17:17:59.923,April,Picked From,559
H&E,ps,22-04-2025,-,-,-,0,22-04-2025 17:18:00.123,April,Home Reached,559
H&E,ps,22-04-2025,W1,Running TAP Water,R11,0,22-04-2025 17:18:09.122,April,Placed In,559
H&E,ps,22-04-2025,-,-,-,0,22-04-2025 17:18:17.868,April,Home Reached,559
H&E,ps,22-04-2025,J21,95 % Alcohol,R10,0,22-04-2025 17:18:32.500,April,Picked From,559
H&E,ps,22-04-2025,J22,100 % Alcohol,R10,0,22-04-2025 17:18:38.594,April,Placed In,559
H&E,ps,22-04-2025,-,-,-,39,22-04-2025 17:18:42.880,April,Device temperature ,559
H&E,ps,22-04-2025,-,-,-,0,22-04-2025 17:18:57.229,April,Heater Switched Off ,559
H&E,ps,22-04-2025,W1,Tap Water,--,0,22-04-2025 17:18:58.240,April,Water Valve : 1 is On,559
H&E,ps,22-04-2025,W2,Tap Water,--,0,22-04-2025 17:18:58.913,April,Water Valve : 2 is On,559
H&E,ps,22-04-2025,W3,Tap Water,--,0,22-04-2025 17:18:59.595,April,Water Valve : 3 is On,559
H&E,ps,22-04-2025,W4,Tap Water,--,0,22-04-2025 17:19:00.279,April,Water Valve : 4 is On,559
H&E,ps,22-04-2025,W5,Tap Water,--,0,22-04-2025 17:19:00.961,April,Water Valve : 5 is On,559
