Home Command,SubbaRao,29-07-2024,-,-,-,0,29-07-2024 15:56:00,July,Home Reached
Home Command,SubbaRao,29-07-2024,-,-,-,0,29-07-2024 15:56:05,July,Home Reached
Home Command,SubbaRao,29-07-2024,-,-,-,0,29-07-2024 15:56:05,July,
Home Command,SubbaRao,29-07-2024,U1,-,-,0,29-07-2024 15:56:15,July,Liquid Level - 2542
Level Sense,SubbaRao,29-07-2024,U2,-,-,0,29-07-2024 15:56:18,July,Liquid Level - 2573
Level Sense,SubbaRao,29-07-2024,U3,-,-,0,29-07-2024 15:56:23,July,Liquid Level - 2567
Level Sense,SubbaRao,29-07-2024,U4,-,-,0,29-07-2024 15:56:26,July,Liquid Level - 2576
Level Sense,SubbaRao,29-07-2024,U5,-,-,0,29-07-2024 15:56:28,July,Liquid Level - 2574
Level Sense,SubbaRao,29-07-2024,U6,-,-,0,29-07-2024 15:56:31,July,Liquid Level - 2578
Level Sense,SubbaRao,29-07-2024,J1,-,-,0,29-07-2024 15:56:37,July,Liquid Level - 2592
Level Sense,SubbaRao,29-07-2024,J2,-,-,0,29-07-2024 15:56:40,July,Liquid Level - 2581
Level Sense,SubbaRao,29-07-2024,J3,-,-,0,29-07-2024 15:56:43,July,Liquid Level - 2559
Level Sense,SubbaRao,29-07-2024,J4,-,-,0,29-07-2024 15:56:45,July,Liquid Level - 2554
Level Sense,SubbaRao,29-07-2024,J5,-,-,0,29-07-2024 15:56:48,July,Liquid Level - 2571
Level Sense,SubbaRao,29-07-2024,J6,-,-,0,29-07-2024 15:56:51,July,Liquid Level - 2581
Level Sense,SubbaRao,29-07-2024,J7,-,-,0,29-07-2024 15:56:53,July,Liquid Level - 2578
Level Sense,SubbaRao,29-07-2024,J8,-,-,0,29-07-2024 15:56:56,July,Liquid Level - 2573
Level Sense,SubbaRao,29-07-2024,J9,-,-,0,29-07-2024 15:56:58,July,Liquid Level - 2582
Level Sense,SubbaRao,29-07-2024,W1,-,-,0,29-07-2024 15:57:01,July,Liquid Level - 2569
Level Sense,SubbaRao,29-07-2024,W2,-,-,0,29-07-2024 15:57:03,July,Liquid Level - 2570
Level Sense,SubbaRao,29-07-2024,W3,-,-,0,29-07-2024 15:57:06,July,Liquid Level - 2556
Level Sense,SubbaRao,29-07-2024,J10,-,-,0,29-07-2024 15:57:09,July,Liquid Level - 2570
Level Sense,SubbaRao,29-07-2024,J11,-,-,0,29-07-2024 15:57:11,July,Liquid Level - 2566
Level Sense,SubbaRao,29-07-2024,J12,-,-,0,29-07-2024 15:57:14,July,Liquid Level - 2538
Level Sense,SubbaRao,29-07-2024,J13,-,-,0,29-07-2024 15:57:16,July,Liquid Level - 2544
Level Sense,SubbaRao,29-07-2024,J14,-,-,0,29-07-2024 15:57:19,July,Liquid Level - 2582
Level Sense,SubbaRao,29-07-2024,J15,-,-,0,29-07-2024 15:57:22,July,Liquid Level - 2595
Level Sense,SubbaRao,29-07-2024,J16,-,-,0,29-07-2024 15:57:25,July,Liquid Level - 2578
Level Sense,SubbaRao,29-07-2024,J17,-,-,0,29-07-2024 15:57:27,July,Liquid Level - 2588
Level Sense,SubbaRao,29-07-2024,W4,-,-,0,29-07-2024 15:57:30,July,Liquid Level - 2571
Level Sense,SubbaRao,29-07-2024,W5,-,-,0,29-07-2024 15:57:32,July,Liquid Level - 2580
Level Sense,SubbaRao,29-07-2024,W6,-,-,0,29-07-2024 15:57:35,July,Liquid Level - 2583
Level Sense,SubbaRao,29-07-2024,J18,-,-,0,29-07-2024 15:57:37,July,Liquid Level - 2598
Level Sense,SubbaRao,29-07-2024,J19,-,-,0,29-07-2024 15:57:40,July,Liquid Level - 2580
Level Sense,SubbaRao,29-07-2024,J20,-,-,0,29-07-2024 15:57:43,July,Liquid Level - 2601
Level Sense,SubbaRao,29-07-2024,J21,-,-,0,29-07-2024 15:57:45,July,Liquid Level - 2589
Level Sense,SubbaRao,29-07-2024,J22,-,-,0,29-07-2024 15:57:48,July,Liquid Level - 2597
Level Sense,SubbaRao,29-07-2024,J23,-,-,0,29-07-2024 15:57:50,July,Liquid Level - 2578
Level Sense,SubbaRao,29-07-2024,J24,-,-,0,29-07-2024 15:57:53,July,Liquid Level - 2592
Level Sense,SubbaRao,29-07-2024,J25,-,-,0,29-07-2024 15:57:56,July,Liquid Level - 2597
Level Sense,SubbaRao,29-07-2024,J26,-,-,0,29-07-2024 15:57:58,July,Liquid Level - 2562
Level Sense,SubbaRao,29-07-2024,J27,-,-,0,29-07-2024 15:58:04,July,Liquid Level - 2566
Level Sense,SubbaRao,29-07-2024,J28,-,-,0,29-07-2024 15:58:07,July,Liquid Level - 2661
Level Sense,SubbaRao,29-07-2024,J29,-,-,0,29-07-2024 15:58:09,July,Liquid Level - 2657
Level Sense,SubbaRao,29-07-2024,J30,-,-,0,29-07-2024 15:58:12,July,Liquid Level - 2658
Level Sense,SubbaRao,29-07-2024,J31,-,-,0,29-07-2024 15:58:15,July,Liquid Level - 2657
Level Sense,SubbaRao,29-07-2024,J32,-,-,0,29-07-2024 15:58:17,July,Liquid Level - 2689
Level Sense,SubbaRao,29-07-2024,J33,-,-,0,29-07-2024 15:58:20,July,Liquid Level - 2682
Level Sense,SubbaRao,29-07-2024,H1,-,-,0,29-07-2024 15:58:24,July,Liquid Level - 3624
Level Sense,SubbaRao,29-07-2024,H2,-,-,0,29-07-2024 15:58:27,July,Liquid Level - 3614
Level Sense,SubbaRao,29-07-2024,H3,-,-,0,29-07-2024 15:58:30,July,Liquid Level - 3590
Level Sense,SubbaRao,29-07-2024,-,-,-,0,29-07-2024 15:58:43,July,Home Reached
Level Sense,SubbaRao,29-07-2024,-,-,-,0,29-07-2024 15:58:49,July,Home Reached
Level Sense,SubbaRao,29-07-2024,-,-,-,0,29-07-2024 15:58:49,July,
DPFZ,SubbaRao,29-07-2024,-,-,-,0,29-07-2024 15:58:58,July,Protorun Started
DPFZ,SubbaRao,29-07-2024,-,-,-,0,29-07-2024 15:59:25,July,Home Reached
DPFZ,SubbaRao,29-07-2024,-,-,-,0,29-07-2024 15:59:25,July,
DPFZ,SubbaRao,29-07-2024,-,-,-,0,29-07-2024 15:59:31,July,Home Reached
DPFZ,SubbaRao,29-07-2024,-,-,-,0,29-07-2024 15:59:31,July,
DPFZ,SubbaRao,29-07-2024,H1,-,-,0,29-07-2024 15:59:47,July,Liquid Level - 3533
DPFZ,SubbaRao,29-07-2024,H2,-,-,0,29-07-2024 15:59:50,July,Liquid Level - 3528
DPFZ,SubbaRao,29-07-2024,H3,-,-,0,29-07-2024 15:59:53,July,Liquid Level - 3516
DPFZ,SubbaRao,29-07-2024,L1,-,-,0,29-07-2024 15:59:57,July,Liquid Level - 272
DPFZ,SubbaRao,29-07-2024,L2,-,-,0,29-07-2024 16:00:00,July,Liquid Level - 266
DPFZ,SubbaRao,29-07-2024,L3,-,-,0,29-07-2024 16:00:02,July,Liquid Level - 246
DPFZ,SubbaRao,29-07-2024,-,-,-,0,29-07-2024 16:00:14,July,Home Reached
DPFZ,SubbaRao,29-07-2024,-,-,-,0,29-07-2024 16:00:14,July,Home Status - 11111111
DPFZ,SubbaRao,29-07-2024,-,-,-,0,29-07-2024 16:00:16,July,Home Reached
DPFZ,SubbaRao,29-07-2024,-,-,-,0,29-07-2024 16:01:04,July,Heater Door Closed
DPFZ,SubbaRao,29-07-2024,-,-,-,0,29-07-2024 16:01:04,July,
DPFZ,SubbaRao,29-07-2024,-,-,-,50,29-07-2024 16:01:04,July,50 - Temperature set to device
DPFZ,SubbaRao,29-07-2024,-,-,-,28,29-07-2024 16:01:05,July,Device temperature 
DPFZ,SubbaRao,29-07-2024,-,-,-,28,29-07-2024 16:01:06,July,Device temperature 
DPFZ,SubbaRao,29-07-2024,-,-,-,28,29-07-2024 16:01:07,July,Device temperature 
DPFZ,SubbaRao,29-07-2024,-,-,-,28,29-07-2024 16:01:08,July,Device temperature 
DPFZ,SubbaRao,29-07-2024,-,-,-,29,29-07-2024 16:01:09,July,Device temperature 
DPFZ,SubbaRao,29-07-2024,-,-,-,28,29-07-2024 16:01:10,July,Device temperature 
DPFZ,SubbaRao,29-07-2024,-,-,-,28,29-07-2024 16:01:11,July,Device temperature 
DPFZ,SubbaRao,29-07-2024,-,-,-,28,29-07-2024 16:01:12,July,Device temperature 
DPFZ,SubbaRao,29-07-2024,-,-,-,29,29-07-2024 16:01:13,July,Device temperature 
DPFZ,SubbaRao,29-07-2024,-,-,-,29,29-07-2024 16:01:14,July,Device temperature 
DPFZ,SubbaRao,29-07-2024,-,-,-,29,29-07-2024 16:01:15,July,Device temperature 
DPFZ,SubbaRao,29-07-2024,-,-,-,28,29-07-2024 16:01:16,July,Device temperature 
DPFZ,SubbaRao,29-07-2024,-,-,-,28,29-07-2024 16:01:17,July,Device temperature 
DPFZ,SubbaRao,29-07-2024,-,-,-,29,29-07-2024 16:01:19,July,Device temperature 
DPFZ,SubbaRao,29-07-2024,-,-,-,29,29-07-2024 16:01:20,July,Device temperature 
DPFZ,SubbaRao,29-07-2024,-,-,-,29,29-07-2024 16:01:21,July,Device temperature 
DPFZ,SubbaRao,29-07-2024,-,-,-,29,29-07-2024 16:01:22,July,Device temperature 
DPFZ,SubbaRao,29-07-2024,-,-,-,29,29-07-2024 16:01:23,July,Device temperature 
DPFZ,SubbaRao,29-07-2024,-,-,-,29,29-07-2024 16:01:24,July,Device temperature 
DPFZ,SubbaRao,29-07-2024,-,-,-,29,29-07-2024 16:01:25,July,Device temperature 
DPFZ,SubbaRao,29-07-2024,-,-,-,29,29-07-2024 16:01:26,July,Device temperature 
DPFZ,SubbaRao,29-07-2024,-,-,-,29,29-07-2024 16:01:27,July,Device temperature 
DPFZ,SubbaRao,29-07-2024,-,-,-,29,29-07-2024 16:01:28,July,Device temperature 
DPFZ,SubbaRao,29-07-2024,-,-,-,29,29-07-2024 16:01:29,July,Device temperature 
DPFZ,SubbaRao,29-07-2024,-,-,-,29,29-07-2024 16:01:30,July,Device temperature 
DPFZ,SubbaRao,29-07-2024,-,-,-,29,29-07-2024 16:01:31,July,Device temperature 
DPFZ,SubbaRao,29-07-2024,-,-,-,29,29-07-2024 16:01:32,July,Device temperature 
DPFZ,SubbaRao,29-07-2024,-,-,-,30,29-07-2024 16:01:33,July,Device temperature 
DPFZ,SubbaRao,29-07-2024,-,-,-,29,29-07-2024 16:01:35,July,Device temperature 
DPFZ,SubbaRao,29-07-2024,-,-,-,30,29-07-2024 16:01:36,July,Device temperature 
DPFZ,SubbaRao,29-07-2024,-,-,-,30,29-07-2024 16:01:37,July,Device temperature 
DPFZ,SubbaRao,29-07-2024,-,-,-,30,29-07-2024 16:01:38,July,Device temperature 
DPFZ,SubbaRao,29-07-2024,-,-,-,30,29-07-2024 16:01:39,July,Device temperature 
DPFZ,SubbaRao,29-07-2024,-,-,-,30,29-07-2024 16:01:40,July,Device temperature 
DPFZ,SubbaRao,29-07-2024,-,-,-,30,29-07-2024 16:01:41,July,Device temperature 
DPFZ,SubbaRao,29-07-2024,-,-,-,30,29-07-2024 16:01:42,July,Device temperature 
DPFZ,SubbaRao,29-07-2024,-,-,-,31,29-07-2024 16:01:43,July,Device temperature 
DPFZ,SubbaRao,29-07-2024,-,-,-,31,29-07-2024 16:01:44,July,Device temperature 
DPFZ,SubbaRao,29-07-2024,-,-,-,30,29-07-2024 16:01:45,July,Device temperature 
DPFZ,SubbaRao,29-07-2024,-,-,-,30,29-07-2024 16:01:46,July,Device temperature 
DPFZ,SubbaRao,29-07-2024,-,-,-,31,29-07-2024 16:01:47,July,Device temperature 
DPFZ,SubbaRao,29-07-2024,-,-,-,31,29-07-2024 16:01:48,July,Device temperature 
DPFZ,SubbaRao,29-07-2024,-,-,-,31,29-07-2024 16:01:49,July,Device temperature 
DPFZ,SubbaRao,29-07-2024,-,-,-,31,29-07-2024 16:01:50,July,Device temperature 
DPFZ,SubbaRao,29-07-2024,-,-,-,31,29-07-2024 16:01:52,July,Device temperature 
DPFZ,SubbaRao,29-07-2024,-,-,-,31,29-07-2024 16:01:53,July,Device temperature 
DPFZ,SubbaRao,29-07-2024,-,-,-,32,29-07-2024 16:01:54,July,Device temperature 
DPFZ,SubbaRao,29-07-2024,-,-,-,32,29-07-2024 16:01:55,July,Device temperature 
DPFZ,SubbaRao,29-07-2024,-,-,-,33,29-07-2024 16:01:56,July,Device temperature 
DPFZ,SubbaRao,29-07-2024,-,-,-,32,29-07-2024 16:01:57,July,Device temperature 
DPFZ,SubbaRao,29-07-2024,-,-,-,33,29-07-2024 16:01:58,July,Device temperature 
DPFZ,SubbaRao,29-07-2024,-,-,-,32,29-07-2024 16:01:59,July,Device temperature 
DPFZ,SubbaRao,29-07-2024,-,-,-,33,29-07-2024 16:02:00,July,Device temperature 
DPFZ,SubbaRao,29-07-2024,-,-,-,33,29-07-2024 16:02:01,July,Device temperature 
DPFZ,SubbaRao,29-07-2024,-,-,-,33,29-07-2024 16:02:02,July,Device temperature 
DPFZ,SubbaRao,29-07-2024,-,-,-,33,29-07-2024 16:02:03,July,Device temperature 
DPFZ,SubbaRao,29-07-2024,-,-,-,33,29-07-2024 16:02:04,July,Device temperature 
DPFZ,SubbaRao,29-07-2024,-,-,-,34,29-07-2024 16:02:05,July,Device temperature 
DPFZ,SubbaRao,29-07-2024,-,-,-,33,29-07-2024 16:02:06,July,Device temperature 
DHPL,SubbaRao,29-07-2024,-,-,-,0,29-07-2024 16:06:06,July,Protorun Started
DHPL,SubbaRao,29-07-2024,-,-,-,0,29-07-2024 16:06:09,July,Home Reached
DHPL,SubbaRao,29-07-2024,-,-,-,0,29-07-2024 16:06:15,July,Home Reached
DHPL,SubbaRao,29-07-2024,-,-,-,0,29-07-2024 16:06:15,July,
DHPL,SubbaRao,29-07-2024,L1,-,-,0,29-07-2024 16:06:29,July,Liquid Level - 274
DHPL,SubbaRao,29-07-2024,L2,-,-,0,29-07-2024 16:06:34,July,Liquid Level - 219
DHPL,SubbaRao,29-07-2024,L3,-,-,0,29-07-2024 16:06:37,July,Liquid Level - 294
DHPL,SubbaRao,29-07-2024,-,-,-,0,29-07-2024 16:06:48,July,Home Reached
DHPL,SubbaRao,29-07-2024,-,-,-,0,29-07-2024 16:06:49,July,Home Status - 11111111
DHPL,SubbaRao,29-07-2024,-,-,-,0,29-07-2024 16:06:51,July,Home Reached
DHPL,SubbaRao,29-07-2024,,,R1,0,29-07-2024 16:06:52,July,Test Started
DHPL,SubbaRao,29-07-2024,L1,Loading,R1,0,29-07-2024 16:07:04,July,Picked From
DHPL,SubbaRao,29-07-2024,J1,70%Alcohol,R1,0,29-07-2024 16:07:11,July,Placed In
Home Command,SubbaRao,29-07-2024,-,-,-,0,29-07-2024 16:27:27,July,Home Reached
Home Command,SubbaRao,29-07-2024,-,-,-,0,29-07-2024 16:27:33,July,Home Reached
Home Command,SubbaRao,29-07-2024,-,-,-,0,29-07-2024 16:27:33,July,
Level Sense,SubbaRao,29-07-2024,U1,-,-,0,29-07-2024 16:27:43,July,Liquid Level - 2553
Level Sense,SubbaRao,29-07-2024,U2,-,-,0,29-07-2024 16:27:46,July,Liquid Level - 2554
Level Sense,SubbaRao,29-07-2024,U3,-,-,0,29-07-2024 16:27:48,July,Liquid Level - 2551
Level Sense,SubbaRao,29-07-2024,U4,-,-,0,29-07-2024 16:27:51,July,Liquid Level - 2558
Level Sense,SubbaRao,29-07-2024,U5,-,-,0,29-07-2024 16:27:53,July,Liquid Level - 2557
Level Sense,SubbaRao,29-07-2024,U6,-,-,0,29-07-2024 16:27:56,July,Liquid Level - 2547
Level Sense,SubbaRao,29-07-2024,J1,-,-,0,29-07-2024 16:28:02,July,Liquid Level - 2557
Level Sense,SubbaRao,29-07-2024,J2,-,-,0,29-07-2024 16:28:05,July,Liquid Level - 2555
Level Sense,SubbaRao,29-07-2024,J3,-,-,0,29-07-2024 16:28:08,July,Liquid Level - 2565
Level Sense,SubbaRao,29-07-2024,J4,-,-,0,29-07-2024 16:28:10,July,Liquid Level - 2557
Level Sense,SubbaRao,29-07-2024,J5,-,-,0,29-07-2024 16:28:13,July,Liquid Level - 2558
Level Sense,SubbaRao,29-07-2024,J6,-,-,0,29-07-2024 16:28:15,July,Liquid Level - 2560
Level Sense,SubbaRao,29-07-2024,J7,-,-,0,29-07-2024 16:28:18,July,Liquid Level - 2565
Level Sense,SubbaRao,29-07-2024,J8,-,-,0,29-07-2024 16:28:20,July,Liquid Level - 2560
Level Sense,SubbaRao,29-07-2024,J9,-,-,0,29-07-2024 16:28:23,July,Liquid Level - 2569
Level Sense,SubbaRao,29-07-2024,W1,-,-,0,29-07-2024 16:28:28,July,Liquid Level - 2545
Level Sense,SubbaRao,29-07-2024,W2,-,-,0,29-07-2024 16:28:31,July,Liquid Level - 2558
Level Sense,SubbaRao,29-07-2024,W3,-,-,0,29-07-2024 16:28:34,July,Liquid Level - 2541
Level Sense,SubbaRao,29-07-2024,J10,-,-,0,29-07-2024 16:28:36,July,Liquid Level - 2554
Level Sense,SubbaRao,29-07-2024,J11,-,-,0,29-07-2024 16:28:39,July,Liquid Level - 2548
Level Sense,SubbaRao,29-07-2024,J12,-,-,0,29-07-2024 16:28:41,July,Liquid Level - 2519
Level Sense,SubbaRao,29-07-2024,J13,-,-,0,29-07-2024 16:28:44,July,Liquid Level - 2526
Level Sense,SubbaRao,29-07-2024,J14,-,-,0,29-07-2024 16:28:47,July,Liquid Level - 2560
Level Sense,SubbaRao,29-07-2024,J15,-,-,0,29-07-2024 16:28:50,July,Liquid Level - 2568
Level Sense,SubbaRao,29-07-2024,J16,-,-,0,29-07-2024 16:28:52,July,Liquid Level - 2563
Level Sense,SubbaRao,29-07-2024,J17,-,-,0,29-07-2024 16:28:55,July,Liquid Level - 2569
Level Sense,SubbaRao,29-07-2024,W4,-,-,0,29-07-2024 16:28:57,July,Liquid Level - 2554
Level Sense,SubbaRao,29-07-2024,W5,-,-,0,29-07-2024 16:29:00,July,Liquid Level - 2554
Level Sense,SubbaRao,29-07-2024,W6,-,-,0,29-07-2024 16:29:02,July,Liquid Level - 2554
Level Sense,SubbaRao,29-07-2024,J18,-,-,0,29-07-2024 16:29:05,July,Liquid Level - 2565
Level Sense,SubbaRao,29-07-2024,J19,-,-,0,29-07-2024 16:29:08,July,Liquid Level - 2560
Level Sense,SubbaRao,29-07-2024,J20,-,-,0,29-07-2024 16:29:10,July,Liquid Level - 2571
Level Sense,SubbaRao,29-07-2024,J21,-,-,0,29-07-2024 16:29:13,July,Liquid Level - 2580
Level Sense,SubbaRao,29-07-2024,J22,-,-,0,29-07-2024 16:29:15,July,Liquid Level - 2573
Level Sense,SubbaRao,29-07-2024,J23,-,-,0,29-07-2024 16:29:18,July,Liquid Level - 2570
Level Sense,SubbaRao,29-07-2024,J24,-,-,0,29-07-2024 16:29:20,July,Liquid Level - 2574
Level Sense,SubbaRao,29-07-2024,J25,-,-,0,29-07-2024 16:29:23,July,Liquid Level - 2561
Level Sense,SubbaRao,29-07-2024,J26,-,-,0,29-07-2024 16:29:25,July,Liquid Level - 2543
Level Sense,SubbaRao,29-07-2024,J27,-,-,0,29-07-2024 16:29:31,July,Liquid Level - 2549
Level Sense,SubbaRao,29-07-2024,J28,-,-,0,29-07-2024 16:29:34,July,Liquid Level - 2602
Level Sense,SubbaRao,29-07-2024,J29,-,-,0,29-07-2024 16:29:37,July,Liquid Level - 2586
Level Sense,SubbaRao,29-07-2024,J30,-,-,0,29-07-2024 16:29:39,July,Liquid Level - 2590
Level Sense,SubbaRao,29-07-2024,J31,-,-,0,29-07-2024 16:29:42,July,Liquid Level - 2584
Level Sense,SubbaRao,29-07-2024,J32,-,-,0,29-07-2024 16:29:44,July,Liquid Level - 2613
Level Sense,SubbaRao,29-07-2024,J33,-,-,0,29-07-2024 16:29:47,July,Liquid Level - 2616
Level Sense,SubbaRao,29-07-2024,H1,-,-,0,29-07-2024 16:29:51,July,Liquid Level - 3525
Level Sense,SubbaRao,29-07-2024,H2,-,-,0,29-07-2024 16:29:54,July,Liquid Level - 3515
Level Sense,SubbaRao,29-07-2024,H3,-,-,0,29-07-2024 16:29:57,July,Liquid Level - 3503
Level Sense,SubbaRao,29-07-2024,-,-,-,0,29-07-2024 16:30:10,July,Home Reached
Level Sense,SubbaRao,29-07-2024,-,-,-,0,29-07-2024 16:30:16,July,Home Reached
Level Sense,SubbaRao,29-07-2024,-,-,-,0,29-07-2024 16:30:16,July,
DHPL,SubbaRao,29-07-2024,-,-,-,0,29-07-2024 16:30:39,July,Protorun Started
DHPL,SubbaRao,29-07-2024,-,-,-,0,29-07-2024 16:30:42,July,Home Reached
DHPL,SubbaRao,29-07-2024,-,-,-,0,29-07-2024 16:30:42,July,
DHPL,SubbaRao,29-07-2024,-,-,-,0,29-07-2024 16:30:48,July,Home Reached
DHPL,SubbaRao,29-07-2024,-,-,-,0,29-07-2024 16:30:48,July,
DHPL,SubbaRao,29-07-2024,L1,-,-,0,29-07-2024 16:31:02,July,Liquid Level - 289
DHPL,SubbaRao,29-07-2024,L2,-,-,0,29-07-2024 16:31:05,July,Liquid Level - 224
DHPL,SubbaRao,29-07-2024,L3,-,-,0,29-07-2024 16:31:07,July,Liquid Level - 303
DHPL,SubbaRao,29-07-2024,-,-,-,0,29-07-2024 16:31:19,July,Home Reached
DHPL,SubbaRao,29-07-2024,-,-,-,0,29-07-2024 16:31:19,July,Home Status - 11111111
DHPL,SubbaRao,29-07-2024,-,-,-,0,29-07-2024 16:31:21,July,Home Reached
DHPL,SubbaRao,29-07-2024,,,R1,0,29-07-2024 16:31:22,July,Test Started
DHPL,SubbaRao,29-07-2024,L1,Loading,R1,0,29-07-2024 16:31:34,July,Picked From
DHPL,SubbaRao,29-07-2024,J1,70%Alcohol,R1,0,29-07-2024 16:31:41,July,Placed In
DHPL,SubbaRao,29-07-2024,J1,70%Alcohol,R1,0,29-07-2024 16:33:48,July,Picked From
DHPL,SubbaRao,29-07-2024,J2,95% Alcohol,R1,0,29-07-2024 16:33:54,July,Placed In
DHPL,SubbaRao,29-07-2024,,,R2,0,29-07-2024 16:34:30,July,Test Started
DHPL,SubbaRao,29-07-2024,L2,Loading,R2,0,29-07-2024 16:34:37,July,Picked From
DHPL,SubbaRao,29-07-2024,J1,70%Alcohol,R2,0,29-07-2024 16:34:44,July,Placed In
DHPL,SubbaRao,29-07-2024,J2,95% Alcohol,R1,0,29-07-2024 16:36:02,July,Picked From
DHPL,SubbaRao,29-07-2024,J3,100 % Alcohol,R1,0,29-07-2024 16:36:08,July,Placed In
DHPL,SubbaRao,29-07-2024,J1,70%Alcohol,R2,0,29-07-2024 16:36:50,July,Picked From
DHPL,SubbaRao,29-07-2024,J2,95% Alcohol,R2,0,29-07-2024 16:36:56,July,Placed In
DHPL,SubbaRao,29-07-2024,,,R3,0,29-07-2024 16:37:35,July,Test Started
DHPL,SubbaRao,29-07-2024,L3,Loading,R3,0,29-07-2024 16:37:42,July,Picked From
DHPL,SubbaRao,29-07-2024,J1,70%Alcohol,R3,0,29-07-2024 16:37:49,July,Placed In
DHPL,SubbaRao,29-07-2024,J3,100 % Alcohol,R1,0,29-07-2024 16:38:15,July,Picked From
DHPL,SubbaRao,29-07-2024,J4,100 % Alcohol,R1,0,29-07-2024 16:38:21,July,Placed In
DHPL,SubbaRao,29-07-2024,J2,95% Alcohol,R2,0,29-07-2024 16:39:02,July,Picked From
DHPL,SubbaRao,29-07-2024,J3,100 % Alcohol,R2,0,29-07-2024 16:39:08,July,Placed In
DHPL,SubbaRao,29-07-2024,J1,70%Alcohol,R3,0,29-07-2024 16:39:55,July,Picked From
DHPL,SubbaRao,29-07-2024,J2,95% Alcohol,R3,0,29-07-2024 16:40:01,July,Placed In
DHPL,SubbaRao,29-07-2024,J4,100 % Alcohol,R1,0,29-07-2024 16:40:28,July,Picked From
DHPL,SubbaRao,29-07-2024,J5,XYLENE-1,R1,0,29-07-2024 16:40:34,July,Placed In
DHPL,SubbaRao,29-07-2024,J3,100 % Alcohol,R2,0,29-07-2024 16:41:14,July,Picked From
DHPL,SubbaRao,29-07-2024,J4,100 % Alcohol,R2,0,29-07-2024 16:41:20,July,Placed In
DHPL,SubbaRao,29-07-2024,J2,95% Alcohol,R3,0,29-07-2024 16:42:07,July,Picked From
DHPL,SubbaRao,29-07-2024,J3,100 % Alcohol,R3,0,29-07-2024 16:42:13,July,Placed In
DHPL,SubbaRao,29-07-2024,J5,XYLENE-1,R1,0,29-07-2024 16:42:40,July,Picked From
DHPL,SubbaRao,29-07-2024,J6,XYLENE-2,R1,0,29-07-2024 16:42:46,July,Placed In
DHPL,SubbaRao,29-07-2024,J4,100 % Alcohol,R2,0,29-07-2024 16:43:25,July,Picked From
DHPL,SubbaRao,29-07-2024,J5,XYLENE-1,R2,0,29-07-2024 16:43:31,July,Placed In
DHPL,SubbaRao,29-07-2024,J3,100 % Alcohol,R3,0,29-07-2024 16:44:46,July,Picked From
DHPL,SubbaRao,29-07-2024,J4,100 % Alcohol,R3,0,29-07-2024 16:44:52,July,Placed In
DHPL,SubbaRao,29-07-2024,J6,XYLENE-2,R1,0,29-07-2024 16:45:04,July,Picked From
DHPL,SubbaRao,29-07-2024,J7,XYLENE-3,R1,0,29-07-2024 16:45:10,July,Placed In
DHPL,SubbaRao,29-07-2024,J5,XYLENE-1,R2,0,29-07-2024 16:45:37,July,Picked From
DHPL,SubbaRao,29-07-2024,J6,XYLENE-2,R2,0,29-07-2024 16:45:43,July,Placed In
Home Command,SubbaRao,29-07-2024,-,-,-,0,29-07-2024 17:14:49,July,Home Reached
Home Command,SubbaRao,29-07-2024,-,-,-,0,29-07-2024 17:14:54,July,Home Reached
Home Command,SubbaRao,29-07-2024,-,-,-,0,29-07-2024 17:14:54,July,
Level Sense,SubbaRao,29-07-2024,U1,-,-,0,29-07-2024 17:15:04,July,Liquid Level - 2566
Level Sense,SubbaRao,29-07-2024,U2,-,-,0,29-07-2024 17:15:07,July,Liquid Level - 2567
Level Sense,SubbaRao,29-07-2024,U3,-,-,0,29-07-2024 17:15:09,July,Liquid Level - 2563
Level Sense,SubbaRao,29-07-2024,U4,-,-,0,29-07-2024 17:15:12,July,Liquid Level - 2560
Level Sense,SubbaRao,29-07-2024,U5,-,-,0,29-07-2024 17:15:15,July,Liquid Level - 2556
Level Sense,SubbaRao,29-07-2024,U6,-,-,0,29-07-2024 17:15:17,July,Liquid Level - 2559
Level Sense,SubbaRao,29-07-2024,J1,-,-,0,29-07-2024 17:15:23,July,Liquid Level - 2573
Level Sense,SubbaRao,29-07-2024,J2,-,-,0,29-07-2024 17:15:26,July,Liquid Level - 2572
Level Sense,SubbaRao,29-07-2024,J3,-,-,0,29-07-2024 17:15:29,July,Liquid Level - 2564
Level Sense,SubbaRao,29-07-2024,J4,-,-,0,29-07-2024 17:15:31,July,Liquid Level - 2554
Level Sense,SubbaRao,29-07-2024,J5,-,-,0,29-07-2024 17:15:34,July,Liquid Level - 2562
Level Sense,SubbaRao,29-07-2024,J6,-,-,0,29-07-2024 17:15:36,July,Liquid Level - 2558
Level Sense,SubbaRao,29-07-2024,J7,-,-,0,29-07-2024 17:15:39,July,Liquid Level - 2568
Level Sense,SubbaRao,29-07-2024,J8,-,-,0,29-07-2024 17:15:42,July,Liquid Level - 2546
Level Sense,SubbaRao,29-07-2024,J9,-,-,0,29-07-2024 17:15:44,July,Liquid Level - 2565
Level Sense,SubbaRao,29-07-2024,W1,-,-,0,29-07-2024 17:15:47,July,Liquid Level - 2552
Level Sense,SubbaRao,29-07-2024,W2,-,-,0,29-07-2024 17:15:49,July,Liquid Level - 2563
Level Sense,SubbaRao,29-07-2024,W3,-,-,0,29-07-2024 17:15:52,July,Liquid Level - 2544
Level Sense,SubbaRao,29-07-2024,J10,-,-,0,29-07-2024 17:15:54,July,Liquid Level - 2558
Level Sense,SubbaRao,29-07-2024,J11,-,-,0,29-07-2024 17:15:57,July,Liquid Level - 2557
Level Sense,SubbaRao,29-07-2024,J12,-,-,0,29-07-2024 17:16:00,July,Liquid Level - 2520
Level Sense,SubbaRao,29-07-2024,J13,-,-,0,29-07-2024 17:16:02,July,Liquid Level - 2528
Level Sense,SubbaRao,29-07-2024,J14,-,-,0,29-07-2024 17:16:05,July,Liquid Level - 2564
Level Sense,SubbaRao,29-07-2024,J15,-,-,0,29-07-2024 17:16:08,July,Liquid Level - 2576
Level Sense,SubbaRao,29-07-2024,J16,-,-,0,29-07-2024 17:16:10,July,Liquid Level - 2554
Level Sense,SubbaRao,29-07-2024,J17,-,-,0,29-07-2024 17:16:13,July,Liquid Level - 2567
Level Sense,SubbaRao,29-07-2024,W4,-,-,0,29-07-2024 17:16:15,July,Liquid Level - 2559
Level Sense,SubbaRao,29-07-2024,W5,-,-,0,29-07-2024 17:16:18,July,Liquid Level - 2557
Level Sense,SubbaRao,29-07-2024,W6,-,-,0,29-07-2024 17:16:21,July,Liquid Level - 2568
Level Sense,SubbaRao,29-07-2024,J18,-,-,0,29-07-2024 17:16:23,July,Liquid Level - 2568
Level Sense,SubbaRao,29-07-2024,J19,-,-,0,29-07-2024 17:16:26,July,Liquid Level - 2558
Level Sense,SubbaRao,29-07-2024,J20,-,-,0,29-07-2024 17:16:28,July,Liquid Level - 2568
Level Sense,SubbaRao,29-07-2024,J21,-,-,0,29-07-2024 17:16:31,July,Liquid Level - 2581
Level Sense,SubbaRao,29-07-2024,J22,-,-,0,29-07-2024 17:16:33,July,Liquid Level - 2574
Level Sense,SubbaRao,29-07-2024,J23,-,-,0,29-07-2024 17:16:36,July,Liquid Level - 2571
Level Sense,SubbaRao,29-07-2024,J24,-,-,0,29-07-2024 17:16:38,July,Liquid Level - 2566
Level Sense,SubbaRao,29-07-2024,J25,-,-,0,29-07-2024 17:16:41,July,Liquid Level - 2569
Level Sense,SubbaRao,29-07-2024,J26,-,-,0,29-07-2024 17:16:44,July,Liquid Level - 2546
Level Sense,SubbaRao,29-07-2024,J27,-,-,0,29-07-2024 17:16:49,July,Liquid Level - 2551
Level Sense,SubbaRao,29-07-2024,J28,-,-,0,29-07-2024 17:16:52,July,Liquid Level - 2605
Level Sense,SubbaRao,29-07-2024,J29,-,-,0,29-07-2024 17:16:55,July,Liquid Level - 2586
Level Sense,SubbaRao,29-07-2024,J30,-,-,0,29-07-2024 17:16:57,July,Liquid Level - 2596
Level Sense,SubbaRao,29-07-2024,J31,-,-,0,29-07-2024 17:17:00,July,Liquid Level - 2589
Level Sense,SubbaRao,29-07-2024,J32,-,-,0,29-07-2024 17:17:02,July,Liquid Level - 2620
Level Sense,SubbaRao,29-07-2024,J33,-,-,0,29-07-2024 17:17:08,July,Liquid Level - 2618
Level Sense,SubbaRao,29-07-2024,H1,-,-,0,29-07-2024 17:17:13,July,Liquid Level - 3549
Level Sense,SubbaRao,29-07-2024,H2,-,-,0,29-07-2024 17:17:16,July,Liquid Level - 3533
Level Sense,SubbaRao,29-07-2024,H3,-,-,0,29-07-2024 17:17:19,July,Liquid Level - 3524
Level Sense,SubbaRao,29-07-2024,-,-,-,0,29-07-2024 17:17:32,July,Home Reached
Level Sense,SubbaRao,29-07-2024,-,-,-,0,29-07-2024 17:17:37,July,Home Reached
Level Sense,SubbaRao,29-07-2024,-,-,-,0,29-07-2024 17:17:37,July,
DHPL,SubbaRao,29-07-2024,-,-,-,0,29-07-2024 17:18:16,July,Protorun Started
DHPL,SubbaRao,29-07-2024,-,-,-,0,29-07-2024 17:18:45,July,Home Reached
DHPL,SubbaRao,29-07-2024,-,-,-,0,29-07-2024 17:18:45,July,
DHPL,SubbaRao,29-07-2024,-,-,-,0,29-07-2024 17:18:50,July,Home Reached
DHPL,SubbaRao,29-07-2024,-,-,-,0,29-07-2024 17:18:50,July,
DHPL,SubbaRao,29-07-2024,L1,-,-,0,29-07-2024 17:19:04,July,Liquid Level - 284
DHPL,SubbaRao,29-07-2024,L2,-,-,0,29-07-2024 17:19:07,July,Liquid Level - 282
DHPL,SubbaRao,29-07-2024,L3,-,-,0,29-07-2024 17:19:10,July,Liquid Level - 265
DHPL,SubbaRao,29-07-2024,-,-,-,0,29-07-2024 17:19:21,July,Home Reached
DHPL,SubbaRao,29-07-2024,-,-,-,0,29-07-2024 17:19:22,July,Home Status - 11111111
DHPL,SubbaRao,29-07-2024,-,-,-,0,29-07-2024 17:19:23,July,Home Reached
DHPL,SubbaRao,29-07-2024,,,R1,0,29-07-2024 17:19:25,July,Test Started
DHPL,SubbaRao,29-07-2024,L1,Loading,R1,0,29-07-2024 17:19:36,July,Picked From
DHPL,SubbaRao,29-07-2024,J1,70%Alcohol,R1,0,29-07-2024 17:19:43,July,Placed In
DHPL,SubbaRao,29-07-2024,J1,70%Alcohol,R1,0,29-07-2024 17:21:51,July,Picked From
DHPL,SubbaRao,29-07-2024,J2,95% Alcohol,R1,0,29-07-2024 17:21:57,July,Placed In
DHPL,SubbaRao,29-07-2024,,,R2,0,29-07-2024 17:22:33,July,Test Started
DHPL,SubbaRao,29-07-2024,L2,Loading,R2,0,29-07-2024 17:22:39,July,Picked From
DHPL,SubbaRao,29-07-2024,J1,70%Alcohol,R2,0,29-07-2024 17:22:47,July,Placed In
DHPL,SubbaRao,29-07-2024,J2,95% Alcohol,R1,0,29-07-2024 17:24:03,July,Picked From
DHPL,SubbaRao,29-07-2024,J3,100 % Alcohol,R1,0,29-07-2024 17:24:09,July,Placed In
DHPL,SubbaRao,29-07-2024,J1,70%Alcohol,R2,0,29-07-2024 17:24:52,July,Picked From
DHPL,SubbaRao,29-07-2024,J2,95% Alcohol,R2,0,29-07-2024 17:24:58,July,Placed In
DHPL,SubbaRao,29-07-2024,,,R3,0,29-07-2024 17:25:36,July,Test Started
DHPL,SubbaRao,29-07-2024,L3,Loading,R3,0,29-07-2024 17:25:43,July,Picked From
DHPL,SubbaRao,29-07-2024,J1,70%Alcohol,R3,0,29-07-2024 17:25:50,July,Placed In
DHPL,SubbaRao,29-07-2024,J3,100 % Alcohol,R1,0,29-07-2024 17:26:16,July,Picked From
DHPL,SubbaRao,29-07-2024,J4,100 % Alcohol,R1,0,29-07-2024 17:26:22,July,Placed In
DHPL,SubbaRao,29-07-2024,J2,95% Alcohol,R2,0,29-07-2024 17:27:05,July,Picked From
DHPL,SubbaRao,29-07-2024,J3,100 % Alcohol,R2,0,29-07-2024 17:27:11,July,Placed In
DHPL,SubbaRao,29-07-2024,J1,70%Alcohol,R3,0,29-07-2024 17:27:55,July,Picked From
DHPL,SubbaRao,29-07-2024,J2,95% Alcohol,R3,0,29-07-2024 17:28:01,July,Placed In
DHPL,SubbaRao,29-07-2024,J4,100 % Alcohol,R1,0,29-07-2024 17:28:29,July,Picked From
DHPL,SubbaRao,29-07-2024,J5,XYLENE-1,R1,0,29-07-2024 17:28:35,July,Placed In
DHPL,SubbaRao,29-07-2024,J3,100 % Alcohol,R2,0,29-07-2024 17:29:18,July,Picked From
DHPL,SubbaRao,29-07-2024,J4,100 % Alcohol,R2,0,29-07-2024 17:29:24,July,Placed In
DHPL,SubbaRao,29-07-2024,J2,95% Alcohol,R3,0,29-07-2024 17:30:08,July,Picked From
DHPL,SubbaRao,29-07-2024,J3,100 % Alcohol,R3,0,29-07-2024 17:30:14,July,Placed In
DHPL,SubbaRao,29-07-2024,J5,XYLENE-1,R1,0,29-07-2024 17:30:41,July,Picked From
DHPL,SubbaRao,29-07-2024,J6,XYLENE-2,R1,0,29-07-2024 17:30:47,July,Placed In
DHPL,SubbaRao,29-07-2024,J4,100 % Alcohol,R2,0,29-07-2024 17:31:30,July,Picked From
DHPL,SubbaRao,29-07-2024,J5,XYLENE-1,R2,0,29-07-2024 17:31:36,July,Placed In
DHPL,SubbaRao,29-07-2024,J3,100 % Alcohol,R3,0,29-07-2024 17:32:21,July,Picked From
DHPL,SubbaRao,29-07-2024,J4,100 % Alcohol,R3,0,29-07-2024 17:32:27,July,Placed In
DHPL,SubbaRao,29-07-2024,J6,XYLENE-2,R1,0,29-07-2024 17:32:54,July,Picked From
DHPL,SubbaRao,29-07-2024,J7,XYLENE-3,R1,0,29-07-2024 17:33:00,July,Placed In
DHPL,SubbaRao,29-07-2024,J5,XYLENE-1,R2,0,29-07-2024 17:33:43,July,Picked From
DHPL,SubbaRao,29-07-2024,J6,XYLENE-2,R2,0,29-07-2024 17:33:49,July,Placed In
DHPL,SubbaRao,29-07-2024,J4,100 % Alcohol,R3,0,29-07-2024 17:34:32,July,Picked From
DHPL,SubbaRao,29-07-2024,J5,XYLENE-1,R3,0,29-07-2024 17:34:39,July,Placed In
DHPL,SubbaRao,29-07-2024,J7,XYLENE-3,R1,0,29-07-2024 17:35:06,July,Picked From
DHPL,SubbaRao,29-07-2024,U1,Unloading,R1,0,29-07-2024 17:35:16,July,Placed In
DHPL,SubbaRao,29-07-2024,U1,Unloading,R1,0,29-07-2024 17:35:18,July,Test Completed
DHPL,SubbaRao,29-07-2024,J6,XYLENE-2,R2,0,29-07-2024 17:35:55,July,Picked From
DHPL,SubbaRao,29-07-2024,J7,XYLENE-3,R2,0,29-07-2024 17:36:01,July,Placed In
DHPL,SubbaRao,29-07-2024,J5,XYLENE-1,R3,0,29-07-2024 17:36:45,July,Picked From
DHPL,SubbaRao,29-07-2024,J6,XYLENE-2,R3,0,29-07-2024 17:36:51,July,Placed In
DHPL,SubbaRao,29-07-2024,L1,-,-,0,29-07-2024 17:37:12,July,Liquid Level - 308
DHPL,SubbaRao,29-07-2024,L2,-,-,0,29-07-2024 17:37:15,July,Liquid Level - 241
DHPL,SubbaRao,29-07-2024,L3,-,-,0,29-07-2024 17:37:18,July,Liquid Level - 316
DHPL,SubbaRao,29-07-2024,-,-,-,0,29-07-2024 17:37:29,July,Home Reached
DHPL,SubbaRao,29-07-2024,-,-,-,0,29-07-2024 17:37:29,July,Home Status - 11111111
DHPL,SubbaRao,29-07-2024,-,-,-,0,29-07-2024 17:37:31,July,Home Reached
DHPL,SubbaRao,29-07-2024,,,R4,0,29-07-2024 17:37:33,July,Test Started
DHPL,SubbaRao,29-07-2024,L1,Loading,R4,0,29-07-2024 17:37:44,July,Picked From
DHPL,SubbaRao,29-07-2024,J1,70%Alcohol,R4,0,29-07-2024 17:37:51,July,Placed In
DHPL,SubbaRao,29-07-2024,J7,XYLENE-3,R2,0,29-07-2024 17:38:07,July,Picked From
DHPL,SubbaRao,29-07-2024,U2,Unloading,R2,0,29-07-2024 17:38:16,July,Placed In
DHPL,SubbaRao,29-07-2024,U2,Unloading,R2,0,29-07-2024 17:38:17,July,Test Completed
DHPL,SubbaRao,29-07-2024,J6,XYLENE-2,R3,0,29-07-2024 17:38:58,July,Picked From
DHPL,SubbaRao,29-07-2024,J7,XYLENE-3,R3,0,29-07-2024 17:39:04,July,Placed In
DHPL,SubbaRao,29-07-2024,J1,70%Alcohol,R4,0,29-07-2024 17:39:57,July,Picked From
DHPL,SubbaRao,29-07-2024,J2,95% Alcohol,R4,0,29-07-2024 17:40:03,July,Placed In
DHPL,SubbaRao,29-07-2024,,,R5,0,29-07-2024 17:40:41,July,Test Started
DHPL,SubbaRao,29-07-2024,L2,Loading,R5,0,29-07-2024 17:40:49,July,Picked From
DHPL,SubbaRao,29-07-2024,J1,70%Alcohol,R5,0,29-07-2024 17:40:56,July,Placed In
DHPL,SubbaRao,29-07-2024,J7,XYLENE-3,R3,0,29-07-2024 17:41:10,July,Picked From
DHPL,SubbaRao,29-07-2024,U3,Unloading,R3,0,29-07-2024 17:41:18,July,Placed In
DHPL,SubbaRao,29-07-2024,U3,Unloading,R3,0,29-07-2024 17:41:19,July,Test Completed
DHPL,SubbaRao,29-07-2024,J2,95% Alcohol,R4,0,29-07-2024 17:42:09,July,Picked From
DHPL,SubbaRao,29-07-2024,J3,100 % Alcohol,R4,0,29-07-2024 17:42:15,July,Placed In
DHPL,SubbaRao,29-07-2024,J1,70%Alcohol,R5,0,29-07-2024 17:43:01,July,Picked From
DHPL,SubbaRao,29-07-2024,J2,95% Alcohol,R5,0,29-07-2024 17:43:07,July,Placed In
DHPL,SubbaRao,29-07-2024,,,R6,0,29-07-2024 17:43:46,July,Test Started
DHPL,SubbaRao,29-07-2024,L3,Loading,R6,0,29-07-2024 17:43:53,July,Picked From
DHPL,SubbaRao,29-07-2024,J1,70%Alcohol,R6,0,29-07-2024 17:44:00,July,Placed In
DHPL,SubbaRao,29-07-2024,J3,100 % Alcohol,R4,0,29-07-2024 17:44:22,July,Picked From
DHPL,SubbaRao,29-07-2024,J4,100 % Alcohol,R4,0,29-07-2024 17:44:28,July,Placed In
DHPL,SubbaRao,29-07-2024,J2,95% Alcohol,R5,0,29-07-2024 17:45:13,July,Picked From
DHPL,SubbaRao,29-07-2024,J3,100 % Alcohol,R5,0,29-07-2024 17:45:19,July,Placed In
DHPL,SubbaRao,29-07-2024,J1,70%Alcohol,R6,0,29-07-2024 17:46:07,July,Picked From
DHPL,SubbaRao,29-07-2024,J2,95% Alcohol,R6,0,29-07-2024 17:46:13,July,Placed In
DHPL,SubbaRao,29-07-2024,J4,100 % Alcohol,R4,0,29-07-2024 17:46:34,July,Picked From
DHPL,SubbaRao,29-07-2024,J5,XYLENE-1,R4,0,29-07-2024 17:46:41,July,Placed In
DHPL,SubbaRao,29-07-2024,J3,100 % Alcohol,R5,0,29-07-2024 17:47:26,July,Picked From
DHPL,SubbaRao,29-07-2024,J4,100 % Alcohol,R5,0,29-07-2024 17:47:32,July,Placed In
DHPL,SubbaRao,29-07-2024,J2,95% Alcohol,R6,0,29-07-2024 17:48:20,July,Picked From
DHPL,SubbaRao,29-07-2024,J3,100 % Alcohol,R6,0,29-07-2024 17:48:26,July,Placed In
DHPL,SubbaRao,29-07-2024,J5,XYLENE-1,R4,0,29-07-2024 17:48:46,July,Picked From
DHPL,SubbaRao,29-07-2024,J6,XYLENE-2,R4,0,29-07-2024 17:48:52,July,Placed In
DHPL,SubbaRao,29-07-2024,J4,100 % Alcohol,R5,0,29-07-2024 17:49:37,July,Picked From
DHPL,SubbaRao,29-07-2024,J5,XYLENE-1,R5,0,29-07-2024 17:49:43,July,Placed In
DHPL,SubbaRao,29-07-2024,J3,100 % Alcohol,R6,0,29-07-2024 17:50:31,July,Picked From
DHPL,SubbaRao,29-07-2024,J4,100 % Alcohol,R6,0,29-07-2024 17:50:38,July,Placed In
DHPL,SubbaRao,29-07-2024,J6,XYLENE-2,R4,0,29-07-2024 17:50:58,July,Picked From
DHPL,SubbaRao,29-07-2024,J7,XYLENE-3,R4,0,29-07-2024 17:51:04,July,Placed In
DHPL,SubbaRao,29-07-2024,J5,XYLENE-1,R5,0,29-07-2024 17:51:49,July,Picked From
DHPL,SubbaRao,29-07-2024,J6,XYLENE-2,R5,0,29-07-2024 17:51:55,July,Placed In
DHPL,SubbaRao,29-07-2024,J4,100 % Alcohol,R6,0,29-07-2024 17:52:44,July,Picked From
DHPL,SubbaRao,29-07-2024,J5,XYLENE-1,R6,0,29-07-2024 17:52:50,July,Placed In
DHPL,SubbaRao,29-07-2024,J7,XYLENE-3,R4,0,29-07-2024 17:53:10,July,Picked From
DHPL,SubbaRao,29-07-2024,U4,Unloading,R4,0,29-07-2024 17:53:19,July,Placed In
DHPL,SubbaRao,29-07-2024,U4,Unloading,R4,0,29-07-2024 17:53:20,July,Test Completed
DHPL,SubbaRao,29-07-2024,J6,XYLENE-2,R5,0,29-07-2024 17:54:01,July,Picked From
DHPL,SubbaRao,29-07-2024,J7,XYLENE-3,R5,0,29-07-2024 17:54:07,July,Placed In
DHPL,SubbaRao,29-07-2024,J5,XYLENE-1,R6,0,29-07-2024 17:54:57,July,Picked From
DHPL,SubbaRao,29-07-2024,J6,XYLENE-2,R6,0,29-07-2024 17:55:03,July,Placed In
DHPL,SubbaRao,29-07-2024,L1,-,-,0,29-07-2024 17:55:24,July,Liquid Level - 290
DHPL,SubbaRao,29-07-2024,L2,-,-,0,29-07-2024 17:55:26,July,Liquid Level - 286
DHPL,SubbaRao,29-07-2024,L3,-,-,0,29-07-2024 17:55:29,July,Liquid Level - 265
DHPL,SubbaRao,29-07-2024,-,-,-,0,29-07-2024 17:55:40,July,Home Reached
DHPL,SubbaRao,29-07-2024,-,-,-,0,29-07-2024 17:55:41,July,Home Status - 11111111
DHPL,SubbaRao,29-07-2024,-,-,-,0,29-07-2024 17:55:42,July,Home Reached
DHPL,SubbaRao,29-07-2024,U1,Unloading,R7,0,29-07-2024 17:55:44,July,Test Started
DHPL,SubbaRao,29-07-2024,L1,Loading,R7,0,29-07-2024 17:55:55,July,Picked From
DHPL,SubbaRao,29-07-2024,J1,70%Alcohol,R7,0,29-07-2024 17:56:02,July,Placed In
DHPL,SubbaRao,29-07-2024,J7,XYLENE-3,R5,0,29-07-2024 17:56:12,July,Picked From
DHPL,SubbaRao,29-07-2024,U5,Unloading,R5,0,29-07-2024 17:56:20,July,Placed In
DHPL,SubbaRao,29-07-2024,U5,Unloading,R5,0,29-07-2024 17:56:21,July,Test Completed
DHPL,SubbaRao,29-07-2024,J6,XYLENE-2,R6,0,29-07-2024 17:57:09,July,Picked From
DHPL,SubbaRao,29-07-2024,J7,XYLENE-3,R6,0,29-07-2024 17:57:15,July,Placed In
DHPL,SubbaRao,29-07-2024,J1,70%Alcohol,R7,0,29-07-2024 17:58:09,July,Picked From
DHPL,SubbaRao,29-07-2024,J2,95% Alcohol,R7,0,29-07-2024 17:58:15,July,Placed In
DHPL,SubbaRao,29-07-2024,U2,Unloading,R8,0,29-07-2024 17:58:52,July,Test Started
DHPL,SubbaRao,29-07-2024,L2,Loading,R8,0,29-07-2024 17:58:59,July,Picked From
DHPL,SubbaRao,29-07-2024,J1,70%Alcohol,R8,0,29-07-2024 17:59:06,July,Placed In
DHPL,SubbaRao,29-07-2024,J7,XYLENE-3,R6,0,29-07-2024 17:59:20,July,Picked From
DHPL,SubbaRao,29-07-2024,U6,Unloading,R6,0,29-07-2024 17:59:28,July,Placed In
DHPL,SubbaRao,29-07-2024,U6,Unloading,R6,0,29-07-2024 17:59:29,July,Test Completed
DHPL,SubbaRao,29-07-2024,J2,95% Alcohol,R7,0,29-07-2024 18:00:22,July,Picked From
DHPL,SubbaRao,29-07-2024,J3,100 % Alcohol,R7,0,29-07-2024 18:00:29,July,Placed In
DHPL,SubbaRao,29-07-2024,J1,70%Alcohol,R8,0,29-07-2024 18:01:12,July,Picked From
DHPL,SubbaRao,29-07-2024,J2,95% Alcohol,R8,0,29-07-2024 18:01:18,July,Placed In
DHPL,SubbaRao,29-07-2024,U3,Unloading,R9,0,29-07-2024 18:01:56,July,Test Started
DHPL,SubbaRao,29-07-2024,L3,Loading,R9,0,29-07-2024 18:02:02,July,Picked From
DHPL,SubbaRao,29-07-2024,J1,70%Alcohol,R9,0,29-07-2024 18:02:09,July,Placed In
DHPL,SubbaRao,29-07-2024,J3,100 % Alcohol,R7,0,29-07-2024 18:02:35,July,Picked From
DHPL,SubbaRao,29-07-2024,J4,100 % Alcohol,R7,0,29-07-2024 18:02:41,July,Placed In
DHPL,SubbaRao,29-07-2024,J2,95% Alcohol,R8,0,29-07-2024 18:03:25,July,Picked From
DHPL,SubbaRao,29-07-2024,J3,100 % Alcohol,R8,0,29-07-2024 18:03:31,July,Placed In
DHPL,SubbaRao,29-07-2024,J1,70%Alcohol,R9,0,29-07-2024 18:04:16,July,Picked From
DHPL,SubbaRao,29-07-2024,J2,95% Alcohol,R9,0,29-07-2024 18:04:22,July,Placed In
DHPL,SubbaRao,29-07-2024,J4,100 % Alcohol,R7,0,29-07-2024 18:04:48,July,Picked From
DHPL,SubbaRao,29-07-2024,J5,XYLENE-1,R7,0,29-07-2024 18:04:55,July,Placed In
DHPL,SubbaRao,29-07-2024,J3,100 % Alcohol,R8,0,29-07-2024 18:05:36,July,Picked From
DHPL,SubbaRao,29-07-2024,J4,100 % Alcohol,R8,0,29-07-2024 18:05:42,July,Placed In
DHPL,SubbaRao,29-07-2024,J2,95% Alcohol,R9,0,29-07-2024 18:06:28,July,Picked From
DHPL,SubbaRao,29-07-2024,J3,100 % Alcohol,R9,0,29-07-2024 18:06:34,July,Placed In
DHPL,SubbaRao,29-07-2024,J5,XYLENE-1,R7,0,29-07-2024 18:07:01,July,Picked From
DHPL,SubbaRao,29-07-2024,J6,XYLENE-2,R7,0,29-07-2024 18:07:07,July,Placed In
DHPL,SubbaRao,29-07-2024,J4,100 % Alcohol,R8,0,29-07-2024 18:07:48,July,Picked From
DHPL,SubbaRao,29-07-2024,J5,XYLENE-1,R8,0,29-07-2024 18:07:54,July,Placed In
DHPL,SubbaRao,29-07-2024,J3,100 % Alcohol,R9,0,29-07-2024 18:08:39,July,Picked From
DHPL,SubbaRao,29-07-2024,J4,100 % Alcohol,R9,0,29-07-2024 18:08:46,July,Placed In
DHPL,SubbaRao,29-07-2024,J6,XYLENE-2,R7,0,29-07-2024 18:09:15,July,Picked From
DHPL,SubbaRao,29-07-2024,J7,XYLENE-3,R7,0,29-07-2024 18:09:21,July,Placed In
DHPL,SubbaRao,29-07-2024,J5,XYLENE-1,R8,0,29-07-2024 18:10:00,July,Picked From
DHPL,SubbaRao,29-07-2024,J6,XYLENE-2,R8,0,29-07-2024 18:10:06,July,Placed In
DHPL,SubbaRao,29-07-2024,J4,100 % Alcohol,R9,0,29-07-2024 18:10:51,July,Picked From
DHPL,SubbaRao,29-07-2024,J5,XYLENE-1,R9,0,29-07-2024 18:10:57,July,Placed In
DHPL,SubbaRao,29-07-2024,J7,XYLENE-3,R7,0,29-07-2024 18:11:28,July,Picked From
DHPL,SubbaRao,29-07-2024,U1,Unloading,R7,0,29-07-2024 18:11:38,July,Placed In
DHPL,SubbaRao,29-07-2024,U1,Unloading,R7,0,29-07-2024 18:11:39,July,Test Completed
DHPL,SubbaRao,29-07-2024,J6,XYLENE-2,R8,0,29-07-2024 18:12:11,July,Picked From
DHPL,SubbaRao,29-07-2024,J7,XYLENE-3,R8,0,29-07-2024 18:12:17,July,Placed In
DHPL,SubbaRao,29-07-2024,J5,XYLENE-1,R9,0,29-07-2024 18:13:03,July,Picked From
DHPL,SubbaRao,29-07-2024,J6,XYLENE-2,R9,0,29-07-2024 18:13:09,July,Placed In
DHPL,SubbaRao,29-07-2024,L1,-,-,0,29-07-2024 18:13:32,July,Liquid Level - 2601
DHPL,SubbaRao,29-07-2024,L2,-,-,0,29-07-2024 18:13:34,July,Liquid Level - 2595
DHPL,SubbaRao,29-07-2024,L3,-,-,0,29-07-2024 18:13:37,July,Liquid Level - 2601
DHPL,SubbaRao,29-07-2024,-,-,-,0,29-07-2024 18:13:48,July,Home Reached
DHPL,SubbaRao,29-07-2024,J7,XYLENE-3,R8,0,29-07-2024 18:14:23,July,Picked From
DHPL,SubbaRao,29-07-2024,U2,Unloading,R8,0,29-07-2024 18:14:32,July,Placed In
DHPL,SubbaRao,29-07-2024,U2,Unloading,R8,0,29-07-2024 18:14:33,July,Test Completed
DHPL,SubbaRao,29-07-2024,J6,XYLENE-2,R9,0,29-07-2024 18:15:16,July,Picked From
DHPL,SubbaRao,29-07-2024,J7,XYLENE-3,R9,0,29-07-2024 18:15:22,July,Placed In
DHPL,SubbaRao,29-07-2024,J7,XYLENE-3,R9,0,29-07-2024 18:17:27,July,Picked From
DHPL,SubbaRao,29-07-2024,U3,Unloading,R9,0,29-07-2024 18:17:36,July,Placed In
DHPL,SubbaRao,29-07-2024,U3,Unloading,R9,0,29-07-2024 18:17:37,July,Test Completed
DHPL,SubbaRao,29-07-2024,-,-,-,0,29-07-2024 18:18:14,July,Protorun Stopped
