DHPL,ps,28-02-2025,-,-,-,0,28-02-2025 11:17:39.841,February,Protorun Started,286
DHPL,ps,28-02-2025,W1,Tap Water,--,0,28-02-2025 11:17:43.496,February,Water Valve : 1 is Off,286
DHPL,ps,28-02-2025,W2,Tap Water,--,0,28-02-2025 11:17:44.249,February,Water Valve : 2 is Off,286
DHPL,ps,28-02-2025,W3,Tap Water,--,0,28-02-2025 11:17:45.013,February,Water Valve : 3 is Off,286
DHPL,ps,28-02-2025,W4,Tap Water,--,0,28-02-2025 11:17:45.775,February,Water Valve : 4 is Off,286
DHPL,ps,28-02-2025,W5,Tap Water,--,0,28-02-2025 11:17:46.550,February,Water Valve : 5 is Off,286
DHPL,ps,28-02-2025,W6,Tap Water,--,0,28-02-2025 11:17:47.305,February,Water Valve : 6 is Off,286
DHPL,ps,28-02-2025,-,-,-,0,28-02-2025 11:18:01.338,February,Home Reached,286
DHPL,ps,28-02-2025,-,-,-,0,28-02-2025 11:18:17.127,February,Home Reached,286
DHPL,ps,28-02-2025,L1,-,-,0,28-02-2025 11:18:26.977,February,Liquid Level - 600,286
DHPL,ps,28-02-2025,L2,-,-,0,28-02-2025 11:18:29.704,February,Liquid Level - 600,286
DHPL,ps,28-02-2025,L3,-,-,0,28-02-2025 11:18:32.469,February,Liquid Level - 600,286
DHPL,ps,28-02-2025,-,-,-,0,28-02-2025 11:18:46.209,February,Home Reached,286
DHPL,ps,28-02-2025,-,-,-,0,28-02-2025 11:19:01.991,February,Home Reached,286
DHPL,ps,28-02-2025,,,R1,0,28-02-2025 11:19:03.743,February,Test Started,286
DHPL,ps,28-02-2025,L1,Loading,R1,0,28-02-2025 11:19:10.566,February,Picked From,286
DHPL,ps,28-02-2025,J1,70%Alcohol,R1,0,28-02-2025 11:19:17.367,February,Placed In,286
DHPL,ps,28-02-2025,J1,70%Alcohol,R1,0,28-02-2025 11:21:24.233,February,Picked From,286
DHPL,ps,28-02-2025,J2,95% Alcohol,R1,0,28-02-2025 11:21:30.542,February,Placed In,286
DHPL,ps,28-02-2025,,,R2,0,28-02-2025 11:22:33.109,February,Test Started,286
DHPL,ps,28-02-2025,L2,Loading,R2,0,28-02-2025 11:22:39.915,February,Picked From,286
DHPL,ps,28-02-2025,J1,70%Alcohol,R2,0,28-02-2025 11:22:46.711,February,Placed In,286
DHPL,ps,28-02-2025,J2,95% Alcohol,R1,0,28-02-2025 11:23:36.494,February,Picked From,286
DHPL,ps,28-02-2025,J3,100 % Alcohol,R1,0,28-02-2025 11:23:42.816,February,Placed In,286
DHPL,ps,28-02-2025,J1,70%Alcohol,R2,0,28-02-2025 11:24:53.036,February,Picked From,286
DHPL,ps,28-02-2025,J2,95% Alcohol,R2,0,28-02-2025 11:24:59.342,February,Placed In,286
DHPL,ps,28-02-2025,J3,100 % Alcohol,R1,0,28-02-2025 11:25:50.113,February,Picked From,286
DHPL,ps,28-02-2025,J4,100 % Alcohol,R1,0,28-02-2025 11:25:56.418,February,Placed In,286
DHPL,ps,28-02-2025,,,R3,0,28-02-2025 11:26:01.457,February,Test Started,286
DHPL,ps,28-02-2025,L3,Loading,R3,0,28-02-2025 11:26:08.262,February,Picked From,286
DHPL,ps,28-02-2025,J1,70%Alcohol,R3,0,28-02-2025 11:26:15.051,February,Placed In,286
DHPL,ps,28-02-2025,J2,95% Alcohol,R2,0,28-02-2025 11:27:06.637,February,Picked From,286
DHPL,ps,28-02-2025,J3,100 % Alcohol,R2,0,28-02-2025 11:27:12.927,February,Placed In,286
DHPL,ps,28-02-2025,J4,100 % Alcohol,R1,0,28-02-2025 11:28:03.705,February,Picked From,286
DHPL,ps,28-02-2025,J5,XYLENE-1,R1,0,28-02-2025 11:28:10.013,February,Placed In,286
DHPL,ps,28-02-2025,J1,70%Alcohol,R3,0,28-02-2025 11:28:22.627,February,Picked From,286
DHPL,ps,28-02-2025,J2,95% Alcohol,R3,0,28-02-2025 11:28:28.926,February,Placed In,286
DHPL,ps,28-02-2025,J3,100 % Alcohol,R2,0,28-02-2025 11:29:19.485,February,Picked From,286
DHPL,ps,28-02-2025,J4,100 % Alcohol,R2,0,28-02-2025 11:29:25.777,February,Placed In,286
DHPL,ps,28-02-2025,L1,-,-,0,28-02-2025 11:29:38.666,February,Liquid Level - 600,286
DHPL,ps,28-02-2025,L2,-,-,0,28-02-2025 11:29:41.644,February,Liquid Level - 600,286
DHPL,ps,28-02-2025,L3,-,-,0,28-02-2025 11:29:44.394,February,Liquid Level - 600,286
DHPL,ps,28-02-2025,-,-,-,0,28-02-2025 11:29:58.135,February,Home Reached,286
DHPL,ps,28-02-2025,-,-,-,0,28-02-2025 11:30:13.929,February,Home Reached,286
DHPL,ps,28-02-2025,,,R4,0,28-02-2025 11:30:15.687,February,Test Started,286
DHPL,ps,28-02-2025,L1,Loading,R4,0,28-02-2025 11:30:22.503,February,Picked From,286
DHPL,ps,28-02-2025,J1,70%Alcohol,R4,0,28-02-2025 11:30:29.289,February,Placed In,286
DHPL,ps,28-02-2025,J5,XYLENE-1,R1,0,28-02-2025 11:30:46.041,February,Picked From,286
DHPL,ps,28-02-2025,J2,95% Alcohol,R3,0,28-02-2025 11:30:53.242,February,Picked From,286
DHPL,ps,28-02-2025,J3,100 % Alcohol,R3,0,28-02-2025 11:31:00.042,February,Placed In,286
DHPL,ps,28-02-2025,J6,XYLENE-2,R1,0,28-02-2025 11:31:31.831,February,Placed In,286
DHPL,ps,28-02-2025,W1,Tap Water,--,0,28-02-2025 11:32:01.306,February,Water Valve : 1 is Off,286
DHPL,ps,28-02-2025,W2,Tap Water,--,0,28-02-2025 11:32:02.065,February,Water Valve : 2 is Off,286
DHPL,ps,28-02-2025,W3,Tap Water,--,0,28-02-2025 11:32:02.837,February,Water Valve : 3 is Off,286
DHPL,ps,28-02-2025,W4,Tap Water,--,0,28-02-2025 11:32:03.597,February,Water Valve : 4 is Off,286
DHPL,ps,28-02-2025,W5,Tap Water,--,0,28-02-2025 11:32:04.369,February,Water Valve : 5 is Off,286
DHPL,ps,28-02-2025,W6,Tap Water,--,0,28-02-2025 11:32:05.129,February,Water Valve : 6 is Off,286
DHPL,ps,28-02-2025,-,-,-,0,28-02-2025 11:32:05.635,February,Protorun Stopped,286
DHPL,ps,28-02-2025,-,-,-,0,28-02-2025 11:48:41.476,February,Protorun Started,287
DHPL,ps,28-02-2025,W1,Tap Water,--,0,28-02-2025 11:48:44.984,February,Water Valve : 1 is Off,287
DHPL,ps,28-02-2025,W2,Tap Water,--,0,28-02-2025 11:48:45.751,February,Water Valve : 2 is Off,287
DHPL,ps,28-02-2025,W3,Tap Water,--,0,28-02-2025 11:48:46.537,February,Water Valve : 3 is Off,287
DHPL,ps,28-02-2025,W4,Tap Water,--,0,28-02-2025 11:48:47.306,February,Water Valve : 4 is Off,287
DHPL,ps,28-02-2025,W5,Tap Water,--,0,28-02-2025 11:48:48.078,February,Water Valve : 5 is Off,287
DHPL,ps,28-02-2025,W6,Tap Water,--,0,28-02-2025 11:48:48.848,February,Water Valve : 6 is Off,287
DHPL,ps,28-02-2025,-,-,-,0,28-02-2025 11:49:02.899,February,Home Reached,287
DHPL,ps,28-02-2025,-,-,-,0,28-02-2025 11:49:18.688,February,Home Reached,287
DHPL,ps,28-02-2025,L1,-,-,0,28-02-2025 11:49:24.288,February,Liquid Level - 600,287
DHPL,ps,28-02-2025,L2,-,-,0,28-02-2025 11:49:27.274,February,Liquid Level - 600,287
DHPL,ps,28-02-2025,L3,-,-,0,28-02-2025 11:49:30.044,February,Liquid Level - 600,287
DHPL,ps,28-02-2025,-,-,-,0,28-02-2025 11:49:43.782,February,Home Reached,287
DHPL,ps,28-02-2025,-,-,-,0,28-02-2025 11:49:59.586,February,Home Reached,287
DHPL,ps,28-02-2025,,,R1,0,28-02-2025 11:50:01.333,February,Test Started,287
DHPL,ps,28-02-2025,L1,Loading,R1,0,28-02-2025 11:50:08.157,February,Picked From,287
DHPL,ps,28-02-2025,J1,70%Alcohol,R1,0,28-02-2025 11:50:14.963,February,Placed In,287
DHPL,ps,28-02-2025,J1,70%Alcohol,R1,0,28-02-2025 11:52:21.807,February,Picked From,287
DHPL,ps,28-02-2025,J2,95% Alcohol,R1,0,28-02-2025 11:52:28.098,February,Placed In,287
DHPL,ps,28-02-2025,,,R2,0,28-02-2025 11:53:30.702,February,Test Started,287
DHPL,ps,28-02-2025,L2,Loading,R2,0,28-02-2025 11:53:37.509,February,Picked From,287
DHPL,ps,28-02-2025,J1,70%Alcohol,R2,0,28-02-2025 11:53:44.303,February,Placed In,287
DHPL,ps,28-02-2025,J2,95% Alcohol,R1,0,28-02-2025 11:54:34.460,February,Picked From,287
DHPL,ps,28-02-2025,J3,100 % Alcohol,R1,0,28-02-2025 11:54:40.762,February,Placed In,287
DHPL,ps,28-02-2025,J1,70%Alcohol,R2,0,28-02-2025 11:55:51.126,February,Picked From,287
DHPL,ps,28-02-2025,J2,95% Alcohol,R2,0,28-02-2025 11:55:57.413,February,Placed In,287
DHPL,ps,28-02-2025,J3,100 % Alcohol,R1,0,28-02-2025 11:56:48.130,February,Picked From,287
DHPL,ps,28-02-2025,J4,100 % Alcohol,R1,0,28-02-2025 11:56:54.432,February,Placed In,287
DHPL,ps,28-02-2025,,,R3,0,28-02-2025 11:56:59.057,February,Test Started,287
DHPL,ps,28-02-2025,L3,Loading,R3,0,28-02-2025 11:57:05.859,February,Picked From,287
DHPL,ps,28-02-2025,J1,70%Alcohol,R3,0,28-02-2025 11:57:12.651,February,Placed In,287
DHPL,ps,28-02-2025,J2,95% Alcohol,R2,0,28-02-2025 11:58:03.351,February,Picked From,287
DHPL,ps,28-02-2025,J3,100 % Alcohol,R2,0,28-02-2025 11:58:09.646,February,Placed In,287
DHPL,ps,28-02-2025,J4,100 % Alcohol,R1,0,28-02-2025 11:59:01.786,February,Picked From,287
DHPL,ps,28-02-2025,J5,XYLENE-1,R1,0,28-02-2025 11:59:08.079,February,Placed In,287
DHPL,ps,28-02-2025,J1,70%Alcohol,R3,0,28-02-2025 11:59:19.970,February,Picked From,287
DHPL,ps,28-02-2025,J2,95% Alcohol,R3,0,28-02-2025 11:59:26.266,February,Placed In,287
DHPL,ps,28-02-2025,J3,100 % Alcohol,R2,0,28-02-2025 12:00:15.988,February,Picked From,287
DHPL,ps,28-02-2025,J4,100 % Alcohol,R2,0,28-02-2025 12:00:22.291,February,Placed In,287
DHPL,ps,28-02-2025,L1,-,-,0,28-02-2025 12:00:33.243,February,Liquid Level - 600,287
DHPL,ps,28-02-2025,L2,-,-,0,28-02-2025 12:00:36.205,February,Liquid Level - 600,287
DHPL,ps,28-02-2025,L3,-,-,0,28-02-2025 12:00:38.983,February,Liquid Level - 600,287
DHPL,ps,28-02-2025,-,-,-,0,28-02-2025 12:00:52.738,February,Home Reached,287
DHPL,ps,28-02-2025,-,-,-,0,28-02-2025 12:01:08.514,February,Home Reached,287
DHPL,ps,28-02-2025,,,R4,0,28-02-2025 12:01:10.286,February,Test Started,287
DHPL,ps,28-02-2025,L1,Loading,R4,0,28-02-2025 12:01:16.634,February,Picked From,287
DHPL,ps,28-02-2025,J1,70%Alcohol,R4,0,28-02-2025 12:01:23.431,February,Placed In,287
DHPL,ps,28-02-2025,J5,XYLENE-1,R1,0,28-02-2025 12:01:43.355,February,Picked From,287
DHPL,ps,28-02-2025,J2,95% Alcohol,R3,0,28-02-2025 12:01:50.549,February,Picked From,287
DHPL,ps,28-02-2025,J3,100 % Alcohol,R3,0,28-02-2025 12:01:57.334,February,Placed In,287
DHPL,ps,28-02-2025,J6,XYLENE-2,R1,0,28-02-2025 12:02:28.678,February,Placed In,287
DHPL,ps,28-02-2025,W1,Tap Water,--,0,28-02-2025 12:02:38.470,February,Water Valve : 1 is Off,287
DHPL,ps,28-02-2025,-,-,-,0,28-02-2025 15:36:40.131,February,Protorun Started,288
DHPL,ps,28-02-2025,-,-,-,0,28-02-2025 15:38:07.051,February,Protorun Started,289
DHPL,ps,28-02-2025,-,-,-,0,28-02-2025 15:40:13.032,February,Protorun Started,290
DHPL,ps,28-02-2025,W1,Tap Water,--,0,28-02-2025 15:40:16.545,February,Water Valve : 1 is Off,290
DHPL,ps,28-02-2025,W2,Tap Water,--,0,28-02-2025 15:40:17.314,February,Water Valve : 2 is Off,290
DHPL,ps,28-02-2025,W3,Tap Water,--,0,28-02-2025 15:40:18.087,February,Water Valve : 3 is Off,290
DHPL,ps,28-02-2025,W4,Tap Water,--,0,28-02-2025 15:40:18.862,February,Water Valve : 4 is Off,290
DHPL,ps,28-02-2025,W5,Tap Water,--,0,28-02-2025 15:40:19.629,February,Water Valve : 5 is Off,290
DHPL,ps,28-02-2025,W6,Tap Water,--,0,28-02-2025 15:40:20.405,February,Water Valve : 6 is Off,290
DHPL,ps,28-02-2025,-,-,-,0,28-02-2025 15:40:34.462,February,Home Reached,290
DHPL,ps,28-02-2025,-,-,-,0,28-02-2025 15:40:50.233,February,Home Reached,290
DHPL,ps,28-02-2025,L1,-,-,0,28-02-2025 15:41:00.107,February,Liquid Level - 600,290
DHPL,ps,28-02-2025,L2,-,-,0,28-02-2025 15:41:02.841,February,Liquid Level - 600,290
DHPL,ps,28-02-2025,L3,-,-,0,28-02-2025 15:41:05.629,February,Liquid Level - 600,290
DHPL,ps,28-02-2025,-,-,-,0,28-02-2025 15:44:30.227,February,Protorun Started,291
DHPL,ps,28-02-2025,W1,Tap Water,--,0,28-02-2025 15:44:33.746,February,Water Valve : 1 is Off,291
DHPL,ps,28-02-2025,W2,Tap Water,--,0,28-02-2025 15:44:34.527,February,Water Valve : 2 is Off,291
DHPL,ps,28-02-2025,W3,Tap Water,--,0,28-02-2025 15:44:35.283,February,Water Valve : 3 is Off,291
DHPL,ps,28-02-2025,W4,Tap Water,--,0,28-02-2025 15:44:36.059,February,Water Valve : 4 is Off,291
DHPL,ps,28-02-2025,W5,Tap Water,--,0,28-02-2025 15:44:36.833,February,Water Valve : 5 is Off,291
DHPL,ps,28-02-2025,W6,Tap Water,--,0,28-02-2025 15:44:37.603,February,Water Valve : 6 is Off,291
DHPL,ps,28-02-2025,-,-,-,0,28-02-2025 15:44:51.653,February,Home Reached,291
DHPL,ps,28-02-2025,-,-,-,0,28-02-2025 15:45:07.458,February,Home Reached,291
DHPL,ps,28-02-2025,L1,-,-,0,28-02-2025 15:45:17.306,February,Liquid Level - 600,291
DHPL,ps,28-02-2025,L2,-,-,0,28-02-2025 15:45:20.042,February,Liquid Level - 600,291
DHPL,ps,28-02-2025,L3,-,-,0,28-02-2025 15:45:22.804,February,Liquid Level - 600,291
DHPL,ps,28-02-2025,-,-,-,0,28-02-2025 15:45:36.549,February,Home Reached,291
DHPL,ps,28-02-2025,-,-,-,0,28-02-2025 15:45:52.357,February,Home Reached,291
DHPL,ps,28-02-2025,,,R1,0,28-02-2025 15:45:54.105,February,Test Started,291
DHPL,ps,28-02-2025,L1,Loading,R1,0,28-02-2025 15:46:00.936,February,Picked From,291
DHPL,ps,28-02-2025,J1,70%Alcohol,R1,0,28-02-2025 15:46:07.738,February,Placed In,291
DHPL,ps,28-02-2025,J1,70%Alcohol,R1,0,28-02-2025 15:48:13.556,February,Picked From,291
DHPL,ps,28-02-2025,J2,95% Alcohol,R1,0,28-02-2025 15:48:19.852,February,Placed In,291
DHPL,ps,28-02-2025,,,R2,0,28-02-2025 15:49:22.501,February,Test Started,291
DHPL,ps,28-02-2025,L2,Loading,R2,0,28-02-2025 15:49:29.306,February,Picked From,291
DHPL,ps,28-02-2025,J1,70%Alcohol,R2,0,28-02-2025 15:49:36.105,February,Placed In,291
DHPL,ps,28-02-2025,J2,95% Alcohol,R1,0,28-02-2025 15:50:26.179,February,Picked From,291
DHPL,ps,28-02-2025,J3,100 % Alcohol,R1,0,28-02-2025 15:50:32.483,February,Placed In,291
DHPL,ps,28-02-2025,W1,Tap Water,--,0,28-02-2025 15:51:46.119,February,Water Valve : 1 is Off,291
DHPL,ps,28-02-2025,W2,Tap Water,--,0,28-02-2025 15:51:46.876,February,Water Valve : 2 is Off,291
DHPL,ps,28-02-2025,-,-,-,0,28-02-2025 15:52:07.946,February,Protorun Started,292
DHPL,ps,28-02-2025,W1,Tap Water,--,0,28-02-2025 15:52:51.615,February,Water Valve : 1 is Off,292
DHPL,ps,28-02-2025,-,-,-,0,28-02-2025 15:53:44.960,February,Protorun Started,293
DHPL,ps,28-02-2025,W1,Tap Water,--,0,28-02-2025 15:53:48.522,February,Water Valve : 1 is Off,293
DHPL,ps,28-02-2025,W2,Tap Water,--,0,28-02-2025 15:53:49.273,February,Water Valve : 2 is Off,293
DHPL,ps,28-02-2025,W3,Tap Water,--,0,28-02-2025 15:53:50.036,February,Water Valve : 3 is Off,293
DHPL,ps,28-02-2025,W4,Tap Water,--,0,28-02-2025 15:53:50.807,February,Water Valve : 4 is Off,293
DHPL,ps,28-02-2025,W5,Tap Water,--,0,28-02-2025 15:53:51.562,February,Water Valve : 5 is Off,293
DHPL,ps,28-02-2025,W6,Tap Water,--,0,28-02-2025 15:53:52.348,February,Water Valve : 6 is Off,293
DHPL,ps,28-02-2025,-,-,-,0,28-02-2025 15:54:06.374,February,Home Reached,293
DHPL,ps,28-02-2025,-,-,-,0,28-02-2025 15:54:22.179,February,Home Reached,293
DHPL,ps,28-02-2025,L1,-,-,0,28-02-2025 15:54:27.791,February,Liquid Level - 600,293
DHPL,ps,28-02-2025,L2,-,-,0,28-02-2025 15:54:30.764,February,Liquid Level - 600,293
DHPL,ps,28-02-2025,L3,-,-,0,28-02-2025 15:54:33.540,February,Liquid Level - 600,293
DHPL,ps,28-02-2025,-,-,-,0,28-02-2025 15:54:47.272,February,Home Reached,293
DHPL,ps,28-02-2025,-,-,-,0,28-02-2025 15:55:03.051,February,Home Reached,293
DHPL,ps,28-02-2025,,,R1,0,28-02-2025 15:55:04.789,February,Test Started,293
DHPL,ps,28-02-2025,L1,Loading,R1,0,28-02-2025 15:55:11.146,February,Picked From,293
DHPL,ps,28-02-2025,J1,70%Alcohol,R1,0,28-02-2025 15:55:17.963,February,Placed In,293
DHPL,ps,28-02-2025,J1,70%Alcohol,R1,0,28-02-2025 15:57:24.425,February,Picked From,293
DHPL,ps,28-02-2025,J2,95% Alcohol,R1,0,28-02-2025 15:57:30.709,February,Placed In,293
DHPL,ps,28-02-2025,,,R2,0,28-02-2025 15:58:33.709,February,Test Started,293
DHPL,ps,28-02-2025,L2,Loading,R2,0,28-02-2025 15:58:40.523,February,Picked From,293
DHPL,ps,28-02-2025,J1,70%Alcohol,R2,0,28-02-2025 15:58:47.348,February,Placed In,293
DHPL,ps,28-02-2025,J2,95% Alcohol,R1,0,28-02-2025 15:59:37.038,February,Picked From,293
DHPL,ps,28-02-2025,J3,100 % Alcohol,R1,0,28-02-2025 15:59:43.335,February,Placed In,293
DHPL,ps,28-02-2025,J1,70%Alcohol,R2,0,28-02-2025 16:00:53.811,February,Picked From,293
DHPL,ps,28-02-2025,J2,95% Alcohol,R2,0,28-02-2025 16:01:00.101,February,Placed In,293
DHPL,ps,28-02-2025,J3,100 % Alcohol,R1,0,28-02-2025 16:01:49.734,February,Picked From,293
DHPL,ps,28-02-2025,J4,100 % Alcohol,R1,0,28-02-2025 16:01:56.028,February,Placed In,293
DHPL,ps,28-02-2025,,,R3,0,28-02-2025 16:02:02.101,February,Test Started,293
DHPL,ps,28-02-2025,L3,Loading,R3,0,28-02-2025 16:02:08.903,February,Picked From,293
DHPL,ps,28-02-2025,J1,70%Alcohol,R3,0,28-02-2025 16:02:15.718,February,Placed In,293
DHPL,ps,28-02-2025,J2,95% Alcohol,R2,0,28-02-2025 16:03:07.153,February,Picked From,293
DHPL,ps,28-02-2025,J3,100 % Alcohol,R2,0,28-02-2025 16:03:13.442,February,Placed In,293
DHPL,ps,28-02-2025,J4,100 % Alcohol,R1,0,28-02-2025 16:04:02.339,February,Picked From,293
DHPL,ps,28-02-2025,J5,XYLENE-1,R1,0,28-02-2025 16:04:08.635,February,Placed In,293
DHPL,ps,28-02-2025,J1,70%Alcohol,R3,0,28-02-2025 16:04:23.009,February,Picked From,293
DHPL,ps,28-02-2025,J2,95% Alcohol,R3,0,28-02-2025 16:04:29.308,February,Placed In,293
DHPL,ps,28-02-2025,J3,100 % Alcohol,R2,0,28-02-2025 16:05:19.754,February,Picked From,293
DHPL,ps,28-02-2025,J4,100 % Alcohol,R2,0,28-02-2025 16:05:26.070,February,Placed In,293
DHPL,ps,28-02-2025,L1,-,-,0,28-02-2025 16:05:37.326,February,Liquid Level - 600,293
DHPL,ps,28-02-2025,L2,-,-,0,28-02-2025 16:05:40.325,February,Liquid Level - 600,293
DHPL,ps,28-02-2025,L3,-,-,0,28-02-2025 16:05:43.093,February,Liquid Level - 600,293
DHPL,ps,28-02-2025,-,-,-,0,28-02-2025 16:05:56.835,February,Home Reached,293
DHPL,ps,28-02-2025,-,-,-,0,28-02-2025 16:06:12.644,February,Home Reached,293
DHPL,ps,28-02-2025,,,R4,0,28-02-2025 16:06:14.405,February,Test Started,293
DHPL,ps,28-02-2025,L1,Loading,R4,0,28-02-2025 16:06:20.799,February,Picked From,293
DHPL,ps,28-02-2025,J1,70%Alcohol,R4,0,28-02-2025 16:06:27.615,February,Placed In,293
DHPL,ps,28-02-2025,J5,XYLENE-1,R1,0,28-02-2025 16:06:37.962,February,Picked From,293
DHPL,ps,28-02-2025,J6,XYLENE-2,R1,0,28-02-2025 16:06:44.257,February,Placed In,293
DHPL,ps,28-02-2025,J2,95% Alcohol,R3,0,28-02-2025 16:06:58.600,February,Picked From,293
DHPL,ps,28-02-2025,J3,100 % Alcohol,R3,0,28-02-2025 16:07:04.902,February,Placed In,293
DHPL,ps,28-02-2025,J4,100 % Alcohol,R2,0,28-02-2025 16:07:32.033,February,Picked From,293
DHPL,ps,28-02-2025,J5,XYLENE-1,R2,0,28-02-2025 16:07:38.317,February,Placed In,293
DHPL,ps,28-02-2025,J1,70%Alcohol,R4,0,28-02-2025 16:08:34.955,February,Picked From,293
DHPL,ps,28-02-2025,J2,95% Alcohol,R4,0,28-02-2025 16:08:41.241,February,Placed In,293
DHPL,ps,28-02-2025,J6,XYLENE-2,R1,0,28-02-2025 16:08:52.524,February,Picked From,293
DHPL,ps,28-02-2025,J7,XYLENE-3,R1,0,28-02-2025 16:08:58.827,February,Placed In,293
DHPL,ps,28-02-2025,J3,100 % Alcohol,R3,0,28-02-2025 16:09:12.196,February,Picked From,293
DHPL,ps,28-02-2025,J4,100 % Alcohol,R3,0,28-02-2025 16:09:18.489,February,Placed In,293
DHPL,ps,28-02-2025,J5,XYLENE-1,R2,0,28-02-2025 16:09:45.660,February,Picked From,293
DHPL,ps,28-02-2025,J6,XYLENE-2,R2,0,28-02-2025 16:09:51.953,February,Placed In,293
DHPL,ps,28-02-2025,,,R5,0,28-02-2025 16:10:00.566,February,Test Started,293
DHPL,ps,28-02-2025,L2,Loading,R5,0,28-02-2025 16:10:07.890,February,Picked From,293
DHPL,ps,28-02-2025,J1,70%Alcohol,R5,0,28-02-2025 16:10:14.694,February,Placed In,293
DHPL,ps,28-02-2025,J2,95% Alcohol,R4,0,28-02-2025 16:10:47.555,February,Picked From,293
DHPL,ps,28-02-2025,J3,100 % Alcohol,R4,0,28-02-2025 16:10:53.849,February,Placed In,293
DHPL,ps,28-02-2025,J7,XYLENE-3,R1,0,28-02-2025 16:11:07.105,February,Picked From,293
DHPL,ps,28-02-2025,U1,Unloading,R1,0,28-02-2025 16:11:15.901,February,Placed In,293
DHPL,ps,28-02-2025,U1,Unloading,R1,0,28-02-2025 16:11:16.916,February,Test Completed,293
DHPL,ps,28-02-2025,J4,100 % Alcohol,R3,0,28-02-2025 16:11:39.810,February,Picked From,293
DHPL,ps,28-02-2025,J5,XYLENE-1,R3,0,28-02-2025 16:11:46.099,February,Placed In,293
DHPL,ps,28-02-2025,J6,XYLENE-2,R2,0,28-02-2025 16:11:58.269,February,Picked From,293
DHPL,ps,28-02-2025,J7,XYLENE-3,R2,0,28-02-2025 16:12:04.569,February,Placed In,293
DHPL,ps,28-02-2025,J1,70%Alcohol,R5,0,28-02-2025 16:12:22.980,February,Picked From,293
DHPL,ps,28-02-2025,J2,95% Alcohol,R5,0,28-02-2025 16:12:29.287,February,Placed In,293
DHPL,ps,28-02-2025,J3,100 % Alcohol,R4,0,28-02-2025 16:13:00.154,February,Picked From,293
DHPL,ps,28-02-2025,J4,100 % Alcohol,R4,0,28-02-2025 16:13:06.445,February,Placed In,293
DHPL,ps,28-02-2025,J5,XYLENE-1,R3,0,28-02-2025 16:13:53.431,February,Picked From,293
DHPL,ps,28-02-2025,J6,XYLENE-2,R3,0,28-02-2025 16:13:59.730,February,Placed In,293
DHPL,ps,28-02-2025,J7,XYLENE-3,R2,0,28-02-2025 16:14:11.865,February,Picked From,293
DHPL,ps,28-02-2025,U2,Unloading,R2,0,28-02-2025 16:14:20.666,February,Placed In,293
DHPL,ps,28-02-2025,U2,Unloading,R2,0,28-02-2025 16:14:21.688,February,Test Completed,293
DHPL,ps,28-02-2025,J2,95% Alcohol,R5,0,28-02-2025 16:14:51.080,February,Picked From,293
DHPL,ps,28-02-2025,J3,100 % Alcohol,R5,0,28-02-2025 16:14:57.365,February,Placed In,293
DHPL,ps,28-02-2025,J4,100 % Alcohol,R4,0,28-02-2025 16:15:12.756,February,Picked From,293
DHPL,ps,28-02-2025,J5,XYLENE-1,R4,0,28-02-2025 16:15:19.041,February,Placed In,293
DHPL,ps,28-02-2025,,,R6,0,28-02-2025 16:15:36.349,February,Test Started,293
DHPL,ps,28-02-2025,L3,Loading,R6,0,28-02-2025 16:15:43.670,February,Picked From,293
DHPL,ps,28-02-2025,J1,70%Alcohol,R6,0,28-02-2025 16:15:50.479,February,Placed In,293
DHPL,ps,28-02-2025,J6,XYLENE-2,R3,0,28-02-2025 16:16:08.506,February,Picked From,293
DHPL,ps,28-02-2025,J7,XYLENE-3,R3,0,28-02-2025 16:16:14.810,February,Placed In,293
DHPL,ps,28-02-2025,J3,100 % Alcohol,R5,0,28-02-2025 16:17:04.666,February,Picked From,293
DHPL,ps,28-02-2025,J4,100 % Alcohol,R5,0,28-02-2025 16:17:10.969,February,Placed In,293
DHPL,ps,28-02-2025,J5,XYLENE-1,R4,0,28-02-2025 16:17:25.362,February,Picked From,293
DHPL,ps,28-02-2025,J6,XYLENE-2,R4,0,28-02-2025 16:17:31.656,February,Placed In,293
DHPL,ps,28-02-2025,J1,70%Alcohol,R6,0,28-02-2025 16:17:58.314,February,Picked From,293
DHPL,ps,28-02-2025,J2,95% Alcohol,R6,0,28-02-2025 16:18:04.602,February,Placed In,293
DHPL,ps,28-02-2025,J7,XYLENE-3,R3,0,28-02-2025 16:18:22.597,February,Picked From,293
DHPL,ps,28-02-2025,U3,Unloading,R3,0,28-02-2025 16:18:30.881,February,Placed In,293
DHPL,ps,28-02-2025,U3,Unloading,R3,0,28-02-2025 16:18:31.897,February,Test Completed,293
DHPL,ps,28-02-2025,J4,100 % Alcohol,R5,0,28-02-2025 16:19:21.299,February,Picked From,293
DHPL,ps,28-02-2025,J5,XYLENE-1,R5,0,28-02-2025 16:19:27.597,February,Placed In,293
DHPL,ps,28-02-2025,J6,XYLENE-2,R4,0,28-02-2025 16:19:38.933,February,Picked From,293
DHPL,ps,28-02-2025,J7,XYLENE-3,R4,0,28-02-2025 16:19:45.231,February,Placed In,293
DHPL,ps,28-02-2025,J2,95% Alcohol,R6,0,28-02-2025 16:20:12.431,February,Picked From,293
DHPL,ps,28-02-2025,J3,100 % Alcohol,R6,0,28-02-2025 16:20:18.725,February,Placed In,293
DHPL,ps,28-02-2025,L1,-,-,0,28-02-2025 16:20:42.161,February,Liquid Level - 600,293
DHPL,ps,28-02-2025,L2,-,-,0,28-02-2025 16:20:45.158,February,Liquid Level - 600,293
DHPL,ps,28-02-2025,L3,-,-,0,28-02-2025 16:20:47.925,February,Liquid Level - 600,293
DHPL,ps,28-02-2025,-,-,-,0,28-02-2025 16:21:01.635,February,Home Reached,293
DHPL,ps,28-02-2025,-,-,-,0,28-02-2025 16:21:17.451,February,Home Reached,293
DHPL,ps,28-02-2025,U1,Unloading,R7,0,28-02-2025 16:21:19.229,February,Test Started,293
DHPL,ps,28-02-2025,L1,Loading,R7,0,28-02-2025 16:21:26.029,February,Picked From,293
DHPL,ps,28-02-2025,J1,70%Alcohol,R7,0,28-02-2025 16:21:32.817,February,Placed In,293
DHPL,ps,28-02-2025,J5,XYLENE-1,R5,0,28-02-2025 16:21:45.916,February,Picked From,293
DHPL,ps,28-02-2025,J6,XYLENE-2,R5,0,28-02-2025 16:21:52.221,February,Placed In,293
DHPL,ps,28-02-2025,J7,XYLENE-3,R4,0,28-02-2025 16:22:02.538,February,Picked From,293
DHPL,ps,28-02-2025,U4,Unloading,R4,0,28-02-2025 16:22:10.336,February,Placed In,293
DHPL,ps,28-02-2025,U4,Unloading,R4,0,28-02-2025 16:22:11.352,February,Test Completed,293
DHPL,ps,28-02-2025,J3,100 % Alcohol,R6,0,28-02-2025 16:22:39.221,February,Picked From,293
DHPL,ps,28-02-2025,J4,100 % Alcohol,R6,0,28-02-2025 16:22:45.530,February,Placed In,293
DHPL,ps,28-02-2025,J1,70%Alcohol,R7,0,28-02-2025 16:23:39.787,February,Picked From,293
DHPL,ps,28-02-2025,J2,95% Alcohol,R7,0,28-02-2025 16:23:46.081,February,Placed In,293
DHPL,ps,28-02-2025,J6,XYLENE-2,R5,0,28-02-2025 16:23:59.521,February,Picked From,293
DHPL,ps,28-02-2025,J7,XYLENE-3,R5,0,28-02-2025 16:24:05.827,February,Placed In,293
DHPL,ps,28-02-2025,J4,100 % Alcohol,R6,0,28-02-2025 16:24:52.358,February,Picked From,293
DHPL,ps,28-02-2025,J5,XYLENE-1,R6,0,28-02-2025 16:24:58.647,February,Placed In,293
DHPL,ps,28-02-2025,U2,Unloading,R8,0,28-02-2025 16:25:05.794,February,Test Started,293
DHPL,ps,28-02-2025,L2,Loading,R8,0,28-02-2025 16:25:12.581,February,Picked From,293
DHPL,ps,28-02-2025,J1,70%Alcohol,R8,0,28-02-2025 16:25:19.374,February,Placed In,293
DHPL,ps,28-02-2025,J2,95% Alcohol,R7,0,28-02-2025 16:25:52.431,February,Picked From,293
DHPL,ps,28-02-2025,J3,100 % Alcohol,R7,0,28-02-2025 16:25:58.728,February,Placed In,293
DHPL,ps,28-02-2025,J7,XYLENE-3,R5,0,28-02-2025 16:26:14.104,February,Picked From,293
DHPL,ps,28-02-2025,U5,Unloading,R5,0,28-02-2025 16:26:21.403,February,Placed In,293
DHPL,ps,28-02-2025,U5,Unloading,R5,0,28-02-2025 16:26:22.416,February,Test Completed,293
DHPL,ps,28-02-2025,J5,XYLENE-1,R6,0,28-02-2025 16:27:07.068,February,Picked From,293
DHPL,ps,28-02-2025,J6,XYLENE-2,R6,0,28-02-2025 16:27:13.366,February,Placed In,293
DHPL,ps,28-02-2025,J1,70%Alcohol,R8,0,28-02-2025 16:27:27.175,February,Picked From,293
DHPL,ps,28-02-2025,J2,95% Alcohol,R8,0,28-02-2025 16:27:33.468,February,Placed In,293
DHPL,ps,28-02-2025,J3,100 % Alcohol,R7,0,28-02-2025 16:28:04.731,February,Picked From,293
DHPL,ps,28-02-2025,J4,100 % Alcohol,R7,0,28-02-2025 16:28:11.035,February,Placed In,293
DHPL,ps,28-02-2025,,,R9,0,28-02-2025 16:28:35.112,February,Test Started,293
DHPL,ps,28-02-2025,L3,Loading,R9,0,28-02-2025 16:28:41.943,February,Picked From,293
DHPL,ps,28-02-2025,J1,70%Alcohol,R9,0,28-02-2025 16:28:48.726,February,Placed In,293
DHPL,ps,28-02-2025,J6,XYLENE-2,R6,0,28-02-2025 16:29:21.277,February,Picked From,293
DHPL,ps,28-02-2025,J7,XYLENE-3,R6,0,28-02-2025 16:29:27.575,February,Placed In,293
DHPL,ps,28-02-2025,J2,95% Alcohol,R8,0,28-02-2025 16:29:41.259,February,Picked From,293
DHPL,ps,28-02-2025,J3,100 % Alcohol,R8,0,28-02-2025 16:29:47.565,February,Placed In,293
DHPL,ps,28-02-2025,J4,100 % Alcohol,R7,0,28-02-2025 16:30:17.049,February,Picked From,293
DHPL,ps,28-02-2025,J5,XYLENE-1,R7,0,28-02-2025 16:30:23.337,February,Placed In,293
DHPL,ps,28-02-2025,J1,70%Alcohol,R9,0,28-02-2025 16:30:56.057,February,Picked From,293
DHPL,ps,28-02-2025,J2,95% Alcohol,R9,0,28-02-2025 16:31:02.355,February,Placed In,293
DHPL,ps,28-02-2025,J7,XYLENE-3,R6,0,28-02-2025 16:31:35.394,February,Picked From,293
DHPL,ps,28-02-2025,U6,Unloading,R6,0,28-02-2025 16:31:42.185,February,Placed In,293
DHPL,ps,28-02-2025,U6,Unloading,R6,0,28-02-2025 16:31:43.193,February,Test Completed,293
DHPL,ps,28-02-2025,J3,100 % Alcohol,R8,0,28-02-2025 16:32:07.372,February,Picked From,293
DHPL,ps,28-02-2025,J4,100 % Alcohol,R8,0,28-02-2025 16:32:13.648,February,Placed In,293
DHPL,ps,28-02-2025,J5,XYLENE-1,R7,0,28-02-2025 16:32:30.618,February,Picked From,293
DHPL,ps,28-02-2025,J6,XYLENE-2,R7,0,28-02-2025 16:32:36.909,February,Placed In,293
DHPL,ps,28-02-2025,J2,95% Alcohol,R9,0,28-02-2025 16:33:10.751,February,Picked From,293
DHPL,ps,28-02-2025,J3,100 % Alcohol,R9,0,28-02-2025 16:33:17.037,February,Placed In,293
DHPL,ps,28-02-2025,L1,-,-,0,28-02-2025 16:33:21.770,February,Liquid Level - 600,293
DHPL,ps,28-02-2025,L2,-,-,0,28-02-2025 16:33:24.790,February,Liquid Level - 600,293
DHPL,ps,28-02-2025,L3,-,-,0,28-02-2025 16:33:27.558,February,Liquid Level - 600,293
DHPL,ps,28-02-2025,-,-,-,0,28-02-2025 16:33:41.296,February,Home Reached,293
DHPL,ps,28-02-2025,-,-,-,0,28-02-2025 16:33:57.080,February,Home Reached,293
DHPL,ps,28-02-2025,U4,Unloading,R10,0,28-02-2025 16:33:58.839,February,Test Started,293
DHPL,ps,28-02-2025,L1,Loading,R10,0,28-02-2025 16:34:05.632,February,Picked From,293
DHPL,ps,28-02-2025,J1,70%Alcohol,R10,0,28-02-2025 16:34:12.440,February,Placed In,293
DHPL,ps,28-02-2025,J4,100 % Alcohol,R8,0,28-02-2025 16:34:21.436,February,Picked From,293
DHPL,ps,28-02-2025,J5,XYLENE-1,R8,0,28-02-2025 16:34:27.734,February,Placed In,293
DHPL,ps,28-02-2025,J6,XYLENE-2,R7,0,28-02-2025 16:34:43.248,February,Picked From,293
DHPL,ps,28-02-2025,J7,XYLENE-3,R7,0,28-02-2025 16:34:49.536,February,Placed In,293
DHPL,ps,28-02-2025,J3,100 % Alcohol,R9,0,28-02-2025 16:35:25.380,February,Picked From,293
DHPL,ps,28-02-2025,J4,100 % Alcohol,R9,0,28-02-2025 16:35:31.681,February,Placed In,293
DHPL,ps,28-02-2025,J1,70%Alcohol,R10,0,28-02-2025 16:36:19.447,February,Picked From,293
DHPL,ps,28-02-2025,J2,95% Alcohol,R10,0,28-02-2025 16:36:25.750,February,Placed In,293
DHPL,ps,28-02-2025,J5,XYLENE-1,R8,0,28-02-2025 16:36:35.510,February,Picked From,293
DHPL,ps,28-02-2025,J6,XYLENE-2,R8,0,28-02-2025 16:36:41.809,February,Placed In,293
DHPL,ps,28-02-2025,J7,XYLENE-3,R7,0,28-02-2025 16:36:55.834,February,Picked From,293
DHPL,ps,28-02-2025,U1,Unloading,R7,0,28-02-2025 16:37:04.632,February,Placed In,293
DHPL,ps,28-02-2025,U1,Unloading,R7,0,28-02-2025 16:37:05.648,February,Test Completed,293
DHPL,ps,28-02-2025,J4,100 % Alcohol,R9,0,28-02-2025 16:37:42.985,February,Picked From,293
DHPL,ps,28-02-2025,J5,XYLENE-1,R9,0,28-02-2025 16:37:49.283,February,Placed In,293
DHPL,ps,28-02-2025,U5,Unloading,R11,0,28-02-2025 16:38:03.615,February,Test Started,293
DHPL,ps,28-02-2025,L2,Loading,R11,0,28-02-2025 16:38:10.423,February,Picked From,293
DHPL,ps,28-02-2025,J1,70%Alcohol,R11,0,28-02-2025 16:38:17.220,February,Placed In,293
DHPL,ps,28-02-2025,J2,95% Alcohol,R10,0,28-02-2025 16:38:32.064,February,Picked From,293
DHPL,ps,28-02-2025,J3,100 % Alcohol,R10,0,28-02-2025 16:38:38.355,February,Placed In,293
DHPL,ps,28-02-2025,J6,XYLENE-2,R8,0,28-02-2025 16:38:49.608,February,Picked From,293
DHPL,ps,28-02-2025,J7,XYLENE-3,R8,0,28-02-2025 16:38:55.910,February,Placed In,293
DHPL,ps,28-02-2025,J5,XYLENE-1,R9,0,28-02-2025 16:39:56.101,February,Picked From,293
DHPL,ps,28-02-2025,J6,XYLENE-2,R9,0,28-02-2025 16:40:02.400,February,Placed In,293
DHPL,ps,28-02-2025,J1,70%Alcohol,R11,0,28-02-2025 16:40:26.006,February,Picked From,293
DHPL,ps,28-02-2025,J2,95% Alcohol,R11,0,28-02-2025 16:40:32.303,February,Placed In,293
DHPL,ps,28-02-2025,J3,100 % Alcohol,R10,0,28-02-2025 16:40:45.621,February,Picked From,293
DHPL,ps,28-02-2025,J4,100 % Alcohol,R10,0,28-02-2025 16:40:51.913,February,Placed In,293
DHPL,ps,28-02-2025,J7,XYLENE-3,R8,0,28-02-2025 16:41:02.708,February,Picked From,293
DHPL,ps,28-02-2025,U2,Unloading,R8,0,28-02-2025 16:41:11.506,February,Placed In,293
DHPL,ps,28-02-2025,U2,Unloading,R8,0,28-02-2025 16:41:12.524,February,Test Completed,293
DHPL,ps,28-02-2025,U6,Unloading,R12,0,28-02-2025 16:41:31.968,February,Test Started,293
DHPL,ps,28-02-2025,L3,Loading,R12,0,28-02-2025 16:41:43.309,February,Picked From,293
DHPL,ps,28-02-2025,J1,70%Alcohol,R12,0,28-02-2025 16:41:50.108,February,Placed In,293
DHPL,ps,28-02-2025,J6,XYLENE-2,R9,0,28-02-2025 16:42:10.196,February,Picked From,293
DHPL,ps,28-02-2025,J7,XYLENE-3,R9,0,28-02-2025 16:42:16.488,February,Placed In,293
DHPL,ps,28-02-2025,J2,95% Alcohol,R11,0,28-02-2025 16:42:40.138,February,Picked From,293
DHPL,ps,28-02-2025,J3,100 % Alcohol,R11,0,28-02-2025 16:42:46.425,February,Placed In,293
DHPL,ps,28-02-2025,J4,100 % Alcohol,R10,0,28-02-2025 16:42:59.203,February,Picked From,293
DHPL,ps,28-02-2025,J5,XYLENE-1,R10,0,28-02-2025 16:43:05.498,February,Placed In,293
DHPL,ps,28-02-2025,J1,70%Alcohol,R12,0,28-02-2025 16:43:57.606,February,Picked From,293
DHPL,ps,28-02-2025,J2,95% Alcohol,R12,0,28-02-2025 16:44:03.905,February,Placed In,293
DHPL,ps,28-02-2025,J7,XYLENE-3,R9,0,28-02-2025 16:44:24.296,February,Picked From,293
DHPL,ps,28-02-2025,U3,Unloading,R9,0,28-02-2025 16:44:32.585,February,Placed In,293
DHPL,ps,28-02-2025,U3,Unloading,R9,0,28-02-2025 16:44:33.604,February,Test Completed,293
DHPL,ps,28-02-2025,J3,100 % Alcohol,R11,0,28-02-2025 16:44:57.225,February,Picked From,293
DHPL,ps,28-02-2025,J4,100 % Alcohol,R11,0,28-02-2025 16:45:03.506,February,Placed In,293
DHPL,ps,28-02-2025,J5,XYLENE-1,R10,0,28-02-2025 16:45:11.824,February,Picked From,293
DHPL,ps,28-02-2025,J6,XYLENE-2,R10,0,28-02-2025 16:45:18.125,February,Placed In,293
DHPL,ps,28-02-2025,L1,-,-,0,28-02-2025 16:45:28.924,February,Liquid Level - 600,293
DHPL,ps,28-02-2025,L2,-,-,0,28-02-2025 16:45:31.893,February,Liquid Level - 600,293
DHPL,ps,28-02-2025,L3,-,-,0,28-02-2025 16:45:34.669,February,Liquid Level - 600,293
DHPL,ps,28-02-2025,-,-,-,0,28-02-2025 16:45:48.416,February,Home Reached,293
DHPL,ps,28-02-2025,-,-,-,0,28-02-2025 16:46:04.204,February,Home Reached,293
DHPL,ps,28-02-2025,U1,Unloading,R13,0,28-02-2025 16:46:05.965,February,Test Started,293
DHPL,ps,28-02-2025,L1,Loading,R13,0,28-02-2025 16:46:12.746,February,Picked From,293
DHPL,ps,28-02-2025,J1,70%Alcohol,R13,0,28-02-2025 16:46:19.537,February,Placed In,293
DHPL,ps,28-02-2025,J2,95% Alcohol,R12,0,28-02-2025 16:46:32.258,February,Picked From,293
DHPL,ps,28-02-2025,J3,100 % Alcohol,R12,0,28-02-2025 16:46:38.566,February,Placed In,293
DHPL,ps,28-02-2025,J4,100 % Alcohol,R11,0,28-02-2025 16:47:09.906,February,Picked From,293
DHPL,ps,28-02-2025,J5,XYLENE-1,R11,0,28-02-2025 16:47:16.204,February,Placed In,293
DHPL,ps,28-02-2025,J6,XYLENE-2,R10,0,28-02-2025 16:47:25.407,February,Picked From,293
DHPL,ps,28-02-2025,J7,XYLENE-3,R10,0,28-02-2025 16:47:31.707,February,Placed In,293
DHPL,ps,28-02-2025,J1,70%Alcohol,R13,0,28-02-2025 16:48:28.851,February,Picked From,293
DHPL,ps,28-02-2025,J2,95% Alcohol,R13,0,28-02-2025 16:48:35.143,February,Placed In,293
DHPL,ps,28-02-2025,J3,100 % Alcohol,R12,0,28-02-2025 16:48:44.872,February,Picked From,293
DHPL,ps,28-02-2025,J4,100 % Alcohol,R12,0,28-02-2025 16:48:51.186,February,Placed In,293
DHPL,ps,28-02-2025,J5,XYLENE-1,R11,0,28-02-2025 16:49:23.198,February,Picked From,293
DHPL,ps,28-02-2025,J6,XYLENE-2,R11,0,28-02-2025 16:49:29.497,February,Placed In,293
DHPL,ps,28-02-2025,J7,XYLENE-3,R10,0,28-02-2025 16:49:37.997,February,Picked From,293
DHPL,ps,28-02-2025,U4,Unloading,R10,0,28-02-2025 16:49:45.797,February,Placed In,293
DHPL,ps,28-02-2025,U4,Unloading,R10,0,28-02-2025 16:49:46.819,February,Test Completed,293
DHPL,ps,28-02-2025,U2,Unloading,R14,0,28-02-2025 16:50:10.774,February,Test Started,293
DHPL,ps,28-02-2025,L2,Loading,R14,0,28-02-2025 16:50:20.617,February,Picked From,293
DHPL,ps,28-02-2025,J1,70%Alcohol,R14,0,28-02-2025 16:50:27.414,February,Placed In,293
DHPL,ps,28-02-2025,J2,95% Alcohol,R13,0,28-02-2025 16:50:41.462,February,Picked From,293
DHPL,ps,28-02-2025,J3,100 % Alcohol,R13,0,28-02-2025 16:50:47.768,February,Placed In,293
DHPL,ps,28-02-2025,J4,100 % Alcohol,R12,0,28-02-2025 16:50:58.473,February,Picked From,293
DHPL,ps,28-02-2025,J5,XYLENE-1,R12,0,28-02-2025 16:51:04.757,February,Placed In,293
DHPL,ps,28-02-2025,J6,XYLENE-2,R11,0,28-02-2025 16:51:36.822,February,Picked From,293
DHPL,ps,28-02-2025,J7,XYLENE-3,R11,0,28-02-2025 16:51:43.120,February,Placed In,293
DHPL,ps,28-02-2025,J1,70%Alcohol,R14,0,28-02-2025 16:52:35.789,February,Picked From,293
DHPL,ps,28-02-2025,J2,95% Alcohol,R14,0,28-02-2025 16:52:42.083,February,Placed In,293
DHPL,ps,28-02-2025,J3,100 % Alcohol,R13,0,28-02-2025 16:52:55.067,February,Picked From,293
DHPL,ps,28-02-2025,J4,100 % Alcohol,R13,0,28-02-2025 16:53:01.348,February,Placed In,293
DHPL,ps,28-02-2025,J5,XYLENE-1,R12,0,28-02-2025 16:53:11.052,February,Picked From,293
DHPL,ps,28-02-2025,J6,XYLENE-2,R12,0,28-02-2025 16:53:17.347,February,Placed In,293
DHPL,ps,28-02-2025,J7,XYLENE-3,R11,0,28-02-2025 16:53:49.486,February,Picked From,293
DHPL,ps,28-02-2025,U5,Unloading,R11,0,28-02-2025 16:53:56.760,February,Placed In,293
DHPL,ps,28-02-2025,U5,Unloading,R11,0,28-02-2025 16:53:57.768,February,Test Completed,293
DHPL,ps,28-02-2025,,,R15,0,28-02-2025 16:54:18.950,February,Test Started,293
DHPL,ps,28-02-2025,L3,Loading,R15,0,28-02-2025 16:54:28.993,February,Picked From,293
DHPL,ps,28-02-2025,J1,70%Alcohol,R15,0,28-02-2025 16:54:35.794,February,Placed In,293
DHPL,ps,28-02-2025,J2,95% Alcohol,R14,0,28-02-2025 16:54:48.384,February,Picked From,293
DHPL,ps,28-02-2025,J3,100 % Alcohol,R14,0,28-02-2025 16:54:54.700,February,Placed In,293
DHPL,ps,28-02-2025,J4,100 % Alcohol,R13,0,28-02-2025 16:55:07.690,February,Picked From,293
DHPL,ps,28-02-2025,J5,XYLENE-1,R13,0,28-02-2025 16:55:13.988,February,Placed In,293
DHPL,ps,28-02-2025,J6,XYLENE-2,R12,0,28-02-2025 16:55:23.678,February,Picked From,293
DHPL,ps,28-02-2025,J7,XYLENE-3,R12,0,28-02-2025 16:55:29.979,February,Placed In,293
DHPL,ps,28-02-2025,J1,70%Alcohol,R15,0,28-02-2025 16:56:43.782,February,Picked From,293
DHPL,ps,28-02-2025,J2,95% Alcohol,R15,0,28-02-2025 16:56:50.081,February,Placed In,293
DHPL,ps,28-02-2025,J3,100 % Alcohol,R14,0,28-02-2025 16:57:01.001,February,Picked From,293
DHPL,ps,28-02-2025,J4,100 % Alcohol,R14,0,28-02-2025 16:57:07.310,February,Placed In,293
DHPL,ps,28-02-2025,J5,XYLENE-1,R13,0,28-02-2025 16:57:20.274,February,Picked From,293
DHPL,ps,28-02-2025,J6,XYLENE-2,R13,0,28-02-2025 16:57:26.559,February,Placed In,293
DHPL,ps,28-02-2025,J7,XYLENE-3,R12,0,28-02-2025 16:57:37.274,February,Picked From,293
DHPL,ps,28-02-2025,U6,Unloading,R12,0,28-02-2025 16:57:44.065,February,Placed In,293
DHPL,ps,28-02-2025,U6,Unloading,R12,0,28-02-2025 16:57:45.078,February,Test Completed,293
DHPL,ps,28-02-2025,J2,95% Alcohol,R15,0,28-02-2025 16:58:58.923,February,Picked From,293
DHPL,ps,28-02-2025,J3,100 % Alcohol,R15,0,28-02-2025 16:59:05.209,February,Placed In,293
DHPL,ps,28-02-2025,J4,100 % Alcohol,R14,0,28-02-2025 16:59:13.614,February,Picked From,293
DHPL,ps,28-02-2025,J5,XYLENE-1,R14,0,28-02-2025 16:59:19.915,February,Placed In,293
DHPL,ps,28-02-2025,J6,XYLENE-2,R13,0,28-02-2025 16:59:33.824,February,Picked From,293
DHPL,ps,28-02-2025,J7,XYLENE-3,R13,0,28-02-2025 16:59:40.111,February,Placed In,293
DHPL,ps,28-02-2025,L1,-,-,0,28-02-2025 16:59:49.319,February,Liquid Level - 600,293
DHPL,ps,28-02-2025,L2,-,-,0,28-02-2025 16:59:52.376,February,Liquid Level - 600,293
DHPL,ps,28-02-2025,L3,-,-,0,28-02-2025 16:59:55.137,February,Liquid Level - 600,293
DHPL,ps,28-02-2025,-,-,-,0,28-02-2025 17:00:08.861,February,Home Reached,293
DHPL,ps,28-02-2025,-,-,-,0,28-02-2025 17:00:24.679,February,Home Reached,293
DHPL,ps,28-02-2025,U4,Unloading,R16,0,28-02-2025 17:00:26.427,February,Test Started,293
DHPL,ps,28-02-2025,L1,Loading,R16,0,28-02-2025 17:00:33.231,February,Picked From,293
DHPL,ps,28-02-2025,J1,70%Alcohol,R16,0,28-02-2025 17:00:40.021,February,Placed In,293
DHPL,ps,28-02-2025,J3,100 % Alcohol,R15,0,28-02-2025 17:01:13.012,February,Picked From,293
DHPL,ps,28-02-2025,J4,100 % Alcohol,R15,0,28-02-2025 17:01:19.325,February,Placed In,293
DHPL,ps,28-02-2025,J5,XYLENE-1,R14,0,28-02-2025 17:01:27.206,February,Picked From,293
DHPL,ps,28-02-2025,J6,XYLENE-2,R14,0,28-02-2025 17:01:33.492,February,Placed In,293
DHPL,ps,28-02-2025,J7,XYLENE-3,R13,0,28-02-2025 17:01:46.417,February,Picked From,293
DHPL,ps,28-02-2025,U1,Unloading,R13,0,28-02-2025 17:01:55.212,February,Placed In,293
DHPL,ps,28-02-2025,U1,Unloading,R13,0,28-02-2025 17:01:56.242,February,Test Completed,293
DHPL,ps,28-02-2025,J1,70%Alcohol,R16,0,28-02-2025 17:02:51.468,February,Picked From,293
DHPL,ps,28-02-2025,J2,95% Alcohol,R16,0,28-02-2025 17:02:57.764,February,Placed In,293
DHPL,ps,28-02-2025,J4,100 % Alcohol,R15,0,28-02-2025 17:03:25.657,February,Picked From,293
DHPL,ps,28-02-2025,J5,XYLENE-1,R15,0,28-02-2025 17:03:31.964,February,Placed In,293
DHPL,ps,28-02-2025,J6,XYLENE-2,R14,0,28-02-2025 17:03:39.779,February,Picked From,293
DHPL,ps,28-02-2025,J7,XYLENE-3,R14,0,28-02-2025 17:03:46.073,February,Placed In,293
DHPL,ps,28-02-2025,U5,Unloading,R17,0,28-02-2025 17:03:54.811,February,Test Started,293
DHPL,ps,28-02-2025,L2,Loading,R17,0,28-02-2025 17:04:02.611,February,Picked From,293
DHPL,ps,28-02-2025,J1,70%Alcohol,R17,0,28-02-2025 17:04:09.690,February,Placed In,293
DHPL,ps,28-02-2025,J2,95% Alcohol,R16,0,28-02-2025 17:05:04.087,February,Picked From,293
DHPL,ps,28-02-2025,J3,100 % Alcohol,R16,0,28-02-2025 17:05:10.400,February,Placed In,293
DHPL,ps,28-02-2025,J5,XYLENE-1,R15,0,28-02-2025 17:05:39.332,February,Picked From,293
DHPL,ps,28-02-2025,J6,XYLENE-2,R15,0,28-02-2025 17:05:45.651,February,Placed In,293
DHPL,ps,28-02-2025,J7,XYLENE-3,R14,0,28-02-2025 17:05:53.350,February,Picked From,293
DHPL,ps,28-02-2025,U2,Unloading,R14,0,28-02-2025 17:06:02.234,February,Placed In,293
DHPL,ps,28-02-2025,U2,Unloading,R14,0,28-02-2025 17:06:03.240,February,Test Completed,293
DHPL,ps,28-02-2025,J1,70%Alcohol,R17,0,28-02-2025 17:06:32.584,February,Picked From,293
DHPL,ps,28-02-2025,J2,95% Alcohol,R17,0,28-02-2025 17:06:38.882,February,Placed In,293
DHPL,ps,28-02-2025,J3,100 % Alcohol,R16,0,28-02-2025 17:07:17.684,February,Picked From,293
DHPL,ps,28-02-2025,J4,100 % Alcohol,R16,0,28-02-2025 17:07:23.993,February,Placed In,293
DHPL,ps,28-02-2025,U6,Unloading,R18,0,28-02-2025 17:07:25.426,February,Test Started,293
DHPL,ps,28-02-2025,L3,Loading,R18,0,28-02-2025 17:07:32.224,February,Picked From,293
DHPL,ps,28-02-2025,J1,70%Alcohol,R18,0,28-02-2025 17:07:39.018,February,Placed In,293
DHPL,ps,28-02-2025,J6,XYLENE-2,R15,0,28-02-2025 17:07:54.427,February,Picked From,293
DHPL,ps,28-02-2025,J7,XYLENE-3,R15,0,28-02-2025 17:08:00.730,February,Placed In,293
DHPL,ps,28-02-2025,J2,95% Alcohol,R17,0,28-02-2025 17:08:47.682,February,Picked From,293
DHPL,ps,28-02-2025,J3,100 % Alcohol,R17,0,28-02-2025 17:08:53.977,February,Placed In,293
DHPL,ps,28-02-2025,J4,100 % Alcohol,R16,0,28-02-2025 17:09:30.372,February,Picked From,293
DHPL,ps,28-02-2025,J5,XYLENE-1,R16,0,28-02-2025 17:09:36.653,February,Placed In,293
DHPL,ps,28-02-2025,J1,70%Alcohol,R18,0,28-02-2025 17:09:46.348,February,Picked From,293
DHPL,ps,28-02-2025,J2,95% Alcohol,R18,0,28-02-2025 17:09:52.630,February,Placed In,293
DHPL,ps,28-02-2025,J7,XYLENE-3,R15,0,28-02-2025 17:10:08.529,February,Picked From,293
DHPL,ps,28-02-2025,U3,Unloading,R15,0,28-02-2025 17:10:16.842,February,Placed In,293
DHPL,ps,28-02-2025,U3,Unloading,R15,0,28-02-2025 17:10:17.850,February,Test Completed,293
DHPL,ps,28-02-2025,J3,100 % Alcohol,R17,0,28-02-2025 17:11:04.777,February,Picked From,293
DHPL,ps,28-02-2025,J4,100 % Alcohol,R17,0,28-02-2025 17:11:11.068,February,Placed In,293
DHPL,ps,28-02-2025,J5,XYLENE-1,R16,0,28-02-2025 17:11:43.080,February,Picked From,293
DHPL,ps,28-02-2025,J6,XYLENE-2,R16,0,28-02-2025 17:11:49.373,February,Placed In,293
DHPL,ps,28-02-2025,J2,95% Alcohol,R18,0,28-02-2025 17:11:59.919,February,Picked From,293
DHPL,ps,28-02-2025,J3,100 % Alcohol,R18,0,28-02-2025 17:12:06.214,February,Placed In,293
DHPL,ps,28-02-2025,L1,-,-,0,28-02-2025 17:12:11.866,February,Liquid Level - 600,293
DHPL,ps,28-02-2025,L2,-,-,0,28-02-2025 17:12:14.866,February,Liquid Level - 600,293
DHPL,ps,28-02-2025,L3,-,-,0,28-02-2025 17:12:17.631,February,Liquid Level - 600,293
DHPL,ps,28-02-2025,-,-,-,0,28-02-2025 17:12:31.379,February,Home Reached,293
DHPL,ps,28-02-2025,-,-,-,0,28-02-2025 17:12:47.163,February,Home Reached,293
DHPL,ps,28-02-2025,U1,Unloading,R19,0,28-02-2025 17:12:48.911,February,Test Started,293
DHPL,ps,28-02-2025,L1,Loading,R19,0,28-02-2025 17:12:55.713,February,Picked From,293
DHPL,ps,28-02-2025,J1,70%Alcohol,R19,0,28-02-2025 17:13:02.518,February,Placed In,293
DHPL,ps,28-02-2025,J4,100 % Alcohol,R17,0,28-02-2025 17:13:17.864,February,Picked From,293
DHPL,ps,28-02-2025,J5,XYLENE-1,R17,0,28-02-2025 17:13:24.160,February,Placed In,293
DHPL,ps,28-02-2025,J6,XYLENE-2,R16,0,28-02-2025 17:13:55.709,February,Picked From,293
DHPL,ps,28-02-2025,J7,XYLENE-3,R16,0,28-02-2025 17:14:02.006,February,Placed In,293
DHPL,ps,28-02-2025,J3,100 % Alcohol,R18,0,28-02-2025 17:14:13.527,February,Picked From,293
DHPL,ps,28-02-2025,W1,Tap Water,--,0,28-02-2025 17:14:22.657,February,Water Valve : 1 is Off,293
DHPL,ps,28-02-2025,W2,Tap Water,--,0,28-02-2025 17:14:23.445,February,Water Valve : 2 is Off,293
H&E,ps,28-02-2025,-,-,-,0,28-02-2025 17:27:01.126,February,Protorun Started,294
H&E,ps,28-02-2025,W1,Tap Water,--,0,28-02-2025 17:27:10.874,February,Water Valve : 1 is Off,294
H&E,ps,28-02-2025,W2,Tap Water,--,0,28-02-2025 17:27:11.638,February,Water Valve : 2 is Off,294
H&E,ps,28-02-2025,W3,Tap Water,--,0,28-02-2025 17:27:12.414,February,Water Valve : 3 is Off,294
H&E,ps,28-02-2025,W4,Tap Water,--,0,28-02-2025 17:27:13.176,February,Water Valve : 4 is Off,294
H&E,ps,28-02-2025,W5,Tap Water,--,0,28-02-2025 17:27:13.963,February,Water Valve : 5 is Off,294
H&E,ps,28-02-2025,W6,Tap Water,--,0,28-02-2025 17:27:14.724,February,Water Valve : 6 is Off,294
H&E,ps,28-02-2025,-,-,-,0,28-02-2025 17:27:28.748,February,Home Reached,294
H&E,ps,28-02-2025,-,-,-,0,28-02-2025 17:27:44.560,February,Home Reached,294
H&E,ps,28-02-2025,L1,-,-,0,28-02-2025 17:27:50.170,February,Liquid Level - 600,294
H&E,ps,28-02-2025,L2,-,-,0,28-02-2025 17:27:53.156,February,Liquid Level - 600,294
H&E,ps,28-02-2025,L3,-,-,0,28-02-2025 17:27:55.932,February,Liquid Level - 600,294
H&E,ps,28-02-2025,-,-,-,0,28-02-2025 17:28:09.649,February,Home Reached,294
H&E,ps,28-02-2025,-,-,-,0,28-02-2025 17:28:25.445,February,Home Reached,294
H&E,ps,28-02-2025,,,R1,0,28-02-2025 17:28:27.216,February,Test Started,294
H&E,ps,28-02-2025,L1,Loading,R1,0,28-02-2025 17:28:34.058,February,Picked From,294
H&E,ps,28-02-2025,J1,XYLENE-1,R1,0,28-02-2025 17:28:40.867,February,Placed In,294
H&E,ps,28-02-2025,J1,XYLENE-1,R1,0,28-02-2025 17:30:46.728,February,Picked From,294
H&E,ps,28-02-2025,J2,XYLENE-2,R1,0,28-02-2025 17:30:53.029,February,Placed In,294
H&E,ps,28-02-2025,J2,XYLENE-2,R1,0,28-02-2025 17:32:58.838,February,Picked From,294
H&E,ps,28-02-2025,J3,100 % Alcohol,R1,0,28-02-2025 17:33:05.151,February,Placed In,294
H&E,ps,28-02-2025,,,R2,0,28-02-2025 17:33:07.605,February,Test Started,294
H&E,ps,28-02-2025,L2,Loading,R2,0,28-02-2025 17:33:14.415,February,Picked From,294
H&E,ps,28-02-2025,J1,XYLENE-1,R2,0,28-02-2025 17:33:21.238,February,Placed In,294
H&E,ps,28-02-2025,J3,100 % Alcohol,R1,0,28-02-2025 17:35:12.483,February,Picked From,294
H&E,ps,28-02-2025,J4,70%Alcohol,R1,0,28-02-2025 17:35:18.796,February,Placed In,294
H&E,ps,28-02-2025,J1,XYLENE-1,R2,0,28-02-2025 17:35:29.047,February,Picked From,294
H&E,ps,28-02-2025,J2,XYLENE-2,R2,0,28-02-2025 17:35:35.339,February,Placed In,294
H&E,ps,28-02-2025,J4,70%Alcohol,R1,0,28-02-2025 17:37:25.588,February,Picked From,294
H&E,ps,28-02-2025,J6,95% Alcohol,R1,0,28-02-2025 17:37:32.384,February,Placed In,294
H&E,ps,28-02-2025,J2,XYLENE-2,R2,0,28-02-2025 17:37:42.643,February,Picked From,294
H&E,ps,28-02-2025,J3,100 % Alcohol,R2,0,28-02-2025 17:37:48.931,February,Placed In,294
H&E,ps,28-02-2025,,,R3,0,28-02-2025 17:37:54.199,February,Test Started,294
H&E,ps,28-02-2025,L3,Loading,R3,0,28-02-2025 17:38:00.993,February,Picked From,294
H&E,ps,28-02-2025,J1,XYLENE-1,R3,0,28-02-2025 17:38:07.801,February,Placed In,294
H&E,ps,28-02-2025,W1,Tap Water,--,0,28-02-2025 17:39:15.668,February,Water Valve : 1 is On,294
H&E,ps,28-02-2025,J6,95% Alcohol,R1,0,28-02-2025 17:39:41.186,February,Picked From,294
H&E,ps,28-02-2025,W1,Running TAP Water,R1,0,28-02-2025 17:39:48.486,February,Placed In,294
H&E,ps,28-02-2025,J3,100 % Alcohol,R2,0,28-02-2025 17:39:57.745,February,Picked From,294
H&E,ps,28-02-2025,J4,70%Alcohol,R2,0,28-02-2025 17:40:04.043,February,Placed In,294
H&E,ps,28-02-2025,J1,XYLENE-1,R3,0,28-02-2025 17:40:14.602,February,Picked From,294
H&E,ps,28-02-2025,J2,XYLENE-2,R3,0,28-02-2025 17:40:20.898,February,Placed In,294
H&E,ps,28-02-2025,W1,Tap Water,--,0,28-02-2025 17:41:48.862,February,Water Valve : 1 is Off,294
H&E,ps,28-02-2025,W1,Running TAP Water,R1,0,28-02-2025 17:41:57.936,February,Picked From,294
H&E,ps,28-02-2025,J8,Hematoxin,R1,0,28-02-2025 17:42:04.724,February,Placed In,294
H&E,ps,28-02-2025,J4,70%Alcohol,R2,0,28-02-2025 17:42:22.451,February,Picked From,294
H&E,ps,28-02-2025,J6,95% Alcohol,R2,0,28-02-2025 17:42:29.243,February,Placed In,294
H&E,ps,28-02-2025,J2,XYLENE-2,R3,0,28-02-2025 17:42:39.342,February,Picked From,294
H&E,ps,28-02-2025,J3,100 % Alcohol,R3,0,28-02-2025 17:42:45.634,February,Placed In,294
H&E,ps,28-02-2025,L1,-,-,0,28-02-2025 17:43:05.850,February,Liquid Level - 600,294
H&E,ps,28-02-2025,L2,-,-,0,28-02-2025 17:43:08.850,February,Liquid Level - 600,294
H&E,ps,28-02-2025,L3,-,-,0,28-02-2025 17:43:11.607,February,Liquid Level - 600,294
H&E,ps,28-02-2025,-,-,-,0,28-02-2025 17:43:25.333,February,Home Reached,294
H&E,ps,28-02-2025,-,-,-,0,28-02-2025 17:43:41.148,February,Home Reached,294
H&E,ps,28-02-2025,,,R4,0,28-02-2025 17:43:42.899,February,Test Started,294
H&E,ps,28-02-2025,L1,Loading,R4,0,28-02-2025 17:43:49.706,February,Picked From,294
H&E,ps,28-02-2025,J1,XYLENE-1,R4,0,28-02-2025 17:43:56.492,February,Placed In,294
H&E,ps,28-02-2025,W1,Tap Water,--,0,28-02-2025 17:44:12.523,February,Water Valve : 1 is On,294
H&E,ps,28-02-2025,J6,95% Alcohol,R2,0,28-02-2025 17:44:37.034,February,Picked From,294
H&E,ps,28-02-2025,W1,Running TAP Water,R2,0,28-02-2025 17:44:44.318,February,Placed In,294
H&E,ps,28-02-2025,J3,100 % Alcohol,R3,0,28-02-2025 17:44:54.450,February,Picked From,294
H&E,ps,28-02-2025,J4,70%Alcohol,R3,0,28-02-2025 17:45:00.750,February,Placed In,294
H&E,ps,28-02-2025,W2,Tap Water,--,0,28-02-2025 17:45:02.006,February,Water Valve : 2 is On,294
H&E,ps,28-02-2025,J8,Hematoxin,R1,0,28-02-2025 17:45:12.006,February,Picked From,294
H&E,ps,28-02-2025,W2,Running TAP Water,R1,0,28-02-2025 17:45:18.810,February,Placed In,294
H&E,ps,28-02-2025,J1,XYLENE-1,R4,0,28-02-2025 17:46:06.282,February,Picked From,294
H&E,ps,28-02-2025,J2,XYLENE-2,R4,0,28-02-2025 17:46:12.664,February,Placed In,294
H&E,ps,28-02-2025,W2,Tap Water,--,0,28-02-2025 17:46:20.085,February,Water Valve : 2 is Off,294
H&E,ps,28-02-2025,W2,Running TAP Water,R1,0,28-02-2025 17:46:29.654,February,Picked From,294
H&E,ps,28-02-2025,J9,Mild Acid,R1,0,28-02-2025 17:46:36.461,February,Placed In,294
H&E,ps,28-02-2025,W1,Tap Water,--,0,28-02-2025 17:46:45.601,February,Water Valve : 1 is Off,294
H&E,ps,28-02-2025,W1,Running TAP Water,R2,0,28-02-2025 17:46:51.897,February,Picked From,294
H&E,ps,28-02-2025,J8,Hematoxin,R2,0,28-02-2025 17:46:58.686,February,Placed In,294
H&E,ps,28-02-2025,J4,70%Alcohol,R3,0,28-02-2025 17:47:08.066,February,Picked From,294
H&E,ps,28-02-2025,J6,95% Alcohol,R3,0,28-02-2025 17:47:14.851,February,Placed In,294
H&E,ps,28-02-2025,W2,Tap Water,--,0,28-02-2025 17:47:18.746,February,Water Valve : 2 is On,294
H&E,ps,28-02-2025,J9,Mild Acid,R1,0,28-02-2025 17:47:44.254,February,Picked From,294
H&E,ps,28-02-2025,W2,Running TAP Water,R1,0,28-02-2025 17:47:51.043,February,Placed In,294
H&E,ps,28-02-2025,J2,XYLENE-2,R4,0,28-02-2025 17:48:22.089,February,Picked From,294
H&E,ps,28-02-2025,J3,100 % Alcohol,R4,0,28-02-2025 17:48:28.393,February,Placed In,294
H&E,ps,28-02-2025,,,R5,0,28-02-2025 17:48:29.457,February,Test Started,294
H&E,ps,28-02-2025,L2,Loading,R5,0,28-02-2025 17:48:36.277,February,Picked From,294
H&E,ps,28-02-2025,J1,XYLENE-1,R5,0,28-02-2025 17:48:43.085,February,Placed In,294
H&E,ps,28-02-2025,W2,Tap Water,--,0,28-02-2025 17:48:51.330,February,Water Valve : 2 is Off,294
H&E,ps,28-02-2025,W2,Running TAP Water,R1,0,28-02-2025 17:49:01.403,February,Picked From,294
H&E,ps,28-02-2025,J18,Bluing,R1,0,28-02-2025 17:49:08.213,February,Placed In,294
H&E,ps,28-02-2025,W1,Tap Water,--,0,28-02-2025 17:49:09.136,February,Water Valve : 1 is On,294
H&E,ps,28-02-2025,J6,95% Alcohol,R3,0,28-02-2025 17:49:22.634,February,Picked From,294
H&E,ps,28-02-2025,W1,Running TAP Water,R3,0,28-02-2025 17:49:29.926,February,Placed In,294
H&E,ps,28-02-2025,W2,Tap Water,--,0,28-02-2025 17:49:42.125,February,Water Valve : 2 is On,294
H&E,ps,28-02-2025,W6,Tap Water,--,0,28-02-2025 17:49:51.501,February,Water Valve : 6 is On,294
H&E,ps,28-02-2025,J8,Hematoxin,R2,0,28-02-2025 17:50:06.468,February,Picked From,294
H&E,ps,28-02-2025,W2,Running TAP Water,R2,0,28-02-2025 17:50:13.269,February,Placed In,294
H&E,ps,28-02-2025,J18,Bluing,R1,0,28-02-2025 17:50:26.985,February,Picked From,294
H&E,ps,28-02-2025,W6,Running TAP Water,R1,0,28-02-2025 17:50:33.277,February,Placed In,294
H&E,ps,28-02-2025,J3,100 % Alcohol,R4,0,28-02-2025 17:50:48.192,February,Picked From,294
H&E,ps,28-02-2025,J4,70%Alcohol,R4,0,28-02-2025 17:50:54.478,February,Placed In,294
H&E,ps,28-02-2025,J1,XYLENE-1,R5,0,28-02-2025 17:51:12.890,February,Picked From,294
H&E,ps,28-02-2025,J2,XYLENE-2,R5,0,28-02-2025 17:51:19.186,February,Placed In,294
H&E,ps,28-02-2025,W2,Tap Water,--,0,28-02-2025 17:51:24.573,February,Water Valve : 2 is Off,294
H&E,ps,28-02-2025,W2,Running TAP Water,R2,0,28-02-2025 17:51:33.849,February,Picked From,294
H&E,ps,28-02-2025,J9,Mild Acid,R2,0,28-02-2025 17:51:40.649,February,Placed In,294
H&E,ps,28-02-2025,W1,Tap Water,--,0,28-02-2025 17:51:41.242,February,Water Valve : 1 is Off,294
H&E,ps,28-02-2025,W1,Running TAP Water,R3,0,28-02-2025 17:51:47.541,February,Picked From,294
H&E,ps,28-02-2025,J8,Hematoxin,R3,0,28-02-2025 17:51:54.337,February,Placed In,294
H&E,ps,28-02-2025,W6,Tap Water,--,0,28-02-2025 17:51:55.600,February,Water Valve : 6 is Off,294
H&E,ps,28-02-2025,W6,Running TAP Water,R1,0,28-02-2025 17:52:02.412,February,Picked From,294
H&E,ps,28-02-2025,J19,Ethnol,R1,0,28-02-2025 17:52:09.193,February,Placed In,294
H&E,ps,28-02-2025,W2,Tap Water,--,0,28-02-2025 17:52:22.928,February,Water Valve : 2 is On,294
H&E,ps,28-02-2025,J9,Mild Acid,R2,0,28-02-2025 17:52:47.978,February,Picked From,294
H&E,ps,28-02-2025,W2,Running TAP Water,R2,0,28-02-2025 17:52:54.772,February,Placed In,294
H&E,ps,28-02-2025,J4,70%Alcohol,R4,0,28-02-2025 17:53:04.268,February,Picked From,294
H&E,ps,28-02-2025,J6,95% Alcohol,R4,0,28-02-2025 17:53:11.052,February,Placed In,294
H&E,ps,28-02-2025,J19,Ethnol,R1,0,28-02-2025 17:53:26.993,February,Picked From,294
H&E,ps,28-02-2025,J20,Eosin,R1,0,28-02-2025 17:53:33.300,February,Placed In,294
H&E,ps,28-02-2025,J2,XYLENE-2,R5,0,28-02-2025 17:53:48.992,February,Picked From,294
H&E,ps,28-02-2025,J3,100 % Alcohol,R5,0,28-02-2025 17:53:55.293,February,Placed In,294
H&E,ps,28-02-2025,W2,Tap Water,--,0,28-02-2025 17:54:06.072,February,Water Valve : 2 is Off,294
H&E,ps,28-02-2025,W2,Running TAP Water,R2,0,28-02-2025 17:54:15.360,February,Picked From,294
H&E,ps,28-02-2025,J18,Bluing,R2,0,28-02-2025 17:54:22.147,February,Placed In,294
H&E,ps,28-02-2025,J20,Eosin,R1,0,28-02-2025 17:54:36.086,February,Picked From,294
H&E,ps,28-02-2025,J21,95 % Alcohol,R1,0,28-02-2025 17:54:42.382,February,Placed In,294
H&E,ps,28-02-2025,W2,Tap Water,--,0,28-02-2025 17:54:43.625,February,Water Valve : 2 is On,294
H&E,ps,28-02-2025,W1,Tap Water,--,0,28-02-2025 17:54:53.329,February,Water Valve : 1 is On,294
H&E,ps,28-02-2025,J8,Hematoxin,R3,0,28-02-2025 17:55:01.113,February,Picked From,294
H&E,ps,28-02-2025,W2,Running TAP Water,R3,0,28-02-2025 17:55:07.903,February,Placed In,294
H&E,ps,28-02-2025,W6,Tap Water,--,0,28-02-2025 17:55:08.431,February,Water Valve : 6 is On,294
H&E,ps,28-02-2025,J6,95% Alcohol,R4,0,28-02-2025 17:55:18.841,February,Picked From,294
H&E,ps,28-02-2025,W1,Running TAP Water,R4,0,28-02-2025 17:55:26.150,February,Placed In,294
H&E,ps,28-02-2025,J18,Bluing,R2,0,28-02-2025 17:55:39.450,February,Picked From,294
H&E,ps,28-02-2025,W6,Running TAP Water,R2,0,28-02-2025 17:55:45.745,February,Placed In,294
H&E,ps,28-02-2025,J21,95 % Alcohol,R1,0,28-02-2025 17:56:00.682,February,Picked From,294
H&E,ps,28-02-2025,J22,100 % Alcohol,R1,0,28-02-2025 17:56:06.980,February,Placed In,294
H&E,ps,28-02-2025,J3,100 % Alcohol,R5,0,28-02-2025 17:56:24.108,February,Picked From,294
H&E,ps,28-02-2025,J4,70%Alcohol,R5,0,28-02-2025 17:56:30.412,February,Placed In,294
H&E,ps,28-02-2025,W2,Tap Water,--,0,28-02-2025 17:56:31.181,February,Water Valve : 2 is Off,294
H&E,ps,28-02-2025,W2,Running TAP Water,R3,0,28-02-2025 17:56:39.979,February,Picked From,294
H&E,ps,28-02-2025,J9,Mild Acid,R3,0,28-02-2025 17:56:46.786,February,Placed In,294
H&E,ps,28-02-2025,W6,Tap Water,--,0,28-02-2025 17:56:58.023,February,Water Valve : 6 is Off,294
H&E,ps,28-02-2025,W6,Running TAP Water,R2,0,28-02-2025 17:57:04.323,February,Picked From,294
H&E,ps,28-02-2025,J19,Ethnol,R2,0,28-02-2025 17:57:11.148,February,Placed In,294
H&E,ps,28-02-2025,J22,100 % Alcohol,R1,0,28-02-2025 17:57:25.777,February,Picked From,294
H&E,ps,28-02-2025,J23,100 % Alcohol,R1,0,28-02-2025 17:57:32.078,February,Placed In,294
H&E,ps,28-02-2025,W2,Tap Water,--,0,28-02-2025 17:57:33.062,February,Water Valve : 2 is On,294
H&E,ps,28-02-2025,W1,Tap Water,--,0,28-02-2025 17:57:37.437,February,Water Valve : 1 is Off,294
H&E,ps,28-02-2025,W1,Running TAP Water,R4,0,28-02-2025 17:57:45.719,February,Picked From,294
H&E,ps,28-02-2025,J8,Hematoxin,R4,0,28-02-2025 17:57:52.509,February,Placed In,294
H&E,ps,28-02-2025,J9,Mild Acid,R3,0,28-02-2025 17:58:04.067,February,Picked From,294
H&E,ps,28-02-2025,W2,Running TAP Water,R3,0,28-02-2025 17:58:10.863,February,Placed In,294
H&E,ps,28-02-2025,J19,Ethnol,R2,0,28-02-2025 17:58:17.947,February,Picked From,294
H&E,ps,28-02-2025,J20,Eosin,R2,0,28-02-2025 17:58:24.239,February,Placed In,294
H&E,ps,28-02-2025,J4,70%Alcohol,R5,0,28-02-2025 17:58:37.196,February,Picked From,294
H&E,ps,28-02-2025,J6,95% Alcohol,R5,0,28-02-2025 17:58:43.993,February,Placed In,294
H&E,ps,28-02-2025,J23,100 % Alcohol,R1,0,28-02-2025 17:58:50.367,February,Picked From,294
H&E,ps,28-02-2025,J24,XYLENE-1,R1,0,28-02-2025 17:58:56.669,February,Placed In,294
H&E,ps,28-02-2025,J20,Eosin,R2,0,28-02-2025 17:59:16.543,February,Picked From,294
H&E,ps,28-02-2025,J21,95 % Alcohol,R2,0,28-02-2025 17:59:22.833,February,Placed In,294
H&E,ps,28-02-2025,W2,Tap Water,--,0,28-02-2025 17:59:33.146,February,Water Valve : 2 is Off,294
H&E,ps,28-02-2025,W2,Running TAP Water,R3,0,28-02-2025 17:59:40.924,February,Picked From,294
H&E,ps,28-02-2025,J18,Bluing,R3,0,28-02-2025 17:59:47.716,February,Placed In,294
H&E,ps,28-02-2025,,,R6,0,28-02-2025 17:59:49.882,February,Test Started,294
H&E,ps,28-02-2025,L3,Loading,R6,0,28-02-2025 17:59:58.695,February,Picked From,294
H&E,ps,28-02-2025,J1,XYLENE-1,R6,0,28-02-2025 18:00:05.490,February,Placed In,294
H&E,ps,28-02-2025,J21,95 % Alcohol,R2,0,28-02-2025 18:00:30.629,February,Picked From,294
H&E,ps,28-02-2025,J22,100 % Alcohol,R2,0,28-02-2025 18:00:36.942,February,Placed In,294
H&E,ps,28-02-2025,W1,Tap Water,--,0,28-02-2025 18:00:37.306,February,Water Valve : 1 is On,294
H&E,ps,28-02-2025,W2,Tap Water,--,0,28-02-2025 18:00:37.786,February,Water Valve : 2 is On,294
H&E,ps,28-02-2025,W6,Tap Water,--,0,28-02-2025 18:00:43.095,February,Water Valve : 6 is On,294
H&E,ps,28-02-2025,J6,95% Alcohol,R5,0,28-02-2025 18:00:50.323,February,Picked From,294
H&E,ps,28-02-2025,W1,Running TAP Water,R5,0,28-02-2025 18:00:57.634,February,Placed In,294
H&E,ps,28-02-2025,J18,Bluing,R3,0,28-02-2025 18:01:05.006,February,Picked From,294
H&E,ps,28-02-2025,W6,Running TAP Water,R3,0,28-02-2025 18:01:11.313,February,Placed In,294
H&E,ps,28-02-2025,J8,Hematoxin,R4,0,28-02-2025 18:01:21.336,February,Picked From,294
H&E,ps,28-02-2025,W2,Running TAP Water,R4,0,28-02-2025 18:01:28.118,February,Placed In,294
DHPL,ps,28-02-2025,-,-,-,0,28-02-2025 18:50:01.606,February,Protorun Started,295
DHPL,ps,28-02-2025,W1,Tap Water,--,0,28-02-2025 18:50:05.118,February,Water Valve : 1 is Off,295
DHPL,ps,28-02-2025,W2,Tap Water,--,0,28-02-2025 18:50:05.897,February,Water Valve : 2 is Off,295
DHPL,ps,28-02-2025,W3,Tap Water,--,0,28-02-2025 18:50:06.674,February,Water Valve : 3 is Off,295
DHPL,ps,28-02-2025,W4,Tap Water,--,0,28-02-2025 18:50:07.446,February,Water Valve : 4 is Off,295
DHPL,ps,28-02-2025,W5,Tap Water,--,0,28-02-2025 18:50:08.201,February,Water Valve : 5 is Off,295
DHPL,ps,28-02-2025,W6,Tap Water,--,0,28-02-2025 18:50:08.975,February,Water Valve : 6 is Off,295
DHPL,ps,28-02-2025,-,-,-,0,28-02-2025 18:50:23.026,February,Home Reached,295
DHPL,ps,28-02-2025,-,-,-,0,28-02-2025 18:50:38.963,February,Home Reached,295
DHPL,ps,28-02-2025,L1,-,-,0,28-02-2025 18:50:46.725,February,Liquid Level - 600,295
DHPL,ps,28-02-2025,L2,-,-,0,28-02-2025 18:50:49.651,February,Liquid Level - 600,295
DHPL,ps,28-02-2025,L3,-,-,0,28-02-2025 18:50:52.453,February,Liquid Level - 600,295
DHPL,ps,28-02-2025,-,-,-,0,28-02-2025 18:51:06.221,February,Home Reached,295
DHPL,ps,28-02-2025,-,-,-,0,28-02-2025 18:51:22.014,February,Home Reached,295
DHPL,ps,28-02-2025,,,R1,0,28-02-2025 18:51:23.847,February,Test Started,295
DHPL,ps,28-02-2025,L1,Loading,R1,0,28-02-2025 18:51:30.272,February,Picked From,295
DHPL,ps,28-02-2025,J1,70%Alcohol,R1,0,28-02-2025 18:51:37.133,February,Placed In,295
DHPL,ps,28-02-2025,J1,70%Alcohol,R1,0,28-02-2025 18:53:43.413,February,Picked From,295
DHPL,ps,28-02-2025,J2,95% Alcohol,R1,0,28-02-2025 18:53:49.707,February,Placed In,295
DHPL,ps,28-02-2025,,,R2,0,28-02-2025 18:54:52.503,February,Test Started,295
DHPL,ps,28-02-2025,L2,Loading,R2,0,28-02-2025 18:54:59.408,February,Picked From,295
DHPL,ps,28-02-2025,J1,70%Alcohol,R2,0,28-02-2025 18:55:06.206,February,Placed In,295
DHPL,ps,28-02-2025,J2,95% Alcohol,R1,0,28-02-2025 18:55:56.222,February,Picked From,295
DHPL,ps,28-02-2025,J3,100 % Alcohol,R1,0,28-02-2025 18:56:02.534,February,Placed In,295
DHPL,ps,28-02-2025,J1,70%Alcohol,R2,0,28-02-2025 18:57:13.145,February,Picked From,295
DHPL,ps,28-02-2025,J2,95% Alcohol,R2,0,28-02-2025 18:57:19.468,February,Placed In,295
DHPL,ps,28-02-2025,J3,100 % Alcohol,R1,0,28-02-2025 18:58:09.284,February,Picked From,295
DHPL,ps,28-02-2025,J4,100 % Alcohol,R1,0,28-02-2025 18:58:15.585,February,Placed In,295
DHPL,ps,28-02-2025,,,R3,0,28-02-2025 18:58:21.841,February,Test Started,295
DHPL,ps,28-02-2025,L3,Loading,R3,0,28-02-2025 18:58:28.693,February,Picked From,295
DHPL,ps,28-02-2025,J1,70%Alcohol,R3,0,28-02-2025 18:58:35.546,February,Placed In,295
DHPL,ps,28-02-2025,J2,95% Alcohol,R2,0,28-02-2025 18:59:26.002,February,Picked From,295
DHPL,ps,28-02-2025,J3,100 % Alcohol,R2,0,28-02-2025 18:59:32.290,February,Placed In,295
DHPL,ps,28-02-2025,J4,100 % Alcohol,R1,0,28-02-2025 19:00:21.767,February,Picked From,295
DHPL,ps,28-02-2025,J5,XYLENE-1,R1,0,28-02-2025 19:00:28.103,February,Placed In,295
DHPL,ps,28-02-2025,J1,70%Alcohol,R3,0,28-02-2025 19:00:43.207,February,Picked From,295
DHPL,ps,28-02-2025,J2,95% Alcohol,R3,0,28-02-2025 19:00:49.519,February,Placed In,295
DHPL,ps,28-02-2025,J3,100 % Alcohol,R2,0,28-02-2025 19:01:39.020,February,Picked From,295
DHPL,ps,28-02-2025,J4,100 % Alcohol,R2,0,28-02-2025 19:01:45.337,February,Placed In,295
DHPL,ps,28-02-2025,J5,XYLENE-1,R1,0,28-02-2025 19:02:34.838,February,Picked From,295
DHPL,ps,28-02-2025,J6,XYLENE-2,R1,0,28-02-2025 19:02:41.176,February,Placed In,295
DHPL,ps,28-02-2025,J2,95% Alcohol,R3,0,28-02-2025 19:02:57.166,February,Picked From,295
DHPL,ps,28-02-2025,J3,100 % Alcohol,R3,0,28-02-2025 19:03:03.483,February,Placed In,295
DHPL,ps,28-02-2025,L1,-,-,0,28-02-2025 19:03:08.934,February,Liquid Level - 600,295
DHPL,ps,28-02-2025,L2,-,-,0,28-02-2025 19:03:11.951,February,Liquid Level - 600,295
DHPL,ps,28-02-2025,L3,-,-,0,28-02-2025 19:03:14.728,February,Liquid Level - 600,295
DHPL,ps,28-02-2025,-,-,-,0,28-02-2025 19:03:28.494,February,Home Reached,295
DHPL,ps,28-02-2025,-,-,-,0,28-02-2025 19:03:44.333,February,Home Reached,295
DHPL,ps,28-02-2025,,,R4,0,28-02-2025 19:03:46.145,February,Test Started,295
DHPL,ps,28-02-2025,L1,Loading,R4,0,28-02-2025 19:03:52.509,February,Picked From,295
DHPL,ps,28-02-2025,J1,70%Alcohol,R4,0,28-02-2025 19:03:59.328,February,Placed In,295
DHPL,ps,28-02-2025,J4,100 % Alcohol,R2,0,28-02-2025 19:04:15.047,February,Picked From,295
DHPL,ps,28-02-2025,J5,XYLENE-1,R2,0,28-02-2025 19:04:21.335,February,Placed In,295
DHPL,ps,28-02-2025,J6,XYLENE-2,R1,0,28-02-2025 19:04:47.911,February,Picked From,295
DHPL,ps,28-02-2025,J7,XYLENE-3,R1,0,28-02-2025 19:04:54.313,February,Placed In,295
DHPL,ps,28-02-2025,J3,100 % Alcohol,R3,0,28-02-2025 19:05:11.145,February,Picked From,295
DHPL,ps,28-02-2025,J4,100 % Alcohol,R3,0,28-02-2025 19:05:17.512,February,Placed In,295
DHPL,ps,28-02-2025,J1,70%Alcohol,R4,0,28-02-2025 19:06:06.682,February,Picked From,295
DHPL,ps,28-02-2025,J2,95% Alcohol,R4,0,28-02-2025 19:06:13.043,February,Placed In,295
DHPL,ps,28-02-2025,J5,XYLENE-1,R2,0,28-02-2025 19:06:28.720,February,Picked From,295
DHPL,ps,28-02-2025,J6,XYLENE-2,R2,0,28-02-2025 19:06:35.004,February,Placed In,295
DHPL,ps,28-02-2025,J7,XYLENE-3,R1,0,28-02-2025 19:07:00.991,February,Picked From,295
DHPL,ps,28-02-2025,U1,Unloading,R1,0,28-02-2025 19:07:09.820,February,Placed In,295
DHPL,ps,28-02-2025,U1,Unloading,R1,0,28-02-2025 19:07:10.830,February,Test Completed,295
