PAPSL,ps,22-04-2025,-,-,-,0,22-04-2025 10:34:22.862,April,Protorun Started,556
PAPSL,ps,22-04-2025,W1,Tap Water,--,0,22-04-2025 10:34:32.429,April,Water Valve : 1 is Off,556
PAPSL,ps,22-04-2025,W2,Tap Water,--,0,22-04-2025 10:34:33.190,April,Water Valve : 2 is Off,556
PAPSL,ps,22-04-2025,W3,Tap Water,--,0,22-04-2025 10:34:33.875,April,Water Valve : 3 is Off,556
PAPSL,ps,22-04-2025,W4,Tap Water,--,0,22-04-2025 10:34:34.573,April,Water Valve : 4 is Off,556
PAPSL,ps,22-04-2025,W5,Tap Water,--,0,22-04-2025 10:34:35.260,April,Water Valve : 5 is Off,556
PAPSL,ps,22-04-2025,W6,Tap Water,--,0,22-04-2025 10:34:35.943,April,Water Valve : 6 is Off,556
PAPSL,ps,22-04-2025,-,-,-,0,22-04-2025 10:34:36.646,April,Home Reached,556
PAPSL,ps,22-04-2025,-,-,-,0,22-04-2025 10:34:38.959,April,Home Reached,556
PAPSL,ps,22-04-2025,L1,-,-,0,22-04-2025 10:34:49.486,April,Liquid Level - 814,556
PAPSL,ps,22-04-2025,L2,-,-,0,22-04-2025 10:34:52.469,April,Liquid Level - 816,556
PAPSL,ps,22-04-2025,L3,-,-,0,22-04-2025 10:34:55.439,April,Liquid Level - 819,556
PAPSL,ps,22-04-2025,-,-,-,0,22-04-2025 10:34:56.127,April,Home Reached,556
PAPSL,ps,22-04-2025,-,-,-,0,22-04-2025 10:34:57.821,April,Home Reached,556
PAPSL,ps,22-04-2025,,,R1,0,22-04-2025 10:34:59.378,April,Test Started,556
PAPSL,ps,22-04-2025,L1,Loading,R1,0,22-04-2025 10:35:07.034,April,Picked From,556
PAPSL,ps,22-04-2025,J12,100% Alcohol,R1,0,22-04-2025 10:35:17.657,April,Placed In,556
PAPSL,ps,22-04-2025,-,-,-,0,22-04-2025 10:35:18.252,April,Home Reached,556
PAPSL,ps,22-04-2025,W1,Tap Water,--,0,22-04-2025 10:42:43.390,April,Water Valve : 1 is Off,556
PAPSL,ps,22-04-2025,W2,Tap Water,--,0,22-04-2025 10:42:44.068,April,Water Valve : 2 is Off,556
PAPSL,ps,22-04-2025,W3,Tap Water,--,0,22-04-2025 10:42:44.753,April,Water Valve : 3 is Off,556
PAPSL,ps,22-04-2025,W4,Tap Water,--,0,22-04-2025 10:42:45.438,April,Water Valve : 4 is Off,556
PAPSL,ps,22-04-2025,W5,Tap Water,--,0,22-04-2025 10:42:46.123,April,Water Valve : 5 is Off,556
PAPSL,ps,22-04-2025,W6,Tap Water,--,0,22-04-2025 10:42:46.819,April,Water Valve : 6 is Off,556
PAPSL,ps,22-04-2025,-,-,-,0,22-04-2025 10:42:47.332,April,Protorun Stopped,556
PAPSL,ps,22-04-2025,-,-,-,0,22-04-2025 10:55:48.834,April,Protorun Started,557
PAPSL,ps,22-04-2025,W1,Tap Water,--,0,22-04-2025 10:55:58.422,April,Water Valve : 1 is Off,557
PAPSL,ps,22-04-2025,W2,Tap Water,--,0,22-04-2025 10:55:59.150,April,Water Valve : 2 is Off,557
PAPSL,ps,22-04-2025,W3,Tap Water,--,0,22-04-2025 10:55:59.836,April,Water Valve : 3 is Off,557
PAPSL,ps,22-04-2025,W4,Tap Water,--,0,22-04-2025 10:56:00.517,April,Water Valve : 4 is Off,557
PAPSL,ps,22-04-2025,W5,Tap Water,--,0,22-04-2025 10:56:01.201,April,Water Valve : 5 is Off,557
PAPSL,ps,22-04-2025,W6,Tap Water,--,0,22-04-2025 10:56:01.882,April,Water Valve : 6 is Off,557
PAPSL,ps,22-04-2025,-,-,-,0,22-04-2025 10:56:02.580,April,Home Reached,557
PAPSL,ps,22-04-2025,-,-,-,0,22-04-2025 10:56:04.795,April,Home Reached,557
PAPSL,ps,22-04-2025,L1,-,-,0,22-04-2025 10:56:15.316,April,Liquid Level - 788,557
PAPSL,ps,22-04-2025,L2,-,-,0,22-04-2025 10:56:18.295,April,Liquid Level - 787,557
PAPSL,ps,22-04-2025,L3,-,-,0,22-04-2025 10:56:21.272,April,Liquid Level - 794,557
PAPSL,ps,22-04-2025,-,-,-,0,22-04-2025 10:56:21.986,April,Home Reached,557
PAPSL,ps,22-04-2025,-,-,-,0,22-04-2025 10:56:23.692,April,Home Reached,557
PAPSL,ps,22-04-2025,,,R1,0,22-04-2025 10:56:25.238,April,Test Started,557
PAPSL,ps,22-04-2025,L1,Loading,R1,0,22-04-2025 10:56:32.904,April,Picked From,557
PAPSL,ps,22-04-2025,-,-,-,0,22-04-2025 10:56:33.103,April,Home Reached,557
PAPSL,ps,22-04-2025,J12,100% Alcohol,R1,0,22-04-2025 10:56:44.616,April,Placed In,557
PAPSL,ps,22-04-2025,-,-,-,0,22-04-2025 10:56:45.210,April,Home Reached,557
PAPSL,ps,22-04-2025,W3,Tap Water,--,0,22-04-2025 11:16:27.823,April,Water Valve : 3 is On,557
PAPSL,ps,22-04-2025,J12,100% Alcohol,R1,0,22-04-2025 11:16:50.835,April,Picked From,557
PAPSL,ps,22-04-2025,W3,Running TAP Water,R1,0,22-04-2025 11:16:57.479,April,Placed In,557
PAPSL,ps,22-04-2025,,,R2,0,22-04-2025 11:19:07.015,April,Test Started,557
PAPSL,ps,22-04-2025,L2,Loading,R2,0,22-04-2025 11:19:14.163,April,Picked From,557
PAPSL,ps,22-04-2025,-,-,-,0,22-04-2025 11:19:14.367,April,Home Reached,557
PAPSL,ps,22-04-2025,J12,100% Alcohol,R2,0,22-04-2025 11:19:26.355,April,Placed In,557
PAPSL,ps,22-04-2025,-,-,-,0,22-04-2025 11:19:26.950,April,Home Reached,557
PAPSL,ps,22-04-2025,W3,Tap Water,--,0,22-04-2025 11:21:57.677,April,Water Valve : 3 is Off,557
PAPSL,ps,22-04-2025,W3,Running TAP Water,R1,0,22-04-2025 11:22:05.124,April,Picked From,557
PAPSL,ps,22-04-2025,J11,Reagent - A Harris Hematoxylin,R1,0,22-04-2025 11:22:11.740,April,Placed In,557
PAPSL,ps,22-04-2025,W3,Tap Water,--,0,22-04-2025 11:26:54.702,April,Water Valve : 3 is On,557
PAPSL,ps,22-04-2025,J11,Reagent - A Harris Hematoxylin,R1,0,22-04-2025 11:27:18.123,April,Picked From,557
PAPSL,ps,22-04-2025,W3,Running TAP Water,R1,0,22-04-2025 11:27:24.704,April,Placed In,557
PAPSL,ps,22-04-2025,W3,Tap Water,--,0,22-04-2025 11:32:25.685,April,Water Valve : 3 is Off,557
PAPSL,ps,22-04-2025,W3,Running TAP Water,R1,0,22-04-2025 11:32:31.129,April,Picked From,557
PAPSL,ps,22-04-2025,J10,1%Acid Alcohol,R1,0,22-04-2025 11:32:37.248,April,Dip Completed,557
PAPSL,ps,22-04-2025,W3,Running TAP Water,R1,0,22-04-2025 11:32:43.330,April,Placed In,557
PAPSL,ps,22-04-2025,W3,Tap Water,--,0,22-04-2025 11:37:43.628,April,Water Valve : 3 is Off,557
PAPSL,ps,22-04-2025,W3,Running TAP Water,R1,0,22-04-2025 11:37:49.077,April,Picked From,557
PAPSL,ps,22-04-2025,J13,70% Alcohol,R1,0,22-04-2025 11:37:56.168,April,Placed In,557
PAPSL,ps,22-04-2025,J13,70% Alcohol,R1,0,22-04-2025 11:39:01.829,April,Picked From,557
PAPSL,ps,22-04-2025,J14,80% Alcohol,R1,0,22-04-2025 11:39:07.943,April,Placed In,557
PAPSL,ps,22-04-2025,W3,Tap Water,--,0,22-04-2025 11:39:09.377,April,Water Valve : 3 is On,557
PAPSL,ps,22-04-2025,J12,100% Alcohol,R2,0,22-04-2025 11:39:33.386,April,Picked From,557
PAPSL,ps,22-04-2025,W3,Running TAP Water,R2,0,22-04-2025 11:39:40.041,April,Placed In,557
PAPSL,ps,22-04-2025,J14,80% Alcohol,R1,0,22-04-2025 11:40:15.214,April,Picked From,557
PAPSL,ps,22-04-2025,J15,100% Alcohol,R1,0,22-04-2025 11:40:21.364,April,Placed In,557
PAPSL,ps,22-04-2025,J15,100% Alcohol,R1,0,22-04-2025 11:41:27.076,April,Picked From,557
PAPSL,ps,22-04-2025,J16,Reagent B Orange G6,R1,0,22-04-2025 11:41:33.213,April,Placed In,557
PAPSL,ps,22-04-2025,,,R3,0,22-04-2025 11:41:48.689,April,Test Started,557
PAPSL,ps,22-04-2025,L3,Loading,R3,0,22-04-2025 11:41:55.821,April,Picked From,557
PAPSL,ps,22-04-2025,-,-,-,0,22-04-2025 11:41:56.025,April,Home Reached,557
PAPSL,ps,22-04-2025,J12,100% Alcohol,R3,0,22-04-2025 11:42:08.020,April,Placed In,557
PAPSL,ps,22-04-2025,-,-,-,0,22-04-2025 11:42:08.621,April,Home Reached,557
PAPSL,ps,22-04-2025,J16,Reagent B Orange G6,R1,0,22-04-2025 11:43:40.234,April,Picked From,557
PAPSL,ps,22-04-2025,J17,100% Alcohol,R1,0,22-04-2025 11:43:46.381,April,Placed In,557
PAPSL,ps,22-04-2025,J17,100% Alcohol,R1,0,22-04-2025 11:44:22.086,April,Picked From,557
PAPSL,ps,22-04-2025,J33,100% Alcohol,R1,0,22-04-2025 11:44:28.753,April,Placed In,557
PAPSL,ps,22-04-2025,W3,Tap Water,--,0,22-04-2025 11:44:41.209,April,Water Valve : 3 is Off,557
PAPSL,ps,22-04-2025,W3,Running TAP Water,R2,0,22-04-2025 11:44:48.662,April,Picked From,557
PAPSL,ps,22-04-2025,J11,Reagent - A Harris Hematoxylin,R2,0,22-04-2025 11:44:55.253,April,Placed In,557
PAPSL,ps,22-04-2025,J33,100% Alcohol,R1,0,22-04-2025 11:45:05.930,April,Picked From,557
PAPSL,ps,22-04-2025,J32,Reagent-C EA50,R1,0,22-04-2025 11:45:14.550,April,Placed In,557
PAPSL,ps,22-04-2025,J11,Reagent - A Harris Hematoxylin,R2,0,22-04-2025 11:50:03.783,April,Picked From,557
PAPSL,ps,22-04-2025,W3,Running TAP Water,R2,0,22-04-2025 11:50:10.404,April,Placed In,557
PAPSL,ps,22-04-2025,J32,Reagent-C EA50,R1,0,22-04-2025 11:50:22.642,April,Picked From,557
PAPSL,ps,22-04-2025,-,-,-,0,22-04-2025 11:50:22.845,April,Home Reached,557
PAPSL,ps,22-04-2025,J31,100 % Alcohol,R1,0,22-04-2025 11:50:29.849,April,Placed In,557
PAPSL,ps,22-04-2025,-,-,-,0,22-04-2025 11:50:30.449,April,Home Reached,557
PAPSL,ps,22-04-2025,J31,100 % Alcohol,R1,0,22-04-2025 11:51:39.766,April,Picked From,557
PAPSL,ps,22-04-2025,J30,100 % Alcohol,R1,0,22-04-2025 11:51:45.893,April,Placed In,557
PAPSL,ps,22-04-2025,J30,100 % Alcohol,R1,0,22-04-2025 11:52:51.622,April,Picked From,557
PAPSL,ps,22-04-2025,J29,100 % Alcohol,R1,0,22-04-2025 11:52:57.756,April,Placed In,557
PAPSL,ps,22-04-2025,J29,100 % Alcohol,R1,0,22-04-2025 11:54:03.585,April,Picked From,557
PAPSL,ps,22-04-2025,J28,XYLENE-1,R1,0,22-04-2025 11:54:09.697,April,Placed In,557
PAPSL,ps,22-04-2025,W3,Tap Water,--,0,22-04-2025 11:55:10.749,April,Water Valve : 3 is Off,557
PAPSL,ps,22-04-2025,W3,Running TAP Water,R2,0,22-04-2025 11:55:18.221,April,Picked From,557
PAPSL,ps,22-04-2025,J10,1%Acid Alcohol,R2,0,22-04-2025 11:55:24.349,April,Dip Completed,557
PAPSL,ps,22-04-2025,W3,Running TAP Water,R2,0,22-04-2025 11:55:30.454,April,Placed In,557
PAPSL,ps,22-04-2025,J28,XYLENE-1,R1,0,22-04-2025 11:56:15.588,April,Picked From,557
PAPSL,ps,22-04-2025,J27,XYLENE-2,R1,0,22-04-2025 11:56:21.706,April,Placed In,557
PAPSL,ps,22-04-2025,J27,XYLENE-2,R1,0,22-04-2025 11:59:27.871,April,Picked From,557
PAPSL,ps,22-04-2025,-,-,-,0,22-04-2025 11:59:28.087,April,Home Reached,557
PAPSL,ps,22-04-2025,U1,Unloading,R1,0,22-04-2025 11:59:39.068,April,Placed In,557
PAPSL,ps,22-04-2025,U1,Unloading,R1,0,22-04-2025 11:59:39.656,April,Test Completed,557
PAPSL,ps,22-04-2025,-,-,-,0,22-04-2025 11:59:41.705,April,Home Reached,557
PAPSL,ps,22-04-2025,W3,Tap Water,--,0,22-04-2025 12:00:31.510,April,Water Valve : 3 is Off,557
PAPSL,ps,22-04-2025,W3,Running TAP Water,R2,0,22-04-2025 12:00:38.907,April,Picked From,557
PAPSL,ps,22-04-2025,J13,70% Alcohol,R2,0,22-04-2025 12:00:46.023,April,Placed In,557
PAPSL,ps,22-04-2025,J13,70% Alcohol,R2,0,22-04-2025 12:01:51.757,April,Picked From,557
PAPSL,ps,22-04-2025,J14,80% Alcohol,R2,0,22-04-2025 12:01:57.879,April,Placed In,557
PAPSL,ps,22-04-2025,J12,100% Alcohol,R3,0,22-04-2025 12:02:17.904,April,Picked From,557
PAPSL,ps,22-04-2025,W3,Running TAP Water,R3,0,22-04-2025 12:02:24.996,April,Placed In,557
PAPSL,ps,22-04-2025,J14,80% Alcohol,R2,0,22-04-2025 12:03:05.265,April,Picked From,557
PAPSL,ps,22-04-2025,J15,100% Alcohol,R2,0,22-04-2025 12:03:11.416,April,Placed In,557
PAPSL,ps,22-04-2025,J15,100% Alcohol,R2,0,22-04-2025 12:04:17.204,April,Picked From,557
PAPSL,ps,22-04-2025,J16,Reagent B Orange G6,R2,0,22-04-2025 12:04:23.329,April,Placed In,557
PAPSL,ps,22-04-2025,-,-,-,0,22-04-2025 12:04:35.611,April,Home Reached,557
PAPSL,ps,22-04-2025,L1,-,-,0,22-04-2025 12:04:49.768,April,Liquid Level - 801,557
PAPSL,ps,22-04-2025,L2,-,-,0,22-04-2025 12:04:52.281,April,Liquid Level - 791,557
PAPSL,ps,22-04-2025,L3,-,-,0,22-04-2025 12:04:55.244,April,Liquid Level - 799,557
PAPSL,ps,22-04-2025,-,-,-,0,22-04-2025 12:04:55.941,April,Home Reached,557
PAPSL,ps,22-04-2025,-,-,-,0,22-04-2025 12:04:57.651,April,Home Reached,557
PAPSL,ps,22-04-2025,U1,Unloading,R4,0,22-04-2025 12:04:59.185,April,Test Started,557
PAPSL,ps,22-04-2025,L1,Loading,R4,0,22-04-2025 12:05:06.783,April,Picked From,557
PAPSL,ps,22-04-2025,-,-,-,0,22-04-2025 12:05:06.967,April,Home Reached,557
PAPSL,ps,22-04-2025,J12,100% Alcohol,R4,0,22-04-2025 12:05:18.519,April,Placed In,557
PAPSL,ps,22-04-2025,-,-,-,0,22-04-2025 12:05:19.119,April,Home Reached,557
PAPSL,ps,22-04-2025,J16,Reagent B Orange G6,R2,0,22-04-2025 12:06:30.130,April,Picked From,557
PAPSL,ps,22-04-2025,J17,100% Alcohol,R2,0,22-04-2025 12:06:36.219,April,Placed In,557
PAPSL,ps,22-04-2025,J17,100% Alcohol,R2,0,22-04-2025 12:07:11.884,April,Picked From,557
PAPSL,ps,22-04-2025,J33,100% Alcohol,R2,0,22-04-2025 12:07:19.044,April,Placed In,557
PAPSL,ps,22-04-2025,W3,Tap Water,--,0,22-04-2025 12:07:25.872,April,Water Valve : 3 is Off,557
PAPSL,ps,22-04-2025,W3,Running TAP Water,R3,0,22-04-2025 12:07:33.285,April,Picked From,557
PAPSL,ps,22-04-2025,J11,Reagent - A Harris Hematoxylin,R3,0,22-04-2025 12:07:39.991,April,Placed In,557
PAPSL,ps,22-04-2025,J33,100% Alcohol,R2,0,22-04-2025 12:07:56.215,April,Picked From,557
PAPSL,ps,22-04-2025,J32,Reagent-C EA50,R2,0,22-04-2025 12:08:04.841,April,Placed In,557
