Home Command,ps,23-08-2024,-,-,-,0,23-08-2024 17:03:54.691,August,Home Reached,0
Home Command,ps,23-08-2024,-,-,-,0,23-08-2024 17:03:57.190,August,Home Reached,0
Home Command,ps,23-08-2024,U1,-,-,0,23-08-2024 17:04:03.923,August,Liquid Level - 2464,0
Home Command,ps,23-08-2024,U2,-,-,0,23-08-2024 17:04:06.631,August,Liquid Level - 2457,0
Home Command,ps,23-08-2024,U3,-,-,0,23-08-2024 17:04:09.212,August,Liquid Level - 2462,0
Home Command,ps,23-08-2024,U4,-,-,0,23-08-2024 17:04:11.818,August,Liquid Level - 2473,0
Home Command,ps,23-08-2024,U5,-,-,0,23-08-2024 17:04:14.386,August,Liquid Level - 2462,0
Home Command,ps,23-08-2024,U6,-,-,0,23-08-2024 17:04:16.951,August,Liquid Level - 2456,0
Home Command,ps,23-08-2024,J1,-,-,0,23-08-2024 17:04:23.299,August,Liquid Level - 2465,0
Home Command,ps,23-08-2024,J2,-,-,0,23-08-2024 17:04:26.198,August,Liquid Level - 2469,0
Home Command,ps,23-08-2024,J3,-,-,0,23-08-2024 17:04:28.788,August,Liquid Level - 2476,0
Home Command,ps,23-08-2024,J4,-,-,0,23-08-2024 17:04:31.384,August,Liquid Level - 2474,0
Home Command,ps,23-08-2024,J5,-,-,0,23-08-2024 17:04:33.936,August,Liquid Level - 2477,0
Home Command,ps,23-08-2024,J6,-,-,0,23-08-2024 17:04:36.500,August,Liquid Level - 2463,0
Home Command,ps,23-08-2024,J7,-,-,0,23-08-2024 17:04:39.066,August,Liquid Level - 2471,0
Home Command,ps,23-08-2024,J8,-,-,0,23-08-2024 17:04:41.636,August,Liquid Level - 2462,0
Home Command,ps,23-08-2024,J9,-,-,0,23-08-2024 17:04:44.186,August,Liquid Level - 2491,0
Home Command,ps,23-08-2024,W1,-,-,0,23-08-2024 17:04:46.777,August,Liquid Level - 2457,0
Home Command,ps,23-08-2024,W2,-,-,0,23-08-2024 17:04:49.342,August,Liquid Level - 2465,0
Home Command,ps,23-08-2024,W3,-,-,0,23-08-2024 17:04:51.903,August,Liquid Level - 2456,0
Home Command,ps,23-08-2024,J10,-,-,0,23-08-2024 17:04:54.465,August,Liquid Level - 2465,0
Home Command,ps,23-08-2024,J11,-,-,0,23-08-2024 17:04:57.029,August,Liquid Level - 2464,0
Home Command,ps,23-08-2024,J12,-,-,0,23-08-2024 17:04:59.584,August,Liquid Level - 2428,0
Home Command,ps,23-08-2024,J13,-,-,0,23-08-2024 17:05:02.166,August,Liquid Level - 2457,0
Home Command,ps,23-08-2024,J14,-,-,0,23-08-2024 17:05:04.903,August,Liquid Level - 2470,0
Home Command,ps,23-08-2024,J15,-,-,0,23-08-2024 17:05:07.802,August,Liquid Level - 2482,0
Home Command,ps,23-08-2024,J16,-,-,0,23-08-2024 17:05:10.377,August,Liquid Level - 2467,0
Home Command,ps,23-08-2024,J17,-,-,0,23-08-2024 17:05:12.965,August,Liquid Level - 2477,0
Home Command,ps,23-08-2024,W4,-,-,0,23-08-2024 17:05:15.518,August,Liquid Level - 2459,0
Home Command,ps,23-08-2024,W5,-,-,0,23-08-2024 17:05:18.089,August,Liquid Level - 2465,0
Home Command,ps,23-08-2024,W6,-,-,0,23-08-2024 17:05:20.675,August,Liquid Level - 2467,0
Home Command,ps,23-08-2024,J18,-,-,0,23-08-2024 17:05:23.262,August,Liquid Level - 2474,0
Home Command,ps,23-08-2024,J19,-,-,0,23-08-2024 17:05:25.832,August,Liquid Level - 2461,0
Home Command,ps,23-08-2024,J20,-,-,0,23-08-2024 17:05:28.420,August,Liquid Level - 2470,0
Home Command,ps,23-08-2024,J21,-,-,0,23-08-2024 17:05:31.014,August,Liquid Level - 2481,0
Home Command,ps,23-08-2024,J22,-,-,0,23-08-2024 17:05:33.571,August,Liquid Level - 2464,0
Home Command,ps,23-08-2024,J23,-,-,0,23-08-2024 17:05:36.181,August,Liquid Level - 2476,0
Home Command,ps,23-08-2024,J24,-,-,0,23-08-2024 17:05:38.752,August,Liquid Level - 2475,0
Home Command,ps,23-08-2024,J25,-,-,0,23-08-2024 17:05:41.341,August,Liquid Level - 2465,0
Home Command,ps,23-08-2024,J26,-,-,0,23-08-2024 17:05:43.925,August,Liquid Level - 2466,0
Home Command,ps,23-08-2024,J27,-,-,0,23-08-2024 17:05:49.842,August,Liquid Level - 2459,0
Home Command,ps,23-08-2024,J28,-,-,0,23-08-2024 17:05:52.596,August,Liquid Level - 2508,0
Home Command,ps,23-08-2024,J29,-,-,0,23-08-2024 17:05:55.183,August,Liquid Level - 2495,0
Home Command,ps,23-08-2024,J30,-,-,0,23-08-2024 17:05:57.742,August,Liquid Level - 2499,0
Home Command,ps,23-08-2024,J31,-,-,0,23-08-2024 17:06:02.991,August,Liquid Level - 2492,0
Home Command,ps,23-08-2024,J32,-,-,0,23-08-2024 17:06:05.845,August,Liquid Level - 2520,0
Home Command,ps,23-08-2024,J33,-,-,0,23-08-2024 17:06:08.415,August,Liquid Level - 2523,0
Home Command,ps,23-08-2024,H1,-,-,0,23-08-2024 17:06:12.685,August,Liquid Level - 3419,0
Home Command,ps,23-08-2024,H2,-,-,0,23-08-2024 17:06:15.699,August,Liquid Level - 3406,0
Home Command,ps,23-08-2024,H3,-,-,0,23-08-2024 17:06:18.748,August,Liquid Level - 3393,0
Home Command,ps,23-08-2024,-,-,-,0,23-08-2024 17:06:31.997,August,Home Reached,0
Home Command,ps,23-08-2024,-,-,-,0,23-08-2024 17:06:37.515,August,Home Reached,0
Home Command,ps,23-08-2024,-,-,-,0,23-08-2024 17:06:37.551,August,,0
DPFZ,ps,23-08-2024,-,-,-,0,23-08-2024 17:07:24.080,August,Protorun Started,46
DPFZ,ps,23-08-2024,-,-,-,0,23-08-2024 17:07:28.484,August,Home Reached,46
DPFZ,ps,23-08-2024,-,-,-,0,23-08-2024 17:07:28.500,August,,46
DPFZ,ps,23-08-2024,-,-,-,0,23-08-2024 17:07:32.046,August,Home Reached,46
DPFZ,ps,23-08-2024,-,-,-,0,23-08-2024 17:07:32.063,August,,46
DPFZ,ps,23-08-2024,H1,-,-,0,23-08-2024 17:07:45.750,August,Liquid Level - 3414,46
DPFZ,ps,23-08-2024,H2,-,-,0,23-08-2024 17:07:48.681,August,Liquid Level - 3410,46
DPFZ,ps,23-08-2024,H3,-,-,0,23-08-2024 17:07:51.799,August,Liquid Level - 3398,46
DPFZ,ps,23-08-2024,L1,-,-,0,23-08-2024 17:07:55.981,August,Liquid Level - 264,46
DPFZ,ps,23-08-2024,L2,-,-,0,23-08-2024 17:07:58.781,August,Liquid Level - 256,46
DPFZ,ps,23-08-2024,L3,-,-,0,23-08-2024 17:08:01.347,August,Liquid Level - 258,46
DPFZ,ps,23-08-2024,-,-,-,0,23-08-2024 17:08:12.772,August,Home Reached,46
DPFZ,ps,23-08-2024,-,-,-,0,23-08-2024 17:08:13.234,August,Home Status - 11111111,46
DPFZ,ps,23-08-2024,-,-,-,0,23-08-2024 17:08:14.807,August,Home Reached,46
DPFZ,ps,23-08-2024,-,-,-,0,23-08-2024 17:08:14.822,August,,46
DPFZ,ps,23-08-2024,L1,Heating,1,0,23-08-2024 17:08:27.269,August,1 Picked From L1,46
DPFZ,ps,23-08-2024,H1,Heating,1,0,23-08-2024 17:09:36.820,August,1 Placed In H1,46
DPFZ,ps,23-08-2024,L2,Heating,2,0,23-08-2024 17:10:17.075,August,2 Picked From L2,46
DPFZ,ps,23-08-2024,H2,Heating,2,0,23-08-2024 17:10:53.472,August,2 Placed In H2,46
DPFZ,ps,23-08-2024,L3,Heating,3,0,23-08-2024 17:11:24.166,August,3 Picked From L3,46
Home Command,ps,23-08-2024,-,-,-,0,23-08-2024 17:19:32.957,August,Home Reached,0
Home Command,ps,23-08-2024,-,-,-,0,23-08-2024 17:19:35.586,August,Home Reached,0
Home Command,ps,23-08-2024,-,-,-,0,23-08-2024 17:19:35.600,August,,0
Home Command,ps,23-08-2024,U1,-,-,0,23-08-2024 17:19:42.355,August,Liquid Level - 2466,0
Home Command,ps,23-08-2024,U2,-,-,0,23-08-2024 17:19:45.080,August,Liquid Level - 2490,0
