Rack Status,ps,27-12-2023,-,-,0,27-12-2023 11:05:11,December,Rack Hold Status - 00
Rack Status,ps,27-12-2023,-,-,0,27-12-2023 11:06:04,December,Rack Hold Status - 00
Rack Status,ps,27-12-2023,-,-,0,27-12-2023 11:08:18,December,Rack Hold Status - 00
Rack Status,ps,27-12-2023,-,-,0,27-12-2023 11:08:24,December,Home Reached
Rack Status,ps,27-12-2023,-,-,0,27-12-2023 11:08:24,December,
Rack Status,ps,27-12-2023,-,-,0,27-12-2023 11:08:30,December,Home Reached
Rack Status,ps,27-12-2023,-,-,0,27-12-2023 11:08:30,December,
Rack Status,ps,27-12-2023,U1,-,0,27-12-2023 11:08:39,December,Liquid Level - 2518
Rack Status,ps,27-12-2023,U2,-,0,27-12-2023 11:08:51,December,Liquid Level - 2539
Rack Status,ps,27-12-2023,-,-,0,27-12-2023 12:08:03,December,Rack Hold Status - 00
Rack Status,ps,27-12-2023,-,-,0,27-12-2023 12:08:10,December,Home Reached
Rack Status,ps,27-12-2023,-,-,0,27-12-2023 12:08:15,December,Home Reached
Rack Status,ps,27-12-2023,-,-,0,27-12-2023 12:08:15,December,
Rack Status,ps,27-12-2023,U1,-,0,27-12-2023 12:08:25,December,Liquid Level - 2507
Level Sense,ps,27-12-2023,U2,-,0,27-12-2023 12:08:28,December,Liquid Level - 2517
Level Sense,ps,27-12-2023,U3,-,0,27-12-2023 12:08:30,December,Liquid Level - 2516
Level Sense,ps,27-12-2023,U4,-,0,27-12-2023 12:08:33,December,Liquid Level - 2508
Level Sense,ps,27-12-2023,U5,-,0,27-12-2023 12:08:35,December,Liquid Level - 2524
Level Sense,ps,27-12-2023,U6,-,0,27-12-2023 12:08:38,December,Liquid Level - 2511
Level Sense,ps,27-12-2023,J1,-,0,27-12-2023 12:08:44,December,Liquid Level - 2529
Level Sense,ps,27-12-2023,J2,-,0,27-12-2023 12:08:47,December,Liquid Level - 2528
Level Sense,ps,27-12-2023,J3,-,0,27-12-2023 12:08:50,December,Liquid Level - 2549
Level Sense,ps,27-12-2023,J4,-,0,27-12-2023 12:08:52,December,Liquid Level - 2543
Level Sense,ps,27-12-2023,J5,-,0,27-12-2023 12:08:55,December,Liquid Level - 2538
Level Sense,ps,27-12-2023,J6,-,0,27-12-2023 12:08:57,December,Liquid Level - 2533
Level Sense,ps,27-12-2023,J7,-,0,27-12-2023 12:09:00,December,Liquid Level - 2536
Level Sense,ps,27-12-2023,J8,-,0,27-12-2023 12:09:03,December,Liquid Level - 2534
Level Sense,ps,27-12-2023,J9,-,0,27-12-2023 12:09:05,December,Liquid Level - 2533
Level Sense,ps,27-12-2023,W1,-,0,27-12-2023 12:09:08,December,Liquid Level - 2518
Level Sense,ps,27-12-2023,W2,-,0,27-12-2023 12:09:10,December,Liquid Level - 2515
Level Sense,ps,27-12-2023,W3,-,0,27-12-2023 12:09:13,December,Liquid Level - 2511
Level Sense,ps,27-12-2023,J10,-,0,27-12-2023 12:09:15,December,Liquid Level - 2534
Level Sense,ps,27-12-2023,J11,-,0,27-12-2023 12:09:18,December,Liquid Level - 2534
Level Sense,ps,27-12-2023,J12,-,0,27-12-2023 12:09:21,December,Liquid Level - 2529
Level Sense,ps,27-12-2023,J13,-,0,27-12-2023 12:09:23,December,Liquid Level - 2516
Level Sense,ps,27-12-2023,J14,-,0,27-12-2023 12:09:26,December,Liquid Level - 2530
Level Sense,ps,27-12-2023,J15,-,0,27-12-2023 12:09:29,December,Liquid Level - 2525
Level Sense,ps,27-12-2023,J16,-,0,27-12-2023 12:09:31,December,Liquid Level - 2517
Level Sense,ps,27-12-2023,J17,-,0,27-12-2023 12:09:34,December,Liquid Level - 2528
Level Sense,ps,27-12-2023,W4,-,0,27-12-2023 12:09:36,December,Liquid Level - 2523
Level Sense,ps,27-12-2023,W5,-,0,27-12-2023 12:09:39,December,Liquid Level - 2523
Level Sense,ps,27-12-2023,W6,-,0,27-12-2023 12:09:42,December,Liquid Level - 2523
Level Sense,ps,27-12-2023,J18,-,0,27-12-2023 12:09:44,December,Liquid Level - 2532
Level Sense,ps,27-12-2023,J19,-,0,27-12-2023 12:09:47,December,Liquid Level - 2536
Level Sense,ps,27-12-2023,J20,-,0,27-12-2023 12:09:49,December,Liquid Level - 2542
Level Sense,ps,27-12-2023,J21,-,0,27-12-2023 12:09:52,December,Liquid Level - 2534
Level Sense,ps,27-12-2023,J22,-,0,27-12-2023 12:09:54,December,Liquid Level - 2535
Level Sense,ps,27-12-2023,J23,-,0,27-12-2023 12:09:57,December,Liquid Level - 2534
Level Sense,ps,27-12-2023,J24,-,0,27-12-2023 12:10:00,December,Liquid Level - 2552
Level Sense,ps,27-12-2023,J25,-,0,27-12-2023 12:10:02,December,Liquid Level - 2542
Level Sense,ps,27-12-2023,J26,-,0,27-12-2023 12:10:05,December,Liquid Level - 2548
Level Sense,ps,27-12-2023,J27,-,0,27-12-2023 12:10:11,December,Liquid Level - 2501
Level Sense,ps,27-12-2023,J28,-,0,27-12-2023 12:10:13,December,Liquid Level - 2554
Level Sense,ps,27-12-2023,J29,-,0,27-12-2023 12:10:16,December,Liquid Level - 2553
Level Sense,ps,27-12-2023,J30,-,0,27-12-2023 12:10:18,December,Liquid Level - 2553
Level Sense,ps,27-12-2023,J31,-,0,27-12-2023 12:10:21,December,Liquid Level - 2556
Level Sense,ps,27-12-2023,J32,-,0,27-12-2023 12:10:24,December,Liquid Level - 2560
Level Sense,ps,27-12-2023,J33,-,0,27-12-2023 12:10:26,December,Liquid Level - 2565
Level Sense,ps,27-12-2023,H1,-,0,27-12-2023 12:10:31,December,Liquid Level - 3504
Level Sense,ps,27-12-2023,H2,-,0,27-12-2023 12:10:34,December,Liquid Level - 3495
Level Sense,ps,27-12-2023,H3,-,0,27-12-2023 12:10:37,December,Liquid Level - 3480
Level Sense,ps,27-12-2023,-,-,0,27-12-2023 12:10:50,December,Home Reached
Level Sense,ps,27-12-2023,-,-,0,27-12-2023 12:10:55,December,Home Reached
Level Sense,ps,27-12-2023,-,-,0,27-12-2023 12:10:56,December,
HEU1,ps,27-12-2023,-,-,0,27-12-2023 12:11:22,December,Test Started
HEU1,ps,27-12-2023,-,-,0,27-12-2023 12:12:00,December,Home Reached
HEU1,ps,27-12-2023,-,-,0,27-12-2023 12:12:00,December,
HEU1,ps,27-12-2023,-,-,0,27-12-2023 12:12:06,December,Home Reached
HEU1,ps,27-12-2023,-,-,0,27-12-2023 12:12:06,December,
HEU1,ps,27-12-2023,L1,-,0,27-12-2023 12:12:20,December,Liquid Level - 299
HEU1,ps,27-12-2023,L2,-,0,27-12-2023 12:12:22,December,Liquid Level - 264
HEU1,ps,27-12-2023,L3,-,0,27-12-2023 12:12:25,December,Liquid Level - 292
HEU1,ps,27-12-2023,-,-,0,27-12-2023 12:12:28,December,Home Reached
HEU1,ps,27-12-2023,-,-,0,27-12-2023 12:12:29,December,Home Status - 11111110
HEU1,ps,27-12-2023,-,-,0,27-12-2023 12:12:30,December,Home Reached
HEU1,ps,27-12-2023,,R1,0,27-12-2023 12:12:32,December,Test Started
HEU1,ps,27-12-2023,L1,R1,0,27-12-2023 12:12:39,December,Picked From
HEU1,ps,27-12-2023,J1,R1,0,27-12-2023 12:12:46,December,Placed In
HEU1,ps,27-12-2023,J1,R1,0,27-12-2023 12:17:53,December,Picked From
HEU1,ps,27-12-2023,J2,R1,0,27-12-2023 12:17:59,December,Placed In
HEU1,ps,27-12-2023,,R2,0,27-12-2023 12:21:07,December,Test Started
HEU1,ps,27-12-2023,L2,R2,0,27-12-2023 12:21:14,December,Picked From
HEU1,ps,27-12-2023,J1,R2,0,27-12-2023 12:21:21,December,Placed In
HEU1,ps,27-12-2023,J2,R1,0,27-12-2023 12:23:05,December,Picked From
HEU1,ps,27-12-2023,J3,R1,0,27-12-2023 12:23:11,December,Placed In
HEU1,ps,27-12-2023,J1,R2,0,27-12-2023 12:26:28,December,Picked From
HEU1,ps,27-12-2023,J2,R2,0,27-12-2023 12:26:34,December,Placed In
HEU1,ps,27-12-2023,J3,R1,0,27-12-2023 12:28:18,December,Picked From
HEU1,ps,27-12-2023,J4,R1,0,27-12-2023 12:28:24,December,Placed In
HEU1,ps,27-12-2023,,R3,0,27-12-2023 12:29:42,December,Test Started
HEU1,ps,27-12-2023,L3,R3,0,27-12-2023 12:29:49,December,Picked From
HEU1,ps,27-12-2023,J1,R3,0,27-12-2023 12:29:57,December,Placed In
HEU1,ps,27-12-2023,J4,R1,0,27-12-2023 12:31:31,December,Picked From
HEU1,ps,27-12-2023,J5,R1,0,27-12-2023 12:31:37,December,Placed In
HEU1,ps,27-12-2023,J2,R2,0,27-12-2023 12:31:53,December,Picked From
HEU1,ps,27-12-2023,J3,R2,0,27-12-2023 12:31:59,December,Placed In
HEU1,ps,27-12-2023,J5,R1,0,27-12-2023 12:34:44,December,Picked From
HEU1,ps,27-12-2023,J6,R1,0,27-12-2023 12:34:50,December,Placed In
HEU1,ps,27-12-2023,J1,R3,0,27-12-2023 12:35:04,December,Picked From
HEU1,ps,27-12-2023,J2,R3,0,27-12-2023 12:35:10,December,Placed In
HEU1,ps,27-12-2023,J3,R2,0,27-12-2023 12:37:05,December,Picked From
HEU1,ps,27-12-2023,J4,R2,0,27-12-2023 12:37:11,December,Placed In
HEU1,ps,27-12-2023,J6,R1,0,27-12-2023 12:37:57,December,Picked From
HEU1,ps,27-12-2023,J7,R1,0,27-12-2023 12:38:03,December,Placed In
HEU1,ps,27-12-2023,L1,-,0,27-12-2023 12:38:53,December,Liquid Level - 280
HEU1,ps,27-12-2023,L2,-,0,27-12-2023 12:38:56,December,Liquid Level - 257
HEU1,ps,27-12-2023,L3,-,0,27-12-2023 12:38:59,December,Liquid Level - 298
HEU1,ps,27-12-2023,-,-,0,27-12-2023 12:39:02,December,Home Reached
HEU1,ps,27-12-2023,-,-,0,27-12-2023 12:39:03,December,Home Status - 11111110
HEU1,ps,27-12-2023,-,-,0,27-12-2023 12:39:05,December,Home Reached
HEU1,ps,27-12-2023,,R4,0,27-12-2023 12:39:07,December,Test Started
HEU1,ps,27-12-2023,L1,R4,0,27-12-2023 12:39:14,December,Picked From
HEU1,ps,27-12-2023,J1,R4,0,27-12-2023 12:39:21,December,Placed In
HEU1,ps,27-12-2023,J7,R1,0,27-12-2023 12:40:11,December,Picked From
HEU1,ps,27-12-2023,J8,R1,0,27-12-2023 12:40:17,December,Placed In
HEU1,ps,27-12-2023,J2,R3,0,27-12-2023 12:40:29,December,Picked From
HEU1,ps,27-12-2023,J3,R3,0,27-12-2023 12:40:35,December,Placed In
HEU1,ps,27-12-2023,J4,R2,0,27-12-2023 12:40:50,December,Picked From
HEU1,ps,27-12-2023,J5,R2,0,27-12-2023 12:40:56,December,Placed In
HEU1,ps,27-12-2023,J5,R2,0,27-12-2023 12:44:02,December,Picked From
HEU1,ps,27-12-2023,J6,R2,0,27-12-2023 12:44:08,December,Placed In
HEU1,ps,27-12-2023,J1,R4,0,27-12-2023 12:44:28,December,Picked From
HEU1,ps,27-12-2023,J2,R4,0,27-12-2023 12:44:34,December,Placed In
HEU1,ps,27-12-2023,J3,R3,0,27-12-2023 12:45:42,December,Picked From
HEU1,ps,27-12-2023,J4,R3,0,27-12-2023 12:45:48,December,Placed In
HEU1,ps,27-12-2023,J6,R2,0,27-12-2023 12:47:16,December,Picked From
HEU1,ps,27-12-2023,J7,R2,0,27-12-2023 12:47:22,December,Placed In
HEU1,ps,27-12-2023,,R5,0,27-12-2023 12:47:41,December,Test Started
HEU1,ps,27-12-2023,L2,R5,0,27-12-2023 12:47:49,December,Picked From
HEU1,ps,27-12-2023,J1,R5,0,27-12-2023 12:47:56,December,Placed In
HEU1,ps,27-12-2023,W1,--,0,27-12-2023 12:48:00,December,Water Valve : 1 is On
HEU1,ps,27-12-2023,J8,R1,0,27-12-2023 12:48:26,December,Picked From
HEU1,ps,27-12-2023,W1,R1,0,27-12-2023 12:48:33,December,Placed In
HEU1,ps,27-12-2023,J4,R3,0,27-12-2023 12:48:56,December,Picked From
HEU1,ps,27-12-2023,J5,R3,0,27-12-2023 12:49:02,December,Placed In
HEU1,ps,27-12-2023,J7,R2,0,27-12-2023 12:49:28,December,Picked From
HEU1,ps,27-12-2023,J8,R2,0,27-12-2023 12:49:35,December,Placed In
HEU1,ps,27-12-2023,J2,R4,0,27-12-2023 12:49:43,December,Picked From
HEU1,ps,27-12-2023,J3,R4,0,27-12-2023 12:49:49,December,Placed In
HEU1,ps,27-12-2023,W1,R1,0,27-12-2023 12:50:41,December,Picked From
HEU1,ps,27-12-2023,W1,--,0,27-12-2023 12:50:42,December,Water Valve : 1 is On
HEU1,ps,27-12-2023,J9,R1,0,27-12-2023 12:50:48,December,Dipped In
HEU1,ps,27-12-2023,W1,R1,0,27-12-2023 12:50:55,December,Placed In
HEU1,ps,27-12-2023,J5,R3,0,27-12-2023 12:52:10,December,Picked From
HEU1,ps,27-12-2023,J6,R3,0,27-12-2023 12:52:16,December,Placed In
HEU1,ps,27-12-2023,W1,R1,0,27-12-2023 12:53:02,December,Picked From
HEU1,ps,27-12-2023,W1,--,0,27-12-2023 12:53:03,December,Water Valve : 1 is On
HEU1,ps,27-12-2023,J18,R1,0,27-12-2023 12:53:09,December,Dipped In
HEU1,ps,27-12-2023,W1,R1,0,27-12-2023 12:53:16,December,Placed In
HEU1,ps,27-12-2023,J1,R5,0,27-12-2023 12:53:33,December,Picked From
HEU1,ps,27-12-2023,J2,R5,0,27-12-2023 12:53:39,December,Placed In
HEU1,ps,27-12-2023,J3,R4,0,27-12-2023 12:54:55,December,Picked From
HEU1,ps,27-12-2023,J4,R4,0,27-12-2023 12:55:01,December,Placed In
HEU1,ps,27-12-2023,W1,R1,0,27-12-2023 12:55:24,December,Picked From
HEU1,ps,27-12-2023,J19,R1,0,27-12-2023 12:55:30,December,Dipped In
HEU1,ps,27-12-2023,J20,R1,0,27-12-2023 12:55:36,December,Placed In
HEU1,ps,27-12-2023,W1,--,0,27-12-2023 12:55:38,December,Water Valve : 1 is Off
HEU1,ps,27-12-2023,J6,R3,0,27-12-2023 12:55:49,December,Picked From
HEU1,ps,27-12-2023,J7,R3,0,27-12-2023 12:55:55,December,Placed In
HEU1,ps,27-12-2023,,R6,0,27-12-2023 12:56:52,December,Test Started
HEU1,ps,27-12-2023,L3,R6,0,27-12-2023 12:57:01,December,Picked From
HEU1,ps,27-12-2023,J1,R6,0,27-12-2023 12:57:08,December,Placed In
HEU1,ps,27-12-2023,J8,R2,0,27-12-2023 12:57:43,December,Picked From
HEU1,ps,27-12-2023,W1,R2,0,27-12-2023 12:57:50,December,Placed In
HEU1,ps,27-12-2023,J20,R1,0,27-12-2023 12:58:01,December,Picked From
HEU1,ps,27-12-2023,J21,R1,0,27-12-2023 12:58:07,December,Placed In
HEU1,ps,27-12-2023,J7,R3,0,27-12-2023 12:58:17,December,Picked From
HEU1,ps,27-12-2023,J8,R3,0,27-12-2023 12:58:23,December,Placed In
HEU1,ps,27-12-2023,J4,R4,0,27-12-2023 12:58:42,December,Picked From
HEU1,ps,27-12-2023,J5,R4,0,27-12-2023 12:58:48,December,Placed In
HEU1,ps,27-12-2023,J2,R5,0,27-12-2023 12:59:02,December,Picked From
HEU1,ps,27-12-2023,J3,R5,0,27-12-2023 12:59:08,December,Placed In
HEU1,ps,27-12-2023,W1,R2,0,27-12-2023 12:59:58,December,Picked From
HEU1,ps,27-12-2023,W1,--,0,27-12-2023 12:59:59,December,Water Valve : 1 is On
HEU1,ps,27-12-2023,J9,R2,0,27-12-2023 13:00:05,December,Dipped In
HEU1,ps,27-12-2023,W1,R2,0,27-12-2023 13:00:12,December,Placed In
HEU1,ps,27-12-2023,J21,R1,0,27-12-2023 13:00:26,December,Picked From
HEU1,ps,27-12-2023,J22,R1,0,27-12-2023 13:00:32,December,Placed In
HEU1,ps,27-12-2023,J5,R4,0,27-12-2023 13:01:55,December,Picked From
HEU1,ps,27-12-2023,J6,R4,0,27-12-2023 13:02:01,December,Placed In
HEU1,ps,27-12-2023,J1,R6,0,27-12-2023 13:02:15,December,Picked From
HEU1,ps,27-12-2023,J2,R6,0,27-12-2023 13:02:21,December,Placed In
HEU1,ps,27-12-2023,W1,R2,0,27-12-2023 13:02:38,December,Picked From
HEU1,ps,27-12-2023,W1,--,0,27-12-2023 13:02:38,December,Water Valve : 1 is On
HEU1,ps,27-12-2023,J18,R2,0,27-12-2023 13:02:44,December,Dipped In
HEU1,ps,27-12-2023,W1,R2,0,27-12-2023 13:02:51,December,Placed In
HEU1,ps,27-12-2023,J22,R1,0,27-12-2023 13:03:07,December,Picked From
HEU1,ps,27-12-2023,J23,R1,0,27-12-2023 13:03:13,December,Placed In
HEU1,ps,27-12-2023,J3,R5,0,27-12-2023 13:04:14,December,Picked From
HEU1,ps,27-12-2023,J4,R5,0,27-12-2023 13:04:20,December,Placed In
HEU1,ps,27-12-2023,W1,R2,0,27-12-2023 13:05:00,December,Picked From
HEU1,ps,27-12-2023,J19,R2,0,27-12-2023 13:05:06,December,Dipped In
HEU1,ps,27-12-2023,W1,--,0,27-12-2023 13:05:07,December,Water Valve : 1 is Off
HEU1,ps,27-12-2023,J20,R2,0,27-12-2023 13:05:12,December,Placed In
HEU1,ps,27-12-2023,J6,R4,0,27-12-2023 13:05:23,December,Picked From
HEU1,ps,27-12-2023,J7,R4,0,27-12-2023 13:05:29,December,Placed In
HEU1,ps,27-12-2023,J23,R1,0,27-12-2023 13:06:20,December,Picked From
HEU1,ps,27-12-2023,J24,R1,0,27-12-2023 13:06:26,December,Placed In
HEU1,ps,27-12-2023,J8,R3,0,27-12-2023 13:06:47,December,Picked From
HEU1,ps,27-12-2023,W1,R3,0,27-12-2023 13:06:54,December,Placed In
HEU1,ps,27-12-2023,J20,R2,0,27-12-2023 13:07:20,December,Picked From
HEU1,ps,27-12-2023,J21,R2,0,27-12-2023 13:07:26,December,Placed In
HEU1,ps,27-12-2023,J7,R4,0,27-12-2023 13:07:35,December,Picked From
HEU1,ps,27-12-2023,J8,R4,0,27-12-2023 13:07:41,December,Placed In
HEU1,ps,27-12-2023,J4,R5,0,27-12-2023 13:08:00,December,Picked From
HEU1,ps,27-12-2023,J5,R5,0,27-12-2023 13:08:06,December,Placed In
HEU1,ps,27-12-2023,J2,R6,0,27-12-2023 13:08:17,December,Picked From
HEU1,ps,27-12-2023,J3,R6,0,27-12-2023 13:08:23,December,Placed In
HEU1,ps,27-12-2023,W1,R3,0,27-12-2023 13:09:02,December,Picked From
HEU1,ps,27-12-2023,W1,--,0,27-12-2023 13:09:03,December,Water Valve : 1 is On
HEU1,ps,27-12-2023,J9,R3,0,27-12-2023 13:09:09,December,Dipped In
HEU1,ps,27-12-2023,W1,R3,0,27-12-2023 13:09:16,December,Placed In
HEU1,ps,27-12-2023,J21,R2,0,27-12-2023 13:09:33,December,Picked From
HEU1,ps,27-12-2023,J22,R2,0,27-12-2023 13:09:39,December,Placed In
HEU1,ps,27-12-2023,J24,R1,0,27-12-2023 13:09:49,December,Picked From
HEU1,ps,27-12-2023,J25,R1,0,27-12-2023 13:09:55,December,Placed In
HEU1,ps,27-12-2023,L1,-,0,27-12-2023 13:10:24,December,Liquid Level - 286
HEU1,ps,27-12-2023,L2,-,0,27-12-2023 13:10:27,December,Liquid Level - 292
HEU1,ps,27-12-2023,L3,-,0,27-12-2023 13:10:33,December,Liquid Level - 273
HEU1,ps,27-12-2023,-,-,0,27-12-2023 13:10:37,December,Home Reached
HEU1,ps,27-12-2023,-,-,0,27-12-2023 13:10:38,December,Home Status - 11111100
HEU1,ps,27-12-2023,-,-,0,27-12-2023 13:10:39,December,Home Reached
HEU1,ps,27-12-2023,,R7,0,27-12-2023 13:10:41,December,Test Started
HEU1,ps,27-12-2023,L1,R7,0,27-12-2023 13:10:48,December,Picked From
HEU1,ps,27-12-2023,,R8,0,27-12-2023 13:10:49,December,Test Started
HEU1,ps,27-12-2023,L1,R8,0,27-12-2023 13:10:54,December,Picked From
HEU1,ps,27-12-2023,,R9,0,27-12-2023 13:10:55,December,Test Started
HEU1,ps,27-12-2023,L1,R9,0,27-12-2023 13:11:00,December,Picked From
HEU1,ps,27-12-2023,,R10,0,27-12-2023 13:11:01,December,Test Started
Rack Status,ps,27-12-2023,-,-,0,27-12-2023 15:02:25,December,Rack Hold Status - 00
Rack Status,ps,27-12-2023,-,-,0,27-12-2023 15:02:36,December,Home Reached
Rack Status,ps,27-12-2023,-,-,0,27-12-2023 15:02:41,December,Home Reached
Level Sense,ps,27-12-2023,U1,-,0,27-12-2023 15:02:51,December,Liquid Level - 2459
Level Sense,ps,27-12-2023,U2,-,0,27-12-2023 15:02:53,December,Liquid Level - 2497
Level Sense,ps,27-12-2023,U3,-,0,27-12-2023 15:02:56,December,Liquid Level - 2486
Level Sense,ps,27-12-2023,U4,-,0,27-12-2023 15:02:59,December,Liquid Level - 2475
Level Sense,ps,27-12-2023,U5,-,0,27-12-2023 15:03:01,December,Liquid Level - 2491
Level Sense,ps,27-12-2023,U6,-,0,27-12-2023 15:03:04,December,Liquid Level - 2474
Level Sense,ps,27-12-2023,J1,-,0,27-12-2023 15:03:10,December,Liquid Level - 2496
Level Sense,ps,27-12-2023,J2,-,0,27-12-2023 15:03:13,December,Liquid Level - 2482
Level Sense,ps,27-12-2023,J3,-,0,27-12-2023 15:03:15,December,Liquid Level - 2500
Level Sense,ps,27-12-2023,J4,-,0,27-12-2023 15:03:18,December,Liquid Level - 2500
Level Sense,ps,27-12-2023,J5,-,0,27-12-2023 15:03:20,December,Liquid Level - 2497
Level Sense,ps,27-12-2023,J6,-,0,27-12-2023 15:03:23,December,Liquid Level - 2495
Level Sense,ps,27-12-2023,J7,-,0,27-12-2023 15:03:26,December,Liquid Level - 2491
Level Sense,ps,27-12-2023,J8,-,0,27-12-2023 15:03:28,December,Liquid Level - 2490
Level Sense,ps,27-12-2023,J9,-,0,27-12-2023 15:03:31,December,Liquid Level - 2482
Level Sense,ps,27-12-2023,W1,-,0,27-12-2023 15:03:33,December,Liquid Level - 2474
Level Sense,ps,27-12-2023,W2,-,0,27-12-2023 15:03:36,December,Liquid Level - 2478
Level Sense,ps,27-12-2023,W3,-,0,27-12-2023 15:03:38,December,Liquid Level - 2477
Level Sense,ps,27-12-2023,J10,-,0,27-12-2023 15:03:41,December,Liquid Level - 2496
Level Sense,ps,27-12-2023,J11,-,0,27-12-2023 15:03:44,December,Liquid Level - 2488
Level Sense,ps,27-12-2023,J12,-,0,27-12-2023 15:03:46,December,Liquid Level - 2480
Level Sense,ps,27-12-2023,J13,-,0,27-12-2023 15:03:49,December,Liquid Level - 2496
Level Sense,ps,27-12-2023,J14,-,0,27-12-2023 15:03:51,December,Liquid Level - 2514
Level Sense,ps,27-12-2023,J15,-,0,27-12-2023 15:03:54,December,Liquid Level - 2500
Level Sense,ps,27-12-2023,J16,-,0,27-12-2023 15:03:57,December,Liquid Level - 2487
Level Sense,ps,27-12-2023,J17,-,0,27-12-2023 15:03:59,December,Liquid Level - 2500
Level Sense,ps,27-12-2023,W4,-,0,27-12-2023 15:04:02,December,Liquid Level - 2499
Level Sense,ps,27-12-2023,W5,-,0,27-12-2023 15:04:05,December,Liquid Level - 2492
Level Sense,ps,27-12-2023,W6,-,0,27-12-2023 15:04:07,December,Liquid Level - 2491
Level Sense,ps,27-12-2023,J18,-,0,27-12-2023 15:04:10,December,Liquid Level - 2501
Level Sense,ps,27-12-2023,J19,-,0,27-12-2023 15:04:12,December,Liquid Level - 2504
Level Sense,ps,27-12-2023,J20,-,0,27-12-2023 15:04:15,December,Liquid Level - 2501
Level Sense,ps,27-12-2023,J21,-,0,27-12-2023 15:04:17,December,Liquid Level - 2493
Level Sense,ps,27-12-2023,J22,-,0,27-12-2023 15:04:20,December,Liquid Level - 2500
Level Sense,ps,27-12-2023,J23,-,0,27-12-2023 15:04:22,December,Liquid Level - 2518
Level Sense,ps,27-12-2023,J24,-,0,27-12-2023 15:04:25,December,Liquid Level - 2516
Level Sense,ps,27-12-2023,J25,-,0,27-12-2023 15:04:28,December,Liquid Level - 2508
Level Sense,ps,27-12-2023,J26,-,0,27-12-2023 15:04:30,December,Liquid Level - 2507
Level Sense,ps,27-12-2023,J27,-,0,27-12-2023 15:04:36,December,Liquid Level - 2498
Level Sense,ps,27-12-2023,J28,-,0,27-12-2023 15:04:39,December,Liquid Level - 2535
Level Sense,ps,27-12-2023,J29,-,0,27-12-2023 15:04:41,December,Liquid Level - 2533
Level Sense,ps,27-12-2023,J30,-,0,27-12-2023 15:04:44,December,Liquid Level - 2532
Level Sense,ps,27-12-2023,J31,-,0,27-12-2023 15:04:46,December,Liquid Level - 2529
Level Sense,ps,27-12-2023,J32,-,0,27-12-2023 15:04:49,December,Liquid Level - 2526
Level Sense,ps,27-12-2023,J33,-,0,27-12-2023 15:04:52,December,Liquid Level - 2530
Level Sense,ps,27-12-2023,H1,-,0,27-12-2023 15:04:56,December,Liquid Level - 3478
Level Sense,ps,27-12-2023,H2,-,0,27-12-2023 15:04:59,December,Liquid Level - 3463
Level Sense,ps,27-12-2023,H3,-,0,27-12-2023 15:05:02,December,Liquid Level - 3453
Level Sense,ps,27-12-2023,-,-,0,27-12-2023 15:05:15,December,Home Reached
Level Sense,ps,27-12-2023,-,-,0,27-12-2023 15:05:21,December,Home Reached
Level Sense,ps,27-12-2023,-,-,0,27-12-2023 15:05:21,December,
HEU1,ps,27-12-2023,-,-,0,27-12-2023 15:05:33,December,Test Started
HEU1,ps,27-12-2023,-,-,0,27-12-2023 15:06:09,December,Home Reached
HEU1,ps,27-12-2023,-,-,0,27-12-2023 15:06:09,December,
HEU1,ps,27-12-2023,-,-,0,27-12-2023 15:06:14,December,Home Reached
HEU1,ps,27-12-2023,-,-,0,27-12-2023 15:06:14,December,
HEU1,ps,27-12-2023,L1,-,0,27-12-2023 15:06:28,December,Liquid Level - 263
HEU1,ps,27-12-2023,L2,-,0,27-12-2023 15:06:31,December,Liquid Level - 271
HEU1,ps,27-12-2023,L3,-,0,27-12-2023 15:06:34,December,Liquid Level - 249
HEU1,ps,27-12-2023,-,-,0,27-12-2023 15:06:37,December,Home Reached
HEU1,ps,27-12-2023,-,-,0,27-12-2023 15:06:38,December,Home Status - 11111110
HEU1,ps,27-12-2023,-,-,0,27-12-2023 15:06:39,December,Home Reached
HEU1,ps,27-12-2023,,R1,0,27-12-2023 15:06:41,December,Test Started
HEU1,ps,27-12-2023,L1,R1,0,27-12-2023 15:06:48,December,Picked From
HEU1,ps,27-12-2023,J1,R1,0,27-12-2023 15:06:55,December,Placed In
HEU1,ps,27-12-2023,J1,R1,0,27-12-2023 15:12:01,December,Picked From
HEU1,ps,27-12-2023,J2,R1,0,27-12-2023 15:12:07,December,Placed In
HEU1,ps,27-12-2023,,R2,0,27-12-2023 15:15:16,December,Test Started
HEU1,ps,27-12-2023,L2,R2,0,27-12-2023 15:15:23,December,Picked From
HEU1,ps,27-12-2023,J1,R2,0,27-12-2023 15:15:30,December,Placed In
HEU1,ps,27-12-2023,J2,R1,0,27-12-2023 15:17:14,December,Picked From
HEU1,ps,27-12-2023,J3,R1,0,27-12-2023 15:17:20,December,Placed In
HEU1,ps,27-12-2023,J1,R2,0,27-12-2023 15:20:37,December,Picked From
HEU1,ps,27-12-2023,J2,R2,0,27-12-2023 15:20:43,December,Placed In
HEU1,ps,27-12-2023,J3,R1,0,27-12-2023 15:22:27,December,Picked From
HEU1,ps,27-12-2023,J4,R1,0,27-12-2023 15:22:33,December,Placed In
HEU1,ps,27-12-2023,,R3,0,27-12-2023 15:23:50,December,Test Started
HEU1,ps,27-12-2023,L3,R3,0,27-12-2023 15:23:58,December,Picked From
HEU1,ps,27-12-2023,J1,R3,0,27-12-2023 15:24:05,December,Placed In
HEU1,ps,27-12-2023,J4,R1,0,27-12-2023 15:25:40,December,Picked From
HEU1,ps,27-12-2023,J5,R1,0,27-12-2023 15:25:46,December,Placed In
HEU1,ps,27-12-2023,J2,R2,0,27-12-2023 15:26:01,December,Picked From
HEU1,ps,27-12-2023,J3,R2,0,27-12-2023 15:26:07,December,Placed In
HEU1,ps,27-12-2023,J5,R1,0,27-12-2023 15:28:53,December,Picked From
HEU1,ps,27-12-2023,J6,R1,0,27-12-2023 15:28:59,December,Placed In
HEU1,ps,27-12-2023,J1,R3,0,27-12-2023 15:29:13,December,Picked From
HEU1,ps,27-12-2023,J2,R3,0,27-12-2023 15:29:19,December,Placed In
HEU1,ps,27-12-2023,J3,R2,0,27-12-2023 15:31:13,December,Picked From
HEU1,ps,27-12-2023,J4,R2,0,27-12-2023 15:31:19,December,Placed In
HEU1,ps,27-12-2023,J6,R1,0,27-12-2023 15:32:05,December,Picked From
HEU1,ps,27-12-2023,J7,R1,0,27-12-2023 15:32:11,December,Placed In
HEU1,ps,27-12-2023,L1,-,0,27-12-2023 15:33:02,December,Liquid Level - 318
HEU1,ps,27-12-2023,L2,-,0,27-12-2023 15:33:04,December,Liquid Level - 276
HEU1,ps,27-12-2023,L3,-,0,27-12-2023 15:33:07,December,Liquid Level - 271
HEU1,ps,27-12-2023,-,-,0,27-12-2023 15:33:10,December,Home Reached
HEU1,ps,27-12-2023,-,-,0,27-12-2023 15:33:10,December,Home Status - 11111110
HEU1,ps,27-12-2023,-,-,0,27-12-2023 15:33:12,December,Home Reached
HEU1,ps,27-12-2023,,R4,0,27-12-2023 15:33:14,December,Test Started
HEU1,ps,27-12-2023,L1,R4,0,27-12-2023 15:33:21,December,Picked From
HEU1,ps,27-12-2023,J1,R4,0,27-12-2023 15:33:28,December,Placed In
HEU1,ps,27-12-2023,J7,R1,0,27-12-2023 15:34:21,December,Picked From
HEU1,ps,27-12-2023,J8,R1,0,27-12-2023 15:34:27,December,Placed In
HEU1,ps,27-12-2023,J4,R2,0,27-12-2023 15:34:38,December,Picked From
HEU1,ps,27-12-2023,J5,R2,0,27-12-2023 15:34:44,December,Placed In
HEU1,ps,27-12-2023,J2,R3,0,27-12-2023 15:35:00,December,Picked From
HEU1,ps,27-12-2023,J3,R3,0,27-12-2023 15:35:06,December,Placed In
HEU1,ps,27-12-2023,J5,R2,0,27-12-2023 15:37:51,December,Picked From
HEU1,ps,27-12-2023,J6,R2,0,27-12-2023 15:37:57,December,Placed In
HEU1,ps,27-12-2023,J1,R4,0,27-12-2023 15:38:36,December,Picked From
HEU1,ps,27-12-2023,J2,R4,0,27-12-2023 15:38:42,December,Placed In
HEU1,ps,27-12-2023,J3,R3,0,27-12-2023 15:40:12,December,Picked From
HEU1,ps,27-12-2023,J4,R3,0,27-12-2023 15:40:18,December,Placed In
HEU1,ps,27-12-2023,J6,R2,0,27-12-2023 15:41:03,December,Picked From
HEU1,ps,27-12-2023,J7,R2,0,27-12-2023 15:41:09,December,Placed In
HEU1,ps,27-12-2023,,R5,0,27-12-2023 15:41:49,December,Test Started
HEU1,ps,27-12-2023,L2,R5,0,27-12-2023 15:41:57,December,Picked From
HEU1,ps,27-12-2023,J1,R5,0,27-12-2023 15:42:04,December,Placed In
HEU1,ps,27-12-2023,W1,--,0,27-12-2023 15:42:09,December,Water Valve : 1 is On
HEU1,ps,27-12-2023,J8,R1,0,27-12-2023 15:42:35,December,Picked From
HEU1,ps,27-12-2023,W1,R1,0,27-12-2023 15:42:42,December,Placed In
HEU1,ps,27-12-2023,J7,R2,0,27-12-2023 15:43:18,December,Picked From
HEU1,ps,27-12-2023,J8,R2,0,27-12-2023 15:43:24,December,Placed In
HEU1,ps,27-12-2023,J4,R3,0,27-12-2023 15:43:37,December,Picked From
HEU1,ps,27-12-2023,J5,R3,0,27-12-2023 15:43:43,December,Placed In
HEU1,ps,27-12-2023,J2,R4,0,27-12-2023 15:44:00,December,Picked From
HEU1,ps,27-12-2023,J3,R4,0,27-12-2023 15:44:06,December,Placed In
HEU1,ps,27-12-2023,W1,--,0,27-12-2023 15:44:43,December,Water Valve : 1 is Off
HEU1,ps,27-12-2023,W1,R1,0,27-12-2023 15:44:51,December,Picked From
HEU1,ps,27-12-2023,W1,--,0,27-12-2023 15:44:51,December,Water Valve : 1 is On
HEU1,ps,27-12-2023,J9,R1,0,27-12-2023 15:44:58,December,Dipped In
HEU1,ps,27-12-2023,W1,R1,0,27-12-2023 15:45:04,December,Placed In
HEU1,ps,27-12-2023,J5,R3,0,27-12-2023 15:46:51,December,Picked From
HEU1,ps,27-12-2023,J6,R3,0,27-12-2023 15:46:57,December,Placed In
HEU1,ps,27-12-2023,J1,R5,0,27-12-2023 15:47:11,December,Picked From
HEU1,ps,27-12-2023,J2,R5,0,27-12-2023 15:47:18,December,Placed In
HEU1,ps,27-12-2023,W1,R1,0,27-12-2023 15:47:30,December,Picked From
HEU1,ps,27-12-2023,W1,--,0,27-12-2023 15:47:31,December,Water Valve : 1 is On
HEU1,ps,27-12-2023,J18,R1,0,27-12-2023 15:47:37,December,Dipped In
HEU1,ps,27-12-2023,W1,R1,0,27-12-2023 15:47:44,December,Placed In
HEU1,ps,27-12-2023,J3,R4,0,27-12-2023 15:49:15,December,Picked From
HEU1,ps,27-12-2023,J4,R4,0,27-12-2023 15:49:21,December,Placed In
HEU1,ps,27-12-2023,W1,R1,0,27-12-2023 15:49:53,December,Picked From
HEU1,ps,27-12-2023,J19,R1,0,27-12-2023 15:50:00,December,Dipped In
HEU1,ps,27-12-2023,J20,R1,0,27-12-2023 15:50:06,December,Placed In
HEU1,ps,27-12-2023,W1,--,0,27-12-2023 15:50:06,December,Water Valve : 1 is Off
HEU1,ps,27-12-2023,J6,R3,0,27-12-2023 15:50:19,December,Picked From
HEU1,ps,27-12-2023,J7,R3,0,27-12-2023 15:50:25,December,Placed In
HEU1,ps,27-12-2023,J8,R2,0,27-12-2023 15:51:30,December,Picked From
HEU1,ps,27-12-2023,W1,R2,0,27-12-2023 15:51:37,December,Placed In
HEU1,ps,27-12-2023,J20,R1,0,27-12-2023 15:52:13,December,Picked From
HEU1,ps,27-12-2023,J21,R1,0,27-12-2023 15:52:19,December,Placed In
HEU1,ps,27-12-2023,J7,R3,0,27-12-2023 15:52:31,December,Picked From
HEU1,ps,27-12-2023,J8,R3,0,27-12-2023 15:52:37,December,Placed In
HEU1,ps,27-12-2023,J2,R5,0,27-12-2023 15:52:58,December,Picked From
HEU1,ps,27-12-2023,J3,R5,0,27-12-2023 15:53:04,December,Placed In
HEU1,ps,27-12-2023,J4,R4,0,27-12-2023 15:53:15,December,Picked From
HEU1,ps,27-12-2023,J5,R4,0,27-12-2023 15:53:21,December,Placed In
HEU1,ps,27-12-2023,W1,R2,0,27-12-2023 15:53:44,December,Picked From
HEU1,ps,27-12-2023,W1,--,0,27-12-2023 15:53:44,December,Water Valve : 1 is On
HEU1,ps,27-12-2023,J9,R2,0,27-12-2023 15:53:51,December,Dipped In
HEU1,ps,27-12-2023,W1,R2,0,27-12-2023 15:53:58,December,Placed In
HEU1,ps,27-12-2023,J21,R1,0,27-12-2023 15:54:26,December,Picked From
HEU1,ps,27-12-2023,J22,R1,0,27-12-2023 15:54:32,December,Placed In
HEU1,ps,27-12-2023,,R6,0,27-12-2023 15:55:13,December,Test Started
HEU1,ps,27-12-2023,L3,R6,0,27-12-2023 15:55:20,December,Picked From
HEU1,ps,27-12-2023,J1,R6,0,27-12-2023 15:55:27,December,Placed In
HEU1,ps,27-12-2023,W1,R2,0,27-12-2023 15:56:08,December,Picked From
HEU1,ps,27-12-2023,W1,--,0,27-12-2023 15:56:08,December,Water Valve : 1 is On
HEU1,ps,27-12-2023,J18,R2,0,27-12-2023 15:56:15,December,Dipped In
HEU1,ps,27-12-2023,W1,R2,0,27-12-2023 15:56:22,December,Placed In
HEU1,ps,27-12-2023,J22,R1,0,27-12-2023 15:56:40,December,Picked From
HEU1,ps,27-12-2023,J23,R1,0,27-12-2023 15:56:46,December,Placed In
HEU1,ps,27-12-2023,J5,R4,0,27-12-2023 15:56:54,December,Picked From
HEU1,ps,27-12-2023,J6,R4,0,27-12-2023 15:57:01,December,Placed In
HEU1,ps,27-12-2023,J3,R5,0,27-12-2023 15:58:11,December,Picked From
HEU1,ps,27-12-2023,J4,R5,0,27-12-2023 15:58:17,December,Placed In
HEU1,ps,27-12-2023,W1,R2,0,27-12-2023 15:58:31,December,Picked From
HEU1,ps,27-12-2023,J19,R2,0,27-12-2023 15:58:37,December,Dipped In
HEU1,ps,27-12-2023,J20,R2,0,27-12-2023 15:58:43,December,Placed In
HEU1,ps,27-12-2023,W1,--,0,27-12-2023 15:58:53,December,Water Valve : 1 is Off
HEU1,ps,27-12-2023,J23,R1,0,27-12-2023 15:59:53,December,Picked From
HEU1,ps,27-12-2023,J24,R1,0,27-12-2023 15:59:59,December,Placed In
HEU1,ps,27-12-2023,J6,R4,0,27-12-2023 16:00:23,December,Picked From
HEU1,ps,27-12-2023,J7,R4,0,27-12-2023 16:00:29,December,Placed In
HEU1,ps,27-12-2023,J8,R3,0,27-12-2023 16:00:43,December,Picked From
HEU1,ps,27-12-2023,W1,R3,0,27-12-2023 16:00:50,December,Placed In
HEU1,ps,27-12-2023,J1,R6,0,27-12-2023 16:01:09,December,Picked From
HEU1,ps,27-12-2023,J2,R6,0,27-12-2023 16:01:15,December,Placed In
HEU1,ps,27-12-2023,J4,R5,0,27-12-2023 16:01:24,December,Picked From
HEU1,ps,27-12-2023,J5,R5,0,27-12-2023 16:01:30,December,Placed In
HEU1,ps,27-12-2023,J20,R2,0,27-12-2023 16:01:54,December,Picked From
HEU1,ps,27-12-2023,J21,R2,0,27-12-2023 16:02:00,December,Placed In
HEU1,ps,27-12-2023,J7,R4,0,27-12-2023 16:02:36,December,Picked From
HEU1,ps,27-12-2023,J8,R4,0,27-12-2023 16:02:42,December,Placed In
HEU1,ps,27-12-2023,W1,R3,0,27-12-2023 16:02:58,December,Picked From
HEU1,ps,27-12-2023,W1,--,0,27-12-2023 16:02:58,December,Water Valve : 1 is On
HEU1,ps,27-12-2023,J9,R3,0,27-12-2023 16:03:04,December,Dipped In
HEU1,ps,27-12-2023,W1,R3,0,27-12-2023 16:03:11,December,Placed In
HEU1,ps,27-12-2023,J24,R1,0,27-12-2023 16:03:25,December,Picked From
HEU1,ps,27-12-2023,J25,R1,0,27-12-2023 16:03:31,December,Placed In
HEU1,ps,27-12-2023,J21,R2,0,27-12-2023 16:04:08,December,Picked From
HEU1,ps,27-12-2023,J22,R2,0,27-12-2023 16:04:14,December,Placed In
HEU1,ps,27-12-2023,J5,R5,0,27-12-2023 16:04:36,December,Picked From
HEU1,ps,27-12-2023,J6,R5,0,27-12-2023 16:04:42,December,Placed In
HEU1,ps,27-12-2023,W1,R3,0,27-12-2023 16:05:18,December,Picked From
HEU1,ps,27-12-2023,W1,--,0,27-12-2023 16:05:18,December,Water Valve : 1 is On
HEU1,ps,27-12-2023,J18,R3,0,27-12-2023 16:05:25,December,Dipped In
HEU1,ps,27-12-2023,W1,R3,0,27-12-2023 16:05:31,December,Placed In
HEU1,ps,27-12-2023,J22,R2,0,27-12-2023 16:06:22,December,Picked From
HEU1,ps,27-12-2023,J23,R2,0,27-12-2023 16:06:28,December,Placed In
HEU1,ps,27-12-2023,J25,R1,0,27-12-2023 16:06:37,December,Picked From
HEU1,ps,27-12-2023,U1,R1,0,27-12-2023 16:06:49,December,Placed In
HEU1,ps,27-12-2023,U1,R1,0,27-12-2023 16:06:50,December,Test Completed
HEU1,ps,27-12-2023,J2,R6,0,27-12-2023 16:07:26,December,Picked From
HEU1,ps,27-12-2023,J3,R6,0,27-12-2023 16:07:32,December,Placed In
HEU1,ps,27-12-2023,J6,R5,0,27-12-2023 16:07:49,December,Picked From
HEU1,ps,27-12-2023,J7,R5,0,27-12-2023 16:07:55,December,Placed In
HEU1,ps,27-12-2023,W1,R3,0,27-12-2023 16:08:06,December,Picked From
HEU1,ps,27-12-2023,J19,R3,0,27-12-2023 16:08:12,December,Dipped In
HEU1,ps,27-12-2023,J20,R3,0,27-12-2023 16:08:18,December,Placed In
HEU1,ps,27-12-2023,W1,--,0,27-12-2023 16:08:19,December,Water Valve : 1 is Off
HEU1,ps,27-12-2023,J23,R2,0,27-12-2023 16:09:35,December,Picked From
HEU1,ps,27-12-2023,J24,R2,0,27-12-2023 16:09:41,December,Placed In
HEU1,ps,27-12-2023,J20,R3,0,27-12-2023 16:10:25,December,Picked From
HEU1,ps,27-12-2023,J21,R3,0,27-12-2023 16:10:32,December,Placed In
HEU1,ps,27-12-2023,J8,R4,0,27-12-2023 16:10:48,December,Picked From
HEU1,ps,27-12-2023,W1,R4,0,27-12-2023 16:10:55,December,Placed In
HEU1,ps,27-12-2023,J7,R5,0,27-12-2023 16:11:07,December,Picked From
HEU1,ps,27-12-2023,J8,R5,0,27-12-2023 16:11:13,December,Placed In
HEU1,ps,27-12-2023,L1,-,0,27-12-2023 16:12:05,December,Liquid Level - 291
HEU1,ps,27-12-2023,L2,-,0,27-12-2023 16:12:07,December,Liquid Level - 273
HEU1,ps,27-12-2023,L3,-,0,27-12-2023 16:12:10,December,Liquid Level - 314
HEU1,ps,27-12-2023,-,-,0,27-12-2023 16:12:13,December,Home Reached
HEU1,ps,27-12-2023,-,-,0,27-12-2023 16:12:14,December,Home Status - 11111100
HEU1,ps,27-12-2023,-,-,0,27-12-2023 16:12:15,December,Home Reached
HEU1,ps,27-12-2023,U1,R7,0,27-12-2023 16:12:17,December,Test Started
HEU1,ps,27-12-2023,L1,R7,0,27-12-2023 16:12:24,December,Picked From
HEU1,ps,27-12-2023,J1,R7,0,27-12-2023 16:12:31,December,Placed In
HEU1,ps,27-12-2023,J21,R3,0,27-12-2023 16:12:39,December,Picked From
HEU1,ps,27-12-2023,J22,R3,0,27-12-2023 16:12:45,December,Placed In
HEU1,ps,27-12-2023,J3,R6,0,27-12-2023 16:12:54,December,Picked From
HEU1,ps,27-12-2023,J4,R6,0,27-12-2023 16:13:01,December,Placed In
HEU1,ps,27-12-2023,W1,R4,0,27-12-2023 16:13:19,December,Picked From
HEU1,ps,27-12-2023,W1,--,0,27-12-2023 16:13:19,December,Water Valve : 1 is On
HEU1,ps,27-12-2023,J9,R4,0,27-12-2023 16:13:26,December,Dipped In
HEU1,ps,27-12-2023,W1,R4,0,27-12-2023 16:13:33,December,Placed In
HEU1,ps,27-12-2023,J24,R2,0,27-12-2023 16:13:49,December,Picked From
HEU1,ps,27-12-2023,J25,R2,0,27-12-2023 16:13:55,December,Placed In
