Home Command,ps,15-10-2024,-,-,-,0,15-10-2024 10:56:53.610,October,Home Reached,0
Home Command,ps,15-10-2024,-,-,-,0,15-10-2024 10:56:57.816,October,Home Reached,0
Home Command,ps,15-10-2024,U1,-,-,0,15-10-2024 10:57:04.361,October,Liquid Level - 2310,0
Home Command,ps,15-10-2024,U2,-,-,0,15-10-2024 10:57:07.201,October,Liquid Level - 2321,0
Home Command,ps,15-10-2024,U3,-,-,0,15-10-2024 10:57:09.861,October,Liquid Level - 2319,0
Home Command,ps,15-10-2024,U4,-,-,0,15-10-2024 10:57:12.554,October,Liquid Level - 2319,0
Home Command,ps,15-10-2024,U5,-,-,0,15-10-2024 10:57:15.232,October,Liquid Level - 2316,0
Home Command,ps,15-10-2024,U6,-,-,0,15-10-2024 10:57:17.912,October,Liquid Level - 2317,0
Home Command,ps,15-10-2024,J1,-,-,0,15-10-2024 10:57:24.271,October,Liquid Level - 2320,0
Home Command,ps,15-10-2024,J2,-,-,0,15-10-2024 10:57:26.778,October,Liquid Level - 2328,0
Home Command,ps,15-10-2024,J3,-,-,0,15-10-2024 10:57:29.451,October,Liquid Level - 2332,0
Home Command,ps,15-10-2024,J4,-,-,0,15-10-2024 10:57:32.132,October,Liquid Level - 2326,0
Home Command,ps,15-10-2024,J5,-,-,0,15-10-2024 10:57:34.812,October,Liquid Level - 2335,0
Home Command,ps,15-10-2024,J6,-,-,0,15-10-2024 10:57:37.513,October,Liquid Level - 2327,0
Home Command,ps,15-10-2024,J7,-,-,0,15-10-2024 10:57:40.185,October,Liquid Level - 2323,0
Home Command,ps,15-10-2024,J8,-,-,0,15-10-2024 10:57:42.897,October,Liquid Level - 2328,0
Home Command,ps,15-10-2024,J9,-,-,0,15-10-2024 10:57:45.571,October,Liquid Level - 2332,0
Home Command,ps,15-10-2024,W1,-,-,0,15-10-2024 10:57:48.268,October,Liquid Level - 2318,0
Home Command,ps,15-10-2024,W2,-,-,0,15-10-2024 10:57:50.970,October,Liquid Level - 2318,0
Home Command,ps,15-10-2024,W3,-,-,0,15-10-2024 10:57:53.656,October,Liquid Level - 2319,0
Home Command,ps,15-10-2024,J10,-,-,0,15-10-2024 10:57:56.352,October,Liquid Level - 2322,0
Home Command,ps,15-10-2024,J11,-,-,0,15-10-2024 10:57:59.030,October,Liquid Level - 2324,0
Home Command,ps,15-10-2024,J12,-,-,0,15-10-2024 10:58:01.715,October,Liquid Level - 2305,0
Home Command,ps,15-10-2024,J13,-,-,0,15-10-2024 10:58:04.390,October,Liquid Level - 2318,0
Home Command,ps,15-10-2024,J14,-,-,0,15-10-2024 10:58:07.272,October,Liquid Level - 2309,0
Home Command,ps,15-10-2024,J15,-,-,0,15-10-2024 10:58:09.779,October,Liquid Level - 2336,0
Home Command,ps,15-10-2024,J16,-,-,0,15-10-2024 10:58:12.472,October,Liquid Level - 2321,0
Home Command,ps,15-10-2024,J17,-,-,0,15-10-2024 10:58:15.146,October,Liquid Level - 2315,0
Home Command,ps,15-10-2024,W4,-,-,0,15-10-2024 10:58:17.842,October,Liquid Level - 2315,0
Home Command,ps,15-10-2024,W5,-,-,0,15-10-2024 10:58:20.540,October,Liquid Level - 2321,0
Home Command,ps,15-10-2024,W6,-,-,0,15-10-2024 10:58:23.222,October,Liquid Level - 2319,0
Home Command,ps,15-10-2024,J18,-,-,0,15-10-2024 10:58:25.884,October,Liquid Level - 2329,0
Home Command,ps,15-10-2024,J19,-,-,0,15-10-2024 10:58:28.581,October,Liquid Level - 2326,0
Home Command,ps,15-10-2024,J20,-,-,0,15-10-2024 10:58:31.287,October,Liquid Level - 2336,0
Home Command,ps,15-10-2024,J21,-,-,0,15-10-2024 10:58:33.977,October,Liquid Level - 2332,0
Home Command,ps,15-10-2024,J22,-,-,0,15-10-2024 10:58:36.675,October,Liquid Level - 2328,0
Home Command,ps,15-10-2024,J23,-,-,0,15-10-2024 10:58:39.369,October,Liquid Level - 2334,0
Home Command,ps,15-10-2024,J24,-,-,0,15-10-2024 10:58:42.055,October,Liquid Level - 2337,0
Home Command,ps,15-10-2024,J25,-,-,0,15-10-2024 10:58:44.750,October,Liquid Level - 2335,0
Home Command,ps,15-10-2024,J26,-,-,0,15-10-2024 10:58:47.457,October,Liquid Level - 2318,0
Home Command,ps,15-10-2024,J27,-,-,0,15-10-2024 10:58:53.417,October,Liquid Level - 2310,0
Home Command,ps,15-10-2024,J28,-,-,0,15-10-2024 10:58:56.347,October,Liquid Level - 2350,0
Home Command,ps,15-10-2024,J29,-,-,0,15-10-2024 10:58:59.029,October,Liquid Level - 2344,0
Home Command,ps,15-10-2024,J30,-,-,0,15-10-2024 10:59:01.734,October,Liquid Level - 2350,0
Home Command,ps,15-10-2024,J31,-,-,0,15-10-2024 10:59:04.436,October,Liquid Level - 2352,0
Home Command,ps,15-10-2024,J32,-,-,0,15-10-2024 10:59:07.138,October,Liquid Level - 2377,0
Home Command,ps,15-10-2024,J33,-,-,0,15-10-2024 10:59:09.841,October,Liquid Level - 2381,0
Home Command,ps,15-10-2024,H1,-,-,0,15-10-2024 10:59:14.181,October,Liquid Level - 3208,0
Home Command,ps,15-10-2024,H2,-,-,0,15-10-2024 10:59:16.871,October,Liquid Level - 3202,0
Home Command,ps,15-10-2024,H3,-,-,0,15-10-2024 10:59:19.550,October,Liquid Level - 3199,0
Home Command,ps,15-10-2024,-,-,-,0,15-10-2024 10:59:32.325,October,Home Reached,0
Home Command,ps,15-10-2024,-,-,-,0,15-10-2024 10:59:40.066,October,Home Reached,0
H- E,ps,15-10-2024,-,-,-,0,15-10-2024 10:59:48.974,October,Protorun Started,88
H- E,ps,15-10-2024,-,-,-,0,15-10-2024 11:00:01.491,October,Home Reached,88
H- E,ps,15-10-2024,-,-,-,0,15-10-2024 11:00:05.890,October,Home Reached,88
H- E,ps,15-10-2024,H1,-,-,0,15-10-2024 11:00:17.184,October,Liquid Level - 3222,88
H- E,ps,15-10-2024,H2,-,-,0,15-10-2024 11:00:19.972,October,Liquid Level - 3213,88
H- E,ps,15-10-2024,H3,-,-,0,15-10-2024 11:00:22.658,October,Liquid Level - 3208,88
H- E,ps,15-10-2024,L1,-,-,0,15-10-2024 11:00:26.449,October,Liquid Level - 263,88
H- E,ps,15-10-2024,L2,-,-,0,15-10-2024 11:00:29.388,October,Liquid Level - 258,88
H- E,ps,15-10-2024,L3,-,-,0,15-10-2024 11:00:32.086,October,Liquid Level - 245,88
H- E,ps,15-10-2024,-,-,-,0,15-10-2024 11:00:43.522,October,Home Reached,88
H- E,ps,15-10-2024,-,-,-,0,15-10-2024 11:00:50.751,October,Home Reached,88
H- E,ps,15-10-2024,L1,Heating,1,0,15-10-2024 11:01:04.448,October,1 Picked From L1,88
H- E,ps,15-10-2024,H1,Heating,1,0,15-10-2024 11:01:11.777,October,1 Placed In H1,88
H- E,ps,15-10-2024,L2,Heating,2,0,15-10-2024 11:01:18.532,October,2 Picked From L2,88
H- E,ps,15-10-2024,H2,Heating,2,0,15-10-2024 11:01:25.757,October,2 Placed In H2,88
H- E,ps,15-10-2024,L3,Heating,3,0,15-10-2024 11:01:32.509,October,3 Picked From L3,88
H- E,ps,15-10-2024,-,-,-,0,15-10-2024 11:01:39.796,October,Heater Door Closed,88
H- E,ps,15-10-2024,-,-,-,0,15-10-2024 11:01:40.154,October,Heater Switched On ,88
H- E,ps,15-10-2024,-,-,-,30,15-10-2024 11:01:40.633,October,30 - Temperature set to device,88
H- E,ps,15-10-2024,-,-,-,33,15-10-2024 11:01:46.329,October,Device temperature ,88
H- E,ps,15-10-2024,-,-,-,34,15-10-2024 11:01:56.506,October,Device temperature ,88
H- E,ps,15-10-2024,-,-,-,34,15-10-2024 11:02:01.513,October,Device temperature ,88
H- E,ps,15-10-2024,-,-,-,33,15-10-2024 11:02:06.505,October,Device temperature ,88
H- E,ps,15-10-2024,-,-,-,33,15-10-2024 11:02:11.515,October,Device temperature ,88
H- E,ps,15-10-2024,-,-,-,34,15-10-2024 11:02:16.540,October,Device temperature ,88
H- E,ps,15-10-2024,-,-,-,34,15-10-2024 11:02:21.559,October,Device temperature ,88
H- E,ps,15-10-2024,-,-,-,34,15-10-2024 11:02:26.557,October,Device temperature ,88
H- E,ps,15-10-2024,-,-,-,33,15-10-2024 11:02:31.575,October,Device temperature ,88
H- E,ps,15-10-2024,-,-,-,34,15-10-2024 11:02:36.563,October,Device temperature ,88
H- E,ps,15-10-2024,-,-,-,34,15-10-2024 11:02:41.588,October,Device temperature ,88
H- E,ps,15-10-2024,-,-,-,34,15-10-2024 11:02:46.590,October,Device temperature ,88
H- E,ps,15-10-2024,-,-,-,34,15-10-2024 11:02:51.588,October,Device temperature ,88
H- E,ps,15-10-2024,-,-,-,34,15-10-2024 11:02:56.638,October,Device temperature ,88
H- E,ps,15-10-2024,-,-,-,34,15-10-2024 11:03:01.582,October,Device temperature ,88
H- E,ps,15-10-2024,-,-,-,33,15-10-2024 11:03:06.578,October,Device temperature ,88
H- E,ps,15-10-2024,-,-,-,0,15-10-2024 11:03:06.875,October,Heater Switched Off ,88
Home Command,ps,15-10-2024,-,-,-,0,15-10-2024 11:09:13.373,October,Home Reached,0
Home Command,ps,15-10-2024,-,-,-,0,15-10-2024 11:09:17.902,October,Home Reached,0
Home Command,ps,15-10-2024,U1,-,-,0,15-10-2024 11:09:24.411,October,Liquid Level - 2304,0
Home Command,ps,15-10-2024,U2,-,-,0,15-10-2024 11:09:27.212,October,Liquid Level - 2322,0
Home Command,ps,15-10-2024,U3,-,-,0,15-10-2024 11:09:29.890,October,Liquid Level - 2315,0
Home Command,ps,15-10-2024,U4,-,-,0,15-10-2024 11:09:32.562,October,Liquid Level - 2317,0
Home Command,ps,15-10-2024,U5,-,-,0,15-10-2024 11:09:35.238,October,Liquid Level - 2321,0
Home Command,ps,15-10-2024,U6,-,-,0,15-10-2024 11:09:37.883,October,Liquid Level - 2314,0
Home Command,ps,15-10-2024,J1,-,-,0,15-10-2024 11:09:44.220,October,Liquid Level - 2330,0
Home Command,ps,15-10-2024,J2,-,-,0,15-10-2024 11:09:46.721,October,Liquid Level - 2321,0
Home Command,ps,15-10-2024,J3,-,-,0,15-10-2024 11:09:49.404,October,Liquid Level - 2329,0
Home Command,ps,15-10-2024,J4,-,-,0,15-10-2024 11:09:52.061,October,Liquid Level - 2326,0
Home Command,ps,15-10-2024,J5,-,-,0,15-10-2024 11:09:54.745,October,Liquid Level - 2324,0
Home Command,ps,15-10-2024,J6,-,-,0,15-10-2024 11:09:57.420,October,Liquid Level - 2323,0
Home Command,ps,15-10-2024,J7,-,-,0,15-10-2024 11:10:00.091,October,Liquid Level - 2325,0
Home Command,ps,15-10-2024,J8,-,-,0,15-10-2024 11:10:02.758,October,Liquid Level - 2323,0
Home Command,ps,15-10-2024,J9,-,-,0,15-10-2024 11:10:05.435,October,Liquid Level - 2328,0
Home Command,ps,15-10-2024,W1,-,-,0,15-10-2024 11:10:08.108,October,Liquid Level - 2323,0
Home Command,ps,15-10-2024,W2,-,-,0,15-10-2024 11:10:10.784,October,Liquid Level - 2331,0
Home Command,ps,15-10-2024,W3,-,-,0,15-10-2024 11:10:13.441,October,Liquid Level - 2324,0
Home Command,ps,15-10-2024,J10,-,-,0,15-10-2024 11:10:16.105,October,Liquid Level - 2325,0
Home Command,ps,15-10-2024,J11,-,-,0,15-10-2024 11:10:18.764,October,Liquid Level - 2322,0
Home Command,ps,15-10-2024,J12,-,-,0,15-10-2024 11:10:21.444,October,Liquid Level - 2311,0
Home Command,ps,15-10-2024,J13,-,-,0,15-10-2024 11:10:24.116,October,Liquid Level - 2328,0
Home Command,ps,15-10-2024,J14,-,-,0,15-10-2024 11:10:26.953,October,Liquid Level - 2317,0
Home Command,ps,15-10-2024,J15,-,-,0,15-10-2024 11:10:29.553,October,Liquid Level - 2331,0
Home Command,ps,15-10-2024,J16,-,-,0,15-10-2024 11:10:32.221,October,Liquid Level - 2317,0
Home Command,ps,15-10-2024,J17,-,-,0,15-10-2024 11:10:34.885,October,Liquid Level - 2315,0
Home Command,ps,15-10-2024,W4,-,-,0,15-10-2024 11:10:37.548,October,Liquid Level - 2319,0
Home Command,ps,15-10-2024,W5,-,-,0,15-10-2024 11:10:40.217,October,Liquid Level - 2321,0
Home Command,ps,15-10-2024,W6,-,-,0,15-10-2024 11:10:42.891,October,Liquid Level - 2318,0
Home Command,ps,15-10-2024,J18,-,-,0,15-10-2024 11:10:45.566,October,Liquid Level - 2333,0
Home Command,ps,15-10-2024,J19,-,-,0,15-10-2024 11:10:48.241,October,Liquid Level - 2317,0
Home Command,ps,15-10-2024,J20,-,-,0,15-10-2024 11:10:50.899,October,Liquid Level - 2333,0
Home Command,ps,15-10-2024,J21,-,-,0,15-10-2024 11:10:53.566,October,Liquid Level - 2333,0
Home Command,ps,15-10-2024,J22,-,-,0,15-10-2024 11:10:56.238,October,Liquid Level - 2324,0
Home Command,ps,15-10-2024,J23,-,-,0,15-10-2024 11:10:58.918,October,Liquid Level - 2330,0
Home Command,ps,15-10-2024,J24,-,-,0,15-10-2024 11:11:01.582,October,Liquid Level - 2329,0
Home Command,ps,15-10-2024,J25,-,-,0,15-10-2024 11:11:04.273,October,Liquid Level - 2338,0
Home Command,ps,15-10-2024,J26,-,-,0,15-10-2024 11:11:06.930,October,Liquid Level - 2325,0
Home Command,ps,15-10-2024,J27,-,-,0,15-10-2024 11:11:12.857,October,Liquid Level - 2316,0
Home Command,ps,15-10-2024,J28,-,-,0,15-10-2024 11:11:15.779,October,Liquid Level - 2359,0
Home Command,ps,15-10-2024,J29,-,-,0,15-10-2024 11:11:18.457,October,Liquid Level - 2345,0
Home Command,ps,15-10-2024,J30,-,-,0,15-10-2024 11:11:21.136,October,Liquid Level - 2354,0
Home Command,ps,15-10-2024,J31,-,-,0,15-10-2024 11:11:23.790,October,Liquid Level - 2348,0
Home Command,ps,15-10-2024,J32,-,-,0,15-10-2024 11:11:26.464,October,Liquid Level - 2374,0
Home Command,ps,15-10-2024,J33,-,-,0,15-10-2024 11:11:29.135,October,Liquid Level - 2366,0
Home Command,ps,15-10-2024,H1,-,-,0,15-10-2024 11:11:33.494,October,Liquid Level - 3208,0
Home Command,ps,15-10-2024,H2,-,-,0,15-10-2024 11:11:36.163,October,Liquid Level - 3206,0
Home Command,ps,15-10-2024,H3,-,-,0,15-10-2024 11:11:38.828,October,Liquid Level - 3198,0
Home Command,ps,15-10-2024,-,-,-,0,15-10-2024 11:11:51.608,October,Home Reached,0
Home Command,ps,15-10-2024,-,-,-,0,15-10-2024 11:11:59.274,October,Home Reached,0
H- E,ps,15-10-2024,-,-,-,0,15-10-2024 12:28:42.322,October,Protorun Started,89
H- E,ps,15-10-2024,-,-,-,0,15-10-2024 12:28:53.117,October,Home Reached,89
H- E,ps,15-10-2024,-,-,-,0,15-10-2024 12:28:55.804,October,Home Reached,89
H- E,ps,15-10-2024,H1,-,-,0,15-10-2024 12:29:07.443,October,Liquid Level - 3226,89
H- E,ps,15-10-2024,H2,-,-,0,15-10-2024 12:29:10.114,October,Liquid Level - 3214,89
H- E,ps,15-10-2024,H3,-,-,0,15-10-2024 12:29:12.791,October,Liquid Level - 3213,89
H- E,ps,15-10-2024,L1,-,-,0,15-10-2024 12:29:16.562,October,Liquid Level - 280,89
H- E,ps,15-10-2024,L2,-,-,0,15-10-2024 12:29:19.467,October,Liquid Level - 274,89
H- E,ps,15-10-2024,L3,-,-,0,15-10-2024 12:29:22.150,October,Liquid Level - 254,89
H- E,ps,15-10-2024,-,-,-,0,15-10-2024 12:29:33.554,October,Home Reached,89
H- E,ps,15-10-2024,-,-,-,0,15-10-2024 12:29:36.209,October,Home Reached,89
H- E,ps,15-10-2024,L1,Heating,1,0,15-10-2024 12:29:49.898,October,1 Picked From L1,89
H- E,ps,15-10-2024,H1,Heating,1,0,15-10-2024 12:29:57.190,October,1 Placed In H1,89
H- E,ps,15-10-2024,L2,Heating,2,0,15-10-2024 12:30:04.400,October,2 Picked From L2,89
H- E,ps,15-10-2024,H2,Heating,2,0,15-10-2024 12:30:11.631,October,2 Placed In H2,89
H- E,ps,15-10-2024,L3,Heating,3,0,15-10-2024 12:30:18.342,October,3 Picked From L3,89
H- E,ps,15-10-2024,-,-,-,0,15-10-2024 12:30:25.571,October,Heater Door Closed,89
H- E,ps,15-10-2024,-,-,-,0,15-10-2024 12:30:25.897,October,Heater Switched On ,89
H- E,ps,15-10-2024,-,-,-,30,15-10-2024 12:30:26.377,October,30 - Temperature set to device,89
H- E,ps,15-10-2024,-,-,-,33,15-10-2024 12:30:31.551,October,Device temperature ,89
H- E,ps,15-10-2024,-,-,-,34,15-10-2024 12:30:41.725,October,Device temperature ,89
H- E,ps,15-10-2024,-,-,-,34,15-10-2024 12:30:46.731,October,Device temperature ,89
H- E,ps,15-10-2024,-,-,-,34,15-10-2024 12:30:51.728,October,Device temperature ,89
H- E,ps,15-10-2024,-,-,-,34,15-10-2024 12:30:56.734,October,Device temperature ,89
H- E,ps,15-10-2024,-,-,-,34,15-10-2024 12:31:01.728,October,Device temperature ,89
H- E,ps,15-10-2024,-,-,-,34,15-10-2024 12:31:06.718,October,Device temperature ,89
H- E,ps,15-10-2024,-,-,-,34,15-10-2024 12:31:11.723,October,Device temperature ,89
H- E,ps,15-10-2024,-,-,-,35,15-10-2024 12:31:16.733,October,Device temperature ,89
H- E,ps,15-10-2024,-,-,-,34,15-10-2024 12:31:21.717,October,Device temperature ,89
H- E,ps,15-10-2024,-,-,-,34,15-10-2024 12:31:26.730,October,Device temperature ,89
H- E,ps,15-10-2024,-,-,-,34,15-10-2024 12:31:31.716,October,Device temperature ,89
H- E,ps,15-10-2024,-,-,-,34,15-10-2024 12:31:36.734,October,Device temperature ,89
H- E,ps,15-10-2024,-,-,-,34,15-10-2024 12:31:41.725,October,Device temperature ,89
H- E,ps,15-10-2024,-,-,-,33,15-10-2024 12:31:46.725,October,Device temperature ,89
H- E,ps,15-10-2024,-,-,-,34,15-10-2024 12:31:51.729,October,Device temperature ,89
H- E,ps,15-10-2024,-,-,-,34,15-10-2024 12:31:56.718,October,Device temperature ,89
H- E,ps,15-10-2024,-,-,-,35,15-10-2024 12:32:01.721,October,Device temperature ,89
H- E,ps,15-10-2024,-,-,-,34,15-10-2024 12:32:06.735,October,Device temperature ,89
H- E,ps,15-10-2024,-,-,-,33,15-10-2024 12:32:11.722,October,Device temperature ,89
H- E,ps,15-10-2024,-,-,-,0,15-10-2024 12:32:13.218,October,Heater Switched Off ,89
H- E,ps,15-10-2024,-,-,-,0,15-10-2024 12:32:14.744,October,Protorun Stopped,89
H- E,ps,15-10-2024,-,-,-,0,15-10-2024 12:32:38.596,October,Protorun Started,90
H- E,ps,15-10-2024,-,-,-,0,15-10-2024 12:33:01.742,October,Home Reached,90
H- E,ps,15-10-2024,-,-,-,0,15-10-2024 12:33:04.426,October,Home Reached,90
H- E,ps,15-10-2024,H1,-,-,0,15-10-2024 12:33:16.072,October,Liquid Level - 3224,90
H- E,ps,15-10-2024,H2,-,-,0,15-10-2024 12:33:18.756,October,Liquid Level - 3208,90
H- E,ps,15-10-2024,H3,-,-,0,15-10-2024 12:33:21.435,October,Liquid Level - 3197,90
H- E,ps,15-10-2024,L1,-,-,0,15-10-2024 12:33:25.204,October,Liquid Level - 266,90
H- E,ps,15-10-2024,L2,-,-,0,15-10-2024 12:33:28.116,October,Liquid Level - 267,90
H- E,ps,15-10-2024,L3,-,-,0,15-10-2024 12:33:30.769,October,Liquid Level - 264,90
H- E,ps,15-10-2024,-,-,-,0,15-10-2024 12:33:42.199,October,Home Reached,90
H- E,ps,15-10-2024,-,-,-,0,15-10-2024 12:33:44.856,October,Home Reached,90
H- E,ps,15-10-2024,L1,Heating,1,0,15-10-2024 12:33:58.547,October,1 Picked From L1,90
H- E,ps,15-10-2024,H1,Heating,1,0,15-10-2024 12:34:05.765,October,1 Placed In H1,90
H- E,ps,15-10-2024,L2,Heating,2,0,15-10-2024 12:34:12.980,October,2 Picked From L2,90
H- E,ps,15-10-2024,H2,Heating,2,0,15-10-2024 12:34:20.229,October,2 Placed In H2,90
H- E,ps,15-10-2024,L3,Heating,3,0,15-10-2024 12:34:26.929,October,3 Picked From L3,90
H- E,ps,15-10-2024,-,-,-,0,15-10-2024 12:34:34.163,October,Heater Door Closed,90
H- E,ps,15-10-2024,-,-,-,0,15-10-2024 12:34:34.492,October,,90
H- E,ps,15-10-2024,-,-,-,30,15-10-2024 12:34:34.956,October,30 - Temperature set to device,90
H- E,ps,15-10-2024,-,-,-,34,15-10-2024 12:34:40.211,October,Device temperature ,90
H- E,ps,15-10-2024,-,-,-,34,15-10-2024 12:34:50.444,October,Device temperature ,90
H- E,ps,15-10-2024,-,-,-,34,15-10-2024 12:34:55.308,October,Device temperature ,90
H- E,ps,15-10-2024,-,-,-,34,15-10-2024 12:35:00.381,October,Device temperature ,90
H- E,ps,15-10-2024,-,-,-,33,15-10-2024 12:35:05.301,October,Device temperature ,90
H- E,ps,15-10-2024,-,-,-,34,15-10-2024 12:35:10.308,October,Device temperature ,90
H- E,ps,15-10-2024,-,-,-,34,15-10-2024 12:35:15.301,October,Device temperature ,90
H- E,ps,15-10-2024,-,-,-,34,15-10-2024 12:35:20.306,October,Device temperature ,90
H- E,ps,15-10-2024,-,-,-,34,15-10-2024 12:35:25.307,October,Device temperature ,90
H- E,ps,15-10-2024,-,-,-,34,15-10-2024 12:35:30.297,October,Device temperature ,90
H- E,ps,15-10-2024,-,-,-,34,15-10-2024 12:35:35.293,October,Device temperature ,90
H- E,ps,15-10-2024,-,-,-,34,15-10-2024 12:35:40.293,October,Device temperature ,90
H- E,ps,15-10-2024,-,-,-,34,15-10-2024 12:35:45.294,October,Device temperature ,90
H- E,ps,15-10-2024,-,-,-,34,15-10-2024 12:35:50.299,October,Device temperature ,90
H- E,ps,15-10-2024,-,-,-,34,15-10-2024 12:35:55.300,October,Device temperature ,90
H- E,ps,15-10-2024,-,-,-,34,15-10-2024 12:36:00.298,October,Device temperature ,90
H- E,ps,15-10-2024,-,-,-,34,15-10-2024 12:36:05.303,October,Device temperature ,90
H- E,ps,15-10-2024,-,-,-,34,15-10-2024 12:36:10.307,October,Device temperature ,90
H- E,ps,15-10-2024,-,-,-,34,15-10-2024 12:36:15.297,October,Device temperature ,90
H- E,ps,15-10-2024,-,-,-,34,15-10-2024 12:36:20.306,October,Device temperature ,90
H- E,ps,15-10-2024,-,-,-,34,15-10-2024 12:36:25.303,October,Device temperature ,90
H- E,ps,15-10-2024,-,-,-,34,15-10-2024 12:36:30.293,October,Device temperature ,90
H- E,ps,15-10-2024,-,-,-,34,15-10-2024 12:36:35.297,October,Device temperature ,90
H- E,ps,15-10-2024,-,-,-,34,15-10-2024 12:36:40.303,October,Device temperature ,90
H- E,ps,15-10-2024,-,-,-,33,15-10-2024 12:36:45.310,October,Device temperature ,90
H- E,ps,15-10-2024,-,-,-,34,15-10-2024 12:36:50.306,October,Device temperature ,90
H- E,ps,15-10-2024,-,-,-,34,15-10-2024 12:36:55.302,October,Device temperature ,90
H- E,ps,15-10-2024,-,-,-,34,15-10-2024 12:37:00.378,October,Device temperature ,90
H- E,ps,15-10-2024,-,-,-,34,15-10-2024 12:37:05.290,October,Device temperature ,90
H- E,ps,15-10-2024,-,-,-,34,15-10-2024 12:37:10.305,October,Device temperature ,90
H- E,ps,15-10-2024,-,-,-,0,15-10-2024 12:37:11.880,October,Heater Switched Off ,90
H- E,ps,15-10-2024,-,-,-,0,15-10-2024 12:37:13.413,October,Protorun Stopped,90
Home Command,ps,15-10-2024,-,-,-,0,15-10-2024 12:37:45.306,October,Home Reached,0
Home Command,ps,15-10-2024,-,-,-,0,15-10-2024 12:37:47.933,October,Home Reached,0
Home Command,ps,15-10-2024,U1,-,-,0,15-10-2024 12:37:54.751,October,Liquid Level - 2314,0
Home Command,ps,15-10-2024,U2,-,-,0,15-10-2024 12:37:57.588,October,Liquid Level - 2322,0
Home Command,ps,15-10-2024,U3,-,-,0,15-10-2024 12:38:00.258,October,Liquid Level - 2322,0
Home Command,ps,15-10-2024,U4,-,-,0,15-10-2024 12:38:02.943,October,Liquid Level - 2319,0
Home Command,ps,15-10-2024,U5,-,-,0,15-10-2024 12:38:05.625,October,Liquid Level - 2321,0
Home Command,ps,15-10-2024,U6,-,-,0,15-10-2024 12:38:08.306,October,Liquid Level - 2319,0
Home Command,ps,15-10-2024,J1,-,-,0,15-10-2024 12:38:14.647,October,Liquid Level - 2328,0
Home Command,ps,15-10-2024,J2,-,-,0,15-10-2024 12:38:19.851,October,Liquid Level - 2324,0
Home Command,ps,15-10-2024,J3,-,-,0,15-10-2024 12:38:22.683,October,Liquid Level - 2329,0
Home Command,ps,15-10-2024,J4,-,-,0,15-10-2024 12:38:25.344,October,Liquid Level - 2326,0
Home Command,ps,15-10-2024,J5,-,-,0,15-10-2024 12:38:28.025,October,Liquid Level - 2337,0
Home Command,ps,15-10-2024,J6,-,-,0,15-10-2024 12:38:30.691,October,Liquid Level - 2320,0
Home Command,ps,15-10-2024,J7,-,-,0,15-10-2024 12:38:33.370,October,Liquid Level - 2323,0
Home Command,ps,15-10-2024,J8,-,-,0,15-10-2024 12:38:36.033,October,Liquid Level - 2318,0
Home Command,ps,15-10-2024,J9,-,-,0,15-10-2024 12:38:38.698,October,Liquid Level - 2331,0
Home Command,ps,15-10-2024,W1,-,-,0,15-10-2024 12:38:41.353,October,Liquid Level - 2322,0
Home Command,ps,15-10-2024,W2,-,-,0,15-10-2024 12:38:44.031,October,Liquid Level - 2316,0
Home Command,ps,15-10-2024,W3,-,-,0,15-10-2024 12:38:46.710,October,Liquid Level - 2313,0
Home Command,ps,15-10-2024,J10,-,-,0,15-10-2024 12:38:49.394,October,Liquid Level - 2327,0
Home Command,ps,15-10-2024,J11,-,-,0,15-10-2024 12:38:52.072,October,Liquid Level - 2318,0
Home Command,ps,15-10-2024,J12,-,-,0,15-10-2024 12:38:54.729,October,Liquid Level - 2313,0
Home Command,ps,15-10-2024,J13,-,-,0,15-10-2024 12:38:57.397,October,Liquid Level - 2319,0
Home Command,ps,15-10-2024,J14,-,-,0,15-10-2024 12:39:00.255,October,Liquid Level - 2307,0
Home Command,ps,15-10-2024,J15,-,-,0,15-10-2024 12:39:05.461,October,Liquid Level - 2335,0
Home Command,ps,15-10-2024,J16,-,-,0,15-10-2024 12:39:08.299,October,Liquid Level - 2322,0
Home Command,ps,15-10-2024,J17,-,-,0,15-10-2024 12:39:10.972,October,Liquid Level - 2314,0
Home Command,ps,15-10-2024,W4,-,-,0,15-10-2024 12:39:13.642,October,Liquid Level - 2315,0
Home Command,ps,15-10-2024,W5,-,-,0,15-10-2024 12:39:16.311,October,Liquid Level - 2319,0
Home Command,ps,15-10-2024,W6,-,-,0,15-10-2024 12:39:18.982,October,Liquid Level - 2321,0
Home Command,ps,15-10-2024,J18,-,-,0,15-10-2024 12:39:21.650,October,Liquid Level - 2326,0
Home Command,ps,15-10-2024,J19,-,-,0,15-10-2024 12:39:24.300,October,Liquid Level - 2326,0
Home Command,ps,15-10-2024,J20,-,-,0,15-10-2024 12:39:26.978,October,Liquid Level - 2334,0
Home Command,ps,15-10-2024,J21,-,-,0,15-10-2024 12:39:29.636,October,Liquid Level - 2338,0
Home Command,ps,15-10-2024,J22,-,-,0,15-10-2024 12:39:32.322,October,Liquid Level - 2337,0
Home Command,ps,15-10-2024,J23,-,-,0,15-10-2024 12:39:34.973,October,Liquid Level - 2335,0
Home Command,ps,15-10-2024,J24,-,-,0,15-10-2024 12:39:37.655,October,Liquid Level - 2331,0
Home Command,ps,15-10-2024,J25,-,-,0,15-10-2024 12:39:40.317,October,Liquid Level - 2335,0
Home Command,ps,15-10-2024,J26,-,-,0,15-10-2024 12:39:42.973,October,Liquid Level - 2343,0
Home Command,ps,15-10-2024,J27,-,-,0,15-10-2024 12:39:48.910,October,Liquid Level - 2315,0
Home Command,ps,15-10-2024,J28,-,-,0,15-10-2024 12:39:51.804,October,Liquid Level - 2360,0
Home Command,ps,15-10-2024,J29,-,-,0,15-10-2024 12:39:54.471,October,Liquid Level - 2340,0
Home Command,ps,15-10-2024,J30,-,-,0,15-10-2024 12:39:57.145,October,Liquid Level - 2353,0
Home Command,ps,15-10-2024,J31,-,-,0,15-10-2024 12:39:59.810,October,Liquid Level - 2356,0
Home Command,ps,15-10-2024,J32,-,-,0,15-10-2024 12:40:02.475,October,Liquid Level - 2377,0
Home Command,ps,15-10-2024,J33,-,-,0,15-10-2024 12:40:05.135,October,Liquid Level - 2376,0
Home Command,ps,15-10-2024,H1,-,-,0,15-10-2024 12:40:09.505,October,Liquid Level - 272,0
Home Command,ps,15-10-2024,H2,-,-,0,15-10-2024 12:40:14.712,October,Liquid Level - 270,0
Home Command,ps,15-10-2024,H3,-,-,0,15-10-2024 12:40:17.728,October,Liquid Level - 256,0
Home Command,ps,15-10-2024,-,-,-,0,15-10-2024 12:40:21.215,October,Home Reached,0
Home Command,ps,15-10-2024,-,-,-,0,15-10-2024 12:40:24.605,October,Home Reached,0
Home Command,ps,15-10-2024,-,-,-,0,15-10-2024 12:41:52.247,October,Home Reached,0
Home Command,ps,15-10-2024,-,-,-,0,15-10-2024 12:48:27.233,October,Home Reached,0
Home Command,ps,15-10-2024,-,-,-,0,15-10-2024 12:48:29.930,October,Home Reached,0
Home Command,ps,15-10-2024,U1,-,-,0,15-10-2024 12:48:36.774,October,Liquid Level - 2331,0
Home Command,ps,15-10-2024,U2,-,-,0,15-10-2024 12:48:39.574,October,Liquid Level - 2340,0
Home Command,ps,15-10-2024,U3,-,-,0,15-10-2024 12:48:42.228,October,Liquid Level - 2341,0
Home Command,ps,15-10-2024,U4,-,-,0,15-10-2024 12:48:44.898,October,Liquid Level - 2333,0
Home Command,ps,15-10-2024,U5,-,-,0,15-10-2024 12:48:47.582,October,Liquid Level - 2336,0
Home Command,ps,15-10-2024,U6,-,-,0,15-10-2024 12:48:50.250,October,Liquid Level - 2333,0
Home Command,ps,15-10-2024,J1,-,-,0,15-10-2024 12:48:56.584,October,Liquid Level - 2343,0
Home Command,ps,15-10-2024,J2,-,-,0,15-10-2024 12:49:01.788,October,Liquid Level - 2343,0
Home Command,ps,15-10-2024,J3,-,-,0,15-10-2024 12:49:04.623,October,Liquid Level - 2345,0
Home Command,ps,15-10-2024,J4,-,-,0,15-10-2024 12:49:07.304,October,Liquid Level - 2344,0
Home Command,ps,15-10-2024,J5,-,-,0,15-10-2024 12:49:09.982,October,Liquid Level - 2349,0
Home Command,ps,15-10-2024,J6,-,-,0,15-10-2024 12:49:12.662,October,Liquid Level - 2340,0
Home Command,ps,15-10-2024,J7,-,-,0,15-10-2024 12:49:15.329,October,Liquid Level - 2358,0
Home Command,ps,15-10-2024,J8,-,-,0,15-10-2024 12:49:18.004,October,Liquid Level - 2335,0
Home Command,ps,15-10-2024,J9,-,-,0,15-10-2024 12:49:20.672,October,Liquid Level - 2345,0
Home Command,ps,15-10-2024,W1,-,-,0,15-10-2024 12:49:23.345,October,Liquid Level - 2341,0
Home Command,ps,15-10-2024,W2,-,-,0,15-10-2024 12:49:26.022,October,Liquid Level - 2333,0
Home Command,ps,15-10-2024,W3,-,-,0,15-10-2024 12:49:28.683,October,Liquid Level - 2336,0
Home Command,ps,15-10-2024,J10,-,-,0,15-10-2024 12:49:31.368,October,Liquid Level - 2347,0
Home Command,ps,15-10-2024,J11,-,-,0,15-10-2024 12:49:34.042,October,Liquid Level - 2342,0
Home Command,ps,15-10-2024,J12,-,-,0,15-10-2024 12:49:36.712,October,Liquid Level - 2340,0
Home Command,ps,15-10-2024,J13,-,-,0,15-10-2024 12:49:39.378,October,Liquid Level - 2339,0
Home Command,ps,15-10-2024,J14,-,-,0,15-10-2024 12:49:42.226,October,Liquid Level - 2327,0
Home Command,ps,15-10-2024,J15,-,-,0,15-10-2024 12:49:47.433,October,Liquid Level - 2352,0
Home Command,ps,15-10-2024,J16,-,-,0,15-10-2024 12:49:50.261,October,Liquid Level - 2342,0
Home Command,ps,15-10-2024,J17,-,-,0,15-10-2024 12:49:52.923,October,Liquid Level - 2331,0
Home Command,ps,15-10-2024,W4,-,-,0,15-10-2024 12:49:55.595,October,Liquid Level - 2336,0
Home Command,ps,15-10-2024,W5,-,-,0,15-10-2024 12:49:58.264,October,Liquid Level - 2341,0
Home Command,ps,15-10-2024,W6,-,-,0,15-10-2024 12:50:00.940,October,Liquid Level - 2336,0
Home Command,ps,15-10-2024,J18,-,-,0,15-10-2024 12:50:03.607,October,Liquid Level - 2361,0
Home Command,ps,15-10-2024,J19,-,-,0,15-10-2024 12:50:06.273,October,Liquid Level - 2342,0
Home Command,ps,15-10-2024,J20,-,-,0,15-10-2024 12:50:08.955,October,Liquid Level - 2348,0
Home Command,ps,15-10-2024,J21,-,-,0,15-10-2024 12:50:11.634,October,Liquid Level - 2352,0
Home Command,ps,15-10-2024,J22,-,-,0,15-10-2024 12:50:14.288,October,Liquid Level - 2352,0
Home Command,ps,15-10-2024,J23,-,-,0,15-10-2024 12:50:16.963,October,Liquid Level - 2349,0
Home Command,ps,15-10-2024,J24,-,-,0,15-10-2024 12:50:19.643,October,Liquid Level - 2355,0
Home Command,ps,15-10-2024,J25,-,-,0,15-10-2024 12:50:22.313,October,Liquid Level - 2353,0
Home Command,ps,15-10-2024,J26,-,-,0,15-10-2024 12:50:24.968,October,Liquid Level - 2354,0
Home Command,ps,15-10-2024,J27,-,-,0,15-10-2024 12:50:30.894,October,Liquid Level - 2338,0
Home Command,ps,15-10-2024,J28,-,-,0,15-10-2024 12:50:33.802,October,Liquid Level - 2372,0
Home Command,ps,15-10-2024,J29,-,-,0,15-10-2024 12:50:36.474,October,Liquid Level - 2364,0
Home Command,ps,15-10-2024,J30,-,-,0,15-10-2024 12:50:39.155,October,Liquid Level - 2378,0
Home Command,ps,15-10-2024,J31,-,-,0,15-10-2024 12:50:41.819,October,Liquid Level - 2371,0
Home Command,ps,15-10-2024,J32,-,-,0,15-10-2024 12:50:44.547,October,Liquid Level - 2393,0
Home Command,ps,15-10-2024,J33,-,-,0,15-10-2024 12:50:47.210,October,Liquid Level - 2396,0
Home Command,ps,15-10-2024,H1,-,-,0,15-10-2024 12:50:51.547,October,Liquid Level - 297,0
Home Command,ps,15-10-2024,H2,-,-,0,15-10-2024 12:50:54.216,October,Liquid Level - 250,0
Home Command,ps,15-10-2024,H3,-,-,0,15-10-2024 12:50:56.882,October,Liquid Level - 279,0
Home Command,ps,15-10-2024,-,-,-,0,15-10-2024 12:51:00.383,October,Home Reached,0
Home Command,ps,15-10-2024,-,-,-,0,15-10-2024 12:51:03.780,October,Home Reached,0
Home Command,ps,15-10-2024,-,-,-,0,15-10-2024 12:52:20.104,October,Home Reached,0
H- E,ps,15-10-2024,-,-,-,0,15-10-2024 12:53:02.895,October,Protorun Started,91
H- E,ps,15-10-2024,-,-,-,0,15-10-2024 12:53:13.783,October,Home Reached,91
H- E,ps,15-10-2024,-,-,-,0,15-10-2024 12:53:16.024,October,Home Reached,91
H- E,ps,15-10-2024,H1,-,-,0,15-10-2024 12:53:27.673,October,Liquid Level - 3234,91
H- E,ps,15-10-2024,H2,-,-,0,15-10-2024 12:53:30.372,October,Liquid Level - 3238,91
H- E,ps,15-10-2024,H3,-,-,0,15-10-2024 12:53:33.027,October,Liquid Level - 3221,91
H- E,ps,15-10-2024,L1,-,-,0,15-10-2024 12:53:36.788,October,Liquid Level - 293,91
H- E,ps,15-10-2024,L2,-,-,0,15-10-2024 12:53:39.734,October,Liquid Level - 286,91
H- E,ps,15-10-2024,L3,-,-,0,15-10-2024 12:53:42.392,October,Liquid Level - 273,91
H- E,ps,15-10-2024,-,-,-,0,15-10-2024 12:53:46.053,October,Home Reached,91
H- E,ps,15-10-2024,-,-,-,0,15-10-2024 12:53:59.486,October,Home Reached,91
H- E,ps,15-10-2024,L1,Heating,1,0,15-10-2024 12:54:13.180,October,1 Picked From L1,91
H- E,ps,15-10-2024,-,-,-,0,15-10-2024 12:56:47.160,October,Protorun Stopped,91
Home Command,ps,15-10-2024,-,-,-,0,15-10-2024 13:00:20.341,October,Home Reached,0
Home Command,ps,15-10-2024,-,-,-,0,15-10-2024 13:00:23.079,October,Home Reached,0
Home Command,ps,15-10-2024,U1,-,-,0,15-10-2024 13:00:29.920,October,Liquid Level - 2348,0
Home Command,ps,15-10-2024,U2,-,-,0,15-10-2024 13:00:32.731,October,Liquid Level - 2363,0
Home Command,ps,15-10-2024,U3,-,-,0,15-10-2024 13:00:35.392,October,Liquid Level - 2351,0
Home Command,ps,15-10-2024,U4,-,-,0,15-10-2024 13:00:38.055,October,Liquid Level - 2358,0
Home Command,ps,15-10-2024,U5,-,-,0,15-10-2024 13:00:40.720,October,Liquid Level - 2347,0
Home Command,ps,15-10-2024,U6,-,-,0,15-10-2024 13:00:43.401,October,Liquid Level - 2344,0
Home Command,ps,15-10-2024,J1,-,-,0,15-10-2024 13:00:49.748,October,Liquid Level - 2356,0
Home Command,ps,15-10-2024,J2,-,-,0,15-10-2024 13:00:52.262,October,Liquid Level - 2363,0
Home Command,ps,15-10-2024,J3,-,-,0,15-10-2024 13:00:54.933,October,Liquid Level - 2356,0
Home Command,ps,15-10-2024,J4,-,-,0,15-10-2024 13:00:57.604,October,Liquid Level - 2351,0
Home Command,ps,15-10-2024,J5,-,-,0,15-10-2024 13:01:00.272,October,Liquid Level - 2358,0
Home Command,ps,15-10-2024,J6,-,-,0,15-10-2024 13:01:02.938,October,Liquid Level - 2356,0
Home Command,ps,15-10-2024,J7,-,-,0,15-10-2024 13:01:05.620,October,Liquid Level - 2354,0
Home Command,ps,15-10-2024,J8,-,-,0,15-10-2024 13:01:08.292,October,Liquid Level - 2352,0
Home Command,ps,15-10-2024,J9,-,-,0,15-10-2024 13:01:10.967,October,Liquid Level - 2356,0
Home Command,ps,15-10-2024,W1,-,-,0,15-10-2024 13:01:13.645,October,Liquid Level - 2350,0
Home Command,ps,15-10-2024,W2,-,-,0,15-10-2024 13:01:16.310,October,Liquid Level - 2345,0
Home Command,ps,15-10-2024,W3,-,-,0,15-10-2024 13:01:18.990,October,Liquid Level - 2349,0
Home Command,ps,15-10-2024,J10,-,-,0,15-10-2024 13:01:21.657,October,Liquid Level - 2361,0
Home Command,ps,15-10-2024,J11,-,-,0,15-10-2024 13:01:24.420,October,Liquid Level - 2357,0
Home Command,ps,15-10-2024,J12,-,-,0,15-10-2024 13:01:27.075,October,Liquid Level - 2346,0
Home Command,ps,15-10-2024,J13,-,-,0,15-10-2024 13:01:29.740,October,Liquid Level - 2362,0
Home Command,ps,15-10-2024,J14,-,-,0,15-10-2024 13:01:32.600,October,Liquid Level - 2346,0
Home Command,ps,15-10-2024,J15,-,-,0,15-10-2024 13:01:37.837,October,Liquid Level - 2368,0
Home Command,ps,15-10-2024,J16,-,-,0,15-10-2024 13:01:40.651,October,Liquid Level - 2360,0
Home Command,ps,15-10-2024,J17,-,-,0,15-10-2024 13:01:43.320,October,Liquid Level - 2344,0
Home Command,ps,15-10-2024,W4,-,-,0,15-10-2024 13:01:45.984,October,Liquid Level - 2349,0
Home Command,ps,15-10-2024,W5,-,-,0,15-10-2024 13:01:48.677,October,Liquid Level - 2350,0
Home Command,ps,15-10-2024,W6,-,-,0,15-10-2024 13:01:51.334,October,Liquid Level - 2350,0
Home Command,ps,15-10-2024,J18,-,-,0,15-10-2024 13:01:53.985,October,Liquid Level - 2370,0
Home Command,ps,15-10-2024,J19,-,-,0,15-10-2024 13:01:56.667,October,Liquid Level - 2367,0
Home Command,ps,15-10-2024,J20,-,-,0,15-10-2024 13:01:59.349,October,Liquid Level - 2373,0
Home Command,ps,15-10-2024,J21,-,-,0,15-10-2024 13:02:02.030,October,Liquid Level - 2373,0
Home Command,ps,15-10-2024,J22,-,-,0,15-10-2024 13:02:04.701,October,Liquid Level - 2369,0
Home Command,ps,15-10-2024,J23,-,-,0,15-10-2024 13:02:07.361,October,Liquid Level - 2379,0
Home Command,ps,15-10-2024,J24,-,-,0,15-10-2024 13:02:10.038,October,Liquid Level - 2379,0
Home Command,ps,15-10-2024,J25,-,-,0,15-10-2024 13:02:12.701,October,Liquid Level - 2381,0
Home Command,ps,15-10-2024,J26,-,-,0,15-10-2024 13:02:15.386,October,Liquid Level - 2369,0
Home Command,ps,15-10-2024,J27,-,-,0,15-10-2024 13:02:21.324,October,Liquid Level - 2343,0
Home Command,ps,15-10-2024,J28,-,-,0,15-10-2024 13:02:24.225,October,Liquid Level - 2401,0
Home Command,ps,15-10-2024,J29,-,-,0,15-10-2024 13:02:26.908,October,Liquid Level - 2384,0
Home Command,ps,15-10-2024,J30,-,-,0,15-10-2024 13:02:29.572,October,Liquid Level - 2387,0
Home Command,ps,15-10-2024,J31,-,-,0,15-10-2024 13:02:32.247,October,Liquid Level - 2386,0
Home Command,ps,15-10-2024,J32,-,-,0,15-10-2024 13:02:34.928,October,Liquid Level - 2402,0
Home Command,ps,15-10-2024,J33,-,-,0,15-10-2024 13:02:37.580,October,Liquid Level - 2406,0
Home Command,ps,15-10-2024,H1,-,-,0,15-10-2024 13:02:41.945,October,Liquid Level - 3254,0
Home Command,ps,15-10-2024,H2,-,-,0,15-10-2024 13:02:44.604,October,Liquid Level - 3253,0
Home Command,ps,15-10-2024,H3,-,-,0,15-10-2024 13:02:47.278,October,Liquid Level - 3236,0
Home Command,ps,15-10-2024,-,-,-,0,15-10-2024 13:03:00.070,October,Home Reached,0
Home Command,ps,15-10-2024,-,-,-,0,15-10-2024 13:03:05.791,October,Home Reached,0
H- E,ps,15-10-2024,-,-,-,0,15-10-2024 13:03:19.256,October,Protorun Started,92
H- E,ps,15-10-2024,-,-,-,0,15-10-2024 13:03:30.232,October,Home Reached,92
H- E,ps,15-10-2024,-,-,-,0,15-10-2024 13:03:32.911,October,Home Reached,92
H- E,ps,15-10-2024,H1,-,-,0,15-10-2024 13:03:44.551,October,Liquid Level - 3259,92
H- E,ps,15-10-2024,H2,-,-,0,15-10-2024 13:03:49.769,October,Liquid Level - 3254,92
H- E,ps,15-10-2024,H3,-,-,0,15-10-2024 13:03:52.770,October,Liquid Level - 3247,92
H- E,ps,15-10-2024,L1,-,-,0,15-10-2024 13:03:57.987,October,Liquid Level - 283,92
H- E,ps,15-10-2024,L2,-,-,0,15-10-2024 13:04:00.837,October,Liquid Level - 278,92
H- E,ps,15-10-2024,L3,-,-,0,15-10-2024 13:04:03.507,October,Liquid Level - 263,92
H- E,ps,15-10-2024,-,-,-,0,15-10-2024 13:04:14.946,October,Home Reached,92
H- E,ps,15-10-2024,-,-,-,0,15-10-2024 13:04:17.583,October,Home Reached,92
H- E,ps,15-10-2024,L1,Heating,1,0,15-10-2024 13:04:31.272,October,1 Picked From L1,92
H- E,ps,15-10-2024,H1,Heating,1,0,15-10-2024 13:04:38.570,October,1 Placed In H1,92
H- E,ps,15-10-2024,L2,Heating,2,0,15-10-2024 13:04:45.777,October,2 Picked From L2,92
H- E,ps,15-10-2024,H2,Heating,2,0,15-10-2024 13:04:53.021,October,2 Placed In H2,92
H- E,ps,15-10-2024,L3,Heating,3,0,15-10-2024 13:04:59.721,October,3 Picked From L3,92
H- E,ps,15-10-2024,-,-,-,0,15-10-2024 13:05:06.949,October,Heater Door Closed,92
H- E,ps,15-10-2024,-,-,-,0,15-10-2024 13:05:07.271,October,Heater Switched On ,92
H- E,ps,15-10-2024,-,-,-,30,15-10-2024 13:05:07.753,October,30 - Temperature set to device,92
H- E,ps,15-10-2024,-,-,-,34,15-10-2024 13:05:13.930,October,Device temperature ,92
H- E,ps,15-10-2024,-,-,-,34,15-10-2024 13:05:24.099,October,Device temperature ,92
H- E,ps,15-10-2024,-,-,-,33,15-10-2024 13:05:29.098,October,Device temperature ,92
H- E,ps,15-10-2024,-,-,-,34,15-10-2024 13:05:34.100,October,Device temperature ,92
H- E,ps,15-10-2024,-,-,-,34,15-10-2024 13:05:39.095,October,Device temperature ,92
H- E,ps,15-10-2024,-,-,-,34,15-10-2024 13:05:44.093,October,Device temperature ,92
H- E,ps,15-10-2024,-,-,-,34,15-10-2024 13:05:49.094,October,Device temperature ,92
H- E,ps,15-10-2024,-,-,-,34,15-10-2024 13:05:54.097,October,Device temperature ,92
H- E,ps,15-10-2024,-,-,-,34,15-10-2024 13:05:59.105,October,Device temperature ,92
H- E,ps,15-10-2024,-,-,-,34,15-10-2024 13:06:04.099,October,Device temperature ,92
H- E,ps,15-10-2024,-,-,-,34,15-10-2024 13:06:09.098,October,Device temperature ,92
H- E,ps,15-10-2024,-,-,-,34,15-10-2024 13:06:14.098,October,Device temperature ,92
H- E,ps,15-10-2024,-,-,-,34,15-10-2024 13:06:19.092,October,Device temperature ,92
H- E,ps,15-10-2024,-,-,-,34,15-10-2024 13:06:24.104,October,Device temperature ,92
H- E,ps,15-10-2024,-,-,-,34,15-10-2024 13:06:29.090,October,Device temperature ,92
H- E,ps,15-10-2024,-,-,-,34,15-10-2024 13:06:34.101,October,Device temperature ,92
H- E,ps,15-10-2024,-,-,-,34,15-10-2024 13:06:39.099,October,Device temperature ,92
H- E,ps,15-10-2024,-,-,-,34,15-10-2024 13:06:44.101,October,Device temperature ,92
H- E,ps,15-10-2024,-,-,-,34,15-10-2024 13:06:49.093,October,Device temperature ,92
H- E,ps,15-10-2024,-,-,-,34,15-10-2024 13:06:54.225,October,Device temperature ,92
H- E,ps,15-10-2024,-,-,-,34,15-10-2024 13:06:59.106,October,Device temperature ,92
H- E,ps,15-10-2024,-,-,-,34,15-10-2024 13:07:04.109,October,Device temperature ,92
H- E,ps,15-10-2024,-,-,-,34,15-10-2024 13:07:09.100,October,Device temperature ,92
H- E,ps,15-10-2024,-,-,-,34,15-10-2024 13:07:14.098,October,Device temperature ,92
H- E,ps,15-10-2024,-,-,-,34,15-10-2024 13:07:19.101,October,Device temperature ,92
H- E,ps,15-10-2024,-,-,-,34,15-10-2024 13:07:24.102,October,Device temperature ,92
H- E,ps,15-10-2024,-,-,-,34,15-10-2024 13:07:29.100,October,Device temperature ,92
H- E,ps,15-10-2024,-,-,-,34,15-10-2024 13:07:34.101,October,Device temperature ,92
H- E,ps,15-10-2024,-,-,-,34,15-10-2024 13:07:39.094,October,Device temperature ,92
H- E,ps,15-10-2024,-,-,-,34,15-10-2024 13:07:44.098,October,Device temperature ,92
H- E,ps,15-10-2024,-,-,-,34,15-10-2024 13:07:49.108,October,Device temperature ,92
H- E,ps,15-10-2024,-,-,-,34,15-10-2024 13:07:54.108,October,Device temperature ,92
H- E,ps,15-10-2024,-,-,-,34,15-10-2024 13:07:59.105,October,Device temperature ,92
H- E,ps,15-10-2024,-,-,-,34,15-10-2024 13:08:04.094,October,Device temperature ,92
H- E,ps,15-10-2024,-,-,-,34,15-10-2024 13:08:09.097,October,Device temperature ,92
H- E,ps,15-10-2024,-,-,-,34,15-10-2024 13:08:14.091,October,Device temperature ,92
H- E,ps,15-10-2024,-,-,-,34,15-10-2024 13:08:19.091,October,Device temperature ,92
H- E,ps,15-10-2024,-,-,-,34,15-10-2024 13:08:24.097,October,Device temperature ,92
H- E,ps,15-10-2024,-,-,-,34,15-10-2024 13:08:29.101,October,Device temperature ,92
H- E,ps,15-10-2024,-,-,-,34,15-10-2024 13:08:34.099,October,Device temperature ,92
H- E,ps,15-10-2024,-,-,-,33,15-10-2024 13:08:39.094,October,Device temperature ,92
H- E,ps,15-10-2024,-,-,-,34,15-10-2024 13:08:44.098,October,Device temperature ,92
H- E,ps,15-10-2024,-,-,-,0,15-10-2024 13:08:48.361,October,Heater Switched Off ,92
H- E,ps,15-10-2024,-,-,-,0,15-10-2024 13:08:49.885,October,Protorun Stopped,92
H- E,ps,15-10-2024,-,-,-,0,15-10-2024 13:09:14.175,October,Protorun Started,93
H- E,ps,15-10-2024,-,-,-,0,15-10-2024 13:09:37.306,October,Home Reached,93
H- E,ps,15-10-2024,-,-,-,0,15-10-2024 13:09:39.927,October,Home Reached,93
H- E,ps,15-10-2024,H1,-,-,0,15-10-2024 13:09:51.588,October,Liquid Level - 282,93
H- E,ps,15-10-2024,H2,-,-,0,15-10-2024 13:09:56.783,October,Liquid Level - 266,93
H- E,ps,15-10-2024,H3,-,-,0,15-10-2024 13:09:59.797,October,Liquid Level - 257,93
H- E,ps,15-10-2024,-,-,-,0,15-10-2024 13:10:03.293,October,Home Reached,93
H- E,ps,15-10-2024,-,-,-,0,15-10-2024 13:10:06.696,October,Home Reached,93
H- E,ps,15-10-2024,-,-,-,0,15-10-2024 14:09:48.674,October,Protorun Stopped,93
