H&E,ps,25-03-2025,-,-,-,0,25-03-2025 15:17:35.907,March,Protorun Started,436
H&E,ps,25-03-2025,W1,Tap Water,--,0,25-03-2025 15:17:46.338,March,Water Valve : 1 is Off,436
H&E,ps,25-03-2025,W2,Tap Water,--,0,25-03-2025 15:17:47.211,March,Water Valve : 2 is Off,436
H&E,ps,25-03-2025,W3,Tap Water,--,0,25-03-2025 15:17:48.093,March,Water Valve : 3 is Off,436
H&E,ps,25-03-2025,W4,Tap Water,--,0,25-03-2025 15:17:48.962,March,Water Valve : 4 is Off,436
H&E,ps,25-03-2025,W5,Tap Water,--,0,25-03-2025 15:17:49.846,March,Water Valve : 5 is Off,436
H&E,ps,25-03-2025,W6,Tap Water,--,0,25-03-2025 15:17:50.725,March,Water Valve : 6 is Off,436
H&E,ps,25-03-2025,-,-,-,0,25-03-2025 15:17:51.614,March,Home Reached,436
H&E,ps,25-03-2025,-,-,-,0,25-03-2025 15:17:54.504,March,Home Reached,436
H&E,ps,25-03-2025,L1,-,-,0,25-03-2025 15:18:04.668,March,Liquid Level - 200,436
H&E,ps,25-03-2025,L2,-,-,0,25-03-2025 15:18:07.550,March,Liquid Level - 200,436
H&E,ps,25-03-2025,L3,-,-,0,25-03-2025 15:18:10.456,March,Liquid Level - 200,436
H&E,ps,25-03-2025,-,-,-,0,25-03-2025 15:18:11.057,March,Home Reached,436
H&E,ps,25-03-2025,-,-,-,0,25-03-2025 15:18:12.948,March,Home Reached,436
H&E,ps,25-03-2025,,,R1,0,25-03-2025 15:18:14.234,March,Test Started,436
H&E,ps,25-03-2025,L1,Loading,R1,0,25-03-2025 15:18:22.185,March,Picked From,436
H&E,ps,25-03-2025,J13,XYLENE-1,R1,0,25-03-2025 15:18:33.120,March,Placed In,436
H&E,ps,25-03-2025,-,-,-,-273,25-03-2025 15:18:42.769,March,Device temperature ,436
H&E,ps,25-03-2025,-,-,-,-273,25-03-2025 15:18:53.152,March,Device temperature ,436
H&E,ps,25-03-2025,-,-,-,-273,25-03-2025 15:19:03.567,March,Device temperature ,436
H&E,ps,25-03-2025,-,-,-,-273,25-03-2025 15:19:13.952,March,Device temperature ,436
H&E,ps,25-03-2025,-,-,-,-273,25-03-2025 15:19:24.338,March,Device temperature ,436
H&E,ps,25-03-2025,-,-,-,-273,25-03-2025 15:19:34.726,March,Device temperature ,436
H&E,ps,25-03-2025,-,-,-,-273,25-03-2025 15:19:45.200,March,Device temperature ,436
H&E,ps,25-03-2025,-,-,-,-273,25-03-2025 15:19:55.574,March,Device temperature ,436
H&E,ps,25-03-2025,-,-,-,-273,25-03-2025 15:20:05.952,March,Device temperature ,436
H&E,ps,25-03-2025,-,-,-,-273,25-03-2025 15:20:17.352,March,Device temperature ,436
H&E,ps,25-03-2025,-,-,-,-273,25-03-2025 15:20:28.757,March,Device temperature ,436
H&E,ps,25-03-2025,J13,XYLENE-1,R1,0,25-03-2025 15:20:39.337,March,Picked From,436
H&E,ps,25-03-2025,J12,XYLENE-2,R1,0,25-03-2025 15:20:45.773,March,Placed In,436
H&E,ps,25-03-2025,-,-,-,-273,25-03-2025 15:20:49.809,March,Device temperature ,436
H&E,ps,25-03-2025,-,-,-,-273,25-03-2025 15:21:00.194,March,Device temperature ,436
H&E,ps,25-03-2025,-,-,-,-273,25-03-2025 15:21:10.569,March,Device temperature ,436
H&E,ps,25-03-2025,-,-,-,-273,25-03-2025 15:21:20.945,March,Device temperature ,436
H&E,ps,25-03-2025,-,-,-,-273,25-03-2025 15:21:31.323,March,Device temperature ,436
H&E,ps,25-03-2025,-,-,-,-273,25-03-2025 15:21:41.695,March,Device temperature ,436
H&E,ps,25-03-2025,-,-,-,-273,25-03-2025 15:21:52.070,March,Device temperature ,436
H&E,ps,25-03-2025,-,-,-,-273,25-03-2025 15:22:02.489,March,Device temperature ,436
H&E,ps,25-03-2025,-,-,-,-273,25-03-2025 15:22:12.889,March,Device temperature ,436
H&E,ps,25-03-2025,-,-,-,-273,25-03-2025 15:22:23.366,March,Device temperature ,436
H&E,ps,25-03-2025,-,-,-,-273,25-03-2025 15:22:34.762,March,Device temperature ,436
H&E,ps,25-03-2025,-,-,-,-273,25-03-2025 15:22:45.137,March,Device temperature ,436
H&E,ps,25-03-2025,J12,XYLENE-2,R1,0,25-03-2025 15:22:51.834,March,Picked From,436
H&E,ps,25-03-2025,J11,100 % Alcohol,R1,0,25-03-2025 15:22:58.264,March,Placed In,436
H&E,ps,25-03-2025,,,R2,0,25-03-2025 15:22:58.867,March,Test Started,436
H&E,ps,25-03-2025,L2,Loading,R2,0,25-03-2025 15:23:05.794,March,Picked From,436
H&E,ps,25-03-2025,W1,Tap Water,--,0,25-03-2025 15:24:56.612,March,Water Valve : 1 is Off,436
H&E,ps,25-03-2025,W2,Tap Water,--,0,25-03-2025 15:24:57.479,March,Water Valve : 2 is Off,436
H&E,ps,25-03-2025,W3,Tap Water,--,0,25-03-2025 15:24:58.358,March,Water Valve : 3 is Off,436
H&E,ps,25-03-2025,W4,Tap Water,--,0,25-03-2025 15:24:59.242,March,Water Valve : 4 is Off,436
H&E,ps,25-03-2025,W5,Tap Water,--,0,25-03-2025 15:25:00.111,March,Water Valve : 5 is Off,436
H&E,ps,25-03-2025,W6,Tap Water,--,0,25-03-2025 15:25:00.974,March,Water Valve : 6 is Off,436
H&E,ps,25-03-2025,-,-,-,0,25-03-2025 15:25:01.484,March,Protorun Stopped,436
H&E,ps,25-03-2025,-,-,-,-273,25-03-2025 15:25:21.551,March,Device temperature ,436
H&E,ps,25-03-2025,-,-,-,-273,25-03-2025 15:25:31.932,March,Device temperature ,436
H&E,ps,25-03-2025,-,-,-,-273,25-03-2025 15:25:42.317,March,Device temperature ,436
H&E,ps,25-03-2025,-,-,-,-273,25-03-2025 15:25:52.691,March,Device temperature ,436
H&E,ps,25-03-2025,-,-,-,-273,25-03-2025 15:26:03.073,March,Device temperature ,436
H&E,ps,25-03-2025,-,-,-,-273,25-03-2025 15:26:13.464,March,Device temperature ,436
H&E,ps,25-03-2025,-,-,-,-273,25-03-2025 15:26:23.843,March,Device temperature ,436
H&E,ps,25-03-2025,-,-,-,-273,25-03-2025 15:26:34.234,March,Device temperature ,436
H&E,ps,25-03-2025,-,-,-,-273,25-03-2025 15:26:44.613,March,Device temperature ,436
H&E,ps,25-03-2025,-,-,-,-273,25-03-2025 15:26:54.986,March,Device temperature ,436
H&E,ps,25-03-2025,-,-,-,-273,25-03-2025 15:27:05.379,March,Device temperature ,436
H&E,ps,25-03-2025,-,-,-,-273,25-03-2025 15:27:15.775,March,Device temperature ,436
H&E,ps,25-03-2025,-,-,-,-273,25-03-2025 15:27:26.147,March,Device temperature ,436
H&E,ps,25-03-2025,-,-,-,-273,25-03-2025 15:27:36.629,March,Device temperature ,436
H&E,ps,25-03-2025,-,-,-,-273,25-03-2025 15:27:47.008,March,Device temperature ,436
H&E,ps,25-03-2025,-,-,-,-273,25-03-2025 15:27:57.389,March,Device temperature ,436
H&E,ps,25-03-2025,-,-,-,-273,25-03-2025 15:28:07.774,March,Device temperature ,436
H&E,ps,25-03-2025,-,-,-,-273,25-03-2025 15:28:18.161,March,Device temperature ,436
H&E,ps,25-03-2025,-,-,-,-273,25-03-2025 15:28:28.565,March,Device temperature ,436
H&E,ps,25-03-2025,-,-,-,-273,25-03-2025 15:28:38.929,March,Device temperature ,436
H&E,ps,25-03-2025,-,-,-,-273,25-03-2025 15:28:49.311,March,Device temperature ,436
H&E,ps,25-03-2025,-,-,-,-273,25-03-2025 15:28:59.699,March,Device temperature ,436
H&E,ps,25-03-2025,-,-,-,-273,25-03-2025 15:29:10.080,March,Device temperature ,436
H&E,ps,25-03-2025,-,-,-,-273,25-03-2025 15:29:20.447,March,Device temperature ,436
H&E,ps,25-03-2025,-,-,-,-273,25-03-2025 15:29:30.818,March,Device temperature ,436
H&E,ps,25-03-2025,-,-,-,-273,25-03-2025 15:29:41.195,March,Device temperature ,436
H&E,ps,25-03-2025,-,-,-,-273,25-03-2025 15:29:51.584,March,Device temperature ,436
H&E,ps,25-03-2025,-,-,-,-273,25-03-2025 15:30:01.986,March,Device temperature ,436
H&E,ps,25-03-2025,-,-,-,-273,25-03-2025 15:30:12.356,March,Device temperature ,436
H&E,ps,25-03-2025,-,-,-,0,25-03-2025 16:04:45.116,March,Protorun Started,437
H&E,ps,25-03-2025,-,-,-,30,25-03-2025 16:04:55.582,March,30 - Temperature set to device,437
H&E,ps,25-03-2025,-,-,-,0,25-03-2025 16:04:56.975,March,Heater Switched On ,437
H&E,ps,25-03-2025,-,-,-,0,25-03-2025 16:05:55.716,March,Heater Door Closed,437
H&E,ps,25-03-2025,-,-,-,35,25-03-2025 16:05:56.275,March,Device temperature ,437
H&E,ps,25-03-2025,W1,Tap Water,--,0,25-03-2025 16:06:06.675,March,Water Valve : 1 is Off,437
H&E,ps,25-03-2025,W2,Tap Water,--,0,25-03-2025 16:06:07.539,March,Water Valve : 2 is Off,437
H&E,ps,25-03-2025,W3,Tap Water,--,0,25-03-2025 16:06:08.421,March,Water Valve : 3 is Off,437
H&E,ps,25-03-2025,W4,Tap Water,--,0,25-03-2025 16:06:09.288,March,Water Valve : 4 is Off,437
H&E,ps,25-03-2025,W5,Tap Water,--,0,25-03-2025 16:06:10.173,March,Water Valve : 5 is Off,437
H&E,ps,25-03-2025,W6,Tap Water,--,0,25-03-2025 16:06:11.045,March,Water Valve : 6 is Off,437
H&E,ps,25-03-2025,-,-,-,0,25-03-2025 16:06:12.707,March,Home Reached,437
H&E,ps,25-03-2025,-,-,-,0,25-03-2025 16:06:15.310,March,Home Reached,437
H&E,ps,25-03-2025,L1,-,-,0,25-03-2025 16:07:06.044,March,Liquid Level - 523,437
H&E,ps,25-03-2025,L2,-,-,0,25-03-2025 16:07:28.614,March,Liquid Level - 3904,437
H&E,ps,25-03-2025,-,-,-,35,25-03-2025 16:07:40.490,March,Device temperature ,437
H&E,ps,25-03-2025,-,-,-,35,25-03-2025 16:07:55.881,March,Device temperature ,437
H&E,ps,25-03-2025,-,-,-,0,25-03-2025 16:08:13.997,March,Heater Switched Off ,437
H&E,ps,25-03-2025,W1,Tap Water,--,0,25-03-2025 16:08:15.191,March,Water Valve : 1 is Off,437
H&E,ps,25-03-2025,W2,Tap Water,--,0,25-03-2025 16:08:16.073,March,Water Valve : 2 is Off,437
H&E,ps,25-03-2025,W3,Tap Water,--,0,25-03-2025 16:08:16.943,March,Water Valve : 3 is Off,437
H&E,ps,25-03-2025,W4,Tap Water,--,0,25-03-2025 16:08:17.833,March,Water Valve : 4 is Off,437
H&E,ps,25-03-2025,W5,Tap Water,--,0,25-03-2025 16:08:18.715,March,Water Valve : 5 is Off,437
H&E,ps,25-03-2025,W6,Tap Water,--,0,25-03-2025 16:08:19.586,March,Water Valve : 6 is Off,437
H&E,ps,25-03-2025,-,-,-,0,25-03-2025 16:08:20.085,March,Protorun Stopped,437
H&E,ps,25-03-2025,-,-,-,0,25-03-2025 16:09:36.138,March,Protorun Started,438
H&E,ps,25-03-2025,-,-,-,30,25-03-2025 16:09:46.381,March,30 - Temperature set to device,438
H&E,ps,25-03-2025,-,-,-,0,25-03-2025 16:09:47.760,March,Heater Switched On ,438
H&E,ps,25-03-2025,-,-,-,0,25-03-2025 16:09:48.982,March,Heater Door Closed,438
H&E,ps,25-03-2025,-,-,-,35,25-03-2025 16:09:49.512,March,Device temperature ,438
H&E,ps,25-03-2025,W1,Tap Water,--,0,25-03-2025 16:09:59.878,March,Water Valve : 1 is Off,438
H&E,ps,25-03-2025,W2,Tap Water,--,0,25-03-2025 16:10:00.762,March,Water Valve : 2 is Off,438
H&E,ps,25-03-2025,W3,Tap Water,--,0,25-03-2025 16:10:01.632,March,Water Valve : 3 is Off,438
H&E,ps,25-03-2025,W4,Tap Water,--,0,25-03-2025 16:10:02.530,March,Water Valve : 4 is Off,438
H&E,ps,25-03-2025,W5,Tap Water,--,0,25-03-2025 16:10:03.414,March,Water Valve : 5 is Off,438
H&E,ps,25-03-2025,W6,Tap Water,--,0,25-03-2025 16:10:04.295,March,Water Valve : 6 is Off,438
H&E,ps,25-03-2025,-,-,-,0,25-03-2025 16:10:15.479,March,Home Reached,438
H&E,ps,25-03-2025,-,-,-,0,25-03-2025 16:10:18.081,March,Home Reached,438
H&E,ps,25-03-2025,L1,-,-,0,25-03-2025 16:10:35.641,March,Liquid Level - 529,438
H&E,ps,25-03-2025,L2,-,-,0,25-03-2025 16:12:21.184,March,Liquid Level - 3899,438
H&E,ps,25-03-2025,-,-,-,36,25-03-2025 16:12:21.424,March,Device temperature ,438
H&E,ps,25-03-2025,-,-,-,35,25-03-2025 16:12:22.588,March,Device temperature ,438
H&E,ps,25-03-2025,-,-,-,35,25-03-2025 16:12:38.014,March,Device temperature ,438
H&E,ps,25-03-2025,-,-,-,0,25-03-2025 16:12:52.912,March,Heater Switched Off ,438
H&E,ps,25-03-2025,W1,Tap Water,--,0,25-03-2025 16:12:54.138,March,Water Valve : 1 is Off,438
H&E,ps,25-03-2025,W2,Tap Water,--,0,25-03-2025 16:12:54.508,March,Water Valve : 2 is Off,438
H&E,ps,25-03-2025,W3,Tap Water,--,0,25-03-2025 16:12:55.467,March,Water Valve : 3 is Off,438
H&E,ps,25-03-2025,W4,Tap Water,--,0,25-03-2025 16:12:56.337,March,Water Valve : 4 is Off,438
H&E,ps,25-03-2025,W5,Tap Water,--,0,25-03-2025 16:12:57.227,March,Water Valve : 5 is Off,438
H&E,ps,25-03-2025,W6,Tap Water,--,0,25-03-2025 16:12:58.105,March,Water Valve : 6 is Off,438
H&E,ps,25-03-2025,-,-,-,0,25-03-2025 16:12:58.604,March,Protorun Stopped,438
H&E,ps,25-03-2025,-,-,-,0,25-03-2025 16:13:46.907,March,Protorun Started,439
H&E,ps,25-03-2025,-,-,-,30,25-03-2025 16:13:57.194,March,30 - Temperature set to device,439
H&E,ps,25-03-2025,-,-,-,0,25-03-2025 16:13:58.574,March,Heater Switched On ,439
H&E,ps,25-03-2025,-,-,-,0,25-03-2025 16:13:59.786,March,Heater Door Closed,439
H&E,ps,25-03-2025,-,-,-,35,25-03-2025 16:14:00.326,March,Device temperature ,439
H&E,ps,25-03-2025,W1,Tap Water,--,0,25-03-2025 16:14:10.714,March,Water Valve : 1 is Off,439
H&E,ps,25-03-2025,W2,Tap Water,--,0,25-03-2025 16:14:11.584,March,Water Valve : 2 is Off,439
H&E,ps,25-03-2025,W3,Tap Water,--,0,25-03-2025 16:14:12.468,March,Water Valve : 3 is Off,439
H&E,ps,25-03-2025,W4,Tap Water,--,0,25-03-2025 16:14:13.329,March,Water Valve : 4 is Off,439
H&E,ps,25-03-2025,W5,Tap Water,--,0,25-03-2025 16:14:14.199,March,Water Valve : 5 is Off,439
H&E,ps,25-03-2025,W6,Tap Water,--,0,25-03-2025 16:14:15.071,March,Water Valve : 6 is Off,439
H&E,ps,25-03-2025,-,-,-,0,25-03-2025 16:14:26.294,March,Home Reached,439
H&E,ps,25-03-2025,-,-,-,0,25-03-2025 16:14:28.938,March,Home Reached,439
H&E,ps,25-03-2025,L1,-,-,0,25-03-2025 16:14:39.148,March,Liquid Level - 538,439
H&E,ps,25-03-2025,L2,-,-,0,25-03-2025 16:14:41.989,March,Liquid Level - 3902,439
H&E,ps,25-03-2025,L3,-,-,0,25-03-2025 16:14:44.856,March,Liquid Level - 500,439
H&E,ps,25-03-2025,-,-,-,0,25-03-2025 16:14:56.495,March,Home Reached,439
H&E,ps,25-03-2025,-,-,-,0,25-03-2025 16:14:57.949,March,Home Reached,439
H&E,ps,25-03-2025,,,R1,0,25-03-2025 16:14:59.218,March,Test Started,439
H&E,ps,25-03-2025,-,-,-,0,25-03-2025 16:15:08.346,March,Heater Switched Off ,439
H&E,ps,25-03-2025,W1,Tap Water,--,0,25-03-2025 16:15:09.538,March,Water Valve : 1 is Off,439
H&E,ps,25-03-2025,W2,Tap Water,--,0,25-03-2025 16:15:09.910,March,Water Valve : 2 is Off,439
H&E,ps,25-03-2025,W3,Tap Water,--,0,25-03-2025 16:15:10.794,March,Water Valve : 3 is Off,439
,ps,25-03-2025,-,-,-,35,25-03-2025 16:16:31.140,March,35 - Temperature set to device,0
Water valve,ps,25-03-2025,W1,Tap Water,--,0,25-03-2025 16:16:32.515,March,Water Valve : 1 is On,0
Water valve,ps,25-03-2025,W2,Tap Water,--,0,25-03-2025 16:16:32.903,March,Water Valve : 2 is On,0
Water valve,ps,25-03-2025,W3,Tap Water,--,0,25-03-2025 16:16:33.772,March,Water Valve : 3 is On,0
Water valve,ps,25-03-2025,W4,Tap Water,--,0,25-03-2025 16:16:34.655,March,Water Valve : 4 is On,0
Water valve,ps,25-03-2025,W5,Tap Water,--,0,25-03-2025 16:16:35.532,March,Water Valve : 5 is On,0
Water valve,ps,25-03-2025,W6,Tap Water,--,0,25-03-2025 16:16:36.400,March,Water Valve : 6 is On,0
Water valve,ps,25-03-2025,-,-,-,0,25-03-2025 16:16:37.289,March,Home Reached,0
,ps,25-03-2025,-,-,-,35,25-03-2025 16:17:46.336,March,35 - Temperature set to device,0
Water valve,ps,25-03-2025,W1,Tap Water,--,0,25-03-2025 16:17:52.819,March,Water Valve : 1 is On,0
Water valve,ps,25-03-2025,W2,Tap Water,--,0,25-03-2025 16:17:53.499,March,Water Valve : 2 is On,0
Water valve,ps,25-03-2025,W3,Tap Water,--,0,25-03-2025 16:17:54.369,March,Water Valve : 3 is On,0
Water valve,ps,25-03-2025,W4,Tap Water,--,0,25-03-2025 16:17:55.250,March,Water Valve : 4 is On,0
Water valve,ps,25-03-2025,W5,Tap Water,--,0,25-03-2025 16:17:56.116,March,Water Valve : 5 is On,0
Water valve,ps,25-03-2025,W6,Tap Water,--,0,25-03-2025 16:17:57.014,March,Water Valve : 6 is On,0
Water valve,ps,25-03-2025,-,-,-,0,25-03-2025 16:17:57.889,March,Home Reached,0
,ps,25-03-2025,-,-,-,35,25-03-2025 16:23:48.478,March,35 - Temperature set to device,0
Water valve,ps,25-03-2025,W1,Tap Water,--,0,25-03-2025 16:23:49.852,March,Water Valve : 1 is On,0
Water valve,ps,25-03-2025,W2,Tap Water,--,0,25-03-2025 16:23:50.240,March,Water Valve : 2 is On,0
Water valve,ps,25-03-2025,W3,Tap Water,--,0,25-03-2025 16:23:51.124,March,Water Valve : 3 is On,0
Water valve,ps,25-03-2025,W4,Tap Water,--,0,25-03-2025 16:23:51.992,March,Water Valve : 4 is On,0
Water valve,ps,25-03-2025,W5,Tap Water,--,0,25-03-2025 16:23:52.868,March,Water Valve : 5 is On,0
Water valve,ps,25-03-2025,W6,Tap Water,--,0,25-03-2025 16:23:53.749,March,Water Valve : 6 is On,0
Water valve,ps,25-03-2025,-,-,-,0,25-03-2025 16:23:56.013,March,Home Reached,0
,ps,25-03-2025,-,-,-,35,25-03-2025 16:26:42.388,March,35 - Temperature set to device,0
Water valve,ps,25-03-2025,W1,Tap Water,--,0,25-03-2025 16:26:48.920,March,Water Valve : 1 is On,0
Water valve,ps,25-03-2025,W2,Tap Water,--,0,25-03-2025 16:26:49.596,March,Water Valve : 2 is On,0
Water valve,ps,25-03-2025,W3,Tap Water,--,0,25-03-2025 16:26:50.464,March,Water Valve : 3 is On,0
Water valve,ps,25-03-2025,W4,Tap Water,--,0,25-03-2025 16:26:51.348,March,Water Valve : 4 is On,0
Water valve,ps,25-03-2025,W5,Tap Water,--,0,25-03-2025 16:26:52.228,March,Water Valve : 5 is On,0
Water valve,ps,25-03-2025,W6,Tap Water,--,0,25-03-2025 16:26:53.127,March,Water Valve : 6 is On,0
Water valve,ps,25-03-2025,-,-,-,0,25-03-2025 16:26:54.002,March,Home Reached,0
,ps,25-03-2025,-,-,-,35,25-03-2025 16:30:03.252,March,35 - Temperature set to device,0
,ps,25-03-2025,-,-,-,35,25-03-2025 16:38:48.831,March,35 - Temperature set to device,0
Water valve,ps,25-03-2025,W1,Tap Water,--,0,25-03-2025 16:38:55.325,March,Water Valve : 1 is On,0
Water valve,ps,25-03-2025,W2,Tap Water,--,0,25-03-2025 16:38:55.979,March,Water Valve : 2 is On,0
Water valve,ps,25-03-2025,W3,Tap Water,--,0,25-03-2025 16:38:56.864,March,Water Valve : 3 is On,0
Water valve,ps,25-03-2025,W4,Tap Water,--,0,25-03-2025 16:38:57.780,March,Water Valve : 4 is On,0
Water valve,ps,25-03-2025,W5,Tap Water,--,0,25-03-2025 16:38:58.642,March,Water Valve : 5 is On,0
Water valve,ps,25-03-2025,W6,Tap Water,--,0,25-03-2025 16:38:59.508,March,Water Valve : 6 is On,0
Water valve,ps,25-03-2025,-,-,-,0,25-03-2025 16:39:00.407,March,Home Reached,0
Water valve,ps,25-03-2025,-,-,-,0,25-03-2025 16:39:03.296,March,Home Reached,0
Water valve,ps,25-03-2025,-,-,-,0,25-03-2025 16:39:06.193,March,Home Reached,0
Water valve,ps,25-03-2025,U1,-,-,0,25-03-2025 16:39:12.753,March,Liquid Level - 3906,0
Water valve,ps,25-03-2025,U2,-,-,0,25-03-2025 16:39:15.806,March,Liquid Level - 3901,0
Water valve,ps,25-03-2025,U3,-,-,0,25-03-2025 16:39:18.690,March,Liquid Level - 3904,0
Water valve,ps,25-03-2025,U4,-,-,0,25-03-2025 16:39:21.585,March,Liquid Level - 3900,0
Water valve,ps,25-03-2025,U5,-,-,0,25-03-2025 16:39:24.465,March,Liquid Level - 3902,0
Water valve,ps,25-03-2025,U6,-,-,0,25-03-2025 16:39:27.340,March,Liquid Level - 3891,0
Water valve,ps,25-03-2025,J1,-,-,0,25-03-2025 16:39:33.521,March,Liquid Level - 3895,0
Water valve,ps,25-03-2025,J2,-,-,0,25-03-2025 16:39:36.633,March,Liquid Level - 3899,0
Water valve,ps,25-03-2025,J3,-,-,0,25-03-2025 16:39:39.532,March,Liquid Level - 3902,0
Water valve,ps,25-03-2025,J4,-,-,0,25-03-2025 16:39:42.449,March,Liquid Level - 3899,0
Water valve,ps,25-03-2025,J5,-,-,0,25-03-2025 16:39:45.343,March,Liquid Level - 3899,0
Water valve,ps,25-03-2025,J6,-,-,0,25-03-2025 16:39:48.248,March,Liquid Level - 3905,0
Water valve,ps,25-03-2025,J7,-,-,0,25-03-2025 16:39:51.112,March,Liquid Level - 3895,0
Water valve,ps,25-03-2025,J8,-,-,0,25-03-2025 16:39:54.021,March,Liquid Level - 3895,0
Water valve,ps,25-03-2025,J9,-,-,0,25-03-2025 16:39:56.927,March,Liquid Level - 3905,0
Water valve,ps,25-03-2025,J10,-,-,0,25-03-2025 16:40:01.041,March,Liquid Level - 3901,0
Water valve,ps,25-03-2025,J11,-,-,0,25-03-2025 16:40:04.209,March,Liquid Level - 3896,0
Water valve,ps,25-03-2025,J12,-,-,0,25-03-2025 16:40:07.122,March,Liquid Level - 3893,0
Water valve,ps,25-03-2025,J13,-,-,0,25-03-2025 16:40:10.015,March,Liquid Level - 457,0
Water valve,ps,25-03-2025,J14,-,-,0,25-03-2025 16:40:15.912,March,Liquid Level - 3900,0
Water valve,ps,25-03-2025,J15,-,-,0,25-03-2025 16:40:18.877,March,Liquid Level - 3903,0
Water valve,ps,25-03-2025,J16,-,-,0,25-03-2025 16:40:21.748,March,Liquid Level - 3904,0
Water valve,ps,25-03-2025,J17,-,-,0,25-03-2025 16:40:24.645,March,Liquid Level - 3905,0
Water valve,ps,25-03-2025,J18,-,-,0,25-03-2025 16:40:28.772,March,Liquid Level - 3904,0
Water valve,ps,25-03-2025,J19,-,-,0,25-03-2025 16:40:31.939,March,Liquid Level - 3893,0
Water valve,ps,25-03-2025,J20,-,-,0,25-03-2025 16:40:34.806,March,Liquid Level - 3903,0
Water valve,ps,25-03-2025,J21,-,-,0,25-03-2025 16:40:37.681,March,Liquid Level - 3908,0
Water valve,ps,25-03-2025,J22,-,-,0,25-03-2025 16:40:40.570,March,Liquid Level - 3898,0
Water valve,ps,25-03-2025,J23,-,-,0,25-03-2025 16:40:43.488,March,Liquid Level - 3897,0
Water valve,ps,25-03-2025,J24,-,-,0,25-03-2025 16:40:46.347,March,Liquid Level - 3905,0
Water valve,ps,25-03-2025,J25,-,-,0,25-03-2025 16:40:49.240,March,Liquid Level - 3895,0
Water valve,ps,25-03-2025,J26,-,-,0,25-03-2025 16:40:52.130,March,Liquid Level - 3903,0
Water valve,ps,25-03-2025,J27,-,-,0,25-03-2025 16:40:55.821,March,Liquid Level - 3896,0
Water valve,ps,25-03-2025,J28,-,-,0,25-03-2025 16:40:58.906,March,Liquid Level - 2124,0
Water valve,ps,25-03-2025,J29,-,-,0,25-03-2025 16:41:01.766,March,Liquid Level - 3902,0
Water valve,ps,25-03-2025,J30,-,-,0,25-03-2025 16:41:04.655,March,Liquid Level - 3898,0
Water valve,ps,25-03-2025,J31,-,-,0,25-03-2025 16:41:07.544,March,Liquid Level - 3896,0
Water valve,ps,25-03-2025,J32,-,-,0,25-03-2025 16:41:10.419,March,Liquid Level - 3899,0
Water valve,ps,25-03-2025,J33,-,-,0,25-03-2025 16:41:15.755,March,Liquid Level - 3901,0
Water valve,ps,25-03-2025,W1,-,-,0,25-03-2025 16:41:20.745,March,Liquid Level - 3896,0
Water valve,ps,25-03-2025,W2,-,-,0,25-03-2025 16:41:23.542,March,Liquid Level - 3905,0
Water valve,ps,25-03-2025,W3,-,-,0,25-03-2025 16:41:26.452,March,Liquid Level - 3901,0
Water valve,ps,25-03-2025,W4,-,-,0,25-03-2025 16:41:29.532,March,Liquid Level - 3903,0
Water valve,ps,25-03-2025,W6,-,-,0,25-03-2025 16:41:32.232,March,Liquid Level - 3900,0
Water valve,ps,25-03-2025,-,-,-,0,25-03-2025 16:41:34.393,March,Home Reached,0
,ps,25-03-2025,-,-,-,35,25-03-2025 16:52:13.366,March,35 - Temperature set to device,0
Water valve,ps,25-03-2025,W1,Tap Water,--,0,25-03-2025 16:52:19.979,March,Water Valve : 1 is On,0
Water valve,ps,25-03-2025,W2,Tap Water,--,0,25-03-2025 16:52:20.643,March,Water Valve : 2 is On,0
Water valve,ps,25-03-2025,W3,Tap Water,--,0,25-03-2025 16:52:21.509,March,Water Valve : 3 is On,0
Water valve,ps,25-03-2025,W4,Tap Water,--,0,25-03-2025 16:52:22.393,March,Water Valve : 4 is On,0
Water valve,ps,25-03-2025,W5,Tap Water,--,0,25-03-2025 16:52:23.257,March,Water Valve : 5 is On,0
Water valve,ps,25-03-2025,W6,Tap Water,--,0,25-03-2025 16:52:24.153,March,Water Valve : 6 is On,0
Water valve,ps,25-03-2025,-,-,-,0,25-03-2025 16:52:25.035,March,Home Reached,0
,ps,25-03-2025,-,-,-,35,25-03-2025 18:01:06.991,March,35 - Temperature set to device,0
Water valve,ps,25-03-2025,W1,Tap Water,--,0,25-03-2025 18:01:14.124,March,Water Valve : 1 is On,0
Water valve,ps,25-03-2025,W2,Tap Water,--,0,25-03-2025 18:01:14.804,March,Water Valve : 2 is On,0
Water valve,ps,25-03-2025,W3,Tap Water,--,0,25-03-2025 18:01:15.690,March,Water Valve : 3 is On,0
Water valve,ps,25-03-2025,W4,Tap Water,--,0,25-03-2025 18:01:16.577,March,Water Valve : 4 is On,0
Water valve,ps,25-03-2025,W5,Tap Water,--,0,25-03-2025 18:01:17.441,March,Water Valve : 5 is On,0
Water valve,ps,25-03-2025,W6,Tap Water,--,0,25-03-2025 18:01:18.328,March,Water Valve : 6 is On,0
Water valve,ps,25-03-2025,-,-,-,0,25-03-2025 18:01:19.218,March,Home Reached,0
,ps,25-03-2025,-,-,-,35,25-03-2025 18:02:51.102,March,35 - Temperature set to device,0
Water valve,ps,25-03-2025,W1,Tap Water,--,0,25-03-2025 18:02:52.500,March,Water Valve : 1 is On,0
Water valve,ps,25-03-2025,W2,Tap Water,--,0,25-03-2025 18:02:52.887,March,Water Valve : 2 is On,0
Water valve,ps,25-03-2025,W3,Tap Water,--,0,25-03-2025 18:02:53.753,March,Water Valve : 3 is On,0
Water valve,ps,25-03-2025,W4,Tap Water,--,0,25-03-2025 18:02:54.636,March,Water Valve : 4 is On,0
Water valve,ps,25-03-2025,W5,Tap Water,--,0,25-03-2025 18:02:55.507,March,Water Valve : 5 is On,0
Water valve,ps,25-03-2025,W6,Tap Water,--,0,25-03-2025 18:02:56.376,March,Water Valve : 6 is On,0
Water valve,ps,25-03-2025,-,-,-,0,25-03-2025 18:02:57.245,March,Home Reached,0
Water valve,ps,25-03-2025,-,-,-,0,25-03-2025 18:03:00.153,March,Home Reached,0
Water valve,ps,25-03-2025,-,-,-,0,25-03-2025 18:03:03.036,March,Home Reached,0
Water valve,ps,25-03-2025,U1,-,-,0,25-03-2025 18:03:09.611,March,Liquid Level - 3901,0
Water valve,ps,25-03-2025,U2,-,-,0,25-03-2025 18:03:12.602,March,Liquid Level - 3908,0
Water valve,ps,25-03-2025,U3,-,-,0,25-03-2025 18:03:15.480,March,Liquid Level - 3899,0
Water valve,ps,25-03-2025,U4,-,-,0,25-03-2025 18:03:18.346,March,Liquid Level - 3898,0
Water valve,ps,25-03-2025,U5,-,-,0,25-03-2025 18:03:21.239,March,Liquid Level - 3898,0
Water valve,ps,25-03-2025,U6,-,-,0,25-03-2025 18:03:24.152,March,Liquid Level - 3897,0
Water valve,ps,25-03-2025,J1,-,-,0,25-03-2025 18:03:30.315,March,Liquid Level - 3904,0
Water valve,ps,25-03-2025,J2,-,-,0,25-03-2025 18:03:33.436,March,Liquid Level - 3895,0
Water valve,ps,25-03-2025,J3,-,-,0,25-03-2025 18:03:36.316,March,Liquid Level - 3906,0
Water valve,ps,25-03-2025,J4,-,-,0,25-03-2025 18:03:39.189,March,Liquid Level - 3901,0
Water valve,ps,25-03-2025,J5,-,-,0,25-03-2025 18:03:42.063,March,Liquid Level - 3903,0
Water valve,ps,25-03-2025,J6,-,-,0,25-03-2025 18:03:44.942,March,Liquid Level - 3899,0
Water valve,ps,25-03-2025,J7,-,-,0,25-03-2025 18:03:47.847,March,Liquid Level - 3897,0
Water valve,ps,25-03-2025,J8,-,-,0,25-03-2025 18:03:50.723,March,Liquid Level - 3895,0
Water valve,ps,25-03-2025,J9,-,-,0,25-03-2025 18:03:53.633,March,Liquid Level - 3901,0
Water valve,ps,25-03-2025,J10,-,-,0,25-03-2025 18:03:57.744,March,Liquid Level - 3897,0
Water valve,ps,25-03-2025,J11,-,-,0,25-03-2025 18:04:00.914,March,Liquid Level - 3891,0
Water valve,ps,25-03-2025,J12,-,-,0,25-03-2025 18:04:03.834,March,Liquid Level - 3903,0
Water valve,ps,25-03-2025,J13,-,-,0,25-03-2025 18:04:06.710,March,Liquid Level - 469,0
Water valve,ps,25-03-2025,J14,-,-,0,25-03-2025 18:04:12.776,March,Liquid Level - 3901,0
Water valve,ps,25-03-2025,J15,-,-,0,25-03-2025 18:04:15.750,March,Liquid Level - 3898,0
Water valve,ps,25-03-2025,J16,-,-,0,25-03-2025 18:04:18.619,March,Liquid Level - 3892,0
Water valve,ps,25-03-2025,J17,-,-,0,25-03-2025 18:04:21.512,March,Liquid Level - 3897,0
Water valve,ps,25-03-2025,J18,-,-,0,25-03-2025 18:04:25.620,March,Liquid Level - 3894,0
Water valve,ps,25-03-2025,J19,-,-,0,25-03-2025 18:04:28.772,March,Liquid Level - 3898,0
Water valve,ps,25-03-2025,J20,-,-,0,25-03-2025 18:04:31.669,March,Liquid Level - 3904,0
Water valve,ps,25-03-2025,J21,-,-,0,25-03-2025 18:04:34.555,March,Liquid Level - 3904,0
Water valve,ps,25-03-2025,J22,-,-,0,25-03-2025 18:04:37.448,March,Liquid Level - 3892,0
Water valve,ps,25-03-2025,J23,-,-,0,25-03-2025 18:04:40.319,March,Liquid Level - 3903,0
Water valve,ps,25-03-2025,J24,-,-,0,25-03-2025 18:04:43.256,March,Liquid Level - 3896,0
Water valve,ps,25-03-2025,J25,-,-,0,25-03-2025 18:04:46.152,March,Liquid Level - 3903,0
Water valve,ps,25-03-2025,J26,-,-,0,25-03-2025 18:04:49.052,March,Liquid Level - 3905,0
Water valve,ps,25-03-2025,J27,-,-,0,25-03-2025 18:04:52.759,March,Liquid Level - 3900,0
Water valve,ps,25-03-2025,J28,-,-,0,25-03-2025 18:04:55.814,March,Liquid Level - 2171,0
Water valve,ps,25-03-2025,J29,-,-,0,25-03-2025 18:04:58.697,March,Liquid Level - 3904,0
Water valve,ps,25-03-2025,J30,-,-,0,25-03-2025 18:05:01.587,March,Liquid Level - 3901,0
Water valve,ps,25-03-2025,J31,-,-,0,25-03-2025 18:05:04.447,March,Liquid Level - 3901,0
Water valve,ps,25-03-2025,J32,-,-,0,25-03-2025 18:05:07.339,March,Liquid Level - 3892,0
Water valve,ps,25-03-2025,J33,-,-,0,25-03-2025 18:05:12.660,March,Liquid Level - 3901,0
Water valve,ps,25-03-2025,W1,-,-,0,25-03-2025 18:05:17.681,March,Liquid Level - 3905,0
Water valve,ps,25-03-2025,W2,-,-,0,25-03-2025 18:05:20.502,March,Liquid Level - 3904,0
Water valve,ps,25-03-2025,W3,-,-,0,25-03-2025 18:05:23.403,March,Liquid Level - 3904,0
Water valve,ps,25-03-2025,W4,-,-,0,25-03-2025 18:05:26.481,March,Liquid Level - 3904,0
Water valve,ps,25-03-2025,W6,-,-,0,25-03-2025 18:05:29.193,March,Liquid Level - 3897,0
Water valve,ps,25-03-2025,-,-,-,0,25-03-2025 18:05:33.492,March,Home Reached,0
Water valve,ps,25-03-2025,-,-,-,0,25-03-2025 18:05:39.074,March,Home Reached,0
Water valve,ps,25-03-2025,-,-,-,0,25-03-2025 18:07:10.210,March,Home Reached,0
