,ps,14-02-2025,-,-,-,35,14-02-2025 14:23:21.913,February,35 - Temperature set to device,0
Water valve,ps,14-02-2025,W1,Tap Water,--,0,14-02-2025 14:23:32.354,February,Water Valve : 1 is On,0
Water valve,ps,14-02-2025,W2,Tap Water,--,0,14-02-2025 14:23:32.991,February,Water Valve : 2 is On,0
Water valve,ps,14-02-2025,W3,Tap Water,--,0,14-02-2025 14:23:33.767,February,Water Valve : 3 is On,0
Water valve,ps,14-02-2025,W4,Tap Water,--,0,14-02-2025 14:23:34.541,February,Water Valve : 4 is On,0
Water valve,ps,14-02-2025,W5,Tap Water,--,0,14-02-2025 14:23:35.313,February,Water Valve : 5 is On,0
Water valve,ps,14-02-2025,W6,Tap Water,--,0,14-02-2025 14:23:36.071,February,Water Valve : 6 is On,0
Water valve,ps,14-02-2025,-,-,-,0,14-02-2025 14:23:36.858,February,Home Reached,0
Water valve,ps,14-02-2025,-,-,-,0,14-02-2025 14:23:39.645,February,Home Reached,0
Water valve,ps,14-02-2025,-,-,-,0,14-02-2025 14:23:42.433,February,Home Reached,0
Water valve,ps,14-02-2025,U1,-,-,0,14-02-2025 14:23:48.912,February,Liquid Level - 4095,0
Water valve,ps,14-02-2025,U2,-,-,0,14-02-2025 14:23:53.078,February,Liquid Level - 3617,0
,ps,14-02-2025,-,-,-,35,14-02-2025 14:25:29.779,February,35 - Temperature set to device,0
Water valve,ps,14-02-2025,W1,Tap Water,--,0,14-02-2025 14:25:36.651,February,Water Valve : 1 is On,0
Water valve,ps,14-02-2025,W2,Tap Water,--,0,14-02-2025 14:25:37.262,February,Water Valve : 2 is On,0
Water valve,ps,14-02-2025,W3,Tap Water,--,0,14-02-2025 14:25:38.049,February,Water Valve : 3 is On,0
Water valve,ps,14-02-2025,W4,Tap Water,--,0,14-02-2025 14:25:38.822,February,Water Valve : 4 is On,0
Water valve,ps,14-02-2025,W5,Tap Water,--,0,14-02-2025 14:25:39.607,February,Water Valve : 5 is On,0
Water valve,ps,14-02-2025,W6,Tap Water,--,0,14-02-2025 14:25:40.380,February,Water Valve : 6 is On,0
Water valve,ps,14-02-2025,-,-,-,0,14-02-2025 14:25:41.172,February,Home Reached,0
Water valve,ps,14-02-2025,-,-,-,0,14-02-2025 14:25:47.201,February,Home Reached,0
Water valve,ps,14-02-2025,-,-,-,0,14-02-2025 14:25:49.743,February,Home Reached,0
Water valve,ps,14-02-2025,U1,-,-,0,14-02-2025 14:25:56.229,February,Liquid Level - 4095,0
,ps,14-02-2025,-,-,-,35,14-02-2025 14:27:30.739,February,35 - Temperature set to device,0
Water valve,ps,14-02-2025,W1,Tap Water,--,0,14-02-2025 14:27:37.335,February,Water Valve : 1 is On,0
Water valve,ps,14-02-2025,W2,Tap Water,--,0,14-02-2025 14:27:38.005,February,Water Valve : 2 is On,0
Water valve,ps,14-02-2025,W3,Tap Water,--,0,14-02-2025 14:27:38.777,February,Water Valve : 3 is On,0
Water valve,ps,14-02-2025,W4,Tap Water,--,0,14-02-2025 14:27:39.551,February,Water Valve : 4 is On,0
Water valve,ps,14-02-2025,W5,Tap Water,--,0,14-02-2025 14:27:40.342,February,Water Valve : 5 is On,0
Water valve,ps,14-02-2025,W6,Tap Water,--,0,14-02-2025 14:27:41.118,February,Water Valve : 6 is On,0
Water valve,ps,14-02-2025,-,-,-,0,14-02-2025 14:27:42.252,February,Home Reached,0
Water valve,ps,14-02-2025,-,-,-,0,14-02-2025 14:27:47.909,February,Home Reached,0
Water valve,ps,14-02-2025,-,-,-,0,14-02-2025 14:27:50.482,February,Home Reached,0
Water valve,ps,14-02-2025,U1,-,-,0,14-02-2025 14:27:56.964,February,Liquid Level - 4095,0
,ps,14-02-2025,-,-,-,35,14-02-2025 14:55:36.690,February,35 - Temperature set to device,0
Water valve,ps,14-02-2025,W1,Tap Water,--,0,14-02-2025 14:55:43.433,February,Water Valve : 1 is On,0
Water valve,ps,14-02-2025,W2,Tap Water,--,0,14-02-2025 14:55:44.088,February,Water Valve : 2 is On,0
Water valve,ps,14-02-2025,W3,Tap Water,--,0,14-02-2025 14:55:44.861,February,Water Valve : 3 is On,0
Water valve,ps,14-02-2025,W4,Tap Water,--,0,14-02-2025 14:55:45.635,February,Water Valve : 4 is On,0
Water valve,ps,14-02-2025,W5,Tap Water,--,0,14-02-2025 14:55:46.420,February,Water Valve : 5 is On,0
Water valve,ps,14-02-2025,W6,Tap Water,--,0,14-02-2025 14:55:47.195,February,Water Valve : 6 is On,0
Water valve,ps,14-02-2025,-,-,-,0,14-02-2025 14:55:49.394,February,Home Reached,0
Water valve,ps,14-02-2025,-,-,-,0,14-02-2025 14:55:55.021,February,Home Reached,0
Water valve,ps,14-02-2025,-,-,-,0,14-02-2025 14:55:57.581,February,Home Reached,0
Water valve,ps,14-02-2025,U1,-,-,0,14-02-2025 14:56:04.039,February,Liquid Level - 4095,0
Water valve,ps,14-02-2025,U2,-,-,0,14-02-2025 14:56:06.929,February,Liquid Level - 4095,0
Water valve,ps,14-02-2025,U3,-,-,0,14-02-2025 14:56:09.703,February,Liquid Level - 4095,0
Water valve,ps,14-02-2025,U4,-,-,0,14-02-2025 14:56:12.490,February,Liquid Level - 4095,0
Water valve,ps,14-02-2025,U5,-,-,0,14-02-2025 14:56:15.258,February,Liquid Level - 4095,0
Water valve,ps,14-02-2025,U6,-,-,0,14-02-2025 14:56:18.031,February,Liquid Level - 4095,0
Water valve,ps,14-02-2025,J1,-,-,0,14-02-2025 14:56:24.067,February,Liquid Level - 4095,0
Water valve,ps,14-02-2025,J2,-,-,0,14-02-2025 14:56:27.103,February,Liquid Level - 4095,0
Water valve,ps,14-02-2025,J3,-,-,0,14-02-2025 14:56:29.886,February,Liquid Level - 4095,0
Water valve,ps,14-02-2025,J4,-,-,0,14-02-2025 14:56:32.660,February,Liquid Level - 4095,0
Water valve,ps,14-02-2025,J5,-,-,0,14-02-2025 14:56:35.440,February,Liquid Level - 4095,0
Water valve,ps,14-02-2025,J6,-,-,0,14-02-2025 14:56:38.223,February,Liquid Level - 4095,0
Water valve,ps,14-02-2025,J7,-,-,0,14-02-2025 14:56:41.013,February,Liquid Level - 4095,0
Water valve,ps,14-02-2025,J8,-,-,0,14-02-2025 14:56:43.784,February,Liquid Level - 4095,0
Water valve,ps,14-02-2025,J9,-,-,0,14-02-2025 14:56:46.568,February,Liquid Level - 4095,0
Water valve,ps,14-02-2025,J10,-,-,0,14-02-2025 14:56:50.590,February,Liquid Level - 4095,0
Water valve,ps,14-02-2025,J11,-,-,0,14-02-2025 14:56:53.631,February,Liquid Level - 4095,0
Water valve,ps,14-02-2025,J12,-,-,0,14-02-2025 14:56:56.397,February,Liquid Level - 4095,0
Water valve,ps,14-02-2025,J13,-,-,0,14-02-2025 14:56:59.161,February,Liquid Level - 4095,0
Water valve,ps,14-02-2025,J14,-,-,0,14-02-2025 14:57:02.112,February,Liquid Level - 4095,0
Water valve,ps,14-02-2025,J15,-,-,0,14-02-2025 14:57:07.439,February,Liquid Level - 4095,0
Water valve,ps,14-02-2025,J16,-,-,0,14-02-2025 14:57:10.395,February,Liquid Level - 4095,0
Water valve,ps,14-02-2025,J17,-,-,0,14-02-2025 14:57:13.189,February,Liquid Level - 4095,0
Water valve,ps,14-02-2025,J18,-,-,0,14-02-2025 14:57:17.202,February,Liquid Level - 509,0
Water valve,ps,14-02-2025,J19,-,-,0,14-02-2025 14:57:20.255,February,Liquid Level - 4095,0
Water valve,ps,14-02-2025,J20,-,-,0,14-02-2025 14:57:23.039,February,Liquid Level - 4095,0
Water valve,ps,14-02-2025,J21,-,-,0,14-02-2025 14:57:25.823,February,Liquid Level - 4095,0
Water valve,ps,14-02-2025,J22,-,-,0,14-02-2025 14:57:28.594,February,Liquid Level - 4095,0
Water valve,ps,14-02-2025,J23,-,-,0,14-02-2025 14:57:31.373,February,Liquid Level - 484,0
Water valve,ps,14-02-2025,J24,-,-,0,14-02-2025 14:57:36.979,February,Liquid Level - 4095,0
Water valve,ps,14-02-2025,J25,-,-,0,14-02-2025 14:57:39.947,February,Liquid Level - 4095,0
Water valve,ps,14-02-2025,J26,-,-,0,14-02-2025 14:57:42.726,February,Liquid Level - 477,0
Water valve,ps,14-02-2025,J27,-,-,0,14-02-2025 14:57:48.271,February,Liquid Level - 4095,0
Water valve,ps,14-02-2025,J28,-,-,0,14-02-2025 14:57:51.207,February,Liquid Level - 4095,0
Water valve,ps,14-02-2025,J29,-,-,0,14-02-2025 14:57:53.996,February,Liquid Level - 4095,0
Water valve,ps,14-02-2025,J30,-,-,0,14-02-2025 14:57:56.761,February,Liquid Level - 4095,0
Water valve,ps,14-02-2025,J31,-,-,0,14-02-2025 14:57:59.544,February,Liquid Level - 4095,0
Water valve,ps,14-02-2025,J32,-,-,0,14-02-2025 14:58:02.328,February,Liquid Level - 4095,0
Water valve,ps,14-02-2025,J33,-,-,0,14-02-2025 14:58:07.579,February,Liquid Level - 4095,0
Water valve,ps,14-02-2025,W1,-,-,0,14-02-2025 14:58:12.459,February,Liquid Level - 4095,0
Water valve,ps,14-02-2025,W2,-,-,0,14-02-2025 14:58:15.198,February,Liquid Level - 4095,0
Water valve,ps,14-02-2025,W3,-,-,0,14-02-2025 14:58:17.966,February,Liquid Level - 4095,0
Water valve,ps,14-02-2025,W4,-,-,0,14-02-2025 14:58:20.902,February,Liquid Level - 4095,0
Water valve,ps,14-02-2025,W5,-,-,0,14-02-2025 14:58:23.517,February,Liquid Level - 4095,0
Water valve,ps,14-02-2025,W6,-,-,0,14-02-2025 14:58:26.294,February,Liquid Level - 4095,0
Water valve,ps,14-02-2025,-,-,-,0,14-02-2025 14:58:28.499,February,Home Reached,0
Water valve,ps,14-02-2025,-,-,-,0,14-02-2025 14:58:34.063,February,Home Reached,0
Water valve,ps,14-02-2025,-,-,-,0,14-02-2025 14:59:45.108,February,Home Reached,0
,ps,14-02-2025,-,-,-,35,14-02-2025 15:35:37.934,February,35 - Temperature set to device,0
Water valve,ps,14-02-2025,W1,Tap Water,--,0,14-02-2025 15:35:44.932,February,Water Valve : 1 is On,0
Water valve,ps,14-02-2025,W2,Tap Water,--,0,14-02-2025 15:35:45.578,February,Water Valve : 2 is On,0
Water valve,ps,14-02-2025,W3,Tap Water,--,0,14-02-2025 15:35:46.351,February,Water Valve : 3 is On,0
Water valve,ps,14-02-2025,W4,Tap Water,--,0,14-02-2025 15:35:47.135,February,Water Valve : 4 is On,0
Water valve,ps,14-02-2025,W5,Tap Water,--,0,14-02-2025 15:35:47.906,February,Water Valve : 5 is On,0
Water valve,ps,14-02-2025,W6,Tap Water,--,0,14-02-2025 15:35:48.682,February,Water Valve : 6 is On,0
Water valve,ps,14-02-2025,-,-,-,0,14-02-2025 15:35:51.096,February,Home Reached,0
Water valve,ps,14-02-2025,-,-,-,0,14-02-2025 15:36:04.930,February,Home Reached,0
Water valve,ps,14-02-2025,-,-,-,0,14-02-2025 15:36:07.556,February,Home Reached,0
Water valve,ps,14-02-2025,U1,-,-,0,14-02-2025 15:36:14.011,February,Liquid Level - 4095,0
Water valve,ps,14-02-2025,U2,-,-,0,14-02-2025 15:36:16.933,February,Liquid Level - 4095,0
Water valve,ps,14-02-2025,U3,-,-,0,14-02-2025 15:36:19.690,February,Liquid Level - 4095,0
Water valve,ps,14-02-2025,U4,-,-,0,14-02-2025 15:36:22.479,February,Liquid Level - 4095,0
Water valve,ps,14-02-2025,U5,-,-,0,14-02-2025 15:36:25.252,February,Liquid Level - 4095,0
Water valve,ps,14-02-2025,U6,-,-,0,14-02-2025 15:36:28.044,February,Liquid Level - 4095,0
Water valve,ps,14-02-2025,J1,-,-,0,14-02-2025 15:36:34.085,February,Liquid Level - 466,0
Water valve,ps,14-02-2025,J2,-,-,0,14-02-2025 15:36:37.084,February,Liquid Level - 4095,0
Water valve,ps,14-02-2025,J3,-,-,0,14-02-2025 15:36:39.870,February,Liquid Level - 4095,0
Water valve,ps,14-02-2025,J4,-,-,0,14-02-2025 15:36:42.633,February,Liquid Level - 4095,0
Water valve,ps,14-02-2025,J5,-,-,0,14-02-2025 15:36:45.418,February,Liquid Level - 4095,0
Water valve,ps,14-02-2025,J6,-,-,0,14-02-2025 15:36:48.204,February,Liquid Level - 4095,0
Water valve,ps,14-02-2025,J7,-,-,0,14-02-2025 15:36:50.964,February,Liquid Level - 4095,0
Water valve,ps,14-02-2025,J8,-,-,0,14-02-2025 15:36:53.765,February,Liquid Level - 4095,0
Water valve,ps,14-02-2025,J9,-,-,0,14-02-2025 15:36:56.528,February,Liquid Level - 4095,0
Water valve,ps,14-02-2025,J10,-,-,0,14-02-2025 15:37:00.547,February,Liquid Level - 4095,0
Water valve,ps,14-02-2025,J11,-,-,0,14-02-2025 15:37:03.588,February,Liquid Level - 4095,0
Water valve,ps,14-02-2025,J12,-,-,0,14-02-2025 15:37:06.370,February,Liquid Level - 4095,0
Water valve,ps,14-02-2025,J13,-,-,0,14-02-2025 15:37:09.145,February,Liquid Level - 475,0
Water valve,ps,14-02-2025,J14,-,-,0,14-02-2025 15:37:14.715,February,Liquid Level - 4095,0
Water valve,ps,14-02-2025,J15,-,-,0,14-02-2025 15:37:17.667,February,Liquid Level - 530,0
Water valve,ps,14-02-2025,J16,-,-,0,14-02-2025 15:37:20.465,February,Liquid Level - 4095,0
Water valve,ps,14-02-2025,J17,-,-,0,14-02-2025 15:37:23.268,February,Liquid Level - 4095,0
Water valve,ps,14-02-2025,J18,-,-,0,14-02-2025 15:37:27.263,February,Liquid Level - 4095,0
Water valve,ps,14-02-2025,J19,-,-,0,14-02-2025 15:37:30.324,February,Liquid Level - 495,0
Water valve,ps,14-02-2025,J20,-,-,0,14-02-2025 15:37:33.084,February,Liquid Level - 4095,0
Water valve,ps,14-02-2025,J21,-,-,0,14-02-2025 15:37:35.872,February,Liquid Level - 4095,0
Water valve,ps,14-02-2025,J22,-,-,0,14-02-2025 15:37:38.650,February,Liquid Level - 4095,0
Water valve,ps,14-02-2025,J23,-,-,0,14-02-2025 15:37:41.435,February,Liquid Level - 4095,0
Water valve,ps,14-02-2025,J24,-,-,0,14-02-2025 15:37:44.199,February,Liquid Level - 4095,0
Water valve,ps,14-02-2025,J25,-,-,0,14-02-2025 15:37:46.962,February,Liquid Level - 4095,0
Water valve,ps,14-02-2025,J26,-,-,0,14-02-2025 15:37:49.746,February,Liquid Level - 4095,0
Water valve,ps,14-02-2025,J27,-,-,0,14-02-2025 15:37:53.323,February,Liquid Level - 4095,0
Water valve,ps,14-02-2025,J28,-,-,0,14-02-2025 15:37:56.296,February,Liquid Level - 4095,0
Water valve,ps,14-02-2025,J29,-,-,0,14-02-2025 15:37:59.087,February,Liquid Level - 4095,0
Water valve,ps,14-02-2025,J30,-,-,0,14-02-2025 15:38:01.860,February,Liquid Level - 4095,0
Water valve,ps,14-02-2025,J31,-,-,0,14-02-2025 15:38:04.618,February,Liquid Level - 4095,0
Water valve,ps,14-02-2025,J32,-,-,0,14-02-2025 15:38:07.423,February,Liquid Level - 4095,0
Water valve,ps,14-02-2025,J33,-,-,0,14-02-2025 15:38:12.669,February,Liquid Level - 4095,0
Water valve,ps,14-02-2025,W1,-,-,0,14-02-2025 15:38:17.536,February,Liquid Level - 4095,0
Water valve,ps,14-02-2025,W2,-,-,0,14-02-2025 15:38:20.266,February,Liquid Level - 4095,0
Water valve,ps,14-02-2025,W3,-,-,0,14-02-2025 15:38:23.057,February,Liquid Level - 4095,0
Water valve,ps,14-02-2025,W4,-,-,0,14-02-2025 15:38:26.000,February,Liquid Level - 4095,0
Water valve,ps,14-02-2025,W5,-,-,0,14-02-2025 15:38:31.317,February,Liquid Level - 4095,0
Water valve,ps,14-02-2025,W6,-,-,0,14-02-2025 15:38:34.269,February,Liquid Level - 4095,0
Water valve,ps,14-02-2025,-,-,-,0,14-02-2025 15:38:36.473,February,Home Reached,0
Water valve,ps,14-02-2025,-,-,-,0,14-02-2025 15:38:42.041,February,Home Reached,0
Water valve,ps,14-02-2025,-,-,-,0,14-02-2025 15:39:57.163,February,Home Reached,0
,ps,14-02-2025,-,-,-,35,14-02-2025 15:43:38.837,February,35 - Temperature set to device,0
Water valve,ps,14-02-2025,W1,Tap Water,--,0,14-02-2025 15:43:40.124,February,Water Valve : 1 is On,0
Water valve,ps,14-02-2025,W2,Tap Water,--,0,14-02-2025 15:43:45.414,February,Water Valve : 2 is On,0
Water valve,ps,14-02-2025,W3,Tap Water,--,0,14-02-2025 15:43:46.066,February,Water Valve : 3 is On,0
Water valve,ps,14-02-2025,W4,Tap Water,--,0,14-02-2025 15:43:46.855,February,Water Valve : 4 is On,0
Water valve,ps,14-02-2025,W5,Tap Water,--,0,14-02-2025 15:43:47.635,February,Water Valve : 5 is On,0
Water valve,ps,14-02-2025,W6,Tap Water,--,0,14-02-2025 15:43:48.424,February,Water Valve : 6 is On,0
Water valve,ps,14-02-2025,-,-,-,0,14-02-2025 15:43:49.217,February,Home Reached,0
Water valve,ps,14-02-2025,-,-,-,0,14-02-2025 15:43:52.014,February,Home Reached,0
Water valve,ps,14-02-2025,-,-,-,0,14-02-2025 15:43:54.801,February,Home Reached,0
Water valve,ps,14-02-2025,U1,-,-,0,14-02-2025 15:44:06.671,February,Liquid Level - 4095,0
Water valve,ps,14-02-2025,U2,-,-,0,14-02-2025 15:45:26.554,February,Liquid Level - 4095,0
Water valve,ps,14-02-2025,U3,-,-,0,14-02-2025 15:45:33.707,February,Liquid Level - 4095,0
Water valve,ps,14-02-2025,U4,-,-,0,14-02-2025 15:45:38.476,February,Liquid Level - 4095,0
Water valve,ps,14-02-2025,U5,-,-,0,14-02-2025 15:45:46.560,February,Liquid Level - 4095,0
Water valve,ps,14-02-2025,U6,-,-,0,14-02-2025 15:45:50.511,February,Liquid Level - 4095,0
Water valve,ps,14-02-2025,J1,-,-,0,14-02-2025 15:48:24.274,February,Liquid Level - 500,0
Water valve,ps,14-02-2025,J2,-,-,0,14-02-2025 15:48:54.420,February,Liquid Level - 4095,0
Water valve,ps,14-02-2025,J3,-,-,0,14-02-2025 15:48:58.158,February,Liquid Level - 4095,0
Water valve,ps,14-02-2025,J4,-,-,0,14-02-2025 15:49:02.387,February,Liquid Level - 4095,0
Water valve,ps,14-02-2025,J5,-,-,0,14-02-2025 15:49:06.881,February,Liquid Level - 4095,0
Water valve,ps,14-02-2025,J6,-,-,0,14-02-2025 15:49:10.864,February,Liquid Level - 4095,0
Water valve,ps,14-02-2025,J7,-,-,0,14-02-2025 15:49:14.910,February,Liquid Level - 4095,0
Water valve,ps,14-02-2025,J8,-,-,0,14-02-2025 15:49:18.771,February,Liquid Level - 4095,0
Water valve,ps,14-02-2025,J9,-,-,0,14-02-2025 15:49:25.597,February,Liquid Level - 4095,0
Water valve,ps,14-02-2025,J10,-,-,0,14-02-2025 15:49:46.529,February,Liquid Level - 527,0
Water valve,ps,14-02-2025,J11,-,-,0,14-02-2025 15:49:55.801,February,Liquid Level - 4095,0
Water valve,ps,14-02-2025,J12,-,-,0,14-02-2025 15:49:59.857,February,Liquid Level - 4095,0
Water valve,ps,14-02-2025,J13,-,-,0,14-02-2025 15:50:06.455,February,Liquid Level - 4095,0
Water valve,ps,14-02-2025,J14,-,-,0,14-02-2025 15:50:25.004,February,Liquid Level - 459,0
Water valve,ps,14-02-2025,J15,-,-,0,14-02-2025 15:54:05.046,February,Liquid Level - 2606,0
Water valve,ps,14-02-2025,J16,-,-,0,14-02-2025 15:54:09.121,February,Liquid Level - 4095,0
Water valve,ps,14-02-2025,J17,-,-,0,14-02-2025 15:54:12.659,February,Liquid Level - 2433,0
Water valve,ps,14-02-2025,J18,-,-,0,14-02-2025 15:54:17.634,February,Liquid Level - 3183,0
Water valve,ps,14-02-2025,J19,-,-,0,14-02-2025 15:54:22.729,February,Liquid Level - 4095,0
Water valve,ps,14-02-2025,J20,-,-,0,14-02-2025 15:54:26.397,February,Liquid Level - 4095,0
Water valve,ps,14-02-2025,J21,-,-,0,14-02-2025 15:54:30.224,February,Liquid Level - 2275,0
Water valve,ps,14-02-2025,J22,-,-,0,14-02-2025 15:54:33.982,February,Liquid Level - 4095,0
Water valve,ps,14-02-2025,J23,-,-,0,14-02-2025 15:54:38.156,February,Liquid Level - 4095,0
Water valve,ps,14-02-2025,J24,-,-,0,14-02-2025 15:54:41.977,February,Liquid Level - 2032,0
Water valve,ps,14-02-2025,J25,-,-,0,14-02-2025 15:54:48.161,February,Liquid Level - 4095,0
Water valve,ps,14-02-2025,J26,-,-,0,14-02-2025 15:54:57.668,February,Liquid Level - 507,0
Water valve,ps,14-02-2025,J27,-,-,0,14-02-2025 15:55:02.459,February,Liquid Level - 4095,0
Water valve,ps,14-02-2025,J28,-,-,0,14-02-2025 15:55:06.219,February,Liquid Level - 4095,0
Water valve,ps,14-02-2025,J29,-,-,0,14-02-2025 15:55:09.963,February,Liquid Level - 2007,0
Water valve,ps,14-02-2025,J30,-,-,0,14-02-2025 15:55:13.874,February,Liquid Level - 4095,0
Water valve,ps,14-02-2025,J31,-,-,0,14-02-2025 15:55:19.937,February,Liquid Level - 4095,0
Water valve,ps,14-02-2025,J32,-,-,0,14-02-2025 15:55:23.782,February,Liquid Level - 4095,0
Water valve,ps,14-02-2025,J33,-,-,0,14-02-2025 15:55:32.953,February,Liquid Level - 4095,0
Water valve,ps,14-02-2025,W1,-,-,0,14-02-2025 15:55:40.107,February,Liquid Level - 4095,0
Water valve,ps,14-02-2025,W2,-,-,0,14-02-2025 15:55:43.697,February,Liquid Level - 4095,0
Water valve,ps,14-02-2025,W3,-,-,0,14-02-2025 15:55:47.480,February,Liquid Level - 4095,0
Water valve,ps,14-02-2025,W4,-,-,0,14-02-2025 15:55:51.262,February,Liquid Level - 1856,0
Water valve,ps,14-02-2025,W5,-,-,0,14-02-2025 15:55:54.970,February,Liquid Level - 4095,0
Water valve,ps,14-02-2025,W6,-,-,0,14-02-2025 15:55:59.123,February,Liquid Level - 3026,0
Water valve,ps,14-02-2025,-,-,-,0,14-02-2025 15:56:01.147,February,Home Reached,0
Water valve,ps,14-02-2025,-,-,-,0,14-02-2025 15:56:06.722,February,Home Reached,0
Water valve,ps,14-02-2025,-,-,-,0,14-02-2025 15:57:24.022,February,Home Reached,0
,ps,14-02-2025,-,-,-,35,14-02-2025 15:59:55.734,February,35 - Temperature set to device,0
Water valve,ps,14-02-2025,W1,Tap Water,--,0,14-02-2025 15:59:57.000,February,Water Valve : 1 is On,0
Water valve,ps,14-02-2025,W2,Tap Water,--,0,14-02-2025 15:59:57.282,February,Water Valve : 2 is On,0
Water valve,ps,14-02-2025,W3,Tap Water,--,0,14-02-2025 15:59:58.056,February,Water Valve : 3 is On,0
Water valve,ps,14-02-2025,W4,Tap Water,--,0,14-02-2025 15:59:58.831,February,Water Valve : 4 is On,0
Water valve,ps,14-02-2025,W5,Tap Water,--,0,14-02-2025 15:59:59.604,February,Water Valve : 5 is On,0
Water valve,ps,14-02-2025,W6,Tap Water,--,0,14-02-2025 16:00:00.483,February,Water Valve : 6 is On,0
Water valve,ps,14-02-2025,-,-,-,0,14-02-2025 16:00:01.335,February,Home Reached,0
Water valve,ps,14-02-2025,-,-,-,0,14-02-2025 16:00:04.131,February,Home Reached,0
Water valve,ps,14-02-2025,-,-,-,0,14-02-2025 16:00:06.913,February,Home Reached,0
Water valve,ps,14-02-2025,U1,-,-,0,14-02-2025 16:00:26.745,February,Liquid Level - 511,0
Water valve,ps,14-02-2025,U2,-,-,0,14-02-2025 16:00:33.760,February,Liquid Level - 530,0
Water valve,ps,14-02-2025,U3,-,-,0,14-02-2025 16:00:37.969,February,Liquid Level - 458,0
Water valve,ps,14-02-2025,U4,-,-,0,14-02-2025 16:00:42.106,February,Liquid Level - 487,0
Water valve,ps,14-02-2025,U5,-,-,0,14-02-2025 16:00:46.305,February,Liquid Level - 4095,0
Water valve,ps,14-02-2025,U6,-,-,0,14-02-2025 16:00:51.517,February,Liquid Level - 4095,0
,ps,14-02-2025,-,-,-,35,14-02-2025 16:02:04.848,February,35 - Temperature set to device,0
Water valve,ps,14-02-2025,W1,Tap Water,--,0,14-02-2025 16:02:06.139,February,Water Valve : 1 is On,0
Water valve,ps,14-02-2025,W2,Tap Water,--,0,14-02-2025 16:02:11.414,February,Water Valve : 2 is On,0
Water valve,ps,14-02-2025,W3,Tap Water,--,0,14-02-2025 16:02:12.100,February,Water Valve : 3 is On,0
Water valve,ps,14-02-2025,W4,Tap Water,--,0,14-02-2025 16:02:12.887,February,Water Valve : 4 is On,0
Water valve,ps,14-02-2025,W5,Tap Water,--,0,14-02-2025 16:02:13.664,February,Water Valve : 5 is On,0
Water valve,ps,14-02-2025,W6,Tap Water,--,0,14-02-2025 16:02:14.454,February,Water Valve : 6 is On,0
Water valve,ps,14-02-2025,-,-,-,0,14-02-2025 16:02:16.636,February,Home Reached,0
Water valve,ps,14-02-2025,-,-,-,0,14-02-2025 16:02:23.621,February,Home Reached,0
Water valve,ps,14-02-2025,-,-,-,0,14-02-2025 16:02:26.322,February,Home Reached,0
Water valve,ps,14-02-2025,U1,-,-,0,14-02-2025 16:03:23.741,February,Liquid Level - 4095,0
Water valve,ps,14-02-2025,U2,-,-,0,14-02-2025 16:03:28.578,February,Liquid Level - 4095,0
Water valve,ps,14-02-2025,U3,-,-,0,14-02-2025 16:03:32.747,February,Liquid Level - 4095,0
Water valve,ps,14-02-2025,U4,-,-,0,14-02-2025 16:03:36.202,February,Liquid Level - 4095,0
Water valve,ps,14-02-2025,U5,-,-,0,14-02-2025 16:03:40.181,February,Liquid Level - 4095,0
Water valve,ps,14-02-2025,U6,-,-,0,14-02-2025 16:03:44.218,February,Liquid Level - 4095,0
,ps,14-02-2025,-,-,-,35,14-02-2025 16:26:13.119,February,35 - Temperature set to device,0
Water valve,ps,14-02-2025,W1,Tap Water,--,0,14-02-2025 16:26:14.450,February,Water Valve : 1 is On,0
Water valve,ps,14-02-2025,W2,Tap Water,--,0,14-02-2025 16:26:19.729,February,Water Valve : 2 is On,0
Water valve,ps,14-02-2025,W3,Tap Water,--,0,14-02-2025 16:26:20.478,February,Water Valve : 3 is On,0
Water valve,ps,14-02-2025,W4,Tap Water,--,0,14-02-2025 16:26:21.246,February,Water Valve : 4 is On,0
Water valve,ps,14-02-2025,W5,Tap Water,--,0,14-02-2025 16:26:22.037,February,Water Valve : 5 is On,0
Water valve,ps,14-02-2025,W6,Tap Water,--,0,14-02-2025 16:26:22.809,February,Water Valve : 6 is On,0
Water valve,ps,14-02-2025,-,-,-,0,14-02-2025 16:26:24.983,February,Home Reached,0
Water valve,ps,14-02-2025,-,-,-,0,14-02-2025 16:26:38.567,February,Home Reached,0
Water valve,ps,14-02-2025,-,-,-,0,14-02-2025 16:26:41.187,February,Home Reached,0
Water valve,ps,14-02-2025,U1,-,-,0,14-02-2025 16:26:51.348,February,Liquid Level - 4095,0
Water valve,ps,14-02-2025,U2,-,-,0,14-02-2025 16:26:54.056,February,Liquid Level - 4095,0
Water valve,ps,14-02-2025,U3,-,-,0,14-02-2025 16:26:56.824,February,Liquid Level - 4095,0
Water valve,ps,14-02-2025,U4,-,-,0,14-02-2025 16:26:59.595,February,Liquid Level - 4095,0
Water valve,ps,14-02-2025,U5,-,-,0,14-02-2025 16:27:02.371,February,Liquid Level - 4095,0
Water valve,ps,14-02-2025,U6,-,-,0,14-02-2025 16:27:05.131,February,Liquid Level - 4095,0
Water valve,ps,14-02-2025,J1,-,-,0,14-02-2025 16:27:11.196,February,Liquid Level - 483,0
Water valve,ps,14-02-2025,J2,-,-,0,14-02-2025 16:27:14.190,February,Liquid Level - 4095,0
Water valve,ps,14-02-2025,J3,-,-,0,14-02-2025 16:27:16.977,February,Liquid Level - 4095,0
Water valve,ps,14-02-2025,J4,-,-,0,14-02-2025 16:27:19.738,February,Liquid Level - 4095,0
Water valve,ps,14-02-2025,J5,-,-,0,14-02-2025 16:27:22.531,February,Liquid Level - 4095,0
Water valve,ps,14-02-2025,J6,-,-,0,14-02-2025 16:27:25.301,February,Liquid Level - 4095,0
Water valve,ps,14-02-2025,J7,-,-,0,14-02-2025 16:27:28.067,February,Liquid Level - 4095,0
Water valve,ps,14-02-2025,J8,-,-,0,14-02-2025 16:27:30.836,February,Liquid Level - 4095,0
Water valve,ps,14-02-2025,J9,-,-,0,14-02-2025 16:27:33.605,February,Liquid Level - 4095,0
Water valve,ps,14-02-2025,J10,-,-,0,14-02-2025 16:27:37.607,February,Liquid Level - 4095,0
Water valve,ps,14-02-2025,J11,-,-,0,14-02-2025 16:27:40.639,February,Liquid Level - 4095,0
Water valve,ps,14-02-2025,J12,-,-,0,14-02-2025 16:27:43.434,February,Liquid Level - 4095,0
Water valve,ps,14-02-2025,J13,-,-,0,14-02-2025 16:27:46.216,February,Liquid Level - 481,0
Water valve,ps,14-02-2025,J14,-,-,0,14-02-2025 16:27:51.696,February,Liquid Level - 524,0
Water valve,ps,14-02-2025,J15,-,-,0,14-02-2025 16:27:54.673,February,Liquid Level - 2595,0
Water valve,ps,14-02-2025,J16,-,-,0,14-02-2025 16:27:57.434,February,Liquid Level - 4095,0
Water valve,ps,14-02-2025,J17,-,-,0,14-02-2025 16:28:00.225,February,Liquid Level - 2422,0
Water valve,ps,14-02-2025,J18,-,-,0,14-02-2025 16:28:04.237,February,Liquid Level - 3181,0
Water valve,ps,14-02-2025,J19,-,-,0,14-02-2025 16:28:07.275,February,Liquid Level - 4095,0
Water valve,ps,14-02-2025,J20,-,-,0,14-02-2025 16:28:10.065,February,Liquid Level - 4095,0
Water valve,ps,14-02-2025,J21,-,-,0,14-02-2025 16:28:12.829,February,Liquid Level - 2279,0
Water valve,ps,14-02-2025,J22,-,-,0,14-02-2025 16:28:15.620,February,Liquid Level - 4095,0
Water valve,ps,14-02-2025,J23,-,-,0,14-02-2025 16:28:18.456,February,Liquid Level - 467,0
Water valve,ps,14-02-2025,J24,-,-,0,14-02-2025 16:28:23.934,February,Liquid Level - 2035,0
Water valve,ps,14-02-2025,J25,-,-,0,14-02-2025 16:28:26.919,February,Liquid Level - 4095,0
Water valve,ps,14-02-2025,J26,-,-,0,14-02-2025 16:28:29.698,February,Liquid Level - 4095,0
Water valve,ps,14-02-2025,J27,-,-,0,14-02-2025 16:28:33.283,February,Liquid Level - 4095,0
Water valve,ps,14-02-2025,J28,-,-,0,14-02-2025 16:28:36.261,February,Liquid Level - 4095,0
Water valve,ps,14-02-2025,J29,-,-,0,14-02-2025 16:28:39.034,February,Liquid Level - 2008,0
Water valve,ps,14-02-2025,J30,-,-,0,14-02-2025 16:28:41.811,February,Liquid Level - 4095,0
Water valve,ps,14-02-2025,J31,-,-,0,14-02-2025 16:28:44.581,February,Liquid Level - 4095,0
Water valve,ps,14-02-2025,J32,-,-,0,14-02-2025 16:28:47.353,February,Liquid Level - 4095,0
Water valve,ps,14-02-2025,J33,-,-,0,14-02-2025 16:28:52.595,February,Liquid Level - 4095,0
Water valve,ps,14-02-2025,W1,-,-,0,14-02-2025 16:28:57.421,February,Liquid Level - 4095,0
Water valve,ps,14-02-2025,W2,-,-,0,14-02-2025 16:29:00.154,February,Liquid Level - 4095,0
Water valve,ps,14-02-2025,W3,-,-,0,14-02-2025 16:29:02.948,February,Liquid Level - 4095,0
Water valve,ps,14-02-2025,W4,-,-,0,14-02-2025 16:29:05.897,February,Liquid Level - 1843,0
Water valve,ps,14-02-2025,W5,-,-,0,14-02-2025 16:32:10.717,February,Liquid Level - 506,0
Water valve,ps,14-02-2025,W6,-,-,0,14-02-2025 16:32:16.022,February,Liquid Level - 2991,0
Water valve,ps,14-02-2025,-,-,-,0,14-02-2025 16:32:18.411,February,Home Reached,0
Water valve,ps,14-02-2025,-,-,-,0,14-02-2025 16:32:23.968,February,Home Reached,0
Water valve,ps,14-02-2025,-,-,-,0,14-02-2025 16:33:54.593,February,Home Reached,0
,ps,14-02-2025,-,-,-,35,14-02-2025 17:20:20.023,February,35 - Temperature set to device,0
Water valve,ps,14-02-2025,W1,Tap Water,--,0,14-02-2025 17:20:26.513,February,Water Valve : 1 is On,0
Water valve,ps,14-02-2025,W2,Tap Water,--,0,14-02-2025 17:20:27.164,February,Water Valve : 2 is On,0
Water valve,ps,14-02-2025,W3,Tap Water,--,0,14-02-2025 17:20:27.937,February,Water Valve : 3 is On,0
Water valve,ps,14-02-2025,W4,Tap Water,--,0,14-02-2025 17:20:28.710,February,Water Valve : 4 is On,0
Water valve,ps,14-02-2025,W5,Tap Water,--,0,14-02-2025 17:20:29.484,February,Water Valve : 5 is On,0
Water valve,ps,14-02-2025,W6,Tap Water,--,0,14-02-2025 17:20:30.256,February,Water Valve : 6 is On,0
Water valve,ps,14-02-2025,-,-,-,0,14-02-2025 17:20:31.037,February,Home Reached,0
Water valve,ps,14-02-2025,-,-,-,0,14-02-2025 17:20:33.827,February,Home Reached,0
Water valve,ps,14-02-2025,-,-,-,0,14-02-2025 17:20:41.624,February,Home Reached,0
Water valve,ps,14-02-2025,U1,-,-,0,14-02-2025 17:20:48.100,February,Liquid Level - 4095,0
Water valve,ps,14-02-2025,U2,-,-,0,14-02-2025 17:20:51.025,February,Liquid Level - 4095,0
Water valve,ps,14-02-2025,U3,-,-,0,14-02-2025 17:20:53.791,February,Liquid Level - 4095,0
Water valve,ps,14-02-2025,U4,-,-,0,14-02-2025 17:20:56.560,February,Liquid Level - 4095,0
Water valve,ps,14-02-2025,U5,-,-,0,14-02-2025 17:20:59.329,February,Liquid Level - 4095,0
Water valve,ps,14-02-2025,U6,-,-,0,14-02-2025 17:21:02.104,February,Liquid Level - 4095,0
Water valve,ps,14-02-2025,J1,-,-,0,14-02-2025 17:21:08.146,February,Liquid Level - 4095,0
Water valve,ps,14-02-2025,J2,-,-,0,14-02-2025 17:21:11.175,February,Liquid Level - 598,0
Water valve,ps,14-02-2025,J3,-,-,0,14-02-2025 17:21:17.004,February,Liquid Level - 4095,0
Water valve,ps,14-02-2025,J4,-,-,0,14-02-2025 17:21:19.926,February,Liquid Level - 4095,0
Water valve,ps,14-02-2025,J5,-,-,0,14-02-2025 17:21:22.707,February,Liquid Level - 4095,0
Water valve,ps,14-02-2025,J6,-,-,0,14-02-2025 17:21:25.488,February,Liquid Level - 4095,0
Water valve,ps,14-02-2025,J7,-,-,0,14-02-2025 17:21:28.268,February,Liquid Level - 4095,0
Water valve,ps,14-02-2025,J8,-,-,0,14-02-2025 17:21:31.037,February,Liquid Level - 4095,0
Water valve,ps,14-02-2025,J9,-,-,0,14-02-2025 17:21:33.813,February,Liquid Level - 4095,0
Water valve,ps,14-02-2025,J10,-,-,0,14-02-2025 17:21:37.817,February,Liquid Level - 4095,0
Water valve,ps,14-02-2025,J11,-,-,0,14-02-2025 17:21:40.870,February,Liquid Level - 4095,0
Water valve,ps,14-02-2025,J12,-,-,0,14-02-2025 17:21:43.637,February,Liquid Level - 4095,0
Water valve,ps,14-02-2025,J13,-,-,0,14-02-2025 17:21:46.402,February,Liquid Level - 700,0
Water valve,ps,14-02-2025,J14,-,-,0,14-02-2025 17:21:52.209,February,Liquid Level - 4095,0
Water valve,ps,14-02-2025,J15,-,-,0,14-02-2025 17:21:55.165,February,Liquid Level - 2718,0
Water valve,ps,14-02-2025,J16,-,-,0,14-02-2025 17:21:57.962,February,Liquid Level - 553,0
Water valve,ps,14-02-2025,J17,-,-,0,14-02-2025 17:22:03.963,February,Liquid Level - 2566,0
Water valve,ps,14-02-2025,J18,-,-,0,14-02-2025 17:22:08.179,February,Liquid Level - 3327,0
Water valve,ps,14-02-2025,J19,-,-,0,14-02-2025 17:22:11.215,February,Liquid Level - 4095,0
Water valve,ps,14-02-2025,J20,-,-,0,14-02-2025 17:22:14.003,February,Liquid Level - 4095,0
Water valve,ps,14-02-2025,J21,-,-,0,14-02-2025 17:22:16.781,February,Liquid Level - 2371,0
Water valve,ps,14-02-2025,J22,-,-,0,14-02-2025 17:22:19.571,February,Liquid Level - 4095,0
Water valve,ps,14-02-2025,J23,-,-,0,14-02-2025 17:22:22.334,February,Liquid Level - 3224,0
Water valve,ps,14-02-2025,J24,-,-,0,14-02-2025 17:22:25.097,February,Liquid Level - 2090,0
Water valve,ps,14-02-2025,J25,-,-,0,14-02-2025 17:22:27.875,February,Liquid Level - 4095,0
Water valve,ps,14-02-2025,J26,-,-,0,14-02-2025 17:22:30.658,February,Liquid Level - 4095,0
Water valve,ps,14-02-2025,J27,-,-,0,14-02-2025 17:22:34.248,February,Liquid Level - 4095,0
Water valve,ps,14-02-2025,J28,-,-,0,14-02-2025 17:22:37.228,February,Liquid Level - 623,0
Water valve,ps,14-02-2025,J29,-,-,0,14-02-2025 17:22:43.058,February,Liquid Level - 2087,0
Water valve,ps,14-02-2025,J30,-,-,0,14-02-2025 17:22:46.025,February,Liquid Level - 4095,0
Water valve,ps,14-02-2025,J31,-,-,0,14-02-2025 17:22:48.776,February,Liquid Level - 4095,0
Water valve,ps,14-02-2025,J32,-,-,0,14-02-2025 17:22:51.564,February,Liquid Level - 4095,0
Water valve,ps,14-02-2025,J33,-,-,0,14-02-2025 17:22:56.804,February,Liquid Level - 515,0
Water valve,ps,14-02-2025,W1,-,-,0,14-02-2025 17:23:02.598,February,Liquid Level - 4095,0
Water valve,ps,14-02-2025,W2,-,-,0,14-02-2025 17:23:05.549,February,Liquid Level - 4095,0
Water valve,ps,14-02-2025,W3,-,-,0,14-02-2025 17:23:08.335,February,Liquid Level - 4095,0
Water valve,ps,14-02-2025,W4,-,-,0,14-02-2025 17:23:11.307,February,Liquid Level - 1924,0
Water valve,ps,14-02-2025,W5,-,-,0,14-02-2025 17:23:14.406,February,Liquid Level - 565,0
Water valve,ps,14-02-2025,W6,-,-,0,14-02-2025 17:23:17.167,February,Liquid Level - 3080,0
Water valve,ps,14-02-2025,-,-,-,0,14-02-2025 17:23:19.373,February,Home Reached,0
Water valve,ps,14-02-2025,-,-,-,0,14-02-2025 17:23:24.960,February,Home Reached,0
Water valve,ps,14-02-2025,-,-,-,0,14-02-2025 17:25:08.270,February,Home Reached,0
,ps,14-02-2025,-,-,-,35,14-02-2025 17:38:24.133,February,35 - Temperature set to device,0
Water valve,ps,14-02-2025,W1,Tap Water,--,0,14-02-2025 17:38:25.415,February,Water Valve : 1 is On,0
Water valve,ps,14-02-2025,W2,Tap Water,--,0,14-02-2025 17:38:30.706,February,Water Valve : 2 is On,0
Water valve,ps,14-02-2025,W3,Tap Water,--,0,14-02-2025 17:38:31.353,February,Water Valve : 3 is On,0
Water valve,ps,14-02-2025,W4,Tap Water,--,0,14-02-2025 17:38:32.121,February,Water Valve : 4 is On,0
Water valve,ps,14-02-2025,W5,Tap Water,--,0,14-02-2025 17:38:32.880,February,Water Valve : 5 is On,0
Water valve,ps,14-02-2025,W6,Tap Water,--,0,14-02-2025 17:38:33.667,February,Water Valve : 6 is On,0
Water valve,ps,14-02-2025,-,-,-,0,14-02-2025 17:38:34.450,February,Home Reached,0
Water valve,ps,14-02-2025,-,-,-,0,14-02-2025 17:38:37.240,February,Home Reached,0
Water valve,ps,14-02-2025,-,-,-,0,14-02-2025 17:38:40.018,February,Home Reached,0
Water valve,ps,14-02-2025,U1,-,-,0,14-02-2025 17:38:46.466,February,Liquid Level - 4095,0
Water valve,ps,14-02-2025,U2,-,-,0,14-02-2025 17:38:49.455,February,Liquid Level - 4095,0
Water valve,ps,14-02-2025,U3,-,-,0,14-02-2025 17:38:52.151,February,Liquid Level - 4095,0
Water valve,ps,14-02-2025,U4,-,-,0,14-02-2025 17:38:54.938,February,Liquid Level - 4095,0
Water valve,ps,14-02-2025,U5,-,-,0,14-02-2025 17:38:57.720,February,Liquid Level - 4095,0
Water valve,ps,14-02-2025,U6,-,-,0,14-02-2025 17:39:00.493,February,Liquid Level - 4095,0
Water valve,ps,14-02-2025,J1,-,-,0,14-02-2025 17:39:06.559,February,Liquid Level - 483,0
Water valve,ps,14-02-2025,J2,-,-,0,14-02-2025 17:39:12.317,February,Liquid Level - 4095,0
Water valve,ps,14-02-2025,J3,-,-,0,14-02-2025 17:39:15.288,February,Liquid Level - 4095,0
Water valve,ps,14-02-2025,J4,-,-,0,14-02-2025 17:39:18.064,February,Liquid Level - 4095,0
Water valve,ps,14-02-2025,J5,-,-,0,14-02-2025 17:39:20.851,February,Liquid Level - 4095,0
Water valve,ps,14-02-2025,J6,-,-,0,14-02-2025 17:39:23.639,February,Liquid Level - 4095,0
Water valve,ps,14-02-2025,J7,-,-,0,14-02-2025 17:39:26.413,February,Liquid Level - 4095,0
Water valve,ps,14-02-2025,J8,-,-,0,14-02-2025 17:39:29.174,February,Liquid Level - 4095,0
Water valve,ps,14-02-2025,J9,-,-,0,14-02-2025 17:39:31.958,February,Liquid Level - 4095,0
Water valve,ps,14-02-2025,J10,-,-,0,14-02-2025 17:39:36.068,February,Liquid Level - 4095,0
Water valve,ps,14-02-2025,J11,-,-,0,14-02-2025 17:39:39.027,February,Liquid Level - 4095,0
Water valve,ps,14-02-2025,J12,-,-,0,14-02-2025 17:39:41.810,February,Liquid Level - 4095,0
Water valve,ps,14-02-2025,J13,-,-,0,14-02-2025 17:39:44.596,February,Liquid Level - 525,0
Water valve,ps,14-02-2025,J14,-,-,0,14-02-2025 17:39:50.378,February,Liquid Level - 4095,0
Water valve,ps,14-02-2025,J15,-,-,0,14-02-2025 17:39:53.349,February,Liquid Level - 2630,0
Water valve,ps,14-02-2025,J16,-,-,0,14-02-2025 17:39:56.124,February,Liquid Level - 503,0
Water valve,ps,14-02-2025,J17,-,-,0,14-02-2025 17:40:02.046,February,Liquid Level - 2469,0
Water valve,ps,14-02-2025,J18,-,-,0,14-02-2025 17:40:06.232,February,Liquid Level - 3219,0
Water valve,ps,14-02-2025,J19,-,-,0,14-02-2025 17:40:09.267,February,Liquid Level - 4095,0
Water valve,ps,14-02-2025,J20,-,-,0,14-02-2025 17:40:12.042,February,Liquid Level - 4095,0
Water valve,ps,14-02-2025,J21,-,-,0,14-02-2025 17:40:14.831,February,Liquid Level - 2306,0
Water valve,ps,14-02-2025,J22,-,-,0,14-02-2025 17:40:17.620,February,Liquid Level - 4095,0
Water valve,ps,14-02-2025,J23,-,-,0,14-02-2025 17:40:20.388,February,Liquid Level - 4095,0
Water valve,ps,14-02-2025,J24,-,-,0,14-02-2025 17:40:23.171,February,Liquid Level - 2054,0
Water valve,ps,14-02-2025,J25,-,-,0,14-02-2025 17:40:25.956,February,Liquid Level - 516,0
Water valve,ps,14-02-2025,J26,-,-,0,14-02-2025 17:40:31.736,February,Liquid Level - 4095,0
Water valve,ps,14-02-2025,J27,-,-,0,14-02-2025 17:40:35.517,February,Liquid Level - 4095,0
Water valve,ps,14-02-2025,J28,-,-,0,14-02-2025 17:40:38.487,February,Liquid Level - 578,0
Water valve,ps,14-02-2025,J29,-,-,0,14-02-2025 17:40:44.235,February,Liquid Level - 2040,0
Water valve,ps,14-02-2025,J30,-,-,0,14-02-2025 17:40:47.204,February,Liquid Level - 4095,0
Water valve,ps,14-02-2025,J31,-,-,0,14-02-2025 17:40:49.987,February,Liquid Level - 4095,0
Water valve,ps,14-02-2025,J32,-,-,0,14-02-2025 17:40:52.766,February,Liquid Level - 4095,0
Water valve,ps,14-02-2025,J33,-,-,0,14-02-2025 17:40:58.006,February,Liquid Level - 4095,0
Water valve,ps,14-02-2025,W1,-,-,0,14-02-2025 17:41:02.871,February,Liquid Level - 4095,0
Water valve,ps,14-02-2025,W2,-,-,0,14-02-2025 17:41:05.585,February,Liquid Level - 4095,0
Water valve,ps,14-02-2025,W3,-,-,0,14-02-2025 17:41:08.369,February,Liquid Level - 4095,0
Water valve,ps,14-02-2025,W4,-,-,0,14-02-2025 17:41:13.858,February,Liquid Level - 1857,0
Water valve,ps,14-02-2025,W5,-,-,0,14-02-2025 17:41:16.830,February,Liquid Level - 516,0
Water valve,ps,14-02-2025,W6,-,-,0,14-02-2025 17:41:19.606,February,Liquid Level - 3068,0
Water valve,ps,14-02-2025,-,-,-,0,14-02-2025 17:41:21.805,February,Home Reached,0
Water valve,ps,14-02-2025,-,-,-,0,14-02-2025 17:41:27.380,February,Home Reached,0
Water valve,ps,14-02-2025,-,-,-,0,14-02-2025 17:45:08.857,February,Home Reached,0
,ps,14-02-2025,-,-,-,35,14-02-2025 17:52:04.771,February,35 - Temperature set to device,0
Water valve,ps,14-02-2025,W1,Tap Water,--,0,14-02-2025 17:52:06.047,February,Water Valve : 1 is On,0
Water valve,ps,14-02-2025,W2,Tap Water,--,0,14-02-2025 17:52:06.514,February,Water Valve : 2 is On,0
Water valve,ps,14-02-2025,W3,Tap Water,--,0,14-02-2025 17:52:07.282,February,Water Valve : 3 is On,0
Water valve,ps,14-02-2025,W4,Tap Water,--,0,14-02-2025 17:52:08.052,February,Water Valve : 4 is On,0
Water valve,ps,14-02-2025,W5,Tap Water,--,0,14-02-2025 17:52:08.829,February,Water Valve : 5 is On,0
Water valve,ps,14-02-2025,W6,Tap Water,--,0,14-02-2025 17:52:09.603,February,Water Valve : 6 is On,0
Water valve,ps,14-02-2025,-,-,-,0,14-02-2025 17:52:10.386,February,Home Reached,0
Water valve,ps,14-02-2025,-,-,-,0,14-02-2025 17:52:13.165,February,Home Reached,0
Water valve,ps,14-02-2025,-,-,-,0,14-02-2025 17:52:15.958,February,Home Reached,0
Water valve,ps,14-02-2025,U1,-,-,0,14-02-2025 17:52:22.424,February,Liquid Level - 2849,0
Water valve,ps,14-02-2025,U2,-,-,0,14-02-2025 17:52:25.323,February,Liquid Level - 2845,0
Water valve,ps,14-02-2025,U3,-,-,0,14-02-2025 17:52:28.097,February,Liquid Level - 2845,0
Water valve,ps,14-02-2025,U4,-,-,0,14-02-2025 17:52:30.846,February,Liquid Level - 2842,0
Water valve,ps,14-02-2025,U5,-,-,0,14-02-2025 17:52:33.624,February,Liquid Level - 2835,0
Water valve,ps,14-02-2025,U6,-,-,0,14-02-2025 17:52:36.406,February,Liquid Level - 2847,0
Water valve,ps,14-02-2025,J1,-,-,0,14-02-2025 17:52:42.475,February,Liquid Level - 2837,0
Water valve,ps,14-02-2025,J2,-,-,0,14-02-2025 17:52:45.484,February,Liquid Level - 2847,0
Water valve,ps,14-02-2025,J3,-,-,0,14-02-2025 17:52:48.255,February,Liquid Level - 269,0
Water valve,ps,14-02-2025,J4,-,-,0,14-02-2025 17:52:53.979,February,Liquid Level - 2853,0
Water valve,ps,14-02-2025,J5,-,-,0,14-02-2025 17:52:56.944,February,Liquid Level - 2853,0
Water valve,ps,14-02-2025,J6,-,-,0,14-02-2025 17:52:59.711,February,Liquid Level - 2849,0
Water valve,ps,14-02-2025,J7,-,-,0,14-02-2025 17:53:02.497,February,Liquid Level - 2847,0
Water valve,ps,14-02-2025,J8,-,-,0,14-02-2025 17:53:05.260,February,Liquid Level - 2847,0
Water valve,ps,14-02-2025,J9,-,-,0,14-02-2025 17:53:08.026,February,Liquid Level - 2860,0
Water valve,ps,14-02-2025,J10,-,-,0,14-02-2025 17:53:12.034,February,Liquid Level - 2845,0
Water valve,ps,14-02-2025,J11,-,-,0,14-02-2025 17:53:15.079,February,Liquid Level - 2844,0
Water valve,ps,14-02-2025,J12,-,-,0,14-02-2025 17:53:17.854,February,Liquid Level - 2847,0
Water valve,ps,14-02-2025,J13,-,-,0,14-02-2025 17:53:20.662,February,Liquid Level - 245,0
Water valve,ps,14-02-2025,J14,-,-,0,14-02-2025 17:53:26.432,February,Liquid Level - 2855,0
Water valve,ps,14-02-2025,J15,-,-,0,14-02-2025 17:53:29.386,February,Liquid Level - 1323,0
Water valve,ps,14-02-2025,J16,-,-,0,14-02-2025 17:53:32.158,February,Liquid Level - 262,0
Water valve,ps,14-02-2025,J17,-,-,0,14-02-2025 17:53:38.071,February,Liquid Level - 1230,0
Water valve,ps,14-02-2025,J18,-,-,0,14-02-2025 17:53:42.283,February,Liquid Level - 1625,0
Water valve,ps,14-02-2025,J19,-,-,0,14-02-2025 17:53:45.309,February,Liquid Level - 2852,0
Water valve,ps,14-02-2025,J20,-,-,0,14-02-2025 17:53:48.075,February,Liquid Level - 251,0
Water valve,ps,14-02-2025,J21,-,-,0,14-02-2025 17:53:53.814,February,Liquid Level - 1162,0
Water valve,ps,14-02-2025,J22,-,-,0,14-02-2025 17:53:56.783,February,Liquid Level - 2892,0
Water valve,ps,14-02-2025,J23,-,-,0,14-02-2025 17:53:59.564,February,Liquid Level - 2894,0
Water valve,ps,14-02-2025,J24,-,-,0,14-02-2025 17:54:02.340,February,Liquid Level - 1033,0
Water valve,ps,14-02-2025,J25,-,-,0,14-02-2025 17:54:05.137,February,Liquid Level - 2896,0
Water valve,ps,14-02-2025,J26,-,-,0,14-02-2025 17:54:07.901,February,Liquid Level - 2897,0
Water valve,ps,14-02-2025,J27,-,-,0,14-02-2025 17:54:11.503,February,Liquid Level - 290,0
Water valve,ps,14-02-2025,J28,-,-,0,14-02-2025 17:54:17.236,February,Liquid Level - 2986,0
Water valve,ps,14-02-2025,J29,-,-,0,14-02-2025 17:54:20.212,February,Liquid Level - 1037,0
Water valve,ps,14-02-2025,J30,-,-,0,14-02-2025 17:54:22.980,February,Liquid Level - 2954,0
Water valve,ps,14-02-2025,J31,-,-,0,14-02-2025 17:54:25.779,February,Liquid Level - 2947,0
Water valve,ps,14-02-2025,J32,-,-,0,14-02-2025 17:54:29.200,February,Liquid Level - 2934,0
Water valve,ps,14-02-2025,J33,-,-,0,14-02-2025 17:54:34.284,February,Liquid Level - 2294,0
Water valve,ps,14-02-2025,W1,-,-,0,14-02-2025 17:54:39.134,February,Liquid Level - 2867,0
Water valve,ps,14-02-2025,W2,-,-,0,14-02-2025 17:54:41.870,February,Liquid Level - 2877,0
Water valve,ps,14-02-2025,W3,-,-,0,14-02-2025 17:54:44.651,February,Liquid Level - 2877,0
Water valve,ps,14-02-2025,W4,-,-,0,14-02-2025 17:54:47.625,February,Liquid Level - 943,0
Water valve,ps,14-02-2025,W5,-,-,0,14-02-2025 17:54:52.916,February,Liquid Level - 266,0
Water valve,ps,14-02-2025,W6,-,-,0,14-02-2025 17:54:55.956,February,Liquid Level - 1553,0
Water valve,ps,14-02-2025,-,-,-,0,14-02-2025 17:54:58.080,February,Home Reached,0
Water valve,ps,14-02-2025,-,-,-,0,14-02-2025 17:55:03.656,February,Home Reached,0
Water valve,ps,14-02-2025,-,-,-,0,14-02-2025 17:57:09.662,February,Home Reached,0
,ps,14-02-2025,-,-,-,35,14-02-2025 18:05:31.928,February,35 - Temperature set to device,0
Water valve,ps,14-02-2025,W1,Tap Water,--,0,14-02-2025 18:05:33.215,February,Water Valve : 1 is On,0
Water valve,ps,14-02-2025,W2,Tap Water,--,0,14-02-2025 18:05:38.493,February,Water Valve : 2 is On,0
Water valve,ps,14-02-2025,W3,Tap Water,--,0,14-02-2025 18:05:39.160,February,Water Valve : 3 is On,0
Water valve,ps,14-02-2025,W4,Tap Water,--,0,14-02-2025 18:05:40.005,February,Water Valve : 4 is On,0
Water valve,ps,14-02-2025,W5,Tap Water,--,0,14-02-2025 18:05:40.721,February,Water Valve : 5 is On,0
Water valve,ps,14-02-2025,W6,Tap Water,--,0,14-02-2025 18:05:41.494,February,Water Valve : 6 is On,0
Water valve,ps,14-02-2025,-,-,-,0,14-02-2025 18:05:42.275,February,Home Reached,0
Water valve,ps,14-02-2025,-,-,-,0,14-02-2025 18:05:45.076,February,Home Reached,0
Water valve,ps,14-02-2025,-,-,-,0,14-02-2025 18:05:47.871,February,Home Reached,0
Water valve,ps,14-02-2025,U1,-,-,0,14-02-2025 18:05:54.324,February,Liquid Level - 2821,0
Water valve,ps,14-02-2025,U2,-,-,0,14-02-2025 18:05:57.228,February,Liquid Level - 2813,0
Water valve,ps,14-02-2025,U3,-,-,0,14-02-2025 18:06:00.007,February,Liquid Level - 2819,0
Water valve,ps,14-02-2025,U4,-,-,0,14-02-2025 18:06:02.780,February,Liquid Level - 2809,0
Water valve,ps,14-02-2025,U5,-,-,0,14-02-2025 18:06:05.554,February,Liquid Level - 2820,0
Water valve,ps,14-02-2025,U6,-,-,0,14-02-2025 18:06:08.329,February,Liquid Level - 2818,0
Water valve,ps,14-02-2025,J1,-,-,0,14-02-2025 18:06:14.385,February,Liquid Level - 2816,0
Water valve,ps,14-02-2025,J2,-,-,0,14-02-2025 18:06:17.416,February,Liquid Level - 233,0
Water valve,ps,14-02-2025,J3,-,-,0,14-02-2025 18:06:23.149,February,Liquid Level - 2830,0
Water valve,ps,14-02-2025,J4,-,-,0,14-02-2025 18:06:26.107,February,Liquid Level - 2829,0
Water valve,ps,14-02-2025,J5,-,-,0,14-02-2025 18:06:28.888,February,Liquid Level - 2830,0
Water valve,ps,14-02-2025,J6,-,-,0,14-02-2025 18:06:31.656,February,Liquid Level - 2822,0
Water valve,ps,14-02-2025,J7,-,-,0,14-02-2025 18:06:34.438,February,Liquid Level - 2826,0
Water valve,ps,14-02-2025,J8,-,-,0,14-02-2025 18:06:37.208,February,Liquid Level - 2831,0
Water valve,ps,14-02-2025,J9,-,-,0,14-02-2025 18:06:39.988,February,Liquid Level - 2839,0
Water valve,ps,14-02-2025,J10,-,-,0,14-02-2025 18:06:43.987,February,Liquid Level - 2835,0
Water valve,ps,14-02-2025,J11,-,-,0,14-02-2025 18:06:47.043,February,Liquid Level - 2831,0
Water valve,ps,14-02-2025,J12,-,-,0,14-02-2025 18:06:49.827,February,Liquid Level - 226,0
Water valve,ps,14-02-2025,J13,-,-,0,14-02-2025 18:06:55.595,February,Liquid Level - 2813,0
Water valve,ps,14-02-2025,J14,-,-,0,14-02-2025 18:06:58.737,February,Liquid Level - 220,0
Water valve,ps,14-02-2025,J15,-,-,0,14-02-2025 18:07:04.470,February,Liquid Level - 1299,0
Water valve,ps,14-02-2025,J16,-,-,0,14-02-2025 18:07:07.441,February,Liquid Level - 2837,0
Water valve,ps,14-02-2025,J17,-,-,0,14-02-2025 18:07:10.209,February,Liquid Level - 1207,0
Water valve,ps,14-02-2025,J18,-,-,0,14-02-2025 18:07:14.219,February,Liquid Level - 1596,0
Water valve,ps,14-02-2025,J19,-,-,0,14-02-2025 18:07:17.269,February,Liquid Level - 2822,0
Water valve,ps,14-02-2025,J20,-,-,0,14-02-2025 18:07:20.043,February,Liquid Level - 2830,0
Water valve,ps,14-02-2025,J21,-,-,0,14-02-2025 18:07:22.815,February,Liquid Level - 1125,0
Water valve,ps,14-02-2025,J22,-,-,0,14-02-2025 18:07:25.599,February,Liquid Level - 253,0
Water valve,ps,14-02-2025,J23,-,-,0,14-02-2025 18:07:31.489,February,Liquid Level - 2829,0
Water valve,ps,14-02-2025,J24,-,-,0,14-02-2025 18:07:34.461,February,Liquid Level - 1004,0
Water valve,ps,14-02-2025,J25,-,-,0,14-02-2025 18:07:37.220,February,Liquid Level - 2831,0
Water valve,ps,14-02-2025,J26,-,-,0,14-02-2025 18:07:39.999,February,Liquid Level - 2838,0
Water valve,ps,14-02-2025,J27,-,-,0,14-02-2025 18:07:43.594,February,Liquid Level - 2884,0
Water valve,ps,14-02-2025,J28,-,-,0,14-02-2025 18:07:46.560,February,Liquid Level - 2894,0
Water valve,ps,14-02-2025,J29,-,-,0,14-02-2025 18:07:49.331,February,Liquid Level - 979,0
Water valve,ps,14-02-2025,J30,-,-,0,14-02-2025 18:07:52.112,February,Liquid Level - 234,0
Water valve,ps,14-02-2025,J31,-,-,0,14-02-2025 18:07:57.874,February,Liquid Level - 2850,0
Water valve,ps,14-02-2025,J32,-,-,0,14-02-2025 18:08:00.813,February,Liquid Level - 2845,0
Water valve,ps,14-02-2025,J33,-,-,0,14-02-2025 18:08:06.061,February,Liquid Level - 2252,0
Water valve,ps,14-02-2025,W1,-,-,0,14-02-2025 18:08:10.908,February,Liquid Level - 2814,0
Water valve,ps,14-02-2025,W2,-,-,0,14-02-2025 18:08:13.653,February,Liquid Level - 237,0
Water valve,ps,14-02-2025,W3,-,-,0,14-02-2025 18:08:16.423,February,Liquid Level - 2813,0
Water valve,ps,14-02-2025,W4,-,-,0,14-02-2025 18:08:19.382,February,Liquid Level - 904,0
Water valve,ps,14-02-2025,W5,-,-,0,14-02-2025 18:08:24.685,February,Liquid Level - 2814,0
Water valve,ps,14-02-2025,W6,-,-,0,14-02-2025 18:08:27.653,February,Liquid Level - 1496,0
Water valve,ps,14-02-2025,-,-,-,0,14-02-2025 18:08:29.842,February,Home Reached,0
Water valve,ps,14-02-2025,-,-,-,0,14-02-2025 18:08:35.404,February,Home Reached,0
Water valve,ps,14-02-2025,-,-,-,0,14-02-2025 18:10:22.197,February,Home Reached,0
,ps,14-02-2025,-,-,-,35,14-02-2025 18:20:03.046,February,35 - Temperature set to device,0
Water valve,ps,14-02-2025,W1,Tap Water,--,0,14-02-2025 18:20:04.310,February,Water Valve : 1 is On,0
Water valve,ps,14-02-2025,W2,Tap Water,--,0,14-02-2025 18:20:09.602,February,Water Valve : 2 is On,0
Water valve,ps,14-02-2025,W3,Tap Water,--,0,14-02-2025 18:20:10.250,February,Water Valve : 3 is On,0
Water valve,ps,14-02-2025,W4,Tap Water,--,0,14-02-2025 18:20:11.027,February,Water Valve : 4 is On,0
Water valve,ps,14-02-2025,W5,Tap Water,--,0,14-02-2025 18:20:11.800,February,Water Valve : 5 is On,0
Water valve,ps,14-02-2025,W6,Tap Water,--,0,14-02-2025 18:20:12.574,February,Water Valve : 6 is On,0
Water valve,ps,14-02-2025,-,-,-,0,14-02-2025 18:20:13.360,February,Home Reached,0
Water valve,ps,14-02-2025,-,-,-,0,14-02-2025 18:20:16.145,February,Home Reached,0
Water valve,ps,14-02-2025,-,-,-,0,14-02-2025 18:20:18.967,February,Home Reached,0
Water valve,ps,14-02-2025,U1,-,-,0,14-02-2025 18:20:25.393,February,Liquid Level - 3607,0
Water valve,ps,14-02-2025,U2,-,-,0,14-02-2025 18:20:28.316,February,Liquid Level - 4095,0
Water valve,ps,14-02-2025,U3,-,-,0,14-02-2025 18:20:31.105,February,Liquid Level - 4095,0
Water valve,ps,14-02-2025,U4,-,-,0,14-02-2025 18:20:33.873,February,Liquid Level - 3197,0
Water valve,ps,14-02-2025,U5,-,-,0,14-02-2025 18:20:36.644,February,Liquid Level - 3234,0
Water valve,ps,14-02-2025,U6,-,-,0,14-02-2025 18:20:39.428,February,Liquid Level - 3174,0
Water valve,ps,14-02-2025,J1,-,-,0,14-02-2025 18:20:45.493,February,Liquid Level - 3176,0
Water valve,ps,14-02-2025,J2,-,-,0,14-02-2025 18:20:48.492,February,Liquid Level - 3134,0
Water valve,ps,14-02-2025,J3,-,-,0,14-02-2025 18:20:51.254,February,Liquid Level - 3139,0
Water valve,ps,14-02-2025,J4,-,-,0,14-02-2025 18:20:54.048,February,Liquid Level - 3133,0
Water valve,ps,14-02-2025,J5,-,-,0,14-02-2025 18:20:56.812,February,Liquid Level - 253,0
Water valve,ps,14-02-2025,J6,-,-,0,14-02-2025 18:21:02.588,February,Liquid Level - 3172,0
Water valve,ps,14-02-2025,J7,-,-,0,14-02-2025 18:21:05.546,February,Liquid Level - 3253,0
Water valve,ps,14-02-2025,J8,-,-,0,14-02-2025 18:21:08.344,February,Liquid Level - 3238,0
Water valve,ps,14-02-2025,J9,-,-,0,14-02-2025 18:21:11.125,February,Liquid Level - 3317,0
Water valve,ps,14-02-2025,J10,-,-,0,14-02-2025 18:21:15.139,February,Liquid Level - 3301,0
Water valve,ps,14-02-2025,J11,-,-,0,14-02-2025 18:21:18.198,February,Liquid Level - 3454,0
Water valve,ps,14-02-2025,J12,-,-,0,14-02-2025 18:21:20.970,February,Liquid Level - 282,0
Water valve,ps,14-02-2025,J13,-,-,0,14-02-2025 18:21:26.709,February,Liquid Level - 3317,0
Water valve,ps,14-02-2025,J14,-,-,0,14-02-2025 18:21:29.852,February,Liquid Level - 3301,0
Water valve,ps,14-02-2025,J15,-,-,0,14-02-2025 18:21:32.442,February,Liquid Level - 1491,0
Water valve,ps,14-02-2025,J16,-,-,0,14-02-2025 18:21:35.215,February,Liquid Level - 273,0
Water valve,ps,14-02-2025,J17,-,-,0,14-02-2025 18:21:41.098,February,Liquid Level - 1487,0
Water valve,ps,14-02-2025,J18,-,-,0,14-02-2025 18:21:45.292,February,Liquid Level - 1738,0
Water valve,ps,14-02-2025,J19,-,-,0,14-02-2025 18:21:48.339,February,Liquid Level - 3094,0
Water valve,ps,14-02-2025,J20,-,-,0,14-02-2025 18:21:51.114,February,Liquid Level - 3025,0
Water valve,ps,14-02-2025,J21,-,-,0,14-02-2025 18:21:53.873,February,Liquid Level - 1215,0
Water valve,ps,14-02-2025,J22,-,-,0,14-02-2025 18:21:56.652,February,Liquid Level - 369,0
Water valve,ps,14-02-2025,J23,-,-,0,14-02-2025 18:22:02.414,February,Liquid Level - 3045,0
Water valve,ps,14-02-2025,J24,-,-,0,14-02-2025 18:22:10.539,February,Liquid Level - 1065,0
Water valve,ps,14-02-2025,J25,-,-,0,14-02-2025 18:22:16.035,February,Liquid Level - 3045,0
Water valve,ps,14-02-2025,J26,-,-,0,14-02-2025 18:22:19.000,February,Liquid Level - 3015,0
Water valve,ps,14-02-2025,J27,-,-,0,14-02-2025 18:22:22.607,February,Liquid Level - 3090,0
Water valve,ps,14-02-2025,J28,-,-,0,14-02-2025 18:22:25.562,February,Liquid Level - 3056,0
Water valve,ps,14-02-2025,J29,-,-,0,14-02-2025 18:22:28.351,February,Liquid Level - 1041,0
Water valve,ps,14-02-2025,J30,-,-,0,14-02-2025 18:22:31.138,February,Liquid Level - 261,0
Water valve,ps,14-02-2025,J31,-,-,0,14-02-2025 18:22:36.879,February,Liquid Level - 3025,0
Water valve,ps,14-02-2025,J32,-,-,0,14-02-2025 18:22:39.829,February,Liquid Level - 3057,0
Water valve,ps,14-02-2025,J33,-,-,0,14-02-2025 18:22:45.078,February,Liquid Level - 2402,0
Water valve,ps,14-02-2025,W1,-,-,0,14-02-2025 18:22:49.938,February,Liquid Level - 3004,0
Water valve,ps,14-02-2025,W2,-,-,0,14-02-2025 18:22:52.674,February,Liquid Level - 2994,0
Water valve,ps,14-02-2025,W3,-,-,0,14-02-2025 18:22:55.463,February,Liquid Level - 3007,0
Water valve,ps,14-02-2025,W4,-,-,0,14-02-2025 18:23:08.391,February,Liquid Level - 969,0
Water valve,ps,14-02-2025,W5,-,-,0,14-02-2025 18:23:13.923,February,Liquid Level - 242,0
Water valve,ps,14-02-2025,W6,-,-,0,14-02-2025 18:23:19.252,February,Liquid Level - 1630,0
Water valve,ps,14-02-2025,-,-,-,0,14-02-2025 18:23:21.629,February,Home Reached,0
Water valve,ps,14-02-2025,-,-,-,0,14-02-2025 18:23:27.201,February,Home Reached,0
Water valve,ps,14-02-2025,-,-,-,0,14-02-2025 18:25:09.225,February,Home Reached,0
H&E,ps,14-02-2025,-,-,-,0,14-02-2025 18:26:48.945,February,Protorun Started,260
H&E,ps,14-02-2025,-,-,-,30,14-02-2025 18:26:59.549,February,30 - Temperature set to device,260
H&E,ps,14-02-2025,-,-,-,0,14-02-2025 18:27:00.818,February,Heater Switched On ,260
H&E,ps,14-02-2025,-,-,-,0,14-02-2025 18:27:02.227,February,Heater Door Closed,260
H&E,ps,14-02-2025,-,-,-,34,14-02-2025 18:27:02.658,February,Device temperature ,260
H&E,ps,14-02-2025,W1,Tap Water,--,0,14-02-2025 18:27:07.936,February,Water Valve : 1 is Off,260
H&E,ps,14-02-2025,W2,Tap Water,--,0,14-02-2025 18:27:08.713,February,Water Valve : 2 is Off,260
H&E,ps,14-02-2025,W3,Tap Water,--,0,14-02-2025 18:27:09.490,February,Water Valve : 3 is Off,260
H&E,ps,14-02-2025,W4,Tap Water,--,0,14-02-2025 18:27:10.281,February,Water Valve : 4 is Off,260
H&E,ps,14-02-2025,W5,Tap Water,--,0,14-02-2025 18:27:11.052,February,Water Valve : 5 is Off,260
H&E,ps,14-02-2025,W6,Tap Water,--,0,14-02-2025 18:27:11.831,February,Water Valve : 6 is Off,260
H&E,ps,14-02-2025,-,-,-,0,14-02-2025 18:27:13.407,February,Home Reached,260
H&E,ps,14-02-2025,-,-,-,0,14-02-2025 18:27:15.903,February,Home Reached,260
H&E,ps,14-02-2025,L1,-,-,0,14-02-2025 18:27:29.654,February,Liquid Level - 288,260
H&E,ps,14-02-2025,L2,-,-,0,14-02-2025 18:27:38.414,February,Liquid Level - 271,260
H&E,ps,14-02-2025,L3,-,-,0,14-02-2025 18:27:41.191,February,Liquid Level - 286,260
H&E,ps,14-02-2025,-,-,-,0,14-02-2025 18:27:59.308,February,Home Reached,260
H&E,ps,14-02-2025,-,-,-,0,14-02-2025 18:28:01.926,February,Home Reached,260
H&E,ps,14-02-2025,,,R1,0,14-02-2025 18:28:03.943,February,Test Started,260
H&E,ps,14-02-2025,L1,Loading,R1,0,14-02-2025 18:28:15.257,February,Picked From,260
H&E,ps,14-02-2025,H1,Heating,R1,0,14-02-2025 18:28:22.544,February,Placed In,260
H&E,ps,14-02-2025,-,-,-,0,14-02-2025 18:28:23.166,February,Heater Door Closed,260
H&E,ps,14-02-2025,-,-,-,34,14-02-2025 18:28:23.614,February,Device temperature ,260
H&E,ps,14-02-2025,-,-,-,34,14-02-2025 18:28:28.889,February,Device temperature ,260
H&E,ps,14-02-2025,-,-,-,35,14-02-2025 18:28:34.157,February,Device temperature ,260
H&E,ps,14-02-2025,-,-,-,35,14-02-2025 18:28:39.450,February,Device temperature ,260
H&E,ps,14-02-2025,-,-,-,34,14-02-2025 18:28:44.728,February,Device temperature ,260
H&E,ps,14-02-2025,-,-,-,34,14-02-2025 18:28:50.008,February,Device temperature ,260
H&E,ps,14-02-2025,-,-,-,35,14-02-2025 18:28:55.290,February,Device temperature ,260
H&E,ps,14-02-2025,-,-,-,35,14-02-2025 18:29:00.555,February,Device temperature ,260
H&E,ps,14-02-2025,-,-,-,35,14-02-2025 18:29:05.839,February,Device temperature ,260
H&E,ps,14-02-2025,-,-,-,35,14-02-2025 18:29:11.231,February,Device temperature ,260
H&E,ps,14-02-2025,-,-,-,35,14-02-2025 18:29:16.428,February,Device temperature ,260
H&E,ps,14-02-2025,-,-,-,35,14-02-2025 18:29:21.699,February,Device temperature ,260
H&E,ps,14-02-2025,-,-,-,34,14-02-2025 18:29:26.985,February,Device temperature ,260
H&E,ps,14-02-2025,-,-,-,35,14-02-2025 18:29:32.257,February,Device temperature ,260
H&E,ps,14-02-2025,-,-,-,35,14-02-2025 18:29:37.629,February,Device temperature ,260
H&E,ps,14-02-2025,-,-,-,35,14-02-2025 18:29:42.913,February,Device temperature ,260
H&E,ps,14-02-2025,-,-,-,35,14-02-2025 18:29:48.191,February,Device temperature ,260
H&E,ps,14-02-2025,-,-,-,35,14-02-2025 18:29:53.476,February,Device temperature ,260
H&E,ps,14-02-2025,-,-,-,35,14-02-2025 18:29:58.743,February,Device temperature ,260
H&E,ps,14-02-2025,-,-,-,35,14-02-2025 18:30:04.026,February,Device temperature ,260
H&E,ps,14-02-2025,-,-,-,35,14-02-2025 18:30:09.308,February,Device temperature ,260
H&E,ps,14-02-2025,-,-,-,35,14-02-2025 18:30:14.571,February,Device temperature ,260
H&E,ps,14-02-2025,-,-,-,35,14-02-2025 18:30:19.851,February,Device temperature ,260
H&E,ps,14-02-2025,-,-,-,35,14-02-2025 18:30:25.127,February,Device temperature ,260
H&E,ps,14-02-2025,-,-,-,35,14-02-2025 18:30:30.404,February,Device temperature ,260
H&E,ps,14-02-2025,-,-,-,34,14-02-2025 18:30:35.676,February,Device temperature ,260
H&E,ps,14-02-2025,-,-,-,35,14-02-2025 18:30:40.949,February,Device temperature ,260
H&E,ps,14-02-2025,-,-,-,35,14-02-2025 18:30:46.222,February,Device temperature ,260
H&E,ps,14-02-2025,-,-,-,35,14-02-2025 18:30:51.498,February,Device temperature ,260
H&E,ps,14-02-2025,-,-,-,35,14-02-2025 18:30:56.777,February,Device temperature ,260
H&E,ps,14-02-2025,-,-,-,35,14-02-2025 18:31:02.049,February,Device temperature ,260
H&E,ps,14-02-2025,-,-,-,35,14-02-2025 18:31:07.346,February,Device temperature ,260
H&E,ps,14-02-2025,-,-,-,35,14-02-2025 18:31:12.627,February,Device temperature ,260
H&E,ps,14-02-2025,-,-,-,35,14-02-2025 18:31:17.905,February,Device temperature ,260
H&E,ps,14-02-2025,-,-,-,35,14-02-2025 18:31:23.171,February,Device temperature ,260
H&E,ps,14-02-2025,-,-,-,35,14-02-2025 18:31:28.442,February,Device temperature ,260
H&E,ps,14-02-2025,-,-,-,35,14-02-2025 18:31:33.714,February,Device temperature ,260
H&E,ps,14-02-2025,-,-,-,35,14-02-2025 18:31:38.989,February,Device temperature ,260
H&E,ps,14-02-2025,-,-,-,35,14-02-2025 18:31:44.273,February,Device temperature ,260
H&E,ps,14-02-2025,-,-,-,35,14-02-2025 18:31:49.556,February,Device temperature ,260
H&E,ps,14-02-2025,-,-,-,35,14-02-2025 18:31:54.837,February,Device temperature ,260
H&E,ps,14-02-2025,-,-,-,35,14-02-2025 18:32:00.119,February,Device temperature ,260
H&E,ps,14-02-2025,-,-,-,35,14-02-2025 18:32:05.397,February,Device temperature ,260
H&E,ps,14-02-2025,-,-,-,35,14-02-2025 18:32:10.679,February,Device temperature ,260
H&E,ps,14-02-2025,-,-,-,35,14-02-2025 18:32:15.970,February,Device temperature ,260
H&E,ps,14-02-2025,-,-,-,35,14-02-2025 18:32:21.245,February,Device temperature ,260
H&E,ps,14-02-2025,-,-,-,35,14-02-2025 18:32:26.525,February,Device temperature ,260
H&E,ps,14-02-2025,-,-,-,35,14-02-2025 18:32:31.806,February,Device temperature ,260
H&E,ps,14-02-2025,-,-,-,35,14-02-2025 18:32:37.084,February,Device temperature ,260
H&E,ps,14-02-2025,-,-,-,35,14-02-2025 18:32:42.362,February,Device temperature ,260
H&E,ps,14-02-2025,-,-,-,35,14-02-2025 18:32:47.617,February,Device temperature ,260
H&E,ps,14-02-2025,-,-,-,35,14-02-2025 18:32:52.901,February,Device temperature ,260
H&E,ps,14-02-2025,-,-,-,35,14-02-2025 18:32:58.175,February,Device temperature ,260
H&E,ps,14-02-2025,-,-,-,35,14-02-2025 18:33:03.441,February,Device temperature ,260
H&E,ps,14-02-2025,-,-,-,35,14-02-2025 18:33:08.720,February,Device temperature ,260
H&E,ps,14-02-2025,-,-,-,35,14-02-2025 18:33:14.009,February,Device temperature ,260
H&E,ps,14-02-2025,-,-,-,36,14-02-2025 18:33:19.291,February,Device temperature ,260
H&E,ps,14-02-2025,-,-,-,36,14-02-2025 18:33:24.564,February,Device temperature ,260
H&E,ps,14-02-2025,-,-,-,35,14-02-2025 18:33:29.937,February,Device temperature ,260
H&E,ps,14-02-2025,-,-,-,36,14-02-2025 18:33:35.210,February,Device temperature ,260
H&E,ps,14-02-2025,-,-,-,36,14-02-2025 18:33:40.512,February,Device temperature ,260
H&E,ps,14-02-2025,-,-,-,36,14-02-2025 18:33:45.782,February,Device temperature ,260
H&E,ps,14-02-2025,-,-,-,36,14-02-2025 18:33:51.055,February,Device temperature ,260
H&E,ps,14-02-2025,-,-,-,35,14-02-2025 18:33:56.332,February,Device temperature ,260
H&E,ps,14-02-2025,-,-,-,36,14-02-2025 18:34:01.607,February,Device temperature ,260
H&E,ps,14-02-2025,-,-,-,35,14-02-2025 18:34:06.879,February,Device temperature ,260
H&E,ps,14-02-2025,-,-,-,36,14-02-2025 18:34:12.156,February,Device temperature ,260
H&E,ps,14-02-2025,-,-,-,36,14-02-2025 18:34:17.432,February,Device temperature ,260
H&E,ps,14-02-2025,-,-,-,36,14-02-2025 18:34:22.704,February,Device temperature ,260
H&E,ps,14-02-2025,-,-,-,0,14-02-2025 18:34:27.667,February,Heater Door Opened,260
H&E,ps,14-02-2025,,,R2,0,14-02-2025 18:34:28.329,February,Test Started,260
H&E,ps,14-02-2025,L2,Loading,R2,0,14-02-2025 18:34:35.633,February,Picked From,260
H&E,ps,14-02-2025,H2,Heating,R2,0,14-02-2025 18:34:42.920,February,Placed In,260
H&E,ps,14-02-2025,-,-,-,0,14-02-2025 18:34:43.555,February,Heater Door Closed,260
H&E,ps,14-02-2025,-,-,-,36,14-02-2025 18:34:43.986,February,Device temperature ,260
H&E,ps,14-02-2025,-,-,-,35,14-02-2025 18:34:49.257,February,Device temperature ,260
H&E,ps,14-02-2025,-,-,-,35,14-02-2025 18:34:54.682,February,Device temperature ,260
H&E,ps,14-02-2025,-,-,-,35,14-02-2025 18:34:59.998,February,Device temperature ,260
H&E,ps,14-02-2025,-,-,-,36,14-02-2025 18:35:05.277,February,Device temperature ,260
H&E,ps,14-02-2025,-,-,-,35,14-02-2025 18:35:10.556,February,Device temperature ,260
H&E,ps,14-02-2025,-,-,-,35,14-02-2025 18:35:15.839,February,Device temperature ,260
H&E,ps,14-02-2025,-,-,-,36,14-02-2025 18:35:21.114,February,Device temperature ,260
H&E,ps,14-02-2025,-,-,-,35,14-02-2025 18:35:26.500,February,Device temperature ,260
H&E,ps,14-02-2025,-,-,-,36,14-02-2025 18:35:31.684,February,Device temperature ,260
H&E,ps,14-02-2025,-,-,-,36,14-02-2025 18:35:36.947,February,Device temperature ,260
H&E,ps,14-02-2025,-,-,-,36,14-02-2025 18:35:42.219,February,Device temperature ,260
H&E,ps,14-02-2025,-,-,-,35,14-02-2025 18:35:47.580,February,Device temperature ,260
H&E,ps,14-02-2025,-,-,-,36,14-02-2025 18:35:52.857,February,Device temperature ,260
H&E,ps,14-02-2025,-,-,-,36,14-02-2025 18:35:58.124,February,Device temperature ,260
H&E,ps,14-02-2025,-,-,-,36,14-02-2025 18:36:03.430,February,Device temperature ,260
H&E,ps,14-02-2025,-,-,-,36,14-02-2025 18:36:08.700,February,Device temperature ,260
H&E,ps,14-02-2025,-,-,-,36,14-02-2025 18:36:13.980,February,Device temperature ,260
H&E,ps,14-02-2025,-,-,-,36,14-02-2025 18:36:19.268,February,Device temperature ,260
H&E,ps,14-02-2025,-,-,-,36,14-02-2025 18:36:24.539,February,Device temperature ,260
H&E,ps,14-02-2025,-,-,-,36,14-02-2025 18:36:29.822,February,Device temperature ,260
H&E,ps,14-02-2025,-,-,-,36,14-02-2025 18:36:35.103,February,Device temperature ,260
H&E,ps,14-02-2025,-,-,-,36,14-02-2025 18:36:40.377,February,Device temperature ,260
H&E,ps,14-02-2025,-,-,-,36,14-02-2025 18:36:45.644,February,Device temperature ,260
H&E,ps,14-02-2025,-,-,-,36,14-02-2025 18:36:50.935,February,Device temperature ,260
H&E,ps,14-02-2025,-,-,-,36,14-02-2025 18:36:56.196,February,Device temperature ,260
H&E,ps,14-02-2025,-,-,-,36,14-02-2025 18:37:01.478,February,Device temperature ,260
H&E,ps,14-02-2025,-,-,-,36,14-02-2025 18:37:06.764,February,Device temperature ,260
H&E,ps,14-02-2025,-,-,-,36,14-02-2025 18:37:12.049,February,Device temperature ,260
H&E,ps,14-02-2025,-,-,-,37,14-02-2025 18:37:17.333,February,Device temperature ,260
H&E,ps,14-02-2025,-,-,-,36,14-02-2025 18:37:22.622,February,Device temperature ,260
H&E,ps,14-02-2025,-,-,-,37,14-02-2025 18:37:27.894,February,Device temperature ,260
H&E,ps,14-02-2025,-,-,-,36,14-02-2025 18:37:33.184,February,Device temperature ,260
H&E,ps,14-02-2025,-,-,-,36,14-02-2025 18:37:38.484,February,Device temperature ,260
H&E,ps,14-02-2025,-,-,-,36,14-02-2025 18:37:43.739,February,Device temperature ,260
H&E,ps,14-02-2025,-,-,-,36,14-02-2025 18:37:49.018,February,Device temperature ,260
H&E,ps,14-02-2025,-,-,-,36,14-02-2025 18:37:54.281,February,Device temperature ,260
H&E,ps,14-02-2025,-,-,-,36,14-02-2025 18:37:59.553,February,Device temperature ,260
H&E,ps,14-02-2025,-,-,-,36,14-02-2025 18:38:04.829,February,Device temperature ,260
H&E,ps,14-02-2025,-,-,-,0,14-02-2025 18:38:23.437,February,Heater Door Opened,260
H&E,ps,14-02-2025,H1,Heating,R1,0,14-02-2025 18:38:29.887,February,Picked From,260
H&E,ps,14-02-2025,-,-,-,0,14-02-2025 18:38:30.523,February,Heater Door Closed,260
H&E,ps,14-02-2025,J1,XYLENE-1,R1,0,14-02-2025 18:38:37.466,February,Placed In,260
H&E,ps,14-02-2025,J1,XYLENE-1,R1,0,14-02-2025 18:40:43.475,February,Picked From,260
H&E,ps,14-02-2025,J2,XYLENE-2,R1,0,14-02-2025 18:40:49.770,February,Placed In,260
H&E,ps,14-02-2025,-,-,-,0,14-02-2025 18:41:15.123,February,Heater Door Opened,260
H&E,ps,14-02-2025,,,R3,0,14-02-2025 18:41:15.854,February,Test Started,260
H&E,ps,14-02-2025,L3,Loading,R3,0,14-02-2025 18:41:22.674,February,Picked From,260
H&E,ps,14-02-2025,H3,Heating,R3,0,14-02-2025 18:41:29.483,February,Placed In,260
H&E,ps,14-02-2025,-,-,-,0,14-02-2025 18:41:30.109,February,Heater Door Closed,260
H&E,ps,14-02-2025,-,-,-,36,14-02-2025 18:41:30.554,February,Device temperature ,260
H&E,ps,14-02-2025,-,-,-,36,14-02-2025 18:41:35.823,February,Device temperature ,260
H&E,ps,14-02-2025,-,-,-,36,14-02-2025 18:41:41.167,February,Device temperature ,260
H&E,ps,14-02-2025,-,-,-,36,14-02-2025 18:41:46.446,February,Device temperature ,260
H&E,ps,14-02-2025,-,-,-,36,14-02-2025 18:41:51.708,February,Device temperature ,260
H&E,ps,14-02-2025,-,-,-,36,14-02-2025 18:41:56.989,February,Device temperature ,260
H&E,ps,14-02-2025,-,-,-,0,14-02-2025 18:42:00.709,February,Heater Switched Off ,260
H&E,ps,14-02-2025,W1,Tap Water,--,0,14-02-2025 18:42:01.779,February,Water Valve : 1 is Off,260
H&E,ps,14-02-2025,W2,Tap Water,--,0,14-02-2025 18:42:02.554,February,Water Valve : 2 is Off,260
H&E,ps,14-02-2025,W3,Tap Water,--,0,14-02-2025 18:42:03.344,February,Water Valve : 3 is Off,260
H&E,ps,14-02-2025,W4,Tap Water,--,0,14-02-2025 18:42:04.117,February,Water Valve : 4 is Off,260
H&E,ps,14-02-2025,W5,Tap Water,--,0,14-02-2025 18:42:04.893,February,Water Valve : 5 is Off,260
H&E,ps,14-02-2025,W6,Tap Water,--,0,14-02-2025 18:42:05.664,February,Water Valve : 6 is Off,260
H&E,ps,14-02-2025,-,-,-,0,14-02-2025 18:42:06.167,February,Protorun Stopped,260
