Home Command,SubbaRao,12-08-2024,-,-,-,0,12-08-2024 15:41:46,August,Home Reached
Home Command,SubbaRao,12-08-2024,-,-,-,0,12-08-2024 15:41:48,August,Home Reached
Home Command,SubbaRao,12-08-2024,U1,-,-,0,12-08-2024 15:41:55,August,Liquid Level - 2540
Home Command,SubbaRao,12-08-2024,U2,-,-,0,12-08-2024 15:41:58,August,Liquid Level - 2540
Home Command,SubbaRao,12-08-2024,U3,-,-,0,12-08-2024 15:42:00,August,Liquid Level - 2528
Home Command,SubbaRao,12-08-2024,U4,-,-,0,12-08-2024 15:42:03,August,Liquid Level - 2576
Home Command,SubbaRao,12-08-2024,U5,-,-,0,12-08-2024 15:42:05,August,Liquid Level - 2566
Home Command,SubbaRao,12-08-2024,U6,-,-,0,12-08-2024 15:42:08,August,Liquid Level - 2579
Home Command,SubbaRao,12-08-2024,J1,-,-,0,12-08-2024 15:42:14,August,Liquid Level - 2545
Home Command,SubbaRao,12-08-2024,J2,-,-,0,12-08-2024 15:42:17,August,Liquid Level - 2559
Home Command,SubbaRao,12-08-2024,J3,-,-,0,12-08-2024 15:42:20,August,Liquid Level - 2565
Home Command,SubbaRao,12-08-2024,J4,-,-,0,12-08-2024 15:42:22,August,Liquid Level - 2570
Home Command,SubbaRao,12-08-2024,J5,-,-,0,12-08-2024 15:42:25,August,Liquid Level - 2574
Home Command,SubbaRao,12-08-2024,J6,-,-,0,12-08-2024 15:42:27,August,Liquid Level - 2561
Home Command,SubbaRao,12-08-2024,J7,-,-,0,12-08-2024 15:42:30,August,Liquid Level - 2574
Home Command,SubbaRao,12-08-2024,J8,-,-,0,12-08-2024 15:42:32,August,Liquid Level - 2574
Home Command,SubbaRao,12-08-2024,J9,-,-,0,12-08-2024 15:42:35,August,Liquid Level - 2569
Home Command,SubbaRao,12-08-2024,W1,-,-,0,12-08-2024 15:42:37,August,Liquid Level - 2523
Home Command,SubbaRao,12-08-2024,W2,-,-,0,12-08-2024 15:42:40,August,Liquid Level - 2577
Home Command,SubbaRao,12-08-2024,W3,-,-,0,12-08-2024 15:42:43,August,Liquid Level - 2556
Home Command,SubbaRao,12-08-2024,J10,-,-,0,12-08-2024 15:42:45,August,Liquid Level - 2575
Home Command,SubbaRao,12-08-2024,J11,-,-,0,12-08-2024 15:42:48,August,Liquid Level - 2566
Home Command,SubbaRao,12-08-2024,J12,-,-,0,12-08-2024 15:42:50,August,Liquid Level - 2557
Home Command,SubbaRao,12-08-2024,J13,-,-,0,12-08-2024 15:42:53,August,Liquid Level - 2581
Home Command,SubbaRao,12-08-2024,J14,-,-,0,12-08-2024 15:42:56,August,Liquid Level - 2596
Home Command,SubbaRao,12-08-2024,J15,-,-,0,12-08-2024 15:42:58,August,Liquid Level - 2598
Home Command,SubbaRao,12-08-2024,J16,-,-,0,12-08-2024 15:43:01,August,Liquid Level - 2585
Home Command,SubbaRao,12-08-2024,J17,-,-,0,12-08-2024 15:43:04,August,Liquid Level - 2533
Home Command,SubbaRao,12-08-2024,W4,-,-,0,12-08-2024 15:43:06,August,Liquid Level - 2585
Home Command,SubbaRao,12-08-2024,W5,-,-,0,12-08-2024 15:43:09,August,Liquid Level - 2578
Home Command,SubbaRao,12-08-2024,W6,-,-,0,12-08-2024 15:43:11,August,Liquid Level - 2604
Home Command,SubbaRao,12-08-2024,J18,-,-,0,12-08-2024 15:43:14,August,Liquid Level - 2611
Home Command,SubbaRao,12-08-2024,J19,-,-,0,12-08-2024 15:43:16,August,Liquid Level - 2595
Home Command,SubbaRao,12-08-2024,J20,-,-,0,12-08-2024 15:43:19,August,Liquid Level - 2601
Home Command,SubbaRao,12-08-2024,J21,-,-,0,12-08-2024 15:43:22,August,Liquid Level - 2594
Home Command,SubbaRao,12-08-2024,J22,-,-,0,12-08-2024 15:43:27,August,Liquid Level - 2600
Home Command,SubbaRao,12-08-2024,J23,-,-,0,12-08-2024 15:43:30,August,Liquid Level - 2596
Home Command,SubbaRao,12-08-2024,J24,-,-,0,12-08-2024 15:43:32,August,Liquid Level - 2583
Home Command,SubbaRao,12-08-2024,J25,-,-,0,12-08-2024 15:43:35,August,Liquid Level - 2564
Home Command,SubbaRao,12-08-2024,J26,-,-,0,12-08-2024 15:43:37,August,Liquid Level - 2538
Home Command,SubbaRao,12-08-2024,J27,-,-,0,12-08-2024 15:43:43,August,Liquid Level - 2548
Home Command,SubbaRao,12-08-2024,J28,-,-,0,12-08-2024 15:43:46,August,Liquid Level - 2571
Home Command,SubbaRao,12-08-2024,J29,-,-,0,12-08-2024 15:43:48,August,Liquid Level - 2588
Home Command,SubbaRao,12-08-2024,J30,-,-,0,12-08-2024 15:43:51,August,Liquid Level - 2600
Home Command,SubbaRao,12-08-2024,J31,-,-,0,12-08-2024 15:43:54,August,Liquid Level - 2584
Home Command,SubbaRao,12-08-2024,J32,-,-,0,12-08-2024 15:43:56,August,Liquid Level - 2602
Home Command,SubbaRao,12-08-2024,J33,-,-,0,12-08-2024 15:43:59,August,Liquid Level - 2610
Home Command,SubbaRao,12-08-2024,H1,-,-,0,12-08-2024 15:44:03,August,Liquid Level - 3559
Home Command,SubbaRao,12-08-2024,H2,-,-,0,12-08-2024 15:44:06,August,Liquid Level - 3549
Home Command,SubbaRao,12-08-2024,H3,-,-,0,12-08-2024 15:44:09,August,Liquid Level - 3521
Home Command,SubbaRao,12-08-2024,-,-,-,0,12-08-2024 15:44:22,August,Home Reached
Home Command,SubbaRao,12-08-2024,-,-,-,0,12-08-2024 15:44:28,August,Home Reached
Home Command,SubbaRao,12-08-2024,-,-,-,0,12-08-2024 15:44:28,August,
DPFZ,SubbaRao,12-08-2024,-,-,-,0,12-08-2024 15:44:36,August,Protorun Started
DPFZ,SubbaRao,12-08-2024,-,-,-,0,12-08-2024 15:44:40,August,Home Reached
DPFZ,SubbaRao,12-08-2024,-,-,-,0,12-08-2024 15:44:40,August,
DPFZ,SubbaRao,12-08-2024,-,-,-,0,12-08-2024 15:44:44,August,Home Reached
DPFZ,SubbaRao,12-08-2024,-,-,-,0,12-08-2024 15:44:44,August,
DPFZ,SubbaRao,12-08-2024,H1,-,-,0,12-08-2024 15:44:58,August,Liquid Level - 3528
DPFZ,SubbaRao,12-08-2024,H2,-,-,0,12-08-2024 15:45:01,August,Liquid Level - 3511
DPFZ,SubbaRao,12-08-2024,H3,-,-,0,12-08-2024 15:45:04,August,Liquid Level - 3594
DPFZ,SubbaRao,12-08-2024,L1,-,-,0,12-08-2024 15:45:08,August,Liquid Level - 307
DPFZ,SubbaRao,12-08-2024,L2,-,-,0,12-08-2024 15:45:11,August,Liquid Level - 262
DPFZ,SubbaRao,12-08-2024,L3,-,-,0,12-08-2024 15:45:13,August,Liquid Level - 304
DPFZ,SubbaRao,12-08-2024,-,-,-,0,12-08-2024 15:45:25,August,Home Reached
DPFZ,SubbaRao,12-08-2024,-,-,-,0,12-08-2024 15:45:25,August,Home Status - 11111011
DPFZ,SubbaRao,12-08-2024,-,-,-,0,12-08-2024 15:45:27,August,Home Reached
DPFZ,SubbaRao,12-08-2024,-,-,-,0,12-08-2024 15:46:15,August,Heater Door Closed
DPFZ,SubbaRao,12-08-2024,-,-,-,0,12-08-2024 15:46:15,August,
DPFZ,SubbaRao,12-08-2024,-,-,-,30,12-08-2024 15:46:16,August,30 - Temperature set to device
DPFZ,SubbaRao,12-08-2024,-,-,-,29,12-08-2024 15:46:16,August,Device temperature 
DPFZ,SubbaRao,12-08-2024,-,-,-,29,12-08-2024 15:46:17,August,Device temperature 
DPFZ,SubbaRao,12-08-2024,-,-,-,29,12-08-2024 15:46:18,August,Device temperature 
DPFZ,SubbaRao,12-08-2024,-,-,-,29,12-08-2024 15:46:19,August,Device temperature 
DPFZ,SubbaRao,12-08-2024,-,-,-,0,12-08-2024 15:47:14,August,Protorun Stopped
DPFZ,SubbaRao,12-08-2024,-,-,-,0,12-08-2024 15:47:31,August,Protorun Started
DPFZ,SubbaRao,12-08-2024,-,-,-,0,12-08-2024 15:47:47,August,Home Reached
DPFZ,SubbaRao,12-08-2024,-,-,-,0,12-08-2024 15:47:50,August,Home Reached
DPFZ,SubbaRao,12-08-2024,-,-,-,0,12-08-2024 15:47:50,August,
DPFZ,SubbaRao,12-08-2024,H1,-,-,0,12-08-2024 15:48:04,August,Liquid Level - 3537
DPFZ,SubbaRao,12-08-2024,H2,-,-,0,12-08-2024 15:48:07,August,Liquid Level - 3486
DPFZ,SubbaRao,12-08-2024,H3,-,-,0,12-08-2024 15:48:10,August,Liquid Level - 3425
DPFZ,SubbaRao,12-08-2024,L1,-,-,0,12-08-2024 15:48:14,August,Liquid Level - 263
DPFZ,SubbaRao,12-08-2024,L2,-,-,0,12-08-2024 15:48:17,August,Liquid Level - 248
DPFZ,SubbaRao,12-08-2024,L3,-,-,0,12-08-2024 15:48:20,August,Liquid Level - 253
DPFZ,SubbaRao,12-08-2024,-,-,-,0,12-08-2024 15:48:31,August,Home Reached
DPFZ,SubbaRao,12-08-2024,-,-,-,0,12-08-2024 15:48:31,August,Home Status - 11111111
DPFZ,SubbaRao,12-08-2024,-,-,-,0,12-08-2024 15:48:33,August,Home Reached
DPFZ,SubbaRao,12-08-2024,-,-,-,0,12-08-2024 15:49:21,August,Heater Door Closed
DPFZ,SubbaRao,12-08-2024,-,-,-,0,12-08-2024 15:49:21,August,
DPFZ,SubbaRao,12-08-2024,-,-,-,30,12-08-2024 15:49:21,August,30 - Temperature set to device
DPFZ,SubbaRao,12-08-2024,-,-,-,30,12-08-2024 15:49:22,August,Device temperature 
DPFZ,SubbaRao,12-08-2024,-,-,-,29,12-08-2024 15:49:28,August,Device temperature 
DPFZ,SubbaRao,12-08-2024,-,-,-,29,12-08-2024 15:49:29,August,Device temperature 
DPFZ,SubbaRao,12-08-2024,-,-,-,30,12-08-2024 15:49:30,August,Device temperature 
DPFZ,SubbaRao,12-08-2024,-,-,-,29,12-08-2024 15:49:31,August,Device temperature 
DPFZ,SubbaRao,12-08-2024,-,-,-,29,12-08-2024 15:49:32,August,Device temperature 
DPFZ,SubbaRao,12-08-2024,-,-,-,29,12-08-2024 15:49:33,August,Device temperature 
DPFZ,SubbaRao,12-08-2024,-,-,-,29,12-08-2024 15:49:34,August,Device temperature 
DPFZ,SubbaRao,12-08-2024,-,-,-,29,12-08-2024 15:49:35,August,Device temperature 
DPFZ,SubbaRao,12-08-2024,-,-,-,29,12-08-2024 15:49:36,August,Device temperature 
DPFZ,SubbaRao,12-08-2024,-,-,-,29,12-08-2024 15:49:38,August,Device temperature 
DPFZ,SubbaRao,12-08-2024,-,-,-,29,12-08-2024 15:49:39,August,Device temperature 
DPFZ,SubbaRao,12-08-2024,-,-,-,30,12-08-2024 15:49:40,August,Device temperature 
DPFZ,SubbaRao,12-08-2024,-,-,-,28,12-08-2024 15:49:41,August,Device temperature 
DPFZ,SubbaRao,12-08-2024,-,-,-,29,12-08-2024 15:49:42,August,Device temperature 
DPFZ,SubbaRao,12-08-2024,-,-,-,29,12-08-2024 15:49:43,August,Device temperature 
DPFZ,SubbaRao,12-08-2024,-,-,-,29,12-08-2024 15:49:44,August,Device temperature 
DPFZ,SubbaRao,12-08-2024,-,-,-,29,12-08-2024 15:49:45,August,Device temperature 
DPFZ,SubbaRao,12-08-2024,-,-,-,30,12-08-2024 15:49:46,August,Device temperature 
DPFZ,SubbaRao,12-08-2024,-,-,-,30,12-08-2024 15:49:47,August,Device temperature 
DPFZ,SubbaRao,12-08-2024,-,-,-,29,12-08-2024 15:49:48,August,Device temperature 
DPFZ,SubbaRao,12-08-2024,-,-,-,30,12-08-2024 15:49:49,August,Device temperature 
DPFZ,SubbaRao,12-08-2024,-,-,-,30,12-08-2024 15:49:50,August,Device temperature 
DPFZ,SubbaRao,12-08-2024,-,-,-,30,12-08-2024 15:49:51,August,Device temperature 
DPFZ,SubbaRao,12-08-2024,-,-,-,30,12-08-2024 15:49:52,August,Device temperature 
DPFZ,SubbaRao,12-08-2024,-,-,-,30,12-08-2024 15:49:53,August,Device temperature 
DPFZ,SubbaRao,12-08-2024,-,-,-,31,12-08-2024 15:49:55,August,Device temperature 
DPFZ,SubbaRao,12-08-2024,-,-,-,30,12-08-2024 15:49:56,August,Device temperature 
DPFZ,SubbaRao,12-08-2024,-,-,-,30,12-08-2024 15:49:57,August,Device temperature 
DPFZ,SubbaRao,12-08-2024,-,-,-,30,12-08-2024 15:49:58,August,Device temperature 
DPFZ,SubbaRao,12-08-2024,-,-,-,30,12-08-2024 15:49:59,August,Device temperature 
DPFZ,SubbaRao,12-08-2024,-,-,-,30,12-08-2024 15:50:00,August,Device temperature 
DPFZ,SubbaRao,12-08-2024,-,-,-,30,12-08-2024 15:50:01,August,Device temperature 
DPFZ,SubbaRao,12-08-2024,-,-,-,30,12-08-2024 15:50:02,August,Device temperature 
DPFZ,SubbaRao,12-08-2024,-,-,-,31,12-08-2024 15:50:03,August,Device temperature 
DPFZ,SubbaRao,12-08-2024,-,-,-,30,12-08-2024 15:50:04,August,Device temperature 
DPFZ,SubbaRao,12-08-2024,-,-,-,30,12-08-2024 15:50:05,August,Device temperature 
DPFZ,SubbaRao,12-08-2024,-,-,-,30,12-08-2024 15:50:06,August,Device temperature 
DPFZ,SubbaRao,12-08-2024,-,-,-,30,12-08-2024 15:50:07,August,Device temperature 
DPFZ,SubbaRao,12-08-2024,-,-,-,30,12-08-2024 15:50:08,August,Device temperature 
DPFZ,SubbaRao,12-08-2024,-,-,-,30,12-08-2024 15:50:09,August,Device temperature 
DPFZ,SubbaRao,12-08-2024,-,-,-,30,12-08-2024 15:50:10,August,Device temperature 
DPFZ,SubbaRao,12-08-2024,-,-,-,31,12-08-2024 15:50:11,August,Device temperature 
DPFZ,SubbaRao,12-08-2024,-,-,-,31,12-08-2024 15:50:13,August,Device temperature 
DPFZ,SubbaRao,12-08-2024,-,-,-,31,12-08-2024 15:50:14,August,Device temperature 
DPFZ,SubbaRao,12-08-2024,-,-,-,30,12-08-2024 15:50:15,August,Device temperature 
DPFZ,SubbaRao,12-08-2024,-,-,-,31,12-08-2024 15:50:16,August,Device temperature 
DPFZ,SubbaRao,12-08-2024,-,-,-,31,12-08-2024 15:50:17,August,Device temperature 
DPFZ,SubbaRao,12-08-2024,-,-,-,31,12-08-2024 15:50:18,August,Device temperature 
DPFZ,SubbaRao,12-08-2024,-,-,-,31,12-08-2024 15:50:19,August,Device temperature 
DPFZ,SubbaRao,12-08-2024,-,-,-,31,12-08-2024 15:50:20,August,Device temperature 
DPFZ,SubbaRao,12-08-2024,-,-,-,31,12-08-2024 15:50:21,August,Device temperature 
DPFZ,SubbaRao,12-08-2024,-,-,-,31,12-08-2024 15:50:22,August,Device temperature 
DPFZ,SubbaRao,12-08-2024,-,-,-,31,12-08-2024 15:50:23,August,Device temperature 
DPFZ,SubbaRao,12-08-2024,-,-,-,31,12-08-2024 15:50:24,August,Device temperature 
DPFZ,SubbaRao,12-08-2024,-,-,-,31,12-08-2024 15:50:25,August,Device temperature 
DPFZ,SubbaRao,12-08-2024,-,-,-,31,12-08-2024 15:50:26,August,Device temperature 
DPFZ,SubbaRao,12-08-2024,-,-,-,32,12-08-2024 15:50:27,August,Device temperature 
DPFZ,SubbaRao,12-08-2024,-,-,-,31,12-08-2024 15:50:28,August,Device temperature 
DPFZ,SubbaRao,12-08-2024,-,-,-,31,12-08-2024 15:50:29,August,Device temperature 
DPFZ,SubbaRao,12-08-2024,-,-,-,31,12-08-2024 15:50:31,August,Device temperature 
DPFZ,SubbaRao,12-08-2024,-,-,-,31,12-08-2024 15:50:32,August,Device temperature 
DPFZ,SubbaRao,12-08-2024,-,-,-,31,12-08-2024 15:50:33,August,Device temperature 
DPFZ,SubbaRao,12-08-2024,-,-,-,31,12-08-2024 15:50:34,August,Device temperature 
DPFZ,SubbaRao,12-08-2024,-,-,-,31,12-08-2024 15:50:35,August,Device temperature 
DPFZ,SubbaRao,12-08-2024,-,-,-,31,12-08-2024 15:50:36,August,Device temperature 
DPFZ,SubbaRao,12-08-2024,-,-,-,31,12-08-2024 15:50:37,August,Device temperature 
DPFZ,SubbaRao,12-08-2024,-,-,-,31,12-08-2024 15:50:38,August,Device temperature 
DPFZ,SubbaRao,12-08-2024,-,-,-,31,12-08-2024 15:50:39,August,Device temperature 
DPFZ,SubbaRao,12-08-2024,-,-,-,32,12-08-2024 15:50:40,August,Device temperature 
DPFZ,SubbaRao,12-08-2024,-,-,-,31,12-08-2024 15:50:41,August,Device temperature 
DPFZ,SubbaRao,12-08-2024,-,-,-,31,12-08-2024 15:50:42,August,Device temperature 
DPFZ,SubbaRao,12-08-2024,-,-,-,31,12-08-2024 15:50:43,August,Device temperature 
DPFZ,SubbaRao,12-08-2024,-,-,-,31,12-08-2024 15:50:44,August,Device temperature 
DPFZ,SubbaRao,12-08-2024,-,-,-,32,12-08-2024 15:50:45,August,Device temperature 
DPFZ,SubbaRao,12-08-2024,-,-,-,31,12-08-2024 15:50:46,August,Device temperature 
DPFZ,SubbaRao,12-08-2024,-,-,-,31,12-08-2024 15:50:47,August,Device temperature 
DPFZ,SubbaRao,12-08-2024,-,-,-,31,12-08-2024 15:50:49,August,Device temperature 
DPFZ,SubbaRao,12-08-2024,-,-,-,31,12-08-2024 15:50:50,August,Device temperature 
DPFZ,SubbaRao,12-08-2024,-,-,-,32,12-08-2024 15:50:51,August,Device temperature 
DPFZ,SubbaRao,12-08-2024,-,-,-,31,12-08-2024 15:50:52,August,Device temperature 
DPFZ,SubbaRao,12-08-2024,-,-,-,32,12-08-2024 15:50:53,August,Device temperature 
DPFZ,SubbaRao,12-08-2024,-,-,-,31,12-08-2024 15:50:54,August,Device temperature 
DPFZ,SubbaRao,12-08-2024,-,-,-,31,12-08-2024 15:50:55,August,Device temperature 
DPFZ,SubbaRao,12-08-2024,-,-,-,31,12-08-2024 15:50:56,August,Device temperature 
DPFZ,SubbaRao,12-08-2024,-,-,-,31,12-08-2024 15:50:57,August,Device temperature 
DPFZ,SubbaRao,12-08-2024,-,-,-,31,12-08-2024 15:50:58,August,Device temperature 
DPFZ,SubbaRao,12-08-2024,-,-,-,31,12-08-2024 15:50:59,August,Device temperature 
DPFZ,SubbaRao,12-08-2024,-,-,-,32,12-08-2024 15:51:00,August,Device temperature 
DPFZ,SubbaRao,12-08-2024,-,-,-,32,12-08-2024 15:51:01,August,Device temperature 
DPFZ,SubbaRao,12-08-2024,-,-,-,31,12-08-2024 15:51:02,August,Device temperature 
DPFZ,SubbaRao,12-08-2024,-,-,-,31,12-08-2024 15:51:03,August,Device temperature 
DPFZ,SubbaRao,12-08-2024,-,-,-,31,12-08-2024 15:51:05,August,Device temperature 
DPFZ,SubbaRao,12-08-2024,-,-,-,31,12-08-2024 15:51:06,August,Device temperature 
DPFZ,SubbaRao,12-08-2024,-,-,-,31,12-08-2024 15:51:07,August,Device temperature 
DPFZ,SubbaRao,12-08-2024,-,-,-,32,12-08-2024 15:51:08,August,Device temperature 
DPFZ,SubbaRao,12-08-2024,-,-,-,31,12-08-2024 15:51:09,August,Device temperature 
DPFZ,SubbaRao,12-08-2024,-,-,-,31,12-08-2024 15:51:10,August,Device temperature 
DPFZ,SubbaRao,12-08-2024,-,-,-,31,12-08-2024 15:51:11,August,Device temperature 
DPFZ,SubbaRao,12-08-2024,-,-,-,31,12-08-2024 15:51:12,August,Device temperature 
DPFZ,SubbaRao,12-08-2024,-,-,-,31,12-08-2024 15:51:13,August,Device temperature 
DPFZ,SubbaRao,12-08-2024,-,-,-,31,12-08-2024 15:51:14,August,Device temperature 
DPFZ,SubbaRao,12-08-2024,-,-,-,31,12-08-2024 15:51:15,August,Device temperature 
DPFZ,SubbaRao,12-08-2024,-,-,-,31,12-08-2024 15:51:16,August,Device temperature 
DPFZ,SubbaRao,12-08-2024,-,-,-,31,12-08-2024 15:51:17,August,Device temperature 
DPFZ,SubbaRao,12-08-2024,-,-,-,31,12-08-2024 15:51:18,August,Device temperature 
DPFZ,SubbaRao,12-08-2024,-,-,-,31,12-08-2024 15:51:19,August,Device temperature 
DPFZ,SubbaRao,12-08-2024,-,-,-,32,12-08-2024 15:51:20,August,Device temperature 
DPFZ,SubbaRao,12-08-2024,-,-,-,32,12-08-2024 15:51:22,August,Device temperature 
DPFZ,SubbaRao,12-08-2024,-,-,-,31,12-08-2024 15:51:23,August,Device temperature 
DPFZ,SubbaRao,12-08-2024,-,-,-,31,12-08-2024 15:51:24,August,Device temperature 
DPFZ,SubbaRao,12-08-2024,-,-,-,31,12-08-2024 15:51:25,August,Device temperature 
DPFZ,SubbaRao,12-08-2024,-,-,-,31,12-08-2024 15:51:26,August,Device temperature 
DPFZ,SubbaRao,12-08-2024,-,-,-,31,12-08-2024 15:51:27,August,Device temperature 
DPFZ,SubbaRao,12-08-2024,-,-,-,31,12-08-2024 15:51:28,August,Device temperature 
DPFZ,SubbaRao,12-08-2024,-,-,-,31,12-08-2024 15:51:29,August,Device temperature 
DPFZ,SubbaRao,12-08-2024,-,-,-,32,12-08-2024 15:51:30,August,Device temperature 
DPFZ,SubbaRao,12-08-2024,-,-,-,31,12-08-2024 15:51:31,August,Device temperature 
DPFZ,SubbaRao,12-08-2024,-,-,-,31,12-08-2024 15:51:32,August,Device temperature 
DPFZ,SubbaRao,12-08-2024,-,-,-,31,12-08-2024 15:51:33,August,Device temperature 
DPFZ,SubbaRao,12-08-2024,-,-,-,31,12-08-2024 15:51:34,August,Device temperature 
DPFZ,SubbaRao,12-08-2024,-,-,-,32,12-08-2024 15:51:35,August,Device temperature 
DPFZ,SubbaRao,12-08-2024,-,-,-,32,12-08-2024 15:51:36,August,Device temperature 
DPFZ,SubbaRao,12-08-2024,-,-,-,31,12-08-2024 15:51:37,August,Device temperature 
DPFZ,SubbaRao,12-08-2024,-,-,-,31,12-08-2024 15:51:38,August,Device temperature 
DPFZ,SubbaRao,12-08-2024,-,-,-,31,12-08-2024 15:51:40,August,Device temperature 
DPFZ,SubbaRao,12-08-2024,-,-,-,31,12-08-2024 15:51:41,August,Device temperature 
DPFZ,SubbaRao,12-08-2024,-,-,-,31,12-08-2024 15:51:42,August,Device temperature 
DPFZ,SubbaRao,12-08-2024,-,-,-,31,12-08-2024 15:51:43,August,Device temperature 
DPFZ,SubbaRao,12-08-2024,-,-,-,31,12-08-2024 15:51:44,August,Device temperature 
DPFZ,SubbaRao,12-08-2024,-,-,-,31,12-08-2024 15:51:45,August,Device temperature 
DPFZ,SubbaRao,12-08-2024,-,-,-,31,12-08-2024 15:51:46,August,Device temperature 
DPFZ,SubbaRao,12-08-2024,-,-,-,31,12-08-2024 15:51:47,August,Device temperature 
DPFZ,SubbaRao,12-08-2024,-,-,-,31,12-08-2024 15:51:48,August,Device temperature 
DPFZ,SubbaRao,12-08-2024,-,-,-,31,12-08-2024 15:51:49,August,Device temperature 
DPFZ,SubbaRao,12-08-2024,-,-,-,31,12-08-2024 15:51:50,August,Device temperature 
DPFZ,SubbaRao,12-08-2024,-,-,-,31,12-08-2024 15:51:51,August,Device temperature 
DPFZ,SubbaRao,12-08-2024,-,-,-,31,12-08-2024 15:51:52,August,Device temperature 
DPFZ,SubbaRao,12-08-2024,-,-,-,31,12-08-2024 15:51:53,August,Device temperature 
DPFZ,SubbaRao,12-08-2024,-,-,-,31,12-08-2024 15:51:54,August,Device temperature 
DPFZ,SubbaRao,12-08-2024,-,-,-,31,12-08-2024 15:51:55,August,Device temperature 
DPFZ,SubbaRao,12-08-2024,-,-,-,32,12-08-2024 15:51:56,August,Device temperature 
DPFZ,SubbaRao,12-08-2024,-,-,-,31,12-08-2024 15:51:57,August,Device temperature 
DPFZ,SubbaRao,12-08-2024,-,-,-,31,12-08-2024 15:51:59,August,Device temperature 
DPFZ,SubbaRao,12-08-2024,-,-,-,31,12-08-2024 15:52:00,August,Device temperature 
DPFZ,SubbaRao,12-08-2024,-,-,-,32,12-08-2024 15:52:01,August,Device temperature 
DPFZ,SubbaRao,12-08-2024,-,-,-,31,12-08-2024 15:52:02,August,Device temperature 
DPFZ,SubbaRao,12-08-2024,-,-,-,31,12-08-2024 15:52:03,August,Device temperature 
DPFZ,SubbaRao,12-08-2024,-,-,-,32,12-08-2024 15:52:04,August,Device temperature 
DPFZ,SubbaRao,12-08-2024,-,-,-,31,12-08-2024 15:52:05,August,Device temperature 
DPFZ,SubbaRao,12-08-2024,-,-,-,31,12-08-2024 15:52:06,August,Device temperature 
DPFZ,SubbaRao,12-08-2024,-,-,-,31,12-08-2024 15:52:07,August,Device temperature 
DPFZ,SubbaRao,12-08-2024,-,-,-,31,12-08-2024 15:52:08,August,Device temperature 
DPFZ,SubbaRao,12-08-2024,-,-,-,32,12-08-2024 15:52:09,August,Device temperature 
DPFZ,SubbaRao,12-08-2024,-,-,-,31,12-08-2024 15:52:10,August,Device temperature 
DPFZ,SubbaRao,12-08-2024,-,-,-,31,12-08-2024 15:52:11,August,Device temperature 
DPFZ,SubbaRao,12-08-2024,-,-,-,31,12-08-2024 15:52:12,August,Device temperature 
DPFZ,SubbaRao,12-08-2024,-,-,-,31,12-08-2024 15:52:13,August,Device temperature 
DPFZ,SubbaRao,12-08-2024,-,-,-,31,12-08-2024 15:52:14,August,Device temperature 
DPFZ,SubbaRao,12-08-2024,-,-,-,31,12-08-2024 15:52:16,August,Device temperature 
DPFZ,SubbaRao,12-08-2024,-,-,-,33,12-08-2024 15:52:17,August,Device temperature 
DPFZ,SubbaRao,12-08-2024,-,-,-,32,12-08-2024 15:52:18,August,Device temperature 
DPFZ,SubbaRao,12-08-2024,-,-,-,31,12-08-2024 15:52:19,August,Device temperature 
DPFZ,SubbaRao,12-08-2024,-,-,-,31,12-08-2024 15:52:20,August,Device temperature 
DPFZ,SubbaRao,12-08-2024,-,-,-,31,12-08-2024 15:52:21,August,Device temperature 
DPFZ,SubbaRao,12-08-2024,-,-,-,31,12-08-2024 15:52:22,August,Device temperature 
DPFZ,SubbaRao,12-08-2024,-,-,-,31,12-08-2024 15:52:23,August,Device temperature 
DPFZ,SubbaRao,12-08-2024,-,-,-,32,12-08-2024 15:52:24,August,Device temperature 
DPFZ,SubbaRao,12-08-2024,-,-,-,32,12-08-2024 15:52:25,August,Device temperature 
DPFZ,SubbaRao,12-08-2024,-,-,-,31,12-08-2024 15:52:26,August,Device temperature 
DPFZ,SubbaRao,12-08-2024,-,-,-,31,12-08-2024 15:52:27,August,Device temperature 
DPFZ,SubbaRao,12-08-2024,-,-,-,31,12-08-2024 15:52:28,August,Device temperature 
DPFZ,SubbaRao,12-08-2024,-,-,-,31,12-08-2024 15:52:29,August,Device temperature 
DPFZ,SubbaRao,12-08-2024,-,-,-,32,12-08-2024 15:52:30,August,Device temperature 
DPFZ,SubbaRao,12-08-2024,-,-,-,31,12-08-2024 15:52:31,August,Device temperature 
DPFZ,SubbaRao,12-08-2024,-,-,-,31,12-08-2024 15:52:33,August,Device temperature 
DPFZ,SubbaRao,12-08-2024,-,-,-,31,12-08-2024 15:52:34,August,Device temperature 
DPFZ,SubbaRao,12-08-2024,-,-,-,31,12-08-2024 15:52:35,August,Device temperature 
DPFZ,SubbaRao,12-08-2024,-,-,-,31,12-08-2024 15:52:36,August,Device temperature 
DPFZ,SubbaRao,12-08-2024,-,-,-,31,12-08-2024 15:52:37,August,Device temperature 
DPFZ,SubbaRao,12-08-2024,-,-,-,30,12-08-2024 15:52:38,August,Device temperature 
DPFZ,SubbaRao,12-08-2024,-,-,-,31,12-08-2024 15:52:39,August,Device temperature 
DPFZ,SubbaRao,12-08-2024,-,-,-,31,12-08-2024 15:52:40,August,Device temperature 
DPFZ,SubbaRao,12-08-2024,-,-,-,31,12-08-2024 15:52:41,August,Device temperature 
DPFZ,SubbaRao,12-08-2024,-,-,-,31,12-08-2024 15:52:42,August,Device temperature 
DPFZ,SubbaRao,12-08-2024,-,-,-,31,12-08-2024 15:52:43,August,Device temperature 
DPFZ,SubbaRao,12-08-2024,-,-,-,31,12-08-2024 15:52:44,August,Device temperature 
DPFZ,SubbaRao,12-08-2024,-,-,-,31,12-08-2024 15:52:45,August,Device temperature 
DPFZ,SubbaRao,12-08-2024,-,-,-,31,12-08-2024 15:52:46,August,Device temperature 
DPFZ,SubbaRao,12-08-2024,-,-,-,31,12-08-2024 15:52:47,August,Device temperature 
DPFZ,SubbaRao,12-08-2024,-,-,-,32,12-08-2024 15:52:48,August,Device temperature 
DPFZ,SubbaRao,12-08-2024,-,-,-,31,12-08-2024 15:52:49,August,Device temperature 
DPFZ,SubbaRao,12-08-2024,-,-,-,31,12-08-2024 15:52:51,August,Device temperature 
DPFZ,SubbaRao,12-08-2024,-,-,-,32,12-08-2024 15:52:52,August,Device temperature 
DPFZ,SubbaRao,12-08-2024,-,-,-,31,12-08-2024 15:52:53,August,Device temperature 
DPFZ,SubbaRao,12-08-2024,-,-,-,31,12-08-2024 15:52:54,August,Device temperature 
DPFZ,SubbaRao,12-08-2024,-,-,-,31,12-08-2024 15:52:55,August,Device temperature 
DPFZ,SubbaRao,12-08-2024,-,-,-,31,12-08-2024 15:52:56,August,Device temperature 
DPFZ,SubbaRao,12-08-2024,-,-,-,31,12-08-2024 15:52:57,August,Device temperature 
DPFZ,SubbaRao,12-08-2024,-,-,-,31,12-08-2024 15:52:58,August,Device temperature 
DPFZ,SubbaRao,12-08-2024,-,-,-,31,12-08-2024 15:52:59,August,Device temperature 
DPFZ,SubbaRao,12-08-2024,-,-,-,31,12-08-2024 15:53:00,August,Device temperature 
DPFZ,SubbaRao,12-08-2024,-,-,-,31,12-08-2024 15:53:01,August,Device temperature 
DPFZ,SubbaRao,12-08-2024,-,-,-,31,12-08-2024 15:53:02,August,Device temperature 
DPFZ,SubbaRao,12-08-2024,-,-,-,32,12-08-2024 15:53:03,August,Device temperature 
DPFZ,SubbaRao,12-08-2024,-,-,-,31,12-08-2024 15:53:04,August,Device temperature 
DPFZ,SubbaRao,12-08-2024,-,-,-,31,12-08-2024 15:53:05,August,Device temperature 
DPFZ,SubbaRao,12-08-2024,-,-,-,31,12-08-2024 15:53:06,August,Device temperature 
DPFZ,SubbaRao,12-08-2024,-,-,-,30,12-08-2024 15:53:07,August,Device temperature 
DPFZ,SubbaRao,12-08-2024,-,-,-,31,12-08-2024 15:53:08,August,Device temperature 
DPFZ,SubbaRao,12-08-2024,-,-,-,31,12-08-2024 15:53:10,August,Device temperature 
DPFZ,SubbaRao,12-08-2024,-,-,-,31,12-08-2024 15:53:11,August,Device temperature 
DPFZ,SubbaRao,12-08-2024,-,-,-,31,12-08-2024 15:53:12,August,Device temperature 
DPFZ,SubbaRao,12-08-2024,-,-,-,31,12-08-2024 15:53:13,August,Device temperature 
DPFZ,SubbaRao,12-08-2024,-,-,-,31,12-08-2024 15:53:14,August,Device temperature 
DPFZ,SubbaRao,12-08-2024,-,-,-,31,12-08-2024 15:53:15,August,Device temperature 
DPFZ,SubbaRao,12-08-2024,-,-,-,31,12-08-2024 15:53:16,August,Device temperature 
DPFZ,SubbaRao,12-08-2024,-,-,-,31,12-08-2024 15:53:17,August,Device temperature 
DPFZ,SubbaRao,12-08-2024,-,-,-,31,12-08-2024 15:53:18,August,Device temperature 
DPFZ,SubbaRao,12-08-2024,-,-,-,31,12-08-2024 15:53:19,August,Device temperature 
DPFZ,SubbaRao,12-08-2024,-,-,-,32,12-08-2024 15:53:20,August,Device temperature 
DPFZ,SubbaRao,12-08-2024,-,-,-,31,12-08-2024 15:53:21,August,Device temperature 
DPFZ,SubbaRao,12-08-2024,-,-,-,31,12-08-2024 15:53:22,August,Device temperature 
DPFZ,SubbaRao,12-08-2024,-,-,-,31,12-08-2024 15:53:23,August,Device temperature 
DPFZ,SubbaRao,12-08-2024,-,-,-,31,12-08-2024 15:53:25,August,Device temperature 
DPFZ,SubbaRao,12-08-2024,-,-,-,31,12-08-2024 15:53:26,August,Device temperature 
DPFZ,SubbaRao,12-08-2024,-,-,-,31,12-08-2024 15:53:27,August,Device temperature 
DPFZ,SubbaRao,12-08-2024,-,-,-,32,12-08-2024 15:53:28,August,Device temperature 
DPFZ,SubbaRao,12-08-2024,-,-,-,31,12-08-2024 15:53:29,August,Device temperature 
DPFZ,SubbaRao,12-08-2024,-,-,-,31,12-08-2024 15:53:30,August,Device temperature 
DPFZ,SubbaRao,12-08-2024,-,-,-,31,12-08-2024 15:53:31,August,Device temperature 
DPFZ,SubbaRao,12-08-2024,-,-,-,31,12-08-2024 15:53:32,August,Device temperature 
DPFZ,SubbaRao,12-08-2024,-,-,-,31,12-08-2024 15:53:33,August,Device temperature 
DPFZ,SubbaRao,12-08-2024,-,-,-,31,12-08-2024 15:53:34,August,Device temperature 
DPFZ,SubbaRao,12-08-2024,-,-,-,31,12-08-2024 15:53:35,August,Device temperature 
DPFZ,SubbaRao,12-08-2024,-,-,-,31,12-08-2024 15:53:36,August,Device temperature 
DPFZ,SubbaRao,12-08-2024,-,-,-,31,12-08-2024 15:53:37,August,Device temperature 
DPFZ,SubbaRao,12-08-2024,-,-,-,31,12-08-2024 15:53:38,August,Device temperature 
DPFZ,SubbaRao,12-08-2024,-,-,-,31,12-08-2024 15:53:39,August,Device temperature 
DPFZ,SubbaRao,12-08-2024,-,-,-,31,12-08-2024 15:53:40,August,Device temperature 
DPFZ,SubbaRao,12-08-2024,-,-,-,31,12-08-2024 15:53:41,August,Device temperature 
DPFZ,SubbaRao,12-08-2024,-,-,-,31,12-08-2024 15:53:43,August,Device temperature 
DPFZ,SubbaRao,12-08-2024,-,-,-,31,12-08-2024 15:53:44,August,Device temperature 
DPFZ,SubbaRao,12-08-2024,-,-,-,31,12-08-2024 15:53:45,August,Device temperature 
DPFZ,SubbaRao,12-08-2024,-,-,-,31,12-08-2024 15:53:46,August,Device temperature 
DPFZ,SubbaRao,12-08-2024,-,-,-,31,12-08-2024 15:53:47,August,Device temperature 
DPFZ,SubbaRao,12-08-2024,-,-,-,31,12-08-2024 15:53:48,August,Device temperature 
DPFZ,SubbaRao,12-08-2024,-,-,-,31,12-08-2024 15:53:49,August,Device temperature 
DPFZ,SubbaRao,12-08-2024,-,-,-,31,12-08-2024 15:53:50,August,Device temperature 
DPFZ,SubbaRao,12-08-2024,-,-,-,31,12-08-2024 15:53:51,August,Device temperature 
DPFZ,SubbaRao,12-08-2024,-,-,-,31,12-08-2024 15:53:52,August,Device temperature 
DPFZ,SubbaRao,12-08-2024,-,-,-,31,12-08-2024 15:53:53,August,Device temperature 
DPFZ,SubbaRao,12-08-2024,-,-,-,32,12-08-2024 15:53:54,August,Device temperature 
DPFZ,SubbaRao,12-08-2024,-,-,-,32,12-08-2024 15:53:55,August,Device temperature 
DPFZ,SubbaRao,12-08-2024,-,-,-,32,12-08-2024 15:53:56,August,Device temperature 
DPFZ,SubbaRao,12-08-2024,-,-,-,32,12-08-2024 15:53:57,August,Device temperature 
DPFZ,SubbaRao,12-08-2024,-,-,-,32,12-08-2024 15:53:58,August,Device temperature 
DPFZ,SubbaRao,12-08-2024,-,-,-,31,12-08-2024 15:54:00,August,Device temperature 
DPFZ,SubbaRao,12-08-2024,-,-,-,32,12-08-2024 15:54:01,August,Device temperature 
DPFZ,SubbaRao,12-08-2024,-,-,-,32,12-08-2024 15:54:02,August,Device temperature 
DPFZ,SubbaRao,12-08-2024,-,-,-,32,12-08-2024 15:54:03,August,Device temperature 
DPFZ,SubbaRao,12-08-2024,-,-,-,32,12-08-2024 15:54:04,August,Device temperature 
DPFZ,SubbaRao,12-08-2024,-,-,-,31,12-08-2024 15:54:05,August,Device temperature 
DPFZ,SubbaRao,12-08-2024,-,-,-,32,12-08-2024 15:54:06,August,Device temperature 
DPFZ,SubbaRao,12-08-2024,-,-,-,32,12-08-2024 15:54:07,August,Device temperature 
DPFZ,SubbaRao,12-08-2024,-,-,-,32,12-08-2024 15:54:08,August,Device temperature 
DPFZ,SubbaRao,12-08-2024,-,-,-,32,12-08-2024 15:54:09,August,Device temperature 
DPFZ,SubbaRao,12-08-2024,-,-,-,31,12-08-2024 15:54:10,August,Device temperature 
DPFZ,SubbaRao,12-08-2024,-,-,-,32,12-08-2024 15:54:11,August,Device temperature 
DPFZ,SubbaRao,12-08-2024,-,-,-,32,12-08-2024 15:54:12,August,Device temperature 
DPFZ,SubbaRao,12-08-2024,-,-,-,31,12-08-2024 15:54:13,August,Device temperature 
DPFZ,SubbaRao,12-08-2024,-,-,-,31,12-08-2024 15:54:14,August,Device temperature 
DPFZ,SubbaRao,12-08-2024,-,-,-,31,12-08-2024 15:54:15,August,Device temperature 
DPFZ,SubbaRao,12-08-2024,-,-,-,31,12-08-2024 15:54:16,August,Device temperature 
DPFZ,SubbaRao,12-08-2024,-,-,-,31,12-08-2024 15:54:18,August,Device temperature 
DPFZ,SubbaRao,12-08-2024,-,-,-,31,12-08-2024 15:54:19,August,Device temperature 
DPFZ,SubbaRao,12-08-2024,-,-,-,31,12-08-2024 15:54:20,August,Device temperature 
DPFZ,SubbaRao,12-08-2024,-,-,-,31,12-08-2024 15:54:21,August,Device temperature 
DPFZ,SubbaRao,12-08-2024,-,-,-,31,12-08-2024 15:54:22,August,Device temperature 
DPFZ,SubbaRao,12-08-2024,-,-,-,31,12-08-2024 15:54:23,August,Device temperature 
DPFZ,SubbaRao,12-08-2024,-,-,-,31,12-08-2024 15:54:24,August,Device temperature 
DPFZ,SubbaRao,12-08-2024,-,-,-,30,12-08-2024 15:54:25,August,Device temperature 
DPFZ,SubbaRao,12-08-2024,-,-,-,31,12-08-2024 15:54:26,August,Device temperature 
DPFZ,SubbaRao,12-08-2024,-,-,-,31,12-08-2024 15:54:27,August,Device temperature 
DPFZ,SubbaRao,12-08-2024,-,-,-,31,12-08-2024 15:54:28,August,Device temperature 
DPFZ,SubbaRao,12-08-2024,-,-,-,31,12-08-2024 15:54:29,August,Device temperature 
DPFZ,SubbaRao,12-08-2024,-,-,-,30,12-08-2024 15:54:30,August,Device temperature 
DPFZ,SubbaRao,12-08-2024,-,-,-,31,12-08-2024 15:54:31,August,Device temperature 
DPFZ,SubbaRao,12-08-2024,-,-,-,31,12-08-2024 15:54:32,August,Device temperature 
DPFZ,SubbaRao,12-08-2024,-,-,-,32,12-08-2024 15:54:33,August,Device temperature 
DPFZ,SubbaRao,12-08-2024,-,-,-,30,12-08-2024 15:54:35,August,Device temperature 
DPFZ,SubbaRao,12-08-2024,-,-,-,31,12-08-2024 15:54:36,August,Device temperature 
DPFZ,SubbaRao,12-08-2024,-,-,-,32,12-08-2024 15:54:37,August,Device temperature 
DPFZ,SubbaRao,12-08-2024,-,-,-,31,12-08-2024 15:54:38,August,Device temperature 
DPFZ,SubbaRao,12-08-2024,-,-,-,31,12-08-2024 15:54:39,August,Device temperature 
DPFZ,SubbaRao,12-08-2024,-,-,-,30,12-08-2024 15:54:40,August,Device temperature 
DPFZ,SubbaRao,12-08-2024,-,-,-,31,12-08-2024 15:54:41,August,Device temperature 
DPFZ,SubbaRao,12-08-2024,-,-,-,31,12-08-2024 15:54:42,August,Device temperature 
DPFZ,SubbaRao,12-08-2024,-,-,-,30,12-08-2024 15:54:43,August,Device temperature 
DPFZ,SubbaRao,12-08-2024,-,-,-,32,12-08-2024 15:54:44,August,Device temperature 
DPFZ,SubbaRao,12-08-2024,-,-,-,31,12-08-2024 15:54:45,August,Device temperature 
DPFZ,SubbaRao,12-08-2024,-,-,-,31,12-08-2024 15:54:46,August,Device temperature 
DPFZ,SubbaRao,12-08-2024,-,-,-,31,12-08-2024 15:54:47,August,Device temperature 
DPFZ,SubbaRao,12-08-2024,-,-,-,31,12-08-2024 15:54:48,August,Device temperature 
DPFZ,SubbaRao,12-08-2024,-,-,-,31,12-08-2024 15:54:49,August,Device temperature 
DPFZ,SubbaRao,12-08-2024,-,-,-,30,12-08-2024 15:54:51,August,Device temperature 
DPFZ,SubbaRao,12-08-2024,-,-,-,31,12-08-2024 15:54:51,August,Device temperature 
DPFZ,SubbaRao,12-08-2024,-,-,-,31,12-08-2024 15:54:53,August,Device temperature 
DPFZ,SubbaRao,12-08-2024,-,-,-,31,12-08-2024 15:54:54,August,Device temperature 
DPFZ,SubbaRao,12-08-2024,-,-,-,31,12-08-2024 15:54:55,August,Device temperature 
DPFZ,SubbaRao,12-08-2024,-,-,-,31,12-08-2024 15:54:56,August,Device temperature 
DPFZ,SubbaRao,12-08-2024,-,-,-,31,12-08-2024 15:54:57,August,Device temperature 
DPFZ,SubbaRao,12-08-2024,-,-,-,31,12-08-2024 15:54:58,August,Device temperature 
DPFZ,SubbaRao,12-08-2024,-,-,-,31,12-08-2024 15:54:59,August,Device temperature 
DPFZ,SubbaRao,12-08-2024,-,-,-,31,12-08-2024 15:55:00,August,Device temperature 
DPFZ,SubbaRao,12-08-2024,-,-,-,31,12-08-2024 15:55:01,August,Device temperature 
DPFZ,SubbaRao,12-08-2024,-,-,-,31,12-08-2024 15:55:02,August,Device temperature 
DPFZ,SubbaRao,12-08-2024,-,-,-,31,12-08-2024 15:55:03,August,Device temperature 
DPFZ,SubbaRao,12-08-2024,-,-,-,31,12-08-2024 15:55:04,August,Device temperature 
DPFZ,SubbaRao,12-08-2024,-,-,-,31,12-08-2024 15:55:05,August,Device temperature 
DPFZ,SubbaRao,12-08-2024,-,-,-,30,12-08-2024 15:55:06,August,Device temperature 
DPFZ,SubbaRao,12-08-2024,-,-,-,30,12-08-2024 15:55:07,August,Device temperature 
DPFZ,SubbaRao,12-08-2024,-,-,-,31,12-08-2024 15:55:08,August,Device temperature 
DPFZ,SubbaRao,12-08-2024,-,-,-,31,12-08-2024 15:55:09,August,Device temperature 
DPFZ,SubbaRao,12-08-2024,-,-,-,31,12-08-2024 15:55:11,August,Device temperature 
DPFZ,SubbaRao,12-08-2024,-,-,-,31,12-08-2024 15:55:12,August,Device temperature 
DPFZ,SubbaRao,12-08-2024,-,-,-,31,12-08-2024 15:55:13,August,Device temperature 
DPFZ,SubbaRao,12-08-2024,-,-,-,30,12-08-2024 15:55:14,August,Device temperature 
DPFZ,SubbaRao,12-08-2024,-,-,-,30,12-08-2024 15:55:15,August,Device temperature 
DPFZ,SubbaRao,12-08-2024,-,-,-,31,12-08-2024 15:55:16,August,Device temperature 
DPFZ,SubbaRao,12-08-2024,-,-,-,31,12-08-2024 15:55:17,August,Device temperature 
DPFZ,SubbaRao,12-08-2024,-,-,-,30,12-08-2024 15:55:18,August,Device temperature 
DPFZ,SubbaRao,12-08-2024,-,-,-,31,12-08-2024 15:55:19,August,Device temperature 
DPFZ,SubbaRao,12-08-2024,-,-,-,30,12-08-2024 15:55:20,August,Device temperature 
DPFZ,SubbaRao,12-08-2024,-,-,-,30,12-08-2024 15:55:21,August,Device temperature 
DPFZ,SubbaRao,12-08-2024,-,-,-,31,12-08-2024 15:55:22,August,Device temperature 
DPFZ,SubbaRao,12-08-2024,-,-,-,30,12-08-2024 15:55:23,August,Device temperature 
DPFZ,SubbaRao,12-08-2024,-,-,-,31,12-08-2024 15:55:24,August,Device temperature 
DPFZ,SubbaRao,12-08-2024,-,-,-,31,12-08-2024 15:55:25,August,Device temperature 
DPFZ,SubbaRao,12-08-2024,-,-,-,31,12-08-2024 15:55:26,August,Device temperature 
DPFZ,SubbaRao,12-08-2024,-,-,-,31,12-08-2024 15:55:27,August,Device temperature 
DPFZ,SubbaRao,12-08-2024,-,-,-,31,12-08-2024 15:55:29,August,Device temperature 
DPFZ,SubbaRao,12-08-2024,-,-,-,30,12-08-2024 15:55:30,August,Device temperature 
DPFZ,SubbaRao,12-08-2024,-,-,-,31,12-08-2024 15:55:31,August,Device temperature 
DPFZ,SubbaRao,12-08-2024,-,-,-,31,12-08-2024 15:55:32,August,Device temperature 
DPFZ,SubbaRao,12-08-2024,-,-,-,31,12-08-2024 15:55:33,August,Device temperature 
DPFZ,SubbaRao,12-08-2024,-,-,-,31,12-08-2024 15:55:34,August,Device temperature 
DPFZ,SubbaRao,12-08-2024,-,-,-,30,12-08-2024 15:55:35,August,Device temperature 
DPFZ,SubbaRao,12-08-2024,-,-,-,31,12-08-2024 15:55:36,August,Device temperature 
DPFZ,SubbaRao,12-08-2024,-,-,-,31,12-08-2024 15:55:37,August,Device temperature 
DPFZ,SubbaRao,12-08-2024,-,-,-,31,12-08-2024 15:55:38,August,Device temperature 
DPFZ,SubbaRao,12-08-2024,-,-,-,30,12-08-2024 15:55:39,August,Device temperature 
DPFZ,SubbaRao,12-08-2024,-,-,-,30,12-08-2024 15:55:40,August,Device temperature 
DPFZ,SubbaRao,12-08-2024,-,-,-,30,12-08-2024 15:55:41,August,Device temperature 
DPFZ,SubbaRao,12-08-2024,-,-,-,31,12-08-2024 15:55:42,August,Device temperature 
DPFZ,SubbaRao,12-08-2024,-,-,-,31,12-08-2024 15:55:43,August,Device temperature 
DPFZ,SubbaRao,12-08-2024,-,-,-,31,12-08-2024 15:55:44,August,Device temperature 
DPFZ,SubbaRao,12-08-2024,-,-,-,31,12-08-2024 15:55:46,August,Device temperature 
DPFZ,SubbaRao,12-08-2024,-,-,-,31,12-08-2024 15:55:47,August,Device temperature 
DPFZ,SubbaRao,12-08-2024,-,-,-,31,12-08-2024 15:55:48,August,Device temperature 
DPFZ,SubbaRao,12-08-2024,-,-,-,31,12-08-2024 15:55:49,August,Device temperature 
DPFZ,SubbaRao,12-08-2024,-,-,-,31,12-08-2024 15:55:50,August,Device temperature 
DPFZ,SubbaRao,12-08-2024,-,-,-,31,12-08-2024 15:55:51,August,Device temperature 
DPFZ,SubbaRao,12-08-2024,-,-,-,31,12-08-2024 15:55:52,August,Device temperature 
DPFZ,SubbaRao,12-08-2024,-,-,-,31,12-08-2024 15:55:53,August,Device temperature 
DPFZ,SubbaRao,12-08-2024,-,-,-,31,12-08-2024 15:55:54,August,Device temperature 
DPFZ,SubbaRao,12-08-2024,-,-,-,31,12-08-2024 15:55:55,August,Device temperature 
DPFZ,SubbaRao,12-08-2024,-,-,-,31,12-08-2024 15:55:56,August,Device temperature 
DPFZ,SubbaRao,12-08-2024,-,-,-,32,12-08-2024 15:55:57,August,Device temperature 
DPFZ,SubbaRao,12-08-2024,-,-,-,31,12-08-2024 15:55:58,August,Device temperature 
DPFZ,SubbaRao,12-08-2024,-,-,-,31,12-08-2024 15:55:59,August,Device temperature 
DPFZ,SubbaRao,12-08-2024,-,-,-,31,12-08-2024 15:56:00,August,Device temperature 
DPFZ,SubbaRao,12-08-2024,-,-,-,31,12-08-2024 15:56:01,August,Device temperature 
DPFZ,SubbaRao,12-08-2024,-,-,-,31,12-08-2024 15:56:02,August,Device temperature 
DPFZ,SubbaRao,12-08-2024,-,-,-,31,12-08-2024 15:56:04,August,Device temperature 
DPFZ,SubbaRao,12-08-2024,-,-,-,31,12-08-2024 15:56:05,August,Device temperature 
DPFZ,SubbaRao,12-08-2024,-,-,-,31,12-08-2024 15:56:06,August,Device temperature 
DPFZ,SubbaRao,12-08-2024,-,-,-,31,12-08-2024 15:56:07,August,Device temperature 
DPFZ,SubbaRao,12-08-2024,-,-,-,32,12-08-2024 15:56:08,August,Device temperature 
DPFZ,SubbaRao,12-08-2024,-,-,-,31,12-08-2024 15:56:09,August,Device temperature 
DPFZ,SubbaRao,12-08-2024,-,-,-,31,12-08-2024 15:56:10,August,Device temperature 
DPFZ,SubbaRao,12-08-2024,-,-,-,31,12-08-2024 15:56:11,August,Device temperature 
DPFZ,SubbaRao,12-08-2024,-,-,-,31,12-08-2024 15:56:12,August,Device temperature 
DPFZ,SubbaRao,12-08-2024,-,-,-,31,12-08-2024 15:56:13,August,Device temperature 
DPFZ,SubbaRao,12-08-2024,-,-,-,31,12-08-2024 15:56:14,August,Device temperature 
DPFZ,SubbaRao,12-08-2024,-,-,-,31,12-08-2024 15:56:15,August,Device temperature 
DPFZ,SubbaRao,12-08-2024,-,-,-,31,12-08-2024 15:56:16,August,Device temperature 
DPFZ,SubbaRao,12-08-2024,-,-,-,31,12-08-2024 15:56:17,August,Device temperature 
DPFZ,SubbaRao,12-08-2024,-,-,-,31,12-08-2024 15:56:18,August,Device temperature 
DPFZ,SubbaRao,12-08-2024,-,-,-,30,12-08-2024 15:56:19,August,Device temperature 
DPFZ,SubbaRao,12-08-2024,-,-,-,31,12-08-2024 15:56:21,August,Device temperature 
DPFZ,SubbaRao,12-08-2024,-,-,-,31,12-08-2024 15:56:22,August,Device temperature 
DPFZ,SubbaRao,12-08-2024,-,-,-,31,12-08-2024 15:56:23,August,Device temperature 
DPFZ,SubbaRao,12-08-2024,-,-,-,31,12-08-2024 15:56:24,August,Device temperature 
DPFZ,SubbaRao,12-08-2024,-,-,-,31,12-08-2024 15:56:25,August,Device temperature 
DPFZ,SubbaRao,12-08-2024,-,-,-,31,12-08-2024 15:56:26,August,Device temperature 
DPFZ,SubbaRao,12-08-2024,-,-,-,31,12-08-2024 15:56:27,August,Device temperature 
DPFZ,SubbaRao,12-08-2024,-,-,-,31,12-08-2024 15:56:28,August,Device temperature 
DPFZ,SubbaRao,12-08-2024,-,-,-,31,12-08-2024 15:56:29,August,Device temperature 
DPFZ,SubbaRao,12-08-2024,-,-,-,31,12-08-2024 15:56:30,August,Device temperature 
DPFZ,SubbaRao,12-08-2024,-,-,-,31,12-08-2024 15:56:31,August,Device temperature 
DPFZ,SubbaRao,12-08-2024,-,-,-,31,12-08-2024 15:56:32,August,Device temperature 
DPFZ,SubbaRao,12-08-2024,-,-,-,31,12-08-2024 15:56:33,August,Device temperature 
DPFZ,SubbaRao,12-08-2024,-,-,-,31,12-08-2024 15:56:34,August,Device temperature 
DPFZ,SubbaRao,12-08-2024,-,-,-,31,12-08-2024 15:56:35,August,Device temperature 
DPFZ,SubbaRao,12-08-2024,-,-,-,31,12-08-2024 15:56:36,August,Device temperature 
DPFZ,SubbaRao,12-08-2024,-,-,-,31,12-08-2024 15:56:38,August,Device temperature 
DPFZ,SubbaRao,12-08-2024,-,-,-,32,12-08-2024 15:56:39,August,Device temperature 
DPFZ,SubbaRao,12-08-2024,-,-,-,31,12-08-2024 15:56:40,August,Device temperature 
DPFZ,SubbaRao,12-08-2024,-,-,-,31,12-08-2024 15:56:41,August,Device temperature 
DPFZ,SubbaRao,12-08-2024,-,-,-,31,12-08-2024 15:56:42,August,Device temperature 
DPFZ,SubbaRao,12-08-2024,-,-,-,31,12-08-2024 15:56:43,August,Device temperature 
DPFZ,SubbaRao,12-08-2024,-,-,-,31,12-08-2024 15:56:44,August,Device temperature 
DPFZ,SubbaRao,12-08-2024,-,-,-,32,12-08-2024 15:56:45,August,Device temperature 
DPFZ,SubbaRao,12-08-2024,-,-,-,31,12-08-2024 15:56:46,August,Device temperature 
DPFZ,SubbaRao,12-08-2024,-,-,-,31,12-08-2024 15:56:47,August,Device temperature 
DPFZ,SubbaRao,12-08-2024,-,-,-,32,12-08-2024 15:56:48,August,Device temperature 
DPFZ,SubbaRao,12-08-2024,-,-,-,31,12-08-2024 15:56:49,August,Device temperature 
DPFZ,SubbaRao,12-08-2024,-,-,-,32,12-08-2024 15:56:50,August,Device temperature 
DPFZ,SubbaRao,12-08-2024,-,-,-,31,12-08-2024 15:56:51,August,Device temperature 
DPFZ,SubbaRao,12-08-2024,-,-,-,31,12-08-2024 15:56:52,August,Device temperature 
DPFZ,SubbaRao,12-08-2024,-,-,-,31,12-08-2024 15:56:53,August,Device temperature 
DPFZ,SubbaRao,12-08-2024,-,-,-,31,12-08-2024 15:56:54,August,Device temperature 
DPFZ,SubbaRao,12-08-2024,-,-,-,30,12-08-2024 15:56:56,August,Device temperature 
DPFZ,SubbaRao,12-08-2024,-,-,-,31,12-08-2024 15:56:57,August,Device temperature 
DPFZ,SubbaRao,12-08-2024,-,-,-,31,12-08-2024 15:56:58,August,Device temperature 
DPFZ,SubbaRao,12-08-2024,-,-,-,32,12-08-2024 15:56:59,August,Device temperature 
DPFZ,SubbaRao,12-08-2024,-,-,-,31,12-08-2024 15:57:00,August,Device temperature 
DPFZ,SubbaRao,12-08-2024,-,-,-,31,12-08-2024 15:57:01,August,Device temperature 
DPFZ,SubbaRao,12-08-2024,-,-,-,31,12-08-2024 15:57:02,August,Device temperature 
DPFZ,SubbaRao,12-08-2024,-,-,-,31,12-08-2024 15:57:03,August,Device temperature 
DPFZ,SubbaRao,12-08-2024,-,-,-,32,12-08-2024 15:57:04,August,Device temperature 
DPFZ,SubbaRao,12-08-2024,-,-,-,31,12-08-2024 15:57:05,August,Device temperature 
DPFZ,SubbaRao,12-08-2024,-,-,-,31,12-08-2024 15:57:06,August,Device temperature 
DPFZ,SubbaRao,12-08-2024,-,-,-,31,12-08-2024 15:57:07,August,Device temperature 
DPFZ,SubbaRao,12-08-2024,-,-,-,31,12-08-2024 15:57:08,August,Device temperature 
DPFZ,SubbaRao,12-08-2024,-,-,-,31,12-08-2024 15:57:09,August,Device temperature 
DPFZ,SubbaRao,12-08-2024,-,-,-,31,12-08-2024 15:57:10,August,Device temperature 
DPFZ,SubbaRao,12-08-2024,-,-,-,31,12-08-2024 15:57:11,August,Device temperature 
DPFZ,SubbaRao,12-08-2024,-,-,-,31,12-08-2024 15:57:12,August,Device temperature 
DPFZ,SubbaRao,12-08-2024,-,-,-,31,12-08-2024 15:57:14,August,Device temperature 
DPFZ,SubbaRao,12-08-2024,-,-,-,32,12-08-2024 15:57:15,August,Device temperature 
DPFZ,SubbaRao,12-08-2024,-,-,-,31,12-08-2024 15:57:16,August,Device temperature 
DPFZ,SubbaRao,12-08-2024,-,-,-,31,12-08-2024 15:57:17,August,Device temperature 
DPFZ,SubbaRao,12-08-2024,-,-,-,31,12-08-2024 15:57:18,August,Device temperature 
DPFZ,SubbaRao,12-08-2024,-,-,-,31,12-08-2024 15:57:19,August,Device temperature 
DPFZ,SubbaRao,12-08-2024,-,-,-,31,12-08-2024 15:57:20,August,Device temperature 
DPFZ,SubbaRao,12-08-2024,-,-,-,31,12-08-2024 15:57:21,August,Device temperature 
DPFZ,SubbaRao,12-08-2024,-,-,-,31,12-08-2024 15:57:22,August,Device temperature 
DPFZ,SubbaRao,12-08-2024,-,-,-,31,12-08-2024 15:57:23,August,Device temperature 
DPFZ,SubbaRao,12-08-2024,-,-,-,31,12-08-2024 15:57:24,August,Device temperature 
DPFZ,SubbaRao,12-08-2024,-,-,-,31,12-08-2024 15:57:25,August,Device temperature 
DPFZ,SubbaRao,12-08-2024,-,-,-,31,12-08-2024 15:57:26,August,Device temperature 
DPFZ,SubbaRao,12-08-2024,-,-,-,32,12-08-2024 15:57:27,August,Device temperature 
DPFZ,SubbaRao,12-08-2024,-,-,-,32,12-08-2024 15:57:28,August,Device temperature 
DPFZ,SubbaRao,12-08-2024,-,-,-,32,12-08-2024 15:57:29,August,Device temperature 
DPFZ,SubbaRao,12-08-2024,-,-,-,31,12-08-2024 15:57:30,August,Device temperature 
DPFZ,SubbaRao,12-08-2024,-,-,-,32,12-08-2024 15:57:32,August,Device temperature 
DPFZ,SubbaRao,12-08-2024,-,-,-,32,12-08-2024 15:57:33,August,Device temperature 
DPFZ,SubbaRao,12-08-2024,-,-,-,31,12-08-2024 15:57:34,August,Device temperature 
DPFZ,SubbaRao,12-08-2024,-,-,-,31,12-08-2024 15:57:35,August,Device temperature 
DPFZ,SubbaRao,12-08-2024,-,-,-,32,12-08-2024 15:57:36,August,Device temperature 
DPFZ,SubbaRao,12-08-2024,-,-,-,31,12-08-2024 15:57:37,August,Device temperature 
DPFZ,SubbaRao,12-08-2024,-,-,-,30,12-08-2024 15:57:38,August,Device temperature 
DPFZ,SubbaRao,12-08-2024,-,-,-,31,12-08-2024 15:57:39,August,Device temperature 
DPFZ,SubbaRao,12-08-2024,-,-,-,31,12-08-2024 15:57:40,August,Device temperature 
DPFZ,SubbaRao,12-08-2024,-,-,-,31,12-08-2024 15:57:41,August,Device temperature 
DPFZ,SubbaRao,12-08-2024,-,-,-,31,12-08-2024 15:57:42,August,Device temperature 
DPFZ,SubbaRao,12-08-2024,-,-,-,31,12-08-2024 15:57:43,August,Device temperature 
DPFZ,SubbaRao,12-08-2024,-,-,-,31,12-08-2024 15:57:44,August,Device temperature 
DPFZ,SubbaRao,12-08-2024,-,-,-,30,12-08-2024 15:57:45,August,Device temperature 
DPFZ,SubbaRao,12-08-2024,-,-,-,31,12-08-2024 15:57:46,August,Device temperature 
DPFZ,SubbaRao,12-08-2024,-,-,-,31,12-08-2024 15:57:48,August,Device temperature 
DPFZ,SubbaRao,12-08-2024,-,-,-,31,12-08-2024 15:57:49,August,Device temperature 
DPFZ,SubbaRao,12-08-2024,-,-,-,31,12-08-2024 15:57:50,August,Device temperature 
DPFZ,SubbaRao,12-08-2024,-,-,-,31,12-08-2024 15:57:51,August,Device temperature 
DPFZ,SubbaRao,12-08-2024,-,-,-,31,12-08-2024 15:57:52,August,Device temperature 
DPFZ,SubbaRao,12-08-2024,-,-,-,31,12-08-2024 15:57:53,August,Device temperature 
DPFZ,SubbaRao,12-08-2024,-,-,-,31,12-08-2024 15:57:54,August,Device temperature 
DPFZ,SubbaRao,12-08-2024,-,-,-,31,12-08-2024 15:57:55,August,Device temperature 
DPFZ,SubbaRao,12-08-2024,-,-,-,31,12-08-2024 15:57:56,August,Device temperature 
DPFZ,SubbaRao,12-08-2024,-,-,-,31,12-08-2024 15:57:57,August,Device temperature 
DPFZ,SubbaRao,12-08-2024,-,-,-,31,12-08-2024 15:57:58,August,Device temperature 
DPFZ,SubbaRao,12-08-2024,-,-,-,31,12-08-2024 15:57:59,August,Device temperature 
DPFZ,SubbaRao,12-08-2024,-,-,-,31,12-08-2024 15:58:00,August,Device temperature 
DPFZ,SubbaRao,12-08-2024,-,-,-,31,12-08-2024 15:58:01,August,Device temperature 
DPFZ,SubbaRao,12-08-2024,-,-,-,31,12-08-2024 15:58:02,August,Device temperature 
DPFZ,SubbaRao,12-08-2024,-,-,-,31,12-08-2024 15:58:03,August,Device temperature 
DPFZ,SubbaRao,12-08-2024,-,-,-,32,12-08-2024 15:58:04,August,Device temperature 
DPFZ,SubbaRao,12-08-2024,-,-,-,31,12-08-2024 15:58:06,August,Device temperature 
DPFZ,SubbaRao,12-08-2024,-,-,-,32,12-08-2024 15:58:07,August,Device temperature 
DPFZ,SubbaRao,12-08-2024,-,-,-,31,12-08-2024 15:58:08,August,Device temperature 
DPFZ,SubbaRao,12-08-2024,-,-,-,31,12-08-2024 15:58:09,August,Device temperature 
DPFZ,SubbaRao,12-08-2024,-,-,-,31,12-08-2024 15:58:10,August,Device temperature 
DPFZ,SubbaRao,12-08-2024,-,-,-,31,12-08-2024 15:58:11,August,Device temperature 
DPFZ,SubbaRao,12-08-2024,-,-,-,31,12-08-2024 15:58:12,August,Device temperature 
DPFZ,SubbaRao,12-08-2024,-,-,-,31,12-08-2024 15:58:13,August,Device temperature 
DPFZ,SubbaRao,12-08-2024,-,-,-,31,12-08-2024 15:58:14,August,Device temperature 
DPFZ,SubbaRao,12-08-2024,-,-,-,31,12-08-2024 15:58:15,August,Device temperature 
DPFZ,SubbaRao,12-08-2024,-,-,-,31,12-08-2024 15:58:16,August,Device temperature 
DPFZ,SubbaRao,12-08-2024,-,-,-,31,12-08-2024 15:58:17,August,Device temperature 
DPFZ,SubbaRao,12-08-2024,-,-,-,31,12-08-2024 15:58:18,August,Device temperature 
DPFZ,SubbaRao,12-08-2024,-,-,-,30,12-08-2024 15:58:19,August,Device temperature 
DPFZ,SubbaRao,12-08-2024,-,-,-,30,12-08-2024 15:58:20,August,Device temperature 
DPFZ,SubbaRao,12-08-2024,-,-,-,30,12-08-2024 15:58:21,August,Device temperature 
DPFZ,SubbaRao,12-08-2024,-,-,-,30,12-08-2024 15:58:22,August,Device temperature 
DPFZ,SubbaRao,12-08-2024,-,-,-,0,12-08-2024 15:58:24,August,Heater Switched Off 
DPFZ,SubbaRao,12-08-2024,-,-,-,0,12-08-2024 15:58:25,August,Heater Door Opened
DPFZ,SubbaRao,12-08-2024,,,R1,0,12-08-2024 15:58:25,August,Test Started
DPFZ,SubbaRao,12-08-2024,H1,Heating,R1,0,12-08-2024 15:58:32,August,Picked From
DPFZ,SubbaRao,12-08-2024,-,-,-,0,12-08-2024 15:58:33,August,Heater Door Closed
DPFZ,SubbaRao,12-08-2024,J1,XYLENE-1,R1,0,12-08-2024 15:58:40,August,Placed In
DPFZ,SubbaRao,12-08-2024,-,-,-,30,12-08-2024 15:58:44,August,Device temperature 
DPFZ,SubbaRao,12-08-2024,J1,XYLENE-1,R1,0,12-08-2024 16:03:47,August,Picked From
DPFZ,SubbaRao,12-08-2024,J2,XYLENE-2,R1,0,12-08-2024 16:03:53,August,Placed In
DPFZ,SubbaRao,12-08-2024,-,-,-,30,12-08-2024 16:03:58,August,Device temperature 
DPFZ,SubbaRao,12-08-2024,-,-,-,0,12-08-2024 16:03:59,August,Heater Switched Off 
DPFZ,SubbaRao,12-08-2024,-,-,-,0,12-08-2024 16:04:00,August,Heater Door Opened
DPFZ,SubbaRao,12-08-2024,,,R2,0,12-08-2024 16:04:01,August,Test Started
DPFZ,SubbaRao,12-08-2024,H2,Heating,R2,0,12-08-2024 16:04:08,August,Picked From
DPFZ,SubbaRao,12-08-2024,-,-,-,0,12-08-2024 16:04:08,August,Heater Door Closed
DPFZ,SubbaRao,12-08-2024,J1,XYLENE-1,R2,0,12-08-2024 16:04:15,August,Placed In
DPFZ,SubbaRao,12-08-2024,-,-,-,30,12-08-2024 16:04:19,August,Device temperature 
DPFZ,SubbaRao,12-08-2024,J2,XYLENE-2,R1,0,12-08-2024 16:09:02,August,Picked From
DPFZ,SubbaRao,12-08-2024,J3,XYLENE-3,R1,0,12-08-2024 16:09:08,August,Placed In
DPFZ,SubbaRao,12-08-2024,-,-,-,0,12-08-2024 16:09:17,August,Protorun Stopped
